info|2023-07-08 09:00:07.197673|[EVENT][SUB][doLoop]event sub tasks report,working event sub count=0,suspend event sub count=0
info|2023-07-08 09:00:07.244787|[SDK][WS][SERVICE]connected nodes,count=2
info|2023-07-08 09:00:27.198167|[EVENT][SUB][doLoop]event sub tasks report,working event sub count=0,suspend event sub count=0
info|2023-07-08 09:00:27.245507|[SDK][WS][SERVICE]connected nodes,count=2
info|2023-07-08 09:00:47.198476|[EVENT][SUB][doLoop]event sub tasks report,working event sub count=0,suspend event sub count=0
info|2023-07-08 09:00:47.245836|[SDK][WS][SERVICE]connected nodes,count=2
info|2023-07-08 09:01:07.198643|[EVENT][SUB][doLoop]event sub tasks report,working event sub count=0,suspend event sub count=0
info|2023-07-08 09:01:07.246080|[SDK][WS][SERVICE]connected nodes,count=2
info|2023-07-08 09:01:27.198750|[EVENT][SUB][doLoop]event sub tasks report,working event sub count=0,suspend event sub count=0
info|2023-07-08 09:01:27.246477|[SDK][WS][SERVICE]connected nodes,count=2
info|2023-07-08 09:01:47.199051|[EVENT][SUB][doLoop]event sub tasks report,working event sub count=0,suspend event sub count=0
info|2023-07-08 09:01:47.246637|[SDK][WS][SERVICE]connected nodes,count=2
info|2023-07-08 09:02:07.199688|[EVENT][SUB][doLoop]event sub tasks report,working event sub count=0,suspend event sub count=0
info|2023-07-08 09:02:07.246980|[SDK][WS][SERVICE]connected nodes,count=2
info|2023-07-08 09:02:27.200119|[EVENT][SUB][doLoop]event sub tasks report,working event sub count=0,suspend event sub count=0
info|2023-07-08 09:02:27.247164|[SDK][WS][SERVICE]connected nodes,count=2
info|2023-07-08 09:02:47.200397|[EVENT][SUB][doLoop]event sub tasks report,working event sub count=0,suspend event sub count=0
info|2023-07-08 09:02:47.247737|[SDK][WS][SERVICE]connected nodes,count=2
info|2023-07-08 09:03:07.200459|[EVENT][SUB][doLoop]event sub tasks report,working event sub count=0,suspend event sub count=0
info|2023-07-08 09:03:07.248126|[SDK][WS][SERVICE]connected nodes,count=2
info|2023-07-08 09:03:27.200652|[EVENT][SUB][doLoop]event sub tasks report,working event sub count=0,suspend event sub count=0
info|2023-07-08 09:03:27.248366|[SDK][WS][SERVICE]connected nodes,count=2
info|2023-07-08 09:03:47.200827|[EVENT][SUB][doLoop]event sub tasks report,working event sub count=0,suspend event sub count=0
info|2023-07-08 09:03:47.248515|[SDK][WS][SERVICE]connected nodes,count=2
info|2023-07-08 09:04:07.200931|[EVENT][SUB][doLoop]event sub tasks report,working event sub count=0,suspend event sub count=0
info|2023-07-08 09:04:07.248693|[SDK][WS][SERVICE]connected nodes,count=2
info|2023-07-08 09:04:27.201326|[EVENT][SUB][doLoop]event sub tasks report,working event sub count=0,suspend event sub count=0
info|2023-07-08 09:04:27.248954|[SDK][WS][SERVICE]connected nodes,count=2
info|2023-07-08 09:04:47.201500|[EVENT][SUB][doLoop]event sub tasks report,working event sub count=0,suspend event sub count=0
info|2023-07-08 09:04:47.249487|[SDK][WS][SERVICE]connected nodes,count=2
info|2023-07-08 09:05:07.202019|[EVENT][SUB][doLoop]event sub tasks report,working event sub count=0,suspend event sub count=0
info|2023-07-08 09:05:07.249699|[SDK][WS][SERVICE]connected nodes,count=2
info|2023-07-08 09:05:27.202144|[EVENT][SUB][doLoop]event sub tasks report,working event sub count=0,suspend event sub count=0
info|2023-07-08 09:05:27.250307|[SDK][WS][SERVICE]connected nodes,count=2
info|2023-07-08 09:05:47.202225|[EVENT][SUB][doLoop]event sub tasks report,working event sub count=0,suspend event sub count=0
info|2023-07-08 09:05:47.250759|[SDK][WS][SERVICE]connected nodes,count=2
info|2023-07-08 09:06:07.202747|[EVENT][SUB][doLoop]event sub tasks report,working event sub count=0,suspend event sub count=0
info|2023-07-08 09:06:07.251338|[SDK][WS][SERVICE]connected nodes,count=2
info|2023-07-08 09:06:27.203152|[EVENT][SUB][doLoop]event sub tasks report,working event sub count=0,suspend event sub count=0
info|2023-07-08 09:06:27.251608|[SDK][WS][SERVICE]connected nodes,count=2
info|2023-07-08 09:06:47.203629|[EVENT][SUB][doLoop]event sub tasks report,working event sub count=0,suspend event sub count=0
info|2023-07-08 09:06:47.252263|[SDK][WS][SERVICE]connected nodes,count=2
info|2023-07-08 09:07:07.204225|[EVENT][SUB][doLoop]event sub tasks report,working event sub count=0,suspend event sub count=0
info|2023-07-08 09:07:07.252782|[SDK][WS][SERVICE]connected nodes,count=2
info|2023-07-08 09:07:27.204435|[EVENT][SUB][doLoop]event sub tasks report,working event sub count=0,suspend event sub count=0
info|2023-07-08 09:07:27.252909|[SDK][WS][SERVICE]connected nodes,count=2
info|2023-07-08 09:07:47.205022|[EVENT][SUB][doLoop]event sub tasks report,working event sub count=0,suspend event sub count=0
info|2023-07-08 09:07:47.253327|[SDK][WS][SERVICE]connected nodes,count=2
info|2023-07-08 09:08:07.205176|[EVENT][SUB][doLoop]event sub tasks report,working event sub count=0,suspend event sub count=0
info|2023-07-08 09:08:07.253464|[SDK][WS][SERVICE]connected nodes,count=2
info|2023-07-08 09:08:27.205493|[EVENT][SUB][doLoop]event sub tasks report,working event sub count=0,suspend event sub count=0
info|2023-07-08 09:08:27.253996|[SDK][WS][SERVICE]connected nodes,count=2
info|2023-07-08 09:08:47.205854|[EVENT][SUB][doLoop]event sub tasks report,working event sub count=0,suspend event sub count=0
info|2023-07-08 09:08:47.254171|[SDK][WS][SERVICE]connected nodes,count=2
info|2023-07-08 09:09:07.205845|[EVENT][SUB][doLoop]event sub tasks report,working event sub count=0,suspend event sub count=0
info|2023-07-08 09:09:07.254331|[SDK][WS][SERVICE]connected nodes,count=2
info|2023-07-08 09:09:27.206108|[EVENT][SUB][doLoop]event sub tasks report,working event sub count=0,suspend event sub count=0
info|2023-07-08 09:09:27.255105|[SDK][WS][SERVICE]connected nodes,count=2
info|2023-07-08 09:09:47.206240|[EVENT][SUB][doLoop]event sub tasks report,working event sub count=0,suspend event sub count=0
info|2023-07-08 09:09:47.256098|[SDK][WS][SERVICE]connected nodes,count=2
info|2023-07-08 09:10:07.206744|[EVENT][SUB][doLoop]event sub tasks report,working event sub count=0,suspend event sub count=0
info|2023-07-08 09:10:07.256520|[SDK][WS][SERVICE]connected nodes,count=2
info|2023-07-08 09:10:27.207224|[EVENT][SUB][doLoop]event sub tasks report,working event sub count=0,suspend event sub count=0
info|2023-07-08 09:10:27.256957|[SDK][WS][SERVICE]connected nodes,count=2
info|2023-07-08 09:10:47.207444|[EVENT][SUB][doLoop]event sub tasks report,working event sub count=0,suspend event sub count=0
info|2023-07-08 09:10:47.257163|[SDK][WS][SERVICE]connected nodes,count=2
info|2023-07-08 09:11:07.207763|[EVENT][SUB][doLoop]event sub tasks report,working event sub count=0,suspend event sub count=0
info|2023-07-08 09:11:07.257286|[SDK][WS][SERVICE]connected nodes,count=2
info|2023-07-08 09:11:27.207847|[EVENT][SUB][doLoop]event sub tasks report,working event sub count=0,suspend event sub count=0
info|2023-07-08 09:11:27.257885|[SDK][WS][SERVICE]connected nodes,count=2
info|2023-07-08 09:11:47.208044|[EVENT][SUB][doLoop]event sub tasks report,working event sub count=0,suspend event sub count=0
info|2023-07-08 09:11:47.258492|[SDK][WS][SERVICE]connected nodes,count=2
info|2023-07-08 09:12:07.208200|[EVENT][SUB][doLoop]event sub tasks report,working event sub count=0,suspend event sub count=0
info|2023-07-08 09:12:07.258754|[SDK][WS][SERVICE]connected nodes,count=2
info|2023-07-08 09:12:27.208426|[EVENT][SUB][doLoop]event sub tasks report,working event sub count=0,suspend event sub count=0
info|2023-07-08 09:12:27.259145|[SDK][WS][SERVICE]connected nodes,count=2
info|2023-07-08 09:12:47.208650|[EVENT][SUB][doLoop]event sub tasks report,working event sub count=0,suspend event sub count=0
info|2023-07-08 09:12:47.259614|[SDK][WS][SERVICE]connected nodes,count=2
info|2023-07-08 09:13:07.209116|[EVENT][SUB][doLoop]event sub tasks report,working event sub count=0,suspend event sub count=0
info|2023-07-08 09:13:07.259871|[SDK][WS][SERVICE]connected nodes,count=2
info|2023-07-08 09:13:27.209227|[EVENT][SUB][doLoop]event sub tasks report,working event sub count=0,suspend event sub count=0
info|2023-07-08 09:13:27.260115|[SDK][WS][SERVICE]connected nodes,count=2
info|2023-07-08 09:13:47.210015|[EVENT][SUB][doLoop]event sub tasks report,working event sub count=0,suspend event sub count=0
info|2023-07-08 09:13:47.260467|[SDK][WS][SERVICE]connected nodes,count=2
info|2023-07-08 09:14:07.210161|[EVENT][SUB][doLoop]event sub tasks report,working event sub count=0,suspend event sub count=0
info|2023-07-08 09:14:07.260979|[SDK][WS][SERVICE]connected nodes,count=2
info|2023-07-08 09:14:27.210249|[EVENT][SUB][doLoop]event sub tasks report,working event sub count=0,suspend event sub count=0
info|2023-07-08 09:14:27.261380|[SDK][WS][SERVICE]connected nodes,count=2
info|2023-07-08 09:14:47.210875|[EVENT][SUB][doLoop]event sub tasks report,working event sub count=0,suspend event sub count=0
info|2023-07-08 09:14:47.261663|[SDK][WS][SERVICE]connected nodes,count=2
info|2023-07-08 09:15:07.211165|[EVENT][SUB][doLoop]event sub tasks report,working event sub count=0,suspend event sub count=0
info|2023-07-08 09:15:07.261866|[SDK][WS][SERVICE]connected nodes,count=2
info|2023-07-08 09:15:27.211798|[EVENT][SUB][doLoop]event sub tasks report,working event sub count=0,suspend event sub count=0
info|2023-07-08 09:15:27.262587|[SDK][WS][SERVICE]connected nodes,count=2
info|2023-07-08 09:15:47.212337|[EVENT][SUB][doLoop]event sub tasks report,working event sub count=0,suspend event sub count=0
info|2023-07-08 09:15:47.262703|[SDK][WS][SERVICE]connected nodes,count=2
info|2023-07-08 09:16:07.212824|[EVENT][SUB][doLoop]event sub tasks report,working event sub count=0,suspend event sub count=0
info|2023-07-08 09:16:07.262850|[SDK][WS][SERVICE]connected nodes,count=2
info|2023-07-08 09:16:27.213294|[EVENT][SUB][doLoop]event sub tasks report,working event sub count=0,suspend event sub count=0
info|2023-07-08 09:16:27.263259|[SDK][WS][SERVICE]connected nodes,count=2
info|2023-07-08 09:16:47.213970|[EVENT][SUB][doLoop]event sub tasks report,working event sub count=0,suspend event sub count=0
info|2023-07-08 09:16:47.263526|[SDK][WS][SERVICE]connected nodes,count=2
info|2023-07-08 09:17:07.214583|[EVENT][SUB][doLoop]event sub tasks report,working event sub count=0,suspend event sub count=0
info|2023-07-08 09:17:07.263630|[SDK][WS][SERVICE]connected nodes,count=2
info|2023-07-08 09:17:27.214877|[EVENT][SUB][doLoop]event sub tasks report,working event sub count=0,suspend event sub count=0
info|2023-07-08 09:17:27.263942|[SDK][WS][SERVICE]connected nodes,count=2
info|2023-07-08 09:17:47.215419|[EVENT][SUB][doLoop]event sub tasks report,working event sub count=0,suspend event sub count=0
info|2023-07-08 09:17:47.264458|[SDK][WS][SERVICE]connected nodes,count=2
info|2023-07-08 09:18:07.215507|[EVENT][SUB][doLoop]event sub tasks report,working event sub count=0,suspend event sub count=0
info|2023-07-08 09:18:07.265027|[SDK][WS][SERVICE]connected nodes,count=2
info|2023-07-08 09:18:27.215986|[EVENT][SUB][doLoop]event sub tasks report,working event sub count=0,suspend event sub count=0
info|2023-07-08 09:18:27.265784|[SDK][WS][SERVICE]connected nodes,count=2
info|2023-07-08 09:18:47.216029|[EVENT][SUB][doLoop]event sub tasks report,working event sub count=0,suspend event sub count=0
info|2023-07-08 09:18:47.266287|[SDK][WS][SERVICE]connected nodes,count=2
info|2023-07-08 09:19:07.216161|[EVENT][SUB][doLoop]event sub tasks report,working event sub count=0,suspend event sub count=0
info|2023-07-08 09:19:07.266499|[SDK][WS][SERVICE]connected nodes,count=2
info|2023-07-08 09:19:27.216416|[EVENT][SUB][doLoop]event sub tasks report,working event sub count=0,suspend event sub count=0
info|2023-07-08 09:19:27.267172|[SDK][WS][SERVICE]connected nodes,count=2
info|2023-07-08 09:19:47.216856|[EVENT][SUB][doLoop]event sub tasks report,working event sub count=0,suspend event sub count=0
info|2023-07-08 09:19:47.267484|[SDK][WS][SERVICE]connected nodes,count=2
info|2023-07-08 09:20:07.217109|[EVENT][SUB][doLoop]event sub tasks report,working event sub count=0,suspend event sub count=0
info|2023-07-08 09:20:07.267802|[SDK][WS][SERVICE]connected nodes,count=2
info|2023-07-08 09:20:27.217419|[EVENT][SUB][doLoop]event sub tasks report,working event sub count=0,suspend event sub count=0
info|2023-07-08 09:20:27.267981|[SDK][WS][SERVICE]connected nodes,count=2
info|2023-07-08 09:20:47.218004|[EVENT][SUB][doLoop]event sub tasks report,working event sub count=0,suspend event sub count=0
info|2023-07-08 09:20:47.268364|[SDK][WS][SERVICE]connected nodes,count=2
info|2023-07-08 09:21:07.218403|[EVENT][SUB][doLoop]event sub tasks report,working event sub count=0,suspend event sub count=0
info|2023-07-08 09:21:07.269118|[SDK][WS][SERVICE]connected nodes,count=2
info|2023-07-08 09:21:27.218887|[EVENT][SUB][doLoop]event sub tasks report,working event sub count=0,suspend event sub count=0
info|2023-07-08 09:21:27.269288|[SDK][WS][SERVICE]connected nodes,count=2
info|2023-07-08 09:21:47.219465|[EVENT][SUB][doLoop]event sub tasks report,working event sub count=0,suspend event sub count=0
info|2023-07-08 09:21:47.269519|[SDK][WS][SERVICE]connected nodes,count=2
info|2023-07-08 09:22:07.219819|[EVENT][SUB][doLoop]event sub tasks report,working event sub count=0,suspend event sub count=0
info|2023-07-08 09:22:07.269730|[SDK][WS][SERVICE]connected nodes,count=2
info|2023-07-08 09:22:27.220065|[EVENT][SUB][doLoop]event sub tasks report,working event sub count=0,suspend event sub count=0
info|2023-07-08 09:22:27.269994|[SDK][WS][SERVICE]connected nodes,count=2
info|2023-07-08 09:22:47.220213|[EVENT][SUB][doLoop]event sub tasks report,working event sub count=0,suspend event sub count=0
info|2023-07-08 09:22:47.270229|[SDK][WS][SERVICE]connected nodes,count=2
info|2023-07-08 09:23:07.220607|[EVENT][SUB][doLoop]event sub tasks report,working event sub count=0,suspend event sub count=0
info|2023-07-08 09:23:07.270656|[SDK][WS][SERVICE]connected nodes,count=2
info|2023-07-08 09:23:27.221019|[EVENT][SUB][doLoop]event sub tasks report,working event sub count=0,suspend event sub count=0
info|2023-07-08 09:23:27.271057|[SDK][WS][SERVICE]connected nodes,count=2
info|2023-07-08 09:23:47.221196|[EVENT][SUB][doLoop]event sub tasks report,working event sub count=0,suspend event sub count=0
info|2023-07-08 09:23:47.271322|[SDK][WS][SERVICE]connected nodes,count=2
info|2023-07-08 09:24:07.221578|[EVENT][SUB][doLoop]event sub tasks report,working event sub count=0,suspend event sub count=0
info|2023-07-08 09:24:07.271796|[SDK][WS][SERVICE]connected nodes,count=2
info|2023-07-08 09:24:27.222680|[EVENT][SUB][doLoop]event sub tasks report,working event sub count=0,suspend event sub count=0
info|2023-07-08 09:24:27.279809|[SDK][WS][SERVICE]connected nodes,count=2
info|2023-07-08 09:24:47.222758|[EVENT][SUB][doLoop]event sub tasks report,working event sub count=0,suspend event sub count=0
info|2023-07-08 09:24:47.280268|[SDK][WS][SERVICE]connected nodes,count=2
info|2023-07-08 09:25:07.223221|[EVENT][SUB][doLoop]event sub tasks report,working event sub count=0,suspend event sub count=0
info|2023-07-08 09:25:07.280392|[SDK][WS][SERVICE]connected nodes,count=2
info|2023-07-08 09:25:27.223845|[EVENT][SUB][doLoop]event sub tasks report,working event sub count=0,suspend event sub count=0
info|2023-07-08 09:25:27.280578|[SDK][WS][SERVICE]connected nodes,count=2
info|2023-07-08 09:25:47.224045|[EVENT][SUB][doLoop]event sub tasks report,working event sub count=0,suspend event sub count=0
info|2023-07-08 09:25:47.281222|[SDK][WS][SERVICE]connected nodes,count=2
info|2023-07-08 09:26:07.224655|[EVENT][SUB][doLoop]event sub tasks report,working event sub count=0,suspend event sub count=0
info|2023-07-08 09:26:07.281560|[SDK][WS][SERVICE]connected nodes,count=2
info|2023-07-08 09:26:27.225341|[EVENT][SUB][doLoop]event sub tasks report,working event sub count=0,suspend event sub count=0
info|2023-07-08 09:26:27.281692|[SDK][WS][SERVICE]connected nodes,count=2
info|2023-07-08 09:26:47.225452|[EVENT][SUB][doLoop]event sub tasks report,working event sub count=0,suspend event sub count=0
info|2023-07-08 09:26:47.282181|[SDK][WS][SERVICE]connected nodes,count=2
info|2023-07-08 09:27:07.225529|[EVENT][SUB][doLoop]event sub tasks report,working event sub count=0,suspend event sub count=0
info|2023-07-08 09:27:07.282903|[SDK][WS][SERVICE]connected nodes,count=2
info|2023-07-08 09:27:13.864816|[RPC][BLOCK][NUMBER][fromJson],group=group0,node=98a7f70ec883a722219d92253cf073a72605f4087aa3443c8e4aadc0af2dc3ac647d0fa1b5ac99cd6987abafe6d690ae71cd5fd2aeeabe7589bfb4748aabdfba,blockNumber=1903
info|2023-07-08 09:27:13.864855|[RPCWS][SERVICE][onRecvBlockNotifier]receive block number notifier,group=group0,node=98a7f70ec883a722219d92253cf073a72605f4087aa3443c8e4aadc0af2dc3ac647d0fa1b5ac99cd6987abafe6d690ae71cd5fd2aeeabe7589bfb4748aabdfba,blockNumber=1903
info|2023-07-08 09:27:13.864862|[RPCWS][SERVICE][updateGroupBlockNumber],groupID=group0,_blockNumber=1903
info|2023-07-08 09:27:13.864868|[RPCWS][SERVICE][onRecvBlockNotifier]block notifier callback,group=group0,node=98a7f70ec883a722219d92253cf073a72605f4087aa3443c8e4aadc0af2dc3ac647d0fa1b5ac99cd6987abafe6d690ae71cd5fd2aeeabe7589bfb4748aabdfba,blockNumber=1903
info|2023-07-08 09:27:13.864872|[WS]receive block notify,endpoint=127.0.0.1:20200,blk={
	"blockNumber" : 1903,
	"group" : "group0",
	"nodeName" : "98a7f70ec883a722219d92253cf073a72605f4087aa3443c8e4aadc0af2dc3ac647d0fa1b5ac99cd6987abafe6d690ae71cd5fd2aeeabe7589bfb4748aabdfba"
}
info|2023-07-08 09:27:13.879447|[RPC][BLOCK][NUMBER][fromJson],group=group0,node=2f993327933ad58672518b6d4f63920cbc68b80f78f4d81192552ee6362f5cc81ee13bdc678ad65f06e76444cadb53b33694cfb3fc7679b8000411975fedd28a,blockNumber=1903
info|2023-07-08 09:27:13.879481|[RPCWS][SERVICE][onRecvBlockNotifier]receive block number notifier,group=group0,node=2f993327933ad58672518b6d4f63920cbc68b80f78f4d81192552ee6362f5cc81ee13bdc678ad65f06e76444cadb53b33694cfb3fc7679b8000411975fedd28a,blockNumber=1903
info|2023-07-08 09:27:13.879489|[WS]receive block notify,endpoint=127.0.0.1:20201,blk={
	"blockNumber" : 1903,
	"group" : "group0",
	"nodeName" : "2f993327933ad58672518b6d4f63920cbc68b80f78f4d81192552ee6362f5cc81ee13bdc678ad65f06e76444cadb53b33694cfb3fc7679b8000411975fedd28a"
}
info|2023-07-08 09:27:14.432444|[RPC][BLOCK][NUMBER][fromJson],group=group0,node=98a7f70ec883a722219d92253cf073a72605f4087aa3443c8e4aadc0af2dc3ac647d0fa1b5ac99cd6987abafe6d690ae71cd5fd2aeeabe7589bfb4748aabdfba,blockNumber=1904
info|2023-07-08 09:27:14.432507|[RPCWS][SERVICE][onRecvBlockNotifier]receive block number notifier,group=group0,node=98a7f70ec883a722219d92253cf073a72605f4087aa3443c8e4aadc0af2dc3ac647d0fa1b5ac99cd6987abafe6d690ae71cd5fd2aeeabe7589bfb4748aabdfba,blockNumber=1904
info|2023-07-08 09:27:14.432519|[RPCWS][SERVICE][updateGroupBlockNumber],groupID=group0,_blockNumber=1904
info|2023-07-08 09:27:14.432526|[RPCWS][SERVICE][onRecvBlockNotifier]block notifier callback,group=group0,node=98a7f70ec883a722219d92253cf073a72605f4087aa3443c8e4aadc0af2dc3ac647d0fa1b5ac99cd6987abafe6d690ae71cd5fd2aeeabe7589bfb4748aabdfba,blockNumber=1904
info|2023-07-08 09:27:14.432532|[WS]receive block notify,endpoint=127.0.0.1:20200,blk={
	"blockNumber" : 1904,
	"group" : "group0",
	"nodeName" : "98a7f70ec883a722219d92253cf073a72605f4087aa3443c8e4aadc0af2dc3ac647d0fa1b5ac99cd6987abafe6d690ae71cd5fd2aeeabe7589bfb4748aabdfba"
}
info|2023-07-08 09:27:14.483786|[RPC][BLOCK][NUMBER][fromJson],group=group0,node=2f993327933ad58672518b6d4f63920cbc68b80f78f4d81192552ee6362f5cc81ee13bdc678ad65f06e76444cadb53b33694cfb3fc7679b8000411975fedd28a,blockNumber=1904
info|2023-07-08 09:27:14.483828|[RPCWS][SERVICE][onRecvBlockNotifier]receive block number notifier,group=group0,node=2f993327933ad58672518b6d4f63920cbc68b80f78f4d81192552ee6362f5cc81ee13bdc678ad65f06e76444cadb53b33694cfb3fc7679b8000411975fedd28a,blockNumber=1904
info|2023-07-08 09:27:14.483909|[WS]receive block notify,endpoint=127.0.0.1:20201,blk={
	"blockNumber" : 1904,
	"group" : "group0",
	"nodeName" : "2f993327933ad58672518b6d4f63920cbc68b80f78f4d81192552ee6362f5cc81ee13bdc678ad65f06e76444cadb53b33694cfb3fc7679b8000411975fedd28a"
}
info|2023-07-08 09:27:14.975146|[RPC][BLOCK][NUMBER][fromJson],group=group0,node=98a7f70ec883a722219d92253cf073a72605f4087aa3443c8e4aadc0af2dc3ac647d0fa1b5ac99cd6987abafe6d690ae71cd5fd2aeeabe7589bfb4748aabdfba,blockNumber=1905
info|2023-07-08 09:27:14.975176|[RPCWS][SERVICE][onRecvBlockNotifier]receive block number notifier,group=group0,node=98a7f70ec883a722219d92253cf073a72605f4087aa3443c8e4aadc0af2dc3ac647d0fa1b5ac99cd6987abafe6d690ae71cd5fd2aeeabe7589bfb4748aabdfba,blockNumber=1905
info|2023-07-08 09:27:14.975184|[RPCWS][SERVICE][updateGroupBlockNumber],groupID=group0,_blockNumber=1905
info|2023-07-08 09:27:14.975223|[RPCWS][SERVICE][onRecvBlockNotifier]block notifier callback,group=group0,node=98a7f70ec883a722219d92253cf073a72605f4087aa3443c8e4aadc0af2dc3ac647d0fa1b5ac99cd6987abafe6d690ae71cd5fd2aeeabe7589bfb4748aabdfba,blockNumber=1905
info|2023-07-08 09:27:14.975231|[WS]receive block notify,endpoint=127.0.0.1:20200,blk={
	"blockNumber" : 1905,
	"group" : "group0",
	"nodeName" : "98a7f70ec883a722219d92253cf073a72605f4087aa3443c8e4aadc0af2dc3ac647d0fa1b5ac99cd6987abafe6d690ae71cd5fd2aeeabe7589bfb4748aabdfba"
}
info|2023-07-08 09:27:15.074686|[RPC][BLOCK][NUMBER][fromJson],group=group0,node=2f993327933ad58672518b6d4f63920cbc68b80f78f4d81192552ee6362f5cc81ee13bdc678ad65f06e76444cadb53b33694cfb3fc7679b8000411975fedd28a,blockNumber=1905
info|2023-07-08 09:27:15.074807|[RPCWS][SERVICE][onRecvBlockNotifier]receive block number notifier,group=group0,node=2f993327933ad58672518b6d4f63920cbc68b80f78f4d81192552ee6362f5cc81ee13bdc678ad65f06e76444cadb53b33694cfb3fc7679b8000411975fedd28a,blockNumber=1905
info|2023-07-08 09:27:15.074832|[WS]receive block notify,endpoint=127.0.0.1:20201,blk={
	"blockNumber" : 1905,
	"group" : "group0",
	"nodeName" : "2f993327933ad58672518b6d4f63920cbc68b80f78f4d81192552ee6362f5cc81ee13bdc678ad65f06e76444cadb53b33694cfb3fc7679b8000411975fedd28a"
}
info|2023-07-08 09:27:15.649307|[RPC][BLOCK][NUMBER][fromJson],group=group0,node=98a7f70ec883a722219d92253cf073a72605f4087aa3443c8e4aadc0af2dc3ac647d0fa1b5ac99cd6987abafe6d690ae71cd5fd2aeeabe7589bfb4748aabdfba,blockNumber=1906
info|2023-07-08 09:27:15.649338|[RPCWS][SERVICE][onRecvBlockNotifier]receive block number notifier,group=group0,node=98a7f70ec883a722219d92253cf073a72605f4087aa3443c8e4aadc0af2dc3ac647d0fa1b5ac99cd6987abafe6d690ae71cd5fd2aeeabe7589bfb4748aabdfba,blockNumber=1906
info|2023-07-08 09:27:15.649346|[RPCWS][SERVICE][updateGroupBlockNumber],groupID=group0,_blockNumber=1906
info|2023-07-08 09:27:15.649354|[RPCWS][SERVICE][onRecvBlockNotifier]block notifier callback,group=group0,node=98a7f70ec883a722219d92253cf073a72605f4087aa3443c8e4aadc0af2dc3ac647d0fa1b5ac99cd6987abafe6d690ae71cd5fd2aeeabe7589bfb4748aabdfba,blockNumber=1906
info|2023-07-08 09:27:15.649360|[WS]receive block notify,endpoint=127.0.0.1:20200,blk={
	"blockNumber" : 1906,
	"group" : "group0",
	"nodeName" : "98a7f70ec883a722219d92253cf073a72605f4087aa3443c8e4aadc0af2dc3ac647d0fa1b5ac99cd6987abafe6d690ae71cd5fd2aeeabe7589bfb4748aabdfba"
}
info|2023-07-08 09:27:15.717486|[RPC][BLOCK][NUMBER][fromJson],group=group0,node=2f993327933ad58672518b6d4f63920cbc68b80f78f4d81192552ee6362f5cc81ee13bdc678ad65f06e76444cadb53b33694cfb3fc7679b8000411975fedd28a,blockNumber=1906
info|2023-07-08 09:27:15.717537|[RPCWS][SERVICE][onRecvBlockNotifier]receive block number notifier,group=group0,node=2f993327933ad58672518b6d4f63920cbc68b80f78f4d81192552ee6362f5cc81ee13bdc678ad65f06e76444cadb53b33694cfb3fc7679b8000411975fedd28a,blockNumber=1906
info|2023-07-08 09:27:15.717559|[WS]receive block notify,endpoint=127.0.0.1:20201,blk={
	"blockNumber" : 1906,
	"group" : "group0",
	"nodeName" : "2f993327933ad58672518b6d4f63920cbc68b80f78f4d81192552ee6362f5cc81ee13bdc678ad65f06e76444cadb53b33694cfb3fc7679b8000411975fedd28a"
}
info|2023-07-08 09:27:16.227761|[RPC][BLOCK][NUMBER][fromJson],group=group0,node=98a7f70ec883a722219d92253cf073a72605f4087aa3443c8e4aadc0af2dc3ac647d0fa1b5ac99cd6987abafe6d690ae71cd5fd2aeeabe7589bfb4748aabdfba,blockNumber=1907
info|2023-07-08 09:27:16.227810|[RPCWS][SERVICE][onRecvBlockNotifier]receive block number notifier,group=group0,node=98a7f70ec883a722219d92253cf073a72605f4087aa3443c8e4aadc0af2dc3ac647d0fa1b5ac99cd6987abafe6d690ae71cd5fd2aeeabe7589bfb4748aabdfba,blockNumber=1907
info|2023-07-08 09:27:16.227825|[RPCWS][SERVICE][updateGroupBlockNumber],groupID=group0,_blockNumber=1907
info|2023-07-08 09:27:16.227837|[RPCWS][SERVICE][onRecvBlockNotifier]block notifier callback,group=group0,node=98a7f70ec883a722219d92253cf073a72605f4087aa3443c8e4aadc0af2dc3ac647d0fa1b5ac99cd6987abafe6d690ae71cd5fd2aeeabe7589bfb4748aabdfba,blockNumber=1907
info|2023-07-08 09:27:16.227847|[WS]receive block notify,endpoint=127.0.0.1:20200,blk={
	"blockNumber" : 1907,
	"group" : "group0",
	"nodeName" : "98a7f70ec883a722219d92253cf073a72605f4087aa3443c8e4aadc0af2dc3ac647d0fa1b5ac99cd6987abafe6d690ae71cd5fd2aeeabe7589bfb4748aabdfba"
}
info|2023-07-08 09:27:16.255348|[RPC][BLOCK][NUMBER][fromJson],group=group0,node=2f993327933ad58672518b6d4f63920cbc68b80f78f4d81192552ee6362f5cc81ee13bdc678ad65f06e76444cadb53b33694cfb3fc7679b8000411975fedd28a,blockNumber=1907
info|2023-07-08 09:27:16.255377|[RPCWS][SERVICE][onRecvBlockNotifier]receive block number notifier,group=group0,node=2f993327933ad58672518b6d4f63920cbc68b80f78f4d81192552ee6362f5cc81ee13bdc678ad65f06e76444cadb53b33694cfb3fc7679b8000411975fedd28a,blockNumber=1907
info|2023-07-08 09:27:16.255386|[WS]receive block notify,endpoint=127.0.0.1:20201,blk={
	"blockNumber" : 1907,
	"group" : "group0",
	"nodeName" : "2f993327933ad58672518b6d4f63920cbc68b80f78f4d81192552ee6362f5cc81ee13bdc678ad65f06e76444cadb53b33694cfb3fc7679b8000411975fedd28a"
}
info|2023-07-08 09:27:16.777604|[RPC][BLOCK][NUMBER][fromJson],group=group0,node=2f993327933ad58672518b6d4f63920cbc68b80f78f4d81192552ee6362f5cc81ee13bdc678ad65f06e76444cadb53b33694cfb3fc7679b8000411975fedd28a,blockNumber=1908
info|2023-07-08 09:27:16.777643|[RPCWS][SERVICE][onRecvBlockNotifier]receive block number notifier,group=group0,node=2f993327933ad58672518b6d4f63920cbc68b80f78f4d81192552ee6362f5cc81ee13bdc678ad65f06e76444cadb53b33694cfb3fc7679b8000411975fedd28a,blockNumber=1908
info|2023-07-08 09:27:16.777899|[RPCWS][SERVICE][updateGroupBlockNumber],groupID=group0,_blockNumber=1908
info|2023-07-08 09:27:16.777913|[RPCWS][SERVICE][onRecvBlockNotifier]block notifier callback,group=group0,node=2f993327933ad58672518b6d4f63920cbc68b80f78f4d81192552ee6362f5cc81ee13bdc678ad65f06e76444cadb53b33694cfb3fc7679b8000411975fedd28a,blockNumber=1908
info|2023-07-08 09:27:16.777921|[WS]receive block notify,endpoint=127.0.0.1:20201,blk={
	"blockNumber" : 1908,
	"group" : "group0",
	"nodeName" : "2f993327933ad58672518b6d4f63920cbc68b80f78f4d81192552ee6362f5cc81ee13bdc678ad65f06e76444cadb53b33694cfb3fc7679b8000411975fedd28a"
}
info|2023-07-08 09:27:16.786650|[RPC][BLOCK][NUMBER][fromJson],group=group0,node=98a7f70ec883a722219d92253cf073a72605f4087aa3443c8e4aadc0af2dc3ac647d0fa1b5ac99cd6987abafe6d690ae71cd5fd2aeeabe7589bfb4748aabdfba,blockNumber=1908
info|2023-07-08 09:27:16.786676|[RPCWS][SERVICE][onRecvBlockNotifier]receive block number notifier,group=group0,node=98a7f70ec883a722219d92253cf073a72605f4087aa3443c8e4aadc0af2dc3ac647d0fa1b5ac99cd6987abafe6d690ae71cd5fd2aeeabe7589bfb4748aabdfba,blockNumber=1908
info|2023-07-08 09:27:16.786686|[WS]receive block notify,endpoint=127.0.0.1:20200,blk={
	"blockNumber" : 1908,
	"group" : "group0",
	"nodeName" : "98a7f70ec883a722219d92253cf073a72605f4087aa3443c8e4aadc0af2dc3ac647d0fa1b5ac99cd6987abafe6d690ae71cd5fd2aeeabe7589bfb4748aabdfba"
}
info|2023-07-08 09:27:17.241541|[RPC][BLOCK][NUMBER][fromJson],group=group0,node=98a7f70ec883a722219d92253cf073a72605f4087aa3443c8e4aadc0af2dc3ac647d0fa1b5ac99cd6987abafe6d690ae71cd5fd2aeeabe7589bfb4748aabdfba,blockNumber=1909
info|2023-07-08 09:27:17.241568|[RPCWS][SERVICE][onRecvBlockNotifier]receive block number notifier,group=group0,node=98a7f70ec883a722219d92253cf073a72605f4087aa3443c8e4aadc0af2dc3ac647d0fa1b5ac99cd6987abafe6d690ae71cd5fd2aeeabe7589bfb4748aabdfba,blockNumber=1909
info|2023-07-08 09:27:17.241577|[RPCWS][SERVICE][updateGroupBlockNumber],groupID=group0,_blockNumber=1909
info|2023-07-08 09:27:17.241583|[RPCWS][SERVICE][onRecvBlockNotifier]block notifier callback,group=group0,node=98a7f70ec883a722219d92253cf073a72605f4087aa3443c8e4aadc0af2dc3ac647d0fa1b5ac99cd6987abafe6d690ae71cd5fd2aeeabe7589bfb4748aabdfba,blockNumber=1909
info|2023-07-08 09:27:17.241588|[WS]receive block notify,endpoint=127.0.0.1:20200,blk={
	"blockNumber" : 1909,
	"group" : "group0",
	"nodeName" : "98a7f70ec883a722219d92253cf073a72605f4087aa3443c8e4aadc0af2dc3ac647d0fa1b5ac99cd6987abafe6d690ae71cd5fd2aeeabe7589bfb4748aabdfba"
}
info|2023-07-08 09:27:17.343310|[RPC][BLOCK][NUMBER][fromJson],group=group0,node=2f993327933ad58672518b6d4f63920cbc68b80f78f4d81192552ee6362f5cc81ee13bdc678ad65f06e76444cadb53b33694cfb3fc7679b8000411975fedd28a,blockNumber=1909
info|2023-07-08 09:27:17.343383|[RPCWS][SERVICE][onRecvBlockNotifier]receive block number notifier,group=group0,node=2f993327933ad58672518b6d4f63920cbc68b80f78f4d81192552ee6362f5cc81ee13bdc678ad65f06e76444cadb53b33694cfb3fc7679b8000411975fedd28a,blockNumber=1909
info|2023-07-08 09:27:17.343398|[WS]receive block notify,endpoint=127.0.0.1:20201,blk={
	"blockNumber" : 1909,
	"group" : "group0",
	"nodeName" : "2f993327933ad58672518b6d4f63920cbc68b80f78f4d81192552ee6362f5cc81ee13bdc678ad65f06e76444cadb53b33694cfb3fc7679b8000411975fedd28a"
}
info|2023-07-08 09:27:17.911907|[RPC][BLOCK][NUMBER][fromJson],group=group0,node=98a7f70ec883a722219d92253cf073a72605f4087aa3443c8e4aadc0af2dc3ac647d0fa1b5ac99cd6987abafe6d690ae71cd5fd2aeeabe7589bfb4748aabdfba,blockNumber=1910
info|2023-07-08 09:27:17.911925|[RPCWS][SERVICE][onRecvBlockNotifier]receive block number notifier,group=group0,node=98a7f70ec883a722219d92253cf073a72605f4087aa3443c8e4aadc0af2dc3ac647d0fa1b5ac99cd6987abafe6d690ae71cd5fd2aeeabe7589bfb4748aabdfba,blockNumber=1910
info|2023-07-08 09:27:17.911930|[RPCWS][SERVICE][updateGroupBlockNumber],groupID=group0,_blockNumber=1910
info|2023-07-08 09:27:17.911934|[RPCWS][SERVICE][onRecvBlockNotifier]block notifier callback,group=group0,node=98a7f70ec883a722219d92253cf073a72605f4087aa3443c8e4aadc0af2dc3ac647d0fa1b5ac99cd6987abafe6d690ae71cd5fd2aeeabe7589bfb4748aabdfba,blockNumber=1910
info|2023-07-08 09:27:17.911955|[WS]receive block notify,endpoint=127.0.0.1:20200,blk={
	"blockNumber" : 1910,
	"group" : "group0",
	"nodeName" : "98a7f70ec883a722219d92253cf073a72605f4087aa3443c8e4aadc0af2dc3ac647d0fa1b5ac99cd6987abafe6d690ae71cd5fd2aeeabe7589bfb4748aabdfba"
}
info|2023-07-08 09:27:17.950278|[RPC][BLOCK][NUMBER][fromJson],group=group0,node=2f993327933ad58672518b6d4f63920cbc68b80f78f4d81192552ee6362f5cc81ee13bdc678ad65f06e76444cadb53b33694cfb3fc7679b8000411975fedd28a,blockNumber=1910
info|2023-07-08 09:27:17.950300|[RPCWS][SERVICE][onRecvBlockNotifier]receive block number notifier,group=group0,node=2f993327933ad58672518b6d4f63920cbc68b80f78f4d81192552ee6362f5cc81ee13bdc678ad65f06e76444cadb53b33694cfb3fc7679b8000411975fedd28a,blockNumber=1910
info|2023-07-08 09:27:17.950306|[WS]receive block notify,endpoint=127.0.0.1:20201,blk={
	"blockNumber" : 1910,
	"group" : "group0",
	"nodeName" : "2f993327933ad58672518b6d4f63920cbc68b80f78f4d81192552ee6362f5cc81ee13bdc678ad65f06e76444cadb53b33694cfb3fc7679b8000411975fedd28a"
}
info|2023-07-08 09:27:18.471763|[RPC][BLOCK][NUMBER][fromJson],group=group0,node=98a7f70ec883a722219d92253cf073a72605f4087aa3443c8e4aadc0af2dc3ac647d0fa1b5ac99cd6987abafe6d690ae71cd5fd2aeeabe7589bfb4748aabdfba,blockNumber=1911
info|2023-07-08 09:27:18.471786|[RPCWS][SERVICE][onRecvBlockNotifier]receive block number notifier,group=group0,node=98a7f70ec883a722219d92253cf073a72605f4087aa3443c8e4aadc0af2dc3ac647d0fa1b5ac99cd6987abafe6d690ae71cd5fd2aeeabe7589bfb4748aabdfba,blockNumber=1911
info|2023-07-08 09:27:18.471792|[RPCWS][SERVICE][updateGroupBlockNumber],groupID=group0,_blockNumber=1911
info|2023-07-08 09:27:18.471828|[RPCWS][SERVICE][onRecvBlockNotifier]block notifier callback,group=group0,node=98a7f70ec883a722219d92253cf073a72605f4087aa3443c8e4aadc0af2dc3ac647d0fa1b5ac99cd6987abafe6d690ae71cd5fd2aeeabe7589bfb4748aabdfba,blockNumber=1911
info|2023-07-08 09:27:18.471837|[WS]receive block notify,endpoint=127.0.0.1:20200,blk={
	"blockNumber" : 1911,
	"group" : "group0",
	"nodeName" : "98a7f70ec883a722219d92253cf073a72605f4087aa3443c8e4aadc0af2dc3ac647d0fa1b5ac99cd6987abafe6d690ae71cd5fd2aeeabe7589bfb4748aabdfba"
}
info|2023-07-08 09:27:18.479409|[RPC][BLOCK][NUMBER][fromJson],group=group0,node=2f993327933ad58672518b6d4f63920cbc68b80f78f4d81192552ee6362f5cc81ee13bdc678ad65f06e76444cadb53b33694cfb3fc7679b8000411975fedd28a,blockNumber=1911
info|2023-07-08 09:27:18.479432|[RPCWS][SERVICE][onRecvBlockNotifier]receive block number notifier,group=group0,node=2f993327933ad58672518b6d4f63920cbc68b80f78f4d81192552ee6362f5cc81ee13bdc678ad65f06e76444cadb53b33694cfb3fc7679b8000411975fedd28a,blockNumber=1911
info|2023-07-08 09:27:18.479439|[WS]receive block notify,endpoint=127.0.0.1:20201,blk={
	"blockNumber" : 1911,
	"group" : "group0",
	"nodeName" : "2f993327933ad58672518b6d4f63920cbc68b80f78f4d81192552ee6362f5cc81ee13bdc678ad65f06e76444cadb53b33694cfb3fc7679b8000411975fedd28a"
}
info|2023-07-08 09:27:19.023327|[RPC][BLOCK][NUMBER][fromJson],group=group0,node=98a7f70ec883a722219d92253cf073a72605f4087aa3443c8e4aadc0af2dc3ac647d0fa1b5ac99cd6987abafe6d690ae71cd5fd2aeeabe7589bfb4748aabdfba,blockNumber=1912
info|2023-07-08 09:27:19.023352|[RPCWS][SERVICE][onRecvBlockNotifier]receive block number notifier,group=group0,node=98a7f70ec883a722219d92253cf073a72605f4087aa3443c8e4aadc0af2dc3ac647d0fa1b5ac99cd6987abafe6d690ae71cd5fd2aeeabe7589bfb4748aabdfba,blockNumber=1912
info|2023-07-08 09:27:19.023360|[RPCWS][SERVICE][updateGroupBlockNumber],groupID=group0,_blockNumber=1912
info|2023-07-08 09:27:19.023366|[RPCWS][SERVICE][onRecvBlockNotifier]block notifier callback,group=group0,node=98a7f70ec883a722219d92253cf073a72605f4087aa3443c8e4aadc0af2dc3ac647d0fa1b5ac99cd6987abafe6d690ae71cd5fd2aeeabe7589bfb4748aabdfba,blockNumber=1912
info|2023-07-08 09:27:19.023370|[WS]receive block notify,endpoint=127.0.0.1:20200,blk={
	"blockNumber" : 1912,
	"group" : "group0",
	"nodeName" : "98a7f70ec883a722219d92253cf073a72605f4087aa3443c8e4aadc0af2dc3ac647d0fa1b5ac99cd6987abafe6d690ae71cd5fd2aeeabe7589bfb4748aabdfba"
}
info|2023-07-08 09:27:19.142163|[RPC][BLOCK][NUMBER][fromJson],group=group0,node=2f993327933ad58672518b6d4f63920cbc68b80f78f4d81192552ee6362f5cc81ee13bdc678ad65f06e76444cadb53b33694cfb3fc7679b8000411975fedd28a,blockNumber=1912
info|2023-07-08 09:27:19.142183|[RPCWS][SERVICE][onRecvBlockNotifier]receive block number notifier,group=group0,node=2f993327933ad58672518b6d4f63920cbc68b80f78f4d81192552ee6362f5cc81ee13bdc678ad65f06e76444cadb53b33694cfb3fc7679b8000411975fedd28a,blockNumber=1912
info|2023-07-08 09:27:19.142189|[WS]receive block notify,endpoint=127.0.0.1:20201,blk={
	"blockNumber" : 1912,
	"group" : "group0",
	"nodeName" : "2f993327933ad58672518b6d4f63920cbc68b80f78f4d81192552ee6362f5cc81ee13bdc678ad65f06e76444cadb53b33694cfb3fc7679b8000411975fedd28a"
}
info|2023-07-08 09:27:19.529240|[RPC][BLOCK][NUMBER][fromJson],group=group0,node=98a7f70ec883a722219d92253cf073a72605f4087aa3443c8e4aadc0af2dc3ac647d0fa1b5ac99cd6987abafe6d690ae71cd5fd2aeeabe7589bfb4748aabdfba,blockNumber=1913
info|2023-07-08 09:27:19.529267|[RPCWS][SERVICE][onRecvBlockNotifier]receive block number notifier,group=group0,node=98a7f70ec883a722219d92253cf073a72605f4087aa3443c8e4aadc0af2dc3ac647d0fa1b5ac99cd6987abafe6d690ae71cd5fd2aeeabe7589bfb4748aabdfba,blockNumber=1913
info|2023-07-08 09:27:19.529273|[RPCWS][SERVICE][updateGroupBlockNumber],groupID=group0,_blockNumber=1913
info|2023-07-08 09:27:19.529277|[RPCWS][SERVICE][onRecvBlockNotifier]block notifier callback,group=group0,node=98a7f70ec883a722219d92253cf073a72605f4087aa3443c8e4aadc0af2dc3ac647d0fa1b5ac99cd6987abafe6d690ae71cd5fd2aeeabe7589bfb4748aabdfba,blockNumber=1913
info|2023-07-08 09:27:19.529281|[WS]receive block notify,endpoint=127.0.0.1:20200,blk={
	"blockNumber" : 1913,
	"group" : "group0",
	"nodeName" : "98a7f70ec883a722219d92253cf073a72605f4087aa3443c8e4aadc0af2dc3ac647d0fa1b5ac99cd6987abafe6d690ae71cd5fd2aeeabe7589bfb4748aabdfba"
}
info|2023-07-08 09:27:19.568795|[RPC][BLOCK][NUMBER][fromJson],group=group0,node=2f993327933ad58672518b6d4f63920cbc68b80f78f4d81192552ee6362f5cc81ee13bdc678ad65f06e76444cadb53b33694cfb3fc7679b8000411975fedd28a,blockNumber=1913
info|2023-07-08 09:27:19.568817|[RPCWS][SERVICE][onRecvBlockNotifier]receive block number notifier,group=group0,node=2f993327933ad58672518b6d4f63920cbc68b80f78f4d81192552ee6362f5cc81ee13bdc678ad65f06e76444cadb53b33694cfb3fc7679b8000411975fedd28a,blockNumber=1913
info|2023-07-08 09:27:19.568823|[WS]receive block notify,endpoint=127.0.0.1:20201,blk={
	"blockNumber" : 1913,
	"group" : "group0",
	"nodeName" : "2f993327933ad58672518b6d4f63920cbc68b80f78f4d81192552ee6362f5cc81ee13bdc678ad65f06e76444cadb53b33694cfb3fc7679b8000411975fedd28a"
}
info|2023-07-08 09:27:20.118371|[RPC][BLOCK][NUMBER][fromJson],group=group0,node=98a7f70ec883a722219d92253cf073a72605f4087aa3443c8e4aadc0af2dc3ac647d0fa1b5ac99cd6987abafe6d690ae71cd5fd2aeeabe7589bfb4748aabdfba,blockNumber=1914
info|2023-07-08 09:27:20.118392|[RPCWS][SERVICE][onRecvBlockNotifier]receive block number notifier,group=group0,node=98a7f70ec883a722219d92253cf073a72605f4087aa3443c8e4aadc0af2dc3ac647d0fa1b5ac99cd6987abafe6d690ae71cd5fd2aeeabe7589bfb4748aabdfba,blockNumber=1914
info|2023-07-08 09:27:20.118398|[RPCWS][SERVICE][updateGroupBlockNumber],groupID=group0,_blockNumber=1914
info|2023-07-08 09:27:20.118402|[RPCWS][SERVICE][onRecvBlockNotifier]block notifier callback,group=group0,node=98a7f70ec883a722219d92253cf073a72605f4087aa3443c8e4aadc0af2dc3ac647d0fa1b5ac99cd6987abafe6d690ae71cd5fd2aeeabe7589bfb4748aabdfba,blockNumber=1914
info|2023-07-08 09:27:20.118406|[WS]receive block notify,endpoint=127.0.0.1:20200,blk={
	"blockNumber" : 1914,
	"group" : "group0",
	"nodeName" : "98a7f70ec883a722219d92253cf073a72605f4087aa3443c8e4aadc0af2dc3ac647d0fa1b5ac99cd6987abafe6d690ae71cd5fd2aeeabe7589bfb4748aabdfba"
}
info|2023-07-08 09:27:20.175192|[RPC][BLOCK][NUMBER][fromJson],group=group0,node=2f993327933ad58672518b6d4f63920cbc68b80f78f4d81192552ee6362f5cc81ee13bdc678ad65f06e76444cadb53b33694cfb3fc7679b8000411975fedd28a,blockNumber=1914
info|2023-07-08 09:27:20.175212|[RPCWS][SERVICE][onRecvBlockNotifier]receive block number notifier,group=group0,node=2f993327933ad58672518b6d4f63920cbc68b80f78f4d81192552ee6362f5cc81ee13bdc678ad65f06e76444cadb53b33694cfb3fc7679b8000411975fedd28a,blockNumber=1914
info|2023-07-08 09:27:20.175218|[WS]receive block notify,endpoint=127.0.0.1:20201,blk={
	"blockNumber" : 1914,
	"group" : "group0",
	"nodeName" : "2f993327933ad58672518b6d4f63920cbc68b80f78f4d81192552ee6362f5cc81ee13bdc678ad65f06e76444cadb53b33694cfb3fc7679b8000411975fedd28a"
}
info|2023-07-08 09:27:20.673113|[RPC][BLOCK][NUMBER][fromJson],group=group0,node=98a7f70ec883a722219d92253cf073a72605f4087aa3443c8e4aadc0af2dc3ac647d0fa1b5ac99cd6987abafe6d690ae71cd5fd2aeeabe7589bfb4748aabdfba,blockNumber=1915
info|2023-07-08 09:27:20.673146|[RPCWS][SERVICE][onRecvBlockNotifier]receive block number notifier,group=group0,node=98a7f70ec883a722219d92253cf073a72605f4087aa3443c8e4aadc0af2dc3ac647d0fa1b5ac99cd6987abafe6d690ae71cd5fd2aeeabe7589bfb4748aabdfba,blockNumber=1915
info|2023-07-08 09:27:20.673152|[RPCWS][SERVICE][updateGroupBlockNumber],groupID=group0,_blockNumber=1915
info|2023-07-08 09:27:20.673157|[RPCWS][SERVICE][onRecvBlockNotifier]block notifier callback,group=group0,node=98a7f70ec883a722219d92253cf073a72605f4087aa3443c8e4aadc0af2dc3ac647d0fa1b5ac99cd6987abafe6d690ae71cd5fd2aeeabe7589bfb4748aabdfba,blockNumber=1915
info|2023-07-08 09:27:20.673163|[WS]receive block notify,endpoint=127.0.0.1:20200,blk={
	"blockNumber" : 1915,
	"group" : "group0",
	"nodeName" : "98a7f70ec883a722219d92253cf073a72605f4087aa3443c8e4aadc0af2dc3ac647d0fa1b5ac99cd6987abafe6d690ae71cd5fd2aeeabe7589bfb4748aabdfba"
}
info|2023-07-08 09:27:20.714255|[RPC][BLOCK][NUMBER][fromJson],group=group0,node=2f993327933ad58672518b6d4f63920cbc68b80f78f4d81192552ee6362f5cc81ee13bdc678ad65f06e76444cadb53b33694cfb3fc7679b8000411975fedd28a,blockNumber=1915
info|2023-07-08 09:27:20.714273|[RPCWS][SERVICE][onRecvBlockNotifier]receive block number notifier,group=group0,node=2f993327933ad58672518b6d4f63920cbc68b80f78f4d81192552ee6362f5cc81ee13bdc678ad65f06e76444cadb53b33694cfb3fc7679b8000411975fedd28a,blockNumber=1915
info|2023-07-08 09:27:20.714279|[WS]receive block notify,endpoint=127.0.0.1:20201,blk={
	"blockNumber" : 1915,
	"group" : "group0",
	"nodeName" : "2f993327933ad58672518b6d4f63920cbc68b80f78f4d81192552ee6362f5cc81ee13bdc678ad65f06e76444cadb53b33694cfb3fc7679b8000411975fedd28a"
}
info|2023-07-08 09:27:21.261665|[RPC][BLOCK][NUMBER][fromJson],group=group0,node=98a7f70ec883a722219d92253cf073a72605f4087aa3443c8e4aadc0af2dc3ac647d0fa1b5ac99cd6987abafe6d690ae71cd5fd2aeeabe7589bfb4748aabdfba,blockNumber=1916
info|2023-07-08 09:27:21.261727|[RPCWS][SERVICE][onRecvBlockNotifier]receive block number notifier,group=group0,node=98a7f70ec883a722219d92253cf073a72605f4087aa3443c8e4aadc0af2dc3ac647d0fa1b5ac99cd6987abafe6d690ae71cd5fd2aeeabe7589bfb4748aabdfba,blockNumber=1916
info|2023-07-08 09:27:21.261736|[RPCWS][SERVICE][updateGroupBlockNumber],groupID=group0,_blockNumber=1916
info|2023-07-08 09:27:21.261741|[RPCWS][SERVICE][onRecvBlockNotifier]block notifier callback,group=group0,node=98a7f70ec883a722219d92253cf073a72605f4087aa3443c8e4aadc0af2dc3ac647d0fa1b5ac99cd6987abafe6d690ae71cd5fd2aeeabe7589bfb4748aabdfba,blockNumber=1916
info|2023-07-08 09:27:21.261746|[WS]receive block notify,endpoint=127.0.0.1:20200,blk={
	"blockNumber" : 1916,
	"group" : "group0",
	"nodeName" : "98a7f70ec883a722219d92253cf073a72605f4087aa3443c8e4aadc0af2dc3ac647d0fa1b5ac99cd6987abafe6d690ae71cd5fd2aeeabe7589bfb4748aabdfba"
}
info|2023-07-08 09:27:21.277531|[RPC][BLOCK][NUMBER][fromJson],group=group0,node=2f993327933ad58672518b6d4f63920cbc68b80f78f4d81192552ee6362f5cc81ee13bdc678ad65f06e76444cadb53b33694cfb3fc7679b8000411975fedd28a,blockNumber=1916
info|2023-07-08 09:27:21.277584|[RPCWS][SERVICE][onRecvBlockNotifier]receive block number notifier,group=group0,node=2f993327933ad58672518b6d4f63920cbc68b80f78f4d81192552ee6362f5cc81ee13bdc678ad65f06e76444cadb53b33694cfb3fc7679b8000411975fedd28a,blockNumber=1916
info|2023-07-08 09:27:21.277591|[WS]receive block notify,endpoint=127.0.0.1:20201,blk={
	"blockNumber" : 1916,
	"group" : "group0",
	"nodeName" : "2f993327933ad58672518b6d4f63920cbc68b80f78f4d81192552ee6362f5cc81ee13bdc678ad65f06e76444cadb53b33694cfb3fc7679b8000411975fedd28a"
}
info|2023-07-08 09:27:21.728043|[RPC][BLOCK][NUMBER][fromJson],group=group0,node=98a7f70ec883a722219d92253cf073a72605f4087aa3443c8e4aadc0af2dc3ac647d0fa1b5ac99cd6987abafe6d690ae71cd5fd2aeeabe7589bfb4748aabdfba,blockNumber=1917
info|2023-07-08 09:27:21.728084|[RPCWS][SERVICE][onRecvBlockNotifier]receive block number notifier,group=group0,node=98a7f70ec883a722219d92253cf073a72605f4087aa3443c8e4aadc0af2dc3ac647d0fa1b5ac99cd6987abafe6d690ae71cd5fd2aeeabe7589bfb4748aabdfba,blockNumber=1917
info|2023-07-08 09:27:21.728090|[RPCWS][SERVICE][updateGroupBlockNumber],groupID=group0,_blockNumber=1917
info|2023-07-08 09:27:21.728094|[RPCWS][SERVICE][onRecvBlockNotifier]block notifier callback,group=group0,node=98a7f70ec883a722219d92253cf073a72605f4087aa3443c8e4aadc0af2dc3ac647d0fa1b5ac99cd6987abafe6d690ae71cd5fd2aeeabe7589bfb4748aabdfba,blockNumber=1917
info|2023-07-08 09:27:21.728098|[WS]receive block notify,endpoint=127.0.0.1:20200,blk={
	"blockNumber" : 1917,
	"group" : "group0",
	"nodeName" : "98a7f70ec883a722219d92253cf073a72605f4087aa3443c8e4aadc0af2dc3ac647d0fa1b5ac99cd6987abafe6d690ae71cd5fd2aeeabe7589bfb4748aabdfba"
}
info|2023-07-08 09:27:21.769782|[RPC][BLOCK][NUMBER][fromJson],group=group0,node=2f993327933ad58672518b6d4f63920cbc68b80f78f4d81192552ee6362f5cc81ee13bdc678ad65f06e76444cadb53b33694cfb3fc7679b8000411975fedd28a,blockNumber=1917
info|2023-07-08 09:27:21.769804|[RPCWS][SERVICE][onRecvBlockNotifier]receive block number notifier,group=group0,node=2f993327933ad58672518b6d4f63920cbc68b80f78f4d81192552ee6362f5cc81ee13bdc678ad65f06e76444cadb53b33694cfb3fc7679b8000411975fedd28a,blockNumber=1917
info|2023-07-08 09:27:21.769810|[WS]receive block notify,endpoint=127.0.0.1:20201,blk={
	"blockNumber" : 1917,
	"group" : "group0",
	"nodeName" : "2f993327933ad58672518b6d4f63920cbc68b80f78f4d81192552ee6362f5cc81ee13bdc678ad65f06e76444cadb53b33694cfb3fc7679b8000411975fedd28a"
}
info|2023-07-08 09:27:22.325853|[RPC][BLOCK][NUMBER][fromJson],group=group0,node=98a7f70ec883a722219d92253cf073a72605f4087aa3443c8e4aadc0af2dc3ac647d0fa1b5ac99cd6987abafe6d690ae71cd5fd2aeeabe7589bfb4748aabdfba,blockNumber=1918
info|2023-07-08 09:27:22.325919|[RPCWS][SERVICE][onRecvBlockNotifier]receive block number notifier,group=group0,node=98a7f70ec883a722219d92253cf073a72605f4087aa3443c8e4aadc0af2dc3ac647d0fa1b5ac99cd6987abafe6d690ae71cd5fd2aeeabe7589bfb4748aabdfba,blockNumber=1918
info|2023-07-08 09:27:22.325927|[RPCWS][SERVICE][updateGroupBlockNumber],groupID=group0,_blockNumber=1918
info|2023-07-08 09:27:22.325933|[RPCWS][SERVICE][onRecvBlockNotifier]block notifier callback,group=group0,node=98a7f70ec883a722219d92253cf073a72605f4087aa3443c8e4aadc0af2dc3ac647d0fa1b5ac99cd6987abafe6d690ae71cd5fd2aeeabe7589bfb4748aabdfba,blockNumber=1918
info|2023-07-08 09:27:22.325937|[WS]receive block notify,endpoint=127.0.0.1:20200,blk={
	"blockNumber" : 1918,
	"group" : "group0",
	"nodeName" : "98a7f70ec883a722219d92253cf073a72605f4087aa3443c8e4aadc0af2dc3ac647d0fa1b5ac99cd6987abafe6d690ae71cd5fd2aeeabe7589bfb4748aabdfba"
}
info|2023-07-08 09:27:22.368471|[RPC][BLOCK][NUMBER][fromJson],group=group0,node=2f993327933ad58672518b6d4f63920cbc68b80f78f4d81192552ee6362f5cc81ee13bdc678ad65f06e76444cadb53b33694cfb3fc7679b8000411975fedd28a,blockNumber=1918
info|2023-07-08 09:27:22.368489|[RPCWS][SERVICE][onRecvBlockNotifier]receive block number notifier,group=group0,node=2f993327933ad58672518b6d4f63920cbc68b80f78f4d81192552ee6362f5cc81ee13bdc678ad65f06e76444cadb53b33694cfb3fc7679b8000411975fedd28a,blockNumber=1918
info|2023-07-08 09:27:22.368496|[WS]receive block notify,endpoint=127.0.0.1:20201,blk={
	"blockNumber" : 1918,
	"group" : "group0",
	"nodeName" : "2f993327933ad58672518b6d4f63920cbc68b80f78f4d81192552ee6362f5cc81ee13bdc678ad65f06e76444cadb53b33694cfb3fc7679b8000411975fedd28a"
}
info|2023-07-08 09:27:27.225637|[EVENT][SUB][doLoop]event sub tasks report,working event sub count=0,suspend event sub count=0
info|2023-07-08 09:27:27.283464|[SDK][WS][SERVICE]connected nodes,count=2
info|2023-07-08 09:27:47.225947|[EVENT][SUB][doLoop]event sub tasks report,working event sub count=0,suspend event sub count=0
info|2023-07-08 09:27:47.283931|[SDK][WS][SERVICE]connected nodes,count=2
info|2023-07-08 09:28:07.225976|[EVENT][SUB][doLoop]event sub tasks report,working event sub count=0,suspend event sub count=0
info|2023-07-08 09:28:07.284403|[SDK][WS][SERVICE]connected nodes,count=2
info|2023-07-08 09:28:27.226270|[EVENT][SUB][doLoop]event sub tasks report,working event sub count=0,suspend event sub count=0
info|2023-07-08 09:28:27.284867|[SDK][WS][SERVICE]connected nodes,count=2
info|2023-07-08 09:28:47.226423|[EVENT][SUB][doLoop]event sub tasks report,working event sub count=0,suspend event sub count=0
info|2023-07-08 09:28:47.285288|[SDK][WS][SERVICE]connected nodes,count=2
info|2023-07-08 09:29:07.227187|[EVENT][SUB][doLoop]event sub tasks report,working event sub count=0,suspend event sub count=0
info|2023-07-08 09:29:07.285559|[SDK][WS][SERVICE]connected nodes,count=2
info|2023-07-08 09:29:27.227786|[EVENT][SUB][doLoop]event sub tasks report,working event sub count=0,suspend event sub count=0
info|2023-07-08 09:29:27.285975|[SDK][WS][SERVICE]connected nodes,count=2
info|2023-07-08 09:29:47.228045|[EVENT][SUB][doLoop]event sub tasks report,working event sub count=0,suspend event sub count=0
info|2023-07-08 09:29:47.286251|[SDK][WS][SERVICE]connected nodes,count=2
info|2023-07-08 09:30:07.228411|[EVENT][SUB][doLoop]event sub tasks report,working event sub count=0,suspend event sub count=0
info|2023-07-08 09:30:07.286744|[SDK][WS][SERVICE]connected nodes,count=2
info|2023-07-08 09:30:27.228778|[EVENT][SUB][doLoop]event sub tasks report,working event sub count=0,suspend event sub count=0
info|2023-07-08 09:30:27.286944|[SDK][WS][SERVICE]connected nodes,count=2
info|2023-07-08 09:30:47.228959|[EVENT][SUB][doLoop]event sub tasks report,working event sub count=0,suspend event sub count=0
info|2023-07-08 09:30:47.287175|[SDK][WS][SERVICE]connected nodes,count=2
info|2023-07-08 09:31:07.229233|[EVENT][SUB][doLoop]event sub tasks report,working event sub count=0,suspend event sub count=0
info|2023-07-08 09:31:07.287818|[SDK][WS][SERVICE]connected nodes,count=2
info|2023-07-08 09:31:27.229297|[EVENT][SUB][doLoop]event sub tasks report,working event sub count=0,suspend event sub count=0
info|2023-07-08 09:31:27.288296|[SDK][WS][SERVICE]connected nodes,count=2
info|2023-07-08 09:31:47.229343|[EVENT][SUB][doLoop]event sub tasks report,working event sub count=0,suspend event sub count=0
info|2023-07-08 09:31:47.288403|[SDK][WS][SERVICE]connected nodes,count=2
info|2023-07-08 09:32:07.229966|[EVENT][SUB][doLoop]event sub tasks report,working event sub count=0,suspend event sub count=0
info|2023-07-08 09:32:07.288816|[SDK][WS][SERVICE]connected nodes,count=2
info|2023-07-08 09:32:27.230355|[EVENT][SUB][doLoop]event sub tasks report,working event sub count=0,suspend event sub count=0
info|2023-07-08 09:32:27.289203|[SDK][WS][SERVICE]connected nodes,count=2
info|2023-07-08 09:32:47.230693|[EVENT][SUB][doLoop]event sub tasks report,working event sub count=0,suspend event sub count=0
info|2023-07-08 09:32:47.289748|[SDK][WS][SERVICE]connected nodes,count=2
info|2023-07-08 09:33:07.231124|[EVENT][SUB][doLoop]event sub tasks report,working event sub count=0,suspend event sub count=0
info|2023-07-08 09:33:07.289965|[SDK][WS][SERVICE]connected nodes,count=2
info|2023-07-08 09:33:27.231637|[EVENT][SUB][doLoop]event sub tasks report,working event sub count=0,suspend event sub count=0
info|2023-07-08 09:33:27.290393|[SDK][WS][SERVICE]connected nodes,count=2
info|2023-07-08 09:33:47.231710|[EVENT][SUB][doLoop]event sub tasks report,working event sub count=0,suspend event sub count=0
info|2023-07-08 09:33:47.290671|[SDK][WS][SERVICE]connected nodes,count=2
info|2023-07-08 09:34:07.232236|[EVENT][SUB][doLoop]event sub tasks report,working event sub count=0,suspend event sub count=0
info|2023-07-08 09:34:07.291177|[SDK][WS][SERVICE]connected nodes,count=2
info|2023-07-08 09:34:27.232528|[EVENT][SUB][doLoop]event sub tasks report,working event sub count=0,suspend event sub count=0
info|2023-07-08 09:34:27.291577|[SDK][WS][SERVICE]connected nodes,count=2
info|2023-07-08 09:34:47.233182|[EVENT][SUB][doLoop]event sub tasks report,working event sub count=0,suspend event sub count=0
info|2023-07-08 09:34:47.291947|[SDK][WS][SERVICE]connected nodes,count=2
info|2023-07-08 09:35:07.233631|[EVENT][SUB][doLoop]event sub tasks report,working event sub count=0,suspend event sub count=0
info|2023-07-08 09:35:07.292090|[SDK][WS][SERVICE]connected nodes,count=2
info|2023-07-08 09:35:27.234053|[EVENT][SUB][doLoop]event sub tasks report,working event sub count=0,suspend event sub count=0
info|2023-07-08 09:35:27.292328|[SDK][WS][SERVICE]connected nodes,count=2
info|2023-07-08 09:35:47.234121|[EVENT][SUB][doLoop]event sub tasks report,working event sub count=0,suspend event sub count=0
info|2023-07-08 09:35:47.292919|[SDK][WS][SERVICE]connected nodes,count=2
info|2023-07-08 09:36:07.234274|[EVENT][SUB][doLoop]event sub tasks report,working event sub count=0,suspend event sub count=0
info|2023-07-08 09:36:07.293203|[SDK][WS][SERVICE]connected nodes,count=2
info|2023-07-08 09:36:27.234356|[EVENT][SUB][doLoop]event sub tasks report,working event sub count=0,suspend event sub count=0
info|2023-07-08 09:36:27.293347|[SDK][WS][SERVICE]connected nodes,count=2
info|2023-07-08 09:36:47.234883|[EVENT][SUB][doLoop]event sub tasks report,working event sub count=0,suspend event sub count=0
info|2023-07-08 09:36:47.293696|[SDK][WS][SERVICE]connected nodes,count=2
info|2023-07-08 09:37:07.235167|[EVENT][SUB][doLoop]event sub tasks report,working event sub count=0,suspend event sub count=0
info|2023-07-08 09:37:07.293878|[SDK][WS][SERVICE]connected nodes,count=2
info|2023-07-08 09:37:27.235557|[EVENT][SUB][doLoop]event sub tasks report,working event sub count=0,suspend event sub count=0
info|2023-07-08 09:37:27.294300|[SDK][WS][SERVICE]connected nodes,count=2
info|2023-07-08 09:37:47.235754|[EVENT][SUB][doLoop]event sub tasks report,working event sub count=0,suspend event sub count=0
info|2023-07-08 09:37:47.294704|[SDK][WS][SERVICE]connected nodes,count=2
info|2023-07-08 09:38:07.235929|[EVENT][SUB][doLoop]event sub tasks report,working event sub count=0,suspend event sub count=0
info|2023-07-08 09:38:07.294958|[SDK][WS][SERVICE]connected nodes,count=2
info|2023-07-08 09:38:27.236381|[EVENT][SUB][doLoop]event sub tasks report,working event sub count=0,suspend event sub count=0
info|2023-07-08 09:38:27.295059|[SDK][WS][SERVICE]connected nodes,count=2
info|2023-07-08 09:38:47.236816|[EVENT][SUB][doLoop]event sub tasks report,working event sub count=0,suspend event sub count=0
info|2023-07-08 09:38:47.295604|[SDK][WS][SERVICE]connected nodes,count=2
info|2023-07-08 09:39:07.237071|[EVENT][SUB][doLoop]event sub tasks report,working event sub count=0,suspend event sub count=0
info|2023-07-08 09:39:07.295925|[SDK][WS][SERVICE]connected nodes,count=2
info|2023-07-08 09:39:27.237726|[EVENT][SUB][doLoop]event sub tasks report,working event sub count=0,suspend event sub count=0
info|2023-07-08 09:39:27.296178|[SDK][WS][SERVICE]connected nodes,count=2
info|2023-07-08 09:39:47.238212|[EVENT][SUB][doLoop]event sub tasks report,working event sub count=0,suspend event sub count=0
info|2023-07-08 09:39:47.296800|[SDK][WS][SERVICE]connected nodes,count=2
info|2023-07-08 09:40:07.238506|[EVENT][SUB][doLoop]event sub tasks report,working event sub count=0,suspend event sub count=0
info|2023-07-08 09:40:07.297248|[SDK][WS][SERVICE]connected nodes,count=2
info|2023-07-08 09:40:27.239002|[EVENT][SUB][doLoop]event sub tasks report,working event sub count=0,suspend event sub count=0
info|2023-07-08 09:40:27.297935|[SDK][WS][SERVICE]connected nodes,count=2
info|2023-07-08 09:40:47.239608|[EVENT][SUB][doLoop]event sub tasks report,working event sub count=0,suspend event sub count=0
info|2023-07-08 09:40:47.298216|[SDK][WS][SERVICE]connected nodes,count=2
info|2023-07-08 09:41:07.239663|[EVENT][SUB][doLoop]event sub tasks report,working event sub count=0,suspend event sub count=0
info|2023-07-08 09:41:07.298536|[SDK][WS][SERVICE]connected nodes,count=2
info|2023-07-08 09:41:27.240388|[EVENT][SUB][doLoop]event sub tasks report,working event sub count=0,suspend event sub count=0
info|2023-07-08 09:41:27.299087|[SDK][WS][SERVICE]connected nodes,count=2
info|2023-07-08 09:41:47.241176|[EVENT][SUB][doLoop]event sub tasks report,working event sub count=0,suspend event sub count=0
info|2023-07-08 09:41:47.299633|[SDK][WS][SERVICE]connected nodes,count=2
info|2023-07-08 09:42:07.241526|[EVENT][SUB][doLoop]event sub tasks report,working event sub count=0,suspend event sub count=0
info|2023-07-08 09:42:07.299801|[SDK][WS][SERVICE]connected nodes,count=2
info|2023-07-08 09:42:27.241877|[EVENT][SUB][doLoop]event sub tasks report,working event sub count=0,suspend event sub count=0
info|2023-07-08 09:42:27.300544|[SDK][WS][SERVICE]connected nodes,count=2
info|2023-07-08 09:42:47.241980|[EVENT][SUB][doLoop]event sub tasks report,working event sub count=0,suspend event sub count=0
info|2023-07-08 09:42:47.300995|[SDK][WS][SERVICE]connected nodes,count=2
info|2023-07-08 09:43:07.242328|[EVENT][SUB][doLoop]event sub tasks report,working event sub count=0,suspend event sub count=0
info|2023-07-08 09:43:07.301539|[SDK][WS][SERVICE]connected nodes,count=2
info|2023-07-08 09:43:27.242753|[EVENT][SUB][doLoop]event sub tasks report,working event sub count=0,suspend event sub count=0
info|2023-07-08 09:43:27.301917|[SDK][WS][SERVICE]connected nodes,count=2
info|2023-07-08 09:43:47.243513|[EVENT][SUB][doLoop]event sub tasks report,working event sub count=0,suspend event sub count=0
info|2023-07-08 09:43:47.302071|[SDK][WS][SERVICE]connected nodes,count=2
info|2023-07-08 09:44:07.243884|[EVENT][SUB][doLoop]event sub tasks report,working event sub count=0,suspend event sub count=0
info|2023-07-08 09:44:07.302512|[SDK][WS][SERVICE]connected nodes,count=2
info|2023-07-08 09:44:27.244146|[EVENT][SUB][doLoop]event sub tasks report,working event sub count=0,suspend event sub count=0
info|2023-07-08 09:44:27.302638|[SDK][WS][SERVICE]connected nodes,count=2
info|2023-07-08 09:44:47.244549|[EVENT][SUB][doLoop]event sub tasks report,working event sub count=0,suspend event sub count=0
info|2023-07-08 09:44:47.303318|[SDK][WS][SERVICE]connected nodes,count=2
info|2023-07-08 09:45:07.245139|[EVENT][SUB][doLoop]event sub tasks report,working event sub count=0,suspend event sub count=0
info|2023-07-08 09:45:07.303454|[SDK][WS][SERVICE]connected nodes,count=2
info|2023-07-08 09:45:27.245683|[EVENT][SUB][doLoop]event sub tasks report,working event sub count=0,suspend event sub count=0
info|2023-07-08 09:45:27.303819|[SDK][WS][SERVICE]connected nodes,count=2
info|2023-07-08 09:45:47.246067|[EVENT][SUB][doLoop]event sub tasks report,working event sub count=0,suspend event sub count=0
info|2023-07-08 09:45:47.303958|[SDK][WS][SERVICE]connected nodes,count=2
info|2023-07-08 09:46:07.246462|[EVENT][SUB][doLoop]event sub tasks report,working event sub count=0,suspend event sub count=0
info|2023-07-08 09:46:07.304274|[SDK][WS][SERVICE]connected nodes,count=2
info|2023-07-08 09:46:27.246588|[EVENT][SUB][doLoop]event sub tasks report,working event sub count=0,suspend event sub count=0
info|2023-07-08 09:46:27.304672|[SDK][WS][SERVICE]connected nodes,count=2
info|2023-07-08 09:46:47.247242|[EVENT][SUB][doLoop]event sub tasks report,working event sub count=0,suspend event sub count=0
info|2023-07-08 09:46:47.305220|[SDK][WS][SERVICE]connected nodes,count=2
info|2023-07-08 09:47:07.247508|[EVENT][SUB][doLoop]event sub tasks report,working event sub count=0,suspend event sub count=0
info|2023-07-08 09:47:07.305894|[SDK][WS][SERVICE]connected nodes,count=2
info|2023-07-08 09:47:27.248269|[EVENT][SUB][doLoop]event sub tasks report,working event sub count=0,suspend event sub count=0
info|2023-07-08 09:47:27.306441|[SDK][WS][SERVICE]connected nodes,count=2
info|2023-07-08 09:47:47.248370|[EVENT][SUB][doLoop]event sub tasks report,working event sub count=0,suspend event sub count=0
info|2023-07-08 09:47:47.307060|[SDK][WS][SERVICE]connected nodes,count=2
info|2023-07-08 09:48:07.248480|[EVENT][SUB][doLoop]event sub tasks report,working event sub count=0,suspend event sub count=0
info|2023-07-08 09:48:07.307308|[SDK][WS][SERVICE]connected nodes,count=2
info|2023-07-08 09:48:27.248767|[EVENT][SUB][doLoop]event sub tasks report,working event sub count=0,suspend event sub count=0
info|2023-07-08 09:48:27.307476|[SDK][WS][SERVICE]connected nodes,count=2
info|2023-07-08 09:48:47.248888|[EVENT][SUB][doLoop]event sub tasks report,working event sub count=0,suspend event sub count=0
info|2023-07-08 09:48:47.308271|[SDK][WS][SERVICE]connected nodes,count=2
info|2023-07-08 09:49:07.248999|[EVENT][SUB][doLoop]event sub tasks report,working event sub count=0,suspend event sub count=0
info|2023-07-08 09:49:07.308604|[SDK][WS][SERVICE]connected nodes,count=2
info|2023-07-08 09:49:27.249378|[EVENT][SUB][doLoop]event sub tasks report,working event sub count=0,suspend event sub count=0
info|2023-07-08 09:49:27.309021|[SDK][WS][SERVICE]connected nodes,count=2
info|2023-07-08 09:49:47.249520|[EVENT][SUB][doLoop]event sub tasks report,working event sub count=0,suspend event sub count=0
info|2023-07-08 09:49:47.309163|[SDK][WS][SERVICE]connected nodes,count=2
info|2023-07-08 09:50:07.250182|[EVENT][SUB][doLoop]event sub tasks report,working event sub count=0,suspend event sub count=0
info|2023-07-08 09:50:07.309362|[SDK][WS][SERVICE]connected nodes,count=2
info|2023-07-08 09:50:27.250322|[EVENT][SUB][doLoop]event sub tasks report,working event sub count=0,suspend event sub count=0
info|2023-07-08 09:50:27.309996|[SDK][WS][SERVICE]connected nodes,count=2
info|2023-07-08 09:50:47.250686|[EVENT][SUB][doLoop]event sub tasks report,working event sub count=0,suspend event sub count=0
info|2023-07-08 09:50:47.310215|[SDK][WS][SERVICE]connected nodes,count=2
info|2023-07-08 09:51:07.250842|[EVENT][SUB][doLoop]event sub tasks report,working event sub count=0,suspend event sub count=0
info|2023-07-08 09:51:07.310917|[SDK][WS][SERVICE]connected nodes,count=2
info|2023-07-08 09:51:27.251385|[EVENT][SUB][doLoop]event sub tasks report,working event sub count=0,suspend event sub count=0
info|2023-07-08 09:51:27.311480|[SDK][WS][SERVICE]connected nodes,count=2
info|2023-07-08 09:51:47.251935|[EVENT][SUB][doLoop]event sub tasks report,working event sub count=0,suspend event sub count=0
info|2023-07-08 09:51:47.311622|[SDK][WS][SERVICE]connected nodes,count=2
info|2023-07-08 09:52:07.252316|[EVENT][SUB][doLoop]event sub tasks report,working event sub count=0,suspend event sub count=0
info|2023-07-08 09:52:07.311867|[SDK][WS][SERVICE]connected nodes,count=2
info|2023-07-08 09:52:27.252944|[EVENT][SUB][doLoop]event sub tasks report,working event sub count=0,suspend event sub count=0
info|2023-07-08 09:52:27.312088|[SDK][WS][SERVICE]connected nodes,count=2
info|2023-07-08 09:52:47.253018|[EVENT][SUB][doLoop]event sub tasks report,working event sub count=0,suspend event sub count=0
info|2023-07-08 09:52:47.312334|[SDK][WS][SERVICE]connected nodes,count=2
info|2023-07-08 09:53:07.253192|[EVENT][SUB][doLoop]event sub tasks report,working event sub count=0,suspend event sub count=0
info|2023-07-08 09:53:07.312603|[SDK][WS][SERVICE]connected nodes,count=2
info|2023-07-08 09:53:27.253448|[EVENT][SUB][doLoop]event sub tasks report,working event sub count=0,suspend event sub count=0
info|2023-07-08 09:53:27.312853|[SDK][WS][SERVICE]connected nodes,count=2
info|2023-07-08 09:53:47.254006|[EVENT][SUB][doLoop]event sub tasks report,working event sub count=0,suspend event sub count=0
info|2023-07-08 09:53:47.313388|[SDK][WS][SERVICE]connected nodes,count=2
info|2023-07-08 09:54:07.254388|[EVENT][SUB][doLoop]event sub tasks report,working event sub count=0,suspend event sub count=0
info|2023-07-08 09:54:07.313658|[SDK][WS][SERVICE]connected nodes,count=2
info|2023-07-08 09:54:27.255064|[EVENT][SUB][doLoop]event sub tasks report,working event sub count=0,suspend event sub count=0
info|2023-07-08 09:54:27.313869|[SDK][WS][SERVICE]connected nodes,count=2
info|2023-07-08 09:54:47.255604|[EVENT][SUB][doLoop]event sub tasks report,working event sub count=0,suspend event sub count=0
info|2023-07-08 09:54:47.314426|[SDK][WS][SERVICE]connected nodes,count=2
info|2023-07-08 09:55:07.256200|[EVENT][SUB][doLoop]event sub tasks report,working event sub count=0,suspend event sub count=0
info|2023-07-08 09:55:07.314991|[SDK][WS][SERVICE]connected nodes,count=2
info|2023-07-08 09:55:27.256414|[EVENT][SUB][doLoop]event sub tasks report,working event sub count=0,suspend event sub count=0
info|2023-07-08 09:55:27.315587|[SDK][WS][SERVICE]connected nodes,count=2
info|2023-07-08 09:55:47.256625|[EVENT][SUB][doLoop]event sub tasks report,working event sub count=0,suspend event sub count=0
info|2023-07-08 09:55:47.315803|[SDK][WS][SERVICE]connected nodes,count=2
info|2023-07-08 09:56:07.256864|[EVENT][SUB][doLoop]event sub tasks report,working event sub count=0,suspend event sub count=0
info|2023-07-08 09:56:07.315917|[SDK][WS][SERVICE]connected nodes,count=2
info|2023-07-08 09:56:27.257258|[EVENT][SUB][doLoop]event sub tasks report,working event sub count=0,suspend event sub count=0
info|2023-07-08 09:56:27.316419|[SDK][WS][SERVICE]connected nodes,count=2
info|2023-07-08 09:56:47.257944|[EVENT][SUB][doLoop]event sub tasks report,working event sub count=0,suspend event sub count=0
info|2023-07-08 09:56:47.316970|[SDK][WS][SERVICE]connected nodes,count=2
info|2023-07-08 09:57:07.258398|[EVENT][SUB][doLoop]event sub tasks report,working event sub count=0,suspend event sub count=0
info|2023-07-08 09:57:07.317311|[SDK][WS][SERVICE]connected nodes,count=2
info|2023-07-08 09:57:13.852072|[RPC][BLOCK][NUMBER][fromJson],group=group0,node=98a7f70ec883a722219d92253cf073a72605f4087aa3443c8e4aadc0af2dc3ac647d0fa1b5ac99cd6987abafe6d690ae71cd5fd2aeeabe7589bfb4748aabdfba,blockNumber=1919
info|2023-07-08 09:57:13.852123|[RPCWS][SERVICE][onRecvBlockNotifier]receive block number notifier,group=group0,node=98a7f70ec883a722219d92253cf073a72605f4087aa3443c8e4aadc0af2dc3ac647d0fa1b5ac99cd6987abafe6d690ae71cd5fd2aeeabe7589bfb4748aabdfba,blockNumber=1919
info|2023-07-08 09:57:13.852129|[RPCWS][SERVICE][updateGroupBlockNumber],groupID=group0,_blockNumber=1919
info|2023-07-08 09:57:13.852134|[RPCWS][SERVICE][onRecvBlockNotifier]block notifier callback,group=group0,node=98a7f70ec883a722219d92253cf073a72605f4087aa3443c8e4aadc0af2dc3ac647d0fa1b5ac99cd6987abafe6d690ae71cd5fd2aeeabe7589bfb4748aabdfba,blockNumber=1919
info|2023-07-08 09:57:13.852138|[WS]receive block notify,endpoint=127.0.0.1:20200,blk={
	"blockNumber" : 1919,
	"group" : "group0",
	"nodeName" : "98a7f70ec883a722219d92253cf073a72605f4087aa3443c8e4aadc0af2dc3ac647d0fa1b5ac99cd6987abafe6d690ae71cd5fd2aeeabe7589bfb4748aabdfba"
}
info|2023-07-08 09:57:13.886695|[RPC][BLOCK][NUMBER][fromJson],group=group0,node=2f993327933ad58672518b6d4f63920cbc68b80f78f4d81192552ee6362f5cc81ee13bdc678ad65f06e76444cadb53b33694cfb3fc7679b8000411975fedd28a,blockNumber=1919
info|2023-07-08 09:57:13.886729|[RPCWS][SERVICE][onRecvBlockNotifier]receive block number notifier,group=group0,node=2f993327933ad58672518b6d4f63920cbc68b80f78f4d81192552ee6362f5cc81ee13bdc678ad65f06e76444cadb53b33694cfb3fc7679b8000411975fedd28a,blockNumber=1919
info|2023-07-08 09:57:13.886736|[WS]receive block notify,endpoint=127.0.0.1:20201,blk={
	"blockNumber" : 1919,
	"group" : "group0",
	"nodeName" : "2f993327933ad58672518b6d4f63920cbc68b80f78f4d81192552ee6362f5cc81ee13bdc678ad65f06e76444cadb53b33694cfb3fc7679b8000411975fedd28a"
}
info|2023-07-08 09:57:14.414522|[RPC][BLOCK][NUMBER][fromJson],group=group0,node=98a7f70ec883a722219d92253cf073a72605f4087aa3443c8e4aadc0af2dc3ac647d0fa1b5ac99cd6987abafe6d690ae71cd5fd2aeeabe7589bfb4748aabdfba,blockNumber=1920
info|2023-07-08 09:57:14.414556|[RPCWS][SERVICE][onRecvBlockNotifier]receive block number notifier,group=group0,node=98a7f70ec883a722219d92253cf073a72605f4087aa3443c8e4aadc0af2dc3ac647d0fa1b5ac99cd6987abafe6d690ae71cd5fd2aeeabe7589bfb4748aabdfba,blockNumber=1920
info|2023-07-08 09:57:14.414563|[RPCWS][SERVICE][updateGroupBlockNumber],groupID=group0,_blockNumber=1920
info|2023-07-08 09:57:14.414567|[RPCWS][SERVICE][onRecvBlockNotifier]block notifier callback,group=group0,node=98a7f70ec883a722219d92253cf073a72605f4087aa3443c8e4aadc0af2dc3ac647d0fa1b5ac99cd6987abafe6d690ae71cd5fd2aeeabe7589bfb4748aabdfba,blockNumber=1920
info|2023-07-08 09:57:14.414571|[WS]receive block notify,endpoint=127.0.0.1:20200,blk={
	"blockNumber" : 1920,
	"group" : "group0",
	"nodeName" : "98a7f70ec883a722219d92253cf073a72605f4087aa3443c8e4aadc0af2dc3ac647d0fa1b5ac99cd6987abafe6d690ae71cd5fd2aeeabe7589bfb4748aabdfba"
}
info|2023-07-08 09:57:14.446988|[RPC][BLOCK][NUMBER][fromJson],group=group0,node=2f993327933ad58672518b6d4f63920cbc68b80f78f4d81192552ee6362f5cc81ee13bdc678ad65f06e76444cadb53b33694cfb3fc7679b8000411975fedd28a,blockNumber=1920
info|2023-07-08 09:57:14.447033|[RPCWS][SERVICE][onRecvBlockNotifier]receive block number notifier,group=group0,node=2f993327933ad58672518b6d4f63920cbc68b80f78f4d81192552ee6362f5cc81ee13bdc678ad65f06e76444cadb53b33694cfb3fc7679b8000411975fedd28a,blockNumber=1920
info|2023-07-08 09:57:14.447041|[WS]receive block notify,endpoint=127.0.0.1:20201,blk={
	"blockNumber" : 1920,
	"group" : "group0",
	"nodeName" : "2f993327933ad58672518b6d4f63920cbc68b80f78f4d81192552ee6362f5cc81ee13bdc678ad65f06e76444cadb53b33694cfb3fc7679b8000411975fedd28a"
}
info|2023-07-08 09:57:14.966388|[RPC][BLOCK][NUMBER][fromJson],group=group0,node=98a7f70ec883a722219d92253cf073a72605f4087aa3443c8e4aadc0af2dc3ac647d0fa1b5ac99cd6987abafe6d690ae71cd5fd2aeeabe7589bfb4748aabdfba,blockNumber=1921
info|2023-07-08 09:57:14.966410|[RPCWS][SERVICE][onRecvBlockNotifier]receive block number notifier,group=group0,node=98a7f70ec883a722219d92253cf073a72605f4087aa3443c8e4aadc0af2dc3ac647d0fa1b5ac99cd6987abafe6d690ae71cd5fd2aeeabe7589bfb4748aabdfba,blockNumber=1921
info|2023-07-08 09:57:14.966416|[RPCWS][SERVICE][updateGroupBlockNumber],groupID=group0,_blockNumber=1921
info|2023-07-08 09:57:14.966420|[RPCWS][SERVICE][onRecvBlockNotifier]block notifier callback,group=group0,node=98a7f70ec883a722219d92253cf073a72605f4087aa3443c8e4aadc0af2dc3ac647d0fa1b5ac99cd6987abafe6d690ae71cd5fd2aeeabe7589bfb4748aabdfba,blockNumber=1921
info|2023-07-08 09:57:14.966423|[WS]receive block notify,endpoint=127.0.0.1:20200,blk={
	"blockNumber" : 1921,
	"group" : "group0",
	"nodeName" : "98a7f70ec883a722219d92253cf073a72605f4087aa3443c8e4aadc0af2dc3ac647d0fa1b5ac99cd6987abafe6d690ae71cd5fd2aeeabe7589bfb4748aabdfba"
}
info|2023-07-08 09:57:14.998969|[RPC][BLOCK][NUMBER][fromJson],group=group0,node=2f993327933ad58672518b6d4f63920cbc68b80f78f4d81192552ee6362f5cc81ee13bdc678ad65f06e76444cadb53b33694cfb3fc7679b8000411975fedd28a,blockNumber=1921
info|2023-07-08 09:57:14.998987|[RPCWS][SERVICE][onRecvBlockNotifier]receive block number notifier,group=group0,node=2f993327933ad58672518b6d4f63920cbc68b80f78f4d81192552ee6362f5cc81ee13bdc678ad65f06e76444cadb53b33694cfb3fc7679b8000411975fedd28a,blockNumber=1921
info|2023-07-08 09:57:14.998993|[WS]receive block notify,endpoint=127.0.0.1:20201,blk={
	"blockNumber" : 1921,
	"group" : "group0",
	"nodeName" : "2f993327933ad58672518b6d4f63920cbc68b80f78f4d81192552ee6362f5cc81ee13bdc678ad65f06e76444cadb53b33694cfb3fc7679b8000411975fedd28a"
}
info|2023-07-08 09:57:15.530787|[RPC][BLOCK][NUMBER][fromJson],group=group0,node=98a7f70ec883a722219d92253cf073a72605f4087aa3443c8e4aadc0af2dc3ac647d0fa1b5ac99cd6987abafe6d690ae71cd5fd2aeeabe7589bfb4748aabdfba,blockNumber=1922
info|2023-07-08 09:57:15.530828|[RPCWS][SERVICE][onRecvBlockNotifier]receive block number notifier,group=group0,node=98a7f70ec883a722219d92253cf073a72605f4087aa3443c8e4aadc0af2dc3ac647d0fa1b5ac99cd6987abafe6d690ae71cd5fd2aeeabe7589bfb4748aabdfba,blockNumber=1922
info|2023-07-08 09:57:15.530833|[RPCWS][SERVICE][updateGroupBlockNumber],groupID=group0,_blockNumber=1922
info|2023-07-08 09:57:15.530837|[RPCWS][SERVICE][onRecvBlockNotifier]block notifier callback,group=group0,node=98a7f70ec883a722219d92253cf073a72605f4087aa3443c8e4aadc0af2dc3ac647d0fa1b5ac99cd6987abafe6d690ae71cd5fd2aeeabe7589bfb4748aabdfba,blockNumber=1922
info|2023-07-08 09:57:15.530841|[WS]receive block notify,endpoint=127.0.0.1:20200,blk={
	"blockNumber" : 1922,
	"group" : "group0",
	"nodeName" : "98a7f70ec883a722219d92253cf073a72605f4087aa3443c8e4aadc0af2dc3ac647d0fa1b5ac99cd6987abafe6d690ae71cd5fd2aeeabe7589bfb4748aabdfba"
}
info|2023-07-08 09:57:15.647523|[RPC][BLOCK][NUMBER][fromJson],group=group0,node=2f993327933ad58672518b6d4f63920cbc68b80f78f4d81192552ee6362f5cc81ee13bdc678ad65f06e76444cadb53b33694cfb3fc7679b8000411975fedd28a,blockNumber=1922
info|2023-07-08 09:57:15.647541|[RPCWS][SERVICE][onRecvBlockNotifier]receive block number notifier,group=group0,node=2f993327933ad58672518b6d4f63920cbc68b80f78f4d81192552ee6362f5cc81ee13bdc678ad65f06e76444cadb53b33694cfb3fc7679b8000411975fedd28a,blockNumber=1922
info|2023-07-08 09:57:15.647547|[WS]receive block notify,endpoint=127.0.0.1:20201,blk={
	"blockNumber" : 1922,
	"group" : "group0",
	"nodeName" : "2f993327933ad58672518b6d4f63920cbc68b80f78f4d81192552ee6362f5cc81ee13bdc678ad65f06e76444cadb53b33694cfb3fc7679b8000411975fedd28a"
}
info|2023-07-08 09:57:16.057345|[RPC][BLOCK][NUMBER][fromJson],group=group0,node=98a7f70ec883a722219d92253cf073a72605f4087aa3443c8e4aadc0af2dc3ac647d0fa1b5ac99cd6987abafe6d690ae71cd5fd2aeeabe7589bfb4748aabdfba,blockNumber=1923
info|2023-07-08 09:57:16.057379|[RPCWS][SERVICE][onRecvBlockNotifier]receive block number notifier,group=group0,node=98a7f70ec883a722219d92253cf073a72605f4087aa3443c8e4aadc0af2dc3ac647d0fa1b5ac99cd6987abafe6d690ae71cd5fd2aeeabe7589bfb4748aabdfba,blockNumber=1923
info|2023-07-08 09:57:16.057385|[RPCWS][SERVICE][updateGroupBlockNumber],groupID=group0,_blockNumber=1923
info|2023-07-08 09:57:16.057389|[RPCWS][SERVICE][onRecvBlockNotifier]block notifier callback,group=group0,node=98a7f70ec883a722219d92253cf073a72605f4087aa3443c8e4aadc0af2dc3ac647d0fa1b5ac99cd6987abafe6d690ae71cd5fd2aeeabe7589bfb4748aabdfba,blockNumber=1923
info|2023-07-08 09:57:16.057393|[WS]receive block notify,endpoint=127.0.0.1:20200,blk={
	"blockNumber" : 1923,
	"group" : "group0",
	"nodeName" : "98a7f70ec883a722219d92253cf073a72605f4087aa3443c8e4aadc0af2dc3ac647d0fa1b5ac99cd6987abafe6d690ae71cd5fd2aeeabe7589bfb4748aabdfba"
}
info|2023-07-08 09:57:16.186394|[RPC][BLOCK][NUMBER][fromJson],group=group0,node=2f993327933ad58672518b6d4f63920cbc68b80f78f4d81192552ee6362f5cc81ee13bdc678ad65f06e76444cadb53b33694cfb3fc7679b8000411975fedd28a,blockNumber=1923
info|2023-07-08 09:57:16.186453|[RPCWS][SERVICE][onRecvBlockNotifier]receive block number notifier,group=group0,node=2f993327933ad58672518b6d4f63920cbc68b80f78f4d81192552ee6362f5cc81ee13bdc678ad65f06e76444cadb53b33694cfb3fc7679b8000411975fedd28a,blockNumber=1923
info|2023-07-08 09:57:16.186462|[WS]receive block notify,endpoint=127.0.0.1:20201,blk={
	"blockNumber" : 1923,
	"group" : "group0",
	"nodeName" : "2f993327933ad58672518b6d4f63920cbc68b80f78f4d81192552ee6362f5cc81ee13bdc678ad65f06e76444cadb53b33694cfb3fc7679b8000411975fedd28a"
}
info|2023-07-08 09:57:16.611892|[RPC][BLOCK][NUMBER][fromJson],group=group0,node=98a7f70ec883a722219d92253cf073a72605f4087aa3443c8e4aadc0af2dc3ac647d0fa1b5ac99cd6987abafe6d690ae71cd5fd2aeeabe7589bfb4748aabdfba,blockNumber=1924
info|2023-07-08 09:57:16.611913|[RPCWS][SERVICE][onRecvBlockNotifier]receive block number notifier,group=group0,node=98a7f70ec883a722219d92253cf073a72605f4087aa3443c8e4aadc0af2dc3ac647d0fa1b5ac99cd6987abafe6d690ae71cd5fd2aeeabe7589bfb4748aabdfba,blockNumber=1924
info|2023-07-08 09:57:16.611918|[RPCWS][SERVICE][updateGroupBlockNumber],groupID=group0,_blockNumber=1924
info|2023-07-08 09:57:16.611922|[RPCWS][SERVICE][onRecvBlockNotifier]block notifier callback,group=group0,node=98a7f70ec883a722219d92253cf073a72605f4087aa3443c8e4aadc0af2dc3ac647d0fa1b5ac99cd6987abafe6d690ae71cd5fd2aeeabe7589bfb4748aabdfba,blockNumber=1924
info|2023-07-08 09:57:16.611925|[WS]receive block notify,endpoint=127.0.0.1:20200,blk={
	"blockNumber" : 1924,
	"group" : "group0",
	"nodeName" : "98a7f70ec883a722219d92253cf073a72605f4087aa3443c8e4aadc0af2dc3ac647d0fa1b5ac99cd6987abafe6d690ae71cd5fd2aeeabe7589bfb4748aabdfba"
}
info|2023-07-08 09:57:16.663135|[RPC][BLOCK][NUMBER][fromJson],group=group0,node=2f993327933ad58672518b6d4f63920cbc68b80f78f4d81192552ee6362f5cc81ee13bdc678ad65f06e76444cadb53b33694cfb3fc7679b8000411975fedd28a,blockNumber=1924
info|2023-07-08 09:57:16.663168|[RPCWS][SERVICE][onRecvBlockNotifier]receive block number notifier,group=group0,node=2f993327933ad58672518b6d4f63920cbc68b80f78f4d81192552ee6362f5cc81ee13bdc678ad65f06e76444cadb53b33694cfb3fc7679b8000411975fedd28a,blockNumber=1924
info|2023-07-08 09:57:16.663175|[WS]receive block notify,endpoint=127.0.0.1:20201,blk={
	"blockNumber" : 1924,
	"group" : "group0",
	"nodeName" : "2f993327933ad58672518b6d4f63920cbc68b80f78f4d81192552ee6362f5cc81ee13bdc678ad65f06e76444cadb53b33694cfb3fc7679b8000411975fedd28a"
}
info|2023-07-08 09:57:17.163525|[RPC][BLOCK][NUMBER][fromJson],group=group0,node=98a7f70ec883a722219d92253cf073a72605f4087aa3443c8e4aadc0af2dc3ac647d0fa1b5ac99cd6987abafe6d690ae71cd5fd2aeeabe7589bfb4748aabdfba,blockNumber=1925
info|2023-07-08 09:57:17.163546|[RPCWS][SERVICE][onRecvBlockNotifier]receive block number notifier,group=group0,node=98a7f70ec883a722219d92253cf073a72605f4087aa3443c8e4aadc0af2dc3ac647d0fa1b5ac99cd6987abafe6d690ae71cd5fd2aeeabe7589bfb4748aabdfba,blockNumber=1925
info|2023-07-08 09:57:17.163550|[RPCWS][SERVICE][updateGroupBlockNumber],groupID=group0,_blockNumber=1925
info|2023-07-08 09:57:17.163555|[RPCWS][SERVICE][onRecvBlockNotifier]block notifier callback,group=group0,node=98a7f70ec883a722219d92253cf073a72605f4087aa3443c8e4aadc0af2dc3ac647d0fa1b5ac99cd6987abafe6d690ae71cd5fd2aeeabe7589bfb4748aabdfba,blockNumber=1925
info|2023-07-08 09:57:17.163558|[WS]receive block notify,endpoint=127.0.0.1:20200,blk={
	"blockNumber" : 1925,
	"group" : "group0",
	"nodeName" : "98a7f70ec883a722219d92253cf073a72605f4087aa3443c8e4aadc0af2dc3ac647d0fa1b5ac99cd6987abafe6d690ae71cd5fd2aeeabe7589bfb4748aabdfba"
}
info|2023-07-08 09:57:17.211843|[RPC][BLOCK][NUMBER][fromJson],group=group0,node=2f993327933ad58672518b6d4f63920cbc68b80f78f4d81192552ee6362f5cc81ee13bdc678ad65f06e76444cadb53b33694cfb3fc7679b8000411975fedd28a,blockNumber=1925
info|2023-07-08 09:57:17.211880|[RPCWS][SERVICE][onRecvBlockNotifier]receive block number notifier,group=group0,node=2f993327933ad58672518b6d4f63920cbc68b80f78f4d81192552ee6362f5cc81ee13bdc678ad65f06e76444cadb53b33694cfb3fc7679b8000411975fedd28a,blockNumber=1925
info|2023-07-08 09:57:17.211888|[WS]receive block notify,endpoint=127.0.0.1:20201,blk={
	"blockNumber" : 1925,
	"group" : "group0",
	"nodeName" : "2f993327933ad58672518b6d4f63920cbc68b80f78f4d81192552ee6362f5cc81ee13bdc678ad65f06e76444cadb53b33694cfb3fc7679b8000411975fedd28a"
}
info|2023-07-08 09:57:17.770158|[RPC][BLOCK][NUMBER][fromJson],group=group0,node=98a7f70ec883a722219d92253cf073a72605f4087aa3443c8e4aadc0af2dc3ac647d0fa1b5ac99cd6987abafe6d690ae71cd5fd2aeeabe7589bfb4748aabdfba,blockNumber=1926
info|2023-07-08 09:57:17.770179|[RPCWS][SERVICE][onRecvBlockNotifier]receive block number notifier,group=group0,node=98a7f70ec883a722219d92253cf073a72605f4087aa3443c8e4aadc0af2dc3ac647d0fa1b5ac99cd6987abafe6d690ae71cd5fd2aeeabe7589bfb4748aabdfba,blockNumber=1926
info|2023-07-08 09:57:17.770185|[RPCWS][SERVICE][updateGroupBlockNumber],groupID=group0,_blockNumber=1926
info|2023-07-08 09:57:17.770189|[RPCWS][SERVICE][onRecvBlockNotifier]block notifier callback,group=group0,node=98a7f70ec883a722219d92253cf073a72605f4087aa3443c8e4aadc0af2dc3ac647d0fa1b5ac99cd6987abafe6d690ae71cd5fd2aeeabe7589bfb4748aabdfba,blockNumber=1926
info|2023-07-08 09:57:17.770193|[WS]receive block notify,endpoint=127.0.0.1:20200,blk={
	"blockNumber" : 1926,
	"group" : "group0",
	"nodeName" : "98a7f70ec883a722219d92253cf073a72605f4087aa3443c8e4aadc0af2dc3ac647d0fa1b5ac99cd6987abafe6d690ae71cd5fd2aeeabe7589bfb4748aabdfba"
}
info|2023-07-08 09:57:17.784306|[RPC][BLOCK][NUMBER][fromJson],group=group0,node=2f993327933ad58672518b6d4f63920cbc68b80f78f4d81192552ee6362f5cc81ee13bdc678ad65f06e76444cadb53b33694cfb3fc7679b8000411975fedd28a,blockNumber=1926
info|2023-07-08 09:57:17.784347|[RPCWS][SERVICE][onRecvBlockNotifier]receive block number notifier,group=group0,node=2f993327933ad58672518b6d4f63920cbc68b80f78f4d81192552ee6362f5cc81ee13bdc678ad65f06e76444cadb53b33694cfb3fc7679b8000411975fedd28a,blockNumber=1926
info|2023-07-08 09:57:17.784355|[WS]receive block notify,endpoint=127.0.0.1:20201,blk={
	"blockNumber" : 1926,
	"group" : "group0",
	"nodeName" : "2f993327933ad58672518b6d4f63920cbc68b80f78f4d81192552ee6362f5cc81ee13bdc678ad65f06e76444cadb53b33694cfb3fc7679b8000411975fedd28a"
}
info|2023-07-08 09:57:18.263411|[RPC][BLOCK][NUMBER][fromJson],group=group0,node=98a7f70ec883a722219d92253cf073a72605f4087aa3443c8e4aadc0af2dc3ac647d0fa1b5ac99cd6987abafe6d690ae71cd5fd2aeeabe7589bfb4748aabdfba,blockNumber=1927
info|2023-07-08 09:57:18.263432|[RPCWS][SERVICE][onRecvBlockNotifier]receive block number notifier,group=group0,node=98a7f70ec883a722219d92253cf073a72605f4087aa3443c8e4aadc0af2dc3ac647d0fa1b5ac99cd6987abafe6d690ae71cd5fd2aeeabe7589bfb4748aabdfba,blockNumber=1927
info|2023-07-08 09:57:18.263437|[RPCWS][SERVICE][updateGroupBlockNumber],groupID=group0,_blockNumber=1927
info|2023-07-08 09:57:18.263442|[RPCWS][SERVICE][onRecvBlockNotifier]block notifier callback,group=group0,node=98a7f70ec883a722219d92253cf073a72605f4087aa3443c8e4aadc0af2dc3ac647d0fa1b5ac99cd6987abafe6d690ae71cd5fd2aeeabe7589bfb4748aabdfba,blockNumber=1927
info|2023-07-08 09:57:18.263445|[WS]receive block notify,endpoint=127.0.0.1:20200,blk={
	"blockNumber" : 1927,
	"group" : "group0",
	"nodeName" : "98a7f70ec883a722219d92253cf073a72605f4087aa3443c8e4aadc0af2dc3ac647d0fa1b5ac99cd6987abafe6d690ae71cd5fd2aeeabe7589bfb4748aabdfba"
}
info|2023-07-08 09:57:18.314248|[RPC][BLOCK][NUMBER][fromJson],group=group0,node=2f993327933ad58672518b6d4f63920cbc68b80f78f4d81192552ee6362f5cc81ee13bdc678ad65f06e76444cadb53b33694cfb3fc7679b8000411975fedd28a,blockNumber=1927
info|2023-07-08 09:57:18.314281|[RPCWS][SERVICE][onRecvBlockNotifier]receive block number notifier,group=group0,node=2f993327933ad58672518b6d4f63920cbc68b80f78f4d81192552ee6362f5cc81ee13bdc678ad65f06e76444cadb53b33694cfb3fc7679b8000411975fedd28a,blockNumber=1927
info|2023-07-08 09:57:18.314289|[WS]receive block notify,endpoint=127.0.0.1:20201,blk={
	"blockNumber" : 1927,
	"group" : "group0",
	"nodeName" : "2f993327933ad58672518b6d4f63920cbc68b80f78f4d81192552ee6362f5cc81ee13bdc678ad65f06e76444cadb53b33694cfb3fc7679b8000411975fedd28a"
}
info|2023-07-08 09:57:18.820997|[RPC][BLOCK][NUMBER][fromJson],group=group0,node=98a7f70ec883a722219d92253cf073a72605f4087aa3443c8e4aadc0af2dc3ac647d0fa1b5ac99cd6987abafe6d690ae71cd5fd2aeeabe7589bfb4748aabdfba,blockNumber=1928
info|2023-07-08 09:57:18.821051|[RPCWS][SERVICE][onRecvBlockNotifier]receive block number notifier,group=group0,node=98a7f70ec883a722219d92253cf073a72605f4087aa3443c8e4aadc0af2dc3ac647d0fa1b5ac99cd6987abafe6d690ae71cd5fd2aeeabe7589bfb4748aabdfba,blockNumber=1928
info|2023-07-08 09:57:18.821059|[RPCWS][SERVICE][updateGroupBlockNumber],groupID=group0,_blockNumber=1928
info|2023-07-08 09:57:18.821062|[RPCWS][SERVICE][onRecvBlockNotifier]block notifier callback,group=group0,node=98a7f70ec883a722219d92253cf073a72605f4087aa3443c8e4aadc0af2dc3ac647d0fa1b5ac99cd6987abafe6d690ae71cd5fd2aeeabe7589bfb4748aabdfba,blockNumber=1928
info|2023-07-08 09:57:18.821066|[WS]receive block notify,endpoint=127.0.0.1:20200,blk={
	"blockNumber" : 1928,
	"group" : "group0",
	"nodeName" : "98a7f70ec883a722219d92253cf073a72605f4087aa3443c8e4aadc0af2dc3ac647d0fa1b5ac99cd6987abafe6d690ae71cd5fd2aeeabe7589bfb4748aabdfba"
}
info|2023-07-08 09:57:18.874738|[RPC][BLOCK][NUMBER][fromJson],group=group0,node=2f993327933ad58672518b6d4f63920cbc68b80f78f4d81192552ee6362f5cc81ee13bdc678ad65f06e76444cadb53b33694cfb3fc7679b8000411975fedd28a,blockNumber=1928
info|2023-07-08 09:57:18.874771|[RPCWS][SERVICE][onRecvBlockNotifier]receive block number notifier,group=group0,node=2f993327933ad58672518b6d4f63920cbc68b80f78f4d81192552ee6362f5cc81ee13bdc678ad65f06e76444cadb53b33694cfb3fc7679b8000411975fedd28a,blockNumber=1928
info|2023-07-08 09:57:18.874779|[WS]receive block notify,endpoint=127.0.0.1:20201,blk={
	"blockNumber" : 1928,
	"group" : "group0",
	"nodeName" : "2f993327933ad58672518b6d4f63920cbc68b80f78f4d81192552ee6362f5cc81ee13bdc678ad65f06e76444cadb53b33694cfb3fc7679b8000411975fedd28a"
}
info|2023-07-08 09:57:19.416464|[RPC][BLOCK][NUMBER][fromJson],group=group0,node=98a7f70ec883a722219d92253cf073a72605f4087aa3443c8e4aadc0af2dc3ac647d0fa1b5ac99cd6987abafe6d690ae71cd5fd2aeeabe7589bfb4748aabdfba,blockNumber=1929
info|2023-07-08 09:57:19.416487|[RPCWS][SERVICE][onRecvBlockNotifier]receive block number notifier,group=group0,node=98a7f70ec883a722219d92253cf073a72605f4087aa3443c8e4aadc0af2dc3ac647d0fa1b5ac99cd6987abafe6d690ae71cd5fd2aeeabe7589bfb4748aabdfba,blockNumber=1929
info|2023-07-08 09:57:19.416492|[RPCWS][SERVICE][updateGroupBlockNumber],groupID=group0,_blockNumber=1929
info|2023-07-08 09:57:19.416496|[RPCWS][SERVICE][onRecvBlockNotifier]block notifier callback,group=group0,node=98a7f70ec883a722219d92253cf073a72605f4087aa3443c8e4aadc0af2dc3ac647d0fa1b5ac99cd6987abafe6d690ae71cd5fd2aeeabe7589bfb4748aabdfba,blockNumber=1929
info|2023-07-08 09:57:19.416500|[WS]receive block notify,endpoint=127.0.0.1:20200,blk={
	"blockNumber" : 1929,
	"group" : "group0",
	"nodeName" : "98a7f70ec883a722219d92253cf073a72605f4087aa3443c8e4aadc0af2dc3ac647d0fa1b5ac99cd6987abafe6d690ae71cd5fd2aeeabe7589bfb4748aabdfba"
}
info|2023-07-08 09:57:19.419792|[RPC][BLOCK][NUMBER][fromJson],group=group0,node=2f993327933ad58672518b6d4f63920cbc68b80f78f4d81192552ee6362f5cc81ee13bdc678ad65f06e76444cadb53b33694cfb3fc7679b8000411975fedd28a,blockNumber=1929
info|2023-07-08 09:57:19.419824|[RPCWS][SERVICE][onRecvBlockNotifier]receive block number notifier,group=group0,node=2f993327933ad58672518b6d4f63920cbc68b80f78f4d81192552ee6362f5cc81ee13bdc678ad65f06e76444cadb53b33694cfb3fc7679b8000411975fedd28a,blockNumber=1929
info|2023-07-08 09:57:19.419832|[WS]receive block notify,endpoint=127.0.0.1:20201,blk={
	"blockNumber" : 1929,
	"group" : "group0",
	"nodeName" : "2f993327933ad58672518b6d4f63920cbc68b80f78f4d81192552ee6362f5cc81ee13bdc678ad65f06e76444cadb53b33694cfb3fc7679b8000411975fedd28a"
}
info|2023-07-08 09:57:19.967981|[RPC][BLOCK][NUMBER][fromJson],group=group0,node=98a7f70ec883a722219d92253cf073a72605f4087aa3443c8e4aadc0af2dc3ac647d0fa1b5ac99cd6987abafe6d690ae71cd5fd2aeeabe7589bfb4748aabdfba,blockNumber=1930
info|2023-07-08 09:57:19.968006|[RPCWS][SERVICE][onRecvBlockNotifier]receive block number notifier,group=group0,node=98a7f70ec883a722219d92253cf073a72605f4087aa3443c8e4aadc0af2dc3ac647d0fa1b5ac99cd6987abafe6d690ae71cd5fd2aeeabe7589bfb4748aabdfba,blockNumber=1930
info|2023-07-08 09:57:19.968011|[RPCWS][SERVICE][updateGroupBlockNumber],groupID=group0,_blockNumber=1930
info|2023-07-08 09:57:19.968016|[RPCWS][SERVICE][onRecvBlockNotifier]block notifier callback,group=group0,node=98a7f70ec883a722219d92253cf073a72605f4087aa3443c8e4aadc0af2dc3ac647d0fa1b5ac99cd6987abafe6d690ae71cd5fd2aeeabe7589bfb4748aabdfba,blockNumber=1930
info|2023-07-08 09:57:19.968020|[WS]receive block notify,endpoint=127.0.0.1:20200,blk={
	"blockNumber" : 1930,
	"group" : "group0",
	"nodeName" : "98a7f70ec883a722219d92253cf073a72605f4087aa3443c8e4aadc0af2dc3ac647d0fa1b5ac99cd6987abafe6d690ae71cd5fd2aeeabe7589bfb4748aabdfba"
}
info|2023-07-08 09:57:20.010075|[RPC][BLOCK][NUMBER][fromJson],group=group0,node=2f993327933ad58672518b6d4f63920cbc68b80f78f4d81192552ee6362f5cc81ee13bdc678ad65f06e76444cadb53b33694cfb3fc7679b8000411975fedd28a,blockNumber=1930
info|2023-07-08 09:57:20.010121|[RPCWS][SERVICE][onRecvBlockNotifier]receive block number notifier,group=group0,node=2f993327933ad58672518b6d4f63920cbc68b80f78f4d81192552ee6362f5cc81ee13bdc678ad65f06e76444cadb53b33694cfb3fc7679b8000411975fedd28a,blockNumber=1930
info|2023-07-08 09:57:20.010130|[WS]receive block notify,endpoint=127.0.0.1:20201,blk={
	"blockNumber" : 1930,
	"group" : "group0",
	"nodeName" : "2f993327933ad58672518b6d4f63920cbc68b80f78f4d81192552ee6362f5cc81ee13bdc678ad65f06e76444cadb53b33694cfb3fc7679b8000411975fedd28a"
}
info|2023-07-08 09:57:20.486933|[RPC][BLOCK][NUMBER][fromJson],group=group0,node=98a7f70ec883a722219d92253cf073a72605f4087aa3443c8e4aadc0af2dc3ac647d0fa1b5ac99cd6987abafe6d690ae71cd5fd2aeeabe7589bfb4748aabdfba,blockNumber=1931
info|2023-07-08 09:57:20.486956|[RPCWS][SERVICE][onRecvBlockNotifier]receive block number notifier,group=group0,node=98a7f70ec883a722219d92253cf073a72605f4087aa3443c8e4aadc0af2dc3ac647d0fa1b5ac99cd6987abafe6d690ae71cd5fd2aeeabe7589bfb4748aabdfba,blockNumber=1931
info|2023-07-08 09:57:20.486962|[RPCWS][SERVICE][updateGroupBlockNumber],groupID=group0,_blockNumber=1931
info|2023-07-08 09:57:20.486966|[RPCWS][SERVICE][onRecvBlockNotifier]block notifier callback,group=group0,node=98a7f70ec883a722219d92253cf073a72605f4087aa3443c8e4aadc0af2dc3ac647d0fa1b5ac99cd6987abafe6d690ae71cd5fd2aeeabe7589bfb4748aabdfba,blockNumber=1931
info|2023-07-08 09:57:20.486969|[WS]receive block notify,endpoint=127.0.0.1:20200,blk={
	"blockNumber" : 1931,
	"group" : "group0",
	"nodeName" : "98a7f70ec883a722219d92253cf073a72605f4087aa3443c8e4aadc0af2dc3ac647d0fa1b5ac99cd6987abafe6d690ae71cd5fd2aeeabe7589bfb4748aabdfba"
}
info|2023-07-08 09:57:20.500645|[RPC][BLOCK][NUMBER][fromJson],group=group0,node=2f993327933ad58672518b6d4f63920cbc68b80f78f4d81192552ee6362f5cc81ee13bdc678ad65f06e76444cadb53b33694cfb3fc7679b8000411975fedd28a,blockNumber=1931
info|2023-07-08 09:57:20.500665|[RPCWS][SERVICE][onRecvBlockNotifier]receive block number notifier,group=group0,node=2f993327933ad58672518b6d4f63920cbc68b80f78f4d81192552ee6362f5cc81ee13bdc678ad65f06e76444cadb53b33694cfb3fc7679b8000411975fedd28a,blockNumber=1931
info|2023-07-08 09:57:20.500673|[WS]receive block notify,endpoint=127.0.0.1:20201,blk={
	"blockNumber" : 1931,
	"group" : "group0",
	"nodeName" : "2f993327933ad58672518b6d4f63920cbc68b80f78f4d81192552ee6362f5cc81ee13bdc678ad65f06e76444cadb53b33694cfb3fc7679b8000411975fedd28a"
}
info|2023-07-08 09:57:21.308057|[RPC][BLOCK][NUMBER][fromJson],group=group0,node=98a7f70ec883a722219d92253cf073a72605f4087aa3443c8e4aadc0af2dc3ac647d0fa1b5ac99cd6987abafe6d690ae71cd5fd2aeeabe7589bfb4748aabdfba,blockNumber=1932
info|2023-07-08 09:57:21.308090|[RPCWS][SERVICE][onRecvBlockNotifier]receive block number notifier,group=group0,node=98a7f70ec883a722219d92253cf073a72605f4087aa3443c8e4aadc0af2dc3ac647d0fa1b5ac99cd6987abafe6d690ae71cd5fd2aeeabe7589bfb4748aabdfba,blockNumber=1932
info|2023-07-08 09:57:21.308127|[RPCWS][SERVICE][updateGroupBlockNumber],groupID=group0,_blockNumber=1932
info|2023-07-08 09:57:21.308136|[RPCWS][SERVICE][onRecvBlockNotifier]block notifier callback,group=group0,node=98a7f70ec883a722219d92253cf073a72605f4087aa3443c8e4aadc0af2dc3ac647d0fa1b5ac99cd6987abafe6d690ae71cd5fd2aeeabe7589bfb4748aabdfba,blockNumber=1932
info|2023-07-08 09:57:21.308141|[WS]receive block notify,endpoint=127.0.0.1:20200,blk={
	"blockNumber" : 1932,
	"group" : "group0",
	"nodeName" : "98a7f70ec883a722219d92253cf073a72605f4087aa3443c8e4aadc0af2dc3ac647d0fa1b5ac99cd6987abafe6d690ae71cd5fd2aeeabe7589bfb4748aabdfba"
}
info|2023-07-08 09:57:21.323504|[RPC][BLOCK][NUMBER][fromJson],group=group0,node=2f993327933ad58672518b6d4f63920cbc68b80f78f4d81192552ee6362f5cc81ee13bdc678ad65f06e76444cadb53b33694cfb3fc7679b8000411975fedd28a,blockNumber=1932
info|2023-07-08 09:57:21.324022|[RPCWS][SERVICE][onRecvBlockNotifier]receive block number notifier,group=group0,node=2f993327933ad58672518b6d4f63920cbc68b80f78f4d81192552ee6362f5cc81ee13bdc678ad65f06e76444cadb53b33694cfb3fc7679b8000411975fedd28a,blockNumber=1932
info|2023-07-08 09:57:21.324033|[WS]receive block notify,endpoint=127.0.0.1:20201,blk={
	"blockNumber" : 1932,
	"group" : "group0",
	"nodeName" : "2f993327933ad58672518b6d4f63920cbc68b80f78f4d81192552ee6362f5cc81ee13bdc678ad65f06e76444cadb53b33694cfb3fc7679b8000411975fedd28a"
}
info|2023-07-08 09:57:21.740140|[RPC][BLOCK][NUMBER][fromJson],group=group0,node=98a7f70ec883a722219d92253cf073a72605f4087aa3443c8e4aadc0af2dc3ac647d0fa1b5ac99cd6987abafe6d690ae71cd5fd2aeeabe7589bfb4748aabdfba,blockNumber=1933
info|2023-07-08 09:57:21.740166|[RPCWS][SERVICE][onRecvBlockNotifier]receive block number notifier,group=group0,node=98a7f70ec883a722219d92253cf073a72605f4087aa3443c8e4aadc0af2dc3ac647d0fa1b5ac99cd6987abafe6d690ae71cd5fd2aeeabe7589bfb4748aabdfba,blockNumber=1933
info|2023-07-08 09:57:21.740172|[RPCWS][SERVICE][updateGroupBlockNumber],groupID=group0,_blockNumber=1933
info|2023-07-08 09:57:21.740200|[RPCWS][SERVICE][onRecvBlockNotifier]block notifier callback,group=group0,node=98a7f70ec883a722219d92253cf073a72605f4087aa3443c8e4aadc0af2dc3ac647d0fa1b5ac99cd6987abafe6d690ae71cd5fd2aeeabe7589bfb4748aabdfba,blockNumber=1933
info|2023-07-08 09:57:21.740208|[WS]receive block notify,endpoint=127.0.0.1:20200,blk={
	"blockNumber" : 1933,
	"group" : "group0",
	"nodeName" : "98a7f70ec883a722219d92253cf073a72605f4087aa3443c8e4aadc0af2dc3ac647d0fa1b5ac99cd6987abafe6d690ae71cd5fd2aeeabe7589bfb4748aabdfba"
}
info|2023-07-08 09:57:21.799635|[RPC][BLOCK][NUMBER][fromJson],group=group0,node=2f993327933ad58672518b6d4f63920cbc68b80f78f4d81192552ee6362f5cc81ee13bdc678ad65f06e76444cadb53b33694cfb3fc7679b8000411975fedd28a,blockNumber=1933
info|2023-07-08 09:57:21.799685|[RPCWS][SERVICE][onRecvBlockNotifier]receive block number notifier,group=group0,node=2f993327933ad58672518b6d4f63920cbc68b80f78f4d81192552ee6362f5cc81ee13bdc678ad65f06e76444cadb53b33694cfb3fc7679b8000411975fedd28a,blockNumber=1933
info|2023-07-08 09:57:21.799704|[WS]receive block notify,endpoint=127.0.0.1:20201,blk={
	"blockNumber" : 1933,
	"group" : "group0",
	"nodeName" : "2f993327933ad58672518b6d4f63920cbc68b80f78f4d81192552ee6362f5cc81ee13bdc678ad65f06e76444cadb53b33694cfb3fc7679b8000411975fedd28a"
}
info|2023-07-08 09:57:22.355877|[RPC][BLOCK][NUMBER][fromJson],group=group0,node=98a7f70ec883a722219d92253cf073a72605f4087aa3443c8e4aadc0af2dc3ac647d0fa1b5ac99cd6987abafe6d690ae71cd5fd2aeeabe7589bfb4748aabdfba,blockNumber=1934
info|2023-07-08 09:57:22.355905|[RPCWS][SERVICE][onRecvBlockNotifier]receive block number notifier,group=group0,node=98a7f70ec883a722219d92253cf073a72605f4087aa3443c8e4aadc0af2dc3ac647d0fa1b5ac99cd6987abafe6d690ae71cd5fd2aeeabe7589bfb4748aabdfba,blockNumber=1934
info|2023-07-08 09:57:22.355913|[RPCWS][SERVICE][updateGroupBlockNumber],groupID=group0,_blockNumber=1934
info|2023-07-08 09:57:22.355919|[RPCWS][SERVICE][onRecvBlockNotifier]block notifier callback,group=group0,node=98a7f70ec883a722219d92253cf073a72605f4087aa3443c8e4aadc0af2dc3ac647d0fa1b5ac99cd6987abafe6d690ae71cd5fd2aeeabe7589bfb4748aabdfba,blockNumber=1934
info|2023-07-08 09:57:22.355925|[WS]receive block notify,endpoint=127.0.0.1:20200,blk={
	"blockNumber" : 1934,
	"group" : "group0",
	"nodeName" : "98a7f70ec883a722219d92253cf073a72605f4087aa3443c8e4aadc0af2dc3ac647d0fa1b5ac99cd6987abafe6d690ae71cd5fd2aeeabe7589bfb4748aabdfba"
}
info|2023-07-08 09:57:22.364111|[RPC][BLOCK][NUMBER][fromJson],group=group0,node=2f993327933ad58672518b6d4f63920cbc68b80f78f4d81192552ee6362f5cc81ee13bdc678ad65f06e76444cadb53b33694cfb3fc7679b8000411975fedd28a,blockNumber=1934
info|2023-07-08 09:57:22.364139|[RPCWS][SERVICE][onRecvBlockNotifier]receive block number notifier,group=group0,node=2f993327933ad58672518b6d4f63920cbc68b80f78f4d81192552ee6362f5cc81ee13bdc678ad65f06e76444cadb53b33694cfb3fc7679b8000411975fedd28a,blockNumber=1934
info|2023-07-08 09:57:22.364149|[WS]receive block notify,endpoint=127.0.0.1:20201,blk={
	"blockNumber" : 1934,
	"group" : "group0",
	"nodeName" : "2f993327933ad58672518b6d4f63920cbc68b80f78f4d81192552ee6362f5cc81ee13bdc678ad65f06e76444cadb53b33694cfb3fc7679b8000411975fedd28a"
}
info|2023-07-08 09:57:27.258884|[EVENT][SUB][doLoop]event sub tasks report,working event sub count=0,suspend event sub count=0
info|2023-07-08 09:57:27.317585|[SDK][WS][SERVICE]connected nodes,count=2
info|2023-07-08 09:57:47.259206|[EVENT][SUB][doLoop]event sub tasks report,working event sub count=0,suspend event sub count=0
info|2023-07-08 09:57:47.317975|[SDK][WS][SERVICE]connected nodes,count=2
info|2023-07-08 09:58:07.259725|[EVENT][SUB][doLoop]event sub tasks report,working event sub count=0,suspend event sub count=0
info|2023-07-08 09:58:07.318114|[SDK][WS][SERVICE]connected nodes,count=2
info|2023-07-08 09:58:27.259858|[EVENT][SUB][doLoop]event sub tasks report,working event sub count=0,suspend event sub count=0
info|2023-07-08 09:58:27.318500|[SDK][WS][SERVICE]connected nodes,count=2
info|2023-07-08 09:58:47.260359|[EVENT][SUB][doLoop]event sub tasks report,working event sub count=0,suspend event sub count=0
info|2023-07-08 09:58:47.319244|[SDK][WS][SERVICE]connected nodes,count=2
info|2023-07-08 09:59:07.266708|[EVENT][SUB][doLoop]event sub tasks report,working event sub count=0,suspend event sub count=0
info|2023-07-08 09:59:07.319688|[SDK][WS][SERVICE]connected nodes,count=2
info|2023-07-08 09:59:27.266864|[EVENT][SUB][doLoop]event sub tasks report,working event sub count=0,suspend event sub count=0
info|2023-07-08 09:59:27.320378|[SDK][WS][SERVICE]connected nodes,count=2
info|2023-07-08 09:59:47.267246|[EVENT][SUB][doLoop]event sub tasks report,working event sub count=0,suspend event sub count=0
info|2023-07-08 09:59:47.320736|[SDK][WS][SERVICE]connected nodes,count=2
