info|2023-07-08 18:00:09.556211|[EVENT][SUB][doLoop]event sub tasks report,working event sub count=0,suspend event sub count=0
info|2023-07-08 18:00:10.006732|[SDK][WS][SERVICE]connected nodes,count=2
info|2023-07-08 18:00:29.556333|[EVENT][SUB][doLoop]event sub tasks report,working event sub count=0,suspend event sub count=0
info|2023-07-08 18:00:30.006880|[SDK][WS][SERVICE]connected nodes,count=2
info|2023-07-08 18:00:49.556511|[EVENT][SUB][doLoop]event sub tasks report,working event sub count=0,suspend event sub count=0
info|2023-07-08 18:00:50.007330|[SDK][WS][SERVICE]connected nodes,count=2
info|2023-07-08 18:01:09.557231|[EVENT][SUB][doLoop]event sub tasks report,working event sub count=0,suspend event sub count=0
info|2023-07-08 18:01:10.007681|[SDK][WS][SERVICE]connected nodes,count=2
info|2023-07-08 18:01:29.557361|[EVENT][SUB][doLoop]event sub tasks report,working event sub count=0,suspend event sub count=0
info|2023-07-08 18:01:30.008215|[SDK][WS][SERVICE]connected nodes,count=2
info|2023-07-08 18:01:49.557598|[EVENT][SUB][doLoop]event sub tasks report,working event sub count=0,suspend event sub count=0
info|2023-07-08 18:01:50.008685|[SDK][WS][SERVICE]connected nodes,count=2
info|2023-07-08 18:02:09.557697|[EVENT][SUB][doLoop]event sub tasks report,working event sub count=0,suspend event sub count=0
info|2023-07-08 18:02:10.009002|[SDK][WS][SERVICE]connected nodes,count=2
info|2023-07-08 18:02:29.557779|[EVENT][SUB][doLoop]event sub tasks report,working event sub count=0,suspend event sub count=0
info|2023-07-08 18:02:30.009789|[SDK][WS][SERVICE]connected nodes,count=2
info|2023-07-08 18:02:49.558155|[EVENT][SUB][doLoop]event sub tasks report,working event sub count=0,suspend event sub count=0
info|2023-07-08 18:02:50.010069|[SDK][WS][SERVICE]connected nodes,count=2
info|2023-07-08 18:03:09.558469|[EVENT][SUB][doLoop]event sub tasks report,working event sub count=0,suspend event sub count=0
info|2023-07-08 18:03:10.010497|[SDK][WS][SERVICE]connected nodes,count=2
info|2023-07-08 18:03:29.558677|[EVENT][SUB][doLoop]event sub tasks report,working event sub count=0,suspend event sub count=0
info|2023-07-08 18:03:30.011031|[SDK][WS][SERVICE]connected nodes,count=2
info|2023-07-08 18:03:49.558820|[EVENT][SUB][doLoop]event sub tasks report,working event sub count=0,suspend event sub count=0
info|2023-07-08 18:03:50.011564|[SDK][WS][SERVICE]connected nodes,count=2
info|2023-07-08 18:04:09.559012|[EVENT][SUB][doLoop]event sub tasks report,working event sub count=0,suspend event sub count=0
info|2023-07-08 18:04:10.011847|[SDK][WS][SERVICE]connected nodes,count=2
info|2023-07-08 18:04:29.559196|[EVENT][SUB][doLoop]event sub tasks report,working event sub count=0,suspend event sub count=0
info|2023-07-08 18:04:30.012574|[SDK][WS][SERVICE]connected nodes,count=2
info|2023-07-08 18:04:49.559598|[EVENT][SUB][doLoop]event sub tasks report,working event sub count=0,suspend event sub count=0
info|2023-07-08 18:04:50.013297|[SDK][WS][SERVICE]connected nodes,count=2
info|2023-07-08 18:05:09.559699|[EVENT][SUB][doLoop]event sub tasks report,working event sub count=0,suspend event sub count=0
info|2023-07-08 18:05:10.013550|[SDK][WS][SERVICE]connected nodes,count=2
info|2023-07-08 18:05:29.559816|[EVENT][SUB][doLoop]event sub tasks report,working event sub count=0,suspend event sub count=0
info|2023-07-08 18:05:30.014218|[SDK][WS][SERVICE]connected nodes,count=2
info|2023-07-08 18:05:49.559908|[EVENT][SUB][doLoop]event sub tasks report,working event sub count=0,suspend event sub count=0
info|2023-07-08 18:05:50.014376|[SDK][WS][SERVICE]connected nodes,count=2
info|2023-07-08 18:06:09.560122|[EVENT][SUB][doLoop]event sub tasks report,working event sub count=0,suspend event sub count=0
info|2023-07-08 18:06:10.015015|[SDK][WS][SERVICE]connected nodes,count=2
info|2023-07-08 18:06:29.560314|[EVENT][SUB][doLoop]event sub tasks report,working event sub count=0,suspend event sub count=0
info|2023-07-08 18:06:30.015251|[SDK][WS][SERVICE]connected nodes,count=2
info|2023-07-08 18:06:49.560600|[EVENT][SUB][doLoop]event sub tasks report,working event sub count=0,suspend event sub count=0
info|2023-07-08 18:06:50.015816|[SDK][WS][SERVICE]connected nodes,count=2
info|2023-07-08 18:07:09.560763|[EVENT][SUB][doLoop]event sub tasks report,working event sub count=0,suspend event sub count=0
info|2023-07-08 18:07:10.016130|[SDK][WS][SERVICE]connected nodes,count=2
info|2023-07-08 18:07:29.561207|[EVENT][SUB][doLoop]event sub tasks report,working event sub count=0,suspend event sub count=0
info|2023-07-08 18:07:30.016452|[SDK][WS][SERVICE]connected nodes,count=2
info|2023-07-08 18:07:49.561475|[EVENT][SUB][doLoop]event sub tasks report,working event sub count=0,suspend event sub count=0
info|2023-07-08 18:07:50.016753|[SDK][WS][SERVICE]connected nodes,count=2
info|2023-07-08 18:08:09.562101|[EVENT][SUB][doLoop]event sub tasks report,working event sub count=0,suspend event sub count=0
info|2023-07-08 18:08:10.017354|[SDK][WS][SERVICE]connected nodes,count=2
info|2023-07-08 18:08:29.562313|[EVENT][SUB][doLoop]event sub tasks report,working event sub count=0,suspend event sub count=0
info|2023-07-08 18:08:30.017648|[SDK][WS][SERVICE]connected nodes,count=2
info|2023-07-08 18:08:49.562466|[EVENT][SUB][doLoop]event sub tasks report,working event sub count=0,suspend event sub count=0
info|2023-07-08 18:08:50.018043|[SDK][WS][SERVICE]connected nodes,count=2
info|2023-07-08 18:09:09.562641|[EVENT][SUB][doLoop]event sub tasks report,working event sub count=0,suspend event sub count=0
info|2023-07-08 18:09:10.018335|[SDK][WS][SERVICE]connected nodes,count=2
info|2023-07-08 18:09:29.562805|[EVENT][SUB][doLoop]event sub tasks report,working event sub count=0,suspend event sub count=0
info|2023-07-08 18:09:30.018484|[SDK][WS][SERVICE]connected nodes,count=2
info|2023-07-08 18:09:49.563614|[EVENT][SUB][doLoop]event sub tasks report,working event sub count=0,suspend event sub count=0
info|2023-07-08 18:09:50.018625|[SDK][WS][SERVICE]connected nodes,count=2
info|2023-07-08 18:10:09.563942|[EVENT][SUB][doLoop]event sub tasks report,working event sub count=0,suspend event sub count=0
info|2023-07-08 18:10:10.018896|[SDK][WS][SERVICE]connected nodes,count=2
info|2023-07-08 18:10:29.564409|[EVENT][SUB][doLoop]event sub tasks report,working event sub count=0,suspend event sub count=0
info|2023-07-08 18:10:30.019107|[SDK][WS][SERVICE]connected nodes,count=2
info|2023-07-08 18:10:49.564907|[EVENT][SUB][doLoop]event sub tasks report,working event sub count=0,suspend event sub count=0
info|2023-07-08 18:10:50.019657|[SDK][WS][SERVICE]connected nodes,count=2
info|2023-07-08 18:11:09.565345|[EVENT][SUB][doLoop]event sub tasks report,working event sub count=0,suspend event sub count=0
info|2023-07-08 18:11:10.020223|[SDK][WS][SERVICE]connected nodes,count=2
info|2023-07-08 18:11:29.565508|[EVENT][SUB][doLoop]event sub tasks report,working event sub count=0,suspend event sub count=0
info|2023-07-08 18:11:30.020741|[SDK][WS][SERVICE]connected nodes,count=2
info|2023-07-08 18:11:49.565806|[EVENT][SUB][doLoop]event sub tasks report,working event sub count=0,suspend event sub count=0
info|2023-07-08 18:11:50.021286|[SDK][WS][SERVICE]connected nodes,count=2
info|2023-07-08 18:12:09.566383|[EVENT][SUB][doLoop]event sub tasks report,working event sub count=0,suspend event sub count=0
info|2023-07-08 18:12:10.022073|[SDK][WS][SERVICE]connected nodes,count=2
info|2023-07-08 18:12:29.566671|[EVENT][SUB][doLoop]event sub tasks report,working event sub count=0,suspend event sub count=0
info|2023-07-08 18:12:30.022354|[SDK][WS][SERVICE]connected nodes,count=2
info|2023-07-08 18:12:49.566761|[EVENT][SUB][doLoop]event sub tasks report,working event sub count=0,suspend event sub count=0
info|2023-07-08 18:12:50.022896|[SDK][WS][SERVICE]connected nodes,count=2
info|2023-07-08 18:13:09.566967|[EVENT][SUB][doLoop]event sub tasks report,working event sub count=0,suspend event sub count=0
info|2023-07-08 18:13:10.023284|[SDK][WS][SERVICE]connected nodes,count=2
info|2023-07-08 18:13:29.567391|[EVENT][SUB][doLoop]event sub tasks report,working event sub count=0,suspend event sub count=0
info|2023-07-08 18:13:30.023713|[SDK][WS][SERVICE]connected nodes,count=2
info|2023-07-08 18:13:49.567577|[EVENT][SUB][doLoop]event sub tasks report,working event sub count=0,suspend event sub count=0
info|2023-07-08 18:13:50.024348|[SDK][WS][SERVICE]connected nodes,count=2
info|2023-07-08 18:14:09.567733|[EVENT][SUB][doLoop]event sub tasks report,working event sub count=0,suspend event sub count=0
info|2023-07-08 18:14:10.024552|[SDK][WS][SERVICE]connected nodes,count=2
info|2023-07-08 18:14:29.568101|[EVENT][SUB][doLoop]event sub tasks report,working event sub count=0,suspend event sub count=0
info|2023-07-08 18:14:30.026278|[SDK][WS][SERVICE]connected nodes,count=2
info|2023-07-08 18:14:49.568769|[EVENT][SUB][doLoop]event sub tasks report,working event sub count=0,suspend event sub count=0
info|2023-07-08 18:14:50.026604|[SDK][WS][SERVICE]connected nodes,count=2
info|2023-07-08 18:15:09.569241|[EVENT][SUB][doLoop]event sub tasks report,working event sub count=0,suspend event sub count=0
info|2023-07-08 18:15:10.027073|[SDK][WS][SERVICE]connected nodes,count=2
info|2023-07-08 18:15:29.569594|[EVENT][SUB][doLoop]event sub tasks report,working event sub count=0,suspend event sub count=0
info|2023-07-08 18:15:30.027908|[SDK][WS][SERVICE]connected nodes,count=2
info|2023-07-08 18:15:49.569656|[EVENT][SUB][doLoop]event sub tasks report,working event sub count=0,suspend event sub count=0
info|2023-07-08 18:15:50.028172|[SDK][WS][SERVICE]connected nodes,count=2
info|2023-07-08 18:16:09.570238|[EVENT][SUB][doLoop]event sub tasks report,working event sub count=0,suspend event sub count=0
info|2023-07-08 18:16:10.028305|[SDK][WS][SERVICE]connected nodes,count=2
info|2023-07-08 18:16:29.570850|[EVENT][SUB][doLoop]event sub tasks report,working event sub count=0,suspend event sub count=0
info|2023-07-08 18:16:30.029138|[SDK][WS][SERVICE]connected nodes,count=2
info|2023-07-08 18:16:49.571310|[EVENT][SUB][doLoop]event sub tasks report,working event sub count=0,suspend event sub count=0
info|2023-07-08 18:16:50.029371|[SDK][WS][SERVICE]connected nodes,count=2
info|2023-07-08 18:17:09.572089|[EVENT][SUB][doLoop]event sub tasks report,working event sub count=0,suspend event sub count=0
info|2023-07-08 18:17:10.029800|[SDK][WS][SERVICE]connected nodes,count=2
info|2023-07-08 18:17:29.572148|[EVENT][SUB][doLoop]event sub tasks report,working event sub count=0,suspend event sub count=0
info|2023-07-08 18:17:30.030072|[SDK][WS][SERVICE]connected nodes,count=2
info|2023-07-08 18:17:49.572395|[EVENT][SUB][doLoop]event sub tasks report,working event sub count=0,suspend event sub count=0
info|2023-07-08 18:17:50.030241|[SDK][WS][SERVICE]connected nodes,count=2
info|2023-07-08 18:18:09.572476|[EVENT][SUB][doLoop]event sub tasks report,working event sub count=0,suspend event sub count=0
info|2023-07-08 18:18:10.030853|[SDK][WS][SERVICE]connected nodes,count=2
info|2023-07-08 18:18:29.573060|[EVENT][SUB][doLoop]event sub tasks report,working event sub count=0,suspend event sub count=0
info|2023-07-08 18:18:30.031035|[SDK][WS][SERVICE]connected nodes,count=2
info|2023-07-08 18:18:49.573425|[EVENT][SUB][doLoop]event sub tasks report,working event sub count=0,suspend event sub count=0
info|2023-07-08 18:18:50.032043|[SDK][WS][SERVICE]connected nodes,count=2
info|2023-07-08 18:19:09.573587|[EVENT][SUB][doLoop]event sub tasks report,working event sub count=0,suspend event sub count=0
info|2023-07-08 18:19:10.032756|[SDK][WS][SERVICE]connected nodes,count=2
info|2023-07-08 18:19:29.574066|[EVENT][SUB][doLoop]event sub tasks report,working event sub count=0,suspend event sub count=0
info|2023-07-08 18:19:30.033318|[SDK][WS][SERVICE]connected nodes,count=2
info|2023-07-08 18:19:49.574464|[EVENT][SUB][doLoop]event sub tasks report,working event sub count=0,suspend event sub count=0
info|2023-07-08 18:19:50.034123|[SDK][WS][SERVICE]connected nodes,count=2
info|2023-07-08 18:20:09.575148|[EVENT][SUB][doLoop]event sub tasks report,working event sub count=0,suspend event sub count=0
info|2023-07-08 18:20:10.034324|[SDK][WS][SERVICE]connected nodes,count=2
info|2023-07-08 18:20:29.575337|[EVENT][SUB][doLoop]event sub tasks report,working event sub count=0,suspend event sub count=0
info|2023-07-08 18:20:30.034797|[SDK][WS][SERVICE]connected nodes,count=2
info|2023-07-08 18:20:49.575488|[EVENT][SUB][doLoop]event sub tasks report,working event sub count=0,suspend event sub count=0
info|2023-07-08 18:20:50.035139|[SDK][WS][SERVICE]connected nodes,count=2
info|2023-07-08 18:21:09.575551|[EVENT][SUB][doLoop]event sub tasks report,working event sub count=0,suspend event sub count=0
info|2023-07-08 18:21:10.035840|[SDK][WS][SERVICE]connected nodes,count=2
info|2023-07-08 18:21:29.575613|[EVENT][SUB][doLoop]event sub tasks report,working event sub count=0,suspend event sub count=0
info|2023-07-08 18:21:30.035968|[SDK][WS][SERVICE]connected nodes,count=2
info|2023-07-08 18:21:49.575865|[EVENT][SUB][doLoop]event sub tasks report,working event sub count=0,suspend event sub count=0
info|2023-07-08 18:21:50.036083|[SDK][WS][SERVICE]connected nodes,count=2
info|2023-07-08 18:22:09.575992|[EVENT][SUB][doLoop]event sub tasks report,working event sub count=0,suspend event sub count=0
info|2023-07-08 18:22:10.036406|[SDK][WS][SERVICE]connected nodes,count=2
info|2023-07-08 18:22:29.576822|[EVENT][SUB][doLoop]event sub tasks report,working event sub count=0,suspend event sub count=0
info|2023-07-08 18:22:30.037231|[SDK][WS][SERVICE]connected nodes,count=2
info|2023-07-08 18:22:49.577090|[EVENT][SUB][doLoop]event sub tasks report,working event sub count=0,suspend event sub count=0
info|2023-07-08 18:22:50.037516|[SDK][WS][SERVICE]connected nodes,count=2
info|2023-07-08 18:23:09.577700|[EVENT][SUB][doLoop]event sub tasks report,working event sub count=0,suspend event sub count=0
info|2023-07-08 18:23:10.037714|[SDK][WS][SERVICE]connected nodes,count=2
info|2023-07-08 18:23:29.577801|[EVENT][SUB][doLoop]event sub tasks report,working event sub count=0,suspend event sub count=0
info|2023-07-08 18:23:30.037934|[SDK][WS][SERVICE]connected nodes,count=2
info|2023-07-08 18:23:49.577907|[EVENT][SUB][doLoop]event sub tasks report,working event sub count=0,suspend event sub count=0
info|2023-07-08 18:23:50.038364|[SDK][WS][SERVICE]connected nodes,count=2
info|2023-07-08 18:24:09.578050|[EVENT][SUB][doLoop]event sub tasks report,working event sub count=0,suspend event sub count=0
info|2023-07-08 18:24:10.038518|[SDK][WS][SERVICE]connected nodes,count=2
info|2023-07-08 18:24:29.578334|[EVENT][SUB][doLoop]event sub tasks report,working event sub count=0,suspend event sub count=0
info|2023-07-08 18:24:30.039103|[SDK][WS][SERVICE]connected nodes,count=2
info|2023-07-08 18:24:49.578821|[EVENT][SUB][doLoop]event sub tasks report,working event sub count=0,suspend event sub count=0
info|2023-07-08 18:24:50.039324|[SDK][WS][SERVICE]connected nodes,count=2
info|2023-07-08 18:25:09.579183|[EVENT][SUB][doLoop]event sub tasks report,working event sub count=0,suspend event sub count=0
info|2023-07-08 18:25:10.039531|[SDK][WS][SERVICE]connected nodes,count=2
info|2023-07-08 18:25:29.579553|[EVENT][SUB][doLoop]event sub tasks report,working event sub count=0,suspend event sub count=0
info|2023-07-08 18:25:30.039837|[SDK][WS][SERVICE]connected nodes,count=2
info|2023-07-08 18:25:49.579794|[EVENT][SUB][doLoop]event sub tasks report,working event sub count=0,suspend event sub count=0
info|2023-07-08 18:25:50.040136|[SDK][WS][SERVICE]connected nodes,count=2
info|2023-07-08 18:26:09.579856|[EVENT][SUB][doLoop]event sub tasks report,working event sub count=0,suspend event sub count=0
info|2023-07-08 18:26:10.040465|[SDK][WS][SERVICE]connected nodes,count=2
info|2023-07-08 18:26:29.580279|[EVENT][SUB][doLoop]event sub tasks report,working event sub count=0,suspend event sub count=0
info|2023-07-08 18:26:30.041115|[SDK][WS][SERVICE]connected nodes,count=2
info|2023-07-08 18:26:49.580813|[EVENT][SUB][doLoop]event sub tasks report,working event sub count=0,suspend event sub count=0
info|2023-07-08 18:26:50.041363|[SDK][WS][SERVICE]connected nodes,count=2
info|2023-07-08 18:27:09.581052|[EVENT][SUB][doLoop]event sub tasks report,working event sub count=0,suspend event sub count=0
info|2023-07-08 18:27:10.041946|[SDK][WS][SERVICE]connected nodes,count=2
info|2023-07-08 18:27:13.888858|[RPC][BLOCK][NUMBER][fromJson],group=group0,node=98a7f70ec883a722219d92253cf073a72605f4087aa3443c8e4aadc0af2dc3ac647d0fa1b5ac99cd6987abafe6d690ae71cd5fd2aeeabe7589bfb4748aabdfba,blockNumber=2191
info|2023-07-08 18:27:13.888891|[RPCWS][SERVICE][onRecvBlockNotifier]receive block number notifier,group=group0,node=98a7f70ec883a722219d92253cf073a72605f4087aa3443c8e4aadc0af2dc3ac647d0fa1b5ac99cd6987abafe6d690ae71cd5fd2aeeabe7589bfb4748aabdfba,blockNumber=2191
info|2023-07-08 18:27:13.888897|[RPCWS][SERVICE][updateGroupBlockNumber],groupID=group0,_blockNumber=2191
info|2023-07-08 18:27:13.888902|[RPCWS][SERVICE][onRecvBlockNotifier]block notifier callback,group=group0,node=98a7f70ec883a722219d92253cf073a72605f4087aa3443c8e4aadc0af2dc3ac647d0fa1b5ac99cd6987abafe6d690ae71cd5fd2aeeabe7589bfb4748aabdfba,blockNumber=2191
info|2023-07-08 18:27:13.888905|[WS]receive block notify,endpoint=127.0.0.1:20200,blk={
	"blockNumber" : 2191,
	"group" : "group0",
	"nodeName" : "98a7f70ec883a722219d92253cf073a72605f4087aa3443c8e4aadc0af2dc3ac647d0fa1b5ac99cd6987abafe6d690ae71cd5fd2aeeabe7589bfb4748aabdfba"
}
info|2023-07-08 18:27:13.899059|[RPC][BLOCK][NUMBER][fromJson],group=group0,node=2f993327933ad58672518b6d4f63920cbc68b80f78f4d81192552ee6362f5cc81ee13bdc678ad65f06e76444cadb53b33694cfb3fc7679b8000411975fedd28a,blockNumber=2191
info|2023-07-08 18:27:13.899104|[RPCWS][SERVICE][onRecvBlockNotifier]receive block number notifier,group=group0,node=2f993327933ad58672518b6d4f63920cbc68b80f78f4d81192552ee6362f5cc81ee13bdc678ad65f06e76444cadb53b33694cfb3fc7679b8000411975fedd28a,blockNumber=2191
info|2023-07-08 18:27:13.899114|[WS]receive block notify,endpoint=127.0.0.1:20201,blk={
	"blockNumber" : 2191,
	"group" : "group0",
	"nodeName" : "2f993327933ad58672518b6d4f63920cbc68b80f78f4d81192552ee6362f5cc81ee13bdc678ad65f06e76444cadb53b33694cfb3fc7679b8000411975fedd28a"
}
info|2023-07-08 18:27:14.437782|[RPC][BLOCK][NUMBER][fromJson],group=group0,node=98a7f70ec883a722219d92253cf073a72605f4087aa3443c8e4aadc0af2dc3ac647d0fa1b5ac99cd6987abafe6d690ae71cd5fd2aeeabe7589bfb4748aabdfba,blockNumber=2192
info|2023-07-08 18:27:14.437805|[RPCWS][SERVICE][onRecvBlockNotifier]receive block number notifier,group=group0,node=98a7f70ec883a722219d92253cf073a72605f4087aa3443c8e4aadc0af2dc3ac647d0fa1b5ac99cd6987abafe6d690ae71cd5fd2aeeabe7589bfb4748aabdfba,blockNumber=2192
info|2023-07-08 18:27:14.437810|[RPCWS][SERVICE][updateGroupBlockNumber],groupID=group0,_blockNumber=2192
info|2023-07-08 18:27:14.437815|[RPCWS][SERVICE][onRecvBlockNotifier]block notifier callback,group=group0,node=98a7f70ec883a722219d92253cf073a72605f4087aa3443c8e4aadc0af2dc3ac647d0fa1b5ac99cd6987abafe6d690ae71cd5fd2aeeabe7589bfb4748aabdfba,blockNumber=2192
info|2023-07-08 18:27:14.437819|[WS]receive block notify,endpoint=127.0.0.1:20200,blk={
	"blockNumber" : 2192,
	"group" : "group0",
	"nodeName" : "98a7f70ec883a722219d92253cf073a72605f4087aa3443c8e4aadc0af2dc3ac647d0fa1b5ac99cd6987abafe6d690ae71cd5fd2aeeabe7589bfb4748aabdfba"
}
info|2023-07-08 18:27:14.549442|[RPC][BLOCK][NUMBER][fromJson],group=group0,node=2f993327933ad58672518b6d4f63920cbc68b80f78f4d81192552ee6362f5cc81ee13bdc678ad65f06e76444cadb53b33694cfb3fc7679b8000411975fedd28a,blockNumber=2192
info|2023-07-08 18:27:14.549464|[RPCWS][SERVICE][onRecvBlockNotifier]receive block number notifier,group=group0,node=2f993327933ad58672518b6d4f63920cbc68b80f78f4d81192552ee6362f5cc81ee13bdc678ad65f06e76444cadb53b33694cfb3fc7679b8000411975fedd28a,blockNumber=2192
info|2023-07-08 18:27:14.549470|[WS]receive block notify,endpoint=127.0.0.1:20201,blk={
	"blockNumber" : 2192,
	"group" : "group0",
	"nodeName" : "2f993327933ad58672518b6d4f63920cbc68b80f78f4d81192552ee6362f5cc81ee13bdc678ad65f06e76444cadb53b33694cfb3fc7679b8000411975fedd28a"
}
info|2023-07-08 18:27:15.051101|[RPC][BLOCK][NUMBER][fromJson],group=group0,node=2f993327933ad58672518b6d4f63920cbc68b80f78f4d81192552ee6362f5cc81ee13bdc678ad65f06e76444cadb53b33694cfb3fc7679b8000411975fedd28a,blockNumber=2193
info|2023-07-08 18:27:15.051130|[RPCWS][SERVICE][onRecvBlockNotifier]receive block number notifier,group=group0,node=2f993327933ad58672518b6d4f63920cbc68b80f78f4d81192552ee6362f5cc81ee13bdc678ad65f06e76444cadb53b33694cfb3fc7679b8000411975fedd28a,blockNumber=2193
info|2023-07-08 18:27:15.051138|[RPCWS][SERVICE][updateGroupBlockNumber],groupID=group0,_blockNumber=2193
info|2023-07-08 18:27:15.051145|[RPCWS][SERVICE][onRecvBlockNotifier]block notifier callback,group=group0,node=2f993327933ad58672518b6d4f63920cbc68b80f78f4d81192552ee6362f5cc81ee13bdc678ad65f06e76444cadb53b33694cfb3fc7679b8000411975fedd28a,blockNumber=2193
info|2023-07-08 18:27:15.051151|[WS]receive block notify,endpoint=127.0.0.1:20201,blk={
	"blockNumber" : 2193,
	"group" : "group0",
	"nodeName" : "2f993327933ad58672518b6d4f63920cbc68b80f78f4d81192552ee6362f5cc81ee13bdc678ad65f06e76444cadb53b33694cfb3fc7679b8000411975fedd28a"
}
info|2023-07-08 18:27:15.062807|[RPC][BLOCK][NUMBER][fromJson],group=group0,node=98a7f70ec883a722219d92253cf073a72605f4087aa3443c8e4aadc0af2dc3ac647d0fa1b5ac99cd6987abafe6d690ae71cd5fd2aeeabe7589bfb4748aabdfba,blockNumber=2193
info|2023-07-08 18:27:15.062832|[RPCWS][SERVICE][onRecvBlockNotifier]receive block number notifier,group=group0,node=98a7f70ec883a722219d92253cf073a72605f4087aa3443c8e4aadc0af2dc3ac647d0fa1b5ac99cd6987abafe6d690ae71cd5fd2aeeabe7589bfb4748aabdfba,blockNumber=2193
info|2023-07-08 18:27:15.062840|[WS]receive block notify,endpoint=127.0.0.1:20200,blk={
	"blockNumber" : 2193,
	"group" : "group0",
	"nodeName" : "98a7f70ec883a722219d92253cf073a72605f4087aa3443c8e4aadc0af2dc3ac647d0fa1b5ac99cd6987abafe6d690ae71cd5fd2aeeabe7589bfb4748aabdfba"
}
info|2023-07-08 18:27:15.575512|[RPC][BLOCK][NUMBER][fromJson],group=group0,node=98a7f70ec883a722219d92253cf073a72605f4087aa3443c8e4aadc0af2dc3ac647d0fa1b5ac99cd6987abafe6d690ae71cd5fd2aeeabe7589bfb4748aabdfba,blockNumber=2194
info|2023-07-08 18:27:15.575538|[RPCWS][SERVICE][onRecvBlockNotifier]receive block number notifier,group=group0,node=98a7f70ec883a722219d92253cf073a72605f4087aa3443c8e4aadc0af2dc3ac647d0fa1b5ac99cd6987abafe6d690ae71cd5fd2aeeabe7589bfb4748aabdfba,blockNumber=2194
info|2023-07-08 18:27:15.575545|[RPCWS][SERVICE][updateGroupBlockNumber],groupID=group0,_blockNumber=2194
info|2023-07-08 18:27:15.575550|[RPCWS][SERVICE][onRecvBlockNotifier]block notifier callback,group=group0,node=98a7f70ec883a722219d92253cf073a72605f4087aa3443c8e4aadc0af2dc3ac647d0fa1b5ac99cd6987abafe6d690ae71cd5fd2aeeabe7589bfb4748aabdfba,blockNumber=2194
info|2023-07-08 18:27:15.575554|[WS]receive block notify,endpoint=127.0.0.1:20200,blk={
	"blockNumber" : 2194,
	"group" : "group0",
	"nodeName" : "98a7f70ec883a722219d92253cf073a72605f4087aa3443c8e4aadc0af2dc3ac647d0fa1b5ac99cd6987abafe6d690ae71cd5fd2aeeabe7589bfb4748aabdfba"
}
info|2023-07-08 18:27:15.620949|[RPC][BLOCK][NUMBER][fromJson],group=group0,node=2f993327933ad58672518b6d4f63920cbc68b80f78f4d81192552ee6362f5cc81ee13bdc678ad65f06e76444cadb53b33694cfb3fc7679b8000411975fedd28a,blockNumber=2194
info|2023-07-08 18:27:15.620972|[RPCWS][SERVICE][onRecvBlockNotifier]receive block number notifier,group=group0,node=2f993327933ad58672518b6d4f63920cbc68b80f78f4d81192552ee6362f5cc81ee13bdc678ad65f06e76444cadb53b33694cfb3fc7679b8000411975fedd28a,blockNumber=2194
info|2023-07-08 18:27:15.620979|[WS]receive block notify,endpoint=127.0.0.1:20201,blk={
	"blockNumber" : 2194,
	"group" : "group0",
	"nodeName" : "2f993327933ad58672518b6d4f63920cbc68b80f78f4d81192552ee6362f5cc81ee13bdc678ad65f06e76444cadb53b33694cfb3fc7679b8000411975fedd28a"
}
info|2023-07-08 18:27:16.130978|[RPC][BLOCK][NUMBER][fromJson],group=group0,node=98a7f70ec883a722219d92253cf073a72605f4087aa3443c8e4aadc0af2dc3ac647d0fa1b5ac99cd6987abafe6d690ae71cd5fd2aeeabe7589bfb4748aabdfba,blockNumber=2195
info|2023-07-08 18:27:16.131028|[RPCWS][SERVICE][onRecvBlockNotifier]receive block number notifier,group=group0,node=98a7f70ec883a722219d92253cf073a72605f4087aa3443c8e4aadc0af2dc3ac647d0fa1b5ac99cd6987abafe6d690ae71cd5fd2aeeabe7589bfb4748aabdfba,blockNumber=2195
info|2023-07-08 18:27:16.131037|[RPCWS][SERVICE][updateGroupBlockNumber],groupID=group0,_blockNumber=2195
info|2023-07-08 18:27:16.131042|[RPCWS][SERVICE][onRecvBlockNotifier]block notifier callback,group=group0,node=98a7f70ec883a722219d92253cf073a72605f4087aa3443c8e4aadc0af2dc3ac647d0fa1b5ac99cd6987abafe6d690ae71cd5fd2aeeabe7589bfb4748aabdfba,blockNumber=2195
info|2023-07-08 18:27:16.131047|[WS]receive block notify,endpoint=127.0.0.1:20200,blk={
	"blockNumber" : 2195,
	"group" : "group0",
	"nodeName" : "98a7f70ec883a722219d92253cf073a72605f4087aa3443c8e4aadc0af2dc3ac647d0fa1b5ac99cd6987abafe6d690ae71cd5fd2aeeabe7589bfb4748aabdfba"
}
info|2023-07-08 18:27:16.162163|[RPC][BLOCK][NUMBER][fromJson],group=group0,node=2f993327933ad58672518b6d4f63920cbc68b80f78f4d81192552ee6362f5cc81ee13bdc678ad65f06e76444cadb53b33694cfb3fc7679b8000411975fedd28a,blockNumber=2195
info|2023-07-08 18:27:16.162198|[RPCWS][SERVICE][onRecvBlockNotifier]receive block number notifier,group=group0,node=2f993327933ad58672518b6d4f63920cbc68b80f78f4d81192552ee6362f5cc81ee13bdc678ad65f06e76444cadb53b33694cfb3fc7679b8000411975fedd28a,blockNumber=2195
info|2023-07-08 18:27:16.162206|[WS]receive block notify,endpoint=127.0.0.1:20201,blk={
	"blockNumber" : 2195,
	"group" : "group0",
	"nodeName" : "2f993327933ad58672518b6d4f63920cbc68b80f78f4d81192552ee6362f5cc81ee13bdc678ad65f06e76444cadb53b33694cfb3fc7679b8000411975fedd28a"
}
info|2023-07-08 18:27:16.687259|[RPC][BLOCK][NUMBER][fromJson],group=group0,node=98a7f70ec883a722219d92253cf073a72605f4087aa3443c8e4aadc0af2dc3ac647d0fa1b5ac99cd6987abafe6d690ae71cd5fd2aeeabe7589bfb4748aabdfba,blockNumber=2196
info|2023-07-08 18:27:16.687287|[RPCWS][SERVICE][onRecvBlockNotifier]receive block number notifier,group=group0,node=98a7f70ec883a722219d92253cf073a72605f4087aa3443c8e4aadc0af2dc3ac647d0fa1b5ac99cd6987abafe6d690ae71cd5fd2aeeabe7589bfb4748aabdfba,blockNumber=2196
info|2023-07-08 18:27:16.687295|[RPCWS][SERVICE][updateGroupBlockNumber],groupID=group0,_blockNumber=2196
info|2023-07-08 18:27:16.687301|[RPCWS][SERVICE][onRecvBlockNotifier]block notifier callback,group=group0,node=98a7f70ec883a722219d92253cf073a72605f4087aa3443c8e4aadc0af2dc3ac647d0fa1b5ac99cd6987abafe6d690ae71cd5fd2aeeabe7589bfb4748aabdfba,blockNumber=2196
info|2023-07-08 18:27:16.687305|[WS]receive block notify,endpoint=127.0.0.1:20200,blk={
	"blockNumber" : 2196,
	"group" : "group0",
	"nodeName" : "98a7f70ec883a722219d92253cf073a72605f4087aa3443c8e4aadc0af2dc3ac647d0fa1b5ac99cd6987abafe6d690ae71cd5fd2aeeabe7589bfb4748aabdfba"
}
info|2023-07-08 18:27:16.771705|[RPC][BLOCK][NUMBER][fromJson],group=group0,node=2f993327933ad58672518b6d4f63920cbc68b80f78f4d81192552ee6362f5cc81ee13bdc678ad65f06e76444cadb53b33694cfb3fc7679b8000411975fedd28a,blockNumber=2196
info|2023-07-08 18:27:16.771730|[RPCWS][SERVICE][onRecvBlockNotifier]receive block number notifier,group=group0,node=2f993327933ad58672518b6d4f63920cbc68b80f78f4d81192552ee6362f5cc81ee13bdc678ad65f06e76444cadb53b33694cfb3fc7679b8000411975fedd28a,blockNumber=2196
info|2023-07-08 18:27:16.771737|[WS]receive block notify,endpoint=127.0.0.1:20201,blk={
	"blockNumber" : 2196,
	"group" : "group0",
	"nodeName" : "2f993327933ad58672518b6d4f63920cbc68b80f78f4d81192552ee6362f5cc81ee13bdc678ad65f06e76444cadb53b33694cfb3fc7679b8000411975fedd28a"
}
info|2023-07-08 18:27:17.237777|[RPC][BLOCK][NUMBER][fromJson],group=group0,node=98a7f70ec883a722219d92253cf073a72605f4087aa3443c8e4aadc0af2dc3ac647d0fa1b5ac99cd6987abafe6d690ae71cd5fd2aeeabe7589bfb4748aabdfba,blockNumber=2197
info|2023-07-08 18:27:17.237802|[RPCWS][SERVICE][onRecvBlockNotifier]receive block number notifier,group=group0,node=98a7f70ec883a722219d92253cf073a72605f4087aa3443c8e4aadc0af2dc3ac647d0fa1b5ac99cd6987abafe6d690ae71cd5fd2aeeabe7589bfb4748aabdfba,blockNumber=2197
info|2023-07-08 18:27:17.237808|[RPCWS][SERVICE][updateGroupBlockNumber],groupID=group0,_blockNumber=2197
info|2023-07-08 18:27:17.237813|[RPCWS][SERVICE][onRecvBlockNotifier]block notifier callback,group=group0,node=98a7f70ec883a722219d92253cf073a72605f4087aa3443c8e4aadc0af2dc3ac647d0fa1b5ac99cd6987abafe6d690ae71cd5fd2aeeabe7589bfb4748aabdfba,blockNumber=2197
info|2023-07-08 18:27:17.237818|[WS]receive block notify,endpoint=127.0.0.1:20200,blk={
	"blockNumber" : 2197,
	"group" : "group0",
	"nodeName" : "98a7f70ec883a722219d92253cf073a72605f4087aa3443c8e4aadc0af2dc3ac647d0fa1b5ac99cd6987abafe6d690ae71cd5fd2aeeabe7589bfb4748aabdfba"
}
info|2023-07-08 18:27:17.307932|[RPC][BLOCK][NUMBER][fromJson],group=group0,node=2f993327933ad58672518b6d4f63920cbc68b80f78f4d81192552ee6362f5cc81ee13bdc678ad65f06e76444cadb53b33694cfb3fc7679b8000411975fedd28a,blockNumber=2197
info|2023-07-08 18:27:17.307959|[RPCWS][SERVICE][onRecvBlockNotifier]receive block number notifier,group=group0,node=2f993327933ad58672518b6d4f63920cbc68b80f78f4d81192552ee6362f5cc81ee13bdc678ad65f06e76444cadb53b33694cfb3fc7679b8000411975fedd28a,blockNumber=2197
info|2023-07-08 18:27:17.307967|[WS]receive block notify,endpoint=127.0.0.1:20201,blk={
	"blockNumber" : 2197,
	"group" : "group0",
	"nodeName" : "2f993327933ad58672518b6d4f63920cbc68b80f78f4d81192552ee6362f5cc81ee13bdc678ad65f06e76444cadb53b33694cfb3fc7679b8000411975fedd28a"
}
info|2023-07-08 18:27:17.865438|[RPC][BLOCK][NUMBER][fromJson],group=group0,node=98a7f70ec883a722219d92253cf073a72605f4087aa3443c8e4aadc0af2dc3ac647d0fa1b5ac99cd6987abafe6d690ae71cd5fd2aeeabe7589bfb4748aabdfba,blockNumber=2198
info|2023-07-08 18:27:17.865466|[RPCWS][SERVICE][onRecvBlockNotifier]receive block number notifier,group=group0,node=98a7f70ec883a722219d92253cf073a72605f4087aa3443c8e4aadc0af2dc3ac647d0fa1b5ac99cd6987abafe6d690ae71cd5fd2aeeabe7589bfb4748aabdfba,blockNumber=2198
info|2023-07-08 18:27:17.865472|[RPCWS][SERVICE][updateGroupBlockNumber],groupID=group0,_blockNumber=2198
info|2023-07-08 18:27:17.865477|[RPCWS][SERVICE][onRecvBlockNotifier]block notifier callback,group=group0,node=98a7f70ec883a722219d92253cf073a72605f4087aa3443c8e4aadc0af2dc3ac647d0fa1b5ac99cd6987abafe6d690ae71cd5fd2aeeabe7589bfb4748aabdfba,blockNumber=2198
info|2023-07-08 18:27:17.865482|[WS]receive block notify,endpoint=127.0.0.1:20200,blk={
	"blockNumber" : 2198,
	"group" : "group0",
	"nodeName" : "98a7f70ec883a722219d92253cf073a72605f4087aa3443c8e4aadc0af2dc3ac647d0fa1b5ac99cd6987abafe6d690ae71cd5fd2aeeabe7589bfb4748aabdfba"
}
info|2023-07-08 18:27:17.903025|[RPC][BLOCK][NUMBER][fromJson],group=group0,node=2f993327933ad58672518b6d4f63920cbc68b80f78f4d81192552ee6362f5cc81ee13bdc678ad65f06e76444cadb53b33694cfb3fc7679b8000411975fedd28a,blockNumber=2198
info|2023-07-08 18:27:17.903043|[RPCWS][SERVICE][onRecvBlockNotifier]receive block number notifier,group=group0,node=2f993327933ad58672518b6d4f63920cbc68b80f78f4d81192552ee6362f5cc81ee13bdc678ad65f06e76444cadb53b33694cfb3fc7679b8000411975fedd28a,blockNumber=2198
info|2023-07-08 18:27:17.903049|[WS]receive block notify,endpoint=127.0.0.1:20201,blk={
	"blockNumber" : 2198,
	"group" : "group0",
	"nodeName" : "2f993327933ad58672518b6d4f63920cbc68b80f78f4d81192552ee6362f5cc81ee13bdc678ad65f06e76444cadb53b33694cfb3fc7679b8000411975fedd28a"
}
info|2023-07-08 18:27:18.454223|[RPC][BLOCK][NUMBER][fromJson],group=group0,node=98a7f70ec883a722219d92253cf073a72605f4087aa3443c8e4aadc0af2dc3ac647d0fa1b5ac99cd6987abafe6d690ae71cd5fd2aeeabe7589bfb4748aabdfba,blockNumber=2199
info|2023-07-08 18:27:18.454275|[RPCWS][SERVICE][onRecvBlockNotifier]receive block number notifier,group=group0,node=98a7f70ec883a722219d92253cf073a72605f4087aa3443c8e4aadc0af2dc3ac647d0fa1b5ac99cd6987abafe6d690ae71cd5fd2aeeabe7589bfb4748aabdfba,blockNumber=2199
info|2023-07-08 18:27:18.454282|[RPCWS][SERVICE][updateGroupBlockNumber],groupID=group0,_blockNumber=2199
info|2023-07-08 18:27:18.454287|[RPCWS][SERVICE][onRecvBlockNotifier]block notifier callback,group=group0,node=98a7f70ec883a722219d92253cf073a72605f4087aa3443c8e4aadc0af2dc3ac647d0fa1b5ac99cd6987abafe6d690ae71cd5fd2aeeabe7589bfb4748aabdfba,blockNumber=2199
info|2023-07-08 18:27:18.454292|[WS]receive block notify,endpoint=127.0.0.1:20200,blk={
	"blockNumber" : 2199,
	"group" : "group0",
	"nodeName" : "98a7f70ec883a722219d92253cf073a72605f4087aa3443c8e4aadc0af2dc3ac647d0fa1b5ac99cd6987abafe6d690ae71cd5fd2aeeabe7589bfb4748aabdfba"
}
info|2023-07-08 18:27:18.469553|[RPC][BLOCK][NUMBER][fromJson],group=group0,node=2f993327933ad58672518b6d4f63920cbc68b80f78f4d81192552ee6362f5cc81ee13bdc678ad65f06e76444cadb53b33694cfb3fc7679b8000411975fedd28a,blockNumber=2199
info|2023-07-08 18:27:18.469597|[RPCWS][SERVICE][onRecvBlockNotifier]receive block number notifier,group=group0,node=2f993327933ad58672518b6d4f63920cbc68b80f78f4d81192552ee6362f5cc81ee13bdc678ad65f06e76444cadb53b33694cfb3fc7679b8000411975fedd28a,blockNumber=2199
info|2023-07-08 18:27:18.469607|[WS]receive block notify,endpoint=127.0.0.1:20201,blk={
	"blockNumber" : 2199,
	"group" : "group0",
	"nodeName" : "2f993327933ad58672518b6d4f63920cbc68b80f78f4d81192552ee6362f5cc81ee13bdc678ad65f06e76444cadb53b33694cfb3fc7679b8000411975fedd28a"
}
info|2023-07-08 18:27:18.984000|[RPC][BLOCK][NUMBER][fromJson],group=group0,node=2f993327933ad58672518b6d4f63920cbc68b80f78f4d81192552ee6362f5cc81ee13bdc678ad65f06e76444cadb53b33694cfb3fc7679b8000411975fedd28a,blockNumber=2200
info|2023-07-08 18:27:18.984042|[RPCWS][SERVICE][onRecvBlockNotifier]receive block number notifier,group=group0,node=2f993327933ad58672518b6d4f63920cbc68b80f78f4d81192552ee6362f5cc81ee13bdc678ad65f06e76444cadb53b33694cfb3fc7679b8000411975fedd28a,blockNumber=2200
info|2023-07-08 18:27:18.984050|[RPCWS][SERVICE][updateGroupBlockNumber],groupID=group0,_blockNumber=2200
info|2023-07-08 18:27:18.984056|[RPCWS][SERVICE][onRecvBlockNotifier]block notifier callback,group=group0,node=2f993327933ad58672518b6d4f63920cbc68b80f78f4d81192552ee6362f5cc81ee13bdc678ad65f06e76444cadb53b33694cfb3fc7679b8000411975fedd28a,blockNumber=2200
info|2023-07-08 18:27:18.984108|[WS]receive block notify,endpoint=127.0.0.1:20201,blk={
	"blockNumber" : 2200,
	"group" : "group0",
	"nodeName" : "2f993327933ad58672518b6d4f63920cbc68b80f78f4d81192552ee6362f5cc81ee13bdc678ad65f06e76444cadb53b33694cfb3fc7679b8000411975fedd28a"
}
info|2023-07-08 18:27:19.002090|[RPC][BLOCK][NUMBER][fromJson],group=group0,node=98a7f70ec883a722219d92253cf073a72605f4087aa3443c8e4aadc0af2dc3ac647d0fa1b5ac99cd6987abafe6d690ae71cd5fd2aeeabe7589bfb4748aabdfba,blockNumber=2200
info|2023-07-08 18:27:19.002111|[RPCWS][SERVICE][onRecvBlockNotifier]receive block number notifier,group=group0,node=98a7f70ec883a722219d92253cf073a72605f4087aa3443c8e4aadc0af2dc3ac647d0fa1b5ac99cd6987abafe6d690ae71cd5fd2aeeabe7589bfb4748aabdfba,blockNumber=2200
info|2023-07-08 18:27:19.002118|[WS]receive block notify,endpoint=127.0.0.1:20200,blk={
	"blockNumber" : 2200,
	"group" : "group0",
	"nodeName" : "98a7f70ec883a722219d92253cf073a72605f4087aa3443c8e4aadc0af2dc3ac647d0fa1b5ac99cd6987abafe6d690ae71cd5fd2aeeabe7589bfb4748aabdfba"
}
info|2023-07-08 18:27:19.543453|[RPC][BLOCK][NUMBER][fromJson],group=group0,node=98a7f70ec883a722219d92253cf073a72605f4087aa3443c8e4aadc0af2dc3ac647d0fa1b5ac99cd6987abafe6d690ae71cd5fd2aeeabe7589bfb4748aabdfba,blockNumber=2201
info|2023-07-08 18:27:19.543478|[RPCWS][SERVICE][onRecvBlockNotifier]receive block number notifier,group=group0,node=98a7f70ec883a722219d92253cf073a72605f4087aa3443c8e4aadc0af2dc3ac647d0fa1b5ac99cd6987abafe6d690ae71cd5fd2aeeabe7589bfb4748aabdfba,blockNumber=2201
info|2023-07-08 18:27:19.543484|[RPCWS][SERVICE][updateGroupBlockNumber],groupID=group0,_blockNumber=2201
info|2023-07-08 18:27:19.543489|[RPCWS][SERVICE][onRecvBlockNotifier]block notifier callback,group=group0,node=98a7f70ec883a722219d92253cf073a72605f4087aa3443c8e4aadc0af2dc3ac647d0fa1b5ac99cd6987abafe6d690ae71cd5fd2aeeabe7589bfb4748aabdfba,blockNumber=2201
info|2023-07-08 18:27:19.543494|[WS]receive block notify,endpoint=127.0.0.1:20200,blk={
	"blockNumber" : 2201,
	"group" : "group0",
	"nodeName" : "98a7f70ec883a722219d92253cf073a72605f4087aa3443c8e4aadc0af2dc3ac647d0fa1b5ac99cd6987abafe6d690ae71cd5fd2aeeabe7589bfb4748aabdfba"
}
info|2023-07-08 18:27:19.569103|[RPC][BLOCK][NUMBER][fromJson],group=group0,node=2f993327933ad58672518b6d4f63920cbc68b80f78f4d81192552ee6362f5cc81ee13bdc678ad65f06e76444cadb53b33694cfb3fc7679b8000411975fedd28a,blockNumber=2201
info|2023-07-08 18:27:19.569129|[RPCWS][SERVICE][onRecvBlockNotifier]receive block number notifier,group=group0,node=2f993327933ad58672518b6d4f63920cbc68b80f78f4d81192552ee6362f5cc81ee13bdc678ad65f06e76444cadb53b33694cfb3fc7679b8000411975fedd28a,blockNumber=2201
info|2023-07-08 18:27:19.569137|[WS]receive block notify,endpoint=127.0.0.1:20201,blk={
	"blockNumber" : 2201,
	"group" : "group0",
	"nodeName" : "2f993327933ad58672518b6d4f63920cbc68b80f78f4d81192552ee6362f5cc81ee13bdc678ad65f06e76444cadb53b33694cfb3fc7679b8000411975fedd28a"
}
info|2023-07-08 18:27:20.130063|[RPC][BLOCK][NUMBER][fromJson],group=group0,node=98a7f70ec883a722219d92253cf073a72605f4087aa3443c8e4aadc0af2dc3ac647d0fa1b5ac99cd6987abafe6d690ae71cd5fd2aeeabe7589bfb4748aabdfba,blockNumber=2202
info|2023-07-08 18:27:20.130096|[RPCWS][SERVICE][onRecvBlockNotifier]receive block number notifier,group=group0,node=98a7f70ec883a722219d92253cf073a72605f4087aa3443c8e4aadc0af2dc3ac647d0fa1b5ac99cd6987abafe6d690ae71cd5fd2aeeabe7589bfb4748aabdfba,blockNumber=2202
info|2023-07-08 18:27:20.130104|[RPCWS][SERVICE][updateGroupBlockNumber],groupID=group0,_blockNumber=2202
info|2023-07-08 18:27:20.130110|[RPCWS][SERVICE][onRecvBlockNotifier]block notifier callback,group=group0,node=98a7f70ec883a722219d92253cf073a72605f4087aa3443c8e4aadc0af2dc3ac647d0fa1b5ac99cd6987abafe6d690ae71cd5fd2aeeabe7589bfb4748aabdfba,blockNumber=2202
info|2023-07-08 18:27:20.130116|[WS]receive block notify,endpoint=127.0.0.1:20200,blk={
	"blockNumber" : 2202,
	"group" : "group0",
	"nodeName" : "98a7f70ec883a722219d92253cf073a72605f4087aa3443c8e4aadc0af2dc3ac647d0fa1b5ac99cd6987abafe6d690ae71cd5fd2aeeabe7589bfb4748aabdfba"
}
info|2023-07-08 18:27:20.178847|[RPC][BLOCK][NUMBER][fromJson],group=group0,node=2f993327933ad58672518b6d4f63920cbc68b80f78f4d81192552ee6362f5cc81ee13bdc678ad65f06e76444cadb53b33694cfb3fc7679b8000411975fedd28a,blockNumber=2202
info|2023-07-08 18:27:20.178883|[RPCWS][SERVICE][onRecvBlockNotifier]receive block number notifier,group=group0,node=2f993327933ad58672518b6d4f63920cbc68b80f78f4d81192552ee6362f5cc81ee13bdc678ad65f06e76444cadb53b33694cfb3fc7679b8000411975fedd28a,blockNumber=2202
info|2023-07-08 18:27:20.178890|[WS]receive block notify,endpoint=127.0.0.1:20201,blk={
	"blockNumber" : 2202,
	"group" : "group0",
	"nodeName" : "2f993327933ad58672518b6d4f63920cbc68b80f78f4d81192552ee6362f5cc81ee13bdc678ad65f06e76444cadb53b33694cfb3fc7679b8000411975fedd28a"
}
info|2023-07-08 18:27:20.721683|[RPC][BLOCK][NUMBER][fromJson],group=group0,node=98a7f70ec883a722219d92253cf073a72605f4087aa3443c8e4aadc0af2dc3ac647d0fa1b5ac99cd6987abafe6d690ae71cd5fd2aeeabe7589bfb4748aabdfba,blockNumber=2203
info|2023-07-08 18:27:20.721711|[RPCWS][SERVICE][onRecvBlockNotifier]receive block number notifier,group=group0,node=98a7f70ec883a722219d92253cf073a72605f4087aa3443c8e4aadc0af2dc3ac647d0fa1b5ac99cd6987abafe6d690ae71cd5fd2aeeabe7589bfb4748aabdfba,blockNumber=2203
info|2023-07-08 18:27:20.721719|[RPCWS][SERVICE][updateGroupBlockNumber],groupID=group0,_blockNumber=2203
info|2023-07-08 18:27:20.721725|[RPCWS][SERVICE][onRecvBlockNotifier]block notifier callback,group=group0,node=98a7f70ec883a722219d92253cf073a72605f4087aa3443c8e4aadc0af2dc3ac647d0fa1b5ac99cd6987abafe6d690ae71cd5fd2aeeabe7589bfb4748aabdfba,blockNumber=2203
info|2023-07-08 18:27:20.721730|[WS]receive block notify,endpoint=127.0.0.1:20200,blk={
	"blockNumber" : 2203,
	"group" : "group0",
	"nodeName" : "98a7f70ec883a722219d92253cf073a72605f4087aa3443c8e4aadc0af2dc3ac647d0fa1b5ac99cd6987abafe6d690ae71cd5fd2aeeabe7589bfb4748aabdfba"
}
info|2023-07-08 18:27:20.756001|[RPC][BLOCK][NUMBER][fromJson],group=group0,node=2f993327933ad58672518b6d4f63920cbc68b80f78f4d81192552ee6362f5cc81ee13bdc678ad65f06e76444cadb53b33694cfb3fc7679b8000411975fedd28a,blockNumber=2203
info|2023-07-08 18:27:20.756023|[RPCWS][SERVICE][onRecvBlockNotifier]receive block number notifier,group=group0,node=2f993327933ad58672518b6d4f63920cbc68b80f78f4d81192552ee6362f5cc81ee13bdc678ad65f06e76444cadb53b33694cfb3fc7679b8000411975fedd28a,blockNumber=2203
info|2023-07-08 18:27:20.756031|[WS]receive block notify,endpoint=127.0.0.1:20201,blk={
	"blockNumber" : 2203,
	"group" : "group0",
	"nodeName" : "2f993327933ad58672518b6d4f63920cbc68b80f78f4d81192552ee6362f5cc81ee13bdc678ad65f06e76444cadb53b33694cfb3fc7679b8000411975fedd28a"
}
info|2023-07-08 18:27:21.220322|[RPC][BLOCK][NUMBER][fromJson],group=group0,node=98a7f70ec883a722219d92253cf073a72605f4087aa3443c8e4aadc0af2dc3ac647d0fa1b5ac99cd6987abafe6d690ae71cd5fd2aeeabe7589bfb4748aabdfba,blockNumber=2204
info|2023-07-08 18:27:21.220346|[RPCWS][SERVICE][onRecvBlockNotifier]receive block number notifier,group=group0,node=98a7f70ec883a722219d92253cf073a72605f4087aa3443c8e4aadc0af2dc3ac647d0fa1b5ac99cd6987abafe6d690ae71cd5fd2aeeabe7589bfb4748aabdfba,blockNumber=2204
info|2023-07-08 18:27:21.220352|[RPCWS][SERVICE][updateGroupBlockNumber],groupID=group0,_blockNumber=2204
info|2023-07-08 18:27:21.220356|[RPCWS][SERVICE][onRecvBlockNotifier]block notifier callback,group=group0,node=98a7f70ec883a722219d92253cf073a72605f4087aa3443c8e4aadc0af2dc3ac647d0fa1b5ac99cd6987abafe6d690ae71cd5fd2aeeabe7589bfb4748aabdfba,blockNumber=2204
info|2023-07-08 18:27:21.220359|[WS]receive block notify,endpoint=127.0.0.1:20200,blk={
	"blockNumber" : 2204,
	"group" : "group0",
	"nodeName" : "98a7f70ec883a722219d92253cf073a72605f4087aa3443c8e4aadc0af2dc3ac647d0fa1b5ac99cd6987abafe6d690ae71cd5fd2aeeabe7589bfb4748aabdfba"
}
info|2023-07-08 18:27:21.250524|[RPC][BLOCK][NUMBER][fromJson],group=group0,node=2f993327933ad58672518b6d4f63920cbc68b80f78f4d81192552ee6362f5cc81ee13bdc678ad65f06e76444cadb53b33694cfb3fc7679b8000411975fedd28a,blockNumber=2204
info|2023-07-08 18:27:21.250584|[RPCWS][SERVICE][onRecvBlockNotifier]receive block number notifier,group=group0,node=2f993327933ad58672518b6d4f63920cbc68b80f78f4d81192552ee6362f5cc81ee13bdc678ad65f06e76444cadb53b33694cfb3fc7679b8000411975fedd28a,blockNumber=2204
info|2023-07-08 18:27:21.250591|[WS]receive block notify,endpoint=127.0.0.1:20201,blk={
	"blockNumber" : 2204,
	"group" : "group0",
	"nodeName" : "2f993327933ad58672518b6d4f63920cbc68b80f78f4d81192552ee6362f5cc81ee13bdc678ad65f06e76444cadb53b33694cfb3fc7679b8000411975fedd28a"
}
info|2023-07-08 18:27:21.753089|[RPC][BLOCK][NUMBER][fromJson],group=group0,node=98a7f70ec883a722219d92253cf073a72605f4087aa3443c8e4aadc0af2dc3ac647d0fa1b5ac99cd6987abafe6d690ae71cd5fd2aeeabe7589bfb4748aabdfba,blockNumber=2205
info|2023-07-08 18:27:21.753118|[RPCWS][SERVICE][onRecvBlockNotifier]receive block number notifier,group=group0,node=98a7f70ec883a722219d92253cf073a72605f4087aa3443c8e4aadc0af2dc3ac647d0fa1b5ac99cd6987abafe6d690ae71cd5fd2aeeabe7589bfb4748aabdfba,blockNumber=2205
info|2023-07-08 18:27:21.753125|[RPCWS][SERVICE][updateGroupBlockNumber],groupID=group0,_blockNumber=2205
info|2023-07-08 18:27:21.753130|[RPCWS][SERVICE][onRecvBlockNotifier]block notifier callback,group=group0,node=98a7f70ec883a722219d92253cf073a72605f4087aa3443c8e4aadc0af2dc3ac647d0fa1b5ac99cd6987abafe6d690ae71cd5fd2aeeabe7589bfb4748aabdfba,blockNumber=2205
info|2023-07-08 18:27:21.753136|[WS]receive block notify,endpoint=127.0.0.1:20200,blk={
	"blockNumber" : 2205,
	"group" : "group0",
	"nodeName" : "98a7f70ec883a722219d92253cf073a72605f4087aa3443c8e4aadc0af2dc3ac647d0fa1b5ac99cd6987abafe6d690ae71cd5fd2aeeabe7589bfb4748aabdfba"
}
info|2023-07-08 18:27:21.785596|[RPC][BLOCK][NUMBER][fromJson],group=group0,node=2f993327933ad58672518b6d4f63920cbc68b80f78f4d81192552ee6362f5cc81ee13bdc678ad65f06e76444cadb53b33694cfb3fc7679b8000411975fedd28a,blockNumber=2205
info|2023-07-08 18:27:21.785616|[RPCWS][SERVICE][onRecvBlockNotifier]receive block number notifier,group=group0,node=2f993327933ad58672518b6d4f63920cbc68b80f78f4d81192552ee6362f5cc81ee13bdc678ad65f06e76444cadb53b33694cfb3fc7679b8000411975fedd28a,blockNumber=2205
info|2023-07-08 18:27:21.785623|[WS]receive block notify,endpoint=127.0.0.1:20201,blk={
	"blockNumber" : 2205,
	"group" : "group0",
	"nodeName" : "2f993327933ad58672518b6d4f63920cbc68b80f78f4d81192552ee6362f5cc81ee13bdc678ad65f06e76444cadb53b33694cfb3fc7679b8000411975fedd28a"
}
info|2023-07-08 18:27:22.373888|[RPC][BLOCK][NUMBER][fromJson],group=group0,node=98a7f70ec883a722219d92253cf073a72605f4087aa3443c8e4aadc0af2dc3ac647d0fa1b5ac99cd6987abafe6d690ae71cd5fd2aeeabe7589bfb4748aabdfba,blockNumber=2206
info|2023-07-08 18:27:22.373943|[RPCWS][SERVICE][onRecvBlockNotifier]receive block number notifier,group=group0,node=98a7f70ec883a722219d92253cf073a72605f4087aa3443c8e4aadc0af2dc3ac647d0fa1b5ac99cd6987abafe6d690ae71cd5fd2aeeabe7589bfb4748aabdfba,blockNumber=2206
info|2023-07-08 18:27:22.373954|[RPCWS][SERVICE][updateGroupBlockNumber],groupID=group0,_blockNumber=2206
info|2023-07-08 18:27:22.373961|[RPCWS][SERVICE][onRecvBlockNotifier]block notifier callback,group=group0,node=98a7f70ec883a722219d92253cf073a72605f4087aa3443c8e4aadc0af2dc3ac647d0fa1b5ac99cd6987abafe6d690ae71cd5fd2aeeabe7589bfb4748aabdfba,blockNumber=2206
info|2023-07-08 18:27:22.373967|[WS]receive block notify,endpoint=127.0.0.1:20200,blk={
	"blockNumber" : 2206,
	"group" : "group0",
	"nodeName" : "98a7f70ec883a722219d92253cf073a72605f4087aa3443c8e4aadc0af2dc3ac647d0fa1b5ac99cd6987abafe6d690ae71cd5fd2aeeabe7589bfb4748aabdfba"
}
info|2023-07-08 18:27:22.400619|[RPC][BLOCK][NUMBER][fromJson],group=group0,node=2f993327933ad58672518b6d4f63920cbc68b80f78f4d81192552ee6362f5cc81ee13bdc678ad65f06e76444cadb53b33694cfb3fc7679b8000411975fedd28a,blockNumber=2206
info|2023-07-08 18:27:22.400671|[RPCWS][SERVICE][onRecvBlockNotifier]receive block number notifier,group=group0,node=2f993327933ad58672518b6d4f63920cbc68b80f78f4d81192552ee6362f5cc81ee13bdc678ad65f06e76444cadb53b33694cfb3fc7679b8000411975fedd28a,blockNumber=2206
info|2023-07-08 18:27:22.400680|[WS]receive block notify,endpoint=127.0.0.1:20201,blk={
	"blockNumber" : 2206,
	"group" : "group0",
	"nodeName" : "2f993327933ad58672518b6d4f63920cbc68b80f78f4d81192552ee6362f5cc81ee13bdc678ad65f06e76444cadb53b33694cfb3fc7679b8000411975fedd28a"
}
info|2023-07-08 18:27:29.581517|[EVENT][SUB][doLoop]event sub tasks report,working event sub count=0,suspend event sub count=0
info|2023-07-08 18:27:30.042123|[SDK][WS][SERVICE]connected nodes,count=2
info|2023-07-08 18:27:49.581917|[EVENT][SUB][doLoop]event sub tasks report,working event sub count=0,suspend event sub count=0
info|2023-07-08 18:27:50.042505|[SDK][WS][SERVICE]connected nodes,count=2
info|2023-07-08 18:28:09.582600|[EVENT][SUB][doLoop]event sub tasks report,working event sub count=0,suspend event sub count=0
info|2023-07-08 18:28:10.043225|[SDK][WS][SERVICE]connected nodes,count=2
info|2023-07-08 18:28:29.583290|[EVENT][SUB][doLoop]event sub tasks report,working event sub count=0,suspend event sub count=0
info|2023-07-08 18:28:30.043564|[SDK][WS][SERVICE]connected nodes,count=2
info|2023-07-08 18:28:49.583606|[EVENT][SUB][doLoop]event sub tasks report,working event sub count=0,suspend event sub count=0
info|2023-07-08 18:28:50.043740|[SDK][WS][SERVICE]connected nodes,count=2
info|2023-07-08 18:29:09.583900|[EVENT][SUB][doLoop]event sub tasks report,working event sub count=0,suspend event sub count=0
info|2023-07-08 18:29:10.043999|[SDK][WS][SERVICE]connected nodes,count=2
info|2023-07-08 18:29:29.584046|[EVENT][SUB][doLoop]event sub tasks report,working event sub count=0,suspend event sub count=0
info|2023-07-08 18:29:30.044690|[SDK][WS][SERVICE]connected nodes,count=2
info|2023-07-08 18:29:49.584597|[EVENT][SUB][doLoop]event sub tasks report,working event sub count=0,suspend event sub count=0
info|2023-07-08 18:29:50.045055|[SDK][WS][SERVICE]connected nodes,count=2
info|2023-07-08 18:30:09.584705|[EVENT][SUB][doLoop]event sub tasks report,working event sub count=0,suspend event sub count=0
info|2023-07-08 18:30:10.045584|[SDK][WS][SERVICE]connected nodes,count=2
info|2023-07-08 18:30:29.584830|[EVENT][SUB][doLoop]event sub tasks report,working event sub count=0,suspend event sub count=0
info|2023-07-08 18:30:30.045700|[SDK][WS][SERVICE]connected nodes,count=2
info|2023-07-08 18:30:49.585250|[EVENT][SUB][doLoop]event sub tasks report,working event sub count=0,suspend event sub count=0
info|2023-07-08 18:30:50.045891|[SDK][WS][SERVICE]connected nodes,count=2
info|2023-07-08 18:31:09.585797|[EVENT][SUB][doLoop]event sub tasks report,working event sub count=0,suspend event sub count=0
info|2023-07-08 18:31:10.046364|[SDK][WS][SERVICE]connected nodes,count=2
info|2023-07-08 18:31:29.585933|[EVENT][SUB][doLoop]event sub tasks report,working event sub count=0,suspend event sub count=0
info|2023-07-08 18:31:30.046821|[SDK][WS][SERVICE]connected nodes,count=2
info|2023-07-08 18:31:49.586023|[EVENT][SUB][doLoop]event sub tasks report,working event sub count=0,suspend event sub count=0
info|2023-07-08 18:31:50.047278|[SDK][WS][SERVICE]connected nodes,count=2
info|2023-07-08 18:32:09.586324|[EVENT][SUB][doLoop]event sub tasks report,working event sub count=0,suspend event sub count=0
info|2023-07-08 18:32:10.048115|[SDK][WS][SERVICE]connected nodes,count=2
info|2023-07-08 18:32:29.586456|[EVENT][SUB][doLoop]event sub tasks report,working event sub count=0,suspend event sub count=0
info|2023-07-08 18:32:30.048651|[SDK][WS][SERVICE]connected nodes,count=2
info|2023-07-08 18:32:49.586630|[EVENT][SUB][doLoop]event sub tasks report,working event sub count=0,suspend event sub count=0
info|2023-07-08 18:32:50.048895|[SDK][WS][SERVICE]connected nodes,count=2
info|2023-07-08 18:33:09.586767|[EVENT][SUB][doLoop]event sub tasks report,working event sub count=0,suspend event sub count=0
info|2023-07-08 18:33:10.049439|[SDK][WS][SERVICE]connected nodes,count=2
info|2023-07-08 18:33:29.587162|[EVENT][SUB][doLoop]event sub tasks report,working event sub count=0,suspend event sub count=0
info|2023-07-08 18:33:30.049736|[SDK][WS][SERVICE]connected nodes,count=2
info|2023-07-08 18:33:49.587402|[EVENT][SUB][doLoop]event sub tasks report,working event sub count=0,suspend event sub count=0
info|2023-07-08 18:33:50.050071|[SDK][WS][SERVICE]connected nodes,count=2
info|2023-07-08 18:34:09.587807|[EVENT][SUB][doLoop]event sub tasks report,working event sub count=0,suspend event sub count=0
info|2023-07-08 18:34:10.050393|[SDK][WS][SERVICE]connected nodes,count=2
info|2023-07-08 18:34:29.587869|[EVENT][SUB][doLoop]event sub tasks report,working event sub count=0,suspend event sub count=0
info|2023-07-08 18:34:30.051150|[SDK][WS][SERVICE]connected nodes,count=2
info|2023-07-08 18:34:49.588491|[EVENT][SUB][doLoop]event sub tasks report,working event sub count=0,suspend event sub count=0
info|2023-07-08 18:34:50.051699|[SDK][WS][SERVICE]connected nodes,count=2
info|2023-07-08 18:35:09.588635|[EVENT][SUB][doLoop]event sub tasks report,working event sub count=0,suspend event sub count=0
info|2023-07-08 18:35:10.052382|[SDK][WS][SERVICE]connected nodes,count=2
info|2023-07-08 18:35:29.588935|[EVENT][SUB][doLoop]event sub tasks report,working event sub count=0,suspend event sub count=0
info|2023-07-08 18:35:30.052659|[SDK][WS][SERVICE]connected nodes,count=2
info|2023-07-08 18:35:49.589129|[EVENT][SUB][doLoop]event sub tasks report,working event sub count=0,suspend event sub count=0
info|2023-07-08 18:35:50.053259|[SDK][WS][SERVICE]connected nodes,count=2
info|2023-07-08 18:36:09.589568|[EVENT][SUB][doLoop]event sub tasks report,working event sub count=0,suspend event sub count=0
info|2023-07-08 18:36:10.053816|[SDK][WS][SERVICE]connected nodes,count=2
info|2023-07-08 18:36:29.589924|[EVENT][SUB][doLoop]event sub tasks report,working event sub count=0,suspend event sub count=0
info|2023-07-08 18:36:30.054583|[SDK][WS][SERVICE]connected nodes,count=2
info|2023-07-08 18:36:49.590408|[EVENT][SUB][doLoop]event sub tasks report,working event sub count=0,suspend event sub count=0
info|2023-07-08 18:36:50.055088|[SDK][WS][SERVICE]connected nodes,count=2
info|2023-07-08 18:37:09.591241|[EVENT][SUB][doLoop]event sub tasks report,working event sub count=0,suspend event sub count=0
info|2023-07-08 18:37:10.055644|[SDK][WS][SERVICE]connected nodes,count=2
info|2023-07-08 18:37:29.591629|[EVENT][SUB][doLoop]event sub tasks report,working event sub count=0,suspend event sub count=0
info|2023-07-08 18:37:30.056335|[SDK][WS][SERVICE]connected nodes,count=2
info|2023-07-08 18:37:49.591887|[EVENT][SUB][doLoop]event sub tasks report,working event sub count=0,suspend event sub count=0
info|2023-07-08 18:37:50.056776|[SDK][WS][SERVICE]connected nodes,count=2
info|2023-07-08 18:38:09.592235|[EVENT][SUB][doLoop]event sub tasks report,working event sub count=0,suspend event sub count=0
info|2023-07-08 18:38:10.057221|[SDK][WS][SERVICE]connected nodes,count=2
info|2023-07-08 18:38:29.592386|[EVENT][SUB][doLoop]event sub tasks report,working event sub count=0,suspend event sub count=0
info|2023-07-08 18:38:30.057471|[SDK][WS][SERVICE]connected nodes,count=2
info|2023-07-08 18:38:49.592769|[EVENT][SUB][doLoop]event sub tasks report,working event sub count=0,suspend event sub count=0
info|2023-07-08 18:38:50.057880|[SDK][WS][SERVICE]connected nodes,count=2
info|2023-07-08 18:39:09.593131|[EVENT][SUB][doLoop]event sub tasks report,working event sub count=0,suspend event sub count=0
info|2023-07-08 18:39:10.058123|[SDK][WS][SERVICE]connected nodes,count=2
info|2023-07-08 18:39:29.593373|[EVENT][SUB][doLoop]event sub tasks report,working event sub count=0,suspend event sub count=0
info|2023-07-08 18:39:30.058550|[SDK][WS][SERVICE]connected nodes,count=2
info|2023-07-08 18:39:49.594326|[EVENT][SUB][doLoop]event sub tasks report,working event sub count=0,suspend event sub count=0
info|2023-07-08 18:39:50.059013|[SDK][WS][SERVICE]connected nodes,count=2
info|2023-07-08 18:40:09.594664|[EVENT][SUB][doLoop]event sub tasks report,working event sub count=0,suspend event sub count=0
info|2023-07-08 18:40:10.059747|[SDK][WS][SERVICE]connected nodes,count=2
info|2023-07-08 18:40:29.595257|[EVENT][SUB][doLoop]event sub tasks report,working event sub count=0,suspend event sub count=0
info|2023-07-08 18:40:30.060411|[SDK][WS][SERVICE]connected nodes,count=2
info|2023-07-08 18:40:49.595780|[EVENT][SUB][doLoop]event sub tasks report,working event sub count=0,suspend event sub count=0
info|2023-07-08 18:40:50.060704|[SDK][WS][SERVICE]connected nodes,count=2
info|2023-07-08 18:41:09.595873|[EVENT][SUB][doLoop]event sub tasks report,working event sub count=0,suspend event sub count=0
info|2023-07-08 18:41:10.061243|[SDK][WS][SERVICE]connected nodes,count=2
info|2023-07-08 18:41:29.596055|[EVENT][SUB][doLoop]event sub tasks report,working event sub count=0,suspend event sub count=0
info|2023-07-08 18:41:30.061440|[SDK][WS][SERVICE]connected nodes,count=2
info|2023-07-08 18:41:49.596374|[EVENT][SUB][doLoop]event sub tasks report,working event sub count=0,suspend event sub count=0
info|2023-07-08 18:41:50.061874|[SDK][WS][SERVICE]connected nodes,count=2
info|2023-07-08 18:42:09.596430|[EVENT][SUB][doLoop]event sub tasks report,working event sub count=0,suspend event sub count=0
info|2023-07-08 18:42:10.061997|[SDK][WS][SERVICE]connected nodes,count=2
info|2023-07-08 18:42:29.597089|[EVENT][SUB][doLoop]event sub tasks report,working event sub count=0,suspend event sub count=0
info|2023-07-08 18:42:30.062250|[SDK][WS][SERVICE]connected nodes,count=2
info|2023-07-08 18:42:49.597708|[EVENT][SUB][doLoop]event sub tasks report,working event sub count=0,suspend event sub count=0
info|2023-07-08 18:42:50.062824|[SDK][WS][SERVICE]connected nodes,count=2
info|2023-07-08 18:43:09.597844|[EVENT][SUB][doLoop]event sub tasks report,working event sub count=0,suspend event sub count=0
info|2023-07-08 18:43:10.063540|[SDK][WS][SERVICE]connected nodes,count=2
info|2023-07-08 18:43:29.598048|[EVENT][SUB][doLoop]event sub tasks report,working event sub count=0,suspend event sub count=0
info|2023-07-08 18:43:30.064042|[SDK][WS][SERVICE]connected nodes,count=2
info|2023-07-08 18:43:49.598512|[EVENT][SUB][doLoop]event sub tasks report,working event sub count=0,suspend event sub count=0
info|2023-07-08 18:43:50.064611|[SDK][WS][SERVICE]connected nodes,count=2
info|2023-07-08 18:44:09.598858|[EVENT][SUB][doLoop]event sub tasks report,working event sub count=0,suspend event sub count=0
info|2023-07-08 18:44:10.064853|[SDK][WS][SERVICE]connected nodes,count=2
info|2023-07-08 18:44:29.599052|[EVENT][SUB][doLoop]event sub tasks report,working event sub count=0,suspend event sub count=0
info|2023-07-08 18:44:30.065062|[SDK][WS][SERVICE]connected nodes,count=2
info|2023-07-08 18:44:49.599187|[EVENT][SUB][doLoop]event sub tasks report,working event sub count=0,suspend event sub count=0
info|2023-07-08 18:44:50.065524|[SDK][WS][SERVICE]connected nodes,count=2
info|2023-07-08 18:45:09.599269|[EVENT][SUB][doLoop]event sub tasks report,working event sub count=0,suspend event sub count=0
info|2023-07-08 18:45:10.066167|[SDK][WS][SERVICE]connected nodes,count=2
info|2023-07-08 18:45:29.599405|[EVENT][SUB][doLoop]event sub tasks report,working event sub count=0,suspend event sub count=0
info|2023-07-08 18:45:30.066429|[SDK][WS][SERVICE]connected nodes,count=2
info|2023-07-08 18:45:49.599595|[EVENT][SUB][doLoop]event sub tasks report,working event sub count=0,suspend event sub count=0
info|2023-07-08 18:45:50.067038|[SDK][WS][SERVICE]connected nodes,count=2
info|2023-07-08 18:46:09.599647|[EVENT][SUB][doLoop]event sub tasks report,working event sub count=0,suspend event sub count=0
info|2023-07-08 18:46:10.067724|[SDK][WS][SERVICE]connected nodes,count=2
info|2023-07-08 18:46:29.600285|[EVENT][SUB][doLoop]event sub tasks report,working event sub count=0,suspend event sub count=0
info|2023-07-08 18:46:30.068203|[SDK][WS][SERVICE]connected nodes,count=2
info|2023-07-08 18:46:49.600859|[EVENT][SUB][doLoop]event sub tasks report,working event sub count=0,suspend event sub count=0
info|2023-07-08 18:46:50.068461|[SDK][WS][SERVICE]connected nodes,count=2
info|2023-07-08 18:47:09.601192|[EVENT][SUB][doLoop]event sub tasks report,working event sub count=0,suspend event sub count=0
info|2023-07-08 18:47:10.069207|[SDK][WS][SERVICE]connected nodes,count=2
info|2023-07-08 18:47:29.601455|[EVENT][SUB][doLoop]event sub tasks report,working event sub count=0,suspend event sub count=0
info|2023-07-08 18:47:30.069618|[SDK][WS][SERVICE]connected nodes,count=2
info|2023-07-08 18:47:49.601767|[EVENT][SUB][doLoop]event sub tasks report,working event sub count=0,suspend event sub count=0
info|2023-07-08 18:47:50.069887|[SDK][WS][SERVICE]connected nodes,count=2
info|2023-07-08 18:48:09.602022|[EVENT][SUB][doLoop]event sub tasks report,working event sub count=0,suspend event sub count=0
info|2023-07-08 18:48:10.070011|[SDK][WS][SERVICE]connected nodes,count=2
info|2023-07-08 18:48:29.602213|[EVENT][SUB][doLoop]event sub tasks report,working event sub count=0,suspend event sub count=0
info|2023-07-08 18:48:30.070343|[SDK][WS][SERVICE]connected nodes,count=2
info|2023-07-08 18:48:49.602328|[EVENT][SUB][doLoop]event sub tasks report,working event sub count=0,suspend event sub count=0
info|2023-07-08 18:48:50.070755|[SDK][WS][SERVICE]connected nodes,count=2
info|2023-07-08 18:49:09.602680|[EVENT][SUB][doLoop]event sub tasks report,working event sub count=0,suspend event sub count=0
info|2023-07-08 18:49:10.071105|[SDK][WS][SERVICE]connected nodes,count=2
info|2023-07-08 18:49:29.603180|[EVENT][SUB][doLoop]event sub tasks report,working event sub count=0,suspend event sub count=0
info|2023-07-08 18:49:30.071359|[SDK][WS][SERVICE]connected nodes,count=2
info|2023-07-08 18:49:49.603787|[EVENT][SUB][doLoop]event sub tasks report,working event sub count=0,suspend event sub count=0
info|2023-07-08 18:49:50.071842|[SDK][WS][SERVICE]connected nodes,count=2
info|2023-07-08 18:50:09.604797|[EVENT][SUB][doLoop]event sub tasks report,working event sub count=0,suspend event sub count=0
info|2023-07-08 18:50:10.072472|[SDK][WS][SERVICE]connected nodes,count=2
info|2023-07-08 18:50:29.605131|[EVENT][SUB][doLoop]event sub tasks report,working event sub count=0,suspend event sub count=0
info|2023-07-08 18:50:30.072895|[SDK][WS][SERVICE]connected nodes,count=2
info|2023-07-08 18:50:49.605229|[EVENT][SUB][doLoop]event sub tasks report,working event sub count=0,suspend event sub count=0
info|2023-07-08 18:50:50.073293|[SDK][WS][SERVICE]connected nodes,count=2
info|2023-07-08 18:51:09.605686|[EVENT][SUB][doLoop]event sub tasks report,working event sub count=0,suspend event sub count=0
info|2023-07-08 18:51:10.074016|[SDK][WS][SERVICE]connected nodes,count=2
info|2023-07-08 18:51:29.605824|[EVENT][SUB][doLoop]event sub tasks report,working event sub count=0,suspend event sub count=0
info|2023-07-08 18:51:30.074453|[SDK][WS][SERVICE]connected nodes,count=2
info|2023-07-08 18:51:49.605977|[EVENT][SUB][doLoop]event sub tasks report,working event sub count=0,suspend event sub count=0
info|2023-07-08 18:51:50.075123|[SDK][WS][SERVICE]connected nodes,count=2
info|2023-07-08 18:52:09.606316|[EVENT][SUB][doLoop]event sub tasks report,working event sub count=0,suspend event sub count=0
info|2023-07-08 18:52:10.075523|[SDK][WS][SERVICE]connected nodes,count=2
info|2023-07-08 18:52:29.606508|[EVENT][SUB][doLoop]event sub tasks report,working event sub count=0,suspend event sub count=0
info|2023-07-08 18:52:30.075936|[SDK][WS][SERVICE]connected nodes,count=2
info|2023-07-08 18:52:49.606786|[EVENT][SUB][doLoop]event sub tasks report,working event sub count=0,suspend event sub count=0
info|2023-07-08 18:52:50.076327|[SDK][WS][SERVICE]connected nodes,count=2
info|2023-07-08 18:53:09.606914|[EVENT][SUB][doLoop]event sub tasks report,working event sub count=0,suspend event sub count=0
info|2023-07-08 18:53:10.076449|[SDK][WS][SERVICE]connected nodes,count=2
info|2023-07-08 18:53:29.607030|[EVENT][SUB][doLoop]event sub tasks report,working event sub count=0,suspend event sub count=0
info|2023-07-08 18:53:30.076715|[SDK][WS][SERVICE]connected nodes,count=2
info|2023-07-08 18:53:49.607324|[EVENT][SUB][doLoop]event sub tasks report,working event sub count=0,suspend event sub count=0
info|2023-07-08 18:53:50.077046|[SDK][WS][SERVICE]connected nodes,count=2
info|2023-07-08 18:54:09.607403|[EVENT][SUB][doLoop]event sub tasks report,working event sub count=0,suspend event sub count=0
info|2023-07-08 18:54:10.077261|[SDK][WS][SERVICE]connected nodes,count=2
info|2023-07-08 18:54:29.607497|[EVENT][SUB][doLoop]event sub tasks report,working event sub count=0,suspend event sub count=0
info|2023-07-08 18:54:30.077393|[SDK][WS][SERVICE]connected nodes,count=2
info|2023-07-08 18:54:49.608168|[EVENT][SUB][doLoop]event sub tasks report,working event sub count=0,suspend event sub count=0
info|2023-07-08 18:54:50.078191|[SDK][WS][SERVICE]connected nodes,count=2
info|2023-07-08 18:55:09.608576|[EVENT][SUB][doLoop]event sub tasks report,working event sub count=0,suspend event sub count=0
info|2023-07-08 18:55:10.078659|[SDK][WS][SERVICE]connected nodes,count=2
info|2023-07-08 18:55:29.608885|[EVENT][SUB][doLoop]event sub tasks report,working event sub count=0,suspend event sub count=0
info|2023-07-08 18:55:30.078887|[SDK][WS][SERVICE]connected nodes,count=2
info|2023-07-08 18:55:49.609236|[EVENT][SUB][doLoop]event sub tasks report,working event sub count=0,suspend event sub count=0
info|2023-07-08 18:55:50.079076|[SDK][WS][SERVICE]connected nodes,count=2
info|2023-07-08 18:56:09.609608|[EVENT][SUB][doLoop]event sub tasks report,working event sub count=0,suspend event sub count=0
info|2023-07-08 18:56:10.079365|[SDK][WS][SERVICE]connected nodes,count=2
info|2023-07-08 18:56:29.609693|[EVENT][SUB][doLoop]event sub tasks report,working event sub count=0,suspend event sub count=0
info|2023-07-08 18:56:30.079810|[SDK][WS][SERVICE]connected nodes,count=2
info|2023-07-08 18:56:49.610045|[EVENT][SUB][doLoop]event sub tasks report,working event sub count=0,suspend event sub count=0
info|2023-07-08 18:56:50.080296|[SDK][WS][SERVICE]connected nodes,count=2
info|2023-07-08 18:57:09.610127|[EVENT][SUB][doLoop]event sub tasks report,working event sub count=0,suspend event sub count=0
info|2023-07-08 18:57:10.080499|[SDK][WS][SERVICE]connected nodes,count=2
info|2023-07-08 18:57:13.871543|[RPC][BLOCK][NUMBER][fromJson],group=group0,node=98a7f70ec883a722219d92253cf073a72605f4087aa3443c8e4aadc0af2dc3ac647d0fa1b5ac99cd6987abafe6d690ae71cd5fd2aeeabe7589bfb4748aabdfba,blockNumber=2207
info|2023-07-08 18:57:13.871597|[RPCWS][SERVICE][onRecvBlockNotifier]receive block number notifier,group=group0,node=98a7f70ec883a722219d92253cf073a72605f4087aa3443c8e4aadc0af2dc3ac647d0fa1b5ac99cd6987abafe6d690ae71cd5fd2aeeabe7589bfb4748aabdfba,blockNumber=2207
info|2023-07-08 18:57:13.871603|[RPCWS][SERVICE][updateGroupBlockNumber],groupID=group0,_blockNumber=2207
info|2023-07-08 18:57:13.871609|[RPCWS][SERVICE][onRecvBlockNotifier]block notifier callback,group=group0,node=98a7f70ec883a722219d92253cf073a72605f4087aa3443c8e4aadc0af2dc3ac647d0fa1b5ac99cd6987abafe6d690ae71cd5fd2aeeabe7589bfb4748aabdfba,blockNumber=2207
info|2023-07-08 18:57:13.871612|[WS]receive block notify,endpoint=127.0.0.1:20200,blk={
	"blockNumber" : 2207,
	"group" : "group0",
	"nodeName" : "98a7f70ec883a722219d92253cf073a72605f4087aa3443c8e4aadc0af2dc3ac647d0fa1b5ac99cd6987abafe6d690ae71cd5fd2aeeabe7589bfb4748aabdfba"
}
info|2023-07-08 18:57:13.898387|[RPC][BLOCK][NUMBER][fromJson],group=group0,node=2f993327933ad58672518b6d4f63920cbc68b80f78f4d81192552ee6362f5cc81ee13bdc678ad65f06e76444cadb53b33694cfb3fc7679b8000411975fedd28a,blockNumber=2207
info|2023-07-08 18:57:13.898423|[RPCWS][SERVICE][onRecvBlockNotifier]receive block number notifier,group=group0,node=2f993327933ad58672518b6d4f63920cbc68b80f78f4d81192552ee6362f5cc81ee13bdc678ad65f06e76444cadb53b33694cfb3fc7679b8000411975fedd28a,blockNumber=2207
info|2023-07-08 18:57:13.898431|[WS]receive block notify,endpoint=127.0.0.1:20201,blk={
	"blockNumber" : 2207,
	"group" : "group0",
	"nodeName" : "2f993327933ad58672518b6d4f63920cbc68b80f78f4d81192552ee6362f5cc81ee13bdc678ad65f06e76444cadb53b33694cfb3fc7679b8000411975fedd28a"
}
info|2023-07-08 18:57:14.428950|[RPC][BLOCK][NUMBER][fromJson],group=group0,node=98a7f70ec883a722219d92253cf073a72605f4087aa3443c8e4aadc0af2dc3ac647d0fa1b5ac99cd6987abafe6d690ae71cd5fd2aeeabe7589bfb4748aabdfba,blockNumber=2208
info|2023-07-08 18:57:14.429009|[RPCWS][SERVICE][onRecvBlockNotifier]receive block number notifier,group=group0,node=98a7f70ec883a722219d92253cf073a72605f4087aa3443c8e4aadc0af2dc3ac647d0fa1b5ac99cd6987abafe6d690ae71cd5fd2aeeabe7589bfb4748aabdfba,blockNumber=2208
info|2023-07-08 18:57:14.429017|[RPCWS][SERVICE][updateGroupBlockNumber],groupID=group0,_blockNumber=2208
info|2023-07-08 18:57:14.429021|[RPCWS][SERVICE][onRecvBlockNotifier]block notifier callback,group=group0,node=98a7f70ec883a722219d92253cf073a72605f4087aa3443c8e4aadc0af2dc3ac647d0fa1b5ac99cd6987abafe6d690ae71cd5fd2aeeabe7589bfb4748aabdfba,blockNumber=2208
info|2023-07-08 18:57:14.429025|[WS]receive block notify,endpoint=127.0.0.1:20200,blk={
	"blockNumber" : 2208,
	"group" : "group0",
	"nodeName" : "98a7f70ec883a722219d92253cf073a72605f4087aa3443c8e4aadc0af2dc3ac647d0fa1b5ac99cd6987abafe6d690ae71cd5fd2aeeabe7589bfb4748aabdfba"
}
info|2023-07-08 18:57:14.432496|[RPC][BLOCK][NUMBER][fromJson],group=group0,node=2f993327933ad58672518b6d4f63920cbc68b80f78f4d81192552ee6362f5cc81ee13bdc678ad65f06e76444cadb53b33694cfb3fc7679b8000411975fedd28a,blockNumber=2208
info|2023-07-08 18:57:14.432539|[RPCWS][SERVICE][onRecvBlockNotifier]receive block number notifier,group=group0,node=2f993327933ad58672518b6d4f63920cbc68b80f78f4d81192552ee6362f5cc81ee13bdc678ad65f06e76444cadb53b33694cfb3fc7679b8000411975fedd28a,blockNumber=2208
info|2023-07-08 18:57:14.432548|[WS]receive block notify,endpoint=127.0.0.1:20201,blk={
	"blockNumber" : 2208,
	"group" : "group0",
	"nodeName" : "2f993327933ad58672518b6d4f63920cbc68b80f78f4d81192552ee6362f5cc81ee13bdc678ad65f06e76444cadb53b33694cfb3fc7679b8000411975fedd28a"
}
info|2023-07-08 18:57:14.969502|[RPC][BLOCK][NUMBER][fromJson],group=group0,node=98a7f70ec883a722219d92253cf073a72605f4087aa3443c8e4aadc0af2dc3ac647d0fa1b5ac99cd6987abafe6d690ae71cd5fd2aeeabe7589bfb4748aabdfba,blockNumber=2209
info|2023-07-08 18:57:14.969527|[RPCWS][SERVICE][onRecvBlockNotifier]receive block number notifier,group=group0,node=98a7f70ec883a722219d92253cf073a72605f4087aa3443c8e4aadc0af2dc3ac647d0fa1b5ac99cd6987abafe6d690ae71cd5fd2aeeabe7589bfb4748aabdfba,blockNumber=2209
info|2023-07-08 18:57:14.969533|[RPCWS][SERVICE][updateGroupBlockNumber],groupID=group0,_blockNumber=2209
info|2023-07-08 18:57:14.969538|[RPCWS][SERVICE][onRecvBlockNotifier]block notifier callback,group=group0,node=98a7f70ec883a722219d92253cf073a72605f4087aa3443c8e4aadc0af2dc3ac647d0fa1b5ac99cd6987abafe6d690ae71cd5fd2aeeabe7589bfb4748aabdfba,blockNumber=2209
info|2023-07-08 18:57:14.969542|[WS]receive block notify,endpoint=127.0.0.1:20200,blk={
	"blockNumber" : 2209,
	"group" : "group0",
	"nodeName" : "98a7f70ec883a722219d92253cf073a72605f4087aa3443c8e4aadc0af2dc3ac647d0fa1b5ac99cd6987abafe6d690ae71cd5fd2aeeabe7589bfb4748aabdfba"
}
info|2023-07-08 18:57:14.987027|[RPC][BLOCK][NUMBER][fromJson],group=group0,node=2f993327933ad58672518b6d4f63920cbc68b80f78f4d81192552ee6362f5cc81ee13bdc678ad65f06e76444cadb53b33694cfb3fc7679b8000411975fedd28a,blockNumber=2209
info|2023-07-08 18:57:14.987086|[RPCWS][SERVICE][onRecvBlockNotifier]receive block number notifier,group=group0,node=2f993327933ad58672518b6d4f63920cbc68b80f78f4d81192552ee6362f5cc81ee13bdc678ad65f06e76444cadb53b33694cfb3fc7679b8000411975fedd28a,blockNumber=2209
info|2023-07-08 18:57:14.987096|[WS]receive block notify,endpoint=127.0.0.1:20201,blk={
	"blockNumber" : 2209,
	"group" : "group0",
	"nodeName" : "2f993327933ad58672518b6d4f63920cbc68b80f78f4d81192552ee6362f5cc81ee13bdc678ad65f06e76444cadb53b33694cfb3fc7679b8000411975fedd28a"
}
info|2023-07-08 18:57:15.516523|[RPC][BLOCK][NUMBER][fromJson],group=group0,node=98a7f70ec883a722219d92253cf073a72605f4087aa3443c8e4aadc0af2dc3ac647d0fa1b5ac99cd6987abafe6d690ae71cd5fd2aeeabe7589bfb4748aabdfba,blockNumber=2210
info|2023-07-08 18:57:15.516799|[RPCWS][SERVICE][onRecvBlockNotifier]receive block number notifier,group=group0,node=98a7f70ec883a722219d92253cf073a72605f4087aa3443c8e4aadc0af2dc3ac647d0fa1b5ac99cd6987abafe6d690ae71cd5fd2aeeabe7589bfb4748aabdfba,blockNumber=2210
info|2023-07-08 18:57:15.516820|[RPCWS][SERVICE][updateGroupBlockNumber],groupID=group0,_blockNumber=2210
info|2023-07-08 18:57:15.516827|[RPCWS][SERVICE][onRecvBlockNotifier]block notifier callback,group=group0,node=98a7f70ec883a722219d92253cf073a72605f4087aa3443c8e4aadc0af2dc3ac647d0fa1b5ac99cd6987abafe6d690ae71cd5fd2aeeabe7589bfb4748aabdfba,blockNumber=2210
info|2023-07-08 18:57:15.516833|[WS]receive block notify,endpoint=127.0.0.1:20200,blk={
	"blockNumber" : 2210,
	"group" : "group0",
	"nodeName" : "98a7f70ec883a722219d92253cf073a72605f4087aa3443c8e4aadc0af2dc3ac647d0fa1b5ac99cd6987abafe6d690ae71cd5fd2aeeabe7589bfb4748aabdfba"
}
info|2023-07-08 18:57:15.591182|[RPC][BLOCK][NUMBER][fromJson],group=group0,node=2f993327933ad58672518b6d4f63920cbc68b80f78f4d81192552ee6362f5cc81ee13bdc678ad65f06e76444cadb53b33694cfb3fc7679b8000411975fedd28a,blockNumber=2210
info|2023-07-08 18:57:15.591217|[RPCWS][SERVICE][onRecvBlockNotifier]receive block number notifier,group=group0,node=2f993327933ad58672518b6d4f63920cbc68b80f78f4d81192552ee6362f5cc81ee13bdc678ad65f06e76444cadb53b33694cfb3fc7679b8000411975fedd28a,blockNumber=2210
info|2023-07-08 18:57:15.591226|[WS]receive block notify,endpoint=127.0.0.1:20201,blk={
	"blockNumber" : 2210,
	"group" : "group0",
	"nodeName" : "2f993327933ad58672518b6d4f63920cbc68b80f78f4d81192552ee6362f5cc81ee13bdc678ad65f06e76444cadb53b33694cfb3fc7679b8000411975fedd28a"
}
info|2023-07-08 18:57:16.063318|[RPC][BLOCK][NUMBER][fromJson],group=group0,node=98a7f70ec883a722219d92253cf073a72605f4087aa3443c8e4aadc0af2dc3ac647d0fa1b5ac99cd6987abafe6d690ae71cd5fd2aeeabe7589bfb4748aabdfba,blockNumber=2211
info|2023-07-08 18:57:16.063371|[RPCWS][SERVICE][onRecvBlockNotifier]receive block number notifier,group=group0,node=98a7f70ec883a722219d92253cf073a72605f4087aa3443c8e4aadc0af2dc3ac647d0fa1b5ac99cd6987abafe6d690ae71cd5fd2aeeabe7589bfb4748aabdfba,blockNumber=2211
info|2023-07-08 18:57:16.063402|[RPCWS][SERVICE][updateGroupBlockNumber],groupID=group0,_blockNumber=2211
info|2023-07-08 18:57:16.063409|[RPCWS][SERVICE][onRecvBlockNotifier]block notifier callback,group=group0,node=98a7f70ec883a722219d92253cf073a72605f4087aa3443c8e4aadc0af2dc3ac647d0fa1b5ac99cd6987abafe6d690ae71cd5fd2aeeabe7589bfb4748aabdfba,blockNumber=2211
info|2023-07-08 18:57:16.063414|[WS]receive block notify,endpoint=127.0.0.1:20200,blk={
	"blockNumber" : 2211,
	"group" : "group0",
	"nodeName" : "98a7f70ec883a722219d92253cf073a72605f4087aa3443c8e4aadc0af2dc3ac647d0fa1b5ac99cd6987abafe6d690ae71cd5fd2aeeabe7589bfb4748aabdfba"
}
info|2023-07-08 18:57:16.107573|[RPC][BLOCK][NUMBER][fromJson],group=group0,node=2f993327933ad58672518b6d4f63920cbc68b80f78f4d81192552ee6362f5cc81ee13bdc678ad65f06e76444cadb53b33694cfb3fc7679b8000411975fedd28a,blockNumber=2211
info|2023-07-08 18:57:16.107600|[RPCWS][SERVICE][onRecvBlockNotifier]receive block number notifier,group=group0,node=2f993327933ad58672518b6d4f63920cbc68b80f78f4d81192552ee6362f5cc81ee13bdc678ad65f06e76444cadb53b33694cfb3fc7679b8000411975fedd28a,blockNumber=2211
info|2023-07-08 18:57:16.107608|[WS]receive block notify,endpoint=127.0.0.1:20201,blk={
	"blockNumber" : 2211,
	"group" : "group0",
	"nodeName" : "2f993327933ad58672518b6d4f63920cbc68b80f78f4d81192552ee6362f5cc81ee13bdc678ad65f06e76444cadb53b33694cfb3fc7679b8000411975fedd28a"
}
info|2023-07-08 18:57:16.612319|[RPC][BLOCK][NUMBER][fromJson],group=group0,node=98a7f70ec883a722219d92253cf073a72605f4087aa3443c8e4aadc0af2dc3ac647d0fa1b5ac99cd6987abafe6d690ae71cd5fd2aeeabe7589bfb4748aabdfba,blockNumber=2212
info|2023-07-08 18:57:16.612357|[RPCWS][SERVICE][onRecvBlockNotifier]receive block number notifier,group=group0,node=98a7f70ec883a722219d92253cf073a72605f4087aa3443c8e4aadc0af2dc3ac647d0fa1b5ac99cd6987abafe6d690ae71cd5fd2aeeabe7589bfb4748aabdfba,blockNumber=2212
info|2023-07-08 18:57:16.612367|[RPCWS][SERVICE][updateGroupBlockNumber],groupID=group0,_blockNumber=2212
info|2023-07-08 18:57:16.612406|[RPCWS][SERVICE][onRecvBlockNotifier]block notifier callback,group=group0,node=98a7f70ec883a722219d92253cf073a72605f4087aa3443c8e4aadc0af2dc3ac647d0fa1b5ac99cd6987abafe6d690ae71cd5fd2aeeabe7589bfb4748aabdfba,blockNumber=2212
info|2023-07-08 18:57:16.612417|[WS]receive block notify,endpoint=127.0.0.1:20200,blk={
	"blockNumber" : 2212,
	"group" : "group0",
	"nodeName" : "98a7f70ec883a722219d92253cf073a72605f4087aa3443c8e4aadc0af2dc3ac647d0fa1b5ac99cd6987abafe6d690ae71cd5fd2aeeabe7589bfb4748aabdfba"
}
info|2023-07-08 18:57:16.655036|[RPC][BLOCK][NUMBER][fromJson],group=group0,node=2f993327933ad58672518b6d4f63920cbc68b80f78f4d81192552ee6362f5cc81ee13bdc678ad65f06e76444cadb53b33694cfb3fc7679b8000411975fedd28a,blockNumber=2212
info|2023-07-08 18:57:16.655055|[RPCWS][SERVICE][onRecvBlockNotifier]receive block number notifier,group=group0,node=2f993327933ad58672518b6d4f63920cbc68b80f78f4d81192552ee6362f5cc81ee13bdc678ad65f06e76444cadb53b33694cfb3fc7679b8000411975fedd28a,blockNumber=2212
info|2023-07-08 18:57:16.655062|[WS]receive block notify,endpoint=127.0.0.1:20201,blk={
	"blockNumber" : 2212,
	"group" : "group0",
	"nodeName" : "2f993327933ad58672518b6d4f63920cbc68b80f78f4d81192552ee6362f5cc81ee13bdc678ad65f06e76444cadb53b33694cfb3fc7679b8000411975fedd28a"
}
info|2023-07-08 18:57:17.154344|[RPC][BLOCK][NUMBER][fromJson],group=group0,node=98a7f70ec883a722219d92253cf073a72605f4087aa3443c8e4aadc0af2dc3ac647d0fa1b5ac99cd6987abafe6d690ae71cd5fd2aeeabe7589bfb4748aabdfba,blockNumber=2213
info|2023-07-08 18:57:17.154380|[RPCWS][SERVICE][onRecvBlockNotifier]receive block number notifier,group=group0,node=98a7f70ec883a722219d92253cf073a72605f4087aa3443c8e4aadc0af2dc3ac647d0fa1b5ac99cd6987abafe6d690ae71cd5fd2aeeabe7589bfb4748aabdfba,blockNumber=2213
info|2023-07-08 18:57:17.154388|[RPCWS][SERVICE][updateGroupBlockNumber],groupID=group0,_blockNumber=2213
info|2023-07-08 18:57:17.154396|[RPCWS][SERVICE][onRecvBlockNotifier]block notifier callback,group=group0,node=98a7f70ec883a722219d92253cf073a72605f4087aa3443c8e4aadc0af2dc3ac647d0fa1b5ac99cd6987abafe6d690ae71cd5fd2aeeabe7589bfb4748aabdfba,blockNumber=2213
info|2023-07-08 18:57:17.154402|[WS]receive block notify,endpoint=127.0.0.1:20200,blk={
	"blockNumber" : 2213,
	"group" : "group0",
	"nodeName" : "98a7f70ec883a722219d92253cf073a72605f4087aa3443c8e4aadc0af2dc3ac647d0fa1b5ac99cd6987abafe6d690ae71cd5fd2aeeabe7589bfb4748aabdfba"
}
info|2023-07-08 18:57:17.203950|[RPC][BLOCK][NUMBER][fromJson],group=group0,node=2f993327933ad58672518b6d4f63920cbc68b80f78f4d81192552ee6362f5cc81ee13bdc678ad65f06e76444cadb53b33694cfb3fc7679b8000411975fedd28a,blockNumber=2213
info|2023-07-08 18:57:17.203986|[RPCWS][SERVICE][onRecvBlockNotifier]receive block number notifier,group=group0,node=2f993327933ad58672518b6d4f63920cbc68b80f78f4d81192552ee6362f5cc81ee13bdc678ad65f06e76444cadb53b33694cfb3fc7679b8000411975fedd28a,blockNumber=2213
info|2023-07-08 18:57:17.203998|[WS]receive block notify,endpoint=127.0.0.1:20201,blk={
	"blockNumber" : 2213,
	"group" : "group0",
	"nodeName" : "2f993327933ad58672518b6d4f63920cbc68b80f78f4d81192552ee6362f5cc81ee13bdc678ad65f06e76444cadb53b33694cfb3fc7679b8000411975fedd28a"
}
info|2023-07-08 18:57:17.760749|[RPC][BLOCK][NUMBER][fromJson],group=group0,node=98a7f70ec883a722219d92253cf073a72605f4087aa3443c8e4aadc0af2dc3ac647d0fa1b5ac99cd6987abafe6d690ae71cd5fd2aeeabe7589bfb4748aabdfba,blockNumber=2214
info|2023-07-08 18:57:17.760785|[RPCWS][SERVICE][onRecvBlockNotifier]receive block number notifier,group=group0,node=98a7f70ec883a722219d92253cf073a72605f4087aa3443c8e4aadc0af2dc3ac647d0fa1b5ac99cd6987abafe6d690ae71cd5fd2aeeabe7589bfb4748aabdfba,blockNumber=2214
info|2023-07-08 18:57:17.760794|[RPCWS][SERVICE][updateGroupBlockNumber],groupID=group0,_blockNumber=2214
info|2023-07-08 18:57:17.760802|[RPCWS][SERVICE][onRecvBlockNotifier]block notifier callback,group=group0,node=98a7f70ec883a722219d92253cf073a72605f4087aa3443c8e4aadc0af2dc3ac647d0fa1b5ac99cd6987abafe6d690ae71cd5fd2aeeabe7589bfb4748aabdfba,blockNumber=2214
info|2023-07-08 18:57:17.760809|[WS]receive block notify,endpoint=127.0.0.1:20200,blk={
	"blockNumber" : 2214,
	"group" : "group0",
	"nodeName" : "98a7f70ec883a722219d92253cf073a72605f4087aa3443c8e4aadc0af2dc3ac647d0fa1b5ac99cd6987abafe6d690ae71cd5fd2aeeabe7589bfb4748aabdfba"
}
info|2023-07-08 18:57:17.810343|[RPC][BLOCK][NUMBER][fromJson],group=group0,node=2f993327933ad58672518b6d4f63920cbc68b80f78f4d81192552ee6362f5cc81ee13bdc678ad65f06e76444cadb53b33694cfb3fc7679b8000411975fedd28a,blockNumber=2214
info|2023-07-08 18:57:17.810365|[RPCWS][SERVICE][onRecvBlockNotifier]receive block number notifier,group=group0,node=2f993327933ad58672518b6d4f63920cbc68b80f78f4d81192552ee6362f5cc81ee13bdc678ad65f06e76444cadb53b33694cfb3fc7679b8000411975fedd28a,blockNumber=2214
info|2023-07-08 18:57:17.810373|[WS]receive block notify,endpoint=127.0.0.1:20201,blk={
	"blockNumber" : 2214,
	"group" : "group0",
	"nodeName" : "2f993327933ad58672518b6d4f63920cbc68b80f78f4d81192552ee6362f5cc81ee13bdc678ad65f06e76444cadb53b33694cfb3fc7679b8000411975fedd28a"
}
info|2023-07-08 18:57:18.319784|[RPC][BLOCK][NUMBER][fromJson],group=group0,node=98a7f70ec883a722219d92253cf073a72605f4087aa3443c8e4aadc0af2dc3ac647d0fa1b5ac99cd6987abafe6d690ae71cd5fd2aeeabe7589bfb4748aabdfba,blockNumber=2215
info|2023-07-08 18:57:18.319818|[RPCWS][SERVICE][onRecvBlockNotifier]receive block number notifier,group=group0,node=98a7f70ec883a722219d92253cf073a72605f4087aa3443c8e4aadc0af2dc3ac647d0fa1b5ac99cd6987abafe6d690ae71cd5fd2aeeabe7589bfb4748aabdfba,blockNumber=2215
info|2023-07-08 18:57:18.319826|[RPCWS][SERVICE][updateGroupBlockNumber],groupID=group0,_blockNumber=2215
info|2023-07-08 18:57:18.319833|[RPCWS][SERVICE][onRecvBlockNotifier]block notifier callback,group=group0,node=98a7f70ec883a722219d92253cf073a72605f4087aa3443c8e4aadc0af2dc3ac647d0fa1b5ac99cd6987abafe6d690ae71cd5fd2aeeabe7589bfb4748aabdfba,blockNumber=2215
info|2023-07-08 18:57:18.319839|[WS]receive block notify,endpoint=127.0.0.1:20200,blk={
	"blockNumber" : 2215,
	"group" : "group0",
	"nodeName" : "98a7f70ec883a722219d92253cf073a72605f4087aa3443c8e4aadc0af2dc3ac647d0fa1b5ac99cd6987abafe6d690ae71cd5fd2aeeabe7589bfb4748aabdfba"
}
info|2023-07-08 18:57:18.436247|[RPC][BLOCK][NUMBER][fromJson],group=group0,node=2f993327933ad58672518b6d4f63920cbc68b80f78f4d81192552ee6362f5cc81ee13bdc678ad65f06e76444cadb53b33694cfb3fc7679b8000411975fedd28a,blockNumber=2215
info|2023-07-08 18:57:18.436306|[RPCWS][SERVICE][onRecvBlockNotifier]receive block number notifier,group=group0,node=2f993327933ad58672518b6d4f63920cbc68b80f78f4d81192552ee6362f5cc81ee13bdc678ad65f06e76444cadb53b33694cfb3fc7679b8000411975fedd28a,blockNumber=2215
info|2023-07-08 18:57:18.436317|[WS]receive block notify,endpoint=127.0.0.1:20201,blk={
	"blockNumber" : 2215,
	"group" : "group0",
	"nodeName" : "2f993327933ad58672518b6d4f63920cbc68b80f78f4d81192552ee6362f5cc81ee13bdc678ad65f06e76444cadb53b33694cfb3fc7679b8000411975fedd28a"
}
info|2023-07-08 18:57:18.871748|[RPC][BLOCK][NUMBER][fromJson],group=group0,node=98a7f70ec883a722219d92253cf073a72605f4087aa3443c8e4aadc0af2dc3ac647d0fa1b5ac99cd6987abafe6d690ae71cd5fd2aeeabe7589bfb4748aabdfba,blockNumber=2216
info|2023-07-08 18:57:18.871805|[RPCWS][SERVICE][onRecvBlockNotifier]receive block number notifier,group=group0,node=98a7f70ec883a722219d92253cf073a72605f4087aa3443c8e4aadc0af2dc3ac647d0fa1b5ac99cd6987abafe6d690ae71cd5fd2aeeabe7589bfb4748aabdfba,blockNumber=2216
info|2023-07-08 18:57:18.871814|[RPCWS][SERVICE][updateGroupBlockNumber],groupID=group0,_blockNumber=2216
info|2023-07-08 18:57:18.871820|[RPCWS][SERVICE][onRecvBlockNotifier]block notifier callback,group=group0,node=98a7f70ec883a722219d92253cf073a72605f4087aa3443c8e4aadc0af2dc3ac647d0fa1b5ac99cd6987abafe6d690ae71cd5fd2aeeabe7589bfb4748aabdfba,blockNumber=2216
info|2023-07-08 18:57:18.871826|[WS]receive block notify,endpoint=127.0.0.1:20200,blk={
	"blockNumber" : 2216,
	"group" : "group0",
	"nodeName" : "98a7f70ec883a722219d92253cf073a72605f4087aa3443c8e4aadc0af2dc3ac647d0fa1b5ac99cd6987abafe6d690ae71cd5fd2aeeabe7589bfb4748aabdfba"
}
info|2023-07-08 18:57:18.955854|[RPC][BLOCK][NUMBER][fromJson],group=group0,node=2f993327933ad58672518b6d4f63920cbc68b80f78f4d81192552ee6362f5cc81ee13bdc678ad65f06e76444cadb53b33694cfb3fc7679b8000411975fedd28a,blockNumber=2216
info|2023-07-08 18:57:18.955923|[RPCWS][SERVICE][onRecvBlockNotifier]receive block number notifier,group=group0,node=2f993327933ad58672518b6d4f63920cbc68b80f78f4d81192552ee6362f5cc81ee13bdc678ad65f06e76444cadb53b33694cfb3fc7679b8000411975fedd28a,blockNumber=2216
info|2023-07-08 18:57:18.955945|[WS]receive block notify,endpoint=127.0.0.1:20201,blk={
	"blockNumber" : 2216,
	"group" : "group0",
	"nodeName" : "2f993327933ad58672518b6d4f63920cbc68b80f78f4d81192552ee6362f5cc81ee13bdc678ad65f06e76444cadb53b33694cfb3fc7679b8000411975fedd28a"
}
info|2023-07-08 18:57:19.440201|[RPC][BLOCK][NUMBER][fromJson],group=group0,node=98a7f70ec883a722219d92253cf073a72605f4087aa3443c8e4aadc0af2dc3ac647d0fa1b5ac99cd6987abafe6d690ae71cd5fd2aeeabe7589bfb4748aabdfba,blockNumber=2217
info|2023-07-08 18:57:19.440251|[RPCWS][SERVICE][onRecvBlockNotifier]receive block number notifier,group=group0,node=98a7f70ec883a722219d92253cf073a72605f4087aa3443c8e4aadc0af2dc3ac647d0fa1b5ac99cd6987abafe6d690ae71cd5fd2aeeabe7589bfb4748aabdfba,blockNumber=2217
info|2023-07-08 18:57:19.440260|[RPCWS][SERVICE][updateGroupBlockNumber],groupID=group0,_blockNumber=2217
info|2023-07-08 18:57:19.440266|[RPCWS][SERVICE][onRecvBlockNotifier]block notifier callback,group=group0,node=98a7f70ec883a722219d92253cf073a72605f4087aa3443c8e4aadc0af2dc3ac647d0fa1b5ac99cd6987abafe6d690ae71cd5fd2aeeabe7589bfb4748aabdfba,blockNumber=2217
info|2023-07-08 18:57:19.440272|[WS]receive block notify,endpoint=127.0.0.1:20200,blk={
	"blockNumber" : 2217,
	"group" : "group0",
	"nodeName" : "98a7f70ec883a722219d92253cf073a72605f4087aa3443c8e4aadc0af2dc3ac647d0fa1b5ac99cd6987abafe6d690ae71cd5fd2aeeabe7589bfb4748aabdfba"
}
info|2023-07-08 18:57:19.460577|[RPC][BLOCK][NUMBER][fromJson],group=group0,node=2f993327933ad58672518b6d4f63920cbc68b80f78f4d81192552ee6362f5cc81ee13bdc678ad65f06e76444cadb53b33694cfb3fc7679b8000411975fedd28a,blockNumber=2217
info|2023-07-08 18:57:19.460603|[RPCWS][SERVICE][onRecvBlockNotifier]receive block number notifier,group=group0,node=2f993327933ad58672518b6d4f63920cbc68b80f78f4d81192552ee6362f5cc81ee13bdc678ad65f06e76444cadb53b33694cfb3fc7679b8000411975fedd28a,blockNumber=2217
info|2023-07-08 18:57:19.460612|[WS]receive block notify,endpoint=127.0.0.1:20201,blk={
	"blockNumber" : 2217,
	"group" : "group0",
	"nodeName" : "2f993327933ad58672518b6d4f63920cbc68b80f78f4d81192552ee6362f5cc81ee13bdc678ad65f06e76444cadb53b33694cfb3fc7679b8000411975fedd28a"
}
info|2023-07-08 18:57:20.032496|[RPC][BLOCK][NUMBER][fromJson],group=group0,node=98a7f70ec883a722219d92253cf073a72605f4087aa3443c8e4aadc0af2dc3ac647d0fa1b5ac99cd6987abafe6d690ae71cd5fd2aeeabe7589bfb4748aabdfba,blockNumber=2218
info|2023-07-08 18:57:20.032525|[RPCWS][SERVICE][onRecvBlockNotifier]receive block number notifier,group=group0,node=98a7f70ec883a722219d92253cf073a72605f4087aa3443c8e4aadc0af2dc3ac647d0fa1b5ac99cd6987abafe6d690ae71cd5fd2aeeabe7589bfb4748aabdfba,blockNumber=2218
info|2023-07-08 18:57:20.032534|[RPCWS][SERVICE][updateGroupBlockNumber],groupID=group0,_blockNumber=2218
info|2023-07-08 18:57:20.032541|[RPCWS][SERVICE][onRecvBlockNotifier]block notifier callback,group=group0,node=98a7f70ec883a722219d92253cf073a72605f4087aa3443c8e4aadc0af2dc3ac647d0fa1b5ac99cd6987abafe6d690ae71cd5fd2aeeabe7589bfb4748aabdfba,blockNumber=2218
info|2023-07-08 18:57:20.032547|[WS]receive block notify,endpoint=127.0.0.1:20200,blk={
	"blockNumber" : 2218,
	"group" : "group0",
	"nodeName" : "98a7f70ec883a722219d92253cf073a72605f4087aa3443c8e4aadc0af2dc3ac647d0fa1b5ac99cd6987abafe6d690ae71cd5fd2aeeabe7589bfb4748aabdfba"
}
info|2023-07-08 18:57:20.081245|[RPC][BLOCK][NUMBER][fromJson],group=group0,node=2f993327933ad58672518b6d4f63920cbc68b80f78f4d81192552ee6362f5cc81ee13bdc678ad65f06e76444cadb53b33694cfb3fc7679b8000411975fedd28a,blockNumber=2218
info|2023-07-08 18:57:20.081295|[RPCWS][SERVICE][onRecvBlockNotifier]receive block number notifier,group=group0,node=2f993327933ad58672518b6d4f63920cbc68b80f78f4d81192552ee6362f5cc81ee13bdc678ad65f06e76444cadb53b33694cfb3fc7679b8000411975fedd28a,blockNumber=2218
info|2023-07-08 18:57:20.081311|[WS]receive block notify,endpoint=127.0.0.1:20201,blk={
	"blockNumber" : 2218,
	"group" : "group0",
	"nodeName" : "2f993327933ad58672518b6d4f63920cbc68b80f78f4d81192552ee6362f5cc81ee13bdc678ad65f06e76444cadb53b33694cfb3fc7679b8000411975fedd28a"
}
info|2023-07-08 18:57:20.567873|[RPC][BLOCK][NUMBER][fromJson],group=group0,node=98a7f70ec883a722219d92253cf073a72605f4087aa3443c8e4aadc0af2dc3ac647d0fa1b5ac99cd6987abafe6d690ae71cd5fd2aeeabe7589bfb4748aabdfba,blockNumber=2219
info|2023-07-08 18:57:20.567916|[RPCWS][SERVICE][onRecvBlockNotifier]receive block number notifier,group=group0,node=98a7f70ec883a722219d92253cf073a72605f4087aa3443c8e4aadc0af2dc3ac647d0fa1b5ac99cd6987abafe6d690ae71cd5fd2aeeabe7589bfb4748aabdfba,blockNumber=2219
info|2023-07-08 18:57:20.567924|[RPCWS][SERVICE][updateGroupBlockNumber],groupID=group0,_blockNumber=2219
info|2023-07-08 18:57:20.567930|[RPCWS][SERVICE][onRecvBlockNotifier]block notifier callback,group=group0,node=98a7f70ec883a722219d92253cf073a72605f4087aa3443c8e4aadc0af2dc3ac647d0fa1b5ac99cd6987abafe6d690ae71cd5fd2aeeabe7589bfb4748aabdfba,blockNumber=2219
info|2023-07-08 18:57:20.567935|[WS]receive block notify,endpoint=127.0.0.1:20200,blk={
	"blockNumber" : 2219,
	"group" : "group0",
	"nodeName" : "98a7f70ec883a722219d92253cf073a72605f4087aa3443c8e4aadc0af2dc3ac647d0fa1b5ac99cd6987abafe6d690ae71cd5fd2aeeabe7589bfb4748aabdfba"
}
info|2023-07-08 18:57:20.621474|[RPC][BLOCK][NUMBER][fromJson],group=group0,node=2f993327933ad58672518b6d4f63920cbc68b80f78f4d81192552ee6362f5cc81ee13bdc678ad65f06e76444cadb53b33694cfb3fc7679b8000411975fedd28a,blockNumber=2219
info|2023-07-08 18:57:20.621534|[RPCWS][SERVICE][onRecvBlockNotifier]receive block number notifier,group=group0,node=2f993327933ad58672518b6d4f63920cbc68b80f78f4d81192552ee6362f5cc81ee13bdc678ad65f06e76444cadb53b33694cfb3fc7679b8000411975fedd28a,blockNumber=2219
info|2023-07-08 18:57:20.621553|[WS]receive block notify,endpoint=127.0.0.1:20201,blk={
	"blockNumber" : 2219,
	"group" : "group0",
	"nodeName" : "2f993327933ad58672518b6d4f63920cbc68b80f78f4d81192552ee6362f5cc81ee13bdc678ad65f06e76444cadb53b33694cfb3fc7679b8000411975fedd28a"
}
info|2023-07-08 18:57:21.174472|[RPC][BLOCK][NUMBER][fromJson],group=group0,node=2f993327933ad58672518b6d4f63920cbc68b80f78f4d81192552ee6362f5cc81ee13bdc678ad65f06e76444cadb53b33694cfb3fc7679b8000411975fedd28a,blockNumber=2220
info|2023-07-08 18:57:21.174528|[RPCWS][SERVICE][onRecvBlockNotifier]receive block number notifier,group=group0,node=2f993327933ad58672518b6d4f63920cbc68b80f78f4d81192552ee6362f5cc81ee13bdc678ad65f06e76444cadb53b33694cfb3fc7679b8000411975fedd28a,blockNumber=2220
info|2023-07-08 18:57:21.174539|[RPCWS][SERVICE][updateGroupBlockNumber],groupID=group0,_blockNumber=2220
info|2023-07-08 18:57:21.174546|[RPCWS][SERVICE][onRecvBlockNotifier]block notifier callback,group=group0,node=2f993327933ad58672518b6d4f63920cbc68b80f78f4d81192552ee6362f5cc81ee13bdc678ad65f06e76444cadb53b33694cfb3fc7679b8000411975fedd28a,blockNumber=2220
info|2023-07-08 18:57:21.174553|[WS]receive block notify,endpoint=127.0.0.1:20201,blk={
	"blockNumber" : 2220,
	"group" : "group0",
	"nodeName" : "2f993327933ad58672518b6d4f63920cbc68b80f78f4d81192552ee6362f5cc81ee13bdc678ad65f06e76444cadb53b33694cfb3fc7679b8000411975fedd28a"
}
info|2023-07-08 18:57:21.191770|[RPC][BLOCK][NUMBER][fromJson],group=group0,node=98a7f70ec883a722219d92253cf073a72605f4087aa3443c8e4aadc0af2dc3ac647d0fa1b5ac99cd6987abafe6d690ae71cd5fd2aeeabe7589bfb4748aabdfba,blockNumber=2220
info|2023-07-08 18:57:21.191811|[RPCWS][SERVICE][onRecvBlockNotifier]receive block number notifier,group=group0,node=98a7f70ec883a722219d92253cf073a72605f4087aa3443c8e4aadc0af2dc3ac647d0fa1b5ac99cd6987abafe6d690ae71cd5fd2aeeabe7589bfb4748aabdfba,blockNumber=2220
info|2023-07-08 18:57:21.191822|[WS]receive block notify,endpoint=127.0.0.1:20200,blk={
	"blockNumber" : 2220,
	"group" : "group0",
	"nodeName" : "98a7f70ec883a722219d92253cf073a72605f4087aa3443c8e4aadc0af2dc3ac647d0fa1b5ac99cd6987abafe6d690ae71cd5fd2aeeabe7589bfb4748aabdfba"
}
info|2023-07-08 18:57:21.721544|[RPC][BLOCK][NUMBER][fromJson],group=group0,node=98a7f70ec883a722219d92253cf073a72605f4087aa3443c8e4aadc0af2dc3ac647d0fa1b5ac99cd6987abafe6d690ae71cd5fd2aeeabe7589bfb4748aabdfba,blockNumber=2221
info|2023-07-08 18:57:21.721579|[RPCWS][SERVICE][onRecvBlockNotifier]receive block number notifier,group=group0,node=98a7f70ec883a722219d92253cf073a72605f4087aa3443c8e4aadc0af2dc3ac647d0fa1b5ac99cd6987abafe6d690ae71cd5fd2aeeabe7589bfb4748aabdfba,blockNumber=2221
info|2023-07-08 18:57:21.721587|[RPCWS][SERVICE][updateGroupBlockNumber],groupID=group0,_blockNumber=2221
info|2023-07-08 18:57:21.721594|[RPCWS][SERVICE][onRecvBlockNotifier]block notifier callback,group=group0,node=98a7f70ec883a722219d92253cf073a72605f4087aa3443c8e4aadc0af2dc3ac647d0fa1b5ac99cd6987abafe6d690ae71cd5fd2aeeabe7589bfb4748aabdfba,blockNumber=2221
info|2023-07-08 18:57:21.721600|[WS]receive block notify,endpoint=127.0.0.1:20200,blk={
	"blockNumber" : 2221,
	"group" : "group0",
	"nodeName" : "98a7f70ec883a722219d92253cf073a72605f4087aa3443c8e4aadc0af2dc3ac647d0fa1b5ac99cd6987abafe6d690ae71cd5fd2aeeabe7589bfb4748aabdfba"
}
info|2023-07-08 18:57:21.745705|[RPC][BLOCK][NUMBER][fromJson],group=group0,node=2f993327933ad58672518b6d4f63920cbc68b80f78f4d81192552ee6362f5cc81ee13bdc678ad65f06e76444cadb53b33694cfb3fc7679b8000411975fedd28a,blockNumber=2221
info|2023-07-08 18:57:21.745810|[RPCWS][SERVICE][onRecvBlockNotifier]receive block number notifier,group=group0,node=2f993327933ad58672518b6d4f63920cbc68b80f78f4d81192552ee6362f5cc81ee13bdc678ad65f06e76444cadb53b33694cfb3fc7679b8000411975fedd28a,blockNumber=2221
info|2023-07-08 18:57:21.745823|[WS]receive block notify,endpoint=127.0.0.1:20201,blk={
	"blockNumber" : 2221,
	"group" : "group0",
	"nodeName" : "2f993327933ad58672518b6d4f63920cbc68b80f78f4d81192552ee6362f5cc81ee13bdc678ad65f06e76444cadb53b33694cfb3fc7679b8000411975fedd28a"
}
info|2023-07-08 18:57:22.322611|[RPC][BLOCK][NUMBER][fromJson],group=group0,node=98a7f70ec883a722219d92253cf073a72605f4087aa3443c8e4aadc0af2dc3ac647d0fa1b5ac99cd6987abafe6d690ae71cd5fd2aeeabe7589bfb4748aabdfba,blockNumber=2222
info|2023-07-08 18:57:22.322655|[RPCWS][SERVICE][onRecvBlockNotifier]receive block number notifier,group=group0,node=98a7f70ec883a722219d92253cf073a72605f4087aa3443c8e4aadc0af2dc3ac647d0fa1b5ac99cd6987abafe6d690ae71cd5fd2aeeabe7589bfb4748aabdfba,blockNumber=2222
info|2023-07-08 18:57:22.322663|[RPCWS][SERVICE][updateGroupBlockNumber],groupID=group0,_blockNumber=2222
info|2023-07-08 18:57:22.322670|[RPCWS][SERVICE][onRecvBlockNotifier]block notifier callback,group=group0,node=98a7f70ec883a722219d92253cf073a72605f4087aa3443c8e4aadc0af2dc3ac647d0fa1b5ac99cd6987abafe6d690ae71cd5fd2aeeabe7589bfb4748aabdfba,blockNumber=2222
info|2023-07-08 18:57:22.322675|[WS]receive block notify,endpoint=127.0.0.1:20200,blk={
	"blockNumber" : 2222,
	"group" : "group0",
	"nodeName" : "98a7f70ec883a722219d92253cf073a72605f4087aa3443c8e4aadc0af2dc3ac647d0fa1b5ac99cd6987abafe6d690ae71cd5fd2aeeabe7589bfb4748aabdfba"
}
info|2023-07-08 18:57:22.348541|[RPC][BLOCK][NUMBER][fromJson],group=group0,node=2f993327933ad58672518b6d4f63920cbc68b80f78f4d81192552ee6362f5cc81ee13bdc678ad65f06e76444cadb53b33694cfb3fc7679b8000411975fedd28a,blockNumber=2222
info|2023-07-08 18:57:22.348575|[RPCWS][SERVICE][onRecvBlockNotifier]receive block number notifier,group=group0,node=2f993327933ad58672518b6d4f63920cbc68b80f78f4d81192552ee6362f5cc81ee13bdc678ad65f06e76444cadb53b33694cfb3fc7679b8000411975fedd28a,blockNumber=2222
info|2023-07-08 18:57:22.348583|[WS]receive block notify,endpoint=127.0.0.1:20201,blk={
	"blockNumber" : 2222,
	"group" : "group0",
	"nodeName" : "2f993327933ad58672518b6d4f63920cbc68b80f78f4d81192552ee6362f5cc81ee13bdc678ad65f06e76444cadb53b33694cfb3fc7679b8000411975fedd28a"
}
info|2023-07-08 18:57:29.610860|[EVENT][SUB][doLoop]event sub tasks report,working event sub count=0,suspend event sub count=0
info|2023-07-08 18:57:30.081197|[SDK][WS][SERVICE]connected nodes,count=2
info|2023-07-08 18:57:49.611349|[EVENT][SUB][doLoop]event sub tasks report,working event sub count=0,suspend event sub count=0
info|2023-07-08 18:57:50.081470|[SDK][WS][SERVICE]connected nodes,count=2
info|2023-07-08 18:58:09.611912|[EVENT][SUB][doLoop]event sub tasks report,working event sub count=0,suspend event sub count=0
info|2023-07-08 18:58:10.082251|[SDK][WS][SERVICE]connected nodes,count=2
info|2023-07-08 18:58:29.612054|[EVENT][SUB][doLoop]event sub tasks report,working event sub count=0,suspend event sub count=0
info|2023-07-08 18:58:30.082720|[SDK][WS][SERVICE]connected nodes,count=2
info|2023-07-08 18:58:49.612411|[EVENT][SUB][doLoop]event sub tasks report,working event sub count=0,suspend event sub count=0
info|2023-07-08 18:58:50.082857|[SDK][WS][SERVICE]connected nodes,count=2
info|2023-07-08 18:59:09.612562|[EVENT][SUB][doLoop]event sub tasks report,working event sub count=0,suspend event sub count=0
info|2023-07-08 18:59:10.083066|[SDK][WS][SERVICE]connected nodes,count=2
info|2023-07-08 18:59:29.613160|[EVENT][SUB][doLoop]event sub tasks report,working event sub count=0,suspend event sub count=0
info|2023-07-08 18:59:30.083428|[SDK][WS][SERVICE]connected nodes,count=2
info|2023-07-08 18:59:49.613600|[EVENT][SUB][doLoop]event sub tasks report,working event sub count=0,suspend event sub count=0
info|2023-07-08 18:59:50.083916|[SDK][WS][SERVICE]connected nodes,count=2
