info|2023-07-08 16:00:09.408422|[EVENT][SUB][doLoop]event sub tasks report,working event sub count=0,suspend event sub count=0
info|2023-07-08 16:00:09.446158|[SDK][WS][SERVICE]connected nodes,count=2
info|2023-07-08 16:00:29.409168|[EVENT][SUB][doLoop]event sub tasks report,working event sub count=0,suspend event sub count=0
info|2023-07-08 16:00:29.446605|[SDK][WS][SERVICE]connected nodes,count=2
info|2023-07-08 16:00:49.409709|[EVENT][SUB][doLoop]event sub tasks report,working event sub count=0,suspend event sub count=0
info|2023-07-08 16:00:49.446787|[SDK][WS][SERVICE]connected nodes,count=2
info|2023-07-08 16:01:09.410759|[EVENT][SUB][doLoop]event sub tasks report,working event sub count=0,suspend event sub count=0
info|2023-07-08 16:01:09.447647|[SDK][WS][SERVICE]connected nodes,count=2
info|2023-07-08 16:01:29.411266|[EVENT][SUB][doLoop]event sub tasks report,working event sub count=0,suspend event sub count=0
info|2023-07-08 16:01:29.448028|[SDK][WS][SERVICE]connected nodes,count=2
info|2023-07-08 16:01:49.411571|[EVENT][SUB][doLoop]event sub tasks report,working event sub count=0,suspend event sub count=0
info|2023-07-08 16:01:49.448635|[SDK][WS][SERVICE]connected nodes,count=2
info|2023-07-08 16:02:09.411693|[EVENT][SUB][doLoop]event sub tasks report,working event sub count=0,suspend event sub count=0
info|2023-07-08 16:02:09.449029|[SDK][WS][SERVICE]connected nodes,count=2
info|2023-07-08 16:02:29.412034|[EVENT][SUB][doLoop]event sub tasks report,working event sub count=0,suspend event sub count=0
info|2023-07-08 16:02:29.449369|[SDK][WS][SERVICE]connected nodes,count=2
info|2023-07-08 16:02:49.412325|[EVENT][SUB][doLoop]event sub tasks report,working event sub count=0,suspend event sub count=0
info|2023-07-08 16:02:49.449802|[SDK][WS][SERVICE]connected nodes,count=2
info|2023-07-08 16:03:09.412415|[EVENT][SUB][doLoop]event sub tasks report,working event sub count=0,suspend event sub count=0
info|2023-07-08 16:03:09.450138|[SDK][WS][SERVICE]connected nodes,count=2
info|2023-07-08 16:03:29.412503|[EVENT][SUB][doLoop]event sub tasks report,working event sub count=0,suspend event sub count=0
info|2023-07-08 16:03:29.450404|[SDK][WS][SERVICE]connected nodes,count=2
info|2023-07-08 16:03:49.412595|[EVENT][SUB][doLoop]event sub tasks report,working event sub count=0,suspend event sub count=0
info|2023-07-08 16:03:49.450747|[SDK][WS][SERVICE]connected nodes,count=2
info|2023-07-08 16:04:09.412665|[EVENT][SUB][doLoop]event sub tasks report,working event sub count=0,suspend event sub count=0
info|2023-07-08 16:04:09.451498|[SDK][WS][SERVICE]connected nodes,count=2
info|2023-07-08 16:04:29.412829|[EVENT][SUB][doLoop]event sub tasks report,working event sub count=0,suspend event sub count=0
info|2023-07-08 16:04:29.451976|[SDK][WS][SERVICE]connected nodes,count=2
info|2023-07-08 16:04:49.413103|[EVENT][SUB][doLoop]event sub tasks report,working event sub count=0,suspend event sub count=0
info|2023-07-08 16:04:49.452238|[SDK][WS][SERVICE]connected nodes,count=2
info|2023-07-08 16:05:09.414249|[EVENT][SUB][doLoop]event sub tasks report,working event sub count=0,suspend event sub count=0
info|2023-07-08 16:05:09.452666|[SDK][WS][SERVICE]connected nodes,count=2
info|2023-07-08 16:05:29.415521|[EVENT][SUB][doLoop]event sub tasks report,working event sub count=0,suspend event sub count=0
info|2023-07-08 16:05:29.453222|[SDK][WS][SERVICE]connected nodes,count=2
info|2023-07-08 16:05:49.415747|[EVENT][SUB][doLoop]event sub tasks report,working event sub count=0,suspend event sub count=0
info|2023-07-08 16:05:49.454081|[SDK][WS][SERVICE]connected nodes,count=2
info|2023-07-08 16:06:09.416438|[EVENT][SUB][doLoop]event sub tasks report,working event sub count=0,suspend event sub count=0
info|2023-07-08 16:06:09.454446|[SDK][WS][SERVICE]connected nodes,count=2
info|2023-07-08 16:06:29.416613|[EVENT][SUB][doLoop]event sub tasks report,working event sub count=0,suspend event sub count=0
info|2023-07-08 16:06:29.454772|[SDK][WS][SERVICE]connected nodes,count=2
info|2023-07-08 16:06:49.416910|[EVENT][SUB][doLoop]event sub tasks report,working event sub count=0,suspend event sub count=0
info|2023-07-08 16:06:49.455082|[SDK][WS][SERVICE]connected nodes,count=2
info|2023-07-08 16:07:09.417038|[EVENT][SUB][doLoop]event sub tasks report,working event sub count=0,suspend event sub count=0
info|2023-07-08 16:07:09.455490|[SDK][WS][SERVICE]connected nodes,count=2
info|2023-07-08 16:07:29.417111|[EVENT][SUB][doLoop]event sub tasks report,working event sub count=0,suspend event sub count=0
info|2023-07-08 16:07:29.455973|[SDK][WS][SERVICE]connected nodes,count=2
info|2023-07-08 16:07:49.417583|[EVENT][SUB][doLoop]event sub tasks report,working event sub count=0,suspend event sub count=0
info|2023-07-08 16:07:49.456183|[SDK][WS][SERVICE]connected nodes,count=2
info|2023-07-08 16:08:09.417802|[EVENT][SUB][doLoop]event sub tasks report,working event sub count=0,suspend event sub count=0
info|2023-07-08 16:08:09.456713|[SDK][WS][SERVICE]connected nodes,count=2
info|2023-07-08 16:08:29.418411|[EVENT][SUB][doLoop]event sub tasks report,working event sub count=0,suspend event sub count=0
info|2023-07-08 16:08:29.457353|[SDK][WS][SERVICE]connected nodes,count=2
info|2023-07-08 16:08:49.418444|[EVENT][SUB][doLoop]event sub tasks report,working event sub count=0,suspend event sub count=0
info|2023-07-08 16:08:49.457536|[SDK][WS][SERVICE]connected nodes,count=2
info|2023-07-08 16:09:09.418823|[EVENT][SUB][doLoop]event sub tasks report,working event sub count=0,suspend event sub count=0
info|2023-07-08 16:09:09.458040|[SDK][WS][SERVICE]connected nodes,count=2
info|2023-07-08 16:09:29.419059|[EVENT][SUB][doLoop]event sub tasks report,working event sub count=0,suspend event sub count=0
info|2023-07-08 16:09:29.458163|[SDK][WS][SERVICE]connected nodes,count=2
info|2023-07-08 16:09:49.419122|[EVENT][SUB][doLoop]event sub tasks report,working event sub count=0,suspend event sub count=0
info|2023-07-08 16:09:49.458767|[SDK][WS][SERVICE]connected nodes,count=2
info|2023-07-08 16:10:09.419553|[EVENT][SUB][doLoop]event sub tasks report,working event sub count=0,suspend event sub count=0
info|2023-07-08 16:10:09.458944|[SDK][WS][SERVICE]connected nodes,count=2
info|2023-07-08 16:10:29.419978|[EVENT][SUB][doLoop]event sub tasks report,working event sub count=0,suspend event sub count=0
info|2023-07-08 16:10:29.459177|[SDK][WS][SERVICE]connected nodes,count=2
info|2023-07-08 16:10:49.420067|[EVENT][SUB][doLoop]event sub tasks report,working event sub count=0,suspend event sub count=0
info|2023-07-08 16:10:49.459674|[SDK][WS][SERVICE]connected nodes,count=2
info|2023-07-08 16:11:09.420269|[EVENT][SUB][doLoop]event sub tasks report,working event sub count=0,suspend event sub count=0
info|2023-07-08 16:11:09.459809|[SDK][WS][SERVICE]connected nodes,count=2
info|2023-07-08 16:11:29.420426|[EVENT][SUB][doLoop]event sub tasks report,working event sub count=0,suspend event sub count=0
info|2023-07-08 16:11:29.459902|[SDK][WS][SERVICE]connected nodes,count=2
info|2023-07-08 16:11:49.420766|[EVENT][SUB][doLoop]event sub tasks report,working event sub count=0,suspend event sub count=0
info|2023-07-08 16:11:49.460316|[SDK][WS][SERVICE]connected nodes,count=2
info|2023-07-08 16:12:09.421202|[EVENT][SUB][doLoop]event sub tasks report,working event sub count=0,suspend event sub count=0
info|2023-07-08 16:12:09.460444|[SDK][WS][SERVICE]connected nodes,count=2
info|2023-07-08 16:12:29.421590|[EVENT][SUB][doLoop]event sub tasks report,working event sub count=0,suspend event sub count=0
info|2023-07-08 16:12:29.460841|[SDK][WS][SERVICE]connected nodes,count=2
info|2023-07-08 16:12:49.422065|[EVENT][SUB][doLoop]event sub tasks report,working event sub count=0,suspend event sub count=0
info|2023-07-08 16:12:49.461040|[SDK][WS][SERVICE]connected nodes,count=2
info|2023-07-08 16:13:09.422175|[EVENT][SUB][doLoop]event sub tasks report,working event sub count=0,suspend event sub count=0
info|2023-07-08 16:13:09.461777|[SDK][WS][SERVICE]connected nodes,count=2
info|2023-07-08 16:13:29.422376|[EVENT][SUB][doLoop]event sub tasks report,working event sub count=0,suspend event sub count=0
info|2023-07-08 16:13:29.461954|[SDK][WS][SERVICE]connected nodes,count=2
info|2023-07-08 16:13:49.422498|[EVENT][SUB][doLoop]event sub tasks report,working event sub count=0,suspend event sub count=0
info|2023-07-08 16:13:49.462206|[SDK][WS][SERVICE]connected nodes,count=2
info|2023-07-08 16:14:09.423313|[EVENT][SUB][doLoop]event sub tasks report,working event sub count=0,suspend event sub count=0
info|2023-07-08 16:14:09.462390|[SDK][WS][SERVICE]connected nodes,count=2
info|2023-07-08 16:14:29.423406|[EVENT][SUB][doLoop]event sub tasks report,working event sub count=0,suspend event sub count=0
info|2023-07-08 16:14:29.462976|[SDK][WS][SERVICE]connected nodes,count=2
info|2023-07-08 16:14:49.423437|[EVENT][SUB][doLoop]event sub tasks report,working event sub count=0,suspend event sub count=0
info|2023-07-08 16:14:49.463063|[SDK][WS][SERVICE]connected nodes,count=2
info|2023-07-08 16:15:09.423519|[EVENT][SUB][doLoop]event sub tasks report,working event sub count=0,suspend event sub count=0
info|2023-07-08 16:15:09.463269|[SDK][WS][SERVICE]connected nodes,count=2
info|2023-07-08 16:15:29.423884|[EVENT][SUB][doLoop]event sub tasks report,working event sub count=0,suspend event sub count=0
info|2023-07-08 16:15:29.463662|[SDK][WS][SERVICE]connected nodes,count=2
info|2023-07-08 16:15:49.424198|[EVENT][SUB][doLoop]event sub tasks report,working event sub count=0,suspend event sub count=0
info|2023-07-08 16:15:49.464344|[SDK][WS][SERVICE]connected nodes,count=2
info|2023-07-08 16:16:09.424396|[EVENT][SUB][doLoop]event sub tasks report,working event sub count=0,suspend event sub count=0
info|2023-07-08 16:16:09.464877|[SDK][WS][SERVICE]connected nodes,count=2
info|2023-07-08 16:16:29.424555|[EVENT][SUB][doLoop]event sub tasks report,working event sub count=0,suspend event sub count=0
info|2023-07-08 16:16:29.465132|[SDK][WS][SERVICE]connected nodes,count=2
info|2023-07-08 16:16:49.424725|[EVENT][SUB][doLoop]event sub tasks report,working event sub count=0,suspend event sub count=0
info|2023-07-08 16:16:49.465555|[SDK][WS][SERVICE]connected nodes,count=2
info|2023-07-08 16:17:09.425059|[EVENT][SUB][doLoop]event sub tasks report,working event sub count=0,suspend event sub count=0
info|2023-07-08 16:17:09.465837|[SDK][WS][SERVICE]connected nodes,count=2
info|2023-07-08 16:17:29.425233|[EVENT][SUB][doLoop]event sub tasks report,working event sub count=0,suspend event sub count=0
info|2023-07-08 16:17:29.466215|[SDK][WS][SERVICE]connected nodes,count=2
info|2023-07-08 16:17:49.425748|[EVENT][SUB][doLoop]event sub tasks report,working event sub count=0,suspend event sub count=0
info|2023-07-08 16:17:49.466903|[SDK][WS][SERVICE]connected nodes,count=2
info|2023-07-08 16:18:09.426019|[EVENT][SUB][doLoop]event sub tasks report,working event sub count=0,suspend event sub count=0
info|2023-07-08 16:18:09.467131|[SDK][WS][SERVICE]connected nodes,count=2
info|2023-07-08 16:18:29.426233|[EVENT][SUB][doLoop]event sub tasks report,working event sub count=0,suspend event sub count=0
info|2023-07-08 16:18:29.467708|[SDK][WS][SERVICE]connected nodes,count=2
info|2023-07-08 16:18:49.426907|[EVENT][SUB][doLoop]event sub tasks report,working event sub count=0,suspend event sub count=0
info|2023-07-08 16:18:49.468348|[SDK][WS][SERVICE]connected nodes,count=2
info|2023-07-08 16:19:09.427138|[EVENT][SUB][doLoop]event sub tasks report,working event sub count=0,suspend event sub count=0
info|2023-07-08 16:19:09.468645|[SDK][WS][SERVICE]connected nodes,count=2
info|2023-07-08 16:19:29.427530|[EVENT][SUB][doLoop]event sub tasks report,working event sub count=0,suspend event sub count=0
info|2023-07-08 16:19:29.469313|[SDK][WS][SERVICE]connected nodes,count=2
info|2023-07-08 16:19:49.427777|[EVENT][SUB][doLoop]event sub tasks report,working event sub count=0,suspend event sub count=0
info|2023-07-08 16:19:49.469559|[SDK][WS][SERVICE]connected nodes,count=2
info|2023-07-08 16:20:09.428280|[EVENT][SUB][doLoop]event sub tasks report,working event sub count=0,suspend event sub count=0
info|2023-07-08 16:20:09.469660|[SDK][WS][SERVICE]connected nodes,count=2
info|2023-07-08 16:20:29.428783|[EVENT][SUB][doLoop]event sub tasks report,working event sub count=0,suspend event sub count=0
info|2023-07-08 16:20:29.469860|[SDK][WS][SERVICE]connected nodes,count=2
info|2023-07-08 16:20:49.429036|[EVENT][SUB][doLoop]event sub tasks report,working event sub count=0,suspend event sub count=0
info|2023-07-08 16:20:49.470173|[SDK][WS][SERVICE]connected nodes,count=2
info|2023-07-08 16:21:09.429287|[EVENT][SUB][doLoop]event sub tasks report,working event sub count=0,suspend event sub count=0
info|2023-07-08 16:21:09.470496|[SDK][WS][SERVICE]connected nodes,count=2
info|2023-07-08 16:21:29.429774|[EVENT][SUB][doLoop]event sub tasks report,working event sub count=0,suspend event sub count=0
info|2023-07-08 16:21:29.471074|[SDK][WS][SERVICE]connected nodes,count=2
info|2023-07-08 16:21:49.429915|[EVENT][SUB][doLoop]event sub tasks report,working event sub count=0,suspend event sub count=0
info|2023-07-08 16:21:49.471988|[SDK][WS][SERVICE]connected nodes,count=2
info|2023-07-08 16:22:09.430218|[EVENT][SUB][doLoop]event sub tasks report,working event sub count=0,suspend event sub count=0
info|2023-07-08 16:22:09.472658|[SDK][WS][SERVICE]connected nodes,count=2
info|2023-07-08 16:22:29.430602|[EVENT][SUB][doLoop]event sub tasks report,working event sub count=0,suspend event sub count=0
info|2023-07-08 16:22:29.473238|[SDK][WS][SERVICE]connected nodes,count=2
info|2023-07-08 16:22:49.431088|[EVENT][SUB][doLoop]event sub tasks report,working event sub count=0,suspend event sub count=0
info|2023-07-08 16:22:49.473610|[SDK][WS][SERVICE]connected nodes,count=2
info|2023-07-08 16:23:09.431726|[EVENT][SUB][doLoop]event sub tasks report,working event sub count=0,suspend event sub count=0
info|2023-07-08 16:23:09.473860|[SDK][WS][SERVICE]connected nodes,count=2
info|2023-07-08 16:23:29.431784|[EVENT][SUB][doLoop]event sub tasks report,working event sub count=0,suspend event sub count=0
info|2023-07-08 16:23:29.474283|[SDK][WS][SERVICE]connected nodes,count=2
info|2023-07-08 16:23:49.432340|[EVENT][SUB][doLoop]event sub tasks report,working event sub count=0,suspend event sub count=0
info|2023-07-08 16:23:49.474696|[SDK][WS][SERVICE]connected nodes,count=2
info|2023-07-08 16:24:09.432858|[EVENT][SUB][doLoop]event sub tasks report,working event sub count=0,suspend event sub count=0
info|2023-07-08 16:24:09.475125|[SDK][WS][SERVICE]connected nodes,count=2
info|2023-07-08 16:24:29.433039|[EVENT][SUB][doLoop]event sub tasks report,working event sub count=0,suspend event sub count=0
info|2023-07-08 16:24:29.475324|[SDK][WS][SERVICE]connected nodes,count=2
info|2023-07-08 16:24:49.433889|[EVENT][SUB][doLoop]event sub tasks report,working event sub count=0,suspend event sub count=0
info|2023-07-08 16:24:49.475849|[SDK][WS][SERVICE]connected nodes,count=2
info|2023-07-08 16:25:09.434397|[EVENT][SUB][doLoop]event sub tasks report,working event sub count=0,suspend event sub count=0
info|2023-07-08 16:25:09.476195|[SDK][WS][SERVICE]connected nodes,count=2
info|2023-07-08 16:25:29.434487|[EVENT][SUB][doLoop]event sub tasks report,working event sub count=0,suspend event sub count=0
info|2023-07-08 16:25:29.476494|[SDK][WS][SERVICE]connected nodes,count=2
info|2023-07-08 16:25:49.434727|[EVENT][SUB][doLoop]event sub tasks report,working event sub count=0,suspend event sub count=0
info|2023-07-08 16:25:49.477104|[SDK][WS][SERVICE]connected nodes,count=2
info|2023-07-08 16:26:09.434927|[EVENT][SUB][doLoop]event sub tasks report,working event sub count=0,suspend event sub count=0
info|2023-07-08 16:26:09.477251|[SDK][WS][SERVICE]connected nodes,count=2
info|2023-07-08 16:26:29.435081|[EVENT][SUB][doLoop]event sub tasks report,working event sub count=0,suspend event sub count=0
info|2023-07-08 16:26:29.477543|[SDK][WS][SERVICE]connected nodes,count=2
info|2023-07-08 16:26:49.435731|[EVENT][SUB][doLoop]event sub tasks report,working event sub count=0,suspend event sub count=0
info|2023-07-08 16:26:49.477768|[SDK][WS][SERVICE]connected nodes,count=2
info|2023-07-08 16:27:09.436168|[EVENT][SUB][doLoop]event sub tasks report,working event sub count=0,suspend event sub count=0
info|2023-07-08 16:27:09.478394|[SDK][WS][SERVICE]connected nodes,count=2
info|2023-07-08 16:27:13.943292|[RPC][BLOCK][NUMBER][fromJson],group=group0,node=98a7f70ec883a722219d92253cf073a72605f4087aa3443c8e4aadc0af2dc3ac647d0fa1b5ac99cd6987abafe6d690ae71cd5fd2aeeabe7589bfb4748aabdfba,blockNumber=2127
info|2023-07-08 16:27:13.943317|[RPCWS][SERVICE][onRecvBlockNotifier]receive block number notifier,group=group0,node=98a7f70ec883a722219d92253cf073a72605f4087aa3443c8e4aadc0af2dc3ac647d0fa1b5ac99cd6987abafe6d690ae71cd5fd2aeeabe7589bfb4748aabdfba,blockNumber=2127
info|2023-07-08 16:27:13.943322|[RPCWS][SERVICE][updateGroupBlockNumber],groupID=group0,_blockNumber=2127
info|2023-07-08 16:27:13.943327|[RPCWS][SERVICE][onRecvBlockNotifier]block notifier callback,group=group0,node=98a7f70ec883a722219d92253cf073a72605f4087aa3443c8e4aadc0af2dc3ac647d0fa1b5ac99cd6987abafe6d690ae71cd5fd2aeeabe7589bfb4748aabdfba,blockNumber=2127
info|2023-07-08 16:27:13.943331|[WS]receive block notify,endpoint=127.0.0.1:20200,blk={
	"blockNumber" : 2127,
	"group" : "group0",
	"nodeName" : "98a7f70ec883a722219d92253cf073a72605f4087aa3443c8e4aadc0af2dc3ac647d0fa1b5ac99cd6987abafe6d690ae71cd5fd2aeeabe7589bfb4748aabdfba"
}
info|2023-07-08 16:27:14.003886|[RPC][BLOCK][NUMBER][fromJson],group=group0,node=2f993327933ad58672518b6d4f63920cbc68b80f78f4d81192552ee6362f5cc81ee13bdc678ad65f06e76444cadb53b33694cfb3fc7679b8000411975fedd28a,blockNumber=2127
info|2023-07-08 16:27:14.003908|[RPCWS][SERVICE][onRecvBlockNotifier]receive block number notifier,group=group0,node=2f993327933ad58672518b6d4f63920cbc68b80f78f4d81192552ee6362f5cc81ee13bdc678ad65f06e76444cadb53b33694cfb3fc7679b8000411975fedd28a,blockNumber=2127
info|2023-07-08 16:27:14.003915|[WS]receive block notify,endpoint=127.0.0.1:20201,blk={
	"blockNumber" : 2127,
	"group" : "group0",
	"nodeName" : "2f993327933ad58672518b6d4f63920cbc68b80f78f4d81192552ee6362f5cc81ee13bdc678ad65f06e76444cadb53b33694cfb3fc7679b8000411975fedd28a"
}
info|2023-07-08 16:27:14.487725|[RPC][BLOCK][NUMBER][fromJson],group=group0,node=98a7f70ec883a722219d92253cf073a72605f4087aa3443c8e4aadc0af2dc3ac647d0fa1b5ac99cd6987abafe6d690ae71cd5fd2aeeabe7589bfb4748aabdfba,blockNumber=2128
info|2023-07-08 16:27:14.487745|[RPCWS][SERVICE][onRecvBlockNotifier]receive block number notifier,group=group0,node=98a7f70ec883a722219d92253cf073a72605f4087aa3443c8e4aadc0af2dc3ac647d0fa1b5ac99cd6987abafe6d690ae71cd5fd2aeeabe7589bfb4748aabdfba,blockNumber=2128
info|2023-07-08 16:27:14.487750|[RPCWS][SERVICE][updateGroupBlockNumber],groupID=group0,_blockNumber=2128
info|2023-07-08 16:27:14.487754|[RPCWS][SERVICE][onRecvBlockNotifier]block notifier callback,group=group0,node=98a7f70ec883a722219d92253cf073a72605f4087aa3443c8e4aadc0af2dc3ac647d0fa1b5ac99cd6987abafe6d690ae71cd5fd2aeeabe7589bfb4748aabdfba,blockNumber=2128
info|2023-07-08 16:27:14.487758|[WS]receive block notify,endpoint=127.0.0.1:20200,blk={
	"blockNumber" : 2128,
	"group" : "group0",
	"nodeName" : "98a7f70ec883a722219d92253cf073a72605f4087aa3443c8e4aadc0af2dc3ac647d0fa1b5ac99cd6987abafe6d690ae71cd5fd2aeeabe7589bfb4748aabdfba"
}
info|2023-07-08 16:27:14.583537|[RPC][BLOCK][NUMBER][fromJson],group=group0,node=2f993327933ad58672518b6d4f63920cbc68b80f78f4d81192552ee6362f5cc81ee13bdc678ad65f06e76444cadb53b33694cfb3fc7679b8000411975fedd28a,blockNumber=2128
info|2023-07-08 16:27:14.583560|[RPCWS][SERVICE][onRecvBlockNotifier]receive block number notifier,group=group0,node=2f993327933ad58672518b6d4f63920cbc68b80f78f4d81192552ee6362f5cc81ee13bdc678ad65f06e76444cadb53b33694cfb3fc7679b8000411975fedd28a,blockNumber=2128
info|2023-07-08 16:27:14.583565|[WS]receive block notify,endpoint=127.0.0.1:20201,blk={
	"blockNumber" : 2128,
	"group" : "group0",
	"nodeName" : "2f993327933ad58672518b6d4f63920cbc68b80f78f4d81192552ee6362f5cc81ee13bdc678ad65f06e76444cadb53b33694cfb3fc7679b8000411975fedd28a"
}
info|2023-07-08 16:27:15.074286|[RPC][BLOCK][NUMBER][fromJson],group=group0,node=98a7f70ec883a722219d92253cf073a72605f4087aa3443c8e4aadc0af2dc3ac647d0fa1b5ac99cd6987abafe6d690ae71cd5fd2aeeabe7589bfb4748aabdfba,blockNumber=2129
info|2023-07-08 16:27:15.074306|[RPCWS][SERVICE][onRecvBlockNotifier]receive block number notifier,group=group0,node=98a7f70ec883a722219d92253cf073a72605f4087aa3443c8e4aadc0af2dc3ac647d0fa1b5ac99cd6987abafe6d690ae71cd5fd2aeeabe7589bfb4748aabdfba,blockNumber=2129
info|2023-07-08 16:27:15.074311|[RPCWS][SERVICE][updateGroupBlockNumber],groupID=group0,_blockNumber=2129
info|2023-07-08 16:27:15.074315|[RPCWS][SERVICE][onRecvBlockNotifier]block notifier callback,group=group0,node=98a7f70ec883a722219d92253cf073a72605f4087aa3443c8e4aadc0af2dc3ac647d0fa1b5ac99cd6987abafe6d690ae71cd5fd2aeeabe7589bfb4748aabdfba,blockNumber=2129
info|2023-07-08 16:27:15.074318|[WS]receive block notify,endpoint=127.0.0.1:20200,blk={
	"blockNumber" : 2129,
	"group" : "group0",
	"nodeName" : "98a7f70ec883a722219d92253cf073a72605f4087aa3443c8e4aadc0af2dc3ac647d0fa1b5ac99cd6987abafe6d690ae71cd5fd2aeeabe7589bfb4748aabdfba"
}
info|2023-07-08 16:27:15.080311|[RPC][BLOCK][NUMBER][fromJson],group=group0,node=2f993327933ad58672518b6d4f63920cbc68b80f78f4d81192552ee6362f5cc81ee13bdc678ad65f06e76444cadb53b33694cfb3fc7679b8000411975fedd28a,blockNumber=2129
info|2023-07-08 16:27:15.080352|[RPCWS][SERVICE][onRecvBlockNotifier]receive block number notifier,group=group0,node=2f993327933ad58672518b6d4f63920cbc68b80f78f4d81192552ee6362f5cc81ee13bdc678ad65f06e76444cadb53b33694cfb3fc7679b8000411975fedd28a,blockNumber=2129
info|2023-07-08 16:27:15.080359|[WS]receive block notify,endpoint=127.0.0.1:20201,blk={
	"blockNumber" : 2129,
	"group" : "group0",
	"nodeName" : "2f993327933ad58672518b6d4f63920cbc68b80f78f4d81192552ee6362f5cc81ee13bdc678ad65f06e76444cadb53b33694cfb3fc7679b8000411975fedd28a"
}
info|2023-07-08 16:27:15.675294|[RPC][BLOCK][NUMBER][fromJson],group=group0,node=98a7f70ec883a722219d92253cf073a72605f4087aa3443c8e4aadc0af2dc3ac647d0fa1b5ac99cd6987abafe6d690ae71cd5fd2aeeabe7589bfb4748aabdfba,blockNumber=2130
info|2023-07-08 16:27:15.675318|[RPCWS][SERVICE][onRecvBlockNotifier]receive block number notifier,group=group0,node=98a7f70ec883a722219d92253cf073a72605f4087aa3443c8e4aadc0af2dc3ac647d0fa1b5ac99cd6987abafe6d690ae71cd5fd2aeeabe7589bfb4748aabdfba,blockNumber=2130
info|2023-07-08 16:27:15.675325|[RPCWS][SERVICE][updateGroupBlockNumber],groupID=group0,_blockNumber=2130
info|2023-07-08 16:27:15.675330|[RPCWS][SERVICE][onRecvBlockNotifier]block notifier callback,group=group0,node=98a7f70ec883a722219d92253cf073a72605f4087aa3443c8e4aadc0af2dc3ac647d0fa1b5ac99cd6987abafe6d690ae71cd5fd2aeeabe7589bfb4748aabdfba,blockNumber=2130
info|2023-07-08 16:27:15.675335|[WS]receive block notify,endpoint=127.0.0.1:20200,blk={
	"blockNumber" : 2130,
	"group" : "group0",
	"nodeName" : "98a7f70ec883a722219d92253cf073a72605f4087aa3443c8e4aadc0af2dc3ac647d0fa1b5ac99cd6987abafe6d690ae71cd5fd2aeeabe7589bfb4748aabdfba"
}
info|2023-07-08 16:27:15.708315|[RPC][BLOCK][NUMBER][fromJson],group=group0,node=2f993327933ad58672518b6d4f63920cbc68b80f78f4d81192552ee6362f5cc81ee13bdc678ad65f06e76444cadb53b33694cfb3fc7679b8000411975fedd28a,blockNumber=2130
info|2023-07-08 16:27:15.708338|[RPCWS][SERVICE][onRecvBlockNotifier]receive block number notifier,group=group0,node=2f993327933ad58672518b6d4f63920cbc68b80f78f4d81192552ee6362f5cc81ee13bdc678ad65f06e76444cadb53b33694cfb3fc7679b8000411975fedd28a,blockNumber=2130
info|2023-07-08 16:27:15.708344|[WS]receive block notify,endpoint=127.0.0.1:20201,blk={
	"blockNumber" : 2130,
	"group" : "group0",
	"nodeName" : "2f993327933ad58672518b6d4f63920cbc68b80f78f4d81192552ee6362f5cc81ee13bdc678ad65f06e76444cadb53b33694cfb3fc7679b8000411975fedd28a"
}
info|2023-07-08 16:27:16.191678|[RPC][BLOCK][NUMBER][fromJson],group=group0,node=98a7f70ec883a722219d92253cf073a72605f4087aa3443c8e4aadc0af2dc3ac647d0fa1b5ac99cd6987abafe6d690ae71cd5fd2aeeabe7589bfb4748aabdfba,blockNumber=2131
info|2023-07-08 16:27:16.191701|[RPCWS][SERVICE][onRecvBlockNotifier]receive block number notifier,group=group0,node=98a7f70ec883a722219d92253cf073a72605f4087aa3443c8e4aadc0af2dc3ac647d0fa1b5ac99cd6987abafe6d690ae71cd5fd2aeeabe7589bfb4748aabdfba,blockNumber=2131
info|2023-07-08 16:27:16.191707|[RPCWS][SERVICE][updateGroupBlockNumber],groupID=group0,_blockNumber=2131
info|2023-07-08 16:27:16.191712|[RPCWS][SERVICE][onRecvBlockNotifier]block notifier callback,group=group0,node=98a7f70ec883a722219d92253cf073a72605f4087aa3443c8e4aadc0af2dc3ac647d0fa1b5ac99cd6987abafe6d690ae71cd5fd2aeeabe7589bfb4748aabdfba,blockNumber=2131
info|2023-07-08 16:27:16.191717|[WS]receive block notify,endpoint=127.0.0.1:20200,blk={
	"blockNumber" : 2131,
	"group" : "group0",
	"nodeName" : "98a7f70ec883a722219d92253cf073a72605f4087aa3443c8e4aadc0af2dc3ac647d0fa1b5ac99cd6987abafe6d690ae71cd5fd2aeeabe7589bfb4748aabdfba"
}
info|2023-07-08 16:27:16.238943|[RPC][BLOCK][NUMBER][fromJson],group=group0,node=2f993327933ad58672518b6d4f63920cbc68b80f78f4d81192552ee6362f5cc81ee13bdc678ad65f06e76444cadb53b33694cfb3fc7679b8000411975fedd28a,blockNumber=2131
info|2023-07-08 16:27:16.238965|[RPCWS][SERVICE][onRecvBlockNotifier]receive block number notifier,group=group0,node=2f993327933ad58672518b6d4f63920cbc68b80f78f4d81192552ee6362f5cc81ee13bdc678ad65f06e76444cadb53b33694cfb3fc7679b8000411975fedd28a,blockNumber=2131
info|2023-07-08 16:27:16.238973|[WS]receive block notify,endpoint=127.0.0.1:20201,blk={
	"blockNumber" : 2131,
	"group" : "group0",
	"nodeName" : "2f993327933ad58672518b6d4f63920cbc68b80f78f4d81192552ee6362f5cc81ee13bdc678ad65f06e76444cadb53b33694cfb3fc7679b8000411975fedd28a"
}
info|2023-07-08 16:27:16.743941|[RPC][BLOCK][NUMBER][fromJson],group=group0,node=98a7f70ec883a722219d92253cf073a72605f4087aa3443c8e4aadc0af2dc3ac647d0fa1b5ac99cd6987abafe6d690ae71cd5fd2aeeabe7589bfb4748aabdfba,blockNumber=2132
info|2023-07-08 16:27:16.743965|[RPCWS][SERVICE][onRecvBlockNotifier]receive block number notifier,group=group0,node=98a7f70ec883a722219d92253cf073a72605f4087aa3443c8e4aadc0af2dc3ac647d0fa1b5ac99cd6987abafe6d690ae71cd5fd2aeeabe7589bfb4748aabdfba,blockNumber=2132
info|2023-07-08 16:27:16.743971|[RPCWS][SERVICE][updateGroupBlockNumber],groupID=group0,_blockNumber=2132
info|2023-07-08 16:27:16.743977|[RPCWS][SERVICE][onRecvBlockNotifier]block notifier callback,group=group0,node=98a7f70ec883a722219d92253cf073a72605f4087aa3443c8e4aadc0af2dc3ac647d0fa1b5ac99cd6987abafe6d690ae71cd5fd2aeeabe7589bfb4748aabdfba,blockNumber=2132
info|2023-07-08 16:27:16.743981|[WS]receive block notify,endpoint=127.0.0.1:20200,blk={
	"blockNumber" : 2132,
	"group" : "group0",
	"nodeName" : "98a7f70ec883a722219d92253cf073a72605f4087aa3443c8e4aadc0af2dc3ac647d0fa1b5ac99cd6987abafe6d690ae71cd5fd2aeeabe7589bfb4748aabdfba"
}
info|2023-07-08 16:27:16.791845|[RPC][BLOCK][NUMBER][fromJson],group=group0,node=2f993327933ad58672518b6d4f63920cbc68b80f78f4d81192552ee6362f5cc81ee13bdc678ad65f06e76444cadb53b33694cfb3fc7679b8000411975fedd28a,blockNumber=2132
info|2023-07-08 16:27:16.791867|[RPCWS][SERVICE][onRecvBlockNotifier]receive block number notifier,group=group0,node=2f993327933ad58672518b6d4f63920cbc68b80f78f4d81192552ee6362f5cc81ee13bdc678ad65f06e76444cadb53b33694cfb3fc7679b8000411975fedd28a,blockNumber=2132
info|2023-07-08 16:27:16.791874|[WS]receive block notify,endpoint=127.0.0.1:20201,blk={
	"blockNumber" : 2132,
	"group" : "group0",
	"nodeName" : "2f993327933ad58672518b6d4f63920cbc68b80f78f4d81192552ee6362f5cc81ee13bdc678ad65f06e76444cadb53b33694cfb3fc7679b8000411975fedd28a"
}
info|2023-07-08 16:27:17.300188|[RPC][BLOCK][NUMBER][fromJson],group=group0,node=98a7f70ec883a722219d92253cf073a72605f4087aa3443c8e4aadc0af2dc3ac647d0fa1b5ac99cd6987abafe6d690ae71cd5fd2aeeabe7589bfb4748aabdfba,blockNumber=2133
info|2023-07-08 16:27:17.300230|[RPCWS][SERVICE][onRecvBlockNotifier]receive block number notifier,group=group0,node=98a7f70ec883a722219d92253cf073a72605f4087aa3443c8e4aadc0af2dc3ac647d0fa1b5ac99cd6987abafe6d690ae71cd5fd2aeeabe7589bfb4748aabdfba,blockNumber=2133
info|2023-07-08 16:27:17.300237|[RPCWS][SERVICE][updateGroupBlockNumber],groupID=group0,_blockNumber=2133
info|2023-07-08 16:27:17.300240|[RPCWS][SERVICE][onRecvBlockNotifier]block notifier callback,group=group0,node=98a7f70ec883a722219d92253cf073a72605f4087aa3443c8e4aadc0af2dc3ac647d0fa1b5ac99cd6987abafe6d690ae71cd5fd2aeeabe7589bfb4748aabdfba,blockNumber=2133
info|2023-07-08 16:27:17.300244|[WS]receive block notify,endpoint=127.0.0.1:20200,blk={
	"blockNumber" : 2133,
	"group" : "group0",
	"nodeName" : "98a7f70ec883a722219d92253cf073a72605f4087aa3443c8e4aadc0af2dc3ac647d0fa1b5ac99cd6987abafe6d690ae71cd5fd2aeeabe7589bfb4748aabdfba"
}
info|2023-07-08 16:27:17.418578|[RPC][BLOCK][NUMBER][fromJson],group=group0,node=2f993327933ad58672518b6d4f63920cbc68b80f78f4d81192552ee6362f5cc81ee13bdc678ad65f06e76444cadb53b33694cfb3fc7679b8000411975fedd28a,blockNumber=2133
info|2023-07-08 16:27:17.418612|[RPCWS][SERVICE][onRecvBlockNotifier]receive block number notifier,group=group0,node=2f993327933ad58672518b6d4f63920cbc68b80f78f4d81192552ee6362f5cc81ee13bdc678ad65f06e76444cadb53b33694cfb3fc7679b8000411975fedd28a,blockNumber=2133
info|2023-07-08 16:27:17.418624|[WS]receive block notify,endpoint=127.0.0.1:20201,blk={
	"blockNumber" : 2133,
	"group" : "group0",
	"nodeName" : "2f993327933ad58672518b6d4f63920cbc68b80f78f4d81192552ee6362f5cc81ee13bdc678ad65f06e76444cadb53b33694cfb3fc7679b8000411975fedd28a"
}
info|2023-07-08 16:27:17.987169|[RPC][BLOCK][NUMBER][fromJson],group=group0,node=98a7f70ec883a722219d92253cf073a72605f4087aa3443c8e4aadc0af2dc3ac647d0fa1b5ac99cd6987abafe6d690ae71cd5fd2aeeabe7589bfb4748aabdfba,blockNumber=2134
info|2023-07-08 16:27:17.987208|[RPCWS][SERVICE][onRecvBlockNotifier]receive block number notifier,group=group0,node=98a7f70ec883a722219d92253cf073a72605f4087aa3443c8e4aadc0af2dc3ac647d0fa1b5ac99cd6987abafe6d690ae71cd5fd2aeeabe7589bfb4748aabdfba,blockNumber=2134
info|2023-07-08 16:27:17.987218|[RPCWS][SERVICE][updateGroupBlockNumber],groupID=group0,_blockNumber=2134
info|2023-07-08 16:27:17.987225|[RPCWS][SERVICE][onRecvBlockNotifier]block notifier callback,group=group0,node=98a7f70ec883a722219d92253cf073a72605f4087aa3443c8e4aadc0af2dc3ac647d0fa1b5ac99cd6987abafe6d690ae71cd5fd2aeeabe7589bfb4748aabdfba,blockNumber=2134
info|2023-07-08 16:27:17.987232|[WS]receive block notify,endpoint=127.0.0.1:20200,blk={
	"blockNumber" : 2134,
	"group" : "group0",
	"nodeName" : "98a7f70ec883a722219d92253cf073a72605f4087aa3443c8e4aadc0af2dc3ac647d0fa1b5ac99cd6987abafe6d690ae71cd5fd2aeeabe7589bfb4748aabdfba"
}
info|2023-07-08 16:27:18.021958|[RPC][BLOCK][NUMBER][fromJson],group=group0,node=2f993327933ad58672518b6d4f63920cbc68b80f78f4d81192552ee6362f5cc81ee13bdc678ad65f06e76444cadb53b33694cfb3fc7679b8000411975fedd28a,blockNumber=2134
info|2023-07-08 16:27:18.021979|[RPCWS][SERVICE][onRecvBlockNotifier]receive block number notifier,group=group0,node=2f993327933ad58672518b6d4f63920cbc68b80f78f4d81192552ee6362f5cc81ee13bdc678ad65f06e76444cadb53b33694cfb3fc7679b8000411975fedd28a,blockNumber=2134
info|2023-07-08 16:27:18.021986|[WS]receive block notify,endpoint=127.0.0.1:20201,blk={
	"blockNumber" : 2134,
	"group" : "group0",
	"nodeName" : "2f993327933ad58672518b6d4f63920cbc68b80f78f4d81192552ee6362f5cc81ee13bdc678ad65f06e76444cadb53b33694cfb3fc7679b8000411975fedd28a"
}
info|2023-07-08 16:27:18.562728|[RPC][BLOCK][NUMBER][fromJson],group=group0,node=98a7f70ec883a722219d92253cf073a72605f4087aa3443c8e4aadc0af2dc3ac647d0fa1b5ac99cd6987abafe6d690ae71cd5fd2aeeabe7589bfb4748aabdfba,blockNumber=2135
info|2023-07-08 16:27:18.562758|[RPCWS][SERVICE][onRecvBlockNotifier]receive block number notifier,group=group0,node=98a7f70ec883a722219d92253cf073a72605f4087aa3443c8e4aadc0af2dc3ac647d0fa1b5ac99cd6987abafe6d690ae71cd5fd2aeeabe7589bfb4748aabdfba,blockNumber=2135
info|2023-07-08 16:27:18.562767|[RPCWS][SERVICE][updateGroupBlockNumber],groupID=group0,_blockNumber=2135
info|2023-07-08 16:27:18.562774|[RPCWS][SERVICE][onRecvBlockNotifier]block notifier callback,group=group0,node=98a7f70ec883a722219d92253cf073a72605f4087aa3443c8e4aadc0af2dc3ac647d0fa1b5ac99cd6987abafe6d690ae71cd5fd2aeeabe7589bfb4748aabdfba,blockNumber=2135
info|2023-07-08 16:27:18.562781|[WS]receive block notify,endpoint=127.0.0.1:20200,blk={
	"blockNumber" : 2135,
	"group" : "group0",
	"nodeName" : "98a7f70ec883a722219d92253cf073a72605f4087aa3443c8e4aadc0af2dc3ac647d0fa1b5ac99cd6987abafe6d690ae71cd5fd2aeeabe7589bfb4748aabdfba"
}
info|2023-07-08 16:27:18.610360|[RPC][BLOCK][NUMBER][fromJson],group=group0,node=2f993327933ad58672518b6d4f63920cbc68b80f78f4d81192552ee6362f5cc81ee13bdc678ad65f06e76444cadb53b33694cfb3fc7679b8000411975fedd28a,blockNumber=2135
info|2023-07-08 16:27:18.610424|[RPCWS][SERVICE][onRecvBlockNotifier]receive block number notifier,group=group0,node=2f993327933ad58672518b6d4f63920cbc68b80f78f4d81192552ee6362f5cc81ee13bdc678ad65f06e76444cadb53b33694cfb3fc7679b8000411975fedd28a,blockNumber=2135
info|2023-07-08 16:27:18.610447|[WS]receive block notify,endpoint=127.0.0.1:20201,blk={
	"blockNumber" : 2135,
	"group" : "group0",
	"nodeName" : "2f993327933ad58672518b6d4f63920cbc68b80f78f4d81192552ee6362f5cc81ee13bdc678ad65f06e76444cadb53b33694cfb3fc7679b8000411975fedd28a"
}
info|2023-07-08 16:27:19.118090|[RPC][BLOCK][NUMBER][fromJson],group=group0,node=98a7f70ec883a722219d92253cf073a72605f4087aa3443c8e4aadc0af2dc3ac647d0fa1b5ac99cd6987abafe6d690ae71cd5fd2aeeabe7589bfb4748aabdfba,blockNumber=2136
info|2023-07-08 16:27:19.118123|[RPCWS][SERVICE][onRecvBlockNotifier]receive block number notifier,group=group0,node=98a7f70ec883a722219d92253cf073a72605f4087aa3443c8e4aadc0af2dc3ac647d0fa1b5ac99cd6987abafe6d690ae71cd5fd2aeeabe7589bfb4748aabdfba,blockNumber=2136
info|2023-07-08 16:27:19.118132|[RPCWS][SERVICE][updateGroupBlockNumber],groupID=group0,_blockNumber=2136
info|2023-07-08 16:27:19.118140|[RPCWS][SERVICE][onRecvBlockNotifier]block notifier callback,group=group0,node=98a7f70ec883a722219d92253cf073a72605f4087aa3443c8e4aadc0af2dc3ac647d0fa1b5ac99cd6987abafe6d690ae71cd5fd2aeeabe7589bfb4748aabdfba,blockNumber=2136
info|2023-07-08 16:27:19.118146|[WS]receive block notify,endpoint=127.0.0.1:20200,blk={
	"blockNumber" : 2136,
	"group" : "group0",
	"nodeName" : "98a7f70ec883a722219d92253cf073a72605f4087aa3443c8e4aadc0af2dc3ac647d0fa1b5ac99cd6987abafe6d690ae71cd5fd2aeeabe7589bfb4748aabdfba"
}
info|2023-07-08 16:27:19.130163|[RPC][BLOCK][NUMBER][fromJson],group=group0,node=2f993327933ad58672518b6d4f63920cbc68b80f78f4d81192552ee6362f5cc81ee13bdc678ad65f06e76444cadb53b33694cfb3fc7679b8000411975fedd28a,blockNumber=2136
info|2023-07-08 16:27:19.130190|[RPCWS][SERVICE][onRecvBlockNotifier]receive block number notifier,group=group0,node=2f993327933ad58672518b6d4f63920cbc68b80f78f4d81192552ee6362f5cc81ee13bdc678ad65f06e76444cadb53b33694cfb3fc7679b8000411975fedd28a,blockNumber=2136
info|2023-07-08 16:27:19.130199|[WS]receive block notify,endpoint=127.0.0.1:20201,blk={
	"blockNumber" : 2136,
	"group" : "group0",
	"nodeName" : "2f993327933ad58672518b6d4f63920cbc68b80f78f4d81192552ee6362f5cc81ee13bdc678ad65f06e76444cadb53b33694cfb3fc7679b8000411975fedd28a"
}
info|2023-07-08 16:27:19.589919|[RPC][BLOCK][NUMBER][fromJson],group=group0,node=98a7f70ec883a722219d92253cf073a72605f4087aa3443c8e4aadc0af2dc3ac647d0fa1b5ac99cd6987abafe6d690ae71cd5fd2aeeabe7589bfb4748aabdfba,blockNumber=2137
info|2023-07-08 16:27:19.589975|[RPCWS][SERVICE][onRecvBlockNotifier]receive block number notifier,group=group0,node=98a7f70ec883a722219d92253cf073a72605f4087aa3443c8e4aadc0af2dc3ac647d0fa1b5ac99cd6987abafe6d690ae71cd5fd2aeeabe7589bfb4748aabdfba,blockNumber=2137
info|2023-07-08 16:27:19.589985|[RPCWS][SERVICE][updateGroupBlockNumber],groupID=group0,_blockNumber=2137
info|2023-07-08 16:27:19.589991|[RPCWS][SERVICE][onRecvBlockNotifier]block notifier callback,group=group0,node=98a7f70ec883a722219d92253cf073a72605f4087aa3443c8e4aadc0af2dc3ac647d0fa1b5ac99cd6987abafe6d690ae71cd5fd2aeeabe7589bfb4748aabdfba,blockNumber=2137
info|2023-07-08 16:27:19.589997|[WS]receive block notify,endpoint=127.0.0.1:20200,blk={
	"blockNumber" : 2137,
	"group" : "group0",
	"nodeName" : "98a7f70ec883a722219d92253cf073a72605f4087aa3443c8e4aadc0af2dc3ac647d0fa1b5ac99cd6987abafe6d690ae71cd5fd2aeeabe7589bfb4748aabdfba"
}
info|2023-07-08 16:27:19.625277|[RPC][BLOCK][NUMBER][fromJson],group=group0,node=2f993327933ad58672518b6d4f63920cbc68b80f78f4d81192552ee6362f5cc81ee13bdc678ad65f06e76444cadb53b33694cfb3fc7679b8000411975fedd28a,blockNumber=2137
info|2023-07-08 16:27:19.625321|[RPCWS][SERVICE][onRecvBlockNotifier]receive block number notifier,group=group0,node=2f993327933ad58672518b6d4f63920cbc68b80f78f4d81192552ee6362f5cc81ee13bdc678ad65f06e76444cadb53b33694cfb3fc7679b8000411975fedd28a,blockNumber=2137
info|2023-07-08 16:27:19.625331|[WS]receive block notify,endpoint=127.0.0.1:20201,blk={
	"blockNumber" : 2137,
	"group" : "group0",
	"nodeName" : "2f993327933ad58672518b6d4f63920cbc68b80f78f4d81192552ee6362f5cc81ee13bdc678ad65f06e76444cadb53b33694cfb3fc7679b8000411975fedd28a"
}
info|2023-07-08 16:27:20.199246|[RPC][BLOCK][NUMBER][fromJson],group=group0,node=98a7f70ec883a722219d92253cf073a72605f4087aa3443c8e4aadc0af2dc3ac647d0fa1b5ac99cd6987abafe6d690ae71cd5fd2aeeabe7589bfb4748aabdfba,blockNumber=2138
info|2023-07-08 16:27:20.199275|[RPCWS][SERVICE][onRecvBlockNotifier]receive block number notifier,group=group0,node=98a7f70ec883a722219d92253cf073a72605f4087aa3443c8e4aadc0af2dc3ac647d0fa1b5ac99cd6987abafe6d690ae71cd5fd2aeeabe7589bfb4748aabdfba,blockNumber=2138
info|2023-07-08 16:27:20.199282|[RPCWS][SERVICE][updateGroupBlockNumber],groupID=group0,_blockNumber=2138
info|2023-07-08 16:27:20.199288|[RPCWS][SERVICE][onRecvBlockNotifier]block notifier callback,group=group0,node=98a7f70ec883a722219d92253cf073a72605f4087aa3443c8e4aadc0af2dc3ac647d0fa1b5ac99cd6987abafe6d690ae71cd5fd2aeeabe7589bfb4748aabdfba,blockNumber=2138
info|2023-07-08 16:27:20.199294|[WS]receive block notify,endpoint=127.0.0.1:20200,blk={
	"blockNumber" : 2138,
	"group" : "group0",
	"nodeName" : "98a7f70ec883a722219d92253cf073a72605f4087aa3443c8e4aadc0af2dc3ac647d0fa1b5ac99cd6987abafe6d690ae71cd5fd2aeeabe7589bfb4748aabdfba"
}
info|2023-07-08 16:27:20.238795|[RPC][BLOCK][NUMBER][fromJson],group=group0,node=2f993327933ad58672518b6d4f63920cbc68b80f78f4d81192552ee6362f5cc81ee13bdc678ad65f06e76444cadb53b33694cfb3fc7679b8000411975fedd28a,blockNumber=2138
info|2023-07-08 16:27:20.238813|[RPCWS][SERVICE][onRecvBlockNotifier]receive block number notifier,group=group0,node=2f993327933ad58672518b6d4f63920cbc68b80f78f4d81192552ee6362f5cc81ee13bdc678ad65f06e76444cadb53b33694cfb3fc7679b8000411975fedd28a,blockNumber=2138
info|2023-07-08 16:27:20.238820|[WS]receive block notify,endpoint=127.0.0.1:20201,blk={
	"blockNumber" : 2138,
	"group" : "group0",
	"nodeName" : "2f993327933ad58672518b6d4f63920cbc68b80f78f4d81192552ee6362f5cc81ee13bdc678ad65f06e76444cadb53b33694cfb3fc7679b8000411975fedd28a"
}
info|2023-07-08 16:27:20.762537|[RPC][BLOCK][NUMBER][fromJson],group=group0,node=98a7f70ec883a722219d92253cf073a72605f4087aa3443c8e4aadc0af2dc3ac647d0fa1b5ac99cd6987abafe6d690ae71cd5fd2aeeabe7589bfb4748aabdfba,blockNumber=2139
info|2023-07-08 16:27:20.762586|[RPCWS][SERVICE][onRecvBlockNotifier]receive block number notifier,group=group0,node=98a7f70ec883a722219d92253cf073a72605f4087aa3443c8e4aadc0af2dc3ac647d0fa1b5ac99cd6987abafe6d690ae71cd5fd2aeeabe7589bfb4748aabdfba,blockNumber=2139
info|2023-07-08 16:27:20.762595|[RPCWS][SERVICE][updateGroupBlockNumber],groupID=group0,_blockNumber=2139
info|2023-07-08 16:27:20.762602|[RPCWS][SERVICE][onRecvBlockNotifier]block notifier callback,group=group0,node=98a7f70ec883a722219d92253cf073a72605f4087aa3443c8e4aadc0af2dc3ac647d0fa1b5ac99cd6987abafe6d690ae71cd5fd2aeeabe7589bfb4748aabdfba,blockNumber=2139
info|2023-07-08 16:27:20.762607|[WS]receive block notify,endpoint=127.0.0.1:20200,blk={
	"blockNumber" : 2139,
	"group" : "group0",
	"nodeName" : "98a7f70ec883a722219d92253cf073a72605f4087aa3443c8e4aadc0af2dc3ac647d0fa1b5ac99cd6987abafe6d690ae71cd5fd2aeeabe7589bfb4748aabdfba"
}
info|2023-07-08 16:27:20.830705|[RPC][BLOCK][NUMBER][fromJson],group=group0,node=2f993327933ad58672518b6d4f63920cbc68b80f78f4d81192552ee6362f5cc81ee13bdc678ad65f06e76444cadb53b33694cfb3fc7679b8000411975fedd28a,blockNumber=2139
info|2023-07-08 16:27:20.830825|[RPCWS][SERVICE][onRecvBlockNotifier]receive block number notifier,group=group0,node=2f993327933ad58672518b6d4f63920cbc68b80f78f4d81192552ee6362f5cc81ee13bdc678ad65f06e76444cadb53b33694cfb3fc7679b8000411975fedd28a,blockNumber=2139
info|2023-07-08 16:27:20.830853|[WS]receive block notify,endpoint=127.0.0.1:20201,blk={
	"blockNumber" : 2139,
	"group" : "group0",
	"nodeName" : "2f993327933ad58672518b6d4f63920cbc68b80f78f4d81192552ee6362f5cc81ee13bdc678ad65f06e76444cadb53b33694cfb3fc7679b8000411975fedd28a"
}
info|2023-07-08 16:27:21.361738|[RPC][BLOCK][NUMBER][fromJson],group=group0,node=98a7f70ec883a722219d92253cf073a72605f4087aa3443c8e4aadc0af2dc3ac647d0fa1b5ac99cd6987abafe6d690ae71cd5fd2aeeabe7589bfb4748aabdfba,blockNumber=2140
info|2023-07-08 16:27:21.361862|[RPCWS][SERVICE][onRecvBlockNotifier]receive block number notifier,group=group0,node=98a7f70ec883a722219d92253cf073a72605f4087aa3443c8e4aadc0af2dc3ac647d0fa1b5ac99cd6987abafe6d690ae71cd5fd2aeeabe7589bfb4748aabdfba,blockNumber=2140
info|2023-07-08 16:27:21.361877|[RPCWS][SERVICE][updateGroupBlockNumber],groupID=group0,_blockNumber=2140
info|2023-07-08 16:27:21.361886|[RPCWS][SERVICE][onRecvBlockNotifier]block notifier callback,group=group0,node=98a7f70ec883a722219d92253cf073a72605f4087aa3443c8e4aadc0af2dc3ac647d0fa1b5ac99cd6987abafe6d690ae71cd5fd2aeeabe7589bfb4748aabdfba,blockNumber=2140
info|2023-07-08 16:27:21.361894|[WS]receive block notify,endpoint=127.0.0.1:20200,blk={
	"blockNumber" : 2140,
	"group" : "group0",
	"nodeName" : "98a7f70ec883a722219d92253cf073a72605f4087aa3443c8e4aadc0af2dc3ac647d0fa1b5ac99cd6987abafe6d690ae71cd5fd2aeeabe7589bfb4748aabdfba"
}
info|2023-07-08 16:27:21.391663|[RPC][BLOCK][NUMBER][fromJson],group=group0,node=2f993327933ad58672518b6d4f63920cbc68b80f78f4d81192552ee6362f5cc81ee13bdc678ad65f06e76444cadb53b33694cfb3fc7679b8000411975fedd28a,blockNumber=2140
info|2023-07-08 16:27:21.391685|[RPCWS][SERVICE][onRecvBlockNotifier]receive block number notifier,group=group0,node=2f993327933ad58672518b6d4f63920cbc68b80f78f4d81192552ee6362f5cc81ee13bdc678ad65f06e76444cadb53b33694cfb3fc7679b8000411975fedd28a,blockNumber=2140
info|2023-07-08 16:27:21.391711|[WS]receive block notify,endpoint=127.0.0.1:20201,blk={
	"blockNumber" : 2140,
	"group" : "group0",
	"nodeName" : "2f993327933ad58672518b6d4f63920cbc68b80f78f4d81192552ee6362f5cc81ee13bdc678ad65f06e76444cadb53b33694cfb3fc7679b8000411975fedd28a"
}
info|2023-07-08 16:27:21.841539|[RPC][BLOCK][NUMBER][fromJson],group=group0,node=98a7f70ec883a722219d92253cf073a72605f4087aa3443c8e4aadc0af2dc3ac647d0fa1b5ac99cd6987abafe6d690ae71cd5fd2aeeabe7589bfb4748aabdfba,blockNumber=2141
info|2023-07-08 16:27:21.841564|[RPCWS][SERVICE][onRecvBlockNotifier]receive block number notifier,group=group0,node=98a7f70ec883a722219d92253cf073a72605f4087aa3443c8e4aadc0af2dc3ac647d0fa1b5ac99cd6987abafe6d690ae71cd5fd2aeeabe7589bfb4748aabdfba,blockNumber=2141
info|2023-07-08 16:27:21.841570|[RPCWS][SERVICE][updateGroupBlockNumber],groupID=group0,_blockNumber=2141
info|2023-07-08 16:27:21.841575|[RPCWS][SERVICE][onRecvBlockNotifier]block notifier callback,group=group0,node=98a7f70ec883a722219d92253cf073a72605f4087aa3443c8e4aadc0af2dc3ac647d0fa1b5ac99cd6987abafe6d690ae71cd5fd2aeeabe7589bfb4748aabdfba,blockNumber=2141
info|2023-07-08 16:27:21.841580|[WS]receive block notify,endpoint=127.0.0.1:20200,blk={
	"blockNumber" : 2141,
	"group" : "group0",
	"nodeName" : "98a7f70ec883a722219d92253cf073a72605f4087aa3443c8e4aadc0af2dc3ac647d0fa1b5ac99cd6987abafe6d690ae71cd5fd2aeeabe7589bfb4748aabdfba"
}
info|2023-07-08 16:27:21.906597|[RPC][BLOCK][NUMBER][fromJson],group=group0,node=2f993327933ad58672518b6d4f63920cbc68b80f78f4d81192552ee6362f5cc81ee13bdc678ad65f06e76444cadb53b33694cfb3fc7679b8000411975fedd28a,blockNumber=2141
info|2023-07-08 16:27:21.906645|[RPCWS][SERVICE][onRecvBlockNotifier]receive block number notifier,group=group0,node=2f993327933ad58672518b6d4f63920cbc68b80f78f4d81192552ee6362f5cc81ee13bdc678ad65f06e76444cadb53b33694cfb3fc7679b8000411975fedd28a,blockNumber=2141
info|2023-07-08 16:27:21.906661|[WS]receive block notify,endpoint=127.0.0.1:20201,blk={
	"blockNumber" : 2141,
	"group" : "group0",
	"nodeName" : "2f993327933ad58672518b6d4f63920cbc68b80f78f4d81192552ee6362f5cc81ee13bdc678ad65f06e76444cadb53b33694cfb3fc7679b8000411975fedd28a"
}
info|2023-07-08 16:27:22.442130|[RPC][BLOCK][NUMBER][fromJson],group=group0,node=98a7f70ec883a722219d92253cf073a72605f4087aa3443c8e4aadc0af2dc3ac647d0fa1b5ac99cd6987abafe6d690ae71cd5fd2aeeabe7589bfb4748aabdfba,blockNumber=2142
info|2023-07-08 16:27:22.442161|[RPCWS][SERVICE][onRecvBlockNotifier]receive block number notifier,group=group0,node=98a7f70ec883a722219d92253cf073a72605f4087aa3443c8e4aadc0af2dc3ac647d0fa1b5ac99cd6987abafe6d690ae71cd5fd2aeeabe7589bfb4748aabdfba,blockNumber=2142
info|2023-07-08 16:27:22.442168|[RPCWS][SERVICE][updateGroupBlockNumber],groupID=group0,_blockNumber=2142
info|2023-07-08 16:27:22.442174|[RPCWS][SERVICE][onRecvBlockNotifier]block notifier callback,group=group0,node=98a7f70ec883a722219d92253cf073a72605f4087aa3443c8e4aadc0af2dc3ac647d0fa1b5ac99cd6987abafe6d690ae71cd5fd2aeeabe7589bfb4748aabdfba,blockNumber=2142
info|2023-07-08 16:27:22.442179|[WS]receive block notify,endpoint=127.0.0.1:20200,blk={
	"blockNumber" : 2142,
	"group" : "group0",
	"nodeName" : "98a7f70ec883a722219d92253cf073a72605f4087aa3443c8e4aadc0af2dc3ac647d0fa1b5ac99cd6987abafe6d690ae71cd5fd2aeeabe7589bfb4748aabdfba"
}
info|2023-07-08 16:27:22.558446|[RPC][BLOCK][NUMBER][fromJson],group=group0,node=2f993327933ad58672518b6d4f63920cbc68b80f78f4d81192552ee6362f5cc81ee13bdc678ad65f06e76444cadb53b33694cfb3fc7679b8000411975fedd28a,blockNumber=2142
info|2023-07-08 16:27:22.558479|[RPCWS][SERVICE][onRecvBlockNotifier]receive block number notifier,group=group0,node=2f993327933ad58672518b6d4f63920cbc68b80f78f4d81192552ee6362f5cc81ee13bdc678ad65f06e76444cadb53b33694cfb3fc7679b8000411975fedd28a,blockNumber=2142
info|2023-07-08 16:27:22.558491|[WS]receive block notify,endpoint=127.0.0.1:20201,blk={
	"blockNumber" : 2142,
	"group" : "group0",
	"nodeName" : "2f993327933ad58672518b6d4f63920cbc68b80f78f4d81192552ee6362f5cc81ee13bdc678ad65f06e76444cadb53b33694cfb3fc7679b8000411975fedd28a"
}
info|2023-07-08 16:27:29.436321|[EVENT][SUB][doLoop]event sub tasks report,working event sub count=0,suspend event sub count=0
info|2023-07-08 16:27:29.478627|[SDK][WS][SERVICE]connected nodes,count=2
info|2023-07-08 16:27:49.436915|[EVENT][SUB][doLoop]event sub tasks report,working event sub count=0,suspend event sub count=0
info|2023-07-08 16:27:49.479264|[SDK][WS][SERVICE]connected nodes,count=2
info|2023-07-08 16:28:09.437552|[EVENT][SUB][doLoop]event sub tasks report,working event sub count=0,suspend event sub count=0
info|2023-07-08 16:28:09.479467|[SDK][WS][SERVICE]connected nodes,count=2
info|2023-07-08 16:28:29.437827|[EVENT][SUB][doLoop]event sub tasks report,working event sub count=0,suspend event sub count=0
info|2023-07-08 16:28:29.479851|[SDK][WS][SERVICE]connected nodes,count=2
info|2023-07-08 16:28:49.438005|[EVENT][SUB][doLoop]event sub tasks report,working event sub count=0,suspend event sub count=0
info|2023-07-08 16:28:49.480211|[SDK][WS][SERVICE]connected nodes,count=2
info|2023-07-08 16:29:09.438267|[EVENT][SUB][doLoop]event sub tasks report,working event sub count=0,suspend event sub count=0
info|2023-07-08 16:29:09.480676|[SDK][WS][SERVICE]connected nodes,count=2
info|2023-07-08 16:29:29.438817|[EVENT][SUB][doLoop]event sub tasks report,working event sub count=0,suspend event sub count=0
info|2023-07-08 16:29:29.481662|[SDK][WS][SERVICE]connected nodes,count=2
info|2023-07-08 16:29:49.439467|[EVENT][SUB][doLoop]event sub tasks report,working event sub count=0,suspend event sub count=0
info|2023-07-08 16:29:49.481940|[SDK][WS][SERVICE]connected nodes,count=2
info|2023-07-08 16:30:09.439666|[EVENT][SUB][doLoop]event sub tasks report,working event sub count=0,suspend event sub count=0
info|2023-07-08 16:30:09.482490|[SDK][WS][SERVICE]connected nodes,count=2
info|2023-07-08 16:30:29.439875|[EVENT][SUB][doLoop]event sub tasks report,working event sub count=0,suspend event sub count=0
info|2023-07-08 16:30:29.482814|[SDK][WS][SERVICE]connected nodes,count=2
info|2023-07-08 16:30:49.440487|[EVENT][SUB][doLoop]event sub tasks report,working event sub count=0,suspend event sub count=0
info|2023-07-08 16:30:49.483841|[SDK][WS][SERVICE]connected nodes,count=2
info|2023-07-08 16:31:09.440562|[EVENT][SUB][doLoop]event sub tasks report,working event sub count=0,suspend event sub count=0
info|2023-07-08 16:31:09.801512|[SDK][WS][SERVICE]connected nodes,count=2
info|2023-07-08 16:31:29.441098|[EVENT][SUB][doLoop]event sub tasks report,working event sub count=0,suspend event sub count=0
info|2023-07-08 16:31:29.802132|[SDK][WS][SERVICE]connected nodes,count=2
info|2023-07-08 16:31:49.441885|[EVENT][SUB][doLoop]event sub tasks report,working event sub count=0,suspend event sub count=0
info|2023-07-08 16:31:49.802425|[SDK][WS][SERVICE]connected nodes,count=2
info|2023-07-08 16:32:09.442042|[EVENT][SUB][doLoop]event sub tasks report,working event sub count=0,suspend event sub count=0
info|2023-07-08 16:32:09.802681|[SDK][WS][SERVICE]connected nodes,count=2
info|2023-07-08 16:32:29.442560|[EVENT][SUB][doLoop]event sub tasks report,working event sub count=0,suspend event sub count=0
info|2023-07-08 16:32:29.802879|[SDK][WS][SERVICE]connected nodes,count=2
info|2023-07-08 16:32:49.442972|[EVENT][SUB][doLoop]event sub tasks report,working event sub count=0,suspend event sub count=0
info|2023-07-08 16:32:49.803193|[SDK][WS][SERVICE]connected nodes,count=2
info|2023-07-08 16:33:09.443141|[EVENT][SUB][doLoop]event sub tasks report,working event sub count=0,suspend event sub count=0
info|2023-07-08 16:33:09.803453|[SDK][WS][SERVICE]connected nodes,count=2
info|2023-07-08 16:33:29.443338|[EVENT][SUB][doLoop]event sub tasks report,working event sub count=0,suspend event sub count=0
info|2023-07-08 16:33:29.804260|[SDK][WS][SERVICE]connected nodes,count=2
info|2023-07-08 16:33:49.443711|[EVENT][SUB][doLoop]event sub tasks report,working event sub count=0,suspend event sub count=0
info|2023-07-08 16:33:49.804675|[SDK][WS][SERVICE]connected nodes,count=2
info|2023-07-08 16:34:09.444326|[EVENT][SUB][doLoop]event sub tasks report,working event sub count=0,suspend event sub count=0
info|2023-07-08 16:34:09.805053|[SDK][WS][SERVICE]connected nodes,count=2
info|2023-07-08 16:34:29.444535|[EVENT][SUB][doLoop]event sub tasks report,working event sub count=0,suspend event sub count=0
info|2023-07-08 16:34:29.805180|[SDK][WS][SERVICE]connected nodes,count=2
info|2023-07-08 16:34:49.444764|[EVENT][SUB][doLoop]event sub tasks report,working event sub count=0,suspend event sub count=0
info|2023-07-08 16:34:49.805300|[SDK][WS][SERVICE]connected nodes,count=2
info|2023-07-08 16:35:09.444874|[EVENT][SUB][doLoop]event sub tasks report,working event sub count=0,suspend event sub count=0
info|2023-07-08 16:35:09.805612|[SDK][WS][SERVICE]connected nodes,count=2
info|2023-07-08 16:35:29.445121|[EVENT][SUB][doLoop]event sub tasks report,working event sub count=0,suspend event sub count=0
info|2023-07-08 16:35:29.806209|[SDK][WS][SERVICE]connected nodes,count=2
info|2023-07-08 16:35:49.445223|[EVENT][SUB][doLoop]event sub tasks report,working event sub count=0,suspend event sub count=0
info|2023-07-08 16:35:49.806388|[SDK][WS][SERVICE]connected nodes,count=2
info|2023-07-08 16:36:09.445477|[EVENT][SUB][doLoop]event sub tasks report,working event sub count=0,suspend event sub count=0
info|2023-07-08 16:36:09.807073|[SDK][WS][SERVICE]connected nodes,count=2
info|2023-07-08 16:36:29.445772|[EVENT][SUB][doLoop]event sub tasks report,working event sub count=0,suspend event sub count=0
info|2023-07-08 16:36:29.807448|[SDK][WS][SERVICE]connected nodes,count=2
info|2023-07-08 16:36:49.446025|[EVENT][SUB][doLoop]event sub tasks report,working event sub count=0,suspend event sub count=0
info|2023-07-08 16:36:49.807831|[SDK][WS][SERVICE]connected nodes,count=2
info|2023-07-08 16:37:09.446163|[EVENT][SUB][doLoop]event sub tasks report,working event sub count=0,suspend event sub count=0
info|2023-07-08 16:37:09.808038|[SDK][WS][SERVICE]connected nodes,count=2
info|2023-07-08 16:37:29.446247|[EVENT][SUB][doLoop]event sub tasks report,working event sub count=0,suspend event sub count=0
info|2023-07-08 16:37:29.908007|[SDK][WS][SERVICE]connected nodes,count=2
info|2023-07-08 16:37:49.447177|[EVENT][SUB][doLoop]event sub tasks report,working event sub count=0,suspend event sub count=0
info|2023-07-08 16:37:49.908720|[SDK][WS][SERVICE]connected nodes,count=2
info|2023-07-08 16:38:09.447409|[EVENT][SUB][doLoop]event sub tasks report,working event sub count=0,suspend event sub count=0
info|2023-07-08 16:38:09.909104|[SDK][WS][SERVICE]connected nodes,count=2
info|2023-07-08 16:38:29.447500|[EVENT][SUB][doLoop]event sub tasks report,working event sub count=0,suspend event sub count=0
info|2023-07-08 16:38:29.909410|[SDK][WS][SERVICE]connected nodes,count=2
info|2023-07-08 16:38:49.448204|[EVENT][SUB][doLoop]event sub tasks report,working event sub count=0,suspend event sub count=0
info|2023-07-08 16:38:49.910000|[SDK][WS][SERVICE]connected nodes,count=2
info|2023-07-08 16:39:09.448282|[EVENT][SUB][doLoop]event sub tasks report,working event sub count=0,suspend event sub count=0
info|2023-07-08 16:39:09.910709|[SDK][WS][SERVICE]connected nodes,count=2
info|2023-07-08 16:39:29.448428|[EVENT][SUB][doLoop]event sub tasks report,working event sub count=0,suspend event sub count=0
info|2023-07-08 16:39:29.911184|[SDK][WS][SERVICE]connected nodes,count=2
info|2023-07-08 16:39:49.448726|[EVENT][SUB][doLoop]event sub tasks report,working event sub count=0,suspend event sub count=0
info|2023-07-08 16:39:49.911474|[SDK][WS][SERVICE]connected nodes,count=2
info|2023-07-08 16:40:09.448866|[EVENT][SUB][doLoop]event sub tasks report,working event sub count=0,suspend event sub count=0
info|2023-07-08 16:40:09.911628|[SDK][WS][SERVICE]connected nodes,count=2
info|2023-07-08 16:40:29.449190|[EVENT][SUB][doLoop]event sub tasks report,working event sub count=0,suspend event sub count=0
info|2023-07-08 16:40:29.911729|[SDK][WS][SERVICE]connected nodes,count=2
info|2023-07-08 16:40:49.449264|[EVENT][SUB][doLoop]event sub tasks report,working event sub count=0,suspend event sub count=0
info|2023-07-08 16:40:49.912056|[SDK][WS][SERVICE]connected nodes,count=2
info|2023-07-08 16:41:09.449800|[EVENT][SUB][doLoop]event sub tasks report,working event sub count=0,suspend event sub count=0
info|2023-07-08 16:41:09.912163|[SDK][WS][SERVICE]connected nodes,count=2
info|2023-07-08 16:41:29.450373|[EVENT][SUB][doLoop]event sub tasks report,working event sub count=0,suspend event sub count=0
info|2023-07-08 16:41:29.912302|[SDK][WS][SERVICE]connected nodes,count=2
info|2023-07-08 16:41:49.450475|[EVENT][SUB][doLoop]event sub tasks report,working event sub count=0,suspend event sub count=0
info|2023-07-08 16:41:49.912459|[SDK][WS][SERVICE]connected nodes,count=2
info|2023-07-08 16:42:09.451176|[EVENT][SUB][doLoop]event sub tasks report,working event sub count=0,suspend event sub count=0
info|2023-07-08 16:42:09.912650|[SDK][WS][SERVICE]connected nodes,count=2
info|2023-07-08 16:42:29.451730|[EVENT][SUB][doLoop]event sub tasks report,working event sub count=0,suspend event sub count=0
info|2023-07-08 16:42:29.913056|[SDK][WS][SERVICE]connected nodes,count=2
info|2023-07-08 16:42:49.451963|[EVENT][SUB][doLoop]event sub tasks report,working event sub count=0,suspend event sub count=0
info|2023-07-08 16:42:49.913617|[SDK][WS][SERVICE]connected nodes,count=2
info|2023-07-08 16:43:09.452079|[EVENT][SUB][doLoop]event sub tasks report,working event sub count=0,suspend event sub count=0
info|2023-07-08 16:43:09.914290|[SDK][WS][SERVICE]connected nodes,count=2
info|2023-07-08 16:43:29.452246|[EVENT][SUB][doLoop]event sub tasks report,working event sub count=0,suspend event sub count=0
info|2023-07-08 16:43:29.914489|[SDK][WS][SERVICE]connected nodes,count=2
info|2023-07-08 16:43:49.452849|[EVENT][SUB][doLoop]event sub tasks report,working event sub count=0,suspend event sub count=0
info|2023-07-08 16:43:49.915070|[SDK][WS][SERVICE]connected nodes,count=2
info|2023-07-08 16:44:09.452971|[EVENT][SUB][doLoop]event sub tasks report,working event sub count=0,suspend event sub count=0
info|2023-07-08 16:44:09.915335|[SDK][WS][SERVICE]connected nodes,count=2
info|2023-07-08 16:44:29.453193|[EVENT][SUB][doLoop]event sub tasks report,working event sub count=0,suspend event sub count=0
info|2023-07-08 16:44:29.915548|[SDK][WS][SERVICE]connected nodes,count=2
info|2023-07-08 16:44:49.453265|[EVENT][SUB][doLoop]event sub tasks report,working event sub count=0,suspend event sub count=0
info|2023-07-08 16:44:49.915681|[SDK][WS][SERVICE]connected nodes,count=2
info|2023-07-08 16:45:09.454085|[EVENT][SUB][doLoop]event sub tasks report,working event sub count=0,suspend event sub count=0
info|2023-07-08 16:45:09.916106|[SDK][WS][SERVICE]connected nodes,count=2
info|2023-07-08 16:45:29.454491|[EVENT][SUB][doLoop]event sub tasks report,working event sub count=0,suspend event sub count=0
info|2023-07-08 16:45:29.916201|[SDK][WS][SERVICE]connected nodes,count=2
info|2023-07-08 16:45:49.455142|[EVENT][SUB][doLoop]event sub tasks report,working event sub count=0,suspend event sub count=0
info|2023-07-08 16:45:49.916387|[SDK][WS][SERVICE]connected nodes,count=2
info|2023-07-08 16:46:09.455310|[EVENT][SUB][doLoop]event sub tasks report,working event sub count=0,suspend event sub count=0
info|2023-07-08 16:46:09.916724|[SDK][WS][SERVICE]connected nodes,count=2
info|2023-07-08 16:46:29.455775|[EVENT][SUB][doLoop]event sub tasks report,working event sub count=0,suspend event sub count=0
info|2023-07-08 16:46:29.917392|[SDK][WS][SERVICE]connected nodes,count=2
info|2023-07-08 16:46:49.455823|[EVENT][SUB][doLoop]event sub tasks report,working event sub count=0,suspend event sub count=0
info|2023-07-08 16:46:49.917678|[SDK][WS][SERVICE]connected nodes,count=2
info|2023-07-08 16:47:09.455904|[EVENT][SUB][doLoop]event sub tasks report,working event sub count=0,suspend event sub count=0
info|2023-07-08 16:47:09.917902|[SDK][WS][SERVICE]connected nodes,count=2
info|2023-07-08 16:47:29.456218|[EVENT][SUB][doLoop]event sub tasks report,working event sub count=0,suspend event sub count=0
info|2023-07-08 16:47:29.918214|[SDK][WS][SERVICE]connected nodes,count=2
info|2023-07-08 16:47:49.456289|[EVENT][SUB][doLoop]event sub tasks report,working event sub count=0,suspend event sub count=0
info|2023-07-08 16:47:49.918363|[SDK][WS][SERVICE]connected nodes,count=2
info|2023-07-08 16:48:09.456395|[EVENT][SUB][doLoop]event sub tasks report,working event sub count=0,suspend event sub count=0
info|2023-07-08 16:48:09.918743|[SDK][WS][SERVICE]connected nodes,count=2
info|2023-07-08 16:48:29.456664|[EVENT][SUB][doLoop]event sub tasks report,working event sub count=0,suspend event sub count=0
info|2023-07-08 16:48:29.919050|[SDK][WS][SERVICE]connected nodes,count=2
info|2023-07-08 16:48:49.457271|[EVENT][SUB][doLoop]event sub tasks report,working event sub count=0,suspend event sub count=0
info|2023-07-08 16:48:49.919651|[SDK][WS][SERVICE]connected nodes,count=2
info|2023-07-08 16:49:09.457650|[EVENT][SUB][doLoop]event sub tasks report,working event sub count=0,suspend event sub count=0
info|2023-07-08 16:49:09.920128|[SDK][WS][SERVICE]connected nodes,count=2
info|2023-07-08 16:49:29.458073|[EVENT][SUB][doLoop]event sub tasks report,working event sub count=0,suspend event sub count=0
info|2023-07-08 16:49:29.920366|[SDK][WS][SERVICE]connected nodes,count=2
info|2023-07-08 16:49:49.458520|[EVENT][SUB][doLoop]event sub tasks report,working event sub count=0,suspend event sub count=0
info|2023-07-08 16:49:49.920490|[SDK][WS][SERVICE]connected nodes,count=2
info|2023-07-08 16:50:09.458757|[EVENT][SUB][doLoop]event sub tasks report,working event sub count=0,suspend event sub count=0
info|2023-07-08 16:50:09.920934|[SDK][WS][SERVICE]connected nodes,count=2
info|2023-07-08 16:50:29.458966|[EVENT][SUB][doLoop]event sub tasks report,working event sub count=0,suspend event sub count=0
info|2023-07-08 16:50:29.921633|[SDK][WS][SERVICE]connected nodes,count=2
info|2023-07-08 16:50:49.459486|[EVENT][SUB][doLoop]event sub tasks report,working event sub count=0,suspend event sub count=0
info|2023-07-08 16:50:49.921937|[SDK][WS][SERVICE]connected nodes,count=2
info|2023-07-08 16:51:09.459668|[EVENT][SUB][doLoop]event sub tasks report,working event sub count=0,suspend event sub count=0
info|2023-07-08 16:51:09.922502|[SDK][WS][SERVICE]connected nodes,count=2
info|2023-07-08 16:51:29.459702|[EVENT][SUB][doLoop]event sub tasks report,working event sub count=0,suspend event sub count=0
info|2023-07-08 16:51:29.922811|[SDK][WS][SERVICE]connected nodes,count=2
info|2023-07-08 16:51:49.459882|[EVENT][SUB][doLoop]event sub tasks report,working event sub count=0,suspend event sub count=0
info|2023-07-08 16:51:49.923248|[SDK][WS][SERVICE]connected nodes,count=2
info|2023-07-08 16:52:09.460178|[EVENT][SUB][doLoop]event sub tasks report,working event sub count=0,suspend event sub count=0
info|2023-07-08 16:52:09.923638|[SDK][WS][SERVICE]connected nodes,count=2
info|2023-07-08 16:52:29.461099|[EVENT][SUB][doLoop]event sub tasks report,working event sub count=0,suspend event sub count=0
info|2023-07-08 16:52:29.923757|[SDK][WS][SERVICE]connected nodes,count=2
info|2023-07-08 16:52:49.461164|[EVENT][SUB][doLoop]event sub tasks report,working event sub count=0,suspend event sub count=0
info|2023-07-08 16:52:49.923889|[SDK][WS][SERVICE]connected nodes,count=2
info|2023-07-08 16:53:09.461955|[EVENT][SUB][doLoop]event sub tasks report,working event sub count=0,suspend event sub count=0
info|2023-07-08 16:53:09.924025|[SDK][WS][SERVICE]connected nodes,count=2
info|2023-07-08 16:53:29.462067|[EVENT][SUB][doLoop]event sub tasks report,working event sub count=0,suspend event sub count=0
info|2023-07-08 16:53:29.924221|[SDK][WS][SERVICE]connected nodes,count=2
info|2023-07-08 16:53:49.462291|[EVENT][SUB][doLoop]event sub tasks report,working event sub count=0,suspend event sub count=0
info|2023-07-08 16:53:49.924460|[SDK][WS][SERVICE]connected nodes,count=2
info|2023-07-08 16:54:09.462474|[EVENT][SUB][doLoop]event sub tasks report,working event sub count=0,suspend event sub count=0
info|2023-07-08 16:54:09.925170|[SDK][WS][SERVICE]connected nodes,count=2
info|2023-07-08 16:54:29.462714|[EVENT][SUB][doLoop]event sub tasks report,working event sub count=0,suspend event sub count=0
info|2023-07-08 16:54:29.925801|[SDK][WS][SERVICE]connected nodes,count=2
info|2023-07-08 16:54:49.462815|[EVENT][SUB][doLoop]event sub tasks report,working event sub count=0,suspend event sub count=0
info|2023-07-08 16:54:49.925909|[SDK][WS][SERVICE]connected nodes,count=2
info|2023-07-08 16:55:09.462994|[EVENT][SUB][doLoop]event sub tasks report,working event sub count=0,suspend event sub count=0
info|2023-07-08 16:55:09.926098|[SDK][WS][SERVICE]connected nodes,count=2
info|2023-07-08 16:55:29.463388|[EVENT][SUB][doLoop]event sub tasks report,working event sub count=0,suspend event sub count=0
info|2023-07-08 16:55:29.926564|[SDK][WS][SERVICE]connected nodes,count=2
info|2023-07-08 16:55:49.463483|[EVENT][SUB][doLoop]event sub tasks report,working event sub count=0,suspend event sub count=0
info|2023-07-08 16:55:49.926722|[SDK][WS][SERVICE]connected nodes,count=2
info|2023-07-08 16:56:09.464305|[EVENT][SUB][doLoop]event sub tasks report,working event sub count=0,suspend event sub count=0
info|2023-07-08 16:56:09.927207|[SDK][WS][SERVICE]connected nodes,count=2
info|2023-07-08 16:56:29.464897|[EVENT][SUB][doLoop]event sub tasks report,working event sub count=0,suspend event sub count=0
info|2023-07-08 16:56:29.927425|[SDK][WS][SERVICE]connected nodes,count=2
info|2023-07-08 16:56:49.465429|[EVENT][SUB][doLoop]event sub tasks report,working event sub count=0,suspend event sub count=0
info|2023-07-08 16:56:49.927797|[SDK][WS][SERVICE]connected nodes,count=2
info|2023-07-08 16:57:09.466088|[EVENT][SUB][doLoop]event sub tasks report,working event sub count=0,suspend event sub count=0
info|2023-07-08 16:57:09.928363|[SDK][WS][SERVICE]connected nodes,count=2
info|2023-07-08 16:57:13.901182|[RPC][BLOCK][NUMBER][fromJson],group=group0,node=98a7f70ec883a722219d92253cf073a72605f4087aa3443c8e4aadc0af2dc3ac647d0fa1b5ac99cd6987abafe6d690ae71cd5fd2aeeabe7589bfb4748aabdfba,blockNumber=2143
info|2023-07-08 16:57:13.901248|[RPCWS][SERVICE][onRecvBlockNotifier]receive block number notifier,group=group0,node=98a7f70ec883a722219d92253cf073a72605f4087aa3443c8e4aadc0af2dc3ac647d0fa1b5ac99cd6987abafe6d690ae71cd5fd2aeeabe7589bfb4748aabdfba,blockNumber=2143
info|2023-07-08 16:57:13.901257|[RPCWS][SERVICE][updateGroupBlockNumber],groupID=group0,_blockNumber=2143
info|2023-07-08 16:57:13.901262|[RPCWS][SERVICE][onRecvBlockNotifier]block notifier callback,group=group0,node=98a7f70ec883a722219d92253cf073a72605f4087aa3443c8e4aadc0af2dc3ac647d0fa1b5ac99cd6987abafe6d690ae71cd5fd2aeeabe7589bfb4748aabdfba,blockNumber=2143
info|2023-07-08 16:57:13.901266|[WS]receive block notify,endpoint=127.0.0.1:20200,blk={
	"blockNumber" : 2143,
	"group" : "group0",
	"nodeName" : "98a7f70ec883a722219d92253cf073a72605f4087aa3443c8e4aadc0af2dc3ac647d0fa1b5ac99cd6987abafe6d690ae71cd5fd2aeeabe7589bfb4748aabdfba"
}
info|2023-07-08 16:57:13.944354|[RPC][BLOCK][NUMBER][fromJson],group=group0,node=2f993327933ad58672518b6d4f63920cbc68b80f78f4d81192552ee6362f5cc81ee13bdc678ad65f06e76444cadb53b33694cfb3fc7679b8000411975fedd28a,blockNumber=2143
info|2023-07-08 16:57:13.944372|[RPCWS][SERVICE][onRecvBlockNotifier]receive block number notifier,group=group0,node=2f993327933ad58672518b6d4f63920cbc68b80f78f4d81192552ee6362f5cc81ee13bdc678ad65f06e76444cadb53b33694cfb3fc7679b8000411975fedd28a,blockNumber=2143
info|2023-07-08 16:57:13.944379|[WS]receive block notify,endpoint=127.0.0.1:20201,blk={
	"blockNumber" : 2143,
	"group" : "group0",
	"nodeName" : "2f993327933ad58672518b6d4f63920cbc68b80f78f4d81192552ee6362f5cc81ee13bdc678ad65f06e76444cadb53b33694cfb3fc7679b8000411975fedd28a"
}
info|2023-07-08 16:57:14.433099|[RPC][BLOCK][NUMBER][fromJson],group=group0,node=98a7f70ec883a722219d92253cf073a72605f4087aa3443c8e4aadc0af2dc3ac647d0fa1b5ac99cd6987abafe6d690ae71cd5fd2aeeabe7589bfb4748aabdfba,blockNumber=2144
info|2023-07-08 16:57:14.433120|[RPCWS][SERVICE][onRecvBlockNotifier]receive block number notifier,group=group0,node=98a7f70ec883a722219d92253cf073a72605f4087aa3443c8e4aadc0af2dc3ac647d0fa1b5ac99cd6987abafe6d690ae71cd5fd2aeeabe7589bfb4748aabdfba,blockNumber=2144
info|2023-07-08 16:57:14.433124|[RPCWS][SERVICE][updateGroupBlockNumber],groupID=group0,_blockNumber=2144
info|2023-07-08 16:57:14.433129|[RPCWS][SERVICE][onRecvBlockNotifier]block notifier callback,group=group0,node=98a7f70ec883a722219d92253cf073a72605f4087aa3443c8e4aadc0af2dc3ac647d0fa1b5ac99cd6987abafe6d690ae71cd5fd2aeeabe7589bfb4748aabdfba,blockNumber=2144
info|2023-07-08 16:57:14.433132|[WS]receive block notify,endpoint=127.0.0.1:20200,blk={
	"blockNumber" : 2144,
	"group" : "group0",
	"nodeName" : "98a7f70ec883a722219d92253cf073a72605f4087aa3443c8e4aadc0af2dc3ac647d0fa1b5ac99cd6987abafe6d690ae71cd5fd2aeeabe7589bfb4748aabdfba"
}
info|2023-07-08 16:57:14.485006|[RPC][BLOCK][NUMBER][fromJson],group=group0,node=2f993327933ad58672518b6d4f63920cbc68b80f78f4d81192552ee6362f5cc81ee13bdc678ad65f06e76444cadb53b33694cfb3fc7679b8000411975fedd28a,blockNumber=2144
info|2023-07-08 16:57:14.485026|[RPCWS][SERVICE][onRecvBlockNotifier]receive block number notifier,group=group0,node=2f993327933ad58672518b6d4f63920cbc68b80f78f4d81192552ee6362f5cc81ee13bdc678ad65f06e76444cadb53b33694cfb3fc7679b8000411975fedd28a,blockNumber=2144
info|2023-07-08 16:57:14.485033|[WS]receive block notify,endpoint=127.0.0.1:20201,blk={
	"blockNumber" : 2144,
	"group" : "group0",
	"nodeName" : "2f993327933ad58672518b6d4f63920cbc68b80f78f4d81192552ee6362f5cc81ee13bdc678ad65f06e76444cadb53b33694cfb3fc7679b8000411975fedd28a"
}
info|2023-07-08 16:57:15.034027|[RPC][BLOCK][NUMBER][fromJson],group=group0,node=2f993327933ad58672518b6d4f63920cbc68b80f78f4d81192552ee6362f5cc81ee13bdc678ad65f06e76444cadb53b33694cfb3fc7679b8000411975fedd28a,blockNumber=2145
info|2023-07-08 16:57:15.034098|[RPCWS][SERVICE][onRecvBlockNotifier]receive block number notifier,group=group0,node=2f993327933ad58672518b6d4f63920cbc68b80f78f4d81192552ee6362f5cc81ee13bdc678ad65f06e76444cadb53b33694cfb3fc7679b8000411975fedd28a,blockNumber=2145
info|2023-07-08 16:57:15.034109|[RPCWS][SERVICE][updateGroupBlockNumber],groupID=group0,_blockNumber=2145
info|2023-07-08 16:57:15.034115|[RPCWS][SERVICE][onRecvBlockNotifier]block notifier callback,group=group0,node=2f993327933ad58672518b6d4f63920cbc68b80f78f4d81192552ee6362f5cc81ee13bdc678ad65f06e76444cadb53b33694cfb3fc7679b8000411975fedd28a,blockNumber=2145
info|2023-07-08 16:57:15.034119|[WS]receive block notify,endpoint=127.0.0.1:20201,blk={
	"blockNumber" : 2145,
	"group" : "group0",
	"nodeName" : "2f993327933ad58672518b6d4f63920cbc68b80f78f4d81192552ee6362f5cc81ee13bdc678ad65f06e76444cadb53b33694cfb3fc7679b8000411975fedd28a"
}
info|2023-07-08 16:57:15.038223|[RPC][BLOCK][NUMBER][fromJson],group=group0,node=98a7f70ec883a722219d92253cf073a72605f4087aa3443c8e4aadc0af2dc3ac647d0fa1b5ac99cd6987abafe6d690ae71cd5fd2aeeabe7589bfb4748aabdfba,blockNumber=2145
info|2023-07-08 16:57:15.038267|[RPCWS][SERVICE][onRecvBlockNotifier]receive block number notifier,group=group0,node=98a7f70ec883a722219d92253cf073a72605f4087aa3443c8e4aadc0af2dc3ac647d0fa1b5ac99cd6987abafe6d690ae71cd5fd2aeeabe7589bfb4748aabdfba,blockNumber=2145
info|2023-07-08 16:57:15.038275|[WS]receive block notify,endpoint=127.0.0.1:20200,blk={
	"blockNumber" : 2145,
	"group" : "group0",
	"nodeName" : "98a7f70ec883a722219d92253cf073a72605f4087aa3443c8e4aadc0af2dc3ac647d0fa1b5ac99cd6987abafe6d690ae71cd5fd2aeeabe7589bfb4748aabdfba"
}
info|2023-07-08 16:57:15.579983|[RPC][BLOCK][NUMBER][fromJson],group=group0,node=98a7f70ec883a722219d92253cf073a72605f4087aa3443c8e4aadc0af2dc3ac647d0fa1b5ac99cd6987abafe6d690ae71cd5fd2aeeabe7589bfb4748aabdfba,blockNumber=2146
info|2023-07-08 16:57:15.580004|[RPCWS][SERVICE][onRecvBlockNotifier]receive block number notifier,group=group0,node=98a7f70ec883a722219d92253cf073a72605f4087aa3443c8e4aadc0af2dc3ac647d0fa1b5ac99cd6987abafe6d690ae71cd5fd2aeeabe7589bfb4748aabdfba,blockNumber=2146
info|2023-07-08 16:57:15.580009|[RPCWS][SERVICE][updateGroupBlockNumber],groupID=group0,_blockNumber=2146
info|2023-07-08 16:57:15.580013|[RPCWS][SERVICE][onRecvBlockNotifier]block notifier callback,group=group0,node=98a7f70ec883a722219d92253cf073a72605f4087aa3443c8e4aadc0af2dc3ac647d0fa1b5ac99cd6987abafe6d690ae71cd5fd2aeeabe7589bfb4748aabdfba,blockNumber=2146
info|2023-07-08 16:57:15.580039|[WS]receive block notify,endpoint=127.0.0.1:20200,blk={
	"blockNumber" : 2146,
	"group" : "group0",
	"nodeName" : "98a7f70ec883a722219d92253cf073a72605f4087aa3443c8e4aadc0af2dc3ac647d0fa1b5ac99cd6987abafe6d690ae71cd5fd2aeeabe7589bfb4748aabdfba"
}
info|2023-07-08 16:57:15.627588|[RPC][BLOCK][NUMBER][fromJson],group=group0,node=2f993327933ad58672518b6d4f63920cbc68b80f78f4d81192552ee6362f5cc81ee13bdc678ad65f06e76444cadb53b33694cfb3fc7679b8000411975fedd28a,blockNumber=2146
info|2023-07-08 16:57:15.627608|[RPCWS][SERVICE][onRecvBlockNotifier]receive block number notifier,group=group0,node=2f993327933ad58672518b6d4f63920cbc68b80f78f4d81192552ee6362f5cc81ee13bdc678ad65f06e76444cadb53b33694cfb3fc7679b8000411975fedd28a,blockNumber=2146
info|2023-07-08 16:57:15.627616|[WS]receive block notify,endpoint=127.0.0.1:20201,blk={
	"blockNumber" : 2146,
	"group" : "group0",
	"nodeName" : "2f993327933ad58672518b6d4f63920cbc68b80f78f4d81192552ee6362f5cc81ee13bdc678ad65f06e76444cadb53b33694cfb3fc7679b8000411975fedd28a"
}
info|2023-07-08 16:57:16.113014|[RPC][BLOCK][NUMBER][fromJson],group=group0,node=98a7f70ec883a722219d92253cf073a72605f4087aa3443c8e4aadc0af2dc3ac647d0fa1b5ac99cd6987abafe6d690ae71cd5fd2aeeabe7589bfb4748aabdfba,blockNumber=2147
info|2023-07-08 16:57:16.113035|[RPCWS][SERVICE][onRecvBlockNotifier]receive block number notifier,group=group0,node=98a7f70ec883a722219d92253cf073a72605f4087aa3443c8e4aadc0af2dc3ac647d0fa1b5ac99cd6987abafe6d690ae71cd5fd2aeeabe7589bfb4748aabdfba,blockNumber=2147
info|2023-07-08 16:57:16.113040|[RPCWS][SERVICE][updateGroupBlockNumber],groupID=group0,_blockNumber=2147
info|2023-07-08 16:57:16.113043|[RPCWS][SERVICE][onRecvBlockNotifier]block notifier callback,group=group0,node=98a7f70ec883a722219d92253cf073a72605f4087aa3443c8e4aadc0af2dc3ac647d0fa1b5ac99cd6987abafe6d690ae71cd5fd2aeeabe7589bfb4748aabdfba,blockNumber=2147
info|2023-07-08 16:57:16.113047|[WS]receive block notify,endpoint=127.0.0.1:20200,blk={
	"blockNumber" : 2147,
	"group" : "group0",
	"nodeName" : "98a7f70ec883a722219d92253cf073a72605f4087aa3443c8e4aadc0af2dc3ac647d0fa1b5ac99cd6987abafe6d690ae71cd5fd2aeeabe7589bfb4748aabdfba"
}
info|2023-07-08 16:57:16.162141|[RPC][BLOCK][NUMBER][fromJson],group=group0,node=2f993327933ad58672518b6d4f63920cbc68b80f78f4d81192552ee6362f5cc81ee13bdc678ad65f06e76444cadb53b33694cfb3fc7679b8000411975fedd28a,blockNumber=2147
info|2023-07-08 16:57:16.162160|[RPCWS][SERVICE][onRecvBlockNotifier]receive block number notifier,group=group0,node=2f993327933ad58672518b6d4f63920cbc68b80f78f4d81192552ee6362f5cc81ee13bdc678ad65f06e76444cadb53b33694cfb3fc7679b8000411975fedd28a,blockNumber=2147
info|2023-07-08 16:57:16.162166|[WS]receive block notify,endpoint=127.0.0.1:20201,blk={
	"blockNumber" : 2147,
	"group" : "group0",
	"nodeName" : "2f993327933ad58672518b6d4f63920cbc68b80f78f4d81192552ee6362f5cc81ee13bdc678ad65f06e76444cadb53b33694cfb3fc7679b8000411975fedd28a"
}
info|2023-07-08 16:57:16.700882|[RPC][BLOCK][NUMBER][fromJson],group=group0,node=2f993327933ad58672518b6d4f63920cbc68b80f78f4d81192552ee6362f5cc81ee13bdc678ad65f06e76444cadb53b33694cfb3fc7679b8000411975fedd28a,blockNumber=2148
info|2023-07-08 16:57:16.700905|[RPCWS][SERVICE][onRecvBlockNotifier]receive block number notifier,group=group0,node=2f993327933ad58672518b6d4f63920cbc68b80f78f4d81192552ee6362f5cc81ee13bdc678ad65f06e76444cadb53b33694cfb3fc7679b8000411975fedd28a,blockNumber=2148
info|2023-07-08 16:57:16.700910|[RPCWS][SERVICE][updateGroupBlockNumber],groupID=group0,_blockNumber=2148
info|2023-07-08 16:57:16.700914|[RPCWS][SERVICE][onRecvBlockNotifier]block notifier callback,group=group0,node=2f993327933ad58672518b6d4f63920cbc68b80f78f4d81192552ee6362f5cc81ee13bdc678ad65f06e76444cadb53b33694cfb3fc7679b8000411975fedd28a,blockNumber=2148
info|2023-07-08 16:57:16.700918|[WS]receive block notify,endpoint=127.0.0.1:20201,blk={
	"blockNumber" : 2148,
	"group" : "group0",
	"nodeName" : "2f993327933ad58672518b6d4f63920cbc68b80f78f4d81192552ee6362f5cc81ee13bdc678ad65f06e76444cadb53b33694cfb3fc7679b8000411975fedd28a"
}
info|2023-07-08 16:57:16.703846|[RPC][BLOCK][NUMBER][fromJson],group=group0,node=98a7f70ec883a722219d92253cf073a72605f4087aa3443c8e4aadc0af2dc3ac647d0fa1b5ac99cd6987abafe6d690ae71cd5fd2aeeabe7589bfb4748aabdfba,blockNumber=2148
info|2023-07-08 16:57:16.703866|[RPCWS][SERVICE][onRecvBlockNotifier]receive block number notifier,group=group0,node=98a7f70ec883a722219d92253cf073a72605f4087aa3443c8e4aadc0af2dc3ac647d0fa1b5ac99cd6987abafe6d690ae71cd5fd2aeeabe7589bfb4748aabdfba,blockNumber=2148
info|2023-07-08 16:57:16.703873|[WS]receive block notify,endpoint=127.0.0.1:20200,blk={
	"blockNumber" : 2148,
	"group" : "group0",
	"nodeName" : "98a7f70ec883a722219d92253cf073a72605f4087aa3443c8e4aadc0af2dc3ac647d0fa1b5ac99cd6987abafe6d690ae71cd5fd2aeeabe7589bfb4748aabdfba"
}
info|2023-07-08 16:57:17.243279|[RPC][BLOCK][NUMBER][fromJson],group=group0,node=2f993327933ad58672518b6d4f63920cbc68b80f78f4d81192552ee6362f5cc81ee13bdc678ad65f06e76444cadb53b33694cfb3fc7679b8000411975fedd28a,blockNumber=2149
info|2023-07-08 16:57:17.243299|[RPCWS][SERVICE][onRecvBlockNotifier]receive block number notifier,group=group0,node=2f993327933ad58672518b6d4f63920cbc68b80f78f4d81192552ee6362f5cc81ee13bdc678ad65f06e76444cadb53b33694cfb3fc7679b8000411975fedd28a,blockNumber=2149
info|2023-07-08 16:57:17.243305|[RPCWS][SERVICE][updateGroupBlockNumber],groupID=group0,_blockNumber=2149
info|2023-07-08 16:57:17.243309|[RPCWS][SERVICE][onRecvBlockNotifier]block notifier callback,group=group0,node=2f993327933ad58672518b6d4f63920cbc68b80f78f4d81192552ee6362f5cc81ee13bdc678ad65f06e76444cadb53b33694cfb3fc7679b8000411975fedd28a,blockNumber=2149
info|2023-07-08 16:57:17.243312|[WS]receive block notify,endpoint=127.0.0.1:20201,blk={
	"blockNumber" : 2149,
	"group" : "group0",
	"nodeName" : "2f993327933ad58672518b6d4f63920cbc68b80f78f4d81192552ee6362f5cc81ee13bdc678ad65f06e76444cadb53b33694cfb3fc7679b8000411975fedd28a"
}
info|2023-07-08 16:57:17.281333|[RPC][BLOCK][NUMBER][fromJson],group=group0,node=98a7f70ec883a722219d92253cf073a72605f4087aa3443c8e4aadc0af2dc3ac647d0fa1b5ac99cd6987abafe6d690ae71cd5fd2aeeabe7589bfb4748aabdfba,blockNumber=2149
info|2023-07-08 16:57:17.281355|[RPCWS][SERVICE][onRecvBlockNotifier]receive block number notifier,group=group0,node=98a7f70ec883a722219d92253cf073a72605f4087aa3443c8e4aadc0af2dc3ac647d0fa1b5ac99cd6987abafe6d690ae71cd5fd2aeeabe7589bfb4748aabdfba,blockNumber=2149
info|2023-07-08 16:57:17.281361|[WS]receive block notify,endpoint=127.0.0.1:20200,blk={
	"blockNumber" : 2149,
	"group" : "group0",
	"nodeName" : "98a7f70ec883a722219d92253cf073a72605f4087aa3443c8e4aadc0af2dc3ac647d0fa1b5ac99cd6987abafe6d690ae71cd5fd2aeeabe7589bfb4748aabdfba"
}
info|2023-07-08 16:57:17.799477|[RPC][BLOCK][NUMBER][fromJson],group=group0,node=98a7f70ec883a722219d92253cf073a72605f4087aa3443c8e4aadc0af2dc3ac647d0fa1b5ac99cd6987abafe6d690ae71cd5fd2aeeabe7589bfb4748aabdfba,blockNumber=2150
info|2023-07-08 16:57:17.799519|[RPCWS][SERVICE][onRecvBlockNotifier]receive block number notifier,group=group0,node=98a7f70ec883a722219d92253cf073a72605f4087aa3443c8e4aadc0af2dc3ac647d0fa1b5ac99cd6987abafe6d690ae71cd5fd2aeeabe7589bfb4748aabdfba,blockNumber=2150
info|2023-07-08 16:57:17.799525|[RPCWS][SERVICE][updateGroupBlockNumber],groupID=group0,_blockNumber=2150
info|2023-07-08 16:57:17.799528|[RPCWS][SERVICE][onRecvBlockNotifier]block notifier callback,group=group0,node=98a7f70ec883a722219d92253cf073a72605f4087aa3443c8e4aadc0af2dc3ac647d0fa1b5ac99cd6987abafe6d690ae71cd5fd2aeeabe7589bfb4748aabdfba,blockNumber=2150
info|2023-07-08 16:57:17.799531|[WS]receive block notify,endpoint=127.0.0.1:20200,blk={
	"blockNumber" : 2150,
	"group" : "group0",
	"nodeName" : "98a7f70ec883a722219d92253cf073a72605f4087aa3443c8e4aadc0af2dc3ac647d0fa1b5ac99cd6987abafe6d690ae71cd5fd2aeeabe7589bfb4748aabdfba"
}
info|2023-07-08 16:57:17.835437|[RPC][BLOCK][NUMBER][fromJson],group=group0,node=2f993327933ad58672518b6d4f63920cbc68b80f78f4d81192552ee6362f5cc81ee13bdc678ad65f06e76444cadb53b33694cfb3fc7679b8000411975fedd28a,blockNumber=2150
info|2023-07-08 16:57:17.835456|[RPCWS][SERVICE][onRecvBlockNotifier]receive block number notifier,group=group0,node=2f993327933ad58672518b6d4f63920cbc68b80f78f4d81192552ee6362f5cc81ee13bdc678ad65f06e76444cadb53b33694cfb3fc7679b8000411975fedd28a,blockNumber=2150
info|2023-07-08 16:57:17.835463|[WS]receive block notify,endpoint=127.0.0.1:20201,blk={
	"blockNumber" : 2150,
	"group" : "group0",
	"nodeName" : "2f993327933ad58672518b6d4f63920cbc68b80f78f4d81192552ee6362f5cc81ee13bdc678ad65f06e76444cadb53b33694cfb3fc7679b8000411975fedd28a"
}
info|2023-07-08 16:57:18.345629|[RPC][BLOCK][NUMBER][fromJson],group=group0,node=98a7f70ec883a722219d92253cf073a72605f4087aa3443c8e4aadc0af2dc3ac647d0fa1b5ac99cd6987abafe6d690ae71cd5fd2aeeabe7589bfb4748aabdfba,blockNumber=2151
info|2023-07-08 16:57:18.345649|[RPCWS][SERVICE][onRecvBlockNotifier]receive block number notifier,group=group0,node=98a7f70ec883a722219d92253cf073a72605f4087aa3443c8e4aadc0af2dc3ac647d0fa1b5ac99cd6987abafe6d690ae71cd5fd2aeeabe7589bfb4748aabdfba,blockNumber=2151
info|2023-07-08 16:57:18.345655|[RPCWS][SERVICE][updateGroupBlockNumber],groupID=group0,_blockNumber=2151
info|2023-07-08 16:57:18.345660|[RPCWS][SERVICE][onRecvBlockNotifier]block notifier callback,group=group0,node=98a7f70ec883a722219d92253cf073a72605f4087aa3443c8e4aadc0af2dc3ac647d0fa1b5ac99cd6987abafe6d690ae71cd5fd2aeeabe7589bfb4748aabdfba,blockNumber=2151
info|2023-07-08 16:57:18.345663|[WS]receive block notify,endpoint=127.0.0.1:20200,blk={
	"blockNumber" : 2151,
	"group" : "group0",
	"nodeName" : "98a7f70ec883a722219d92253cf073a72605f4087aa3443c8e4aadc0af2dc3ac647d0fa1b5ac99cd6987abafe6d690ae71cd5fd2aeeabe7589bfb4748aabdfba"
}
info|2023-07-08 16:57:18.446192|[RPC][BLOCK][NUMBER][fromJson],group=group0,node=2f993327933ad58672518b6d4f63920cbc68b80f78f4d81192552ee6362f5cc81ee13bdc678ad65f06e76444cadb53b33694cfb3fc7679b8000411975fedd28a,blockNumber=2151
info|2023-07-08 16:57:18.446210|[RPCWS][SERVICE][onRecvBlockNotifier]receive block number notifier,group=group0,node=2f993327933ad58672518b6d4f63920cbc68b80f78f4d81192552ee6362f5cc81ee13bdc678ad65f06e76444cadb53b33694cfb3fc7679b8000411975fedd28a,blockNumber=2151
info|2023-07-08 16:57:18.446217|[WS]receive block notify,endpoint=127.0.0.1:20201,blk={
	"blockNumber" : 2151,
	"group" : "group0",
	"nodeName" : "2f993327933ad58672518b6d4f63920cbc68b80f78f4d81192552ee6362f5cc81ee13bdc678ad65f06e76444cadb53b33694cfb3fc7679b8000411975fedd28a"
}
info|2023-07-08 16:57:18.872757|[RPC][BLOCK][NUMBER][fromJson],group=group0,node=98a7f70ec883a722219d92253cf073a72605f4087aa3443c8e4aadc0af2dc3ac647d0fa1b5ac99cd6987abafe6d690ae71cd5fd2aeeabe7589bfb4748aabdfba,blockNumber=2152
info|2023-07-08 16:57:18.872779|[RPCWS][SERVICE][onRecvBlockNotifier]receive block number notifier,group=group0,node=98a7f70ec883a722219d92253cf073a72605f4087aa3443c8e4aadc0af2dc3ac647d0fa1b5ac99cd6987abafe6d690ae71cd5fd2aeeabe7589bfb4748aabdfba,blockNumber=2152
info|2023-07-08 16:57:18.872785|[RPCWS][SERVICE][updateGroupBlockNumber],groupID=group0,_blockNumber=2152
info|2023-07-08 16:57:18.872789|[RPCWS][SERVICE][onRecvBlockNotifier]block notifier callback,group=group0,node=98a7f70ec883a722219d92253cf073a72605f4087aa3443c8e4aadc0af2dc3ac647d0fa1b5ac99cd6987abafe6d690ae71cd5fd2aeeabe7589bfb4748aabdfba,blockNumber=2152
info|2023-07-08 16:57:18.872793|[WS]receive block notify,endpoint=127.0.0.1:20200,blk={
	"blockNumber" : 2152,
	"group" : "group0",
	"nodeName" : "98a7f70ec883a722219d92253cf073a72605f4087aa3443c8e4aadc0af2dc3ac647d0fa1b5ac99cd6987abafe6d690ae71cd5fd2aeeabe7589bfb4748aabdfba"
}
info|2023-07-08 16:57:18.976750|[RPC][BLOCK][NUMBER][fromJson],group=group0,node=2f993327933ad58672518b6d4f63920cbc68b80f78f4d81192552ee6362f5cc81ee13bdc678ad65f06e76444cadb53b33694cfb3fc7679b8000411975fedd28a,blockNumber=2152
info|2023-07-08 16:57:18.976770|[RPCWS][SERVICE][onRecvBlockNotifier]receive block number notifier,group=group0,node=2f993327933ad58672518b6d4f63920cbc68b80f78f4d81192552ee6362f5cc81ee13bdc678ad65f06e76444cadb53b33694cfb3fc7679b8000411975fedd28a,blockNumber=2152
info|2023-07-08 16:57:18.976776|[WS]receive block notify,endpoint=127.0.0.1:20201,blk={
	"blockNumber" : 2152,
	"group" : "group0",
	"nodeName" : "2f993327933ad58672518b6d4f63920cbc68b80f78f4d81192552ee6362f5cc81ee13bdc678ad65f06e76444cadb53b33694cfb3fc7679b8000411975fedd28a"
}
info|2023-07-08 16:57:19.417784|[RPC][BLOCK][NUMBER][fromJson],group=group0,node=98a7f70ec883a722219d92253cf073a72605f4087aa3443c8e4aadc0af2dc3ac647d0fa1b5ac99cd6987abafe6d690ae71cd5fd2aeeabe7589bfb4748aabdfba,blockNumber=2153
info|2023-07-08 16:57:19.417807|[RPCWS][SERVICE][onRecvBlockNotifier]receive block number notifier,group=group0,node=98a7f70ec883a722219d92253cf073a72605f4087aa3443c8e4aadc0af2dc3ac647d0fa1b5ac99cd6987abafe6d690ae71cd5fd2aeeabe7589bfb4748aabdfba,blockNumber=2153
info|2023-07-08 16:57:19.417812|[RPCWS][SERVICE][updateGroupBlockNumber],groupID=group0,_blockNumber=2153
info|2023-07-08 16:57:19.417817|[RPCWS][SERVICE][onRecvBlockNotifier]block notifier callback,group=group0,node=98a7f70ec883a722219d92253cf073a72605f4087aa3443c8e4aadc0af2dc3ac647d0fa1b5ac99cd6987abafe6d690ae71cd5fd2aeeabe7589bfb4748aabdfba,blockNumber=2153
info|2023-07-08 16:57:19.417822|[WS]receive block notify,endpoint=127.0.0.1:20200,blk={
	"blockNumber" : 2153,
	"group" : "group0",
	"nodeName" : "98a7f70ec883a722219d92253cf073a72605f4087aa3443c8e4aadc0af2dc3ac647d0fa1b5ac99cd6987abafe6d690ae71cd5fd2aeeabe7589bfb4748aabdfba"
}
info|2023-07-08 16:57:19.468210|[RPC][BLOCK][NUMBER][fromJson],group=group0,node=2f993327933ad58672518b6d4f63920cbc68b80f78f4d81192552ee6362f5cc81ee13bdc678ad65f06e76444cadb53b33694cfb3fc7679b8000411975fedd28a,blockNumber=2153
info|2023-07-08 16:57:19.468231|[RPCWS][SERVICE][onRecvBlockNotifier]receive block number notifier,group=group0,node=2f993327933ad58672518b6d4f63920cbc68b80f78f4d81192552ee6362f5cc81ee13bdc678ad65f06e76444cadb53b33694cfb3fc7679b8000411975fedd28a,blockNumber=2153
info|2023-07-08 16:57:19.468239|[WS]receive block notify,endpoint=127.0.0.1:20201,blk={
	"blockNumber" : 2153,
	"group" : "group0",
	"nodeName" : "2f993327933ad58672518b6d4f63920cbc68b80f78f4d81192552ee6362f5cc81ee13bdc678ad65f06e76444cadb53b33694cfb3fc7679b8000411975fedd28a"
}
info|2023-07-08 16:57:20.023125|[RPC][BLOCK][NUMBER][fromJson],group=group0,node=98a7f70ec883a722219d92253cf073a72605f4087aa3443c8e4aadc0af2dc3ac647d0fa1b5ac99cd6987abafe6d690ae71cd5fd2aeeabe7589bfb4748aabdfba,blockNumber=2154
info|2023-07-08 16:57:20.023150|[RPCWS][SERVICE][onRecvBlockNotifier]receive block number notifier,group=group0,node=98a7f70ec883a722219d92253cf073a72605f4087aa3443c8e4aadc0af2dc3ac647d0fa1b5ac99cd6987abafe6d690ae71cd5fd2aeeabe7589bfb4748aabdfba,blockNumber=2154
info|2023-07-08 16:57:20.023156|[RPCWS][SERVICE][updateGroupBlockNumber],groupID=group0,_blockNumber=2154
info|2023-07-08 16:57:20.023160|[RPCWS][SERVICE][onRecvBlockNotifier]block notifier callback,group=group0,node=98a7f70ec883a722219d92253cf073a72605f4087aa3443c8e4aadc0af2dc3ac647d0fa1b5ac99cd6987abafe6d690ae71cd5fd2aeeabe7589bfb4748aabdfba,blockNumber=2154
info|2023-07-08 16:57:20.023165|[WS]receive block notify,endpoint=127.0.0.1:20200,blk={
	"blockNumber" : 2154,
	"group" : "group0",
	"nodeName" : "98a7f70ec883a722219d92253cf073a72605f4087aa3443c8e4aadc0af2dc3ac647d0fa1b5ac99cd6987abafe6d690ae71cd5fd2aeeabe7589bfb4748aabdfba"
}
info|2023-07-08 16:57:20.049097|[RPC][BLOCK][NUMBER][fromJson],group=group0,node=2f993327933ad58672518b6d4f63920cbc68b80f78f4d81192552ee6362f5cc81ee13bdc678ad65f06e76444cadb53b33694cfb3fc7679b8000411975fedd28a,blockNumber=2154
info|2023-07-08 16:57:20.049118|[RPCWS][SERVICE][onRecvBlockNotifier]receive block number notifier,group=group0,node=2f993327933ad58672518b6d4f63920cbc68b80f78f4d81192552ee6362f5cc81ee13bdc678ad65f06e76444cadb53b33694cfb3fc7679b8000411975fedd28a,blockNumber=2154
info|2023-07-08 16:57:20.049124|[WS]receive block notify,endpoint=127.0.0.1:20201,blk={
	"blockNumber" : 2154,
	"group" : "group0",
	"nodeName" : "2f993327933ad58672518b6d4f63920cbc68b80f78f4d81192552ee6362f5cc81ee13bdc678ad65f06e76444cadb53b33694cfb3fc7679b8000411975fedd28a"
}
info|2023-07-08 16:57:20.562031|[RPC][BLOCK][NUMBER][fromJson],group=group0,node=98a7f70ec883a722219d92253cf073a72605f4087aa3443c8e4aadc0af2dc3ac647d0fa1b5ac99cd6987abafe6d690ae71cd5fd2aeeabe7589bfb4748aabdfba,blockNumber=2155
info|2023-07-08 16:57:20.562051|[RPCWS][SERVICE][onRecvBlockNotifier]receive block number notifier,group=group0,node=98a7f70ec883a722219d92253cf073a72605f4087aa3443c8e4aadc0af2dc3ac647d0fa1b5ac99cd6987abafe6d690ae71cd5fd2aeeabe7589bfb4748aabdfba,blockNumber=2155
info|2023-07-08 16:57:20.562056|[RPCWS][SERVICE][updateGroupBlockNumber],groupID=group0,_blockNumber=2155
info|2023-07-08 16:57:20.562060|[RPCWS][SERVICE][onRecvBlockNotifier]block notifier callback,group=group0,node=98a7f70ec883a722219d92253cf073a72605f4087aa3443c8e4aadc0af2dc3ac647d0fa1b5ac99cd6987abafe6d690ae71cd5fd2aeeabe7589bfb4748aabdfba,blockNumber=2155
info|2023-07-08 16:57:20.562063|[WS]receive block notify,endpoint=127.0.0.1:20200,blk={
	"blockNumber" : 2155,
	"group" : "group0",
	"nodeName" : "98a7f70ec883a722219d92253cf073a72605f4087aa3443c8e4aadc0af2dc3ac647d0fa1b5ac99cd6987abafe6d690ae71cd5fd2aeeabe7589bfb4748aabdfba"
}
info|2023-07-08 16:57:20.581459|[RPC][BLOCK][NUMBER][fromJson],group=group0,node=2f993327933ad58672518b6d4f63920cbc68b80f78f4d81192552ee6362f5cc81ee13bdc678ad65f06e76444cadb53b33694cfb3fc7679b8000411975fedd28a,blockNumber=2155
info|2023-07-08 16:57:20.581480|[RPCWS][SERVICE][onRecvBlockNotifier]receive block number notifier,group=group0,node=2f993327933ad58672518b6d4f63920cbc68b80f78f4d81192552ee6362f5cc81ee13bdc678ad65f06e76444cadb53b33694cfb3fc7679b8000411975fedd28a,blockNumber=2155
info|2023-07-08 16:57:20.581485|[WS]receive block notify,endpoint=127.0.0.1:20201,blk={
	"blockNumber" : 2155,
	"group" : "group0",
	"nodeName" : "2f993327933ad58672518b6d4f63920cbc68b80f78f4d81192552ee6362f5cc81ee13bdc678ad65f06e76444cadb53b33694cfb3fc7679b8000411975fedd28a"
}
info|2023-07-08 16:57:21.110902|[RPC][BLOCK][NUMBER][fromJson],group=group0,node=98a7f70ec883a722219d92253cf073a72605f4087aa3443c8e4aadc0af2dc3ac647d0fa1b5ac99cd6987abafe6d690ae71cd5fd2aeeabe7589bfb4748aabdfba,blockNumber=2156
info|2023-07-08 16:57:21.110929|[RPCWS][SERVICE][onRecvBlockNotifier]receive block number notifier,group=group0,node=98a7f70ec883a722219d92253cf073a72605f4087aa3443c8e4aadc0af2dc3ac647d0fa1b5ac99cd6987abafe6d690ae71cd5fd2aeeabe7589bfb4748aabdfba,blockNumber=2156
info|2023-07-08 16:57:21.110934|[RPCWS][SERVICE][updateGroupBlockNumber],groupID=group0,_blockNumber=2156
info|2023-07-08 16:57:21.110938|[RPCWS][SERVICE][onRecvBlockNotifier]block notifier callback,group=group0,node=98a7f70ec883a722219d92253cf073a72605f4087aa3443c8e4aadc0af2dc3ac647d0fa1b5ac99cd6987abafe6d690ae71cd5fd2aeeabe7589bfb4748aabdfba,blockNumber=2156
info|2023-07-08 16:57:21.110942|[WS]receive block notify,endpoint=127.0.0.1:20200,blk={
	"blockNumber" : 2156,
	"group" : "group0",
	"nodeName" : "98a7f70ec883a722219d92253cf073a72605f4087aa3443c8e4aadc0af2dc3ac647d0fa1b5ac99cd6987abafe6d690ae71cd5fd2aeeabe7589bfb4748aabdfba"
}
info|2023-07-08 16:57:21.144012|[RPC][BLOCK][NUMBER][fromJson],group=group0,node=2f993327933ad58672518b6d4f63920cbc68b80f78f4d81192552ee6362f5cc81ee13bdc678ad65f06e76444cadb53b33694cfb3fc7679b8000411975fedd28a,blockNumber=2156
info|2023-07-08 16:57:21.144034|[RPCWS][SERVICE][onRecvBlockNotifier]receive block number notifier,group=group0,node=2f993327933ad58672518b6d4f63920cbc68b80f78f4d81192552ee6362f5cc81ee13bdc678ad65f06e76444cadb53b33694cfb3fc7679b8000411975fedd28a,blockNumber=2156
info|2023-07-08 16:57:21.144040|[WS]receive block notify,endpoint=127.0.0.1:20201,blk={
	"blockNumber" : 2156,
	"group" : "group0",
	"nodeName" : "2f993327933ad58672518b6d4f63920cbc68b80f78f4d81192552ee6362f5cc81ee13bdc678ad65f06e76444cadb53b33694cfb3fc7679b8000411975fedd28a"
}
info|2023-07-08 16:57:21.718054|[RPC][BLOCK][NUMBER][fromJson],group=group0,node=98a7f70ec883a722219d92253cf073a72605f4087aa3443c8e4aadc0af2dc3ac647d0fa1b5ac99cd6987abafe6d690ae71cd5fd2aeeabe7589bfb4748aabdfba,blockNumber=2157
info|2023-07-08 16:57:21.718090|[RPCWS][SERVICE][onRecvBlockNotifier]receive block number notifier,group=group0,node=98a7f70ec883a722219d92253cf073a72605f4087aa3443c8e4aadc0af2dc3ac647d0fa1b5ac99cd6987abafe6d690ae71cd5fd2aeeabe7589bfb4748aabdfba,blockNumber=2157
info|2023-07-08 16:57:21.718099|[RPCWS][SERVICE][updateGroupBlockNumber],groupID=group0,_blockNumber=2157
info|2023-07-08 16:57:21.718107|[RPCWS][SERVICE][onRecvBlockNotifier]block notifier callback,group=group0,node=98a7f70ec883a722219d92253cf073a72605f4087aa3443c8e4aadc0af2dc3ac647d0fa1b5ac99cd6987abafe6d690ae71cd5fd2aeeabe7589bfb4748aabdfba,blockNumber=2157
info|2023-07-08 16:57:21.718113|[WS]receive block notify,endpoint=127.0.0.1:20200,blk={
	"blockNumber" : 2157,
	"group" : "group0",
	"nodeName" : "98a7f70ec883a722219d92253cf073a72605f4087aa3443c8e4aadc0af2dc3ac647d0fa1b5ac99cd6987abafe6d690ae71cd5fd2aeeabe7589bfb4748aabdfba"
}
info|2023-07-08 16:57:21.746837|[RPC][BLOCK][NUMBER][fromJson],group=group0,node=2f993327933ad58672518b6d4f63920cbc68b80f78f4d81192552ee6362f5cc81ee13bdc678ad65f06e76444cadb53b33694cfb3fc7679b8000411975fedd28a,blockNumber=2157
info|2023-07-08 16:57:21.746863|[RPCWS][SERVICE][onRecvBlockNotifier]receive block number notifier,group=group0,node=2f993327933ad58672518b6d4f63920cbc68b80f78f4d81192552ee6362f5cc81ee13bdc678ad65f06e76444cadb53b33694cfb3fc7679b8000411975fedd28a,blockNumber=2157
info|2023-07-08 16:57:21.746874|[WS]receive block notify,endpoint=127.0.0.1:20201,blk={
	"blockNumber" : 2157,
	"group" : "group0",
	"nodeName" : "2f993327933ad58672518b6d4f63920cbc68b80f78f4d81192552ee6362f5cc81ee13bdc678ad65f06e76444cadb53b33694cfb3fc7679b8000411975fedd28a"
}
info|2023-07-08 16:57:22.326478|[RPC][BLOCK][NUMBER][fromJson],group=group0,node=98a7f70ec883a722219d92253cf073a72605f4087aa3443c8e4aadc0af2dc3ac647d0fa1b5ac99cd6987abafe6d690ae71cd5fd2aeeabe7589bfb4748aabdfba,blockNumber=2158
info|2023-07-08 16:57:22.326508|[RPCWS][SERVICE][onRecvBlockNotifier]receive block number notifier,group=group0,node=98a7f70ec883a722219d92253cf073a72605f4087aa3443c8e4aadc0af2dc3ac647d0fa1b5ac99cd6987abafe6d690ae71cd5fd2aeeabe7589bfb4748aabdfba,blockNumber=2158
info|2023-07-08 16:57:22.326516|[RPCWS][SERVICE][updateGroupBlockNumber],groupID=group0,_blockNumber=2158
info|2023-07-08 16:57:22.326522|[RPCWS][SERVICE][onRecvBlockNotifier]block notifier callback,group=group0,node=98a7f70ec883a722219d92253cf073a72605f4087aa3443c8e4aadc0af2dc3ac647d0fa1b5ac99cd6987abafe6d690ae71cd5fd2aeeabe7589bfb4748aabdfba,blockNumber=2158
info|2023-07-08 16:57:22.326528|[WS]receive block notify,endpoint=127.0.0.1:20200,blk={
	"blockNumber" : 2158,
	"group" : "group0",
	"nodeName" : "98a7f70ec883a722219d92253cf073a72605f4087aa3443c8e4aadc0af2dc3ac647d0fa1b5ac99cd6987abafe6d690ae71cd5fd2aeeabe7589bfb4748aabdfba"
}
info|2023-07-08 16:57:22.363143|[RPC][BLOCK][NUMBER][fromJson],group=group0,node=2f993327933ad58672518b6d4f63920cbc68b80f78f4d81192552ee6362f5cc81ee13bdc678ad65f06e76444cadb53b33694cfb3fc7679b8000411975fedd28a,blockNumber=2158
info|2023-07-08 16:57:22.363164|[RPCWS][SERVICE][onRecvBlockNotifier]receive block number notifier,group=group0,node=2f993327933ad58672518b6d4f63920cbc68b80f78f4d81192552ee6362f5cc81ee13bdc678ad65f06e76444cadb53b33694cfb3fc7679b8000411975fedd28a,blockNumber=2158
info|2023-07-08 16:57:22.363171|[WS]receive block notify,endpoint=127.0.0.1:20201,blk={
	"blockNumber" : 2158,
	"group" : "group0",
	"nodeName" : "2f993327933ad58672518b6d4f63920cbc68b80f78f4d81192552ee6362f5cc81ee13bdc678ad65f06e76444cadb53b33694cfb3fc7679b8000411975fedd28a"
}
info|2023-07-08 16:57:29.466436|[EVENT][SUB][doLoop]event sub tasks report,working event sub count=0,suspend event sub count=0
info|2023-07-08 16:57:29.929031|[SDK][WS][SERVICE]connected nodes,count=2
info|2023-07-08 16:57:49.467054|[EVENT][SUB][doLoop]event sub tasks report,working event sub count=0,suspend event sub count=0
info|2023-07-08 16:57:49.929143|[SDK][WS][SERVICE]connected nodes,count=2
info|2023-07-08 16:58:09.467650|[EVENT][SUB][doLoop]event sub tasks report,working event sub count=0,suspend event sub count=0
info|2023-07-08 16:58:09.929905|[SDK][WS][SERVICE]connected nodes,count=2
info|2023-07-08 16:58:29.467958|[EVENT][SUB][doLoop]event sub tasks report,working event sub count=0,suspend event sub count=0
info|2023-07-08 16:58:29.930017|[SDK][WS][SERVICE]connected nodes,count=2
info|2023-07-08 16:58:49.468626|[EVENT][SUB][doLoop]event sub tasks report,working event sub count=0,suspend event sub count=0
info|2023-07-08 16:58:49.930480|[SDK][WS][SERVICE]connected nodes,count=2
info|2023-07-08 16:59:09.468743|[EVENT][SUB][doLoop]event sub tasks report,working event sub count=0,suspend event sub count=0
info|2023-07-08 16:59:09.930734|[SDK][WS][SERVICE]connected nodes,count=2
info|2023-07-08 16:59:29.469165|[EVENT][SUB][doLoop]event sub tasks report,working event sub count=0,suspend event sub count=0
info|2023-07-08 16:59:29.931292|[SDK][WS][SERVICE]connected nodes,count=2
info|2023-07-08 16:59:49.469791|[EVENT][SUB][doLoop]event sub tasks report,working event sub count=0,suspend event sub count=0
info|2023-07-08 16:59:49.931791|[SDK][WS][SERVICE]connected nodes,count=2
