info|2023-07-08 15:00:09.347385|[EVENT][SUB][doLoop]event sub tasks report,working event sub count=0,suspend event sub count=0
info|2023-07-08 15:00:09.353096|[SDK][WS][SERVICE]connected nodes,count=2
info|2023-07-08 15:00:29.347646|[EVENT][SUB][doLoop]event sub tasks report,working event sub count=0,suspend event sub count=0
info|2023-07-08 15:00:29.353306|[SDK][WS][SERVICE]connected nodes,count=2
info|2023-07-08 15:00:49.347799|[EVENT][SUB][doLoop]event sub tasks report,working event sub count=0,suspend event sub count=0
info|2023-07-08 15:00:49.354208|[SDK][WS][SERVICE]connected nodes,count=2
info|2023-07-08 15:01:09.347946|[EVENT][SUB][doLoop]event sub tasks report,working event sub count=0,suspend event sub count=0
info|2023-07-08 15:01:09.354834|[SDK][WS][SERVICE]connected nodes,count=2
info|2023-07-08 15:01:29.348187|[EVENT][SUB][doLoop]event sub tasks report,working event sub count=0,suspend event sub count=0
info|2023-07-08 15:01:29.354989|[SDK][WS][SERVICE]connected nodes,count=2
info|2023-07-08 15:01:49.348853|[EVENT][SUB][doLoop]event sub tasks report,working event sub count=0,suspend event sub count=0
info|2023-07-08 15:01:49.355637|[SDK][WS][SERVICE]connected nodes,count=2
info|2023-07-08 15:02:09.349379|[EVENT][SUB][doLoop]event sub tasks report,working event sub count=0,suspend event sub count=0
info|2023-07-08 15:02:09.355812|[SDK][WS][SERVICE]connected nodes,count=2
info|2023-07-08 15:02:29.349505|[EVENT][SUB][doLoop]event sub tasks report,working event sub count=0,suspend event sub count=0
info|2023-07-08 15:02:29.356036|[SDK][WS][SERVICE]connected nodes,count=2
info|2023-07-08 15:02:49.350001|[EVENT][SUB][doLoop]event sub tasks report,working event sub count=0,suspend event sub count=0
info|2023-07-08 15:02:49.356404|[SDK][WS][SERVICE]connected nodes,count=2
info|2023-07-08 15:03:09.350060|[EVENT][SUB][doLoop]event sub tasks report,working event sub count=0,suspend event sub count=0
info|2023-07-08 15:03:09.356669|[SDK][WS][SERVICE]connected nodes,count=2
info|2023-07-08 15:03:29.350247|[EVENT][SUB][doLoop]event sub tasks report,working event sub count=0,suspend event sub count=0
info|2023-07-08 15:03:29.357195|[SDK][WS][SERVICE]connected nodes,count=2
info|2023-07-08 15:03:49.350316|[EVENT][SUB][doLoop]event sub tasks report,working event sub count=0,suspend event sub count=0
info|2023-07-08 15:03:49.357532|[SDK][WS][SERVICE]connected nodes,count=2
info|2023-07-08 15:04:09.350512|[EVENT][SUB][doLoop]event sub tasks report,working event sub count=0,suspend event sub count=0
info|2023-07-08 15:04:09.358009|[SDK][WS][SERVICE]connected nodes,count=2
info|2023-07-08 15:04:29.350762|[EVENT][SUB][doLoop]event sub tasks report,working event sub count=0,suspend event sub count=0
info|2023-07-08 15:04:29.358354|[SDK][WS][SERVICE]connected nodes,count=2
info|2023-07-08 15:04:49.351021|[EVENT][SUB][doLoop]event sub tasks report,working event sub count=0,suspend event sub count=0
info|2023-07-08 15:04:49.358790|[SDK][WS][SERVICE]connected nodes,count=2
info|2023-07-08 15:05:09.351139|[EVENT][SUB][doLoop]event sub tasks report,working event sub count=0,suspend event sub count=0
info|2023-07-08 15:05:09.359554|[SDK][WS][SERVICE]connected nodes,count=2
info|2023-07-08 15:05:29.351267|[EVENT][SUB][doLoop]event sub tasks report,working event sub count=0,suspend event sub count=0
info|2023-07-08 15:05:29.359757|[SDK][WS][SERVICE]connected nodes,count=2
info|2023-07-08 15:05:49.351361|[EVENT][SUB][doLoop]event sub tasks report,working event sub count=0,suspend event sub count=0
info|2023-07-08 15:05:49.360111|[SDK][WS][SERVICE]connected nodes,count=2
info|2023-07-08 15:06:09.351781|[EVENT][SUB][doLoop]event sub tasks report,working event sub count=0,suspend event sub count=0
info|2023-07-08 15:06:09.360443|[SDK][WS][SERVICE]connected nodes,count=2
info|2023-07-08 15:06:29.351955|[EVENT][SUB][doLoop]event sub tasks report,working event sub count=0,suspend event sub count=0
info|2023-07-08 15:06:29.361019|[SDK][WS][SERVICE]connected nodes,count=2
info|2023-07-08 15:06:49.352587|[EVENT][SUB][doLoop]event sub tasks report,working event sub count=0,suspend event sub count=0
info|2023-07-08 15:06:49.361265|[SDK][WS][SERVICE]connected nodes,count=2
info|2023-07-08 15:07:09.352745|[EVENT][SUB][doLoop]event sub tasks report,working event sub count=0,suspend event sub count=0
info|2023-07-08 15:07:09.361474|[SDK][WS][SERVICE]connected nodes,count=2
info|2023-07-08 15:07:29.352853|[EVENT][SUB][doLoop]event sub tasks report,working event sub count=0,suspend event sub count=0
info|2023-07-08 15:07:29.362282|[SDK][WS][SERVICE]connected nodes,count=2
info|2023-07-08 15:07:49.353169|[EVENT][SUB][doLoop]event sub tasks report,working event sub count=0,suspend event sub count=0
info|2023-07-08 15:07:49.362538|[SDK][WS][SERVICE]connected nodes,count=2
info|2023-07-08 15:08:09.353282|[EVENT][SUB][doLoop]event sub tasks report,working event sub count=0,suspend event sub count=0
info|2023-07-08 15:08:09.363245|[SDK][WS][SERVICE]connected nodes,count=2
info|2023-07-08 15:08:29.353346|[EVENT][SUB][doLoop]event sub tasks report,working event sub count=0,suspend event sub count=0
info|2023-07-08 15:08:29.363745|[SDK][WS][SERVICE]connected nodes,count=2
info|2023-07-08 15:08:49.353591|[EVENT][SUB][doLoop]event sub tasks report,working event sub count=0,suspend event sub count=0
info|2023-07-08 15:08:49.364291|[SDK][WS][SERVICE]connected nodes,count=2
info|2023-07-08 15:09:09.353937|[EVENT][SUB][doLoop]event sub tasks report,working event sub count=0,suspend event sub count=0
info|2023-07-08 15:09:09.364794|[SDK][WS][SERVICE]connected nodes,count=2
info|2023-07-08 15:09:29.354420|[EVENT][SUB][doLoop]event sub tasks report,working event sub count=0,suspend event sub count=0
info|2023-07-08 15:09:29.365256|[SDK][WS][SERVICE]connected nodes,count=2
info|2023-07-08 15:09:49.354840|[EVENT][SUB][doLoop]event sub tasks report,working event sub count=0,suspend event sub count=0
info|2023-07-08 15:09:49.365556|[SDK][WS][SERVICE]connected nodes,count=2
info|2023-07-08 15:10:09.354926|[EVENT][SUB][doLoop]event sub tasks report,working event sub count=0,suspend event sub count=0
info|2023-07-08 15:10:09.365892|[SDK][WS][SERVICE]connected nodes,count=2
info|2023-07-08 15:10:29.355048|[EVENT][SUB][doLoop]event sub tasks report,working event sub count=0,suspend event sub count=0
info|2023-07-08 15:10:29.366127|[SDK][WS][SERVICE]connected nodes,count=2
info|2023-07-08 15:10:49.355816|[EVENT][SUB][doLoop]event sub tasks report,working event sub count=0,suspend event sub count=0
info|2023-07-08 15:10:49.366430|[SDK][WS][SERVICE]connected nodes,count=2
info|2023-07-08 15:11:09.355950|[EVENT][SUB][doLoop]event sub tasks report,working event sub count=0,suspend event sub count=0
info|2023-07-08 15:11:09.366795|[SDK][WS][SERVICE]connected nodes,count=2
info|2023-07-08 15:11:29.355983|[EVENT][SUB][doLoop]event sub tasks report,working event sub count=0,suspend event sub count=0
info|2023-07-08 15:11:29.367133|[SDK][WS][SERVICE]connected nodes,count=2
info|2023-07-08 15:11:49.356256|[EVENT][SUB][doLoop]event sub tasks report,working event sub count=0,suspend event sub count=0
info|2023-07-08 15:11:49.367357|[SDK][WS][SERVICE]connected nodes,count=2
info|2023-07-08 15:12:09.356484|[EVENT][SUB][doLoop]event sub tasks report,working event sub count=0,suspend event sub count=0
info|2023-07-08 15:12:09.367557|[SDK][WS][SERVICE]connected nodes,count=2
info|2023-07-08 15:12:29.356633|[EVENT][SUB][doLoop]event sub tasks report,working event sub count=0,suspend event sub count=0
info|2023-07-08 15:12:29.368054|[SDK][WS][SERVICE]connected nodes,count=2
info|2023-07-08 15:12:49.357074|[EVENT][SUB][doLoop]event sub tasks report,working event sub count=0,suspend event sub count=0
info|2023-07-08 15:12:49.368417|[SDK][WS][SERVICE]connected nodes,count=2
info|2023-07-08 15:13:09.357753|[EVENT][SUB][doLoop]event sub tasks report,working event sub count=0,suspend event sub count=0
info|2023-07-08 15:13:09.378187|[SDK][WS][SERVICE]connected nodes,count=2
info|2023-07-08 15:13:29.361044|[EVENT][SUB][doLoop]event sub tasks report,working event sub count=0,suspend event sub count=0
info|2023-07-08 15:13:29.378395|[SDK][WS][SERVICE]connected nodes,count=2
info|2023-07-08 15:13:49.361632|[EVENT][SUB][doLoop]event sub tasks report,working event sub count=0,suspend event sub count=0
info|2023-07-08 15:13:49.379020|[SDK][WS][SERVICE]connected nodes,count=2
info|2023-07-08 15:14:09.362065|[EVENT][SUB][doLoop]event sub tasks report,working event sub count=0,suspend event sub count=0
info|2023-07-08 15:14:09.379190|[SDK][WS][SERVICE]connected nodes,count=2
info|2023-07-08 15:14:29.362766|[EVENT][SUB][doLoop]event sub tasks report,working event sub count=0,suspend event sub count=0
info|2023-07-08 15:14:29.379529|[SDK][WS][SERVICE]connected nodes,count=2
info|2023-07-08 15:14:49.362947|[EVENT][SUB][doLoop]event sub tasks report,working event sub count=0,suspend event sub count=0
info|2023-07-08 15:14:49.380220|[SDK][WS][SERVICE]connected nodes,count=2
info|2023-07-08 15:15:09.363665|[EVENT][SUB][doLoop]event sub tasks report,working event sub count=0,suspend event sub count=0
info|2023-07-08 15:15:09.380528|[SDK][WS][SERVICE]connected nodes,count=2
info|2023-07-08 15:15:29.363719|[EVENT][SUB][doLoop]event sub tasks report,working event sub count=0,suspend event sub count=0
info|2023-07-08 15:15:29.380917|[SDK][WS][SERVICE]connected nodes,count=2
info|2023-07-08 15:15:49.364205|[EVENT][SUB][doLoop]event sub tasks report,working event sub count=0,suspend event sub count=0
info|2023-07-08 15:15:49.381090|[SDK][WS][SERVICE]connected nodes,count=2
info|2023-07-08 15:16:09.364349|[EVENT][SUB][doLoop]event sub tasks report,working event sub count=0,suspend event sub count=0
info|2023-07-08 15:16:09.382401|[SDK][WS][SERVICE]connected nodes,count=2
info|2023-07-08 15:16:29.364996|[EVENT][SUB][doLoop]event sub tasks report,working event sub count=0,suspend event sub count=0
info|2023-07-08 15:16:29.382602|[SDK][WS][SERVICE]connected nodes,count=2
info|2023-07-08 15:16:49.365611|[EVENT][SUB][doLoop]event sub tasks report,working event sub count=0,suspend event sub count=0
info|2023-07-08 15:16:49.382873|[SDK][WS][SERVICE]connected nodes,count=2
info|2023-07-08 15:17:09.365865|[EVENT][SUB][doLoop]event sub tasks report,working event sub count=0,suspend event sub count=0
info|2023-07-08 15:17:09.383118|[SDK][WS][SERVICE]connected nodes,count=2
info|2023-07-08 15:17:29.366325|[EVENT][SUB][doLoop]event sub tasks report,working event sub count=0,suspend event sub count=0
info|2023-07-08 15:17:29.383682|[SDK][WS][SERVICE]connected nodes,count=2
info|2023-07-08 15:17:49.366767|[EVENT][SUB][doLoop]event sub tasks report,working event sub count=0,suspend event sub count=0
info|2023-07-08 15:17:49.384609|[SDK][WS][SERVICE]connected nodes,count=2
info|2023-07-08 15:18:09.367283|[EVENT][SUB][doLoop]event sub tasks report,working event sub count=0,suspend event sub count=0
info|2023-07-08 15:18:09.384888|[SDK][WS][SERVICE]connected nodes,count=2
info|2023-07-08 15:18:29.367748|[EVENT][SUB][doLoop]event sub tasks report,working event sub count=0,suspend event sub count=0
info|2023-07-08 15:18:29.385577|[SDK][WS][SERVICE]connected nodes,count=2
info|2023-07-08 15:18:49.368052|[EVENT][SUB][doLoop]event sub tasks report,working event sub count=0,suspend event sub count=0
info|2023-07-08 15:18:49.385858|[SDK][WS][SERVICE]connected nodes,count=2
info|2023-07-08 15:19:09.368268|[EVENT][SUB][doLoop]event sub tasks report,working event sub count=0,suspend event sub count=0
info|2023-07-08 15:19:09.386290|[SDK][WS][SERVICE]connected nodes,count=2
info|2023-07-08 15:19:29.368652|[EVENT][SUB][doLoop]event sub tasks report,working event sub count=0,suspend event sub count=0
info|2023-07-08 15:19:29.386874|[SDK][WS][SERVICE]connected nodes,count=2
info|2023-07-08 15:19:49.369000|[EVENT][SUB][doLoop]event sub tasks report,working event sub count=0,suspend event sub count=0
info|2023-07-08 15:19:49.387613|[SDK][WS][SERVICE]connected nodes,count=2
info|2023-07-08 15:20:09.369311|[EVENT][SUB][doLoop]event sub tasks report,working event sub count=0,suspend event sub count=0
info|2023-07-08 15:20:09.388457|[SDK][WS][SERVICE]connected nodes,count=2
info|2023-07-08 15:20:29.369598|[EVENT][SUB][doLoop]event sub tasks report,working event sub count=0,suspend event sub count=0
info|2023-07-08 15:20:29.388967|[SDK][WS][SERVICE]connected nodes,count=2
info|2023-07-08 15:20:49.369877|[EVENT][SUB][doLoop]event sub tasks report,working event sub count=0,suspend event sub count=0
info|2023-07-08 15:20:49.389608|[SDK][WS][SERVICE]connected nodes,count=2
info|2023-07-08 15:21:09.370396|[EVENT][SUB][doLoop]event sub tasks report,working event sub count=0,suspend event sub count=0
info|2023-07-08 15:21:09.390469|[SDK][WS][SERVICE]connected nodes,count=2
info|2023-07-08 15:21:29.370458|[EVENT][SUB][doLoop]event sub tasks report,working event sub count=0,suspend event sub count=0
info|2023-07-08 15:21:29.390972|[SDK][WS][SERVICE]connected nodes,count=2
info|2023-07-08 15:21:49.371264|[EVENT][SUB][doLoop]event sub tasks report,working event sub count=0,suspend event sub count=0
info|2023-07-08 15:21:49.391606|[SDK][WS][SERVICE]connected nodes,count=2
info|2023-07-08 15:22:09.371597|[EVENT][SUB][doLoop]event sub tasks report,working event sub count=0,suspend event sub count=0
info|2023-07-08 15:22:09.394158|[SDK][WS][SERVICE]connected nodes,count=2
info|2023-07-08 15:22:29.371820|[EVENT][SUB][doLoop]event sub tasks report,working event sub count=0,suspend event sub count=0
info|2023-07-08 15:22:29.394617|[SDK][WS][SERVICE]connected nodes,count=2
info|2023-07-08 15:22:49.372471|[EVENT][SUB][doLoop]event sub tasks report,working event sub count=0,suspend event sub count=0
info|2023-07-08 15:22:49.395050|[SDK][WS][SERVICE]connected nodes,count=2
info|2023-07-08 15:23:09.372522|[EVENT][SUB][doLoop]event sub tasks report,working event sub count=0,suspend event sub count=0
info|2023-07-08 15:23:09.395368|[SDK][WS][SERVICE]connected nodes,count=2
info|2023-07-08 15:23:29.372623|[EVENT][SUB][doLoop]event sub tasks report,working event sub count=0,suspend event sub count=0
info|2023-07-08 15:23:29.396057|[SDK][WS][SERVICE]connected nodes,count=2
info|2023-07-08 15:23:49.372955|[EVENT][SUB][doLoop]event sub tasks report,working event sub count=0,suspend event sub count=0
info|2023-07-08 15:23:49.397470|[SDK][WS][SERVICE]connected nodes,count=2
info|2023-07-08 15:24:09.373053|[EVENT][SUB][doLoop]event sub tasks report,working event sub count=0,suspend event sub count=0
info|2023-07-08 15:24:09.397608|[SDK][WS][SERVICE]connected nodes,count=2
info|2023-07-08 15:24:29.373563|[EVENT][SUB][doLoop]event sub tasks report,working event sub count=0,suspend event sub count=0
info|2023-07-08 15:24:29.398240|[SDK][WS][SERVICE]connected nodes,count=2
info|2023-07-08 15:24:49.373757|[EVENT][SUB][doLoop]event sub tasks report,working event sub count=0,suspend event sub count=0
info|2023-07-08 15:24:49.398487|[SDK][WS][SERVICE]connected nodes,count=2
info|2023-07-08 15:25:09.374203|[EVENT][SUB][doLoop]event sub tasks report,working event sub count=0,suspend event sub count=0
info|2023-07-08 15:25:09.398832|[SDK][WS][SERVICE]connected nodes,count=2
info|2023-07-08 15:25:29.374259|[EVENT][SUB][doLoop]event sub tasks report,working event sub count=0,suspend event sub count=0
info|2023-07-08 15:25:29.399435|[SDK][WS][SERVICE]connected nodes,count=2
info|2023-07-08 15:25:49.374779|[EVENT][SUB][doLoop]event sub tasks report,working event sub count=0,suspend event sub count=0
info|2023-07-08 15:25:49.399746|[SDK][WS][SERVICE]connected nodes,count=2
info|2023-07-08 15:26:09.374995|[EVENT][SUB][doLoop]event sub tasks report,working event sub count=0,suspend event sub count=0
info|2023-07-08 15:26:09.400204|[SDK][WS][SERVICE]connected nodes,count=2
info|2023-07-08 15:26:29.375241|[EVENT][SUB][doLoop]event sub tasks report,working event sub count=0,suspend event sub count=0
info|2023-07-08 15:26:29.400869|[SDK][WS][SERVICE]connected nodes,count=2
info|2023-07-08 15:26:49.375457|[EVENT][SUB][doLoop]event sub tasks report,working event sub count=0,suspend event sub count=0
info|2023-07-08 15:26:49.401234|[SDK][WS][SERVICE]connected nodes,count=2
info|2023-07-08 15:27:09.375714|[EVENT][SUB][doLoop]event sub tasks report,working event sub count=0,suspend event sub count=0
info|2023-07-08 15:27:09.401971|[SDK][WS][SERVICE]connected nodes,count=2
info|2023-07-08 15:27:13.886664|[RPC][BLOCK][NUMBER][fromJson],group=group0,node=98a7f70ec883a722219d92253cf073a72605f4087aa3443c8e4aadc0af2dc3ac647d0fa1b5ac99cd6987abafe6d690ae71cd5fd2aeeabe7589bfb4748aabdfba,blockNumber=2095
info|2023-07-08 15:27:13.886683|[RPCWS][SERVICE][onRecvBlockNotifier]receive block number notifier,group=group0,node=98a7f70ec883a722219d92253cf073a72605f4087aa3443c8e4aadc0af2dc3ac647d0fa1b5ac99cd6987abafe6d690ae71cd5fd2aeeabe7589bfb4748aabdfba,blockNumber=2095
info|2023-07-08 15:27:13.886706|[RPCWS][SERVICE][updateGroupBlockNumber],groupID=group0,_blockNumber=2095
info|2023-07-08 15:27:13.886712|[RPCWS][SERVICE][onRecvBlockNotifier]block notifier callback,group=group0,node=98a7f70ec883a722219d92253cf073a72605f4087aa3443c8e4aadc0af2dc3ac647d0fa1b5ac99cd6987abafe6d690ae71cd5fd2aeeabe7589bfb4748aabdfba,blockNumber=2095
info|2023-07-08 15:27:13.886715|[WS]receive block notify,endpoint=127.0.0.1:20200,blk={
	"blockNumber" : 2095,
	"group" : "group0",
	"nodeName" : "98a7f70ec883a722219d92253cf073a72605f4087aa3443c8e4aadc0af2dc3ac647d0fa1b5ac99cd6987abafe6d690ae71cd5fd2aeeabe7589bfb4748aabdfba"
}
info|2023-07-08 15:27:13.926136|[RPC][BLOCK][NUMBER][fromJson],group=group0,node=2f993327933ad58672518b6d4f63920cbc68b80f78f4d81192552ee6362f5cc81ee13bdc678ad65f06e76444cadb53b33694cfb3fc7679b8000411975fedd28a,blockNumber=2095
info|2023-07-08 15:27:13.926164|[RPCWS][SERVICE][onRecvBlockNotifier]receive block number notifier,group=group0,node=2f993327933ad58672518b6d4f63920cbc68b80f78f4d81192552ee6362f5cc81ee13bdc678ad65f06e76444cadb53b33694cfb3fc7679b8000411975fedd28a,blockNumber=2095
info|2023-07-08 15:27:13.926171|[WS]receive block notify,endpoint=127.0.0.1:20201,blk={
	"blockNumber" : 2095,
	"group" : "group0",
	"nodeName" : "2f993327933ad58672518b6d4f63920cbc68b80f78f4d81192552ee6362f5cc81ee13bdc678ad65f06e76444cadb53b33694cfb3fc7679b8000411975fedd28a"
}
info|2023-07-08 15:27:14.367210|[RPC][BLOCK][NUMBER][fromJson],group=group0,node=98a7f70ec883a722219d92253cf073a72605f4087aa3443c8e4aadc0af2dc3ac647d0fa1b5ac99cd6987abafe6d690ae71cd5fd2aeeabe7589bfb4748aabdfba,blockNumber=2096
info|2023-07-08 15:27:14.367229|[RPCWS][SERVICE][onRecvBlockNotifier]receive block number notifier,group=group0,node=98a7f70ec883a722219d92253cf073a72605f4087aa3443c8e4aadc0af2dc3ac647d0fa1b5ac99cd6987abafe6d690ae71cd5fd2aeeabe7589bfb4748aabdfba,blockNumber=2096
info|2023-07-08 15:27:14.367234|[RPCWS][SERVICE][updateGroupBlockNumber],groupID=group0,_blockNumber=2096
info|2023-07-08 15:27:14.367238|[RPCWS][SERVICE][onRecvBlockNotifier]block notifier callback,group=group0,node=98a7f70ec883a722219d92253cf073a72605f4087aa3443c8e4aadc0af2dc3ac647d0fa1b5ac99cd6987abafe6d690ae71cd5fd2aeeabe7589bfb4748aabdfba,blockNumber=2096
info|2023-07-08 15:27:14.367242|[WS]receive block notify,endpoint=127.0.0.1:20200,blk={
	"blockNumber" : 2096,
	"group" : "group0",
	"nodeName" : "98a7f70ec883a722219d92253cf073a72605f4087aa3443c8e4aadc0af2dc3ac647d0fa1b5ac99cd6987abafe6d690ae71cd5fd2aeeabe7589bfb4748aabdfba"
}
info|2023-07-08 15:27:14.438603|[RPC][BLOCK][NUMBER][fromJson],group=group0,node=2f993327933ad58672518b6d4f63920cbc68b80f78f4d81192552ee6362f5cc81ee13bdc678ad65f06e76444cadb53b33694cfb3fc7679b8000411975fedd28a,blockNumber=2096
info|2023-07-08 15:27:14.438641|[RPCWS][SERVICE][onRecvBlockNotifier]receive block number notifier,group=group0,node=2f993327933ad58672518b6d4f63920cbc68b80f78f4d81192552ee6362f5cc81ee13bdc678ad65f06e76444cadb53b33694cfb3fc7679b8000411975fedd28a,blockNumber=2096
info|2023-07-08 15:27:14.438664|[WS]receive block notify,endpoint=127.0.0.1:20201,blk={
	"blockNumber" : 2096,
	"group" : "group0",
	"nodeName" : "2f993327933ad58672518b6d4f63920cbc68b80f78f4d81192552ee6362f5cc81ee13bdc678ad65f06e76444cadb53b33694cfb3fc7679b8000411975fedd28a"
}
info|2023-07-08 15:27:14.956721|[RPC][BLOCK][NUMBER][fromJson],group=group0,node=98a7f70ec883a722219d92253cf073a72605f4087aa3443c8e4aadc0af2dc3ac647d0fa1b5ac99cd6987abafe6d690ae71cd5fd2aeeabe7589bfb4748aabdfba,blockNumber=2097
info|2023-07-08 15:27:14.956948|[RPCWS][SERVICE][onRecvBlockNotifier]receive block number notifier,group=group0,node=98a7f70ec883a722219d92253cf073a72605f4087aa3443c8e4aadc0af2dc3ac647d0fa1b5ac99cd6987abafe6d690ae71cd5fd2aeeabe7589bfb4748aabdfba,blockNumber=2097
info|2023-07-08 15:27:14.956979|[RPCWS][SERVICE][updateGroupBlockNumber],groupID=group0,_blockNumber=2097
info|2023-07-08 15:27:14.956986|[RPCWS][SERVICE][onRecvBlockNotifier]block notifier callback,group=group0,node=98a7f70ec883a722219d92253cf073a72605f4087aa3443c8e4aadc0af2dc3ac647d0fa1b5ac99cd6987abafe6d690ae71cd5fd2aeeabe7589bfb4748aabdfba,blockNumber=2097
info|2023-07-08 15:27:14.956990|[WS]receive block notify,endpoint=127.0.0.1:20200,blk={
	"blockNumber" : 2097,
	"group" : "group0",
	"nodeName" : "98a7f70ec883a722219d92253cf073a72605f4087aa3443c8e4aadc0af2dc3ac647d0fa1b5ac99cd6987abafe6d690ae71cd5fd2aeeabe7589bfb4748aabdfba"
}
info|2023-07-08 15:27:14.999517|[RPC][BLOCK][NUMBER][fromJson],group=group0,node=2f993327933ad58672518b6d4f63920cbc68b80f78f4d81192552ee6362f5cc81ee13bdc678ad65f06e76444cadb53b33694cfb3fc7679b8000411975fedd28a,blockNumber=2097
info|2023-07-08 15:27:14.999545|[RPCWS][SERVICE][onRecvBlockNotifier]receive block number notifier,group=group0,node=2f993327933ad58672518b6d4f63920cbc68b80f78f4d81192552ee6362f5cc81ee13bdc678ad65f06e76444cadb53b33694cfb3fc7679b8000411975fedd28a,blockNumber=2097
info|2023-07-08 15:27:14.999553|[WS]receive block notify,endpoint=127.0.0.1:20201,blk={
	"blockNumber" : 2097,
	"group" : "group0",
	"nodeName" : "2f993327933ad58672518b6d4f63920cbc68b80f78f4d81192552ee6362f5cc81ee13bdc678ad65f06e76444cadb53b33694cfb3fc7679b8000411975fedd28a"
}
info|2023-07-08 15:27:15.562114|[RPC][BLOCK][NUMBER][fromJson],group=group0,node=98a7f70ec883a722219d92253cf073a72605f4087aa3443c8e4aadc0af2dc3ac647d0fa1b5ac99cd6987abafe6d690ae71cd5fd2aeeabe7589bfb4748aabdfba,blockNumber=2098
info|2023-07-08 15:27:15.562153|[RPCWS][SERVICE][onRecvBlockNotifier]receive block number notifier,group=group0,node=98a7f70ec883a722219d92253cf073a72605f4087aa3443c8e4aadc0af2dc3ac647d0fa1b5ac99cd6987abafe6d690ae71cd5fd2aeeabe7589bfb4748aabdfba,blockNumber=2098
info|2023-07-08 15:27:15.562161|[RPCWS][SERVICE][updateGroupBlockNumber],groupID=group0,_blockNumber=2098
info|2023-07-08 15:27:15.562165|[RPCWS][SERVICE][onRecvBlockNotifier]block notifier callback,group=group0,node=98a7f70ec883a722219d92253cf073a72605f4087aa3443c8e4aadc0af2dc3ac647d0fa1b5ac99cd6987abafe6d690ae71cd5fd2aeeabe7589bfb4748aabdfba,blockNumber=2098
info|2023-07-08 15:27:15.562169|[WS]receive block notify,endpoint=127.0.0.1:20200,blk={
	"blockNumber" : 2098,
	"group" : "group0",
	"nodeName" : "98a7f70ec883a722219d92253cf073a72605f4087aa3443c8e4aadc0af2dc3ac647d0fa1b5ac99cd6987abafe6d690ae71cd5fd2aeeabe7589bfb4748aabdfba"
}
info|2023-07-08 15:27:15.602381|[RPC][BLOCK][NUMBER][fromJson],group=group0,node=2f993327933ad58672518b6d4f63920cbc68b80f78f4d81192552ee6362f5cc81ee13bdc678ad65f06e76444cadb53b33694cfb3fc7679b8000411975fedd28a,blockNumber=2098
info|2023-07-08 15:27:15.602416|[RPCWS][SERVICE][onRecvBlockNotifier]receive block number notifier,group=group0,node=2f993327933ad58672518b6d4f63920cbc68b80f78f4d81192552ee6362f5cc81ee13bdc678ad65f06e76444cadb53b33694cfb3fc7679b8000411975fedd28a,blockNumber=2098
info|2023-07-08 15:27:15.602423|[WS]receive block notify,endpoint=127.0.0.1:20201,blk={
	"blockNumber" : 2098,
	"group" : "group0",
	"nodeName" : "2f993327933ad58672518b6d4f63920cbc68b80f78f4d81192552ee6362f5cc81ee13bdc678ad65f06e76444cadb53b33694cfb3fc7679b8000411975fedd28a"
}
info|2023-07-08 15:27:16.104429|[RPC][BLOCK][NUMBER][fromJson],group=group0,node=98a7f70ec883a722219d92253cf073a72605f4087aa3443c8e4aadc0af2dc3ac647d0fa1b5ac99cd6987abafe6d690ae71cd5fd2aeeabe7589bfb4748aabdfba,blockNumber=2099
info|2023-07-08 15:27:16.104450|[RPCWS][SERVICE][onRecvBlockNotifier]receive block number notifier,group=group0,node=98a7f70ec883a722219d92253cf073a72605f4087aa3443c8e4aadc0af2dc3ac647d0fa1b5ac99cd6987abafe6d690ae71cd5fd2aeeabe7589bfb4748aabdfba,blockNumber=2099
info|2023-07-08 15:27:16.104456|[RPCWS][SERVICE][updateGroupBlockNumber],groupID=group0,_blockNumber=2099
info|2023-07-08 15:27:16.104461|[RPCWS][SERVICE][onRecvBlockNotifier]block notifier callback,group=group0,node=98a7f70ec883a722219d92253cf073a72605f4087aa3443c8e4aadc0af2dc3ac647d0fa1b5ac99cd6987abafe6d690ae71cd5fd2aeeabe7589bfb4748aabdfba,blockNumber=2099
info|2023-07-08 15:27:16.104466|[WS]receive block notify,endpoint=127.0.0.1:20200,blk={
	"blockNumber" : 2099,
	"group" : "group0",
	"nodeName" : "98a7f70ec883a722219d92253cf073a72605f4087aa3443c8e4aadc0af2dc3ac647d0fa1b5ac99cd6987abafe6d690ae71cd5fd2aeeabe7589bfb4748aabdfba"
}
info|2023-07-08 15:27:16.138317|[RPC][BLOCK][NUMBER][fromJson],group=group0,node=2f993327933ad58672518b6d4f63920cbc68b80f78f4d81192552ee6362f5cc81ee13bdc678ad65f06e76444cadb53b33694cfb3fc7679b8000411975fedd28a,blockNumber=2099
info|2023-07-08 15:27:16.138351|[RPCWS][SERVICE][onRecvBlockNotifier]receive block number notifier,group=group0,node=2f993327933ad58672518b6d4f63920cbc68b80f78f4d81192552ee6362f5cc81ee13bdc678ad65f06e76444cadb53b33694cfb3fc7679b8000411975fedd28a,blockNumber=2099
info|2023-07-08 15:27:16.138359|[WS]receive block notify,endpoint=127.0.0.1:20201,blk={
	"blockNumber" : 2099,
	"group" : "group0",
	"nodeName" : "2f993327933ad58672518b6d4f63920cbc68b80f78f4d81192552ee6362f5cc81ee13bdc678ad65f06e76444cadb53b33694cfb3fc7679b8000411975fedd28a"
}
info|2023-07-08 15:27:16.657335|[RPC][BLOCK][NUMBER][fromJson],group=group0,node=98a7f70ec883a722219d92253cf073a72605f4087aa3443c8e4aadc0af2dc3ac647d0fa1b5ac99cd6987abafe6d690ae71cd5fd2aeeabe7589bfb4748aabdfba,blockNumber=2100
info|2023-07-08 15:27:16.657378|[RPCWS][SERVICE][onRecvBlockNotifier]receive block number notifier,group=group0,node=98a7f70ec883a722219d92253cf073a72605f4087aa3443c8e4aadc0af2dc3ac647d0fa1b5ac99cd6987abafe6d690ae71cd5fd2aeeabe7589bfb4748aabdfba,blockNumber=2100
info|2023-07-08 15:27:16.657408|[RPCWS][SERVICE][updateGroupBlockNumber],groupID=group0,_blockNumber=2100
info|2023-07-08 15:27:16.657414|[RPCWS][SERVICE][onRecvBlockNotifier]block notifier callback,group=group0,node=98a7f70ec883a722219d92253cf073a72605f4087aa3443c8e4aadc0af2dc3ac647d0fa1b5ac99cd6987abafe6d690ae71cd5fd2aeeabe7589bfb4748aabdfba,blockNumber=2100
info|2023-07-08 15:27:16.657418|[WS]receive block notify,endpoint=127.0.0.1:20200,blk={
	"blockNumber" : 2100,
	"group" : "group0",
	"nodeName" : "98a7f70ec883a722219d92253cf073a72605f4087aa3443c8e4aadc0af2dc3ac647d0fa1b5ac99cd6987abafe6d690ae71cd5fd2aeeabe7589bfb4748aabdfba"
}
info|2023-07-08 15:27:16.699227|[RPC][BLOCK][NUMBER][fromJson],group=group0,node=2f993327933ad58672518b6d4f63920cbc68b80f78f4d81192552ee6362f5cc81ee13bdc678ad65f06e76444cadb53b33694cfb3fc7679b8000411975fedd28a,blockNumber=2100
info|2023-07-08 15:27:16.699250|[RPCWS][SERVICE][onRecvBlockNotifier]receive block number notifier,group=group0,node=2f993327933ad58672518b6d4f63920cbc68b80f78f4d81192552ee6362f5cc81ee13bdc678ad65f06e76444cadb53b33694cfb3fc7679b8000411975fedd28a,blockNumber=2100
info|2023-07-08 15:27:16.699257|[WS]receive block notify,endpoint=127.0.0.1:20201,blk={
	"blockNumber" : 2100,
	"group" : "group0",
	"nodeName" : "2f993327933ad58672518b6d4f63920cbc68b80f78f4d81192552ee6362f5cc81ee13bdc678ad65f06e76444cadb53b33694cfb3fc7679b8000411975fedd28a"
}
info|2023-07-08 15:27:17.204312|[RPC][BLOCK][NUMBER][fromJson],group=group0,node=98a7f70ec883a722219d92253cf073a72605f4087aa3443c8e4aadc0af2dc3ac647d0fa1b5ac99cd6987abafe6d690ae71cd5fd2aeeabe7589bfb4748aabdfba,blockNumber=2101
info|2023-07-08 15:27:17.204339|[RPCWS][SERVICE][onRecvBlockNotifier]receive block number notifier,group=group0,node=98a7f70ec883a722219d92253cf073a72605f4087aa3443c8e4aadc0af2dc3ac647d0fa1b5ac99cd6987abafe6d690ae71cd5fd2aeeabe7589bfb4748aabdfba,blockNumber=2101
info|2023-07-08 15:27:17.204345|[RPCWS][SERVICE][updateGroupBlockNumber],groupID=group0,_blockNumber=2101
info|2023-07-08 15:27:17.204351|[RPCWS][SERVICE][onRecvBlockNotifier]block notifier callback,group=group0,node=98a7f70ec883a722219d92253cf073a72605f4087aa3443c8e4aadc0af2dc3ac647d0fa1b5ac99cd6987abafe6d690ae71cd5fd2aeeabe7589bfb4748aabdfba,blockNumber=2101
info|2023-07-08 15:27:17.204356|[WS]receive block notify,endpoint=127.0.0.1:20200,blk={
	"blockNumber" : 2101,
	"group" : "group0",
	"nodeName" : "98a7f70ec883a722219d92253cf073a72605f4087aa3443c8e4aadc0af2dc3ac647d0fa1b5ac99cd6987abafe6d690ae71cd5fd2aeeabe7589bfb4748aabdfba"
}
info|2023-07-08 15:27:17.255795|[RPC][BLOCK][NUMBER][fromJson],group=group0,node=2f993327933ad58672518b6d4f63920cbc68b80f78f4d81192552ee6362f5cc81ee13bdc678ad65f06e76444cadb53b33694cfb3fc7679b8000411975fedd28a,blockNumber=2101
info|2023-07-08 15:27:17.255818|[RPCWS][SERVICE][onRecvBlockNotifier]receive block number notifier,group=group0,node=2f993327933ad58672518b6d4f63920cbc68b80f78f4d81192552ee6362f5cc81ee13bdc678ad65f06e76444cadb53b33694cfb3fc7679b8000411975fedd28a,blockNumber=2101
info|2023-07-08 15:27:17.255825|[WS]receive block notify,endpoint=127.0.0.1:20201,blk={
	"blockNumber" : 2101,
	"group" : "group0",
	"nodeName" : "2f993327933ad58672518b6d4f63920cbc68b80f78f4d81192552ee6362f5cc81ee13bdc678ad65f06e76444cadb53b33694cfb3fc7679b8000411975fedd28a"
}
info|2023-07-08 15:27:17.809385|[RPC][BLOCK][NUMBER][fromJson],group=group0,node=98a7f70ec883a722219d92253cf073a72605f4087aa3443c8e4aadc0af2dc3ac647d0fa1b5ac99cd6987abafe6d690ae71cd5fd2aeeabe7589bfb4748aabdfba,blockNumber=2102
info|2023-07-08 15:27:17.809432|[RPCWS][SERVICE][onRecvBlockNotifier]receive block number notifier,group=group0,node=98a7f70ec883a722219d92253cf073a72605f4087aa3443c8e4aadc0af2dc3ac647d0fa1b5ac99cd6987abafe6d690ae71cd5fd2aeeabe7589bfb4748aabdfba,blockNumber=2102
info|2023-07-08 15:27:17.809442|[RPCWS][SERVICE][updateGroupBlockNumber],groupID=group0,_blockNumber=2102
info|2023-07-08 15:27:17.809448|[RPCWS][SERVICE][onRecvBlockNotifier]block notifier callback,group=group0,node=98a7f70ec883a722219d92253cf073a72605f4087aa3443c8e4aadc0af2dc3ac647d0fa1b5ac99cd6987abafe6d690ae71cd5fd2aeeabe7589bfb4748aabdfba,blockNumber=2102
info|2023-07-08 15:27:17.809453|[WS]receive block notify,endpoint=127.0.0.1:20200,blk={
	"blockNumber" : 2102,
	"group" : "group0",
	"nodeName" : "98a7f70ec883a722219d92253cf073a72605f4087aa3443c8e4aadc0af2dc3ac647d0fa1b5ac99cd6987abafe6d690ae71cd5fd2aeeabe7589bfb4748aabdfba"
}
info|2023-07-08 15:27:17.852306|[RPC][BLOCK][NUMBER][fromJson],group=group0,node=2f993327933ad58672518b6d4f63920cbc68b80f78f4d81192552ee6362f5cc81ee13bdc678ad65f06e76444cadb53b33694cfb3fc7679b8000411975fedd28a,blockNumber=2102
info|2023-07-08 15:27:17.852331|[RPCWS][SERVICE][onRecvBlockNotifier]receive block number notifier,group=group0,node=2f993327933ad58672518b6d4f63920cbc68b80f78f4d81192552ee6362f5cc81ee13bdc678ad65f06e76444cadb53b33694cfb3fc7679b8000411975fedd28a,blockNumber=2102
info|2023-07-08 15:27:17.852340|[WS]receive block notify,endpoint=127.0.0.1:20201,blk={
	"blockNumber" : 2102,
	"group" : "group0",
	"nodeName" : "2f993327933ad58672518b6d4f63920cbc68b80f78f4d81192552ee6362f5cc81ee13bdc678ad65f06e76444cadb53b33694cfb3fc7679b8000411975fedd28a"
}
info|2023-07-08 15:27:18.321762|[RPC][BLOCK][NUMBER][fromJson],group=group0,node=98a7f70ec883a722219d92253cf073a72605f4087aa3443c8e4aadc0af2dc3ac647d0fa1b5ac99cd6987abafe6d690ae71cd5fd2aeeabe7589bfb4748aabdfba,blockNumber=2103
info|2023-07-08 15:27:18.321787|[RPCWS][SERVICE][onRecvBlockNotifier]receive block number notifier,group=group0,node=98a7f70ec883a722219d92253cf073a72605f4087aa3443c8e4aadc0af2dc3ac647d0fa1b5ac99cd6987abafe6d690ae71cd5fd2aeeabe7589bfb4748aabdfba,blockNumber=2103
info|2023-07-08 15:27:18.321793|[RPCWS][SERVICE][updateGroupBlockNumber],groupID=group0,_blockNumber=2103
info|2023-07-08 15:27:18.321798|[RPCWS][SERVICE][onRecvBlockNotifier]block notifier callback,group=group0,node=98a7f70ec883a722219d92253cf073a72605f4087aa3443c8e4aadc0af2dc3ac647d0fa1b5ac99cd6987abafe6d690ae71cd5fd2aeeabe7589bfb4748aabdfba,blockNumber=2103
info|2023-07-08 15:27:18.321801|[WS]receive block notify,endpoint=127.0.0.1:20200,blk={
	"blockNumber" : 2103,
	"group" : "group0",
	"nodeName" : "98a7f70ec883a722219d92253cf073a72605f4087aa3443c8e4aadc0af2dc3ac647d0fa1b5ac99cd6987abafe6d690ae71cd5fd2aeeabe7589bfb4748aabdfba"
}
info|2023-07-08 15:27:18.366426|[RPC][BLOCK][NUMBER][fromJson],group=group0,node=2f993327933ad58672518b6d4f63920cbc68b80f78f4d81192552ee6362f5cc81ee13bdc678ad65f06e76444cadb53b33694cfb3fc7679b8000411975fedd28a,blockNumber=2103
info|2023-07-08 15:27:18.366465|[RPCWS][SERVICE][onRecvBlockNotifier]receive block number notifier,group=group0,node=2f993327933ad58672518b6d4f63920cbc68b80f78f4d81192552ee6362f5cc81ee13bdc678ad65f06e76444cadb53b33694cfb3fc7679b8000411975fedd28a,blockNumber=2103
info|2023-07-08 15:27:18.366474|[WS]receive block notify,endpoint=127.0.0.1:20201,blk={
	"blockNumber" : 2103,
	"group" : "group0",
	"nodeName" : "2f993327933ad58672518b6d4f63920cbc68b80f78f4d81192552ee6362f5cc81ee13bdc678ad65f06e76444cadb53b33694cfb3fc7679b8000411975fedd28a"
}
info|2023-07-08 15:27:18.872000|[RPC][BLOCK][NUMBER][fromJson],group=group0,node=98a7f70ec883a722219d92253cf073a72605f4087aa3443c8e4aadc0af2dc3ac647d0fa1b5ac99cd6987abafe6d690ae71cd5fd2aeeabe7589bfb4748aabdfba,blockNumber=2104
info|2023-07-08 15:27:18.872037|[RPCWS][SERVICE][onRecvBlockNotifier]receive block number notifier,group=group0,node=98a7f70ec883a722219d92253cf073a72605f4087aa3443c8e4aadc0af2dc3ac647d0fa1b5ac99cd6987abafe6d690ae71cd5fd2aeeabe7589bfb4748aabdfba,blockNumber=2104
info|2023-07-08 15:27:18.872044|[RPCWS][SERVICE][updateGroupBlockNumber],groupID=group0,_blockNumber=2104
info|2023-07-08 15:27:18.872050|[RPCWS][SERVICE][onRecvBlockNotifier]block notifier callback,group=group0,node=98a7f70ec883a722219d92253cf073a72605f4087aa3443c8e4aadc0af2dc3ac647d0fa1b5ac99cd6987abafe6d690ae71cd5fd2aeeabe7589bfb4748aabdfba,blockNumber=2104
info|2023-07-08 15:27:18.872053|[WS]receive block notify,endpoint=127.0.0.1:20200,blk={
	"blockNumber" : 2104,
	"group" : "group0",
	"nodeName" : "98a7f70ec883a722219d92253cf073a72605f4087aa3443c8e4aadc0af2dc3ac647d0fa1b5ac99cd6987abafe6d690ae71cd5fd2aeeabe7589bfb4748aabdfba"
}
info|2023-07-08 15:27:18.918526|[RPC][BLOCK][NUMBER][fromJson],group=group0,node=2f993327933ad58672518b6d4f63920cbc68b80f78f4d81192552ee6362f5cc81ee13bdc678ad65f06e76444cadb53b33694cfb3fc7679b8000411975fedd28a,blockNumber=2104
info|2023-07-08 15:27:18.918544|[RPCWS][SERVICE][onRecvBlockNotifier]receive block number notifier,group=group0,node=2f993327933ad58672518b6d4f63920cbc68b80f78f4d81192552ee6362f5cc81ee13bdc678ad65f06e76444cadb53b33694cfb3fc7679b8000411975fedd28a,blockNumber=2104
info|2023-07-08 15:27:18.918550|[WS]receive block notify,endpoint=127.0.0.1:20201,blk={
	"blockNumber" : 2104,
	"group" : "group0",
	"nodeName" : "2f993327933ad58672518b6d4f63920cbc68b80f78f4d81192552ee6362f5cc81ee13bdc678ad65f06e76444cadb53b33694cfb3fc7679b8000411975fedd28a"
}
info|2023-07-08 15:27:19.448533|[RPC][BLOCK][NUMBER][fromJson],group=group0,node=2f993327933ad58672518b6d4f63920cbc68b80f78f4d81192552ee6362f5cc81ee13bdc678ad65f06e76444cadb53b33694cfb3fc7679b8000411975fedd28a,blockNumber=2105
info|2023-07-08 15:27:19.448582|[RPCWS][SERVICE][onRecvBlockNotifier]receive block number notifier,group=group0,node=2f993327933ad58672518b6d4f63920cbc68b80f78f4d81192552ee6362f5cc81ee13bdc678ad65f06e76444cadb53b33694cfb3fc7679b8000411975fedd28a,blockNumber=2105
info|2023-07-08 15:27:19.448589|[RPCWS][SERVICE][updateGroupBlockNumber],groupID=group0,_blockNumber=2105
info|2023-07-08 15:27:19.448594|[RPCWS][SERVICE][onRecvBlockNotifier]block notifier callback,group=group0,node=2f993327933ad58672518b6d4f63920cbc68b80f78f4d81192552ee6362f5cc81ee13bdc678ad65f06e76444cadb53b33694cfb3fc7679b8000411975fedd28a,blockNumber=2105
info|2023-07-08 15:27:19.448598|[WS]receive block notify,endpoint=127.0.0.1:20201,blk={
	"blockNumber" : 2105,
	"group" : "group0",
	"nodeName" : "2f993327933ad58672518b6d4f63920cbc68b80f78f4d81192552ee6362f5cc81ee13bdc678ad65f06e76444cadb53b33694cfb3fc7679b8000411975fedd28a"
}
info|2023-07-08 15:27:19.457564|[RPC][BLOCK][NUMBER][fromJson],group=group0,node=98a7f70ec883a722219d92253cf073a72605f4087aa3443c8e4aadc0af2dc3ac647d0fa1b5ac99cd6987abafe6d690ae71cd5fd2aeeabe7589bfb4748aabdfba,blockNumber=2105
info|2023-07-08 15:27:19.457611|[RPCWS][SERVICE][onRecvBlockNotifier]receive block number notifier,group=group0,node=98a7f70ec883a722219d92253cf073a72605f4087aa3443c8e4aadc0af2dc3ac647d0fa1b5ac99cd6987abafe6d690ae71cd5fd2aeeabe7589bfb4748aabdfba,blockNumber=2105
info|2023-07-08 15:27:19.457620|[WS]receive block notify,endpoint=127.0.0.1:20200,blk={
	"blockNumber" : 2105,
	"group" : "group0",
	"nodeName" : "98a7f70ec883a722219d92253cf073a72605f4087aa3443c8e4aadc0af2dc3ac647d0fa1b5ac99cd6987abafe6d690ae71cd5fd2aeeabe7589bfb4748aabdfba"
}
info|2023-07-08 15:27:20.022216|[RPC][BLOCK][NUMBER][fromJson],group=group0,node=2f993327933ad58672518b6d4f63920cbc68b80f78f4d81192552ee6362f5cc81ee13bdc678ad65f06e76444cadb53b33694cfb3fc7679b8000411975fedd28a,blockNumber=2106
info|2023-07-08 15:27:20.022239|[RPCWS][SERVICE][onRecvBlockNotifier]receive block number notifier,group=group0,node=2f993327933ad58672518b6d4f63920cbc68b80f78f4d81192552ee6362f5cc81ee13bdc678ad65f06e76444cadb53b33694cfb3fc7679b8000411975fedd28a,blockNumber=2106
info|2023-07-08 15:27:20.022244|[RPCWS][SERVICE][updateGroupBlockNumber],groupID=group0,_blockNumber=2106
info|2023-07-08 15:27:20.022250|[RPCWS][SERVICE][onRecvBlockNotifier]block notifier callback,group=group0,node=2f993327933ad58672518b6d4f63920cbc68b80f78f4d81192552ee6362f5cc81ee13bdc678ad65f06e76444cadb53b33694cfb3fc7679b8000411975fedd28a,blockNumber=2106
info|2023-07-08 15:27:20.022254|[WS]receive block notify,endpoint=127.0.0.1:20201,blk={
	"blockNumber" : 2106,
	"group" : "group0",
	"nodeName" : "2f993327933ad58672518b6d4f63920cbc68b80f78f4d81192552ee6362f5cc81ee13bdc678ad65f06e76444cadb53b33694cfb3fc7679b8000411975fedd28a"
}
info|2023-07-08 15:27:20.045206|[RPC][BLOCK][NUMBER][fromJson],group=group0,node=98a7f70ec883a722219d92253cf073a72605f4087aa3443c8e4aadc0af2dc3ac647d0fa1b5ac99cd6987abafe6d690ae71cd5fd2aeeabe7589bfb4748aabdfba,blockNumber=2106
info|2023-07-08 15:27:20.045230|[RPCWS][SERVICE][onRecvBlockNotifier]receive block number notifier,group=group0,node=98a7f70ec883a722219d92253cf073a72605f4087aa3443c8e4aadc0af2dc3ac647d0fa1b5ac99cd6987abafe6d690ae71cd5fd2aeeabe7589bfb4748aabdfba,blockNumber=2106
info|2023-07-08 15:27:20.045236|[WS]receive block notify,endpoint=127.0.0.1:20200,blk={
	"blockNumber" : 2106,
	"group" : "group0",
	"nodeName" : "98a7f70ec883a722219d92253cf073a72605f4087aa3443c8e4aadc0af2dc3ac647d0fa1b5ac99cd6987abafe6d690ae71cd5fd2aeeabe7589bfb4748aabdfba"
}
info|2023-07-08 15:27:20.527941|[RPC][BLOCK][NUMBER][fromJson],group=group0,node=98a7f70ec883a722219d92253cf073a72605f4087aa3443c8e4aadc0af2dc3ac647d0fa1b5ac99cd6987abafe6d690ae71cd5fd2aeeabe7589bfb4748aabdfba,blockNumber=2107
info|2023-07-08 15:27:20.528013|[RPCWS][SERVICE][onRecvBlockNotifier]receive block number notifier,group=group0,node=98a7f70ec883a722219d92253cf073a72605f4087aa3443c8e4aadc0af2dc3ac647d0fa1b5ac99cd6987abafe6d690ae71cd5fd2aeeabe7589bfb4748aabdfba,blockNumber=2107
info|2023-07-08 15:27:20.528023|[RPCWS][SERVICE][updateGroupBlockNumber],groupID=group0,_blockNumber=2107
info|2023-07-08 15:27:20.528028|[RPCWS][SERVICE][onRecvBlockNotifier]block notifier callback,group=group0,node=98a7f70ec883a722219d92253cf073a72605f4087aa3443c8e4aadc0af2dc3ac647d0fa1b5ac99cd6987abafe6d690ae71cd5fd2aeeabe7589bfb4748aabdfba,blockNumber=2107
info|2023-07-08 15:27:20.528032|[WS]receive block notify,endpoint=127.0.0.1:20200,blk={
	"blockNumber" : 2107,
	"group" : "group0",
	"nodeName" : "98a7f70ec883a722219d92253cf073a72605f4087aa3443c8e4aadc0af2dc3ac647d0fa1b5ac99cd6987abafe6d690ae71cd5fd2aeeabe7589bfb4748aabdfba"
}
info|2023-07-08 15:27:20.577265|[RPC][BLOCK][NUMBER][fromJson],group=group0,node=2f993327933ad58672518b6d4f63920cbc68b80f78f4d81192552ee6362f5cc81ee13bdc678ad65f06e76444cadb53b33694cfb3fc7679b8000411975fedd28a,blockNumber=2107
info|2023-07-08 15:27:20.577288|[RPCWS][SERVICE][onRecvBlockNotifier]receive block number notifier,group=group0,node=2f993327933ad58672518b6d4f63920cbc68b80f78f4d81192552ee6362f5cc81ee13bdc678ad65f06e76444cadb53b33694cfb3fc7679b8000411975fedd28a,blockNumber=2107
info|2023-07-08 15:27:20.577295|[WS]receive block notify,endpoint=127.0.0.1:20201,blk={
	"blockNumber" : 2107,
	"group" : "group0",
	"nodeName" : "2f993327933ad58672518b6d4f63920cbc68b80f78f4d81192552ee6362f5cc81ee13bdc678ad65f06e76444cadb53b33694cfb3fc7679b8000411975fedd28a"
}
info|2023-07-08 15:27:21.052372|[RPC][BLOCK][NUMBER][fromJson],group=group0,node=98a7f70ec883a722219d92253cf073a72605f4087aa3443c8e4aadc0af2dc3ac647d0fa1b5ac99cd6987abafe6d690ae71cd5fd2aeeabe7589bfb4748aabdfba,blockNumber=2108
info|2023-07-08 15:27:21.052415|[RPCWS][SERVICE][onRecvBlockNotifier]receive block number notifier,group=group0,node=98a7f70ec883a722219d92253cf073a72605f4087aa3443c8e4aadc0af2dc3ac647d0fa1b5ac99cd6987abafe6d690ae71cd5fd2aeeabe7589bfb4748aabdfba,blockNumber=2108
info|2023-07-08 15:27:21.052423|[RPCWS][SERVICE][updateGroupBlockNumber],groupID=group0,_blockNumber=2108
info|2023-07-08 15:27:21.052428|[RPCWS][SERVICE][onRecvBlockNotifier]block notifier callback,group=group0,node=98a7f70ec883a722219d92253cf073a72605f4087aa3443c8e4aadc0af2dc3ac647d0fa1b5ac99cd6987abafe6d690ae71cd5fd2aeeabe7589bfb4748aabdfba,blockNumber=2108
info|2023-07-08 15:27:21.052432|[WS]receive block notify,endpoint=127.0.0.1:20200,blk={
	"blockNumber" : 2108,
	"group" : "group0",
	"nodeName" : "98a7f70ec883a722219d92253cf073a72605f4087aa3443c8e4aadc0af2dc3ac647d0fa1b5ac99cd6987abafe6d690ae71cd5fd2aeeabe7589bfb4748aabdfba"
}
info|2023-07-08 15:27:21.081435|[RPC][BLOCK][NUMBER][fromJson],group=group0,node=2f993327933ad58672518b6d4f63920cbc68b80f78f4d81192552ee6362f5cc81ee13bdc678ad65f06e76444cadb53b33694cfb3fc7679b8000411975fedd28a,blockNumber=2108
info|2023-07-08 15:27:21.081474|[RPCWS][SERVICE][onRecvBlockNotifier]receive block number notifier,group=group0,node=2f993327933ad58672518b6d4f63920cbc68b80f78f4d81192552ee6362f5cc81ee13bdc678ad65f06e76444cadb53b33694cfb3fc7679b8000411975fedd28a,blockNumber=2108
info|2023-07-08 15:27:21.081482|[WS]receive block notify,endpoint=127.0.0.1:20201,blk={
	"blockNumber" : 2108,
	"group" : "group0",
	"nodeName" : "2f993327933ad58672518b6d4f63920cbc68b80f78f4d81192552ee6362f5cc81ee13bdc678ad65f06e76444cadb53b33694cfb3fc7679b8000411975fedd28a"
}
info|2023-07-08 15:27:21.575134|[RPC][BLOCK][NUMBER][fromJson],group=group0,node=98a7f70ec883a722219d92253cf073a72605f4087aa3443c8e4aadc0af2dc3ac647d0fa1b5ac99cd6987abafe6d690ae71cd5fd2aeeabe7589bfb4748aabdfba,blockNumber=2109
info|2023-07-08 15:27:21.575187|[RPCWS][SERVICE][onRecvBlockNotifier]receive block number notifier,group=group0,node=98a7f70ec883a722219d92253cf073a72605f4087aa3443c8e4aadc0af2dc3ac647d0fa1b5ac99cd6987abafe6d690ae71cd5fd2aeeabe7589bfb4748aabdfba,blockNumber=2109
info|2023-07-08 15:27:21.575195|[RPCWS][SERVICE][updateGroupBlockNumber],groupID=group0,_blockNumber=2109
info|2023-07-08 15:27:21.575199|[RPCWS][SERVICE][onRecvBlockNotifier]block notifier callback,group=group0,node=98a7f70ec883a722219d92253cf073a72605f4087aa3443c8e4aadc0af2dc3ac647d0fa1b5ac99cd6987abafe6d690ae71cd5fd2aeeabe7589bfb4748aabdfba,blockNumber=2109
info|2023-07-08 15:27:21.575204|[WS]receive block notify,endpoint=127.0.0.1:20200,blk={
	"blockNumber" : 2109,
	"group" : "group0",
	"nodeName" : "98a7f70ec883a722219d92253cf073a72605f4087aa3443c8e4aadc0af2dc3ac647d0fa1b5ac99cd6987abafe6d690ae71cd5fd2aeeabe7589bfb4748aabdfba"
}
info|2023-07-08 15:27:21.654778|[RPC][BLOCK][NUMBER][fromJson],group=group0,node=2f993327933ad58672518b6d4f63920cbc68b80f78f4d81192552ee6362f5cc81ee13bdc678ad65f06e76444cadb53b33694cfb3fc7679b8000411975fedd28a,blockNumber=2109
info|2023-07-08 15:27:21.654800|[RPCWS][SERVICE][onRecvBlockNotifier]receive block number notifier,group=group0,node=2f993327933ad58672518b6d4f63920cbc68b80f78f4d81192552ee6362f5cc81ee13bdc678ad65f06e76444cadb53b33694cfb3fc7679b8000411975fedd28a,blockNumber=2109
info|2023-07-08 15:27:21.654806|[WS]receive block notify,endpoint=127.0.0.1:20201,blk={
	"blockNumber" : 2109,
	"group" : "group0",
	"nodeName" : "2f993327933ad58672518b6d4f63920cbc68b80f78f4d81192552ee6362f5cc81ee13bdc678ad65f06e76444cadb53b33694cfb3fc7679b8000411975fedd28a"
}
info|2023-07-08 15:27:22.222005|[RPC][BLOCK][NUMBER][fromJson],group=group0,node=98a7f70ec883a722219d92253cf073a72605f4087aa3443c8e4aadc0af2dc3ac647d0fa1b5ac99cd6987abafe6d690ae71cd5fd2aeeabe7589bfb4748aabdfba,blockNumber=2110
info|2023-07-08 15:27:22.222051|[RPCWS][SERVICE][onRecvBlockNotifier]receive block number notifier,group=group0,node=98a7f70ec883a722219d92253cf073a72605f4087aa3443c8e4aadc0af2dc3ac647d0fa1b5ac99cd6987abafe6d690ae71cd5fd2aeeabe7589bfb4748aabdfba,blockNumber=2110
info|2023-07-08 15:27:22.222060|[RPCWS][SERVICE][updateGroupBlockNumber],groupID=group0,_blockNumber=2110
info|2023-07-08 15:27:22.222065|[RPCWS][SERVICE][onRecvBlockNotifier]block notifier callback,group=group0,node=98a7f70ec883a722219d92253cf073a72605f4087aa3443c8e4aadc0af2dc3ac647d0fa1b5ac99cd6987abafe6d690ae71cd5fd2aeeabe7589bfb4748aabdfba,blockNumber=2110
info|2023-07-08 15:27:22.222069|[WS]receive block notify,endpoint=127.0.0.1:20200,blk={
	"blockNumber" : 2110,
	"group" : "group0",
	"nodeName" : "98a7f70ec883a722219d92253cf073a72605f4087aa3443c8e4aadc0af2dc3ac647d0fa1b5ac99cd6987abafe6d690ae71cd5fd2aeeabe7589bfb4748aabdfba"
}
info|2023-07-08 15:27:22.251856|[RPC][BLOCK][NUMBER][fromJson],group=group0,node=2f993327933ad58672518b6d4f63920cbc68b80f78f4d81192552ee6362f5cc81ee13bdc678ad65f06e76444cadb53b33694cfb3fc7679b8000411975fedd28a,blockNumber=2110
info|2023-07-08 15:27:22.251876|[RPCWS][SERVICE][onRecvBlockNotifier]receive block number notifier,group=group0,node=2f993327933ad58672518b6d4f63920cbc68b80f78f4d81192552ee6362f5cc81ee13bdc678ad65f06e76444cadb53b33694cfb3fc7679b8000411975fedd28a,blockNumber=2110
info|2023-07-08 15:27:22.251883|[WS]receive block notify,endpoint=127.0.0.1:20201,blk={
	"blockNumber" : 2110,
	"group" : "group0",
	"nodeName" : "2f993327933ad58672518b6d4f63920cbc68b80f78f4d81192552ee6362f5cc81ee13bdc678ad65f06e76444cadb53b33694cfb3fc7679b8000411975fedd28a"
}
info|2023-07-08 15:27:29.375746|[EVENT][SUB][doLoop]event sub tasks report,working event sub count=0,suspend event sub count=0
info|2023-07-08 15:27:29.402599|[SDK][WS][SERVICE]connected nodes,count=2
info|2023-07-08 15:27:49.375830|[EVENT][SUB][doLoop]event sub tasks report,working event sub count=0,suspend event sub count=0
info|2023-07-08 15:27:49.403220|[SDK][WS][SERVICE]connected nodes,count=2
info|2023-07-08 15:28:09.376724|[EVENT][SUB][doLoop]event sub tasks report,working event sub count=0,suspend event sub count=0
info|2023-07-08 15:28:09.403448|[SDK][WS][SERVICE]connected nodes,count=2
info|2023-07-08 15:28:29.377047|[EVENT][SUB][doLoop]event sub tasks report,working event sub count=0,suspend event sub count=0
info|2023-07-08 15:28:29.404037|[SDK][WS][SERVICE]connected nodes,count=2
info|2023-07-08 15:28:49.377632|[EVENT][SUB][doLoop]event sub tasks report,working event sub count=0,suspend event sub count=0
info|2023-07-08 15:28:49.404579|[SDK][WS][SERVICE]connected nodes,count=2
info|2023-07-08 15:29:09.377926|[EVENT][SUB][doLoop]event sub tasks report,working event sub count=0,suspend event sub count=0
info|2023-07-08 15:29:09.405278|[SDK][WS][SERVICE]connected nodes,count=2
info|2023-07-08 15:29:29.378210|[EVENT][SUB][doLoop]event sub tasks report,working event sub count=0,suspend event sub count=0
info|2023-07-08 15:29:29.405761|[SDK][WS][SERVICE]connected nodes,count=2
info|2023-07-08 15:29:49.378462|[EVENT][SUB][doLoop]event sub tasks report,working event sub count=0,suspend event sub count=0
info|2023-07-08 15:29:49.406047|[SDK][WS][SERVICE]connected nodes,count=2
info|2023-07-08 15:30:09.379008|[EVENT][SUB][doLoop]event sub tasks report,working event sub count=0,suspend event sub count=0
info|2023-07-08 15:30:09.406259|[SDK][WS][SERVICE]connected nodes,count=2
info|2023-07-08 15:30:29.379304|[EVENT][SUB][doLoop]event sub tasks report,working event sub count=0,suspend event sub count=0
info|2023-07-08 15:30:29.406416|[SDK][WS][SERVICE]connected nodes,count=2
info|2023-07-08 15:30:49.379584|[EVENT][SUB][doLoop]event sub tasks report,working event sub count=0,suspend event sub count=0
info|2023-07-08 15:30:49.406772|[SDK][WS][SERVICE]connected nodes,count=2
info|2023-07-08 15:31:09.379698|[EVENT][SUB][doLoop]event sub tasks report,working event sub count=0,suspend event sub count=0
info|2023-07-08 15:31:09.407047|[SDK][WS][SERVICE]connected nodes,count=2
info|2023-07-08 15:31:29.380115|[EVENT][SUB][doLoop]event sub tasks report,working event sub count=0,suspend event sub count=0
info|2023-07-08 15:31:29.407395|[SDK][WS][SERVICE]connected nodes,count=2
info|2023-07-08 15:31:49.380731|[EVENT][SUB][doLoop]event sub tasks report,working event sub count=0,suspend event sub count=0
info|2023-07-08 15:31:49.407661|[SDK][WS][SERVICE]connected nodes,count=2
info|2023-07-08 15:32:09.381130|[EVENT][SUB][doLoop]event sub tasks report,working event sub count=0,suspend event sub count=0
info|2023-07-08 15:32:09.407907|[SDK][WS][SERVICE]connected nodes,count=2
info|2023-07-08 15:32:29.381598|[EVENT][SUB][doLoop]event sub tasks report,working event sub count=0,suspend event sub count=0
info|2023-07-08 15:32:29.408270|[SDK][WS][SERVICE]connected nodes,count=2
info|2023-07-08 15:32:49.381843|[EVENT][SUB][doLoop]event sub tasks report,working event sub count=0,suspend event sub count=0
info|2023-07-08 15:32:49.408583|[SDK][WS][SERVICE]connected nodes,count=2
info|2023-07-08 15:33:09.382312|[EVENT][SUB][doLoop]event sub tasks report,working event sub count=0,suspend event sub count=0
info|2023-07-08 15:33:09.408957|[SDK][WS][SERVICE]connected nodes,count=2
info|2023-07-08 15:33:29.382691|[EVENT][SUB][doLoop]event sub tasks report,working event sub count=0,suspend event sub count=0
info|2023-07-08 15:33:29.409361|[SDK][WS][SERVICE]connected nodes,count=2
info|2023-07-08 15:33:49.383194|[EVENT][SUB][doLoop]event sub tasks report,working event sub count=0,suspend event sub count=0
info|2023-07-08 15:33:49.410508|[SDK][WS][SERVICE]connected nodes,count=2
info|2023-07-08 15:34:09.383324|[EVENT][SUB][doLoop]event sub tasks report,working event sub count=0,suspend event sub count=0
info|2023-07-08 15:34:09.410850|[SDK][WS][SERVICE]connected nodes,count=2
info|2023-07-08 15:34:29.383582|[EVENT][SUB][doLoop]event sub tasks report,working event sub count=0,suspend event sub count=0
info|2023-07-08 15:34:29.411409|[SDK][WS][SERVICE]connected nodes,count=2
info|2023-07-08 15:34:49.384236|[EVENT][SUB][doLoop]event sub tasks report,working event sub count=0,suspend event sub count=0
info|2023-07-08 15:34:49.411939|[SDK][WS][SERVICE]connected nodes,count=2
info|2023-07-08 15:35:09.384721|[EVENT][SUB][doLoop]event sub tasks report,working event sub count=0,suspend event sub count=0
info|2023-07-08 15:35:09.412478|[SDK][WS][SERVICE]connected nodes,count=2
info|2023-07-08 15:35:29.384820|[EVENT][SUB][doLoop]event sub tasks report,working event sub count=0,suspend event sub count=0
info|2023-07-08 15:35:29.413037|[SDK][WS][SERVICE]connected nodes,count=2
info|2023-07-08 15:35:49.384951|[EVENT][SUB][doLoop]event sub tasks report,working event sub count=0,suspend event sub count=0
info|2023-07-08 15:35:49.413205|[SDK][WS][SERVICE]connected nodes,count=2
info|2023-07-08 15:36:09.385172|[EVENT][SUB][doLoop]event sub tasks report,working event sub count=0,suspend event sub count=0
info|2023-07-08 15:36:09.413622|[SDK][WS][SERVICE]connected nodes,count=2
info|2023-07-08 15:36:29.385417|[EVENT][SUB][doLoop]event sub tasks report,working event sub count=0,suspend event sub count=0
info|2023-07-08 15:36:29.413962|[SDK][WS][SERVICE]connected nodes,count=2
info|2023-07-08 15:36:49.385752|[EVENT][SUB][doLoop]event sub tasks report,working event sub count=0,suspend event sub count=0
info|2023-07-08 15:36:49.414500|[SDK][WS][SERVICE]connected nodes,count=2
info|2023-07-08 15:37:09.385828|[EVENT][SUB][doLoop]event sub tasks report,working event sub count=0,suspend event sub count=0
info|2023-07-08 15:37:09.414737|[SDK][WS][SERVICE]connected nodes,count=2
info|2023-07-08 15:37:29.386163|[EVENT][SUB][doLoop]event sub tasks report,working event sub count=0,suspend event sub count=0
info|2023-07-08 15:37:29.415169|[SDK][WS][SERVICE]connected nodes,count=2
info|2023-07-08 15:37:49.386496|[EVENT][SUB][doLoop]event sub tasks report,working event sub count=0,suspend event sub count=0
info|2023-07-08 15:37:49.415723|[SDK][WS][SERVICE]connected nodes,count=2
info|2023-07-08 15:38:09.387078|[EVENT][SUB][doLoop]event sub tasks report,working event sub count=0,suspend event sub count=0
info|2023-07-08 15:38:09.415897|[SDK][WS][SERVICE]connected nodes,count=2
info|2023-07-08 15:38:29.387173|[EVENT][SUB][doLoop]event sub tasks report,working event sub count=0,suspend event sub count=0
info|2023-07-08 15:38:29.416040|[SDK][WS][SERVICE]connected nodes,count=2
info|2023-07-08 15:38:49.387227|[EVENT][SUB][doLoop]event sub tasks report,working event sub count=0,suspend event sub count=0
info|2023-07-08 15:38:49.416397|[SDK][WS][SERVICE]connected nodes,count=2
info|2023-07-08 15:39:09.387738|[EVENT][SUB][doLoop]event sub tasks report,working event sub count=0,suspend event sub count=0
info|2023-07-08 15:39:09.416730|[SDK][WS][SERVICE]connected nodes,count=2
info|2023-07-08 15:39:29.387819|[EVENT][SUB][doLoop]event sub tasks report,working event sub count=0,suspend event sub count=0
info|2023-07-08 15:39:29.417073|[SDK][WS][SERVICE]connected nodes,count=2
info|2023-07-08 15:39:49.388033|[EVENT][SUB][doLoop]event sub tasks report,working event sub count=0,suspend event sub count=0
info|2023-07-08 15:39:49.417279|[SDK][WS][SERVICE]connected nodes,count=2
info|2023-07-08 15:40:09.388455|[EVENT][SUB][doLoop]event sub tasks report,working event sub count=0,suspend event sub count=0
info|2023-07-08 15:40:09.417594|[SDK][WS][SERVICE]connected nodes,count=2
info|2023-07-08 15:40:29.388797|[EVENT][SUB][doLoop]event sub tasks report,working event sub count=0,suspend event sub count=0
info|2023-07-08 15:40:29.417901|[SDK][WS][SERVICE]connected nodes,count=2
info|2023-07-08 15:40:49.388834|[EVENT][SUB][doLoop]event sub tasks report,working event sub count=0,suspend event sub count=0
info|2023-07-08 15:40:49.418408|[SDK][WS][SERVICE]connected nodes,count=2
info|2023-07-08 15:41:09.389068|[EVENT][SUB][doLoop]event sub tasks report,working event sub count=0,suspend event sub count=0
info|2023-07-08 15:41:09.418804|[SDK][WS][SERVICE]connected nodes,count=2
info|2023-07-08 15:41:29.389116|[EVENT][SUB][doLoop]event sub tasks report,working event sub count=0,suspend event sub count=0
info|2023-07-08 15:41:29.418992|[SDK][WS][SERVICE]connected nodes,count=2
info|2023-07-08 15:41:49.389159|[EVENT][SUB][doLoop]event sub tasks report,working event sub count=0,suspend event sub count=0
info|2023-07-08 15:41:49.419438|[SDK][WS][SERVICE]connected nodes,count=2
info|2023-07-08 15:42:09.389825|[EVENT][SUB][doLoop]event sub tasks report,working event sub count=0,suspend event sub count=0
info|2023-07-08 15:42:09.420232|[SDK][WS][SERVICE]connected nodes,count=2
info|2023-07-08 15:42:29.390281|[EVENT][SUB][doLoop]event sub tasks report,working event sub count=0,suspend event sub count=0
info|2023-07-08 15:42:29.420401|[SDK][WS][SERVICE]connected nodes,count=2
info|2023-07-08 15:42:49.390461|[EVENT][SUB][doLoop]event sub tasks report,working event sub count=0,suspend event sub count=0
info|2023-07-08 15:42:49.420623|[SDK][WS][SERVICE]connected nodes,count=2
info|2023-07-08 15:43:09.390634|[EVENT][SUB][doLoop]event sub tasks report,working event sub count=0,suspend event sub count=0
info|2023-07-08 15:43:09.421136|[SDK][WS][SERVICE]connected nodes,count=2
info|2023-07-08 15:43:29.391159|[EVENT][SUB][doLoop]event sub tasks report,working event sub count=0,suspend event sub count=0
info|2023-07-08 15:43:29.422311|[SDK][WS][SERVICE]connected nodes,count=2
info|2023-07-08 15:43:49.391514|[EVENT][SUB][doLoop]event sub tasks report,working event sub count=0,suspend event sub count=0
info|2023-07-08 15:43:49.422527|[SDK][WS][SERVICE]connected nodes,count=2
info|2023-07-08 15:44:09.391647|[EVENT][SUB][doLoop]event sub tasks report,working event sub count=0,suspend event sub count=0
info|2023-07-08 15:44:09.423287|[SDK][WS][SERVICE]connected nodes,count=2
info|2023-07-08 15:44:29.391771|[EVENT][SUB][doLoop]event sub tasks report,working event sub count=0,suspend event sub count=0
info|2023-07-08 15:44:29.423610|[SDK][WS][SERVICE]connected nodes,count=2
info|2023-07-08 15:44:49.392074|[EVENT][SUB][doLoop]event sub tasks report,working event sub count=0,suspend event sub count=0
info|2023-07-08 15:44:49.424099|[SDK][WS][SERVICE]connected nodes,count=2
info|2023-07-08 15:45:09.392351|[EVENT][SUB][doLoop]event sub tasks report,working event sub count=0,suspend event sub count=0
info|2023-07-08 15:45:09.424306|[SDK][WS][SERVICE]connected nodes,count=2
info|2023-07-08 15:45:29.392827|[EVENT][SUB][doLoop]event sub tasks report,working event sub count=0,suspend event sub count=0
info|2023-07-08 15:45:29.424857|[SDK][WS][SERVICE]connected nodes,count=2
info|2023-07-08 15:45:49.392972|[EVENT][SUB][doLoop]event sub tasks report,working event sub count=0,suspend event sub count=0
info|2023-07-08 15:45:49.425319|[SDK][WS][SERVICE]connected nodes,count=2
info|2023-07-08 15:46:09.393585|[EVENT][SUB][doLoop]event sub tasks report,working event sub count=0,suspend event sub count=0
info|2023-07-08 15:46:09.425428|[SDK][WS][SERVICE]connected nodes,count=2
info|2023-07-08 15:46:29.393750|[EVENT][SUB][doLoop]event sub tasks report,working event sub count=0,suspend event sub count=0
info|2023-07-08 15:46:29.426119|[SDK][WS][SERVICE]connected nodes,count=2
info|2023-07-08 15:46:49.393814|[EVENT][SUB][doLoop]event sub tasks report,working event sub count=0,suspend event sub count=0
info|2023-07-08 15:46:49.427028|[SDK][WS][SERVICE]connected nodes,count=2
info|2023-07-08 15:47:09.394131|[EVENT][SUB][doLoop]event sub tasks report,working event sub count=0,suspend event sub count=0
info|2023-07-08 15:47:09.427421|[SDK][WS][SERVICE]connected nodes,count=2
info|2023-07-08 15:47:29.394708|[EVENT][SUB][doLoop]event sub tasks report,working event sub count=0,suspend event sub count=0
info|2023-07-08 15:47:29.427859|[SDK][WS][SERVICE]connected nodes,count=2
info|2023-07-08 15:47:49.395196|[EVENT][SUB][doLoop]event sub tasks report,working event sub count=0,suspend event sub count=0
info|2023-07-08 15:47:49.428721|[SDK][WS][SERVICE]connected nodes,count=2
info|2023-07-08 15:48:09.395838|[EVENT][SUB][doLoop]event sub tasks report,working event sub count=0,suspend event sub count=0
info|2023-07-08 15:48:09.429205|[SDK][WS][SERVICE]connected nodes,count=2
info|2023-07-08 15:48:29.396020|[EVENT][SUB][doLoop]event sub tasks report,working event sub count=0,suspend event sub count=0
info|2023-07-08 15:48:29.429335|[SDK][WS][SERVICE]connected nodes,count=2
info|2023-07-08 15:48:49.396326|[EVENT][SUB][doLoop]event sub tasks report,working event sub count=0,suspend event sub count=0
info|2023-07-08 15:48:49.429785|[SDK][WS][SERVICE]connected nodes,count=2
info|2023-07-08 15:49:09.396954|[EVENT][SUB][doLoop]event sub tasks report,working event sub count=0,suspend event sub count=0
info|2023-07-08 15:49:09.430056|[SDK][WS][SERVICE]connected nodes,count=2
info|2023-07-08 15:49:29.397547|[EVENT][SUB][doLoop]event sub tasks report,working event sub count=0,suspend event sub count=0
info|2023-07-08 15:49:29.430228|[SDK][WS][SERVICE]connected nodes,count=2
info|2023-07-08 15:49:49.397633|[EVENT][SUB][doLoop]event sub tasks report,working event sub count=0,suspend event sub count=0
info|2023-07-08 15:49:49.431135|[SDK][WS][SERVICE]connected nodes,count=2
info|2023-07-08 15:50:09.397774|[EVENT][SUB][doLoop]event sub tasks report,working event sub count=0,suspend event sub count=0
info|2023-07-08 15:50:09.431949|[SDK][WS][SERVICE]connected nodes,count=2
info|2023-07-08 15:50:29.398222|[EVENT][SUB][doLoop]event sub tasks report,working event sub count=0,suspend event sub count=0
info|2023-07-08 15:50:29.432418|[SDK][WS][SERVICE]connected nodes,count=2
info|2023-07-08 15:50:49.398589|[EVENT][SUB][doLoop]event sub tasks report,working event sub count=0,suspend event sub count=0
info|2023-07-08 15:50:49.432648|[SDK][WS][SERVICE]connected nodes,count=2
info|2023-07-08 15:51:09.399134|[EVENT][SUB][doLoop]event sub tasks report,working event sub count=0,suspend event sub count=0
info|2023-07-08 15:51:09.432835|[SDK][WS][SERVICE]connected nodes,count=2
info|2023-07-08 15:51:29.399196|[EVENT][SUB][doLoop]event sub tasks report,working event sub count=0,suspend event sub count=0
info|2023-07-08 15:51:29.433032|[SDK][WS][SERVICE]connected nodes,count=2
info|2023-07-08 15:51:49.399465|[EVENT][SUB][doLoop]event sub tasks report,working event sub count=0,suspend event sub count=0
info|2023-07-08 15:51:49.433340|[SDK][WS][SERVICE]connected nodes,count=2
info|2023-07-08 15:52:09.400659|[EVENT][SUB][doLoop]event sub tasks report,working event sub count=0,suspend event sub count=0
info|2023-07-08 15:52:09.437275|[SDK][WS][SERVICE]connected nodes,count=2
info|2023-07-08 15:52:29.400993|[EVENT][SUB][doLoop]event sub tasks report,working event sub count=0,suspend event sub count=0
info|2023-07-08 15:52:29.437524|[SDK][WS][SERVICE]connected nodes,count=2
info|2023-07-08 15:52:49.401541|[EVENT][SUB][doLoop]event sub tasks report,working event sub count=0,suspend event sub count=0
info|2023-07-08 15:52:49.437863|[SDK][WS][SERVICE]connected nodes,count=2
info|2023-07-08 15:53:09.401700|[EVENT][SUB][doLoop]event sub tasks report,working event sub count=0,suspend event sub count=0
info|2023-07-08 15:53:09.437984|[SDK][WS][SERVICE]connected nodes,count=2
info|2023-07-08 15:53:29.401902|[EVENT][SUB][doLoop]event sub tasks report,working event sub count=0,suspend event sub count=0
info|2023-07-08 15:53:29.438152|[SDK][WS][SERVICE]connected nodes,count=2
info|2023-07-08 15:53:49.402098|[EVENT][SUB][doLoop]event sub tasks report,working event sub count=0,suspend event sub count=0
info|2023-07-08 15:53:49.438530|[SDK][WS][SERVICE]connected nodes,count=2
info|2023-07-08 15:54:09.402163|[EVENT][SUB][doLoop]event sub tasks report,working event sub count=0,suspend event sub count=0
info|2023-07-08 15:54:09.438854|[SDK][WS][SERVICE]connected nodes,count=2
info|2023-07-08 15:54:29.402499|[EVENT][SUB][doLoop]event sub tasks report,working event sub count=0,suspend event sub count=0
info|2023-07-08 15:54:29.439013|[SDK][WS][SERVICE]connected nodes,count=2
info|2023-07-08 15:54:49.402556|[EVENT][SUB][doLoop]event sub tasks report,working event sub count=0,suspend event sub count=0
info|2023-07-08 15:54:49.439175|[SDK][WS][SERVICE]connected nodes,count=2
info|2023-07-08 15:55:09.403312|[EVENT][SUB][doLoop]event sub tasks report,working event sub count=0,suspend event sub count=0
info|2023-07-08 15:55:09.439492|[SDK][WS][SERVICE]connected nodes,count=2
info|2023-07-08 15:55:29.403875|[EVENT][SUB][doLoop]event sub tasks report,working event sub count=0,suspend event sub count=0
info|2023-07-08 15:55:29.439896|[SDK][WS][SERVICE]connected nodes,count=2
info|2023-07-08 15:55:49.404493|[EVENT][SUB][doLoop]event sub tasks report,working event sub count=0,suspend event sub count=0
info|2023-07-08 15:55:49.440045|[SDK][WS][SERVICE]connected nodes,count=2
info|2023-07-08 15:56:09.405147|[EVENT][SUB][doLoop]event sub tasks report,working event sub count=0,suspend event sub count=0
info|2023-07-08 15:56:09.440217|[SDK][WS][SERVICE]connected nodes,count=2
info|2023-07-08 15:56:29.405612|[EVENT][SUB][doLoop]event sub tasks report,working event sub count=0,suspend event sub count=0
info|2023-07-08 15:56:29.440401|[SDK][WS][SERVICE]connected nodes,count=2
info|2023-07-08 15:56:49.405899|[EVENT][SUB][doLoop]event sub tasks report,working event sub count=0,suspend event sub count=0
info|2023-07-08 15:56:49.440961|[SDK][WS][SERVICE]connected nodes,count=2
info|2023-07-08 15:57:09.406131|[EVENT][SUB][doLoop]event sub tasks report,working event sub count=0,suspend event sub count=0
info|2023-07-08 15:57:09.441269|[SDK][WS][SERVICE]connected nodes,count=2
info|2023-07-08 15:57:13.980835|[RPC][BLOCK][NUMBER][fromJson],group=group0,node=98a7f70ec883a722219d92253cf073a72605f4087aa3443c8e4aadc0af2dc3ac647d0fa1b5ac99cd6987abafe6d690ae71cd5fd2aeeabe7589bfb4748aabdfba,blockNumber=2111
info|2023-07-08 15:57:13.980876|[RPCWS][SERVICE][onRecvBlockNotifier]receive block number notifier,group=group0,node=98a7f70ec883a722219d92253cf073a72605f4087aa3443c8e4aadc0af2dc3ac647d0fa1b5ac99cd6987abafe6d690ae71cd5fd2aeeabe7589bfb4748aabdfba,blockNumber=2111
info|2023-07-08 15:57:13.980883|[RPCWS][SERVICE][updateGroupBlockNumber],groupID=group0,_blockNumber=2111
info|2023-07-08 15:57:13.980888|[RPCWS][SERVICE][onRecvBlockNotifier]block notifier callback,group=group0,node=98a7f70ec883a722219d92253cf073a72605f4087aa3443c8e4aadc0af2dc3ac647d0fa1b5ac99cd6987abafe6d690ae71cd5fd2aeeabe7589bfb4748aabdfba,blockNumber=2111
info|2023-07-08 15:57:13.980891|[WS]receive block notify,endpoint=127.0.0.1:20200,blk={
	"blockNumber" : 2111,
	"group" : "group0",
	"nodeName" : "98a7f70ec883a722219d92253cf073a72605f4087aa3443c8e4aadc0af2dc3ac647d0fa1b5ac99cd6987abafe6d690ae71cd5fd2aeeabe7589bfb4748aabdfba"
}
info|2023-07-08 15:57:13.986125|[RPC][BLOCK][NUMBER][fromJson],group=group0,node=2f993327933ad58672518b6d4f63920cbc68b80f78f4d81192552ee6362f5cc81ee13bdc678ad65f06e76444cadb53b33694cfb3fc7679b8000411975fedd28a,blockNumber=2111
info|2023-07-08 15:57:13.986191|[RPCWS][SERVICE][onRecvBlockNotifier]receive block number notifier,group=group0,node=2f993327933ad58672518b6d4f63920cbc68b80f78f4d81192552ee6362f5cc81ee13bdc678ad65f06e76444cadb53b33694cfb3fc7679b8000411975fedd28a,blockNumber=2111
info|2023-07-08 15:57:13.986199|[WS]receive block notify,endpoint=127.0.0.1:20201,blk={
	"blockNumber" : 2111,
	"group" : "group0",
	"nodeName" : "2f993327933ad58672518b6d4f63920cbc68b80f78f4d81192552ee6362f5cc81ee13bdc678ad65f06e76444cadb53b33694cfb3fc7679b8000411975fedd28a"
}
info|2023-07-08 15:57:14.505711|[RPC][BLOCK][NUMBER][fromJson],group=group0,node=98a7f70ec883a722219d92253cf073a72605f4087aa3443c8e4aadc0af2dc3ac647d0fa1b5ac99cd6987abafe6d690ae71cd5fd2aeeabe7589bfb4748aabdfba,blockNumber=2112
info|2023-07-08 15:57:14.505734|[RPCWS][SERVICE][onRecvBlockNotifier]receive block number notifier,group=group0,node=98a7f70ec883a722219d92253cf073a72605f4087aa3443c8e4aadc0af2dc3ac647d0fa1b5ac99cd6987abafe6d690ae71cd5fd2aeeabe7589bfb4748aabdfba,blockNumber=2112
info|2023-07-08 15:57:14.505740|[RPCWS][SERVICE][updateGroupBlockNumber],groupID=group0,_blockNumber=2112
info|2023-07-08 15:57:14.505745|[RPCWS][SERVICE][onRecvBlockNotifier]block notifier callback,group=group0,node=98a7f70ec883a722219d92253cf073a72605f4087aa3443c8e4aadc0af2dc3ac647d0fa1b5ac99cd6987abafe6d690ae71cd5fd2aeeabe7589bfb4748aabdfba,blockNumber=2112
info|2023-07-08 15:57:14.505749|[WS]receive block notify,endpoint=127.0.0.1:20200,blk={
	"blockNumber" : 2112,
	"group" : "group0",
	"nodeName" : "98a7f70ec883a722219d92253cf073a72605f4087aa3443c8e4aadc0af2dc3ac647d0fa1b5ac99cd6987abafe6d690ae71cd5fd2aeeabe7589bfb4748aabdfba"
}
info|2023-07-08 15:57:14.525417|[RPC][BLOCK][NUMBER][fromJson],group=group0,node=2f993327933ad58672518b6d4f63920cbc68b80f78f4d81192552ee6362f5cc81ee13bdc678ad65f06e76444cadb53b33694cfb3fc7679b8000411975fedd28a,blockNumber=2112
info|2023-07-08 15:57:14.525437|[RPCWS][SERVICE][onRecvBlockNotifier]receive block number notifier,group=group0,node=2f993327933ad58672518b6d4f63920cbc68b80f78f4d81192552ee6362f5cc81ee13bdc678ad65f06e76444cadb53b33694cfb3fc7679b8000411975fedd28a,blockNumber=2112
info|2023-07-08 15:57:14.525443|[WS]receive block notify,endpoint=127.0.0.1:20201,blk={
	"blockNumber" : 2112,
	"group" : "group0",
	"nodeName" : "2f993327933ad58672518b6d4f63920cbc68b80f78f4d81192552ee6362f5cc81ee13bdc678ad65f06e76444cadb53b33694cfb3fc7679b8000411975fedd28a"
}
info|2023-07-08 15:57:15.097699|[RPC][BLOCK][NUMBER][fromJson],group=group0,node=98a7f70ec883a722219d92253cf073a72605f4087aa3443c8e4aadc0af2dc3ac647d0fa1b5ac99cd6987abafe6d690ae71cd5fd2aeeabe7589bfb4748aabdfba,blockNumber=2113
info|2023-07-08 15:57:15.097742|[RPCWS][SERVICE][onRecvBlockNotifier]receive block number notifier,group=group0,node=98a7f70ec883a722219d92253cf073a72605f4087aa3443c8e4aadc0af2dc3ac647d0fa1b5ac99cd6987abafe6d690ae71cd5fd2aeeabe7589bfb4748aabdfba,blockNumber=2113
info|2023-07-08 15:57:15.097755|[RPCWS][SERVICE][updateGroupBlockNumber],groupID=group0,_blockNumber=2113
info|2023-07-08 15:57:15.097764|[RPCWS][SERVICE][onRecvBlockNotifier]block notifier callback,group=group0,node=98a7f70ec883a722219d92253cf073a72605f4087aa3443c8e4aadc0af2dc3ac647d0fa1b5ac99cd6987abafe6d690ae71cd5fd2aeeabe7589bfb4748aabdfba,blockNumber=2113
info|2023-07-08 15:57:15.097900|[WS]receive block notify,endpoint=127.0.0.1:20200,blk={
	"blockNumber" : 2113,
	"group" : "group0",
	"nodeName" : "98a7f70ec883a722219d92253cf073a72605f4087aa3443c8e4aadc0af2dc3ac647d0fa1b5ac99cd6987abafe6d690ae71cd5fd2aeeabe7589bfb4748aabdfba"
}
info|2023-07-08 15:57:15.111733|[RPC][BLOCK][NUMBER][fromJson],group=group0,node=2f993327933ad58672518b6d4f63920cbc68b80f78f4d81192552ee6362f5cc81ee13bdc678ad65f06e76444cadb53b33694cfb3fc7679b8000411975fedd28a,blockNumber=2113
info|2023-07-08 15:57:15.111765|[RPCWS][SERVICE][onRecvBlockNotifier]receive block number notifier,group=group0,node=2f993327933ad58672518b6d4f63920cbc68b80f78f4d81192552ee6362f5cc81ee13bdc678ad65f06e76444cadb53b33694cfb3fc7679b8000411975fedd28a,blockNumber=2113
info|2023-07-08 15:57:15.111774|[WS]receive block notify,endpoint=127.0.0.1:20201,blk={
	"blockNumber" : 2113,
	"group" : "group0",
	"nodeName" : "2f993327933ad58672518b6d4f63920cbc68b80f78f4d81192552ee6362f5cc81ee13bdc678ad65f06e76444cadb53b33694cfb3fc7679b8000411975fedd28a"
}
info|2023-07-08 15:57:15.674493|[RPC][BLOCK][NUMBER][fromJson],group=group0,node=98a7f70ec883a722219d92253cf073a72605f4087aa3443c8e4aadc0af2dc3ac647d0fa1b5ac99cd6987abafe6d690ae71cd5fd2aeeabe7589bfb4748aabdfba,blockNumber=2114
info|2023-07-08 15:57:15.674520|[RPCWS][SERVICE][onRecvBlockNotifier]receive block number notifier,group=group0,node=98a7f70ec883a722219d92253cf073a72605f4087aa3443c8e4aadc0af2dc3ac647d0fa1b5ac99cd6987abafe6d690ae71cd5fd2aeeabe7589bfb4748aabdfba,blockNumber=2114
info|2023-07-08 15:57:15.674557|[RPCWS][SERVICE][updateGroupBlockNumber],groupID=group0,_blockNumber=2114
info|2023-07-08 15:57:15.674565|[RPCWS][SERVICE][onRecvBlockNotifier]block notifier callback,group=group0,node=98a7f70ec883a722219d92253cf073a72605f4087aa3443c8e4aadc0af2dc3ac647d0fa1b5ac99cd6987abafe6d690ae71cd5fd2aeeabe7589bfb4748aabdfba,blockNumber=2114
info|2023-07-08 15:57:15.674584|[WS]receive block notify,endpoint=127.0.0.1:20200,blk={
	"blockNumber" : 2114,
	"group" : "group0",
	"nodeName" : "98a7f70ec883a722219d92253cf073a72605f4087aa3443c8e4aadc0af2dc3ac647d0fa1b5ac99cd6987abafe6d690ae71cd5fd2aeeabe7589bfb4748aabdfba"
}
info|2023-07-08 15:57:15.703719|[RPC][BLOCK][NUMBER][fromJson],group=group0,node=2f993327933ad58672518b6d4f63920cbc68b80f78f4d81192552ee6362f5cc81ee13bdc678ad65f06e76444cadb53b33694cfb3fc7679b8000411975fedd28a,blockNumber=2114
info|2023-07-08 15:57:15.703818|[RPCWS][SERVICE][onRecvBlockNotifier]receive block number notifier,group=group0,node=2f993327933ad58672518b6d4f63920cbc68b80f78f4d81192552ee6362f5cc81ee13bdc678ad65f06e76444cadb53b33694cfb3fc7679b8000411975fedd28a,blockNumber=2114
info|2023-07-08 15:57:15.703839|[WS]receive block notify,endpoint=127.0.0.1:20201,blk={
	"blockNumber" : 2114,
	"group" : "group0",
	"nodeName" : "2f993327933ad58672518b6d4f63920cbc68b80f78f4d81192552ee6362f5cc81ee13bdc678ad65f06e76444cadb53b33694cfb3fc7679b8000411975fedd28a"
}
info|2023-07-08 15:57:16.238925|[RPC][BLOCK][NUMBER][fromJson],group=group0,node=98a7f70ec883a722219d92253cf073a72605f4087aa3443c8e4aadc0af2dc3ac647d0fa1b5ac99cd6987abafe6d690ae71cd5fd2aeeabe7589bfb4748aabdfba,blockNumber=2115
info|2023-07-08 15:57:16.238965|[RPCWS][SERVICE][onRecvBlockNotifier]receive block number notifier,group=group0,node=98a7f70ec883a722219d92253cf073a72605f4087aa3443c8e4aadc0af2dc3ac647d0fa1b5ac99cd6987abafe6d690ae71cd5fd2aeeabe7589bfb4748aabdfba,blockNumber=2115
info|2023-07-08 15:57:16.238974|[RPCWS][SERVICE][updateGroupBlockNumber],groupID=group0,_blockNumber=2115
info|2023-07-08 15:57:16.238982|[RPCWS][SERVICE][onRecvBlockNotifier]block notifier callback,group=group0,node=98a7f70ec883a722219d92253cf073a72605f4087aa3443c8e4aadc0af2dc3ac647d0fa1b5ac99cd6987abafe6d690ae71cd5fd2aeeabe7589bfb4748aabdfba,blockNumber=2115
info|2023-07-08 15:57:16.238988|[WS]receive block notify,endpoint=127.0.0.1:20200,blk={
	"blockNumber" : 2115,
	"group" : "group0",
	"nodeName" : "98a7f70ec883a722219d92253cf073a72605f4087aa3443c8e4aadc0af2dc3ac647d0fa1b5ac99cd6987abafe6d690ae71cd5fd2aeeabe7589bfb4748aabdfba"
}
info|2023-07-08 15:57:16.279942|[RPC][BLOCK][NUMBER][fromJson],group=group0,node=2f993327933ad58672518b6d4f63920cbc68b80f78f4d81192552ee6362f5cc81ee13bdc678ad65f06e76444cadb53b33694cfb3fc7679b8000411975fedd28a,blockNumber=2115
info|2023-07-08 15:57:16.280043|[RPCWS][SERVICE][onRecvBlockNotifier]receive block number notifier,group=group0,node=2f993327933ad58672518b6d4f63920cbc68b80f78f4d81192552ee6362f5cc81ee13bdc678ad65f06e76444cadb53b33694cfb3fc7679b8000411975fedd28a,blockNumber=2115
info|2023-07-08 15:57:16.280063|[WS]receive block notify,endpoint=127.0.0.1:20201,blk={
	"blockNumber" : 2115,
	"group" : "group0",
	"nodeName" : "2f993327933ad58672518b6d4f63920cbc68b80f78f4d81192552ee6362f5cc81ee13bdc678ad65f06e76444cadb53b33694cfb3fc7679b8000411975fedd28a"
}
info|2023-07-08 15:57:16.772785|[RPC][BLOCK][NUMBER][fromJson],group=group0,node=98a7f70ec883a722219d92253cf073a72605f4087aa3443c8e4aadc0af2dc3ac647d0fa1b5ac99cd6987abafe6d690ae71cd5fd2aeeabe7589bfb4748aabdfba,blockNumber=2116
info|2023-07-08 15:57:16.772816|[RPCWS][SERVICE][onRecvBlockNotifier]receive block number notifier,group=group0,node=98a7f70ec883a722219d92253cf073a72605f4087aa3443c8e4aadc0af2dc3ac647d0fa1b5ac99cd6987abafe6d690ae71cd5fd2aeeabe7589bfb4748aabdfba,blockNumber=2116
info|2023-07-08 15:57:16.772826|[RPCWS][SERVICE][updateGroupBlockNumber],groupID=group0,_blockNumber=2116
info|2023-07-08 15:57:16.772834|[RPCWS][SERVICE][onRecvBlockNotifier]block notifier callback,group=group0,node=98a7f70ec883a722219d92253cf073a72605f4087aa3443c8e4aadc0af2dc3ac647d0fa1b5ac99cd6987abafe6d690ae71cd5fd2aeeabe7589bfb4748aabdfba,blockNumber=2116
info|2023-07-08 15:57:16.772842|[WS]receive block notify,endpoint=127.0.0.1:20200,blk={
	"blockNumber" : 2116,
	"group" : "group0",
	"nodeName" : "98a7f70ec883a722219d92253cf073a72605f4087aa3443c8e4aadc0af2dc3ac647d0fa1b5ac99cd6987abafe6d690ae71cd5fd2aeeabe7589bfb4748aabdfba"
}
info|2023-07-08 15:57:16.784906|[RPC][BLOCK][NUMBER][fromJson],group=group0,node=2f993327933ad58672518b6d4f63920cbc68b80f78f4d81192552ee6362f5cc81ee13bdc678ad65f06e76444cadb53b33694cfb3fc7679b8000411975fedd28a,blockNumber=2116
info|2023-07-08 15:57:16.784928|[RPCWS][SERVICE][onRecvBlockNotifier]receive block number notifier,group=group0,node=2f993327933ad58672518b6d4f63920cbc68b80f78f4d81192552ee6362f5cc81ee13bdc678ad65f06e76444cadb53b33694cfb3fc7679b8000411975fedd28a,blockNumber=2116
info|2023-07-08 15:57:16.784937|[WS]receive block notify,endpoint=127.0.0.1:20201,blk={
	"blockNumber" : 2116,
	"group" : "group0",
	"nodeName" : "2f993327933ad58672518b6d4f63920cbc68b80f78f4d81192552ee6362f5cc81ee13bdc678ad65f06e76444cadb53b33694cfb3fc7679b8000411975fedd28a"
}
info|2023-07-08 15:57:17.322839|[RPC][BLOCK][NUMBER][fromJson],group=group0,node=98a7f70ec883a722219d92253cf073a72605f4087aa3443c8e4aadc0af2dc3ac647d0fa1b5ac99cd6987abafe6d690ae71cd5fd2aeeabe7589bfb4748aabdfba,blockNumber=2117
info|2023-07-08 15:57:17.322870|[RPCWS][SERVICE][onRecvBlockNotifier]receive block number notifier,group=group0,node=98a7f70ec883a722219d92253cf073a72605f4087aa3443c8e4aadc0af2dc3ac647d0fa1b5ac99cd6987abafe6d690ae71cd5fd2aeeabe7589bfb4748aabdfba,blockNumber=2117
info|2023-07-08 15:57:17.322879|[RPCWS][SERVICE][updateGroupBlockNumber],groupID=group0,_blockNumber=2117
info|2023-07-08 15:57:17.322886|[RPCWS][SERVICE][onRecvBlockNotifier]block notifier callback,group=group0,node=98a7f70ec883a722219d92253cf073a72605f4087aa3443c8e4aadc0af2dc3ac647d0fa1b5ac99cd6987abafe6d690ae71cd5fd2aeeabe7589bfb4748aabdfba,blockNumber=2117
info|2023-07-08 15:57:17.322893|[WS]receive block notify,endpoint=127.0.0.1:20200,blk={
	"blockNumber" : 2117,
	"group" : "group0",
	"nodeName" : "98a7f70ec883a722219d92253cf073a72605f4087aa3443c8e4aadc0af2dc3ac647d0fa1b5ac99cd6987abafe6d690ae71cd5fd2aeeabe7589bfb4748aabdfba"
}
info|2023-07-08 15:57:17.390186|[RPC][BLOCK][NUMBER][fromJson],group=group0,node=2f993327933ad58672518b6d4f63920cbc68b80f78f4d81192552ee6362f5cc81ee13bdc678ad65f06e76444cadb53b33694cfb3fc7679b8000411975fedd28a,blockNumber=2117
info|2023-07-08 15:57:17.390321|[RPCWS][SERVICE][onRecvBlockNotifier]receive block number notifier,group=group0,node=2f993327933ad58672518b6d4f63920cbc68b80f78f4d81192552ee6362f5cc81ee13bdc678ad65f06e76444cadb53b33694cfb3fc7679b8000411975fedd28a,blockNumber=2117
info|2023-07-08 15:57:17.390419|[WS]receive block notify,endpoint=127.0.0.1:20201,blk={
	"blockNumber" : 2117,
	"group" : "group0",
	"nodeName" : "2f993327933ad58672518b6d4f63920cbc68b80f78f4d81192552ee6362f5cc81ee13bdc678ad65f06e76444cadb53b33694cfb3fc7679b8000411975fedd28a"
}
info|2023-07-08 15:57:17.957186|[RPC][BLOCK][NUMBER][fromJson],group=group0,node=98a7f70ec883a722219d92253cf073a72605f4087aa3443c8e4aadc0af2dc3ac647d0fa1b5ac99cd6987abafe6d690ae71cd5fd2aeeabe7589bfb4748aabdfba,blockNumber=2118
info|2023-07-08 15:57:17.957211|[RPCWS][SERVICE][onRecvBlockNotifier]receive block number notifier,group=group0,node=98a7f70ec883a722219d92253cf073a72605f4087aa3443c8e4aadc0af2dc3ac647d0fa1b5ac99cd6987abafe6d690ae71cd5fd2aeeabe7589bfb4748aabdfba,blockNumber=2118
info|2023-07-08 15:57:17.957218|[RPCWS][SERVICE][updateGroupBlockNumber],groupID=group0,_blockNumber=2118
info|2023-07-08 15:57:17.957225|[RPCWS][SERVICE][onRecvBlockNotifier]block notifier callback,group=group0,node=98a7f70ec883a722219d92253cf073a72605f4087aa3443c8e4aadc0af2dc3ac647d0fa1b5ac99cd6987abafe6d690ae71cd5fd2aeeabe7589bfb4748aabdfba,blockNumber=2118
info|2023-07-08 15:57:17.957230|[WS]receive block notify,endpoint=127.0.0.1:20200,blk={
	"blockNumber" : 2118,
	"group" : "group0",
	"nodeName" : "98a7f70ec883a722219d92253cf073a72605f4087aa3443c8e4aadc0af2dc3ac647d0fa1b5ac99cd6987abafe6d690ae71cd5fd2aeeabe7589bfb4748aabdfba"
}
info|2023-07-08 15:57:18.090045|[RPC][BLOCK][NUMBER][fromJson],group=group0,node=2f993327933ad58672518b6d4f63920cbc68b80f78f4d81192552ee6362f5cc81ee13bdc678ad65f06e76444cadb53b33694cfb3fc7679b8000411975fedd28a,blockNumber=2118
info|2023-07-08 15:57:18.090146|[RPCWS][SERVICE][onRecvBlockNotifier]receive block number notifier,group=group0,node=2f993327933ad58672518b6d4f63920cbc68b80f78f4d81192552ee6362f5cc81ee13bdc678ad65f06e76444cadb53b33694cfb3fc7679b8000411975fedd28a,blockNumber=2118
info|2023-07-08 15:57:18.090165|[WS]receive block notify,endpoint=127.0.0.1:20201,blk={
	"blockNumber" : 2118,
	"group" : "group0",
	"nodeName" : "2f993327933ad58672518b6d4f63920cbc68b80f78f4d81192552ee6362f5cc81ee13bdc678ad65f06e76444cadb53b33694cfb3fc7679b8000411975fedd28a"
}
info|2023-07-08 15:57:18.527186|[RPC][BLOCK][NUMBER][fromJson],group=group0,node=98a7f70ec883a722219d92253cf073a72605f4087aa3443c8e4aadc0af2dc3ac647d0fa1b5ac99cd6987abafe6d690ae71cd5fd2aeeabe7589bfb4748aabdfba,blockNumber=2119
info|2023-07-08 15:57:18.527336|[RPCWS][SERVICE][onRecvBlockNotifier]receive block number notifier,group=group0,node=98a7f70ec883a722219d92253cf073a72605f4087aa3443c8e4aadc0af2dc3ac647d0fa1b5ac99cd6987abafe6d690ae71cd5fd2aeeabe7589bfb4748aabdfba,blockNumber=2119
info|2023-07-08 15:57:18.527352|[RPCWS][SERVICE][updateGroupBlockNumber],groupID=group0,_blockNumber=2119
info|2023-07-08 15:57:18.527362|[RPCWS][SERVICE][onRecvBlockNotifier]block notifier callback,group=group0,node=98a7f70ec883a722219d92253cf073a72605f4087aa3443c8e4aadc0af2dc3ac647d0fa1b5ac99cd6987abafe6d690ae71cd5fd2aeeabe7589bfb4748aabdfba,blockNumber=2119
info|2023-07-08 15:57:18.527376|[WS]receive block notify,endpoint=127.0.0.1:20200,blk={
	"blockNumber" : 2119,
	"group" : "group0",
	"nodeName" : "98a7f70ec883a722219d92253cf073a72605f4087aa3443c8e4aadc0af2dc3ac647d0fa1b5ac99cd6987abafe6d690ae71cd5fd2aeeabe7589bfb4748aabdfba"
}
info|2023-07-08 15:57:18.549684|[RPC][BLOCK][NUMBER][fromJson],group=group0,node=2f993327933ad58672518b6d4f63920cbc68b80f78f4d81192552ee6362f5cc81ee13bdc678ad65f06e76444cadb53b33694cfb3fc7679b8000411975fedd28a,blockNumber=2119
info|2023-07-08 15:57:18.549763|[RPCWS][SERVICE][onRecvBlockNotifier]receive block number notifier,group=group0,node=2f993327933ad58672518b6d4f63920cbc68b80f78f4d81192552ee6362f5cc81ee13bdc678ad65f06e76444cadb53b33694cfb3fc7679b8000411975fedd28a,blockNumber=2119
info|2023-07-08 15:57:18.549775|[WS]receive block notify,endpoint=127.0.0.1:20201,blk={
	"blockNumber" : 2119,
	"group" : "group0",
	"nodeName" : "2f993327933ad58672518b6d4f63920cbc68b80f78f4d81192552ee6362f5cc81ee13bdc678ad65f06e76444cadb53b33694cfb3fc7679b8000411975fedd28a"
}
info|2023-07-08 15:57:19.078404|[RPC][BLOCK][NUMBER][fromJson],group=group0,node=98a7f70ec883a722219d92253cf073a72605f4087aa3443c8e4aadc0af2dc3ac647d0fa1b5ac99cd6987abafe6d690ae71cd5fd2aeeabe7589bfb4748aabdfba,blockNumber=2120
info|2023-07-08 15:57:19.078454|[RPCWS][SERVICE][onRecvBlockNotifier]receive block number notifier,group=group0,node=98a7f70ec883a722219d92253cf073a72605f4087aa3443c8e4aadc0af2dc3ac647d0fa1b5ac99cd6987abafe6d690ae71cd5fd2aeeabe7589bfb4748aabdfba,blockNumber=2120
info|2023-07-08 15:57:19.078460|[RPCWS][SERVICE][updateGroupBlockNumber],groupID=group0,_blockNumber=2120
info|2023-07-08 15:57:19.078465|[RPCWS][SERVICE][onRecvBlockNotifier]block notifier callback,group=group0,node=98a7f70ec883a722219d92253cf073a72605f4087aa3443c8e4aadc0af2dc3ac647d0fa1b5ac99cd6987abafe6d690ae71cd5fd2aeeabe7589bfb4748aabdfba,blockNumber=2120
info|2023-07-08 15:57:19.078469|[WS]receive block notify,endpoint=127.0.0.1:20200,blk={
	"blockNumber" : 2120,
	"group" : "group0",
	"nodeName" : "98a7f70ec883a722219d92253cf073a72605f4087aa3443c8e4aadc0af2dc3ac647d0fa1b5ac99cd6987abafe6d690ae71cd5fd2aeeabe7589bfb4748aabdfba"
}
info|2023-07-08 15:57:19.119127|[RPC][BLOCK][NUMBER][fromJson],group=group0,node=2f993327933ad58672518b6d4f63920cbc68b80f78f4d81192552ee6362f5cc81ee13bdc678ad65f06e76444cadb53b33694cfb3fc7679b8000411975fedd28a,blockNumber=2120
info|2023-07-08 15:57:19.119175|[RPCWS][SERVICE][onRecvBlockNotifier]receive block number notifier,group=group0,node=2f993327933ad58672518b6d4f63920cbc68b80f78f4d81192552ee6362f5cc81ee13bdc678ad65f06e76444cadb53b33694cfb3fc7679b8000411975fedd28a,blockNumber=2120
info|2023-07-08 15:57:19.119182|[WS]receive block notify,endpoint=127.0.0.1:20201,blk={
	"blockNumber" : 2120,
	"group" : "group0",
	"nodeName" : "2f993327933ad58672518b6d4f63920cbc68b80f78f4d81192552ee6362f5cc81ee13bdc678ad65f06e76444cadb53b33694cfb3fc7679b8000411975fedd28a"
}
info|2023-07-08 15:57:19.629880|[RPC][BLOCK][NUMBER][fromJson],group=group0,node=98a7f70ec883a722219d92253cf073a72605f4087aa3443c8e4aadc0af2dc3ac647d0fa1b5ac99cd6987abafe6d690ae71cd5fd2aeeabe7589bfb4748aabdfba,blockNumber=2121
info|2023-07-08 15:57:19.629930|[RPCWS][SERVICE][onRecvBlockNotifier]receive block number notifier,group=group0,node=98a7f70ec883a722219d92253cf073a72605f4087aa3443c8e4aadc0af2dc3ac647d0fa1b5ac99cd6987abafe6d690ae71cd5fd2aeeabe7589bfb4748aabdfba,blockNumber=2121
info|2023-07-08 15:57:19.629939|[RPCWS][SERVICE][updateGroupBlockNumber],groupID=group0,_blockNumber=2121
info|2023-07-08 15:57:19.629946|[RPCWS][SERVICE][onRecvBlockNotifier]block notifier callback,group=group0,node=98a7f70ec883a722219d92253cf073a72605f4087aa3443c8e4aadc0af2dc3ac647d0fa1b5ac99cd6987abafe6d690ae71cd5fd2aeeabe7589bfb4748aabdfba,blockNumber=2121
info|2023-07-08 15:57:19.629951|[WS]receive block notify,endpoint=127.0.0.1:20200,blk={
	"blockNumber" : 2121,
	"group" : "group0",
	"nodeName" : "98a7f70ec883a722219d92253cf073a72605f4087aa3443c8e4aadc0af2dc3ac647d0fa1b5ac99cd6987abafe6d690ae71cd5fd2aeeabe7589bfb4748aabdfba"
}
info|2023-07-08 15:57:19.676843|[RPC][BLOCK][NUMBER][fromJson],group=group0,node=2f993327933ad58672518b6d4f63920cbc68b80f78f4d81192552ee6362f5cc81ee13bdc678ad65f06e76444cadb53b33694cfb3fc7679b8000411975fedd28a,blockNumber=2121
info|2023-07-08 15:57:19.676950|[RPCWS][SERVICE][onRecvBlockNotifier]receive block number notifier,group=group0,node=2f993327933ad58672518b6d4f63920cbc68b80f78f4d81192552ee6362f5cc81ee13bdc678ad65f06e76444cadb53b33694cfb3fc7679b8000411975fedd28a,blockNumber=2121
info|2023-07-08 15:57:19.676975|[WS]receive block notify,endpoint=127.0.0.1:20201,blk={
	"blockNumber" : 2121,
	"group" : "group0",
	"nodeName" : "2f993327933ad58672518b6d4f63920cbc68b80f78f4d81192552ee6362f5cc81ee13bdc678ad65f06e76444cadb53b33694cfb3fc7679b8000411975fedd28a"
}
info|2023-07-08 15:57:20.255036|[RPC][BLOCK][NUMBER][fromJson],group=group0,node=98a7f70ec883a722219d92253cf073a72605f4087aa3443c8e4aadc0af2dc3ac647d0fa1b5ac99cd6987abafe6d690ae71cd5fd2aeeabe7589bfb4748aabdfba,blockNumber=2122
info|2023-07-08 15:57:20.255065|[RPCWS][SERVICE][onRecvBlockNotifier]receive block number notifier,group=group0,node=98a7f70ec883a722219d92253cf073a72605f4087aa3443c8e4aadc0af2dc3ac647d0fa1b5ac99cd6987abafe6d690ae71cd5fd2aeeabe7589bfb4748aabdfba,blockNumber=2122
info|2023-07-08 15:57:20.255103|[RPCWS][SERVICE][updateGroupBlockNumber],groupID=group0,_blockNumber=2122
info|2023-07-08 15:57:20.255109|[RPCWS][SERVICE][onRecvBlockNotifier]block notifier callback,group=group0,node=98a7f70ec883a722219d92253cf073a72605f4087aa3443c8e4aadc0af2dc3ac647d0fa1b5ac99cd6987abafe6d690ae71cd5fd2aeeabe7589bfb4748aabdfba,blockNumber=2122
info|2023-07-08 15:57:20.255114|[WS]receive block notify,endpoint=127.0.0.1:20200,blk={
	"blockNumber" : 2122,
	"group" : "group0",
	"nodeName" : "98a7f70ec883a722219d92253cf073a72605f4087aa3443c8e4aadc0af2dc3ac647d0fa1b5ac99cd6987abafe6d690ae71cd5fd2aeeabe7589bfb4748aabdfba"
}
info|2023-07-08 15:57:20.339256|[RPC][BLOCK][NUMBER][fromJson],group=group0,node=2f993327933ad58672518b6d4f63920cbc68b80f78f4d81192552ee6362f5cc81ee13bdc678ad65f06e76444cadb53b33694cfb3fc7679b8000411975fedd28a,blockNumber=2122
info|2023-07-08 15:57:20.339429|[RPCWS][SERVICE][onRecvBlockNotifier]receive block number notifier,group=group0,node=2f993327933ad58672518b6d4f63920cbc68b80f78f4d81192552ee6362f5cc81ee13bdc678ad65f06e76444cadb53b33694cfb3fc7679b8000411975fedd28a,blockNumber=2122
info|2023-07-08 15:57:20.339452|[WS]receive block notify,endpoint=127.0.0.1:20201,blk={
	"blockNumber" : 2122,
	"group" : "group0",
	"nodeName" : "2f993327933ad58672518b6d4f63920cbc68b80f78f4d81192552ee6362f5cc81ee13bdc678ad65f06e76444cadb53b33694cfb3fc7679b8000411975fedd28a"
}
info|2023-07-08 15:57:20.876223|[RPC][BLOCK][NUMBER][fromJson],group=group0,node=98a7f70ec883a722219d92253cf073a72605f4087aa3443c8e4aadc0af2dc3ac647d0fa1b5ac99cd6987abafe6d690ae71cd5fd2aeeabe7589bfb4748aabdfba,blockNumber=2123
info|2023-07-08 15:57:20.876390|[RPCWS][SERVICE][onRecvBlockNotifier]receive block number notifier,group=group0,node=98a7f70ec883a722219d92253cf073a72605f4087aa3443c8e4aadc0af2dc3ac647d0fa1b5ac99cd6987abafe6d690ae71cd5fd2aeeabe7589bfb4748aabdfba,blockNumber=2123
info|2023-07-08 15:57:20.876414|[RPCWS][SERVICE][updateGroupBlockNumber],groupID=group0,_blockNumber=2123
info|2023-07-08 15:57:20.876582|[RPCWS][SERVICE][onRecvBlockNotifier]block notifier callback,group=group0,node=98a7f70ec883a722219d92253cf073a72605f4087aa3443c8e4aadc0af2dc3ac647d0fa1b5ac99cd6987abafe6d690ae71cd5fd2aeeabe7589bfb4748aabdfba,blockNumber=2123
info|2023-07-08 15:57:20.876668|[WS]receive block notify,endpoint=127.0.0.1:20200,blk={
	"blockNumber" : 2123,
	"group" : "group0",
	"nodeName" : "98a7f70ec883a722219d92253cf073a72605f4087aa3443c8e4aadc0af2dc3ac647d0fa1b5ac99cd6987abafe6d690ae71cd5fd2aeeabe7589bfb4748aabdfba"
}
info|2023-07-08 15:57:20.890967|[RPC][BLOCK][NUMBER][fromJson],group=group0,node=2f993327933ad58672518b6d4f63920cbc68b80f78f4d81192552ee6362f5cc81ee13bdc678ad65f06e76444cadb53b33694cfb3fc7679b8000411975fedd28a,blockNumber=2123
info|2023-07-08 15:57:20.891026|[RPCWS][SERVICE][onRecvBlockNotifier]receive block number notifier,group=group0,node=2f993327933ad58672518b6d4f63920cbc68b80f78f4d81192552ee6362f5cc81ee13bdc678ad65f06e76444cadb53b33694cfb3fc7679b8000411975fedd28a,blockNumber=2123
info|2023-07-08 15:57:20.891047|[WS]receive block notify,endpoint=127.0.0.1:20201,blk={
	"blockNumber" : 2123,
	"group" : "group0",
	"nodeName" : "2f993327933ad58672518b6d4f63920cbc68b80f78f4d81192552ee6362f5cc81ee13bdc678ad65f06e76444cadb53b33694cfb3fc7679b8000411975fedd28a"
}
info|2023-07-08 15:57:21.379026|[RPC][BLOCK][NUMBER][fromJson],group=group0,node=98a7f70ec883a722219d92253cf073a72605f4087aa3443c8e4aadc0af2dc3ac647d0fa1b5ac99cd6987abafe6d690ae71cd5fd2aeeabe7589bfb4748aabdfba,blockNumber=2124
info|2023-07-08 15:57:21.379051|[RPCWS][SERVICE][onRecvBlockNotifier]receive block number notifier,group=group0,node=98a7f70ec883a722219d92253cf073a72605f4087aa3443c8e4aadc0af2dc3ac647d0fa1b5ac99cd6987abafe6d690ae71cd5fd2aeeabe7589bfb4748aabdfba,blockNumber=2124
info|2023-07-08 15:57:21.379058|[RPCWS][SERVICE][updateGroupBlockNumber],groupID=group0,_blockNumber=2124
info|2023-07-08 15:57:21.379063|[RPCWS][SERVICE][onRecvBlockNotifier]block notifier callback,group=group0,node=98a7f70ec883a722219d92253cf073a72605f4087aa3443c8e4aadc0af2dc3ac647d0fa1b5ac99cd6987abafe6d690ae71cd5fd2aeeabe7589bfb4748aabdfba,blockNumber=2124
info|2023-07-08 15:57:21.379068|[WS]receive block notify,endpoint=127.0.0.1:20200,blk={
	"blockNumber" : 2124,
	"group" : "group0",
	"nodeName" : "98a7f70ec883a722219d92253cf073a72605f4087aa3443c8e4aadc0af2dc3ac647d0fa1b5ac99cd6987abafe6d690ae71cd5fd2aeeabe7589bfb4748aabdfba"
}
info|2023-07-08 15:57:21.425171|[RPC][BLOCK][NUMBER][fromJson],group=group0,node=2f993327933ad58672518b6d4f63920cbc68b80f78f4d81192552ee6362f5cc81ee13bdc678ad65f06e76444cadb53b33694cfb3fc7679b8000411975fedd28a,blockNumber=2124
info|2023-07-08 15:57:21.425208|[RPCWS][SERVICE][onRecvBlockNotifier]receive block number notifier,group=group0,node=2f993327933ad58672518b6d4f63920cbc68b80f78f4d81192552ee6362f5cc81ee13bdc678ad65f06e76444cadb53b33694cfb3fc7679b8000411975fedd28a,blockNumber=2124
info|2023-07-08 15:57:21.425223|[WS]receive block notify,endpoint=127.0.0.1:20201,blk={
	"blockNumber" : 2124,
	"group" : "group0",
	"nodeName" : "2f993327933ad58672518b6d4f63920cbc68b80f78f4d81192552ee6362f5cc81ee13bdc678ad65f06e76444cadb53b33694cfb3fc7679b8000411975fedd28a"
}
info|2023-07-08 15:57:21.932962|[RPC][BLOCK][NUMBER][fromJson],group=group0,node=98a7f70ec883a722219d92253cf073a72605f4087aa3443c8e4aadc0af2dc3ac647d0fa1b5ac99cd6987abafe6d690ae71cd5fd2aeeabe7589bfb4748aabdfba,blockNumber=2125
info|2023-07-08 15:57:21.932991|[RPCWS][SERVICE][onRecvBlockNotifier]receive block number notifier,group=group0,node=98a7f70ec883a722219d92253cf073a72605f4087aa3443c8e4aadc0af2dc3ac647d0fa1b5ac99cd6987abafe6d690ae71cd5fd2aeeabe7589bfb4748aabdfba,blockNumber=2125
info|2023-07-08 15:57:21.932999|[RPCWS][SERVICE][updateGroupBlockNumber],groupID=group0,_blockNumber=2125
info|2023-07-08 15:57:21.933004|[RPCWS][SERVICE][onRecvBlockNotifier]block notifier callback,group=group0,node=98a7f70ec883a722219d92253cf073a72605f4087aa3443c8e4aadc0af2dc3ac647d0fa1b5ac99cd6987abafe6d690ae71cd5fd2aeeabe7589bfb4748aabdfba,blockNumber=2125
info|2023-07-08 15:57:21.933009|[WS]receive block notify,endpoint=127.0.0.1:20200,blk={
	"blockNumber" : 2125,
	"group" : "group0",
	"nodeName" : "98a7f70ec883a722219d92253cf073a72605f4087aa3443c8e4aadc0af2dc3ac647d0fa1b5ac99cd6987abafe6d690ae71cd5fd2aeeabe7589bfb4748aabdfba"
}
info|2023-07-08 15:57:21.982584|[RPC][BLOCK][NUMBER][fromJson],group=group0,node=2f993327933ad58672518b6d4f63920cbc68b80f78f4d81192552ee6362f5cc81ee13bdc678ad65f06e76444cadb53b33694cfb3fc7679b8000411975fedd28a,blockNumber=2125
info|2023-07-08 15:57:21.982636|[RPCWS][SERVICE][onRecvBlockNotifier]receive block number notifier,group=group0,node=2f993327933ad58672518b6d4f63920cbc68b80f78f4d81192552ee6362f5cc81ee13bdc678ad65f06e76444cadb53b33694cfb3fc7679b8000411975fedd28a,blockNumber=2125
info|2023-07-08 15:57:21.982657|[WS]receive block notify,endpoint=127.0.0.1:20201,blk={
	"blockNumber" : 2125,
	"group" : "group0",
	"nodeName" : "2f993327933ad58672518b6d4f63920cbc68b80f78f4d81192552ee6362f5cc81ee13bdc678ad65f06e76444cadb53b33694cfb3fc7679b8000411975fedd28a"
}
info|2023-07-08 15:57:22.605181|[RPC][BLOCK][NUMBER][fromJson],group=group0,node=98a7f70ec883a722219d92253cf073a72605f4087aa3443c8e4aadc0af2dc3ac647d0fa1b5ac99cd6987abafe6d690ae71cd5fd2aeeabe7589bfb4748aabdfba,blockNumber=2126
info|2023-07-08 15:57:22.605266|[RPCWS][SERVICE][onRecvBlockNotifier]receive block number notifier,group=group0,node=98a7f70ec883a722219d92253cf073a72605f4087aa3443c8e4aadc0af2dc3ac647d0fa1b5ac99cd6987abafe6d690ae71cd5fd2aeeabe7589bfb4748aabdfba,blockNumber=2126
info|2023-07-08 15:57:22.605277|[RPCWS][SERVICE][updateGroupBlockNumber],groupID=group0,_blockNumber=2126
info|2023-07-08 15:57:22.605314|[RPCWS][SERVICE][onRecvBlockNotifier]block notifier callback,group=group0,node=98a7f70ec883a722219d92253cf073a72605f4087aa3443c8e4aadc0af2dc3ac647d0fa1b5ac99cd6987abafe6d690ae71cd5fd2aeeabe7589bfb4748aabdfba,blockNumber=2126
info|2023-07-08 15:57:22.605320|[WS]receive block notify,endpoint=127.0.0.1:20200,blk={
	"blockNumber" : 2126,
	"group" : "group0",
	"nodeName" : "98a7f70ec883a722219d92253cf073a72605f4087aa3443c8e4aadc0af2dc3ac647d0fa1b5ac99cd6987abafe6d690ae71cd5fd2aeeabe7589bfb4748aabdfba"
}
info|2023-07-08 15:57:22.643460|[RPC][BLOCK][NUMBER][fromJson],group=group0,node=2f993327933ad58672518b6d4f63920cbc68b80f78f4d81192552ee6362f5cc81ee13bdc678ad65f06e76444cadb53b33694cfb3fc7679b8000411975fedd28a,blockNumber=2126
info|2023-07-08 15:57:22.643519|[RPCWS][SERVICE][onRecvBlockNotifier]receive block number notifier,group=group0,node=2f993327933ad58672518b6d4f63920cbc68b80f78f4d81192552ee6362f5cc81ee13bdc678ad65f06e76444cadb53b33694cfb3fc7679b8000411975fedd28a,blockNumber=2126
info|2023-07-08 15:57:22.643541|[WS]receive block notify,endpoint=127.0.0.1:20201,blk={
	"blockNumber" : 2126,
	"group" : "group0",
	"nodeName" : "2f993327933ad58672518b6d4f63920cbc68b80f78f4d81192552ee6362f5cc81ee13bdc678ad65f06e76444cadb53b33694cfb3fc7679b8000411975fedd28a"
}
info|2023-07-08 15:57:29.406260|[EVENT][SUB][doLoop]event sub tasks report,working event sub count=0,suspend event sub count=0
info|2023-07-08 15:57:29.441891|[SDK][WS][SERVICE]connected nodes,count=2
info|2023-07-08 15:57:49.406537|[EVENT][SUB][doLoop]event sub tasks report,working event sub count=0,suspend event sub count=0
info|2023-07-08 15:57:49.442177|[SDK][WS][SERVICE]connected nodes,count=2
info|2023-07-08 15:58:09.407019|[EVENT][SUB][doLoop]event sub tasks report,working event sub count=0,suspend event sub count=0
info|2023-07-08 15:58:09.442871|[SDK][WS][SERVICE]connected nodes,count=2
info|2023-07-08 15:58:29.407087|[EVENT][SUB][doLoop]event sub tasks report,working event sub count=0,suspend event sub count=0
info|2023-07-08 15:58:29.443137|[SDK][WS][SERVICE]connected nodes,count=2
info|2023-07-08 15:58:49.407575|[EVENT][SUB][doLoop]event sub tasks report,working event sub count=0,suspend event sub count=0
info|2023-07-08 15:58:49.443457|[SDK][WS][SERVICE]connected nodes,count=2
info|2023-07-08 15:59:09.407649|[EVENT][SUB][doLoop]event sub tasks report,working event sub count=0,suspend event sub count=0
info|2023-07-08 15:59:09.443900|[SDK][WS][SERVICE]connected nodes,count=2
info|2023-07-08 15:59:29.408043|[EVENT][SUB][doLoop]event sub tasks report,working event sub count=0,suspend event sub count=0
info|2023-07-08 15:59:29.444178|[SDK][WS][SERVICE]connected nodes,count=2
info|2023-07-08 15:59:49.408337|[EVENT][SUB][doLoop]event sub tasks report,working event sub count=0,suspend event sub count=0
info|2023-07-08 15:59:49.445526|[SDK][WS][SERVICE]connected nodes,count=2
