info|2023-07-09 09:00:12.699513|[EVENT][SUB][doLoop]event sub tasks report,working event sub count=0,suspend event sub count=0
info|2023-07-09 09:00:12.785116|[SDK][WS][SERVICE]connected nodes,count=2
info|2023-07-09 09:00:32.699573|[EVENT][SUB][doLoop]event sub tasks report,working event sub count=0,suspend event sub count=0
info|2023-07-09 09:00:32.785547|[SDK][WS][SERVICE]connected nodes,count=2
info|2023-07-09 09:00:52.699709|[EVENT][SUB][doLoop]event sub tasks report,working event sub count=0,suspend event sub count=0
info|2023-07-09 09:00:52.786252|[SDK][WS][SERVICE]connected nodes,count=2
info|2023-07-09 09:01:12.699883|[EVENT][SUB][doLoop]event sub tasks report,working event sub count=0,suspend event sub count=0
info|2023-07-09 09:01:12.786588|[SDK][WS][SERVICE]connected nodes,count=2
info|2023-07-09 09:01:32.699988|[EVENT][SUB][doLoop]event sub tasks report,working event sub count=0,suspend event sub count=0
info|2023-07-09 09:01:32.787145|[SDK][WS][SERVICE]connected nodes,count=2
info|2023-07-09 09:01:52.700205|[EVENT][SUB][doLoop]event sub tasks report,working event sub count=0,suspend event sub count=0
info|2023-07-09 09:01:52.787390|[SDK][WS][SERVICE]connected nodes,count=2
info|2023-07-09 09:02:12.700438|[EVENT][SUB][doLoop]event sub tasks report,working event sub count=0,suspend event sub count=0
info|2023-07-09 09:02:12.787538|[SDK][WS][SERVICE]connected nodes,count=2
info|2023-07-09 09:02:32.700546|[EVENT][SUB][doLoop]event sub tasks report,working event sub count=0,suspend event sub count=0
info|2023-07-09 09:02:32.787854|[SDK][WS][SERVICE]connected nodes,count=2
info|2023-07-09 09:02:52.701057|[EVENT][SUB][doLoop]event sub tasks report,working event sub count=0,suspend event sub count=0
info|2023-07-09 09:02:52.788268|[SDK][WS][SERVICE]connected nodes,count=2
info|2023-07-09 09:03:12.701316|[EVENT][SUB][doLoop]event sub tasks report,working event sub count=0,suspend event sub count=0
info|2023-07-09 09:03:12.788522|[SDK][WS][SERVICE]connected nodes,count=2
info|2023-07-09 09:03:32.701819|[EVENT][SUB][doLoop]event sub tasks report,working event sub count=0,suspend event sub count=0
info|2023-07-09 09:03:32.788771|[SDK][WS][SERVICE]connected nodes,count=2
info|2023-07-09 09:03:52.702039|[EVENT][SUB][doLoop]event sub tasks report,working event sub count=0,suspend event sub count=0
info|2023-07-09 09:03:52.788872|[SDK][WS][SERVICE]connected nodes,count=2
info|2023-07-09 09:04:12.702144|[EVENT][SUB][doLoop]event sub tasks report,working event sub count=0,suspend event sub count=0
info|2023-07-09 09:04:12.789481|[SDK][WS][SERVICE]connected nodes,count=2
info|2023-07-09 09:04:32.702214|[EVENT][SUB][doLoop]event sub tasks report,working event sub count=0,suspend event sub count=0
info|2023-07-09 09:04:32.789718|[SDK][WS][SERVICE]connected nodes,count=2
info|2023-07-09 09:04:52.702648|[EVENT][SUB][doLoop]event sub tasks report,working event sub count=0,suspend event sub count=0
info|2023-07-09 09:04:52.790074|[SDK][WS][SERVICE]connected nodes,count=2
info|2023-07-09 09:05:12.702708|[EVENT][SUB][doLoop]event sub tasks report,working event sub count=0,suspend event sub count=0
info|2023-07-09 09:05:12.790234|[SDK][WS][SERVICE]connected nodes,count=2
info|2023-07-09 09:05:32.703113|[EVENT][SUB][doLoop]event sub tasks report,working event sub count=0,suspend event sub count=0
info|2023-07-09 09:05:32.790579|[SDK][WS][SERVICE]connected nodes,count=2
info|2023-07-09 09:05:52.703222|[EVENT][SUB][doLoop]event sub tasks report,working event sub count=0,suspend event sub count=0
info|2023-07-09 09:05:52.790756|[SDK][WS][SERVICE]connected nodes,count=2
info|2023-07-09 09:06:12.711452|[EVENT][SUB][doLoop]event sub tasks report,working event sub count=0,suspend event sub count=0
info|2023-07-09 09:06:12.790890|[SDK][WS][SERVICE]connected nodes,count=2
info|2023-07-09 09:06:32.711743|[EVENT][SUB][doLoop]event sub tasks report,working event sub count=0,suspend event sub count=0
info|2023-07-09 09:06:32.791320|[SDK][WS][SERVICE]connected nodes,count=2
info|2023-07-09 09:06:52.712077|[EVENT][SUB][doLoop]event sub tasks report,working event sub count=0,suspend event sub count=0
info|2023-07-09 09:06:52.791762|[SDK][WS][SERVICE]connected nodes,count=2
info|2023-07-09 09:07:12.712828|[EVENT][SUB][doLoop]event sub tasks report,working event sub count=0,suspend event sub count=0
info|2023-07-09 09:07:12.792236|[SDK][WS][SERVICE]connected nodes,count=2
info|2023-07-09 09:07:32.713061|[EVENT][SUB][doLoop]event sub tasks report,working event sub count=0,suspend event sub count=0
info|2023-07-09 09:07:32.792785|[SDK][WS][SERVICE]connected nodes,count=2
info|2023-07-09 09:07:52.713221|[EVENT][SUB][doLoop]event sub tasks report,working event sub count=0,suspend event sub count=0
info|2023-07-09 09:07:52.793293|[SDK][WS][SERVICE]connected nodes,count=2
info|2023-07-09 09:08:12.713942|[EVENT][SUB][doLoop]event sub tasks report,working event sub count=0,suspend event sub count=0
info|2023-07-09 09:08:12.794050|[SDK][WS][SERVICE]connected nodes,count=2
info|2023-07-09 09:08:32.714244|[EVENT][SUB][doLoop]event sub tasks report,working event sub count=0,suspend event sub count=0
info|2023-07-09 09:08:32.794750|[SDK][WS][SERVICE]connected nodes,count=2
info|2023-07-09 09:08:52.714936|[EVENT][SUB][doLoop]event sub tasks report,working event sub count=0,suspend event sub count=0
info|2023-07-09 09:08:52.794866|[SDK][WS][SERVICE]connected nodes,count=2
info|2023-07-09 09:09:12.715069|[EVENT][SUB][doLoop]event sub tasks report,working event sub count=0,suspend event sub count=0
info|2023-07-09 09:09:12.795948|[SDK][WS][SERVICE]connected nodes,count=2
info|2023-07-09 09:09:32.715582|[EVENT][SUB][doLoop]event sub tasks report,working event sub count=0,suspend event sub count=0
info|2023-07-09 09:09:32.796458|[SDK][WS][SERVICE]connected nodes,count=2
info|2023-07-09 09:09:52.716209|[EVENT][SUB][doLoop]event sub tasks report,working event sub count=0,suspend event sub count=0
info|2023-07-09 09:09:52.796999|[SDK][WS][SERVICE]connected nodes,count=2
info|2023-07-09 09:10:12.716416|[EVENT][SUB][doLoop]event sub tasks report,working event sub count=0,suspend event sub count=0
info|2023-07-09 09:10:12.797211|[SDK][WS][SERVICE]connected nodes,count=2
info|2023-07-09 09:10:32.716984|[EVENT][SUB][doLoop]event sub tasks report,working event sub count=0,suspend event sub count=0
info|2023-07-09 09:10:32.797928|[SDK][WS][SERVICE]connected nodes,count=2
info|2023-07-09 09:10:52.717380|[EVENT][SUB][doLoop]event sub tasks report,working event sub count=0,suspend event sub count=0
info|2023-07-09 09:10:52.798533|[SDK][WS][SERVICE]connected nodes,count=2
info|2023-07-09 09:11:12.717851|[EVENT][SUB][doLoop]event sub tasks report,working event sub count=0,suspend event sub count=0
info|2023-07-09 09:11:12.798953|[SDK][WS][SERVICE]connected nodes,count=2
info|2023-07-09 09:11:32.717913|[EVENT][SUB][doLoop]event sub tasks report,working event sub count=0,suspend event sub count=0
info|2023-07-09 09:11:32.799295|[SDK][WS][SERVICE]connected nodes,count=2
info|2023-07-09 09:11:52.718434|[EVENT][SUB][doLoop]event sub tasks report,working event sub count=0,suspend event sub count=0
info|2023-07-09 09:11:52.799506|[SDK][WS][SERVICE]connected nodes,count=2
info|2023-07-09 09:12:12.719164|[EVENT][SUB][doLoop]event sub tasks report,working event sub count=0,suspend event sub count=0
info|2023-07-09 09:12:12.800170|[SDK][WS][SERVICE]connected nodes,count=2
info|2023-07-09 09:12:32.719456|[EVENT][SUB][doLoop]event sub tasks report,working event sub count=0,suspend event sub count=0
info|2023-07-09 09:12:32.800415|[SDK][WS][SERVICE]connected nodes,count=2
info|2023-07-09 09:12:52.719738|[EVENT][SUB][doLoop]event sub tasks report,working event sub count=0,suspend event sub count=0
info|2023-07-09 09:12:52.800989|[SDK][WS][SERVICE]connected nodes,count=2
info|2023-07-09 09:13:12.720274|[EVENT][SUB][doLoop]event sub tasks report,working event sub count=0,suspend event sub count=0
info|2023-07-09 09:13:12.801163|[SDK][WS][SERVICE]connected nodes,count=2
info|2023-07-09 09:13:32.720876|[EVENT][SUB][doLoop]event sub tasks report,working event sub count=0,suspend event sub count=0
info|2023-07-09 09:13:32.801695|[SDK][WS][SERVICE]connected nodes,count=2
info|2023-07-09 09:13:52.721306|[EVENT][SUB][doLoop]event sub tasks report,working event sub count=0,suspend event sub count=0
info|2023-07-09 09:13:52.801845|[SDK][WS][SERVICE]connected nodes,count=2
info|2023-07-09 09:14:12.721600|[EVENT][SUB][doLoop]event sub tasks report,working event sub count=0,suspend event sub count=0
info|2023-07-09 09:14:12.802327|[SDK][WS][SERVICE]connected nodes,count=2
info|2023-07-09 09:14:32.721690|[EVENT][SUB][doLoop]event sub tasks report,working event sub count=0,suspend event sub count=0
info|2023-07-09 09:14:32.802935|[SDK][WS][SERVICE]connected nodes,count=2
info|2023-07-09 09:14:52.721874|[EVENT][SUB][doLoop]event sub tasks report,working event sub count=0,suspend event sub count=0
info|2023-07-09 09:14:52.803250|[SDK][WS][SERVICE]connected nodes,count=2
info|2023-07-09 09:15:12.722342|[EVENT][SUB][doLoop]event sub tasks report,working event sub count=0,suspend event sub count=0
info|2023-07-09 09:15:12.803523|[SDK][WS][SERVICE]connected nodes,count=2
info|2023-07-09 09:15:32.722589|[EVENT][SUB][doLoop]event sub tasks report,working event sub count=0,suspend event sub count=0
info|2023-07-09 09:15:32.804269|[SDK][WS][SERVICE]connected nodes,count=2
info|2023-07-09 09:15:52.722680|[EVENT][SUB][doLoop]event sub tasks report,working event sub count=0,suspend event sub count=0
info|2023-07-09 09:15:52.804429|[SDK][WS][SERVICE]connected nodes,count=2
info|2023-07-09 09:16:12.723105|[EVENT][SUB][doLoop]event sub tasks report,working event sub count=0,suspend event sub count=0
info|2023-07-09 09:16:12.804723|[SDK][WS][SERVICE]connected nodes,count=2
info|2023-07-09 09:16:32.723394|[EVENT][SUB][doLoop]event sub tasks report,working event sub count=0,suspend event sub count=0
info|2023-07-09 09:16:32.805053|[SDK][WS][SERVICE]connected nodes,count=2
info|2023-07-09 09:16:52.723538|[EVENT][SUB][doLoop]event sub tasks report,working event sub count=0,suspend event sub count=0
info|2023-07-09 09:16:52.805666|[SDK][WS][SERVICE]connected nodes,count=2
info|2023-07-09 09:17:12.723643|[EVENT][SUB][doLoop]event sub tasks report,working event sub count=0,suspend event sub count=0
info|2023-07-09 09:17:12.805979|[SDK][WS][SERVICE]connected nodes,count=2
info|2023-07-09 09:17:32.723913|[EVENT][SUB][doLoop]event sub tasks report,working event sub count=0,suspend event sub count=0
info|2023-07-09 09:17:32.806801|[SDK][WS][SERVICE]connected nodes,count=2
info|2023-07-09 09:17:52.724442|[EVENT][SUB][doLoop]event sub tasks report,working event sub count=0,suspend event sub count=0
info|2023-07-09 09:17:52.807244|[SDK][WS][SERVICE]connected nodes,count=2
info|2023-07-09 09:18:12.724750|[EVENT][SUB][doLoop]event sub tasks report,working event sub count=0,suspend event sub count=0
info|2023-07-09 09:18:12.807382|[SDK][WS][SERVICE]connected nodes,count=2
info|2023-07-09 09:18:32.725128|[EVENT][SUB][doLoop]event sub tasks report,working event sub count=0,suspend event sub count=0
info|2023-07-09 09:18:32.808235|[SDK][WS][SERVICE]connected nodes,count=2
info|2023-07-09 09:18:52.725175|[EVENT][SUB][doLoop]event sub tasks report,working event sub count=0,suspend event sub count=0
info|2023-07-09 09:18:52.809128|[SDK][WS][SERVICE]connected nodes,count=2
info|2023-07-09 09:19:12.725413|[EVENT][SUB][doLoop]event sub tasks report,working event sub count=0,suspend event sub count=0
info|2023-07-09 09:19:12.809409|[SDK][WS][SERVICE]connected nodes,count=2
info|2023-07-09 09:19:32.726264|[EVENT][SUB][doLoop]event sub tasks report,working event sub count=0,suspend event sub count=0
info|2023-07-09 09:19:32.809680|[SDK][WS][SERVICE]connected nodes,count=2
info|2023-07-09 09:19:52.726349|[EVENT][SUB][doLoop]event sub tasks report,working event sub count=0,suspend event sub count=0
info|2023-07-09 09:19:52.810163|[SDK][WS][SERVICE]connected nodes,count=2
info|2023-07-09 09:20:12.726624|[EVENT][SUB][doLoop]event sub tasks report,working event sub count=0,suspend event sub count=0
info|2023-07-09 09:20:12.810608|[SDK][WS][SERVICE]connected nodes,count=2
info|2023-07-09 09:20:32.726756|[EVENT][SUB][doLoop]event sub tasks report,working event sub count=0,suspend event sub count=0
info|2023-07-09 09:20:32.810890|[SDK][WS][SERVICE]connected nodes,count=2
info|2023-07-09 09:20:52.727101|[EVENT][SUB][doLoop]event sub tasks report,working event sub count=0,suspend event sub count=0
info|2023-07-09 09:20:52.811413|[SDK][WS][SERVICE]connected nodes,count=2
info|2023-07-09 09:21:12.727148|[EVENT][SUB][doLoop]event sub tasks report,working event sub count=0,suspend event sub count=0
info|2023-07-09 09:21:12.812062|[SDK][WS][SERVICE]connected nodes,count=2
info|2023-07-09 09:21:32.727439|[EVENT][SUB][doLoop]event sub tasks report,working event sub count=0,suspend event sub count=0
info|2023-07-09 09:21:32.812271|[SDK][WS][SERVICE]connected nodes,count=2
info|2023-07-09 09:21:52.727601|[EVENT][SUB][doLoop]event sub tasks report,working event sub count=0,suspend event sub count=0
info|2023-07-09 09:21:52.813043|[SDK][WS][SERVICE]connected nodes,count=2
info|2023-07-09 09:22:12.728081|[EVENT][SUB][doLoop]event sub tasks report,working event sub count=0,suspend event sub count=0
info|2023-07-09 09:22:12.813443|[SDK][WS][SERVICE]connected nodes,count=2
info|2023-07-09 09:22:32.728223|[EVENT][SUB][doLoop]event sub tasks report,working event sub count=0,suspend event sub count=0
info|2023-07-09 09:22:32.813890|[SDK][WS][SERVICE]connected nodes,count=2
info|2023-07-09 09:22:52.728552|[EVENT][SUB][doLoop]event sub tasks report,working event sub count=0,suspend event sub count=0
info|2023-07-09 09:22:52.814394|[SDK][WS][SERVICE]connected nodes,count=2
info|2023-07-09 09:23:12.729106|[EVENT][SUB][doLoop]event sub tasks report,working event sub count=0,suspend event sub count=0
info|2023-07-09 09:23:12.815235|[SDK][WS][SERVICE]connected nodes,count=2
info|2023-07-09 09:23:32.730054|[EVENT][SUB][doLoop]event sub tasks report,working event sub count=0,suspend event sub count=0
info|2023-07-09 09:23:32.815919|[SDK][WS][SERVICE]connected nodes,count=2
info|2023-07-09 09:23:52.730190|[EVENT][SUB][doLoop]event sub tasks report,working event sub count=0,suspend event sub count=0
info|2023-07-09 09:23:52.816497|[SDK][WS][SERVICE]connected nodes,count=2
info|2023-07-09 09:24:12.730676|[EVENT][SUB][doLoop]event sub tasks report,working event sub count=0,suspend event sub count=0
info|2023-07-09 09:24:12.817405|[SDK][WS][SERVICE]connected nodes,count=2
info|2023-07-09 09:24:32.730811|[EVENT][SUB][doLoop]event sub tasks report,working event sub count=0,suspend event sub count=0
info|2023-07-09 09:24:32.817595|[SDK][WS][SERVICE]connected nodes,count=2
info|2023-07-09 09:24:52.730943|[EVENT][SUB][doLoop]event sub tasks report,working event sub count=0,suspend event sub count=0
info|2023-07-09 09:24:52.818025|[SDK][WS][SERVICE]connected nodes,count=2
info|2023-07-09 09:25:12.731298|[EVENT][SUB][doLoop]event sub tasks report,working event sub count=0,suspend event sub count=0
info|2023-07-09 09:25:12.818225|[SDK][WS][SERVICE]connected nodes,count=2
info|2023-07-09 09:25:32.731477|[EVENT][SUB][doLoop]event sub tasks report,working event sub count=0,suspend event sub count=0
info|2023-07-09 09:25:32.818756|[SDK][WS][SERVICE]connected nodes,count=2
info|2023-07-09 09:25:52.731946|[EVENT][SUB][doLoop]event sub tasks report,working event sub count=0,suspend event sub count=0
info|2023-07-09 09:25:52.819145|[SDK][WS][SERVICE]connected nodes,count=2
info|2023-07-09 09:26:12.732052|[EVENT][SUB][doLoop]event sub tasks report,working event sub count=0,suspend event sub count=0
info|2023-07-09 09:26:12.819373|[SDK][WS][SERVICE]connected nodes,count=2
info|2023-07-09 09:26:32.732209|[EVENT][SUB][doLoop]event sub tasks report,working event sub count=0,suspend event sub count=0
info|2023-07-09 09:26:32.820297|[SDK][WS][SERVICE]connected nodes,count=2
info|2023-07-09 09:26:52.732693|[EVENT][SUB][doLoop]event sub tasks report,working event sub count=0,suspend event sub count=0
info|2023-07-09 09:26:52.820628|[SDK][WS][SERVICE]connected nodes,count=2
info|2023-07-09 09:27:12.733055|[EVENT][SUB][doLoop]event sub tasks report,working event sub count=0,suspend event sub count=0
info|2023-07-09 09:27:12.821109|[SDK][WS][SERVICE]connected nodes,count=2
info|2023-07-09 09:27:13.887088|[RPC][BLOCK][NUMBER][fromJson],group=group0,node=98a7f70ec883a722219d92253cf073a72605f4087aa3443c8e4aadc0af2dc3ac647d0fa1b5ac99cd6987abafe6d690ae71cd5fd2aeeabe7589bfb4748aabdfba,blockNumber=2671
info|2023-07-09 09:27:13.887111|[RPCWS][SERVICE][onRecvBlockNotifier]receive block number notifier,group=group0,node=98a7f70ec883a722219d92253cf073a72605f4087aa3443c8e4aadc0af2dc3ac647d0fa1b5ac99cd6987abafe6d690ae71cd5fd2aeeabe7589bfb4748aabdfba,blockNumber=2671
info|2023-07-09 09:27:13.887117|[RPCWS][SERVICE][updateGroupBlockNumber],groupID=group0,_blockNumber=2671
info|2023-07-09 09:27:13.887121|[RPCWS][SERVICE][onRecvBlockNotifier]block notifier callback,group=group0,node=98a7f70ec883a722219d92253cf073a72605f4087aa3443c8e4aadc0af2dc3ac647d0fa1b5ac99cd6987abafe6d690ae71cd5fd2aeeabe7589bfb4748aabdfba,blockNumber=2671
info|2023-07-09 09:27:13.887125|[WS]receive block notify,endpoint=127.0.0.1:20200,blk={
	"blockNumber" : 2671,
	"group" : "group0",
	"nodeName" : "98a7f70ec883a722219d92253cf073a72605f4087aa3443c8e4aadc0af2dc3ac647d0fa1b5ac99cd6987abafe6d690ae71cd5fd2aeeabe7589bfb4748aabdfba"
}
info|2023-07-09 09:27:13.928157|[RPC][BLOCK][NUMBER][fromJson],group=group0,node=2f993327933ad58672518b6d4f63920cbc68b80f78f4d81192552ee6362f5cc81ee13bdc678ad65f06e76444cadb53b33694cfb3fc7679b8000411975fedd28a,blockNumber=2671
info|2023-07-09 09:27:13.928177|[RPCWS][SERVICE][onRecvBlockNotifier]receive block number notifier,group=group0,node=2f993327933ad58672518b6d4f63920cbc68b80f78f4d81192552ee6362f5cc81ee13bdc678ad65f06e76444cadb53b33694cfb3fc7679b8000411975fedd28a,blockNumber=2671
info|2023-07-09 09:27:13.928183|[WS]receive block notify,endpoint=127.0.0.1:20201,blk={
	"blockNumber" : 2671,
	"group" : "group0",
	"nodeName" : "2f993327933ad58672518b6d4f63920cbc68b80f78f4d81192552ee6362f5cc81ee13bdc678ad65f06e76444cadb53b33694cfb3fc7679b8000411975fedd28a"
}
info|2023-07-09 09:27:14.477430|[RPC][BLOCK][NUMBER][fromJson],group=group0,node=98a7f70ec883a722219d92253cf073a72605f4087aa3443c8e4aadc0af2dc3ac647d0fa1b5ac99cd6987abafe6d690ae71cd5fd2aeeabe7589bfb4748aabdfba,blockNumber=2672
info|2023-07-09 09:27:14.477456|[RPCWS][SERVICE][onRecvBlockNotifier]receive block number notifier,group=group0,node=98a7f70ec883a722219d92253cf073a72605f4087aa3443c8e4aadc0af2dc3ac647d0fa1b5ac99cd6987abafe6d690ae71cd5fd2aeeabe7589bfb4748aabdfba,blockNumber=2672
info|2023-07-09 09:27:14.477462|[RPCWS][SERVICE][updateGroupBlockNumber],groupID=group0,_blockNumber=2672
info|2023-07-09 09:27:14.477504|[RPCWS][SERVICE][onRecvBlockNotifier]block notifier callback,group=group0,node=98a7f70ec883a722219d92253cf073a72605f4087aa3443c8e4aadc0af2dc3ac647d0fa1b5ac99cd6987abafe6d690ae71cd5fd2aeeabe7589bfb4748aabdfba,blockNumber=2672
info|2023-07-09 09:27:14.477509|[WS]receive block notify,endpoint=127.0.0.1:20200,blk={
	"blockNumber" : 2672,
	"group" : "group0",
	"nodeName" : "98a7f70ec883a722219d92253cf073a72605f4087aa3443c8e4aadc0af2dc3ac647d0fa1b5ac99cd6987abafe6d690ae71cd5fd2aeeabe7589bfb4748aabdfba"
}
info|2023-07-09 09:27:14.486673|[RPC][BLOCK][NUMBER][fromJson],group=group0,node=2f993327933ad58672518b6d4f63920cbc68b80f78f4d81192552ee6362f5cc81ee13bdc678ad65f06e76444cadb53b33694cfb3fc7679b8000411975fedd28a,blockNumber=2672
info|2023-07-09 09:27:14.486695|[RPCWS][SERVICE][onRecvBlockNotifier]receive block number notifier,group=group0,node=2f993327933ad58672518b6d4f63920cbc68b80f78f4d81192552ee6362f5cc81ee13bdc678ad65f06e76444cadb53b33694cfb3fc7679b8000411975fedd28a,blockNumber=2672
info|2023-07-09 09:27:14.486703|[WS]receive block notify,endpoint=127.0.0.1:20201,blk={
	"blockNumber" : 2672,
	"group" : "group0",
	"nodeName" : "2f993327933ad58672518b6d4f63920cbc68b80f78f4d81192552ee6362f5cc81ee13bdc678ad65f06e76444cadb53b33694cfb3fc7679b8000411975fedd28a"
}
info|2023-07-09 09:27:14.990750|[RPC][BLOCK][NUMBER][fromJson],group=group0,node=98a7f70ec883a722219d92253cf073a72605f4087aa3443c8e4aadc0af2dc3ac647d0fa1b5ac99cd6987abafe6d690ae71cd5fd2aeeabe7589bfb4748aabdfba,blockNumber=2673
info|2023-07-09 09:27:14.990780|[RPCWS][SERVICE][onRecvBlockNotifier]receive block number notifier,group=group0,node=98a7f70ec883a722219d92253cf073a72605f4087aa3443c8e4aadc0af2dc3ac647d0fa1b5ac99cd6987abafe6d690ae71cd5fd2aeeabe7589bfb4748aabdfba,blockNumber=2673
info|2023-07-09 09:27:14.990788|[RPCWS][SERVICE][updateGroupBlockNumber],groupID=group0,_blockNumber=2673
info|2023-07-09 09:27:14.990794|[RPCWS][SERVICE][onRecvBlockNotifier]block notifier callback,group=group0,node=98a7f70ec883a722219d92253cf073a72605f4087aa3443c8e4aadc0af2dc3ac647d0fa1b5ac99cd6987abafe6d690ae71cd5fd2aeeabe7589bfb4748aabdfba,blockNumber=2673
info|2023-07-09 09:27:14.990826|[WS]receive block notify,endpoint=127.0.0.1:20200,blk={
	"blockNumber" : 2673,
	"group" : "group0",
	"nodeName" : "98a7f70ec883a722219d92253cf073a72605f4087aa3443c8e4aadc0af2dc3ac647d0fa1b5ac99cd6987abafe6d690ae71cd5fd2aeeabe7589bfb4748aabdfba"
}
info|2023-07-09 09:27:15.100430|[RPC][BLOCK][NUMBER][fromJson],group=group0,node=2f993327933ad58672518b6d4f63920cbc68b80f78f4d81192552ee6362f5cc81ee13bdc678ad65f06e76444cadb53b33694cfb3fc7679b8000411975fedd28a,blockNumber=2673
info|2023-07-09 09:27:15.100455|[RPCWS][SERVICE][onRecvBlockNotifier]receive block number notifier,group=group0,node=2f993327933ad58672518b6d4f63920cbc68b80f78f4d81192552ee6362f5cc81ee13bdc678ad65f06e76444cadb53b33694cfb3fc7679b8000411975fedd28a,blockNumber=2673
info|2023-07-09 09:27:15.100463|[WS]receive block notify,endpoint=127.0.0.1:20201,blk={
	"blockNumber" : 2673,
	"group" : "group0",
	"nodeName" : "2f993327933ad58672518b6d4f63920cbc68b80f78f4d81192552ee6362f5cc81ee13bdc678ad65f06e76444cadb53b33694cfb3fc7679b8000411975fedd28a"
}
info|2023-07-09 09:27:15.665280|[RPC][BLOCK][NUMBER][fromJson],group=group0,node=98a7f70ec883a722219d92253cf073a72605f4087aa3443c8e4aadc0af2dc3ac647d0fa1b5ac99cd6987abafe6d690ae71cd5fd2aeeabe7589bfb4748aabdfba,blockNumber=2674
info|2023-07-09 09:27:15.665306|[RPCWS][SERVICE][onRecvBlockNotifier]receive block number notifier,group=group0,node=98a7f70ec883a722219d92253cf073a72605f4087aa3443c8e4aadc0af2dc3ac647d0fa1b5ac99cd6987abafe6d690ae71cd5fd2aeeabe7589bfb4748aabdfba,blockNumber=2674
info|2023-07-09 09:27:15.665312|[RPCWS][SERVICE][updateGroupBlockNumber],groupID=group0,_blockNumber=2674
info|2023-07-09 09:27:15.665317|[RPCWS][SERVICE][onRecvBlockNotifier]block notifier callback,group=group0,node=98a7f70ec883a722219d92253cf073a72605f4087aa3443c8e4aadc0af2dc3ac647d0fa1b5ac99cd6987abafe6d690ae71cd5fd2aeeabe7589bfb4748aabdfba,blockNumber=2674
info|2023-07-09 09:27:15.665322|[WS]receive block notify,endpoint=127.0.0.1:20200,blk={
	"blockNumber" : 2674,
	"group" : "group0",
	"nodeName" : "98a7f70ec883a722219d92253cf073a72605f4087aa3443c8e4aadc0af2dc3ac647d0fa1b5ac99cd6987abafe6d690ae71cd5fd2aeeabe7589bfb4748aabdfba"
}
info|2023-07-09 09:27:15.701896|[RPC][BLOCK][NUMBER][fromJson],group=group0,node=2f993327933ad58672518b6d4f63920cbc68b80f78f4d81192552ee6362f5cc81ee13bdc678ad65f06e76444cadb53b33694cfb3fc7679b8000411975fedd28a,blockNumber=2674
info|2023-07-09 09:27:15.701916|[RPCWS][SERVICE][onRecvBlockNotifier]receive block number notifier,group=group0,node=2f993327933ad58672518b6d4f63920cbc68b80f78f4d81192552ee6362f5cc81ee13bdc678ad65f06e76444cadb53b33694cfb3fc7679b8000411975fedd28a,blockNumber=2674
info|2023-07-09 09:27:15.701923|[WS]receive block notify,endpoint=127.0.0.1:20201,blk={
	"blockNumber" : 2674,
	"group" : "group0",
	"nodeName" : "2f993327933ad58672518b6d4f63920cbc68b80f78f4d81192552ee6362f5cc81ee13bdc678ad65f06e76444cadb53b33694cfb3fc7679b8000411975fedd28a"
}
info|2023-07-09 09:27:16.225608|[RPC][BLOCK][NUMBER][fromJson],group=group0,node=98a7f70ec883a722219d92253cf073a72605f4087aa3443c8e4aadc0af2dc3ac647d0fa1b5ac99cd6987abafe6d690ae71cd5fd2aeeabe7589bfb4748aabdfba,blockNumber=2675
info|2023-07-09 09:27:16.225630|[RPCWS][SERVICE][onRecvBlockNotifier]receive block number notifier,group=group0,node=98a7f70ec883a722219d92253cf073a72605f4087aa3443c8e4aadc0af2dc3ac647d0fa1b5ac99cd6987abafe6d690ae71cd5fd2aeeabe7589bfb4748aabdfba,blockNumber=2675
info|2023-07-09 09:27:16.225636|[RPCWS][SERVICE][updateGroupBlockNumber],groupID=group0,_blockNumber=2675
info|2023-07-09 09:27:16.225640|[RPCWS][SERVICE][onRecvBlockNotifier]block notifier callback,group=group0,node=98a7f70ec883a722219d92253cf073a72605f4087aa3443c8e4aadc0af2dc3ac647d0fa1b5ac99cd6987abafe6d690ae71cd5fd2aeeabe7589bfb4748aabdfba,blockNumber=2675
info|2023-07-09 09:27:16.225644|[WS]receive block notify,endpoint=127.0.0.1:20200,blk={
	"blockNumber" : 2675,
	"group" : "group0",
	"nodeName" : "98a7f70ec883a722219d92253cf073a72605f4087aa3443c8e4aadc0af2dc3ac647d0fa1b5ac99cd6987abafe6d690ae71cd5fd2aeeabe7589bfb4748aabdfba"
}
info|2023-07-09 09:27:16.274451|[RPC][BLOCK][NUMBER][fromJson],group=group0,node=2f993327933ad58672518b6d4f63920cbc68b80f78f4d81192552ee6362f5cc81ee13bdc678ad65f06e76444cadb53b33694cfb3fc7679b8000411975fedd28a,blockNumber=2675
info|2023-07-09 09:27:16.274470|[RPCWS][SERVICE][onRecvBlockNotifier]receive block number notifier,group=group0,node=2f993327933ad58672518b6d4f63920cbc68b80f78f4d81192552ee6362f5cc81ee13bdc678ad65f06e76444cadb53b33694cfb3fc7679b8000411975fedd28a,blockNumber=2675
info|2023-07-09 09:27:16.274477|[WS]receive block notify,endpoint=127.0.0.1:20201,blk={
	"blockNumber" : 2675,
	"group" : "group0",
	"nodeName" : "2f993327933ad58672518b6d4f63920cbc68b80f78f4d81192552ee6362f5cc81ee13bdc678ad65f06e76444cadb53b33694cfb3fc7679b8000411975fedd28a"
}
info|2023-07-09 09:27:16.774016|[RPC][BLOCK][NUMBER][fromJson],group=group0,node=98a7f70ec883a722219d92253cf073a72605f4087aa3443c8e4aadc0af2dc3ac647d0fa1b5ac99cd6987abafe6d690ae71cd5fd2aeeabe7589bfb4748aabdfba,blockNumber=2676
info|2023-07-09 09:27:16.774059|[RPCWS][SERVICE][onRecvBlockNotifier]receive block number notifier,group=group0,node=98a7f70ec883a722219d92253cf073a72605f4087aa3443c8e4aadc0af2dc3ac647d0fa1b5ac99cd6987abafe6d690ae71cd5fd2aeeabe7589bfb4748aabdfba,blockNumber=2676
info|2023-07-09 09:27:16.774067|[RPCWS][SERVICE][updateGroupBlockNumber],groupID=group0,_blockNumber=2676
info|2023-07-09 09:27:16.774072|[RPCWS][SERVICE][onRecvBlockNotifier]block notifier callback,group=group0,node=98a7f70ec883a722219d92253cf073a72605f4087aa3443c8e4aadc0af2dc3ac647d0fa1b5ac99cd6987abafe6d690ae71cd5fd2aeeabe7589bfb4748aabdfba,blockNumber=2676
info|2023-07-09 09:27:16.774076|[WS]receive block notify,endpoint=127.0.0.1:20200,blk={
	"blockNumber" : 2676,
	"group" : "group0",
	"nodeName" : "98a7f70ec883a722219d92253cf073a72605f4087aa3443c8e4aadc0af2dc3ac647d0fa1b5ac99cd6987abafe6d690ae71cd5fd2aeeabe7589bfb4748aabdfba"
}
info|2023-07-09 09:27:16.827834|[RPC][BLOCK][NUMBER][fromJson],group=group0,node=2f993327933ad58672518b6d4f63920cbc68b80f78f4d81192552ee6362f5cc81ee13bdc678ad65f06e76444cadb53b33694cfb3fc7679b8000411975fedd28a,blockNumber=2676
info|2023-07-09 09:27:16.827868|[RPCWS][SERVICE][onRecvBlockNotifier]receive block number notifier,group=group0,node=2f993327933ad58672518b6d4f63920cbc68b80f78f4d81192552ee6362f5cc81ee13bdc678ad65f06e76444cadb53b33694cfb3fc7679b8000411975fedd28a,blockNumber=2676
info|2023-07-09 09:27:16.827894|[WS]receive block notify,endpoint=127.0.0.1:20201,blk={
	"blockNumber" : 2676,
	"group" : "group0",
	"nodeName" : "2f993327933ad58672518b6d4f63920cbc68b80f78f4d81192552ee6362f5cc81ee13bdc678ad65f06e76444cadb53b33694cfb3fc7679b8000411975fedd28a"
}
info|2023-07-09 09:27:17.315561|[RPC][BLOCK][NUMBER][fromJson],group=group0,node=98a7f70ec883a722219d92253cf073a72605f4087aa3443c8e4aadc0af2dc3ac647d0fa1b5ac99cd6987abafe6d690ae71cd5fd2aeeabe7589bfb4748aabdfba,blockNumber=2677
info|2023-07-09 09:27:17.315585|[RPCWS][SERVICE][onRecvBlockNotifier]receive block number notifier,group=group0,node=98a7f70ec883a722219d92253cf073a72605f4087aa3443c8e4aadc0af2dc3ac647d0fa1b5ac99cd6987abafe6d690ae71cd5fd2aeeabe7589bfb4748aabdfba,blockNumber=2677
info|2023-07-09 09:27:17.315591|[RPCWS][SERVICE][updateGroupBlockNumber],groupID=group0,_blockNumber=2677
info|2023-07-09 09:27:17.315596|[RPCWS][SERVICE][onRecvBlockNotifier]block notifier callback,group=group0,node=98a7f70ec883a722219d92253cf073a72605f4087aa3443c8e4aadc0af2dc3ac647d0fa1b5ac99cd6987abafe6d690ae71cd5fd2aeeabe7589bfb4748aabdfba,blockNumber=2677
info|2023-07-09 09:27:17.315600|[WS]receive block notify,endpoint=127.0.0.1:20200,blk={
	"blockNumber" : 2677,
	"group" : "group0",
	"nodeName" : "98a7f70ec883a722219d92253cf073a72605f4087aa3443c8e4aadc0af2dc3ac647d0fa1b5ac99cd6987abafe6d690ae71cd5fd2aeeabe7589bfb4748aabdfba"
}
info|2023-07-09 09:27:17.360367|[RPC][BLOCK][NUMBER][fromJson],group=group0,node=2f993327933ad58672518b6d4f63920cbc68b80f78f4d81192552ee6362f5cc81ee13bdc678ad65f06e76444cadb53b33694cfb3fc7679b8000411975fedd28a,blockNumber=2677
info|2023-07-09 09:27:17.360424|[RPCWS][SERVICE][onRecvBlockNotifier]receive block number notifier,group=group0,node=2f993327933ad58672518b6d4f63920cbc68b80f78f4d81192552ee6362f5cc81ee13bdc678ad65f06e76444cadb53b33694cfb3fc7679b8000411975fedd28a,blockNumber=2677
info|2023-07-09 09:27:17.360434|[WS]receive block notify,endpoint=127.0.0.1:20201,blk={
	"blockNumber" : 2677,
	"group" : "group0",
	"nodeName" : "2f993327933ad58672518b6d4f63920cbc68b80f78f4d81192552ee6362f5cc81ee13bdc678ad65f06e76444cadb53b33694cfb3fc7679b8000411975fedd28a"
}
info|2023-07-09 09:27:17.917222|[RPC][BLOCK][NUMBER][fromJson],group=group0,node=98a7f70ec883a722219d92253cf073a72605f4087aa3443c8e4aadc0af2dc3ac647d0fa1b5ac99cd6987abafe6d690ae71cd5fd2aeeabe7589bfb4748aabdfba,blockNumber=2678
info|2023-07-09 09:27:17.917243|[RPCWS][SERVICE][onRecvBlockNotifier]receive block number notifier,group=group0,node=98a7f70ec883a722219d92253cf073a72605f4087aa3443c8e4aadc0af2dc3ac647d0fa1b5ac99cd6987abafe6d690ae71cd5fd2aeeabe7589bfb4748aabdfba,blockNumber=2678
info|2023-07-09 09:27:17.917248|[RPCWS][SERVICE][updateGroupBlockNumber],groupID=group0,_blockNumber=2678
info|2023-07-09 09:27:17.917252|[RPCWS][SERVICE][onRecvBlockNotifier]block notifier callback,group=group0,node=98a7f70ec883a722219d92253cf073a72605f4087aa3443c8e4aadc0af2dc3ac647d0fa1b5ac99cd6987abafe6d690ae71cd5fd2aeeabe7589bfb4748aabdfba,blockNumber=2678
info|2023-07-09 09:27:17.917255|[WS]receive block notify,endpoint=127.0.0.1:20200,blk={
	"blockNumber" : 2678,
	"group" : "group0",
	"nodeName" : "98a7f70ec883a722219d92253cf073a72605f4087aa3443c8e4aadc0af2dc3ac647d0fa1b5ac99cd6987abafe6d690ae71cd5fd2aeeabe7589bfb4748aabdfba"
}
info|2023-07-09 09:27:17.920551|[RPC][BLOCK][NUMBER][fromJson],group=group0,node=2f993327933ad58672518b6d4f63920cbc68b80f78f4d81192552ee6362f5cc81ee13bdc678ad65f06e76444cadb53b33694cfb3fc7679b8000411975fedd28a,blockNumber=2678
info|2023-07-09 09:27:17.920586|[RPCWS][SERVICE][onRecvBlockNotifier]receive block number notifier,group=group0,node=2f993327933ad58672518b6d4f63920cbc68b80f78f4d81192552ee6362f5cc81ee13bdc678ad65f06e76444cadb53b33694cfb3fc7679b8000411975fedd28a,blockNumber=2678
info|2023-07-09 09:27:17.920595|[WS]receive block notify,endpoint=127.0.0.1:20201,blk={
	"blockNumber" : 2678,
	"group" : "group0",
	"nodeName" : "2f993327933ad58672518b6d4f63920cbc68b80f78f4d81192552ee6362f5cc81ee13bdc678ad65f06e76444cadb53b33694cfb3fc7679b8000411975fedd28a"
}
info|2023-07-09 09:27:18.424907|[RPC][BLOCK][NUMBER][fromJson],group=group0,node=98a7f70ec883a722219d92253cf073a72605f4087aa3443c8e4aadc0af2dc3ac647d0fa1b5ac99cd6987abafe6d690ae71cd5fd2aeeabe7589bfb4748aabdfba,blockNumber=2679
info|2023-07-09 09:27:18.424933|[RPCWS][SERVICE][onRecvBlockNotifier]receive block number notifier,group=group0,node=98a7f70ec883a722219d92253cf073a72605f4087aa3443c8e4aadc0af2dc3ac647d0fa1b5ac99cd6987abafe6d690ae71cd5fd2aeeabe7589bfb4748aabdfba,blockNumber=2679
info|2023-07-09 09:27:18.424940|[RPCWS][SERVICE][updateGroupBlockNumber],groupID=group0,_blockNumber=2679
info|2023-07-09 09:27:18.424946|[RPCWS][SERVICE][onRecvBlockNotifier]block notifier callback,group=group0,node=98a7f70ec883a722219d92253cf073a72605f4087aa3443c8e4aadc0af2dc3ac647d0fa1b5ac99cd6987abafe6d690ae71cd5fd2aeeabe7589bfb4748aabdfba,blockNumber=2679
info|2023-07-09 09:27:18.424950|[WS]receive block notify,endpoint=127.0.0.1:20200,blk={
	"blockNumber" : 2679,
	"group" : "group0",
	"nodeName" : "98a7f70ec883a722219d92253cf073a72605f4087aa3443c8e4aadc0af2dc3ac647d0fa1b5ac99cd6987abafe6d690ae71cd5fd2aeeabe7589bfb4748aabdfba"
}
info|2023-07-09 09:27:18.518738|[RPC][BLOCK][NUMBER][fromJson],group=group0,node=2f993327933ad58672518b6d4f63920cbc68b80f78f4d81192552ee6362f5cc81ee13bdc678ad65f06e76444cadb53b33694cfb3fc7679b8000411975fedd28a,blockNumber=2679
info|2023-07-09 09:27:18.518762|[RPCWS][SERVICE][onRecvBlockNotifier]receive block number notifier,group=group0,node=2f993327933ad58672518b6d4f63920cbc68b80f78f4d81192552ee6362f5cc81ee13bdc678ad65f06e76444cadb53b33694cfb3fc7679b8000411975fedd28a,blockNumber=2679
info|2023-07-09 09:27:18.518769|[WS]receive block notify,endpoint=127.0.0.1:20201,blk={
	"blockNumber" : 2679,
	"group" : "group0",
	"nodeName" : "2f993327933ad58672518b6d4f63920cbc68b80f78f4d81192552ee6362f5cc81ee13bdc678ad65f06e76444cadb53b33694cfb3fc7679b8000411975fedd28a"
}
info|2023-07-09 09:27:18.984551|[RPC][BLOCK][NUMBER][fromJson],group=group0,node=98a7f70ec883a722219d92253cf073a72605f4087aa3443c8e4aadc0af2dc3ac647d0fa1b5ac99cd6987abafe6d690ae71cd5fd2aeeabe7589bfb4748aabdfba,blockNumber=2680
info|2023-07-09 09:27:18.984588|[RPCWS][SERVICE][onRecvBlockNotifier]receive block number notifier,group=group0,node=98a7f70ec883a722219d92253cf073a72605f4087aa3443c8e4aadc0af2dc3ac647d0fa1b5ac99cd6987abafe6d690ae71cd5fd2aeeabe7589bfb4748aabdfba,blockNumber=2680
info|2023-07-09 09:27:18.984595|[RPCWS][SERVICE][updateGroupBlockNumber],groupID=group0,_blockNumber=2680
info|2023-07-09 09:27:18.984599|[RPCWS][SERVICE][onRecvBlockNotifier]block notifier callback,group=group0,node=98a7f70ec883a722219d92253cf073a72605f4087aa3443c8e4aadc0af2dc3ac647d0fa1b5ac99cd6987abafe6d690ae71cd5fd2aeeabe7589bfb4748aabdfba,blockNumber=2680
info|2023-07-09 09:27:18.984603|[WS]receive block notify,endpoint=127.0.0.1:20200,blk={
	"blockNumber" : 2680,
	"group" : "group0",
	"nodeName" : "98a7f70ec883a722219d92253cf073a72605f4087aa3443c8e4aadc0af2dc3ac647d0fa1b5ac99cd6987abafe6d690ae71cd5fd2aeeabe7589bfb4748aabdfba"
}
info|2023-07-09 09:27:18.988622|[RPC][BLOCK][NUMBER][fromJson],group=group0,node=2f993327933ad58672518b6d4f63920cbc68b80f78f4d81192552ee6362f5cc81ee13bdc678ad65f06e76444cadb53b33694cfb3fc7679b8000411975fedd28a,blockNumber=2680
info|2023-07-09 09:27:18.988663|[RPCWS][SERVICE][onRecvBlockNotifier]receive block number notifier,group=group0,node=2f993327933ad58672518b6d4f63920cbc68b80f78f4d81192552ee6362f5cc81ee13bdc678ad65f06e76444cadb53b33694cfb3fc7679b8000411975fedd28a,blockNumber=2680
info|2023-07-09 09:27:18.988672|[WS]receive block notify,endpoint=127.0.0.1:20201,blk={
	"blockNumber" : 2680,
	"group" : "group0",
	"nodeName" : "2f993327933ad58672518b6d4f63920cbc68b80f78f4d81192552ee6362f5cc81ee13bdc678ad65f06e76444cadb53b33694cfb3fc7679b8000411975fedd28a"
}
info|2023-07-09 09:27:19.509619|[RPC][BLOCK][NUMBER][fromJson],group=group0,node=98a7f70ec883a722219d92253cf073a72605f4087aa3443c8e4aadc0af2dc3ac647d0fa1b5ac99cd6987abafe6d690ae71cd5fd2aeeabe7589bfb4748aabdfba,blockNumber=2681
info|2023-07-09 09:27:19.509640|[RPCWS][SERVICE][onRecvBlockNotifier]receive block number notifier,group=group0,node=98a7f70ec883a722219d92253cf073a72605f4087aa3443c8e4aadc0af2dc3ac647d0fa1b5ac99cd6987abafe6d690ae71cd5fd2aeeabe7589bfb4748aabdfba,blockNumber=2681
info|2023-07-09 09:27:19.509645|[RPCWS][SERVICE][updateGroupBlockNumber],groupID=group0,_blockNumber=2681
info|2023-07-09 09:27:19.509650|[RPCWS][SERVICE][onRecvBlockNotifier]block notifier callback,group=group0,node=98a7f70ec883a722219d92253cf073a72605f4087aa3443c8e4aadc0af2dc3ac647d0fa1b5ac99cd6987abafe6d690ae71cd5fd2aeeabe7589bfb4748aabdfba,blockNumber=2681
info|2023-07-09 09:27:19.509654|[WS]receive block notify,endpoint=127.0.0.1:20200,blk={
	"blockNumber" : 2681,
	"group" : "group0",
	"nodeName" : "98a7f70ec883a722219d92253cf073a72605f4087aa3443c8e4aadc0af2dc3ac647d0fa1b5ac99cd6987abafe6d690ae71cd5fd2aeeabe7589bfb4748aabdfba"
}
info|2023-07-09 09:27:19.545164|[RPC][BLOCK][NUMBER][fromJson],group=group0,node=2f993327933ad58672518b6d4f63920cbc68b80f78f4d81192552ee6362f5cc81ee13bdc678ad65f06e76444cadb53b33694cfb3fc7679b8000411975fedd28a,blockNumber=2681
info|2023-07-09 09:27:19.545287|[RPCWS][SERVICE][onRecvBlockNotifier]receive block number notifier,group=group0,node=2f993327933ad58672518b6d4f63920cbc68b80f78f4d81192552ee6362f5cc81ee13bdc678ad65f06e76444cadb53b33694cfb3fc7679b8000411975fedd28a,blockNumber=2681
info|2023-07-09 09:27:19.545330|[WS]receive block notify,endpoint=127.0.0.1:20201,blk={
	"blockNumber" : 2681,
	"group" : "group0",
	"nodeName" : "2f993327933ad58672518b6d4f63920cbc68b80f78f4d81192552ee6362f5cc81ee13bdc678ad65f06e76444cadb53b33694cfb3fc7679b8000411975fedd28a"
}
info|2023-07-09 09:27:20.101797|[RPC][BLOCK][NUMBER][fromJson],group=group0,node=98a7f70ec883a722219d92253cf073a72605f4087aa3443c8e4aadc0af2dc3ac647d0fa1b5ac99cd6987abafe6d690ae71cd5fd2aeeabe7589bfb4748aabdfba,blockNumber=2682
info|2023-07-09 09:27:20.101832|[RPCWS][SERVICE][onRecvBlockNotifier]receive block number notifier,group=group0,node=98a7f70ec883a722219d92253cf073a72605f4087aa3443c8e4aadc0af2dc3ac647d0fa1b5ac99cd6987abafe6d690ae71cd5fd2aeeabe7589bfb4748aabdfba,blockNumber=2682
info|2023-07-09 09:27:20.101838|[RPCWS][SERVICE][updateGroupBlockNumber],groupID=group0,_blockNumber=2682
info|2023-07-09 09:27:20.101843|[RPCWS][SERVICE][onRecvBlockNotifier]block notifier callback,group=group0,node=98a7f70ec883a722219d92253cf073a72605f4087aa3443c8e4aadc0af2dc3ac647d0fa1b5ac99cd6987abafe6d690ae71cd5fd2aeeabe7589bfb4748aabdfba,blockNumber=2682
info|2023-07-09 09:27:20.101846|[WS]receive block notify,endpoint=127.0.0.1:20200,blk={
	"blockNumber" : 2682,
	"group" : "group0",
	"nodeName" : "98a7f70ec883a722219d92253cf073a72605f4087aa3443c8e4aadc0af2dc3ac647d0fa1b5ac99cd6987abafe6d690ae71cd5fd2aeeabe7589bfb4748aabdfba"
}
info|2023-07-09 09:27:20.223008|[RPC][BLOCK][NUMBER][fromJson],group=group0,node=2f993327933ad58672518b6d4f63920cbc68b80f78f4d81192552ee6362f5cc81ee13bdc678ad65f06e76444cadb53b33694cfb3fc7679b8000411975fedd28a,blockNumber=2682
info|2023-07-09 09:27:20.223032|[RPCWS][SERVICE][onRecvBlockNotifier]receive block number notifier,group=group0,node=2f993327933ad58672518b6d4f63920cbc68b80f78f4d81192552ee6362f5cc81ee13bdc678ad65f06e76444cadb53b33694cfb3fc7679b8000411975fedd28a,blockNumber=2682
info|2023-07-09 09:27:20.223039|[WS]receive block notify,endpoint=127.0.0.1:20201,blk={
	"blockNumber" : 2682,
	"group" : "group0",
	"nodeName" : "2f993327933ad58672518b6d4f63920cbc68b80f78f4d81192552ee6362f5cc81ee13bdc678ad65f06e76444cadb53b33694cfb3fc7679b8000411975fedd28a"
}
info|2023-07-09 09:27:20.642763|[RPC][BLOCK][NUMBER][fromJson],group=group0,node=98a7f70ec883a722219d92253cf073a72605f4087aa3443c8e4aadc0af2dc3ac647d0fa1b5ac99cd6987abafe6d690ae71cd5fd2aeeabe7589bfb4748aabdfba,blockNumber=2683
info|2023-07-09 09:27:20.642783|[RPCWS][SERVICE][onRecvBlockNotifier]receive block number notifier,group=group0,node=98a7f70ec883a722219d92253cf073a72605f4087aa3443c8e4aadc0af2dc3ac647d0fa1b5ac99cd6987abafe6d690ae71cd5fd2aeeabe7589bfb4748aabdfba,blockNumber=2683
info|2023-07-09 09:27:20.642788|[RPCWS][SERVICE][updateGroupBlockNumber],groupID=group0,_blockNumber=2683
info|2023-07-09 09:27:20.642793|[RPCWS][SERVICE][onRecvBlockNotifier]block notifier callback,group=group0,node=98a7f70ec883a722219d92253cf073a72605f4087aa3443c8e4aadc0af2dc3ac647d0fa1b5ac99cd6987abafe6d690ae71cd5fd2aeeabe7589bfb4748aabdfba,blockNumber=2683
info|2023-07-09 09:27:20.642797|[WS]receive block notify,endpoint=127.0.0.1:20200,blk={
	"blockNumber" : 2683,
	"group" : "group0",
	"nodeName" : "98a7f70ec883a722219d92253cf073a72605f4087aa3443c8e4aadc0af2dc3ac647d0fa1b5ac99cd6987abafe6d690ae71cd5fd2aeeabe7589bfb4748aabdfba"
}
info|2023-07-09 09:27:20.719910|[RPC][BLOCK][NUMBER][fromJson],group=group0,node=2f993327933ad58672518b6d4f63920cbc68b80f78f4d81192552ee6362f5cc81ee13bdc678ad65f06e76444cadb53b33694cfb3fc7679b8000411975fedd28a,blockNumber=2683
info|2023-07-09 09:27:20.719932|[RPCWS][SERVICE][onRecvBlockNotifier]receive block number notifier,group=group0,node=2f993327933ad58672518b6d4f63920cbc68b80f78f4d81192552ee6362f5cc81ee13bdc678ad65f06e76444cadb53b33694cfb3fc7679b8000411975fedd28a,blockNumber=2683
info|2023-07-09 09:27:20.719975|[WS]receive block notify,endpoint=127.0.0.1:20201,blk={
	"blockNumber" : 2683,
	"group" : "group0",
	"nodeName" : "2f993327933ad58672518b6d4f63920cbc68b80f78f4d81192552ee6362f5cc81ee13bdc678ad65f06e76444cadb53b33694cfb3fc7679b8000411975fedd28a"
}
info|2023-07-09 09:27:21.190137|[RPC][BLOCK][NUMBER][fromJson],group=group0,node=98a7f70ec883a722219d92253cf073a72605f4087aa3443c8e4aadc0af2dc3ac647d0fa1b5ac99cd6987abafe6d690ae71cd5fd2aeeabe7589bfb4748aabdfba,blockNumber=2684
info|2023-07-09 09:27:21.190157|[RPCWS][SERVICE][onRecvBlockNotifier]receive block number notifier,group=group0,node=98a7f70ec883a722219d92253cf073a72605f4087aa3443c8e4aadc0af2dc3ac647d0fa1b5ac99cd6987abafe6d690ae71cd5fd2aeeabe7589bfb4748aabdfba,blockNumber=2684
info|2023-07-09 09:27:21.190162|[RPCWS][SERVICE][updateGroupBlockNumber],groupID=group0,_blockNumber=2684
info|2023-07-09 09:27:21.190167|[RPCWS][SERVICE][onRecvBlockNotifier]block notifier callback,group=group0,node=98a7f70ec883a722219d92253cf073a72605f4087aa3443c8e4aadc0af2dc3ac647d0fa1b5ac99cd6987abafe6d690ae71cd5fd2aeeabe7589bfb4748aabdfba,blockNumber=2684
info|2023-07-09 09:27:21.190170|[WS]receive block notify,endpoint=127.0.0.1:20200,blk={
	"blockNumber" : 2684,
	"group" : "group0",
	"nodeName" : "98a7f70ec883a722219d92253cf073a72605f4087aa3443c8e4aadc0af2dc3ac647d0fa1b5ac99cd6987abafe6d690ae71cd5fd2aeeabe7589bfb4748aabdfba"
}
info|2023-07-09 09:27:21.315660|[RPC][BLOCK][NUMBER][fromJson],group=group0,node=2f993327933ad58672518b6d4f63920cbc68b80f78f4d81192552ee6362f5cc81ee13bdc678ad65f06e76444cadb53b33694cfb3fc7679b8000411975fedd28a,blockNumber=2684
info|2023-07-09 09:27:21.315688|[RPCWS][SERVICE][onRecvBlockNotifier]receive block number notifier,group=group0,node=2f993327933ad58672518b6d4f63920cbc68b80f78f4d81192552ee6362f5cc81ee13bdc678ad65f06e76444cadb53b33694cfb3fc7679b8000411975fedd28a,blockNumber=2684
info|2023-07-09 09:27:21.315695|[WS]receive block notify,endpoint=127.0.0.1:20201,blk={
	"blockNumber" : 2684,
	"group" : "group0",
	"nodeName" : "2f993327933ad58672518b6d4f63920cbc68b80f78f4d81192552ee6362f5cc81ee13bdc678ad65f06e76444cadb53b33694cfb3fc7679b8000411975fedd28a"
}
info|2023-07-09 09:27:21.738954|[RPC][BLOCK][NUMBER][fromJson],group=group0,node=98a7f70ec883a722219d92253cf073a72605f4087aa3443c8e4aadc0af2dc3ac647d0fa1b5ac99cd6987abafe6d690ae71cd5fd2aeeabe7589bfb4748aabdfba,blockNumber=2685
info|2023-07-09 09:27:21.738974|[RPCWS][SERVICE][onRecvBlockNotifier]receive block number notifier,group=group0,node=98a7f70ec883a722219d92253cf073a72605f4087aa3443c8e4aadc0af2dc3ac647d0fa1b5ac99cd6987abafe6d690ae71cd5fd2aeeabe7589bfb4748aabdfba,blockNumber=2685
info|2023-07-09 09:27:21.738979|[RPCWS][SERVICE][updateGroupBlockNumber],groupID=group0,_blockNumber=2685
info|2023-07-09 09:27:21.738983|[RPCWS][SERVICE][onRecvBlockNotifier]block notifier callback,group=group0,node=98a7f70ec883a722219d92253cf073a72605f4087aa3443c8e4aadc0af2dc3ac647d0fa1b5ac99cd6987abafe6d690ae71cd5fd2aeeabe7589bfb4748aabdfba,blockNumber=2685
info|2023-07-09 09:27:21.738987|[WS]receive block notify,endpoint=127.0.0.1:20200,blk={
	"blockNumber" : 2685,
	"group" : "group0",
	"nodeName" : "98a7f70ec883a722219d92253cf073a72605f4087aa3443c8e4aadc0af2dc3ac647d0fa1b5ac99cd6987abafe6d690ae71cd5fd2aeeabe7589bfb4748aabdfba"
}
info|2023-07-09 09:27:21.782833|[RPC][BLOCK][NUMBER][fromJson],group=group0,node=2f993327933ad58672518b6d4f63920cbc68b80f78f4d81192552ee6362f5cc81ee13bdc678ad65f06e76444cadb53b33694cfb3fc7679b8000411975fedd28a,blockNumber=2685
info|2023-07-09 09:27:21.782866|[RPCWS][SERVICE][onRecvBlockNotifier]receive block number notifier,group=group0,node=2f993327933ad58672518b6d4f63920cbc68b80f78f4d81192552ee6362f5cc81ee13bdc678ad65f06e76444cadb53b33694cfb3fc7679b8000411975fedd28a,blockNumber=2685
info|2023-07-09 09:27:21.782874|[WS]receive block notify,endpoint=127.0.0.1:20201,blk={
	"blockNumber" : 2685,
	"group" : "group0",
	"nodeName" : "2f993327933ad58672518b6d4f63920cbc68b80f78f4d81192552ee6362f5cc81ee13bdc678ad65f06e76444cadb53b33694cfb3fc7679b8000411975fedd28a"
}
info|2023-07-09 09:27:22.337795|[RPC][BLOCK][NUMBER][fromJson],group=group0,node=98a7f70ec883a722219d92253cf073a72605f4087aa3443c8e4aadc0af2dc3ac647d0fa1b5ac99cd6987abafe6d690ae71cd5fd2aeeabe7589bfb4748aabdfba,blockNumber=2686
info|2023-07-09 09:27:22.337866|[RPCWS][SERVICE][onRecvBlockNotifier]receive block number notifier,group=group0,node=98a7f70ec883a722219d92253cf073a72605f4087aa3443c8e4aadc0af2dc3ac647d0fa1b5ac99cd6987abafe6d690ae71cd5fd2aeeabe7589bfb4748aabdfba,blockNumber=2686
info|2023-07-09 09:27:22.337879|[RPCWS][SERVICE][updateGroupBlockNumber],groupID=group0,_blockNumber=2686
info|2023-07-09 09:27:22.337883|[RPCWS][SERVICE][onRecvBlockNotifier]block notifier callback,group=group0,node=98a7f70ec883a722219d92253cf073a72605f4087aa3443c8e4aadc0af2dc3ac647d0fa1b5ac99cd6987abafe6d690ae71cd5fd2aeeabe7589bfb4748aabdfba,blockNumber=2686
info|2023-07-09 09:27:22.337887|[WS]receive block notify,endpoint=127.0.0.1:20200,blk={
	"blockNumber" : 2686,
	"group" : "group0",
	"nodeName" : "98a7f70ec883a722219d92253cf073a72605f4087aa3443c8e4aadc0af2dc3ac647d0fa1b5ac99cd6987abafe6d690ae71cd5fd2aeeabe7589bfb4748aabdfba"
}
info|2023-07-09 09:27:22.393096|[RPC][BLOCK][NUMBER][fromJson],group=group0,node=2f993327933ad58672518b6d4f63920cbc68b80f78f4d81192552ee6362f5cc81ee13bdc678ad65f06e76444cadb53b33694cfb3fc7679b8000411975fedd28a,blockNumber=2686
info|2023-07-09 09:27:22.393117|[RPCWS][SERVICE][onRecvBlockNotifier]receive block number notifier,group=group0,node=2f993327933ad58672518b6d4f63920cbc68b80f78f4d81192552ee6362f5cc81ee13bdc678ad65f06e76444cadb53b33694cfb3fc7679b8000411975fedd28a,blockNumber=2686
info|2023-07-09 09:27:22.393124|[WS]receive block notify,endpoint=127.0.0.1:20201,blk={
	"blockNumber" : 2686,
	"group" : "group0",
	"nodeName" : "2f993327933ad58672518b6d4f63920cbc68b80f78f4d81192552ee6362f5cc81ee13bdc678ad65f06e76444cadb53b33694cfb3fc7679b8000411975fedd28a"
}
info|2023-07-09 09:27:32.733370|[EVENT][SUB][doLoop]event sub tasks report,working event sub count=0,suspend event sub count=0
info|2023-07-09 09:27:32.821400|[SDK][WS][SERVICE]connected nodes,count=2
info|2023-07-09 09:27:52.733998|[EVENT][SUB][doLoop]event sub tasks report,working event sub count=0,suspend event sub count=0
info|2023-07-09 09:27:52.821763|[SDK][WS][SERVICE]connected nodes,count=2
info|2023-07-09 09:28:12.734519|[EVENT][SUB][doLoop]event sub tasks report,working event sub count=0,suspend event sub count=0
info|2023-07-09 09:28:12.822210|[SDK][WS][SERVICE]connected nodes,count=2
info|2023-07-09 09:28:32.734864|[EVENT][SUB][doLoop]event sub tasks report,working event sub count=0,suspend event sub count=0
info|2023-07-09 09:28:32.822373|[SDK][WS][SERVICE]connected nodes,count=2
info|2023-07-09 09:28:52.735477|[EVENT][SUB][doLoop]event sub tasks report,working event sub count=0,suspend event sub count=0
info|2023-07-09 09:28:52.823026|[SDK][WS][SERVICE]connected nodes,count=2
info|2023-07-09 09:29:12.735755|[EVENT][SUB][doLoop]event sub tasks report,working event sub count=0,suspend event sub count=0
info|2023-07-09 09:29:12.823159|[SDK][WS][SERVICE]connected nodes,count=2
info|2023-07-09 09:29:32.736169|[EVENT][SUB][doLoop]event sub tasks report,working event sub count=0,suspend event sub count=0
info|2023-07-09 09:29:32.823410|[SDK][WS][SERVICE]connected nodes,count=2
info|2023-07-09 09:29:52.736503|[EVENT][SUB][doLoop]event sub tasks report,working event sub count=0,suspend event sub count=0
info|2023-07-09 09:29:52.824695|[SDK][WS][SERVICE]connected nodes,count=2
info|2023-07-09 09:30:12.737105|[EVENT][SUB][doLoop]event sub tasks report,working event sub count=0,suspend event sub count=0
info|2023-07-09 09:30:12.825013|[SDK][WS][SERVICE]connected nodes,count=2
info|2023-07-09 09:30:32.737505|[EVENT][SUB][doLoop]event sub tasks report,working event sub count=0,suspend event sub count=0
info|2023-07-09 09:30:32.825484|[SDK][WS][SERVICE]connected nodes,count=2
info|2023-07-09 09:30:52.738191|[EVENT][SUB][doLoop]event sub tasks report,working event sub count=0,suspend event sub count=0
info|2023-07-09 09:30:52.826150|[SDK][WS][SERVICE]connected nodes,count=2
info|2023-07-09 09:31:12.738432|[EVENT][SUB][doLoop]event sub tasks report,working event sub count=0,suspend event sub count=0
info|2023-07-09 09:31:12.826335|[SDK][WS][SERVICE]connected nodes,count=2
info|2023-07-09 09:31:32.738951|[EVENT][SUB][doLoop]event sub tasks report,working event sub count=0,suspend event sub count=0
info|2023-07-09 09:31:32.826744|[SDK][WS][SERVICE]connected nodes,count=2
info|2023-07-09 09:31:52.739343|[EVENT][SUB][doLoop]event sub tasks report,working event sub count=0,suspend event sub count=0
info|2023-07-09 09:31:52.826970|[SDK][WS][SERVICE]connected nodes,count=2
info|2023-07-09 09:32:12.739847|[EVENT][SUB][doLoop]event sub tasks report,working event sub count=0,suspend event sub count=0
info|2023-07-09 09:32:12.827550|[SDK][WS][SERVICE]connected nodes,count=2
info|2023-07-09 09:32:32.740388|[EVENT][SUB][doLoop]event sub tasks report,working event sub count=0,suspend event sub count=0
info|2023-07-09 09:32:32.828068|[SDK][WS][SERVICE]connected nodes,count=2
info|2023-07-09 09:32:52.740551|[EVENT][SUB][doLoop]event sub tasks report,working event sub count=0,suspend event sub count=0
info|2023-07-09 09:32:52.828789|[SDK][WS][SERVICE]connected nodes,count=2
info|2023-07-09 09:33:12.740701|[EVENT][SUB][doLoop]event sub tasks report,working event sub count=0,suspend event sub count=0
info|2023-07-09 09:33:12.829200|[SDK][WS][SERVICE]connected nodes,count=2
info|2023-07-09 09:33:32.741057|[EVENT][SUB][doLoop]event sub tasks report,working event sub count=0,suspend event sub count=0
info|2023-07-09 09:33:32.829909|[SDK][WS][SERVICE]connected nodes,count=2
info|2023-07-09 09:33:52.741526|[EVENT][SUB][doLoop]event sub tasks report,working event sub count=0,suspend event sub count=0
info|2023-07-09 09:33:52.830148|[SDK][WS][SERVICE]connected nodes,count=2
info|2023-07-09 09:34:12.742283|[EVENT][SUB][doLoop]event sub tasks report,working event sub count=0,suspend event sub count=0
info|2023-07-09 09:34:12.830276|[SDK][WS][SERVICE]connected nodes,count=2
info|2023-07-09 09:34:32.742378|[EVENT][SUB][doLoop]event sub tasks report,working event sub count=0,suspend event sub count=0
info|2023-07-09 09:34:32.830420|[SDK][WS][SERVICE]connected nodes,count=2
info|2023-07-09 09:34:52.743102|[EVENT][SUB][doLoop]event sub tasks report,working event sub count=0,suspend event sub count=0
info|2023-07-09 09:34:52.830575|[SDK][WS][SERVICE]connected nodes,count=2
info|2023-07-09 09:35:12.743257|[EVENT][SUB][doLoop]event sub tasks report,working event sub count=0,suspend event sub count=0
info|2023-07-09 09:35:12.831045|[SDK][WS][SERVICE]connected nodes,count=2
info|2023-07-09 09:35:32.743705|[EVENT][SUB][doLoop]event sub tasks report,working event sub count=0,suspend event sub count=0
info|2023-07-09 09:35:32.831533|[SDK][WS][SERVICE]connected nodes,count=2
info|2023-07-09 09:35:52.744324|[EVENT][SUB][doLoop]event sub tasks report,working event sub count=0,suspend event sub count=0
info|2023-07-09 09:35:52.831956|[SDK][WS][SERVICE]connected nodes,count=2
info|2023-07-09 09:36:12.744724|[EVENT][SUB][doLoop]event sub tasks report,working event sub count=0,suspend event sub count=0
info|2023-07-09 09:36:12.832211|[SDK][WS][SERVICE]connected nodes,count=2
info|2023-07-09 09:36:32.744791|[EVENT][SUB][doLoop]event sub tasks report,working event sub count=0,suspend event sub count=0
info|2023-07-09 09:36:32.832720|[SDK][WS][SERVICE]connected nodes,count=2
info|2023-07-09 09:36:52.745002|[EVENT][SUB][doLoop]event sub tasks report,working event sub count=0,suspend event sub count=0
info|2023-07-09 09:36:52.833245|[SDK][WS][SERVICE]connected nodes,count=2
info|2023-07-09 09:37:12.745545|[EVENT][SUB][doLoop]event sub tasks report,working event sub count=0,suspend event sub count=0
info|2023-07-09 09:37:12.833685|[SDK][WS][SERVICE]connected nodes,count=2
info|2023-07-09 09:37:32.745890|[EVENT][SUB][doLoop]event sub tasks report,working event sub count=0,suspend event sub count=0
info|2023-07-09 09:37:32.834021|[SDK][WS][SERVICE]connected nodes,count=2
info|2023-07-09 09:37:52.746322|[EVENT][SUB][doLoop]event sub tasks report,working event sub count=0,suspend event sub count=0
info|2023-07-09 09:37:52.834736|[SDK][WS][SERVICE]connected nodes,count=2
info|2023-07-09 09:38:12.746843|[EVENT][SUB][doLoop]event sub tasks report,working event sub count=0,suspend event sub count=0
info|2023-07-09 09:38:12.834914|[SDK][WS][SERVICE]connected nodes,count=2
info|2023-07-09 09:38:32.747541|[EVENT][SUB][doLoop]event sub tasks report,working event sub count=0,suspend event sub count=0
info|2023-07-09 09:38:32.835531|[SDK][WS][SERVICE]connected nodes,count=2
info|2023-07-09 09:38:52.747794|[EVENT][SUB][doLoop]event sub tasks report,working event sub count=0,suspend event sub count=0
info|2023-07-09 09:38:52.835778|[SDK][WS][SERVICE]connected nodes,count=2
info|2023-07-09 09:39:12.748349|[EVENT][SUB][doLoop]event sub tasks report,working event sub count=0,suspend event sub count=0
info|2023-07-09 09:39:12.836464|[SDK][WS][SERVICE]connected nodes,count=2
info|2023-07-09 09:39:32.748825|[EVENT][SUB][doLoop]event sub tasks report,working event sub count=0,suspend event sub count=0
info|2023-07-09 09:39:32.836824|[SDK][WS][SERVICE]connected nodes,count=2
info|2023-07-09 09:39:52.748917|[EVENT][SUB][doLoop]event sub tasks report,working event sub count=0,suspend event sub count=0
info|2023-07-09 09:39:52.837433|[SDK][WS][SERVICE]connected nodes,count=2
info|2023-07-09 09:40:12.749084|[EVENT][SUB][doLoop]event sub tasks report,working event sub count=0,suspend event sub count=0
info|2023-07-09 09:40:12.837662|[SDK][WS][SERVICE]connected nodes,count=2
info|2023-07-09 09:40:32.749135|[EVENT][SUB][doLoop]event sub tasks report,working event sub count=0,suspend event sub count=0
info|2023-07-09 09:40:32.838083|[SDK][WS][SERVICE]connected nodes,count=2
info|2023-07-09 09:40:52.749517|[EVENT][SUB][doLoop]event sub tasks report,working event sub count=0,suspend event sub count=0
info|2023-07-09 09:40:52.838597|[SDK][WS][SERVICE]connected nodes,count=2
info|2023-07-09 09:41:12.750094|[EVENT][SUB][doLoop]event sub tasks report,working event sub count=0,suspend event sub count=0
info|2023-07-09 09:41:12.838906|[SDK][WS][SERVICE]connected nodes,count=2
info|2023-07-09 09:41:32.750204|[EVENT][SUB][doLoop]event sub tasks report,working event sub count=0,suspend event sub count=0
info|2023-07-09 09:41:32.839421|[SDK][WS][SERVICE]connected nodes,count=2
info|2023-07-09 09:41:52.750363|[EVENT][SUB][doLoop]event sub tasks report,working event sub count=0,suspend event sub count=0
info|2023-07-09 09:41:52.839553|[SDK][WS][SERVICE]connected nodes,count=2
info|2023-07-09 09:42:12.750826|[EVENT][SUB][doLoop]event sub tasks report,working event sub count=0,suspend event sub count=0
info|2023-07-09 09:42:12.839925|[SDK][WS][SERVICE]connected nodes,count=2
info|2023-07-09 09:42:32.751002|[EVENT][SUB][doLoop]event sub tasks report,working event sub count=0,suspend event sub count=0
info|2023-07-09 09:42:32.840045|[SDK][WS][SERVICE]connected nodes,count=2
info|2023-07-09 09:42:52.751381|[EVENT][SUB][doLoop]event sub tasks report,working event sub count=0,suspend event sub count=0
info|2023-07-09 09:42:52.840522|[SDK][WS][SERVICE]connected nodes,count=2
info|2023-07-09 09:43:12.751614|[EVENT][SUB][doLoop]event sub tasks report,working event sub count=0,suspend event sub count=0
info|2023-07-09 09:43:12.840766|[SDK][WS][SERVICE]connected nodes,count=2
info|2023-07-09 09:43:32.751779|[EVENT][SUB][doLoop]event sub tasks report,working event sub count=0,suspend event sub count=0
info|2023-07-09 09:43:32.841485|[SDK][WS][SERVICE]connected nodes,count=2
info|2023-07-09 09:43:52.752363|[EVENT][SUB][doLoop]event sub tasks report,working event sub count=0,suspend event sub count=0
info|2023-07-09 09:43:52.841744|[SDK][WS][SERVICE]connected nodes,count=2
info|2023-07-09 09:44:12.752662|[EVENT][SUB][doLoop]event sub tasks report,working event sub count=0,suspend event sub count=0
info|2023-07-09 09:44:12.842307|[SDK][WS][SERVICE]connected nodes,count=2
info|2023-07-09 09:44:32.752740|[EVENT][SUB][doLoop]event sub tasks report,working event sub count=0,suspend event sub count=0
info|2023-07-09 09:44:32.842647|[SDK][WS][SERVICE]connected nodes,count=2
info|2023-07-09 09:44:52.753164|[EVENT][SUB][doLoop]event sub tasks report,working event sub count=0,suspend event sub count=0
info|2023-07-09 09:44:52.843356|[SDK][WS][SERVICE]connected nodes,count=2
info|2023-07-09 09:45:12.753612|[EVENT][SUB][doLoop]event sub tasks report,working event sub count=0,suspend event sub count=0
info|2023-07-09 09:45:12.843501|[SDK][WS][SERVICE]connected nodes,count=2
info|2023-07-09 09:45:32.754292|[EVENT][SUB][doLoop]event sub tasks report,working event sub count=0,suspend event sub count=0
info|2023-07-09 09:45:32.843955|[SDK][WS][SERVICE]connected nodes,count=2
info|2023-07-09 09:45:52.754598|[EVENT][SUB][doLoop]event sub tasks report,working event sub count=0,suspend event sub count=0
info|2023-07-09 09:45:52.844582|[SDK][WS][SERVICE]connected nodes,count=2
info|2023-07-09 09:46:12.755186|[EVENT][SUB][doLoop]event sub tasks report,working event sub count=0,suspend event sub count=0
info|2023-07-09 09:46:12.845387|[SDK][WS][SERVICE]connected nodes,count=2
info|2023-07-09 09:46:32.755754|[EVENT][SUB][doLoop]event sub tasks report,working event sub count=0,suspend event sub count=0
info|2023-07-09 09:46:32.845703|[SDK][WS][SERVICE]connected nodes,count=2
info|2023-07-09 09:46:52.756053|[EVENT][SUB][doLoop]event sub tasks report,working event sub count=0,suspend event sub count=0
info|2023-07-09 09:46:52.846501|[SDK][WS][SERVICE]connected nodes,count=2
info|2023-07-09 09:47:12.756234|[EVENT][SUB][doLoop]event sub tasks report,working event sub count=0,suspend event sub count=0
info|2023-07-09 09:47:12.846823|[SDK][WS][SERVICE]connected nodes,count=2
info|2023-07-09 09:47:32.756887|[EVENT][SUB][doLoop]event sub tasks report,working event sub count=0,suspend event sub count=0
info|2023-07-09 09:47:32.847618|[SDK][WS][SERVICE]connected nodes,count=2
info|2023-07-09 09:47:52.757028|[EVENT][SUB][doLoop]event sub tasks report,working event sub count=0,suspend event sub count=0
info|2023-07-09 09:47:52.848296|[SDK][WS][SERVICE]connected nodes,count=2
info|2023-07-09 09:48:12.757123|[EVENT][SUB][doLoop]event sub tasks report,working event sub count=0,suspend event sub count=0
info|2023-07-09 09:48:12.848829|[SDK][WS][SERVICE]connected nodes,count=2
info|2023-07-09 09:48:32.757498|[EVENT][SUB][doLoop]event sub tasks report,working event sub count=0,suspend event sub count=0
info|2023-07-09 09:48:32.849304|[SDK][WS][SERVICE]connected nodes,count=2
info|2023-07-09 09:48:52.758004|[EVENT][SUB][doLoop]event sub tasks report,working event sub count=0,suspend event sub count=0
info|2023-07-09 09:48:52.850505|[SDK][WS][SERVICE]connected nodes,count=2
info|2023-07-09 09:49:12.758144|[EVENT][SUB][doLoop]event sub tasks report,working event sub count=0,suspend event sub count=0
info|2023-07-09 09:49:12.850997|[SDK][WS][SERVICE]connected nodes,count=2
info|2023-07-09 09:49:32.758893|[EVENT][SUB][doLoop]event sub tasks report,working event sub count=0,suspend event sub count=0
info|2023-07-09 09:49:32.851173|[SDK][WS][SERVICE]connected nodes,count=2
info|2023-07-09 09:49:52.759321|[EVENT][SUB][doLoop]event sub tasks report,working event sub count=0,suspend event sub count=0
info|2023-07-09 09:49:52.851779|[SDK][WS][SERVICE]connected nodes,count=2
info|2023-07-09 09:50:12.759736|[EVENT][SUB][doLoop]event sub tasks report,working event sub count=0,suspend event sub count=0
info|2023-07-09 09:50:12.852005|[SDK][WS][SERVICE]connected nodes,count=2
info|2023-07-09 09:50:32.760113|[EVENT][SUB][doLoop]event sub tasks report,working event sub count=0,suspend event sub count=0
info|2023-07-09 09:50:32.852645|[SDK][WS][SERVICE]connected nodes,count=2
info|2023-07-09 09:50:52.760212|[EVENT][SUB][doLoop]event sub tasks report,working event sub count=0,suspend event sub count=0
info|2023-07-09 09:50:52.853234|[SDK][WS][SERVICE]connected nodes,count=2
info|2023-07-09 09:51:12.760292|[EVENT][SUB][doLoop]event sub tasks report,working event sub count=0,suspend event sub count=0
info|2023-07-09 09:51:12.853668|[SDK][WS][SERVICE]connected nodes,count=2
info|2023-07-09 09:51:32.760513|[EVENT][SUB][doLoop]event sub tasks report,working event sub count=0,suspend event sub count=0
info|2023-07-09 09:51:32.854080|[SDK][WS][SERVICE]connected nodes,count=2
info|2023-07-09 09:51:52.761082|[EVENT][SUB][doLoop]event sub tasks report,working event sub count=0,suspend event sub count=0
info|2023-07-09 09:51:52.854296|[SDK][WS][SERVICE]connected nodes,count=2
info|2023-07-09 09:52:12.761330|[EVENT][SUB][doLoop]event sub tasks report,working event sub count=0,suspend event sub count=0
info|2023-07-09 09:52:12.854512|[SDK][WS][SERVICE]connected nodes,count=2
info|2023-07-09 09:52:32.761949|[EVENT][SUB][doLoop]event sub tasks report,working event sub count=0,suspend event sub count=0
info|2023-07-09 09:52:32.854966|[SDK][WS][SERVICE]connected nodes,count=2
info|2023-07-09 09:52:52.762068|[EVENT][SUB][doLoop]event sub tasks report,working event sub count=0,suspend event sub count=0
info|2023-07-09 09:52:52.855178|[SDK][WS][SERVICE]connected nodes,count=2
info|2023-07-09 09:53:12.762207|[EVENT][SUB][doLoop]event sub tasks report,working event sub count=0,suspend event sub count=0
info|2023-07-09 09:53:12.855653|[SDK][WS][SERVICE]connected nodes,count=2
info|2023-07-09 09:53:32.762418|[EVENT][SUB][doLoop]event sub tasks report,working event sub count=0,suspend event sub count=0
info|2023-07-09 09:53:32.856069|[SDK][WS][SERVICE]connected nodes,count=2
info|2023-07-09 09:53:52.762593|[EVENT][SUB][doLoop]event sub tasks report,working event sub count=0,suspend event sub count=0
info|2023-07-09 09:53:52.856287|[SDK][WS][SERVICE]connected nodes,count=2
info|2023-07-09 09:54:12.762765|[EVENT][SUB][doLoop]event sub tasks report,working event sub count=0,suspend event sub count=0
info|2023-07-09 09:54:12.856573|[SDK][WS][SERVICE]connected nodes,count=2
info|2023-07-09 09:54:32.762942|[EVENT][SUB][doLoop]event sub tasks report,working event sub count=0,suspend event sub count=0
info|2023-07-09 09:54:32.858970|[SDK][WS][SERVICE]connected nodes,count=2
info|2023-07-09 09:54:52.763064|[EVENT][SUB][doLoop]event sub tasks report,working event sub count=0,suspend event sub count=0
info|2023-07-09 09:54:52.859214|[SDK][WS][SERVICE]connected nodes,count=2
info|2023-07-09 09:55:12.763595|[EVENT][SUB][doLoop]event sub tasks report,working event sub count=0,suspend event sub count=0
info|2023-07-09 09:55:12.859629|[SDK][WS][SERVICE]connected nodes,count=2
info|2023-07-09 09:55:32.763639|[EVENT][SUB][doLoop]event sub tasks report,working event sub count=0,suspend event sub count=0
info|2023-07-09 09:55:32.859840|[SDK][WS][SERVICE]connected nodes,count=2
info|2023-07-09 09:55:52.763853|[EVENT][SUB][doLoop]event sub tasks report,working event sub count=0,suspend event sub count=0
info|2023-07-09 09:55:52.860023|[SDK][WS][SERVICE]connected nodes,count=2
info|2023-07-09 09:56:12.764410|[EVENT][SUB][doLoop]event sub tasks report,working event sub count=0,suspend event sub count=0
info|2023-07-09 09:56:12.860267|[SDK][WS][SERVICE]connected nodes,count=2
info|2023-07-09 09:56:32.764590|[EVENT][SUB][doLoop]event sub tasks report,working event sub count=0,suspend event sub count=0
info|2023-07-09 09:56:32.860494|[SDK][WS][SERVICE]connected nodes,count=2
info|2023-07-09 09:56:52.764674|[EVENT][SUB][doLoop]event sub tasks report,working event sub count=0,suspend event sub count=0
info|2023-07-09 09:56:52.860826|[SDK][WS][SERVICE]connected nodes,count=2
info|2023-07-09 09:57:12.765075|[EVENT][SUB][doLoop]event sub tasks report,working event sub count=0,suspend event sub count=0
info|2023-07-09 09:57:12.861268|[SDK][WS][SERVICE]connected nodes,count=2
info|2023-07-09 09:57:13.853155|[RPC][BLOCK][NUMBER][fromJson],group=group0,node=98a7f70ec883a722219d92253cf073a72605f4087aa3443c8e4aadc0af2dc3ac647d0fa1b5ac99cd6987abafe6d690ae71cd5fd2aeeabe7589bfb4748aabdfba,blockNumber=2687
info|2023-07-09 09:57:13.853177|[RPCWS][SERVICE][onRecvBlockNotifier]receive block number notifier,group=group0,node=98a7f70ec883a722219d92253cf073a72605f4087aa3443c8e4aadc0af2dc3ac647d0fa1b5ac99cd6987abafe6d690ae71cd5fd2aeeabe7589bfb4748aabdfba,blockNumber=2687
info|2023-07-09 09:57:13.853182|[RPCWS][SERVICE][updateGroupBlockNumber],groupID=group0,_blockNumber=2687
info|2023-07-09 09:57:13.853188|[RPCWS][SERVICE][onRecvBlockNotifier]block notifier callback,group=group0,node=98a7f70ec883a722219d92253cf073a72605f4087aa3443c8e4aadc0af2dc3ac647d0fa1b5ac99cd6987abafe6d690ae71cd5fd2aeeabe7589bfb4748aabdfba,blockNumber=2687
info|2023-07-09 09:57:13.853210|[WS]receive block notify,endpoint=127.0.0.1:20200,blk={
	"blockNumber" : 2687,
	"group" : "group0",
	"nodeName" : "98a7f70ec883a722219d92253cf073a72605f4087aa3443c8e4aadc0af2dc3ac647d0fa1b5ac99cd6987abafe6d690ae71cd5fd2aeeabe7589bfb4748aabdfba"
}
info|2023-07-09 09:57:13.894427|[RPC][BLOCK][NUMBER][fromJson],group=group0,node=2f993327933ad58672518b6d4f63920cbc68b80f78f4d81192552ee6362f5cc81ee13bdc678ad65f06e76444cadb53b33694cfb3fc7679b8000411975fedd28a,blockNumber=2687
info|2023-07-09 09:57:13.894461|[RPCWS][SERVICE][onRecvBlockNotifier]receive block number notifier,group=group0,node=2f993327933ad58672518b6d4f63920cbc68b80f78f4d81192552ee6362f5cc81ee13bdc678ad65f06e76444cadb53b33694cfb3fc7679b8000411975fedd28a,blockNumber=2687
info|2023-07-09 09:57:13.894469|[WS]receive block notify,endpoint=127.0.0.1:20201,blk={
	"blockNumber" : 2687,
	"group" : "group0",
	"nodeName" : "2f993327933ad58672518b6d4f63920cbc68b80f78f4d81192552ee6362f5cc81ee13bdc678ad65f06e76444cadb53b33694cfb3fc7679b8000411975fedd28a"
}
info|2023-07-09 09:57:14.410662|[RPC][BLOCK][NUMBER][fromJson],group=group0,node=98a7f70ec883a722219d92253cf073a72605f4087aa3443c8e4aadc0af2dc3ac647d0fa1b5ac99cd6987abafe6d690ae71cd5fd2aeeabe7589bfb4748aabdfba,blockNumber=2688
info|2023-07-09 09:57:14.410726|[RPCWS][SERVICE][onRecvBlockNotifier]receive block number notifier,group=group0,node=98a7f70ec883a722219d92253cf073a72605f4087aa3443c8e4aadc0af2dc3ac647d0fa1b5ac99cd6987abafe6d690ae71cd5fd2aeeabe7589bfb4748aabdfba,blockNumber=2688
info|2023-07-09 09:57:14.410736|[RPCWS][SERVICE][updateGroupBlockNumber],groupID=group0,_blockNumber=2688
info|2023-07-09 09:57:14.410741|[RPCWS][SERVICE][onRecvBlockNotifier]block notifier callback,group=group0,node=98a7f70ec883a722219d92253cf073a72605f4087aa3443c8e4aadc0af2dc3ac647d0fa1b5ac99cd6987abafe6d690ae71cd5fd2aeeabe7589bfb4748aabdfba,blockNumber=2688
info|2023-07-09 09:57:14.410785|[WS]receive block notify,endpoint=127.0.0.1:20200,blk={
	"blockNumber" : 2688,
	"group" : "group0",
	"nodeName" : "98a7f70ec883a722219d92253cf073a72605f4087aa3443c8e4aadc0af2dc3ac647d0fa1b5ac99cd6987abafe6d690ae71cd5fd2aeeabe7589bfb4748aabdfba"
}
info|2023-07-09 09:57:14.452362|[RPC][BLOCK][NUMBER][fromJson],group=group0,node=2f993327933ad58672518b6d4f63920cbc68b80f78f4d81192552ee6362f5cc81ee13bdc678ad65f06e76444cadb53b33694cfb3fc7679b8000411975fedd28a,blockNumber=2688
info|2023-07-09 09:57:14.452417|[RPCWS][SERVICE][onRecvBlockNotifier]receive block number notifier,group=group0,node=2f993327933ad58672518b6d4f63920cbc68b80f78f4d81192552ee6362f5cc81ee13bdc678ad65f06e76444cadb53b33694cfb3fc7679b8000411975fedd28a,blockNumber=2688
info|2023-07-09 09:57:14.452428|[WS]receive block notify,endpoint=127.0.0.1:20201,blk={
	"blockNumber" : 2688,
	"group" : "group0",
	"nodeName" : "2f993327933ad58672518b6d4f63920cbc68b80f78f4d81192552ee6362f5cc81ee13bdc678ad65f06e76444cadb53b33694cfb3fc7679b8000411975fedd28a"
}
info|2023-07-09 09:57:14.959590|[RPC][BLOCK][NUMBER][fromJson],group=group0,node=98a7f70ec883a722219d92253cf073a72605f4087aa3443c8e4aadc0af2dc3ac647d0fa1b5ac99cd6987abafe6d690ae71cd5fd2aeeabe7589bfb4748aabdfba,blockNumber=2689
info|2023-07-09 09:57:14.959617|[RPCWS][SERVICE][onRecvBlockNotifier]receive block number notifier,group=group0,node=98a7f70ec883a722219d92253cf073a72605f4087aa3443c8e4aadc0af2dc3ac647d0fa1b5ac99cd6987abafe6d690ae71cd5fd2aeeabe7589bfb4748aabdfba,blockNumber=2689
info|2023-07-09 09:57:14.959625|[RPCWS][SERVICE][updateGroupBlockNumber],groupID=group0,_blockNumber=2689
info|2023-07-09 09:57:14.959631|[RPCWS][SERVICE][onRecvBlockNotifier]block notifier callback,group=group0,node=98a7f70ec883a722219d92253cf073a72605f4087aa3443c8e4aadc0af2dc3ac647d0fa1b5ac99cd6987abafe6d690ae71cd5fd2aeeabe7589bfb4748aabdfba,blockNumber=2689
info|2023-07-09 09:57:14.959636|[WS]receive block notify,endpoint=127.0.0.1:20200,blk={
	"blockNumber" : 2689,
	"group" : "group0",
	"nodeName" : "98a7f70ec883a722219d92253cf073a72605f4087aa3443c8e4aadc0af2dc3ac647d0fa1b5ac99cd6987abafe6d690ae71cd5fd2aeeabe7589bfb4748aabdfba"
}
info|2023-07-09 09:57:15.082625|[RPC][BLOCK][NUMBER][fromJson],group=group0,node=2f993327933ad58672518b6d4f63920cbc68b80f78f4d81192552ee6362f5cc81ee13bdc678ad65f06e76444cadb53b33694cfb3fc7679b8000411975fedd28a,blockNumber=2689
info|2023-07-09 09:57:15.082653|[RPCWS][SERVICE][onRecvBlockNotifier]receive block number notifier,group=group0,node=2f993327933ad58672518b6d4f63920cbc68b80f78f4d81192552ee6362f5cc81ee13bdc678ad65f06e76444cadb53b33694cfb3fc7679b8000411975fedd28a,blockNumber=2689
info|2023-07-09 09:57:15.082663|[WS]receive block notify,endpoint=127.0.0.1:20201,blk={
	"blockNumber" : 2689,
	"group" : "group0",
	"nodeName" : "2f993327933ad58672518b6d4f63920cbc68b80f78f4d81192552ee6362f5cc81ee13bdc678ad65f06e76444cadb53b33694cfb3fc7679b8000411975fedd28a"
}
info|2023-07-09 09:57:15.642746|[RPC][BLOCK][NUMBER][fromJson],group=group0,node=98a7f70ec883a722219d92253cf073a72605f4087aa3443c8e4aadc0af2dc3ac647d0fa1b5ac99cd6987abafe6d690ae71cd5fd2aeeabe7589bfb4748aabdfba,blockNumber=2690
info|2023-07-09 09:57:15.642791|[RPCWS][SERVICE][onRecvBlockNotifier]receive block number notifier,group=group0,node=98a7f70ec883a722219d92253cf073a72605f4087aa3443c8e4aadc0af2dc3ac647d0fa1b5ac99cd6987abafe6d690ae71cd5fd2aeeabe7589bfb4748aabdfba,blockNumber=2690
info|2023-07-09 09:57:15.642801|[RPCWS][SERVICE][updateGroupBlockNumber],groupID=group0,_blockNumber=2690
info|2023-07-09 09:57:15.642807|[RPCWS][SERVICE][onRecvBlockNotifier]block notifier callback,group=group0,node=98a7f70ec883a722219d92253cf073a72605f4087aa3443c8e4aadc0af2dc3ac647d0fa1b5ac99cd6987abafe6d690ae71cd5fd2aeeabe7589bfb4748aabdfba,blockNumber=2690
info|2023-07-09 09:57:15.642812|[WS]receive block notify,endpoint=127.0.0.1:20200,blk={
	"blockNumber" : 2690,
	"group" : "group0",
	"nodeName" : "98a7f70ec883a722219d92253cf073a72605f4087aa3443c8e4aadc0af2dc3ac647d0fa1b5ac99cd6987abafe6d690ae71cd5fd2aeeabe7589bfb4748aabdfba"
}
info|2023-07-09 09:57:15.673403|[RPC][BLOCK][NUMBER][fromJson],group=group0,node=2f993327933ad58672518b6d4f63920cbc68b80f78f4d81192552ee6362f5cc81ee13bdc678ad65f06e76444cadb53b33694cfb3fc7679b8000411975fedd28a,blockNumber=2690
info|2023-07-09 09:57:15.673453|[RPCWS][SERVICE][onRecvBlockNotifier]receive block number notifier,group=group0,node=2f993327933ad58672518b6d4f63920cbc68b80f78f4d81192552ee6362f5cc81ee13bdc678ad65f06e76444cadb53b33694cfb3fc7679b8000411975fedd28a,blockNumber=2690
info|2023-07-09 09:57:15.673465|[WS]receive block notify,endpoint=127.0.0.1:20201,blk={
	"blockNumber" : 2690,
	"group" : "group0",
	"nodeName" : "2f993327933ad58672518b6d4f63920cbc68b80f78f4d81192552ee6362f5cc81ee13bdc678ad65f06e76444cadb53b33694cfb3fc7679b8000411975fedd28a"
}
info|2023-07-09 09:57:16.231995|[RPC][BLOCK][NUMBER][fromJson],group=group0,node=98a7f70ec883a722219d92253cf073a72605f4087aa3443c8e4aadc0af2dc3ac647d0fa1b5ac99cd6987abafe6d690ae71cd5fd2aeeabe7589bfb4748aabdfba,blockNumber=2691
info|2023-07-09 09:57:16.232021|[RPCWS][SERVICE][onRecvBlockNotifier]receive block number notifier,group=group0,node=98a7f70ec883a722219d92253cf073a72605f4087aa3443c8e4aadc0af2dc3ac647d0fa1b5ac99cd6987abafe6d690ae71cd5fd2aeeabe7589bfb4748aabdfba,blockNumber=2691
info|2023-07-09 09:57:16.232029|[RPCWS][SERVICE][updateGroupBlockNumber],groupID=group0,_blockNumber=2691
info|2023-07-09 09:57:16.232036|[RPCWS][SERVICE][onRecvBlockNotifier]block notifier callback,group=group0,node=98a7f70ec883a722219d92253cf073a72605f4087aa3443c8e4aadc0af2dc3ac647d0fa1b5ac99cd6987abafe6d690ae71cd5fd2aeeabe7589bfb4748aabdfba,blockNumber=2691
info|2023-07-09 09:57:16.232041|[WS]receive block notify,endpoint=127.0.0.1:20200,blk={
	"blockNumber" : 2691,
	"group" : "group0",
	"nodeName" : "98a7f70ec883a722219d92253cf073a72605f4087aa3443c8e4aadc0af2dc3ac647d0fa1b5ac99cd6987abafe6d690ae71cd5fd2aeeabe7589bfb4748aabdfba"
}
info|2023-07-09 09:57:16.236680|[RPC][BLOCK][NUMBER][fromJson],group=group0,node=2f993327933ad58672518b6d4f63920cbc68b80f78f4d81192552ee6362f5cc81ee13bdc678ad65f06e76444cadb53b33694cfb3fc7679b8000411975fedd28a,blockNumber=2691
info|2023-07-09 09:57:16.236708|[RPCWS][SERVICE][onRecvBlockNotifier]receive block number notifier,group=group0,node=2f993327933ad58672518b6d4f63920cbc68b80f78f4d81192552ee6362f5cc81ee13bdc678ad65f06e76444cadb53b33694cfb3fc7679b8000411975fedd28a,blockNumber=2691
info|2023-07-09 09:57:16.236718|[WS]receive block notify,endpoint=127.0.0.1:20201,blk={
	"blockNumber" : 2691,
	"group" : "group0",
	"nodeName" : "2f993327933ad58672518b6d4f63920cbc68b80f78f4d81192552ee6362f5cc81ee13bdc678ad65f06e76444cadb53b33694cfb3fc7679b8000411975fedd28a"
}
info|2023-07-09 09:57:16.775970|[RPC][BLOCK][NUMBER][fromJson],group=group0,node=98a7f70ec883a722219d92253cf073a72605f4087aa3443c8e4aadc0af2dc3ac647d0fa1b5ac99cd6987abafe6d690ae71cd5fd2aeeabe7589bfb4748aabdfba,blockNumber=2692
info|2023-07-09 09:57:16.776425|[RPCWS][SERVICE][onRecvBlockNotifier]receive block number notifier,group=group0,node=98a7f70ec883a722219d92253cf073a72605f4087aa3443c8e4aadc0af2dc3ac647d0fa1b5ac99cd6987abafe6d690ae71cd5fd2aeeabe7589bfb4748aabdfba,blockNumber=2692
info|2023-07-09 09:57:16.776449|[RPCWS][SERVICE][updateGroupBlockNumber],groupID=group0,_blockNumber=2692
info|2023-07-09 09:57:16.776458|[RPCWS][SERVICE][onRecvBlockNotifier]block notifier callback,group=group0,node=98a7f70ec883a722219d92253cf073a72605f4087aa3443c8e4aadc0af2dc3ac647d0fa1b5ac99cd6987abafe6d690ae71cd5fd2aeeabe7589bfb4748aabdfba,blockNumber=2692
info|2023-07-09 09:57:16.776464|[WS]receive block notify,endpoint=127.0.0.1:20200,blk={
	"blockNumber" : 2692,
	"group" : "group0",
	"nodeName" : "98a7f70ec883a722219d92253cf073a72605f4087aa3443c8e4aadc0af2dc3ac647d0fa1b5ac99cd6987abafe6d690ae71cd5fd2aeeabe7589bfb4748aabdfba"
}
info|2023-07-09 09:57:16.786873|[RPC][BLOCK][NUMBER][fromJson],group=group0,node=2f993327933ad58672518b6d4f63920cbc68b80f78f4d81192552ee6362f5cc81ee13bdc678ad65f06e76444cadb53b33694cfb3fc7679b8000411975fedd28a,blockNumber=2692
info|2023-07-09 09:57:16.786907|[RPCWS][SERVICE][onRecvBlockNotifier]receive block number notifier,group=group0,node=2f993327933ad58672518b6d4f63920cbc68b80f78f4d81192552ee6362f5cc81ee13bdc678ad65f06e76444cadb53b33694cfb3fc7679b8000411975fedd28a,blockNumber=2692
info|2023-07-09 09:57:16.786919|[WS]receive block notify,endpoint=127.0.0.1:20201,blk={
	"blockNumber" : 2692,
	"group" : "group0",
	"nodeName" : "2f993327933ad58672518b6d4f63920cbc68b80f78f4d81192552ee6362f5cc81ee13bdc678ad65f06e76444cadb53b33694cfb3fc7679b8000411975fedd28a"
}
info|2023-07-09 09:57:17.262145|[RPC][BLOCK][NUMBER][fromJson],group=group0,node=98a7f70ec883a722219d92253cf073a72605f4087aa3443c8e4aadc0af2dc3ac647d0fa1b5ac99cd6987abafe6d690ae71cd5fd2aeeabe7589bfb4748aabdfba,blockNumber=2693
info|2023-07-09 09:57:17.262203|[RPCWS][SERVICE][onRecvBlockNotifier]receive block number notifier,group=group0,node=98a7f70ec883a722219d92253cf073a72605f4087aa3443c8e4aadc0af2dc3ac647d0fa1b5ac99cd6987abafe6d690ae71cd5fd2aeeabe7589bfb4748aabdfba,blockNumber=2693
info|2023-07-09 09:57:17.262215|[RPCWS][SERVICE][updateGroupBlockNumber],groupID=group0,_blockNumber=2693
info|2023-07-09 09:57:17.262222|[RPCWS][SERVICE][onRecvBlockNotifier]block notifier callback,group=group0,node=98a7f70ec883a722219d92253cf073a72605f4087aa3443c8e4aadc0af2dc3ac647d0fa1b5ac99cd6987abafe6d690ae71cd5fd2aeeabe7589bfb4748aabdfba,blockNumber=2693
info|2023-07-09 09:57:17.262229|[WS]receive block notify,endpoint=127.0.0.1:20200,blk={
	"blockNumber" : 2693,
	"group" : "group0",
	"nodeName" : "98a7f70ec883a722219d92253cf073a72605f4087aa3443c8e4aadc0af2dc3ac647d0fa1b5ac99cd6987abafe6d690ae71cd5fd2aeeabe7589bfb4748aabdfba"
}
info|2023-07-09 09:57:17.376192|[RPC][BLOCK][NUMBER][fromJson],group=group0,node=2f993327933ad58672518b6d4f63920cbc68b80f78f4d81192552ee6362f5cc81ee13bdc678ad65f06e76444cadb53b33694cfb3fc7679b8000411975fedd28a,blockNumber=2693
info|2023-07-09 09:57:17.376228|[RPCWS][SERVICE][onRecvBlockNotifier]receive block number notifier,group=group0,node=2f993327933ad58672518b6d4f63920cbc68b80f78f4d81192552ee6362f5cc81ee13bdc678ad65f06e76444cadb53b33694cfb3fc7679b8000411975fedd28a,blockNumber=2693
info|2023-07-09 09:57:17.376240|[WS]receive block notify,endpoint=127.0.0.1:20201,blk={
	"blockNumber" : 2693,
	"group" : "group0",
	"nodeName" : "2f993327933ad58672518b6d4f63920cbc68b80f78f4d81192552ee6362f5cc81ee13bdc678ad65f06e76444cadb53b33694cfb3fc7679b8000411975fedd28a"
}
info|2023-07-09 09:57:17.929709|[RPC][BLOCK][NUMBER][fromJson],group=group0,node=98a7f70ec883a722219d92253cf073a72605f4087aa3443c8e4aadc0af2dc3ac647d0fa1b5ac99cd6987abafe6d690ae71cd5fd2aeeabe7589bfb4748aabdfba,blockNumber=2694
info|2023-07-09 09:57:17.929741|[RPCWS][SERVICE][onRecvBlockNotifier]receive block number notifier,group=group0,node=98a7f70ec883a722219d92253cf073a72605f4087aa3443c8e4aadc0af2dc3ac647d0fa1b5ac99cd6987abafe6d690ae71cd5fd2aeeabe7589bfb4748aabdfba,blockNumber=2694
info|2023-07-09 09:57:17.929750|[RPCWS][SERVICE][updateGroupBlockNumber],groupID=group0,_blockNumber=2694
info|2023-07-09 09:57:17.929758|[RPCWS][SERVICE][onRecvBlockNotifier]block notifier callback,group=group0,node=98a7f70ec883a722219d92253cf073a72605f4087aa3443c8e4aadc0af2dc3ac647d0fa1b5ac99cd6987abafe6d690ae71cd5fd2aeeabe7589bfb4748aabdfba,blockNumber=2694
info|2023-07-09 09:57:17.929765|[WS]receive block notify,endpoint=127.0.0.1:20200,blk={
	"blockNumber" : 2694,
	"group" : "group0",
	"nodeName" : "98a7f70ec883a722219d92253cf073a72605f4087aa3443c8e4aadc0af2dc3ac647d0fa1b5ac99cd6987abafe6d690ae71cd5fd2aeeabe7589bfb4748aabdfba"
}
info|2023-07-09 09:57:17.979134|[RPC][BLOCK][NUMBER][fromJson],group=group0,node=2f993327933ad58672518b6d4f63920cbc68b80f78f4d81192552ee6362f5cc81ee13bdc678ad65f06e76444cadb53b33694cfb3fc7679b8000411975fedd28a,blockNumber=2694
info|2023-07-09 09:57:17.979155|[RPCWS][SERVICE][onRecvBlockNotifier]receive block number notifier,group=group0,node=2f993327933ad58672518b6d4f63920cbc68b80f78f4d81192552ee6362f5cc81ee13bdc678ad65f06e76444cadb53b33694cfb3fc7679b8000411975fedd28a,blockNumber=2694
info|2023-07-09 09:57:17.979161|[WS]receive block notify,endpoint=127.0.0.1:20201,blk={
	"blockNumber" : 2694,
	"group" : "group0",
	"nodeName" : "2f993327933ad58672518b6d4f63920cbc68b80f78f4d81192552ee6362f5cc81ee13bdc678ad65f06e76444cadb53b33694cfb3fc7679b8000411975fedd28a"
}
info|2023-07-09 09:57:18.520367|[RPC][BLOCK][NUMBER][fromJson],group=group0,node=98a7f70ec883a722219d92253cf073a72605f4087aa3443c8e4aadc0af2dc3ac647d0fa1b5ac99cd6987abafe6d690ae71cd5fd2aeeabe7589bfb4748aabdfba,blockNumber=2695
info|2023-07-09 09:57:18.520403|[RPCWS][SERVICE][onRecvBlockNotifier]receive block number notifier,group=group0,node=98a7f70ec883a722219d92253cf073a72605f4087aa3443c8e4aadc0af2dc3ac647d0fa1b5ac99cd6987abafe6d690ae71cd5fd2aeeabe7589bfb4748aabdfba,blockNumber=2695
info|2023-07-09 09:57:18.520413|[RPCWS][SERVICE][updateGroupBlockNumber],groupID=group0,_blockNumber=2695
info|2023-07-09 09:57:18.520422|[RPCWS][SERVICE][onRecvBlockNotifier]block notifier callback,group=group0,node=98a7f70ec883a722219d92253cf073a72605f4087aa3443c8e4aadc0af2dc3ac647d0fa1b5ac99cd6987abafe6d690ae71cd5fd2aeeabe7589bfb4748aabdfba,blockNumber=2695
info|2023-07-09 09:57:18.520429|[WS]receive block notify,endpoint=127.0.0.1:20200,blk={
	"blockNumber" : 2695,
	"group" : "group0",
	"nodeName" : "98a7f70ec883a722219d92253cf073a72605f4087aa3443c8e4aadc0af2dc3ac647d0fa1b5ac99cd6987abafe6d690ae71cd5fd2aeeabe7589bfb4748aabdfba"
}
info|2023-07-09 09:57:18.542721|[RPC][BLOCK][NUMBER][fromJson],group=group0,node=2f993327933ad58672518b6d4f63920cbc68b80f78f4d81192552ee6362f5cc81ee13bdc678ad65f06e76444cadb53b33694cfb3fc7679b8000411975fedd28a,blockNumber=2695
info|2023-07-09 09:57:18.542751|[RPCWS][SERVICE][onRecvBlockNotifier]receive block number notifier,group=group0,node=2f993327933ad58672518b6d4f63920cbc68b80f78f4d81192552ee6362f5cc81ee13bdc678ad65f06e76444cadb53b33694cfb3fc7679b8000411975fedd28a,blockNumber=2695
info|2023-07-09 09:57:18.542793|[WS]receive block notify,endpoint=127.0.0.1:20201,blk={
	"blockNumber" : 2695,
	"group" : "group0",
	"nodeName" : "2f993327933ad58672518b6d4f63920cbc68b80f78f4d81192552ee6362f5cc81ee13bdc678ad65f06e76444cadb53b33694cfb3fc7679b8000411975fedd28a"
}
info|2023-07-09 09:57:19.079795|[RPC][BLOCK][NUMBER][fromJson],group=group0,node=2f993327933ad58672518b6d4f63920cbc68b80f78f4d81192552ee6362f5cc81ee13bdc678ad65f06e76444cadb53b33694cfb3fc7679b8000411975fedd28a,blockNumber=2696
info|2023-07-09 09:57:19.079872|[RPCWS][SERVICE][onRecvBlockNotifier]receive block number notifier,group=group0,node=2f993327933ad58672518b6d4f63920cbc68b80f78f4d81192552ee6362f5cc81ee13bdc678ad65f06e76444cadb53b33694cfb3fc7679b8000411975fedd28a,blockNumber=2696
info|2023-07-09 09:57:19.079887|[RPCWS][SERVICE][updateGroupBlockNumber],groupID=group0,_blockNumber=2696
info|2023-07-09 09:57:19.079897|[RPCWS][SERVICE][onRecvBlockNotifier]block notifier callback,group=group0,node=2f993327933ad58672518b6d4f63920cbc68b80f78f4d81192552ee6362f5cc81ee13bdc678ad65f06e76444cadb53b33694cfb3fc7679b8000411975fedd28a,blockNumber=2696
info|2023-07-09 09:57:19.079906|[WS]receive block notify,endpoint=127.0.0.1:20201,blk={
	"blockNumber" : 2696,
	"group" : "group0",
	"nodeName" : "2f993327933ad58672518b6d4f63920cbc68b80f78f4d81192552ee6362f5cc81ee13bdc678ad65f06e76444cadb53b33694cfb3fc7679b8000411975fedd28a"
}
info|2023-07-09 09:57:19.089051|[RPC][BLOCK][NUMBER][fromJson],group=group0,node=98a7f70ec883a722219d92253cf073a72605f4087aa3443c8e4aadc0af2dc3ac647d0fa1b5ac99cd6987abafe6d690ae71cd5fd2aeeabe7589bfb4748aabdfba,blockNumber=2696
info|2023-07-09 09:57:19.089080|[RPCWS][SERVICE][onRecvBlockNotifier]receive block number notifier,group=group0,node=98a7f70ec883a722219d92253cf073a72605f4087aa3443c8e4aadc0af2dc3ac647d0fa1b5ac99cd6987abafe6d690ae71cd5fd2aeeabe7589bfb4748aabdfba,blockNumber=2696
info|2023-07-09 09:57:19.089090|[WS]receive block notify,endpoint=127.0.0.1:20200,blk={
	"blockNumber" : 2696,
	"group" : "group0",
	"nodeName" : "98a7f70ec883a722219d92253cf073a72605f4087aa3443c8e4aadc0af2dc3ac647d0fa1b5ac99cd6987abafe6d690ae71cd5fd2aeeabe7589bfb4748aabdfba"
}
info|2023-07-09 09:57:19.564149|[RPC][BLOCK][NUMBER][fromJson],group=group0,node=98a7f70ec883a722219d92253cf073a72605f4087aa3443c8e4aadc0af2dc3ac647d0fa1b5ac99cd6987abafe6d690ae71cd5fd2aeeabe7589bfb4748aabdfba,blockNumber=2697
info|2023-07-09 09:57:19.564182|[RPCWS][SERVICE][onRecvBlockNotifier]receive block number notifier,group=group0,node=98a7f70ec883a722219d92253cf073a72605f4087aa3443c8e4aadc0af2dc3ac647d0fa1b5ac99cd6987abafe6d690ae71cd5fd2aeeabe7589bfb4748aabdfba,blockNumber=2697
info|2023-07-09 09:57:19.564191|[RPCWS][SERVICE][updateGroupBlockNumber],groupID=group0,_blockNumber=2697
info|2023-07-09 09:57:19.564200|[RPCWS][SERVICE][onRecvBlockNotifier]block notifier callback,group=group0,node=98a7f70ec883a722219d92253cf073a72605f4087aa3443c8e4aadc0af2dc3ac647d0fa1b5ac99cd6987abafe6d690ae71cd5fd2aeeabe7589bfb4748aabdfba,blockNumber=2697
info|2023-07-09 09:57:19.564206|[WS]receive block notify,endpoint=127.0.0.1:20200,blk={
	"blockNumber" : 2697,
	"group" : "group0",
	"nodeName" : "98a7f70ec883a722219d92253cf073a72605f4087aa3443c8e4aadc0af2dc3ac647d0fa1b5ac99cd6987abafe6d690ae71cd5fd2aeeabe7589bfb4748aabdfba"
}
info|2023-07-09 09:57:19.617002|[RPC][BLOCK][NUMBER][fromJson],group=group0,node=2f993327933ad58672518b6d4f63920cbc68b80f78f4d81192552ee6362f5cc81ee13bdc678ad65f06e76444cadb53b33694cfb3fc7679b8000411975fedd28a,blockNumber=2697
info|2023-07-09 09:57:19.617052|[RPCWS][SERVICE][onRecvBlockNotifier]receive block number notifier,group=group0,node=2f993327933ad58672518b6d4f63920cbc68b80f78f4d81192552ee6362f5cc81ee13bdc678ad65f06e76444cadb53b33694cfb3fc7679b8000411975fedd28a,blockNumber=2697
info|2023-07-09 09:57:19.617063|[WS]receive block notify,endpoint=127.0.0.1:20201,blk={
	"blockNumber" : 2697,
	"group" : "group0",
	"nodeName" : "2f993327933ad58672518b6d4f63920cbc68b80f78f4d81192552ee6362f5cc81ee13bdc678ad65f06e76444cadb53b33694cfb3fc7679b8000411975fedd28a"
}
info|2023-07-09 09:57:20.188284|[RPC][BLOCK][NUMBER][fromJson],group=group0,node=98a7f70ec883a722219d92253cf073a72605f4087aa3443c8e4aadc0af2dc3ac647d0fa1b5ac99cd6987abafe6d690ae71cd5fd2aeeabe7589bfb4748aabdfba,blockNumber=2698
info|2023-07-09 09:57:20.188327|[RPCWS][SERVICE][onRecvBlockNotifier]receive block number notifier,group=group0,node=98a7f70ec883a722219d92253cf073a72605f4087aa3443c8e4aadc0af2dc3ac647d0fa1b5ac99cd6987abafe6d690ae71cd5fd2aeeabe7589bfb4748aabdfba,blockNumber=2698
info|2023-07-09 09:57:20.188335|[RPCWS][SERVICE][updateGroupBlockNumber],groupID=group0,_blockNumber=2698
info|2023-07-09 09:57:20.188341|[RPCWS][SERVICE][onRecvBlockNotifier]block notifier callback,group=group0,node=98a7f70ec883a722219d92253cf073a72605f4087aa3443c8e4aadc0af2dc3ac647d0fa1b5ac99cd6987abafe6d690ae71cd5fd2aeeabe7589bfb4748aabdfba,blockNumber=2698
info|2023-07-09 09:57:20.188345|[WS]receive block notify,endpoint=127.0.0.1:20200,blk={
	"blockNumber" : 2698,
	"group" : "group0",
	"nodeName" : "98a7f70ec883a722219d92253cf073a72605f4087aa3443c8e4aadc0af2dc3ac647d0fa1b5ac99cd6987abafe6d690ae71cd5fd2aeeabe7589bfb4748aabdfba"
}
info|2023-07-09 09:57:20.272042|[RPC][BLOCK][NUMBER][fromJson],group=group0,node=2f993327933ad58672518b6d4f63920cbc68b80f78f4d81192552ee6362f5cc81ee13bdc678ad65f06e76444cadb53b33694cfb3fc7679b8000411975fedd28a,blockNumber=2698
info|2023-07-09 09:57:20.272116|[RPCWS][SERVICE][onRecvBlockNotifier]receive block number notifier,group=group0,node=2f993327933ad58672518b6d4f63920cbc68b80f78f4d81192552ee6362f5cc81ee13bdc678ad65f06e76444cadb53b33694cfb3fc7679b8000411975fedd28a,blockNumber=2698
info|2023-07-09 09:57:20.272134|[WS]receive block notify,endpoint=127.0.0.1:20201,blk={
	"blockNumber" : 2698,
	"group" : "group0",
	"nodeName" : "2f993327933ad58672518b6d4f63920cbc68b80f78f4d81192552ee6362f5cc81ee13bdc678ad65f06e76444cadb53b33694cfb3fc7679b8000411975fedd28a"
}
info|2023-07-09 09:57:20.755416|[RPC][BLOCK][NUMBER][fromJson],group=group0,node=98a7f70ec883a722219d92253cf073a72605f4087aa3443c8e4aadc0af2dc3ac647d0fa1b5ac99cd6987abafe6d690ae71cd5fd2aeeabe7589bfb4748aabdfba,blockNumber=2699
info|2023-07-09 09:57:20.755444|[RPCWS][SERVICE][onRecvBlockNotifier]receive block number notifier,group=group0,node=98a7f70ec883a722219d92253cf073a72605f4087aa3443c8e4aadc0af2dc3ac647d0fa1b5ac99cd6987abafe6d690ae71cd5fd2aeeabe7589bfb4748aabdfba,blockNumber=2699
info|2023-07-09 09:57:20.755451|[RPCWS][SERVICE][updateGroupBlockNumber],groupID=group0,_blockNumber=2699
info|2023-07-09 09:57:20.755456|[RPCWS][SERVICE][onRecvBlockNotifier]block notifier callback,group=group0,node=98a7f70ec883a722219d92253cf073a72605f4087aa3443c8e4aadc0af2dc3ac647d0fa1b5ac99cd6987abafe6d690ae71cd5fd2aeeabe7589bfb4748aabdfba,blockNumber=2699
info|2023-07-09 09:57:20.755460|[WS]receive block notify,endpoint=127.0.0.1:20200,blk={
	"blockNumber" : 2699,
	"group" : "group0",
	"nodeName" : "98a7f70ec883a722219d92253cf073a72605f4087aa3443c8e4aadc0af2dc3ac647d0fa1b5ac99cd6987abafe6d690ae71cd5fd2aeeabe7589bfb4748aabdfba"
}
info|2023-07-09 09:57:20.900136|[RPC][BLOCK][NUMBER][fromJson],group=group0,node=2f993327933ad58672518b6d4f63920cbc68b80f78f4d81192552ee6362f5cc81ee13bdc678ad65f06e76444cadb53b33694cfb3fc7679b8000411975fedd28a,blockNumber=2699
info|2023-07-09 09:57:20.900229|[RPCWS][SERVICE][onRecvBlockNotifier]receive block number notifier,group=group0,node=2f993327933ad58672518b6d4f63920cbc68b80f78f4d81192552ee6362f5cc81ee13bdc678ad65f06e76444cadb53b33694cfb3fc7679b8000411975fedd28a,blockNumber=2699
info|2023-07-09 09:57:20.900254|[WS]receive block notify,endpoint=127.0.0.1:20201,blk={
	"blockNumber" : 2699,
	"group" : "group0",
	"nodeName" : "2f993327933ad58672518b6d4f63920cbc68b80f78f4d81192552ee6362f5cc81ee13bdc678ad65f06e76444cadb53b33694cfb3fc7679b8000411975fedd28a"
}
info|2023-07-09 09:57:21.312992|[RPC][BLOCK][NUMBER][fromJson],group=group0,node=98a7f70ec883a722219d92253cf073a72605f4087aa3443c8e4aadc0af2dc3ac647d0fa1b5ac99cd6987abafe6d690ae71cd5fd2aeeabe7589bfb4748aabdfba,blockNumber=2700
info|2023-07-09 09:57:21.313012|[RPCWS][SERVICE][onRecvBlockNotifier]receive block number notifier,group=group0,node=98a7f70ec883a722219d92253cf073a72605f4087aa3443c8e4aadc0af2dc3ac647d0fa1b5ac99cd6987abafe6d690ae71cd5fd2aeeabe7589bfb4748aabdfba,blockNumber=2700
info|2023-07-09 09:57:21.313018|[RPCWS][SERVICE][updateGroupBlockNumber],groupID=group0,_blockNumber=2700
info|2023-07-09 09:57:21.313023|[RPCWS][SERVICE][onRecvBlockNotifier]block notifier callback,group=group0,node=98a7f70ec883a722219d92253cf073a72605f4087aa3443c8e4aadc0af2dc3ac647d0fa1b5ac99cd6987abafe6d690ae71cd5fd2aeeabe7589bfb4748aabdfba,blockNumber=2700
info|2023-07-09 09:57:21.313026|[WS]receive block notify,endpoint=127.0.0.1:20200,blk={
	"blockNumber" : 2700,
	"group" : "group0",
	"nodeName" : "98a7f70ec883a722219d92253cf073a72605f4087aa3443c8e4aadc0af2dc3ac647d0fa1b5ac99cd6987abafe6d690ae71cd5fd2aeeabe7589bfb4748aabdfba"
}
info|2023-07-09 09:57:21.373042|[RPC][BLOCK][NUMBER][fromJson],group=group0,node=2f993327933ad58672518b6d4f63920cbc68b80f78f4d81192552ee6362f5cc81ee13bdc678ad65f06e76444cadb53b33694cfb3fc7679b8000411975fedd28a,blockNumber=2700
info|2023-07-09 09:57:21.373098|[RPCWS][SERVICE][onRecvBlockNotifier]receive block number notifier,group=group0,node=2f993327933ad58672518b6d4f63920cbc68b80f78f4d81192552ee6362f5cc81ee13bdc678ad65f06e76444cadb53b33694cfb3fc7679b8000411975fedd28a,blockNumber=2700
info|2023-07-09 09:57:21.373118|[WS]receive block notify,endpoint=127.0.0.1:20201,blk={
	"blockNumber" : 2700,
	"group" : "group0",
	"nodeName" : "2f993327933ad58672518b6d4f63920cbc68b80f78f4d81192552ee6362f5cc81ee13bdc678ad65f06e76444cadb53b33694cfb3fc7679b8000411975fedd28a"
}
info|2023-07-09 09:57:21.912286|[RPC][BLOCK][NUMBER][fromJson],group=group0,node=98a7f70ec883a722219d92253cf073a72605f4087aa3443c8e4aadc0af2dc3ac647d0fa1b5ac99cd6987abafe6d690ae71cd5fd2aeeabe7589bfb4748aabdfba,blockNumber=2701
info|2023-07-09 09:57:21.912359|[RPCWS][SERVICE][onRecvBlockNotifier]receive block number notifier,group=group0,node=98a7f70ec883a722219d92253cf073a72605f4087aa3443c8e4aadc0af2dc3ac647d0fa1b5ac99cd6987abafe6d690ae71cd5fd2aeeabe7589bfb4748aabdfba,blockNumber=2701
info|2023-07-09 09:57:21.912374|[RPCWS][SERVICE][updateGroupBlockNumber],groupID=group0,_blockNumber=2701
info|2023-07-09 09:57:21.912383|[RPCWS][SERVICE][onRecvBlockNotifier]block notifier callback,group=group0,node=98a7f70ec883a722219d92253cf073a72605f4087aa3443c8e4aadc0af2dc3ac647d0fa1b5ac99cd6987abafe6d690ae71cd5fd2aeeabe7589bfb4748aabdfba,blockNumber=2701
info|2023-07-09 09:57:21.912392|[WS]receive block notify,endpoint=127.0.0.1:20200,blk={
	"blockNumber" : 2701,
	"group" : "group0",
	"nodeName" : "98a7f70ec883a722219d92253cf073a72605f4087aa3443c8e4aadc0af2dc3ac647d0fa1b5ac99cd6987abafe6d690ae71cd5fd2aeeabe7589bfb4748aabdfba"
}
info|2023-07-09 09:57:21.921131|[RPC][BLOCK][NUMBER][fromJson],group=group0,node=2f993327933ad58672518b6d4f63920cbc68b80f78f4d81192552ee6362f5cc81ee13bdc678ad65f06e76444cadb53b33694cfb3fc7679b8000411975fedd28a,blockNumber=2701
info|2023-07-09 09:57:21.921167|[RPCWS][SERVICE][onRecvBlockNotifier]receive block number notifier,group=group0,node=2f993327933ad58672518b6d4f63920cbc68b80f78f4d81192552ee6362f5cc81ee13bdc678ad65f06e76444cadb53b33694cfb3fc7679b8000411975fedd28a,blockNumber=2701
info|2023-07-09 09:57:21.921179|[WS]receive block notify,endpoint=127.0.0.1:20201,blk={
	"blockNumber" : 2701,
	"group" : "group0",
	"nodeName" : "2f993327933ad58672518b6d4f63920cbc68b80f78f4d81192552ee6362f5cc81ee13bdc678ad65f06e76444cadb53b33694cfb3fc7679b8000411975fedd28a"
}
info|2023-07-09 09:57:22.477964|[RPC][BLOCK][NUMBER][fromJson],group=group0,node=98a7f70ec883a722219d92253cf073a72605f4087aa3443c8e4aadc0af2dc3ac647d0fa1b5ac99cd6987abafe6d690ae71cd5fd2aeeabe7589bfb4748aabdfba,blockNumber=2702
info|2023-07-09 09:57:22.478025|[RPCWS][SERVICE][onRecvBlockNotifier]receive block number notifier,group=group0,node=98a7f70ec883a722219d92253cf073a72605f4087aa3443c8e4aadc0af2dc3ac647d0fa1b5ac99cd6987abafe6d690ae71cd5fd2aeeabe7589bfb4748aabdfba,blockNumber=2702
info|2023-07-09 09:57:22.478034|[RPCWS][SERVICE][updateGroupBlockNumber],groupID=group0,_blockNumber=2702
info|2023-07-09 09:57:22.478039|[RPCWS][SERVICE][onRecvBlockNotifier]block notifier callback,group=group0,node=98a7f70ec883a722219d92253cf073a72605f4087aa3443c8e4aadc0af2dc3ac647d0fa1b5ac99cd6987abafe6d690ae71cd5fd2aeeabe7589bfb4748aabdfba,blockNumber=2702
info|2023-07-09 09:57:22.478044|[WS]receive block notify,endpoint=127.0.0.1:20200,blk={
	"blockNumber" : 2702,
	"group" : "group0",
	"nodeName" : "98a7f70ec883a722219d92253cf073a72605f4087aa3443c8e4aadc0af2dc3ac647d0fa1b5ac99cd6987abafe6d690ae71cd5fd2aeeabe7589bfb4748aabdfba"
}
info|2023-07-09 09:57:22.503801|[RPC][BLOCK][NUMBER][fromJson],group=group0,node=2f993327933ad58672518b6d4f63920cbc68b80f78f4d81192552ee6362f5cc81ee13bdc678ad65f06e76444cadb53b33694cfb3fc7679b8000411975fedd28a,blockNumber=2702
info|2023-07-09 09:57:22.503820|[RPCWS][SERVICE][onRecvBlockNotifier]receive block number notifier,group=group0,node=2f993327933ad58672518b6d4f63920cbc68b80f78f4d81192552ee6362f5cc81ee13bdc678ad65f06e76444cadb53b33694cfb3fc7679b8000411975fedd28a,blockNumber=2702
info|2023-07-09 09:57:22.503827|[WS]receive block notify,endpoint=127.0.0.1:20201,blk={
	"blockNumber" : 2702,
	"group" : "group0",
	"nodeName" : "2f993327933ad58672518b6d4f63920cbc68b80f78f4d81192552ee6362f5cc81ee13bdc678ad65f06e76444cadb53b33694cfb3fc7679b8000411975fedd28a"
}
info|2023-07-09 09:57:32.765102|[EVENT][SUB][doLoop]event sub tasks report,working event sub count=0,suspend event sub count=0
info|2023-07-09 09:57:32.861674|[SDK][WS][SERVICE]connected nodes,count=2
info|2023-07-09 09:57:52.765150|[EVENT][SUB][doLoop]event sub tasks report,working event sub count=0,suspend event sub count=0
info|2023-07-09 09:57:52.862138|[SDK][WS][SERVICE]connected nodes,count=2
info|2023-07-09 09:58:12.765541|[EVENT][SUB][doLoop]event sub tasks report,working event sub count=0,suspend event sub count=0
info|2023-07-09 09:58:12.862297|[SDK][WS][SERVICE]connected nodes,count=2
info|2023-07-09 09:58:32.765850|[EVENT][SUB][doLoop]event sub tasks report,working event sub count=0,suspend event sub count=0
info|2023-07-09 09:58:32.862588|[SDK][WS][SERVICE]connected nodes,count=2
info|2023-07-09 09:58:52.766152|[EVENT][SUB][doLoop]event sub tasks report,working event sub count=0,suspend event sub count=0
info|2023-07-09 09:58:52.863247|[SDK][WS][SERVICE]connected nodes,count=2
info|2023-07-09 09:59:12.766322|[EVENT][SUB][doLoop]event sub tasks report,working event sub count=0,suspend event sub count=0
info|2023-07-09 09:59:12.863649|[SDK][WS][SERVICE]connected nodes,count=2
info|2023-07-09 09:59:32.766461|[EVENT][SUB][doLoop]event sub tasks report,working event sub count=0,suspend event sub count=0
info|2023-07-09 09:59:32.864339|[SDK][WS][SERVICE]connected nodes,count=2
info|2023-07-09 09:59:52.766977|[EVENT][SUB][doLoop]event sub tasks report,working event sub count=0,suspend event sub count=0
info|2023-07-09 09:59:52.864756|[SDK][WS][SERVICE]connected nodes,count=2
