info|2023-07-08 00:00:05.846160|[SDK][WS][SERVICE]connected nodes,count=2
info|2023-07-08 00:00:06.156271|[EVENT][SUB][doLoop]event sub tasks report,working event sub count=0,suspend event sub count=0
info|2023-07-08 00:00:25.846489|[SDK][WS][SERVICE]connected nodes,count=2
info|2023-07-08 00:00:26.156480|[EVENT][SUB][doLoop]event sub tasks report,working event sub count=0,suspend event sub count=0
info|2023-07-08 00:00:45.846932|[SDK][WS][SERVICE]connected nodes,count=2
info|2023-07-08 00:00:46.156877|[EVENT][SUB][doLoop]event sub tasks report,working event sub count=0,suspend event sub count=0
info|2023-07-08 00:01:05.847716|[SDK][WS][SERVICE]connected nodes,count=2
info|2023-07-08 00:01:06.157414|[EVENT][SUB][doLoop]event sub tasks report,working event sub count=0,suspend event sub count=0
info|2023-07-08 00:01:25.848302|[SDK][WS][SERVICE]connected nodes,count=2
info|2023-07-08 00:01:26.157742|[EVENT][SUB][doLoop]event sub tasks report,working event sub count=0,suspend event sub count=0
info|2023-07-08 00:01:45.848645|[SDK][WS][SERVICE]connected nodes,count=2
info|2023-07-08 00:01:46.157892|[EVENT][SUB][doLoop]event sub tasks report,working event sub count=0,suspend event sub count=0
info|2023-07-08 00:02:05.848978|[SDK][WS][SERVICE]connected nodes,count=2
info|2023-07-08 00:02:06.158272|[EVENT][SUB][doLoop]event sub tasks report,working event sub count=0,suspend event sub count=0
info|2023-07-08 00:02:25.849808|[SDK][WS][SERVICE]connected nodes,count=2
info|2023-07-08 00:02:26.158634|[EVENT][SUB][doLoop]event sub tasks report,working event sub count=0,suspend event sub count=0
info|2023-07-08 00:02:45.850052|[SDK][WS][SERVICE]connected nodes,count=2
info|2023-07-08 00:02:46.158719|[EVENT][SUB][doLoop]event sub tasks report,working event sub count=0,suspend event sub count=0
info|2023-07-08 00:03:05.850248|[SDK][WS][SERVICE]connected nodes,count=2
info|2023-07-08 00:03:06.159096|[EVENT][SUB][doLoop]event sub tasks report,working event sub count=0,suspend event sub count=0
info|2023-07-08 00:03:25.850458|[SDK][WS][SERVICE]connected nodes,count=2
info|2023-07-08 00:03:26.159635|[EVENT][SUB][doLoop]event sub tasks report,working event sub count=0,suspend event sub count=0
info|2023-07-08 00:03:45.850937|[SDK][WS][SERVICE]connected nodes,count=2
info|2023-07-08 00:03:46.159827|[EVENT][SUB][doLoop]event sub tasks report,working event sub count=0,suspend event sub count=0
info|2023-07-08 00:04:05.851144|[SDK][WS][SERVICE]connected nodes,count=2
info|2023-07-08 00:04:06.160334|[EVENT][SUB][doLoop]event sub tasks report,working event sub count=0,suspend event sub count=0
info|2023-07-08 00:04:25.851498|[SDK][WS][SERVICE]connected nodes,count=2
info|2023-07-08 00:04:26.160613|[EVENT][SUB][doLoop]event sub tasks report,working event sub count=0,suspend event sub count=0
info|2023-07-08 00:04:45.852003|[SDK][WS][SERVICE]connected nodes,count=2
info|2023-07-08 00:04:46.160973|[EVENT][SUB][doLoop]event sub tasks report,working event sub count=0,suspend event sub count=0
info|2023-07-08 00:05:05.852633|[SDK][WS][SERVICE]connected nodes,count=2
info|2023-07-08 00:05:06.161483|[EVENT][SUB][doLoop]event sub tasks report,working event sub count=0,suspend event sub count=0
info|2023-07-08 00:05:25.852967|[SDK][WS][SERVICE]connected nodes,count=2
info|2023-07-08 00:05:26.161701|[EVENT][SUB][doLoop]event sub tasks report,working event sub count=0,suspend event sub count=0
info|2023-07-08 00:05:45.853247|[SDK][WS][SERVICE]connected nodes,count=2
info|2023-07-08 00:05:46.161847|[EVENT][SUB][doLoop]event sub tasks report,working event sub count=0,suspend event sub count=0
info|2023-07-08 00:06:05.853376|[SDK][WS][SERVICE]connected nodes,count=2
info|2023-07-08 00:06:06.162407|[EVENT][SUB][doLoop]event sub tasks report,working event sub count=0,suspend event sub count=0
info|2023-07-08 00:06:25.853575|[SDK][WS][SERVICE]connected nodes,count=2
info|2023-07-08 00:06:26.163158|[EVENT][SUB][doLoop]event sub tasks report,working event sub count=0,suspend event sub count=0
info|2023-07-08 00:06:45.853787|[SDK][WS][SERVICE]connected nodes,count=2
info|2023-07-08 00:06:46.163459|[EVENT][SUB][doLoop]event sub tasks report,working event sub count=0,suspend event sub count=0
info|2023-07-08 00:07:05.854329|[SDK][WS][SERVICE]connected nodes,count=2
info|2023-07-08 00:07:06.163678|[EVENT][SUB][doLoop]event sub tasks report,working event sub count=0,suspend event sub count=0
info|2023-07-08 00:07:25.854752|[SDK][WS][SERVICE]connected nodes,count=2
info|2023-07-08 00:07:26.164171|[EVENT][SUB][doLoop]event sub tasks report,working event sub count=0,suspend event sub count=0
info|2023-07-08 00:07:45.855302|[SDK][WS][SERVICE]connected nodes,count=2
info|2023-07-08 00:07:46.164771|[EVENT][SUB][doLoop]event sub tasks report,working event sub count=0,suspend event sub count=0
info|2023-07-08 00:08:05.855797|[SDK][WS][SERVICE]connected nodes,count=2
info|2023-07-08 00:08:06.164865|[EVENT][SUB][doLoop]event sub tasks report,working event sub count=0,suspend event sub count=0
info|2023-07-08 00:08:25.856186|[SDK][WS][SERVICE]connected nodes,count=2
info|2023-07-08 00:08:26.165859|[EVENT][SUB][doLoop]event sub tasks report,working event sub count=0,suspend event sub count=0
info|2023-07-08 00:08:45.856519|[SDK][WS][SERVICE]connected nodes,count=2
info|2023-07-08 00:08:46.166229|[EVENT][SUB][doLoop]event sub tasks report,working event sub count=0,suspend event sub count=0
info|2023-07-08 00:09:05.856752|[SDK][WS][SERVICE]connected nodes,count=2
info|2023-07-08 00:09:06.166461|[EVENT][SUB][doLoop]event sub tasks report,working event sub count=0,suspend event sub count=0
info|2023-07-08 00:09:25.857328|[SDK][WS][SERVICE]connected nodes,count=2
info|2023-07-08 00:09:26.166925|[EVENT][SUB][doLoop]event sub tasks report,working event sub count=0,suspend event sub count=0
info|2023-07-08 00:09:45.857949|[SDK][WS][SERVICE]connected nodes,count=2
info|2023-07-08 00:09:46.167063|[EVENT][SUB][doLoop]event sub tasks report,working event sub count=0,suspend event sub count=0
info|2023-07-08 00:10:05.858308|[SDK][WS][SERVICE]connected nodes,count=2
info|2023-07-08 00:10:06.167381|[EVENT][SUB][doLoop]event sub tasks report,working event sub count=0,suspend event sub count=0
info|2023-07-08 00:10:25.858597|[SDK][WS][SERVICE]connected nodes,count=2
info|2023-07-08 00:10:26.167723|[EVENT][SUB][doLoop]event sub tasks report,working event sub count=0,suspend event sub count=0
info|2023-07-08 00:10:45.859249|[SDK][WS][SERVICE]connected nodes,count=2
info|2023-07-08 00:10:46.168037|[EVENT][SUB][doLoop]event sub tasks report,working event sub count=0,suspend event sub count=0
info|2023-07-08 00:11:05.859758|[SDK][WS][SERVICE]connected nodes,count=2
info|2023-07-08 00:11:06.168335|[EVENT][SUB][doLoop]event sub tasks report,working event sub count=0,suspend event sub count=0
info|2023-07-08 00:11:25.860359|[SDK][WS][SERVICE]connected nodes,count=2
info|2023-07-08 00:11:26.168545|[EVENT][SUB][doLoop]event sub tasks report,working event sub count=0,suspend event sub count=0
info|2023-07-08 00:11:45.860712|[SDK][WS][SERVICE]connected nodes,count=2
info|2023-07-08 00:11:46.168848|[EVENT][SUB][doLoop]event sub tasks report,working event sub count=0,suspend event sub count=0
info|2023-07-08 00:12:05.861524|[SDK][WS][SERVICE]connected nodes,count=2
info|2023-07-08 00:12:06.169388|[EVENT][SUB][doLoop]event sub tasks report,working event sub count=0,suspend event sub count=0
info|2023-07-08 00:12:25.861728|[SDK][WS][SERVICE]connected nodes,count=2
info|2023-07-08 00:12:26.170055|[EVENT][SUB][doLoop]event sub tasks report,working event sub count=0,suspend event sub count=0
info|2023-07-08 00:12:45.862044|[SDK][WS][SERVICE]connected nodes,count=2
info|2023-07-08 00:12:46.170536|[EVENT][SUB][doLoop]event sub tasks report,working event sub count=0,suspend event sub count=0
info|2023-07-08 00:13:05.862451|[SDK][WS][SERVICE]connected nodes,count=2
info|2023-07-08 00:13:06.171011|[EVENT][SUB][doLoop]event sub tasks report,working event sub count=0,suspend event sub count=0
info|2023-07-08 00:13:25.862946|[SDK][WS][SERVICE]connected nodes,count=2
info|2023-07-08 00:13:26.171195|[EVENT][SUB][doLoop]event sub tasks report,working event sub count=0,suspend event sub count=0
info|2023-07-08 00:13:45.863233|[SDK][WS][SERVICE]connected nodes,count=2
info|2023-07-08 00:13:46.172276|[EVENT][SUB][doLoop]event sub tasks report,working event sub count=0,suspend event sub count=0
info|2023-07-08 00:14:05.863631|[SDK][WS][SERVICE]connected nodes,count=2
info|2023-07-08 00:14:06.172748|[EVENT][SUB][doLoop]event sub tasks report,working event sub count=0,suspend event sub count=0
info|2023-07-08 00:14:25.864149|[SDK][WS][SERVICE]connected nodes,count=2
info|2023-07-08 00:14:26.173040|[EVENT][SUB][doLoop]event sub tasks report,working event sub count=0,suspend event sub count=0
info|2023-07-08 00:14:45.864364|[SDK][WS][SERVICE]connected nodes,count=2
info|2023-07-08 00:14:46.173238|[EVENT][SUB][doLoop]event sub tasks report,working event sub count=0,suspend event sub count=0
info|2023-07-08 00:15:05.864715|[SDK][WS][SERVICE]connected nodes,count=2
info|2023-07-08 00:15:06.173567|[EVENT][SUB][doLoop]event sub tasks report,working event sub count=0,suspend event sub count=0
info|2023-07-08 00:15:25.864884|[SDK][WS][SERVICE]connected nodes,count=2
info|2023-07-08 00:15:26.173952|[EVENT][SUB][doLoop]event sub tasks report,working event sub count=0,suspend event sub count=0
info|2023-07-08 00:15:45.865194|[SDK][WS][SERVICE]connected nodes,count=2
info|2023-07-08 00:15:46.174202|[EVENT][SUB][doLoop]event sub tasks report,working event sub count=0,suspend event sub count=0
info|2023-07-08 00:16:05.865929|[SDK][WS][SERVICE]connected nodes,count=2
info|2023-07-08 00:16:06.174362|[EVENT][SUB][doLoop]event sub tasks report,working event sub count=0,suspend event sub count=0
info|2023-07-08 00:16:25.866317|[SDK][WS][SERVICE]connected nodes,count=2
info|2023-07-08 00:16:26.174547|[EVENT][SUB][doLoop]event sub tasks report,working event sub count=0,suspend event sub count=0
info|2023-07-08 00:16:45.866479|[SDK][WS][SERVICE]connected nodes,count=2
info|2023-07-08 00:16:46.174907|[EVENT][SUB][doLoop]event sub tasks report,working event sub count=0,suspend event sub count=0
info|2023-07-08 00:17:05.866739|[SDK][WS][SERVICE]connected nodes,count=2
info|2023-07-08 00:17:06.174951|[EVENT][SUB][doLoop]event sub tasks report,working event sub count=0,suspend event sub count=0
info|2023-07-08 00:17:25.867443|[SDK][WS][SERVICE]connected nodes,count=2
info|2023-07-08 00:17:26.175107|[EVENT][SUB][doLoop]event sub tasks report,working event sub count=0,suspend event sub count=0
info|2023-07-08 00:17:45.868104|[SDK][WS][SERVICE]connected nodes,count=2
info|2023-07-08 00:17:46.175320|[EVENT][SUB][doLoop]event sub tasks report,working event sub count=0,suspend event sub count=0
info|2023-07-08 00:18:05.868354|[SDK][WS][SERVICE]connected nodes,count=2
info|2023-07-08 00:18:06.175817|[EVENT][SUB][doLoop]event sub tasks report,working event sub count=0,suspend event sub count=0
info|2023-07-08 00:18:25.868946|[SDK][WS][SERVICE]connected nodes,count=2
info|2023-07-08 00:18:26.176164|[EVENT][SUB][doLoop]event sub tasks report,working event sub count=0,suspend event sub count=0
info|2023-07-08 00:18:45.869110|[SDK][WS][SERVICE]connected nodes,count=2
info|2023-07-08 00:18:46.176677|[EVENT][SUB][doLoop]event sub tasks report,working event sub count=0,suspend event sub count=0
info|2023-07-08 00:19:05.869503|[SDK][WS][SERVICE]connected nodes,count=2
info|2023-07-08 00:19:06.176770|[EVENT][SUB][doLoop]event sub tasks report,working event sub count=0,suspend event sub count=0
info|2023-07-08 00:19:25.870068|[SDK][WS][SERVICE]connected nodes,count=2
info|2023-07-08 00:19:26.177100|[EVENT][SUB][doLoop]event sub tasks report,working event sub count=0,suspend event sub count=0
info|2023-07-08 00:19:45.870388|[SDK][WS][SERVICE]connected nodes,count=2
info|2023-07-08 00:19:46.177371|[EVENT][SUB][doLoop]event sub tasks report,working event sub count=0,suspend event sub count=0
info|2023-07-08 00:20:05.871152|[SDK][WS][SERVICE]connected nodes,count=2
info|2023-07-08 00:20:06.178136|[EVENT][SUB][doLoop]event sub tasks report,working event sub count=0,suspend event sub count=0
info|2023-07-08 00:20:25.871333|[SDK][WS][SERVICE]connected nodes,count=2
info|2023-07-08 00:20:26.178300|[EVENT][SUB][doLoop]event sub tasks report,working event sub count=0,suspend event sub count=0
info|2023-07-08 00:20:45.871753|[SDK][WS][SERVICE]connected nodes,count=2
info|2023-07-08 00:20:46.178633|[EVENT][SUB][doLoop]event sub tasks report,working event sub count=0,suspend event sub count=0
info|2023-07-08 00:21:05.871948|[SDK][WS][SERVICE]connected nodes,count=2
info|2023-07-08 00:21:06.178890|[EVENT][SUB][doLoop]event sub tasks report,working event sub count=0,suspend event sub count=0
info|2023-07-08 00:21:25.872813|[SDK][WS][SERVICE]connected nodes,count=2
info|2023-07-08 00:21:26.178943|[EVENT][SUB][doLoop]event sub tasks report,working event sub count=0,suspend event sub count=0
info|2023-07-08 00:21:45.873394|[SDK][WS][SERVICE]connected nodes,count=2
info|2023-07-08 00:21:46.179171|[EVENT][SUB][doLoop]event sub tasks report,working event sub count=0,suspend event sub count=0
info|2023-07-08 00:22:05.873509|[SDK][WS][SERVICE]connected nodes,count=2
info|2023-07-08 00:22:06.179253|[EVENT][SUB][doLoop]event sub tasks report,working event sub count=0,suspend event sub count=0
info|2023-07-08 00:22:25.873904|[SDK][WS][SERVICE]connected nodes,count=2
info|2023-07-08 00:22:26.179563|[EVENT][SUB][doLoop]event sub tasks report,working event sub count=0,suspend event sub count=0
info|2023-07-08 00:22:45.874348|[SDK][WS][SERVICE]connected nodes,count=2
info|2023-07-08 00:22:46.180321|[EVENT][SUB][doLoop]event sub tasks report,working event sub count=0,suspend event sub count=0
info|2023-07-08 00:23:05.874850|[SDK][WS][SERVICE]connected nodes,count=2
info|2023-07-08 00:23:06.180653|[EVENT][SUB][doLoop]event sub tasks report,working event sub count=0,suspend event sub count=0
info|2023-07-08 00:23:25.875075|[SDK][WS][SERVICE]connected nodes,count=2
info|2023-07-08 00:23:26.180707|[EVENT][SUB][doLoop]event sub tasks report,working event sub count=0,suspend event sub count=0
info|2023-07-08 00:23:45.875209|[SDK][WS][SERVICE]connected nodes,count=2
info|2023-07-08 00:23:46.180893|[EVENT][SUB][doLoop]event sub tasks report,working event sub count=0,suspend event sub count=0
info|2023-07-08 00:24:05.875537|[SDK][WS][SERVICE]connected nodes,count=2
info|2023-07-08 00:24:06.181387|[EVENT][SUB][doLoop]event sub tasks report,working event sub count=0,suspend event sub count=0
info|2023-07-08 00:24:25.875843|[SDK][WS][SERVICE]connected nodes,count=2
info|2023-07-08 00:24:26.181624|[EVENT][SUB][doLoop]event sub tasks report,working event sub count=0,suspend event sub count=0
info|2023-07-08 00:24:45.876134|[SDK][WS][SERVICE]connected nodes,count=2
info|2023-07-08 00:24:46.181915|[EVENT][SUB][doLoop]event sub tasks report,working event sub count=0,suspend event sub count=0
info|2023-07-08 00:25:05.876862|[SDK][WS][SERVICE]connected nodes,count=2
info|2023-07-08 00:25:06.182185|[EVENT][SUB][doLoop]event sub tasks report,working event sub count=0,suspend event sub count=0
info|2023-07-08 00:25:25.877104|[SDK][WS][SERVICE]connected nodes,count=2
info|2023-07-08 00:25:26.182371|[EVENT][SUB][doLoop]event sub tasks report,working event sub count=0,suspend event sub count=0
info|2023-07-08 00:25:45.877244|[SDK][WS][SERVICE]connected nodes,count=2
info|2023-07-08 00:25:46.182931|[EVENT][SUB][doLoop]event sub tasks report,working event sub count=0,suspend event sub count=0
info|2023-07-08 00:26:05.877460|[SDK][WS][SERVICE]connected nodes,count=2
info|2023-07-08 00:26:06.183159|[EVENT][SUB][doLoop]event sub tasks report,working event sub count=0,suspend event sub count=0
info|2023-07-08 00:26:25.877714|[SDK][WS][SERVICE]connected nodes,count=2
info|2023-07-08 00:26:26.183478|[EVENT][SUB][doLoop]event sub tasks report,working event sub count=0,suspend event sub count=0
info|2023-07-08 00:26:45.877971|[SDK][WS][SERVICE]connected nodes,count=2
info|2023-07-08 00:26:46.183730|[EVENT][SUB][doLoop]event sub tasks report,working event sub count=0,suspend event sub count=0
info|2023-07-08 00:27:05.878692|[SDK][WS][SERVICE]connected nodes,count=2
info|2023-07-08 00:27:06.183952|[EVENT][SUB][doLoop]event sub tasks report,working event sub count=0,suspend event sub count=0
info|2023-07-08 00:27:13.841260|[RPC][BLOCK][NUMBER][fromJson],group=group0,node=98a7f70ec883a722219d92253cf073a72605f4087aa3443c8e4aadc0af2dc3ac647d0fa1b5ac99cd6987abafe6d690ae71cd5fd2aeeabe7589bfb4748aabdfba,blockNumber=1615
info|2023-07-08 00:27:13.841281|[RPCWS][SERVICE][onRecvBlockNotifier]receive block number notifier,group=group0,node=98a7f70ec883a722219d92253cf073a72605f4087aa3443c8e4aadc0af2dc3ac647d0fa1b5ac99cd6987abafe6d690ae71cd5fd2aeeabe7589bfb4748aabdfba,blockNumber=1615
info|2023-07-08 00:27:13.841286|[RPCWS][SERVICE][updateGroupBlockNumber],groupID=group0,_blockNumber=1615
info|2023-07-08 00:27:13.841291|[RPCWS][SERVICE][onRecvBlockNotifier]block notifier callback,group=group0,node=98a7f70ec883a722219d92253cf073a72605f4087aa3443c8e4aadc0af2dc3ac647d0fa1b5ac99cd6987abafe6d690ae71cd5fd2aeeabe7589bfb4748aabdfba,blockNumber=1615
info|2023-07-08 00:27:13.841294|[WS]receive block notify,endpoint=127.0.0.1:20200,blk={
	"blockNumber" : 1615,
	"group" : "group0",
	"nodeName" : "98a7f70ec883a722219d92253cf073a72605f4087aa3443c8e4aadc0af2dc3ac647d0fa1b5ac99cd6987abafe6d690ae71cd5fd2aeeabe7589bfb4748aabdfba"
}
info|2023-07-08 00:27:13.908763|[RPC][BLOCK][NUMBER][fromJson],group=group0,node=2f993327933ad58672518b6d4f63920cbc68b80f78f4d81192552ee6362f5cc81ee13bdc678ad65f06e76444cadb53b33694cfb3fc7679b8000411975fedd28a,blockNumber=1615
info|2023-07-08 00:27:13.908804|[RPCWS][SERVICE][onRecvBlockNotifier]receive block number notifier,group=group0,node=2f993327933ad58672518b6d4f63920cbc68b80f78f4d81192552ee6362f5cc81ee13bdc678ad65f06e76444cadb53b33694cfb3fc7679b8000411975fedd28a,blockNumber=1615
info|2023-07-08 00:27:13.908811|[WS]receive block notify,endpoint=127.0.0.1:20201,blk={
	"blockNumber" : 1615,
	"group" : "group0",
	"nodeName" : "2f993327933ad58672518b6d4f63920cbc68b80f78f4d81192552ee6362f5cc81ee13bdc678ad65f06e76444cadb53b33694cfb3fc7679b8000411975fedd28a"
}
info|2023-07-08 00:27:14.370722|[RPC][BLOCK][NUMBER][fromJson],group=group0,node=98a7f70ec883a722219d92253cf073a72605f4087aa3443c8e4aadc0af2dc3ac647d0fa1b5ac99cd6987abafe6d690ae71cd5fd2aeeabe7589bfb4748aabdfba,blockNumber=1616
info|2023-07-08 00:27:14.370742|[RPCWS][SERVICE][onRecvBlockNotifier]receive block number notifier,group=group0,node=98a7f70ec883a722219d92253cf073a72605f4087aa3443c8e4aadc0af2dc3ac647d0fa1b5ac99cd6987abafe6d690ae71cd5fd2aeeabe7589bfb4748aabdfba,blockNumber=1616
info|2023-07-08 00:27:14.370747|[RPCWS][SERVICE][updateGroupBlockNumber],groupID=group0,_blockNumber=1616
info|2023-07-08 00:27:14.370750|[RPCWS][SERVICE][onRecvBlockNotifier]block notifier callback,group=group0,node=98a7f70ec883a722219d92253cf073a72605f4087aa3443c8e4aadc0af2dc3ac647d0fa1b5ac99cd6987abafe6d690ae71cd5fd2aeeabe7589bfb4748aabdfba,blockNumber=1616
info|2023-07-08 00:27:14.370766|[WS]receive block notify,endpoint=127.0.0.1:20200,blk={
	"blockNumber" : 1616,
	"group" : "group0",
	"nodeName" : "98a7f70ec883a722219d92253cf073a72605f4087aa3443c8e4aadc0af2dc3ac647d0fa1b5ac99cd6987abafe6d690ae71cd5fd2aeeabe7589bfb4748aabdfba"
}
info|2023-07-08 00:27:14.425972|[RPC][BLOCK][NUMBER][fromJson],group=group0,node=2f993327933ad58672518b6d4f63920cbc68b80f78f4d81192552ee6362f5cc81ee13bdc678ad65f06e76444cadb53b33694cfb3fc7679b8000411975fedd28a,blockNumber=1616
info|2023-07-08 00:27:14.426007|[RPCWS][SERVICE][onRecvBlockNotifier]receive block number notifier,group=group0,node=2f993327933ad58672518b6d4f63920cbc68b80f78f4d81192552ee6362f5cc81ee13bdc678ad65f06e76444cadb53b33694cfb3fc7679b8000411975fedd28a,blockNumber=1616
info|2023-07-08 00:27:14.426015|[WS]receive block notify,endpoint=127.0.0.1:20201,blk={
	"blockNumber" : 1616,
	"group" : "group0",
	"nodeName" : "2f993327933ad58672518b6d4f63920cbc68b80f78f4d81192552ee6362f5cc81ee13bdc678ad65f06e76444cadb53b33694cfb3fc7679b8000411975fedd28a"
}
info|2023-07-08 00:27:14.924741|[RPC][BLOCK][NUMBER][fromJson],group=group0,node=98a7f70ec883a722219d92253cf073a72605f4087aa3443c8e4aadc0af2dc3ac647d0fa1b5ac99cd6987abafe6d690ae71cd5fd2aeeabe7589bfb4748aabdfba,blockNumber=1617
info|2023-07-08 00:27:14.924836|[RPCWS][SERVICE][onRecvBlockNotifier]receive block number notifier,group=group0,node=98a7f70ec883a722219d92253cf073a72605f4087aa3443c8e4aadc0af2dc3ac647d0fa1b5ac99cd6987abafe6d690ae71cd5fd2aeeabe7589bfb4748aabdfba,blockNumber=1617
info|2023-07-08 00:27:14.924846|[RPCWS][SERVICE][updateGroupBlockNumber],groupID=group0,_blockNumber=1617
info|2023-07-08 00:27:14.924850|[RPCWS][SERVICE][onRecvBlockNotifier]block notifier callback,group=group0,node=98a7f70ec883a722219d92253cf073a72605f4087aa3443c8e4aadc0af2dc3ac647d0fa1b5ac99cd6987abafe6d690ae71cd5fd2aeeabe7589bfb4748aabdfba,blockNumber=1617
info|2023-07-08 00:27:14.924854|[WS]receive block notify,endpoint=127.0.0.1:20200,blk={
	"blockNumber" : 1617,
	"group" : "group0",
	"nodeName" : "98a7f70ec883a722219d92253cf073a72605f4087aa3443c8e4aadc0af2dc3ac647d0fa1b5ac99cd6987abafe6d690ae71cd5fd2aeeabe7589bfb4748aabdfba"
}
info|2023-07-08 00:27:14.966443|[RPC][BLOCK][NUMBER][fromJson],group=group0,node=2f993327933ad58672518b6d4f63920cbc68b80f78f4d81192552ee6362f5cc81ee13bdc678ad65f06e76444cadb53b33694cfb3fc7679b8000411975fedd28a,blockNumber=1617
info|2023-07-08 00:27:14.966498|[RPCWS][SERVICE][onRecvBlockNotifier]receive block number notifier,group=group0,node=2f993327933ad58672518b6d4f63920cbc68b80f78f4d81192552ee6362f5cc81ee13bdc678ad65f06e76444cadb53b33694cfb3fc7679b8000411975fedd28a,blockNumber=1617
info|2023-07-08 00:27:14.966506|[WS]receive block notify,endpoint=127.0.0.1:20201,blk={
	"blockNumber" : 1617,
	"group" : "group0",
	"nodeName" : "2f993327933ad58672518b6d4f63920cbc68b80f78f4d81192552ee6362f5cc81ee13bdc678ad65f06e76444cadb53b33694cfb3fc7679b8000411975fedd28a"
}
info|2023-07-08 00:27:15.524571|[RPC][BLOCK][NUMBER][fromJson],group=group0,node=98a7f70ec883a722219d92253cf073a72605f4087aa3443c8e4aadc0af2dc3ac647d0fa1b5ac99cd6987abafe6d690ae71cd5fd2aeeabe7589bfb4748aabdfba,blockNumber=1618
info|2023-07-08 00:27:15.524591|[RPCWS][SERVICE][onRecvBlockNotifier]receive block number notifier,group=group0,node=98a7f70ec883a722219d92253cf073a72605f4087aa3443c8e4aadc0af2dc3ac647d0fa1b5ac99cd6987abafe6d690ae71cd5fd2aeeabe7589bfb4748aabdfba,blockNumber=1618
info|2023-07-08 00:27:15.524596|[RPCWS][SERVICE][updateGroupBlockNumber],groupID=group0,_blockNumber=1618
info|2023-07-08 00:27:15.524600|[RPCWS][SERVICE][onRecvBlockNotifier]block notifier callback,group=group0,node=98a7f70ec883a722219d92253cf073a72605f4087aa3443c8e4aadc0af2dc3ac647d0fa1b5ac99cd6987abafe6d690ae71cd5fd2aeeabe7589bfb4748aabdfba,blockNumber=1618
info|2023-07-08 00:27:15.524603|[WS]receive block notify,endpoint=127.0.0.1:20200,blk={
	"blockNumber" : 1618,
	"group" : "group0",
	"nodeName" : "98a7f70ec883a722219d92253cf073a72605f4087aa3443c8e4aadc0af2dc3ac647d0fa1b5ac99cd6987abafe6d690ae71cd5fd2aeeabe7589bfb4748aabdfba"
}
info|2023-07-08 00:27:15.532379|[RPC][BLOCK][NUMBER][fromJson],group=group0,node=2f993327933ad58672518b6d4f63920cbc68b80f78f4d81192552ee6362f5cc81ee13bdc678ad65f06e76444cadb53b33694cfb3fc7679b8000411975fedd28a,blockNumber=1618
info|2023-07-08 00:27:15.532419|[RPCWS][SERVICE][onRecvBlockNotifier]receive block number notifier,group=group0,node=2f993327933ad58672518b6d4f63920cbc68b80f78f4d81192552ee6362f5cc81ee13bdc678ad65f06e76444cadb53b33694cfb3fc7679b8000411975fedd28a,blockNumber=1618
info|2023-07-08 00:27:15.532426|[WS]receive block notify,endpoint=127.0.0.1:20201,blk={
	"blockNumber" : 1618,
	"group" : "group0",
	"nodeName" : "2f993327933ad58672518b6d4f63920cbc68b80f78f4d81192552ee6362f5cc81ee13bdc678ad65f06e76444cadb53b33694cfb3fc7679b8000411975fedd28a"
}
info|2023-07-08 00:27:16.106650|[RPC][BLOCK][NUMBER][fromJson],group=group0,node=98a7f70ec883a722219d92253cf073a72605f4087aa3443c8e4aadc0af2dc3ac647d0fa1b5ac99cd6987abafe6d690ae71cd5fd2aeeabe7589bfb4748aabdfba,blockNumber=1619
info|2023-07-08 00:27:16.106683|[RPCWS][SERVICE][onRecvBlockNotifier]receive block number notifier,group=group0,node=98a7f70ec883a722219d92253cf073a72605f4087aa3443c8e4aadc0af2dc3ac647d0fa1b5ac99cd6987abafe6d690ae71cd5fd2aeeabe7589bfb4748aabdfba,blockNumber=1619
info|2023-07-08 00:27:16.106690|[RPCWS][SERVICE][updateGroupBlockNumber],groupID=group0,_blockNumber=1619
info|2023-07-08 00:27:16.106694|[RPCWS][SERVICE][onRecvBlockNotifier]block notifier callback,group=group0,node=98a7f70ec883a722219d92253cf073a72605f4087aa3443c8e4aadc0af2dc3ac647d0fa1b5ac99cd6987abafe6d690ae71cd5fd2aeeabe7589bfb4748aabdfba,blockNumber=1619
info|2023-07-08 00:27:16.106699|[WS]receive block notify,endpoint=127.0.0.1:20200,blk={
	"blockNumber" : 1619,
	"group" : "group0",
	"nodeName" : "98a7f70ec883a722219d92253cf073a72605f4087aa3443c8e4aadc0af2dc3ac647d0fa1b5ac99cd6987abafe6d690ae71cd5fd2aeeabe7589bfb4748aabdfba"
}
info|2023-07-08 00:27:16.113464|[RPC][BLOCK][NUMBER][fromJson],group=group0,node=2f993327933ad58672518b6d4f63920cbc68b80f78f4d81192552ee6362f5cc81ee13bdc678ad65f06e76444cadb53b33694cfb3fc7679b8000411975fedd28a,blockNumber=1619
info|2023-07-08 00:27:16.113487|[RPCWS][SERVICE][onRecvBlockNotifier]receive block number notifier,group=group0,node=2f993327933ad58672518b6d4f63920cbc68b80f78f4d81192552ee6362f5cc81ee13bdc678ad65f06e76444cadb53b33694cfb3fc7679b8000411975fedd28a,blockNumber=1619
info|2023-07-08 00:27:16.113494|[WS]receive block notify,endpoint=127.0.0.1:20201,blk={
	"blockNumber" : 1619,
	"group" : "group0",
	"nodeName" : "2f993327933ad58672518b6d4f63920cbc68b80f78f4d81192552ee6362f5cc81ee13bdc678ad65f06e76444cadb53b33694cfb3fc7679b8000411975fedd28a"
}
info|2023-07-08 00:27:16.612623|[RPC][BLOCK][NUMBER][fromJson],group=group0,node=98a7f70ec883a722219d92253cf073a72605f4087aa3443c8e4aadc0af2dc3ac647d0fa1b5ac99cd6987abafe6d690ae71cd5fd2aeeabe7589bfb4748aabdfba,blockNumber=1620
info|2023-07-08 00:27:16.612678|[RPCWS][SERVICE][onRecvBlockNotifier]receive block number notifier,group=group0,node=98a7f70ec883a722219d92253cf073a72605f4087aa3443c8e4aadc0af2dc3ac647d0fa1b5ac99cd6987abafe6d690ae71cd5fd2aeeabe7589bfb4748aabdfba,blockNumber=1620
info|2023-07-08 00:27:16.612684|[RPCWS][SERVICE][updateGroupBlockNumber],groupID=group0,_blockNumber=1620
info|2023-07-08 00:27:16.612688|[RPCWS][SERVICE][onRecvBlockNotifier]block notifier callback,group=group0,node=98a7f70ec883a722219d92253cf073a72605f4087aa3443c8e4aadc0af2dc3ac647d0fa1b5ac99cd6987abafe6d690ae71cd5fd2aeeabe7589bfb4748aabdfba,blockNumber=1620
info|2023-07-08 00:27:16.612691|[WS]receive block notify,endpoint=127.0.0.1:20200,blk={
	"blockNumber" : 1620,
	"group" : "group0",
	"nodeName" : "98a7f70ec883a722219d92253cf073a72605f4087aa3443c8e4aadc0af2dc3ac647d0fa1b5ac99cd6987abafe6d690ae71cd5fd2aeeabe7589bfb4748aabdfba"
}
info|2023-07-08 00:27:16.651308|[RPC][BLOCK][NUMBER][fromJson],group=group0,node=2f993327933ad58672518b6d4f63920cbc68b80f78f4d81192552ee6362f5cc81ee13bdc678ad65f06e76444cadb53b33694cfb3fc7679b8000411975fedd28a,blockNumber=1620
info|2023-07-08 00:27:16.651327|[RPCWS][SERVICE][onRecvBlockNotifier]receive block number notifier,group=group0,node=2f993327933ad58672518b6d4f63920cbc68b80f78f4d81192552ee6362f5cc81ee13bdc678ad65f06e76444cadb53b33694cfb3fc7679b8000411975fedd28a,blockNumber=1620
info|2023-07-08 00:27:16.651333|[WS]receive block notify,endpoint=127.0.0.1:20201,blk={
	"blockNumber" : 1620,
	"group" : "group0",
	"nodeName" : "2f993327933ad58672518b6d4f63920cbc68b80f78f4d81192552ee6362f5cc81ee13bdc678ad65f06e76444cadb53b33694cfb3fc7679b8000411975fedd28a"
}
info|2023-07-08 00:27:17.129009|[RPC][BLOCK][NUMBER][fromJson],group=group0,node=98a7f70ec883a722219d92253cf073a72605f4087aa3443c8e4aadc0af2dc3ac647d0fa1b5ac99cd6987abafe6d690ae71cd5fd2aeeabe7589bfb4748aabdfba,blockNumber=1621
info|2023-07-08 00:27:17.129046|[RPCWS][SERVICE][onRecvBlockNotifier]receive block number notifier,group=group0,node=98a7f70ec883a722219d92253cf073a72605f4087aa3443c8e4aadc0af2dc3ac647d0fa1b5ac99cd6987abafe6d690ae71cd5fd2aeeabe7589bfb4748aabdfba,blockNumber=1621
info|2023-07-08 00:27:17.129051|[RPCWS][SERVICE][updateGroupBlockNumber],groupID=group0,_blockNumber=1621
info|2023-07-08 00:27:17.129055|[RPCWS][SERVICE][onRecvBlockNotifier]block notifier callback,group=group0,node=98a7f70ec883a722219d92253cf073a72605f4087aa3443c8e4aadc0af2dc3ac647d0fa1b5ac99cd6987abafe6d690ae71cd5fd2aeeabe7589bfb4748aabdfba,blockNumber=1621
info|2023-07-08 00:27:17.129058|[WS]receive block notify,endpoint=127.0.0.1:20200,blk={
	"blockNumber" : 1621,
	"group" : "group0",
	"nodeName" : "98a7f70ec883a722219d92253cf073a72605f4087aa3443c8e4aadc0af2dc3ac647d0fa1b5ac99cd6987abafe6d690ae71cd5fd2aeeabe7589bfb4748aabdfba"
}
info|2023-07-08 00:27:17.137113|[RPC][BLOCK][NUMBER][fromJson],group=group0,node=2f993327933ad58672518b6d4f63920cbc68b80f78f4d81192552ee6362f5cc81ee13bdc678ad65f06e76444cadb53b33694cfb3fc7679b8000411975fedd28a,blockNumber=1621
info|2023-07-08 00:27:17.137135|[RPCWS][SERVICE][onRecvBlockNotifier]receive block number notifier,group=group0,node=2f993327933ad58672518b6d4f63920cbc68b80f78f4d81192552ee6362f5cc81ee13bdc678ad65f06e76444cadb53b33694cfb3fc7679b8000411975fedd28a,blockNumber=1621
info|2023-07-08 00:27:17.137141|[WS]receive block notify,endpoint=127.0.0.1:20201,blk={
	"blockNumber" : 1621,
	"group" : "group0",
	"nodeName" : "2f993327933ad58672518b6d4f63920cbc68b80f78f4d81192552ee6362f5cc81ee13bdc678ad65f06e76444cadb53b33694cfb3fc7679b8000411975fedd28a"
}
info|2023-07-08 00:27:17.688284|[RPC][BLOCK][NUMBER][fromJson],group=group0,node=98a7f70ec883a722219d92253cf073a72605f4087aa3443c8e4aadc0af2dc3ac647d0fa1b5ac99cd6987abafe6d690ae71cd5fd2aeeabe7589bfb4748aabdfba,blockNumber=1622
info|2023-07-08 00:27:17.688317|[RPCWS][SERVICE][onRecvBlockNotifier]receive block number notifier,group=group0,node=98a7f70ec883a722219d92253cf073a72605f4087aa3443c8e4aadc0af2dc3ac647d0fa1b5ac99cd6987abafe6d690ae71cd5fd2aeeabe7589bfb4748aabdfba,blockNumber=1622
info|2023-07-08 00:27:17.688323|[RPCWS][SERVICE][updateGroupBlockNumber],groupID=group0,_blockNumber=1622
info|2023-07-08 00:27:17.688327|[RPCWS][SERVICE][onRecvBlockNotifier]block notifier callback,group=group0,node=98a7f70ec883a722219d92253cf073a72605f4087aa3443c8e4aadc0af2dc3ac647d0fa1b5ac99cd6987abafe6d690ae71cd5fd2aeeabe7589bfb4748aabdfba,blockNumber=1622
info|2023-07-08 00:27:17.688331|[WS]receive block notify,endpoint=127.0.0.1:20200,blk={
	"blockNumber" : 1622,
	"group" : "group0",
	"nodeName" : "98a7f70ec883a722219d92253cf073a72605f4087aa3443c8e4aadc0af2dc3ac647d0fa1b5ac99cd6987abafe6d690ae71cd5fd2aeeabe7589bfb4748aabdfba"
}
info|2023-07-08 00:27:17.782737|[RPC][BLOCK][NUMBER][fromJson],group=group0,node=2f993327933ad58672518b6d4f63920cbc68b80f78f4d81192552ee6362f5cc81ee13bdc678ad65f06e76444cadb53b33694cfb3fc7679b8000411975fedd28a,blockNumber=1622
info|2023-07-08 00:27:17.782771|[RPCWS][SERVICE][onRecvBlockNotifier]receive block number notifier,group=group0,node=2f993327933ad58672518b6d4f63920cbc68b80f78f4d81192552ee6362f5cc81ee13bdc678ad65f06e76444cadb53b33694cfb3fc7679b8000411975fedd28a,blockNumber=1622
info|2023-07-08 00:27:17.782779|[WS]receive block notify,endpoint=127.0.0.1:20201,blk={
	"blockNumber" : 1622,
	"group" : "group0",
	"nodeName" : "2f993327933ad58672518b6d4f63920cbc68b80f78f4d81192552ee6362f5cc81ee13bdc678ad65f06e76444cadb53b33694cfb3fc7679b8000411975fedd28a"
}
info|2023-07-08 00:27:18.261661|[RPC][BLOCK][NUMBER][fromJson],group=group0,node=98a7f70ec883a722219d92253cf073a72605f4087aa3443c8e4aadc0af2dc3ac647d0fa1b5ac99cd6987abafe6d690ae71cd5fd2aeeabe7589bfb4748aabdfba,blockNumber=1623
info|2023-07-08 00:27:18.261724|[RPCWS][SERVICE][onRecvBlockNotifier]receive block number notifier,group=group0,node=98a7f70ec883a722219d92253cf073a72605f4087aa3443c8e4aadc0af2dc3ac647d0fa1b5ac99cd6987abafe6d690ae71cd5fd2aeeabe7589bfb4748aabdfba,blockNumber=1623
info|2023-07-08 00:27:18.261731|[RPCWS][SERVICE][updateGroupBlockNumber],groupID=group0,_blockNumber=1623
info|2023-07-08 00:27:18.261735|[RPCWS][SERVICE][onRecvBlockNotifier]block notifier callback,group=group0,node=98a7f70ec883a722219d92253cf073a72605f4087aa3443c8e4aadc0af2dc3ac647d0fa1b5ac99cd6987abafe6d690ae71cd5fd2aeeabe7589bfb4748aabdfba,blockNumber=1623
info|2023-07-08 00:27:18.261739|[WS]receive block notify,endpoint=127.0.0.1:20200,blk={
	"blockNumber" : 1623,
	"group" : "group0",
	"nodeName" : "98a7f70ec883a722219d92253cf073a72605f4087aa3443c8e4aadc0af2dc3ac647d0fa1b5ac99cd6987abafe6d690ae71cd5fd2aeeabe7589bfb4748aabdfba"
}
info|2023-07-08 00:27:18.268781|[RPC][BLOCK][NUMBER][fromJson],group=group0,node=2f993327933ad58672518b6d4f63920cbc68b80f78f4d81192552ee6362f5cc81ee13bdc678ad65f06e76444cadb53b33694cfb3fc7679b8000411975fedd28a,blockNumber=1623
info|2023-07-08 00:27:18.268800|[RPCWS][SERVICE][onRecvBlockNotifier]receive block number notifier,group=group0,node=2f993327933ad58672518b6d4f63920cbc68b80f78f4d81192552ee6362f5cc81ee13bdc678ad65f06e76444cadb53b33694cfb3fc7679b8000411975fedd28a,blockNumber=1623
info|2023-07-08 00:27:18.268807|[WS]receive block notify,endpoint=127.0.0.1:20201,blk={
	"blockNumber" : 1623,
	"group" : "group0",
	"nodeName" : "2f993327933ad58672518b6d4f63920cbc68b80f78f4d81192552ee6362f5cc81ee13bdc678ad65f06e76444cadb53b33694cfb3fc7679b8000411975fedd28a"
}
info|2023-07-08 00:27:18.787647|[RPC][BLOCK][NUMBER][fromJson],group=group0,node=98a7f70ec883a722219d92253cf073a72605f4087aa3443c8e4aadc0af2dc3ac647d0fa1b5ac99cd6987abafe6d690ae71cd5fd2aeeabe7589bfb4748aabdfba,blockNumber=1624
info|2023-07-08 00:27:18.787683|[RPCWS][SERVICE][onRecvBlockNotifier]receive block number notifier,group=group0,node=98a7f70ec883a722219d92253cf073a72605f4087aa3443c8e4aadc0af2dc3ac647d0fa1b5ac99cd6987abafe6d690ae71cd5fd2aeeabe7589bfb4748aabdfba,blockNumber=1624
info|2023-07-08 00:27:18.787689|[RPCWS][SERVICE][updateGroupBlockNumber],groupID=group0,_blockNumber=1624
info|2023-07-08 00:27:18.787694|[RPCWS][SERVICE][onRecvBlockNotifier]block notifier callback,group=group0,node=98a7f70ec883a722219d92253cf073a72605f4087aa3443c8e4aadc0af2dc3ac647d0fa1b5ac99cd6987abafe6d690ae71cd5fd2aeeabe7589bfb4748aabdfba,blockNumber=1624
info|2023-07-08 00:27:18.787699|[WS]receive block notify,endpoint=127.0.0.1:20200,blk={
	"blockNumber" : 1624,
	"group" : "group0",
	"nodeName" : "98a7f70ec883a722219d92253cf073a72605f4087aa3443c8e4aadc0af2dc3ac647d0fa1b5ac99cd6987abafe6d690ae71cd5fd2aeeabe7589bfb4748aabdfba"
}
info|2023-07-08 00:27:18.797246|[RPC][BLOCK][NUMBER][fromJson],group=group0,node=2f993327933ad58672518b6d4f63920cbc68b80f78f4d81192552ee6362f5cc81ee13bdc678ad65f06e76444cadb53b33694cfb3fc7679b8000411975fedd28a,blockNumber=1624
info|2023-07-08 00:27:18.797267|[RPCWS][SERVICE][onRecvBlockNotifier]receive block number notifier,group=group0,node=2f993327933ad58672518b6d4f63920cbc68b80f78f4d81192552ee6362f5cc81ee13bdc678ad65f06e76444cadb53b33694cfb3fc7679b8000411975fedd28a,blockNumber=1624
info|2023-07-08 00:27:18.797274|[WS]receive block notify,endpoint=127.0.0.1:20201,blk={
	"blockNumber" : 1624,
	"group" : "group0",
	"nodeName" : "2f993327933ad58672518b6d4f63920cbc68b80f78f4d81192552ee6362f5cc81ee13bdc678ad65f06e76444cadb53b33694cfb3fc7679b8000411975fedd28a"
}
info|2023-07-08 00:27:19.346714|[RPC][BLOCK][NUMBER][fromJson],group=group0,node=98a7f70ec883a722219d92253cf073a72605f4087aa3443c8e4aadc0af2dc3ac647d0fa1b5ac99cd6987abafe6d690ae71cd5fd2aeeabe7589bfb4748aabdfba,blockNumber=1625
info|2023-07-08 00:27:19.346750|[RPCWS][SERVICE][onRecvBlockNotifier]receive block number notifier,group=group0,node=98a7f70ec883a722219d92253cf073a72605f4087aa3443c8e4aadc0af2dc3ac647d0fa1b5ac99cd6987abafe6d690ae71cd5fd2aeeabe7589bfb4748aabdfba,blockNumber=1625
info|2023-07-08 00:27:19.346756|[RPCWS][SERVICE][updateGroupBlockNumber],groupID=group0,_blockNumber=1625
info|2023-07-08 00:27:19.346761|[RPCWS][SERVICE][onRecvBlockNotifier]block notifier callback,group=group0,node=98a7f70ec883a722219d92253cf073a72605f4087aa3443c8e4aadc0af2dc3ac647d0fa1b5ac99cd6987abafe6d690ae71cd5fd2aeeabe7589bfb4748aabdfba,blockNumber=1625
info|2023-07-08 00:27:19.346764|[WS]receive block notify,endpoint=127.0.0.1:20200,blk={
	"blockNumber" : 1625,
	"group" : "group0",
	"nodeName" : "98a7f70ec883a722219d92253cf073a72605f4087aa3443c8e4aadc0af2dc3ac647d0fa1b5ac99cd6987abafe6d690ae71cd5fd2aeeabe7589bfb4748aabdfba"
}
info|2023-07-08 00:27:19.416755|[RPC][BLOCK][NUMBER][fromJson],group=group0,node=2f993327933ad58672518b6d4f63920cbc68b80f78f4d81192552ee6362f5cc81ee13bdc678ad65f06e76444cadb53b33694cfb3fc7679b8000411975fedd28a,blockNumber=1625
info|2023-07-08 00:27:19.416778|[RPCWS][SERVICE][onRecvBlockNotifier]receive block number notifier,group=group0,node=2f993327933ad58672518b6d4f63920cbc68b80f78f4d81192552ee6362f5cc81ee13bdc678ad65f06e76444cadb53b33694cfb3fc7679b8000411975fedd28a,blockNumber=1625
info|2023-07-08 00:27:19.416785|[WS]receive block notify,endpoint=127.0.0.1:20201,blk={
	"blockNumber" : 1625,
	"group" : "group0",
	"nodeName" : "2f993327933ad58672518b6d4f63920cbc68b80f78f4d81192552ee6362f5cc81ee13bdc678ad65f06e76444cadb53b33694cfb3fc7679b8000411975fedd28a"
}
info|2023-07-08 00:27:19.937317|[RPC][BLOCK][NUMBER][fromJson],group=group0,node=98a7f70ec883a722219d92253cf073a72605f4087aa3443c8e4aadc0af2dc3ac647d0fa1b5ac99cd6987abafe6d690ae71cd5fd2aeeabe7589bfb4748aabdfba,blockNumber=1626
info|2023-07-08 00:27:19.937342|[RPCWS][SERVICE][onRecvBlockNotifier]receive block number notifier,group=group0,node=98a7f70ec883a722219d92253cf073a72605f4087aa3443c8e4aadc0af2dc3ac647d0fa1b5ac99cd6987abafe6d690ae71cd5fd2aeeabe7589bfb4748aabdfba,blockNumber=1626
info|2023-07-08 00:27:19.937349|[RPCWS][SERVICE][updateGroupBlockNumber],groupID=group0,_blockNumber=1626
info|2023-07-08 00:27:19.937353|[RPCWS][SERVICE][onRecvBlockNotifier]block notifier callback,group=group0,node=98a7f70ec883a722219d92253cf073a72605f4087aa3443c8e4aadc0af2dc3ac647d0fa1b5ac99cd6987abafe6d690ae71cd5fd2aeeabe7589bfb4748aabdfba,blockNumber=1626
info|2023-07-08 00:27:19.937357|[WS]receive block notify,endpoint=127.0.0.1:20200,blk={
	"blockNumber" : 1626,
	"group" : "group0",
	"nodeName" : "98a7f70ec883a722219d92253cf073a72605f4087aa3443c8e4aadc0af2dc3ac647d0fa1b5ac99cd6987abafe6d690ae71cd5fd2aeeabe7589bfb4748aabdfba"
}
info|2023-07-08 00:27:19.980248|[RPC][BLOCK][NUMBER][fromJson],group=group0,node=2f993327933ad58672518b6d4f63920cbc68b80f78f4d81192552ee6362f5cc81ee13bdc678ad65f06e76444cadb53b33694cfb3fc7679b8000411975fedd28a,blockNumber=1626
info|2023-07-08 00:27:19.980267|[RPCWS][SERVICE][onRecvBlockNotifier]receive block number notifier,group=group0,node=2f993327933ad58672518b6d4f63920cbc68b80f78f4d81192552ee6362f5cc81ee13bdc678ad65f06e76444cadb53b33694cfb3fc7679b8000411975fedd28a,blockNumber=1626
info|2023-07-08 00:27:19.980273|[WS]receive block notify,endpoint=127.0.0.1:20201,blk={
	"blockNumber" : 1626,
	"group" : "group0",
	"nodeName" : "2f993327933ad58672518b6d4f63920cbc68b80f78f4d81192552ee6362f5cc81ee13bdc678ad65f06e76444cadb53b33694cfb3fc7679b8000411975fedd28a"
}
info|2023-07-08 00:27:20.521967|[RPC][BLOCK][NUMBER][fromJson],group=group0,node=98a7f70ec883a722219d92253cf073a72605f4087aa3443c8e4aadc0af2dc3ac647d0fa1b5ac99cd6987abafe6d690ae71cd5fd2aeeabe7589bfb4748aabdfba,blockNumber=1627
info|2023-07-08 00:27:20.522004|[RPCWS][SERVICE][onRecvBlockNotifier]receive block number notifier,group=group0,node=98a7f70ec883a722219d92253cf073a72605f4087aa3443c8e4aadc0af2dc3ac647d0fa1b5ac99cd6987abafe6d690ae71cd5fd2aeeabe7589bfb4748aabdfba,blockNumber=1627
info|2023-07-08 00:27:20.522010|[RPCWS][SERVICE][updateGroupBlockNumber],groupID=group0,_blockNumber=1627
info|2023-07-08 00:27:20.522014|[RPCWS][SERVICE][onRecvBlockNotifier]block notifier callback,group=group0,node=98a7f70ec883a722219d92253cf073a72605f4087aa3443c8e4aadc0af2dc3ac647d0fa1b5ac99cd6987abafe6d690ae71cd5fd2aeeabe7589bfb4748aabdfba,blockNumber=1627
info|2023-07-08 00:27:20.522018|[WS]receive block notify,endpoint=127.0.0.1:20200,blk={
	"blockNumber" : 1627,
	"group" : "group0",
	"nodeName" : "98a7f70ec883a722219d92253cf073a72605f4087aa3443c8e4aadc0af2dc3ac647d0fa1b5ac99cd6987abafe6d690ae71cd5fd2aeeabe7589bfb4748aabdfba"
}
info|2023-07-08 00:27:20.558654|[RPC][BLOCK][NUMBER][fromJson],group=group0,node=2f993327933ad58672518b6d4f63920cbc68b80f78f4d81192552ee6362f5cc81ee13bdc678ad65f06e76444cadb53b33694cfb3fc7679b8000411975fedd28a,blockNumber=1627
info|2023-07-08 00:27:20.558700|[RPCWS][SERVICE][onRecvBlockNotifier]receive block number notifier,group=group0,node=2f993327933ad58672518b6d4f63920cbc68b80f78f4d81192552ee6362f5cc81ee13bdc678ad65f06e76444cadb53b33694cfb3fc7679b8000411975fedd28a,blockNumber=1627
info|2023-07-08 00:27:20.558708|[WS]receive block notify,endpoint=127.0.0.1:20201,blk={
	"blockNumber" : 1627,
	"group" : "group0",
	"nodeName" : "2f993327933ad58672518b6d4f63920cbc68b80f78f4d81192552ee6362f5cc81ee13bdc678ad65f06e76444cadb53b33694cfb3fc7679b8000411975fedd28a"
}
info|2023-07-08 00:27:21.067688|[RPC][BLOCK][NUMBER][fromJson],group=group0,node=98a7f70ec883a722219d92253cf073a72605f4087aa3443c8e4aadc0af2dc3ac647d0fa1b5ac99cd6987abafe6d690ae71cd5fd2aeeabe7589bfb4748aabdfba,blockNumber=1628
info|2023-07-08 00:27:21.067717|[RPCWS][SERVICE][onRecvBlockNotifier]receive block number notifier,group=group0,node=98a7f70ec883a722219d92253cf073a72605f4087aa3443c8e4aadc0af2dc3ac647d0fa1b5ac99cd6987abafe6d690ae71cd5fd2aeeabe7589bfb4748aabdfba,blockNumber=1628
info|2023-07-08 00:27:21.067727|[RPCWS][SERVICE][updateGroupBlockNumber],groupID=group0,_blockNumber=1628
info|2023-07-08 00:27:21.067732|[RPCWS][SERVICE][onRecvBlockNotifier]block notifier callback,group=group0,node=98a7f70ec883a722219d92253cf073a72605f4087aa3443c8e4aadc0af2dc3ac647d0fa1b5ac99cd6987abafe6d690ae71cd5fd2aeeabe7589bfb4748aabdfba,blockNumber=1628
info|2023-07-08 00:27:21.067737|[WS]receive block notify,endpoint=127.0.0.1:20200,blk={
	"blockNumber" : 1628,
	"group" : "group0",
	"nodeName" : "98a7f70ec883a722219d92253cf073a72605f4087aa3443c8e4aadc0af2dc3ac647d0fa1b5ac99cd6987abafe6d690ae71cd5fd2aeeabe7589bfb4748aabdfba"
}
info|2023-07-08 00:27:21.078811|[RPC][BLOCK][NUMBER][fromJson],group=group0,node=2f993327933ad58672518b6d4f63920cbc68b80f78f4d81192552ee6362f5cc81ee13bdc678ad65f06e76444cadb53b33694cfb3fc7679b8000411975fedd28a,blockNumber=1628
info|2023-07-08 00:27:21.078837|[RPCWS][SERVICE][onRecvBlockNotifier]receive block number notifier,group=group0,node=2f993327933ad58672518b6d4f63920cbc68b80f78f4d81192552ee6362f5cc81ee13bdc678ad65f06e76444cadb53b33694cfb3fc7679b8000411975fedd28a,blockNumber=1628
info|2023-07-08 00:27:21.078845|[WS]receive block notify,endpoint=127.0.0.1:20201,blk={
	"blockNumber" : 1628,
	"group" : "group0",
	"nodeName" : "2f993327933ad58672518b6d4f63920cbc68b80f78f4d81192552ee6362f5cc81ee13bdc678ad65f06e76444cadb53b33694cfb3fc7679b8000411975fedd28a"
}
info|2023-07-08 00:27:21.572088|[RPC][BLOCK][NUMBER][fromJson],group=group0,node=98a7f70ec883a722219d92253cf073a72605f4087aa3443c8e4aadc0af2dc3ac647d0fa1b5ac99cd6987abafe6d690ae71cd5fd2aeeabe7589bfb4748aabdfba,blockNumber=1629
info|2023-07-08 00:27:21.572128|[RPCWS][SERVICE][onRecvBlockNotifier]receive block number notifier,group=group0,node=98a7f70ec883a722219d92253cf073a72605f4087aa3443c8e4aadc0af2dc3ac647d0fa1b5ac99cd6987abafe6d690ae71cd5fd2aeeabe7589bfb4748aabdfba,blockNumber=1629
info|2023-07-08 00:27:21.572137|[RPCWS][SERVICE][updateGroupBlockNumber],groupID=group0,_blockNumber=1629
info|2023-07-08 00:27:21.572142|[RPCWS][SERVICE][onRecvBlockNotifier]block notifier callback,group=group0,node=98a7f70ec883a722219d92253cf073a72605f4087aa3443c8e4aadc0af2dc3ac647d0fa1b5ac99cd6987abafe6d690ae71cd5fd2aeeabe7589bfb4748aabdfba,blockNumber=1629
info|2023-07-08 00:27:21.572147|[WS]receive block notify,endpoint=127.0.0.1:20200,blk={
	"blockNumber" : 1629,
	"group" : "group0",
	"nodeName" : "98a7f70ec883a722219d92253cf073a72605f4087aa3443c8e4aadc0af2dc3ac647d0fa1b5ac99cd6987abafe6d690ae71cd5fd2aeeabe7589bfb4748aabdfba"
}
info|2023-07-08 00:27:21.632700|[RPC][BLOCK][NUMBER][fromJson],group=group0,node=2f993327933ad58672518b6d4f63920cbc68b80f78f4d81192552ee6362f5cc81ee13bdc678ad65f06e76444cadb53b33694cfb3fc7679b8000411975fedd28a,blockNumber=1629
info|2023-07-08 00:27:21.632737|[RPCWS][SERVICE][onRecvBlockNotifier]receive block number notifier,group=group0,node=2f993327933ad58672518b6d4f63920cbc68b80f78f4d81192552ee6362f5cc81ee13bdc678ad65f06e76444cadb53b33694cfb3fc7679b8000411975fedd28a,blockNumber=1629
info|2023-07-08 00:27:21.632745|[WS]receive block notify,endpoint=127.0.0.1:20201,blk={
	"blockNumber" : 1629,
	"group" : "group0",
	"nodeName" : "2f993327933ad58672518b6d4f63920cbc68b80f78f4d81192552ee6362f5cc81ee13bdc678ad65f06e76444cadb53b33694cfb3fc7679b8000411975fedd28a"
}
info|2023-07-08 00:27:22.199734|[RPC][BLOCK][NUMBER][fromJson],group=group0,node=98a7f70ec883a722219d92253cf073a72605f4087aa3443c8e4aadc0af2dc3ac647d0fa1b5ac99cd6987abafe6d690ae71cd5fd2aeeabe7589bfb4748aabdfba,blockNumber=1630
info|2023-07-08 00:27:22.199770|[RPCWS][SERVICE][onRecvBlockNotifier]receive block number notifier,group=group0,node=98a7f70ec883a722219d92253cf073a72605f4087aa3443c8e4aadc0af2dc3ac647d0fa1b5ac99cd6987abafe6d690ae71cd5fd2aeeabe7589bfb4748aabdfba,blockNumber=1630
info|2023-07-08 00:27:22.199776|[RPCWS][SERVICE][updateGroupBlockNumber],groupID=group0,_blockNumber=1630
info|2023-07-08 00:27:22.199781|[RPCWS][SERVICE][onRecvBlockNotifier]block notifier callback,group=group0,node=98a7f70ec883a722219d92253cf073a72605f4087aa3443c8e4aadc0af2dc3ac647d0fa1b5ac99cd6987abafe6d690ae71cd5fd2aeeabe7589bfb4748aabdfba,blockNumber=1630
info|2023-07-08 00:27:22.199785|[WS]receive block notify,endpoint=127.0.0.1:20200,blk={
	"blockNumber" : 1630,
	"group" : "group0",
	"nodeName" : "98a7f70ec883a722219d92253cf073a72605f4087aa3443c8e4aadc0af2dc3ac647d0fa1b5ac99cd6987abafe6d690ae71cd5fd2aeeabe7589bfb4748aabdfba"
}
info|2023-07-08 00:27:22.253253|[RPC][BLOCK][NUMBER][fromJson],group=group0,node=2f993327933ad58672518b6d4f63920cbc68b80f78f4d81192552ee6362f5cc81ee13bdc678ad65f06e76444cadb53b33694cfb3fc7679b8000411975fedd28a,blockNumber=1630
info|2023-07-08 00:27:22.253277|[RPCWS][SERVICE][onRecvBlockNotifier]receive block number notifier,group=group0,node=2f993327933ad58672518b6d4f63920cbc68b80f78f4d81192552ee6362f5cc81ee13bdc678ad65f06e76444cadb53b33694cfb3fc7679b8000411975fedd28a,blockNumber=1630
info|2023-07-08 00:27:22.253284|[WS]receive block notify,endpoint=127.0.0.1:20201,blk={
	"blockNumber" : 1630,
	"group" : "group0",
	"nodeName" : "2f993327933ad58672518b6d4f63920cbc68b80f78f4d81192552ee6362f5cc81ee13bdc678ad65f06e76444cadb53b33694cfb3fc7679b8000411975fedd28a"
}
info|2023-07-08 00:27:25.879078|[SDK][WS][SERVICE]connected nodes,count=2
info|2023-07-08 00:27:26.184461|[EVENT][SUB][doLoop]event sub tasks report,working event sub count=0,suspend event sub count=0
info|2023-07-08 00:27:45.879221|[SDK][WS][SERVICE]connected nodes,count=2
info|2023-07-08 00:27:46.185020|[EVENT][SUB][doLoop]event sub tasks report,working event sub count=0,suspend event sub count=0
info|2023-07-08 00:28:05.879440|[SDK][WS][SERVICE]connected nodes,count=2
info|2023-07-08 00:28:06.185532|[EVENT][SUB][doLoop]event sub tasks report,working event sub count=0,suspend event sub count=0
info|2023-07-08 00:28:25.880260|[SDK][WS][SERVICE]connected nodes,count=2
info|2023-07-08 00:28:26.185877|[EVENT][SUB][doLoop]event sub tasks report,working event sub count=0,suspend event sub count=0
info|2023-07-08 00:28:45.880785|[SDK][WS][SERVICE]connected nodes,count=2
info|2023-07-08 00:28:46.186512|[EVENT][SUB][doLoop]event sub tasks report,working event sub count=0,suspend event sub count=0
info|2023-07-08 00:29:05.881238|[SDK][WS][SERVICE]connected nodes,count=2
info|2023-07-08 00:29:06.186932|[EVENT][SUB][doLoop]event sub tasks report,working event sub count=0,suspend event sub count=0
info|2023-07-08 00:29:25.881437|[SDK][WS][SERVICE]connected nodes,count=2
info|2023-07-08 00:29:26.187264|[EVENT][SUB][doLoop]event sub tasks report,working event sub count=0,suspend event sub count=0
info|2023-07-08 00:29:45.881742|[SDK][WS][SERVICE]connected nodes,count=2
info|2023-07-08 00:29:46.187446|[EVENT][SUB][doLoop]event sub tasks report,working event sub count=0,suspend event sub count=0
info|2023-07-08 00:30:05.882073|[SDK][WS][SERVICE]connected nodes,count=2
info|2023-07-08 00:30:06.187586|[EVENT][SUB][doLoop]event sub tasks report,working event sub count=0,suspend event sub count=0
info|2023-07-08 00:30:25.882431|[SDK][WS][SERVICE]connected nodes,count=2
info|2023-07-08 00:30:26.187931|[EVENT][SUB][doLoop]event sub tasks report,working event sub count=0,suspend event sub count=0
info|2023-07-08 00:30:45.882919|[SDK][WS][SERVICE]connected nodes,count=2
info|2023-07-08 00:30:46.188484|[EVENT][SUB][doLoop]event sub tasks report,working event sub count=0,suspend event sub count=0
info|2023-07-08 00:31:05.883522|[SDK][WS][SERVICE]connected nodes,count=2
info|2023-07-08 00:31:06.188883|[EVENT][SUB][doLoop]event sub tasks report,working event sub count=0,suspend event sub count=0
info|2023-07-08 00:31:25.883645|[SDK][WS][SERVICE]connected nodes,count=2
info|2023-07-08 00:31:26.189454|[EVENT][SUB][doLoop]event sub tasks report,working event sub count=0,suspend event sub count=0
info|2023-07-08 00:31:45.884103|[SDK][WS][SERVICE]connected nodes,count=2
info|2023-07-08 00:31:46.189515|[EVENT][SUB][doLoop]event sub tasks report,working event sub count=0,suspend event sub count=0
info|2023-07-08 00:32:05.884645|[SDK][WS][SERVICE]connected nodes,count=2
info|2023-07-08 00:32:06.190019|[EVENT][SUB][doLoop]event sub tasks report,working event sub count=0,suspend event sub count=0
info|2023-07-08 00:32:25.885188|[SDK][WS][SERVICE]connected nodes,count=2
info|2023-07-08 00:32:26.190743|[EVENT][SUB][doLoop]event sub tasks report,working event sub count=0,suspend event sub count=0
info|2023-07-08 00:32:45.886022|[SDK][WS][SERVICE]connected nodes,count=2
info|2023-07-08 00:32:46.190861|[EVENT][SUB][doLoop]event sub tasks report,working event sub count=0,suspend event sub count=0
info|2023-07-08 00:33:05.886340|[SDK][WS][SERVICE]connected nodes,count=2
info|2023-07-08 00:33:06.191029|[EVENT][SUB][doLoop]event sub tasks report,working event sub count=0,suspend event sub count=0
info|2023-07-08 00:33:25.886747|[SDK][WS][SERVICE]connected nodes,count=2
info|2023-07-08 00:33:26.191163|[EVENT][SUB][doLoop]event sub tasks report,working event sub count=0,suspend event sub count=0
info|2023-07-08 00:33:45.887119|[SDK][WS][SERVICE]connected nodes,count=2
info|2023-07-08 00:33:46.191495|[EVENT][SUB][doLoop]event sub tasks report,working event sub count=0,suspend event sub count=0
info|2023-07-08 00:34:05.887712|[SDK][WS][SERVICE]connected nodes,count=2
info|2023-07-08 00:34:06.191939|[EVENT][SUB][doLoop]event sub tasks report,working event sub count=0,suspend event sub count=0
info|2023-07-08 00:34:25.888385|[SDK][WS][SERVICE]connected nodes,count=2
info|2023-07-08 00:34:26.192353|[EVENT][SUB][doLoop]event sub tasks report,working event sub count=0,suspend event sub count=0
info|2023-07-08 00:34:45.889175|[SDK][WS][SERVICE]connected nodes,count=2
info|2023-07-08 00:34:46.192645|[EVENT][SUB][doLoop]event sub tasks report,working event sub count=0,suspend event sub count=0
info|2023-07-08 00:35:05.889351|[SDK][WS][SERVICE]connected nodes,count=2
info|2023-07-08 00:35:06.192787|[EVENT][SUB][doLoop]event sub tasks report,working event sub count=0,suspend event sub count=0
info|2023-07-08 00:35:25.890048|[SDK][WS][SERVICE]connected nodes,count=2
info|2023-07-08 00:35:26.192856|[EVENT][SUB][doLoop]event sub tasks report,working event sub count=0,suspend event sub count=0
info|2023-07-08 00:35:45.890736|[SDK][WS][SERVICE]connected nodes,count=2
info|2023-07-08 00:35:46.193117|[EVENT][SUB][doLoop]event sub tasks report,working event sub count=0,suspend event sub count=0
info|2023-07-08 00:36:05.891365|[SDK][WS][SERVICE]connected nodes,count=2
info|2023-07-08 00:36:06.193632|[EVENT][SUB][doLoop]event sub tasks report,working event sub count=0,suspend event sub count=0
info|2023-07-08 00:36:25.891602|[SDK][WS][SERVICE]connected nodes,count=2
info|2023-07-08 00:36:26.193976|[EVENT][SUB][doLoop]event sub tasks report,working event sub count=0,suspend event sub count=0
info|2023-07-08 00:36:45.891855|[SDK][WS][SERVICE]connected nodes,count=2
info|2023-07-08 00:36:46.194334|[EVENT][SUB][doLoop]event sub tasks report,working event sub count=0,suspend event sub count=0
info|2023-07-08 00:37:05.891992|[SDK][WS][SERVICE]connected nodes,count=2
info|2023-07-08 00:37:06.194777|[EVENT][SUB][doLoop]event sub tasks report,working event sub count=0,suspend event sub count=0
info|2023-07-08 00:37:25.892344|[SDK][WS][SERVICE]connected nodes,count=2
info|2023-07-08 00:37:26.195066|[EVENT][SUB][doLoop]event sub tasks report,working event sub count=0,suspend event sub count=0
info|2023-07-08 00:37:45.892979|[SDK][WS][SERVICE]connected nodes,count=2
info|2023-07-08 00:37:46.195113|[EVENT][SUB][doLoop]event sub tasks report,working event sub count=0,suspend event sub count=0
info|2023-07-08 00:38:05.893872|[SDK][WS][SERVICE]connected nodes,count=2
info|2023-07-08 00:38:06.195497|[EVENT][SUB][doLoop]event sub tasks report,working event sub count=0,suspend event sub count=0
info|2023-07-08 00:38:25.894150|[SDK][WS][SERVICE]connected nodes,count=2
info|2023-07-08 00:38:26.195973|[EVENT][SUB][doLoop]event sub tasks report,working event sub count=0,suspend event sub count=0
info|2023-07-08 00:38:45.894750|[SDK][WS][SERVICE]connected nodes,count=2
info|2023-07-08 00:38:46.196540|[EVENT][SUB][doLoop]event sub tasks report,working event sub count=0,suspend event sub count=0
info|2023-07-08 00:39:05.895098|[SDK][WS][SERVICE]connected nodes,count=2
info|2023-07-08 00:39:06.197442|[EVENT][SUB][doLoop]event sub tasks report,working event sub count=0,suspend event sub count=0
info|2023-07-08 00:39:25.895976|[SDK][WS][SERVICE]connected nodes,count=2
info|2023-07-08 00:39:26.197972|[EVENT][SUB][doLoop]event sub tasks report,working event sub count=0,suspend event sub count=0
info|2023-07-08 00:39:45.896351|[SDK][WS][SERVICE]connected nodes,count=2
info|2023-07-08 00:39:46.198113|[EVENT][SUB][doLoop]event sub tasks report,working event sub count=0,suspend event sub count=0
info|2023-07-08 00:40:05.896577|[SDK][WS][SERVICE]connected nodes,count=2
info|2023-07-08 00:40:06.198316|[EVENT][SUB][doLoop]event sub tasks report,working event sub count=0,suspend event sub count=0
info|2023-07-08 00:40:25.896910|[SDK][WS][SERVICE]connected nodes,count=2
info|2023-07-08 00:40:26.198403|[EVENT][SUB][doLoop]event sub tasks report,working event sub count=0,suspend event sub count=0
info|2023-07-08 00:40:45.897039|[SDK][WS][SERVICE]connected nodes,count=2
info|2023-07-08 00:40:46.198856|[EVENT][SUB][doLoop]event sub tasks report,working event sub count=0,suspend event sub count=0
info|2023-07-08 00:41:05.897193|[SDK][WS][SERVICE]connected nodes,count=2
info|2023-07-08 00:41:06.199001|[EVENT][SUB][doLoop]event sub tasks report,working event sub count=0,suspend event sub count=0
info|2023-07-08 00:41:25.897932|[SDK][WS][SERVICE]connected nodes,count=2
info|2023-07-08 00:41:26.199228|[EVENT][SUB][doLoop]event sub tasks report,working event sub count=0,suspend event sub count=0
info|2023-07-08 00:41:45.898047|[SDK][WS][SERVICE]connected nodes,count=2
info|2023-07-08 00:41:46.199760|[EVENT][SUB][doLoop]event sub tasks report,working event sub count=0,suspend event sub count=0
info|2023-07-08 00:42:05.898660|[SDK][WS][SERVICE]connected nodes,count=2
info|2023-07-08 00:42:06.199956|[EVENT][SUB][doLoop]event sub tasks report,working event sub count=0,suspend event sub count=0
info|2023-07-08 00:42:25.899249|[SDK][WS][SERVICE]connected nodes,count=2
info|2023-07-08 00:42:26.200421|[EVENT][SUB][doLoop]event sub tasks report,working event sub count=0,suspend event sub count=0
info|2023-07-08 00:42:45.899703|[SDK][WS][SERVICE]connected nodes,count=2
info|2023-07-08 00:42:46.200901|[EVENT][SUB][doLoop]event sub tasks report,working event sub count=0,suspend event sub count=0
info|2023-07-08 00:43:05.899903|[SDK][WS][SERVICE]connected nodes,count=2
info|2023-07-08 00:43:06.201325|[EVENT][SUB][doLoop]event sub tasks report,working event sub count=0,suspend event sub count=0
info|2023-07-08 00:43:25.900609|[SDK][WS][SERVICE]connected nodes,count=2
info|2023-07-08 00:43:26.201417|[EVENT][SUB][doLoop]event sub tasks report,working event sub count=0,suspend event sub count=0
info|2023-07-08 00:43:45.900917|[SDK][WS][SERVICE]connected nodes,count=2
info|2023-07-08 00:43:46.201525|[EVENT][SUB][doLoop]event sub tasks report,working event sub count=0,suspend event sub count=0
info|2023-07-08 00:44:05.901121|[SDK][WS][SERVICE]connected nodes,count=2
info|2023-07-08 00:44:06.202397|[EVENT][SUB][doLoop]event sub tasks report,working event sub count=0,suspend event sub count=0
info|2023-07-08 00:44:25.902068|[SDK][WS][SERVICE]connected nodes,count=2
info|2023-07-08 00:44:26.202504|[EVENT][SUB][doLoop]event sub tasks report,working event sub count=0,suspend event sub count=0
info|2023-07-08 00:44:45.903050|[SDK][WS][SERVICE]connected nodes,count=2
info|2023-07-08 00:44:46.202769|[EVENT][SUB][doLoop]event sub tasks report,working event sub count=0,suspend event sub count=0
info|2023-07-08 00:45:05.903297|[SDK][WS][SERVICE]connected nodes,count=2
info|2023-07-08 00:45:06.203179|[EVENT][SUB][doLoop]event sub tasks report,working event sub count=0,suspend event sub count=0
info|2023-07-08 00:45:25.904173|[SDK][WS][SERVICE]connected nodes,count=2
info|2023-07-08 00:45:26.203375|[EVENT][SUB][doLoop]event sub tasks report,working event sub count=0,suspend event sub count=0
info|2023-07-08 00:45:45.904621|[SDK][WS][SERVICE]connected nodes,count=2
info|2023-07-08 00:45:46.203806|[EVENT][SUB][doLoop]event sub tasks report,working event sub count=0,suspend event sub count=0
info|2023-07-08 00:46:05.904728|[SDK][WS][SERVICE]connected nodes,count=2
info|2023-07-08 00:46:06.204076|[EVENT][SUB][doLoop]event sub tasks report,working event sub count=0,suspend event sub count=0
info|2023-07-08 00:46:25.905318|[SDK][WS][SERVICE]connected nodes,count=2
info|2023-07-08 00:46:26.204285|[EVENT][SUB][doLoop]event sub tasks report,working event sub count=0,suspend event sub count=0
info|2023-07-08 00:46:45.905897|[SDK][WS][SERVICE]connected nodes,count=2
info|2023-07-08 00:46:46.204560|[EVENT][SUB][doLoop]event sub tasks report,working event sub count=0,suspend event sub count=0
info|2023-07-08 00:47:05.906485|[SDK][WS][SERVICE]connected nodes,count=2
info|2023-07-08 00:47:06.204831|[EVENT][SUB][doLoop]event sub tasks report,working event sub count=0,suspend event sub count=0
info|2023-07-08 00:47:25.906954|[SDK][WS][SERVICE]connected nodes,count=2
info|2023-07-08 00:47:26.205115|[EVENT][SUB][doLoop]event sub tasks report,working event sub count=0,suspend event sub count=0
info|2023-07-08 00:47:45.907073|[SDK][WS][SERVICE]connected nodes,count=2
info|2023-07-08 00:47:46.205750|[EVENT][SUB][doLoop]event sub tasks report,working event sub count=0,suspend event sub count=0
info|2023-07-08 00:48:05.907829|[SDK][WS][SERVICE]connected nodes,count=2
info|2023-07-08 00:48:06.205833|[EVENT][SUB][doLoop]event sub tasks report,working event sub count=0,suspend event sub count=0
info|2023-07-08 00:48:25.908073|[SDK][WS][SERVICE]connected nodes,count=2
info|2023-07-08 00:48:26.206398|[EVENT][SUB][doLoop]event sub tasks report,working event sub count=0,suspend event sub count=0
info|2023-07-08 00:48:45.908398|[SDK][WS][SERVICE]connected nodes,count=2
info|2023-07-08 00:48:46.206888|[EVENT][SUB][doLoop]event sub tasks report,working event sub count=0,suspend event sub count=0
info|2023-07-08 00:49:05.908669|[SDK][WS][SERVICE]connected nodes,count=2
info|2023-07-08 00:49:06.207053|[EVENT][SUB][doLoop]event sub tasks report,working event sub count=0,suspend event sub count=0
info|2023-07-08 00:49:25.909001|[SDK][WS][SERVICE]connected nodes,count=2
info|2023-07-08 00:49:26.207986|[EVENT][SUB][doLoop]event sub tasks report,working event sub count=0,suspend event sub count=0
info|2023-07-08 00:49:45.909399|[SDK][WS][SERVICE]connected nodes,count=2
info|2023-07-08 00:49:46.208190|[EVENT][SUB][doLoop]event sub tasks report,working event sub count=0,suspend event sub count=0
info|2023-07-08 00:50:05.909951|[SDK][WS][SERVICE]connected nodes,count=2
info|2023-07-08 00:50:06.208248|[EVENT][SUB][doLoop]event sub tasks report,working event sub count=0,suspend event sub count=0
info|2023-07-08 00:50:25.910638|[SDK][WS][SERVICE]connected nodes,count=2
info|2023-07-08 00:50:26.208700|[EVENT][SUB][doLoop]event sub tasks report,working event sub count=0,suspend event sub count=0
info|2023-07-08 00:50:45.910856|[SDK][WS][SERVICE]connected nodes,count=2
info|2023-07-08 00:50:46.208965|[EVENT][SUB][doLoop]event sub tasks report,working event sub count=0,suspend event sub count=0
info|2023-07-08 00:51:05.911219|[SDK][WS][SERVICE]connected nodes,count=2
info|2023-07-08 00:51:06.209579|[EVENT][SUB][doLoop]event sub tasks report,working event sub count=0,suspend event sub count=0
info|2023-07-08 00:51:25.911918|[SDK][WS][SERVICE]connected nodes,count=2
info|2023-07-08 00:51:26.209622|[EVENT][SUB][doLoop]event sub tasks report,working event sub count=0,suspend event sub count=0
info|2023-07-08 00:51:45.912309|[SDK][WS][SERVICE]connected nodes,count=2
info|2023-07-08 00:51:46.209980|[EVENT][SUB][doLoop]event sub tasks report,working event sub count=0,suspend event sub count=0
info|2023-07-08 00:52:05.912463|[SDK][WS][SERVICE]connected nodes,count=2
info|2023-07-08 00:52:06.210407|[EVENT][SUB][doLoop]event sub tasks report,working event sub count=0,suspend event sub count=0
info|2023-07-08 00:52:25.913291|[SDK][WS][SERVICE]connected nodes,count=2
info|2023-07-08 00:52:26.210565|[EVENT][SUB][doLoop]event sub tasks report,working event sub count=0,suspend event sub count=0
info|2023-07-08 00:52:45.913428|[SDK][WS][SERVICE]connected nodes,count=2
info|2023-07-08 00:52:46.211190|[EVENT][SUB][doLoop]event sub tasks report,working event sub count=0,suspend event sub count=0
info|2023-07-08 00:53:05.913652|[SDK][WS][SERVICE]connected nodes,count=2
info|2023-07-08 00:53:06.211533|[EVENT][SUB][doLoop]event sub tasks report,working event sub count=0,suspend event sub count=0
info|2023-07-08 00:53:25.914539|[SDK][WS][SERVICE]connected nodes,count=2
info|2023-07-08 00:53:26.211768|[EVENT][SUB][doLoop]event sub tasks report,working event sub count=0,suspend event sub count=0
info|2023-07-08 00:53:45.915048|[SDK][WS][SERVICE]connected nodes,count=2
info|2023-07-08 00:53:46.211979|[EVENT][SUB][doLoop]event sub tasks report,working event sub count=0,suspend event sub count=0
info|2023-07-08 00:54:05.915578|[SDK][WS][SERVICE]connected nodes,count=2
info|2023-07-08 00:54:06.212551|[EVENT][SUB][doLoop]event sub tasks report,working event sub count=0,suspend event sub count=0
info|2023-07-08 00:54:25.916462|[SDK][WS][SERVICE]connected nodes,count=2
info|2023-07-08 00:54:26.213319|[EVENT][SUB][doLoop]event sub tasks report,working event sub count=0,suspend event sub count=0
info|2023-07-08 00:54:45.917162|[SDK][WS][SERVICE]connected nodes,count=2
info|2023-07-08 00:54:46.213564|[EVENT][SUB][doLoop]event sub tasks report,working event sub count=0,suspend event sub count=0
info|2023-07-08 00:55:05.917428|[SDK][WS][SERVICE]connected nodes,count=2
info|2023-07-08 00:55:06.214058|[EVENT][SUB][doLoop]event sub tasks report,working event sub count=0,suspend event sub count=0
info|2023-07-08 00:55:25.917827|[SDK][WS][SERVICE]connected nodes,count=2
info|2023-07-08 00:55:26.214685|[EVENT][SUB][doLoop]event sub tasks report,working event sub count=0,suspend event sub count=0
info|2023-07-08 00:55:45.918172|[SDK][WS][SERVICE]connected nodes,count=2
info|2023-07-08 00:55:46.214774|[EVENT][SUB][doLoop]event sub tasks report,working event sub count=0,suspend event sub count=0
info|2023-07-08 00:56:05.918502|[SDK][WS][SERVICE]connected nodes,count=2
info|2023-07-08 00:56:06.215009|[EVENT][SUB][doLoop]event sub tasks report,working event sub count=0,suspend event sub count=0
info|2023-07-08 00:56:25.918790|[SDK][WS][SERVICE]connected nodes,count=2
info|2023-07-08 00:56:26.215044|[EVENT][SUB][doLoop]event sub tasks report,working event sub count=0,suspend event sub count=0
info|2023-07-08 00:56:45.919539|[SDK][WS][SERVICE]connected nodes,count=2
info|2023-07-08 00:56:46.215774|[EVENT][SUB][doLoop]event sub tasks report,working event sub count=0,suspend event sub count=0
info|2023-07-08 00:57:05.920178|[SDK][WS][SERVICE]connected nodes,count=2
info|2023-07-08 00:57:06.216124|[EVENT][SUB][doLoop]event sub tasks report,working event sub count=0,suspend event sub count=0
info|2023-07-08 00:57:13.868619|[RPC][BLOCK][NUMBER][fromJson],group=group0,node=98a7f70ec883a722219d92253cf073a72605f4087aa3443c8e4aadc0af2dc3ac647d0fa1b5ac99cd6987abafe6d690ae71cd5fd2aeeabe7589bfb4748aabdfba,blockNumber=1631
info|2023-07-08 00:57:13.868641|[RPCWS][SERVICE][onRecvBlockNotifier]receive block number notifier,group=group0,node=98a7f70ec883a722219d92253cf073a72605f4087aa3443c8e4aadc0af2dc3ac647d0fa1b5ac99cd6987abafe6d690ae71cd5fd2aeeabe7589bfb4748aabdfba,blockNumber=1631
info|2023-07-08 00:57:13.868647|[RPCWS][SERVICE][updateGroupBlockNumber],groupID=group0,_blockNumber=1631
info|2023-07-08 00:57:13.868650|[RPCWS][SERVICE][onRecvBlockNotifier]block notifier callback,group=group0,node=98a7f70ec883a722219d92253cf073a72605f4087aa3443c8e4aadc0af2dc3ac647d0fa1b5ac99cd6987abafe6d690ae71cd5fd2aeeabe7589bfb4748aabdfba,blockNumber=1631
info|2023-07-08 00:57:13.868654|[WS]receive block notify,endpoint=127.0.0.1:20200,blk={
	"blockNumber" : 1631,
	"group" : "group0",
	"nodeName" : "98a7f70ec883a722219d92253cf073a72605f4087aa3443c8e4aadc0af2dc3ac647d0fa1b5ac99cd6987abafe6d690ae71cd5fd2aeeabe7589bfb4748aabdfba"
}
info|2023-07-08 00:57:13.890911|[RPC][BLOCK][NUMBER][fromJson],group=group0,node=2f993327933ad58672518b6d4f63920cbc68b80f78f4d81192552ee6362f5cc81ee13bdc678ad65f06e76444cadb53b33694cfb3fc7679b8000411975fedd28a,blockNumber=1631
info|2023-07-08 00:57:13.890961|[RPCWS][SERVICE][onRecvBlockNotifier]receive block number notifier,group=group0,node=2f993327933ad58672518b6d4f63920cbc68b80f78f4d81192552ee6362f5cc81ee13bdc678ad65f06e76444cadb53b33694cfb3fc7679b8000411975fedd28a,blockNumber=1631
info|2023-07-08 00:57:13.890970|[WS]receive block notify,endpoint=127.0.0.1:20201,blk={
	"blockNumber" : 1631,
	"group" : "group0",
	"nodeName" : "2f993327933ad58672518b6d4f63920cbc68b80f78f4d81192552ee6362f5cc81ee13bdc678ad65f06e76444cadb53b33694cfb3fc7679b8000411975fedd28a"
}
info|2023-07-08 00:57:14.356237|[RPC][BLOCK][NUMBER][fromJson],group=group0,node=98a7f70ec883a722219d92253cf073a72605f4087aa3443c8e4aadc0af2dc3ac647d0fa1b5ac99cd6987abafe6d690ae71cd5fd2aeeabe7589bfb4748aabdfba,blockNumber=1632
info|2023-07-08 00:57:14.356290|[RPCWS][SERVICE][onRecvBlockNotifier]receive block number notifier,group=group0,node=98a7f70ec883a722219d92253cf073a72605f4087aa3443c8e4aadc0af2dc3ac647d0fa1b5ac99cd6987abafe6d690ae71cd5fd2aeeabe7589bfb4748aabdfba,blockNumber=1632
info|2023-07-08 00:57:14.356316|[RPCWS][SERVICE][updateGroupBlockNumber],groupID=group0,_blockNumber=1632
info|2023-07-08 00:57:14.356323|[RPCWS][SERVICE][onRecvBlockNotifier]block notifier callback,group=group0,node=98a7f70ec883a722219d92253cf073a72605f4087aa3443c8e4aadc0af2dc3ac647d0fa1b5ac99cd6987abafe6d690ae71cd5fd2aeeabe7589bfb4748aabdfba,blockNumber=1632
info|2023-07-08 00:57:14.356327|[WS]receive block notify,endpoint=127.0.0.1:20200,blk={
	"blockNumber" : 1632,
	"group" : "group0",
	"nodeName" : "98a7f70ec883a722219d92253cf073a72605f4087aa3443c8e4aadc0af2dc3ac647d0fa1b5ac99cd6987abafe6d690ae71cd5fd2aeeabe7589bfb4748aabdfba"
}
info|2023-07-08 00:57:14.396014|[RPC][BLOCK][NUMBER][fromJson],group=group0,node=2f993327933ad58672518b6d4f63920cbc68b80f78f4d81192552ee6362f5cc81ee13bdc678ad65f06e76444cadb53b33694cfb3fc7679b8000411975fedd28a,blockNumber=1632
info|2023-07-08 00:57:14.396034|[RPCWS][SERVICE][onRecvBlockNotifier]receive block number notifier,group=group0,node=2f993327933ad58672518b6d4f63920cbc68b80f78f4d81192552ee6362f5cc81ee13bdc678ad65f06e76444cadb53b33694cfb3fc7679b8000411975fedd28a,blockNumber=1632
info|2023-07-08 00:57:14.396040|[WS]receive block notify,endpoint=127.0.0.1:20201,blk={
	"blockNumber" : 1632,
	"group" : "group0",
	"nodeName" : "2f993327933ad58672518b6d4f63920cbc68b80f78f4d81192552ee6362f5cc81ee13bdc678ad65f06e76444cadb53b33694cfb3fc7679b8000411975fedd28a"
}
info|2023-07-08 00:57:14.879804|[RPC][BLOCK][NUMBER][fromJson],group=group0,node=98a7f70ec883a722219d92253cf073a72605f4087aa3443c8e4aadc0af2dc3ac647d0fa1b5ac99cd6987abafe6d690ae71cd5fd2aeeabe7589bfb4748aabdfba,blockNumber=1633
info|2023-07-08 00:57:14.879827|[RPCWS][SERVICE][onRecvBlockNotifier]receive block number notifier,group=group0,node=98a7f70ec883a722219d92253cf073a72605f4087aa3443c8e4aadc0af2dc3ac647d0fa1b5ac99cd6987abafe6d690ae71cd5fd2aeeabe7589bfb4748aabdfba,blockNumber=1633
info|2023-07-08 00:57:14.879832|[RPCWS][SERVICE][updateGroupBlockNumber],groupID=group0,_blockNumber=1633
info|2023-07-08 00:57:14.879836|[RPCWS][SERVICE][onRecvBlockNotifier]block notifier callback,group=group0,node=98a7f70ec883a722219d92253cf073a72605f4087aa3443c8e4aadc0af2dc3ac647d0fa1b5ac99cd6987abafe6d690ae71cd5fd2aeeabe7589bfb4748aabdfba,blockNumber=1633
info|2023-07-08 00:57:14.879840|[WS]receive block notify,endpoint=127.0.0.1:20200,blk={
	"blockNumber" : 1633,
	"group" : "group0",
	"nodeName" : "98a7f70ec883a722219d92253cf073a72605f4087aa3443c8e4aadc0af2dc3ac647d0fa1b5ac99cd6987abafe6d690ae71cd5fd2aeeabe7589bfb4748aabdfba"
}
info|2023-07-08 00:57:14.992019|[RPC][BLOCK][NUMBER][fromJson],group=group0,node=2f993327933ad58672518b6d4f63920cbc68b80f78f4d81192552ee6362f5cc81ee13bdc678ad65f06e76444cadb53b33694cfb3fc7679b8000411975fedd28a,blockNumber=1633
info|2023-07-08 00:57:14.992040|[RPCWS][SERVICE][onRecvBlockNotifier]receive block number notifier,group=group0,node=2f993327933ad58672518b6d4f63920cbc68b80f78f4d81192552ee6362f5cc81ee13bdc678ad65f06e76444cadb53b33694cfb3fc7679b8000411975fedd28a,blockNumber=1633
info|2023-07-08 00:57:14.992047|[WS]receive block notify,endpoint=127.0.0.1:20201,blk={
	"blockNumber" : 1633,
	"group" : "group0",
	"nodeName" : "2f993327933ad58672518b6d4f63920cbc68b80f78f4d81192552ee6362f5cc81ee13bdc678ad65f06e76444cadb53b33694cfb3fc7679b8000411975fedd28a"
}
info|2023-07-08 00:57:15.568891|[RPC][BLOCK][NUMBER][fromJson],group=group0,node=98a7f70ec883a722219d92253cf073a72605f4087aa3443c8e4aadc0af2dc3ac647d0fa1b5ac99cd6987abafe6d690ae71cd5fd2aeeabe7589bfb4748aabdfba,blockNumber=1634
info|2023-07-08 00:57:15.568927|[RPCWS][SERVICE][onRecvBlockNotifier]receive block number notifier,group=group0,node=98a7f70ec883a722219d92253cf073a72605f4087aa3443c8e4aadc0af2dc3ac647d0fa1b5ac99cd6987abafe6d690ae71cd5fd2aeeabe7589bfb4748aabdfba,blockNumber=1634
info|2023-07-08 00:57:15.568954|[RPCWS][SERVICE][updateGroupBlockNumber],groupID=group0,_blockNumber=1634
info|2023-07-08 00:57:15.568960|[RPCWS][SERVICE][onRecvBlockNotifier]block notifier callback,group=group0,node=98a7f70ec883a722219d92253cf073a72605f4087aa3443c8e4aadc0af2dc3ac647d0fa1b5ac99cd6987abafe6d690ae71cd5fd2aeeabe7589bfb4748aabdfba,blockNumber=1634
info|2023-07-08 00:57:15.568964|[WS]receive block notify,endpoint=127.0.0.1:20200,blk={
	"blockNumber" : 1634,
	"group" : "group0",
	"nodeName" : "98a7f70ec883a722219d92253cf073a72605f4087aa3443c8e4aadc0af2dc3ac647d0fa1b5ac99cd6987abafe6d690ae71cd5fd2aeeabe7589bfb4748aabdfba"
}
info|2023-07-08 00:57:15.610283|[RPC][BLOCK][NUMBER][fromJson],group=group0,node=2f993327933ad58672518b6d4f63920cbc68b80f78f4d81192552ee6362f5cc81ee13bdc678ad65f06e76444cadb53b33694cfb3fc7679b8000411975fedd28a,blockNumber=1634
info|2023-07-08 00:57:15.610305|[RPCWS][SERVICE][onRecvBlockNotifier]receive block number notifier,group=group0,node=2f993327933ad58672518b6d4f63920cbc68b80f78f4d81192552ee6362f5cc81ee13bdc678ad65f06e76444cadb53b33694cfb3fc7679b8000411975fedd28a,blockNumber=1634
info|2023-07-08 00:57:15.610311|[WS]receive block notify,endpoint=127.0.0.1:20201,blk={
	"blockNumber" : 1634,
	"group" : "group0",
	"nodeName" : "2f993327933ad58672518b6d4f63920cbc68b80f78f4d81192552ee6362f5cc81ee13bdc678ad65f06e76444cadb53b33694cfb3fc7679b8000411975fedd28a"
}
info|2023-07-08 00:57:16.132658|[RPC][BLOCK][NUMBER][fromJson],group=group0,node=98a7f70ec883a722219d92253cf073a72605f4087aa3443c8e4aadc0af2dc3ac647d0fa1b5ac99cd6987abafe6d690ae71cd5fd2aeeabe7589bfb4748aabdfba,blockNumber=1635
info|2023-07-08 00:57:16.132677|[RPCWS][SERVICE][onRecvBlockNotifier]receive block number notifier,group=group0,node=98a7f70ec883a722219d92253cf073a72605f4087aa3443c8e4aadc0af2dc3ac647d0fa1b5ac99cd6987abafe6d690ae71cd5fd2aeeabe7589bfb4748aabdfba,blockNumber=1635
info|2023-07-08 00:57:16.132682|[RPCWS][SERVICE][updateGroupBlockNumber],groupID=group0,_blockNumber=1635
info|2023-07-08 00:57:16.132705|[RPCWS][SERVICE][onRecvBlockNotifier]block notifier callback,group=group0,node=98a7f70ec883a722219d92253cf073a72605f4087aa3443c8e4aadc0af2dc3ac647d0fa1b5ac99cd6987abafe6d690ae71cd5fd2aeeabe7589bfb4748aabdfba,blockNumber=1635
info|2023-07-08 00:57:16.132710|[WS]receive block notify,endpoint=127.0.0.1:20200,blk={
	"blockNumber" : 1635,
	"group" : "group0",
	"nodeName" : "98a7f70ec883a722219d92253cf073a72605f4087aa3443c8e4aadc0af2dc3ac647d0fa1b5ac99cd6987abafe6d690ae71cd5fd2aeeabe7589bfb4748aabdfba"
}
info|2023-07-08 00:57:16.146872|[RPC][BLOCK][NUMBER][fromJson],group=group0,node=2f993327933ad58672518b6d4f63920cbc68b80f78f4d81192552ee6362f5cc81ee13bdc678ad65f06e76444cadb53b33694cfb3fc7679b8000411975fedd28a,blockNumber=1635
info|2023-07-08 00:57:16.146892|[RPCWS][SERVICE][onRecvBlockNotifier]receive block number notifier,group=group0,node=2f993327933ad58672518b6d4f63920cbc68b80f78f4d81192552ee6362f5cc81ee13bdc678ad65f06e76444cadb53b33694cfb3fc7679b8000411975fedd28a,blockNumber=1635
info|2023-07-08 00:57:16.146898|[WS]receive block notify,endpoint=127.0.0.1:20201,blk={
	"blockNumber" : 1635,
	"group" : "group0",
	"nodeName" : "2f993327933ad58672518b6d4f63920cbc68b80f78f4d81192552ee6362f5cc81ee13bdc678ad65f06e76444cadb53b33694cfb3fc7679b8000411975fedd28a"
}
info|2023-07-08 00:57:16.632621|[RPC][BLOCK][NUMBER][fromJson],group=group0,node=98a7f70ec883a722219d92253cf073a72605f4087aa3443c8e4aadc0af2dc3ac647d0fa1b5ac99cd6987abafe6d690ae71cd5fd2aeeabe7589bfb4748aabdfba,blockNumber=1636
info|2023-07-08 00:57:16.632654|[RPCWS][SERVICE][onRecvBlockNotifier]receive block number notifier,group=group0,node=98a7f70ec883a722219d92253cf073a72605f4087aa3443c8e4aadc0af2dc3ac647d0fa1b5ac99cd6987abafe6d690ae71cd5fd2aeeabe7589bfb4748aabdfba,blockNumber=1636
info|2023-07-08 00:57:16.632660|[RPCWS][SERVICE][updateGroupBlockNumber],groupID=group0,_blockNumber=1636
info|2023-07-08 00:57:16.632664|[RPCWS][SERVICE][onRecvBlockNotifier]block notifier callback,group=group0,node=98a7f70ec883a722219d92253cf073a72605f4087aa3443c8e4aadc0af2dc3ac647d0fa1b5ac99cd6987abafe6d690ae71cd5fd2aeeabe7589bfb4748aabdfba,blockNumber=1636
info|2023-07-08 00:57:16.632667|[WS]receive block notify,endpoint=127.0.0.1:20200,blk={
	"blockNumber" : 1636,
	"group" : "group0",
	"nodeName" : "98a7f70ec883a722219d92253cf073a72605f4087aa3443c8e4aadc0af2dc3ac647d0fa1b5ac99cd6987abafe6d690ae71cd5fd2aeeabe7589bfb4748aabdfba"
}
info|2023-07-08 00:57:16.680187|[RPC][BLOCK][NUMBER][fromJson],group=group0,node=2f993327933ad58672518b6d4f63920cbc68b80f78f4d81192552ee6362f5cc81ee13bdc678ad65f06e76444cadb53b33694cfb3fc7679b8000411975fedd28a,blockNumber=1636
info|2023-07-08 00:57:16.680246|[RPCWS][SERVICE][onRecvBlockNotifier]receive block number notifier,group=group0,node=2f993327933ad58672518b6d4f63920cbc68b80f78f4d81192552ee6362f5cc81ee13bdc678ad65f06e76444cadb53b33694cfb3fc7679b8000411975fedd28a,blockNumber=1636
info|2023-07-08 00:57:16.680253|[WS]receive block notify,endpoint=127.0.0.1:20201,blk={
	"blockNumber" : 1636,
	"group" : "group0",
	"nodeName" : "2f993327933ad58672518b6d4f63920cbc68b80f78f4d81192552ee6362f5cc81ee13bdc678ad65f06e76444cadb53b33694cfb3fc7679b8000411975fedd28a"
}
info|2023-07-08 00:57:17.217309|[RPC][BLOCK][NUMBER][fromJson],group=group0,node=98a7f70ec883a722219d92253cf073a72605f4087aa3443c8e4aadc0af2dc3ac647d0fa1b5ac99cd6987abafe6d690ae71cd5fd2aeeabe7589bfb4748aabdfba,blockNumber=1637
info|2023-07-08 00:57:17.217354|[RPCWS][SERVICE][onRecvBlockNotifier]receive block number notifier,group=group0,node=98a7f70ec883a722219d92253cf073a72605f4087aa3443c8e4aadc0af2dc3ac647d0fa1b5ac99cd6987abafe6d690ae71cd5fd2aeeabe7589bfb4748aabdfba,blockNumber=1637
info|2023-07-08 00:57:17.217362|[RPCWS][SERVICE][updateGroupBlockNumber],groupID=group0,_blockNumber=1637
info|2023-07-08 00:57:17.217366|[RPCWS][SERVICE][onRecvBlockNotifier]block notifier callback,group=group0,node=98a7f70ec883a722219d92253cf073a72605f4087aa3443c8e4aadc0af2dc3ac647d0fa1b5ac99cd6987abafe6d690ae71cd5fd2aeeabe7589bfb4748aabdfba,blockNumber=1637
info|2023-07-08 00:57:17.217369|[WS]receive block notify,endpoint=127.0.0.1:20200,blk={
	"blockNumber" : 1637,
	"group" : "group0",
	"nodeName" : "98a7f70ec883a722219d92253cf073a72605f4087aa3443c8e4aadc0af2dc3ac647d0fa1b5ac99cd6987abafe6d690ae71cd5fd2aeeabe7589bfb4748aabdfba"
}
info|2023-07-08 00:57:17.259522|[RPC][BLOCK][NUMBER][fromJson],group=group0,node=2f993327933ad58672518b6d4f63920cbc68b80f78f4d81192552ee6362f5cc81ee13bdc678ad65f06e76444cadb53b33694cfb3fc7679b8000411975fedd28a,blockNumber=1637
info|2023-07-08 00:57:17.259542|[RPCWS][SERVICE][onRecvBlockNotifier]receive block number notifier,group=group0,node=2f993327933ad58672518b6d4f63920cbc68b80f78f4d81192552ee6362f5cc81ee13bdc678ad65f06e76444cadb53b33694cfb3fc7679b8000411975fedd28a,blockNumber=1637
info|2023-07-08 00:57:17.259548|[WS]receive block notify,endpoint=127.0.0.1:20201,blk={
	"blockNumber" : 1637,
	"group" : "group0",
	"nodeName" : "2f993327933ad58672518b6d4f63920cbc68b80f78f4d81192552ee6362f5cc81ee13bdc678ad65f06e76444cadb53b33694cfb3fc7679b8000411975fedd28a"
}
info|2023-07-08 00:57:17.813756|[RPC][BLOCK][NUMBER][fromJson],group=group0,node=98a7f70ec883a722219d92253cf073a72605f4087aa3443c8e4aadc0af2dc3ac647d0fa1b5ac99cd6987abafe6d690ae71cd5fd2aeeabe7589bfb4748aabdfba,blockNumber=1638
info|2023-07-08 00:57:17.813791|[RPCWS][SERVICE][onRecvBlockNotifier]receive block number notifier,group=group0,node=98a7f70ec883a722219d92253cf073a72605f4087aa3443c8e4aadc0af2dc3ac647d0fa1b5ac99cd6987abafe6d690ae71cd5fd2aeeabe7589bfb4748aabdfba,blockNumber=1638
info|2023-07-08 00:57:17.813797|[RPCWS][SERVICE][updateGroupBlockNumber],groupID=group0,_blockNumber=1638
info|2023-07-08 00:57:17.813800|[RPCWS][SERVICE][onRecvBlockNotifier]block notifier callback,group=group0,node=98a7f70ec883a722219d92253cf073a72605f4087aa3443c8e4aadc0af2dc3ac647d0fa1b5ac99cd6987abafe6d690ae71cd5fd2aeeabe7589bfb4748aabdfba,blockNumber=1638
info|2023-07-08 00:57:17.813804|[WS]receive block notify,endpoint=127.0.0.1:20200,blk={
	"blockNumber" : 1638,
	"group" : "group0",
	"nodeName" : "98a7f70ec883a722219d92253cf073a72605f4087aa3443c8e4aadc0af2dc3ac647d0fa1b5ac99cd6987abafe6d690ae71cd5fd2aeeabe7589bfb4748aabdfba"
}
info|2023-07-08 00:57:17.863412|[RPC][BLOCK][NUMBER][fromJson],group=group0,node=2f993327933ad58672518b6d4f63920cbc68b80f78f4d81192552ee6362f5cc81ee13bdc678ad65f06e76444cadb53b33694cfb3fc7679b8000411975fedd28a,blockNumber=1638
info|2023-07-08 00:57:17.863447|[RPCWS][SERVICE][onRecvBlockNotifier]receive block number notifier,group=group0,node=2f993327933ad58672518b6d4f63920cbc68b80f78f4d81192552ee6362f5cc81ee13bdc678ad65f06e76444cadb53b33694cfb3fc7679b8000411975fedd28a,blockNumber=1638
info|2023-07-08 00:57:17.863456|[WS]receive block notify,endpoint=127.0.0.1:20201,blk={
	"blockNumber" : 1638,
	"group" : "group0",
	"nodeName" : "2f993327933ad58672518b6d4f63920cbc68b80f78f4d81192552ee6362f5cc81ee13bdc678ad65f06e76444cadb53b33694cfb3fc7679b8000411975fedd28a"
}
info|2023-07-08 00:57:18.336557|[RPC][BLOCK][NUMBER][fromJson],group=group0,node=98a7f70ec883a722219d92253cf073a72605f4087aa3443c8e4aadc0af2dc3ac647d0fa1b5ac99cd6987abafe6d690ae71cd5fd2aeeabe7589bfb4748aabdfba,blockNumber=1639
info|2023-07-08 00:57:18.336582|[RPCWS][SERVICE][onRecvBlockNotifier]receive block number notifier,group=group0,node=98a7f70ec883a722219d92253cf073a72605f4087aa3443c8e4aadc0af2dc3ac647d0fa1b5ac99cd6987abafe6d690ae71cd5fd2aeeabe7589bfb4748aabdfba,blockNumber=1639
info|2023-07-08 00:57:18.336587|[RPCWS][SERVICE][updateGroupBlockNumber],groupID=group0,_blockNumber=1639
info|2023-07-08 00:57:18.336591|[RPCWS][SERVICE][onRecvBlockNotifier]block notifier callback,group=group0,node=98a7f70ec883a722219d92253cf073a72605f4087aa3443c8e4aadc0af2dc3ac647d0fa1b5ac99cd6987abafe6d690ae71cd5fd2aeeabe7589bfb4748aabdfba,blockNumber=1639
info|2023-07-08 00:57:18.336594|[WS]receive block notify,endpoint=127.0.0.1:20200,blk={
	"blockNumber" : 1639,
	"group" : "group0",
	"nodeName" : "98a7f70ec883a722219d92253cf073a72605f4087aa3443c8e4aadc0af2dc3ac647d0fa1b5ac99cd6987abafe6d690ae71cd5fd2aeeabe7589bfb4748aabdfba"
}
info|2023-07-08 00:57:18.438675|[RPC][BLOCK][NUMBER][fromJson],group=group0,node=2f993327933ad58672518b6d4f63920cbc68b80f78f4d81192552ee6362f5cc81ee13bdc678ad65f06e76444cadb53b33694cfb3fc7679b8000411975fedd28a,blockNumber=1639
info|2023-07-08 00:57:18.438711|[RPCWS][SERVICE][onRecvBlockNotifier]receive block number notifier,group=group0,node=2f993327933ad58672518b6d4f63920cbc68b80f78f4d81192552ee6362f5cc81ee13bdc678ad65f06e76444cadb53b33694cfb3fc7679b8000411975fedd28a,blockNumber=1639
info|2023-07-08 00:57:18.438719|[WS]receive block notify,endpoint=127.0.0.1:20201,blk={
	"blockNumber" : 1639,
	"group" : "group0",
	"nodeName" : "2f993327933ad58672518b6d4f63920cbc68b80f78f4d81192552ee6362f5cc81ee13bdc678ad65f06e76444cadb53b33694cfb3fc7679b8000411975fedd28a"
}
info|2023-07-08 00:57:18.972384|[RPC][BLOCK][NUMBER][fromJson],group=group0,node=98a7f70ec883a722219d92253cf073a72605f4087aa3443c8e4aadc0af2dc3ac647d0fa1b5ac99cd6987abafe6d690ae71cd5fd2aeeabe7589bfb4748aabdfba,blockNumber=1640
info|2023-07-08 00:57:18.972404|[RPCWS][SERVICE][onRecvBlockNotifier]receive block number notifier,group=group0,node=98a7f70ec883a722219d92253cf073a72605f4087aa3443c8e4aadc0af2dc3ac647d0fa1b5ac99cd6987abafe6d690ae71cd5fd2aeeabe7589bfb4748aabdfba,blockNumber=1640
info|2023-07-08 00:57:18.972409|[RPCWS][SERVICE][updateGroupBlockNumber],groupID=group0,_blockNumber=1640
info|2023-07-08 00:57:18.972413|[RPCWS][SERVICE][onRecvBlockNotifier]block notifier callback,group=group0,node=98a7f70ec883a722219d92253cf073a72605f4087aa3443c8e4aadc0af2dc3ac647d0fa1b5ac99cd6987abafe6d690ae71cd5fd2aeeabe7589bfb4748aabdfba,blockNumber=1640
info|2023-07-08 00:57:18.972416|[WS]receive block notify,endpoint=127.0.0.1:20200,blk={
	"blockNumber" : 1640,
	"group" : "group0",
	"nodeName" : "98a7f70ec883a722219d92253cf073a72605f4087aa3443c8e4aadc0af2dc3ac647d0fa1b5ac99cd6987abafe6d690ae71cd5fd2aeeabe7589bfb4748aabdfba"
}
info|2023-07-08 00:57:18.999573|[RPC][BLOCK][NUMBER][fromJson],group=group0,node=2f993327933ad58672518b6d4f63920cbc68b80f78f4d81192552ee6362f5cc81ee13bdc678ad65f06e76444cadb53b33694cfb3fc7679b8000411975fedd28a,blockNumber=1640
info|2023-07-08 00:57:18.999592|[RPCWS][SERVICE][onRecvBlockNotifier]receive block number notifier,group=group0,node=2f993327933ad58672518b6d4f63920cbc68b80f78f4d81192552ee6362f5cc81ee13bdc678ad65f06e76444cadb53b33694cfb3fc7679b8000411975fedd28a,blockNumber=1640
info|2023-07-08 00:57:18.999598|[WS]receive block notify,endpoint=127.0.0.1:20201,blk={
	"blockNumber" : 1640,
	"group" : "group0",
	"nodeName" : "2f993327933ad58672518b6d4f63920cbc68b80f78f4d81192552ee6362f5cc81ee13bdc678ad65f06e76444cadb53b33694cfb3fc7679b8000411975fedd28a"
}
info|2023-07-08 00:57:19.482350|[RPC][BLOCK][NUMBER][fromJson],group=group0,node=98a7f70ec883a722219d92253cf073a72605f4087aa3443c8e4aadc0af2dc3ac647d0fa1b5ac99cd6987abafe6d690ae71cd5fd2aeeabe7589bfb4748aabdfba,blockNumber=1641
info|2023-07-08 00:57:19.482382|[RPCWS][SERVICE][onRecvBlockNotifier]receive block number notifier,group=group0,node=98a7f70ec883a722219d92253cf073a72605f4087aa3443c8e4aadc0af2dc3ac647d0fa1b5ac99cd6987abafe6d690ae71cd5fd2aeeabe7589bfb4748aabdfba,blockNumber=1641
info|2023-07-08 00:57:19.482388|[RPCWS][SERVICE][updateGroupBlockNumber],groupID=group0,_blockNumber=1641
info|2023-07-08 00:57:19.482391|[RPCWS][SERVICE][onRecvBlockNotifier]block notifier callback,group=group0,node=98a7f70ec883a722219d92253cf073a72605f4087aa3443c8e4aadc0af2dc3ac647d0fa1b5ac99cd6987abafe6d690ae71cd5fd2aeeabe7589bfb4748aabdfba,blockNumber=1641
info|2023-07-08 00:57:19.482395|[WS]receive block notify,endpoint=127.0.0.1:20200,blk={
	"blockNumber" : 1641,
	"group" : "group0",
	"nodeName" : "98a7f70ec883a722219d92253cf073a72605f4087aa3443c8e4aadc0af2dc3ac647d0fa1b5ac99cd6987abafe6d690ae71cd5fd2aeeabe7589bfb4748aabdfba"
}
info|2023-07-08 00:57:19.599304|[RPC][BLOCK][NUMBER][fromJson],group=group0,node=2f993327933ad58672518b6d4f63920cbc68b80f78f4d81192552ee6362f5cc81ee13bdc678ad65f06e76444cadb53b33694cfb3fc7679b8000411975fedd28a,blockNumber=1641
info|2023-07-08 00:57:19.599339|[RPCWS][SERVICE][onRecvBlockNotifier]receive block number notifier,group=group0,node=2f993327933ad58672518b6d4f63920cbc68b80f78f4d81192552ee6362f5cc81ee13bdc678ad65f06e76444cadb53b33694cfb3fc7679b8000411975fedd28a,blockNumber=1641
info|2023-07-08 00:57:19.599347|[WS]receive block notify,endpoint=127.0.0.1:20201,blk={
	"blockNumber" : 1641,
	"group" : "group0",
	"nodeName" : "2f993327933ad58672518b6d4f63920cbc68b80f78f4d81192552ee6362f5cc81ee13bdc678ad65f06e76444cadb53b33694cfb3fc7679b8000411975fedd28a"
}
info|2023-07-08 00:57:20.149364|[RPC][BLOCK][NUMBER][fromJson],group=group0,node=98a7f70ec883a722219d92253cf073a72605f4087aa3443c8e4aadc0af2dc3ac647d0fa1b5ac99cd6987abafe6d690ae71cd5fd2aeeabe7589bfb4748aabdfba,blockNumber=1642
info|2023-07-08 00:57:20.149385|[RPCWS][SERVICE][onRecvBlockNotifier]receive block number notifier,group=group0,node=98a7f70ec883a722219d92253cf073a72605f4087aa3443c8e4aadc0af2dc3ac647d0fa1b5ac99cd6987abafe6d690ae71cd5fd2aeeabe7589bfb4748aabdfba,blockNumber=1642
info|2023-07-08 00:57:20.149389|[RPCWS][SERVICE][updateGroupBlockNumber],groupID=group0,_blockNumber=1642
info|2023-07-08 00:57:20.149394|[RPCWS][SERVICE][onRecvBlockNotifier]block notifier callback,group=group0,node=98a7f70ec883a722219d92253cf073a72605f4087aa3443c8e4aadc0af2dc3ac647d0fa1b5ac99cd6987abafe6d690ae71cd5fd2aeeabe7589bfb4748aabdfba,blockNumber=1642
info|2023-07-08 00:57:20.149397|[WS]receive block notify,endpoint=127.0.0.1:20200,blk={
	"blockNumber" : 1642,
	"group" : "group0",
	"nodeName" : "98a7f70ec883a722219d92253cf073a72605f4087aa3443c8e4aadc0af2dc3ac647d0fa1b5ac99cd6987abafe6d690ae71cd5fd2aeeabe7589bfb4748aabdfba"
}
info|2023-07-08 00:57:20.260687|[RPC][BLOCK][NUMBER][fromJson],group=group0,node=2f993327933ad58672518b6d4f63920cbc68b80f78f4d81192552ee6362f5cc81ee13bdc678ad65f06e76444cadb53b33694cfb3fc7679b8000411975fedd28a,blockNumber=1642
info|2023-07-08 00:57:20.260707|[RPCWS][SERVICE][onRecvBlockNotifier]receive block number notifier,group=group0,node=2f993327933ad58672518b6d4f63920cbc68b80f78f4d81192552ee6362f5cc81ee13bdc678ad65f06e76444cadb53b33694cfb3fc7679b8000411975fedd28a,blockNumber=1642
info|2023-07-08 00:57:20.260714|[WS]receive block notify,endpoint=127.0.0.1:20201,blk={
	"blockNumber" : 1642,
	"group" : "group0",
	"nodeName" : "2f993327933ad58672518b6d4f63920cbc68b80f78f4d81192552ee6362f5cc81ee13bdc678ad65f06e76444cadb53b33694cfb3fc7679b8000411975fedd28a"
}
info|2023-07-08 00:57:20.735468|[RPC][BLOCK][NUMBER][fromJson],group=group0,node=98a7f70ec883a722219d92253cf073a72605f4087aa3443c8e4aadc0af2dc3ac647d0fa1b5ac99cd6987abafe6d690ae71cd5fd2aeeabe7589bfb4748aabdfba,blockNumber=1643
info|2023-07-08 00:57:20.735504|[RPCWS][SERVICE][onRecvBlockNotifier]receive block number notifier,group=group0,node=98a7f70ec883a722219d92253cf073a72605f4087aa3443c8e4aadc0af2dc3ac647d0fa1b5ac99cd6987abafe6d690ae71cd5fd2aeeabe7589bfb4748aabdfba,blockNumber=1643
info|2023-07-08 00:57:20.735511|[RPCWS][SERVICE][updateGroupBlockNumber],groupID=group0,_blockNumber=1643
info|2023-07-08 00:57:20.735514|[RPCWS][SERVICE][onRecvBlockNotifier]block notifier callback,group=group0,node=98a7f70ec883a722219d92253cf073a72605f4087aa3443c8e4aadc0af2dc3ac647d0fa1b5ac99cd6987abafe6d690ae71cd5fd2aeeabe7589bfb4748aabdfba,blockNumber=1643
info|2023-07-08 00:57:20.735518|[WS]receive block notify,endpoint=127.0.0.1:20200,blk={
	"blockNumber" : 1643,
	"group" : "group0",
	"nodeName" : "98a7f70ec883a722219d92253cf073a72605f4087aa3443c8e4aadc0af2dc3ac647d0fa1b5ac99cd6987abafe6d690ae71cd5fd2aeeabe7589bfb4748aabdfba"
}
info|2023-07-08 00:57:20.766139|[RPC][BLOCK][NUMBER][fromJson],group=group0,node=2f993327933ad58672518b6d4f63920cbc68b80f78f4d81192552ee6362f5cc81ee13bdc678ad65f06e76444cadb53b33694cfb3fc7679b8000411975fedd28a,blockNumber=1643
info|2023-07-08 00:57:20.766196|[RPCWS][SERVICE][onRecvBlockNotifier]receive block number notifier,group=group0,node=2f993327933ad58672518b6d4f63920cbc68b80f78f4d81192552ee6362f5cc81ee13bdc678ad65f06e76444cadb53b33694cfb3fc7679b8000411975fedd28a,blockNumber=1643
info|2023-07-08 00:57:20.766210|[WS]receive block notify,endpoint=127.0.0.1:20201,blk={
	"blockNumber" : 1643,
	"group" : "group0",
	"nodeName" : "2f993327933ad58672518b6d4f63920cbc68b80f78f4d81192552ee6362f5cc81ee13bdc678ad65f06e76444cadb53b33694cfb3fc7679b8000411975fedd28a"
}
info|2023-07-08 00:57:21.283314|[RPC][BLOCK][NUMBER][fromJson],group=group0,node=98a7f70ec883a722219d92253cf073a72605f4087aa3443c8e4aadc0af2dc3ac647d0fa1b5ac99cd6987abafe6d690ae71cd5fd2aeeabe7589bfb4748aabdfba,blockNumber=1644
info|2023-07-08 00:57:21.283335|[RPCWS][SERVICE][onRecvBlockNotifier]receive block number notifier,group=group0,node=98a7f70ec883a722219d92253cf073a72605f4087aa3443c8e4aadc0af2dc3ac647d0fa1b5ac99cd6987abafe6d690ae71cd5fd2aeeabe7589bfb4748aabdfba,blockNumber=1644
info|2023-07-08 00:57:21.283339|[RPCWS][SERVICE][updateGroupBlockNumber],groupID=group0,_blockNumber=1644
info|2023-07-08 00:57:21.283343|[RPCWS][SERVICE][onRecvBlockNotifier]block notifier callback,group=group0,node=98a7f70ec883a722219d92253cf073a72605f4087aa3443c8e4aadc0af2dc3ac647d0fa1b5ac99cd6987abafe6d690ae71cd5fd2aeeabe7589bfb4748aabdfba,blockNumber=1644
info|2023-07-08 00:57:21.283346|[WS]receive block notify,endpoint=127.0.0.1:20200,blk={
	"blockNumber" : 1644,
	"group" : "group0",
	"nodeName" : "98a7f70ec883a722219d92253cf073a72605f4087aa3443c8e4aadc0af2dc3ac647d0fa1b5ac99cd6987abafe6d690ae71cd5fd2aeeabe7589bfb4748aabdfba"
}
info|2023-07-08 00:57:21.293831|[RPC][BLOCK][NUMBER][fromJson],group=group0,node=2f993327933ad58672518b6d4f63920cbc68b80f78f4d81192552ee6362f5cc81ee13bdc678ad65f06e76444cadb53b33694cfb3fc7679b8000411975fedd28a,blockNumber=1644
info|2023-07-08 00:57:21.293883|[RPCWS][SERVICE][onRecvBlockNotifier]receive block number notifier,group=group0,node=2f993327933ad58672518b6d4f63920cbc68b80f78f4d81192552ee6362f5cc81ee13bdc678ad65f06e76444cadb53b33694cfb3fc7679b8000411975fedd28a,blockNumber=1644
info|2023-07-08 00:57:21.293891|[WS]receive block notify,endpoint=127.0.0.1:20201,blk={
	"blockNumber" : 1644,
	"group" : "group0",
	"nodeName" : "2f993327933ad58672518b6d4f63920cbc68b80f78f4d81192552ee6362f5cc81ee13bdc678ad65f06e76444cadb53b33694cfb3fc7679b8000411975fedd28a"
}
info|2023-07-08 00:57:21.792371|[RPC][BLOCK][NUMBER][fromJson],group=group0,node=98a7f70ec883a722219d92253cf073a72605f4087aa3443c8e4aadc0af2dc3ac647d0fa1b5ac99cd6987abafe6d690ae71cd5fd2aeeabe7589bfb4748aabdfba,blockNumber=1645
info|2023-07-08 00:57:21.792405|[RPCWS][SERVICE][onRecvBlockNotifier]receive block number notifier,group=group0,node=98a7f70ec883a722219d92253cf073a72605f4087aa3443c8e4aadc0af2dc3ac647d0fa1b5ac99cd6987abafe6d690ae71cd5fd2aeeabe7589bfb4748aabdfba,blockNumber=1645
info|2023-07-08 00:57:21.792412|[RPCWS][SERVICE][updateGroupBlockNumber],groupID=group0,_blockNumber=1645
info|2023-07-08 00:57:21.792416|[RPCWS][SERVICE][onRecvBlockNotifier]block notifier callback,group=group0,node=98a7f70ec883a722219d92253cf073a72605f4087aa3443c8e4aadc0af2dc3ac647d0fa1b5ac99cd6987abafe6d690ae71cd5fd2aeeabe7589bfb4748aabdfba,blockNumber=1645
info|2023-07-08 00:57:21.792420|[WS]receive block notify,endpoint=127.0.0.1:20200,blk={
	"blockNumber" : 1645,
	"group" : "group0",
	"nodeName" : "98a7f70ec883a722219d92253cf073a72605f4087aa3443c8e4aadc0af2dc3ac647d0fa1b5ac99cd6987abafe6d690ae71cd5fd2aeeabe7589bfb4748aabdfba"
}
info|2023-07-08 00:57:21.837062|[RPC][BLOCK][NUMBER][fromJson],group=group0,node=2f993327933ad58672518b6d4f63920cbc68b80f78f4d81192552ee6362f5cc81ee13bdc678ad65f06e76444cadb53b33694cfb3fc7679b8000411975fedd28a,blockNumber=1645
info|2023-07-08 00:57:21.837096|[RPCWS][SERVICE][onRecvBlockNotifier]receive block number notifier,group=group0,node=2f993327933ad58672518b6d4f63920cbc68b80f78f4d81192552ee6362f5cc81ee13bdc678ad65f06e76444cadb53b33694cfb3fc7679b8000411975fedd28a,blockNumber=1645
info|2023-07-08 00:57:21.837103|[WS]receive block notify,endpoint=127.0.0.1:20201,blk={
	"blockNumber" : 1645,
	"group" : "group0",
	"nodeName" : "2f993327933ad58672518b6d4f63920cbc68b80f78f4d81192552ee6362f5cc81ee13bdc678ad65f06e76444cadb53b33694cfb3fc7679b8000411975fedd28a"
}
info|2023-07-08 00:57:22.393828|[RPC][BLOCK][NUMBER][fromJson],group=group0,node=98a7f70ec883a722219d92253cf073a72605f4087aa3443c8e4aadc0af2dc3ac647d0fa1b5ac99cd6987abafe6d690ae71cd5fd2aeeabe7589bfb4748aabdfba,blockNumber=1646
info|2023-07-08 00:57:22.393851|[RPCWS][SERVICE][onRecvBlockNotifier]receive block number notifier,group=group0,node=98a7f70ec883a722219d92253cf073a72605f4087aa3443c8e4aadc0af2dc3ac647d0fa1b5ac99cd6987abafe6d690ae71cd5fd2aeeabe7589bfb4748aabdfba,blockNumber=1646
info|2023-07-08 00:57:22.393855|[RPCWS][SERVICE][updateGroupBlockNumber],groupID=group0,_blockNumber=1646
info|2023-07-08 00:57:22.393860|[RPCWS][SERVICE][onRecvBlockNotifier]block notifier callback,group=group0,node=98a7f70ec883a722219d92253cf073a72605f4087aa3443c8e4aadc0af2dc3ac647d0fa1b5ac99cd6987abafe6d690ae71cd5fd2aeeabe7589bfb4748aabdfba,blockNumber=1646
info|2023-07-08 00:57:22.393863|[WS]receive block notify,endpoint=127.0.0.1:20200,blk={
	"blockNumber" : 1646,
	"group" : "group0",
	"nodeName" : "98a7f70ec883a722219d92253cf073a72605f4087aa3443c8e4aadc0af2dc3ac647d0fa1b5ac99cd6987abafe6d690ae71cd5fd2aeeabe7589bfb4748aabdfba"
}
info|2023-07-08 00:57:22.474046|[RPC][BLOCK][NUMBER][fromJson],group=group0,node=2f993327933ad58672518b6d4f63920cbc68b80f78f4d81192552ee6362f5cc81ee13bdc678ad65f06e76444cadb53b33694cfb3fc7679b8000411975fedd28a,blockNumber=1646
info|2023-07-08 00:57:22.474067|[RPCWS][SERVICE][onRecvBlockNotifier]receive block number notifier,group=group0,node=2f993327933ad58672518b6d4f63920cbc68b80f78f4d81192552ee6362f5cc81ee13bdc678ad65f06e76444cadb53b33694cfb3fc7679b8000411975fedd28a,blockNumber=1646
info|2023-07-08 00:57:22.474073|[WS]receive block notify,endpoint=127.0.0.1:20201,blk={
	"blockNumber" : 1646,
	"group" : "group0",
	"nodeName" : "2f993327933ad58672518b6d4f63920cbc68b80f78f4d81192552ee6362f5cc81ee13bdc678ad65f06e76444cadb53b33694cfb3fc7679b8000411975fedd28a"
}
info|2023-07-08 00:57:25.920859|[SDK][WS][SERVICE]connected nodes,count=2
info|2023-07-08 00:57:26.216279|[EVENT][SUB][doLoop]event sub tasks report,working event sub count=0,suspend event sub count=0
info|2023-07-08 00:57:45.921037|[SDK][WS][SERVICE]connected nodes,count=2
info|2023-07-08 00:57:46.216494|[EVENT][SUB][doLoop]event sub tasks report,working event sub count=0,suspend event sub count=0
info|2023-07-08 00:58:05.921260|[SDK][WS][SERVICE]connected nodes,count=2
info|2023-07-08 00:58:06.216861|[EVENT][SUB][doLoop]event sub tasks report,working event sub count=0,suspend event sub count=0
info|2023-07-08 00:58:25.921588|[SDK][WS][SERVICE]connected nodes,count=2
info|2023-07-08 00:58:26.216981|[EVENT][SUB][doLoop]event sub tasks report,working event sub count=0,suspend event sub count=0
info|2023-07-08 00:58:45.921747|[SDK][WS][SERVICE]connected nodes,count=2
info|2023-07-08 00:58:46.217542|[EVENT][SUB][doLoop]event sub tasks report,working event sub count=0,suspend event sub count=0
info|2023-07-08 00:59:05.922466|[SDK][WS][SERVICE]connected nodes,count=2
info|2023-07-08 00:59:06.217606|[EVENT][SUB][doLoop]event sub tasks report,working event sub count=0,suspend event sub count=0
info|2023-07-08 00:59:25.922702|[SDK][WS][SERVICE]connected nodes,count=2
info|2023-07-08 00:59:26.217769|[EVENT][SUB][doLoop]event sub tasks report,working event sub count=0,suspend event sub count=0
info|2023-07-08 00:59:45.923272|[SDK][WS][SERVICE]connected nodes,count=2
info|2023-07-08 00:59:46.218265|[EVENT][SUB][doLoop]event sub tasks report,working event sub count=0,suspend event sub count=0
