info|2023-07-08 03:00:06.768297|[SDK][WS][SERVICE]connected nodes,count=2
info|2023-07-08 03:00:06.822374|[EVENT][SUB][doLoop]event sub tasks report,working event sub count=0,suspend event sub count=0
info|2023-07-08 03:00:26.768473|[SDK][WS][SERVICE]connected nodes,count=2
info|2023-07-08 03:00:26.822554|[EVENT][SUB][doLoop]event sub tasks report,working event sub count=0,suspend event sub count=0
info|2023-07-08 03:00:46.768750|[SDK][WS][SERVICE]connected nodes,count=2
info|2023-07-08 03:00:46.823111|[EVENT][SUB][doLoop]event sub tasks report,working event sub count=0,suspend event sub count=0
info|2023-07-08 03:01:06.768940|[SDK][WS][SERVICE]connected nodes,count=2
info|2023-07-08 03:01:06.823412|[EVENT][SUB][doLoop]event sub tasks report,working event sub count=0,suspend event sub count=0
info|2023-07-08 03:01:26.769173|[SDK][WS][SERVICE]connected nodes,count=2
info|2023-07-08 03:01:26.823742|[EVENT][SUB][doLoop]event sub tasks report,working event sub count=0,suspend event sub count=0
info|2023-07-08 03:01:46.769899|[SDK][WS][SERVICE]connected nodes,count=2
info|2023-07-08 03:01:46.823916|[EVENT][SUB][doLoop]event sub tasks report,working event sub count=0,suspend event sub count=0
info|2023-07-08 03:02:06.770167|[SDK][WS][SERVICE]connected nodes,count=2
info|2023-07-08 03:02:06.824529|[EVENT][SUB][doLoop]event sub tasks report,working event sub count=0,suspend event sub count=0
info|2023-07-08 03:02:26.770578|[SDK][WS][SERVICE]connected nodes,count=2
info|2023-07-08 03:02:26.824799|[EVENT][SUB][doLoop]event sub tasks report,working event sub count=0,suspend event sub count=0
info|2023-07-08 03:02:46.770820|[SDK][WS][SERVICE]connected nodes,count=2
info|2023-07-08 03:02:46.825310|[EVENT][SUB][doLoop]event sub tasks report,working event sub count=0,suspend event sub count=0
info|2023-07-08 03:03:06.771317|[SDK][WS][SERVICE]connected nodes,count=2
info|2023-07-08 03:03:06.825480|[EVENT][SUB][doLoop]event sub tasks report,working event sub count=0,suspend event sub count=0
info|2023-07-08 03:03:26.771669|[SDK][WS][SERVICE]connected nodes,count=2
info|2023-07-08 03:03:26.825650|[EVENT][SUB][doLoop]event sub tasks report,working event sub count=0,suspend event sub count=0
info|2023-07-08 03:03:46.772148|[SDK][WS][SERVICE]connected nodes,count=2
info|2023-07-08 03:03:46.826208|[EVENT][SUB][doLoop]event sub tasks report,working event sub count=0,suspend event sub count=0
info|2023-07-08 03:04:06.772828|[SDK][WS][SERVICE]connected nodes,count=2
info|2023-07-08 03:04:06.826472|[EVENT][SUB][doLoop]event sub tasks report,working event sub count=0,suspend event sub count=0
info|2023-07-08 03:04:26.773098|[SDK][WS][SERVICE]connected nodes,count=2
info|2023-07-08 03:04:26.827384|[EVENT][SUB][doLoop]event sub tasks report,working event sub count=0,suspend event sub count=0
info|2023-07-08 03:04:46.773436|[SDK][WS][SERVICE]connected nodes,count=2
info|2023-07-08 03:04:46.827548|[EVENT][SUB][doLoop]event sub tasks report,working event sub count=0,suspend event sub count=0
info|2023-07-08 03:05:06.777333|[SDK][WS][SERVICE]connected nodes,count=2
info|2023-07-08 03:05:06.827923|[EVENT][SUB][doLoop]event sub tasks report,working event sub count=0,suspend event sub count=0
info|2023-07-08 03:05:26.782375|[SDK][WS][SERVICE]connected nodes,count=2
info|2023-07-08 03:05:26.828400|[EVENT][SUB][doLoop]event sub tasks report,working event sub count=0,suspend event sub count=0
info|2023-07-08 03:05:46.783239|[SDK][WS][SERVICE]connected nodes,count=2
info|2023-07-08 03:05:46.828692|[EVENT][SUB][doLoop]event sub tasks report,working event sub count=0,suspend event sub count=0
info|2023-07-08 03:06:06.783534|[SDK][WS][SERVICE]connected nodes,count=2
info|2023-07-08 03:06:06.828827|[EVENT][SUB][doLoop]event sub tasks report,working event sub count=0,suspend event sub count=0
info|2023-07-08 03:06:26.783689|[SDK][WS][SERVICE]connected nodes,count=2
info|2023-07-08 03:06:26.829195|[EVENT][SUB][doLoop]event sub tasks report,working event sub count=0,suspend event sub count=0
info|2023-07-08 03:06:46.784143|[SDK][WS][SERVICE]connected nodes,count=2
info|2023-07-08 03:06:46.829558|[EVENT][SUB][doLoop]event sub tasks report,working event sub count=0,suspend event sub count=0
info|2023-07-08 03:07:06.784411|[SDK][WS][SERVICE]connected nodes,count=2
info|2023-07-08 03:07:06.830147|[EVENT][SUB][doLoop]event sub tasks report,working event sub count=0,suspend event sub count=0
info|2023-07-08 03:07:26.785062|[SDK][WS][SERVICE]connected nodes,count=2
info|2023-07-08 03:07:26.830475|[EVENT][SUB][doLoop]event sub tasks report,working event sub count=0,suspend event sub count=0
info|2023-07-08 03:07:46.785965|[SDK][WS][SERVICE]connected nodes,count=2
info|2023-07-08 03:07:46.830996|[EVENT][SUB][doLoop]event sub tasks report,working event sub count=0,suspend event sub count=0
info|2023-07-08 03:08:06.786557|[SDK][WS][SERVICE]connected nodes,count=2
info|2023-07-08 03:08:06.831400|[EVENT][SUB][doLoop]event sub tasks report,working event sub count=0,suspend event sub count=0
info|2023-07-08 03:08:26.786732|[SDK][WS][SERVICE]connected nodes,count=2
info|2023-07-08 03:08:26.832105|[EVENT][SUB][doLoop]event sub tasks report,working event sub count=0,suspend event sub count=0
info|2023-07-08 03:08:46.787199|[SDK][WS][SERVICE]connected nodes,count=2
info|2023-07-08 03:08:46.832512|[EVENT][SUB][doLoop]event sub tasks report,working event sub count=0,suspend event sub count=0
info|2023-07-08 03:09:06.787482|[SDK][WS][SERVICE]connected nodes,count=2
info|2023-07-08 03:09:06.833131|[EVENT][SUB][doLoop]event sub tasks report,working event sub count=0,suspend event sub count=0
info|2023-07-08 03:09:26.787707|[SDK][WS][SERVICE]connected nodes,count=2
info|2023-07-08 03:09:26.833274|[EVENT][SUB][doLoop]event sub tasks report,working event sub count=0,suspend event sub count=0
info|2023-07-08 03:09:46.788118|[SDK][WS][SERVICE]connected nodes,count=2
info|2023-07-08 03:09:46.833923|[EVENT][SUB][doLoop]event sub tasks report,working event sub count=0,suspend event sub count=0
info|2023-07-08 03:10:06.788692|[SDK][WS][SERVICE]connected nodes,count=2
info|2023-07-08 03:10:06.834648|[EVENT][SUB][doLoop]event sub tasks report,working event sub count=0,suspend event sub count=0
info|2023-07-08 03:10:26.789330|[SDK][WS][SERVICE]connected nodes,count=2
info|2023-07-08 03:10:26.834807|[EVENT][SUB][doLoop]event sub tasks report,working event sub count=0,suspend event sub count=0
info|2023-07-08 03:10:46.789581|[SDK][WS][SERVICE]connected nodes,count=2
info|2023-07-08 03:10:46.835273|[EVENT][SUB][doLoop]event sub tasks report,working event sub count=0,suspend event sub count=0
info|2023-07-08 03:11:06.789806|[SDK][WS][SERVICE]connected nodes,count=2
info|2023-07-08 03:11:06.835461|[EVENT][SUB][doLoop]event sub tasks report,working event sub count=0,suspend event sub count=0
info|2023-07-08 03:11:26.790531|[SDK][WS][SERVICE]connected nodes,count=2
info|2023-07-08 03:11:26.835656|[EVENT][SUB][doLoop]event sub tasks report,working event sub count=0,suspend event sub count=0
info|2023-07-08 03:11:46.791011|[SDK][WS][SERVICE]connected nodes,count=2
info|2023-07-08 03:11:46.836132|[EVENT][SUB][doLoop]event sub tasks report,working event sub count=0,suspend event sub count=0
info|2023-07-08 03:12:06.791228|[SDK][WS][SERVICE]connected nodes,count=2
info|2023-07-08 03:12:06.836514|[EVENT][SUB][doLoop]event sub tasks report,working event sub count=0,suspend event sub count=0
info|2023-07-08 03:12:26.791791|[SDK][WS][SERVICE]connected nodes,count=2
info|2023-07-08 03:12:26.837035|[EVENT][SUB][doLoop]event sub tasks report,working event sub count=0,suspend event sub count=0
info|2023-07-08 03:12:46.792054|[SDK][WS][SERVICE]connected nodes,count=2
info|2023-07-08 03:12:46.837142|[EVENT][SUB][doLoop]event sub tasks report,working event sub count=0,suspend event sub count=0
info|2023-07-08 03:13:06.792693|[SDK][WS][SERVICE]connected nodes,count=2
info|2023-07-08 03:13:06.837441|[EVENT][SUB][doLoop]event sub tasks report,working event sub count=0,suspend event sub count=0
info|2023-07-08 03:13:26.793172|[SDK][WS][SERVICE]connected nodes,count=2
info|2023-07-08 03:13:26.837942|[EVENT][SUB][doLoop]event sub tasks report,working event sub count=0,suspend event sub count=0
info|2023-07-08 03:13:46.793608|[SDK][WS][SERVICE]connected nodes,count=2
info|2023-07-08 03:13:46.838125|[EVENT][SUB][doLoop]event sub tasks report,working event sub count=0,suspend event sub count=0
info|2023-07-08 03:14:06.794352|[SDK][WS][SERVICE]connected nodes,count=2
info|2023-07-08 03:14:06.838514|[EVENT][SUB][doLoop]event sub tasks report,working event sub count=0,suspend event sub count=0
info|2023-07-08 03:14:26.795103|[SDK][WS][SERVICE]connected nodes,count=2
info|2023-07-08 03:14:26.838702|[EVENT][SUB][doLoop]event sub tasks report,working event sub count=0,suspend event sub count=0
info|2023-07-08 03:14:46.795497|[SDK][WS][SERVICE]connected nodes,count=2
info|2023-07-08 03:14:46.839025|[EVENT][SUB][doLoop]event sub tasks report,working event sub count=0,suspend event sub count=0
info|2023-07-08 03:15:06.796110|[SDK][WS][SERVICE]connected nodes,count=2
info|2023-07-08 03:15:06.839293|[EVENT][SUB][doLoop]event sub tasks report,working event sub count=0,suspend event sub count=0
info|2023-07-08 03:15:26.796336|[SDK][WS][SERVICE]connected nodes,count=2
info|2023-07-08 03:15:26.839630|[EVENT][SUB][doLoop]event sub tasks report,working event sub count=0,suspend event sub count=0
info|2023-07-08 03:15:46.796540|[SDK][WS][SERVICE]connected nodes,count=2
info|2023-07-08 03:15:46.839679|[EVENT][SUB][doLoop]event sub tasks report,working event sub count=0,suspend event sub count=0
info|2023-07-08 03:16:06.796986|[SDK][WS][SERVICE]connected nodes,count=2
info|2023-07-08 03:16:06.840230|[EVENT][SUB][doLoop]event sub tasks report,working event sub count=0,suspend event sub count=0
info|2023-07-08 03:16:26.797260|[SDK][WS][SERVICE]connected nodes,count=2
info|2023-07-08 03:16:26.840494|[EVENT][SUB][doLoop]event sub tasks report,working event sub count=0,suspend event sub count=0
info|2023-07-08 03:16:46.797764|[SDK][WS][SERVICE]connected nodes,count=2
info|2023-07-08 03:16:46.840574|[EVENT][SUB][doLoop]event sub tasks report,working event sub count=0,suspend event sub count=0
info|2023-07-08 03:17:06.798151|[SDK][WS][SERVICE]connected nodes,count=2
info|2023-07-08 03:17:06.840873|[EVENT][SUB][doLoop]event sub tasks report,working event sub count=0,suspend event sub count=0
info|2023-07-08 03:17:26.798474|[SDK][WS][SERVICE]connected nodes,count=2
info|2023-07-08 03:17:26.841002|[EVENT][SUB][doLoop]event sub tasks report,working event sub count=0,suspend event sub count=0
info|2023-07-08 03:17:46.799205|[SDK][WS][SERVICE]connected nodes,count=2
info|2023-07-08 03:17:46.841466|[EVENT][SUB][doLoop]event sub tasks report,working event sub count=0,suspend event sub count=0
info|2023-07-08 03:18:06.799737|[SDK][WS][SERVICE]connected nodes,count=2
info|2023-07-08 03:18:06.841667|[EVENT][SUB][doLoop]event sub tasks report,working event sub count=0,suspend event sub count=0
info|2023-07-08 03:18:26.800238|[SDK][WS][SERVICE]connected nodes,count=2
info|2023-07-08 03:18:26.842689|[EVENT][SUB][doLoop]event sub tasks report,working event sub count=0,suspend event sub count=0
info|2023-07-08 03:18:46.800647|[SDK][WS][SERVICE]connected nodes,count=2
info|2023-07-08 03:18:46.842873|[EVENT][SUB][doLoop]event sub tasks report,working event sub count=0,suspend event sub count=0
info|2023-07-08 03:19:06.801117|[SDK][WS][SERVICE]connected nodes,count=2
info|2023-07-08 03:19:06.843145|[EVENT][SUB][doLoop]event sub tasks report,working event sub count=0,suspend event sub count=0
info|2023-07-08 03:19:26.801366|[SDK][WS][SERVICE]connected nodes,count=2
info|2023-07-08 03:19:26.843569|[EVENT][SUB][doLoop]event sub tasks report,working event sub count=0,suspend event sub count=0
info|2023-07-08 03:19:46.801553|[SDK][WS][SERVICE]connected nodes,count=2
info|2023-07-08 03:19:46.843953|[EVENT][SUB][doLoop]event sub tasks report,working event sub count=0,suspend event sub count=0
info|2023-07-08 03:20:06.801871|[SDK][WS][SERVICE]connected nodes,count=2
info|2023-07-08 03:20:06.844208|[EVENT][SUB][doLoop]event sub tasks report,working event sub count=0,suspend event sub count=0
info|2023-07-08 03:20:26.802261|[SDK][WS][SERVICE]connected nodes,count=2
info|2023-07-08 03:20:26.844863|[EVENT][SUB][doLoop]event sub tasks report,working event sub count=0,suspend event sub count=0
info|2023-07-08 03:20:46.802388|[SDK][WS][SERVICE]connected nodes,count=2
info|2023-07-08 03:20:46.845417|[EVENT][SUB][doLoop]event sub tasks report,working event sub count=0,suspend event sub count=0
info|2023-07-08 03:21:06.802767|[SDK][WS][SERVICE]connected nodes,count=2
info|2023-07-08 03:21:06.845500|[EVENT][SUB][doLoop]event sub tasks report,working event sub count=0,suspend event sub count=0
info|2023-07-08 03:21:26.802997|[SDK][WS][SERVICE]connected nodes,count=2
info|2023-07-08 03:21:26.845809|[EVENT][SUB][doLoop]event sub tasks report,working event sub count=0,suspend event sub count=0
info|2023-07-08 03:21:46.803631|[SDK][WS][SERVICE]connected nodes,count=2
info|2023-07-08 03:21:46.845883|[EVENT][SUB][doLoop]event sub tasks report,working event sub count=0,suspend event sub count=0
info|2023-07-08 03:22:06.803995|[SDK][WS][SERVICE]connected nodes,count=2
info|2023-07-08 03:22:06.845949|[EVENT][SUB][doLoop]event sub tasks report,working event sub count=0,suspend event sub count=0
info|2023-07-08 03:22:26.804175|[SDK][WS][SERVICE]connected nodes,count=2
info|2023-07-08 03:22:26.846490|[EVENT][SUB][doLoop]event sub tasks report,working event sub count=0,suspend event sub count=0
info|2023-07-08 03:22:46.804660|[SDK][WS][SERVICE]connected nodes,count=2
info|2023-07-08 03:22:46.846727|[EVENT][SUB][doLoop]event sub tasks report,working event sub count=0,suspend event sub count=0
info|2023-07-08 03:23:06.804976|[SDK][WS][SERVICE]connected nodes,count=2
info|2023-07-08 03:23:06.846892|[EVENT][SUB][doLoop]event sub tasks report,working event sub count=0,suspend event sub count=0
info|2023-07-08 03:23:26.805110|[SDK][WS][SERVICE]connected nodes,count=2
info|2023-07-08 03:23:26.847175|[EVENT][SUB][doLoop]event sub tasks report,working event sub count=0,suspend event sub count=0
info|2023-07-08 03:23:46.805457|[SDK][WS][SERVICE]connected nodes,count=2
info|2023-07-08 03:23:46.847536|[EVENT][SUB][doLoop]event sub tasks report,working event sub count=0,suspend event sub count=0
info|2023-07-08 03:24:06.805911|[SDK][WS][SERVICE]connected nodes,count=2
info|2023-07-08 03:24:06.847902|[EVENT][SUB][doLoop]event sub tasks report,working event sub count=0,suspend event sub count=0
info|2023-07-08 03:24:26.806064|[SDK][WS][SERVICE]connected nodes,count=2
info|2023-07-08 03:24:26.848199|[EVENT][SUB][doLoop]event sub tasks report,working event sub count=0,suspend event sub count=0
info|2023-07-08 03:24:46.806175|[SDK][WS][SERVICE]connected nodes,count=2
info|2023-07-08 03:24:46.848325|[EVENT][SUB][doLoop]event sub tasks report,working event sub count=0,suspend event sub count=0
info|2023-07-08 03:25:06.806533|[SDK][WS][SERVICE]connected nodes,count=2
info|2023-07-08 03:25:06.848741|[EVENT][SUB][doLoop]event sub tasks report,working event sub count=0,suspend event sub count=0
info|2023-07-08 03:25:26.807217|[SDK][WS][SERVICE]connected nodes,count=2
info|2023-07-08 03:25:26.848908|[EVENT][SUB][doLoop]event sub tasks report,working event sub count=0,suspend event sub count=0
info|2023-07-08 03:25:46.808724|[SDK][WS][SERVICE]connected nodes,count=2
info|2023-07-08 03:25:46.849421|[EVENT][SUB][doLoop]event sub tasks report,working event sub count=0,suspend event sub count=0
info|2023-07-08 03:26:06.809171|[SDK][WS][SERVICE]connected nodes,count=2
info|2023-07-08 03:26:06.849551|[EVENT][SUB][doLoop]event sub tasks report,working event sub count=0,suspend event sub count=0
info|2023-07-08 03:26:26.809851|[SDK][WS][SERVICE]connected nodes,count=2
info|2023-07-08 03:26:26.850039|[EVENT][SUB][doLoop]event sub tasks report,working event sub count=0,suspend event sub count=0
info|2023-07-08 03:26:46.810556|[SDK][WS][SERVICE]connected nodes,count=2
info|2023-07-08 03:26:46.850180|[EVENT][SUB][doLoop]event sub tasks report,working event sub count=0,suspend event sub count=0
info|2023-07-08 03:27:06.810976|[SDK][WS][SERVICE]connected nodes,count=2
info|2023-07-08 03:27:06.850508|[EVENT][SUB][doLoop]event sub tasks report,working event sub count=0,suspend event sub count=0
info|2023-07-08 03:27:13.908268|[RPC][BLOCK][NUMBER][fromJson],group=group0,node=98a7f70ec883a722219d92253cf073a72605f4087aa3443c8e4aadc0af2dc3ac647d0fa1b5ac99cd6987abafe6d690ae71cd5fd2aeeabe7589bfb4748aabdfba,blockNumber=1711
info|2023-07-08 03:27:13.908296|[RPCWS][SERVICE][onRecvBlockNotifier]receive block number notifier,group=group0,node=98a7f70ec883a722219d92253cf073a72605f4087aa3443c8e4aadc0af2dc3ac647d0fa1b5ac99cd6987abafe6d690ae71cd5fd2aeeabe7589bfb4748aabdfba,blockNumber=1711
info|2023-07-08 03:27:13.908327|[RPCWS][SERVICE][updateGroupBlockNumber],groupID=group0,_blockNumber=1711
info|2023-07-08 03:27:13.908336|[RPCWS][SERVICE][onRecvBlockNotifier]block notifier callback,group=group0,node=98a7f70ec883a722219d92253cf073a72605f4087aa3443c8e4aadc0af2dc3ac647d0fa1b5ac99cd6987abafe6d690ae71cd5fd2aeeabe7589bfb4748aabdfba,blockNumber=1711
info|2023-07-08 03:27:13.908341|[WS]receive block notify,endpoint=127.0.0.1:20200,blk={
	"blockNumber" : 1711,
	"group" : "group0",
	"nodeName" : "98a7f70ec883a722219d92253cf073a72605f4087aa3443c8e4aadc0af2dc3ac647d0fa1b5ac99cd6987abafe6d690ae71cd5fd2aeeabe7589bfb4748aabdfba"
}
info|2023-07-08 03:27:13.916981|[RPC][BLOCK][NUMBER][fromJson],group=group0,node=2f993327933ad58672518b6d4f63920cbc68b80f78f4d81192552ee6362f5cc81ee13bdc678ad65f06e76444cadb53b33694cfb3fc7679b8000411975fedd28a,blockNumber=1711
info|2023-07-08 03:27:13.917011|[RPCWS][SERVICE][onRecvBlockNotifier]receive block number notifier,group=group0,node=2f993327933ad58672518b6d4f63920cbc68b80f78f4d81192552ee6362f5cc81ee13bdc678ad65f06e76444cadb53b33694cfb3fc7679b8000411975fedd28a,blockNumber=1711
info|2023-07-08 03:27:13.917019|[WS]receive block notify,endpoint=127.0.0.1:20201,blk={
	"blockNumber" : 1711,
	"group" : "group0",
	"nodeName" : "2f993327933ad58672518b6d4f63920cbc68b80f78f4d81192552ee6362f5cc81ee13bdc678ad65f06e76444cadb53b33694cfb3fc7679b8000411975fedd28a"
}
info|2023-07-08 03:27:14.433675|[RPC][BLOCK][NUMBER][fromJson],group=group0,node=98a7f70ec883a722219d92253cf073a72605f4087aa3443c8e4aadc0af2dc3ac647d0fa1b5ac99cd6987abafe6d690ae71cd5fd2aeeabe7589bfb4748aabdfba,blockNumber=1712
info|2023-07-08 03:27:14.433703|[RPCWS][SERVICE][onRecvBlockNotifier]receive block number notifier,group=group0,node=98a7f70ec883a722219d92253cf073a72605f4087aa3443c8e4aadc0af2dc3ac647d0fa1b5ac99cd6987abafe6d690ae71cd5fd2aeeabe7589bfb4748aabdfba,blockNumber=1712
info|2023-07-08 03:27:14.433711|[RPCWS][SERVICE][updateGroupBlockNumber],groupID=group0,_blockNumber=1712
info|2023-07-08 03:27:14.433717|[RPCWS][SERVICE][onRecvBlockNotifier]block notifier callback,group=group0,node=98a7f70ec883a722219d92253cf073a72605f4087aa3443c8e4aadc0af2dc3ac647d0fa1b5ac99cd6987abafe6d690ae71cd5fd2aeeabe7589bfb4748aabdfba,blockNumber=1712
info|2023-07-08 03:27:14.433722|[WS]receive block notify,endpoint=127.0.0.1:20200,blk={
	"blockNumber" : 1712,
	"group" : "group0",
	"nodeName" : "98a7f70ec883a722219d92253cf073a72605f4087aa3443c8e4aadc0af2dc3ac647d0fa1b5ac99cd6987abafe6d690ae71cd5fd2aeeabe7589bfb4748aabdfba"
}
info|2023-07-08 03:27:14.481419|[RPC][BLOCK][NUMBER][fromJson],group=group0,node=2f993327933ad58672518b6d4f63920cbc68b80f78f4d81192552ee6362f5cc81ee13bdc678ad65f06e76444cadb53b33694cfb3fc7679b8000411975fedd28a,blockNumber=1712
info|2023-07-08 03:27:14.481450|[RPCWS][SERVICE][onRecvBlockNotifier]receive block number notifier,group=group0,node=2f993327933ad58672518b6d4f63920cbc68b80f78f4d81192552ee6362f5cc81ee13bdc678ad65f06e76444cadb53b33694cfb3fc7679b8000411975fedd28a,blockNumber=1712
info|2023-07-08 03:27:14.481460|[WS]receive block notify,endpoint=127.0.0.1:20201,blk={
	"blockNumber" : 1712,
	"group" : "group0",
	"nodeName" : "2f993327933ad58672518b6d4f63920cbc68b80f78f4d81192552ee6362f5cc81ee13bdc678ad65f06e76444cadb53b33694cfb3fc7679b8000411975fedd28a"
}
info|2023-07-08 03:27:14.961811|[RPC][BLOCK][NUMBER][fromJson],group=group0,node=98a7f70ec883a722219d92253cf073a72605f4087aa3443c8e4aadc0af2dc3ac647d0fa1b5ac99cd6987abafe6d690ae71cd5fd2aeeabe7589bfb4748aabdfba,blockNumber=1713
info|2023-07-08 03:27:14.961882|[RPCWS][SERVICE][onRecvBlockNotifier]receive block number notifier,group=group0,node=98a7f70ec883a722219d92253cf073a72605f4087aa3443c8e4aadc0af2dc3ac647d0fa1b5ac99cd6987abafe6d690ae71cd5fd2aeeabe7589bfb4748aabdfba,blockNumber=1713
info|2023-07-08 03:27:14.961909|[RPCWS][SERVICE][updateGroupBlockNumber],groupID=group0,_blockNumber=1713
info|2023-07-08 03:27:14.961916|[RPCWS][SERVICE][onRecvBlockNotifier]block notifier callback,group=group0,node=98a7f70ec883a722219d92253cf073a72605f4087aa3443c8e4aadc0af2dc3ac647d0fa1b5ac99cd6987abafe6d690ae71cd5fd2aeeabe7589bfb4748aabdfba,blockNumber=1713
info|2023-07-08 03:27:14.961921|[WS]receive block notify,endpoint=127.0.0.1:20200,blk={
	"blockNumber" : 1713,
	"group" : "group0",
	"nodeName" : "98a7f70ec883a722219d92253cf073a72605f4087aa3443c8e4aadc0af2dc3ac647d0fa1b5ac99cd6987abafe6d690ae71cd5fd2aeeabe7589bfb4748aabdfba"
}
info|2023-07-08 03:27:15.028447|[RPC][BLOCK][NUMBER][fromJson],group=group0,node=2f993327933ad58672518b6d4f63920cbc68b80f78f4d81192552ee6362f5cc81ee13bdc678ad65f06e76444cadb53b33694cfb3fc7679b8000411975fedd28a,blockNumber=1713
info|2023-07-08 03:27:15.028488|[RPCWS][SERVICE][onRecvBlockNotifier]receive block number notifier,group=group0,node=2f993327933ad58672518b6d4f63920cbc68b80f78f4d81192552ee6362f5cc81ee13bdc678ad65f06e76444cadb53b33694cfb3fc7679b8000411975fedd28a,blockNumber=1713
info|2023-07-08 03:27:15.028497|[WS]receive block notify,endpoint=127.0.0.1:20201,blk={
	"blockNumber" : 1713,
	"group" : "group0",
	"nodeName" : "2f993327933ad58672518b6d4f63920cbc68b80f78f4d81192552ee6362f5cc81ee13bdc678ad65f06e76444cadb53b33694cfb3fc7679b8000411975fedd28a"
}
info|2023-07-08 03:27:15.587302|[RPC][BLOCK][NUMBER][fromJson],group=group0,node=98a7f70ec883a722219d92253cf073a72605f4087aa3443c8e4aadc0af2dc3ac647d0fa1b5ac99cd6987abafe6d690ae71cd5fd2aeeabe7589bfb4748aabdfba,blockNumber=1714
info|2023-07-08 03:27:15.587323|[RPCWS][SERVICE][onRecvBlockNotifier]receive block number notifier,group=group0,node=98a7f70ec883a722219d92253cf073a72605f4087aa3443c8e4aadc0af2dc3ac647d0fa1b5ac99cd6987abafe6d690ae71cd5fd2aeeabe7589bfb4748aabdfba,blockNumber=1714
info|2023-07-08 03:27:15.587328|[RPCWS][SERVICE][updateGroupBlockNumber],groupID=group0,_blockNumber=1714
info|2023-07-08 03:27:15.587332|[RPCWS][SERVICE][onRecvBlockNotifier]block notifier callback,group=group0,node=98a7f70ec883a722219d92253cf073a72605f4087aa3443c8e4aadc0af2dc3ac647d0fa1b5ac99cd6987abafe6d690ae71cd5fd2aeeabe7589bfb4748aabdfba,blockNumber=1714
info|2023-07-08 03:27:15.587335|[WS]receive block notify,endpoint=127.0.0.1:20200,blk={
	"blockNumber" : 1714,
	"group" : "group0",
	"nodeName" : "98a7f70ec883a722219d92253cf073a72605f4087aa3443c8e4aadc0af2dc3ac647d0fa1b5ac99cd6987abafe6d690ae71cd5fd2aeeabe7589bfb4748aabdfba"
}
info|2023-07-08 03:27:15.628558|[RPC][BLOCK][NUMBER][fromJson],group=group0,node=2f993327933ad58672518b6d4f63920cbc68b80f78f4d81192552ee6362f5cc81ee13bdc678ad65f06e76444cadb53b33694cfb3fc7679b8000411975fedd28a,blockNumber=1714
info|2023-07-08 03:27:15.628582|[RPCWS][SERVICE][onRecvBlockNotifier]receive block number notifier,group=group0,node=2f993327933ad58672518b6d4f63920cbc68b80f78f4d81192552ee6362f5cc81ee13bdc678ad65f06e76444cadb53b33694cfb3fc7679b8000411975fedd28a,blockNumber=1714
info|2023-07-08 03:27:15.628589|[WS]receive block notify,endpoint=127.0.0.1:20201,blk={
	"blockNumber" : 1714,
	"group" : "group0",
	"nodeName" : "2f993327933ad58672518b6d4f63920cbc68b80f78f4d81192552ee6362f5cc81ee13bdc678ad65f06e76444cadb53b33694cfb3fc7679b8000411975fedd28a"
}
info|2023-07-08 03:27:16.133770|[RPC][BLOCK][NUMBER][fromJson],group=group0,node=98a7f70ec883a722219d92253cf073a72605f4087aa3443c8e4aadc0af2dc3ac647d0fa1b5ac99cd6987abafe6d690ae71cd5fd2aeeabe7589bfb4748aabdfba,blockNumber=1715
info|2023-07-08 03:27:16.133848|[RPCWS][SERVICE][onRecvBlockNotifier]receive block number notifier,group=group0,node=98a7f70ec883a722219d92253cf073a72605f4087aa3443c8e4aadc0af2dc3ac647d0fa1b5ac99cd6987abafe6d690ae71cd5fd2aeeabe7589bfb4748aabdfba,blockNumber=1715
info|2023-07-08 03:27:16.133855|[RPCWS][SERVICE][updateGroupBlockNumber],groupID=group0,_blockNumber=1715
info|2023-07-08 03:27:16.133859|[RPCWS][SERVICE][onRecvBlockNotifier]block notifier callback,group=group0,node=98a7f70ec883a722219d92253cf073a72605f4087aa3443c8e4aadc0af2dc3ac647d0fa1b5ac99cd6987abafe6d690ae71cd5fd2aeeabe7589bfb4748aabdfba,blockNumber=1715
info|2023-07-08 03:27:16.134212|[WS]receive block notify,endpoint=127.0.0.1:20200,blk={
	"blockNumber" : 1715,
	"group" : "group0",
	"nodeName" : "98a7f70ec883a722219d92253cf073a72605f4087aa3443c8e4aadc0af2dc3ac647d0fa1b5ac99cd6987abafe6d690ae71cd5fd2aeeabe7589bfb4748aabdfba"
}
info|2023-07-08 03:27:16.244879|[RPC][BLOCK][NUMBER][fromJson],group=group0,node=2f993327933ad58672518b6d4f63920cbc68b80f78f4d81192552ee6362f5cc81ee13bdc678ad65f06e76444cadb53b33694cfb3fc7679b8000411975fedd28a,blockNumber=1715
info|2023-07-08 03:27:16.244912|[RPCWS][SERVICE][onRecvBlockNotifier]receive block number notifier,group=group0,node=2f993327933ad58672518b6d4f63920cbc68b80f78f4d81192552ee6362f5cc81ee13bdc678ad65f06e76444cadb53b33694cfb3fc7679b8000411975fedd28a,blockNumber=1715
info|2023-07-08 03:27:16.244920|[WS]receive block notify,endpoint=127.0.0.1:20201,blk={
	"blockNumber" : 1715,
	"group" : "group0",
	"nodeName" : "2f993327933ad58672518b6d4f63920cbc68b80f78f4d81192552ee6362f5cc81ee13bdc678ad65f06e76444cadb53b33694cfb3fc7679b8000411975fedd28a"
}
info|2023-07-08 03:27:16.643721|[RPC][BLOCK][NUMBER][fromJson],group=group0,node=98a7f70ec883a722219d92253cf073a72605f4087aa3443c8e4aadc0af2dc3ac647d0fa1b5ac99cd6987abafe6d690ae71cd5fd2aeeabe7589bfb4748aabdfba,blockNumber=1716
info|2023-07-08 03:27:16.643742|[RPCWS][SERVICE][onRecvBlockNotifier]receive block number notifier,group=group0,node=98a7f70ec883a722219d92253cf073a72605f4087aa3443c8e4aadc0af2dc3ac647d0fa1b5ac99cd6987abafe6d690ae71cd5fd2aeeabe7589bfb4748aabdfba,blockNumber=1716
info|2023-07-08 03:27:16.643747|[RPCWS][SERVICE][updateGroupBlockNumber],groupID=group0,_blockNumber=1716
info|2023-07-08 03:27:16.643752|[RPCWS][SERVICE][onRecvBlockNotifier]block notifier callback,group=group0,node=98a7f70ec883a722219d92253cf073a72605f4087aa3443c8e4aadc0af2dc3ac647d0fa1b5ac99cd6987abafe6d690ae71cd5fd2aeeabe7589bfb4748aabdfba,blockNumber=1716
info|2023-07-08 03:27:16.643755|[WS]receive block notify,endpoint=127.0.0.1:20200,blk={
	"blockNumber" : 1716,
	"group" : "group0",
	"nodeName" : "98a7f70ec883a722219d92253cf073a72605f4087aa3443c8e4aadc0af2dc3ac647d0fa1b5ac99cd6987abafe6d690ae71cd5fd2aeeabe7589bfb4748aabdfba"
}
info|2023-07-08 03:27:16.653195|[RPC][BLOCK][NUMBER][fromJson],group=group0,node=2f993327933ad58672518b6d4f63920cbc68b80f78f4d81192552ee6362f5cc81ee13bdc678ad65f06e76444cadb53b33694cfb3fc7679b8000411975fedd28a,blockNumber=1716
info|2023-07-08 03:27:16.653216|[RPCWS][SERVICE][onRecvBlockNotifier]receive block number notifier,group=group0,node=2f993327933ad58672518b6d4f63920cbc68b80f78f4d81192552ee6362f5cc81ee13bdc678ad65f06e76444cadb53b33694cfb3fc7679b8000411975fedd28a,blockNumber=1716
info|2023-07-08 03:27:16.653223|[WS]receive block notify,endpoint=127.0.0.1:20201,blk={
	"blockNumber" : 1716,
	"group" : "group0",
	"nodeName" : "2f993327933ad58672518b6d4f63920cbc68b80f78f4d81192552ee6362f5cc81ee13bdc678ad65f06e76444cadb53b33694cfb3fc7679b8000411975fedd28a"
}
info|2023-07-08 03:27:17.196915|[RPC][BLOCK][NUMBER][fromJson],group=group0,node=98a7f70ec883a722219d92253cf073a72605f4087aa3443c8e4aadc0af2dc3ac647d0fa1b5ac99cd6987abafe6d690ae71cd5fd2aeeabe7589bfb4748aabdfba,blockNumber=1717
info|2023-07-08 03:27:17.196964|[RPCWS][SERVICE][onRecvBlockNotifier]receive block number notifier,group=group0,node=98a7f70ec883a722219d92253cf073a72605f4087aa3443c8e4aadc0af2dc3ac647d0fa1b5ac99cd6987abafe6d690ae71cd5fd2aeeabe7589bfb4748aabdfba,blockNumber=1717
info|2023-07-08 03:27:17.196972|[RPCWS][SERVICE][updateGroupBlockNumber],groupID=group0,_blockNumber=1717
info|2023-07-08 03:27:17.196977|[RPCWS][SERVICE][onRecvBlockNotifier]block notifier callback,group=group0,node=98a7f70ec883a722219d92253cf073a72605f4087aa3443c8e4aadc0af2dc3ac647d0fa1b5ac99cd6987abafe6d690ae71cd5fd2aeeabe7589bfb4748aabdfba,blockNumber=1717
info|2023-07-08 03:27:17.196981|[WS]receive block notify,endpoint=127.0.0.1:20200,blk={
	"blockNumber" : 1717,
	"group" : "group0",
	"nodeName" : "98a7f70ec883a722219d92253cf073a72605f4087aa3443c8e4aadc0af2dc3ac647d0fa1b5ac99cd6987abafe6d690ae71cd5fd2aeeabe7589bfb4748aabdfba"
}
info|2023-07-08 03:27:17.252557|[RPC][BLOCK][NUMBER][fromJson],group=group0,node=2f993327933ad58672518b6d4f63920cbc68b80f78f4d81192552ee6362f5cc81ee13bdc678ad65f06e76444cadb53b33694cfb3fc7679b8000411975fedd28a,blockNumber=1717
info|2023-07-08 03:27:17.252578|[RPCWS][SERVICE][onRecvBlockNotifier]receive block number notifier,group=group0,node=2f993327933ad58672518b6d4f63920cbc68b80f78f4d81192552ee6362f5cc81ee13bdc678ad65f06e76444cadb53b33694cfb3fc7679b8000411975fedd28a,blockNumber=1717
info|2023-07-08 03:27:17.252586|[WS]receive block notify,endpoint=127.0.0.1:20201,blk={
	"blockNumber" : 1717,
	"group" : "group0",
	"nodeName" : "2f993327933ad58672518b6d4f63920cbc68b80f78f4d81192552ee6362f5cc81ee13bdc678ad65f06e76444cadb53b33694cfb3fc7679b8000411975fedd28a"
}
info|2023-07-08 03:27:17.805844|[RPC][BLOCK][NUMBER][fromJson],group=group0,node=98a7f70ec883a722219d92253cf073a72605f4087aa3443c8e4aadc0af2dc3ac647d0fa1b5ac99cd6987abafe6d690ae71cd5fd2aeeabe7589bfb4748aabdfba,blockNumber=1718
info|2023-07-08 03:27:17.805865|[RPCWS][SERVICE][onRecvBlockNotifier]receive block number notifier,group=group0,node=98a7f70ec883a722219d92253cf073a72605f4087aa3443c8e4aadc0af2dc3ac647d0fa1b5ac99cd6987abafe6d690ae71cd5fd2aeeabe7589bfb4748aabdfba,blockNumber=1718
info|2023-07-08 03:27:17.805870|[RPCWS][SERVICE][updateGroupBlockNumber],groupID=group0,_blockNumber=1718
info|2023-07-08 03:27:17.805874|[RPCWS][SERVICE][onRecvBlockNotifier]block notifier callback,group=group0,node=98a7f70ec883a722219d92253cf073a72605f4087aa3443c8e4aadc0af2dc3ac647d0fa1b5ac99cd6987abafe6d690ae71cd5fd2aeeabe7589bfb4748aabdfba,blockNumber=1718
info|2023-07-08 03:27:17.805877|[WS]receive block notify,endpoint=127.0.0.1:20200,blk={
	"blockNumber" : 1718,
	"group" : "group0",
	"nodeName" : "98a7f70ec883a722219d92253cf073a72605f4087aa3443c8e4aadc0af2dc3ac647d0fa1b5ac99cd6987abafe6d690ae71cd5fd2aeeabe7589bfb4748aabdfba"
}
info|2023-07-08 03:27:17.842156|[RPC][BLOCK][NUMBER][fromJson],group=group0,node=2f993327933ad58672518b6d4f63920cbc68b80f78f4d81192552ee6362f5cc81ee13bdc678ad65f06e76444cadb53b33694cfb3fc7679b8000411975fedd28a,blockNumber=1718
info|2023-07-08 03:27:17.842178|[RPCWS][SERVICE][onRecvBlockNotifier]receive block number notifier,group=group0,node=2f993327933ad58672518b6d4f63920cbc68b80f78f4d81192552ee6362f5cc81ee13bdc678ad65f06e76444cadb53b33694cfb3fc7679b8000411975fedd28a,blockNumber=1718
info|2023-07-08 03:27:17.842185|[WS]receive block notify,endpoint=127.0.0.1:20201,blk={
	"blockNumber" : 1718,
	"group" : "group0",
	"nodeName" : "2f993327933ad58672518b6d4f63920cbc68b80f78f4d81192552ee6362f5cc81ee13bdc678ad65f06e76444cadb53b33694cfb3fc7679b8000411975fedd28a"
}
info|2023-07-08 03:27:18.403018|[RPC][BLOCK][NUMBER][fromJson],group=group0,node=98a7f70ec883a722219d92253cf073a72605f4087aa3443c8e4aadc0af2dc3ac647d0fa1b5ac99cd6987abafe6d690ae71cd5fd2aeeabe7589bfb4748aabdfba,blockNumber=1719
info|2023-07-08 03:27:18.403038|[RPCWS][SERVICE][onRecvBlockNotifier]receive block number notifier,group=group0,node=98a7f70ec883a722219d92253cf073a72605f4087aa3443c8e4aadc0af2dc3ac647d0fa1b5ac99cd6987abafe6d690ae71cd5fd2aeeabe7589bfb4748aabdfba,blockNumber=1719
info|2023-07-08 03:27:18.403045|[RPCWS][SERVICE][updateGroupBlockNumber],groupID=group0,_blockNumber=1719
info|2023-07-08 03:27:18.403049|[RPCWS][SERVICE][onRecvBlockNotifier]block notifier callback,group=group0,node=98a7f70ec883a722219d92253cf073a72605f4087aa3443c8e4aadc0af2dc3ac647d0fa1b5ac99cd6987abafe6d690ae71cd5fd2aeeabe7589bfb4748aabdfba,blockNumber=1719
info|2023-07-08 03:27:18.403052|[WS]receive block notify,endpoint=127.0.0.1:20200,blk={
	"blockNumber" : 1719,
	"group" : "group0",
	"nodeName" : "98a7f70ec883a722219d92253cf073a72605f4087aa3443c8e4aadc0af2dc3ac647d0fa1b5ac99cd6987abafe6d690ae71cd5fd2aeeabe7589bfb4748aabdfba"
}
info|2023-07-08 03:27:18.453559|[RPC][BLOCK][NUMBER][fromJson],group=group0,node=2f993327933ad58672518b6d4f63920cbc68b80f78f4d81192552ee6362f5cc81ee13bdc678ad65f06e76444cadb53b33694cfb3fc7679b8000411975fedd28a,blockNumber=1719
info|2023-07-08 03:27:18.453593|[RPCWS][SERVICE][onRecvBlockNotifier]receive block number notifier,group=group0,node=2f993327933ad58672518b6d4f63920cbc68b80f78f4d81192552ee6362f5cc81ee13bdc678ad65f06e76444cadb53b33694cfb3fc7679b8000411975fedd28a,blockNumber=1719
info|2023-07-08 03:27:18.453600|[WS]receive block notify,endpoint=127.0.0.1:20201,blk={
	"blockNumber" : 1719,
	"group" : "group0",
	"nodeName" : "2f993327933ad58672518b6d4f63920cbc68b80f78f4d81192552ee6362f5cc81ee13bdc678ad65f06e76444cadb53b33694cfb3fc7679b8000411975fedd28a"
}
info|2023-07-08 03:27:18.937651|[RPC][BLOCK][NUMBER][fromJson],group=group0,node=98a7f70ec883a722219d92253cf073a72605f4087aa3443c8e4aadc0af2dc3ac647d0fa1b5ac99cd6987abafe6d690ae71cd5fd2aeeabe7589bfb4748aabdfba,blockNumber=1720
info|2023-07-08 03:27:18.937707|[RPCWS][SERVICE][onRecvBlockNotifier]receive block number notifier,group=group0,node=98a7f70ec883a722219d92253cf073a72605f4087aa3443c8e4aadc0af2dc3ac647d0fa1b5ac99cd6987abafe6d690ae71cd5fd2aeeabe7589bfb4748aabdfba,blockNumber=1720
info|2023-07-08 03:27:18.937714|[RPCWS][SERVICE][updateGroupBlockNumber],groupID=group0,_blockNumber=1720
info|2023-07-08 03:27:18.937718|[RPCWS][SERVICE][onRecvBlockNotifier]block notifier callback,group=group0,node=98a7f70ec883a722219d92253cf073a72605f4087aa3443c8e4aadc0af2dc3ac647d0fa1b5ac99cd6987abafe6d690ae71cd5fd2aeeabe7589bfb4748aabdfba,blockNumber=1720
info|2023-07-08 03:27:18.937721|[WS]receive block notify,endpoint=127.0.0.1:20200,blk={
	"blockNumber" : 1720,
	"group" : "group0",
	"nodeName" : "98a7f70ec883a722219d92253cf073a72605f4087aa3443c8e4aadc0af2dc3ac647d0fa1b5ac99cd6987abafe6d690ae71cd5fd2aeeabe7589bfb4748aabdfba"
}
info|2023-07-08 03:27:18.941619|[RPC][BLOCK][NUMBER][fromJson],group=group0,node=2f993327933ad58672518b6d4f63920cbc68b80f78f4d81192552ee6362f5cc81ee13bdc678ad65f06e76444cadb53b33694cfb3fc7679b8000411975fedd28a,blockNumber=1720
info|2023-07-08 03:27:18.941639|[RPCWS][SERVICE][onRecvBlockNotifier]receive block number notifier,group=group0,node=2f993327933ad58672518b6d4f63920cbc68b80f78f4d81192552ee6362f5cc81ee13bdc678ad65f06e76444cadb53b33694cfb3fc7679b8000411975fedd28a,blockNumber=1720
info|2023-07-08 03:27:18.941646|[WS]receive block notify,endpoint=127.0.0.1:20201,blk={
	"blockNumber" : 1720,
	"group" : "group0",
	"nodeName" : "2f993327933ad58672518b6d4f63920cbc68b80f78f4d81192552ee6362f5cc81ee13bdc678ad65f06e76444cadb53b33694cfb3fc7679b8000411975fedd28a"
}
info|2023-07-08 03:27:19.454708|[RPC][BLOCK][NUMBER][fromJson],group=group0,node=98a7f70ec883a722219d92253cf073a72605f4087aa3443c8e4aadc0af2dc3ac647d0fa1b5ac99cd6987abafe6d690ae71cd5fd2aeeabe7589bfb4748aabdfba,blockNumber=1721
info|2023-07-08 03:27:19.454741|[RPCWS][SERVICE][onRecvBlockNotifier]receive block number notifier,group=group0,node=98a7f70ec883a722219d92253cf073a72605f4087aa3443c8e4aadc0af2dc3ac647d0fa1b5ac99cd6987abafe6d690ae71cd5fd2aeeabe7589bfb4748aabdfba,blockNumber=1721
info|2023-07-08 03:27:19.454747|[RPCWS][SERVICE][updateGroupBlockNumber],groupID=group0,_blockNumber=1721
info|2023-07-08 03:27:19.454751|[RPCWS][SERVICE][onRecvBlockNotifier]block notifier callback,group=group0,node=98a7f70ec883a722219d92253cf073a72605f4087aa3443c8e4aadc0af2dc3ac647d0fa1b5ac99cd6987abafe6d690ae71cd5fd2aeeabe7589bfb4748aabdfba,blockNumber=1721
info|2023-07-08 03:27:19.454755|[WS]receive block notify,endpoint=127.0.0.1:20200,blk={
	"blockNumber" : 1721,
	"group" : "group0",
	"nodeName" : "98a7f70ec883a722219d92253cf073a72605f4087aa3443c8e4aadc0af2dc3ac647d0fa1b5ac99cd6987abafe6d690ae71cd5fd2aeeabe7589bfb4748aabdfba"
}
info|2023-07-08 03:27:19.512032|[RPC][BLOCK][NUMBER][fromJson],group=group0,node=2f993327933ad58672518b6d4f63920cbc68b80f78f4d81192552ee6362f5cc81ee13bdc678ad65f06e76444cadb53b33694cfb3fc7679b8000411975fedd28a,blockNumber=1721
info|2023-07-08 03:27:19.512066|[RPCWS][SERVICE][onRecvBlockNotifier]receive block number notifier,group=group0,node=2f993327933ad58672518b6d4f63920cbc68b80f78f4d81192552ee6362f5cc81ee13bdc678ad65f06e76444cadb53b33694cfb3fc7679b8000411975fedd28a,blockNumber=1721
info|2023-07-08 03:27:19.512074|[WS]receive block notify,endpoint=127.0.0.1:20201,blk={
	"blockNumber" : 1721,
	"group" : "group0",
	"nodeName" : "2f993327933ad58672518b6d4f63920cbc68b80f78f4d81192552ee6362f5cc81ee13bdc678ad65f06e76444cadb53b33694cfb3fc7679b8000411975fedd28a"
}
info|2023-07-08 03:27:20.071770|[RPC][BLOCK][NUMBER][fromJson],group=group0,node=2f993327933ad58672518b6d4f63920cbc68b80f78f4d81192552ee6362f5cc81ee13bdc678ad65f06e76444cadb53b33694cfb3fc7679b8000411975fedd28a,blockNumber=1722
info|2023-07-08 03:27:20.071791|[RPCWS][SERVICE][onRecvBlockNotifier]receive block number notifier,group=group0,node=2f993327933ad58672518b6d4f63920cbc68b80f78f4d81192552ee6362f5cc81ee13bdc678ad65f06e76444cadb53b33694cfb3fc7679b8000411975fedd28a,blockNumber=1722
info|2023-07-08 03:27:20.071795|[RPCWS][SERVICE][updateGroupBlockNumber],groupID=group0,_blockNumber=1722
info|2023-07-08 03:27:20.071800|[RPCWS][SERVICE][onRecvBlockNotifier]block notifier callback,group=group0,node=2f993327933ad58672518b6d4f63920cbc68b80f78f4d81192552ee6362f5cc81ee13bdc678ad65f06e76444cadb53b33694cfb3fc7679b8000411975fedd28a,blockNumber=1722
info|2023-07-08 03:27:20.071803|[WS]receive block notify,endpoint=127.0.0.1:20201,blk={
	"blockNumber" : 1722,
	"group" : "group0",
	"nodeName" : "2f993327933ad58672518b6d4f63920cbc68b80f78f4d81192552ee6362f5cc81ee13bdc678ad65f06e76444cadb53b33694cfb3fc7679b8000411975fedd28a"
}
info|2023-07-08 03:27:20.073728|[RPC][BLOCK][NUMBER][fromJson],group=group0,node=98a7f70ec883a722219d92253cf073a72605f4087aa3443c8e4aadc0af2dc3ac647d0fa1b5ac99cd6987abafe6d690ae71cd5fd2aeeabe7589bfb4748aabdfba,blockNumber=1722
info|2023-07-08 03:27:20.073774|[RPCWS][SERVICE][onRecvBlockNotifier]receive block number notifier,group=group0,node=98a7f70ec883a722219d92253cf073a72605f4087aa3443c8e4aadc0af2dc3ac647d0fa1b5ac99cd6987abafe6d690ae71cd5fd2aeeabe7589bfb4748aabdfba,blockNumber=1722
info|2023-07-08 03:27:20.073783|[WS]receive block notify,endpoint=127.0.0.1:20200,blk={
	"blockNumber" : 1722,
	"group" : "group0",
	"nodeName" : "98a7f70ec883a722219d92253cf073a72605f4087aa3443c8e4aadc0af2dc3ac647d0fa1b5ac99cd6987abafe6d690ae71cd5fd2aeeabe7589bfb4748aabdfba"
}
info|2023-07-08 03:27:20.649630|[RPC][BLOCK][NUMBER][fromJson],group=group0,node=2f993327933ad58672518b6d4f63920cbc68b80f78f4d81192552ee6362f5cc81ee13bdc678ad65f06e76444cadb53b33694cfb3fc7679b8000411975fedd28a,blockNumber=1723
info|2023-07-08 03:27:20.649666|[RPCWS][SERVICE][onRecvBlockNotifier]receive block number notifier,group=group0,node=2f993327933ad58672518b6d4f63920cbc68b80f78f4d81192552ee6362f5cc81ee13bdc678ad65f06e76444cadb53b33694cfb3fc7679b8000411975fedd28a,blockNumber=1723
info|2023-07-08 03:27:20.649672|[RPCWS][SERVICE][updateGroupBlockNumber],groupID=group0,_blockNumber=1723
info|2023-07-08 03:27:20.649677|[RPCWS][SERVICE][onRecvBlockNotifier]block notifier callback,group=group0,node=2f993327933ad58672518b6d4f63920cbc68b80f78f4d81192552ee6362f5cc81ee13bdc678ad65f06e76444cadb53b33694cfb3fc7679b8000411975fedd28a,blockNumber=1723
info|2023-07-08 03:27:20.649680|[WS]receive block notify,endpoint=127.0.0.1:20201,blk={
	"blockNumber" : 1723,
	"group" : "group0",
	"nodeName" : "2f993327933ad58672518b6d4f63920cbc68b80f78f4d81192552ee6362f5cc81ee13bdc678ad65f06e76444cadb53b33694cfb3fc7679b8000411975fedd28a"
}
info|2023-07-08 03:27:20.652328|[RPC][BLOCK][NUMBER][fromJson],group=group0,node=98a7f70ec883a722219d92253cf073a72605f4087aa3443c8e4aadc0af2dc3ac647d0fa1b5ac99cd6987abafe6d690ae71cd5fd2aeeabe7589bfb4748aabdfba,blockNumber=1723
info|2023-07-08 03:27:20.652349|[RPCWS][SERVICE][onRecvBlockNotifier]receive block number notifier,group=group0,node=98a7f70ec883a722219d92253cf073a72605f4087aa3443c8e4aadc0af2dc3ac647d0fa1b5ac99cd6987abafe6d690ae71cd5fd2aeeabe7589bfb4748aabdfba,blockNumber=1723
info|2023-07-08 03:27:20.652356|[WS]receive block notify,endpoint=127.0.0.1:20200,blk={
	"blockNumber" : 1723,
	"group" : "group0",
	"nodeName" : "98a7f70ec883a722219d92253cf073a72605f4087aa3443c8e4aadc0af2dc3ac647d0fa1b5ac99cd6987abafe6d690ae71cd5fd2aeeabe7589bfb4748aabdfba"
}
info|2023-07-08 03:27:21.138967|[RPC][BLOCK][NUMBER][fromJson],group=group0,node=98a7f70ec883a722219d92253cf073a72605f4087aa3443c8e4aadc0af2dc3ac647d0fa1b5ac99cd6987abafe6d690ae71cd5fd2aeeabe7589bfb4748aabdfba,blockNumber=1724
info|2023-07-08 03:27:21.139044|[RPCWS][SERVICE][onRecvBlockNotifier]receive block number notifier,group=group0,node=98a7f70ec883a722219d92253cf073a72605f4087aa3443c8e4aadc0af2dc3ac647d0fa1b5ac99cd6987abafe6d690ae71cd5fd2aeeabe7589bfb4748aabdfba,blockNumber=1724
info|2023-07-08 03:27:21.139050|[RPCWS][SERVICE][updateGroupBlockNumber],groupID=group0,_blockNumber=1724
info|2023-07-08 03:27:21.139055|[RPCWS][SERVICE][onRecvBlockNotifier]block notifier callback,group=group0,node=98a7f70ec883a722219d92253cf073a72605f4087aa3443c8e4aadc0af2dc3ac647d0fa1b5ac99cd6987abafe6d690ae71cd5fd2aeeabe7589bfb4748aabdfba,blockNumber=1724
info|2023-07-08 03:27:21.139058|[WS]receive block notify,endpoint=127.0.0.1:20200,blk={
	"blockNumber" : 1724,
	"group" : "group0",
	"nodeName" : "98a7f70ec883a722219d92253cf073a72605f4087aa3443c8e4aadc0af2dc3ac647d0fa1b5ac99cd6987abafe6d690ae71cd5fd2aeeabe7589bfb4748aabdfba"
}
info|2023-07-08 03:27:21.262912|[RPC][BLOCK][NUMBER][fromJson],group=group0,node=2f993327933ad58672518b6d4f63920cbc68b80f78f4d81192552ee6362f5cc81ee13bdc678ad65f06e76444cadb53b33694cfb3fc7679b8000411975fedd28a,blockNumber=1724
info|2023-07-08 03:27:21.262948|[RPCWS][SERVICE][onRecvBlockNotifier]receive block number notifier,group=group0,node=2f993327933ad58672518b6d4f63920cbc68b80f78f4d81192552ee6362f5cc81ee13bdc678ad65f06e76444cadb53b33694cfb3fc7679b8000411975fedd28a,blockNumber=1724
info|2023-07-08 03:27:21.262956|[WS]receive block notify,endpoint=127.0.0.1:20201,blk={
	"blockNumber" : 1724,
	"group" : "group0",
	"nodeName" : "2f993327933ad58672518b6d4f63920cbc68b80f78f4d81192552ee6362f5cc81ee13bdc678ad65f06e76444cadb53b33694cfb3fc7679b8000411975fedd28a"
}
info|2023-07-08 03:27:21.675443|[RPC][BLOCK][NUMBER][fromJson],group=group0,node=2f993327933ad58672518b6d4f63920cbc68b80f78f4d81192552ee6362f5cc81ee13bdc678ad65f06e76444cadb53b33694cfb3fc7679b8000411975fedd28a,blockNumber=1725
info|2023-07-08 03:27:21.675464|[RPCWS][SERVICE][onRecvBlockNotifier]receive block number notifier,group=group0,node=2f993327933ad58672518b6d4f63920cbc68b80f78f4d81192552ee6362f5cc81ee13bdc678ad65f06e76444cadb53b33694cfb3fc7679b8000411975fedd28a,blockNumber=1725
info|2023-07-08 03:27:21.675470|[RPCWS][SERVICE][updateGroupBlockNumber],groupID=group0,_blockNumber=1725
info|2023-07-08 03:27:21.675475|[RPCWS][SERVICE][onRecvBlockNotifier]block notifier callback,group=group0,node=2f993327933ad58672518b6d4f63920cbc68b80f78f4d81192552ee6362f5cc81ee13bdc678ad65f06e76444cadb53b33694cfb3fc7679b8000411975fedd28a,blockNumber=1725
info|2023-07-08 03:27:21.675478|[WS]receive block notify,endpoint=127.0.0.1:20201,blk={
	"blockNumber" : 1725,
	"group" : "group0",
	"nodeName" : "2f993327933ad58672518b6d4f63920cbc68b80f78f4d81192552ee6362f5cc81ee13bdc678ad65f06e76444cadb53b33694cfb3fc7679b8000411975fedd28a"
}
info|2023-07-08 03:27:21.681111|[RPC][BLOCK][NUMBER][fromJson],group=group0,node=98a7f70ec883a722219d92253cf073a72605f4087aa3443c8e4aadc0af2dc3ac647d0fa1b5ac99cd6987abafe6d690ae71cd5fd2aeeabe7589bfb4748aabdfba,blockNumber=1725
info|2023-07-08 03:27:21.681157|[RPCWS][SERVICE][onRecvBlockNotifier]receive block number notifier,group=group0,node=98a7f70ec883a722219d92253cf073a72605f4087aa3443c8e4aadc0af2dc3ac647d0fa1b5ac99cd6987abafe6d690ae71cd5fd2aeeabe7589bfb4748aabdfba,blockNumber=1725
info|2023-07-08 03:27:21.681165|[WS]receive block notify,endpoint=127.0.0.1:20200,blk={
	"blockNumber" : 1725,
	"group" : "group0",
	"nodeName" : "98a7f70ec883a722219d92253cf073a72605f4087aa3443c8e4aadc0af2dc3ac647d0fa1b5ac99cd6987abafe6d690ae71cd5fd2aeeabe7589bfb4748aabdfba"
}
info|2023-07-08 03:27:22.231396|[RPC][BLOCK][NUMBER][fromJson],group=group0,node=98a7f70ec883a722219d92253cf073a72605f4087aa3443c8e4aadc0af2dc3ac647d0fa1b5ac99cd6987abafe6d690ae71cd5fd2aeeabe7589bfb4748aabdfba,blockNumber=1726
info|2023-07-08 03:27:22.231418|[RPCWS][SERVICE][onRecvBlockNotifier]receive block number notifier,group=group0,node=98a7f70ec883a722219d92253cf073a72605f4087aa3443c8e4aadc0af2dc3ac647d0fa1b5ac99cd6987abafe6d690ae71cd5fd2aeeabe7589bfb4748aabdfba,blockNumber=1726
info|2023-07-08 03:27:22.231424|[RPCWS][SERVICE][updateGroupBlockNumber],groupID=group0,_blockNumber=1726
info|2023-07-08 03:27:22.231428|[RPCWS][SERVICE][onRecvBlockNotifier]block notifier callback,group=group0,node=98a7f70ec883a722219d92253cf073a72605f4087aa3443c8e4aadc0af2dc3ac647d0fa1b5ac99cd6987abafe6d690ae71cd5fd2aeeabe7589bfb4748aabdfba,blockNumber=1726
info|2023-07-08 03:27:22.231432|[WS]receive block notify,endpoint=127.0.0.1:20200,blk={
	"blockNumber" : 1726,
	"group" : "group0",
	"nodeName" : "98a7f70ec883a722219d92253cf073a72605f4087aa3443c8e4aadc0af2dc3ac647d0fa1b5ac99cd6987abafe6d690ae71cd5fd2aeeabe7589bfb4748aabdfba"
}
info|2023-07-08 03:27:22.276606|[RPC][BLOCK][NUMBER][fromJson],group=group0,node=2f993327933ad58672518b6d4f63920cbc68b80f78f4d81192552ee6362f5cc81ee13bdc678ad65f06e76444cadb53b33694cfb3fc7679b8000411975fedd28a,blockNumber=1726
info|2023-07-08 03:27:22.276629|[RPCWS][SERVICE][onRecvBlockNotifier]receive block number notifier,group=group0,node=2f993327933ad58672518b6d4f63920cbc68b80f78f4d81192552ee6362f5cc81ee13bdc678ad65f06e76444cadb53b33694cfb3fc7679b8000411975fedd28a,blockNumber=1726
info|2023-07-08 03:27:22.276638|[WS]receive block notify,endpoint=127.0.0.1:20201,blk={
	"blockNumber" : 1726,
	"group" : "group0",
	"nodeName" : "2f993327933ad58672518b6d4f63920cbc68b80f78f4d81192552ee6362f5cc81ee13bdc678ad65f06e76444cadb53b33694cfb3fc7679b8000411975fedd28a"
}
info|2023-07-08 03:27:26.811113|[SDK][WS][SERVICE]connected nodes,count=2
info|2023-07-08 03:27:26.851134|[EVENT][SUB][doLoop]event sub tasks report,working event sub count=0,suspend event sub count=0
info|2023-07-08 03:27:46.811268|[SDK][WS][SERVICE]connected nodes,count=2
info|2023-07-08 03:27:46.851274|[EVENT][SUB][doLoop]event sub tasks report,working event sub count=0,suspend event sub count=0
info|2023-07-08 03:28:06.811563|[SDK][WS][SERVICE]connected nodes,count=2
info|2023-07-08 03:28:06.851588|[EVENT][SUB][doLoop]event sub tasks report,working event sub count=0,suspend event sub count=0
info|2023-07-08 03:28:26.812341|[SDK][WS][SERVICE]connected nodes,count=2
info|2023-07-08 03:28:26.851683|[EVENT][SUB][doLoop]event sub tasks report,working event sub count=0,suspend event sub count=0
info|2023-07-08 03:28:46.813113|[SDK][WS][SERVICE]connected nodes,count=2
info|2023-07-08 03:28:46.852359|[EVENT][SUB][doLoop]event sub tasks report,working event sub count=0,suspend event sub count=0
info|2023-07-08 03:29:06.813474|[SDK][WS][SERVICE]connected nodes,count=2
info|2023-07-08 03:29:06.852726|[EVENT][SUB][doLoop]event sub tasks report,working event sub count=0,suspend event sub count=0
info|2023-07-08 03:29:26.813747|[SDK][WS][SERVICE]connected nodes,count=2
info|2023-07-08 03:29:26.853213|[EVENT][SUB][doLoop]event sub tasks report,working event sub count=0,suspend event sub count=0
info|2023-07-08 03:29:46.814134|[SDK][WS][SERVICE]connected nodes,count=2
info|2023-07-08 03:29:46.853679|[EVENT][SUB][doLoop]event sub tasks report,working event sub count=0,suspend event sub count=0
info|2023-07-08 03:30:06.814594|[SDK][WS][SERVICE]connected nodes,count=2
info|2023-07-08 03:30:06.854043|[EVENT][SUB][doLoop]event sub tasks report,working event sub count=0,suspend event sub count=0
info|2023-07-08 03:30:26.815182|[SDK][WS][SERVICE]connected nodes,count=2
info|2023-07-08 03:30:26.854209|[EVENT][SUB][doLoop]event sub tasks report,working event sub count=0,suspend event sub count=0
info|2023-07-08 03:30:46.815875|[SDK][WS][SERVICE]connected nodes,count=2
info|2023-07-08 03:30:46.854621|[EVENT][SUB][doLoop]event sub tasks report,working event sub count=0,suspend event sub count=0
info|2023-07-08 03:31:06.816296|[SDK][WS][SERVICE]connected nodes,count=2
info|2023-07-08 03:31:06.855109|[EVENT][SUB][doLoop]event sub tasks report,working event sub count=0,suspend event sub count=0
info|2023-07-08 03:31:26.816828|[SDK][WS][SERVICE]connected nodes,count=2
info|2023-07-08 03:31:26.855325|[EVENT][SUB][doLoop]event sub tasks report,working event sub count=0,suspend event sub count=0
info|2023-07-08 03:31:46.817311|[SDK][WS][SERVICE]connected nodes,count=2
info|2023-07-08 03:31:46.855486|[EVENT][SUB][doLoop]event sub tasks report,working event sub count=0,suspend event sub count=0
info|2023-07-08 03:32:06.817900|[SDK][WS][SERVICE]connected nodes,count=2
info|2023-07-08 03:32:06.855531|[EVENT][SUB][doLoop]event sub tasks report,working event sub count=0,suspend event sub count=0
info|2023-07-08 03:32:26.818058|[SDK][WS][SERVICE]connected nodes,count=2
info|2023-07-08 03:32:26.856072|[EVENT][SUB][doLoop]event sub tasks report,working event sub count=0,suspend event sub count=0
info|2023-07-08 03:32:46.818200|[SDK][WS][SERVICE]connected nodes,count=2
info|2023-07-08 03:32:46.856382|[EVENT][SUB][doLoop]event sub tasks report,working event sub count=0,suspend event sub count=0
info|2023-07-08 03:33:06.818399|[SDK][WS][SERVICE]connected nodes,count=2
info|2023-07-08 03:33:06.856519|[EVENT][SUB][doLoop]event sub tasks report,working event sub count=0,suspend event sub count=0
info|2023-07-08 03:33:26.818649|[SDK][WS][SERVICE]connected nodes,count=2
info|2023-07-08 03:33:26.856602|[EVENT][SUB][doLoop]event sub tasks report,working event sub count=0,suspend event sub count=0
info|2023-07-08 03:33:46.819298|[SDK][WS][SERVICE]connected nodes,count=2
info|2023-07-08 03:33:46.857087|[EVENT][SUB][doLoop]event sub tasks report,working event sub count=0,suspend event sub count=0
info|2023-07-08 03:34:06.819636|[SDK][WS][SERVICE]connected nodes,count=2
info|2023-07-08 03:34:06.857304|[EVENT][SUB][doLoop]event sub tasks report,working event sub count=0,suspend event sub count=0
info|2023-07-08 03:34:26.819767|[SDK][WS][SERVICE]connected nodes,count=2
info|2023-07-08 03:34:26.857550|[EVENT][SUB][doLoop]event sub tasks report,working event sub count=0,suspend event sub count=0
info|2023-07-08 03:34:46.820257|[SDK][WS][SERVICE]connected nodes,count=2
info|2023-07-08 03:34:46.857877|[EVENT][SUB][doLoop]event sub tasks report,working event sub count=0,suspend event sub count=0
info|2023-07-08 03:35:06.820573|[SDK][WS][SERVICE]connected nodes,count=2
info|2023-07-08 03:35:06.858206|[EVENT][SUB][doLoop]event sub tasks report,working event sub count=0,suspend event sub count=0
info|2023-07-08 03:35:26.820847|[SDK][WS][SERVICE]connected nodes,count=2
info|2023-07-08 03:35:26.858450|[EVENT][SUB][doLoop]event sub tasks report,working event sub count=0,suspend event sub count=0
info|2023-07-08 03:35:46.821231|[SDK][WS][SERVICE]connected nodes,count=2
info|2023-07-08 03:35:46.858866|[EVENT][SUB][doLoop]event sub tasks report,working event sub count=0,suspend event sub count=0
info|2023-07-08 03:36:06.821785|[SDK][WS][SERVICE]connected nodes,count=2
info|2023-07-08 03:36:06.859319|[EVENT][SUB][doLoop]event sub tasks report,working event sub count=0,suspend event sub count=0
info|2023-07-08 03:36:26.821953|[SDK][WS][SERVICE]connected nodes,count=2
info|2023-07-08 03:36:26.859430|[EVENT][SUB][doLoop]event sub tasks report,working event sub count=0,suspend event sub count=0
info|2023-07-08 03:36:46.822350|[SDK][WS][SERVICE]connected nodes,count=2
info|2023-07-08 03:36:46.859911|[EVENT][SUB][doLoop]event sub tasks report,working event sub count=0,suspend event sub count=0
info|2023-07-08 03:37:06.822596|[SDK][WS][SERVICE]connected nodes,count=2
info|2023-07-08 03:37:06.860316|[EVENT][SUB][doLoop]event sub tasks report,working event sub count=0,suspend event sub count=0
info|2023-07-08 03:37:26.823410|[SDK][WS][SERVICE]connected nodes,count=2
info|2023-07-08 03:37:26.860952|[EVENT][SUB][doLoop]event sub tasks report,working event sub count=0,suspend event sub count=0
info|2023-07-08 03:37:46.823873|[SDK][WS][SERVICE]connected nodes,count=2
info|2023-07-08 03:37:46.861161|[EVENT][SUB][doLoop]event sub tasks report,working event sub count=0,suspend event sub count=0
info|2023-07-08 03:38:06.824328|[SDK][WS][SERVICE]connected nodes,count=2
info|2023-07-08 03:38:06.861252|[EVENT][SUB][doLoop]event sub tasks report,working event sub count=0,suspend event sub count=0
info|2023-07-08 03:38:26.824614|[SDK][WS][SERVICE]connected nodes,count=2
info|2023-07-08 03:38:26.861339|[EVENT][SUB][doLoop]event sub tasks report,working event sub count=0,suspend event sub count=0
info|2023-07-08 03:38:46.825268|[SDK][WS][SERVICE]connected nodes,count=2
info|2023-07-08 03:38:46.861476|[EVENT][SUB][doLoop]event sub tasks report,working event sub count=0,suspend event sub count=0
info|2023-07-08 03:39:06.825767|[SDK][WS][SERVICE]connected nodes,count=2
info|2023-07-08 03:39:06.861631|[EVENT][SUB][doLoop]event sub tasks report,working event sub count=0,suspend event sub count=0
info|2023-07-08 03:39:26.826390|[SDK][WS][SERVICE]connected nodes,count=2
info|2023-07-08 03:39:26.861925|[EVENT][SUB][doLoop]event sub tasks report,working event sub count=0,suspend event sub count=0
info|2023-07-08 03:39:46.826829|[SDK][WS][SERVICE]connected nodes,count=2
info|2023-07-08 03:39:46.861989|[EVENT][SUB][doLoop]event sub tasks report,working event sub count=0,suspend event sub count=0
info|2023-07-08 03:40:06.827025|[SDK][WS][SERVICE]connected nodes,count=2
info|2023-07-08 03:40:06.862113|[EVENT][SUB][doLoop]event sub tasks report,working event sub count=0,suspend event sub count=0
info|2023-07-08 03:40:26.827272|[SDK][WS][SERVICE]connected nodes,count=2
info|2023-07-08 03:40:26.862776|[EVENT][SUB][doLoop]event sub tasks report,working event sub count=0,suspend event sub count=0
info|2023-07-08 03:40:46.827743|[SDK][WS][SERVICE]connected nodes,count=2
info|2023-07-08 03:40:46.863536|[EVENT][SUB][doLoop]event sub tasks report,working event sub count=0,suspend event sub count=0
info|2023-07-08 03:41:06.828096|[SDK][WS][SERVICE]connected nodes,count=2
info|2023-07-08 03:41:06.864052|[EVENT][SUB][doLoop]event sub tasks report,working event sub count=0,suspend event sub count=0
info|2023-07-08 03:41:26.828291|[SDK][WS][SERVICE]connected nodes,count=2
info|2023-07-08 03:41:26.864791|[EVENT][SUB][doLoop]event sub tasks report,working event sub count=0,suspend event sub count=0
info|2023-07-08 03:41:46.828775|[SDK][WS][SERVICE]connected nodes,count=2
info|2023-07-08 03:41:46.865039|[EVENT][SUB][doLoop]event sub tasks report,working event sub count=0,suspend event sub count=0
info|2023-07-08 03:42:06.829058|[SDK][WS][SERVICE]connected nodes,count=2
info|2023-07-08 03:42:06.865445|[EVENT][SUB][doLoop]event sub tasks report,working event sub count=0,suspend event sub count=0
info|2023-07-08 03:42:26.829639|[SDK][WS][SERVICE]connected nodes,count=2
info|2023-07-08 03:42:26.865545|[EVENT][SUB][doLoop]event sub tasks report,working event sub count=0,suspend event sub count=0
info|2023-07-08 03:42:46.829902|[SDK][WS][SERVICE]connected nodes,count=2
info|2023-07-08 03:42:46.865660|[EVENT][SUB][doLoop]event sub tasks report,working event sub count=0,suspend event sub count=0
info|2023-07-08 03:43:06.830637|[SDK][WS][SERVICE]connected nodes,count=2
info|2023-07-08 03:43:06.866170|[EVENT][SUB][doLoop]event sub tasks report,working event sub count=0,suspend event sub count=0
info|2023-07-08 03:43:26.831222|[SDK][WS][SERVICE]connected nodes,count=2
info|2023-07-08 03:43:26.866645|[EVENT][SUB][doLoop]event sub tasks report,working event sub count=0,suspend event sub count=0
info|2023-07-08 03:43:46.831713|[SDK][WS][SERVICE]connected nodes,count=2
info|2023-07-08 03:43:46.867167|[EVENT][SUB][doLoop]event sub tasks report,working event sub count=0,suspend event sub count=0
info|2023-07-08 03:44:06.832121|[SDK][WS][SERVICE]connected nodes,count=2
info|2023-07-08 03:44:06.867484|[EVENT][SUB][doLoop]event sub tasks report,working event sub count=0,suspend event sub count=0
info|2023-07-08 03:44:26.832371|[SDK][WS][SERVICE]connected nodes,count=2
info|2023-07-08 03:44:26.867618|[EVENT][SUB][doLoop]event sub tasks report,working event sub count=0,suspend event sub count=0
info|2023-07-08 03:44:46.832472|[SDK][WS][SERVICE]connected nodes,count=2
info|2023-07-08 03:44:46.867845|[EVENT][SUB][doLoop]event sub tasks report,working event sub count=0,suspend event sub count=0
info|2023-07-08 03:45:06.833032|[SDK][WS][SERVICE]connected nodes,count=2
info|2023-07-08 03:45:06.868165|[EVENT][SUB][doLoop]event sub tasks report,working event sub count=0,suspend event sub count=0
info|2023-07-08 03:45:26.833473|[SDK][WS][SERVICE]connected nodes,count=2
info|2023-07-08 03:45:26.868288|[EVENT][SUB][doLoop]event sub tasks report,working event sub count=0,suspend event sub count=0
info|2023-07-08 03:45:46.833688|[SDK][WS][SERVICE]connected nodes,count=2
info|2023-07-08 03:45:46.868343|[EVENT][SUB][doLoop]event sub tasks report,working event sub count=0,suspend event sub count=0
info|2023-07-08 03:46:06.833908|[SDK][WS][SERVICE]connected nodes,count=2
info|2023-07-08 03:46:06.869104|[EVENT][SUB][doLoop]event sub tasks report,working event sub count=0,suspend event sub count=0
info|2023-07-08 03:46:26.834658|[SDK][WS][SERVICE]connected nodes,count=2
info|2023-07-08 03:46:26.869319|[EVENT][SUB][doLoop]event sub tasks report,working event sub count=0,suspend event sub count=0
info|2023-07-08 03:46:46.835296|[SDK][WS][SERVICE]connected nodes,count=2
info|2023-07-08 03:46:46.869477|[EVENT][SUB][doLoop]event sub tasks report,working event sub count=0,suspend event sub count=0
info|2023-07-08 03:47:06.835708|[SDK][WS][SERVICE]connected nodes,count=2
info|2023-07-08 03:47:06.869626|[EVENT][SUB][doLoop]event sub tasks report,working event sub count=0,suspend event sub count=0
info|2023-07-08 03:47:26.836166|[SDK][WS][SERVICE]connected nodes,count=2
info|2023-07-08 03:47:26.869880|[EVENT][SUB][doLoop]event sub tasks report,working event sub count=0,suspend event sub count=0
info|2023-07-08 03:47:46.836492|[SDK][WS][SERVICE]connected nodes,count=2
info|2023-07-08 03:47:46.870121|[EVENT][SUB][doLoop]event sub tasks report,working event sub count=0,suspend event sub count=0
info|2023-07-08 03:48:06.837186|[SDK][WS][SERVICE]connected nodes,count=2
info|2023-07-08 03:48:06.870563|[EVENT][SUB][doLoop]event sub tasks report,working event sub count=0,suspend event sub count=0
info|2023-07-08 03:48:26.837864|[SDK][WS][SERVICE]connected nodes,count=2
info|2023-07-08 03:48:26.870712|[EVENT][SUB][doLoop]event sub tasks report,working event sub count=0,suspend event sub count=0
info|2023-07-08 03:48:46.838445|[SDK][WS][SERVICE]connected nodes,count=2
info|2023-07-08 03:48:46.870848|[EVENT][SUB][doLoop]event sub tasks report,working event sub count=0,suspend event sub count=0
info|2023-07-08 03:49:06.838617|[SDK][WS][SERVICE]connected nodes,count=2
info|2023-07-08 03:49:06.871579|[EVENT][SUB][doLoop]event sub tasks report,working event sub count=0,suspend event sub count=0
info|2023-07-08 03:49:26.838894|[SDK][WS][SERVICE]connected nodes,count=2
info|2023-07-08 03:49:26.872130|[EVENT][SUB][doLoop]event sub tasks report,working event sub count=0,suspend event sub count=0
info|2023-07-08 03:49:46.839255|[SDK][WS][SERVICE]connected nodes,count=2
info|2023-07-08 03:49:46.872792|[EVENT][SUB][doLoop]event sub tasks report,working event sub count=0,suspend event sub count=0
info|2023-07-08 03:50:06.839927|[SDK][WS][SERVICE]connected nodes,count=2
info|2023-07-08 03:50:06.873105|[EVENT][SUB][doLoop]event sub tasks report,working event sub count=0,suspend event sub count=0
info|2023-07-08 03:50:26.840212|[SDK][WS][SERVICE]connected nodes,count=2
info|2023-07-08 03:50:26.873448|[EVENT][SUB][doLoop]event sub tasks report,working event sub count=0,suspend event sub count=0
info|2023-07-08 03:50:46.840636|[SDK][WS][SERVICE]connected nodes,count=2
info|2023-07-08 03:50:46.873653|[EVENT][SUB][doLoop]event sub tasks report,working event sub count=0,suspend event sub count=0
info|2023-07-08 03:51:06.840738|[SDK][WS][SERVICE]connected nodes,count=2
info|2023-07-08 03:51:06.873780|[EVENT][SUB][doLoop]event sub tasks report,working event sub count=0,suspend event sub count=0
info|2023-07-08 03:51:26.840978|[SDK][WS][SERVICE]connected nodes,count=2
info|2023-07-08 03:51:26.874156|[EVENT][SUB][doLoop]event sub tasks report,working event sub count=0,suspend event sub count=0
info|2023-07-08 03:51:46.841122|[SDK][WS][SERVICE]connected nodes,count=2
info|2023-07-08 03:51:46.874492|[EVENT][SUB][doLoop]event sub tasks report,working event sub count=0,suspend event sub count=0
info|2023-07-08 03:52:06.841856|[SDK][WS][SERVICE]connected nodes,count=2
info|2023-07-08 03:52:06.875086|[EVENT][SUB][doLoop]event sub tasks report,working event sub count=0,suspend event sub count=0
info|2023-07-08 03:52:26.842262|[SDK][WS][SERVICE]connected nodes,count=2
info|2023-07-08 03:52:26.875351|[EVENT][SUB][doLoop]event sub tasks report,working event sub count=0,suspend event sub count=0
info|2023-07-08 03:52:46.842486|[SDK][WS][SERVICE]connected nodes,count=2
info|2023-07-08 03:52:46.875547|[EVENT][SUB][doLoop]event sub tasks report,working event sub count=0,suspend event sub count=0
info|2023-07-08 03:53:06.842619|[SDK][WS][SERVICE]connected nodes,count=2
info|2023-07-08 03:53:06.875993|[EVENT][SUB][doLoop]event sub tasks report,working event sub count=0,suspend event sub count=0
info|2023-07-08 03:53:26.843305|[SDK][WS][SERVICE]connected nodes,count=2
info|2023-07-08 03:53:26.876444|[EVENT][SUB][doLoop]event sub tasks report,working event sub count=0,suspend event sub count=0
info|2023-07-08 03:53:46.843494|[SDK][WS][SERVICE]connected nodes,count=2
info|2023-07-08 03:53:46.876943|[EVENT][SUB][doLoop]event sub tasks report,working event sub count=0,suspend event sub count=0
info|2023-07-08 03:54:06.844080|[SDK][WS][SERVICE]connected nodes,count=2
info|2023-07-08 03:54:06.877151|[EVENT][SUB][doLoop]event sub tasks report,working event sub count=0,suspend event sub count=0
info|2023-07-08 03:54:26.845024|[SDK][WS][SERVICE]connected nodes,count=2
info|2023-07-08 03:54:26.877381|[EVENT][SUB][doLoop]event sub tasks report,working event sub count=0,suspend event sub count=0
info|2023-07-08 03:54:46.845606|[SDK][WS][SERVICE]connected nodes,count=2
info|2023-07-08 03:54:46.877997|[EVENT][SUB][doLoop]event sub tasks report,working event sub count=0,suspend event sub count=0
info|2023-07-08 03:55:06.845919|[SDK][WS][SERVICE]connected nodes,count=2
info|2023-07-08 03:55:06.879188|[EVENT][SUB][doLoop]event sub tasks report,working event sub count=0,suspend event sub count=0
info|2023-07-08 03:55:26.846559|[SDK][WS][SERVICE]connected nodes,count=2
info|2023-07-08 03:55:26.879835|[EVENT][SUB][doLoop]event sub tasks report,working event sub count=0,suspend event sub count=0
info|2023-07-08 03:55:46.847298|[SDK][WS][SERVICE]connected nodes,count=2
info|2023-07-08 03:55:46.880037|[EVENT][SUB][doLoop]event sub tasks report,working event sub count=0,suspend event sub count=0
info|2023-07-08 03:56:06.847523|[SDK][WS][SERVICE]connected nodes,count=2
info|2023-07-08 03:56:06.880384|[EVENT][SUB][doLoop]event sub tasks report,working event sub count=0,suspend event sub count=0
info|2023-07-08 03:56:26.847850|[SDK][WS][SERVICE]connected nodes,count=2
info|2023-07-08 03:56:26.880774|[EVENT][SUB][doLoop]event sub tasks report,working event sub count=0,suspend event sub count=0
info|2023-07-08 03:56:46.848390|[SDK][WS][SERVICE]connected nodes,count=2
info|2023-07-08 03:56:46.881368|[EVENT][SUB][doLoop]event sub tasks report,working event sub count=0,suspend event sub count=0
info|2023-07-08 03:57:06.849079|[SDK][WS][SERVICE]connected nodes,count=2
info|2023-07-08 03:57:06.881542|[EVENT][SUB][doLoop]event sub tasks report,working event sub count=0,suspend event sub count=0
info|2023-07-08 03:57:13.879525|[RPC][BLOCK][NUMBER][fromJson],group=group0,node=98a7f70ec883a722219d92253cf073a72605f4087aa3443c8e4aadc0af2dc3ac647d0fa1b5ac99cd6987abafe6d690ae71cd5fd2aeeabe7589bfb4748aabdfba,blockNumber=1727
info|2023-07-08 03:57:13.879549|[RPCWS][SERVICE][onRecvBlockNotifier]receive block number notifier,group=group0,node=98a7f70ec883a722219d92253cf073a72605f4087aa3443c8e4aadc0af2dc3ac647d0fa1b5ac99cd6987abafe6d690ae71cd5fd2aeeabe7589bfb4748aabdfba,blockNumber=1727
info|2023-07-08 03:57:13.879555|[RPC][BLOCK][NUMBER][fromJson],group=group0,node=2f993327933ad58672518b6d4f63920cbc68b80f78f4d81192552ee6362f5cc81ee13bdc678ad65f06e76444cadb53b33694cfb3fc7679b8000411975fedd28a,blockNumber=1727
info|2023-07-08 03:57:13.879582|[RPCWS][SERVICE][onRecvBlockNotifier]receive block number notifier,group=group0,node=2f993327933ad58672518b6d4f63920cbc68b80f78f4d81192552ee6362f5cc81ee13bdc678ad65f06e76444cadb53b33694cfb3fc7679b8000411975fedd28a,blockNumber=1727
info|2023-07-08 03:57:13.879605|[WS]receive block notify,endpoint=127.0.0.1:20201,blk={
	"blockNumber" : 1727,
	"group" : "group0",
	"nodeName" : "2f993327933ad58672518b6d4f63920cbc68b80f78f4d81192552ee6362f5cc81ee13bdc678ad65f06e76444cadb53b33694cfb3fc7679b8000411975fedd28a"
}
info|2023-07-08 03:57:13.879748|[RPCWS][SERVICE][updateGroupBlockNumber],groupID=group0,_blockNumber=1727
info|2023-07-08 03:57:13.879762|[RPCWS][SERVICE][onRecvBlockNotifier]block notifier callback,group=group0,node=98a7f70ec883a722219d92253cf073a72605f4087aa3443c8e4aadc0af2dc3ac647d0fa1b5ac99cd6987abafe6d690ae71cd5fd2aeeabe7589bfb4748aabdfba,blockNumber=1727
info|2023-07-08 03:57:13.879766|[WS]receive block notify,endpoint=127.0.0.1:20200,blk={
	"blockNumber" : 1727,
	"group" : "group0",
	"nodeName" : "98a7f70ec883a722219d92253cf073a72605f4087aa3443c8e4aadc0af2dc3ac647d0fa1b5ac99cd6987abafe6d690ae71cd5fd2aeeabe7589bfb4748aabdfba"
}
info|2023-07-08 03:57:14.396962|[RPC][BLOCK][NUMBER][fromJson],group=group0,node=98a7f70ec883a722219d92253cf073a72605f4087aa3443c8e4aadc0af2dc3ac647d0fa1b5ac99cd6987abafe6d690ae71cd5fd2aeeabe7589bfb4748aabdfba,blockNumber=1728
info|2023-07-08 03:57:14.396996|[RPCWS][SERVICE][onRecvBlockNotifier]receive block number notifier,group=group0,node=98a7f70ec883a722219d92253cf073a72605f4087aa3443c8e4aadc0af2dc3ac647d0fa1b5ac99cd6987abafe6d690ae71cd5fd2aeeabe7589bfb4748aabdfba,blockNumber=1728
info|2023-07-08 03:57:14.397002|[RPCWS][SERVICE][updateGroupBlockNumber],groupID=group0,_blockNumber=1728
info|2023-07-08 03:57:14.397007|[RPCWS][SERVICE][onRecvBlockNotifier]block notifier callback,group=group0,node=98a7f70ec883a722219d92253cf073a72605f4087aa3443c8e4aadc0af2dc3ac647d0fa1b5ac99cd6987abafe6d690ae71cd5fd2aeeabe7589bfb4748aabdfba,blockNumber=1728
info|2023-07-08 03:57:14.397010|[WS]receive block notify,endpoint=127.0.0.1:20200,blk={
	"blockNumber" : 1728,
	"group" : "group0",
	"nodeName" : "98a7f70ec883a722219d92253cf073a72605f4087aa3443c8e4aadc0af2dc3ac647d0fa1b5ac99cd6987abafe6d690ae71cd5fd2aeeabe7589bfb4748aabdfba"
}
info|2023-07-08 03:57:14.442598|[RPC][BLOCK][NUMBER][fromJson],group=group0,node=2f993327933ad58672518b6d4f63920cbc68b80f78f4d81192552ee6362f5cc81ee13bdc678ad65f06e76444cadb53b33694cfb3fc7679b8000411975fedd28a,blockNumber=1728
info|2023-07-08 03:57:14.442618|[RPCWS][SERVICE][onRecvBlockNotifier]receive block number notifier,group=group0,node=2f993327933ad58672518b6d4f63920cbc68b80f78f4d81192552ee6362f5cc81ee13bdc678ad65f06e76444cadb53b33694cfb3fc7679b8000411975fedd28a,blockNumber=1728
info|2023-07-08 03:57:14.442625|[WS]receive block notify,endpoint=127.0.0.1:20201,blk={
	"blockNumber" : 1728,
	"group" : "group0",
	"nodeName" : "2f993327933ad58672518b6d4f63920cbc68b80f78f4d81192552ee6362f5cc81ee13bdc678ad65f06e76444cadb53b33694cfb3fc7679b8000411975fedd28a"
}
info|2023-07-08 03:57:14.945515|[RPC][BLOCK][NUMBER][fromJson],group=group0,node=98a7f70ec883a722219d92253cf073a72605f4087aa3443c8e4aadc0af2dc3ac647d0fa1b5ac99cd6987abafe6d690ae71cd5fd2aeeabe7589bfb4748aabdfba,blockNumber=1729
info|2023-07-08 03:57:14.945554|[RPCWS][SERVICE][onRecvBlockNotifier]receive block number notifier,group=group0,node=98a7f70ec883a722219d92253cf073a72605f4087aa3443c8e4aadc0af2dc3ac647d0fa1b5ac99cd6987abafe6d690ae71cd5fd2aeeabe7589bfb4748aabdfba,blockNumber=1729
info|2023-07-08 03:57:14.945560|[RPCWS][SERVICE][updateGroupBlockNumber],groupID=group0,_blockNumber=1729
info|2023-07-08 03:57:14.945564|[RPCWS][SERVICE][onRecvBlockNotifier]block notifier callback,group=group0,node=98a7f70ec883a722219d92253cf073a72605f4087aa3443c8e4aadc0af2dc3ac647d0fa1b5ac99cd6987abafe6d690ae71cd5fd2aeeabe7589bfb4748aabdfba,blockNumber=1729
info|2023-07-08 03:57:14.945567|[WS]receive block notify,endpoint=127.0.0.1:20200,blk={
	"blockNumber" : 1729,
	"group" : "group0",
	"nodeName" : "98a7f70ec883a722219d92253cf073a72605f4087aa3443c8e4aadc0af2dc3ac647d0fa1b5ac99cd6987abafe6d690ae71cd5fd2aeeabe7589bfb4748aabdfba"
}
info|2023-07-08 03:57:14.986259|[RPC][BLOCK][NUMBER][fromJson],group=group0,node=2f993327933ad58672518b6d4f63920cbc68b80f78f4d81192552ee6362f5cc81ee13bdc678ad65f06e76444cadb53b33694cfb3fc7679b8000411975fedd28a,blockNumber=1729
info|2023-07-08 03:57:14.986281|[RPCWS][SERVICE][onRecvBlockNotifier]receive block number notifier,group=group0,node=2f993327933ad58672518b6d4f63920cbc68b80f78f4d81192552ee6362f5cc81ee13bdc678ad65f06e76444cadb53b33694cfb3fc7679b8000411975fedd28a,blockNumber=1729
info|2023-07-08 03:57:14.986287|[WS]receive block notify,endpoint=127.0.0.1:20201,blk={
	"blockNumber" : 1729,
	"group" : "group0",
	"nodeName" : "2f993327933ad58672518b6d4f63920cbc68b80f78f4d81192552ee6362f5cc81ee13bdc678ad65f06e76444cadb53b33694cfb3fc7679b8000411975fedd28a"
}
info|2023-07-08 03:57:15.576554|[RPC][BLOCK][NUMBER][fromJson],group=group0,node=98a7f70ec883a722219d92253cf073a72605f4087aa3443c8e4aadc0af2dc3ac647d0fa1b5ac99cd6987abafe6d690ae71cd5fd2aeeabe7589bfb4748aabdfba,blockNumber=1730
info|2023-07-08 03:57:15.576576|[RPCWS][SERVICE][onRecvBlockNotifier]receive block number notifier,group=group0,node=98a7f70ec883a722219d92253cf073a72605f4087aa3443c8e4aadc0af2dc3ac647d0fa1b5ac99cd6987abafe6d690ae71cd5fd2aeeabe7589bfb4748aabdfba,blockNumber=1730
info|2023-07-08 03:57:15.576581|[RPCWS][SERVICE][updateGroupBlockNumber],groupID=group0,_blockNumber=1730
info|2023-07-08 03:57:15.576586|[RPCWS][SERVICE][onRecvBlockNotifier]block notifier callback,group=group0,node=98a7f70ec883a722219d92253cf073a72605f4087aa3443c8e4aadc0af2dc3ac647d0fa1b5ac99cd6987abafe6d690ae71cd5fd2aeeabe7589bfb4748aabdfba,blockNumber=1730
info|2023-07-08 03:57:15.576590|[WS]receive block notify,endpoint=127.0.0.1:20200,blk={
	"blockNumber" : 1730,
	"group" : "group0",
	"nodeName" : "98a7f70ec883a722219d92253cf073a72605f4087aa3443c8e4aadc0af2dc3ac647d0fa1b5ac99cd6987abafe6d690ae71cd5fd2aeeabe7589bfb4748aabdfba"
}
info|2023-07-08 03:57:15.591298|[RPC][BLOCK][NUMBER][fromJson],group=group0,node=2f993327933ad58672518b6d4f63920cbc68b80f78f4d81192552ee6362f5cc81ee13bdc678ad65f06e76444cadb53b33694cfb3fc7679b8000411975fedd28a,blockNumber=1730
info|2023-07-08 03:57:15.591320|[RPCWS][SERVICE][onRecvBlockNotifier]receive block number notifier,group=group0,node=2f993327933ad58672518b6d4f63920cbc68b80f78f4d81192552ee6362f5cc81ee13bdc678ad65f06e76444cadb53b33694cfb3fc7679b8000411975fedd28a,blockNumber=1730
info|2023-07-08 03:57:15.591326|[WS]receive block notify,endpoint=127.0.0.1:20201,blk={
	"blockNumber" : 1730,
	"group" : "group0",
	"nodeName" : "2f993327933ad58672518b6d4f63920cbc68b80f78f4d81192552ee6362f5cc81ee13bdc678ad65f06e76444cadb53b33694cfb3fc7679b8000411975fedd28a"
}
info|2023-07-08 03:57:16.046528|[RPC][BLOCK][NUMBER][fromJson],group=group0,node=98a7f70ec883a722219d92253cf073a72605f4087aa3443c8e4aadc0af2dc3ac647d0fa1b5ac99cd6987abafe6d690ae71cd5fd2aeeabe7589bfb4748aabdfba,blockNumber=1731
info|2023-07-08 03:57:16.046568|[RPCWS][SERVICE][onRecvBlockNotifier]receive block number notifier,group=group0,node=98a7f70ec883a722219d92253cf073a72605f4087aa3443c8e4aadc0af2dc3ac647d0fa1b5ac99cd6987abafe6d690ae71cd5fd2aeeabe7589bfb4748aabdfba,blockNumber=1731
info|2023-07-08 03:57:16.046575|[RPCWS][SERVICE][updateGroupBlockNumber],groupID=group0,_blockNumber=1731
info|2023-07-08 03:57:16.046579|[RPCWS][SERVICE][onRecvBlockNotifier]block notifier callback,group=group0,node=98a7f70ec883a722219d92253cf073a72605f4087aa3443c8e4aadc0af2dc3ac647d0fa1b5ac99cd6987abafe6d690ae71cd5fd2aeeabe7589bfb4748aabdfba,blockNumber=1731
info|2023-07-08 03:57:16.046583|[WS]receive block notify,endpoint=127.0.0.1:20200,blk={
	"blockNumber" : 1731,
	"group" : "group0",
	"nodeName" : "98a7f70ec883a722219d92253cf073a72605f4087aa3443c8e4aadc0af2dc3ac647d0fa1b5ac99cd6987abafe6d690ae71cd5fd2aeeabe7589bfb4748aabdfba"
}
info|2023-07-08 03:57:16.088899|[RPC][BLOCK][NUMBER][fromJson],group=group0,node=2f993327933ad58672518b6d4f63920cbc68b80f78f4d81192552ee6362f5cc81ee13bdc678ad65f06e76444cadb53b33694cfb3fc7679b8000411975fedd28a,blockNumber=1731
info|2023-07-08 03:57:16.088921|[RPCWS][SERVICE][onRecvBlockNotifier]receive block number notifier,group=group0,node=2f993327933ad58672518b6d4f63920cbc68b80f78f4d81192552ee6362f5cc81ee13bdc678ad65f06e76444cadb53b33694cfb3fc7679b8000411975fedd28a,blockNumber=1731
info|2023-07-08 03:57:16.088959|[WS]receive block notify,endpoint=127.0.0.1:20201,blk={
	"blockNumber" : 1731,
	"group" : "group0",
	"nodeName" : "2f993327933ad58672518b6d4f63920cbc68b80f78f4d81192552ee6362f5cc81ee13bdc678ad65f06e76444cadb53b33694cfb3fc7679b8000411975fedd28a"
}
info|2023-07-08 03:57:16.610947|[RPC][BLOCK][NUMBER][fromJson],group=group0,node=98a7f70ec883a722219d92253cf073a72605f4087aa3443c8e4aadc0af2dc3ac647d0fa1b5ac99cd6987abafe6d690ae71cd5fd2aeeabe7589bfb4748aabdfba,blockNumber=1732
info|2023-07-08 03:57:16.610970|[RPCWS][SERVICE][onRecvBlockNotifier]receive block number notifier,group=group0,node=98a7f70ec883a722219d92253cf073a72605f4087aa3443c8e4aadc0af2dc3ac647d0fa1b5ac99cd6987abafe6d690ae71cd5fd2aeeabe7589bfb4748aabdfba,blockNumber=1732
info|2023-07-08 03:57:16.610976|[RPCWS][SERVICE][updateGroupBlockNumber],groupID=group0,_blockNumber=1732
info|2023-07-08 03:57:16.610980|[RPCWS][SERVICE][onRecvBlockNotifier]block notifier callback,group=group0,node=98a7f70ec883a722219d92253cf073a72605f4087aa3443c8e4aadc0af2dc3ac647d0fa1b5ac99cd6987abafe6d690ae71cd5fd2aeeabe7589bfb4748aabdfba,blockNumber=1732
info|2023-07-08 03:57:16.610983|[WS]receive block notify,endpoint=127.0.0.1:20200,blk={
	"blockNumber" : 1732,
	"group" : "group0",
	"nodeName" : "98a7f70ec883a722219d92253cf073a72605f4087aa3443c8e4aadc0af2dc3ac647d0fa1b5ac99cd6987abafe6d690ae71cd5fd2aeeabe7589bfb4748aabdfba"
}
info|2023-07-08 03:57:16.637702|[RPC][BLOCK][NUMBER][fromJson],group=group0,node=2f993327933ad58672518b6d4f63920cbc68b80f78f4d81192552ee6362f5cc81ee13bdc678ad65f06e76444cadb53b33694cfb3fc7679b8000411975fedd28a,blockNumber=1732
info|2023-07-08 03:57:16.637724|[RPCWS][SERVICE][onRecvBlockNotifier]receive block number notifier,group=group0,node=2f993327933ad58672518b6d4f63920cbc68b80f78f4d81192552ee6362f5cc81ee13bdc678ad65f06e76444cadb53b33694cfb3fc7679b8000411975fedd28a,blockNumber=1732
info|2023-07-08 03:57:16.637730|[WS]receive block notify,endpoint=127.0.0.1:20201,blk={
	"blockNumber" : 1732,
	"group" : "group0",
	"nodeName" : "2f993327933ad58672518b6d4f63920cbc68b80f78f4d81192552ee6362f5cc81ee13bdc678ad65f06e76444cadb53b33694cfb3fc7679b8000411975fedd28a"
}
info|2023-07-08 03:57:17.104632|[RPC][BLOCK][NUMBER][fromJson],group=group0,node=98a7f70ec883a722219d92253cf073a72605f4087aa3443c8e4aadc0af2dc3ac647d0fa1b5ac99cd6987abafe6d690ae71cd5fd2aeeabe7589bfb4748aabdfba,blockNumber=1733
info|2023-07-08 03:57:17.104665|[RPCWS][SERVICE][onRecvBlockNotifier]receive block number notifier,group=group0,node=98a7f70ec883a722219d92253cf073a72605f4087aa3443c8e4aadc0af2dc3ac647d0fa1b5ac99cd6987abafe6d690ae71cd5fd2aeeabe7589bfb4748aabdfba,blockNumber=1733
info|2023-07-08 03:57:17.104670|[RPCWS][SERVICE][updateGroupBlockNumber],groupID=group0,_blockNumber=1733
info|2023-07-08 03:57:17.104675|[RPCWS][SERVICE][onRecvBlockNotifier]block notifier callback,group=group0,node=98a7f70ec883a722219d92253cf073a72605f4087aa3443c8e4aadc0af2dc3ac647d0fa1b5ac99cd6987abafe6d690ae71cd5fd2aeeabe7589bfb4748aabdfba,blockNumber=1733
info|2023-07-08 03:57:17.104678|[WS]receive block notify,endpoint=127.0.0.1:20200,blk={
	"blockNumber" : 1733,
	"group" : "group0",
	"nodeName" : "98a7f70ec883a722219d92253cf073a72605f4087aa3443c8e4aadc0af2dc3ac647d0fa1b5ac99cd6987abafe6d690ae71cd5fd2aeeabe7589bfb4748aabdfba"
}
info|2023-07-08 03:57:17.230999|[RPC][BLOCK][NUMBER][fromJson],group=group0,node=2f993327933ad58672518b6d4f63920cbc68b80f78f4d81192552ee6362f5cc81ee13bdc678ad65f06e76444cadb53b33694cfb3fc7679b8000411975fedd28a,blockNumber=1733
info|2023-07-08 03:57:17.231019|[RPCWS][SERVICE][onRecvBlockNotifier]receive block number notifier,group=group0,node=2f993327933ad58672518b6d4f63920cbc68b80f78f4d81192552ee6362f5cc81ee13bdc678ad65f06e76444cadb53b33694cfb3fc7679b8000411975fedd28a,blockNumber=1733
info|2023-07-08 03:57:17.231026|[WS]receive block notify,endpoint=127.0.0.1:20201,blk={
	"blockNumber" : 1733,
	"group" : "group0",
	"nodeName" : "2f993327933ad58672518b6d4f63920cbc68b80f78f4d81192552ee6362f5cc81ee13bdc678ad65f06e76444cadb53b33694cfb3fc7679b8000411975fedd28a"
}
info|2023-07-08 03:57:17.787671|[RPC][BLOCK][NUMBER][fromJson],group=group0,node=98a7f70ec883a722219d92253cf073a72605f4087aa3443c8e4aadc0af2dc3ac647d0fa1b5ac99cd6987abafe6d690ae71cd5fd2aeeabe7589bfb4748aabdfba,blockNumber=1734
info|2023-07-08 03:57:17.787711|[RPCWS][SERVICE][onRecvBlockNotifier]receive block number notifier,group=group0,node=98a7f70ec883a722219d92253cf073a72605f4087aa3443c8e4aadc0af2dc3ac647d0fa1b5ac99cd6987abafe6d690ae71cd5fd2aeeabe7589bfb4748aabdfba,blockNumber=1734
info|2023-07-08 03:57:17.787716|[RPCWS][SERVICE][updateGroupBlockNumber],groupID=group0,_blockNumber=1734
info|2023-07-08 03:57:17.787720|[RPCWS][SERVICE][onRecvBlockNotifier]block notifier callback,group=group0,node=98a7f70ec883a722219d92253cf073a72605f4087aa3443c8e4aadc0af2dc3ac647d0fa1b5ac99cd6987abafe6d690ae71cd5fd2aeeabe7589bfb4748aabdfba,blockNumber=1734
info|2023-07-08 03:57:17.787723|[WS]receive block notify,endpoint=127.0.0.1:20200,blk={
	"blockNumber" : 1734,
	"group" : "group0",
	"nodeName" : "98a7f70ec883a722219d92253cf073a72605f4087aa3443c8e4aadc0af2dc3ac647d0fa1b5ac99cd6987abafe6d690ae71cd5fd2aeeabe7589bfb4748aabdfba"
}
info|2023-07-08 03:57:17.824185|[RPC][BLOCK][NUMBER][fromJson],group=group0,node=2f993327933ad58672518b6d4f63920cbc68b80f78f4d81192552ee6362f5cc81ee13bdc678ad65f06e76444cadb53b33694cfb3fc7679b8000411975fedd28a,blockNumber=1734
info|2023-07-08 03:57:17.824204|[RPCWS][SERVICE][onRecvBlockNotifier]receive block number notifier,group=group0,node=2f993327933ad58672518b6d4f63920cbc68b80f78f4d81192552ee6362f5cc81ee13bdc678ad65f06e76444cadb53b33694cfb3fc7679b8000411975fedd28a,blockNumber=1734
info|2023-07-08 03:57:17.824210|[WS]receive block notify,endpoint=127.0.0.1:20201,blk={
	"blockNumber" : 1734,
	"group" : "group0",
	"nodeName" : "2f993327933ad58672518b6d4f63920cbc68b80f78f4d81192552ee6362f5cc81ee13bdc678ad65f06e76444cadb53b33694cfb3fc7679b8000411975fedd28a"
}
info|2023-07-08 03:57:18.359869|[RPC][BLOCK][NUMBER][fromJson],group=group0,node=98a7f70ec883a722219d92253cf073a72605f4087aa3443c8e4aadc0af2dc3ac647d0fa1b5ac99cd6987abafe6d690ae71cd5fd2aeeabe7589bfb4748aabdfba,blockNumber=1735
info|2023-07-08 03:57:18.359901|[RPCWS][SERVICE][onRecvBlockNotifier]receive block number notifier,group=group0,node=98a7f70ec883a722219d92253cf073a72605f4087aa3443c8e4aadc0af2dc3ac647d0fa1b5ac99cd6987abafe6d690ae71cd5fd2aeeabe7589bfb4748aabdfba,blockNumber=1735
info|2023-07-08 03:57:18.359908|[RPCWS][SERVICE][updateGroupBlockNumber],groupID=group0,_blockNumber=1735
info|2023-07-08 03:57:18.359912|[RPCWS][SERVICE][onRecvBlockNotifier]block notifier callback,group=group0,node=98a7f70ec883a722219d92253cf073a72605f4087aa3443c8e4aadc0af2dc3ac647d0fa1b5ac99cd6987abafe6d690ae71cd5fd2aeeabe7589bfb4748aabdfba,blockNumber=1735
info|2023-07-08 03:57:18.359915|[WS]receive block notify,endpoint=127.0.0.1:20200,blk={
	"blockNumber" : 1735,
	"group" : "group0",
	"nodeName" : "98a7f70ec883a722219d92253cf073a72605f4087aa3443c8e4aadc0af2dc3ac647d0fa1b5ac99cd6987abafe6d690ae71cd5fd2aeeabe7589bfb4748aabdfba"
}
info|2023-07-08 03:57:18.458949|[RPC][BLOCK][NUMBER][fromJson],group=group0,node=2f993327933ad58672518b6d4f63920cbc68b80f78f4d81192552ee6362f5cc81ee13bdc678ad65f06e76444cadb53b33694cfb3fc7679b8000411975fedd28a,blockNumber=1735
info|2023-07-08 03:57:18.458972|[RPCWS][SERVICE][onRecvBlockNotifier]receive block number notifier,group=group0,node=2f993327933ad58672518b6d4f63920cbc68b80f78f4d81192552ee6362f5cc81ee13bdc678ad65f06e76444cadb53b33694cfb3fc7679b8000411975fedd28a,blockNumber=1735
info|2023-07-08 03:57:18.458978|[WS]receive block notify,endpoint=127.0.0.1:20201,blk={
	"blockNumber" : 1735,
	"group" : "group0",
	"nodeName" : "2f993327933ad58672518b6d4f63920cbc68b80f78f4d81192552ee6362f5cc81ee13bdc678ad65f06e76444cadb53b33694cfb3fc7679b8000411975fedd28a"
}
info|2023-07-08 03:57:18.949001|[RPC][BLOCK][NUMBER][fromJson],group=group0,node=98a7f70ec883a722219d92253cf073a72605f4087aa3443c8e4aadc0af2dc3ac647d0fa1b5ac99cd6987abafe6d690ae71cd5fd2aeeabe7589bfb4748aabdfba,blockNumber=1736
info|2023-07-08 03:57:18.949024|[RPCWS][SERVICE][onRecvBlockNotifier]receive block number notifier,group=group0,node=98a7f70ec883a722219d92253cf073a72605f4087aa3443c8e4aadc0af2dc3ac647d0fa1b5ac99cd6987abafe6d690ae71cd5fd2aeeabe7589bfb4748aabdfba,blockNumber=1736
info|2023-07-08 03:57:18.949029|[RPCWS][SERVICE][updateGroupBlockNumber],groupID=group0,_blockNumber=1736
info|2023-07-08 03:57:18.949034|[RPCWS][SERVICE][onRecvBlockNotifier]block notifier callback,group=group0,node=98a7f70ec883a722219d92253cf073a72605f4087aa3443c8e4aadc0af2dc3ac647d0fa1b5ac99cd6987abafe6d690ae71cd5fd2aeeabe7589bfb4748aabdfba,blockNumber=1736
info|2023-07-08 03:57:18.949037|[WS]receive block notify,endpoint=127.0.0.1:20200,blk={
	"blockNumber" : 1736,
	"group" : "group0",
	"nodeName" : "98a7f70ec883a722219d92253cf073a72605f4087aa3443c8e4aadc0af2dc3ac647d0fa1b5ac99cd6987abafe6d690ae71cd5fd2aeeabe7589bfb4748aabdfba"
}
info|2023-07-08 03:57:18.955530|[RPC][BLOCK][NUMBER][fromJson],group=group0,node=2f993327933ad58672518b6d4f63920cbc68b80f78f4d81192552ee6362f5cc81ee13bdc678ad65f06e76444cadb53b33694cfb3fc7679b8000411975fedd28a,blockNumber=1736
info|2023-07-08 03:57:18.955553|[RPCWS][SERVICE][onRecvBlockNotifier]receive block number notifier,group=group0,node=2f993327933ad58672518b6d4f63920cbc68b80f78f4d81192552ee6362f5cc81ee13bdc678ad65f06e76444cadb53b33694cfb3fc7679b8000411975fedd28a,blockNumber=1736
info|2023-07-08 03:57:18.955559|[WS]receive block notify,endpoint=127.0.0.1:20201,blk={
	"blockNumber" : 1736,
	"group" : "group0",
	"nodeName" : "2f993327933ad58672518b6d4f63920cbc68b80f78f4d81192552ee6362f5cc81ee13bdc678ad65f06e76444cadb53b33694cfb3fc7679b8000411975fedd28a"
}
info|2023-07-08 03:57:19.461301|[RPC][BLOCK][NUMBER][fromJson],group=group0,node=98a7f70ec883a722219d92253cf073a72605f4087aa3443c8e4aadc0af2dc3ac647d0fa1b5ac99cd6987abafe6d690ae71cd5fd2aeeabe7589bfb4748aabdfba,blockNumber=1737
info|2023-07-08 03:57:19.461334|[RPCWS][SERVICE][onRecvBlockNotifier]receive block number notifier,group=group0,node=98a7f70ec883a722219d92253cf073a72605f4087aa3443c8e4aadc0af2dc3ac647d0fa1b5ac99cd6987abafe6d690ae71cd5fd2aeeabe7589bfb4748aabdfba,blockNumber=1737
info|2023-07-08 03:57:19.461341|[RPCWS][SERVICE][updateGroupBlockNumber],groupID=group0,_blockNumber=1737
info|2023-07-08 03:57:19.461345|[RPCWS][SERVICE][onRecvBlockNotifier]block notifier callback,group=group0,node=98a7f70ec883a722219d92253cf073a72605f4087aa3443c8e4aadc0af2dc3ac647d0fa1b5ac99cd6987abafe6d690ae71cd5fd2aeeabe7589bfb4748aabdfba,blockNumber=1737
info|2023-07-08 03:57:19.461348|[WS]receive block notify,endpoint=127.0.0.1:20200,blk={
	"blockNumber" : 1737,
	"group" : "group0",
	"nodeName" : "98a7f70ec883a722219d92253cf073a72605f4087aa3443c8e4aadc0af2dc3ac647d0fa1b5ac99cd6987abafe6d690ae71cd5fd2aeeabe7589bfb4748aabdfba"
}
info|2023-07-08 03:57:19.502868|[RPC][BLOCK][NUMBER][fromJson],group=group0,node=2f993327933ad58672518b6d4f63920cbc68b80f78f4d81192552ee6362f5cc81ee13bdc678ad65f06e76444cadb53b33694cfb3fc7679b8000411975fedd28a,blockNumber=1737
info|2023-07-08 03:57:19.502918|[RPCWS][SERVICE][onRecvBlockNotifier]receive block number notifier,group=group0,node=2f993327933ad58672518b6d4f63920cbc68b80f78f4d81192552ee6362f5cc81ee13bdc678ad65f06e76444cadb53b33694cfb3fc7679b8000411975fedd28a,blockNumber=1737
info|2023-07-08 03:57:19.502926|[WS]receive block notify,endpoint=127.0.0.1:20201,blk={
	"blockNumber" : 1737,
	"group" : "group0",
	"nodeName" : "2f993327933ad58672518b6d4f63920cbc68b80f78f4d81192552ee6362f5cc81ee13bdc678ad65f06e76444cadb53b33694cfb3fc7679b8000411975fedd28a"
}
info|2023-07-08 03:57:20.053931|[RPC][BLOCK][NUMBER][fromJson],group=group0,node=98a7f70ec883a722219d92253cf073a72605f4087aa3443c8e4aadc0af2dc3ac647d0fa1b5ac99cd6987abafe6d690ae71cd5fd2aeeabe7589bfb4748aabdfba,blockNumber=1738
info|2023-07-08 03:57:20.053965|[RPCWS][SERVICE][onRecvBlockNotifier]receive block number notifier,group=group0,node=98a7f70ec883a722219d92253cf073a72605f4087aa3443c8e4aadc0af2dc3ac647d0fa1b5ac99cd6987abafe6d690ae71cd5fd2aeeabe7589bfb4748aabdfba,blockNumber=1738
info|2023-07-08 03:57:20.053971|[RPCWS][SERVICE][updateGroupBlockNumber],groupID=group0,_blockNumber=1738
info|2023-07-08 03:57:20.053976|[RPCWS][SERVICE][onRecvBlockNotifier]block notifier callback,group=group0,node=98a7f70ec883a722219d92253cf073a72605f4087aa3443c8e4aadc0af2dc3ac647d0fa1b5ac99cd6987abafe6d690ae71cd5fd2aeeabe7589bfb4748aabdfba,blockNumber=1738
info|2023-07-08 03:57:20.053979|[WS]receive block notify,endpoint=127.0.0.1:20200,blk={
	"blockNumber" : 1738,
	"group" : "group0",
	"nodeName" : "98a7f70ec883a722219d92253cf073a72605f4087aa3443c8e4aadc0af2dc3ac647d0fa1b5ac99cd6987abafe6d690ae71cd5fd2aeeabe7589bfb4748aabdfba"
}
info|2023-07-08 03:57:20.107024|[RPC][BLOCK][NUMBER][fromJson],group=group0,node=2f993327933ad58672518b6d4f63920cbc68b80f78f4d81192552ee6362f5cc81ee13bdc678ad65f06e76444cadb53b33694cfb3fc7679b8000411975fedd28a,blockNumber=1738
info|2023-07-08 03:57:20.107046|[RPCWS][SERVICE][onRecvBlockNotifier]receive block number notifier,group=group0,node=2f993327933ad58672518b6d4f63920cbc68b80f78f4d81192552ee6362f5cc81ee13bdc678ad65f06e76444cadb53b33694cfb3fc7679b8000411975fedd28a,blockNumber=1738
info|2023-07-08 03:57:20.107053|[WS]receive block notify,endpoint=127.0.0.1:20201,blk={
	"blockNumber" : 1738,
	"group" : "group0",
	"nodeName" : "2f993327933ad58672518b6d4f63920cbc68b80f78f4d81192552ee6362f5cc81ee13bdc678ad65f06e76444cadb53b33694cfb3fc7679b8000411975fedd28a"
}
info|2023-07-08 03:57:20.603540|[RPC][BLOCK][NUMBER][fromJson],group=group0,node=98a7f70ec883a722219d92253cf073a72605f4087aa3443c8e4aadc0af2dc3ac647d0fa1b5ac99cd6987abafe6d690ae71cd5fd2aeeabe7589bfb4748aabdfba,blockNumber=1739
info|2023-07-08 03:57:20.603560|[RPCWS][SERVICE][onRecvBlockNotifier]receive block number notifier,group=group0,node=98a7f70ec883a722219d92253cf073a72605f4087aa3443c8e4aadc0af2dc3ac647d0fa1b5ac99cd6987abafe6d690ae71cd5fd2aeeabe7589bfb4748aabdfba,blockNumber=1739
info|2023-07-08 03:57:20.603565|[RPCWS][SERVICE][updateGroupBlockNumber],groupID=group0,_blockNumber=1739
info|2023-07-08 03:57:20.603570|[RPCWS][SERVICE][onRecvBlockNotifier]block notifier callback,group=group0,node=98a7f70ec883a722219d92253cf073a72605f4087aa3443c8e4aadc0af2dc3ac647d0fa1b5ac99cd6987abafe6d690ae71cd5fd2aeeabe7589bfb4748aabdfba,blockNumber=1739
info|2023-07-08 03:57:20.603573|[WS]receive block notify,endpoint=127.0.0.1:20200,blk={
	"blockNumber" : 1739,
	"group" : "group0",
	"nodeName" : "98a7f70ec883a722219d92253cf073a72605f4087aa3443c8e4aadc0af2dc3ac647d0fa1b5ac99cd6987abafe6d690ae71cd5fd2aeeabe7589bfb4748aabdfba"
}
info|2023-07-08 03:57:20.697834|[RPC][BLOCK][NUMBER][fromJson],group=group0,node=2f993327933ad58672518b6d4f63920cbc68b80f78f4d81192552ee6362f5cc81ee13bdc678ad65f06e76444cadb53b33694cfb3fc7679b8000411975fedd28a,blockNumber=1739
info|2023-07-08 03:57:20.697858|[RPCWS][SERVICE][onRecvBlockNotifier]receive block number notifier,group=group0,node=2f993327933ad58672518b6d4f63920cbc68b80f78f4d81192552ee6362f5cc81ee13bdc678ad65f06e76444cadb53b33694cfb3fc7679b8000411975fedd28a,blockNumber=1739
info|2023-07-08 03:57:20.697865|[WS]receive block notify,endpoint=127.0.0.1:20201,blk={
	"blockNumber" : 1739,
	"group" : "group0",
	"nodeName" : "2f993327933ad58672518b6d4f63920cbc68b80f78f4d81192552ee6362f5cc81ee13bdc678ad65f06e76444cadb53b33694cfb3fc7679b8000411975fedd28a"
}
info|2023-07-08 03:57:21.140751|[RPC][BLOCK][NUMBER][fromJson],group=group0,node=98a7f70ec883a722219d92253cf073a72605f4087aa3443c8e4aadc0af2dc3ac647d0fa1b5ac99cd6987abafe6d690ae71cd5fd2aeeabe7589bfb4748aabdfba,blockNumber=1740
info|2023-07-08 03:57:21.140768|[RPCWS][SERVICE][onRecvBlockNotifier]receive block number notifier,group=group0,node=98a7f70ec883a722219d92253cf073a72605f4087aa3443c8e4aadc0af2dc3ac647d0fa1b5ac99cd6987abafe6d690ae71cd5fd2aeeabe7589bfb4748aabdfba,blockNumber=1740
info|2023-07-08 03:57:21.140774|[RPCWS][SERVICE][updateGroupBlockNumber],groupID=group0,_blockNumber=1740
info|2023-07-08 03:57:21.140777|[RPCWS][SERVICE][onRecvBlockNotifier]block notifier callback,group=group0,node=98a7f70ec883a722219d92253cf073a72605f4087aa3443c8e4aadc0af2dc3ac647d0fa1b5ac99cd6987abafe6d690ae71cd5fd2aeeabe7589bfb4748aabdfba,blockNumber=1740
info|2023-07-08 03:57:21.140780|[WS]receive block notify,endpoint=127.0.0.1:20200,blk={
	"blockNumber" : 1740,
	"group" : "group0",
	"nodeName" : "98a7f70ec883a722219d92253cf073a72605f4087aa3443c8e4aadc0af2dc3ac647d0fa1b5ac99cd6987abafe6d690ae71cd5fd2aeeabe7589bfb4748aabdfba"
}
info|2023-07-08 03:57:21.250324|[RPC][BLOCK][NUMBER][fromJson],group=group0,node=2f993327933ad58672518b6d4f63920cbc68b80f78f4d81192552ee6362f5cc81ee13bdc678ad65f06e76444cadb53b33694cfb3fc7679b8000411975fedd28a,blockNumber=1740
info|2023-07-08 03:57:21.250383|[RPCWS][SERVICE][onRecvBlockNotifier]receive block number notifier,group=group0,node=2f993327933ad58672518b6d4f63920cbc68b80f78f4d81192552ee6362f5cc81ee13bdc678ad65f06e76444cadb53b33694cfb3fc7679b8000411975fedd28a,blockNumber=1740
info|2023-07-08 03:57:21.250395|[WS]receive block notify,endpoint=127.0.0.1:20201,blk={
	"blockNumber" : 1740,
	"group" : "group0",
	"nodeName" : "2f993327933ad58672518b6d4f63920cbc68b80f78f4d81192552ee6362f5cc81ee13bdc678ad65f06e76444cadb53b33694cfb3fc7679b8000411975fedd28a"
}
info|2023-07-08 03:57:21.724213|[RPC][BLOCK][NUMBER][fromJson],group=group0,node=98a7f70ec883a722219d92253cf073a72605f4087aa3443c8e4aadc0af2dc3ac647d0fa1b5ac99cd6987abafe6d690ae71cd5fd2aeeabe7589bfb4748aabdfba,blockNumber=1741
info|2023-07-08 03:57:21.724261|[RPCWS][SERVICE][onRecvBlockNotifier]receive block number notifier,group=group0,node=98a7f70ec883a722219d92253cf073a72605f4087aa3443c8e4aadc0af2dc3ac647d0fa1b5ac99cd6987abafe6d690ae71cd5fd2aeeabe7589bfb4748aabdfba,blockNumber=1741
info|2023-07-08 03:57:21.724267|[RPCWS][SERVICE][updateGroupBlockNumber],groupID=group0,_blockNumber=1741
info|2023-07-08 03:57:21.724271|[RPCWS][SERVICE][onRecvBlockNotifier]block notifier callback,group=group0,node=98a7f70ec883a722219d92253cf073a72605f4087aa3443c8e4aadc0af2dc3ac647d0fa1b5ac99cd6987abafe6d690ae71cd5fd2aeeabe7589bfb4748aabdfba,blockNumber=1741
info|2023-07-08 03:57:21.724275|[WS]receive block notify,endpoint=127.0.0.1:20200,blk={
	"blockNumber" : 1741,
	"group" : "group0",
	"nodeName" : "98a7f70ec883a722219d92253cf073a72605f4087aa3443c8e4aadc0af2dc3ac647d0fa1b5ac99cd6987abafe6d690ae71cd5fd2aeeabe7589bfb4748aabdfba"
}
info|2023-07-08 03:57:21.770258|[RPC][BLOCK][NUMBER][fromJson],group=group0,node=2f993327933ad58672518b6d4f63920cbc68b80f78f4d81192552ee6362f5cc81ee13bdc678ad65f06e76444cadb53b33694cfb3fc7679b8000411975fedd28a,blockNumber=1741
info|2023-07-08 03:57:21.770295|[RPCWS][SERVICE][onRecvBlockNotifier]receive block number notifier,group=group0,node=2f993327933ad58672518b6d4f63920cbc68b80f78f4d81192552ee6362f5cc81ee13bdc678ad65f06e76444cadb53b33694cfb3fc7679b8000411975fedd28a,blockNumber=1741
info|2023-07-08 03:57:21.770302|[WS]receive block notify,endpoint=127.0.0.1:20201,blk={
	"blockNumber" : 1741,
	"group" : "group0",
	"nodeName" : "2f993327933ad58672518b6d4f63920cbc68b80f78f4d81192552ee6362f5cc81ee13bdc678ad65f06e76444cadb53b33694cfb3fc7679b8000411975fedd28a"
}
info|2023-07-08 03:57:22.363781|[RPC][BLOCK][NUMBER][fromJson],group=group0,node=98a7f70ec883a722219d92253cf073a72605f4087aa3443c8e4aadc0af2dc3ac647d0fa1b5ac99cd6987abafe6d690ae71cd5fd2aeeabe7589bfb4748aabdfba,blockNumber=1742
info|2023-07-08 03:57:22.363817|[RPCWS][SERVICE][onRecvBlockNotifier]receive block number notifier,group=group0,node=98a7f70ec883a722219d92253cf073a72605f4087aa3443c8e4aadc0af2dc3ac647d0fa1b5ac99cd6987abafe6d690ae71cd5fd2aeeabe7589bfb4748aabdfba,blockNumber=1742
info|2023-07-08 03:57:22.363824|[RPCWS][SERVICE][updateGroupBlockNumber],groupID=group0,_blockNumber=1742
info|2023-07-08 03:57:22.363829|[RPCWS][SERVICE][onRecvBlockNotifier]block notifier callback,group=group0,node=98a7f70ec883a722219d92253cf073a72605f4087aa3443c8e4aadc0af2dc3ac647d0fa1b5ac99cd6987abafe6d690ae71cd5fd2aeeabe7589bfb4748aabdfba,blockNumber=1742
info|2023-07-08 03:57:22.363832|[WS]receive block notify,endpoint=127.0.0.1:20200,blk={
	"blockNumber" : 1742,
	"group" : "group0",
	"nodeName" : "98a7f70ec883a722219d92253cf073a72605f4087aa3443c8e4aadc0af2dc3ac647d0fa1b5ac99cd6987abafe6d690ae71cd5fd2aeeabe7589bfb4748aabdfba"
}
info|2023-07-08 03:57:22.371016|[RPC][BLOCK][NUMBER][fromJson],group=group0,node=2f993327933ad58672518b6d4f63920cbc68b80f78f4d81192552ee6362f5cc81ee13bdc678ad65f06e76444cadb53b33694cfb3fc7679b8000411975fedd28a,blockNumber=1742
info|2023-07-08 03:57:22.371034|[RPCWS][SERVICE][onRecvBlockNotifier]receive block number notifier,group=group0,node=2f993327933ad58672518b6d4f63920cbc68b80f78f4d81192552ee6362f5cc81ee13bdc678ad65f06e76444cadb53b33694cfb3fc7679b8000411975fedd28a,blockNumber=1742
info|2023-07-08 03:57:22.371042|[WS]receive block notify,endpoint=127.0.0.1:20201,blk={
	"blockNumber" : 1742,
	"group" : "group0",
	"nodeName" : "2f993327933ad58672518b6d4f63920cbc68b80f78f4d81192552ee6362f5cc81ee13bdc678ad65f06e76444cadb53b33694cfb3fc7679b8000411975fedd28a"
}
info|2023-07-08 03:57:26.849488|[SDK][WS][SERVICE]connected nodes,count=2
info|2023-07-08 03:57:26.881763|[EVENT][SUB][doLoop]event sub tasks report,working event sub count=0,suspend event sub count=0
info|2023-07-08 03:57:46.850133|[SDK][WS][SERVICE]connected nodes,count=2
info|2023-07-08 03:57:46.882455|[EVENT][SUB][doLoop]event sub tasks report,working event sub count=0,suspend event sub count=0
info|2023-07-08 03:58:06.850699|[SDK][WS][SERVICE]connected nodes,count=2
info|2023-07-08 03:58:06.883085|[EVENT][SUB][doLoop]event sub tasks report,working event sub count=0,suspend event sub count=0
info|2023-07-08 03:58:26.851748|[SDK][WS][SERVICE]connected nodes,count=2
info|2023-07-08 03:58:26.883331|[EVENT][SUB][doLoop]event sub tasks report,working event sub count=0,suspend event sub count=0
info|2023-07-08 03:58:46.852372|[SDK][WS][SERVICE]connected nodes,count=2
info|2023-07-08 03:58:46.883722|[EVENT][SUB][doLoop]event sub tasks report,working event sub count=0,suspend event sub count=0
info|2023-07-08 03:59:06.853113|[SDK][WS][SERVICE]connected nodes,count=2
info|2023-07-08 03:59:06.883938|[EVENT][SUB][doLoop]event sub tasks report,working event sub count=0,suspend event sub count=0
info|2023-07-08 03:59:26.853824|[SDK][WS][SERVICE]connected nodes,count=2
info|2023-07-08 03:59:26.884031|[EVENT][SUB][doLoop]event sub tasks report,working event sub count=0,suspend event sub count=0
info|2023-07-08 03:59:46.853954|[SDK][WS][SERVICE]connected nodes,count=2
info|2023-07-08 03:59:46.884296|[EVENT][SUB][doLoop]event sub tasks report,working event sub count=0,suspend event sub count=0
