info|2023-07-09 13:00:13.233396|[EVENT][SUB][doLoop]event sub tasks report,working event sub count=0,suspend event sub count=0
info|2023-07-09 13:00:13.293733|[SDK][WS][SERVICE]connected nodes,count=2
info|2023-07-09 13:00:33.233907|[EVENT][SUB][doLoop]event sub tasks report,working event sub count=0,suspend event sub count=0
info|2023-07-09 13:00:33.294495|[SDK][WS][SERVICE]connected nodes,count=2
info|2023-07-09 13:00:53.234126|[EVENT][SUB][doLoop]event sub tasks report,working event sub count=0,suspend event sub count=0
info|2023-07-09 13:00:53.294814|[SDK][WS][SERVICE]connected nodes,count=2
info|2023-07-09 13:01:13.235007|[EVENT][SUB][doLoop]event sub tasks report,working event sub count=0,suspend event sub count=0
info|2023-07-09 13:01:13.298990|[SDK][WS][SERVICE]connected nodes,count=2
info|2023-07-09 13:01:33.235300|[EVENT][SUB][doLoop]event sub tasks report,working event sub count=0,suspend event sub count=0
info|2023-07-09 13:01:33.299218|[SDK][WS][SERVICE]connected nodes,count=2
info|2023-07-09 13:01:53.236006|[EVENT][SUB][doLoop]event sub tasks report,working event sub count=0,suspend event sub count=0
info|2023-07-09 13:01:53.299903|[SDK][WS][SERVICE]connected nodes,count=2
info|2023-07-09 13:02:13.237071|[EVENT][SUB][doLoop]event sub tasks report,working event sub count=0,suspend event sub count=0
info|2023-07-09 13:02:13.300184|[SDK][WS][SERVICE]connected nodes,count=2
info|2023-07-09 13:02:33.237259|[EVENT][SUB][doLoop]event sub tasks report,working event sub count=0,suspend event sub count=0
info|2023-07-09 13:02:33.301052|[SDK][WS][SERVICE]connected nodes,count=2
info|2023-07-09 13:02:53.237342|[EVENT][SUB][doLoop]event sub tasks report,working event sub count=0,suspend event sub count=0
info|2023-07-09 13:02:53.305623|[SDK][WS][SERVICE]connected nodes,count=2
info|2023-07-09 13:03:13.243493|[EVENT][SUB][doLoop]event sub tasks report,working event sub count=0,suspend event sub count=0
info|2023-07-09 13:03:13.315458|[SDK][WS][SERVICE]connected nodes,count=2
info|2023-07-09 13:03:33.249832|[EVENT][SUB][doLoop]event sub tasks report,working event sub count=0,suspend event sub count=0
info|2023-07-09 13:03:33.327681|[SDK][WS][SERVICE]connected nodes,count=2
info|2023-07-09 13:03:53.268568|[EVENT][SUB][doLoop]event sub tasks report,working event sub count=0,suspend event sub count=0
info|2023-07-09 13:03:53.329102|[SDK][WS][SERVICE]connected nodes,count=2
info|2023-07-09 13:04:13.281623|[EVENT][SUB][doLoop]event sub tasks report,working event sub count=0,suspend event sub count=0
info|2023-07-09 13:04:13.368987|[SDK][WS][SERVICE]connected nodes,count=2
info|2023-07-09 13:04:33.289616|[EVENT][SUB][doLoop]event sub tasks report,working event sub count=0,suspend event sub count=0
info|2023-07-09 13:04:33.400934|[SDK][WS][SERVICE]connected nodes,count=2
info|2023-07-09 13:04:53.313783|[EVENT][SUB][doLoop]event sub tasks report,working event sub count=0,suspend event sub count=0
info|2023-07-09 13:04:53.457246|[SDK][WS][SERVICE]connected nodes,count=2
info|2023-07-09 13:05:13.314254|[EVENT][SUB][doLoop]event sub tasks report,working event sub count=0,suspend event sub count=0
info|2023-07-09 13:05:13.457745|[SDK][WS][SERVICE]connected nodes,count=2
info|2023-07-09 13:05:33.393764|[EVENT][SUB][doLoop]event sub tasks report,working event sub count=0,suspend event sub count=0
info|2023-07-09 13:05:33.458627|[SDK][WS][SERVICE]connected nodes,count=2
info|2023-07-09 13:05:53.467052|[EVENT][SUB][doLoop]event sub tasks report,working event sub count=0,suspend event sub count=0
info|2023-07-09 13:05:53.467849|[SDK][WS][SERVICE]connected nodes,count=2
info|2023-07-09 13:06:13.586190|[EVENT][SUB][doLoop]event sub tasks report,working event sub count=0,suspend event sub count=0
info|2023-07-09 13:06:13.586240|[SDK][WS][SERVICE]connected nodes,count=2
info|2023-07-09 13:06:34.303205|[EVENT][SUB][doLoop]event sub tasks report,working event sub count=0,suspend event sub count=0
info|2023-07-09 13:06:34.303264|[SDK][WS][SERVICE]connected nodes,count=2
info|2023-07-09 13:06:54.324245|[EVENT][SUB][doLoop]event sub tasks report,working event sub count=0,suspend event sub count=0
info|2023-07-09 13:06:54.324295|[SDK][WS][SERVICE]connected nodes,count=2
info|2023-07-09 13:07:15.164989|[SDK][WS][SERVICE]connected nodes,count=2
info|2023-07-09 13:07:15.165033|[EVENT][SUB][doLoop]event sub tasks report,working event sub count=0,suspend event sub count=0
info|2023-07-09 13:07:35.547528|[SDK][WS][SERVICE]connected nodes,count=2
info|2023-07-09 13:07:35.547577|[EVENT][SUB][doLoop]event sub tasks report,working event sub count=0,suspend event sub count=0
info|2023-07-09 13:07:55.548146|[SDK][WS][SERVICE]connected nodes,count=2
info|2023-07-09 13:07:55.548218|[EVENT][SUB][doLoop]event sub tasks report,working event sub count=0,suspend event sub count=0
info|2023-07-09 13:08:15.714187|[SDK][WS][SERVICE]connected nodes,count=2
info|2023-07-09 13:08:15.714227|[EVENT][SUB][doLoop]event sub tasks report,working event sub count=0,suspend event sub count=0
info|2023-07-09 13:08:35.727373|[SDK][WS][SERVICE]connected nodes,count=2
info|2023-07-09 13:08:35.727457|[EVENT][SUB][doLoop]event sub tasks report,working event sub count=0,suspend event sub count=0
info|2023-07-09 13:08:55.742907|[EVENT][SUB][doLoop]event sub tasks report,working event sub count=0,suspend event sub count=0
info|2023-07-09 13:08:55.810959|[SDK][WS][SERVICE]connected nodes,count=2
info|2023-07-09 13:09:15.743711|[EVENT][SUB][doLoop]event sub tasks report,working event sub count=0,suspend event sub count=0
info|2023-07-09 13:09:15.811240|[SDK][WS][SERVICE]connected nodes,count=2
info|2023-07-09 13:09:35.748424|[EVENT][SUB][doLoop]event sub tasks report,working event sub count=0,suspend event sub count=0
info|2023-07-09 13:09:35.814747|[SDK][WS][SERVICE]connected nodes,count=2
info|2023-07-09 13:09:55.749081|[EVENT][SUB][doLoop]event sub tasks report,working event sub count=0,suspend event sub count=0
info|2023-07-09 13:09:55.818757|[SDK][WS][SERVICE]connected nodes,count=2
info|2023-07-09 13:10:15.751219|[EVENT][SUB][doLoop]event sub tasks report,working event sub count=0,suspend event sub count=0
info|2023-07-09 13:10:15.819241|[SDK][WS][SERVICE]connected nodes,count=2
info|2023-07-09 13:10:35.758102|[EVENT][SUB][doLoop]event sub tasks report,working event sub count=0,suspend event sub count=0
info|2023-07-09 13:10:35.821890|[SDK][WS][SERVICE]connected nodes,count=2
info|2023-07-09 13:10:55.767289|[EVENT][SUB][doLoop]event sub tasks report,working event sub count=0,suspend event sub count=0
info|2023-07-09 13:10:55.829186|[SDK][WS][SERVICE]connected nodes,count=2
info|2023-07-09 13:11:15.767421|[EVENT][SUB][doLoop]event sub tasks report,working event sub count=0,suspend event sub count=0
info|2023-07-09 13:11:15.832231|[SDK][WS][SERVICE]connected nodes,count=2
info|2023-07-09 13:11:35.773512|[EVENT][SUB][doLoop]event sub tasks report,working event sub count=0,suspend event sub count=0
info|2023-07-09 13:11:35.848518|[SDK][WS][SERVICE]connected nodes,count=2
info|2023-07-09 13:11:55.773651|[EVENT][SUB][doLoop]event sub tasks report,working event sub count=0,suspend event sub count=0
info|2023-07-09 13:11:55.919907|[SDK][WS][SERVICE]connected nodes,count=2
info|2023-07-09 13:12:15.774253|[EVENT][SUB][doLoop]event sub tasks report,working event sub count=0,suspend event sub count=0
info|2023-07-09 13:12:15.990053|[SDK][WS][SERVICE]connected nodes,count=2
info|2023-07-09 13:12:35.774504|[EVENT][SUB][doLoop]event sub tasks report,working event sub count=0,suspend event sub count=0
info|2023-07-09 13:12:35.990537|[SDK][WS][SERVICE]connected nodes,count=2
info|2023-07-09 13:12:55.774704|[EVENT][SUB][doLoop]event sub tasks report,working event sub count=0,suspend event sub count=0
info|2023-07-09 13:12:55.996645|[SDK][WS][SERVICE]connected nodes,count=2
info|2023-07-09 13:13:15.815158|[EVENT][SUB][doLoop]event sub tasks report,working event sub count=0,suspend event sub count=0
info|2023-07-09 13:13:16.097768|[SDK][WS][SERVICE]connected nodes,count=2
info|2023-07-09 13:13:35.815368|[EVENT][SUB][doLoop]event sub tasks report,working event sub count=0,suspend event sub count=0
info|2023-07-09 13:13:36.100090|[SDK][WS][SERVICE]connected nodes,count=2
info|2023-07-09 13:13:55.815798|[EVENT][SUB][doLoop]event sub tasks report,working event sub count=0,suspend event sub count=0
info|2023-07-09 13:13:56.100950|[SDK][WS][SERVICE]connected nodes,count=2
info|2023-07-09 13:14:15.842614|[EVENT][SUB][doLoop]event sub tasks report,working event sub count=0,suspend event sub count=0
info|2023-07-09 13:14:16.101352|[SDK][WS][SERVICE]connected nodes,count=2
info|2023-07-09 13:14:35.843325|[EVENT][SUB][doLoop]event sub tasks report,working event sub count=0,suspend event sub count=0
info|2023-07-09 13:14:36.101678|[SDK][WS][SERVICE]connected nodes,count=2
info|2023-07-09 13:14:55.843748|[EVENT][SUB][doLoop]event sub tasks report,working event sub count=0,suspend event sub count=0
info|2023-07-09 13:14:56.102072|[SDK][WS][SERVICE]connected nodes,count=2
info|2023-07-09 13:15:15.845239|[EVENT][SUB][doLoop]event sub tasks report,working event sub count=0,suspend event sub count=0
info|2023-07-09 13:15:16.103244|[SDK][WS][SERVICE]connected nodes,count=2
info|2023-07-09 13:15:35.845802|[EVENT][SUB][doLoop]event sub tasks report,working event sub count=0,suspend event sub count=0
info|2023-07-09 13:15:36.103545|[SDK][WS][SERVICE]connected nodes,count=2
info|2023-07-09 13:15:55.847965|[EVENT][SUB][doLoop]event sub tasks report,working event sub count=0,suspend event sub count=0
info|2023-07-09 13:15:56.103693|[SDK][WS][SERVICE]connected nodes,count=2
info|2023-07-09 13:16:15.848560|[EVENT][SUB][doLoop]event sub tasks report,working event sub count=0,suspend event sub count=0
info|2023-07-09 13:16:16.104379|[SDK][WS][SERVICE]connected nodes,count=2
info|2023-07-09 13:16:35.858535|[EVENT][SUB][doLoop]event sub tasks report,working event sub count=0,suspend event sub count=0
info|2023-07-09 13:16:36.141499|[SDK][WS][SERVICE]connected nodes,count=2
info|2023-07-09 13:16:55.889647|[EVENT][SUB][doLoop]event sub tasks report,working event sub count=0,suspend event sub count=0
info|2023-07-09 13:16:56.141666|[SDK][WS][SERVICE]connected nodes,count=2
info|2023-07-09 13:17:15.903037|[EVENT][SUB][doLoop]event sub tasks report,working event sub count=0,suspend event sub count=0
info|2023-07-09 13:17:16.141912|[SDK][WS][SERVICE]connected nodes,count=2
info|2023-07-09 13:17:35.904426|[EVENT][SUB][doLoop]event sub tasks report,working event sub count=0,suspend event sub count=0
info|2023-07-09 13:17:36.142357|[SDK][WS][SERVICE]connected nodes,count=2
info|2023-07-09 13:17:55.906326|[EVENT][SUB][doLoop]event sub tasks report,working event sub count=0,suspend event sub count=0
info|2023-07-09 13:17:56.149228|[SDK][WS][SERVICE]connected nodes,count=2
info|2023-07-09 13:18:15.906408|[EVENT][SUB][doLoop]event sub tasks report,working event sub count=0,suspend event sub count=0
info|2023-07-09 13:18:16.156000|[SDK][WS][SERVICE]connected nodes,count=2
info|2023-07-09 13:18:35.907181|[EVENT][SUB][doLoop]event sub tasks report,working event sub count=0,suspend event sub count=0
info|2023-07-09 13:18:36.158280|[SDK][WS][SERVICE]connected nodes,count=2
info|2023-07-09 13:18:55.907899|[EVENT][SUB][doLoop]event sub tasks report,working event sub count=0,suspend event sub count=0
info|2023-07-09 13:18:56.168735|[SDK][WS][SERVICE]connected nodes,count=2
info|2023-07-09 13:19:15.908310|[EVENT][SUB][doLoop]event sub tasks report,working event sub count=0,suspend event sub count=0
info|2023-07-09 13:19:16.169220|[SDK][WS][SERVICE]connected nodes,count=2
info|2023-07-09 13:19:35.908661|[EVENT][SUB][doLoop]event sub tasks report,working event sub count=0,suspend event sub count=0
info|2023-07-09 13:19:36.170020|[SDK][WS][SERVICE]connected nodes,count=2
info|2023-07-09 13:19:55.908877|[EVENT][SUB][doLoop]event sub tasks report,working event sub count=0,suspend event sub count=0
info|2023-07-09 13:19:56.170150|[SDK][WS][SERVICE]connected nodes,count=2
info|2023-07-09 13:20:15.909456|[EVENT][SUB][doLoop]event sub tasks report,working event sub count=0,suspend event sub count=0
info|2023-07-09 13:20:16.171673|[SDK][WS][SERVICE]connected nodes,count=2
info|2023-07-09 13:20:35.910485|[EVENT][SUB][doLoop]event sub tasks report,working event sub count=0,suspend event sub count=0
info|2023-07-09 13:20:36.172122|[SDK][WS][SERVICE]connected nodes,count=2
info|2023-07-09 13:20:55.911507|[EVENT][SUB][doLoop]event sub tasks report,working event sub count=0,suspend event sub count=0
info|2023-07-09 13:20:56.174795|[SDK][WS][SERVICE]connected nodes,count=2
info|2023-07-09 13:21:15.911888|[EVENT][SUB][doLoop]event sub tasks report,working event sub count=0,suspend event sub count=0
info|2023-07-09 13:21:16.176451|[SDK][WS][SERVICE]connected nodes,count=2
info|2023-07-09 13:21:35.912287|[EVENT][SUB][doLoop]event sub tasks report,working event sub count=0,suspend event sub count=0
info|2023-07-09 13:21:36.177413|[SDK][WS][SERVICE]connected nodes,count=2
info|2023-07-09 13:21:55.912426|[EVENT][SUB][doLoop]event sub tasks report,working event sub count=0,suspend event sub count=0
info|2023-07-09 13:21:56.177701|[SDK][WS][SERVICE]connected nodes,count=2
info|2023-07-09 13:22:15.912796|[EVENT][SUB][doLoop]event sub tasks report,working event sub count=0,suspend event sub count=0
info|2023-07-09 13:22:16.178105|[SDK][WS][SERVICE]connected nodes,count=2
info|2023-07-09 13:22:35.914645|[EVENT][SUB][doLoop]event sub tasks report,working event sub count=0,suspend event sub count=0
info|2023-07-09 13:22:36.186727|[SDK][WS][SERVICE]connected nodes,count=2
info|2023-07-09 13:22:55.914870|[EVENT][SUB][doLoop]event sub tasks report,working event sub count=0,suspend event sub count=0
info|2023-07-09 13:22:56.186841|[SDK][WS][SERVICE]connected nodes,count=2
info|2023-07-09 13:23:15.916136|[EVENT][SUB][doLoop]event sub tasks report,working event sub count=0,suspend event sub count=0
info|2023-07-09 13:23:16.187094|[SDK][WS][SERVICE]connected nodes,count=2
info|2023-07-09 13:23:35.916319|[EVENT][SUB][doLoop]event sub tasks report,working event sub count=0,suspend event sub count=0
info|2023-07-09 13:23:36.187664|[SDK][WS][SERVICE]connected nodes,count=2
info|2023-07-09 13:23:55.917032|[EVENT][SUB][doLoop]event sub tasks report,working event sub count=0,suspend event sub count=0
info|2023-07-09 13:23:56.187793|[SDK][WS][SERVICE]connected nodes,count=2
info|2023-07-09 13:24:15.917273|[EVENT][SUB][doLoop]event sub tasks report,working event sub count=0,suspend event sub count=0
info|2023-07-09 13:24:16.191658|[SDK][WS][SERVICE]connected nodes,count=2
info|2023-07-09 13:24:35.919314|[EVENT][SUB][doLoop]event sub tasks report,working event sub count=0,suspend event sub count=0
info|2023-07-09 13:24:36.192245|[SDK][WS][SERVICE]connected nodes,count=2
info|2023-07-09 13:24:55.919929|[EVENT][SUB][doLoop]event sub tasks report,working event sub count=0,suspend event sub count=0
info|2023-07-09 13:24:56.193349|[SDK][WS][SERVICE]connected nodes,count=2
info|2023-07-09 13:25:15.920249|[EVENT][SUB][doLoop]event sub tasks report,working event sub count=0,suspend event sub count=0
info|2023-07-09 13:25:16.193712|[SDK][WS][SERVICE]connected nodes,count=2
info|2023-07-09 13:25:35.920602|[EVENT][SUB][doLoop]event sub tasks report,working event sub count=0,suspend event sub count=0
info|2023-07-09 13:25:36.220205|[SDK][WS][SERVICE]connected nodes,count=2
info|2023-07-09 13:25:55.921422|[EVENT][SUB][doLoop]event sub tasks report,working event sub count=0,suspend event sub count=0
info|2023-07-09 13:25:56.220940|[SDK][WS][SERVICE]connected nodes,count=2
info|2023-07-09 13:26:15.922135|[EVENT][SUB][doLoop]event sub tasks report,working event sub count=0,suspend event sub count=0
info|2023-07-09 13:26:16.221552|[SDK][WS][SERVICE]connected nodes,count=2
info|2023-07-09 13:26:35.922292|[EVENT][SUB][doLoop]event sub tasks report,working event sub count=0,suspend event sub count=0
info|2023-07-09 13:26:36.221807|[SDK][WS][SERVICE]connected nodes,count=2
info|2023-07-09 13:26:55.923171|[EVENT][SUB][doLoop]event sub tasks report,working event sub count=0,suspend event sub count=0
info|2023-07-09 13:26:56.250776|[SDK][WS][SERVICE]connected nodes,count=2
info|2023-07-09 13:27:14.053286|[RPC][BLOCK][NUMBER][fromJson],group=group0,node=98a7f70ec883a722219d92253cf073a72605f4087aa3443c8e4aadc0af2dc3ac647d0fa1b5ac99cd6987abafe6d690ae71cd5fd2aeeabe7589bfb4748aabdfba,blockNumber=2799
info|2023-07-09 13:27:14.053310|[RPCWS][SERVICE][onRecvBlockNotifier]receive block number notifier,group=group0,node=98a7f70ec883a722219d92253cf073a72605f4087aa3443c8e4aadc0af2dc3ac647d0fa1b5ac99cd6987abafe6d690ae71cd5fd2aeeabe7589bfb4748aabdfba,blockNumber=2799
info|2023-07-09 13:27:14.053316|[RPCWS][SERVICE][updateGroupBlockNumber],groupID=group0,_blockNumber=2799
info|2023-07-09 13:27:14.053341|[RPCWS][SERVICE][onRecvBlockNotifier]block notifier callback,group=group0,node=98a7f70ec883a722219d92253cf073a72605f4087aa3443c8e4aadc0af2dc3ac647d0fa1b5ac99cd6987abafe6d690ae71cd5fd2aeeabe7589bfb4748aabdfba,blockNumber=2799
info|2023-07-09 13:27:14.053347|[WS]receive block notify,endpoint=127.0.0.1:20200,blk={
	"blockNumber" : 2799,
	"group" : "group0",
	"nodeName" : "98a7f70ec883a722219d92253cf073a72605f4087aa3443c8e4aadc0af2dc3ac647d0fa1b5ac99cd6987abafe6d690ae71cd5fd2aeeabe7589bfb4748aabdfba"
}
info|2023-07-09 13:27:14.082599|[RPC][BLOCK][NUMBER][fromJson],group=group0,node=2f993327933ad58672518b6d4f63920cbc68b80f78f4d81192552ee6362f5cc81ee13bdc678ad65f06e76444cadb53b33694cfb3fc7679b8000411975fedd28a,blockNumber=2799
info|2023-07-09 13:27:14.082633|[RPCWS][SERVICE][onRecvBlockNotifier]receive block number notifier,group=group0,node=2f993327933ad58672518b6d4f63920cbc68b80f78f4d81192552ee6362f5cc81ee13bdc678ad65f06e76444cadb53b33694cfb3fc7679b8000411975fedd28a,blockNumber=2799
info|2023-07-09 13:27:14.082641|[WS]receive block notify,endpoint=127.0.0.1:20201,blk={
	"blockNumber" : 2799,
	"group" : "group0",
	"nodeName" : "2f993327933ad58672518b6d4f63920cbc68b80f78f4d81192552ee6362f5cc81ee13bdc678ad65f06e76444cadb53b33694cfb3fc7679b8000411975fedd28a"
}
info|2023-07-09 13:27:14.649033|[RPC][BLOCK][NUMBER][fromJson],group=group0,node=2f993327933ad58672518b6d4f63920cbc68b80f78f4d81192552ee6362f5cc81ee13bdc678ad65f06e76444cadb53b33694cfb3fc7679b8000411975fedd28a,blockNumber=2800
info|2023-07-09 13:27:14.649076|[RPCWS][SERVICE][onRecvBlockNotifier]receive block number notifier,group=group0,node=2f993327933ad58672518b6d4f63920cbc68b80f78f4d81192552ee6362f5cc81ee13bdc678ad65f06e76444cadb53b33694cfb3fc7679b8000411975fedd28a,blockNumber=2800
info|2023-07-09 13:27:14.649082|[RPCWS][SERVICE][updateGroupBlockNumber],groupID=group0,_blockNumber=2800
info|2023-07-09 13:27:14.649086|[RPCWS][SERVICE][onRecvBlockNotifier]block notifier callback,group=group0,node=2f993327933ad58672518b6d4f63920cbc68b80f78f4d81192552ee6362f5cc81ee13bdc678ad65f06e76444cadb53b33694cfb3fc7679b8000411975fedd28a,blockNumber=2800
info|2023-07-09 13:27:14.649089|[WS]receive block notify,endpoint=127.0.0.1:20201,blk={
	"blockNumber" : 2800,
	"group" : "group0",
	"nodeName" : "2f993327933ad58672518b6d4f63920cbc68b80f78f4d81192552ee6362f5cc81ee13bdc678ad65f06e76444cadb53b33694cfb3fc7679b8000411975fedd28a"
}
info|2023-07-09 13:27:14.652765|[RPC][BLOCK][NUMBER][fromJson],group=group0,node=98a7f70ec883a722219d92253cf073a72605f4087aa3443c8e4aadc0af2dc3ac647d0fa1b5ac99cd6987abafe6d690ae71cd5fd2aeeabe7589bfb4748aabdfba,blockNumber=2800
info|2023-07-09 13:27:14.652799|[RPCWS][SERVICE][onRecvBlockNotifier]receive block number notifier,group=group0,node=98a7f70ec883a722219d92253cf073a72605f4087aa3443c8e4aadc0af2dc3ac647d0fa1b5ac99cd6987abafe6d690ae71cd5fd2aeeabe7589bfb4748aabdfba,blockNumber=2800
info|2023-07-09 13:27:14.652807|[WS]receive block notify,endpoint=127.0.0.1:20200,blk={
	"blockNumber" : 2800,
	"group" : "group0",
	"nodeName" : "98a7f70ec883a722219d92253cf073a72605f4087aa3443c8e4aadc0af2dc3ac647d0fa1b5ac99cd6987abafe6d690ae71cd5fd2aeeabe7589bfb4748aabdfba"
}
info|2023-07-09 13:27:15.745807|[RPC][BLOCK][NUMBER][fromJson],group=group0,node=98a7f70ec883a722219d92253cf073a72605f4087aa3443c8e4aadc0af2dc3ac647d0fa1b5ac99cd6987abafe6d690ae71cd5fd2aeeabe7589bfb4748aabdfba,blockNumber=2801
info|2023-07-09 13:27:15.745827|[RPCWS][SERVICE][onRecvBlockNotifier]receive block number notifier,group=group0,node=98a7f70ec883a722219d92253cf073a72605f4087aa3443c8e4aadc0af2dc3ac647d0fa1b5ac99cd6987abafe6d690ae71cd5fd2aeeabe7589bfb4748aabdfba,blockNumber=2801
info|2023-07-09 13:27:15.745832|[RPCWS][SERVICE][updateGroupBlockNumber],groupID=group0,_blockNumber=2801
info|2023-07-09 13:27:15.745836|[RPCWS][SERVICE][onRecvBlockNotifier]block notifier callback,group=group0,node=98a7f70ec883a722219d92253cf073a72605f4087aa3443c8e4aadc0af2dc3ac647d0fa1b5ac99cd6987abafe6d690ae71cd5fd2aeeabe7589bfb4748aabdfba,blockNumber=2801
info|2023-07-09 13:27:15.745839|[WS]receive block notify,endpoint=127.0.0.1:20200,blk={
	"blockNumber" : 2801,
	"group" : "group0",
	"nodeName" : "98a7f70ec883a722219d92253cf073a72605f4087aa3443c8e4aadc0af2dc3ac647d0fa1b5ac99cd6987abafe6d690ae71cd5fd2aeeabe7589bfb4748aabdfba"
}
info|2023-07-09 13:27:15.753266|[RPC][BLOCK][NUMBER][fromJson],group=group0,node=2f993327933ad58672518b6d4f63920cbc68b80f78f4d81192552ee6362f5cc81ee13bdc678ad65f06e76444cadb53b33694cfb3fc7679b8000411975fedd28a,blockNumber=2801
info|2023-07-09 13:27:15.753328|[RPCWS][SERVICE][onRecvBlockNotifier]receive block number notifier,group=group0,node=2f993327933ad58672518b6d4f63920cbc68b80f78f4d81192552ee6362f5cc81ee13bdc678ad65f06e76444cadb53b33694cfb3fc7679b8000411975fedd28a,blockNumber=2801
info|2023-07-09 13:27:15.753336|[WS]receive block notify,endpoint=127.0.0.1:20201,blk={
	"blockNumber" : 2801,
	"group" : "group0",
	"nodeName" : "2f993327933ad58672518b6d4f63920cbc68b80f78f4d81192552ee6362f5cc81ee13bdc678ad65f06e76444cadb53b33694cfb3fc7679b8000411975fedd28a"
}
info|2023-07-09 13:27:15.928853|[EVENT][SUB][doLoop]event sub tasks report,working event sub count=0,suspend event sub count=0
info|2023-07-09 13:27:16.186721|[RPC][BLOCK][NUMBER][fromJson],group=group0,node=98a7f70ec883a722219d92253cf073a72605f4087aa3443c8e4aadc0af2dc3ac647d0fa1b5ac99cd6987abafe6d690ae71cd5fd2aeeabe7589bfb4748aabdfba,blockNumber=2802
info|2023-07-09 13:27:16.186738|[RPCWS][SERVICE][onRecvBlockNotifier]receive block number notifier,group=group0,node=98a7f70ec883a722219d92253cf073a72605f4087aa3443c8e4aadc0af2dc3ac647d0fa1b5ac99cd6987abafe6d690ae71cd5fd2aeeabe7589bfb4748aabdfba,blockNumber=2802
info|2023-07-09 13:27:16.186743|[RPCWS][SERVICE][updateGroupBlockNumber],groupID=group0,_blockNumber=2802
info|2023-07-09 13:27:16.186747|[RPCWS][SERVICE][onRecvBlockNotifier]block notifier callback,group=group0,node=98a7f70ec883a722219d92253cf073a72605f4087aa3443c8e4aadc0af2dc3ac647d0fa1b5ac99cd6987abafe6d690ae71cd5fd2aeeabe7589bfb4748aabdfba,blockNumber=2802
info|2023-07-09 13:27:16.186750|[WS]receive block notify,endpoint=127.0.0.1:20200,blk={
	"blockNumber" : 2802,
	"group" : "group0",
	"nodeName" : "98a7f70ec883a722219d92253cf073a72605f4087aa3443c8e4aadc0af2dc3ac647d0fa1b5ac99cd6987abafe6d690ae71cd5fd2aeeabe7589bfb4748aabdfba"
}
info|2023-07-09 13:27:16.221380|[RPC][BLOCK][NUMBER][fromJson],group=group0,node=2f993327933ad58672518b6d4f63920cbc68b80f78f4d81192552ee6362f5cc81ee13bdc678ad65f06e76444cadb53b33694cfb3fc7679b8000411975fedd28a,blockNumber=2802
info|2023-07-09 13:27:16.221400|[RPCWS][SERVICE][onRecvBlockNotifier]receive block number notifier,group=group0,node=2f993327933ad58672518b6d4f63920cbc68b80f78f4d81192552ee6362f5cc81ee13bdc678ad65f06e76444cadb53b33694cfb3fc7679b8000411975fedd28a,blockNumber=2802
info|2023-07-09 13:27:16.221407|[WS]receive block notify,endpoint=127.0.0.1:20201,blk={
	"blockNumber" : 2802,
	"group" : "group0",
	"nodeName" : "2f993327933ad58672518b6d4f63920cbc68b80f78f4d81192552ee6362f5cc81ee13bdc678ad65f06e76444cadb53b33694cfb3fc7679b8000411975fedd28a"
}
info|2023-07-09 13:27:16.250934|[SDK][WS][SERVICE]connected nodes,count=2
info|2023-07-09 13:27:16.803419|[RPC][BLOCK][NUMBER][fromJson],group=group0,node=98a7f70ec883a722219d92253cf073a72605f4087aa3443c8e4aadc0af2dc3ac647d0fa1b5ac99cd6987abafe6d690ae71cd5fd2aeeabe7589bfb4748aabdfba,blockNumber=2803
info|2023-07-09 13:27:16.803440|[RPCWS][SERVICE][onRecvBlockNotifier]receive block number notifier,group=group0,node=98a7f70ec883a722219d92253cf073a72605f4087aa3443c8e4aadc0af2dc3ac647d0fa1b5ac99cd6987abafe6d690ae71cd5fd2aeeabe7589bfb4748aabdfba,blockNumber=2803
info|2023-07-09 13:27:16.803445|[RPCWS][SERVICE][updateGroupBlockNumber],groupID=group0,_blockNumber=2803
info|2023-07-09 13:27:16.803450|[RPCWS][SERVICE][onRecvBlockNotifier]block notifier callback,group=group0,node=98a7f70ec883a722219d92253cf073a72605f4087aa3443c8e4aadc0af2dc3ac647d0fa1b5ac99cd6987abafe6d690ae71cd5fd2aeeabe7589bfb4748aabdfba,blockNumber=2803
info|2023-07-09 13:27:16.803453|[WS]receive block notify,endpoint=127.0.0.1:20200,blk={
	"blockNumber" : 2803,
	"group" : "group0",
	"nodeName" : "98a7f70ec883a722219d92253cf073a72605f4087aa3443c8e4aadc0af2dc3ac647d0fa1b5ac99cd6987abafe6d690ae71cd5fd2aeeabe7589bfb4748aabdfba"
}
info|2023-07-09 13:27:16.928338|[RPC][BLOCK][NUMBER][fromJson],group=group0,node=2f993327933ad58672518b6d4f63920cbc68b80f78f4d81192552ee6362f5cc81ee13bdc678ad65f06e76444cadb53b33694cfb3fc7679b8000411975fedd28a,blockNumber=2803
info|2023-07-09 13:27:16.928367|[RPCWS][SERVICE][onRecvBlockNotifier]receive block number notifier,group=group0,node=2f993327933ad58672518b6d4f63920cbc68b80f78f4d81192552ee6362f5cc81ee13bdc678ad65f06e76444cadb53b33694cfb3fc7679b8000411975fedd28a,blockNumber=2803
info|2023-07-09 13:27:16.928375|[WS]receive block notify,endpoint=127.0.0.1:20201,blk={
	"blockNumber" : 2803,
	"group" : "group0",
	"nodeName" : "2f993327933ad58672518b6d4f63920cbc68b80f78f4d81192552ee6362f5cc81ee13bdc678ad65f06e76444cadb53b33694cfb3fc7679b8000411975fedd28a"
}
info|2023-07-09 13:27:17.471055|[RPC][BLOCK][NUMBER][fromJson],group=group0,node=2f993327933ad58672518b6d4f63920cbc68b80f78f4d81192552ee6362f5cc81ee13bdc678ad65f06e76444cadb53b33694cfb3fc7679b8000411975fedd28a,blockNumber=2804
info|2023-07-09 13:27:17.471082|[RPCWS][SERVICE][onRecvBlockNotifier]receive block number notifier,group=group0,node=2f993327933ad58672518b6d4f63920cbc68b80f78f4d81192552ee6362f5cc81ee13bdc678ad65f06e76444cadb53b33694cfb3fc7679b8000411975fedd28a,blockNumber=2804
info|2023-07-09 13:27:17.471087|[RPCWS][SERVICE][updateGroupBlockNumber],groupID=group0,_blockNumber=2804
info|2023-07-09 13:27:17.471092|[RPCWS][SERVICE][onRecvBlockNotifier]block notifier callback,group=group0,node=2f993327933ad58672518b6d4f63920cbc68b80f78f4d81192552ee6362f5cc81ee13bdc678ad65f06e76444cadb53b33694cfb3fc7679b8000411975fedd28a,blockNumber=2804
info|2023-07-09 13:27:17.471095|[WS]receive block notify,endpoint=127.0.0.1:20201,blk={
	"blockNumber" : 2804,
	"group" : "group0",
	"nodeName" : "2f993327933ad58672518b6d4f63920cbc68b80f78f4d81192552ee6362f5cc81ee13bdc678ad65f06e76444cadb53b33694cfb3fc7679b8000411975fedd28a"
}
info|2023-07-09 13:27:17.505530|[RPC][BLOCK][NUMBER][fromJson],group=group0,node=98a7f70ec883a722219d92253cf073a72605f4087aa3443c8e4aadc0af2dc3ac647d0fa1b5ac99cd6987abafe6d690ae71cd5fd2aeeabe7589bfb4748aabdfba,blockNumber=2804
info|2023-07-09 13:27:17.505558|[RPCWS][SERVICE][onRecvBlockNotifier]receive block number notifier,group=group0,node=98a7f70ec883a722219d92253cf073a72605f4087aa3443c8e4aadc0af2dc3ac647d0fa1b5ac99cd6987abafe6d690ae71cd5fd2aeeabe7589bfb4748aabdfba,blockNumber=2804
info|2023-07-09 13:27:17.505565|[WS]receive block notify,endpoint=127.0.0.1:20200,blk={
	"blockNumber" : 2804,
	"group" : "group0",
	"nodeName" : "98a7f70ec883a722219d92253cf073a72605f4087aa3443c8e4aadc0af2dc3ac647d0fa1b5ac99cd6987abafe6d690ae71cd5fd2aeeabe7589bfb4748aabdfba"
}
info|2023-07-09 13:27:18.216910|[RPC][BLOCK][NUMBER][fromJson],group=group0,node=98a7f70ec883a722219d92253cf073a72605f4087aa3443c8e4aadc0af2dc3ac647d0fa1b5ac99cd6987abafe6d690ae71cd5fd2aeeabe7589bfb4748aabdfba,blockNumber=2805
info|2023-07-09 13:27:18.216933|[RPCWS][SERVICE][onRecvBlockNotifier]receive block number notifier,group=group0,node=98a7f70ec883a722219d92253cf073a72605f4087aa3443c8e4aadc0af2dc3ac647d0fa1b5ac99cd6987abafe6d690ae71cd5fd2aeeabe7589bfb4748aabdfba,blockNumber=2805
info|2023-07-09 13:27:18.216938|[RPCWS][SERVICE][updateGroupBlockNumber],groupID=group0,_blockNumber=2805
info|2023-07-09 13:27:18.216942|[RPCWS][SERVICE][onRecvBlockNotifier]block notifier callback,group=group0,node=98a7f70ec883a722219d92253cf073a72605f4087aa3443c8e4aadc0af2dc3ac647d0fa1b5ac99cd6987abafe6d690ae71cd5fd2aeeabe7589bfb4748aabdfba,blockNumber=2805
info|2023-07-09 13:27:18.216945|[WS]receive block notify,endpoint=127.0.0.1:20200,blk={
	"blockNumber" : 2805,
	"group" : "group0",
	"nodeName" : "98a7f70ec883a722219d92253cf073a72605f4087aa3443c8e4aadc0af2dc3ac647d0fa1b5ac99cd6987abafe6d690ae71cd5fd2aeeabe7589bfb4748aabdfba"
}
info|2023-07-09 13:27:18.334283|[RPC][BLOCK][NUMBER][fromJson],group=group0,node=2f993327933ad58672518b6d4f63920cbc68b80f78f4d81192552ee6362f5cc81ee13bdc678ad65f06e76444cadb53b33694cfb3fc7679b8000411975fedd28a,blockNumber=2805
info|2023-07-09 13:27:18.334308|[RPCWS][SERVICE][onRecvBlockNotifier]receive block number notifier,group=group0,node=2f993327933ad58672518b6d4f63920cbc68b80f78f4d81192552ee6362f5cc81ee13bdc678ad65f06e76444cadb53b33694cfb3fc7679b8000411975fedd28a,blockNumber=2805
info|2023-07-09 13:27:18.334315|[WS]receive block notify,endpoint=127.0.0.1:20201,blk={
	"blockNumber" : 2805,
	"group" : "group0",
	"nodeName" : "2f993327933ad58672518b6d4f63920cbc68b80f78f4d81192552ee6362f5cc81ee13bdc678ad65f06e76444cadb53b33694cfb3fc7679b8000411975fedd28a"
}
info|2023-07-09 13:27:18.732929|[RPC][BLOCK][NUMBER][fromJson],group=group0,node=98a7f70ec883a722219d92253cf073a72605f4087aa3443c8e4aadc0af2dc3ac647d0fa1b5ac99cd6987abafe6d690ae71cd5fd2aeeabe7589bfb4748aabdfba,blockNumber=2806
info|2023-07-09 13:27:18.732947|[RPCWS][SERVICE][onRecvBlockNotifier]receive block number notifier,group=group0,node=98a7f70ec883a722219d92253cf073a72605f4087aa3443c8e4aadc0af2dc3ac647d0fa1b5ac99cd6987abafe6d690ae71cd5fd2aeeabe7589bfb4748aabdfba,blockNumber=2806
info|2023-07-09 13:27:18.732952|[RPCWS][SERVICE][updateGroupBlockNumber],groupID=group0,_blockNumber=2806
info|2023-07-09 13:27:18.732956|[RPCWS][SERVICE][onRecvBlockNotifier]block notifier callback,group=group0,node=98a7f70ec883a722219d92253cf073a72605f4087aa3443c8e4aadc0af2dc3ac647d0fa1b5ac99cd6987abafe6d690ae71cd5fd2aeeabe7589bfb4748aabdfba,blockNumber=2806
info|2023-07-09 13:27:18.732960|[WS]receive block notify,endpoint=127.0.0.1:20200,blk={
	"blockNumber" : 2806,
	"group" : "group0",
	"nodeName" : "98a7f70ec883a722219d92253cf073a72605f4087aa3443c8e4aadc0af2dc3ac647d0fa1b5ac99cd6987abafe6d690ae71cd5fd2aeeabe7589bfb4748aabdfba"
}
info|2023-07-09 13:27:18.738931|[RPC][BLOCK][NUMBER][fromJson],group=group0,node=2f993327933ad58672518b6d4f63920cbc68b80f78f4d81192552ee6362f5cc81ee13bdc678ad65f06e76444cadb53b33694cfb3fc7679b8000411975fedd28a,blockNumber=2806
info|2023-07-09 13:27:18.738950|[RPCWS][SERVICE][onRecvBlockNotifier]receive block number notifier,group=group0,node=2f993327933ad58672518b6d4f63920cbc68b80f78f4d81192552ee6362f5cc81ee13bdc678ad65f06e76444cadb53b33694cfb3fc7679b8000411975fedd28a,blockNumber=2806
info|2023-07-09 13:27:18.738957|[WS]receive block notify,endpoint=127.0.0.1:20201,blk={
	"blockNumber" : 2806,
	"group" : "group0",
	"nodeName" : "2f993327933ad58672518b6d4f63920cbc68b80f78f4d81192552ee6362f5cc81ee13bdc678ad65f06e76444cadb53b33694cfb3fc7679b8000411975fedd28a"
}
info|2023-07-09 13:27:19.371140|[RPC][BLOCK][NUMBER][fromJson],group=group0,node=2f993327933ad58672518b6d4f63920cbc68b80f78f4d81192552ee6362f5cc81ee13bdc678ad65f06e76444cadb53b33694cfb3fc7679b8000411975fedd28a,blockNumber=2807
info|2023-07-09 13:27:19.371160|[RPCWS][SERVICE][onRecvBlockNotifier]receive block number notifier,group=group0,node=2f993327933ad58672518b6d4f63920cbc68b80f78f4d81192552ee6362f5cc81ee13bdc678ad65f06e76444cadb53b33694cfb3fc7679b8000411975fedd28a,blockNumber=2807
info|2023-07-09 13:27:19.371166|[RPCWS][SERVICE][updateGroupBlockNumber],groupID=group0,_blockNumber=2807
info|2023-07-09 13:27:19.371169|[RPCWS][SERVICE][onRecvBlockNotifier]block notifier callback,group=group0,node=2f993327933ad58672518b6d4f63920cbc68b80f78f4d81192552ee6362f5cc81ee13bdc678ad65f06e76444cadb53b33694cfb3fc7679b8000411975fedd28a,blockNumber=2807
info|2023-07-09 13:27:19.371173|[WS]receive block notify,endpoint=127.0.0.1:20201,blk={
	"blockNumber" : 2807,
	"group" : "group0",
	"nodeName" : "2f993327933ad58672518b6d4f63920cbc68b80f78f4d81192552ee6362f5cc81ee13bdc678ad65f06e76444cadb53b33694cfb3fc7679b8000411975fedd28a"
}
info|2023-07-09 13:27:19.384989|[RPC][BLOCK][NUMBER][fromJson],group=group0,node=98a7f70ec883a722219d92253cf073a72605f4087aa3443c8e4aadc0af2dc3ac647d0fa1b5ac99cd6987abafe6d690ae71cd5fd2aeeabe7589bfb4748aabdfba,blockNumber=2807
info|2023-07-09 13:27:19.385010|[RPCWS][SERVICE][onRecvBlockNotifier]receive block number notifier,group=group0,node=98a7f70ec883a722219d92253cf073a72605f4087aa3443c8e4aadc0af2dc3ac647d0fa1b5ac99cd6987abafe6d690ae71cd5fd2aeeabe7589bfb4748aabdfba,blockNumber=2807
info|2023-07-09 13:27:19.385017|[WS]receive block notify,endpoint=127.0.0.1:20200,blk={
	"blockNumber" : 2807,
	"group" : "group0",
	"nodeName" : "98a7f70ec883a722219d92253cf073a72605f4087aa3443c8e4aadc0af2dc3ac647d0fa1b5ac99cd6987abafe6d690ae71cd5fd2aeeabe7589bfb4748aabdfba"
}
info|2023-07-09 13:27:19.966082|[RPC][BLOCK][NUMBER][fromJson],group=group0,node=98a7f70ec883a722219d92253cf073a72605f4087aa3443c8e4aadc0af2dc3ac647d0fa1b5ac99cd6987abafe6d690ae71cd5fd2aeeabe7589bfb4748aabdfba,blockNumber=2808
info|2023-07-09 13:27:19.966107|[RPCWS][SERVICE][onRecvBlockNotifier]receive block number notifier,group=group0,node=98a7f70ec883a722219d92253cf073a72605f4087aa3443c8e4aadc0af2dc3ac647d0fa1b5ac99cd6987abafe6d690ae71cd5fd2aeeabe7589bfb4748aabdfba,blockNumber=2808
info|2023-07-09 13:27:19.966111|[RPCWS][SERVICE][updateGroupBlockNumber],groupID=group0,_blockNumber=2808
info|2023-07-09 13:27:19.966116|[RPCWS][SERVICE][onRecvBlockNotifier]block notifier callback,group=group0,node=98a7f70ec883a722219d92253cf073a72605f4087aa3443c8e4aadc0af2dc3ac647d0fa1b5ac99cd6987abafe6d690ae71cd5fd2aeeabe7589bfb4748aabdfba,blockNumber=2808
info|2023-07-09 13:27:19.966120|[WS]receive block notify,endpoint=127.0.0.1:20200,blk={
	"blockNumber" : 2808,
	"group" : "group0",
	"nodeName" : "98a7f70ec883a722219d92253cf073a72605f4087aa3443c8e4aadc0af2dc3ac647d0fa1b5ac99cd6987abafe6d690ae71cd5fd2aeeabe7589bfb4748aabdfba"
}
info|2023-07-09 13:27:19.967139|[RPC][BLOCK][NUMBER][fromJson],group=group0,node=2f993327933ad58672518b6d4f63920cbc68b80f78f4d81192552ee6362f5cc81ee13bdc678ad65f06e76444cadb53b33694cfb3fc7679b8000411975fedd28a,blockNumber=2808
info|2023-07-09 13:27:19.967159|[RPCWS][SERVICE][onRecvBlockNotifier]receive block number notifier,group=group0,node=2f993327933ad58672518b6d4f63920cbc68b80f78f4d81192552ee6362f5cc81ee13bdc678ad65f06e76444cadb53b33694cfb3fc7679b8000411975fedd28a,blockNumber=2808
info|2023-07-09 13:27:19.967165|[WS]receive block notify,endpoint=127.0.0.1:20201,blk={
	"blockNumber" : 2808,
	"group" : "group0",
	"nodeName" : "2f993327933ad58672518b6d4f63920cbc68b80f78f4d81192552ee6362f5cc81ee13bdc678ad65f06e76444cadb53b33694cfb3fc7679b8000411975fedd28a"
}
info|2023-07-09 13:27:20.481086|[RPC][BLOCK][NUMBER][fromJson],group=group0,node=98a7f70ec883a722219d92253cf073a72605f4087aa3443c8e4aadc0af2dc3ac647d0fa1b5ac99cd6987abafe6d690ae71cd5fd2aeeabe7589bfb4748aabdfba,blockNumber=2809
info|2023-07-09 13:27:20.481104|[RPCWS][SERVICE][onRecvBlockNotifier]receive block number notifier,group=group0,node=98a7f70ec883a722219d92253cf073a72605f4087aa3443c8e4aadc0af2dc3ac647d0fa1b5ac99cd6987abafe6d690ae71cd5fd2aeeabe7589bfb4748aabdfba,blockNumber=2809
info|2023-07-09 13:27:20.481110|[RPCWS][SERVICE][updateGroupBlockNumber],groupID=group0,_blockNumber=2809
info|2023-07-09 13:27:20.481114|[RPCWS][SERVICE][onRecvBlockNotifier]block notifier callback,group=group0,node=98a7f70ec883a722219d92253cf073a72605f4087aa3443c8e4aadc0af2dc3ac647d0fa1b5ac99cd6987abafe6d690ae71cd5fd2aeeabe7589bfb4748aabdfba,blockNumber=2809
info|2023-07-09 13:27:20.481117|[WS]receive block notify,endpoint=127.0.0.1:20200,blk={
	"blockNumber" : 2809,
	"group" : "group0",
	"nodeName" : "98a7f70ec883a722219d92253cf073a72605f4087aa3443c8e4aadc0af2dc3ac647d0fa1b5ac99cd6987abafe6d690ae71cd5fd2aeeabe7589bfb4748aabdfba"
}
info|2023-07-09 13:27:20.628882|[RPC][BLOCK][NUMBER][fromJson],group=group0,node=2f993327933ad58672518b6d4f63920cbc68b80f78f4d81192552ee6362f5cc81ee13bdc678ad65f06e76444cadb53b33694cfb3fc7679b8000411975fedd28a,blockNumber=2809
info|2023-07-09 13:27:20.628909|[RPCWS][SERVICE][onRecvBlockNotifier]receive block number notifier,group=group0,node=2f993327933ad58672518b6d4f63920cbc68b80f78f4d81192552ee6362f5cc81ee13bdc678ad65f06e76444cadb53b33694cfb3fc7679b8000411975fedd28a,blockNumber=2809
info|2023-07-09 13:27:20.628915|[WS]receive block notify,endpoint=127.0.0.1:20201,blk={
	"blockNumber" : 2809,
	"group" : "group0",
	"nodeName" : "2f993327933ad58672518b6d4f63920cbc68b80f78f4d81192552ee6362f5cc81ee13bdc678ad65f06e76444cadb53b33694cfb3fc7679b8000411975fedd28a"
}
info|2023-07-09 13:27:21.293492|[RPC][BLOCK][NUMBER][fromJson],group=group0,node=98a7f70ec883a722219d92253cf073a72605f4087aa3443c8e4aadc0af2dc3ac647d0fa1b5ac99cd6987abafe6d690ae71cd5fd2aeeabe7589bfb4748aabdfba,blockNumber=2810
info|2023-07-09 13:27:21.293519|[RPCWS][SERVICE][onRecvBlockNotifier]receive block number notifier,group=group0,node=98a7f70ec883a722219d92253cf073a72605f4087aa3443c8e4aadc0af2dc3ac647d0fa1b5ac99cd6987abafe6d690ae71cd5fd2aeeabe7589bfb4748aabdfba,blockNumber=2810
info|2023-07-09 13:27:21.293524|[RPCWS][SERVICE][updateGroupBlockNumber],groupID=group0,_blockNumber=2810
info|2023-07-09 13:27:21.293529|[RPCWS][SERVICE][onRecvBlockNotifier]block notifier callback,group=group0,node=98a7f70ec883a722219d92253cf073a72605f4087aa3443c8e4aadc0af2dc3ac647d0fa1b5ac99cd6987abafe6d690ae71cd5fd2aeeabe7589bfb4748aabdfba,blockNumber=2810
info|2023-07-09 13:27:21.293532|[WS]receive block notify,endpoint=127.0.0.1:20200,blk={
	"blockNumber" : 2810,
	"group" : "group0",
	"nodeName" : "98a7f70ec883a722219d92253cf073a72605f4087aa3443c8e4aadc0af2dc3ac647d0fa1b5ac99cd6987abafe6d690ae71cd5fd2aeeabe7589bfb4748aabdfba"
}
info|2023-07-09 13:27:21.536574|[RPC][BLOCK][NUMBER][fromJson],group=group0,node=2f993327933ad58672518b6d4f63920cbc68b80f78f4d81192552ee6362f5cc81ee13bdc678ad65f06e76444cadb53b33694cfb3fc7679b8000411975fedd28a,blockNumber=2810
info|2023-07-09 13:27:21.536610|[RPCWS][SERVICE][onRecvBlockNotifier]receive block number notifier,group=group0,node=2f993327933ad58672518b6d4f63920cbc68b80f78f4d81192552ee6362f5cc81ee13bdc678ad65f06e76444cadb53b33694cfb3fc7679b8000411975fedd28a,blockNumber=2810
info|2023-07-09 13:27:21.536619|[WS]receive block notify,endpoint=127.0.0.1:20201,blk={
	"blockNumber" : 2810,
	"group" : "group0",
	"nodeName" : "2f993327933ad58672518b6d4f63920cbc68b80f78f4d81192552ee6362f5cc81ee13bdc678ad65f06e76444cadb53b33694cfb3fc7679b8000411975fedd28a"
}
info|2023-07-09 13:27:21.736643|[RPC][BLOCK][NUMBER][fromJson],group=group0,node=98a7f70ec883a722219d92253cf073a72605f4087aa3443c8e4aadc0af2dc3ac647d0fa1b5ac99cd6987abafe6d690ae71cd5fd2aeeabe7589bfb4748aabdfba,blockNumber=2811
info|2023-07-09 13:27:21.736665|[RPCWS][SERVICE][onRecvBlockNotifier]receive block number notifier,group=group0,node=98a7f70ec883a722219d92253cf073a72605f4087aa3443c8e4aadc0af2dc3ac647d0fa1b5ac99cd6987abafe6d690ae71cd5fd2aeeabe7589bfb4748aabdfba,blockNumber=2811
info|2023-07-09 13:27:21.736670|[RPCWS][SERVICE][updateGroupBlockNumber],groupID=group0,_blockNumber=2811
info|2023-07-09 13:27:21.736674|[RPCWS][SERVICE][onRecvBlockNotifier]block notifier callback,group=group0,node=98a7f70ec883a722219d92253cf073a72605f4087aa3443c8e4aadc0af2dc3ac647d0fa1b5ac99cd6987abafe6d690ae71cd5fd2aeeabe7589bfb4748aabdfba,blockNumber=2811
info|2023-07-09 13:27:21.736677|[WS]receive block notify,endpoint=127.0.0.1:20200,blk={
	"blockNumber" : 2811,
	"group" : "group0",
	"nodeName" : "98a7f70ec883a722219d92253cf073a72605f4087aa3443c8e4aadc0af2dc3ac647d0fa1b5ac99cd6987abafe6d690ae71cd5fd2aeeabe7589bfb4748aabdfba"
}
info|2023-07-09 13:27:21.747971|[RPC][BLOCK][NUMBER][fromJson],group=group0,node=2f993327933ad58672518b6d4f63920cbc68b80f78f4d81192552ee6362f5cc81ee13bdc678ad65f06e76444cadb53b33694cfb3fc7679b8000411975fedd28a,blockNumber=2811
info|2023-07-09 13:27:21.748337|[RPCWS][SERVICE][onRecvBlockNotifier]receive block number notifier,group=group0,node=2f993327933ad58672518b6d4f63920cbc68b80f78f4d81192552ee6362f5cc81ee13bdc678ad65f06e76444cadb53b33694cfb3fc7679b8000411975fedd28a,blockNumber=2811
info|2023-07-09 13:27:21.748352|[WS]receive block notify,endpoint=127.0.0.1:20201,blk={
	"blockNumber" : 2811,
	"group" : "group0",
	"nodeName" : "2f993327933ad58672518b6d4f63920cbc68b80f78f4d81192552ee6362f5cc81ee13bdc678ad65f06e76444cadb53b33694cfb3fc7679b8000411975fedd28a"
}
info|2023-07-09 13:27:22.418755|[RPC][BLOCK][NUMBER][fromJson],group=group0,node=98a7f70ec883a722219d92253cf073a72605f4087aa3443c8e4aadc0af2dc3ac647d0fa1b5ac99cd6987abafe6d690ae71cd5fd2aeeabe7589bfb4748aabdfba,blockNumber=2812
info|2023-07-09 13:27:22.418790|[RPCWS][SERVICE][onRecvBlockNotifier]receive block number notifier,group=group0,node=98a7f70ec883a722219d92253cf073a72605f4087aa3443c8e4aadc0af2dc3ac647d0fa1b5ac99cd6987abafe6d690ae71cd5fd2aeeabe7589bfb4748aabdfba,blockNumber=2812
info|2023-07-09 13:27:22.418796|[RPCWS][SERVICE][updateGroupBlockNumber],groupID=group0,_blockNumber=2812
info|2023-07-09 13:27:22.418800|[RPCWS][SERVICE][onRecvBlockNotifier]block notifier callback,group=group0,node=98a7f70ec883a722219d92253cf073a72605f4087aa3443c8e4aadc0af2dc3ac647d0fa1b5ac99cd6987abafe6d690ae71cd5fd2aeeabe7589bfb4748aabdfba,blockNumber=2812
info|2023-07-09 13:27:22.418803|[WS]receive block notify,endpoint=127.0.0.1:20200,blk={
	"blockNumber" : 2812,
	"group" : "group0",
	"nodeName" : "98a7f70ec883a722219d92253cf073a72605f4087aa3443c8e4aadc0af2dc3ac647d0fa1b5ac99cd6987abafe6d690ae71cd5fd2aeeabe7589bfb4748aabdfba"
}
info|2023-07-09 13:27:22.430284|[RPC][BLOCK][NUMBER][fromJson],group=group0,node=2f993327933ad58672518b6d4f63920cbc68b80f78f4d81192552ee6362f5cc81ee13bdc678ad65f06e76444cadb53b33694cfb3fc7679b8000411975fedd28a,blockNumber=2812
info|2023-07-09 13:27:22.430304|[RPCWS][SERVICE][onRecvBlockNotifier]receive block number notifier,group=group0,node=2f993327933ad58672518b6d4f63920cbc68b80f78f4d81192552ee6362f5cc81ee13bdc678ad65f06e76444cadb53b33694cfb3fc7679b8000411975fedd28a,blockNumber=2812
info|2023-07-09 13:27:22.430310|[WS]receive block notify,endpoint=127.0.0.1:20201,blk={
	"blockNumber" : 2812,
	"group" : "group0",
	"nodeName" : "2f993327933ad58672518b6d4f63920cbc68b80f78f4d81192552ee6362f5cc81ee13bdc678ad65f06e76444cadb53b33694cfb3fc7679b8000411975fedd28a"
}
info|2023-07-09 13:27:22.886339|[RPC][BLOCK][NUMBER][fromJson],group=group0,node=98a7f70ec883a722219d92253cf073a72605f4087aa3443c8e4aadc0af2dc3ac647d0fa1b5ac99cd6987abafe6d690ae71cd5fd2aeeabe7589bfb4748aabdfba,blockNumber=2813
info|2023-07-09 13:27:22.886360|[RPCWS][SERVICE][onRecvBlockNotifier]receive block number notifier,group=group0,node=98a7f70ec883a722219d92253cf073a72605f4087aa3443c8e4aadc0af2dc3ac647d0fa1b5ac99cd6987abafe6d690ae71cd5fd2aeeabe7589bfb4748aabdfba,blockNumber=2813
info|2023-07-09 13:27:22.886366|[RPCWS][SERVICE][updateGroupBlockNumber],groupID=group0,_blockNumber=2813
info|2023-07-09 13:27:22.886370|[RPCWS][SERVICE][onRecvBlockNotifier]block notifier callback,group=group0,node=98a7f70ec883a722219d92253cf073a72605f4087aa3443c8e4aadc0af2dc3ac647d0fa1b5ac99cd6987abafe6d690ae71cd5fd2aeeabe7589bfb4748aabdfba,blockNumber=2813
info|2023-07-09 13:27:22.886373|[WS]receive block notify,endpoint=127.0.0.1:20200,blk={
	"blockNumber" : 2813,
	"group" : "group0",
	"nodeName" : "98a7f70ec883a722219d92253cf073a72605f4087aa3443c8e4aadc0af2dc3ac647d0fa1b5ac99cd6987abafe6d690ae71cd5fd2aeeabe7589bfb4748aabdfba"
}
info|2023-07-09 13:27:22.929862|[RPC][BLOCK][NUMBER][fromJson],group=group0,node=2f993327933ad58672518b6d4f63920cbc68b80f78f4d81192552ee6362f5cc81ee13bdc678ad65f06e76444cadb53b33694cfb3fc7679b8000411975fedd28a,blockNumber=2813
info|2023-07-09 13:27:22.929906|[RPCWS][SERVICE][onRecvBlockNotifier]receive block number notifier,group=group0,node=2f993327933ad58672518b6d4f63920cbc68b80f78f4d81192552ee6362f5cc81ee13bdc678ad65f06e76444cadb53b33694cfb3fc7679b8000411975fedd28a,blockNumber=2813
info|2023-07-09 13:27:22.929912|[WS]receive block notify,endpoint=127.0.0.1:20201,blk={
	"blockNumber" : 2813,
	"group" : "group0",
	"nodeName" : "2f993327933ad58672518b6d4f63920cbc68b80f78f4d81192552ee6362f5cc81ee13bdc678ad65f06e76444cadb53b33694cfb3fc7679b8000411975fedd28a"
}
info|2023-07-09 13:27:23.549667|[RPC][BLOCK][NUMBER][fromJson],group=group0,node=2f993327933ad58672518b6d4f63920cbc68b80f78f4d81192552ee6362f5cc81ee13bdc678ad65f06e76444cadb53b33694cfb3fc7679b8000411975fedd28a,blockNumber=2814
info|2023-07-09 13:27:23.549686|[RPCWS][SERVICE][onRecvBlockNotifier]receive block number notifier,group=group0,node=2f993327933ad58672518b6d4f63920cbc68b80f78f4d81192552ee6362f5cc81ee13bdc678ad65f06e76444cadb53b33694cfb3fc7679b8000411975fedd28a,blockNumber=2814
info|2023-07-09 13:27:23.549691|[RPCWS][SERVICE][updateGroupBlockNumber],groupID=group0,_blockNumber=2814
info|2023-07-09 13:27:23.549695|[RPCWS][SERVICE][onRecvBlockNotifier]block notifier callback,group=group0,node=2f993327933ad58672518b6d4f63920cbc68b80f78f4d81192552ee6362f5cc81ee13bdc678ad65f06e76444cadb53b33694cfb3fc7679b8000411975fedd28a,blockNumber=2814
info|2023-07-09 13:27:23.549992|[WS]receive block notify,endpoint=127.0.0.1:20201,blk={
	"blockNumber" : 2814,
	"group" : "group0",
	"nodeName" : "2f993327933ad58672518b6d4f63920cbc68b80f78f4d81192552ee6362f5cc81ee13bdc678ad65f06e76444cadb53b33694cfb3fc7679b8000411975fedd28a"
}
info|2023-07-09 13:27:23.566854|[RPC][BLOCK][NUMBER][fromJson],group=group0,node=98a7f70ec883a722219d92253cf073a72605f4087aa3443c8e4aadc0af2dc3ac647d0fa1b5ac99cd6987abafe6d690ae71cd5fd2aeeabe7589bfb4748aabdfba,blockNumber=2814
info|2023-07-09 13:27:23.566890|[RPCWS][SERVICE][onRecvBlockNotifier]receive block number notifier,group=group0,node=98a7f70ec883a722219d92253cf073a72605f4087aa3443c8e4aadc0af2dc3ac647d0fa1b5ac99cd6987abafe6d690ae71cd5fd2aeeabe7589bfb4748aabdfba,blockNumber=2814
info|2023-07-09 13:27:23.566898|[WS]receive block notify,endpoint=127.0.0.1:20200,blk={
	"blockNumber" : 2814,
	"group" : "group0",
	"nodeName" : "98a7f70ec883a722219d92253cf073a72605f4087aa3443c8e4aadc0af2dc3ac647d0fa1b5ac99cd6987abafe6d690ae71cd5fd2aeeabe7589bfb4748aabdfba"
}
info|2023-07-09 13:27:35.928984|[EVENT][SUB][doLoop]event sub tasks report,working event sub count=0,suspend event sub count=0
info|2023-07-09 13:27:36.251593|[SDK][WS][SERVICE]connected nodes,count=2
info|2023-07-09 13:27:55.930908|[EVENT][SUB][doLoop]event sub tasks report,working event sub count=0,suspend event sub count=0
info|2023-07-09 13:27:56.252028|[SDK][WS][SERVICE]connected nodes,count=2
info|2023-07-09 13:28:15.946221|[EVENT][SUB][doLoop]event sub tasks report,working event sub count=0,suspend event sub count=0
info|2023-07-09 13:28:16.252246|[SDK][WS][SERVICE]connected nodes,count=2
info|2023-07-09 13:28:35.946473|[EVENT][SUB][doLoop]event sub tasks report,working event sub count=0,suspend event sub count=0
info|2023-07-09 13:28:36.252577|[SDK][WS][SERVICE]connected nodes,count=2
info|2023-07-09 13:28:55.946709|[EVENT][SUB][doLoop]event sub tasks report,working event sub count=0,suspend event sub count=0
info|2023-07-09 13:28:56.284560|[SDK][WS][SERVICE]connected nodes,count=2
info|2023-07-09 13:29:15.948401|[EVENT][SUB][doLoop]event sub tasks report,working event sub count=0,suspend event sub count=0
info|2023-07-09 13:29:16.285347|[SDK][WS][SERVICE]connected nodes,count=2
info|2023-07-09 13:29:35.948523|[EVENT][SUB][doLoop]event sub tasks report,working event sub count=0,suspend event sub count=0
info|2023-07-09 13:29:36.307819|[SDK][WS][SERVICE]connected nodes,count=2
info|2023-07-09 13:29:55.954818|[EVENT][SUB][doLoop]event sub tasks report,working event sub count=0,suspend event sub count=0
info|2023-07-09 13:29:56.308207|[SDK][WS][SERVICE]connected nodes,count=2
info|2023-07-09 13:30:15.955454|[EVENT][SUB][doLoop]event sub tasks report,working event sub count=0,suspend event sub count=0
info|2023-07-09 13:30:16.308673|[SDK][WS][SERVICE]connected nodes,count=2
info|2023-07-09 13:30:35.955799|[EVENT][SUB][doLoop]event sub tasks report,working event sub count=0,suspend event sub count=0
info|2023-07-09 13:30:36.340965|[SDK][WS][SERVICE]connected nodes,count=2
info|2023-07-09 13:30:55.956177|[EVENT][SUB][doLoop]event sub tasks report,working event sub count=0,suspend event sub count=0
info|2023-07-09 13:30:56.341527|[SDK][WS][SERVICE]connected nodes,count=2
info|2023-07-09 13:31:15.956941|[EVENT][SUB][doLoop]event sub tasks report,working event sub count=0,suspend event sub count=0
info|2023-07-09 13:31:16.361241|[SDK][WS][SERVICE]connected nodes,count=2
info|2023-07-09 13:31:35.957359|[EVENT][SUB][doLoop]event sub tasks report,working event sub count=0,suspend event sub count=0
info|2023-07-09 13:31:36.361709|[SDK][WS][SERVICE]connected nodes,count=2
info|2023-07-09 13:31:55.957583|[EVENT][SUB][doLoop]event sub tasks report,working event sub count=0,suspend event sub count=0
info|2023-07-09 13:31:56.362207|[SDK][WS][SERVICE]connected nodes,count=2
info|2023-07-09 13:32:15.957852|[EVENT][SUB][doLoop]event sub tasks report,working event sub count=0,suspend event sub count=0
info|2023-07-09 13:32:16.363114|[SDK][WS][SERVICE]connected nodes,count=2
info|2023-07-09 13:32:35.958671|[EVENT][SUB][doLoop]event sub tasks report,working event sub count=0,suspend event sub count=0
info|2023-07-09 13:32:36.363297|[SDK][WS][SERVICE]connected nodes,count=2
info|2023-07-09 13:32:55.958810|[EVENT][SUB][doLoop]event sub tasks report,working event sub count=0,suspend event sub count=0
info|2023-07-09 13:32:56.363583|[SDK][WS][SERVICE]connected nodes,count=2
info|2023-07-09 13:33:15.959587|[EVENT][SUB][doLoop]event sub tasks report,working event sub count=0,suspend event sub count=0
info|2023-07-09 13:33:16.366101|[SDK][WS][SERVICE]connected nodes,count=2
info|2023-07-09 13:33:35.960678|[EVENT][SUB][doLoop]event sub tasks report,working event sub count=0,suspend event sub count=0
info|2023-07-09 13:33:36.374125|[SDK][WS][SERVICE]connected nodes,count=2
info|2023-07-09 13:33:55.974813|[EVENT][SUB][doLoop]event sub tasks report,working event sub count=0,suspend event sub count=0
info|2023-07-09 13:33:56.374618|[SDK][WS][SERVICE]connected nodes,count=2
info|2023-07-09 13:34:15.974981|[EVENT][SUB][doLoop]event sub tasks report,working event sub count=0,suspend event sub count=0
info|2023-07-09 13:34:16.378151|[SDK][WS][SERVICE]connected nodes,count=2
info|2023-07-09 13:34:35.993991|[EVENT][SUB][doLoop]event sub tasks report,working event sub count=0,suspend event sub count=0
info|2023-07-09 13:34:36.382812|[SDK][WS][SERVICE]connected nodes,count=2
info|2023-07-09 13:34:55.994631|[EVENT][SUB][doLoop]event sub tasks report,working event sub count=0,suspend event sub count=0
info|2023-07-09 13:34:56.383405|[SDK][WS][SERVICE]connected nodes,count=2
info|2023-07-09 13:35:16.025811|[EVENT][SUB][doLoop]event sub tasks report,working event sub count=0,suspend event sub count=0
info|2023-07-09 13:35:16.383590|[SDK][WS][SERVICE]connected nodes,count=2
info|2023-07-09 13:35:36.029905|[EVENT][SUB][doLoop]event sub tasks report,working event sub count=0,suspend event sub count=0
info|2023-07-09 13:35:36.385126|[SDK][WS][SERVICE]connected nodes,count=2
info|2023-07-09 13:35:56.038279|[EVENT][SUB][doLoop]event sub tasks report,working event sub count=0,suspend event sub count=0
info|2023-07-09 13:35:56.385949|[SDK][WS][SERVICE]connected nodes,count=2
info|2023-07-09 13:36:16.038732|[EVENT][SUB][doLoop]event sub tasks report,working event sub count=0,suspend event sub count=0
info|2023-07-09 13:36:16.386888|[SDK][WS][SERVICE]connected nodes,count=2
info|2023-07-09 13:36:36.039806|[EVENT][SUB][doLoop]event sub tasks report,working event sub count=0,suspend event sub count=0
info|2023-07-09 13:36:36.387422|[SDK][WS][SERVICE]connected nodes,count=2
info|2023-07-09 13:36:56.041224|[EVENT][SUB][doLoop]event sub tasks report,working event sub count=0,suspend event sub count=0
info|2023-07-09 13:36:56.387685|[SDK][WS][SERVICE]connected nodes,count=2
info|2023-07-09 13:37:16.057556|[EVENT][SUB][doLoop]event sub tasks report,working event sub count=0,suspend event sub count=0
info|2023-07-09 13:37:16.388252|[SDK][WS][SERVICE]connected nodes,count=2
info|2023-07-09 13:37:36.057914|[EVENT][SUB][doLoop]event sub tasks report,working event sub count=0,suspend event sub count=0
info|2023-07-09 13:37:36.410958|[SDK][WS][SERVICE]connected nodes,count=2
info|2023-07-09 13:37:56.064862|[EVENT][SUB][doLoop]event sub tasks report,working event sub count=0,suspend event sub count=0
info|2023-07-09 13:37:56.411406|[SDK][WS][SERVICE]connected nodes,count=2
info|2023-07-09 13:38:16.065403|[EVENT][SUB][doLoop]event sub tasks report,working event sub count=0,suspend event sub count=0
info|2023-07-09 13:38:16.412942|[SDK][WS][SERVICE]connected nodes,count=2
info|2023-07-09 13:38:36.065587|[EVENT][SUB][doLoop]event sub tasks report,working event sub count=0,suspend event sub count=0
info|2023-07-09 13:38:36.413837|[SDK][WS][SERVICE]connected nodes,count=2
info|2023-07-09 13:38:56.067355|[EVENT][SUB][doLoop]event sub tasks report,working event sub count=0,suspend event sub count=0
info|2023-07-09 13:38:56.414841|[SDK][WS][SERVICE]connected nodes,count=2
info|2023-07-09 13:39:16.073297|[EVENT][SUB][doLoop]event sub tasks report,working event sub count=0,suspend event sub count=0
info|2023-07-09 13:39:16.415385|[SDK][WS][SERVICE]connected nodes,count=2
info|2023-07-09 13:39:36.075341|[EVENT][SUB][doLoop]event sub tasks report,working event sub count=0,suspend event sub count=0
info|2023-07-09 13:39:36.418010|[SDK][WS][SERVICE]connected nodes,count=2
info|2023-07-09 13:39:56.076093|[EVENT][SUB][doLoop]event sub tasks report,working event sub count=0,suspend event sub count=0
info|2023-07-09 13:39:56.418718|[SDK][WS][SERVICE]connected nodes,count=2
info|2023-07-09 13:40:16.076550|[EVENT][SUB][doLoop]event sub tasks report,working event sub count=0,suspend event sub count=0
info|2023-07-09 13:40:16.419142|[SDK][WS][SERVICE]connected nodes,count=2
info|2023-07-09 13:40:36.077338|[EVENT][SUB][doLoop]event sub tasks report,working event sub count=0,suspend event sub count=0
info|2023-07-09 13:40:36.419448|[SDK][WS][SERVICE]connected nodes,count=2
info|2023-07-09 13:40:56.079138|[EVENT][SUB][doLoop]event sub tasks report,working event sub count=0,suspend event sub count=0
info|2023-07-09 13:40:56.419922|[SDK][WS][SERVICE]connected nodes,count=2
info|2023-07-09 13:41:16.082139|[EVENT][SUB][doLoop]event sub tasks report,working event sub count=0,suspend event sub count=0
info|2023-07-09 13:41:16.420811|[SDK][WS][SERVICE]connected nodes,count=2
info|2023-07-09 13:41:36.084074|[EVENT][SUB][doLoop]event sub tasks report,working event sub count=0,suspend event sub count=0
info|2023-07-09 13:41:36.422571|[SDK][WS][SERVICE]connected nodes,count=2
info|2023-07-09 13:41:56.084271|[EVENT][SUB][doLoop]event sub tasks report,working event sub count=0,suspend event sub count=0
info|2023-07-09 13:41:56.426622|[SDK][WS][SERVICE]connected nodes,count=2
info|2023-07-09 13:42:16.097699|[EVENT][SUB][doLoop]event sub tasks report,working event sub count=0,suspend event sub count=0
info|2023-07-09 13:42:16.427699|[SDK][WS][SERVICE]connected nodes,count=2
info|2023-07-09 13:42:36.098451|[EVENT][SUB][doLoop]event sub tasks report,working event sub count=0,suspend event sub count=0
info|2023-07-09 13:42:36.428877|[SDK][WS][SERVICE]connected nodes,count=2
info|2023-07-09 13:42:56.100341|[EVENT][SUB][doLoop]event sub tasks report,working event sub count=0,suspend event sub count=0
info|2023-07-09 13:42:56.429222|[SDK][WS][SERVICE]connected nodes,count=2
info|2023-07-09 13:43:16.110056|[EVENT][SUB][doLoop]event sub tasks report,working event sub count=0,suspend event sub count=0
info|2023-07-09 13:43:16.429647|[SDK][WS][SERVICE]connected nodes,count=2
info|2023-07-09 13:43:36.110153|[EVENT][SUB][doLoop]event sub tasks report,working event sub count=0,suspend event sub count=0
info|2023-07-09 13:43:36.429871|[SDK][WS][SERVICE]connected nodes,count=2
info|2023-07-09 13:43:56.117607|[EVENT][SUB][doLoop]event sub tasks report,working event sub count=0,suspend event sub count=0
info|2023-07-09 13:43:56.431276|[SDK][WS][SERVICE]connected nodes,count=2
info|2023-07-09 13:44:16.118266|[EVENT][SUB][doLoop]event sub tasks report,working event sub count=0,suspend event sub count=0
info|2023-07-09 13:44:16.432100|[SDK][WS][SERVICE]connected nodes,count=2
info|2023-07-09 13:44:36.118830|[EVENT][SUB][doLoop]event sub tasks report,working event sub count=0,suspend event sub count=0
info|2023-07-09 13:44:36.434179|[SDK][WS][SERVICE]connected nodes,count=2
info|2023-07-09 13:44:56.123431|[EVENT][SUB][doLoop]event sub tasks report,working event sub count=0,suspend event sub count=0
info|2023-07-09 13:44:56.434878|[SDK][WS][SERVICE]connected nodes,count=2
info|2023-07-09 13:45:16.124795|[EVENT][SUB][doLoop]event sub tasks report,working event sub count=0,suspend event sub count=0
info|2023-07-09 13:45:16.443908|[SDK][WS][SERVICE]connected nodes,count=2
info|2023-07-09 13:45:36.126066|[EVENT][SUB][doLoop]event sub tasks report,working event sub count=0,suspend event sub count=0
info|2023-07-09 13:45:36.444149|[SDK][WS][SERVICE]connected nodes,count=2
info|2023-07-09 13:45:56.126895|[EVENT][SUB][doLoop]event sub tasks report,working event sub count=0,suspend event sub count=0
info|2023-07-09 13:45:56.444939|[SDK][WS][SERVICE]connected nodes,count=2
info|2023-07-09 13:46:16.126992|[EVENT][SUB][doLoop]event sub tasks report,working event sub count=0,suspend event sub count=0
info|2023-07-09 13:46:16.445287|[SDK][WS][SERVICE]connected nodes,count=2
info|2023-07-09 13:46:36.129164|[EVENT][SUB][doLoop]event sub tasks report,working event sub count=0,suspend event sub count=0
info|2023-07-09 13:46:36.450577|[SDK][WS][SERVICE]connected nodes,count=2
info|2023-07-09 13:46:56.130105|[EVENT][SUB][doLoop]event sub tasks report,working event sub count=0,suspend event sub count=0
info|2023-07-09 13:46:56.455076|[SDK][WS][SERVICE]connected nodes,count=2
info|2023-07-09 13:47:16.130495|[EVENT][SUB][doLoop]event sub tasks report,working event sub count=0,suspend event sub count=0
info|2023-07-09 13:47:16.455938|[SDK][WS][SERVICE]connected nodes,count=2
info|2023-07-09 13:47:36.130756|[EVENT][SUB][doLoop]event sub tasks report,working event sub count=0,suspend event sub count=0
info|2023-07-09 13:47:36.457579|[SDK][WS][SERVICE]connected nodes,count=2
info|2023-07-09 13:47:56.131257|[EVENT][SUB][doLoop]event sub tasks report,working event sub count=0,suspend event sub count=0
info|2023-07-09 13:47:56.464708|[SDK][WS][SERVICE]connected nodes,count=2
info|2023-07-09 13:48:16.132024|[EVENT][SUB][doLoop]event sub tasks report,working event sub count=0,suspend event sub count=0
info|2023-07-09 13:48:16.479024|[SDK][WS][SERVICE]connected nodes,count=2
info|2023-07-09 13:48:36.135410|[EVENT][SUB][doLoop]event sub tasks report,working event sub count=0,suspend event sub count=0
info|2023-07-09 13:48:36.479193|[SDK][WS][SERVICE]connected nodes,count=2
info|2023-07-09 13:48:56.139264|[EVENT][SUB][doLoop]event sub tasks report,working event sub count=0,suspend event sub count=0
info|2023-07-09 13:48:56.489842|[SDK][WS][SERVICE]connected nodes,count=2
info|2023-07-09 13:49:16.139533|[EVENT][SUB][doLoop]event sub tasks report,working event sub count=0,suspend event sub count=0
info|2023-07-09 13:49:16.491243|[SDK][WS][SERVICE]connected nodes,count=2
info|2023-07-09 13:49:36.139667|[EVENT][SUB][doLoop]event sub tasks report,working event sub count=0,suspend event sub count=0
info|2023-07-09 13:49:36.495102|[SDK][WS][SERVICE]connected nodes,count=2
info|2023-07-09 13:49:56.140458|[EVENT][SUB][doLoop]event sub tasks report,working event sub count=0,suspend event sub count=0
info|2023-07-09 13:49:56.495557|[SDK][WS][SERVICE]connected nodes,count=2
info|2023-07-09 13:50:16.140639|[EVENT][SUB][doLoop]event sub tasks report,working event sub count=0,suspend event sub count=0
info|2023-07-09 13:50:16.495884|[SDK][WS][SERVICE]connected nodes,count=2
info|2023-07-09 13:50:36.141549|[EVENT][SUB][doLoop]event sub tasks report,working event sub count=0,suspend event sub count=0
info|2023-07-09 13:50:36.496302|[SDK][WS][SERVICE]connected nodes,count=2
info|2023-07-09 13:50:56.155375|[EVENT][SUB][doLoop]event sub tasks report,working event sub count=0,suspend event sub count=0
info|2023-07-09 13:50:56.497087|[SDK][WS][SERVICE]connected nodes,count=2
info|2023-07-09 13:51:16.155640|[EVENT][SUB][doLoop]event sub tasks report,working event sub count=0,suspend event sub count=0
info|2023-07-09 13:51:16.500296|[SDK][WS][SERVICE]connected nodes,count=2
info|2023-07-09 13:51:36.156523|[EVENT][SUB][doLoop]event sub tasks report,working event sub count=0,suspend event sub count=0
info|2023-07-09 13:51:36.505018|[SDK][WS][SERVICE]connected nodes,count=2
info|2023-07-09 13:51:56.156837|[EVENT][SUB][doLoop]event sub tasks report,working event sub count=0,suspend event sub count=0
info|2023-07-09 13:51:56.511102|[SDK][WS][SERVICE]connected nodes,count=2
info|2023-07-09 13:52:16.157637|[EVENT][SUB][doLoop]event sub tasks report,working event sub count=0,suspend event sub count=0
info|2023-07-09 13:52:16.511786|[SDK][WS][SERVICE]connected nodes,count=2
info|2023-07-09 13:52:36.158827|[EVENT][SUB][doLoop]event sub tasks report,working event sub count=0,suspend event sub count=0
info|2023-07-09 13:52:36.512153|[SDK][WS][SERVICE]connected nodes,count=2
info|2023-07-09 13:52:56.169890|[EVENT][SUB][doLoop]event sub tasks report,working event sub count=0,suspend event sub count=0
info|2023-07-09 13:52:56.523357|[SDK][WS][SERVICE]connected nodes,count=2
info|2023-07-09 13:53:16.170766|[EVENT][SUB][doLoop]event sub tasks report,working event sub count=0,suspend event sub count=0
info|2023-07-09 13:53:16.524529|[SDK][WS][SERVICE]connected nodes,count=2
info|2023-07-09 13:53:36.171438|[EVENT][SUB][doLoop]event sub tasks report,working event sub count=0,suspend event sub count=0
info|2023-07-09 13:53:36.524724|[SDK][WS][SERVICE]connected nodes,count=2
info|2023-07-09 13:53:56.173257|[EVENT][SUB][doLoop]event sub tasks report,working event sub count=0,suspend event sub count=0
info|2023-07-09 13:53:56.528949|[SDK][WS][SERVICE]connected nodes,count=2
info|2023-07-09 13:54:16.180511|[EVENT][SUB][doLoop]event sub tasks report,working event sub count=0,suspend event sub count=0
info|2023-07-09 13:54:16.530987|[SDK][WS][SERVICE]connected nodes,count=2
info|2023-07-09 13:54:36.182733|[EVENT][SUB][doLoop]event sub tasks report,working event sub count=0,suspend event sub count=0
info|2023-07-09 13:54:36.533120|[SDK][WS][SERVICE]connected nodes,count=2
info|2023-07-09 13:54:56.185482|[EVENT][SUB][doLoop]event sub tasks report,working event sub count=0,suspend event sub count=0
info|2023-07-09 13:54:56.533880|[SDK][WS][SERVICE]connected nodes,count=2
info|2023-07-09 13:55:16.186395|[EVENT][SUB][doLoop]event sub tasks report,working event sub count=0,suspend event sub count=0
info|2023-07-09 13:55:16.534660|[SDK][WS][SERVICE]connected nodes,count=2
info|2023-07-09 13:55:36.188624|[EVENT][SUB][doLoop]event sub tasks report,working event sub count=0,suspend event sub count=0
info|2023-07-09 13:55:36.535242|[SDK][WS][SERVICE]connected nodes,count=2
info|2023-07-09 13:55:56.194181|[EVENT][SUB][doLoop]event sub tasks report,working event sub count=0,suspend event sub count=0
info|2023-07-09 13:55:56.535635|[SDK][WS][SERVICE]connected nodes,count=2
info|2023-07-09 13:56:16.197560|[EVENT][SUB][doLoop]event sub tasks report,working event sub count=0,suspend event sub count=0
info|2023-07-09 13:56:16.536182|[SDK][WS][SERVICE]connected nodes,count=2
info|2023-07-09 13:56:36.210257|[EVENT][SUB][doLoop]event sub tasks report,working event sub count=0,suspend event sub count=0
info|2023-07-09 13:56:36.538713|[SDK][WS][SERVICE]connected nodes,count=2
info|2023-07-09 13:56:56.210328|[EVENT][SUB][doLoop]event sub tasks report,working event sub count=0,suspend event sub count=0
info|2023-07-09 13:56:56.554310|[SDK][WS][SERVICE]connected nodes,count=2
info|2023-07-09 13:57:13.958731|[RPC][BLOCK][NUMBER][fromJson],group=group0,node=98a7f70ec883a722219d92253cf073a72605f4087aa3443c8e4aadc0af2dc3ac647d0fa1b5ac99cd6987abafe6d690ae71cd5fd2aeeabe7589bfb4748aabdfba,blockNumber=2815
info|2023-07-09 13:57:13.958751|[RPCWS][SERVICE][onRecvBlockNotifier]receive block number notifier,group=group0,node=98a7f70ec883a722219d92253cf073a72605f4087aa3443c8e4aadc0af2dc3ac647d0fa1b5ac99cd6987abafe6d690ae71cd5fd2aeeabe7589bfb4748aabdfba,blockNumber=2815
info|2023-07-09 13:57:13.958757|[RPCWS][SERVICE][updateGroupBlockNumber],groupID=group0,_blockNumber=2815
info|2023-07-09 13:57:13.958761|[RPCWS][SERVICE][onRecvBlockNotifier]block notifier callback,group=group0,node=98a7f70ec883a722219d92253cf073a72605f4087aa3443c8e4aadc0af2dc3ac647d0fa1b5ac99cd6987abafe6d690ae71cd5fd2aeeabe7589bfb4748aabdfba,blockNumber=2815
info|2023-07-09 13:57:13.958765|[WS]receive block notify,endpoint=127.0.0.1:20200,blk={
	"blockNumber" : 2815,
	"group" : "group0",
	"nodeName" : "98a7f70ec883a722219d92253cf073a72605f4087aa3443c8e4aadc0af2dc3ac647d0fa1b5ac99cd6987abafe6d690ae71cd5fd2aeeabe7589bfb4748aabdfba"
}
info|2023-07-09 13:57:13.986003|[RPC][BLOCK][NUMBER][fromJson],group=group0,node=2f993327933ad58672518b6d4f63920cbc68b80f78f4d81192552ee6362f5cc81ee13bdc678ad65f06e76444cadb53b33694cfb3fc7679b8000411975fedd28a,blockNumber=2815
info|2023-07-09 13:57:13.986027|[RPCWS][SERVICE][onRecvBlockNotifier]receive block number notifier,group=group0,node=2f993327933ad58672518b6d4f63920cbc68b80f78f4d81192552ee6362f5cc81ee13bdc678ad65f06e76444cadb53b33694cfb3fc7679b8000411975fedd28a,blockNumber=2815
info|2023-07-09 13:57:13.986034|[WS]receive block notify,endpoint=127.0.0.1:20201,blk={
	"blockNumber" : 2815,
	"group" : "group0",
	"nodeName" : "2f993327933ad58672518b6d4f63920cbc68b80f78f4d81192552ee6362f5cc81ee13bdc678ad65f06e76444cadb53b33694cfb3fc7679b8000411975fedd28a"
}
info|2023-07-09 13:57:14.556002|[RPC][BLOCK][NUMBER][fromJson],group=group0,node=98a7f70ec883a722219d92253cf073a72605f4087aa3443c8e4aadc0af2dc3ac647d0fa1b5ac99cd6987abafe6d690ae71cd5fd2aeeabe7589bfb4748aabdfba,blockNumber=2816
info|2023-07-09 13:57:14.556043|[RPCWS][SERVICE][onRecvBlockNotifier]receive block number notifier,group=group0,node=98a7f70ec883a722219d92253cf073a72605f4087aa3443c8e4aadc0af2dc3ac647d0fa1b5ac99cd6987abafe6d690ae71cd5fd2aeeabe7589bfb4748aabdfba,blockNumber=2816
info|2023-07-09 13:57:14.556049|[RPCWS][SERVICE][updateGroupBlockNumber],groupID=group0,_blockNumber=2816
info|2023-07-09 13:57:14.556073|[RPCWS][SERVICE][onRecvBlockNotifier]block notifier callback,group=group0,node=98a7f70ec883a722219d92253cf073a72605f4087aa3443c8e4aadc0af2dc3ac647d0fa1b5ac99cd6987abafe6d690ae71cd5fd2aeeabe7589bfb4748aabdfba,blockNumber=2816
info|2023-07-09 13:57:14.556077|[WS]receive block notify,endpoint=127.0.0.1:20200,blk={
	"blockNumber" : 2816,
	"group" : "group0",
	"nodeName" : "98a7f70ec883a722219d92253cf073a72605f4087aa3443c8e4aadc0af2dc3ac647d0fa1b5ac99cd6987abafe6d690ae71cd5fd2aeeabe7589bfb4748aabdfba"
}
info|2023-07-09 13:57:14.570194|[RPC][BLOCK][NUMBER][fromJson],group=group0,node=2f993327933ad58672518b6d4f63920cbc68b80f78f4d81192552ee6362f5cc81ee13bdc678ad65f06e76444cadb53b33694cfb3fc7679b8000411975fedd28a,blockNumber=2816
info|2023-07-09 13:57:14.570215|[RPCWS][SERVICE][onRecvBlockNotifier]receive block number notifier,group=group0,node=2f993327933ad58672518b6d4f63920cbc68b80f78f4d81192552ee6362f5cc81ee13bdc678ad65f06e76444cadb53b33694cfb3fc7679b8000411975fedd28a,blockNumber=2816
info|2023-07-09 13:57:14.570222|[WS]receive block notify,endpoint=127.0.0.1:20201,blk={
	"blockNumber" : 2816,
	"group" : "group0",
	"nodeName" : "2f993327933ad58672518b6d4f63920cbc68b80f78f4d81192552ee6362f5cc81ee13bdc678ad65f06e76444cadb53b33694cfb3fc7679b8000411975fedd28a"
}
info|2023-07-09 13:57:15.126785|[RPC][BLOCK][NUMBER][fromJson],group=group0,node=98a7f70ec883a722219d92253cf073a72605f4087aa3443c8e4aadc0af2dc3ac647d0fa1b5ac99cd6987abafe6d690ae71cd5fd2aeeabe7589bfb4748aabdfba,blockNumber=2817
info|2023-07-09 13:57:15.126829|[RPCWS][SERVICE][onRecvBlockNotifier]receive block number notifier,group=group0,node=98a7f70ec883a722219d92253cf073a72605f4087aa3443c8e4aadc0af2dc3ac647d0fa1b5ac99cd6987abafe6d690ae71cd5fd2aeeabe7589bfb4748aabdfba,blockNumber=2817
info|2023-07-09 13:57:15.126836|[RPCWS][SERVICE][updateGroupBlockNumber],groupID=group0,_blockNumber=2817
info|2023-07-09 13:57:15.126840|[RPCWS][SERVICE][onRecvBlockNotifier]block notifier callback,group=group0,node=98a7f70ec883a722219d92253cf073a72605f4087aa3443c8e4aadc0af2dc3ac647d0fa1b5ac99cd6987abafe6d690ae71cd5fd2aeeabe7589bfb4748aabdfba,blockNumber=2817
info|2023-07-09 13:57:15.126844|[WS]receive block notify,endpoint=127.0.0.1:20200,blk={
	"blockNumber" : 2817,
	"group" : "group0",
	"nodeName" : "98a7f70ec883a722219d92253cf073a72605f4087aa3443c8e4aadc0af2dc3ac647d0fa1b5ac99cd6987abafe6d690ae71cd5fd2aeeabe7589bfb4748aabdfba"
}
info|2023-07-09 13:57:15.193347|[RPC][BLOCK][NUMBER][fromJson],group=group0,node=2f993327933ad58672518b6d4f63920cbc68b80f78f4d81192552ee6362f5cc81ee13bdc678ad65f06e76444cadb53b33694cfb3fc7679b8000411975fedd28a,blockNumber=2817
info|2023-07-09 13:57:15.193370|[RPCWS][SERVICE][onRecvBlockNotifier]receive block number notifier,group=group0,node=2f993327933ad58672518b6d4f63920cbc68b80f78f4d81192552ee6362f5cc81ee13bdc678ad65f06e76444cadb53b33694cfb3fc7679b8000411975fedd28a,blockNumber=2817
info|2023-07-09 13:57:15.193377|[WS]receive block notify,endpoint=127.0.0.1:20201,blk={
	"blockNumber" : 2817,
	"group" : "group0",
	"nodeName" : "2f993327933ad58672518b6d4f63920cbc68b80f78f4d81192552ee6362f5cc81ee13bdc678ad65f06e76444cadb53b33694cfb3fc7679b8000411975fedd28a"
}
info|2023-07-09 13:57:15.706647|[RPC][BLOCK][NUMBER][fromJson],group=group0,node=98a7f70ec883a722219d92253cf073a72605f4087aa3443c8e4aadc0af2dc3ac647d0fa1b5ac99cd6987abafe6d690ae71cd5fd2aeeabe7589bfb4748aabdfba,blockNumber=2818
info|2023-07-09 13:57:15.706664|[RPCWS][SERVICE][onRecvBlockNotifier]receive block number notifier,group=group0,node=98a7f70ec883a722219d92253cf073a72605f4087aa3443c8e4aadc0af2dc3ac647d0fa1b5ac99cd6987abafe6d690ae71cd5fd2aeeabe7589bfb4748aabdfba,blockNumber=2818
info|2023-07-09 13:57:15.706669|[RPCWS][SERVICE][updateGroupBlockNumber],groupID=group0,_blockNumber=2818
info|2023-07-09 13:57:15.706673|[RPCWS][SERVICE][onRecvBlockNotifier]block notifier callback,group=group0,node=98a7f70ec883a722219d92253cf073a72605f4087aa3443c8e4aadc0af2dc3ac647d0fa1b5ac99cd6987abafe6d690ae71cd5fd2aeeabe7589bfb4748aabdfba,blockNumber=2818
info|2023-07-09 13:57:15.706676|[WS]receive block notify,endpoint=127.0.0.1:20200,blk={
	"blockNumber" : 2818,
	"group" : "group0",
	"nodeName" : "98a7f70ec883a722219d92253cf073a72605f4087aa3443c8e4aadc0af2dc3ac647d0fa1b5ac99cd6987abafe6d690ae71cd5fd2aeeabe7589bfb4748aabdfba"
}
info|2023-07-09 13:57:15.831445|[RPC][BLOCK][NUMBER][fromJson],group=group0,node=2f993327933ad58672518b6d4f63920cbc68b80f78f4d81192552ee6362f5cc81ee13bdc678ad65f06e76444cadb53b33694cfb3fc7679b8000411975fedd28a,blockNumber=2818
info|2023-07-09 13:57:15.831468|[RPCWS][SERVICE][onRecvBlockNotifier]receive block number notifier,group=group0,node=2f993327933ad58672518b6d4f63920cbc68b80f78f4d81192552ee6362f5cc81ee13bdc678ad65f06e76444cadb53b33694cfb3fc7679b8000411975fedd28a,blockNumber=2818
info|2023-07-09 13:57:15.831476|[WS]receive block notify,endpoint=127.0.0.1:20201,blk={
	"blockNumber" : 2818,
	"group" : "group0",
	"nodeName" : "2f993327933ad58672518b6d4f63920cbc68b80f78f4d81192552ee6362f5cc81ee13bdc678ad65f06e76444cadb53b33694cfb3fc7679b8000411975fedd28a"
}
info|2023-07-09 13:57:16.210406|[EVENT][SUB][doLoop]event sub tasks report,working event sub count=0,suspend event sub count=0
info|2023-07-09 13:57:16.273197|[RPC][BLOCK][NUMBER][fromJson],group=group0,node=98a7f70ec883a722219d92253cf073a72605f4087aa3443c8e4aadc0af2dc3ac647d0fa1b5ac99cd6987abafe6d690ae71cd5fd2aeeabe7589bfb4748aabdfba,blockNumber=2819
info|2023-07-09 13:57:16.273220|[RPCWS][SERVICE][onRecvBlockNotifier]receive block number notifier,group=group0,node=98a7f70ec883a722219d92253cf073a72605f4087aa3443c8e4aadc0af2dc3ac647d0fa1b5ac99cd6987abafe6d690ae71cd5fd2aeeabe7589bfb4748aabdfba,blockNumber=2819
info|2023-07-09 13:57:16.273224|[RPCWS][SERVICE][updateGroupBlockNumber],groupID=group0,_blockNumber=2819
info|2023-07-09 13:57:16.273229|[RPCWS][SERVICE][onRecvBlockNotifier]block notifier callback,group=group0,node=98a7f70ec883a722219d92253cf073a72605f4087aa3443c8e4aadc0af2dc3ac647d0fa1b5ac99cd6987abafe6d690ae71cd5fd2aeeabe7589bfb4748aabdfba,blockNumber=2819
info|2023-07-09 13:57:16.273232|[WS]receive block notify,endpoint=127.0.0.1:20200,blk={
	"blockNumber" : 2819,
	"group" : "group0",
	"nodeName" : "98a7f70ec883a722219d92253cf073a72605f4087aa3443c8e4aadc0af2dc3ac647d0fa1b5ac99cd6987abafe6d690ae71cd5fd2aeeabe7589bfb4748aabdfba"
}
info|2023-07-09 13:57:16.348542|[RPC][BLOCK][NUMBER][fromJson],group=group0,node=2f993327933ad58672518b6d4f63920cbc68b80f78f4d81192552ee6362f5cc81ee13bdc678ad65f06e76444cadb53b33694cfb3fc7679b8000411975fedd28a,blockNumber=2819
info|2023-07-09 13:57:16.348566|[RPCWS][SERVICE][onRecvBlockNotifier]receive block number notifier,group=group0,node=2f993327933ad58672518b6d4f63920cbc68b80f78f4d81192552ee6362f5cc81ee13bdc678ad65f06e76444cadb53b33694cfb3fc7679b8000411975fedd28a,blockNumber=2819
info|2023-07-09 13:57:16.348573|[WS]receive block notify,endpoint=127.0.0.1:20201,blk={
	"blockNumber" : 2819,
	"group" : "group0",
	"nodeName" : "2f993327933ad58672518b6d4f63920cbc68b80f78f4d81192552ee6362f5cc81ee13bdc678ad65f06e76444cadb53b33694cfb3fc7679b8000411975fedd28a"
}
info|2023-07-09 13:57:16.559305|[SDK][WS][SERVICE]connected nodes,count=2
info|2023-07-09 13:57:16.843550|[RPC][BLOCK][NUMBER][fromJson],group=group0,node=2f993327933ad58672518b6d4f63920cbc68b80f78f4d81192552ee6362f5cc81ee13bdc678ad65f06e76444cadb53b33694cfb3fc7679b8000411975fedd28a,blockNumber=2820
info|2023-07-09 13:57:16.843589|[RPCWS][SERVICE][onRecvBlockNotifier]receive block number notifier,group=group0,node=2f993327933ad58672518b6d4f63920cbc68b80f78f4d81192552ee6362f5cc81ee13bdc678ad65f06e76444cadb53b33694cfb3fc7679b8000411975fedd28a,blockNumber=2820
info|2023-07-09 13:57:16.843596|[RPCWS][SERVICE][updateGroupBlockNumber],groupID=group0,_blockNumber=2820
info|2023-07-09 13:57:16.843600|[RPCWS][SERVICE][onRecvBlockNotifier]block notifier callback,group=group0,node=2f993327933ad58672518b6d4f63920cbc68b80f78f4d81192552ee6362f5cc81ee13bdc678ad65f06e76444cadb53b33694cfb3fc7679b8000411975fedd28a,blockNumber=2820
info|2023-07-09 13:57:16.843624|[WS]receive block notify,endpoint=127.0.0.1:20201,blk={
	"blockNumber" : 2820,
	"group" : "group0",
	"nodeName" : "2f993327933ad58672518b6d4f63920cbc68b80f78f4d81192552ee6362f5cc81ee13bdc678ad65f06e76444cadb53b33694cfb3fc7679b8000411975fedd28a"
}
info|2023-07-09 13:57:16.855069|[RPC][BLOCK][NUMBER][fromJson],group=group0,node=98a7f70ec883a722219d92253cf073a72605f4087aa3443c8e4aadc0af2dc3ac647d0fa1b5ac99cd6987abafe6d690ae71cd5fd2aeeabe7589bfb4748aabdfba,blockNumber=2820
info|2023-07-09 13:57:16.855088|[RPCWS][SERVICE][onRecvBlockNotifier]receive block number notifier,group=group0,node=98a7f70ec883a722219d92253cf073a72605f4087aa3443c8e4aadc0af2dc3ac647d0fa1b5ac99cd6987abafe6d690ae71cd5fd2aeeabe7589bfb4748aabdfba,blockNumber=2820
info|2023-07-09 13:57:16.855094|[WS]receive block notify,endpoint=127.0.0.1:20200,blk={
	"blockNumber" : 2820,
	"group" : "group0",
	"nodeName" : "98a7f70ec883a722219d92253cf073a72605f4087aa3443c8e4aadc0af2dc3ac647d0fa1b5ac99cd6987abafe6d690ae71cd5fd2aeeabe7589bfb4748aabdfba"
}
info|2023-07-09 13:57:17.473821|[RPC][BLOCK][NUMBER][fromJson],group=group0,node=98a7f70ec883a722219d92253cf073a72605f4087aa3443c8e4aadc0af2dc3ac647d0fa1b5ac99cd6987abafe6d690ae71cd5fd2aeeabe7589bfb4748aabdfba,blockNumber=2821
info|2023-07-09 13:57:17.473848|[RPCWS][SERVICE][onRecvBlockNotifier]receive block number notifier,group=group0,node=98a7f70ec883a722219d92253cf073a72605f4087aa3443c8e4aadc0af2dc3ac647d0fa1b5ac99cd6987abafe6d690ae71cd5fd2aeeabe7589bfb4748aabdfba,blockNumber=2821
info|2023-07-09 13:57:17.473855|[RPCWS][SERVICE][updateGroupBlockNumber],groupID=group0,_blockNumber=2821
info|2023-07-09 13:57:17.473884|[RPCWS][SERVICE][onRecvBlockNotifier]block notifier callback,group=group0,node=98a7f70ec883a722219d92253cf073a72605f4087aa3443c8e4aadc0af2dc3ac647d0fa1b5ac99cd6987abafe6d690ae71cd5fd2aeeabe7589bfb4748aabdfba,blockNumber=2821
info|2023-07-09 13:57:17.473892|[WS]receive block notify,endpoint=127.0.0.1:20200,blk={
	"blockNumber" : 2821,
	"group" : "group0",
	"nodeName" : "98a7f70ec883a722219d92253cf073a72605f4087aa3443c8e4aadc0af2dc3ac647d0fa1b5ac99cd6987abafe6d690ae71cd5fd2aeeabe7589bfb4748aabdfba"
}
info|2023-07-09 13:57:17.507057|[RPC][BLOCK][NUMBER][fromJson],group=group0,node=2f993327933ad58672518b6d4f63920cbc68b80f78f4d81192552ee6362f5cc81ee13bdc678ad65f06e76444cadb53b33694cfb3fc7679b8000411975fedd28a,blockNumber=2821
info|2023-07-09 13:57:17.507078|[RPCWS][SERVICE][onRecvBlockNotifier]receive block number notifier,group=group0,node=2f993327933ad58672518b6d4f63920cbc68b80f78f4d81192552ee6362f5cc81ee13bdc678ad65f06e76444cadb53b33694cfb3fc7679b8000411975fedd28a,blockNumber=2821
info|2023-07-09 13:57:17.507085|[WS]receive block notify,endpoint=127.0.0.1:20201,blk={
	"blockNumber" : 2821,
	"group" : "group0",
	"nodeName" : "2f993327933ad58672518b6d4f63920cbc68b80f78f4d81192552ee6362f5cc81ee13bdc678ad65f06e76444cadb53b33694cfb3fc7679b8000411975fedd28a"
}
info|2023-07-09 13:57:18.101741|[RPC][BLOCK][NUMBER][fromJson],group=group0,node=98a7f70ec883a722219d92253cf073a72605f4087aa3443c8e4aadc0af2dc3ac647d0fa1b5ac99cd6987abafe6d690ae71cd5fd2aeeabe7589bfb4748aabdfba,blockNumber=2822
info|2023-07-09 13:57:18.101760|[RPCWS][SERVICE][onRecvBlockNotifier]receive block number notifier,group=group0,node=98a7f70ec883a722219d92253cf073a72605f4087aa3443c8e4aadc0af2dc3ac647d0fa1b5ac99cd6987abafe6d690ae71cd5fd2aeeabe7589bfb4748aabdfba,blockNumber=2822
info|2023-07-09 13:57:18.101765|[RPCWS][SERVICE][updateGroupBlockNumber],groupID=group0,_blockNumber=2822
info|2023-07-09 13:57:18.101769|[RPCWS][SERVICE][onRecvBlockNotifier]block notifier callback,group=group0,node=98a7f70ec883a722219d92253cf073a72605f4087aa3443c8e4aadc0af2dc3ac647d0fa1b5ac99cd6987abafe6d690ae71cd5fd2aeeabe7589bfb4748aabdfba,blockNumber=2822
info|2023-07-09 13:57:18.101772|[WS]receive block notify,endpoint=127.0.0.1:20200,blk={
	"blockNumber" : 2822,
	"group" : "group0",
	"nodeName" : "98a7f70ec883a722219d92253cf073a72605f4087aa3443c8e4aadc0af2dc3ac647d0fa1b5ac99cd6987abafe6d690ae71cd5fd2aeeabe7589bfb4748aabdfba"
}
info|2023-07-09 13:57:18.150582|[RPC][BLOCK][NUMBER][fromJson],group=group0,node=2f993327933ad58672518b6d4f63920cbc68b80f78f4d81192552ee6362f5cc81ee13bdc678ad65f06e76444cadb53b33694cfb3fc7679b8000411975fedd28a,blockNumber=2822
info|2023-07-09 13:57:18.150606|[RPCWS][SERVICE][onRecvBlockNotifier]receive block number notifier,group=group0,node=2f993327933ad58672518b6d4f63920cbc68b80f78f4d81192552ee6362f5cc81ee13bdc678ad65f06e76444cadb53b33694cfb3fc7679b8000411975fedd28a,blockNumber=2822
info|2023-07-09 13:57:18.150613|[WS]receive block notify,endpoint=127.0.0.1:20201,blk={
	"blockNumber" : 2822,
	"group" : "group0",
	"nodeName" : "2f993327933ad58672518b6d4f63920cbc68b80f78f4d81192552ee6362f5cc81ee13bdc678ad65f06e76444cadb53b33694cfb3fc7679b8000411975fedd28a"
}
info|2023-07-09 13:57:18.676207|[RPC][BLOCK][NUMBER][fromJson],group=group0,node=98a7f70ec883a722219d92253cf073a72605f4087aa3443c8e4aadc0af2dc3ac647d0fa1b5ac99cd6987abafe6d690ae71cd5fd2aeeabe7589bfb4748aabdfba,blockNumber=2823
info|2023-07-09 13:57:18.676237|[RPCWS][SERVICE][onRecvBlockNotifier]receive block number notifier,group=group0,node=98a7f70ec883a722219d92253cf073a72605f4087aa3443c8e4aadc0af2dc3ac647d0fa1b5ac99cd6987abafe6d690ae71cd5fd2aeeabe7589bfb4748aabdfba,blockNumber=2823
info|2023-07-09 13:57:18.676245|[RPCWS][SERVICE][updateGroupBlockNumber],groupID=group0,_blockNumber=2823
info|2023-07-09 13:57:18.676251|[RPCWS][SERVICE][onRecvBlockNotifier]block notifier callback,group=group0,node=98a7f70ec883a722219d92253cf073a72605f4087aa3443c8e4aadc0af2dc3ac647d0fa1b5ac99cd6987abafe6d690ae71cd5fd2aeeabe7589bfb4748aabdfba,blockNumber=2823
info|2023-07-09 13:57:18.676257|[WS]receive block notify,endpoint=127.0.0.1:20200,blk={
	"blockNumber" : 2823,
	"group" : "group0",
	"nodeName" : "98a7f70ec883a722219d92253cf073a72605f4087aa3443c8e4aadc0af2dc3ac647d0fa1b5ac99cd6987abafe6d690ae71cd5fd2aeeabe7589bfb4748aabdfba"
}
info|2023-07-09 13:57:18.757686|[RPC][BLOCK][NUMBER][fromJson],group=group0,node=2f993327933ad58672518b6d4f63920cbc68b80f78f4d81192552ee6362f5cc81ee13bdc678ad65f06e76444cadb53b33694cfb3fc7679b8000411975fedd28a,blockNumber=2823
info|2023-07-09 13:57:18.757710|[RPCWS][SERVICE][onRecvBlockNotifier]receive block number notifier,group=group0,node=2f993327933ad58672518b6d4f63920cbc68b80f78f4d81192552ee6362f5cc81ee13bdc678ad65f06e76444cadb53b33694cfb3fc7679b8000411975fedd28a,blockNumber=2823
info|2023-07-09 13:57:18.757716|[WS]receive block notify,endpoint=127.0.0.1:20201,blk={
	"blockNumber" : 2823,
	"group" : "group0",
	"nodeName" : "2f993327933ad58672518b6d4f63920cbc68b80f78f4d81192552ee6362f5cc81ee13bdc678ad65f06e76444cadb53b33694cfb3fc7679b8000411975fedd28a"
}
info|2023-07-09 13:57:19.252599|[RPC][BLOCK][NUMBER][fromJson],group=group0,node=98a7f70ec883a722219d92253cf073a72605f4087aa3443c8e4aadc0af2dc3ac647d0fa1b5ac99cd6987abafe6d690ae71cd5fd2aeeabe7589bfb4748aabdfba,blockNumber=2824
info|2023-07-09 13:57:19.252617|[RPCWS][SERVICE][onRecvBlockNotifier]receive block number notifier,group=group0,node=98a7f70ec883a722219d92253cf073a72605f4087aa3443c8e4aadc0af2dc3ac647d0fa1b5ac99cd6987abafe6d690ae71cd5fd2aeeabe7589bfb4748aabdfba,blockNumber=2824
info|2023-07-09 13:57:19.252623|[RPCWS][SERVICE][updateGroupBlockNumber],groupID=group0,_blockNumber=2824
info|2023-07-09 13:57:19.252627|[RPCWS][SERVICE][onRecvBlockNotifier]block notifier callback,group=group0,node=98a7f70ec883a722219d92253cf073a72605f4087aa3443c8e4aadc0af2dc3ac647d0fa1b5ac99cd6987abafe6d690ae71cd5fd2aeeabe7589bfb4748aabdfba,blockNumber=2824
info|2023-07-09 13:57:19.252630|[WS]receive block notify,endpoint=127.0.0.1:20200,blk={
	"blockNumber" : 2824,
	"group" : "group0",
	"nodeName" : "98a7f70ec883a722219d92253cf073a72605f4087aa3443c8e4aadc0af2dc3ac647d0fa1b5ac99cd6987abafe6d690ae71cd5fd2aeeabe7589bfb4748aabdfba"
}
info|2023-07-09 13:57:19.289701|[RPC][BLOCK][NUMBER][fromJson],group=group0,node=2f993327933ad58672518b6d4f63920cbc68b80f78f4d81192552ee6362f5cc81ee13bdc678ad65f06e76444cadb53b33694cfb3fc7679b8000411975fedd28a,blockNumber=2824
info|2023-07-09 13:57:19.289775|[RPCWS][SERVICE][onRecvBlockNotifier]receive block number notifier,group=group0,node=2f993327933ad58672518b6d4f63920cbc68b80f78f4d81192552ee6362f5cc81ee13bdc678ad65f06e76444cadb53b33694cfb3fc7679b8000411975fedd28a,blockNumber=2824
info|2023-07-09 13:57:19.289783|[WS]receive block notify,endpoint=127.0.0.1:20201,blk={
	"blockNumber" : 2824,
	"group" : "group0",
	"nodeName" : "2f993327933ad58672518b6d4f63920cbc68b80f78f4d81192552ee6362f5cc81ee13bdc678ad65f06e76444cadb53b33694cfb3fc7679b8000411975fedd28a"
}
info|2023-07-09 13:57:19.817117|[RPC][BLOCK][NUMBER][fromJson],group=group0,node=98a7f70ec883a722219d92253cf073a72605f4087aa3443c8e4aadc0af2dc3ac647d0fa1b5ac99cd6987abafe6d690ae71cd5fd2aeeabe7589bfb4748aabdfba,blockNumber=2825
info|2023-07-09 13:57:19.817143|[RPCWS][SERVICE][onRecvBlockNotifier]receive block number notifier,group=group0,node=98a7f70ec883a722219d92253cf073a72605f4087aa3443c8e4aadc0af2dc3ac647d0fa1b5ac99cd6987abafe6d690ae71cd5fd2aeeabe7589bfb4748aabdfba,blockNumber=2825
info|2023-07-09 13:57:19.817150|[RPCWS][SERVICE][updateGroupBlockNumber],groupID=group0,_blockNumber=2825
info|2023-07-09 13:57:19.817156|[RPCWS][SERVICE][onRecvBlockNotifier]block notifier callback,group=group0,node=98a7f70ec883a722219d92253cf073a72605f4087aa3443c8e4aadc0af2dc3ac647d0fa1b5ac99cd6987abafe6d690ae71cd5fd2aeeabe7589bfb4748aabdfba,blockNumber=2825
info|2023-07-09 13:57:19.817161|[WS]receive block notify,endpoint=127.0.0.1:20200,blk={
	"blockNumber" : 2825,
	"group" : "group0",
	"nodeName" : "98a7f70ec883a722219d92253cf073a72605f4087aa3443c8e4aadc0af2dc3ac647d0fa1b5ac99cd6987abafe6d690ae71cd5fd2aeeabe7589bfb4748aabdfba"
}
info|2023-07-09 13:57:19.834106|[RPC][BLOCK][NUMBER][fromJson],group=group0,node=2f993327933ad58672518b6d4f63920cbc68b80f78f4d81192552ee6362f5cc81ee13bdc678ad65f06e76444cadb53b33694cfb3fc7679b8000411975fedd28a,blockNumber=2825
info|2023-07-09 13:57:19.834127|[RPCWS][SERVICE][onRecvBlockNotifier]receive block number notifier,group=group0,node=2f993327933ad58672518b6d4f63920cbc68b80f78f4d81192552ee6362f5cc81ee13bdc678ad65f06e76444cadb53b33694cfb3fc7679b8000411975fedd28a,blockNumber=2825
info|2023-07-09 13:57:19.834134|[WS]receive block notify,endpoint=127.0.0.1:20201,blk={
	"blockNumber" : 2825,
	"group" : "group0",
	"nodeName" : "2f993327933ad58672518b6d4f63920cbc68b80f78f4d81192552ee6362f5cc81ee13bdc678ad65f06e76444cadb53b33694cfb3fc7679b8000411975fedd28a"
}
info|2023-07-09 13:57:20.401660|[RPC][BLOCK][NUMBER][fromJson],group=group0,node=98a7f70ec883a722219d92253cf073a72605f4087aa3443c8e4aadc0af2dc3ac647d0fa1b5ac99cd6987abafe6d690ae71cd5fd2aeeabe7589bfb4748aabdfba,blockNumber=2826
info|2023-07-09 13:57:20.401686|[RPCWS][SERVICE][onRecvBlockNotifier]receive block number notifier,group=group0,node=98a7f70ec883a722219d92253cf073a72605f4087aa3443c8e4aadc0af2dc3ac647d0fa1b5ac99cd6987abafe6d690ae71cd5fd2aeeabe7589bfb4748aabdfba,blockNumber=2826
info|2023-07-09 13:57:20.401692|[RPCWS][SERVICE][updateGroupBlockNumber],groupID=group0,_blockNumber=2826
info|2023-07-09 13:57:20.401696|[RPCWS][SERVICE][onRecvBlockNotifier]block notifier callback,group=group0,node=98a7f70ec883a722219d92253cf073a72605f4087aa3443c8e4aadc0af2dc3ac647d0fa1b5ac99cd6987abafe6d690ae71cd5fd2aeeabe7589bfb4748aabdfba,blockNumber=2826
info|2023-07-09 13:57:20.401699|[WS]receive block notify,endpoint=127.0.0.1:20200,blk={
	"blockNumber" : 2826,
	"group" : "group0",
	"nodeName" : "98a7f70ec883a722219d92253cf073a72605f4087aa3443c8e4aadc0af2dc3ac647d0fa1b5ac99cd6987abafe6d690ae71cd5fd2aeeabe7589bfb4748aabdfba"
}
info|2023-07-09 13:57:20.432329|[RPC][BLOCK][NUMBER][fromJson],group=group0,node=2f993327933ad58672518b6d4f63920cbc68b80f78f4d81192552ee6362f5cc81ee13bdc678ad65f06e76444cadb53b33694cfb3fc7679b8000411975fedd28a,blockNumber=2826
info|2023-07-09 13:57:20.432348|[RPCWS][SERVICE][onRecvBlockNotifier]receive block number notifier,group=group0,node=2f993327933ad58672518b6d4f63920cbc68b80f78f4d81192552ee6362f5cc81ee13bdc678ad65f06e76444cadb53b33694cfb3fc7679b8000411975fedd28a,blockNumber=2826
info|2023-07-09 13:57:20.432356|[WS]receive block notify,endpoint=127.0.0.1:20201,blk={
	"blockNumber" : 2826,
	"group" : "group0",
	"nodeName" : "2f993327933ad58672518b6d4f63920cbc68b80f78f4d81192552ee6362f5cc81ee13bdc678ad65f06e76444cadb53b33694cfb3fc7679b8000411975fedd28a"
}
info|2023-07-09 13:57:21.071018|[RPC][BLOCK][NUMBER][fromJson],group=group0,node=98a7f70ec883a722219d92253cf073a72605f4087aa3443c8e4aadc0af2dc3ac647d0fa1b5ac99cd6987abafe6d690ae71cd5fd2aeeabe7589bfb4748aabdfba,blockNumber=2827
info|2023-07-09 13:57:21.071100|[RPCWS][SERVICE][onRecvBlockNotifier]receive block number notifier,group=group0,node=98a7f70ec883a722219d92253cf073a72605f4087aa3443c8e4aadc0af2dc3ac647d0fa1b5ac99cd6987abafe6d690ae71cd5fd2aeeabe7589bfb4748aabdfba,blockNumber=2827
info|2023-07-09 13:57:21.071110|[RPCWS][SERVICE][updateGroupBlockNumber],groupID=group0,_blockNumber=2827
info|2023-07-09 13:57:21.071114|[RPCWS][SERVICE][onRecvBlockNotifier]block notifier callback,group=group0,node=98a7f70ec883a722219d92253cf073a72605f4087aa3443c8e4aadc0af2dc3ac647d0fa1b5ac99cd6987abafe6d690ae71cd5fd2aeeabe7589bfb4748aabdfba,blockNumber=2827
info|2023-07-09 13:57:21.071118|[WS]receive block notify,endpoint=127.0.0.1:20200,blk={
	"blockNumber" : 2827,
	"group" : "group0",
	"nodeName" : "98a7f70ec883a722219d92253cf073a72605f4087aa3443c8e4aadc0af2dc3ac647d0fa1b5ac99cd6987abafe6d690ae71cd5fd2aeeabe7589bfb4748aabdfba"
}
info|2023-07-09 13:57:21.074128|[RPC][BLOCK][NUMBER][fromJson],group=group0,node=2f993327933ad58672518b6d4f63920cbc68b80f78f4d81192552ee6362f5cc81ee13bdc678ad65f06e76444cadb53b33694cfb3fc7679b8000411975fedd28a,blockNumber=2827
info|2023-07-09 13:57:21.074151|[RPCWS][SERVICE][onRecvBlockNotifier]receive block number notifier,group=group0,node=2f993327933ad58672518b6d4f63920cbc68b80f78f4d81192552ee6362f5cc81ee13bdc678ad65f06e76444cadb53b33694cfb3fc7679b8000411975fedd28a,blockNumber=2827
info|2023-07-09 13:57:21.074157|[WS]receive block notify,endpoint=127.0.0.1:20201,blk={
	"blockNumber" : 2827,
	"group" : "group0",
	"nodeName" : "2f993327933ad58672518b6d4f63920cbc68b80f78f4d81192552ee6362f5cc81ee13bdc678ad65f06e76444cadb53b33694cfb3fc7679b8000411975fedd28a"
}
info|2023-07-09 13:57:21.624887|[RPC][BLOCK][NUMBER][fromJson],group=group0,node=98a7f70ec883a722219d92253cf073a72605f4087aa3443c8e4aadc0af2dc3ac647d0fa1b5ac99cd6987abafe6d690ae71cd5fd2aeeabe7589bfb4748aabdfba,blockNumber=2828
info|2023-07-09 13:57:21.624905|[RPCWS][SERVICE][onRecvBlockNotifier]receive block number notifier,group=group0,node=98a7f70ec883a722219d92253cf073a72605f4087aa3443c8e4aadc0af2dc3ac647d0fa1b5ac99cd6987abafe6d690ae71cd5fd2aeeabe7589bfb4748aabdfba,blockNumber=2828
info|2023-07-09 13:57:21.624910|[RPCWS][SERVICE][updateGroupBlockNumber],groupID=group0,_blockNumber=2828
info|2023-07-09 13:57:21.624914|[RPCWS][SERVICE][onRecvBlockNotifier]block notifier callback,group=group0,node=98a7f70ec883a722219d92253cf073a72605f4087aa3443c8e4aadc0af2dc3ac647d0fa1b5ac99cd6987abafe6d690ae71cd5fd2aeeabe7589bfb4748aabdfba,blockNumber=2828
info|2023-07-09 13:57:21.624917|[WS]receive block notify,endpoint=127.0.0.1:20200,blk={
	"blockNumber" : 2828,
	"group" : "group0",
	"nodeName" : "98a7f70ec883a722219d92253cf073a72605f4087aa3443c8e4aadc0af2dc3ac647d0fa1b5ac99cd6987abafe6d690ae71cd5fd2aeeabe7589bfb4748aabdfba"
}
info|2023-07-09 13:57:21.705956|[RPC][BLOCK][NUMBER][fromJson],group=group0,node=2f993327933ad58672518b6d4f63920cbc68b80f78f4d81192552ee6362f5cc81ee13bdc678ad65f06e76444cadb53b33694cfb3fc7679b8000411975fedd28a,blockNumber=2828
info|2023-07-09 13:57:21.705978|[RPCWS][SERVICE][onRecvBlockNotifier]receive block number notifier,group=group0,node=2f993327933ad58672518b6d4f63920cbc68b80f78f4d81192552ee6362f5cc81ee13bdc678ad65f06e76444cadb53b33694cfb3fc7679b8000411975fedd28a,blockNumber=2828
info|2023-07-09 13:57:21.705984|[WS]receive block notify,endpoint=127.0.0.1:20201,blk={
	"blockNumber" : 2828,
	"group" : "group0",
	"nodeName" : "2f993327933ad58672518b6d4f63920cbc68b80f78f4d81192552ee6362f5cc81ee13bdc678ad65f06e76444cadb53b33694cfb3fc7679b8000411975fedd28a"
}
info|2023-07-09 13:57:22.180986|[RPC][BLOCK][NUMBER][fromJson],group=group0,node=98a7f70ec883a722219d92253cf073a72605f4087aa3443c8e4aadc0af2dc3ac647d0fa1b5ac99cd6987abafe6d690ae71cd5fd2aeeabe7589bfb4748aabdfba,blockNumber=2829
info|2023-07-09 13:57:22.181083|[RPCWS][SERVICE][onRecvBlockNotifier]receive block number notifier,group=group0,node=98a7f70ec883a722219d92253cf073a72605f4087aa3443c8e4aadc0af2dc3ac647d0fa1b5ac99cd6987abafe6d690ae71cd5fd2aeeabe7589bfb4748aabdfba,blockNumber=2829
info|2023-07-09 13:57:22.181098|[RPCWS][SERVICE][updateGroupBlockNumber],groupID=group0,_blockNumber=2829
info|2023-07-09 13:57:22.181108|[RPCWS][SERVICE][onRecvBlockNotifier]block notifier callback,group=group0,node=98a7f70ec883a722219d92253cf073a72605f4087aa3443c8e4aadc0af2dc3ac647d0fa1b5ac99cd6987abafe6d690ae71cd5fd2aeeabe7589bfb4748aabdfba,blockNumber=2829
info|2023-07-09 13:57:22.181113|[WS]receive block notify,endpoint=127.0.0.1:20200,blk={
	"blockNumber" : 2829,
	"group" : "group0",
	"nodeName" : "98a7f70ec883a722219d92253cf073a72605f4087aa3443c8e4aadc0af2dc3ac647d0fa1b5ac99cd6987abafe6d690ae71cd5fd2aeeabe7589bfb4748aabdfba"
}
info|2023-07-09 13:57:22.238997|[RPC][BLOCK][NUMBER][fromJson],group=group0,node=2f993327933ad58672518b6d4f63920cbc68b80f78f4d81192552ee6362f5cc81ee13bdc678ad65f06e76444cadb53b33694cfb3fc7679b8000411975fedd28a,blockNumber=2829
info|2023-07-09 13:57:22.239016|[RPCWS][SERVICE][onRecvBlockNotifier]receive block number notifier,group=group0,node=2f993327933ad58672518b6d4f63920cbc68b80f78f4d81192552ee6362f5cc81ee13bdc678ad65f06e76444cadb53b33694cfb3fc7679b8000411975fedd28a,blockNumber=2829
info|2023-07-09 13:57:22.239023|[WS]receive block notify,endpoint=127.0.0.1:20201,blk={
	"blockNumber" : 2829,
	"group" : "group0",
	"nodeName" : "2f993327933ad58672518b6d4f63920cbc68b80f78f4d81192552ee6362f5cc81ee13bdc678ad65f06e76444cadb53b33694cfb3fc7679b8000411975fedd28a"
}
info|2023-07-09 13:57:22.843112|[RPC][BLOCK][NUMBER][fromJson],group=group0,node=2f993327933ad58672518b6d4f63920cbc68b80f78f4d81192552ee6362f5cc81ee13bdc678ad65f06e76444cadb53b33694cfb3fc7679b8000411975fedd28a,blockNumber=2830
info|2023-07-09 13:57:22.843157|[RPCWS][SERVICE][onRecvBlockNotifier]receive block number notifier,group=group0,node=2f993327933ad58672518b6d4f63920cbc68b80f78f4d81192552ee6362f5cc81ee13bdc678ad65f06e76444cadb53b33694cfb3fc7679b8000411975fedd28a,blockNumber=2830
info|2023-07-09 13:57:22.843166|[RPCWS][SERVICE][updateGroupBlockNumber],groupID=group0,_blockNumber=2830
info|2023-07-09 13:57:22.843172|[RPCWS][SERVICE][onRecvBlockNotifier]block notifier callback,group=group0,node=2f993327933ad58672518b6d4f63920cbc68b80f78f4d81192552ee6362f5cc81ee13bdc678ad65f06e76444cadb53b33694cfb3fc7679b8000411975fedd28a,blockNumber=2830
info|2023-07-09 13:57:22.843176|[WS]receive block notify,endpoint=127.0.0.1:20201,blk={
	"blockNumber" : 2830,
	"group" : "group0",
	"nodeName" : "2f993327933ad58672518b6d4f63920cbc68b80f78f4d81192552ee6362f5cc81ee13bdc678ad65f06e76444cadb53b33694cfb3fc7679b8000411975fedd28a"
}
info|2023-07-09 13:57:22.843658|[RPC][BLOCK][NUMBER][fromJson],group=group0,node=98a7f70ec883a722219d92253cf073a72605f4087aa3443c8e4aadc0af2dc3ac647d0fa1b5ac99cd6987abafe6d690ae71cd5fd2aeeabe7589bfb4748aabdfba,blockNumber=2830
info|2023-07-09 13:57:22.843681|[RPCWS][SERVICE][onRecvBlockNotifier]receive block number notifier,group=group0,node=98a7f70ec883a722219d92253cf073a72605f4087aa3443c8e4aadc0af2dc3ac647d0fa1b5ac99cd6987abafe6d690ae71cd5fd2aeeabe7589bfb4748aabdfba,blockNumber=2830
info|2023-07-09 13:57:22.843690|[WS]receive block notify,endpoint=127.0.0.1:20200,blk={
	"blockNumber" : 2830,
	"group" : "group0",
	"nodeName" : "98a7f70ec883a722219d92253cf073a72605f4087aa3443c8e4aadc0af2dc3ac647d0fa1b5ac99cd6987abafe6d690ae71cd5fd2aeeabe7589bfb4748aabdfba"
}
info|2023-07-09 13:57:36.216462|[EVENT][SUB][doLoop]event sub tasks report,working event sub count=0,suspend event sub count=0
info|2023-07-09 13:57:36.559912|[SDK][WS][SERVICE]connected nodes,count=2
info|2023-07-09 13:57:56.216558|[EVENT][SUB][doLoop]event sub tasks report,working event sub count=0,suspend event sub count=0
info|2023-07-09 13:57:56.591514|[SDK][WS][SERVICE]connected nodes,count=2
info|2023-07-09 13:58:16.217014|[EVENT][SUB][doLoop]event sub tasks report,working event sub count=0,suspend event sub count=0
info|2023-07-09 13:58:16.592336|[SDK][WS][SERVICE]connected nodes,count=2
info|2023-07-09 13:58:36.217626|[EVENT][SUB][doLoop]event sub tasks report,working event sub count=0,suspend event sub count=0
info|2023-07-09 13:58:36.593670|[SDK][WS][SERVICE]connected nodes,count=2
info|2023-07-09 13:58:56.217718|[EVENT][SUB][doLoop]event sub tasks report,working event sub count=0,suspend event sub count=0
info|2023-07-09 13:58:56.594766|[SDK][WS][SERVICE]connected nodes,count=2
info|2023-07-09 13:59:16.218550|[EVENT][SUB][doLoop]event sub tasks report,working event sub count=0,suspend event sub count=0
info|2023-07-09 13:59:16.595349|[SDK][WS][SERVICE]connected nodes,count=2
info|2023-07-09 13:59:36.221015|[EVENT][SUB][doLoop]event sub tasks report,working event sub count=0,suspend event sub count=0
info|2023-07-09 13:59:36.595486|[SDK][WS][SERVICE]connected nodes,count=2
info|2023-07-09 13:59:56.221943|[EVENT][SUB][doLoop]event sub tasks report,working event sub count=0,suspend event sub count=0
info|2023-07-09 13:59:56.707248|[SDK][WS][SERVICE]connected nodes,count=2
