info|2023-07-09 10:00:12.767118|[EVENT][SUB][doLoop]event sub tasks report,working event sub count=0,suspend event sub count=0
info|2023-07-09 10:00:12.865423|[SDK][WS][SERVICE]connected nodes,count=2
info|2023-07-09 10:00:32.767446|[EVENT][SUB][doLoop]event sub tasks report,working event sub count=0,suspend event sub count=0
info|2023-07-09 10:00:32.866050|[SDK][WS][SERVICE]connected nodes,count=2
info|2023-07-09 10:00:52.767642|[EVENT][SUB][doLoop]event sub tasks report,working event sub count=0,suspend event sub count=0
info|2023-07-09 10:00:52.866221|[SDK][WS][SERVICE]connected nodes,count=2
info|2023-07-09 10:01:12.767727|[EVENT][SUB][doLoop]event sub tasks report,working event sub count=0,suspend event sub count=0
info|2023-07-09 10:01:12.866411|[SDK][WS][SERVICE]connected nodes,count=2
info|2023-07-09 10:01:32.767779|[EVENT][SUB][doLoop]event sub tasks report,working event sub count=0,suspend event sub count=0
info|2023-07-09 10:01:32.866878|[SDK][WS][SERVICE]connected nodes,count=2
info|2023-07-09 10:01:52.768022|[EVENT][SUB][doLoop]event sub tasks report,working event sub count=0,suspend event sub count=0
info|2023-07-09 10:01:52.867494|[SDK][WS][SERVICE]connected nodes,count=2
info|2023-07-09 10:02:12.768366|[EVENT][SUB][doLoop]event sub tasks report,working event sub count=0,suspend event sub count=0
info|2023-07-09 10:02:12.868259|[SDK][WS][SERVICE]connected nodes,count=2
info|2023-07-09 10:02:32.768492|[EVENT][SUB][doLoop]event sub tasks report,working event sub count=0,suspend event sub count=0
info|2023-07-09 10:02:32.868849|[SDK][WS][SERVICE]connected nodes,count=2
info|2023-07-09 10:02:52.768624|[EVENT][SUB][doLoop]event sub tasks report,working event sub count=0,suspend event sub count=0
info|2023-07-09 10:02:52.868974|[SDK][WS][SERVICE]connected nodes,count=2
info|2023-07-09 10:03:12.768735|[EVENT][SUB][doLoop]event sub tasks report,working event sub count=0,suspend event sub count=0
info|2023-07-09 10:03:12.869483|[SDK][WS][SERVICE]connected nodes,count=2
info|2023-07-09 10:03:32.769549|[EVENT][SUB][doLoop]event sub tasks report,working event sub count=0,suspend event sub count=0
info|2023-07-09 10:03:32.869695|[SDK][WS][SERVICE]connected nodes,count=2
info|2023-07-09 10:03:52.769866|[EVENT][SUB][doLoop]event sub tasks report,working event sub count=0,suspend event sub count=0
info|2023-07-09 10:03:52.870176|[SDK][WS][SERVICE]connected nodes,count=2
info|2023-07-09 10:04:12.770362|[EVENT][SUB][doLoop]event sub tasks report,working event sub count=0,suspend event sub count=0
info|2023-07-09 10:04:12.870769|[SDK][WS][SERVICE]connected nodes,count=2
info|2023-07-09 10:04:32.770489|[EVENT][SUB][doLoop]event sub tasks report,working event sub count=0,suspend event sub count=0
info|2023-07-09 10:04:32.871124|[SDK][WS][SERVICE]connected nodes,count=2
info|2023-07-09 10:04:52.770571|[EVENT][SUB][doLoop]event sub tasks report,working event sub count=0,suspend event sub count=0
info|2023-07-09 10:04:52.871343|[SDK][WS][SERVICE]connected nodes,count=2
info|2023-07-09 10:05:12.770676|[EVENT][SUB][doLoop]event sub tasks report,working event sub count=0,suspend event sub count=0
info|2023-07-09 10:05:12.871471|[SDK][WS][SERVICE]connected nodes,count=2
info|2023-07-09 10:05:32.770797|[EVENT][SUB][doLoop]event sub tasks report,working event sub count=0,suspend event sub count=0
info|2023-07-09 10:05:32.872120|[SDK][WS][SERVICE]connected nodes,count=2
info|2023-07-09 10:05:52.770905|[EVENT][SUB][doLoop]event sub tasks report,working event sub count=0,suspend event sub count=0
info|2023-07-09 10:05:52.872405|[SDK][WS][SERVICE]connected nodes,count=2
info|2023-07-09 10:06:12.776284|[EVENT][SUB][doLoop]event sub tasks report,working event sub count=0,suspend event sub count=0
info|2023-07-09 10:06:12.872979|[SDK][WS][SERVICE]connected nodes,count=2
info|2023-07-09 10:06:32.776970|[EVENT][SUB][doLoop]event sub tasks report,working event sub count=0,suspend event sub count=0
info|2023-07-09 10:06:32.873581|[SDK][WS][SERVICE]connected nodes,count=2
info|2023-07-09 10:06:52.777128|[EVENT][SUB][doLoop]event sub tasks report,working event sub count=0,suspend event sub count=0
info|2023-07-09 10:06:52.874125|[SDK][WS][SERVICE]connected nodes,count=2
info|2023-07-09 10:07:12.777463|[EVENT][SUB][doLoop]event sub tasks report,working event sub count=0,suspend event sub count=0
info|2023-07-09 10:07:12.874791|[SDK][WS][SERVICE]connected nodes,count=2
info|2023-07-09 10:07:32.777946|[EVENT][SUB][doLoop]event sub tasks report,working event sub count=0,suspend event sub count=0
info|2023-07-09 10:07:32.874919|[SDK][WS][SERVICE]connected nodes,count=2
info|2023-07-09 10:07:52.778003|[EVENT][SUB][doLoop]event sub tasks report,working event sub count=0,suspend event sub count=0
info|2023-07-09 10:07:52.875321|[SDK][WS][SERVICE]connected nodes,count=2
info|2023-07-09 10:08:12.778094|[EVENT][SUB][doLoop]event sub tasks report,working event sub count=0,suspend event sub count=0
info|2023-07-09 10:08:12.875734|[SDK][WS][SERVICE]connected nodes,count=2
info|2023-07-09 10:08:32.778705|[EVENT][SUB][doLoop]event sub tasks report,working event sub count=0,suspend event sub count=0
info|2023-07-09 10:08:32.876057|[SDK][WS][SERVICE]connected nodes,count=2
info|2023-07-09 10:08:52.778760|[EVENT][SUB][doLoop]event sub tasks report,working event sub count=0,suspend event sub count=0
info|2023-07-09 10:08:52.876253|[SDK][WS][SERVICE]connected nodes,count=2
info|2023-07-09 10:09:12.779220|[EVENT][SUB][doLoop]event sub tasks report,working event sub count=0,suspend event sub count=0
info|2023-07-09 10:09:12.876777|[SDK][WS][SERVICE]connected nodes,count=2
info|2023-07-09 10:09:32.779386|[EVENT][SUB][doLoop]event sub tasks report,working event sub count=0,suspend event sub count=0
info|2023-07-09 10:09:32.876984|[SDK][WS][SERVICE]connected nodes,count=2
info|2023-07-09 10:09:52.779604|[EVENT][SUB][doLoop]event sub tasks report,working event sub count=0,suspend event sub count=0
info|2023-07-09 10:09:52.877423|[SDK][WS][SERVICE]connected nodes,count=2
info|2023-07-09 10:10:12.780155|[EVENT][SUB][doLoop]event sub tasks report,working event sub count=0,suspend event sub count=0
info|2023-07-09 10:10:12.878808|[SDK][WS][SERVICE]connected nodes,count=2
info|2023-07-09 10:10:32.780717|[EVENT][SUB][doLoop]event sub tasks report,working event sub count=0,suspend event sub count=0
info|2023-07-09 10:10:32.879311|[SDK][WS][SERVICE]connected nodes,count=2
info|2023-07-09 10:10:52.781307|[EVENT][SUB][doLoop]event sub tasks report,working event sub count=0,suspend event sub count=0
info|2023-07-09 10:10:52.879489|[SDK][WS][SERVICE]connected nodes,count=2
info|2023-07-09 10:11:12.781930|[EVENT][SUB][doLoop]event sub tasks report,working event sub count=0,suspend event sub count=0
info|2023-07-09 10:11:12.879989|[SDK][WS][SERVICE]connected nodes,count=2
info|2023-07-09 10:11:32.782304|[EVENT][SUB][doLoop]event sub tasks report,working event sub count=0,suspend event sub count=0
info|2023-07-09 10:11:32.880752|[SDK][WS][SERVICE]connected nodes,count=2
info|2023-07-09 10:11:52.782547|[EVENT][SUB][doLoop]event sub tasks report,working event sub count=0,suspend event sub count=0
info|2023-07-09 10:11:52.881179|[SDK][WS][SERVICE]connected nodes,count=2
info|2023-07-09 10:12:12.783056|[EVENT][SUB][doLoop]event sub tasks report,working event sub count=0,suspend event sub count=0
info|2023-07-09 10:12:12.881667|[SDK][WS][SERVICE]connected nodes,count=2
info|2023-07-09 10:12:32.783667|[EVENT][SUB][doLoop]event sub tasks report,working event sub count=0,suspend event sub count=0
info|2023-07-09 10:12:32.882492|[SDK][WS][SERVICE]connected nodes,count=2
info|2023-07-09 10:12:52.783788|[EVENT][SUB][doLoop]event sub tasks report,working event sub count=0,suspend event sub count=0
info|2023-07-09 10:12:52.882919|[SDK][WS][SERVICE]connected nodes,count=2
info|2023-07-09 10:13:12.783939|[EVENT][SUB][doLoop]event sub tasks report,working event sub count=0,suspend event sub count=0
info|2023-07-09 10:13:12.883249|[SDK][WS][SERVICE]connected nodes,count=2
info|2023-07-09 10:13:32.784427|[EVENT][SUB][doLoop]event sub tasks report,working event sub count=0,suspend event sub count=0
info|2023-07-09 10:13:32.883434|[SDK][WS][SERVICE]connected nodes,count=2
info|2023-07-09 10:13:52.784623|[EVENT][SUB][doLoop]event sub tasks report,working event sub count=0,suspend event sub count=0
info|2023-07-09 10:13:52.883889|[SDK][WS][SERVICE]connected nodes,count=2
info|2023-07-09 10:14:12.785287|[EVENT][SUB][doLoop]event sub tasks report,working event sub count=0,suspend event sub count=0
info|2023-07-09 10:14:12.884540|[SDK][WS][SERVICE]connected nodes,count=2
info|2023-07-09 10:14:32.785438|[EVENT][SUB][doLoop]event sub tasks report,working event sub count=0,suspend event sub count=0
info|2023-07-09 10:14:32.885178|[SDK][WS][SERVICE]connected nodes,count=2
info|2023-07-09 10:14:52.786294|[EVENT][SUB][doLoop]event sub tasks report,working event sub count=0,suspend event sub count=0
info|2023-07-09 10:14:52.885547|[SDK][WS][SERVICE]connected nodes,count=2
info|2023-07-09 10:15:12.786607|[EVENT][SUB][doLoop]event sub tasks report,working event sub count=0,suspend event sub count=0
info|2023-07-09 10:15:12.885818|[SDK][WS][SERVICE]connected nodes,count=2
info|2023-07-09 10:15:32.787002|[EVENT][SUB][doLoop]event sub tasks report,working event sub count=0,suspend event sub count=0
info|2023-07-09 10:15:32.886448|[SDK][WS][SERVICE]connected nodes,count=2
info|2023-07-09 10:15:52.787170|[EVENT][SUB][doLoop]event sub tasks report,working event sub count=0,suspend event sub count=0
info|2023-07-09 10:15:52.886829|[SDK][WS][SERVICE]connected nodes,count=2
info|2023-07-09 10:16:12.787745|[EVENT][SUB][doLoop]event sub tasks report,working event sub count=0,suspend event sub count=0
info|2023-07-09 10:16:12.887352|[SDK][WS][SERVICE]connected nodes,count=2
info|2023-07-09 10:16:32.788254|[EVENT][SUB][doLoop]event sub tasks report,working event sub count=0,suspend event sub count=0
info|2023-07-09 10:16:32.887523|[SDK][WS][SERVICE]connected nodes,count=2
info|2023-07-09 10:16:52.788460|[EVENT][SUB][doLoop]event sub tasks report,working event sub count=0,suspend event sub count=0
info|2023-07-09 10:16:52.887852|[SDK][WS][SERVICE]connected nodes,count=2
info|2023-07-09 10:17:12.788584|[EVENT][SUB][doLoop]event sub tasks report,working event sub count=0,suspend event sub count=0
info|2023-07-09 10:17:12.888136|[SDK][WS][SERVICE]connected nodes,count=2
info|2023-07-09 10:17:32.789045|[EVENT][SUB][doLoop]event sub tasks report,working event sub count=0,suspend event sub count=0
info|2023-07-09 10:17:32.888633|[SDK][WS][SERVICE]connected nodes,count=2
info|2023-07-09 10:17:52.789355|[EVENT][SUB][doLoop]event sub tasks report,working event sub count=0,suspend event sub count=0
info|2023-07-09 10:17:52.889477|[SDK][WS][SERVICE]connected nodes,count=2
info|2023-07-09 10:18:12.789505|[EVENT][SUB][doLoop]event sub tasks report,working event sub count=0,suspend event sub count=0
info|2023-07-09 10:18:12.889927|[SDK][WS][SERVICE]connected nodes,count=2
info|2023-07-09 10:18:32.789565|[EVENT][SUB][doLoop]event sub tasks report,working event sub count=0,suspend event sub count=0
info|2023-07-09 10:18:32.890511|[SDK][WS][SERVICE]connected nodes,count=2
info|2023-07-09 10:18:52.789700|[EVENT][SUB][doLoop]event sub tasks report,working event sub count=0,suspend event sub count=0
info|2023-07-09 10:18:52.890802|[SDK][WS][SERVICE]connected nodes,count=2
info|2023-07-09 10:19:12.790020|[EVENT][SUB][doLoop]event sub tasks report,working event sub count=0,suspend event sub count=0
info|2023-07-09 10:19:12.890962|[SDK][WS][SERVICE]connected nodes,count=2
info|2023-07-09 10:19:32.790852|[EVENT][SUB][doLoop]event sub tasks report,working event sub count=0,suspend event sub count=0
info|2023-07-09 10:19:32.892065|[SDK][WS][SERVICE]connected nodes,count=2
info|2023-07-09 10:19:52.791056|[EVENT][SUB][doLoop]event sub tasks report,working event sub count=0,suspend event sub count=0
info|2023-07-09 10:19:52.893075|[SDK][WS][SERVICE]connected nodes,count=2
info|2023-07-09 10:20:12.791820|[EVENT][SUB][doLoop]event sub tasks report,working event sub count=0,suspend event sub count=0
info|2023-07-09 10:20:12.893293|[SDK][WS][SERVICE]connected nodes,count=2
info|2023-07-09 10:20:32.792225|[EVENT][SUB][doLoop]event sub tasks report,working event sub count=0,suspend event sub count=0
info|2023-07-09 10:20:32.893528|[SDK][WS][SERVICE]connected nodes,count=2
info|2023-07-09 10:20:52.792732|[EVENT][SUB][doLoop]event sub tasks report,working event sub count=0,suspend event sub count=0
info|2023-07-09 10:20:52.893690|[SDK][WS][SERVICE]connected nodes,count=2
info|2023-07-09 10:21:12.792846|[EVENT][SUB][doLoop]event sub tasks report,working event sub count=0,suspend event sub count=0
info|2023-07-09 10:21:12.893915|[SDK][WS][SERVICE]connected nodes,count=2
info|2023-07-09 10:21:32.793481|[EVENT][SUB][doLoop]event sub tasks report,working event sub count=0,suspend event sub count=0
info|2023-07-09 10:21:32.894020|[SDK][WS][SERVICE]connected nodes,count=2
info|2023-07-09 10:21:52.793579|[EVENT][SUB][doLoop]event sub tasks report,working event sub count=0,suspend event sub count=0
info|2023-07-09 10:21:52.894353|[SDK][WS][SERVICE]connected nodes,count=2
info|2023-07-09 10:22:12.793942|[EVENT][SUB][doLoop]event sub tasks report,working event sub count=0,suspend event sub count=0
info|2023-07-09 10:22:12.894628|[SDK][WS][SERVICE]connected nodes,count=2
info|2023-07-09 10:22:32.794425|[EVENT][SUB][doLoop]event sub tasks report,working event sub count=0,suspend event sub count=0
info|2023-07-09 10:22:32.894930|[SDK][WS][SERVICE]connected nodes,count=2
info|2023-07-09 10:22:52.794531|[EVENT][SUB][doLoop]event sub tasks report,working event sub count=0,suspend event sub count=0
info|2023-07-09 10:22:52.895569|[SDK][WS][SERVICE]connected nodes,count=2
info|2023-07-09 10:23:12.794941|[EVENT][SUB][doLoop]event sub tasks report,working event sub count=0,suspend event sub count=0
info|2023-07-09 10:23:12.895802|[SDK][WS][SERVICE]connected nodes,count=2
info|2023-07-09 10:23:32.795526|[EVENT][SUB][doLoop]event sub tasks report,working event sub count=0,suspend event sub count=0
info|2023-07-09 10:23:32.895894|[SDK][WS][SERVICE]connected nodes,count=2
info|2023-07-09 10:23:52.795631|[EVENT][SUB][doLoop]event sub tasks report,working event sub count=0,suspend event sub count=0
info|2023-07-09 10:23:52.896393|[SDK][WS][SERVICE]connected nodes,count=2
info|2023-07-09 10:24:12.796047|[EVENT][SUB][doLoop]event sub tasks report,working event sub count=0,suspend event sub count=0
info|2023-07-09 10:24:12.896975|[SDK][WS][SERVICE]connected nodes,count=2
info|2023-07-09 10:24:32.796668|[EVENT][SUB][doLoop]event sub tasks report,working event sub count=0,suspend event sub count=0
info|2023-07-09 10:24:32.897125|[SDK][WS][SERVICE]connected nodes,count=2
info|2023-07-09 10:24:52.796821|[EVENT][SUB][doLoop]event sub tasks report,working event sub count=0,suspend event sub count=0
info|2023-07-09 10:24:52.897693|[SDK][WS][SERVICE]connected nodes,count=2
info|2023-07-09 10:25:12.797193|[EVENT][SUB][doLoop]event sub tasks report,working event sub count=0,suspend event sub count=0
info|2023-07-09 10:25:12.897904|[SDK][WS][SERVICE]connected nodes,count=2
info|2023-07-09 10:25:32.797740|[EVENT][SUB][doLoop]event sub tasks report,working event sub count=0,suspend event sub count=0
info|2023-07-09 10:25:32.898014|[SDK][WS][SERVICE]connected nodes,count=2
info|2023-07-09 10:25:52.797868|[EVENT][SUB][doLoop]event sub tasks report,working event sub count=0,suspend event sub count=0
info|2023-07-09 10:25:52.898121|[SDK][WS][SERVICE]connected nodes,count=2
info|2023-07-09 10:26:12.798346|[EVENT][SUB][doLoop]event sub tasks report,working event sub count=0,suspend event sub count=0
info|2023-07-09 10:26:12.898529|[SDK][WS][SERVICE]connected nodes,count=2
info|2023-07-09 10:26:32.798488|[EVENT][SUB][doLoop]event sub tasks report,working event sub count=0,suspend event sub count=0
info|2023-07-09 10:26:32.898655|[SDK][WS][SERVICE]connected nodes,count=2
info|2023-07-09 10:26:52.798742|[EVENT][SUB][doLoop]event sub tasks report,working event sub count=0,suspend event sub count=0
info|2023-07-09 10:26:52.899405|[SDK][WS][SERVICE]connected nodes,count=2
info|2023-07-09 10:27:12.799135|[EVENT][SUB][doLoop]event sub tasks report,working event sub count=0,suspend event sub count=0
info|2023-07-09 10:27:12.899716|[SDK][WS][SERVICE]connected nodes,count=2
info|2023-07-09 10:27:13.832657|[RPC][BLOCK][NUMBER][fromJson],group=group0,node=98a7f70ec883a722219d92253cf073a72605f4087aa3443c8e4aadc0af2dc3ac647d0fa1b5ac99cd6987abafe6d690ae71cd5fd2aeeabe7589bfb4748aabdfba,blockNumber=2703
info|2023-07-09 10:27:13.832679|[RPCWS][SERVICE][onRecvBlockNotifier]receive block number notifier,group=group0,node=98a7f70ec883a722219d92253cf073a72605f4087aa3443c8e4aadc0af2dc3ac647d0fa1b5ac99cd6987abafe6d690ae71cd5fd2aeeabe7589bfb4748aabdfba,blockNumber=2703
info|2023-07-09 10:27:13.832683|[RPCWS][SERVICE][updateGroupBlockNumber],groupID=group0,_blockNumber=2703
info|2023-07-09 10:27:13.832688|[RPCWS][SERVICE][onRecvBlockNotifier]block notifier callback,group=group0,node=98a7f70ec883a722219d92253cf073a72605f4087aa3443c8e4aadc0af2dc3ac647d0fa1b5ac99cd6987abafe6d690ae71cd5fd2aeeabe7589bfb4748aabdfba,blockNumber=2703
info|2023-07-09 10:27:13.832691|[WS]receive block notify,endpoint=127.0.0.1:20200,blk={
	"blockNumber" : 2703,
	"group" : "group0",
	"nodeName" : "98a7f70ec883a722219d92253cf073a72605f4087aa3443c8e4aadc0af2dc3ac647d0fa1b5ac99cd6987abafe6d690ae71cd5fd2aeeabe7589bfb4748aabdfba"
}
info|2023-07-09 10:27:13.904215|[RPC][BLOCK][NUMBER][fromJson],group=group0,node=2f993327933ad58672518b6d4f63920cbc68b80f78f4d81192552ee6362f5cc81ee13bdc678ad65f06e76444cadb53b33694cfb3fc7679b8000411975fedd28a,blockNumber=2703
info|2023-07-09 10:27:13.904234|[RPCWS][SERVICE][onRecvBlockNotifier]receive block number notifier,group=group0,node=2f993327933ad58672518b6d4f63920cbc68b80f78f4d81192552ee6362f5cc81ee13bdc678ad65f06e76444cadb53b33694cfb3fc7679b8000411975fedd28a,blockNumber=2703
info|2023-07-09 10:27:13.904241|[WS]receive block notify,endpoint=127.0.0.1:20201,blk={
	"blockNumber" : 2703,
	"group" : "group0",
	"nodeName" : "2f993327933ad58672518b6d4f63920cbc68b80f78f4d81192552ee6362f5cc81ee13bdc678ad65f06e76444cadb53b33694cfb3fc7679b8000411975fedd28a"
}
info|2023-07-09 10:27:14.444627|[RPC][BLOCK][NUMBER][fromJson],group=group0,node=2f993327933ad58672518b6d4f63920cbc68b80f78f4d81192552ee6362f5cc81ee13bdc678ad65f06e76444cadb53b33694cfb3fc7679b8000411975fedd28a,blockNumber=2704
info|2023-07-09 10:27:14.444665|[RPCWS][SERVICE][onRecvBlockNotifier]receive block number notifier,group=group0,node=2f993327933ad58672518b6d4f63920cbc68b80f78f4d81192552ee6362f5cc81ee13bdc678ad65f06e76444cadb53b33694cfb3fc7679b8000411975fedd28a,blockNumber=2704
info|2023-07-09 10:27:14.444672|[RPCWS][SERVICE][updateGroupBlockNumber],groupID=group0,_blockNumber=2704
info|2023-07-09 10:27:14.444676|[RPCWS][SERVICE][onRecvBlockNotifier]block notifier callback,group=group0,node=2f993327933ad58672518b6d4f63920cbc68b80f78f4d81192552ee6362f5cc81ee13bdc678ad65f06e76444cadb53b33694cfb3fc7679b8000411975fedd28a,blockNumber=2704
info|2023-07-09 10:27:14.444680|[WS]receive block notify,endpoint=127.0.0.1:20201,blk={
	"blockNumber" : 2704,
	"group" : "group0",
	"nodeName" : "2f993327933ad58672518b6d4f63920cbc68b80f78f4d81192552ee6362f5cc81ee13bdc678ad65f06e76444cadb53b33694cfb3fc7679b8000411975fedd28a"
}
info|2023-07-09 10:27:14.459050|[RPC][BLOCK][NUMBER][fromJson],group=group0,node=98a7f70ec883a722219d92253cf073a72605f4087aa3443c8e4aadc0af2dc3ac647d0fa1b5ac99cd6987abafe6d690ae71cd5fd2aeeabe7589bfb4748aabdfba,blockNumber=2704
info|2023-07-09 10:27:14.459071|[RPCWS][SERVICE][onRecvBlockNotifier]receive block number notifier,group=group0,node=98a7f70ec883a722219d92253cf073a72605f4087aa3443c8e4aadc0af2dc3ac647d0fa1b5ac99cd6987abafe6d690ae71cd5fd2aeeabe7589bfb4748aabdfba,blockNumber=2704
info|2023-07-09 10:27:14.459077|[WS]receive block notify,endpoint=127.0.0.1:20200,blk={
	"blockNumber" : 2704,
	"group" : "group0",
	"nodeName" : "98a7f70ec883a722219d92253cf073a72605f4087aa3443c8e4aadc0af2dc3ac647d0fa1b5ac99cd6987abafe6d690ae71cd5fd2aeeabe7589bfb4748aabdfba"
}
info|2023-07-09 10:27:14.970863|[RPC][BLOCK][NUMBER][fromJson],group=group0,node=98a7f70ec883a722219d92253cf073a72605f4087aa3443c8e4aadc0af2dc3ac647d0fa1b5ac99cd6987abafe6d690ae71cd5fd2aeeabe7589bfb4748aabdfba,blockNumber=2705
info|2023-07-09 10:27:14.970882|[RPCWS][SERVICE][onRecvBlockNotifier]receive block number notifier,group=group0,node=98a7f70ec883a722219d92253cf073a72605f4087aa3443c8e4aadc0af2dc3ac647d0fa1b5ac99cd6987abafe6d690ae71cd5fd2aeeabe7589bfb4748aabdfba,blockNumber=2705
info|2023-07-09 10:27:14.970886|[RPCWS][SERVICE][updateGroupBlockNumber],groupID=group0,_blockNumber=2705
info|2023-07-09 10:27:14.970891|[RPCWS][SERVICE][onRecvBlockNotifier]block notifier callback,group=group0,node=98a7f70ec883a722219d92253cf073a72605f4087aa3443c8e4aadc0af2dc3ac647d0fa1b5ac99cd6987abafe6d690ae71cd5fd2aeeabe7589bfb4748aabdfba,blockNumber=2705
info|2023-07-09 10:27:14.970895|[WS]receive block notify,endpoint=127.0.0.1:20200,blk={
	"blockNumber" : 2705,
	"group" : "group0",
	"nodeName" : "98a7f70ec883a722219d92253cf073a72605f4087aa3443c8e4aadc0af2dc3ac647d0fa1b5ac99cd6987abafe6d690ae71cd5fd2aeeabe7589bfb4748aabdfba"
}
info|2023-07-09 10:27:15.066439|[RPC][BLOCK][NUMBER][fromJson],group=group0,node=2f993327933ad58672518b6d4f63920cbc68b80f78f4d81192552ee6362f5cc81ee13bdc678ad65f06e76444cadb53b33694cfb3fc7679b8000411975fedd28a,blockNumber=2705
info|2023-07-09 10:27:15.066472|[RPCWS][SERVICE][onRecvBlockNotifier]receive block number notifier,group=group0,node=2f993327933ad58672518b6d4f63920cbc68b80f78f4d81192552ee6362f5cc81ee13bdc678ad65f06e76444cadb53b33694cfb3fc7679b8000411975fedd28a,blockNumber=2705
info|2023-07-09 10:27:15.066481|[WS]receive block notify,endpoint=127.0.0.1:20201,blk={
	"blockNumber" : 2705,
	"group" : "group0",
	"nodeName" : "2f993327933ad58672518b6d4f63920cbc68b80f78f4d81192552ee6362f5cc81ee13bdc678ad65f06e76444cadb53b33694cfb3fc7679b8000411975fedd28a"
}
info|2023-07-09 10:27:15.612560|[RPC][BLOCK][NUMBER][fromJson],group=group0,node=98a7f70ec883a722219d92253cf073a72605f4087aa3443c8e4aadc0af2dc3ac647d0fa1b5ac99cd6987abafe6d690ae71cd5fd2aeeabe7589bfb4748aabdfba,blockNumber=2706
info|2023-07-09 10:27:15.612595|[RPCWS][SERVICE][onRecvBlockNotifier]receive block number notifier,group=group0,node=98a7f70ec883a722219d92253cf073a72605f4087aa3443c8e4aadc0af2dc3ac647d0fa1b5ac99cd6987abafe6d690ae71cd5fd2aeeabe7589bfb4748aabdfba,blockNumber=2706
info|2023-07-09 10:27:15.612602|[RPCWS][SERVICE][updateGroupBlockNumber],groupID=group0,_blockNumber=2706
info|2023-07-09 10:27:15.612606|[RPCWS][SERVICE][onRecvBlockNotifier]block notifier callback,group=group0,node=98a7f70ec883a722219d92253cf073a72605f4087aa3443c8e4aadc0af2dc3ac647d0fa1b5ac99cd6987abafe6d690ae71cd5fd2aeeabe7589bfb4748aabdfba,blockNumber=2706
info|2023-07-09 10:27:15.612610|[WS]receive block notify,endpoint=127.0.0.1:20200,blk={
	"blockNumber" : 2706,
	"group" : "group0",
	"nodeName" : "98a7f70ec883a722219d92253cf073a72605f4087aa3443c8e4aadc0af2dc3ac647d0fa1b5ac99cd6987abafe6d690ae71cd5fd2aeeabe7589bfb4748aabdfba"
}
info|2023-07-09 10:27:15.669103|[RPC][BLOCK][NUMBER][fromJson],group=group0,node=2f993327933ad58672518b6d4f63920cbc68b80f78f4d81192552ee6362f5cc81ee13bdc678ad65f06e76444cadb53b33694cfb3fc7679b8000411975fedd28a,blockNumber=2706
info|2023-07-09 10:27:15.669142|[RPCWS][SERVICE][onRecvBlockNotifier]receive block number notifier,group=group0,node=2f993327933ad58672518b6d4f63920cbc68b80f78f4d81192552ee6362f5cc81ee13bdc678ad65f06e76444cadb53b33694cfb3fc7679b8000411975fedd28a,blockNumber=2706
info|2023-07-09 10:27:15.669149|[WS]receive block notify,endpoint=127.0.0.1:20201,blk={
	"blockNumber" : 2706,
	"group" : "group0",
	"nodeName" : "2f993327933ad58672518b6d4f63920cbc68b80f78f4d81192552ee6362f5cc81ee13bdc678ad65f06e76444cadb53b33694cfb3fc7679b8000411975fedd28a"
}
info|2023-07-09 10:27:16.191415|[RPC][BLOCK][NUMBER][fromJson],group=group0,node=98a7f70ec883a722219d92253cf073a72605f4087aa3443c8e4aadc0af2dc3ac647d0fa1b5ac99cd6987abafe6d690ae71cd5fd2aeeabe7589bfb4748aabdfba,blockNumber=2707
info|2023-07-09 10:27:16.191434|[RPCWS][SERVICE][onRecvBlockNotifier]receive block number notifier,group=group0,node=98a7f70ec883a722219d92253cf073a72605f4087aa3443c8e4aadc0af2dc3ac647d0fa1b5ac99cd6987abafe6d690ae71cd5fd2aeeabe7589bfb4748aabdfba,blockNumber=2707
info|2023-07-09 10:27:16.191439|[RPCWS][SERVICE][updateGroupBlockNumber],groupID=group0,_blockNumber=2707
info|2023-07-09 10:27:16.191442|[RPCWS][SERVICE][onRecvBlockNotifier]block notifier callback,group=group0,node=98a7f70ec883a722219d92253cf073a72605f4087aa3443c8e4aadc0af2dc3ac647d0fa1b5ac99cd6987abafe6d690ae71cd5fd2aeeabe7589bfb4748aabdfba,blockNumber=2707
info|2023-07-09 10:27:16.191446|[WS]receive block notify,endpoint=127.0.0.1:20200,blk={
	"blockNumber" : 2707,
	"group" : "group0",
	"nodeName" : "98a7f70ec883a722219d92253cf073a72605f4087aa3443c8e4aadc0af2dc3ac647d0fa1b5ac99cd6987abafe6d690ae71cd5fd2aeeabe7589bfb4748aabdfba"
}
info|2023-07-09 10:27:16.215423|[RPC][BLOCK][NUMBER][fromJson],group=group0,node=2f993327933ad58672518b6d4f63920cbc68b80f78f4d81192552ee6362f5cc81ee13bdc678ad65f06e76444cadb53b33694cfb3fc7679b8000411975fedd28a,blockNumber=2707
info|2023-07-09 10:27:16.215444|[RPCWS][SERVICE][onRecvBlockNotifier]receive block number notifier,group=group0,node=2f993327933ad58672518b6d4f63920cbc68b80f78f4d81192552ee6362f5cc81ee13bdc678ad65f06e76444cadb53b33694cfb3fc7679b8000411975fedd28a,blockNumber=2707
info|2023-07-09 10:27:16.215450|[WS]receive block notify,endpoint=127.0.0.1:20201,blk={
	"blockNumber" : 2707,
	"group" : "group0",
	"nodeName" : "2f993327933ad58672518b6d4f63920cbc68b80f78f4d81192552ee6362f5cc81ee13bdc678ad65f06e76444cadb53b33694cfb3fc7679b8000411975fedd28a"
}
info|2023-07-09 10:27:16.706951|[RPC][BLOCK][NUMBER][fromJson],group=group0,node=98a7f70ec883a722219d92253cf073a72605f4087aa3443c8e4aadc0af2dc3ac647d0fa1b5ac99cd6987abafe6d690ae71cd5fd2aeeabe7589bfb4748aabdfba,blockNumber=2708
info|2023-07-09 10:27:16.706987|[RPCWS][SERVICE][onRecvBlockNotifier]receive block number notifier,group=group0,node=98a7f70ec883a722219d92253cf073a72605f4087aa3443c8e4aadc0af2dc3ac647d0fa1b5ac99cd6987abafe6d690ae71cd5fd2aeeabe7589bfb4748aabdfba,blockNumber=2708
info|2023-07-09 10:27:16.706994|[RPCWS][SERVICE][updateGroupBlockNumber],groupID=group0,_blockNumber=2708
info|2023-07-09 10:27:16.706998|[RPCWS][SERVICE][onRecvBlockNotifier]block notifier callback,group=group0,node=98a7f70ec883a722219d92253cf073a72605f4087aa3443c8e4aadc0af2dc3ac647d0fa1b5ac99cd6987abafe6d690ae71cd5fd2aeeabe7589bfb4748aabdfba,blockNumber=2708
info|2023-07-09 10:27:16.707001|[WS]receive block notify,endpoint=127.0.0.1:20200,blk={
	"blockNumber" : 2708,
	"group" : "group0",
	"nodeName" : "98a7f70ec883a722219d92253cf073a72605f4087aa3443c8e4aadc0af2dc3ac647d0fa1b5ac99cd6987abafe6d690ae71cd5fd2aeeabe7589bfb4748aabdfba"
}
info|2023-07-09 10:27:16.733367|[RPC][BLOCK][NUMBER][fromJson],group=group0,node=2f993327933ad58672518b6d4f63920cbc68b80f78f4d81192552ee6362f5cc81ee13bdc678ad65f06e76444cadb53b33694cfb3fc7679b8000411975fedd28a,blockNumber=2708
info|2023-07-09 10:27:16.733404|[RPCWS][SERVICE][onRecvBlockNotifier]receive block number notifier,group=group0,node=2f993327933ad58672518b6d4f63920cbc68b80f78f4d81192552ee6362f5cc81ee13bdc678ad65f06e76444cadb53b33694cfb3fc7679b8000411975fedd28a,blockNumber=2708
info|2023-07-09 10:27:16.733411|[WS]receive block notify,endpoint=127.0.0.1:20201,blk={
	"blockNumber" : 2708,
	"group" : "group0",
	"nodeName" : "2f993327933ad58672518b6d4f63920cbc68b80f78f4d81192552ee6362f5cc81ee13bdc678ad65f06e76444cadb53b33694cfb3fc7679b8000411975fedd28a"
}
info|2023-07-09 10:27:17.255826|[RPC][BLOCK][NUMBER][fromJson],group=group0,node=98a7f70ec883a722219d92253cf073a72605f4087aa3443c8e4aadc0af2dc3ac647d0fa1b5ac99cd6987abafe6d690ae71cd5fd2aeeabe7589bfb4748aabdfba,blockNumber=2709
info|2023-07-09 10:27:17.255845|[RPCWS][SERVICE][onRecvBlockNotifier]receive block number notifier,group=group0,node=98a7f70ec883a722219d92253cf073a72605f4087aa3443c8e4aadc0af2dc3ac647d0fa1b5ac99cd6987abafe6d690ae71cd5fd2aeeabe7589bfb4748aabdfba,blockNumber=2709
info|2023-07-09 10:27:17.255850|[RPCWS][SERVICE][updateGroupBlockNumber],groupID=group0,_blockNumber=2709
info|2023-07-09 10:27:17.255854|[RPCWS][SERVICE][onRecvBlockNotifier]block notifier callback,group=group0,node=98a7f70ec883a722219d92253cf073a72605f4087aa3443c8e4aadc0af2dc3ac647d0fa1b5ac99cd6987abafe6d690ae71cd5fd2aeeabe7589bfb4748aabdfba,blockNumber=2709
info|2023-07-09 10:27:17.255858|[WS]receive block notify,endpoint=127.0.0.1:20200,blk={
	"blockNumber" : 2709,
	"group" : "group0",
	"nodeName" : "98a7f70ec883a722219d92253cf073a72605f4087aa3443c8e4aadc0af2dc3ac647d0fa1b5ac99cd6987abafe6d690ae71cd5fd2aeeabe7589bfb4748aabdfba"
}
info|2023-07-09 10:27:17.380481|[RPC][BLOCK][NUMBER][fromJson],group=group0,node=2f993327933ad58672518b6d4f63920cbc68b80f78f4d81192552ee6362f5cc81ee13bdc678ad65f06e76444cadb53b33694cfb3fc7679b8000411975fedd28a,blockNumber=2709
info|2023-07-09 10:27:17.380502|[RPCWS][SERVICE][onRecvBlockNotifier]receive block number notifier,group=group0,node=2f993327933ad58672518b6d4f63920cbc68b80f78f4d81192552ee6362f5cc81ee13bdc678ad65f06e76444cadb53b33694cfb3fc7679b8000411975fedd28a,blockNumber=2709
info|2023-07-09 10:27:17.380508|[WS]receive block notify,endpoint=127.0.0.1:20201,blk={
	"blockNumber" : 2709,
	"group" : "group0",
	"nodeName" : "2f993327933ad58672518b6d4f63920cbc68b80f78f4d81192552ee6362f5cc81ee13bdc678ad65f06e76444cadb53b33694cfb3fc7679b8000411975fedd28a"
}
info|2023-07-09 10:27:17.934920|[RPC][BLOCK][NUMBER][fromJson],group=group0,node=98a7f70ec883a722219d92253cf073a72605f4087aa3443c8e4aadc0af2dc3ac647d0fa1b5ac99cd6987abafe6d690ae71cd5fd2aeeabe7589bfb4748aabdfba,blockNumber=2710
info|2023-07-09 10:27:17.934958|[RPCWS][SERVICE][onRecvBlockNotifier]receive block number notifier,group=group0,node=98a7f70ec883a722219d92253cf073a72605f4087aa3443c8e4aadc0af2dc3ac647d0fa1b5ac99cd6987abafe6d690ae71cd5fd2aeeabe7589bfb4748aabdfba,blockNumber=2710
info|2023-07-09 10:27:17.934965|[RPCWS][SERVICE][updateGroupBlockNumber],groupID=group0,_blockNumber=2710
info|2023-07-09 10:27:17.934969|[RPCWS][SERVICE][onRecvBlockNotifier]block notifier callback,group=group0,node=98a7f70ec883a722219d92253cf073a72605f4087aa3443c8e4aadc0af2dc3ac647d0fa1b5ac99cd6987abafe6d690ae71cd5fd2aeeabe7589bfb4748aabdfba,blockNumber=2710
info|2023-07-09 10:27:17.934972|[WS]receive block notify,endpoint=127.0.0.1:20200,blk={
	"blockNumber" : 2710,
	"group" : "group0",
	"nodeName" : "98a7f70ec883a722219d92253cf073a72605f4087aa3443c8e4aadc0af2dc3ac647d0fa1b5ac99cd6987abafe6d690ae71cd5fd2aeeabe7589bfb4748aabdfba"
}
info|2023-07-09 10:27:18.004787|[RPC][BLOCK][NUMBER][fromJson],group=group0,node=2f993327933ad58672518b6d4f63920cbc68b80f78f4d81192552ee6362f5cc81ee13bdc678ad65f06e76444cadb53b33694cfb3fc7679b8000411975fedd28a,blockNumber=2710
info|2023-07-09 10:27:18.004809|[RPCWS][SERVICE][onRecvBlockNotifier]receive block number notifier,group=group0,node=2f993327933ad58672518b6d4f63920cbc68b80f78f4d81192552ee6362f5cc81ee13bdc678ad65f06e76444cadb53b33694cfb3fc7679b8000411975fedd28a,blockNumber=2710
info|2023-07-09 10:27:18.004816|[WS]receive block notify,endpoint=127.0.0.1:20201,blk={
	"blockNumber" : 2710,
	"group" : "group0",
	"nodeName" : "2f993327933ad58672518b6d4f63920cbc68b80f78f4d81192552ee6362f5cc81ee13bdc678ad65f06e76444cadb53b33694cfb3fc7679b8000411975fedd28a"
}
info|2023-07-09 10:27:18.486763|[RPC][BLOCK][NUMBER][fromJson],group=group0,node=98a7f70ec883a722219d92253cf073a72605f4087aa3443c8e4aadc0af2dc3ac647d0fa1b5ac99cd6987abafe6d690ae71cd5fd2aeeabe7589bfb4748aabdfba,blockNumber=2711
info|2023-07-09 10:27:18.486782|[RPCWS][SERVICE][onRecvBlockNotifier]receive block number notifier,group=group0,node=98a7f70ec883a722219d92253cf073a72605f4087aa3443c8e4aadc0af2dc3ac647d0fa1b5ac99cd6987abafe6d690ae71cd5fd2aeeabe7589bfb4748aabdfba,blockNumber=2711
info|2023-07-09 10:27:18.486787|[RPCWS][SERVICE][updateGroupBlockNumber],groupID=group0,_blockNumber=2711
info|2023-07-09 10:27:18.486791|[RPCWS][SERVICE][onRecvBlockNotifier]block notifier callback,group=group0,node=98a7f70ec883a722219d92253cf073a72605f4087aa3443c8e4aadc0af2dc3ac647d0fa1b5ac99cd6987abafe6d690ae71cd5fd2aeeabe7589bfb4748aabdfba,blockNumber=2711
info|2023-07-09 10:27:18.486795|[WS]receive block notify,endpoint=127.0.0.1:20200,blk={
	"blockNumber" : 2711,
	"group" : "group0",
	"nodeName" : "98a7f70ec883a722219d92253cf073a72605f4087aa3443c8e4aadc0af2dc3ac647d0fa1b5ac99cd6987abafe6d690ae71cd5fd2aeeabe7589bfb4748aabdfba"
}
info|2023-07-09 10:27:18.506335|[RPC][BLOCK][NUMBER][fromJson],group=group0,node=2f993327933ad58672518b6d4f63920cbc68b80f78f4d81192552ee6362f5cc81ee13bdc678ad65f06e76444cadb53b33694cfb3fc7679b8000411975fedd28a,blockNumber=2711
info|2023-07-09 10:27:18.506354|[RPCWS][SERVICE][onRecvBlockNotifier]receive block number notifier,group=group0,node=2f993327933ad58672518b6d4f63920cbc68b80f78f4d81192552ee6362f5cc81ee13bdc678ad65f06e76444cadb53b33694cfb3fc7679b8000411975fedd28a,blockNumber=2711
info|2023-07-09 10:27:18.506361|[WS]receive block notify,endpoint=127.0.0.1:20201,blk={
	"blockNumber" : 2711,
	"group" : "group0",
	"nodeName" : "2f993327933ad58672518b6d4f63920cbc68b80f78f4d81192552ee6362f5cc81ee13bdc678ad65f06e76444cadb53b33694cfb3fc7679b8000411975fedd28a"
}
info|2023-07-09 10:27:19.007385|[RPC][BLOCK][NUMBER][fromJson],group=group0,node=98a7f70ec883a722219d92253cf073a72605f4087aa3443c8e4aadc0af2dc3ac647d0fa1b5ac99cd6987abafe6d690ae71cd5fd2aeeabe7589bfb4748aabdfba,blockNumber=2712
info|2023-07-09 10:27:19.007409|[RPCWS][SERVICE][onRecvBlockNotifier]receive block number notifier,group=group0,node=98a7f70ec883a722219d92253cf073a72605f4087aa3443c8e4aadc0af2dc3ac647d0fa1b5ac99cd6987abafe6d690ae71cd5fd2aeeabe7589bfb4748aabdfba,blockNumber=2712
info|2023-07-09 10:27:19.007415|[RPCWS][SERVICE][updateGroupBlockNumber],groupID=group0,_blockNumber=2712
info|2023-07-09 10:27:19.007419|[RPCWS][SERVICE][onRecvBlockNotifier]block notifier callback,group=group0,node=98a7f70ec883a722219d92253cf073a72605f4087aa3443c8e4aadc0af2dc3ac647d0fa1b5ac99cd6987abafe6d690ae71cd5fd2aeeabe7589bfb4748aabdfba,blockNumber=2712
info|2023-07-09 10:27:19.007422|[WS]receive block notify,endpoint=127.0.0.1:20200,blk={
	"blockNumber" : 2712,
	"group" : "group0",
	"nodeName" : "98a7f70ec883a722219d92253cf073a72605f4087aa3443c8e4aadc0af2dc3ac647d0fa1b5ac99cd6987abafe6d690ae71cd5fd2aeeabe7589bfb4748aabdfba"
}
info|2023-07-09 10:27:19.118988|[RPC][BLOCK][NUMBER][fromJson],group=group0,node=2f993327933ad58672518b6d4f63920cbc68b80f78f4d81192552ee6362f5cc81ee13bdc678ad65f06e76444cadb53b33694cfb3fc7679b8000411975fedd28a,blockNumber=2712
info|2023-07-09 10:27:19.119010|[RPCWS][SERVICE][onRecvBlockNotifier]receive block number notifier,group=group0,node=2f993327933ad58672518b6d4f63920cbc68b80f78f4d81192552ee6362f5cc81ee13bdc678ad65f06e76444cadb53b33694cfb3fc7679b8000411975fedd28a,blockNumber=2712
info|2023-07-09 10:27:19.119017|[WS]receive block notify,endpoint=127.0.0.1:20201,blk={
	"blockNumber" : 2712,
	"group" : "group0",
	"nodeName" : "2f993327933ad58672518b6d4f63920cbc68b80f78f4d81192552ee6362f5cc81ee13bdc678ad65f06e76444cadb53b33694cfb3fc7679b8000411975fedd28a"
}
info|2023-07-09 10:27:19.593509|[RPC][BLOCK][NUMBER][fromJson],group=group0,node=98a7f70ec883a722219d92253cf073a72605f4087aa3443c8e4aadc0af2dc3ac647d0fa1b5ac99cd6987abafe6d690ae71cd5fd2aeeabe7589bfb4748aabdfba,blockNumber=2713
info|2023-07-09 10:27:19.593551|[RPCWS][SERVICE][onRecvBlockNotifier]receive block number notifier,group=group0,node=98a7f70ec883a722219d92253cf073a72605f4087aa3443c8e4aadc0af2dc3ac647d0fa1b5ac99cd6987abafe6d690ae71cd5fd2aeeabe7589bfb4748aabdfba,blockNumber=2713
info|2023-07-09 10:27:19.593558|[RPCWS][SERVICE][updateGroupBlockNumber],groupID=group0,_blockNumber=2713
info|2023-07-09 10:27:19.593562|[RPCWS][SERVICE][onRecvBlockNotifier]block notifier callback,group=group0,node=98a7f70ec883a722219d92253cf073a72605f4087aa3443c8e4aadc0af2dc3ac647d0fa1b5ac99cd6987abafe6d690ae71cd5fd2aeeabe7589bfb4748aabdfba,blockNumber=2713
info|2023-07-09 10:27:19.593566|[WS]receive block notify,endpoint=127.0.0.1:20200,blk={
	"blockNumber" : 2713,
	"group" : "group0",
	"nodeName" : "98a7f70ec883a722219d92253cf073a72605f4087aa3443c8e4aadc0af2dc3ac647d0fa1b5ac99cd6987abafe6d690ae71cd5fd2aeeabe7589bfb4748aabdfba"
}
info|2023-07-09 10:27:19.610714|[RPC][BLOCK][NUMBER][fromJson],group=group0,node=2f993327933ad58672518b6d4f63920cbc68b80f78f4d81192552ee6362f5cc81ee13bdc678ad65f06e76444cadb53b33694cfb3fc7679b8000411975fedd28a,blockNumber=2713
info|2023-07-09 10:27:19.610748|[RPCWS][SERVICE][onRecvBlockNotifier]receive block number notifier,group=group0,node=2f993327933ad58672518b6d4f63920cbc68b80f78f4d81192552ee6362f5cc81ee13bdc678ad65f06e76444cadb53b33694cfb3fc7679b8000411975fedd28a,blockNumber=2713
info|2023-07-09 10:27:19.610757|[WS]receive block notify,endpoint=127.0.0.1:20201,blk={
	"blockNumber" : 2713,
	"group" : "group0",
	"nodeName" : "2f993327933ad58672518b6d4f63920cbc68b80f78f4d81192552ee6362f5cc81ee13bdc678ad65f06e76444cadb53b33694cfb3fc7679b8000411975fedd28a"
}
info|2023-07-09 10:27:20.148441|[RPC][BLOCK][NUMBER][fromJson],group=group0,node=98a7f70ec883a722219d92253cf073a72605f4087aa3443c8e4aadc0af2dc3ac647d0fa1b5ac99cd6987abafe6d690ae71cd5fd2aeeabe7589bfb4748aabdfba,blockNumber=2714
info|2023-07-09 10:27:20.148468|[RPCWS][SERVICE][onRecvBlockNotifier]receive block number notifier,group=group0,node=98a7f70ec883a722219d92253cf073a72605f4087aa3443c8e4aadc0af2dc3ac647d0fa1b5ac99cd6987abafe6d690ae71cd5fd2aeeabe7589bfb4748aabdfba,blockNumber=2714
info|2023-07-09 10:27:20.148475|[RPCWS][SERVICE][updateGroupBlockNumber],groupID=group0,_blockNumber=2714
info|2023-07-09 10:27:20.148480|[RPCWS][SERVICE][onRecvBlockNotifier]block notifier callback,group=group0,node=98a7f70ec883a722219d92253cf073a72605f4087aa3443c8e4aadc0af2dc3ac647d0fa1b5ac99cd6987abafe6d690ae71cd5fd2aeeabe7589bfb4748aabdfba,blockNumber=2714
info|2023-07-09 10:27:20.148484|[WS]receive block notify,endpoint=127.0.0.1:20200,blk={
	"blockNumber" : 2714,
	"group" : "group0",
	"nodeName" : "98a7f70ec883a722219d92253cf073a72605f4087aa3443c8e4aadc0af2dc3ac647d0fa1b5ac99cd6987abafe6d690ae71cd5fd2aeeabe7589bfb4748aabdfba"
}
info|2023-07-09 10:27:20.227189|[RPC][BLOCK][NUMBER][fromJson],group=group0,node=2f993327933ad58672518b6d4f63920cbc68b80f78f4d81192552ee6362f5cc81ee13bdc678ad65f06e76444cadb53b33694cfb3fc7679b8000411975fedd28a,blockNumber=2714
info|2023-07-09 10:27:20.227254|[RPCWS][SERVICE][onRecvBlockNotifier]receive block number notifier,group=group0,node=2f993327933ad58672518b6d4f63920cbc68b80f78f4d81192552ee6362f5cc81ee13bdc678ad65f06e76444cadb53b33694cfb3fc7679b8000411975fedd28a,blockNumber=2714
info|2023-07-09 10:27:20.227276|[WS]receive block notify,endpoint=127.0.0.1:20201,blk={
	"blockNumber" : 2714,
	"group" : "group0",
	"nodeName" : "2f993327933ad58672518b6d4f63920cbc68b80f78f4d81192552ee6362f5cc81ee13bdc678ad65f06e76444cadb53b33694cfb3fc7679b8000411975fedd28a"
}
info|2023-07-09 10:27:20.704494|[RPC][BLOCK][NUMBER][fromJson],group=group0,node=98a7f70ec883a722219d92253cf073a72605f4087aa3443c8e4aadc0af2dc3ac647d0fa1b5ac99cd6987abafe6d690ae71cd5fd2aeeabe7589bfb4748aabdfba,blockNumber=2715
info|2023-07-09 10:27:20.704533|[RPCWS][SERVICE][onRecvBlockNotifier]receive block number notifier,group=group0,node=98a7f70ec883a722219d92253cf073a72605f4087aa3443c8e4aadc0af2dc3ac647d0fa1b5ac99cd6987abafe6d690ae71cd5fd2aeeabe7589bfb4748aabdfba,blockNumber=2715
info|2023-07-09 10:27:20.704539|[RPCWS][SERVICE][updateGroupBlockNumber],groupID=group0,_blockNumber=2715
info|2023-07-09 10:27:20.704543|[RPCWS][SERVICE][onRecvBlockNotifier]block notifier callback,group=group0,node=98a7f70ec883a722219d92253cf073a72605f4087aa3443c8e4aadc0af2dc3ac647d0fa1b5ac99cd6987abafe6d690ae71cd5fd2aeeabe7589bfb4748aabdfba,blockNumber=2715
info|2023-07-09 10:27:20.704566|[WS]receive block notify,endpoint=127.0.0.1:20200,blk={
	"blockNumber" : 2715,
	"group" : "group0",
	"nodeName" : "98a7f70ec883a722219d92253cf073a72605f4087aa3443c8e4aadc0af2dc3ac647d0fa1b5ac99cd6987abafe6d690ae71cd5fd2aeeabe7589bfb4748aabdfba"
}
info|2023-07-09 10:27:20.709618|[RPC][BLOCK][NUMBER][fromJson],group=group0,node=2f993327933ad58672518b6d4f63920cbc68b80f78f4d81192552ee6362f5cc81ee13bdc678ad65f06e76444cadb53b33694cfb3fc7679b8000411975fedd28a,blockNumber=2715
info|2023-07-09 10:27:20.709725|[RPCWS][SERVICE][onRecvBlockNotifier]receive block number notifier,group=group0,node=2f993327933ad58672518b6d4f63920cbc68b80f78f4d81192552ee6362f5cc81ee13bdc678ad65f06e76444cadb53b33694cfb3fc7679b8000411975fedd28a,blockNumber=2715
info|2023-07-09 10:27:20.709737|[WS]receive block notify,endpoint=127.0.0.1:20201,blk={
	"blockNumber" : 2715,
	"group" : "group0",
	"nodeName" : "2f993327933ad58672518b6d4f63920cbc68b80f78f4d81192552ee6362f5cc81ee13bdc678ad65f06e76444cadb53b33694cfb3fc7679b8000411975fedd28a"
}
info|2023-07-09 10:27:21.211933|[RPC][BLOCK][NUMBER][fromJson],group=group0,node=98a7f70ec883a722219d92253cf073a72605f4087aa3443c8e4aadc0af2dc3ac647d0fa1b5ac99cd6987abafe6d690ae71cd5fd2aeeabe7589bfb4748aabdfba,blockNumber=2716
info|2023-07-09 10:27:21.211960|[RPCWS][SERVICE][onRecvBlockNotifier]receive block number notifier,group=group0,node=98a7f70ec883a722219d92253cf073a72605f4087aa3443c8e4aadc0af2dc3ac647d0fa1b5ac99cd6987abafe6d690ae71cd5fd2aeeabe7589bfb4748aabdfba,blockNumber=2716
info|2023-07-09 10:27:21.211966|[RPCWS][SERVICE][updateGroupBlockNumber],groupID=group0,_blockNumber=2716
info|2023-07-09 10:27:21.211971|[RPCWS][SERVICE][onRecvBlockNotifier]block notifier callback,group=group0,node=98a7f70ec883a722219d92253cf073a72605f4087aa3443c8e4aadc0af2dc3ac647d0fa1b5ac99cd6987abafe6d690ae71cd5fd2aeeabe7589bfb4748aabdfba,blockNumber=2716
info|2023-07-09 10:27:21.211974|[WS]receive block notify,endpoint=127.0.0.1:20200,blk={
	"blockNumber" : 2716,
	"group" : "group0",
	"nodeName" : "98a7f70ec883a722219d92253cf073a72605f4087aa3443c8e4aadc0af2dc3ac647d0fa1b5ac99cd6987abafe6d690ae71cd5fd2aeeabe7589bfb4748aabdfba"
}
info|2023-07-09 10:27:21.244316|[RPC][BLOCK][NUMBER][fromJson],group=group0,node=2f993327933ad58672518b6d4f63920cbc68b80f78f4d81192552ee6362f5cc81ee13bdc678ad65f06e76444cadb53b33694cfb3fc7679b8000411975fedd28a,blockNumber=2716
info|2023-07-09 10:27:21.244336|[RPCWS][SERVICE][onRecvBlockNotifier]receive block number notifier,group=group0,node=2f993327933ad58672518b6d4f63920cbc68b80f78f4d81192552ee6362f5cc81ee13bdc678ad65f06e76444cadb53b33694cfb3fc7679b8000411975fedd28a,blockNumber=2716
info|2023-07-09 10:27:21.244343|[WS]receive block notify,endpoint=127.0.0.1:20201,blk={
	"blockNumber" : 2716,
	"group" : "group0",
	"nodeName" : "2f993327933ad58672518b6d4f63920cbc68b80f78f4d81192552ee6362f5cc81ee13bdc678ad65f06e76444cadb53b33694cfb3fc7679b8000411975fedd28a"
}
info|2023-07-09 10:27:21.796296|[RPC][BLOCK][NUMBER][fromJson],group=group0,node=98a7f70ec883a722219d92253cf073a72605f4087aa3443c8e4aadc0af2dc3ac647d0fa1b5ac99cd6987abafe6d690ae71cd5fd2aeeabe7589bfb4748aabdfba,blockNumber=2717
info|2023-07-09 10:27:21.796330|[RPCWS][SERVICE][onRecvBlockNotifier]receive block number notifier,group=group0,node=98a7f70ec883a722219d92253cf073a72605f4087aa3443c8e4aadc0af2dc3ac647d0fa1b5ac99cd6987abafe6d690ae71cd5fd2aeeabe7589bfb4748aabdfba,blockNumber=2717
info|2023-07-09 10:27:21.796337|[RPCWS][SERVICE][updateGroupBlockNumber],groupID=group0,_blockNumber=2717
info|2023-07-09 10:27:21.796341|[RPCWS][SERVICE][onRecvBlockNotifier]block notifier callback,group=group0,node=98a7f70ec883a722219d92253cf073a72605f4087aa3443c8e4aadc0af2dc3ac647d0fa1b5ac99cd6987abafe6d690ae71cd5fd2aeeabe7589bfb4748aabdfba,blockNumber=2717
info|2023-07-09 10:27:21.796345|[WS]receive block notify,endpoint=127.0.0.1:20200,blk={
	"blockNumber" : 2717,
	"group" : "group0",
	"nodeName" : "98a7f70ec883a722219d92253cf073a72605f4087aa3443c8e4aadc0af2dc3ac647d0fa1b5ac99cd6987abafe6d690ae71cd5fd2aeeabe7589bfb4748aabdfba"
}
info|2023-07-09 10:27:21.835845|[RPC][BLOCK][NUMBER][fromJson],group=group0,node=2f993327933ad58672518b6d4f63920cbc68b80f78f4d81192552ee6362f5cc81ee13bdc678ad65f06e76444cadb53b33694cfb3fc7679b8000411975fedd28a,blockNumber=2717
info|2023-07-09 10:27:21.835880|[RPCWS][SERVICE][onRecvBlockNotifier]receive block number notifier,group=group0,node=2f993327933ad58672518b6d4f63920cbc68b80f78f4d81192552ee6362f5cc81ee13bdc678ad65f06e76444cadb53b33694cfb3fc7679b8000411975fedd28a,blockNumber=2717
info|2023-07-09 10:27:21.835889|[WS]receive block notify,endpoint=127.0.0.1:20201,blk={
	"blockNumber" : 2717,
	"group" : "group0",
	"nodeName" : "2f993327933ad58672518b6d4f63920cbc68b80f78f4d81192552ee6362f5cc81ee13bdc678ad65f06e76444cadb53b33694cfb3fc7679b8000411975fedd28a"
}
info|2023-07-09 10:27:22.385209|[RPC][BLOCK][NUMBER][fromJson],group=group0,node=98a7f70ec883a722219d92253cf073a72605f4087aa3443c8e4aadc0af2dc3ac647d0fa1b5ac99cd6987abafe6d690ae71cd5fd2aeeabe7589bfb4748aabdfba,blockNumber=2718
info|2023-07-09 10:27:22.385256|[RPCWS][SERVICE][onRecvBlockNotifier]receive block number notifier,group=group0,node=98a7f70ec883a722219d92253cf073a72605f4087aa3443c8e4aadc0af2dc3ac647d0fa1b5ac99cd6987abafe6d690ae71cd5fd2aeeabe7589bfb4748aabdfba,blockNumber=2718
info|2023-07-09 10:27:22.385262|[RPCWS][SERVICE][updateGroupBlockNumber],groupID=group0,_blockNumber=2718
info|2023-07-09 10:27:22.385266|[RPCWS][SERVICE][onRecvBlockNotifier]block notifier callback,group=group0,node=98a7f70ec883a722219d92253cf073a72605f4087aa3443c8e4aadc0af2dc3ac647d0fa1b5ac99cd6987abafe6d690ae71cd5fd2aeeabe7589bfb4748aabdfba,blockNumber=2718
info|2023-07-09 10:27:22.385270|[WS]receive block notify,endpoint=127.0.0.1:20200,blk={
	"blockNumber" : 2718,
	"group" : "group0",
	"nodeName" : "98a7f70ec883a722219d92253cf073a72605f4087aa3443c8e4aadc0af2dc3ac647d0fa1b5ac99cd6987abafe6d690ae71cd5fd2aeeabe7589bfb4748aabdfba"
}
info|2023-07-09 10:27:22.426495|[RPC][BLOCK][NUMBER][fromJson],group=group0,node=2f993327933ad58672518b6d4f63920cbc68b80f78f4d81192552ee6362f5cc81ee13bdc678ad65f06e76444cadb53b33694cfb3fc7679b8000411975fedd28a,blockNumber=2718
info|2023-07-09 10:27:22.426552|[RPCWS][SERVICE][onRecvBlockNotifier]receive block number notifier,group=group0,node=2f993327933ad58672518b6d4f63920cbc68b80f78f4d81192552ee6362f5cc81ee13bdc678ad65f06e76444cadb53b33694cfb3fc7679b8000411975fedd28a,blockNumber=2718
info|2023-07-09 10:27:22.426560|[WS]receive block notify,endpoint=127.0.0.1:20201,blk={
	"blockNumber" : 2718,
	"group" : "group0",
	"nodeName" : "2f993327933ad58672518b6d4f63920cbc68b80f78f4d81192552ee6362f5cc81ee13bdc678ad65f06e76444cadb53b33694cfb3fc7679b8000411975fedd28a"
}
info|2023-07-09 10:27:32.799195|[EVENT][SUB][doLoop]event sub tasks report,working event sub count=0,suspend event sub count=0
info|2023-07-09 10:27:32.900401|[SDK][WS][SERVICE]connected nodes,count=2
info|2023-07-09 10:27:52.799389|[EVENT][SUB][doLoop]event sub tasks report,working event sub count=0,suspend event sub count=0
info|2023-07-09 10:27:52.900976|[SDK][WS][SERVICE]connected nodes,count=2
info|2023-07-09 10:28:12.799570|[EVENT][SUB][doLoop]event sub tasks report,working event sub count=0,suspend event sub count=0
info|2023-07-09 10:28:12.901509|[SDK][WS][SERVICE]connected nodes,count=2
info|2023-07-09 10:28:32.800235|[EVENT][SUB][doLoop]event sub tasks report,working event sub count=0,suspend event sub count=0
info|2023-07-09 10:28:32.901606|[SDK][WS][SERVICE]connected nodes,count=2
info|2023-07-09 10:28:52.800362|[EVENT][SUB][doLoop]event sub tasks report,working event sub count=0,suspend event sub count=0
info|2023-07-09 10:28:52.901965|[SDK][WS][SERVICE]connected nodes,count=2
info|2023-07-09 10:29:12.800926|[EVENT][SUB][doLoop]event sub tasks report,working event sub count=0,suspend event sub count=0
info|2023-07-09 10:29:12.902602|[SDK][WS][SERVICE]connected nodes,count=2
info|2023-07-09 10:29:32.801725|[EVENT][SUB][doLoop]event sub tasks report,working event sub count=0,suspend event sub count=0
info|2023-07-09 10:29:32.902792|[SDK][WS][SERVICE]connected nodes,count=2
info|2023-07-09 10:29:52.801809|[EVENT][SUB][doLoop]event sub tasks report,working event sub count=0,suspend event sub count=0
info|2023-07-09 10:29:52.903255|[SDK][WS][SERVICE]connected nodes,count=2
info|2023-07-09 10:30:12.802286|[EVENT][SUB][doLoop]event sub tasks report,working event sub count=0,suspend event sub count=0
info|2023-07-09 10:30:12.903596|[SDK][WS][SERVICE]connected nodes,count=2
info|2023-07-09 10:30:32.802410|[EVENT][SUB][doLoop]event sub tasks report,working event sub count=0,suspend event sub count=0
info|2023-07-09 10:30:32.904087|[SDK][WS][SERVICE]connected nodes,count=2
info|2023-07-09 10:30:52.802691|[EVENT][SUB][doLoop]event sub tasks report,working event sub count=0,suspend event sub count=0
info|2023-07-09 10:30:52.904308|[SDK][WS][SERVICE]connected nodes,count=2
info|2023-07-09 10:31:12.803199|[EVENT][SUB][doLoop]event sub tasks report,working event sub count=0,suspend event sub count=0
info|2023-07-09 10:31:12.904862|[SDK][WS][SERVICE]connected nodes,count=2
info|2023-07-09 10:31:32.803495|[EVENT][SUB][doLoop]event sub tasks report,working event sub count=0,suspend event sub count=0
info|2023-07-09 10:31:32.905410|[SDK][WS][SERVICE]connected nodes,count=2
info|2023-07-09 10:31:52.804095|[EVENT][SUB][doLoop]event sub tasks report,working event sub count=0,suspend event sub count=0
info|2023-07-09 10:31:52.905935|[SDK][WS][SERVICE]connected nodes,count=2
info|2023-07-09 10:32:12.804887|[EVENT][SUB][doLoop]event sub tasks report,working event sub count=0,suspend event sub count=0
info|2023-07-09 10:32:12.906429|[SDK][WS][SERVICE]connected nodes,count=2
info|2023-07-09 10:32:32.805463|[EVENT][SUB][doLoop]event sub tasks report,working event sub count=0,suspend event sub count=0
info|2023-07-09 10:32:32.907588|[SDK][WS][SERVICE]connected nodes,count=2
info|2023-07-09 10:32:52.806160|[EVENT][SUB][doLoop]event sub tasks report,working event sub count=0,suspend event sub count=0
info|2023-07-09 10:32:52.908140|[SDK][WS][SERVICE]connected nodes,count=2
info|2023-07-09 10:33:12.806454|[EVENT][SUB][doLoop]event sub tasks report,working event sub count=0,suspend event sub count=0
info|2023-07-09 10:33:12.908996|[SDK][WS][SERVICE]connected nodes,count=2
info|2023-07-09 10:33:32.806581|[EVENT][SUB][doLoop]event sub tasks report,working event sub count=0,suspend event sub count=0
info|2023-07-09 10:33:32.909690|[SDK][WS][SERVICE]connected nodes,count=2
info|2023-07-09 10:33:52.807140|[EVENT][SUB][doLoop]event sub tasks report,working event sub count=0,suspend event sub count=0
info|2023-07-09 10:33:52.910005|[SDK][WS][SERVICE]connected nodes,count=2
info|2023-07-09 10:34:12.807358|[EVENT][SUB][doLoop]event sub tasks report,working event sub count=0,suspend event sub count=0
info|2023-07-09 10:34:12.910525|[SDK][WS][SERVICE]connected nodes,count=2
info|2023-07-09 10:34:32.807875|[EVENT][SUB][doLoop]event sub tasks report,working event sub count=0,suspend event sub count=0
info|2023-07-09 10:34:32.911166|[SDK][WS][SERVICE]connected nodes,count=2
info|2023-07-09 10:34:52.807996|[EVENT][SUB][doLoop]event sub tasks report,working event sub count=0,suspend event sub count=0
info|2023-07-09 10:34:52.911330|[SDK][WS][SERVICE]connected nodes,count=2
info|2023-07-09 10:35:12.808757|[EVENT][SUB][doLoop]event sub tasks report,working event sub count=0,suspend event sub count=0
info|2023-07-09 10:35:12.911578|[SDK][WS][SERVICE]connected nodes,count=2
info|2023-07-09 10:35:32.809029|[EVENT][SUB][doLoop]event sub tasks report,working event sub count=0,suspend event sub count=0
info|2023-07-09 10:35:32.911771|[SDK][WS][SERVICE]connected nodes,count=2
info|2023-07-09 10:35:52.809496|[EVENT][SUB][doLoop]event sub tasks report,working event sub count=0,suspend event sub count=0
info|2023-07-09 10:35:52.912241|[SDK][WS][SERVICE]connected nodes,count=2
info|2023-07-09 10:36:12.809685|[EVENT][SUB][doLoop]event sub tasks report,working event sub count=0,suspend event sub count=0
info|2023-07-09 10:36:12.912441|[SDK][WS][SERVICE]connected nodes,count=2
info|2023-07-09 10:36:32.810371|[EVENT][SUB][doLoop]event sub tasks report,working event sub count=0,suspend event sub count=0
info|2023-07-09 10:36:32.912938|[SDK][WS][SERVICE]connected nodes,count=2
info|2023-07-09 10:36:52.810575|[EVENT][SUB][doLoop]event sub tasks report,working event sub count=0,suspend event sub count=0
info|2023-07-09 10:36:52.913094|[SDK][WS][SERVICE]connected nodes,count=2
info|2023-07-09 10:37:12.811023|[EVENT][SUB][doLoop]event sub tasks report,working event sub count=0,suspend event sub count=0
info|2023-07-09 10:37:12.913238|[SDK][WS][SERVICE]connected nodes,count=2
info|2023-07-09 10:37:32.811070|[EVENT][SUB][doLoop]event sub tasks report,working event sub count=0,suspend event sub count=0
info|2023-07-09 10:37:32.913940|[SDK][WS][SERVICE]connected nodes,count=2
info|2023-07-09 10:37:52.811449|[EVENT][SUB][doLoop]event sub tasks report,working event sub count=0,suspend event sub count=0
info|2023-07-09 10:37:52.914284|[SDK][WS][SERVICE]connected nodes,count=2
info|2023-07-09 10:38:12.812145|[EVENT][SUB][doLoop]event sub tasks report,working event sub count=0,suspend event sub count=0
info|2023-07-09 10:38:12.914923|[SDK][WS][SERVICE]connected nodes,count=2
info|2023-07-09 10:38:32.812501|[EVENT][SUB][doLoop]event sub tasks report,working event sub count=0,suspend event sub count=0
info|2023-07-09 10:38:32.915337|[SDK][WS][SERVICE]connected nodes,count=2
info|2023-07-09 10:38:52.812912|[EVENT][SUB][doLoop]event sub tasks report,working event sub count=0,suspend event sub count=0
info|2023-07-09 10:38:52.915671|[SDK][WS][SERVICE]connected nodes,count=2
info|2023-07-09 10:39:12.813557|[EVENT][SUB][doLoop]event sub tasks report,working event sub count=0,suspend event sub count=0
info|2023-07-09 10:39:12.915929|[SDK][WS][SERVICE]connected nodes,count=2
info|2023-07-09 10:39:32.813974|[EVENT][SUB][doLoop]event sub tasks report,working event sub count=0,suspend event sub count=0
info|2023-07-09 10:39:32.916404|[SDK][WS][SERVICE]connected nodes,count=2
info|2023-07-09 10:39:52.814208|[EVENT][SUB][doLoop]event sub tasks report,working event sub count=0,suspend event sub count=0
info|2023-07-09 10:39:52.916944|[SDK][WS][SERVICE]connected nodes,count=2
info|2023-07-09 10:40:12.814705|[EVENT][SUB][doLoop]event sub tasks report,working event sub count=0,suspend event sub count=0
info|2023-07-09 10:40:12.917118|[SDK][WS][SERVICE]connected nodes,count=2
info|2023-07-09 10:40:32.814892|[EVENT][SUB][doLoop]event sub tasks report,working event sub count=0,suspend event sub count=0
info|2023-07-09 10:40:32.917518|[SDK][WS][SERVICE]connected nodes,count=2
info|2023-07-09 10:40:52.815129|[EVENT][SUB][doLoop]event sub tasks report,working event sub count=0,suspend event sub count=0
info|2023-07-09 10:40:52.917727|[SDK][WS][SERVICE]connected nodes,count=2
info|2023-07-09 10:41:12.815638|[EVENT][SUB][doLoop]event sub tasks report,working event sub count=0,suspend event sub count=0
info|2023-07-09 10:41:12.918040|[SDK][WS][SERVICE]connected nodes,count=2
info|2023-07-09 10:41:32.816296|[EVENT][SUB][doLoop]event sub tasks report,working event sub count=0,suspend event sub count=0
info|2023-07-09 10:41:32.918421|[SDK][WS][SERVICE]connected nodes,count=2
info|2023-07-09 10:41:52.816388|[EVENT][SUB][doLoop]event sub tasks report,working event sub count=0,suspend event sub count=0
info|2023-07-09 10:41:52.918956|[SDK][WS][SERVICE]connected nodes,count=2
info|2023-07-09 10:42:12.816664|[EVENT][SUB][doLoop]event sub tasks report,working event sub count=0,suspend event sub count=0
info|2023-07-09 10:42:12.919358|[SDK][WS][SERVICE]connected nodes,count=2
info|2023-07-09 10:42:32.816748|[EVENT][SUB][doLoop]event sub tasks report,working event sub count=0,suspend event sub count=0
info|2023-07-09 10:42:32.919573|[SDK][WS][SERVICE]connected nodes,count=2
info|2023-07-09 10:42:52.817112|[EVENT][SUB][doLoop]event sub tasks report,working event sub count=0,suspend event sub count=0
info|2023-07-09 10:42:52.920477|[SDK][WS][SERVICE]connected nodes,count=2
info|2023-07-09 10:43:12.817549|[EVENT][SUB][doLoop]event sub tasks report,working event sub count=0,suspend event sub count=0
info|2023-07-09 10:43:12.921152|[SDK][WS][SERVICE]connected nodes,count=2
info|2023-07-09 10:43:32.818257|[EVENT][SUB][doLoop]event sub tasks report,working event sub count=0,suspend event sub count=0
info|2023-07-09 10:43:32.921374|[SDK][WS][SERVICE]connected nodes,count=2
info|2023-07-09 10:43:52.818383|[EVENT][SUB][doLoop]event sub tasks report,working event sub count=0,suspend event sub count=0
info|2023-07-09 10:43:52.921595|[SDK][WS][SERVICE]connected nodes,count=2
info|2023-07-09 10:44:12.819144|[EVENT][SUB][doLoop]event sub tasks report,working event sub count=0,suspend event sub count=0
info|2023-07-09 10:44:12.922170|[SDK][WS][SERVICE]connected nodes,count=2
info|2023-07-09 10:44:32.819260|[EVENT][SUB][doLoop]event sub tasks report,working event sub count=0,suspend event sub count=0
info|2023-07-09 10:44:32.922622|[SDK][WS][SERVICE]connected nodes,count=2
info|2023-07-09 10:44:52.819484|[EVENT][SUB][doLoop]event sub tasks report,working event sub count=0,suspend event sub count=0
info|2023-07-09 10:44:52.922840|[SDK][WS][SERVICE]connected nodes,count=2
info|2023-07-09 10:45:12.819583|[EVENT][SUB][doLoop]event sub tasks report,working event sub count=0,suspend event sub count=0
info|2023-07-09 10:45:12.923200|[SDK][WS][SERVICE]connected nodes,count=2
info|2023-07-09 10:45:32.819669|[EVENT][SUB][doLoop]event sub tasks report,working event sub count=0,suspend event sub count=0
info|2023-07-09 10:45:32.923430|[SDK][WS][SERVICE]connected nodes,count=2
info|2023-07-09 10:45:52.819707|[EVENT][SUB][doLoop]event sub tasks report,working event sub count=0,suspend event sub count=0
info|2023-07-09 10:45:52.923659|[SDK][WS][SERVICE]connected nodes,count=2
info|2023-07-09 10:46:12.819880|[EVENT][SUB][doLoop]event sub tasks report,working event sub count=0,suspend event sub count=0
info|2023-07-09 10:46:12.924162|[SDK][WS][SERVICE]connected nodes,count=2
info|2023-07-09 10:46:32.819930|[EVENT][SUB][doLoop]event sub tasks report,working event sub count=0,suspend event sub count=0
info|2023-07-09 10:46:32.924745|[SDK][WS][SERVICE]connected nodes,count=2
info|2023-07-09 10:46:52.820031|[EVENT][SUB][doLoop]event sub tasks report,working event sub count=0,suspend event sub count=0
info|2023-07-09 10:46:52.925091|[SDK][WS][SERVICE]connected nodes,count=2
info|2023-07-09 10:47:12.820731|[EVENT][SUB][doLoop]event sub tasks report,working event sub count=0,suspend event sub count=0
info|2023-07-09 10:47:12.925218|[SDK][WS][SERVICE]connected nodes,count=2
info|2023-07-09 10:47:32.821423|[EVENT][SUB][doLoop]event sub tasks report,working event sub count=0,suspend event sub count=0
info|2023-07-09 10:47:32.925901|[SDK][WS][SERVICE]connected nodes,count=2
info|2023-07-09 10:47:52.822093|[EVENT][SUB][doLoop]event sub tasks report,working event sub count=0,suspend event sub count=0
info|2023-07-09 10:47:52.926173|[SDK][WS][SERVICE]connected nodes,count=2
info|2023-07-09 10:48:12.822384|[EVENT][SUB][doLoop]event sub tasks report,working event sub count=0,suspend event sub count=0
info|2023-07-09 10:48:12.926833|[SDK][WS][SERVICE]connected nodes,count=2
info|2023-07-09 10:48:32.822598|[EVENT][SUB][doLoop]event sub tasks report,working event sub count=0,suspend event sub count=0
info|2023-07-09 10:48:32.926984|[SDK][WS][SERVICE]connected nodes,count=2
info|2023-07-09 10:48:52.822818|[EVENT][SUB][doLoop]event sub tasks report,working event sub count=0,suspend event sub count=0
info|2023-07-09 10:48:52.927497|[SDK][WS][SERVICE]connected nodes,count=2
info|2023-07-09 10:49:12.823359|[EVENT][SUB][doLoop]event sub tasks report,working event sub count=0,suspend event sub count=0
info|2023-07-09 10:49:12.927812|[SDK][WS][SERVICE]connected nodes,count=2
info|2023-07-09 10:49:32.824054|[EVENT][SUB][doLoop]event sub tasks report,working event sub count=0,suspend event sub count=0
info|2023-07-09 10:49:32.928596|[SDK][WS][SERVICE]connected nodes,count=2
info|2023-07-09 10:49:52.824183|[EVENT][SUB][doLoop]event sub tasks report,working event sub count=0,suspend event sub count=0
info|2023-07-09 10:49:52.928907|[SDK][WS][SERVICE]connected nodes,count=2
info|2023-07-09 10:50:12.824664|[EVENT][SUB][doLoop]event sub tasks report,working event sub count=0,suspend event sub count=0
info|2023-07-09 10:50:12.929588|[SDK][WS][SERVICE]connected nodes,count=2
info|2023-07-09 10:50:32.824974|[EVENT][SUB][doLoop]event sub tasks report,working event sub count=0,suspend event sub count=0
info|2023-07-09 10:50:32.930131|[SDK][WS][SERVICE]connected nodes,count=2
info|2023-07-09 10:50:52.825403|[EVENT][SUB][doLoop]event sub tasks report,working event sub count=0,suspend event sub count=0
info|2023-07-09 10:50:52.930399|[SDK][WS][SERVICE]connected nodes,count=2
info|2023-07-09 10:51:12.825490|[EVENT][SUB][doLoop]event sub tasks report,working event sub count=0,suspend event sub count=0
info|2023-07-09 10:51:12.930637|[SDK][WS][SERVICE]connected nodes,count=2
info|2023-07-09 10:51:32.825786|[EVENT][SUB][doLoop]event sub tasks report,working event sub count=0,suspend event sub count=0
info|2023-07-09 10:51:32.931011|[SDK][WS][SERVICE]connected nodes,count=2
info|2023-07-09 10:51:52.826194|[EVENT][SUB][doLoop]event sub tasks report,working event sub count=0,suspend event sub count=0
info|2023-07-09 10:51:52.931468|[SDK][WS][SERVICE]connected nodes,count=2
info|2023-07-09 10:52:12.826255|[EVENT][SUB][doLoop]event sub tasks report,working event sub count=0,suspend event sub count=0
info|2023-07-09 10:52:12.931713|[SDK][WS][SERVICE]connected nodes,count=2
info|2023-07-09 10:52:32.826415|[EVENT][SUB][doLoop]event sub tasks report,working event sub count=0,suspend event sub count=0
info|2023-07-09 10:52:32.932329|[SDK][WS][SERVICE]connected nodes,count=2
info|2023-07-09 10:52:52.826818|[EVENT][SUB][doLoop]event sub tasks report,working event sub count=0,suspend event sub count=0
info|2023-07-09 10:52:52.932644|[SDK][WS][SERVICE]connected nodes,count=2
info|2023-07-09 10:53:12.852874|[EVENT][SUB][doLoop]event sub tasks report,working event sub count=0,suspend event sub count=0
info|2023-07-09 10:53:12.932979|[SDK][WS][SERVICE]connected nodes,count=2
info|2023-07-09 10:53:32.881726|[EVENT][SUB][doLoop]event sub tasks report,working event sub count=0,suspend event sub count=0
info|2023-07-09 10:53:32.945796|[SDK][WS][SERVICE]connected nodes,count=2
info|2023-07-09 10:53:52.881897|[EVENT][SUB][doLoop]event sub tasks report,working event sub count=0,suspend event sub count=0
info|2023-07-09 10:53:52.946065|[SDK][WS][SERVICE]connected nodes,count=2
info|2023-07-09 10:54:12.882116|[EVENT][SUB][doLoop]event sub tasks report,working event sub count=0,suspend event sub count=0
info|2023-07-09 10:54:12.946607|[SDK][WS][SERVICE]connected nodes,count=2
info|2023-07-09 10:54:32.882730|[EVENT][SUB][doLoop]event sub tasks report,working event sub count=0,suspend event sub count=0
info|2023-07-09 10:54:32.947147|[SDK][WS][SERVICE]connected nodes,count=2
info|2023-07-09 10:54:52.884623|[EVENT][SUB][doLoop]event sub tasks report,working event sub count=0,suspend event sub count=0
info|2023-07-09 10:54:52.947742|[SDK][WS][SERVICE]connected nodes,count=2
info|2023-07-09 10:55:12.884700|[EVENT][SUB][doLoop]event sub tasks report,working event sub count=0,suspend event sub count=0
info|2023-07-09 10:55:12.947931|[SDK][WS][SERVICE]connected nodes,count=2
info|2023-07-09 10:55:32.890944|[EVENT][SUB][doLoop]event sub tasks report,working event sub count=0,suspend event sub count=0
info|2023-07-09 10:55:32.948486|[SDK][WS][SERVICE]connected nodes,count=2
info|2023-07-09 10:55:52.891445|[EVENT][SUB][doLoop]event sub tasks report,working event sub count=0,suspend event sub count=0
info|2023-07-09 10:55:52.949074|[SDK][WS][SERVICE]connected nodes,count=2
info|2023-07-09 10:56:12.892125|[EVENT][SUB][doLoop]event sub tasks report,working event sub count=0,suspend event sub count=0
info|2023-07-09 10:56:12.954123|[SDK][WS][SERVICE]connected nodes,count=2
info|2023-07-09 10:56:32.893408|[EVENT][SUB][doLoop]event sub tasks report,working event sub count=0,suspend event sub count=0
info|2023-07-09 10:56:32.954287|[SDK][WS][SERVICE]connected nodes,count=2
info|2023-07-09 10:56:52.893550|[EVENT][SUB][doLoop]event sub tasks report,working event sub count=0,suspend event sub count=0
info|2023-07-09 10:56:52.954658|[SDK][WS][SERVICE]connected nodes,count=2
info|2023-07-09 10:57:12.893835|[EVENT][SUB][doLoop]event sub tasks report,working event sub count=0,suspend event sub count=0
info|2023-07-09 10:57:12.968945|[SDK][WS][SERVICE]connected nodes,count=2
info|2023-07-09 10:57:13.905486|[RPC][BLOCK][NUMBER][fromJson],group=group0,node=98a7f70ec883a722219d92253cf073a72605f4087aa3443c8e4aadc0af2dc3ac647d0fa1b5ac99cd6987abafe6d690ae71cd5fd2aeeabe7589bfb4748aabdfba,blockNumber=2719
info|2023-07-09 10:57:13.905507|[RPCWS][SERVICE][onRecvBlockNotifier]receive block number notifier,group=group0,node=98a7f70ec883a722219d92253cf073a72605f4087aa3443c8e4aadc0af2dc3ac647d0fa1b5ac99cd6987abafe6d690ae71cd5fd2aeeabe7589bfb4748aabdfba,blockNumber=2719
info|2023-07-09 10:57:13.905512|[RPCWS][SERVICE][updateGroupBlockNumber],groupID=group0,_blockNumber=2719
info|2023-07-09 10:57:13.905535|[RPCWS][SERVICE][onRecvBlockNotifier]block notifier callback,group=group0,node=98a7f70ec883a722219d92253cf073a72605f4087aa3443c8e4aadc0af2dc3ac647d0fa1b5ac99cd6987abafe6d690ae71cd5fd2aeeabe7589bfb4748aabdfba,blockNumber=2719
info|2023-07-09 10:57:13.905539|[WS]receive block notify,endpoint=127.0.0.1:20200,blk={
	"blockNumber" : 2719,
	"group" : "group0",
	"nodeName" : "98a7f70ec883a722219d92253cf073a72605f4087aa3443c8e4aadc0af2dc3ac647d0fa1b5ac99cd6987abafe6d690ae71cd5fd2aeeabe7589bfb4748aabdfba"
}
info|2023-07-09 10:57:14.003936|[RPC][BLOCK][NUMBER][fromJson],group=group0,node=2f993327933ad58672518b6d4f63920cbc68b80f78f4d81192552ee6362f5cc81ee13bdc678ad65f06e76444cadb53b33694cfb3fc7679b8000411975fedd28a,blockNumber=2719
info|2023-07-09 10:57:14.004026|[RPCWS][SERVICE][onRecvBlockNotifier]receive block number notifier,group=group0,node=2f993327933ad58672518b6d4f63920cbc68b80f78f4d81192552ee6362f5cc81ee13bdc678ad65f06e76444cadb53b33694cfb3fc7679b8000411975fedd28a,blockNumber=2719
info|2023-07-09 10:57:14.004038|[WS]receive block notify,endpoint=127.0.0.1:20201,blk={
	"blockNumber" : 2719,
	"group" : "group0",
	"nodeName" : "2f993327933ad58672518b6d4f63920cbc68b80f78f4d81192552ee6362f5cc81ee13bdc678ad65f06e76444cadb53b33694cfb3fc7679b8000411975fedd28a"
}
info|2023-07-09 10:57:14.447537|[RPC][BLOCK][NUMBER][fromJson],group=group0,node=98a7f70ec883a722219d92253cf073a72605f4087aa3443c8e4aadc0af2dc3ac647d0fa1b5ac99cd6987abafe6d690ae71cd5fd2aeeabe7589bfb4748aabdfba,blockNumber=2720
info|2023-07-09 10:57:14.447558|[RPCWS][SERVICE][onRecvBlockNotifier]receive block number notifier,group=group0,node=98a7f70ec883a722219d92253cf073a72605f4087aa3443c8e4aadc0af2dc3ac647d0fa1b5ac99cd6987abafe6d690ae71cd5fd2aeeabe7589bfb4748aabdfba,blockNumber=2720
info|2023-07-09 10:57:14.447563|[RPCWS][SERVICE][updateGroupBlockNumber],groupID=group0,_blockNumber=2720
info|2023-07-09 10:57:14.447567|[RPCWS][SERVICE][onRecvBlockNotifier]block notifier callback,group=group0,node=98a7f70ec883a722219d92253cf073a72605f4087aa3443c8e4aadc0af2dc3ac647d0fa1b5ac99cd6987abafe6d690ae71cd5fd2aeeabe7589bfb4748aabdfba,blockNumber=2720
info|2023-07-09 10:57:14.447571|[WS]receive block notify,endpoint=127.0.0.1:20200,blk={
	"blockNumber" : 2720,
	"group" : "group0",
	"nodeName" : "98a7f70ec883a722219d92253cf073a72605f4087aa3443c8e4aadc0af2dc3ac647d0fa1b5ac99cd6987abafe6d690ae71cd5fd2aeeabe7589bfb4748aabdfba"
}
info|2023-07-09 10:57:14.458388|[RPC][BLOCK][NUMBER][fromJson],group=group0,node=2f993327933ad58672518b6d4f63920cbc68b80f78f4d81192552ee6362f5cc81ee13bdc678ad65f06e76444cadb53b33694cfb3fc7679b8000411975fedd28a,blockNumber=2720
info|2023-07-09 10:57:14.458421|[RPCWS][SERVICE][onRecvBlockNotifier]receive block number notifier,group=group0,node=2f993327933ad58672518b6d4f63920cbc68b80f78f4d81192552ee6362f5cc81ee13bdc678ad65f06e76444cadb53b33694cfb3fc7679b8000411975fedd28a,blockNumber=2720
info|2023-07-09 10:57:14.458429|[WS]receive block notify,endpoint=127.0.0.1:20201,blk={
	"blockNumber" : 2720,
	"group" : "group0",
	"nodeName" : "2f993327933ad58672518b6d4f63920cbc68b80f78f4d81192552ee6362f5cc81ee13bdc678ad65f06e76444cadb53b33694cfb3fc7679b8000411975fedd28a"
}
info|2023-07-09 10:57:15.035712|[RPC][BLOCK][NUMBER][fromJson],group=group0,node=98a7f70ec883a722219d92253cf073a72605f4087aa3443c8e4aadc0af2dc3ac647d0fa1b5ac99cd6987abafe6d690ae71cd5fd2aeeabe7589bfb4748aabdfba,blockNumber=2721
info|2023-07-09 10:57:15.035744|[RPCWS][SERVICE][onRecvBlockNotifier]receive block number notifier,group=group0,node=98a7f70ec883a722219d92253cf073a72605f4087aa3443c8e4aadc0af2dc3ac647d0fa1b5ac99cd6987abafe6d690ae71cd5fd2aeeabe7589bfb4748aabdfba,blockNumber=2721
info|2023-07-09 10:57:15.035752|[RPCWS][SERVICE][updateGroupBlockNumber],groupID=group0,_blockNumber=2721
info|2023-07-09 10:57:15.035760|[RPCWS][SERVICE][onRecvBlockNotifier]block notifier callback,group=group0,node=98a7f70ec883a722219d92253cf073a72605f4087aa3443c8e4aadc0af2dc3ac647d0fa1b5ac99cd6987abafe6d690ae71cd5fd2aeeabe7589bfb4748aabdfba,blockNumber=2721
info|2023-07-09 10:57:15.035765|[WS]receive block notify,endpoint=127.0.0.1:20200,blk={
	"blockNumber" : 2721,
	"group" : "group0",
	"nodeName" : "98a7f70ec883a722219d92253cf073a72605f4087aa3443c8e4aadc0af2dc3ac647d0fa1b5ac99cd6987abafe6d690ae71cd5fd2aeeabe7589bfb4748aabdfba"
}
info|2023-07-09 10:57:15.046506|[RPC][BLOCK][NUMBER][fromJson],group=group0,node=2f993327933ad58672518b6d4f63920cbc68b80f78f4d81192552ee6362f5cc81ee13bdc678ad65f06e76444cadb53b33694cfb3fc7679b8000411975fedd28a,blockNumber=2721
info|2023-07-09 10:57:15.046532|[RPCWS][SERVICE][onRecvBlockNotifier]receive block number notifier,group=group0,node=2f993327933ad58672518b6d4f63920cbc68b80f78f4d81192552ee6362f5cc81ee13bdc678ad65f06e76444cadb53b33694cfb3fc7679b8000411975fedd28a,blockNumber=2721
info|2023-07-09 10:57:15.046540|[WS]receive block notify,endpoint=127.0.0.1:20201,blk={
	"blockNumber" : 2721,
	"group" : "group0",
	"nodeName" : "2f993327933ad58672518b6d4f63920cbc68b80f78f4d81192552ee6362f5cc81ee13bdc678ad65f06e76444cadb53b33694cfb3fc7679b8000411975fedd28a"
}
info|2023-07-09 10:57:15.582096|[RPC][BLOCK][NUMBER][fromJson],group=group0,node=98a7f70ec883a722219d92253cf073a72605f4087aa3443c8e4aadc0af2dc3ac647d0fa1b5ac99cd6987abafe6d690ae71cd5fd2aeeabe7589bfb4748aabdfba,blockNumber=2722
info|2023-07-09 10:57:15.582709|[RPCWS][SERVICE][onRecvBlockNotifier]receive block number notifier,group=group0,node=98a7f70ec883a722219d92253cf073a72605f4087aa3443c8e4aadc0af2dc3ac647d0fa1b5ac99cd6987abafe6d690ae71cd5fd2aeeabe7589bfb4748aabdfba,blockNumber=2722
info|2023-07-09 10:57:15.582725|[RPCWS][SERVICE][updateGroupBlockNumber],groupID=group0,_blockNumber=2722
info|2023-07-09 10:57:15.582731|[RPCWS][SERVICE][onRecvBlockNotifier]block notifier callback,group=group0,node=98a7f70ec883a722219d92253cf073a72605f4087aa3443c8e4aadc0af2dc3ac647d0fa1b5ac99cd6987abafe6d690ae71cd5fd2aeeabe7589bfb4748aabdfba,blockNumber=2722
info|2023-07-09 10:57:15.582735|[WS]receive block notify,endpoint=127.0.0.1:20200,blk={
	"blockNumber" : 2722,
	"group" : "group0",
	"nodeName" : "98a7f70ec883a722219d92253cf073a72605f4087aa3443c8e4aadc0af2dc3ac647d0fa1b5ac99cd6987abafe6d690ae71cd5fd2aeeabe7589bfb4748aabdfba"
}
info|2023-07-09 10:57:15.607722|[RPC][BLOCK][NUMBER][fromJson],group=group0,node=2f993327933ad58672518b6d4f63920cbc68b80f78f4d81192552ee6362f5cc81ee13bdc678ad65f06e76444cadb53b33694cfb3fc7679b8000411975fedd28a,blockNumber=2722
info|2023-07-09 10:57:15.607741|[RPCWS][SERVICE][onRecvBlockNotifier]receive block number notifier,group=group0,node=2f993327933ad58672518b6d4f63920cbc68b80f78f4d81192552ee6362f5cc81ee13bdc678ad65f06e76444cadb53b33694cfb3fc7679b8000411975fedd28a,blockNumber=2722
info|2023-07-09 10:57:15.607748|[WS]receive block notify,endpoint=127.0.0.1:20201,blk={
	"blockNumber" : 2722,
	"group" : "group0",
	"nodeName" : "2f993327933ad58672518b6d4f63920cbc68b80f78f4d81192552ee6362f5cc81ee13bdc678ad65f06e76444cadb53b33694cfb3fc7679b8000411975fedd28a"
}
info|2023-07-09 10:57:16.163392|[RPC][BLOCK][NUMBER][fromJson],group=group0,node=98a7f70ec883a722219d92253cf073a72605f4087aa3443c8e4aadc0af2dc3ac647d0fa1b5ac99cd6987abafe6d690ae71cd5fd2aeeabe7589bfb4748aabdfba,blockNumber=2723
info|2023-07-09 10:57:16.163428|[RPCWS][SERVICE][onRecvBlockNotifier]receive block number notifier,group=group0,node=98a7f70ec883a722219d92253cf073a72605f4087aa3443c8e4aadc0af2dc3ac647d0fa1b5ac99cd6987abafe6d690ae71cd5fd2aeeabe7589bfb4748aabdfba,blockNumber=2723
info|2023-07-09 10:57:16.163439|[RPCWS][SERVICE][updateGroupBlockNumber],groupID=group0,_blockNumber=2723
info|2023-07-09 10:57:16.163446|[RPCWS][SERVICE][onRecvBlockNotifier]block notifier callback,group=group0,node=98a7f70ec883a722219d92253cf073a72605f4087aa3443c8e4aadc0af2dc3ac647d0fa1b5ac99cd6987abafe6d690ae71cd5fd2aeeabe7589bfb4748aabdfba,blockNumber=2723
info|2023-07-09 10:57:16.163453|[WS]receive block notify,endpoint=127.0.0.1:20200,blk={
	"blockNumber" : 2723,
	"group" : "group0",
	"nodeName" : "98a7f70ec883a722219d92253cf073a72605f4087aa3443c8e4aadc0af2dc3ac647d0fa1b5ac99cd6987abafe6d690ae71cd5fd2aeeabe7589bfb4748aabdfba"
}
info|2023-07-09 10:57:16.176439|[RPC][BLOCK][NUMBER][fromJson],group=group0,node=2f993327933ad58672518b6d4f63920cbc68b80f78f4d81192552ee6362f5cc81ee13bdc678ad65f06e76444cadb53b33694cfb3fc7679b8000411975fedd28a,blockNumber=2723
info|2023-07-09 10:57:16.176492|[RPCWS][SERVICE][onRecvBlockNotifier]receive block number notifier,group=group0,node=2f993327933ad58672518b6d4f63920cbc68b80f78f4d81192552ee6362f5cc81ee13bdc678ad65f06e76444cadb53b33694cfb3fc7679b8000411975fedd28a,blockNumber=2723
info|2023-07-09 10:57:16.176502|[WS]receive block notify,endpoint=127.0.0.1:20201,blk={
	"blockNumber" : 2723,
	"group" : "group0",
	"nodeName" : "2f993327933ad58672518b6d4f63920cbc68b80f78f4d81192552ee6362f5cc81ee13bdc678ad65f06e76444cadb53b33694cfb3fc7679b8000411975fedd28a"
}
info|2023-07-09 10:57:16.693806|[RPC][BLOCK][NUMBER][fromJson],group=group0,node=98a7f70ec883a722219d92253cf073a72605f4087aa3443c8e4aadc0af2dc3ac647d0fa1b5ac99cd6987abafe6d690ae71cd5fd2aeeabe7589bfb4748aabdfba,blockNumber=2724
info|2023-07-09 10:57:16.693852|[RPCWS][SERVICE][onRecvBlockNotifier]receive block number notifier,group=group0,node=98a7f70ec883a722219d92253cf073a72605f4087aa3443c8e4aadc0af2dc3ac647d0fa1b5ac99cd6987abafe6d690ae71cd5fd2aeeabe7589bfb4748aabdfba,blockNumber=2724
info|2023-07-09 10:57:16.693859|[RPCWS][SERVICE][updateGroupBlockNumber],groupID=group0,_blockNumber=2724
info|2023-07-09 10:57:16.693881|[RPCWS][SERVICE][onRecvBlockNotifier]block notifier callback,group=group0,node=98a7f70ec883a722219d92253cf073a72605f4087aa3443c8e4aadc0af2dc3ac647d0fa1b5ac99cd6987abafe6d690ae71cd5fd2aeeabe7589bfb4748aabdfba,blockNumber=2724
info|2023-07-09 10:57:16.693886|[WS]receive block notify,endpoint=127.0.0.1:20200,blk={
	"blockNumber" : 2724,
	"group" : "group0",
	"nodeName" : "98a7f70ec883a722219d92253cf073a72605f4087aa3443c8e4aadc0af2dc3ac647d0fa1b5ac99cd6987abafe6d690ae71cd5fd2aeeabe7589bfb4748aabdfba"
}
info|2023-07-09 10:57:16.738997|[RPC][BLOCK][NUMBER][fromJson],group=group0,node=2f993327933ad58672518b6d4f63920cbc68b80f78f4d81192552ee6362f5cc81ee13bdc678ad65f06e76444cadb53b33694cfb3fc7679b8000411975fedd28a,blockNumber=2724
info|2023-07-09 10:57:16.739021|[RPCWS][SERVICE][onRecvBlockNotifier]receive block number notifier,group=group0,node=2f993327933ad58672518b6d4f63920cbc68b80f78f4d81192552ee6362f5cc81ee13bdc678ad65f06e76444cadb53b33694cfb3fc7679b8000411975fedd28a,blockNumber=2724
info|2023-07-09 10:57:16.739030|[WS]receive block notify,endpoint=127.0.0.1:20201,blk={
	"blockNumber" : 2724,
	"group" : "group0",
	"nodeName" : "2f993327933ad58672518b6d4f63920cbc68b80f78f4d81192552ee6362f5cc81ee13bdc678ad65f06e76444cadb53b33694cfb3fc7679b8000411975fedd28a"
}
info|2023-07-09 10:57:17.308519|[RPC][BLOCK][NUMBER][fromJson],group=group0,node=98a7f70ec883a722219d92253cf073a72605f4087aa3443c8e4aadc0af2dc3ac647d0fa1b5ac99cd6987abafe6d690ae71cd5fd2aeeabe7589bfb4748aabdfba,blockNumber=2725
info|2023-07-09 10:57:17.308549|[RPCWS][SERVICE][onRecvBlockNotifier]receive block number notifier,group=group0,node=98a7f70ec883a722219d92253cf073a72605f4087aa3443c8e4aadc0af2dc3ac647d0fa1b5ac99cd6987abafe6d690ae71cd5fd2aeeabe7589bfb4748aabdfba,blockNumber=2725
info|2023-07-09 10:57:17.308557|[RPCWS][SERVICE][updateGroupBlockNumber],groupID=group0,_blockNumber=2725
info|2023-07-09 10:57:17.308563|[RPCWS][SERVICE][onRecvBlockNotifier]block notifier callback,group=group0,node=98a7f70ec883a722219d92253cf073a72605f4087aa3443c8e4aadc0af2dc3ac647d0fa1b5ac99cd6987abafe6d690ae71cd5fd2aeeabe7589bfb4748aabdfba,blockNumber=2725
info|2023-07-09 10:57:17.308568|[WS]receive block notify,endpoint=127.0.0.1:20200,blk={
	"blockNumber" : 2725,
	"group" : "group0",
	"nodeName" : "98a7f70ec883a722219d92253cf073a72605f4087aa3443c8e4aadc0af2dc3ac647d0fa1b5ac99cd6987abafe6d690ae71cd5fd2aeeabe7589bfb4748aabdfba"
}
info|2023-07-09 10:57:17.319354|[RPC][BLOCK][NUMBER][fromJson],group=group0,node=2f993327933ad58672518b6d4f63920cbc68b80f78f4d81192552ee6362f5cc81ee13bdc678ad65f06e76444cadb53b33694cfb3fc7679b8000411975fedd28a,blockNumber=2725
info|2023-07-09 10:57:17.319396|[RPCWS][SERVICE][onRecvBlockNotifier]receive block number notifier,group=group0,node=2f993327933ad58672518b6d4f63920cbc68b80f78f4d81192552ee6362f5cc81ee13bdc678ad65f06e76444cadb53b33694cfb3fc7679b8000411975fedd28a,blockNumber=2725
info|2023-07-09 10:57:17.319405|[WS]receive block notify,endpoint=127.0.0.1:20201,blk={
	"blockNumber" : 2725,
	"group" : "group0",
	"nodeName" : "2f993327933ad58672518b6d4f63920cbc68b80f78f4d81192552ee6362f5cc81ee13bdc678ad65f06e76444cadb53b33694cfb3fc7679b8000411975fedd28a"
}
info|2023-07-09 10:57:17.901059|[RPC][BLOCK][NUMBER][fromJson],group=group0,node=98a7f70ec883a722219d92253cf073a72605f4087aa3443c8e4aadc0af2dc3ac647d0fa1b5ac99cd6987abafe6d690ae71cd5fd2aeeabe7589bfb4748aabdfba,blockNumber=2726
info|2023-07-09 10:57:17.909977|[RPCWS][SERVICE][onRecvBlockNotifier]receive block number notifier,group=group0,node=98a7f70ec883a722219d92253cf073a72605f4087aa3443c8e4aadc0af2dc3ac647d0fa1b5ac99cd6987abafe6d690ae71cd5fd2aeeabe7589bfb4748aabdfba,blockNumber=2726
info|2023-07-09 10:57:17.910006|[RPCWS][SERVICE][updateGroupBlockNumber],groupID=group0,_blockNumber=2726
info|2023-07-09 10:57:17.910024|[RPCWS][SERVICE][onRecvBlockNotifier]block notifier callback,group=group0,node=98a7f70ec883a722219d92253cf073a72605f4087aa3443c8e4aadc0af2dc3ac647d0fa1b5ac99cd6987abafe6d690ae71cd5fd2aeeabe7589bfb4748aabdfba,blockNumber=2726
info|2023-07-09 10:57:17.910039|[WS]receive block notify,endpoint=127.0.0.1:20200,blk={
	"blockNumber" : 2726,
	"group" : "group0",
	"nodeName" : "98a7f70ec883a722219d92253cf073a72605f4087aa3443c8e4aadc0af2dc3ac647d0fa1b5ac99cd6987abafe6d690ae71cd5fd2aeeabe7589bfb4748aabdfba"
}
info|2023-07-09 10:57:17.926799|[RPC][BLOCK][NUMBER][fromJson],group=group0,node=2f993327933ad58672518b6d4f63920cbc68b80f78f4d81192552ee6362f5cc81ee13bdc678ad65f06e76444cadb53b33694cfb3fc7679b8000411975fedd28a,blockNumber=2726
info|2023-07-09 10:57:17.926857|[RPCWS][SERVICE][onRecvBlockNotifier]receive block number notifier,group=group0,node=2f993327933ad58672518b6d4f63920cbc68b80f78f4d81192552ee6362f5cc81ee13bdc678ad65f06e76444cadb53b33694cfb3fc7679b8000411975fedd28a,blockNumber=2726
info|2023-07-09 10:57:17.926871|[WS]receive block notify,endpoint=127.0.0.1:20201,blk={
	"blockNumber" : 2726,
	"group" : "group0",
	"nodeName" : "2f993327933ad58672518b6d4f63920cbc68b80f78f4d81192552ee6362f5cc81ee13bdc678ad65f06e76444cadb53b33694cfb3fc7679b8000411975fedd28a"
}
info|2023-07-09 10:57:18.471813|[RPC][BLOCK][NUMBER][fromJson],group=group0,node=98a7f70ec883a722219d92253cf073a72605f4087aa3443c8e4aadc0af2dc3ac647d0fa1b5ac99cd6987abafe6d690ae71cd5fd2aeeabe7589bfb4748aabdfba,blockNumber=2727
info|2023-07-09 10:57:18.471835|[RPCWS][SERVICE][onRecvBlockNotifier]receive block number notifier,group=group0,node=98a7f70ec883a722219d92253cf073a72605f4087aa3443c8e4aadc0af2dc3ac647d0fa1b5ac99cd6987abafe6d690ae71cd5fd2aeeabe7589bfb4748aabdfba,blockNumber=2727
info|2023-07-09 10:57:18.471842|[RPCWS][SERVICE][updateGroupBlockNumber],groupID=group0,_blockNumber=2727
info|2023-07-09 10:57:18.471847|[RPCWS][SERVICE][onRecvBlockNotifier]block notifier callback,group=group0,node=98a7f70ec883a722219d92253cf073a72605f4087aa3443c8e4aadc0af2dc3ac647d0fa1b5ac99cd6987abafe6d690ae71cd5fd2aeeabe7589bfb4748aabdfba,blockNumber=2727
info|2023-07-09 10:57:18.471851|[WS]receive block notify,endpoint=127.0.0.1:20200,blk={
	"blockNumber" : 2727,
	"group" : "group0",
	"nodeName" : "98a7f70ec883a722219d92253cf073a72605f4087aa3443c8e4aadc0af2dc3ac647d0fa1b5ac99cd6987abafe6d690ae71cd5fd2aeeabe7589bfb4748aabdfba"
}
info|2023-07-09 10:57:18.520910|[RPC][BLOCK][NUMBER][fromJson],group=group0,node=2f993327933ad58672518b6d4f63920cbc68b80f78f4d81192552ee6362f5cc81ee13bdc678ad65f06e76444cadb53b33694cfb3fc7679b8000411975fedd28a,blockNumber=2727
info|2023-07-09 10:57:18.520946|[RPCWS][SERVICE][onRecvBlockNotifier]receive block number notifier,group=group0,node=2f993327933ad58672518b6d4f63920cbc68b80f78f4d81192552ee6362f5cc81ee13bdc678ad65f06e76444cadb53b33694cfb3fc7679b8000411975fedd28a,blockNumber=2727
info|2023-07-09 10:57:18.520956|[WS]receive block notify,endpoint=127.0.0.1:20201,blk={
	"blockNumber" : 2727,
	"group" : "group0",
	"nodeName" : "2f993327933ad58672518b6d4f63920cbc68b80f78f4d81192552ee6362f5cc81ee13bdc678ad65f06e76444cadb53b33694cfb3fc7679b8000411975fedd28a"
}
info|2023-07-09 10:57:19.065023|[RPC][BLOCK][NUMBER][fromJson],group=group0,node=98a7f70ec883a722219d92253cf073a72605f4087aa3443c8e4aadc0af2dc3ac647d0fa1b5ac99cd6987abafe6d690ae71cd5fd2aeeabe7589bfb4748aabdfba,blockNumber=2728
info|2023-07-09 10:57:19.065064|[RPCWS][SERVICE][onRecvBlockNotifier]receive block number notifier,group=group0,node=98a7f70ec883a722219d92253cf073a72605f4087aa3443c8e4aadc0af2dc3ac647d0fa1b5ac99cd6987abafe6d690ae71cd5fd2aeeabe7589bfb4748aabdfba,blockNumber=2728
info|2023-07-09 10:57:19.065070|[RPCWS][SERVICE][updateGroupBlockNumber],groupID=group0,_blockNumber=2728
info|2023-07-09 10:57:19.065074|[RPCWS][SERVICE][onRecvBlockNotifier]block notifier callback,group=group0,node=98a7f70ec883a722219d92253cf073a72605f4087aa3443c8e4aadc0af2dc3ac647d0fa1b5ac99cd6987abafe6d690ae71cd5fd2aeeabe7589bfb4748aabdfba,blockNumber=2728
info|2023-07-09 10:57:19.065077|[WS]receive block notify,endpoint=127.0.0.1:20200,blk={
	"blockNumber" : 2728,
	"group" : "group0",
	"nodeName" : "98a7f70ec883a722219d92253cf073a72605f4087aa3443c8e4aadc0af2dc3ac647d0fa1b5ac99cd6987abafe6d690ae71cd5fd2aeeabe7589bfb4748aabdfba"
}
info|2023-07-09 10:57:19.115142|[RPC][BLOCK][NUMBER][fromJson],group=group0,node=2f993327933ad58672518b6d4f63920cbc68b80f78f4d81192552ee6362f5cc81ee13bdc678ad65f06e76444cadb53b33694cfb3fc7679b8000411975fedd28a,blockNumber=2728
info|2023-07-09 10:57:19.115193|[RPCWS][SERVICE][onRecvBlockNotifier]receive block number notifier,group=group0,node=2f993327933ad58672518b6d4f63920cbc68b80f78f4d81192552ee6362f5cc81ee13bdc678ad65f06e76444cadb53b33694cfb3fc7679b8000411975fedd28a,blockNumber=2728
info|2023-07-09 10:57:19.115207|[WS]receive block notify,endpoint=127.0.0.1:20201,blk={
	"blockNumber" : 2728,
	"group" : "group0",
	"nodeName" : "2f993327933ad58672518b6d4f63920cbc68b80f78f4d81192552ee6362f5cc81ee13bdc678ad65f06e76444cadb53b33694cfb3fc7679b8000411975fedd28a"
}
info|2023-07-09 10:57:19.629268|[RPC][BLOCK][NUMBER][fromJson],group=group0,node=98a7f70ec883a722219d92253cf073a72605f4087aa3443c8e4aadc0af2dc3ac647d0fa1b5ac99cd6987abafe6d690ae71cd5fd2aeeabe7589bfb4748aabdfba,blockNumber=2729
info|2023-07-09 10:57:19.629329|[RPCWS][SERVICE][onRecvBlockNotifier]receive block number notifier,group=group0,node=98a7f70ec883a722219d92253cf073a72605f4087aa3443c8e4aadc0af2dc3ac647d0fa1b5ac99cd6987abafe6d690ae71cd5fd2aeeabe7589bfb4748aabdfba,blockNumber=2729
info|2023-07-09 10:57:19.629338|[RPCWS][SERVICE][updateGroupBlockNumber],groupID=group0,_blockNumber=2729
info|2023-07-09 10:57:19.629344|[RPCWS][SERVICE][onRecvBlockNotifier]block notifier callback,group=group0,node=98a7f70ec883a722219d92253cf073a72605f4087aa3443c8e4aadc0af2dc3ac647d0fa1b5ac99cd6987abafe6d690ae71cd5fd2aeeabe7589bfb4748aabdfba,blockNumber=2729
info|2023-07-09 10:57:19.629349|[WS]receive block notify,endpoint=127.0.0.1:20200,blk={
	"blockNumber" : 2729,
	"group" : "group0",
	"nodeName" : "98a7f70ec883a722219d92253cf073a72605f4087aa3443c8e4aadc0af2dc3ac647d0fa1b5ac99cd6987abafe6d690ae71cd5fd2aeeabe7589bfb4748aabdfba"
}
info|2023-07-09 10:57:19.641848|[RPC][BLOCK][NUMBER][fromJson],group=group0,node=2f993327933ad58672518b6d4f63920cbc68b80f78f4d81192552ee6362f5cc81ee13bdc678ad65f06e76444cadb53b33694cfb3fc7679b8000411975fedd28a,blockNumber=2729
info|2023-07-09 10:57:19.641884|[RPCWS][SERVICE][onRecvBlockNotifier]receive block number notifier,group=group0,node=2f993327933ad58672518b6d4f63920cbc68b80f78f4d81192552ee6362f5cc81ee13bdc678ad65f06e76444cadb53b33694cfb3fc7679b8000411975fedd28a,blockNumber=2729
info|2023-07-09 10:57:19.641893|[WS]receive block notify,endpoint=127.0.0.1:20201,blk={
	"blockNumber" : 2729,
	"group" : "group0",
	"nodeName" : "2f993327933ad58672518b6d4f63920cbc68b80f78f4d81192552ee6362f5cc81ee13bdc678ad65f06e76444cadb53b33694cfb3fc7679b8000411975fedd28a"
}
info|2023-07-09 10:57:20.214744|[RPC][BLOCK][NUMBER][fromJson],group=group0,node=98a7f70ec883a722219d92253cf073a72605f4087aa3443c8e4aadc0af2dc3ac647d0fa1b5ac99cd6987abafe6d690ae71cd5fd2aeeabe7589bfb4748aabdfba,blockNumber=2730
info|2023-07-09 10:57:20.214763|[RPCWS][SERVICE][onRecvBlockNotifier]receive block number notifier,group=group0,node=98a7f70ec883a722219d92253cf073a72605f4087aa3443c8e4aadc0af2dc3ac647d0fa1b5ac99cd6987abafe6d690ae71cd5fd2aeeabe7589bfb4748aabdfba,blockNumber=2730
info|2023-07-09 10:57:20.214768|[RPCWS][SERVICE][updateGroupBlockNumber],groupID=group0,_blockNumber=2730
info|2023-07-09 10:57:20.214772|[RPCWS][SERVICE][onRecvBlockNotifier]block notifier callback,group=group0,node=98a7f70ec883a722219d92253cf073a72605f4087aa3443c8e4aadc0af2dc3ac647d0fa1b5ac99cd6987abafe6d690ae71cd5fd2aeeabe7589bfb4748aabdfba,blockNumber=2730
info|2023-07-09 10:57:20.214776|[WS]receive block notify,endpoint=127.0.0.1:20200,blk={
	"blockNumber" : 2730,
	"group" : "group0",
	"nodeName" : "98a7f70ec883a722219d92253cf073a72605f4087aa3443c8e4aadc0af2dc3ac647d0fa1b5ac99cd6987abafe6d690ae71cd5fd2aeeabe7589bfb4748aabdfba"
}
info|2023-07-09 10:57:20.304124|[RPC][BLOCK][NUMBER][fromJson],group=group0,node=2f993327933ad58672518b6d4f63920cbc68b80f78f4d81192552ee6362f5cc81ee13bdc678ad65f06e76444cadb53b33694cfb3fc7679b8000411975fedd28a,blockNumber=2730
info|2023-07-09 10:57:20.304164|[RPCWS][SERVICE][onRecvBlockNotifier]receive block number notifier,group=group0,node=2f993327933ad58672518b6d4f63920cbc68b80f78f4d81192552ee6362f5cc81ee13bdc678ad65f06e76444cadb53b33694cfb3fc7679b8000411975fedd28a,blockNumber=2730
info|2023-07-09 10:57:20.304178|[WS]receive block notify,endpoint=127.0.0.1:20201,blk={
	"blockNumber" : 2730,
	"group" : "group0",
	"nodeName" : "2f993327933ad58672518b6d4f63920cbc68b80f78f4d81192552ee6362f5cc81ee13bdc678ad65f06e76444cadb53b33694cfb3fc7679b8000411975fedd28a"
}
info|2023-07-09 10:57:20.854062|[RPC][BLOCK][NUMBER][fromJson],group=group0,node=98a7f70ec883a722219d92253cf073a72605f4087aa3443c8e4aadc0af2dc3ac647d0fa1b5ac99cd6987abafe6d690ae71cd5fd2aeeabe7589bfb4748aabdfba,blockNumber=2731
info|2023-07-09 10:57:20.854085|[RPCWS][SERVICE][onRecvBlockNotifier]receive block number notifier,group=group0,node=98a7f70ec883a722219d92253cf073a72605f4087aa3443c8e4aadc0af2dc3ac647d0fa1b5ac99cd6987abafe6d690ae71cd5fd2aeeabe7589bfb4748aabdfba,blockNumber=2731
info|2023-07-09 10:57:20.854091|[RPCWS][SERVICE][updateGroupBlockNumber],groupID=group0,_blockNumber=2731
info|2023-07-09 10:57:20.854095|[RPCWS][SERVICE][onRecvBlockNotifier]block notifier callback,group=group0,node=98a7f70ec883a722219d92253cf073a72605f4087aa3443c8e4aadc0af2dc3ac647d0fa1b5ac99cd6987abafe6d690ae71cd5fd2aeeabe7589bfb4748aabdfba,blockNumber=2731
info|2023-07-09 10:57:20.854098|[WS]receive block notify,endpoint=127.0.0.1:20200,blk={
	"blockNumber" : 2731,
	"group" : "group0",
	"nodeName" : "98a7f70ec883a722219d92253cf073a72605f4087aa3443c8e4aadc0af2dc3ac647d0fa1b5ac99cd6987abafe6d690ae71cd5fd2aeeabe7589bfb4748aabdfba"
}
info|2023-07-09 10:57:20.860583|[RPC][BLOCK][NUMBER][fromJson],group=group0,node=2f993327933ad58672518b6d4f63920cbc68b80f78f4d81192552ee6362f5cc81ee13bdc678ad65f06e76444cadb53b33694cfb3fc7679b8000411975fedd28a,blockNumber=2731
info|2023-07-09 10:57:20.860602|[RPCWS][SERVICE][onRecvBlockNotifier]receive block number notifier,group=group0,node=2f993327933ad58672518b6d4f63920cbc68b80f78f4d81192552ee6362f5cc81ee13bdc678ad65f06e76444cadb53b33694cfb3fc7679b8000411975fedd28a,blockNumber=2731
info|2023-07-09 10:57:20.860609|[WS]receive block notify,endpoint=127.0.0.1:20201,blk={
	"blockNumber" : 2731,
	"group" : "group0",
	"nodeName" : "2f993327933ad58672518b6d4f63920cbc68b80f78f4d81192552ee6362f5cc81ee13bdc678ad65f06e76444cadb53b33694cfb3fc7679b8000411975fedd28a"
}
info|2023-07-09 10:57:21.367011|[RPC][BLOCK][NUMBER][fromJson],group=group0,node=98a7f70ec883a722219d92253cf073a72605f4087aa3443c8e4aadc0af2dc3ac647d0fa1b5ac99cd6987abafe6d690ae71cd5fd2aeeabe7589bfb4748aabdfba,blockNumber=2732
info|2023-07-09 10:57:21.367063|[RPCWS][SERVICE][onRecvBlockNotifier]receive block number notifier,group=group0,node=98a7f70ec883a722219d92253cf073a72605f4087aa3443c8e4aadc0af2dc3ac647d0fa1b5ac99cd6987abafe6d690ae71cd5fd2aeeabe7589bfb4748aabdfba,blockNumber=2732
info|2023-07-09 10:57:21.367072|[RPCWS][SERVICE][updateGroupBlockNumber],groupID=group0,_blockNumber=2732
info|2023-07-09 10:57:21.367078|[RPCWS][SERVICE][onRecvBlockNotifier]block notifier callback,group=group0,node=98a7f70ec883a722219d92253cf073a72605f4087aa3443c8e4aadc0af2dc3ac647d0fa1b5ac99cd6987abafe6d690ae71cd5fd2aeeabe7589bfb4748aabdfba,blockNumber=2732
info|2023-07-09 10:57:21.367084|[WS]receive block notify,endpoint=127.0.0.1:20200,blk={
	"blockNumber" : 2732,
	"group" : "group0",
	"nodeName" : "98a7f70ec883a722219d92253cf073a72605f4087aa3443c8e4aadc0af2dc3ac647d0fa1b5ac99cd6987abafe6d690ae71cd5fd2aeeabe7589bfb4748aabdfba"
}
info|2023-07-09 10:57:21.409051|[RPC][BLOCK][NUMBER][fromJson],group=group0,node=2f993327933ad58672518b6d4f63920cbc68b80f78f4d81192552ee6362f5cc81ee13bdc678ad65f06e76444cadb53b33694cfb3fc7679b8000411975fedd28a,blockNumber=2732
info|2023-07-09 10:57:21.409127|[RPCWS][SERVICE][onRecvBlockNotifier]receive block number notifier,group=group0,node=2f993327933ad58672518b6d4f63920cbc68b80f78f4d81192552ee6362f5cc81ee13bdc678ad65f06e76444cadb53b33694cfb3fc7679b8000411975fedd28a,blockNumber=2732
info|2023-07-09 10:57:21.409143|[WS]receive block notify,endpoint=127.0.0.1:20201,blk={
	"blockNumber" : 2732,
	"group" : "group0",
	"nodeName" : "2f993327933ad58672518b6d4f63920cbc68b80f78f4d81192552ee6362f5cc81ee13bdc678ad65f06e76444cadb53b33694cfb3fc7679b8000411975fedd28a"
}
info|2023-07-09 10:57:21.961136|[RPC][BLOCK][NUMBER][fromJson],group=group0,node=98a7f70ec883a722219d92253cf073a72605f4087aa3443c8e4aadc0af2dc3ac647d0fa1b5ac99cd6987abafe6d690ae71cd5fd2aeeabe7589bfb4748aabdfba,blockNumber=2733
info|2023-07-09 10:57:21.961165|[RPCWS][SERVICE][onRecvBlockNotifier]receive block number notifier,group=group0,node=98a7f70ec883a722219d92253cf073a72605f4087aa3443c8e4aadc0af2dc3ac647d0fa1b5ac99cd6987abafe6d690ae71cd5fd2aeeabe7589bfb4748aabdfba,blockNumber=2733
info|2023-07-09 10:57:21.961171|[RPCWS][SERVICE][updateGroupBlockNumber],groupID=group0,_blockNumber=2733
info|2023-07-09 10:57:21.961178|[RPCWS][SERVICE][onRecvBlockNotifier]block notifier callback,group=group0,node=98a7f70ec883a722219d92253cf073a72605f4087aa3443c8e4aadc0af2dc3ac647d0fa1b5ac99cd6987abafe6d690ae71cd5fd2aeeabe7589bfb4748aabdfba,blockNumber=2733
info|2023-07-09 10:57:21.961183|[WS]receive block notify,endpoint=127.0.0.1:20200,blk={
	"blockNumber" : 2733,
	"group" : "group0",
	"nodeName" : "98a7f70ec883a722219d92253cf073a72605f4087aa3443c8e4aadc0af2dc3ac647d0fa1b5ac99cd6987abafe6d690ae71cd5fd2aeeabe7589bfb4748aabdfba"
}
info|2023-07-09 10:57:22.008185|[RPC][BLOCK][NUMBER][fromJson],group=group0,node=2f993327933ad58672518b6d4f63920cbc68b80f78f4d81192552ee6362f5cc81ee13bdc678ad65f06e76444cadb53b33694cfb3fc7679b8000411975fedd28a,blockNumber=2733
info|2023-07-09 10:57:22.008231|[RPCWS][SERVICE][onRecvBlockNotifier]receive block number notifier,group=group0,node=2f993327933ad58672518b6d4f63920cbc68b80f78f4d81192552ee6362f5cc81ee13bdc678ad65f06e76444cadb53b33694cfb3fc7679b8000411975fedd28a,blockNumber=2733
info|2023-07-09 10:57:22.008247|[WS]receive block notify,endpoint=127.0.0.1:20201,blk={
	"blockNumber" : 2733,
	"group" : "group0",
	"nodeName" : "2f993327933ad58672518b6d4f63920cbc68b80f78f4d81192552ee6362f5cc81ee13bdc678ad65f06e76444cadb53b33694cfb3fc7679b8000411975fedd28a"
}
info|2023-07-09 10:57:22.612644|[RPC][BLOCK][NUMBER][fromJson],group=group0,node=98a7f70ec883a722219d92253cf073a72605f4087aa3443c8e4aadc0af2dc3ac647d0fa1b5ac99cd6987abafe6d690ae71cd5fd2aeeabe7589bfb4748aabdfba,blockNumber=2734
info|2023-07-09 10:57:22.612694|[RPCWS][SERVICE][onRecvBlockNotifier]receive block number notifier,group=group0,node=98a7f70ec883a722219d92253cf073a72605f4087aa3443c8e4aadc0af2dc3ac647d0fa1b5ac99cd6987abafe6d690ae71cd5fd2aeeabe7589bfb4748aabdfba,blockNumber=2734
info|2023-07-09 10:57:22.612701|[RPCWS][SERVICE][updateGroupBlockNumber],groupID=group0,_blockNumber=2734
info|2023-07-09 10:57:22.612705|[RPCWS][SERVICE][onRecvBlockNotifier]block notifier callback,group=group0,node=98a7f70ec883a722219d92253cf073a72605f4087aa3443c8e4aadc0af2dc3ac647d0fa1b5ac99cd6987abafe6d690ae71cd5fd2aeeabe7589bfb4748aabdfba,blockNumber=2734
info|2023-07-09 10:57:22.612709|[WS]receive block notify,endpoint=127.0.0.1:20200,blk={
	"blockNumber" : 2734,
	"group" : "group0",
	"nodeName" : "98a7f70ec883a722219d92253cf073a72605f4087aa3443c8e4aadc0af2dc3ac647d0fa1b5ac99cd6987abafe6d690ae71cd5fd2aeeabe7589bfb4748aabdfba"
}
info|2023-07-09 10:57:22.622424|[RPC][BLOCK][NUMBER][fromJson],group=group0,node=2f993327933ad58672518b6d4f63920cbc68b80f78f4d81192552ee6362f5cc81ee13bdc678ad65f06e76444cadb53b33694cfb3fc7679b8000411975fedd28a,blockNumber=2734
info|2023-07-09 10:57:22.622450|[RPCWS][SERVICE][onRecvBlockNotifier]receive block number notifier,group=group0,node=2f993327933ad58672518b6d4f63920cbc68b80f78f4d81192552ee6362f5cc81ee13bdc678ad65f06e76444cadb53b33694cfb3fc7679b8000411975fedd28a,blockNumber=2734
info|2023-07-09 10:57:22.622457|[WS]receive block notify,endpoint=127.0.0.1:20201,blk={
	"blockNumber" : 2734,
	"group" : "group0",
	"nodeName" : "2f993327933ad58672518b6d4f63920cbc68b80f78f4d81192552ee6362f5cc81ee13bdc678ad65f06e76444cadb53b33694cfb3fc7679b8000411975fedd28a"
}
info|2023-07-09 10:57:32.894100|[EVENT][SUB][doLoop]event sub tasks report,working event sub count=0,suspend event sub count=0
info|2023-07-09 10:57:32.969138|[SDK][WS][SERVICE]connected nodes,count=2
info|2023-07-09 10:57:52.894177|[EVENT][SUB][doLoop]event sub tasks report,working event sub count=0,suspend event sub count=0
info|2023-07-09 10:57:52.969336|[SDK][WS][SERVICE]connected nodes,count=2
info|2023-07-09 10:58:12.894353|[EVENT][SUB][doLoop]event sub tasks report,working event sub count=0,suspend event sub count=0
info|2023-07-09 10:58:12.969796|[SDK][WS][SERVICE]connected nodes,count=2
info|2023-07-09 10:58:32.894481|[EVENT][SUB][doLoop]event sub tasks report,working event sub count=0,suspend event sub count=0
info|2023-07-09 10:58:32.970177|[SDK][WS][SERVICE]connected nodes,count=2
info|2023-07-09 10:58:52.894524|[EVENT][SUB][doLoop]event sub tasks report,working event sub count=0,suspend event sub count=0
info|2023-07-09 10:58:52.970540|[SDK][WS][SERVICE]connected nodes,count=2
info|2023-07-09 10:59:12.895331|[EVENT][SUB][doLoop]event sub tasks report,working event sub count=0,suspend event sub count=0
info|2023-07-09 10:59:12.971064|[SDK][WS][SERVICE]connected nodes,count=2
info|2023-07-09 10:59:32.895877|[EVENT][SUB][doLoop]event sub tasks report,working event sub count=0,suspend event sub count=0
info|2023-07-09 10:59:32.971681|[SDK][WS][SERVICE]connected nodes,count=2
info|2023-07-09 10:59:52.896398|[EVENT][SUB][doLoop]event sub tasks report,working event sub count=0,suspend event sub count=0
info|2023-07-09 10:59:52.971892|[SDK][WS][SERVICE]connected nodes,count=2
