info|2023-07-08 19:00:09.613640|[EVENT][SUB][doLoop]event sub tasks report,working event sub count=0,suspend event sub count=0
info|2023-07-08 19:00:10.084161|[SDK][WS][SERVICE]connected nodes,count=2
info|2023-07-08 19:00:29.613746|[EVENT][SUB][doLoop]event sub tasks report,working event sub count=0,suspend event sub count=0
info|2023-07-08 19:00:30.084861|[SDK][WS][SERVICE]connected nodes,count=2
info|2023-07-08 19:00:49.614395|[EVENT][SUB][doLoop]event sub tasks report,working event sub count=0,suspend event sub count=0
info|2023-07-08 19:00:50.085487|[SDK][WS][SERVICE]connected nodes,count=2
info|2023-07-08 19:01:09.615140|[EVENT][SUB][doLoop]event sub tasks report,working event sub count=0,suspend event sub count=0
info|2023-07-08 19:01:10.085898|[SDK][WS][SERVICE]connected nodes,count=2
info|2023-07-08 19:01:29.615814|[EVENT][SUB][doLoop]event sub tasks report,working event sub count=0,suspend event sub count=0
info|2023-07-08 19:01:30.086100|[SDK][WS][SERVICE]connected nodes,count=2
info|2023-07-08 19:01:49.616196|[EVENT][SUB][doLoop]event sub tasks report,working event sub count=0,suspend event sub count=0
info|2023-07-08 19:01:50.086258|[SDK][WS][SERVICE]connected nodes,count=2
info|2023-07-08 19:02:09.616342|[EVENT][SUB][doLoop]event sub tasks report,working event sub count=0,suspend event sub count=0
info|2023-07-08 19:02:10.086531|[SDK][WS][SERVICE]connected nodes,count=2
info|2023-07-08 19:02:29.629104|[EVENT][SUB][doLoop]event sub tasks report,working event sub count=0,suspend event sub count=0
info|2023-07-08 19:02:30.087163|[SDK][WS][SERVICE]connected nodes,count=2
info|2023-07-08 19:02:49.629460|[EVENT][SUB][doLoop]event sub tasks report,working event sub count=0,suspend event sub count=0
info|2023-07-08 19:02:50.087984|[SDK][WS][SERVICE]connected nodes,count=2
info|2023-07-08 19:03:09.629783|[EVENT][SUB][doLoop]event sub tasks report,working event sub count=0,suspend event sub count=0
info|2023-07-08 19:03:10.088567|[SDK][WS][SERVICE]connected nodes,count=2
info|2023-07-08 19:03:29.629849|[EVENT][SUB][doLoop]event sub tasks report,working event sub count=0,suspend event sub count=0
info|2023-07-08 19:03:30.088719|[SDK][WS][SERVICE]connected nodes,count=2
info|2023-07-08 19:03:49.630376|[EVENT][SUB][doLoop]event sub tasks report,working event sub count=0,suspend event sub count=0
info|2023-07-08 19:03:50.089238|[SDK][WS][SERVICE]connected nodes,count=2
info|2023-07-08 19:04:09.630576|[EVENT][SUB][doLoop]event sub tasks report,working event sub count=0,suspend event sub count=0
info|2023-07-08 19:04:10.089813|[SDK][WS][SERVICE]connected nodes,count=2
info|2023-07-08 19:04:29.630878|[EVENT][SUB][doLoop]event sub tasks report,working event sub count=0,suspend event sub count=0
info|2023-07-08 19:04:30.090227|[SDK][WS][SERVICE]connected nodes,count=2
info|2023-07-08 19:04:49.631225|[EVENT][SUB][doLoop]event sub tasks report,working event sub count=0,suspend event sub count=0
info|2023-07-08 19:04:50.090655|[SDK][WS][SERVICE]connected nodes,count=2
info|2023-07-08 19:05:09.631447|[EVENT][SUB][doLoop]event sub tasks report,working event sub count=0,suspend event sub count=0
info|2023-07-08 19:05:10.091350|[SDK][WS][SERVICE]connected nodes,count=2
info|2023-07-08 19:05:29.631611|[EVENT][SUB][doLoop]event sub tasks report,working event sub count=0,suspend event sub count=0
info|2023-07-08 19:05:30.092009|[SDK][WS][SERVICE]connected nodes,count=2
info|2023-07-08 19:05:49.632058|[EVENT][SUB][doLoop]event sub tasks report,working event sub count=0,suspend event sub count=0
info|2023-07-08 19:05:50.092283|[SDK][WS][SERVICE]connected nodes,count=2
info|2023-07-08 19:06:09.632354|[EVENT][SUB][doLoop]event sub tasks report,working event sub count=0,suspend event sub count=0
info|2023-07-08 19:06:10.092670|[SDK][WS][SERVICE]connected nodes,count=2
info|2023-07-08 19:06:29.632681|[EVENT][SUB][doLoop]event sub tasks report,working event sub count=0,suspend event sub count=0
info|2023-07-08 19:06:30.093089|[SDK][WS][SERVICE]connected nodes,count=2
info|2023-07-08 19:06:49.633274|[EVENT][SUB][doLoop]event sub tasks report,working event sub count=0,suspend event sub count=0
info|2023-07-08 19:06:50.093809|[SDK][WS][SERVICE]connected nodes,count=2
info|2023-07-08 19:07:09.633905|[EVENT][SUB][doLoop]event sub tasks report,working event sub count=0,suspend event sub count=0
info|2023-07-08 19:07:10.094303|[SDK][WS][SERVICE]connected nodes,count=2
info|2023-07-08 19:07:29.634244|[EVENT][SUB][doLoop]event sub tasks report,working event sub count=0,suspend event sub count=0
info|2023-07-08 19:07:30.095092|[SDK][WS][SERVICE]connected nodes,count=2
info|2023-07-08 19:07:49.634524|[EVENT][SUB][doLoop]event sub tasks report,working event sub count=0,suspend event sub count=0
info|2023-07-08 19:07:50.095374|[SDK][WS][SERVICE]connected nodes,count=2
info|2023-07-08 19:08:09.634636|[EVENT][SUB][doLoop]event sub tasks report,working event sub count=0,suspend event sub count=0
info|2023-07-08 19:08:10.095845|[SDK][WS][SERVICE]connected nodes,count=2
info|2023-07-08 19:08:29.635254|[EVENT][SUB][doLoop]event sub tasks report,working event sub count=0,suspend event sub count=0
info|2023-07-08 19:08:30.096104|[SDK][WS][SERVICE]connected nodes,count=2
info|2023-07-08 19:08:49.635477|[EVENT][SUB][doLoop]event sub tasks report,working event sub count=0,suspend event sub count=0
info|2023-07-08 19:08:50.096765|[SDK][WS][SERVICE]connected nodes,count=2
info|2023-07-08 19:09:09.635847|[EVENT][SUB][doLoop]event sub tasks report,working event sub count=0,suspend event sub count=0
info|2023-07-08 19:09:10.097360|[SDK][WS][SERVICE]connected nodes,count=2
info|2023-07-08 19:09:29.636236|[EVENT][SUB][doLoop]event sub tasks report,working event sub count=0,suspend event sub count=0
info|2023-07-08 19:09:30.097814|[SDK][WS][SERVICE]connected nodes,count=2
info|2023-07-08 19:09:49.636598|[EVENT][SUB][doLoop]event sub tasks report,working event sub count=0,suspend event sub count=0
info|2023-07-08 19:09:50.098392|[SDK][WS][SERVICE]connected nodes,count=2
info|2023-07-08 19:10:09.637023|[EVENT][SUB][doLoop]event sub tasks report,working event sub count=0,suspend event sub count=0
info|2023-07-08 19:10:10.098808|[SDK][WS][SERVICE]connected nodes,count=2
info|2023-07-08 19:10:29.637368|[EVENT][SUB][doLoop]event sub tasks report,working event sub count=0,suspend event sub count=0
info|2023-07-08 19:10:30.099276|[SDK][WS][SERVICE]connected nodes,count=2
info|2023-07-08 19:10:49.637511|[EVENT][SUB][doLoop]event sub tasks report,working event sub count=0,suspend event sub count=0
info|2023-07-08 19:10:50.100021|[SDK][WS][SERVICE]connected nodes,count=2
info|2023-07-08 19:11:09.637651|[EVENT][SUB][doLoop]event sub tasks report,working event sub count=0,suspend event sub count=0
info|2023-07-08 19:11:10.100714|[SDK][WS][SERVICE]connected nodes,count=2
info|2023-07-08 19:11:29.638471|[EVENT][SUB][doLoop]event sub tasks report,working event sub count=0,suspend event sub count=0
info|2023-07-08 19:11:30.101244|[SDK][WS][SERVICE]connected nodes,count=2
info|2023-07-08 19:11:49.639070|[EVENT][SUB][doLoop]event sub tasks report,working event sub count=0,suspend event sub count=0
info|2023-07-08 19:11:50.101435|[SDK][WS][SERVICE]connected nodes,count=2
info|2023-07-08 19:12:09.639116|[EVENT][SUB][doLoop]event sub tasks report,working event sub count=0,suspend event sub count=0
info|2023-07-08 19:12:10.101658|[SDK][WS][SERVICE]connected nodes,count=2
info|2023-07-08 19:12:29.639324|[EVENT][SUB][doLoop]event sub tasks report,working event sub count=0,suspend event sub count=0
info|2023-07-08 19:12:30.102086|[SDK][WS][SERVICE]connected nodes,count=2
info|2023-07-08 19:12:49.639744|[EVENT][SUB][doLoop]event sub tasks report,working event sub count=0,suspend event sub count=0
info|2023-07-08 19:12:50.102261|[SDK][WS][SERVICE]connected nodes,count=2
info|2023-07-08 19:13:09.640251|[EVENT][SUB][doLoop]event sub tasks report,working event sub count=0,suspend event sub count=0
info|2023-07-08 19:13:10.102518|[SDK][WS][SERVICE]connected nodes,count=2
info|2023-07-08 19:13:29.640600|[EVENT][SUB][doLoop]event sub tasks report,working event sub count=0,suspend event sub count=0
info|2023-07-08 19:13:30.102707|[SDK][WS][SERVICE]connected nodes,count=2
info|2023-07-08 19:13:49.640696|[EVENT][SUB][doLoop]event sub tasks report,working event sub count=0,suspend event sub count=0
info|2023-07-08 19:13:50.103026|[SDK][WS][SERVICE]connected nodes,count=2
info|2023-07-08 19:14:09.640934|[EVENT][SUB][doLoop]event sub tasks report,working event sub count=0,suspend event sub count=0
info|2023-07-08 19:14:10.103401|[SDK][WS][SERVICE]connected nodes,count=2
info|2023-07-08 19:14:29.641416|[EVENT][SUB][doLoop]event sub tasks report,working event sub count=0,suspend event sub count=0
info|2023-07-08 19:14:30.103934|[SDK][WS][SERVICE]connected nodes,count=2
info|2023-07-08 19:14:49.641715|[EVENT][SUB][doLoop]event sub tasks report,working event sub count=0,suspend event sub count=0
info|2023-07-08 19:14:50.104320|[SDK][WS][SERVICE]connected nodes,count=2
info|2023-07-08 19:15:09.642009|[EVENT][SUB][doLoop]event sub tasks report,working event sub count=0,suspend event sub count=0
info|2023-07-08 19:15:10.104984|[SDK][WS][SERVICE]connected nodes,count=2
info|2023-07-08 19:15:29.642106|[EVENT][SUB][doLoop]event sub tasks report,working event sub count=0,suspend event sub count=0
info|2023-07-08 19:15:30.105244|[SDK][WS][SERVICE]connected nodes,count=2
info|2023-07-08 19:15:49.642533|[EVENT][SUB][doLoop]event sub tasks report,working event sub count=0,suspend event sub count=0
info|2023-07-08 19:15:50.105564|[SDK][WS][SERVICE]connected nodes,count=2
info|2023-07-08 19:16:09.643148|[EVENT][SUB][doLoop]event sub tasks report,working event sub count=0,suspend event sub count=0
info|2023-07-08 19:16:10.106028|[SDK][WS][SERVICE]connected nodes,count=2
info|2023-07-08 19:16:29.643889|[EVENT][SUB][doLoop]event sub tasks report,working event sub count=0,suspend event sub count=0
info|2023-07-08 19:16:30.106367|[SDK][WS][SERVICE]connected nodes,count=2
info|2023-07-08 19:16:49.644327|[EVENT][SUB][doLoop]event sub tasks report,working event sub count=0,suspend event sub count=0
info|2023-07-08 19:16:50.106713|[SDK][WS][SERVICE]connected nodes,count=2
info|2023-07-08 19:17:09.644568|[EVENT][SUB][doLoop]event sub tasks report,working event sub count=0,suspend event sub count=0
info|2023-07-08 19:17:10.107156|[SDK][WS][SERVICE]connected nodes,count=2
info|2023-07-08 19:17:29.644774|[EVENT][SUB][doLoop]event sub tasks report,working event sub count=0,suspend event sub count=0
info|2023-07-08 19:17:30.107644|[SDK][WS][SERVICE]connected nodes,count=2
info|2023-07-08 19:17:49.645183|[EVENT][SUB][doLoop]event sub tasks report,working event sub count=0,suspend event sub count=0
info|2023-07-08 19:17:50.107941|[SDK][WS][SERVICE]connected nodes,count=2
info|2023-07-08 19:18:09.645293|[EVENT][SUB][doLoop]event sub tasks report,working event sub count=0,suspend event sub count=0
info|2023-07-08 19:18:10.108226|[SDK][WS][SERVICE]connected nodes,count=2
info|2023-07-08 19:18:29.645728|[EVENT][SUB][doLoop]event sub tasks report,working event sub count=0,suspend event sub count=0
info|2023-07-08 19:18:30.108570|[SDK][WS][SERVICE]connected nodes,count=2
info|2023-07-08 19:18:49.646336|[EVENT][SUB][doLoop]event sub tasks report,working event sub count=0,suspend event sub count=0
info|2023-07-08 19:18:50.109139|[SDK][WS][SERVICE]connected nodes,count=2
info|2023-07-08 19:19:09.646770|[EVENT][SUB][doLoop]event sub tasks report,working event sub count=0,suspend event sub count=0
info|2023-07-08 19:19:10.109539|[SDK][WS][SERVICE]connected nodes,count=2
info|2023-07-08 19:19:29.647019|[EVENT][SUB][doLoop]event sub tasks report,working event sub count=0,suspend event sub count=0
info|2023-07-08 19:19:30.110216|[SDK][WS][SERVICE]connected nodes,count=2
info|2023-07-08 19:19:49.647814|[EVENT][SUB][doLoop]event sub tasks report,working event sub count=0,suspend event sub count=0
info|2023-07-08 19:19:50.110753|[SDK][WS][SERVICE]connected nodes,count=2
info|2023-07-08 19:20:09.648184|[EVENT][SUB][doLoop]event sub tasks report,working event sub count=0,suspend event sub count=0
info|2023-07-08 19:20:10.111227|[SDK][WS][SERVICE]connected nodes,count=2
info|2023-07-08 19:20:29.648841|[EVENT][SUB][doLoop]event sub tasks report,working event sub count=0,suspend event sub count=0
info|2023-07-08 19:20:30.111394|[SDK][WS][SERVICE]connected nodes,count=2
info|2023-07-08 19:20:49.649573|[EVENT][SUB][doLoop]event sub tasks report,working event sub count=0,suspend event sub count=0
info|2023-07-08 19:20:50.111597|[SDK][WS][SERVICE]connected nodes,count=2
info|2023-07-08 19:21:09.650017|[EVENT][SUB][doLoop]event sub tasks report,working event sub count=0,suspend event sub count=0
info|2023-07-08 19:21:10.111778|[SDK][WS][SERVICE]connected nodes,count=2
info|2023-07-08 19:21:29.650468|[EVENT][SUB][doLoop]event sub tasks report,working event sub count=0,suspend event sub count=0
info|2023-07-08 19:21:30.112273|[SDK][WS][SERVICE]connected nodes,count=2
info|2023-07-08 19:21:49.650849|[EVENT][SUB][doLoop]event sub tasks report,working event sub count=0,suspend event sub count=0
info|2023-07-08 19:21:50.112398|[SDK][WS][SERVICE]connected nodes,count=2
info|2023-07-08 19:22:09.650899|[EVENT][SUB][doLoop]event sub tasks report,working event sub count=0,suspend event sub count=0
info|2023-07-08 19:22:10.113011|[SDK][WS][SERVICE]connected nodes,count=2
info|2023-07-08 19:22:29.651158|[EVENT][SUB][doLoop]event sub tasks report,working event sub count=0,suspend event sub count=0
info|2023-07-08 19:22:30.113191|[SDK][WS][SERVICE]connected nodes,count=2
info|2023-07-08 19:22:49.651295|[EVENT][SUB][doLoop]event sub tasks report,working event sub count=0,suspend event sub count=0
info|2023-07-08 19:22:50.113582|[SDK][WS][SERVICE]connected nodes,count=2
info|2023-07-08 19:23:09.651647|[EVENT][SUB][doLoop]event sub tasks report,working event sub count=0,suspend event sub count=0
info|2023-07-08 19:23:10.113982|[SDK][WS][SERVICE]connected nodes,count=2
info|2023-07-08 19:23:29.651949|[EVENT][SUB][doLoop]event sub tasks report,working event sub count=0,suspend event sub count=0
info|2023-07-08 19:23:30.114333|[SDK][WS][SERVICE]connected nodes,count=2
info|2023-07-08 19:23:49.652358|[EVENT][SUB][doLoop]event sub tasks report,working event sub count=0,suspend event sub count=0
info|2023-07-08 19:23:50.114797|[SDK][WS][SERVICE]connected nodes,count=2
info|2023-07-08 19:24:09.652730|[EVENT][SUB][doLoop]event sub tasks report,working event sub count=0,suspend event sub count=0
info|2023-07-08 19:24:10.115258|[SDK][WS][SERVICE]connected nodes,count=2
info|2023-07-08 19:24:29.652811|[EVENT][SUB][doLoop]event sub tasks report,working event sub count=0,suspend event sub count=0
info|2023-07-08 19:24:30.115733|[SDK][WS][SERVICE]connected nodes,count=2
info|2023-07-08 19:24:49.653597|[EVENT][SUB][doLoop]event sub tasks report,working event sub count=0,suspend event sub count=0
info|2023-07-08 19:24:50.116482|[SDK][WS][SERVICE]connected nodes,count=2
info|2023-07-08 19:25:09.653930|[EVENT][SUB][doLoop]event sub tasks report,working event sub count=0,suspend event sub count=0
info|2023-07-08 19:25:10.116719|[SDK][WS][SERVICE]connected nodes,count=2
info|2023-07-08 19:25:29.654011|[EVENT][SUB][doLoop]event sub tasks report,working event sub count=0,suspend event sub count=0
info|2023-07-08 19:25:30.116999|[SDK][WS][SERVICE]connected nodes,count=2
info|2023-07-08 19:25:49.654337|[EVENT][SUB][doLoop]event sub tasks report,working event sub count=0,suspend event sub count=0
info|2023-07-08 19:25:50.117502|[SDK][WS][SERVICE]connected nodes,count=2
info|2023-07-08 19:26:09.654660|[EVENT][SUB][doLoop]event sub tasks report,working event sub count=0,suspend event sub count=0
info|2023-07-08 19:26:10.117989|[SDK][WS][SERVICE]connected nodes,count=2
info|2023-07-08 19:26:29.655022|[EVENT][SUB][doLoop]event sub tasks report,working event sub count=0,suspend event sub count=0
info|2023-07-08 19:26:30.118544|[SDK][WS][SERVICE]connected nodes,count=2
info|2023-07-08 19:26:49.655255|[EVENT][SUB][doLoop]event sub tasks report,working event sub count=0,suspend event sub count=0
info|2023-07-08 19:26:50.118644|[SDK][WS][SERVICE]connected nodes,count=2
info|2023-07-08 19:27:09.655344|[EVENT][SUB][doLoop]event sub tasks report,working event sub count=0,suspend event sub count=0
info|2023-07-08 19:27:10.119054|[SDK][WS][SERVICE]connected nodes,count=2
info|2023-07-08 19:27:13.929163|[RPC][BLOCK][NUMBER][fromJson],group=group0,node=98a7f70ec883a722219d92253cf073a72605f4087aa3443c8e4aadc0af2dc3ac647d0fa1b5ac99cd6987abafe6d690ae71cd5fd2aeeabe7589bfb4748aabdfba,blockNumber=2223
info|2023-07-08 19:27:13.929209|[RPCWS][SERVICE][onRecvBlockNotifier]receive block number notifier,group=group0,node=98a7f70ec883a722219d92253cf073a72605f4087aa3443c8e4aadc0af2dc3ac647d0fa1b5ac99cd6987abafe6d690ae71cd5fd2aeeabe7589bfb4748aabdfba,blockNumber=2223
info|2023-07-08 19:27:13.929215|[RPCWS][SERVICE][updateGroupBlockNumber],groupID=group0,_blockNumber=2223
info|2023-07-08 19:27:13.929222|[RPCWS][SERVICE][onRecvBlockNotifier]block notifier callback,group=group0,node=98a7f70ec883a722219d92253cf073a72605f4087aa3443c8e4aadc0af2dc3ac647d0fa1b5ac99cd6987abafe6d690ae71cd5fd2aeeabe7589bfb4748aabdfba,blockNumber=2223
info|2023-07-08 19:27:13.929226|[WS]receive block notify,endpoint=127.0.0.1:20200,blk={
	"blockNumber" : 2223,
	"group" : "group0",
	"nodeName" : "98a7f70ec883a722219d92253cf073a72605f4087aa3443c8e4aadc0af2dc3ac647d0fa1b5ac99cd6987abafe6d690ae71cd5fd2aeeabe7589bfb4748aabdfba"
}
info|2023-07-08 19:27:13.935602|[RPC][BLOCK][NUMBER][fromJson],group=group0,node=2f993327933ad58672518b6d4f63920cbc68b80f78f4d81192552ee6362f5cc81ee13bdc678ad65f06e76444cadb53b33694cfb3fc7679b8000411975fedd28a,blockNumber=2223
info|2023-07-08 19:27:13.935658|[RPCWS][SERVICE][onRecvBlockNotifier]receive block number notifier,group=group0,node=2f993327933ad58672518b6d4f63920cbc68b80f78f4d81192552ee6362f5cc81ee13bdc678ad65f06e76444cadb53b33694cfb3fc7679b8000411975fedd28a,blockNumber=2223
info|2023-07-08 19:27:13.935669|[WS]receive block notify,endpoint=127.0.0.1:20201,blk={
	"blockNumber" : 2223,
	"group" : "group0",
	"nodeName" : "2f993327933ad58672518b6d4f63920cbc68b80f78f4d81192552ee6362f5cc81ee13bdc678ad65f06e76444cadb53b33694cfb3fc7679b8000411975fedd28a"
}
info|2023-07-08 19:27:14.477570|[RPC][BLOCK][NUMBER][fromJson],group=group0,node=98a7f70ec883a722219d92253cf073a72605f4087aa3443c8e4aadc0af2dc3ac647d0fa1b5ac99cd6987abafe6d690ae71cd5fd2aeeabe7589bfb4748aabdfba,blockNumber=2224
info|2023-07-08 19:27:14.477602|[RPCWS][SERVICE][onRecvBlockNotifier]receive block number notifier,group=group0,node=98a7f70ec883a722219d92253cf073a72605f4087aa3443c8e4aadc0af2dc3ac647d0fa1b5ac99cd6987abafe6d690ae71cd5fd2aeeabe7589bfb4748aabdfba,blockNumber=2224
info|2023-07-08 19:27:14.477626|[RPCWS][SERVICE][updateGroupBlockNumber],groupID=group0,_blockNumber=2224
info|2023-07-08 19:27:14.477631|[RPCWS][SERVICE][onRecvBlockNotifier]block notifier callback,group=group0,node=98a7f70ec883a722219d92253cf073a72605f4087aa3443c8e4aadc0af2dc3ac647d0fa1b5ac99cd6987abafe6d690ae71cd5fd2aeeabe7589bfb4748aabdfba,blockNumber=2224
info|2023-07-08 19:27:14.477714|[WS]receive block notify,endpoint=127.0.0.1:20200,blk={
	"blockNumber" : 2224,
	"group" : "group0",
	"nodeName" : "98a7f70ec883a722219d92253cf073a72605f4087aa3443c8e4aadc0af2dc3ac647d0fa1b5ac99cd6987abafe6d690ae71cd5fd2aeeabe7589bfb4748aabdfba"
}
info|2023-07-08 19:27:14.490604|[RPC][BLOCK][NUMBER][fromJson],group=group0,node=2f993327933ad58672518b6d4f63920cbc68b80f78f4d81192552ee6362f5cc81ee13bdc678ad65f06e76444cadb53b33694cfb3fc7679b8000411975fedd28a,blockNumber=2224
info|2023-07-08 19:27:14.490624|[RPCWS][SERVICE][onRecvBlockNotifier]receive block number notifier,group=group0,node=2f993327933ad58672518b6d4f63920cbc68b80f78f4d81192552ee6362f5cc81ee13bdc678ad65f06e76444cadb53b33694cfb3fc7679b8000411975fedd28a,blockNumber=2224
info|2023-07-08 19:27:14.490631|[WS]receive block notify,endpoint=127.0.0.1:20201,blk={
	"blockNumber" : 2224,
	"group" : "group0",
	"nodeName" : "2f993327933ad58672518b6d4f63920cbc68b80f78f4d81192552ee6362f5cc81ee13bdc678ad65f06e76444cadb53b33694cfb3fc7679b8000411975fedd28a"
}
info|2023-07-08 19:27:14.981188|[RPC][BLOCK][NUMBER][fromJson],group=group0,node=98a7f70ec883a722219d92253cf073a72605f4087aa3443c8e4aadc0af2dc3ac647d0fa1b5ac99cd6987abafe6d690ae71cd5fd2aeeabe7589bfb4748aabdfba,blockNumber=2225
info|2023-07-08 19:27:14.981223|[RPCWS][SERVICE][onRecvBlockNotifier]receive block number notifier,group=group0,node=98a7f70ec883a722219d92253cf073a72605f4087aa3443c8e4aadc0af2dc3ac647d0fa1b5ac99cd6987abafe6d690ae71cd5fd2aeeabe7589bfb4748aabdfba,blockNumber=2225
info|2023-07-08 19:27:14.981229|[RPCWS][SERVICE][updateGroupBlockNumber],groupID=group0,_blockNumber=2225
info|2023-07-08 19:27:14.981234|[RPCWS][SERVICE][onRecvBlockNotifier]block notifier callback,group=group0,node=98a7f70ec883a722219d92253cf073a72605f4087aa3443c8e4aadc0af2dc3ac647d0fa1b5ac99cd6987abafe6d690ae71cd5fd2aeeabe7589bfb4748aabdfba,blockNumber=2225
info|2023-07-08 19:27:14.981237|[WS]receive block notify,endpoint=127.0.0.1:20200,blk={
	"blockNumber" : 2225,
	"group" : "group0",
	"nodeName" : "98a7f70ec883a722219d92253cf073a72605f4087aa3443c8e4aadc0af2dc3ac647d0fa1b5ac99cd6987abafe6d690ae71cd5fd2aeeabe7589bfb4748aabdfba"
}
info|2023-07-08 19:27:15.046984|[RPC][BLOCK][NUMBER][fromJson],group=group0,node=2f993327933ad58672518b6d4f63920cbc68b80f78f4d81192552ee6362f5cc81ee13bdc678ad65f06e76444cadb53b33694cfb3fc7679b8000411975fedd28a,blockNumber=2225
info|2023-07-08 19:27:15.047006|[RPCWS][SERVICE][onRecvBlockNotifier]receive block number notifier,group=group0,node=2f993327933ad58672518b6d4f63920cbc68b80f78f4d81192552ee6362f5cc81ee13bdc678ad65f06e76444cadb53b33694cfb3fc7679b8000411975fedd28a,blockNumber=2225
info|2023-07-08 19:27:15.047013|[WS]receive block notify,endpoint=127.0.0.1:20201,blk={
	"blockNumber" : 2225,
	"group" : "group0",
	"nodeName" : "2f993327933ad58672518b6d4f63920cbc68b80f78f4d81192552ee6362f5cc81ee13bdc678ad65f06e76444cadb53b33694cfb3fc7679b8000411975fedd28a"
}
info|2023-07-08 19:27:15.556628|[RPC][BLOCK][NUMBER][fromJson],group=group0,node=98a7f70ec883a722219d92253cf073a72605f4087aa3443c8e4aadc0af2dc3ac647d0fa1b5ac99cd6987abafe6d690ae71cd5fd2aeeabe7589bfb4748aabdfba,blockNumber=2226
info|2023-07-08 19:27:15.556681|[RPCWS][SERVICE][onRecvBlockNotifier]receive block number notifier,group=group0,node=98a7f70ec883a722219d92253cf073a72605f4087aa3443c8e4aadc0af2dc3ac647d0fa1b5ac99cd6987abafe6d690ae71cd5fd2aeeabe7589bfb4748aabdfba,blockNumber=2226
info|2023-07-08 19:27:15.556687|[RPCWS][SERVICE][updateGroupBlockNumber],groupID=group0,_blockNumber=2226
info|2023-07-08 19:27:15.556691|[RPCWS][SERVICE][onRecvBlockNotifier]block notifier callback,group=group0,node=98a7f70ec883a722219d92253cf073a72605f4087aa3443c8e4aadc0af2dc3ac647d0fa1b5ac99cd6987abafe6d690ae71cd5fd2aeeabe7589bfb4748aabdfba,blockNumber=2226
info|2023-07-08 19:27:15.556694|[WS]receive block notify,endpoint=127.0.0.1:20200,blk={
	"blockNumber" : 2226,
	"group" : "group0",
	"nodeName" : "98a7f70ec883a722219d92253cf073a72605f4087aa3443c8e4aadc0af2dc3ac647d0fa1b5ac99cd6987abafe6d690ae71cd5fd2aeeabe7589bfb4748aabdfba"
}
info|2023-07-08 19:27:15.609597|[RPC][BLOCK][NUMBER][fromJson],group=group0,node=2f993327933ad58672518b6d4f63920cbc68b80f78f4d81192552ee6362f5cc81ee13bdc678ad65f06e76444cadb53b33694cfb3fc7679b8000411975fedd28a,blockNumber=2226
info|2023-07-08 19:27:15.609616|[RPCWS][SERVICE][onRecvBlockNotifier]receive block number notifier,group=group0,node=2f993327933ad58672518b6d4f63920cbc68b80f78f4d81192552ee6362f5cc81ee13bdc678ad65f06e76444cadb53b33694cfb3fc7679b8000411975fedd28a,blockNumber=2226
info|2023-07-08 19:27:15.609622|[WS]receive block notify,endpoint=127.0.0.1:20201,blk={
	"blockNumber" : 2226,
	"group" : "group0",
	"nodeName" : "2f993327933ad58672518b6d4f63920cbc68b80f78f4d81192552ee6362f5cc81ee13bdc678ad65f06e76444cadb53b33694cfb3fc7679b8000411975fedd28a"
}
info|2023-07-08 19:27:16.072146|[RPC][BLOCK][NUMBER][fromJson],group=group0,node=98a7f70ec883a722219d92253cf073a72605f4087aa3443c8e4aadc0af2dc3ac647d0fa1b5ac99cd6987abafe6d690ae71cd5fd2aeeabe7589bfb4748aabdfba,blockNumber=2227
info|2023-07-08 19:27:16.072190|[RPCWS][SERVICE][onRecvBlockNotifier]receive block number notifier,group=group0,node=98a7f70ec883a722219d92253cf073a72605f4087aa3443c8e4aadc0af2dc3ac647d0fa1b5ac99cd6987abafe6d690ae71cd5fd2aeeabe7589bfb4748aabdfba,blockNumber=2227
info|2023-07-08 19:27:16.072198|[RPCWS][SERVICE][updateGroupBlockNumber],groupID=group0,_blockNumber=2227
info|2023-07-08 19:27:16.072203|[RPCWS][SERVICE][onRecvBlockNotifier]block notifier callback,group=group0,node=98a7f70ec883a722219d92253cf073a72605f4087aa3443c8e4aadc0af2dc3ac647d0fa1b5ac99cd6987abafe6d690ae71cd5fd2aeeabe7589bfb4748aabdfba,blockNumber=2227
info|2023-07-08 19:27:16.072208|[WS]receive block notify,endpoint=127.0.0.1:20200,blk={
	"blockNumber" : 2227,
	"group" : "group0",
	"nodeName" : "98a7f70ec883a722219d92253cf073a72605f4087aa3443c8e4aadc0af2dc3ac647d0fa1b5ac99cd6987abafe6d690ae71cd5fd2aeeabe7589bfb4748aabdfba"
}
info|2023-07-08 19:27:16.126442|[RPC][BLOCK][NUMBER][fromJson],group=group0,node=2f993327933ad58672518b6d4f63920cbc68b80f78f4d81192552ee6362f5cc81ee13bdc678ad65f06e76444cadb53b33694cfb3fc7679b8000411975fedd28a,blockNumber=2227
info|2023-07-08 19:27:16.126465|[RPCWS][SERVICE][onRecvBlockNotifier]receive block number notifier,group=group0,node=2f993327933ad58672518b6d4f63920cbc68b80f78f4d81192552ee6362f5cc81ee13bdc678ad65f06e76444cadb53b33694cfb3fc7679b8000411975fedd28a,blockNumber=2227
info|2023-07-08 19:27:16.126471|[WS]receive block notify,endpoint=127.0.0.1:20201,blk={
	"blockNumber" : 2227,
	"group" : "group0",
	"nodeName" : "2f993327933ad58672518b6d4f63920cbc68b80f78f4d81192552ee6362f5cc81ee13bdc678ad65f06e76444cadb53b33694cfb3fc7679b8000411975fedd28a"
}
info|2023-07-08 19:27:16.634937|[RPC][BLOCK][NUMBER][fromJson],group=group0,node=98a7f70ec883a722219d92253cf073a72605f4087aa3443c8e4aadc0af2dc3ac647d0fa1b5ac99cd6987abafe6d690ae71cd5fd2aeeabe7589bfb4748aabdfba,blockNumber=2228
info|2023-07-08 19:27:16.634961|[RPCWS][SERVICE][onRecvBlockNotifier]receive block number notifier,group=group0,node=98a7f70ec883a722219d92253cf073a72605f4087aa3443c8e4aadc0af2dc3ac647d0fa1b5ac99cd6987abafe6d690ae71cd5fd2aeeabe7589bfb4748aabdfba,blockNumber=2228
info|2023-07-08 19:27:16.634967|[RPCWS][SERVICE][updateGroupBlockNumber],groupID=group0,_blockNumber=2228
info|2023-07-08 19:27:16.634972|[RPCWS][SERVICE][onRecvBlockNotifier]block notifier callback,group=group0,node=98a7f70ec883a722219d92253cf073a72605f4087aa3443c8e4aadc0af2dc3ac647d0fa1b5ac99cd6987abafe6d690ae71cd5fd2aeeabe7589bfb4748aabdfba,blockNumber=2228
info|2023-07-08 19:27:16.634975|[WS]receive block notify,endpoint=127.0.0.1:20200,blk={
	"blockNumber" : 2228,
	"group" : "group0",
	"nodeName" : "98a7f70ec883a722219d92253cf073a72605f4087aa3443c8e4aadc0af2dc3ac647d0fa1b5ac99cd6987abafe6d690ae71cd5fd2aeeabe7589bfb4748aabdfba"
}
info|2023-07-08 19:27:16.660478|[RPC][BLOCK][NUMBER][fromJson],group=group0,node=2f993327933ad58672518b6d4f63920cbc68b80f78f4d81192552ee6362f5cc81ee13bdc678ad65f06e76444cadb53b33694cfb3fc7679b8000411975fedd28a,blockNumber=2228
info|2023-07-08 19:27:16.660498|[RPCWS][SERVICE][onRecvBlockNotifier]receive block number notifier,group=group0,node=2f993327933ad58672518b6d4f63920cbc68b80f78f4d81192552ee6362f5cc81ee13bdc678ad65f06e76444cadb53b33694cfb3fc7679b8000411975fedd28a,blockNumber=2228
info|2023-07-08 19:27:16.660505|[WS]receive block notify,endpoint=127.0.0.1:20201,blk={
	"blockNumber" : 2228,
	"group" : "group0",
	"nodeName" : "2f993327933ad58672518b6d4f63920cbc68b80f78f4d81192552ee6362f5cc81ee13bdc678ad65f06e76444cadb53b33694cfb3fc7679b8000411975fedd28a"
}
info|2023-07-08 19:27:17.230286|[RPC][BLOCK][NUMBER][fromJson],group=group0,node=98a7f70ec883a722219d92253cf073a72605f4087aa3443c8e4aadc0af2dc3ac647d0fa1b5ac99cd6987abafe6d690ae71cd5fd2aeeabe7589bfb4748aabdfba,blockNumber=2229
info|2023-07-08 19:27:17.230341|[RPCWS][SERVICE][onRecvBlockNotifier]receive block number notifier,group=group0,node=98a7f70ec883a722219d92253cf073a72605f4087aa3443c8e4aadc0af2dc3ac647d0fa1b5ac99cd6987abafe6d690ae71cd5fd2aeeabe7589bfb4748aabdfba,blockNumber=2229
info|2023-07-08 19:27:17.230351|[RPCWS][SERVICE][updateGroupBlockNumber],groupID=group0,_blockNumber=2229
info|2023-07-08 19:27:17.230358|[RPCWS][SERVICE][onRecvBlockNotifier]block notifier callback,group=group0,node=98a7f70ec883a722219d92253cf073a72605f4087aa3443c8e4aadc0af2dc3ac647d0fa1b5ac99cd6987abafe6d690ae71cd5fd2aeeabe7589bfb4748aabdfba,blockNumber=2229
info|2023-07-08 19:27:17.230363|[WS]receive block notify,endpoint=127.0.0.1:20200,blk={
	"blockNumber" : 2229,
	"group" : "group0",
	"nodeName" : "98a7f70ec883a722219d92253cf073a72605f4087aa3443c8e4aadc0af2dc3ac647d0fa1b5ac99cd6987abafe6d690ae71cd5fd2aeeabe7589bfb4748aabdfba"
}
info|2023-07-08 19:27:17.240152|[RPC][BLOCK][NUMBER][fromJson],group=group0,node=2f993327933ad58672518b6d4f63920cbc68b80f78f4d81192552ee6362f5cc81ee13bdc678ad65f06e76444cadb53b33694cfb3fc7679b8000411975fedd28a,blockNumber=2229
info|2023-07-08 19:27:17.240177|[RPCWS][SERVICE][onRecvBlockNotifier]receive block number notifier,group=group0,node=2f993327933ad58672518b6d4f63920cbc68b80f78f4d81192552ee6362f5cc81ee13bdc678ad65f06e76444cadb53b33694cfb3fc7679b8000411975fedd28a,blockNumber=2229
info|2023-07-08 19:27:17.240184|[WS]receive block notify,endpoint=127.0.0.1:20201,blk={
	"blockNumber" : 2229,
	"group" : "group0",
	"nodeName" : "2f993327933ad58672518b6d4f63920cbc68b80f78f4d81192552ee6362f5cc81ee13bdc678ad65f06e76444cadb53b33694cfb3fc7679b8000411975fedd28a"
}
info|2023-07-08 19:27:17.802998|[RPC][BLOCK][NUMBER][fromJson],group=group0,node=98a7f70ec883a722219d92253cf073a72605f4087aa3443c8e4aadc0af2dc3ac647d0fa1b5ac99cd6987abafe6d690ae71cd5fd2aeeabe7589bfb4748aabdfba,blockNumber=2230
info|2023-07-08 19:27:17.803039|[RPCWS][SERVICE][onRecvBlockNotifier]receive block number notifier,group=group0,node=98a7f70ec883a722219d92253cf073a72605f4087aa3443c8e4aadc0af2dc3ac647d0fa1b5ac99cd6987abafe6d690ae71cd5fd2aeeabe7589bfb4748aabdfba,blockNumber=2230
info|2023-07-08 19:27:17.803047|[RPCWS][SERVICE][updateGroupBlockNumber],groupID=group0,_blockNumber=2230
info|2023-07-08 19:27:17.803052|[RPCWS][SERVICE][onRecvBlockNotifier]block notifier callback,group=group0,node=98a7f70ec883a722219d92253cf073a72605f4087aa3443c8e4aadc0af2dc3ac647d0fa1b5ac99cd6987abafe6d690ae71cd5fd2aeeabe7589bfb4748aabdfba,blockNumber=2230
info|2023-07-08 19:27:17.803056|[WS]receive block notify,endpoint=127.0.0.1:20200,blk={
	"blockNumber" : 2230,
	"group" : "group0",
	"nodeName" : "98a7f70ec883a722219d92253cf073a72605f4087aa3443c8e4aadc0af2dc3ac647d0fa1b5ac99cd6987abafe6d690ae71cd5fd2aeeabe7589bfb4748aabdfba"
}
info|2023-07-08 19:27:17.843788|[RPC][BLOCK][NUMBER][fromJson],group=group0,node=2f993327933ad58672518b6d4f63920cbc68b80f78f4d81192552ee6362f5cc81ee13bdc678ad65f06e76444cadb53b33694cfb3fc7679b8000411975fedd28a,blockNumber=2230
info|2023-07-08 19:27:17.843822|[RPCWS][SERVICE][onRecvBlockNotifier]receive block number notifier,group=group0,node=2f993327933ad58672518b6d4f63920cbc68b80f78f4d81192552ee6362f5cc81ee13bdc678ad65f06e76444cadb53b33694cfb3fc7679b8000411975fedd28a,blockNumber=2230
info|2023-07-08 19:27:17.843830|[WS]receive block notify,endpoint=127.0.0.1:20201,blk={
	"blockNumber" : 2230,
	"group" : "group0",
	"nodeName" : "2f993327933ad58672518b6d4f63920cbc68b80f78f4d81192552ee6362f5cc81ee13bdc678ad65f06e76444cadb53b33694cfb3fc7679b8000411975fedd28a"
}
info|2023-07-08 19:27:18.353202|[RPC][BLOCK][NUMBER][fromJson],group=group0,node=98a7f70ec883a722219d92253cf073a72605f4087aa3443c8e4aadc0af2dc3ac647d0fa1b5ac99cd6987abafe6d690ae71cd5fd2aeeabe7589bfb4748aabdfba,blockNumber=2231
info|2023-07-08 19:27:18.353235|[RPCWS][SERVICE][onRecvBlockNotifier]receive block number notifier,group=group0,node=98a7f70ec883a722219d92253cf073a72605f4087aa3443c8e4aadc0af2dc3ac647d0fa1b5ac99cd6987abafe6d690ae71cd5fd2aeeabe7589bfb4748aabdfba,blockNumber=2231
info|2023-07-08 19:27:18.353243|[RPCWS][SERVICE][updateGroupBlockNumber],groupID=group0,_blockNumber=2231
info|2023-07-08 19:27:18.353283|[RPCWS][SERVICE][onRecvBlockNotifier]block notifier callback,group=group0,node=98a7f70ec883a722219d92253cf073a72605f4087aa3443c8e4aadc0af2dc3ac647d0fa1b5ac99cd6987abafe6d690ae71cd5fd2aeeabe7589bfb4748aabdfba,blockNumber=2231
info|2023-07-08 19:27:18.353290|[WS]receive block notify,endpoint=127.0.0.1:20200,blk={
	"blockNumber" : 2231,
	"group" : "group0",
	"nodeName" : "98a7f70ec883a722219d92253cf073a72605f4087aa3443c8e4aadc0af2dc3ac647d0fa1b5ac99cd6987abafe6d690ae71cd5fd2aeeabe7589bfb4748aabdfba"
}
info|2023-07-08 19:27:18.430671|[RPC][BLOCK][NUMBER][fromJson],group=group0,node=2f993327933ad58672518b6d4f63920cbc68b80f78f4d81192552ee6362f5cc81ee13bdc678ad65f06e76444cadb53b33694cfb3fc7679b8000411975fedd28a,blockNumber=2231
info|2023-07-08 19:27:18.430692|[RPCWS][SERVICE][onRecvBlockNotifier]receive block number notifier,group=group0,node=2f993327933ad58672518b6d4f63920cbc68b80f78f4d81192552ee6362f5cc81ee13bdc678ad65f06e76444cadb53b33694cfb3fc7679b8000411975fedd28a,blockNumber=2231
info|2023-07-08 19:27:18.430699|[WS]receive block notify,endpoint=127.0.0.1:20201,blk={
	"blockNumber" : 2231,
	"group" : "group0",
	"nodeName" : "2f993327933ad58672518b6d4f63920cbc68b80f78f4d81192552ee6362f5cc81ee13bdc678ad65f06e76444cadb53b33694cfb3fc7679b8000411975fedd28a"
}
info|2023-07-08 19:27:18.894151|[RPC][BLOCK][NUMBER][fromJson],group=group0,node=98a7f70ec883a722219d92253cf073a72605f4087aa3443c8e4aadc0af2dc3ac647d0fa1b5ac99cd6987abafe6d690ae71cd5fd2aeeabe7589bfb4748aabdfba,blockNumber=2232
info|2023-07-08 19:27:18.894174|[RPCWS][SERVICE][onRecvBlockNotifier]receive block number notifier,group=group0,node=98a7f70ec883a722219d92253cf073a72605f4087aa3443c8e4aadc0af2dc3ac647d0fa1b5ac99cd6987abafe6d690ae71cd5fd2aeeabe7589bfb4748aabdfba,blockNumber=2232
info|2023-07-08 19:27:18.894179|[RPCWS][SERVICE][updateGroupBlockNumber],groupID=group0,_blockNumber=2232
info|2023-07-08 19:27:18.894184|[RPCWS][SERVICE][onRecvBlockNotifier]block notifier callback,group=group0,node=98a7f70ec883a722219d92253cf073a72605f4087aa3443c8e4aadc0af2dc3ac647d0fa1b5ac99cd6987abafe6d690ae71cd5fd2aeeabe7589bfb4748aabdfba,blockNumber=2232
info|2023-07-08 19:27:18.894188|[WS]receive block notify,endpoint=127.0.0.1:20200,blk={
	"blockNumber" : 2232,
	"group" : "group0",
	"nodeName" : "98a7f70ec883a722219d92253cf073a72605f4087aa3443c8e4aadc0af2dc3ac647d0fa1b5ac99cd6987abafe6d690ae71cd5fd2aeeabe7589bfb4748aabdfba"
}
info|2023-07-08 19:27:18.938590|[RPC][BLOCK][NUMBER][fromJson],group=group0,node=2f993327933ad58672518b6d4f63920cbc68b80f78f4d81192552ee6362f5cc81ee13bdc678ad65f06e76444cadb53b33694cfb3fc7679b8000411975fedd28a,blockNumber=2232
info|2023-07-08 19:27:18.938612|[RPCWS][SERVICE][onRecvBlockNotifier]receive block number notifier,group=group0,node=2f993327933ad58672518b6d4f63920cbc68b80f78f4d81192552ee6362f5cc81ee13bdc678ad65f06e76444cadb53b33694cfb3fc7679b8000411975fedd28a,blockNumber=2232
info|2023-07-08 19:27:18.938618|[WS]receive block notify,endpoint=127.0.0.1:20201,blk={
	"blockNumber" : 2232,
	"group" : "group0",
	"nodeName" : "2f993327933ad58672518b6d4f63920cbc68b80f78f4d81192552ee6362f5cc81ee13bdc678ad65f06e76444cadb53b33694cfb3fc7679b8000411975fedd28a"
}
info|2023-07-08 19:27:19.453575|[RPC][BLOCK][NUMBER][fromJson],group=group0,node=98a7f70ec883a722219d92253cf073a72605f4087aa3443c8e4aadc0af2dc3ac647d0fa1b5ac99cd6987abafe6d690ae71cd5fd2aeeabe7589bfb4748aabdfba,blockNumber=2233
info|2023-07-08 19:27:19.453636|[RPCWS][SERVICE][onRecvBlockNotifier]receive block number notifier,group=group0,node=98a7f70ec883a722219d92253cf073a72605f4087aa3443c8e4aadc0af2dc3ac647d0fa1b5ac99cd6987abafe6d690ae71cd5fd2aeeabe7589bfb4748aabdfba,blockNumber=2233
info|2023-07-08 19:27:19.453648|[RPCWS][SERVICE][updateGroupBlockNumber],groupID=group0,_blockNumber=2233
info|2023-07-08 19:27:19.453653|[RPCWS][SERVICE][onRecvBlockNotifier]block notifier callback,group=group0,node=98a7f70ec883a722219d92253cf073a72605f4087aa3443c8e4aadc0af2dc3ac647d0fa1b5ac99cd6987abafe6d690ae71cd5fd2aeeabe7589bfb4748aabdfba,blockNumber=2233
info|2023-07-08 19:27:19.453658|[WS]receive block notify,endpoint=127.0.0.1:20200,blk={
	"blockNumber" : 2233,
	"group" : "group0",
	"nodeName" : "98a7f70ec883a722219d92253cf073a72605f4087aa3443c8e4aadc0af2dc3ac647d0fa1b5ac99cd6987abafe6d690ae71cd5fd2aeeabe7589bfb4748aabdfba"
}
info|2023-07-08 19:27:19.476018|[RPC][BLOCK][NUMBER][fromJson],group=group0,node=2f993327933ad58672518b6d4f63920cbc68b80f78f4d81192552ee6362f5cc81ee13bdc678ad65f06e76444cadb53b33694cfb3fc7679b8000411975fedd28a,blockNumber=2233
info|2023-07-08 19:27:19.476055|[RPCWS][SERVICE][onRecvBlockNotifier]receive block number notifier,group=group0,node=2f993327933ad58672518b6d4f63920cbc68b80f78f4d81192552ee6362f5cc81ee13bdc678ad65f06e76444cadb53b33694cfb3fc7679b8000411975fedd28a,blockNumber=2233
info|2023-07-08 19:27:19.476063|[WS]receive block notify,endpoint=127.0.0.1:20201,blk={
	"blockNumber" : 2233,
	"group" : "group0",
	"nodeName" : "2f993327933ad58672518b6d4f63920cbc68b80f78f4d81192552ee6362f5cc81ee13bdc678ad65f06e76444cadb53b33694cfb3fc7679b8000411975fedd28a"
}
info|2023-07-08 19:27:20.043564|[RPC][BLOCK][NUMBER][fromJson],group=group0,node=98a7f70ec883a722219d92253cf073a72605f4087aa3443c8e4aadc0af2dc3ac647d0fa1b5ac99cd6987abafe6d690ae71cd5fd2aeeabe7589bfb4748aabdfba,blockNumber=2234
info|2023-07-08 19:27:20.043594|[RPCWS][SERVICE][onRecvBlockNotifier]receive block number notifier,group=group0,node=98a7f70ec883a722219d92253cf073a72605f4087aa3443c8e4aadc0af2dc3ac647d0fa1b5ac99cd6987abafe6d690ae71cd5fd2aeeabe7589bfb4748aabdfba,blockNumber=2234
info|2023-07-08 19:27:20.043602|[RPCWS][SERVICE][updateGroupBlockNumber],groupID=group0,_blockNumber=2234
info|2023-07-08 19:27:20.043610|[RPCWS][SERVICE][onRecvBlockNotifier]block notifier callback,group=group0,node=98a7f70ec883a722219d92253cf073a72605f4087aa3443c8e4aadc0af2dc3ac647d0fa1b5ac99cd6987abafe6d690ae71cd5fd2aeeabe7589bfb4748aabdfba,blockNumber=2234
info|2023-07-08 19:27:20.043616|[WS]receive block notify,endpoint=127.0.0.1:20200,blk={
	"blockNumber" : 2234,
	"group" : "group0",
	"nodeName" : "98a7f70ec883a722219d92253cf073a72605f4087aa3443c8e4aadc0af2dc3ac647d0fa1b5ac99cd6987abafe6d690ae71cd5fd2aeeabe7589bfb4748aabdfba"
}
info|2023-07-08 19:27:20.077547|[RPC][BLOCK][NUMBER][fromJson],group=group0,node=2f993327933ad58672518b6d4f63920cbc68b80f78f4d81192552ee6362f5cc81ee13bdc678ad65f06e76444cadb53b33694cfb3fc7679b8000411975fedd28a,blockNumber=2234
info|2023-07-08 19:27:20.077577|[RPCWS][SERVICE][onRecvBlockNotifier]receive block number notifier,group=group0,node=2f993327933ad58672518b6d4f63920cbc68b80f78f4d81192552ee6362f5cc81ee13bdc678ad65f06e76444cadb53b33694cfb3fc7679b8000411975fedd28a,blockNumber=2234
info|2023-07-08 19:27:20.077586|[WS]receive block notify,endpoint=127.0.0.1:20201,blk={
	"blockNumber" : 2234,
	"group" : "group0",
	"nodeName" : "2f993327933ad58672518b6d4f63920cbc68b80f78f4d81192552ee6362f5cc81ee13bdc678ad65f06e76444cadb53b33694cfb3fc7679b8000411975fedd28a"
}
info|2023-07-08 19:27:20.605725|[RPC][BLOCK][NUMBER][fromJson],group=group0,node=98a7f70ec883a722219d92253cf073a72605f4087aa3443c8e4aadc0af2dc3ac647d0fa1b5ac99cd6987abafe6d690ae71cd5fd2aeeabe7589bfb4748aabdfba,blockNumber=2235
info|2023-07-08 19:27:20.605754|[RPCWS][SERVICE][onRecvBlockNotifier]receive block number notifier,group=group0,node=98a7f70ec883a722219d92253cf073a72605f4087aa3443c8e4aadc0af2dc3ac647d0fa1b5ac99cd6987abafe6d690ae71cd5fd2aeeabe7589bfb4748aabdfba,blockNumber=2235
info|2023-07-08 19:27:20.605762|[RPCWS][SERVICE][updateGroupBlockNumber],groupID=group0,_blockNumber=2235
info|2023-07-08 19:27:20.605816|[RPCWS][SERVICE][onRecvBlockNotifier]block notifier callback,group=group0,node=98a7f70ec883a722219d92253cf073a72605f4087aa3443c8e4aadc0af2dc3ac647d0fa1b5ac99cd6987abafe6d690ae71cd5fd2aeeabe7589bfb4748aabdfba,blockNumber=2235
info|2023-07-08 19:27:20.605823|[WS]receive block notify,endpoint=127.0.0.1:20200,blk={
	"blockNumber" : 2235,
	"group" : "group0",
	"nodeName" : "98a7f70ec883a722219d92253cf073a72605f4087aa3443c8e4aadc0af2dc3ac647d0fa1b5ac99cd6987abafe6d690ae71cd5fd2aeeabe7589bfb4748aabdfba"
}
info|2023-07-08 19:27:20.640867|[RPC][BLOCK][NUMBER][fromJson],group=group0,node=2f993327933ad58672518b6d4f63920cbc68b80f78f4d81192552ee6362f5cc81ee13bdc678ad65f06e76444cadb53b33694cfb3fc7679b8000411975fedd28a,blockNumber=2235
info|2023-07-08 19:27:20.640895|[RPCWS][SERVICE][onRecvBlockNotifier]receive block number notifier,group=group0,node=2f993327933ad58672518b6d4f63920cbc68b80f78f4d81192552ee6362f5cc81ee13bdc678ad65f06e76444cadb53b33694cfb3fc7679b8000411975fedd28a,blockNumber=2235
info|2023-07-08 19:27:20.640903|[WS]receive block notify,endpoint=127.0.0.1:20201,blk={
	"blockNumber" : 2235,
	"group" : "group0",
	"nodeName" : "2f993327933ad58672518b6d4f63920cbc68b80f78f4d81192552ee6362f5cc81ee13bdc678ad65f06e76444cadb53b33694cfb3fc7679b8000411975fedd28a"
}
info|2023-07-08 19:27:21.195119|[RPC][BLOCK][NUMBER][fromJson],group=group0,node=98a7f70ec883a722219d92253cf073a72605f4087aa3443c8e4aadc0af2dc3ac647d0fa1b5ac99cd6987abafe6d690ae71cd5fd2aeeabe7589bfb4748aabdfba,blockNumber=2236
info|2023-07-08 19:27:21.195202|[RPCWS][SERVICE][onRecvBlockNotifier]receive block number notifier,group=group0,node=98a7f70ec883a722219d92253cf073a72605f4087aa3443c8e4aadc0af2dc3ac647d0fa1b5ac99cd6987abafe6d690ae71cd5fd2aeeabe7589bfb4748aabdfba,blockNumber=2236
info|2023-07-08 19:27:21.195215|[RPCWS][SERVICE][updateGroupBlockNumber],groupID=group0,_blockNumber=2236
info|2023-07-08 19:27:21.195223|[RPCWS][SERVICE][onRecvBlockNotifier]block notifier callback,group=group0,node=98a7f70ec883a722219d92253cf073a72605f4087aa3443c8e4aadc0af2dc3ac647d0fa1b5ac99cd6987abafe6d690ae71cd5fd2aeeabe7589bfb4748aabdfba,blockNumber=2236
info|2023-07-08 19:27:21.195230|[WS]receive block notify,endpoint=127.0.0.1:20200,blk={
	"blockNumber" : 2236,
	"group" : "group0",
	"nodeName" : "98a7f70ec883a722219d92253cf073a72605f4087aa3443c8e4aadc0af2dc3ac647d0fa1b5ac99cd6987abafe6d690ae71cd5fd2aeeabe7589bfb4748aabdfba"
}
info|2023-07-08 19:27:21.203593|[RPC][BLOCK][NUMBER][fromJson],group=group0,node=2f993327933ad58672518b6d4f63920cbc68b80f78f4d81192552ee6362f5cc81ee13bdc678ad65f06e76444cadb53b33694cfb3fc7679b8000411975fedd28a,blockNumber=2236
info|2023-07-08 19:27:21.203627|[RPCWS][SERVICE][onRecvBlockNotifier]receive block number notifier,group=group0,node=2f993327933ad58672518b6d4f63920cbc68b80f78f4d81192552ee6362f5cc81ee13bdc678ad65f06e76444cadb53b33694cfb3fc7679b8000411975fedd28a,blockNumber=2236
info|2023-07-08 19:27:21.203637|[WS]receive block notify,endpoint=127.0.0.1:20201,blk={
	"blockNumber" : 2236,
	"group" : "group0",
	"nodeName" : "2f993327933ad58672518b6d4f63920cbc68b80f78f4d81192552ee6362f5cc81ee13bdc678ad65f06e76444cadb53b33694cfb3fc7679b8000411975fedd28a"
}
info|2023-07-08 19:27:21.683861|[RPC][BLOCK][NUMBER][fromJson],group=group0,node=98a7f70ec883a722219d92253cf073a72605f4087aa3443c8e4aadc0af2dc3ac647d0fa1b5ac99cd6987abafe6d690ae71cd5fd2aeeabe7589bfb4748aabdfba,blockNumber=2237
info|2023-07-08 19:27:21.683904|[RPCWS][SERVICE][onRecvBlockNotifier]receive block number notifier,group=group0,node=98a7f70ec883a722219d92253cf073a72605f4087aa3443c8e4aadc0af2dc3ac647d0fa1b5ac99cd6987abafe6d690ae71cd5fd2aeeabe7589bfb4748aabdfba,blockNumber=2237
info|2023-07-08 19:27:21.683913|[RPCWS][SERVICE][updateGroupBlockNumber],groupID=group0,_blockNumber=2237
info|2023-07-08 19:27:21.683918|[RPCWS][SERVICE][onRecvBlockNotifier]block notifier callback,group=group0,node=98a7f70ec883a722219d92253cf073a72605f4087aa3443c8e4aadc0af2dc3ac647d0fa1b5ac99cd6987abafe6d690ae71cd5fd2aeeabe7589bfb4748aabdfba,blockNumber=2237
info|2023-07-08 19:27:21.683923|[WS]receive block notify,endpoint=127.0.0.1:20200,blk={
	"blockNumber" : 2237,
	"group" : "group0",
	"nodeName" : "98a7f70ec883a722219d92253cf073a72605f4087aa3443c8e4aadc0af2dc3ac647d0fa1b5ac99cd6987abafe6d690ae71cd5fd2aeeabe7589bfb4748aabdfba"
}
info|2023-07-08 19:27:21.780162|[RPC][BLOCK][NUMBER][fromJson],group=group0,node=2f993327933ad58672518b6d4f63920cbc68b80f78f4d81192552ee6362f5cc81ee13bdc678ad65f06e76444cadb53b33694cfb3fc7679b8000411975fedd28a,blockNumber=2237
info|2023-07-08 19:27:21.780190|[RPCWS][SERVICE][onRecvBlockNotifier]receive block number notifier,group=group0,node=2f993327933ad58672518b6d4f63920cbc68b80f78f4d81192552ee6362f5cc81ee13bdc678ad65f06e76444cadb53b33694cfb3fc7679b8000411975fedd28a,blockNumber=2237
info|2023-07-08 19:27:21.780198|[WS]receive block notify,endpoint=127.0.0.1:20201,blk={
	"blockNumber" : 2237,
	"group" : "group0",
	"nodeName" : "2f993327933ad58672518b6d4f63920cbc68b80f78f4d81192552ee6362f5cc81ee13bdc678ad65f06e76444cadb53b33694cfb3fc7679b8000411975fedd28a"
}
info|2023-07-08 19:27:22.380016|[RPC][BLOCK][NUMBER][fromJson],group=group0,node=98a7f70ec883a722219d92253cf073a72605f4087aa3443c8e4aadc0af2dc3ac647d0fa1b5ac99cd6987abafe6d690ae71cd5fd2aeeabe7589bfb4748aabdfba,blockNumber=2238
info|2023-07-08 19:27:22.380078|[RPCWS][SERVICE][onRecvBlockNotifier]receive block number notifier,group=group0,node=98a7f70ec883a722219d92253cf073a72605f4087aa3443c8e4aadc0af2dc3ac647d0fa1b5ac99cd6987abafe6d690ae71cd5fd2aeeabe7589bfb4748aabdfba,blockNumber=2238
info|2023-07-08 19:27:22.380087|[RPCWS][SERVICE][updateGroupBlockNumber],groupID=group0,_blockNumber=2238
info|2023-07-08 19:27:22.380094|[RPCWS][SERVICE][onRecvBlockNotifier]block notifier callback,group=group0,node=98a7f70ec883a722219d92253cf073a72605f4087aa3443c8e4aadc0af2dc3ac647d0fa1b5ac99cd6987abafe6d690ae71cd5fd2aeeabe7589bfb4748aabdfba,blockNumber=2238
info|2023-07-08 19:27:22.380099|[WS]receive block notify,endpoint=127.0.0.1:20200,blk={
	"blockNumber" : 2238,
	"group" : "group0",
	"nodeName" : "98a7f70ec883a722219d92253cf073a72605f4087aa3443c8e4aadc0af2dc3ac647d0fa1b5ac99cd6987abafe6d690ae71cd5fd2aeeabe7589bfb4748aabdfba"
}
info|2023-07-08 19:27:22.389629|[RPC][BLOCK][NUMBER][fromJson],group=group0,node=2f993327933ad58672518b6d4f63920cbc68b80f78f4d81192552ee6362f5cc81ee13bdc678ad65f06e76444cadb53b33694cfb3fc7679b8000411975fedd28a,blockNumber=2238
info|2023-07-08 19:27:22.389661|[RPCWS][SERVICE][onRecvBlockNotifier]receive block number notifier,group=group0,node=2f993327933ad58672518b6d4f63920cbc68b80f78f4d81192552ee6362f5cc81ee13bdc678ad65f06e76444cadb53b33694cfb3fc7679b8000411975fedd28a,blockNumber=2238
info|2023-07-08 19:27:22.389672|[WS]receive block notify,endpoint=127.0.0.1:20201,blk={
	"blockNumber" : 2238,
	"group" : "group0",
	"nodeName" : "2f993327933ad58672518b6d4f63920cbc68b80f78f4d81192552ee6362f5cc81ee13bdc678ad65f06e76444cadb53b33694cfb3fc7679b8000411975fedd28a"
}
info|2023-07-08 19:27:29.655654|[EVENT][SUB][doLoop]event sub tasks report,working event sub count=0,suspend event sub count=0
info|2023-07-08 19:27:30.119223|[SDK][WS][SERVICE]connected nodes,count=2
info|2023-07-08 19:27:49.655808|[EVENT][SUB][doLoop]event sub tasks report,working event sub count=0,suspend event sub count=0
info|2023-07-08 19:27:50.119685|[SDK][WS][SERVICE]connected nodes,count=2
info|2023-07-08 19:28:09.656108|[EVENT][SUB][doLoop]event sub tasks report,working event sub count=0,suspend event sub count=0
info|2023-07-08 19:28:10.120451|[SDK][WS][SERVICE]connected nodes,count=2
info|2023-07-08 19:28:29.656554|[EVENT][SUB][doLoop]event sub tasks report,working event sub count=0,suspend event sub count=0
info|2023-07-08 19:28:30.121151|[SDK][WS][SERVICE]connected nodes,count=2
info|2023-07-08 19:28:49.657016|[EVENT][SUB][doLoop]event sub tasks report,working event sub count=0,suspend event sub count=0
info|2023-07-08 19:28:50.121373|[SDK][WS][SERVICE]connected nodes,count=2
info|2023-07-08 19:29:09.657432|[EVENT][SUB][doLoop]event sub tasks report,working event sub count=0,suspend event sub count=0
info|2023-07-08 19:29:10.121692|[SDK][WS][SERVICE]connected nodes,count=2
info|2023-07-08 19:29:29.657545|[EVENT][SUB][doLoop]event sub tasks report,working event sub count=0,suspend event sub count=0
info|2023-07-08 19:29:30.121863|[SDK][WS][SERVICE]connected nodes,count=2
info|2023-07-08 19:29:49.657668|[EVENT][SUB][doLoop]event sub tasks report,working event sub count=0,suspend event sub count=0
info|2023-07-08 19:29:50.122046|[SDK][WS][SERVICE]connected nodes,count=2
info|2023-07-08 19:30:09.658167|[EVENT][SUB][doLoop]event sub tasks report,working event sub count=0,suspend event sub count=0
info|2023-07-08 19:30:10.122408|[SDK][WS][SERVICE]connected nodes,count=2
info|2023-07-08 19:30:29.658280|[EVENT][SUB][doLoop]event sub tasks report,working event sub count=0,suspend event sub count=0
info|2023-07-08 19:30:30.122686|[SDK][WS][SERVICE]connected nodes,count=2
info|2023-07-08 19:30:49.658814|[EVENT][SUB][doLoop]event sub tasks report,working event sub count=0,suspend event sub count=0
info|2023-07-08 19:30:50.123055|[SDK][WS][SERVICE]connected nodes,count=2
info|2023-07-08 19:31:09.659026|[EVENT][SUB][doLoop]event sub tasks report,working event sub count=0,suspend event sub count=0
info|2023-07-08 19:31:10.123649|[SDK][WS][SERVICE]connected nodes,count=2
info|2023-07-08 19:31:29.659567|[EVENT][SUB][doLoop]event sub tasks report,working event sub count=0,suspend event sub count=0
info|2023-07-08 19:31:30.124146|[SDK][WS][SERVICE]connected nodes,count=2
info|2023-07-08 19:31:49.659810|[EVENT][SUB][doLoop]event sub tasks report,working event sub count=0,suspend event sub count=0
info|2023-07-08 19:31:50.124403|[SDK][WS][SERVICE]connected nodes,count=2
info|2023-07-08 19:32:09.659894|[EVENT][SUB][doLoop]event sub tasks report,working event sub count=0,suspend event sub count=0
info|2023-07-08 19:32:10.124625|[SDK][WS][SERVICE]connected nodes,count=2
info|2023-07-08 19:32:29.660416|[EVENT][SUB][doLoop]event sub tasks report,working event sub count=0,suspend event sub count=0
info|2023-07-08 19:32:30.125025|[SDK][WS][SERVICE]connected nodes,count=2
info|2023-07-08 19:32:49.660897|[EVENT][SUB][doLoop]event sub tasks report,working event sub count=0,suspend event sub count=0
info|2023-07-08 19:32:50.125329|[SDK][WS][SERVICE]connected nodes,count=2
info|2023-07-08 19:33:09.661556|[EVENT][SUB][doLoop]event sub tasks report,working event sub count=0,suspend event sub count=0
info|2023-07-08 19:33:10.125899|[SDK][WS][SERVICE]connected nodes,count=2
info|2023-07-08 19:33:29.662246|[EVENT][SUB][doLoop]event sub tasks report,working event sub count=0,suspend event sub count=0
info|2023-07-08 19:33:30.126374|[SDK][WS][SERVICE]connected nodes,count=2
info|2023-07-08 19:33:49.662714|[EVENT][SUB][doLoop]event sub tasks report,working event sub count=0,suspend event sub count=0
info|2023-07-08 19:33:50.127237|[SDK][WS][SERVICE]connected nodes,count=2
info|2023-07-08 19:34:09.662928|[EVENT][SUB][doLoop]event sub tasks report,working event sub count=0,suspend event sub count=0
info|2023-07-08 19:34:10.127831|[SDK][WS][SERVICE]connected nodes,count=2
info|2023-07-08 19:34:29.662990|[EVENT][SUB][doLoop]event sub tasks report,working event sub count=0,suspend event sub count=0
info|2023-07-08 19:34:30.128250|[SDK][WS][SERVICE]connected nodes,count=2
info|2023-07-08 19:34:49.663207|[EVENT][SUB][doLoop]event sub tasks report,working event sub count=0,suspend event sub count=0
info|2023-07-08 19:34:50.128388|[SDK][WS][SERVICE]connected nodes,count=2
info|2023-07-08 19:35:09.663296|[EVENT][SUB][doLoop]event sub tasks report,working event sub count=0,suspend event sub count=0
info|2023-07-08 19:35:10.128879|[SDK][WS][SERVICE]connected nodes,count=2
info|2023-07-08 19:35:29.663791|[EVENT][SUB][doLoop]event sub tasks report,working event sub count=0,suspend event sub count=0
info|2023-07-08 19:35:30.129010|[SDK][WS][SERVICE]connected nodes,count=2
info|2023-07-08 19:35:49.664407|[EVENT][SUB][doLoop]event sub tasks report,working event sub count=0,suspend event sub count=0
info|2023-07-08 19:35:50.129480|[SDK][WS][SERVICE]connected nodes,count=2
info|2023-07-08 19:36:09.664615|[EVENT][SUB][doLoop]event sub tasks report,working event sub count=0,suspend event sub count=0
info|2023-07-08 19:36:10.130155|[SDK][WS][SERVICE]connected nodes,count=2
info|2023-07-08 19:36:29.665331|[EVENT][SUB][doLoop]event sub tasks report,working event sub count=0,suspend event sub count=0
info|2023-07-08 19:36:30.130353|[SDK][WS][SERVICE]connected nodes,count=2
info|2023-07-08 19:36:49.665885|[EVENT][SUB][doLoop]event sub tasks report,working event sub count=0,suspend event sub count=0
info|2023-07-08 19:36:50.130754|[SDK][WS][SERVICE]connected nodes,count=2
info|2023-07-08 19:37:09.665988|[EVENT][SUB][doLoop]event sub tasks report,working event sub count=0,suspend event sub count=0
info|2023-07-08 19:37:10.131442|[SDK][WS][SERVICE]connected nodes,count=2
info|2023-07-08 19:37:29.666344|[EVENT][SUB][doLoop]event sub tasks report,working event sub count=0,suspend event sub count=0
info|2023-07-08 19:37:30.131793|[SDK][WS][SERVICE]connected nodes,count=2
info|2023-07-08 19:37:49.666678|[EVENT][SUB][doLoop]event sub tasks report,working event sub count=0,suspend event sub count=0
info|2023-07-08 19:37:50.131922|[SDK][WS][SERVICE]connected nodes,count=2
info|2023-07-08 19:38:09.666988|[EVENT][SUB][doLoop]event sub tasks report,working event sub count=0,suspend event sub count=0
info|2023-07-08 19:38:10.133707|[SDK][WS][SERVICE]connected nodes,count=2
info|2023-07-08 19:38:29.667209|[EVENT][SUB][doLoop]event sub tasks report,working event sub count=0,suspend event sub count=0
info|2023-07-08 19:38:30.134565|[SDK][WS][SERVICE]connected nodes,count=2
info|2023-07-08 19:38:49.667692|[EVENT][SUB][doLoop]event sub tasks report,working event sub count=0,suspend event sub count=0
info|2023-07-08 19:38:50.134915|[SDK][WS][SERVICE]connected nodes,count=2
info|2023-07-08 19:39:09.667944|[EVENT][SUB][doLoop]event sub tasks report,working event sub count=0,suspend event sub count=0
info|2023-07-08 19:39:10.135284|[SDK][WS][SERVICE]connected nodes,count=2
info|2023-07-08 19:39:29.668097|[EVENT][SUB][doLoop]event sub tasks report,working event sub count=0,suspend event sub count=0
info|2023-07-08 19:39:30.136134|[SDK][WS][SERVICE]connected nodes,count=2
info|2023-07-08 19:39:49.668184|[EVENT][SUB][doLoop]event sub tasks report,working event sub count=0,suspend event sub count=0
info|2023-07-08 19:39:50.136912|[SDK][WS][SERVICE]connected nodes,count=2
info|2023-07-08 19:40:09.668744|[EVENT][SUB][doLoop]event sub tasks report,working event sub count=0,suspend event sub count=0
info|2023-07-08 19:40:10.137616|[SDK][WS][SERVICE]connected nodes,count=2
info|2023-07-08 19:40:29.668929|[EVENT][SUB][doLoop]event sub tasks report,working event sub count=0,suspend event sub count=0
info|2023-07-08 19:40:30.137804|[SDK][WS][SERVICE]connected nodes,count=2
info|2023-07-08 19:40:49.669715|[EVENT][SUB][doLoop]event sub tasks report,working event sub count=0,suspend event sub count=0
info|2023-07-08 19:40:50.138251|[SDK][WS][SERVICE]connected nodes,count=2
info|2023-07-08 19:41:09.670466|[EVENT][SUB][doLoop]event sub tasks report,working event sub count=0,suspend event sub count=0
info|2023-07-08 19:41:10.138595|[SDK][WS][SERVICE]connected nodes,count=2
info|2023-07-08 19:41:29.670739|[EVENT][SUB][doLoop]event sub tasks report,working event sub count=0,suspend event sub count=0
info|2023-07-08 19:41:30.138991|[SDK][WS][SERVICE]connected nodes,count=2
info|2023-07-08 19:41:49.670871|[EVENT][SUB][doLoop]event sub tasks report,working event sub count=0,suspend event sub count=0
info|2023-07-08 19:41:50.139487|[SDK][WS][SERVICE]connected nodes,count=2
info|2023-07-08 19:42:09.671356|[EVENT][SUB][doLoop]event sub tasks report,working event sub count=0,suspend event sub count=0
info|2023-07-08 19:42:10.139594|[SDK][WS][SERVICE]connected nodes,count=2
info|2023-07-08 19:42:29.671764|[EVENT][SUB][doLoop]event sub tasks report,working event sub count=0,suspend event sub count=0
info|2023-07-08 19:42:30.140333|[SDK][WS][SERVICE]connected nodes,count=2
info|2023-07-08 19:42:49.672134|[EVENT][SUB][doLoop]event sub tasks report,working event sub count=0,suspend event sub count=0
info|2023-07-08 19:42:50.140569|[SDK][WS][SERVICE]connected nodes,count=2
info|2023-07-08 19:43:09.672398|[EVENT][SUB][doLoop]event sub tasks report,working event sub count=0,suspend event sub count=0
info|2023-07-08 19:43:10.140715|[SDK][WS][SERVICE]connected nodes,count=2
info|2023-07-08 19:43:29.672829|[EVENT][SUB][doLoop]event sub tasks report,working event sub count=0,suspend event sub count=0
info|2023-07-08 19:43:30.141486|[SDK][WS][SERVICE]connected nodes,count=2
info|2023-07-08 19:43:49.673572|[EVENT][SUB][doLoop]event sub tasks report,working event sub count=0,suspend event sub count=0
info|2023-07-08 19:43:50.141948|[SDK][WS][SERVICE]connected nodes,count=2
info|2023-07-08 19:44:09.674048|[EVENT][SUB][doLoop]event sub tasks report,working event sub count=0,suspend event sub count=0
info|2023-07-08 19:44:10.142406|[SDK][WS][SERVICE]connected nodes,count=2
info|2023-07-08 19:44:29.674397|[EVENT][SUB][doLoop]event sub tasks report,working event sub count=0,suspend event sub count=0
info|2023-07-08 19:44:30.143112|[SDK][WS][SERVICE]connected nodes,count=2
info|2023-07-08 19:44:49.674514|[EVENT][SUB][doLoop]event sub tasks report,working event sub count=0,suspend event sub count=0
info|2023-07-08 19:44:50.143378|[SDK][WS][SERVICE]connected nodes,count=2
info|2023-07-08 19:45:09.674641|[EVENT][SUB][doLoop]event sub tasks report,working event sub count=0,suspend event sub count=0
info|2023-07-08 19:45:10.143839|[SDK][WS][SERVICE]connected nodes,count=2
info|2023-07-08 19:45:29.674929|[EVENT][SUB][doLoop]event sub tasks report,working event sub count=0,suspend event sub count=0
info|2023-07-08 19:45:30.144542|[SDK][WS][SERVICE]connected nodes,count=2
info|2023-07-08 19:45:49.675407|[EVENT][SUB][doLoop]event sub tasks report,working event sub count=0,suspend event sub count=0
info|2023-07-08 19:45:50.145391|[SDK][WS][SERVICE]connected nodes,count=2
info|2023-07-08 19:46:09.675772|[EVENT][SUB][doLoop]event sub tasks report,working event sub count=0,suspend event sub count=0
info|2023-07-08 19:46:10.145545|[SDK][WS][SERVICE]connected nodes,count=2
info|2023-07-08 19:46:29.676088|[EVENT][SUB][doLoop]event sub tasks report,working event sub count=0,suspend event sub count=0
info|2023-07-08 19:46:30.145818|[SDK][WS][SERVICE]connected nodes,count=2
info|2023-07-08 19:46:49.676590|[EVENT][SUB][doLoop]event sub tasks report,working event sub count=0,suspend event sub count=0
info|2023-07-08 19:46:50.146138|[SDK][WS][SERVICE]connected nodes,count=2
info|2023-07-08 19:47:09.677070|[EVENT][SUB][doLoop]event sub tasks report,working event sub count=0,suspend event sub count=0
info|2023-07-08 19:47:10.146413|[SDK][WS][SERVICE]connected nodes,count=2
info|2023-07-08 19:47:29.677300|[EVENT][SUB][doLoop]event sub tasks report,working event sub count=0,suspend event sub count=0
info|2023-07-08 19:47:30.146757|[SDK][WS][SERVICE]connected nodes,count=2
info|2023-07-08 19:47:49.677481|[EVENT][SUB][doLoop]event sub tasks report,working event sub count=0,suspend event sub count=0
info|2023-07-08 19:47:50.147395|[SDK][WS][SERVICE]connected nodes,count=2
info|2023-07-08 19:48:09.678232|[EVENT][SUB][doLoop]event sub tasks report,working event sub count=0,suspend event sub count=0
info|2023-07-08 19:48:10.148197|[SDK][WS][SERVICE]connected nodes,count=2
info|2023-07-08 19:48:29.678304|[EVENT][SUB][doLoop]event sub tasks report,working event sub count=0,suspend event sub count=0
info|2023-07-08 19:48:30.148647|[SDK][WS][SERVICE]connected nodes,count=2
info|2023-07-08 19:48:49.678877|[EVENT][SUB][doLoop]event sub tasks report,working event sub count=0,suspend event sub count=0
info|2023-07-08 19:48:50.149257|[SDK][WS][SERVICE]connected nodes,count=2
info|2023-07-08 19:49:09.679555|[EVENT][SUB][doLoop]event sub tasks report,working event sub count=0,suspend event sub count=0
info|2023-07-08 19:49:10.149970|[SDK][WS][SERVICE]connected nodes,count=2
info|2023-07-08 19:49:29.679940|[EVENT][SUB][doLoop]event sub tasks report,working event sub count=0,suspend event sub count=0
info|2023-07-08 19:49:30.150663|[SDK][WS][SERVICE]connected nodes,count=2
info|2023-07-08 19:49:49.680523|[EVENT][SUB][doLoop]event sub tasks report,working event sub count=0,suspend event sub count=0
info|2023-07-08 19:49:50.151069|[SDK][WS][SERVICE]connected nodes,count=2
info|2023-07-08 19:50:09.681084|[EVENT][SUB][doLoop]event sub tasks report,working event sub count=0,suspend event sub count=0
info|2023-07-08 19:50:10.151955|[SDK][WS][SERVICE]connected nodes,count=2
info|2023-07-08 19:50:29.681767|[EVENT][SUB][doLoop]event sub tasks report,working event sub count=0,suspend event sub count=0
info|2023-07-08 19:50:30.152264|[SDK][WS][SERVICE]connected nodes,count=2
info|2023-07-08 19:50:49.681976|[EVENT][SUB][doLoop]event sub tasks report,working event sub count=0,suspend event sub count=0
info|2023-07-08 19:50:50.152475|[SDK][WS][SERVICE]connected nodes,count=2
info|2023-07-08 19:51:09.682110|[EVENT][SUB][doLoop]event sub tasks report,working event sub count=0,suspend event sub count=0
info|2023-07-08 19:51:10.152699|[SDK][WS][SERVICE]connected nodes,count=2
info|2023-07-08 19:51:29.682470|[EVENT][SUB][doLoop]event sub tasks report,working event sub count=0,suspend event sub count=0
info|2023-07-08 19:51:30.153144|[SDK][WS][SERVICE]connected nodes,count=2
info|2023-07-08 19:51:49.682629|[EVENT][SUB][doLoop]event sub tasks report,working event sub count=0,suspend event sub count=0
info|2023-07-08 19:51:50.153397|[SDK][WS][SERVICE]connected nodes,count=2
info|2023-07-08 19:52:09.682833|[EVENT][SUB][doLoop]event sub tasks report,working event sub count=0,suspend event sub count=0
info|2023-07-08 19:52:10.153681|[SDK][WS][SERVICE]connected nodes,count=2
info|2023-07-08 19:52:29.682930|[EVENT][SUB][doLoop]event sub tasks report,working event sub count=0,suspend event sub count=0
info|2023-07-08 19:52:30.154413|[SDK][WS][SERVICE]connected nodes,count=2
info|2023-07-08 19:52:49.682996|[EVENT][SUB][doLoop]event sub tasks report,working event sub count=0,suspend event sub count=0
info|2023-07-08 19:52:50.154649|[SDK][WS][SERVICE]connected nodes,count=2
info|2023-07-08 19:53:09.683338|[EVENT][SUB][doLoop]event sub tasks report,working event sub count=0,suspend event sub count=0
info|2023-07-08 19:53:10.154983|[SDK][WS][SERVICE]connected nodes,count=2
info|2023-07-08 19:53:29.683406|[EVENT][SUB][doLoop]event sub tasks report,working event sub count=0,suspend event sub count=0
info|2023-07-08 19:53:30.155104|[SDK][WS][SERVICE]connected nodes,count=2
info|2023-07-08 19:53:49.683665|[EVENT][SUB][doLoop]event sub tasks report,working event sub count=0,suspend event sub count=0
info|2023-07-08 19:53:50.155547|[SDK][WS][SERVICE]connected nodes,count=2
info|2023-07-08 19:54:09.683717|[EVENT][SUB][doLoop]event sub tasks report,working event sub count=0,suspend event sub count=0
info|2023-07-08 19:54:10.156022|[SDK][WS][SERVICE]connected nodes,count=2
info|2023-07-08 19:54:29.683852|[EVENT][SUB][doLoop]event sub tasks report,working event sub count=0,suspend event sub count=0
info|2023-07-08 19:54:30.156835|[SDK][WS][SERVICE]connected nodes,count=2
info|2023-07-08 19:54:49.684280|[EVENT][SUB][doLoop]event sub tasks report,working event sub count=0,suspend event sub count=0
info|2023-07-08 19:54:50.157212|[SDK][WS][SERVICE]connected nodes,count=2
info|2023-07-08 19:55:09.684672|[EVENT][SUB][doLoop]event sub tasks report,working event sub count=0,suspend event sub count=0
info|2023-07-08 19:55:10.157367|[SDK][WS][SERVICE]connected nodes,count=2
info|2023-07-08 19:55:29.685215|[EVENT][SUB][doLoop]event sub tasks report,working event sub count=0,suspend event sub count=0
info|2023-07-08 19:55:30.157672|[SDK][WS][SERVICE]connected nodes,count=2
info|2023-07-08 19:55:49.685346|[EVENT][SUB][doLoop]event sub tasks report,working event sub count=0,suspend event sub count=0
info|2023-07-08 19:55:50.158074|[SDK][WS][SERVICE]connected nodes,count=2
info|2023-07-08 19:56:09.685542|[EVENT][SUB][doLoop]event sub tasks report,working event sub count=0,suspend event sub count=0
info|2023-07-08 19:56:10.158290|[SDK][WS][SERVICE]connected nodes,count=2
info|2023-07-08 19:56:29.685668|[EVENT][SUB][doLoop]event sub tasks report,working event sub count=0,suspend event sub count=0
info|2023-07-08 19:56:30.159073|[SDK][WS][SERVICE]connected nodes,count=2
info|2023-07-08 19:56:49.685773|[EVENT][SUB][doLoop]event sub tasks report,working event sub count=0,suspend event sub count=0
info|2023-07-08 19:56:50.159730|[SDK][WS][SERVICE]connected nodes,count=2
info|2023-07-08 19:57:09.686016|[EVENT][SUB][doLoop]event sub tasks report,working event sub count=0,suspend event sub count=0
info|2023-07-08 19:57:10.159923|[SDK][WS][SERVICE]connected nodes,count=2
info|2023-07-08 19:57:13.823582|[RPC][BLOCK][NUMBER][fromJson],group=group0,node=98a7f70ec883a722219d92253cf073a72605f4087aa3443c8e4aadc0af2dc3ac647d0fa1b5ac99cd6987abafe6d690ae71cd5fd2aeeabe7589bfb4748aabdfba,blockNumber=2239
info|2023-07-08 19:57:13.823615|[RPCWS][SERVICE][onRecvBlockNotifier]receive block number notifier,group=group0,node=98a7f70ec883a722219d92253cf073a72605f4087aa3443c8e4aadc0af2dc3ac647d0fa1b5ac99cd6987abafe6d690ae71cd5fd2aeeabe7589bfb4748aabdfba,blockNumber=2239
info|2023-07-08 19:57:13.823622|[RPCWS][SERVICE][updateGroupBlockNumber],groupID=group0,_blockNumber=2239
info|2023-07-08 19:57:13.823626|[RPCWS][SERVICE][onRecvBlockNotifier]block notifier callback,group=group0,node=98a7f70ec883a722219d92253cf073a72605f4087aa3443c8e4aadc0af2dc3ac647d0fa1b5ac99cd6987abafe6d690ae71cd5fd2aeeabe7589bfb4748aabdfba,blockNumber=2239
info|2023-07-08 19:57:13.823632|[WS]receive block notify,endpoint=127.0.0.1:20200,blk={
	"blockNumber" : 2239,
	"group" : "group0",
	"nodeName" : "98a7f70ec883a722219d92253cf073a72605f4087aa3443c8e4aadc0af2dc3ac647d0fa1b5ac99cd6987abafe6d690ae71cd5fd2aeeabe7589bfb4748aabdfba"
}
info|2023-07-08 19:57:13.834874|[RPC][BLOCK][NUMBER][fromJson],group=group0,node=2f993327933ad58672518b6d4f63920cbc68b80f78f4d81192552ee6362f5cc81ee13bdc678ad65f06e76444cadb53b33694cfb3fc7679b8000411975fedd28a,blockNumber=2239
info|2023-07-08 19:57:13.834902|[RPCWS][SERVICE][onRecvBlockNotifier]receive block number notifier,group=group0,node=2f993327933ad58672518b6d4f63920cbc68b80f78f4d81192552ee6362f5cc81ee13bdc678ad65f06e76444cadb53b33694cfb3fc7679b8000411975fedd28a,blockNumber=2239
info|2023-07-08 19:57:13.834909|[WS]receive block notify,endpoint=127.0.0.1:20201,blk={
	"blockNumber" : 2239,
	"group" : "group0",
	"nodeName" : "2f993327933ad58672518b6d4f63920cbc68b80f78f4d81192552ee6362f5cc81ee13bdc678ad65f06e76444cadb53b33694cfb3fc7679b8000411975fedd28a"
}
info|2023-07-08 19:57:14.417036|[RPC][BLOCK][NUMBER][fromJson],group=group0,node=98a7f70ec883a722219d92253cf073a72605f4087aa3443c8e4aadc0af2dc3ac647d0fa1b5ac99cd6987abafe6d690ae71cd5fd2aeeabe7589bfb4748aabdfba,blockNumber=2240
info|2023-07-08 19:57:14.417057|[RPCWS][SERVICE][onRecvBlockNotifier]receive block number notifier,group=group0,node=98a7f70ec883a722219d92253cf073a72605f4087aa3443c8e4aadc0af2dc3ac647d0fa1b5ac99cd6987abafe6d690ae71cd5fd2aeeabe7589bfb4748aabdfba,blockNumber=2240
info|2023-07-08 19:57:14.417079|[RPCWS][SERVICE][updateGroupBlockNumber],groupID=group0,_blockNumber=2240
info|2023-07-08 19:57:14.417084|[RPCWS][SERVICE][onRecvBlockNotifier]block notifier callback,group=group0,node=98a7f70ec883a722219d92253cf073a72605f4087aa3443c8e4aadc0af2dc3ac647d0fa1b5ac99cd6987abafe6d690ae71cd5fd2aeeabe7589bfb4748aabdfba,blockNumber=2240
info|2023-07-08 19:57:14.417088|[WS]receive block notify,endpoint=127.0.0.1:20200,blk={
	"blockNumber" : 2240,
	"group" : "group0",
	"nodeName" : "98a7f70ec883a722219d92253cf073a72605f4087aa3443c8e4aadc0af2dc3ac647d0fa1b5ac99cd6987abafe6d690ae71cd5fd2aeeabe7589bfb4748aabdfba"
}
info|2023-07-08 19:57:14.420962|[RPC][BLOCK][NUMBER][fromJson],group=group0,node=2f993327933ad58672518b6d4f63920cbc68b80f78f4d81192552ee6362f5cc81ee13bdc678ad65f06e76444cadb53b33694cfb3fc7679b8000411975fedd28a,blockNumber=2240
info|2023-07-08 19:57:14.420995|[RPCWS][SERVICE][onRecvBlockNotifier]receive block number notifier,group=group0,node=2f993327933ad58672518b6d4f63920cbc68b80f78f4d81192552ee6362f5cc81ee13bdc678ad65f06e76444cadb53b33694cfb3fc7679b8000411975fedd28a,blockNumber=2240
info|2023-07-08 19:57:14.421003|[WS]receive block notify,endpoint=127.0.0.1:20201,blk={
	"blockNumber" : 2240,
	"group" : "group0",
	"nodeName" : "2f993327933ad58672518b6d4f63920cbc68b80f78f4d81192552ee6362f5cc81ee13bdc678ad65f06e76444cadb53b33694cfb3fc7679b8000411975fedd28a"
}
info|2023-07-08 19:57:14.923516|[RPC][BLOCK][NUMBER][fromJson],group=group0,node=98a7f70ec883a722219d92253cf073a72605f4087aa3443c8e4aadc0af2dc3ac647d0fa1b5ac99cd6987abafe6d690ae71cd5fd2aeeabe7589bfb4748aabdfba,blockNumber=2241
info|2023-07-08 19:57:14.923548|[RPCWS][SERVICE][onRecvBlockNotifier]receive block number notifier,group=group0,node=98a7f70ec883a722219d92253cf073a72605f4087aa3443c8e4aadc0af2dc3ac647d0fa1b5ac99cd6987abafe6d690ae71cd5fd2aeeabe7589bfb4748aabdfba,blockNumber=2241
info|2023-07-08 19:57:14.923554|[RPCWS][SERVICE][updateGroupBlockNumber],groupID=group0,_blockNumber=2241
info|2023-07-08 19:57:14.923559|[RPCWS][SERVICE][onRecvBlockNotifier]block notifier callback,group=group0,node=98a7f70ec883a722219d92253cf073a72605f4087aa3443c8e4aadc0af2dc3ac647d0fa1b5ac99cd6987abafe6d690ae71cd5fd2aeeabe7589bfb4748aabdfba,blockNumber=2241
info|2023-07-08 19:57:14.923584|[WS]receive block notify,endpoint=127.0.0.1:20200,blk={
	"blockNumber" : 2241,
	"group" : "group0",
	"nodeName" : "98a7f70ec883a722219d92253cf073a72605f4087aa3443c8e4aadc0af2dc3ac647d0fa1b5ac99cd6987abafe6d690ae71cd5fd2aeeabe7589bfb4748aabdfba"
}
info|2023-07-08 19:57:14.967467|[RPC][BLOCK][NUMBER][fromJson],group=group0,node=2f993327933ad58672518b6d4f63920cbc68b80f78f4d81192552ee6362f5cc81ee13bdc678ad65f06e76444cadb53b33694cfb3fc7679b8000411975fedd28a,blockNumber=2241
info|2023-07-08 19:57:14.967490|[RPCWS][SERVICE][onRecvBlockNotifier]receive block number notifier,group=group0,node=2f993327933ad58672518b6d4f63920cbc68b80f78f4d81192552ee6362f5cc81ee13bdc678ad65f06e76444cadb53b33694cfb3fc7679b8000411975fedd28a,blockNumber=2241
info|2023-07-08 19:57:14.967517|[WS]receive block notify,endpoint=127.0.0.1:20201,blk={
	"blockNumber" : 2241,
	"group" : "group0",
	"nodeName" : "2f993327933ad58672518b6d4f63920cbc68b80f78f4d81192552ee6362f5cc81ee13bdc678ad65f06e76444cadb53b33694cfb3fc7679b8000411975fedd28a"
}
info|2023-07-08 19:57:15.525412|[RPC][BLOCK][NUMBER][fromJson],group=group0,node=98a7f70ec883a722219d92253cf073a72605f4087aa3443c8e4aadc0af2dc3ac647d0fa1b5ac99cd6987abafe6d690ae71cd5fd2aeeabe7589bfb4748aabdfba,blockNumber=2242
info|2023-07-08 19:57:15.525433|[RPCWS][SERVICE][onRecvBlockNotifier]receive block number notifier,group=group0,node=98a7f70ec883a722219d92253cf073a72605f4087aa3443c8e4aadc0af2dc3ac647d0fa1b5ac99cd6987abafe6d690ae71cd5fd2aeeabe7589bfb4748aabdfba,blockNumber=2242
info|2023-07-08 19:57:15.525438|[RPCWS][SERVICE][updateGroupBlockNumber],groupID=group0,_blockNumber=2242
info|2023-07-08 19:57:15.525443|[RPCWS][SERVICE][onRecvBlockNotifier]block notifier callback,group=group0,node=98a7f70ec883a722219d92253cf073a72605f4087aa3443c8e4aadc0af2dc3ac647d0fa1b5ac99cd6987abafe6d690ae71cd5fd2aeeabe7589bfb4748aabdfba,blockNumber=2242
info|2023-07-08 19:57:15.525446|[WS]receive block notify,endpoint=127.0.0.1:20200,blk={
	"blockNumber" : 2242,
	"group" : "group0",
	"nodeName" : "98a7f70ec883a722219d92253cf073a72605f4087aa3443c8e4aadc0af2dc3ac647d0fa1b5ac99cd6987abafe6d690ae71cd5fd2aeeabe7589bfb4748aabdfba"
}
info|2023-07-08 19:57:15.563585|[RPC][BLOCK][NUMBER][fromJson],group=group0,node=2f993327933ad58672518b6d4f63920cbc68b80f78f4d81192552ee6362f5cc81ee13bdc678ad65f06e76444cadb53b33694cfb3fc7679b8000411975fedd28a,blockNumber=2242
info|2023-07-08 19:57:15.563604|[RPCWS][SERVICE][onRecvBlockNotifier]receive block number notifier,group=group0,node=2f993327933ad58672518b6d4f63920cbc68b80f78f4d81192552ee6362f5cc81ee13bdc678ad65f06e76444cadb53b33694cfb3fc7679b8000411975fedd28a,blockNumber=2242
info|2023-07-08 19:57:15.563610|[WS]receive block notify,endpoint=127.0.0.1:20201,blk={
	"blockNumber" : 2242,
	"group" : "group0",
	"nodeName" : "2f993327933ad58672518b6d4f63920cbc68b80f78f4d81192552ee6362f5cc81ee13bdc678ad65f06e76444cadb53b33694cfb3fc7679b8000411975fedd28a"
}
info|2023-07-08 19:57:16.111646|[RPC][BLOCK][NUMBER][fromJson],group=group0,node=98a7f70ec883a722219d92253cf073a72605f4087aa3443c8e4aadc0af2dc3ac647d0fa1b5ac99cd6987abafe6d690ae71cd5fd2aeeabe7589bfb4748aabdfba,blockNumber=2243
info|2023-07-08 19:57:16.111668|[RPCWS][SERVICE][onRecvBlockNotifier]receive block number notifier,group=group0,node=98a7f70ec883a722219d92253cf073a72605f4087aa3443c8e4aadc0af2dc3ac647d0fa1b5ac99cd6987abafe6d690ae71cd5fd2aeeabe7589bfb4748aabdfba,blockNumber=2243
info|2023-07-08 19:57:16.111673|[RPCWS][SERVICE][updateGroupBlockNumber],groupID=group0,_blockNumber=2243
info|2023-07-08 19:57:16.111696|[RPCWS][SERVICE][onRecvBlockNotifier]block notifier callback,group=group0,node=98a7f70ec883a722219d92253cf073a72605f4087aa3443c8e4aadc0af2dc3ac647d0fa1b5ac99cd6987abafe6d690ae71cd5fd2aeeabe7589bfb4748aabdfba,blockNumber=2243
info|2023-07-08 19:57:16.111702|[WS]receive block notify,endpoint=127.0.0.1:20200,blk={
	"blockNumber" : 2243,
	"group" : "group0",
	"nodeName" : "98a7f70ec883a722219d92253cf073a72605f4087aa3443c8e4aadc0af2dc3ac647d0fa1b5ac99cd6987abafe6d690ae71cd5fd2aeeabe7589bfb4748aabdfba"
}
info|2023-07-08 19:57:16.127366|[RPC][BLOCK][NUMBER][fromJson],group=group0,node=2f993327933ad58672518b6d4f63920cbc68b80f78f4d81192552ee6362f5cc81ee13bdc678ad65f06e76444cadb53b33694cfb3fc7679b8000411975fedd28a,blockNumber=2243
info|2023-07-08 19:57:16.127387|[RPCWS][SERVICE][onRecvBlockNotifier]receive block number notifier,group=group0,node=2f993327933ad58672518b6d4f63920cbc68b80f78f4d81192552ee6362f5cc81ee13bdc678ad65f06e76444cadb53b33694cfb3fc7679b8000411975fedd28a,blockNumber=2243
info|2023-07-08 19:57:16.127394|[WS]receive block notify,endpoint=127.0.0.1:20201,blk={
	"blockNumber" : 2243,
	"group" : "group0",
	"nodeName" : "2f993327933ad58672518b6d4f63920cbc68b80f78f4d81192552ee6362f5cc81ee13bdc678ad65f06e76444cadb53b33694cfb3fc7679b8000411975fedd28a"
}
info|2023-07-08 19:57:16.664269|[RPC][BLOCK][NUMBER][fromJson],group=group0,node=2f993327933ad58672518b6d4f63920cbc68b80f78f4d81192552ee6362f5cc81ee13bdc678ad65f06e76444cadb53b33694cfb3fc7679b8000411975fedd28a,blockNumber=2244
info|2023-07-08 19:57:16.664288|[RPCWS][SERVICE][onRecvBlockNotifier]receive block number notifier,group=group0,node=2f993327933ad58672518b6d4f63920cbc68b80f78f4d81192552ee6362f5cc81ee13bdc678ad65f06e76444cadb53b33694cfb3fc7679b8000411975fedd28a,blockNumber=2244
info|2023-07-08 19:57:16.664294|[RPCWS][SERVICE][updateGroupBlockNumber],groupID=group0,_blockNumber=2244
info|2023-07-08 19:57:16.664298|[RPCWS][SERVICE][onRecvBlockNotifier]block notifier callback,group=group0,node=2f993327933ad58672518b6d4f63920cbc68b80f78f4d81192552ee6362f5cc81ee13bdc678ad65f06e76444cadb53b33694cfb3fc7679b8000411975fedd28a,blockNumber=2244
info|2023-07-08 19:57:16.664301|[WS]receive block notify,endpoint=127.0.0.1:20201,blk={
	"blockNumber" : 2244,
	"group" : "group0",
	"nodeName" : "2f993327933ad58672518b6d4f63920cbc68b80f78f4d81192552ee6362f5cc81ee13bdc678ad65f06e76444cadb53b33694cfb3fc7679b8000411975fedd28a"
}
info|2023-07-08 19:57:16.669513|[RPC][BLOCK][NUMBER][fromJson],group=group0,node=98a7f70ec883a722219d92253cf073a72605f4087aa3443c8e4aadc0af2dc3ac647d0fa1b5ac99cd6987abafe6d690ae71cd5fd2aeeabe7589bfb4748aabdfba,blockNumber=2244
info|2023-07-08 19:57:16.669535|[RPCWS][SERVICE][onRecvBlockNotifier]receive block number notifier,group=group0,node=98a7f70ec883a722219d92253cf073a72605f4087aa3443c8e4aadc0af2dc3ac647d0fa1b5ac99cd6987abafe6d690ae71cd5fd2aeeabe7589bfb4748aabdfba,blockNumber=2244
info|2023-07-08 19:57:16.669542|[WS]receive block notify,endpoint=127.0.0.1:20200,blk={
	"blockNumber" : 2244,
	"group" : "group0",
	"nodeName" : "98a7f70ec883a722219d92253cf073a72605f4087aa3443c8e4aadc0af2dc3ac647d0fa1b5ac99cd6987abafe6d690ae71cd5fd2aeeabe7589bfb4748aabdfba"
}
info|2023-07-08 19:57:17.176799|[RPC][BLOCK][NUMBER][fromJson],group=group0,node=2f993327933ad58672518b6d4f63920cbc68b80f78f4d81192552ee6362f5cc81ee13bdc678ad65f06e76444cadb53b33694cfb3fc7679b8000411975fedd28a,blockNumber=2245
info|2023-07-08 19:57:17.176821|[RPCWS][SERVICE][onRecvBlockNotifier]receive block number notifier,group=group0,node=2f993327933ad58672518b6d4f63920cbc68b80f78f4d81192552ee6362f5cc81ee13bdc678ad65f06e76444cadb53b33694cfb3fc7679b8000411975fedd28a,blockNumber=2245
info|2023-07-08 19:57:17.176827|[RPCWS][SERVICE][updateGroupBlockNumber],groupID=group0,_blockNumber=2245
info|2023-07-08 19:57:17.176831|[RPCWS][SERVICE][onRecvBlockNotifier]block notifier callback,group=group0,node=2f993327933ad58672518b6d4f63920cbc68b80f78f4d81192552ee6362f5cc81ee13bdc678ad65f06e76444cadb53b33694cfb3fc7679b8000411975fedd28a,blockNumber=2245
info|2023-07-08 19:57:17.176835|[WS]receive block notify,endpoint=127.0.0.1:20201,blk={
	"blockNumber" : 2245,
	"group" : "group0",
	"nodeName" : "2f993327933ad58672518b6d4f63920cbc68b80f78f4d81192552ee6362f5cc81ee13bdc678ad65f06e76444cadb53b33694cfb3fc7679b8000411975fedd28a"
}
info|2023-07-08 19:57:17.186380|[RPC][BLOCK][NUMBER][fromJson],group=group0,node=98a7f70ec883a722219d92253cf073a72605f4087aa3443c8e4aadc0af2dc3ac647d0fa1b5ac99cd6987abafe6d690ae71cd5fd2aeeabe7589bfb4748aabdfba,blockNumber=2245
info|2023-07-08 19:57:17.186427|[RPCWS][SERVICE][onRecvBlockNotifier]receive block number notifier,group=group0,node=98a7f70ec883a722219d92253cf073a72605f4087aa3443c8e4aadc0af2dc3ac647d0fa1b5ac99cd6987abafe6d690ae71cd5fd2aeeabe7589bfb4748aabdfba,blockNumber=2245
info|2023-07-08 19:57:17.186434|[WS]receive block notify,endpoint=127.0.0.1:20200,blk={
	"blockNumber" : 2245,
	"group" : "group0",
	"nodeName" : "98a7f70ec883a722219d92253cf073a72605f4087aa3443c8e4aadc0af2dc3ac647d0fa1b5ac99cd6987abafe6d690ae71cd5fd2aeeabe7589bfb4748aabdfba"
}
info|2023-07-08 19:57:17.727442|[RPC][BLOCK][NUMBER][fromJson],group=group0,node=98a7f70ec883a722219d92253cf073a72605f4087aa3443c8e4aadc0af2dc3ac647d0fa1b5ac99cd6987abafe6d690ae71cd5fd2aeeabe7589bfb4748aabdfba,blockNumber=2246
info|2023-07-08 19:57:17.727478|[RPCWS][SERVICE][onRecvBlockNotifier]receive block number notifier,group=group0,node=98a7f70ec883a722219d92253cf073a72605f4087aa3443c8e4aadc0af2dc3ac647d0fa1b5ac99cd6987abafe6d690ae71cd5fd2aeeabe7589bfb4748aabdfba,blockNumber=2246
info|2023-07-08 19:57:17.727485|[RPCWS][SERVICE][updateGroupBlockNumber],groupID=group0,_blockNumber=2246
info|2023-07-08 19:57:17.727490|[RPCWS][SERVICE][onRecvBlockNotifier]block notifier callback,group=group0,node=98a7f70ec883a722219d92253cf073a72605f4087aa3443c8e4aadc0af2dc3ac647d0fa1b5ac99cd6987abafe6d690ae71cd5fd2aeeabe7589bfb4748aabdfba,blockNumber=2246
info|2023-07-08 19:57:17.727493|[WS]receive block notify,endpoint=127.0.0.1:20200,blk={
	"blockNumber" : 2246,
	"group" : "group0",
	"nodeName" : "98a7f70ec883a722219d92253cf073a72605f4087aa3443c8e4aadc0af2dc3ac647d0fa1b5ac99cd6987abafe6d690ae71cd5fd2aeeabe7589bfb4748aabdfba"
}
info|2023-07-08 19:57:17.778047|[RPC][BLOCK][NUMBER][fromJson],group=group0,node=2f993327933ad58672518b6d4f63920cbc68b80f78f4d81192552ee6362f5cc81ee13bdc678ad65f06e76444cadb53b33694cfb3fc7679b8000411975fedd28a,blockNumber=2246
info|2023-07-08 19:57:17.778071|[RPCWS][SERVICE][onRecvBlockNotifier]receive block number notifier,group=group0,node=2f993327933ad58672518b6d4f63920cbc68b80f78f4d81192552ee6362f5cc81ee13bdc678ad65f06e76444cadb53b33694cfb3fc7679b8000411975fedd28a,blockNumber=2246
info|2023-07-08 19:57:17.778099|[WS]receive block notify,endpoint=127.0.0.1:20201,blk={
	"blockNumber" : 2246,
	"group" : "group0",
	"nodeName" : "2f993327933ad58672518b6d4f63920cbc68b80f78f4d81192552ee6362f5cc81ee13bdc678ad65f06e76444cadb53b33694cfb3fc7679b8000411975fedd28a"
}
info|2023-07-08 19:57:18.242429|[RPC][BLOCK][NUMBER][fromJson],group=group0,node=98a7f70ec883a722219d92253cf073a72605f4087aa3443c8e4aadc0af2dc3ac647d0fa1b5ac99cd6987abafe6d690ae71cd5fd2aeeabe7589bfb4748aabdfba,blockNumber=2247
info|2023-07-08 19:57:18.242467|[RPCWS][SERVICE][onRecvBlockNotifier]receive block number notifier,group=group0,node=98a7f70ec883a722219d92253cf073a72605f4087aa3443c8e4aadc0af2dc3ac647d0fa1b5ac99cd6987abafe6d690ae71cd5fd2aeeabe7589bfb4748aabdfba,blockNumber=2247
info|2023-07-08 19:57:18.242472|[RPCWS][SERVICE][updateGroupBlockNumber],groupID=group0,_blockNumber=2247
info|2023-07-08 19:57:18.242475|[RPCWS][SERVICE][onRecvBlockNotifier]block notifier callback,group=group0,node=98a7f70ec883a722219d92253cf073a72605f4087aa3443c8e4aadc0af2dc3ac647d0fa1b5ac99cd6987abafe6d690ae71cd5fd2aeeabe7589bfb4748aabdfba,blockNumber=2247
info|2023-07-08 19:57:18.242479|[WS]receive block notify,endpoint=127.0.0.1:20200,blk={
	"blockNumber" : 2247,
	"group" : "group0",
	"nodeName" : "98a7f70ec883a722219d92253cf073a72605f4087aa3443c8e4aadc0af2dc3ac647d0fa1b5ac99cd6987abafe6d690ae71cd5fd2aeeabe7589bfb4748aabdfba"
}
info|2023-07-08 19:57:18.315118|[RPC][BLOCK][NUMBER][fromJson],group=group0,node=2f993327933ad58672518b6d4f63920cbc68b80f78f4d81192552ee6362f5cc81ee13bdc678ad65f06e76444cadb53b33694cfb3fc7679b8000411975fedd28a,blockNumber=2247
info|2023-07-08 19:57:18.315138|[RPCWS][SERVICE][onRecvBlockNotifier]receive block number notifier,group=group0,node=2f993327933ad58672518b6d4f63920cbc68b80f78f4d81192552ee6362f5cc81ee13bdc678ad65f06e76444cadb53b33694cfb3fc7679b8000411975fedd28a,blockNumber=2247
info|2023-07-08 19:57:18.315145|[WS]receive block notify,endpoint=127.0.0.1:20201,blk={
	"blockNumber" : 2247,
	"group" : "group0",
	"nodeName" : "2f993327933ad58672518b6d4f63920cbc68b80f78f4d81192552ee6362f5cc81ee13bdc678ad65f06e76444cadb53b33694cfb3fc7679b8000411975fedd28a"
}
info|2023-07-08 19:57:18.791532|[RPC][BLOCK][NUMBER][fromJson],group=group0,node=98a7f70ec883a722219d92253cf073a72605f4087aa3443c8e4aadc0af2dc3ac647d0fa1b5ac99cd6987abafe6d690ae71cd5fd2aeeabe7589bfb4748aabdfba,blockNumber=2248
info|2023-07-08 19:57:18.791553|[RPCWS][SERVICE][onRecvBlockNotifier]receive block number notifier,group=group0,node=98a7f70ec883a722219d92253cf073a72605f4087aa3443c8e4aadc0af2dc3ac647d0fa1b5ac99cd6987abafe6d690ae71cd5fd2aeeabe7589bfb4748aabdfba,blockNumber=2248
info|2023-07-08 19:57:18.791558|[RPCWS][SERVICE][updateGroupBlockNumber],groupID=group0,_blockNumber=2248
info|2023-07-08 19:57:18.791563|[RPCWS][SERVICE][onRecvBlockNotifier]block notifier callback,group=group0,node=98a7f70ec883a722219d92253cf073a72605f4087aa3443c8e4aadc0af2dc3ac647d0fa1b5ac99cd6987abafe6d690ae71cd5fd2aeeabe7589bfb4748aabdfba,blockNumber=2248
info|2023-07-08 19:57:18.791566|[WS]receive block notify,endpoint=127.0.0.1:20200,blk={
	"blockNumber" : 2248,
	"group" : "group0",
	"nodeName" : "98a7f70ec883a722219d92253cf073a72605f4087aa3443c8e4aadc0af2dc3ac647d0fa1b5ac99cd6987abafe6d690ae71cd5fd2aeeabe7589bfb4748aabdfba"
}
info|2023-07-08 19:57:18.829500|[RPC][BLOCK][NUMBER][fromJson],group=group0,node=2f993327933ad58672518b6d4f63920cbc68b80f78f4d81192552ee6362f5cc81ee13bdc678ad65f06e76444cadb53b33694cfb3fc7679b8000411975fedd28a,blockNumber=2248
info|2023-07-08 19:57:18.829520|[RPCWS][SERVICE][onRecvBlockNotifier]receive block number notifier,group=group0,node=2f993327933ad58672518b6d4f63920cbc68b80f78f4d81192552ee6362f5cc81ee13bdc678ad65f06e76444cadb53b33694cfb3fc7679b8000411975fedd28a,blockNumber=2248
info|2023-07-08 19:57:18.829527|[WS]receive block notify,endpoint=127.0.0.1:20201,blk={
	"blockNumber" : 2248,
	"group" : "group0",
	"nodeName" : "2f993327933ad58672518b6d4f63920cbc68b80f78f4d81192552ee6362f5cc81ee13bdc678ad65f06e76444cadb53b33694cfb3fc7679b8000411975fedd28a"
}
info|2023-07-08 19:57:19.345832|[RPC][BLOCK][NUMBER][fromJson],group=group0,node=98a7f70ec883a722219d92253cf073a72605f4087aa3443c8e4aadc0af2dc3ac647d0fa1b5ac99cd6987abafe6d690ae71cd5fd2aeeabe7589bfb4748aabdfba,blockNumber=2249
info|2023-07-08 19:57:19.345896|[RPCWS][SERVICE][onRecvBlockNotifier]receive block number notifier,group=group0,node=98a7f70ec883a722219d92253cf073a72605f4087aa3443c8e4aadc0af2dc3ac647d0fa1b5ac99cd6987abafe6d690ae71cd5fd2aeeabe7589bfb4748aabdfba,blockNumber=2249
info|2023-07-08 19:57:19.345905|[RPCWS][SERVICE][updateGroupBlockNumber],groupID=group0,_blockNumber=2249
info|2023-07-08 19:57:19.345910|[RPCWS][SERVICE][onRecvBlockNotifier]block notifier callback,group=group0,node=98a7f70ec883a722219d92253cf073a72605f4087aa3443c8e4aadc0af2dc3ac647d0fa1b5ac99cd6987abafe6d690ae71cd5fd2aeeabe7589bfb4748aabdfba,blockNumber=2249
info|2023-07-08 19:57:19.345914|[WS]receive block notify,endpoint=127.0.0.1:20200,blk={
	"blockNumber" : 2249,
	"group" : "group0",
	"nodeName" : "98a7f70ec883a722219d92253cf073a72605f4087aa3443c8e4aadc0af2dc3ac647d0fa1b5ac99cd6987abafe6d690ae71cd5fd2aeeabe7589bfb4748aabdfba"
}
info|2023-07-08 19:57:19.384260|[RPC][BLOCK][NUMBER][fromJson],group=group0,node=2f993327933ad58672518b6d4f63920cbc68b80f78f4d81192552ee6362f5cc81ee13bdc678ad65f06e76444cadb53b33694cfb3fc7679b8000411975fedd28a,blockNumber=2249
info|2023-07-08 19:57:19.384311|[RPCWS][SERVICE][onRecvBlockNotifier]receive block number notifier,group=group0,node=2f993327933ad58672518b6d4f63920cbc68b80f78f4d81192552ee6362f5cc81ee13bdc678ad65f06e76444cadb53b33694cfb3fc7679b8000411975fedd28a,blockNumber=2249
info|2023-07-08 19:57:19.384634|[WS]receive block notify,endpoint=127.0.0.1:20201,blk={
	"blockNumber" : 2249,
	"group" : "group0",
	"nodeName" : "2f993327933ad58672518b6d4f63920cbc68b80f78f4d81192552ee6362f5cc81ee13bdc678ad65f06e76444cadb53b33694cfb3fc7679b8000411975fedd28a"
}
info|2023-07-08 19:57:19.941135|[RPC][BLOCK][NUMBER][fromJson],group=group0,node=98a7f70ec883a722219d92253cf073a72605f4087aa3443c8e4aadc0af2dc3ac647d0fa1b5ac99cd6987abafe6d690ae71cd5fd2aeeabe7589bfb4748aabdfba,blockNumber=2250
info|2023-07-08 19:57:19.941156|[RPCWS][SERVICE][onRecvBlockNotifier]receive block number notifier,group=group0,node=98a7f70ec883a722219d92253cf073a72605f4087aa3443c8e4aadc0af2dc3ac647d0fa1b5ac99cd6987abafe6d690ae71cd5fd2aeeabe7589bfb4748aabdfba,blockNumber=2250
info|2023-07-08 19:57:19.941161|[RPCWS][SERVICE][updateGroupBlockNumber],groupID=group0,_blockNumber=2250
info|2023-07-08 19:57:19.941165|[RPCWS][SERVICE][onRecvBlockNotifier]block notifier callback,group=group0,node=98a7f70ec883a722219d92253cf073a72605f4087aa3443c8e4aadc0af2dc3ac647d0fa1b5ac99cd6987abafe6d690ae71cd5fd2aeeabe7589bfb4748aabdfba,blockNumber=2250
info|2023-07-08 19:57:19.941169|[WS]receive block notify,endpoint=127.0.0.1:20200,blk={
	"blockNumber" : 2250,
	"group" : "group0",
	"nodeName" : "98a7f70ec883a722219d92253cf073a72605f4087aa3443c8e4aadc0af2dc3ac647d0fa1b5ac99cd6987abafe6d690ae71cd5fd2aeeabe7589bfb4748aabdfba"
}
info|2023-07-08 19:57:19.986498|[RPC][BLOCK][NUMBER][fromJson],group=group0,node=2f993327933ad58672518b6d4f63920cbc68b80f78f4d81192552ee6362f5cc81ee13bdc678ad65f06e76444cadb53b33694cfb3fc7679b8000411975fedd28a,blockNumber=2250
info|2023-07-08 19:57:19.986519|[RPCWS][SERVICE][onRecvBlockNotifier]receive block number notifier,group=group0,node=2f993327933ad58672518b6d4f63920cbc68b80f78f4d81192552ee6362f5cc81ee13bdc678ad65f06e76444cadb53b33694cfb3fc7679b8000411975fedd28a,blockNumber=2250
info|2023-07-08 19:57:19.986525|[WS]receive block notify,endpoint=127.0.0.1:20201,blk={
	"blockNumber" : 2250,
	"group" : "group0",
	"nodeName" : "2f993327933ad58672518b6d4f63920cbc68b80f78f4d81192552ee6362f5cc81ee13bdc678ad65f06e76444cadb53b33694cfb3fc7679b8000411975fedd28a"
}
info|2023-07-08 19:57:20.495825|[RPC][BLOCK][NUMBER][fromJson],group=group0,node=98a7f70ec883a722219d92253cf073a72605f4087aa3443c8e4aadc0af2dc3ac647d0fa1b5ac99cd6987abafe6d690ae71cd5fd2aeeabe7589bfb4748aabdfba,blockNumber=2251
info|2023-07-08 19:57:20.495862|[RPCWS][SERVICE][onRecvBlockNotifier]receive block number notifier,group=group0,node=98a7f70ec883a722219d92253cf073a72605f4087aa3443c8e4aadc0af2dc3ac647d0fa1b5ac99cd6987abafe6d690ae71cd5fd2aeeabe7589bfb4748aabdfba,blockNumber=2251
info|2023-07-08 19:57:20.495868|[RPCWS][SERVICE][updateGroupBlockNumber],groupID=group0,_blockNumber=2251
info|2023-07-08 19:57:20.495873|[RPCWS][SERVICE][onRecvBlockNotifier]block notifier callback,group=group0,node=98a7f70ec883a722219d92253cf073a72605f4087aa3443c8e4aadc0af2dc3ac647d0fa1b5ac99cd6987abafe6d690ae71cd5fd2aeeabe7589bfb4748aabdfba,blockNumber=2251
info|2023-07-08 19:57:20.495877|[WS]receive block notify,endpoint=127.0.0.1:20200,blk={
	"blockNumber" : 2251,
	"group" : "group0",
	"nodeName" : "98a7f70ec883a722219d92253cf073a72605f4087aa3443c8e4aadc0af2dc3ac647d0fa1b5ac99cd6987abafe6d690ae71cd5fd2aeeabe7589bfb4748aabdfba"
}
info|2023-07-08 19:57:20.542582|[RPC][BLOCK][NUMBER][fromJson],group=group0,node=2f993327933ad58672518b6d4f63920cbc68b80f78f4d81192552ee6362f5cc81ee13bdc678ad65f06e76444cadb53b33694cfb3fc7679b8000411975fedd28a,blockNumber=2251
info|2023-07-08 19:57:20.542617|[RPCWS][SERVICE][onRecvBlockNotifier]receive block number notifier,group=group0,node=2f993327933ad58672518b6d4f63920cbc68b80f78f4d81192552ee6362f5cc81ee13bdc678ad65f06e76444cadb53b33694cfb3fc7679b8000411975fedd28a,blockNumber=2251
info|2023-07-08 19:57:20.542625|[WS]receive block notify,endpoint=127.0.0.1:20201,blk={
	"blockNumber" : 2251,
	"group" : "group0",
	"nodeName" : "2f993327933ad58672518b6d4f63920cbc68b80f78f4d81192552ee6362f5cc81ee13bdc678ad65f06e76444cadb53b33694cfb3fc7679b8000411975fedd28a"
}
info|2023-07-08 19:57:21.048477|[RPC][BLOCK][NUMBER][fromJson],group=group0,node=98a7f70ec883a722219d92253cf073a72605f4087aa3443c8e4aadc0af2dc3ac647d0fa1b5ac99cd6987abafe6d690ae71cd5fd2aeeabe7589bfb4748aabdfba,blockNumber=2252
info|2023-07-08 19:57:21.048559|[RPCWS][SERVICE][onRecvBlockNotifier]receive block number notifier,group=group0,node=98a7f70ec883a722219d92253cf073a72605f4087aa3443c8e4aadc0af2dc3ac647d0fa1b5ac99cd6987abafe6d690ae71cd5fd2aeeabe7589bfb4748aabdfba,blockNumber=2252
info|2023-07-08 19:57:21.048571|[RPCWS][SERVICE][updateGroupBlockNumber],groupID=group0,_blockNumber=2252
info|2023-07-08 19:57:21.048578|[RPCWS][SERVICE][onRecvBlockNotifier]block notifier callback,group=group0,node=98a7f70ec883a722219d92253cf073a72605f4087aa3443c8e4aadc0af2dc3ac647d0fa1b5ac99cd6987abafe6d690ae71cd5fd2aeeabe7589bfb4748aabdfba,blockNumber=2252
info|2023-07-08 19:57:21.048584|[WS]receive block notify,endpoint=127.0.0.1:20200,blk={
	"blockNumber" : 2252,
	"group" : "group0",
	"nodeName" : "98a7f70ec883a722219d92253cf073a72605f4087aa3443c8e4aadc0af2dc3ac647d0fa1b5ac99cd6987abafe6d690ae71cd5fd2aeeabe7589bfb4748aabdfba"
}
info|2023-07-08 19:57:21.144268|[RPC][BLOCK][NUMBER][fromJson],group=group0,node=2f993327933ad58672518b6d4f63920cbc68b80f78f4d81192552ee6362f5cc81ee13bdc678ad65f06e76444cadb53b33694cfb3fc7679b8000411975fedd28a,blockNumber=2252
info|2023-07-08 19:57:21.144344|[RPCWS][SERVICE][onRecvBlockNotifier]receive block number notifier,group=group0,node=2f993327933ad58672518b6d4f63920cbc68b80f78f4d81192552ee6362f5cc81ee13bdc678ad65f06e76444cadb53b33694cfb3fc7679b8000411975fedd28a,blockNumber=2252
info|2023-07-08 19:57:21.144355|[WS]receive block notify,endpoint=127.0.0.1:20201,blk={
	"blockNumber" : 2252,
	"group" : "group0",
	"nodeName" : "2f993327933ad58672518b6d4f63920cbc68b80f78f4d81192552ee6362f5cc81ee13bdc678ad65f06e76444cadb53b33694cfb3fc7679b8000411975fedd28a"
}
info|2023-07-08 19:57:21.626971|[RPC][BLOCK][NUMBER][fromJson],group=group0,node=98a7f70ec883a722219d92253cf073a72605f4087aa3443c8e4aadc0af2dc3ac647d0fa1b5ac99cd6987abafe6d690ae71cd5fd2aeeabe7589bfb4748aabdfba,blockNumber=2253
info|2023-07-08 19:57:21.627000|[RPCWS][SERVICE][onRecvBlockNotifier]receive block number notifier,group=group0,node=98a7f70ec883a722219d92253cf073a72605f4087aa3443c8e4aadc0af2dc3ac647d0fa1b5ac99cd6987abafe6d690ae71cd5fd2aeeabe7589bfb4748aabdfba,blockNumber=2253
info|2023-07-08 19:57:21.627008|[RPCWS][SERVICE][updateGroupBlockNumber],groupID=group0,_blockNumber=2253
info|2023-07-08 19:57:21.627015|[RPCWS][SERVICE][onRecvBlockNotifier]block notifier callback,group=group0,node=98a7f70ec883a722219d92253cf073a72605f4087aa3443c8e4aadc0af2dc3ac647d0fa1b5ac99cd6987abafe6d690ae71cd5fd2aeeabe7589bfb4748aabdfba,blockNumber=2253
info|2023-07-08 19:57:21.627020|[WS]receive block notify,endpoint=127.0.0.1:20200,blk={
	"blockNumber" : 2253,
	"group" : "group0",
	"nodeName" : "98a7f70ec883a722219d92253cf073a72605f4087aa3443c8e4aadc0af2dc3ac647d0fa1b5ac99cd6987abafe6d690ae71cd5fd2aeeabe7589bfb4748aabdfba"
}
info|2023-07-08 19:57:21.673532|[RPC][BLOCK][NUMBER][fromJson],group=group0,node=2f993327933ad58672518b6d4f63920cbc68b80f78f4d81192552ee6362f5cc81ee13bdc678ad65f06e76444cadb53b33694cfb3fc7679b8000411975fedd28a,blockNumber=2253
info|2023-07-08 19:57:21.673639|[RPCWS][SERVICE][onRecvBlockNotifier]receive block number notifier,group=group0,node=2f993327933ad58672518b6d4f63920cbc68b80f78f4d81192552ee6362f5cc81ee13bdc678ad65f06e76444cadb53b33694cfb3fc7679b8000411975fedd28a,blockNumber=2253
info|2023-07-08 19:57:21.673666|[WS]receive block notify,endpoint=127.0.0.1:20201,blk={
	"blockNumber" : 2253,
	"group" : "group0",
	"nodeName" : "2f993327933ad58672518b6d4f63920cbc68b80f78f4d81192552ee6362f5cc81ee13bdc678ad65f06e76444cadb53b33694cfb3fc7679b8000411975fedd28a"
}
info|2023-07-08 19:57:22.242850|[RPC][BLOCK][NUMBER][fromJson],group=group0,node=98a7f70ec883a722219d92253cf073a72605f4087aa3443c8e4aadc0af2dc3ac647d0fa1b5ac99cd6987abafe6d690ae71cd5fd2aeeabe7589bfb4748aabdfba,blockNumber=2254
info|2023-07-08 19:57:22.242883|[RPCWS][SERVICE][onRecvBlockNotifier]receive block number notifier,group=group0,node=98a7f70ec883a722219d92253cf073a72605f4087aa3443c8e4aadc0af2dc3ac647d0fa1b5ac99cd6987abafe6d690ae71cd5fd2aeeabe7589bfb4748aabdfba,blockNumber=2254
info|2023-07-08 19:57:22.242893|[RPCWS][SERVICE][updateGroupBlockNumber],groupID=group0,_blockNumber=2254
info|2023-07-08 19:57:22.242900|[RPCWS][SERVICE][onRecvBlockNotifier]block notifier callback,group=group0,node=98a7f70ec883a722219d92253cf073a72605f4087aa3443c8e4aadc0af2dc3ac647d0fa1b5ac99cd6987abafe6d690ae71cd5fd2aeeabe7589bfb4748aabdfba,blockNumber=2254
info|2023-07-08 19:57:22.242907|[WS]receive block notify,endpoint=127.0.0.1:20200,blk={
	"blockNumber" : 2254,
	"group" : "group0",
	"nodeName" : "98a7f70ec883a722219d92253cf073a72605f4087aa3443c8e4aadc0af2dc3ac647d0fa1b5ac99cd6987abafe6d690ae71cd5fd2aeeabe7589bfb4748aabdfba"
}
info|2023-07-08 19:57:22.299323|[RPC][BLOCK][NUMBER][fromJson],group=group0,node=2f993327933ad58672518b6d4f63920cbc68b80f78f4d81192552ee6362f5cc81ee13bdc678ad65f06e76444cadb53b33694cfb3fc7679b8000411975fedd28a,blockNumber=2254
info|2023-07-08 19:57:22.299344|[RPCWS][SERVICE][onRecvBlockNotifier]receive block number notifier,group=group0,node=2f993327933ad58672518b6d4f63920cbc68b80f78f4d81192552ee6362f5cc81ee13bdc678ad65f06e76444cadb53b33694cfb3fc7679b8000411975fedd28a,blockNumber=2254
info|2023-07-08 19:57:22.299351|[WS]receive block notify,endpoint=127.0.0.1:20201,blk={
	"blockNumber" : 2254,
	"group" : "group0",
	"nodeName" : "2f993327933ad58672518b6d4f63920cbc68b80f78f4d81192552ee6362f5cc81ee13bdc678ad65f06e76444cadb53b33694cfb3fc7679b8000411975fedd28a"
}
info|2023-07-08 19:57:29.686086|[EVENT][SUB][doLoop]event sub tasks report,working event sub count=0,suspend event sub count=0
info|2023-07-08 19:57:30.160104|[SDK][WS][SERVICE]connected nodes,count=2
info|2023-07-08 19:57:49.686417|[EVENT][SUB][doLoop]event sub tasks report,working event sub count=0,suspend event sub count=0
info|2023-07-08 19:57:50.160500|[SDK][WS][SERVICE]connected nodes,count=2
info|2023-07-08 19:58:09.686932|[EVENT][SUB][doLoop]event sub tasks report,working event sub count=0,suspend event sub count=0
info|2023-07-08 19:58:10.160760|[SDK][WS][SERVICE]connected nodes,count=2
info|2023-07-08 19:58:29.687304|[EVENT][SUB][doLoop]event sub tasks report,working event sub count=0,suspend event sub count=0
info|2023-07-08 19:58:30.160858|[SDK][WS][SERVICE]connected nodes,count=2
info|2023-07-08 19:58:49.687863|[EVENT][SUB][doLoop]event sub tasks report,working event sub count=0,suspend event sub count=0
info|2023-07-08 19:58:50.161175|[SDK][WS][SERVICE]connected nodes,count=2
info|2023-07-08 19:59:09.688291|[EVENT][SUB][doLoop]event sub tasks report,working event sub count=0,suspend event sub count=0
info|2023-07-08 19:59:10.161540|[SDK][WS][SERVICE]connected nodes,count=2
info|2023-07-08 19:59:29.689014|[EVENT][SUB][doLoop]event sub tasks report,working event sub count=0,suspend event sub count=0
info|2023-07-08 19:59:30.162066|[SDK][WS][SERVICE]connected nodes,count=2
info|2023-07-08 19:59:49.689656|[EVENT][SUB][doLoop]event sub tasks report,working event sub count=0,suspend event sub count=0
info|2023-07-08 19:59:50.162385|[SDK][WS][SERVICE]connected nodes,count=2
