info|2023-07-08 01:00:05.923704|[SDK][WS][SERVICE]connected nodes,count=2
info|2023-07-08 01:00:06.218590|[EVENT][SUB][doLoop]event sub tasks report,working event sub count=0,suspend event sub count=0
info|2023-07-08 01:00:25.923988|[SDK][WS][SERVICE]connected nodes,count=2
info|2023-07-08 01:00:26.219358|[EVENT][SUB][doLoop]event sub tasks report,working event sub count=0,suspend event sub count=0
info|2023-07-08 01:00:45.924457|[SDK][WS][SERVICE]connected nodes,count=2
info|2023-07-08 01:00:46.219564|[EVENT][SUB][doLoop]event sub tasks report,working event sub count=0,suspend event sub count=0
info|2023-07-08 01:01:05.924690|[SDK][WS][SERVICE]connected nodes,count=2
info|2023-07-08 01:01:06.219678|[EVENT][SUB][doLoop]event sub tasks report,working event sub count=0,suspend event sub count=0
info|2023-07-08 01:01:25.925141|[SDK][WS][SERVICE]connected nodes,count=2
info|2023-07-08 01:01:26.220419|[EVENT][SUB][doLoop]event sub tasks report,working event sub count=0,suspend event sub count=0
info|2023-07-08 01:01:45.925834|[SDK][WS][SERVICE]connected nodes,count=2
info|2023-07-08 01:01:46.220980|[EVENT][SUB][doLoop]event sub tasks report,working event sub count=0,suspend event sub count=0
info|2023-07-08 01:02:05.926023|[SDK][WS][SERVICE]connected nodes,count=2
info|2023-07-08 01:02:06.221394|[EVENT][SUB][doLoop]event sub tasks report,working event sub count=0,suspend event sub count=0
info|2023-07-08 01:02:25.926183|[SDK][WS][SERVICE]connected nodes,count=2
info|2023-07-08 01:02:26.221681|[EVENT][SUB][doLoop]event sub tasks report,working event sub count=0,suspend event sub count=0
info|2023-07-08 01:02:45.926673|[SDK][WS][SERVICE]connected nodes,count=2
info|2023-07-08 01:02:46.221830|[EVENT][SUB][doLoop]event sub tasks report,working event sub count=0,suspend event sub count=0
info|2023-07-08 01:03:05.927080|[SDK][WS][SERVICE]connected nodes,count=2
info|2023-07-08 01:03:06.222034|[EVENT][SUB][doLoop]event sub tasks report,working event sub count=0,suspend event sub count=0
info|2023-07-08 01:03:25.927863|[SDK][WS][SERVICE]connected nodes,count=2
info|2023-07-08 01:03:26.222074|[EVENT][SUB][doLoop]event sub tasks report,working event sub count=0,suspend event sub count=0
info|2023-07-08 01:03:45.928244|[SDK][WS][SERVICE]connected nodes,count=2
info|2023-07-08 01:03:46.222791|[EVENT][SUB][doLoop]event sub tasks report,working event sub count=0,suspend event sub count=0
info|2023-07-08 01:04:05.928466|[SDK][WS][SERVICE]connected nodes,count=2
info|2023-07-08 01:04:06.223035|[EVENT][SUB][doLoop]event sub tasks report,working event sub count=0,suspend event sub count=0
info|2023-07-08 01:04:25.928809|[SDK][WS][SERVICE]connected nodes,count=2
info|2023-07-08 01:04:26.223080|[EVENT][SUB][doLoop]event sub tasks report,working event sub count=0,suspend event sub count=0
info|2023-07-08 01:04:45.929419|[SDK][WS][SERVICE]connected nodes,count=2
info|2023-07-08 01:04:46.223345|[EVENT][SUB][doLoop]event sub tasks report,working event sub count=0,suspend event sub count=0
info|2023-07-08 01:05:05.929856|[SDK][WS][SERVICE]connected nodes,count=2
info|2023-07-08 01:05:06.223452|[EVENT][SUB][doLoop]event sub tasks report,working event sub count=0,suspend event sub count=0
info|2023-07-08 01:05:25.930172|[SDK][WS][SERVICE]connected nodes,count=2
info|2023-07-08 01:05:26.223583|[EVENT][SUB][doLoop]event sub tasks report,working event sub count=0,suspend event sub count=0
info|2023-07-08 01:05:45.930373|[SDK][WS][SERVICE]connected nodes,count=2
info|2023-07-08 01:05:46.223710|[EVENT][SUB][doLoop]event sub tasks report,working event sub count=0,suspend event sub count=0
info|2023-07-08 01:06:05.930766|[SDK][WS][SERVICE]connected nodes,count=2
info|2023-07-08 01:06:06.224075|[EVENT][SUB][doLoop]event sub tasks report,working event sub count=0,suspend event sub count=0
info|2023-07-08 01:06:25.931544|[SDK][WS][SERVICE]connected nodes,count=2
info|2023-07-08 01:06:26.224192|[EVENT][SUB][doLoop]event sub tasks report,working event sub count=0,suspend event sub count=0
info|2023-07-08 01:06:45.932134|[SDK][WS][SERVICE]connected nodes,count=2
info|2023-07-08 01:06:46.224367|[EVENT][SUB][doLoop]event sub tasks report,working event sub count=0,suspend event sub count=0
info|2023-07-08 01:07:05.932252|[SDK][WS][SERVICE]connected nodes,count=2
info|2023-07-08 01:07:06.224519|[EVENT][SUB][doLoop]event sub tasks report,working event sub count=0,suspend event sub count=0
info|2023-07-08 01:07:25.932795|[SDK][WS][SERVICE]connected nodes,count=2
info|2023-07-08 01:07:26.224642|[EVENT][SUB][doLoop]event sub tasks report,working event sub count=0,suspend event sub count=0
info|2023-07-08 01:07:45.933324|[SDK][WS][SERVICE]connected nodes,count=2
info|2023-07-08 01:07:46.224825|[EVENT][SUB][doLoop]event sub tasks report,working event sub count=0,suspend event sub count=0
info|2023-07-08 01:08:05.933441|[SDK][WS][SERVICE]connected nodes,count=2
info|2023-07-08 01:08:06.224950|[EVENT][SUB][doLoop]event sub tasks report,working event sub count=0,suspend event sub count=0
info|2023-07-08 01:08:25.933741|[SDK][WS][SERVICE]connected nodes,count=2
info|2023-07-08 01:08:26.225540|[EVENT][SUB][doLoop]event sub tasks report,working event sub count=0,suspend event sub count=0
info|2023-07-08 01:08:45.934116|[SDK][WS][SERVICE]connected nodes,count=2
info|2023-07-08 01:08:46.226106|[EVENT][SUB][doLoop]event sub tasks report,working event sub count=0,suspend event sub count=0
info|2023-07-08 01:09:05.934417|[SDK][WS][SERVICE]connected nodes,count=2
info|2023-07-08 01:09:06.226331|[EVENT][SUB][doLoop]event sub tasks report,working event sub count=0,suspend event sub count=0
info|2023-07-08 01:09:25.934716|[SDK][WS][SERVICE]connected nodes,count=2
info|2023-07-08 01:09:26.227058|[EVENT][SUB][doLoop]event sub tasks report,working event sub count=0,suspend event sub count=0
info|2023-07-08 01:09:45.934859|[SDK][WS][SERVICE]connected nodes,count=2
info|2023-07-08 01:09:46.227093|[EVENT][SUB][doLoop]event sub tasks report,working event sub count=0,suspend event sub count=0
info|2023-07-08 01:10:05.935180|[SDK][WS][SERVICE]connected nodes,count=2
info|2023-07-08 01:10:06.227241|[EVENT][SUB][doLoop]event sub tasks report,working event sub count=0,suspend event sub count=0
info|2023-07-08 01:10:25.935625|[SDK][WS][SERVICE]connected nodes,count=2
info|2023-07-08 01:10:26.227297|[EVENT][SUB][doLoop]event sub tasks report,working event sub count=0,suspend event sub count=0
info|2023-07-08 01:10:45.935997|[SDK][WS][SERVICE]connected nodes,count=2
info|2023-07-08 01:10:46.227393|[EVENT][SUB][doLoop]event sub tasks report,working event sub count=0,suspend event sub count=0
info|2023-07-08 01:11:05.936490|[SDK][WS][SERVICE]connected nodes,count=2
info|2023-07-08 01:11:06.227623|[EVENT][SUB][doLoop]event sub tasks report,working event sub count=0,suspend event sub count=0
info|2023-07-08 01:11:25.936685|[SDK][WS][SERVICE]connected nodes,count=2
info|2023-07-08 01:11:26.227713|[EVENT][SUB][doLoop]event sub tasks report,working event sub count=0,suspend event sub count=0
info|2023-07-08 01:11:45.937392|[SDK][WS][SERVICE]connected nodes,count=2
info|2023-07-08 01:11:46.228424|[EVENT][SUB][doLoop]event sub tasks report,working event sub count=0,suspend event sub count=0
info|2023-07-08 01:12:05.937685|[SDK][WS][SERVICE]connected nodes,count=2
info|2023-07-08 01:12:06.229109|[EVENT][SUB][doLoop]event sub tasks report,working event sub count=0,suspend event sub count=0
info|2023-07-08 01:12:25.938094|[SDK][WS][SERVICE]connected nodes,count=2
info|2023-07-08 01:12:26.229627|[EVENT][SUB][doLoop]event sub tasks report,working event sub count=0,suspend event sub count=0
info|2023-07-08 01:12:45.938347|[SDK][WS][SERVICE]connected nodes,count=2
info|2023-07-08 01:12:46.230053|[EVENT][SUB][doLoop]event sub tasks report,working event sub count=0,suspend event sub count=0
info|2023-07-08 01:13:05.938547|[SDK][WS][SERVICE]connected nodes,count=2
info|2023-07-08 01:13:06.230358|[EVENT][SUB][doLoop]event sub tasks report,working event sub count=0,suspend event sub count=0
info|2023-07-08 01:13:25.939182|[SDK][WS][SERVICE]connected nodes,count=2
info|2023-07-08 01:13:26.230509|[EVENT][SUB][doLoop]event sub tasks report,working event sub count=0,suspend event sub count=0
info|2023-07-08 01:13:45.939732|[SDK][WS][SERVICE]connected nodes,count=2
info|2023-07-08 01:13:46.231187|[EVENT][SUB][doLoop]event sub tasks report,working event sub count=0,suspend event sub count=0
info|2023-07-08 01:14:05.940089|[SDK][WS][SERVICE]connected nodes,count=2
info|2023-07-08 01:14:06.231399|[EVENT][SUB][doLoop]event sub tasks report,working event sub count=0,suspend event sub count=0
info|2023-07-08 01:14:25.940300|[SDK][WS][SERVICE]connected nodes,count=2
info|2023-07-08 01:14:26.231465|[EVENT][SUB][doLoop]event sub tasks report,working event sub count=0,suspend event sub count=0
info|2023-07-08 01:14:45.940525|[SDK][WS][SERVICE]connected nodes,count=2
info|2023-07-08 01:14:46.231606|[EVENT][SUB][doLoop]event sub tasks report,working event sub count=0,suspend event sub count=0
info|2023-07-08 01:15:05.940809|[SDK][WS][SERVICE]connected nodes,count=2
info|2023-07-08 01:15:06.231660|[EVENT][SUB][doLoop]event sub tasks report,working event sub count=0,suspend event sub count=0
info|2023-07-08 01:15:25.941211|[SDK][WS][SERVICE]connected nodes,count=2
info|2023-07-08 01:15:26.232202|[EVENT][SUB][doLoop]event sub tasks report,working event sub count=0,suspend event sub count=0
info|2023-07-08 01:15:45.941693|[SDK][WS][SERVICE]connected nodes,count=2
info|2023-07-08 01:15:46.232625|[EVENT][SUB][doLoop]event sub tasks report,working event sub count=0,suspend event sub count=0
info|2023-07-08 01:16:05.941968|[SDK][WS][SERVICE]connected nodes,count=2
info|2023-07-08 01:16:06.233187|[EVENT][SUB][doLoop]event sub tasks report,working event sub count=0,suspend event sub count=0
info|2023-07-08 01:16:25.942114|[SDK][WS][SERVICE]connected nodes,count=2
info|2023-07-08 01:16:26.233674|[EVENT][SUB][doLoop]event sub tasks report,working event sub count=0,suspend event sub count=0
info|2023-07-08 01:16:45.942433|[SDK][WS][SERVICE]connected nodes,count=2
info|2023-07-08 01:16:46.233751|[EVENT][SUB][doLoop]event sub tasks report,working event sub count=0,suspend event sub count=0
info|2023-07-08 01:17:05.942638|[SDK][WS][SERVICE]connected nodes,count=2
info|2023-07-08 01:17:06.234291|[EVENT][SUB][doLoop]event sub tasks report,working event sub count=0,suspend event sub count=0
info|2023-07-08 01:17:25.942799|[SDK][WS][SERVICE]connected nodes,count=2
info|2023-07-08 01:17:26.234356|[EVENT][SUB][doLoop]event sub tasks report,working event sub count=0,suspend event sub count=0
info|2023-07-08 01:17:45.943037|[SDK][WS][SERVICE]connected nodes,count=2
info|2023-07-08 01:17:46.234442|[EVENT][SUB][doLoop]event sub tasks report,working event sub count=0,suspend event sub count=0
info|2023-07-08 01:18:05.943191|[SDK][WS][SERVICE]connected nodes,count=2
info|2023-07-08 01:18:06.234761|[EVENT][SUB][doLoop]event sub tasks report,working event sub count=0,suspend event sub count=0
info|2023-07-08 01:18:25.943435|[SDK][WS][SERVICE]connected nodes,count=2
info|2023-07-08 01:18:26.235010|[EVENT][SUB][doLoop]event sub tasks report,working event sub count=0,suspend event sub count=0
info|2023-07-08 01:18:45.944022|[SDK][WS][SERVICE]connected nodes,count=2
info|2023-07-08 01:18:46.235571|[EVENT][SUB][doLoop]event sub tasks report,working event sub count=0,suspend event sub count=0
info|2023-07-08 01:19:05.944238|[SDK][WS][SERVICE]connected nodes,count=2
info|2023-07-08 01:19:06.235872|[EVENT][SUB][doLoop]event sub tasks report,working event sub count=0,suspend event sub count=0
info|2023-07-08 01:19:25.944509|[SDK][WS][SERVICE]connected nodes,count=2
info|2023-07-08 01:19:26.236287|[EVENT][SUB][doLoop]event sub tasks report,working event sub count=0,suspend event sub count=0
info|2023-07-08 01:19:45.945316|[SDK][WS][SERVICE]connected nodes,count=2
info|2023-07-08 01:19:46.236434|[EVENT][SUB][doLoop]event sub tasks report,working event sub count=0,suspend event sub count=0
info|2023-07-08 01:20:05.945790|[SDK][WS][SERVICE]connected nodes,count=2
info|2023-07-08 01:20:06.236538|[EVENT][SUB][doLoop]event sub tasks report,working event sub count=0,suspend event sub count=0
info|2023-07-08 01:20:25.946157|[SDK][WS][SERVICE]connected nodes,count=2
info|2023-07-08 01:20:26.236782|[EVENT][SUB][doLoop]event sub tasks report,working event sub count=0,suspend event sub count=0
info|2023-07-08 01:20:45.946379|[SDK][WS][SERVICE]connected nodes,count=2
info|2023-07-08 01:20:46.236840|[EVENT][SUB][doLoop]event sub tasks report,working event sub count=0,suspend event sub count=0
info|2023-07-08 01:21:05.946541|[SDK][WS][SERVICE]connected nodes,count=2
info|2023-07-08 01:21:06.236948|[EVENT][SUB][doLoop]event sub tasks report,working event sub count=0,suspend event sub count=0
info|2023-07-08 01:21:25.946912|[SDK][WS][SERVICE]connected nodes,count=2
info|2023-07-08 01:21:26.237323|[EVENT][SUB][doLoop]event sub tasks report,working event sub count=0,suspend event sub count=0
info|2023-07-08 01:21:45.947361|[SDK][WS][SERVICE]connected nodes,count=2
info|2023-07-08 01:21:46.237796|[EVENT][SUB][doLoop]event sub tasks report,working event sub count=0,suspend event sub count=0
info|2023-07-08 01:22:05.948056|[SDK][WS][SERVICE]connected nodes,count=2
info|2023-07-08 01:22:06.238013|[EVENT][SUB][doLoop]event sub tasks report,working event sub count=0,suspend event sub count=0
info|2023-07-08 01:22:25.948819|[SDK][WS][SERVICE]connected nodes,count=2
info|2023-07-08 01:22:26.238396|[EVENT][SUB][doLoop]event sub tasks report,working event sub count=0,suspend event sub count=0
info|2023-07-08 01:22:45.948998|[SDK][WS][SERVICE]connected nodes,count=2
info|2023-07-08 01:22:46.238489|[EVENT][SUB][doLoop]event sub tasks report,working event sub count=0,suspend event sub count=0
info|2023-07-08 01:23:05.949379|[SDK][WS][SERVICE]connected nodes,count=2
info|2023-07-08 01:23:06.239020|[EVENT][SUB][doLoop]event sub tasks report,working event sub count=0,suspend event sub count=0
info|2023-07-08 01:23:25.949880|[SDK][WS][SERVICE]connected nodes,count=2
info|2023-07-08 01:23:26.239301|[EVENT][SUB][doLoop]event sub tasks report,working event sub count=0,suspend event sub count=0
info|2023-07-08 01:23:45.950221|[SDK][WS][SERVICE]connected nodes,count=2
info|2023-07-08 01:23:46.239690|[EVENT][SUB][doLoop]event sub tasks report,working event sub count=0,suspend event sub count=0
info|2023-07-08 01:24:05.950725|[SDK][WS][SERVICE]connected nodes,count=2
info|2023-07-08 01:24:06.240079|[EVENT][SUB][doLoop]event sub tasks report,working event sub count=0,suspend event sub count=0
info|2023-07-08 01:24:25.951000|[SDK][WS][SERVICE]connected nodes,count=2
info|2023-07-08 01:24:26.240159|[EVENT][SUB][doLoop]event sub tasks report,working event sub count=0,suspend event sub count=0
info|2023-07-08 01:24:45.951651|[SDK][WS][SERVICE]connected nodes,count=2
info|2023-07-08 01:24:46.240464|[EVENT][SUB][doLoop]event sub tasks report,working event sub count=0,suspend event sub count=0
info|2023-07-08 01:25:05.952181|[SDK][WS][SERVICE]connected nodes,count=2
info|2023-07-08 01:25:06.240527|[EVENT][SUB][doLoop]event sub tasks report,working event sub count=0,suspend event sub count=0
info|2023-07-08 01:25:25.952625|[SDK][WS][SERVICE]connected nodes,count=2
info|2023-07-08 01:25:26.240626|[EVENT][SUB][doLoop]event sub tasks report,working event sub count=0,suspend event sub count=0
info|2023-07-08 01:25:45.953248|[SDK][WS][SERVICE]connected nodes,count=2
info|2023-07-08 01:25:46.240824|[EVENT][SUB][doLoop]event sub tasks report,working event sub count=0,suspend event sub count=0
info|2023-07-08 01:26:05.953358|[SDK][WS][SERVICE]connected nodes,count=2
info|2023-07-08 01:26:06.241156|[EVENT][SUB][doLoop]event sub tasks report,working event sub count=0,suspend event sub count=0
info|2023-07-08 01:26:25.953582|[SDK][WS][SERVICE]connected nodes,count=2
info|2023-07-08 01:26:26.241448|[EVENT][SUB][doLoop]event sub tasks report,working event sub count=0,suspend event sub count=0
info|2023-07-08 01:26:45.954314|[SDK][WS][SERVICE]connected nodes,count=2
info|2023-07-08 01:26:46.242113|[EVENT][SUB][doLoop]event sub tasks report,working event sub count=0,suspend event sub count=0
info|2023-07-08 01:27:05.954549|[SDK][WS][SERVICE]connected nodes,count=2
info|2023-07-08 01:27:06.242179|[EVENT][SUB][doLoop]event sub tasks report,working event sub count=0,suspend event sub count=0
info|2023-07-08 01:27:13.872548|[RPC][BLOCK][NUMBER][fromJson],group=group0,node=98a7f70ec883a722219d92253cf073a72605f4087aa3443c8e4aadc0af2dc3ac647d0fa1b5ac99cd6987abafe6d690ae71cd5fd2aeeabe7589bfb4748aabdfba,blockNumber=1647
info|2023-07-08 01:27:13.872572|[RPCWS][SERVICE][onRecvBlockNotifier]receive block number notifier,group=group0,node=98a7f70ec883a722219d92253cf073a72605f4087aa3443c8e4aadc0af2dc3ac647d0fa1b5ac99cd6987abafe6d690ae71cd5fd2aeeabe7589bfb4748aabdfba,blockNumber=1647
info|2023-07-08 01:27:13.872578|[RPCWS][SERVICE][updateGroupBlockNumber],groupID=group0,_blockNumber=1647
info|2023-07-08 01:27:13.872582|[RPCWS][SERVICE][onRecvBlockNotifier]block notifier callback,group=group0,node=98a7f70ec883a722219d92253cf073a72605f4087aa3443c8e4aadc0af2dc3ac647d0fa1b5ac99cd6987abafe6d690ae71cd5fd2aeeabe7589bfb4748aabdfba,blockNumber=1647
info|2023-07-08 01:27:13.872586|[WS]receive block notify,endpoint=127.0.0.1:20200,blk={
	"blockNumber" : 1647,
	"group" : "group0",
	"nodeName" : "98a7f70ec883a722219d92253cf073a72605f4087aa3443c8e4aadc0af2dc3ac647d0fa1b5ac99cd6987abafe6d690ae71cd5fd2aeeabe7589bfb4748aabdfba"
}
info|2023-07-08 01:27:13.885859|[RPC][BLOCK][NUMBER][fromJson],group=group0,node=2f993327933ad58672518b6d4f63920cbc68b80f78f4d81192552ee6362f5cc81ee13bdc678ad65f06e76444cadb53b33694cfb3fc7679b8000411975fedd28a,blockNumber=1647
info|2023-07-08 01:27:13.885883|[RPCWS][SERVICE][onRecvBlockNotifier]receive block number notifier,group=group0,node=2f993327933ad58672518b6d4f63920cbc68b80f78f4d81192552ee6362f5cc81ee13bdc678ad65f06e76444cadb53b33694cfb3fc7679b8000411975fedd28a,blockNumber=1647
info|2023-07-08 01:27:13.885911|[WS]receive block notify,endpoint=127.0.0.1:20201,blk={
	"blockNumber" : 1647,
	"group" : "group0",
	"nodeName" : "2f993327933ad58672518b6d4f63920cbc68b80f78f4d81192552ee6362f5cc81ee13bdc678ad65f06e76444cadb53b33694cfb3fc7679b8000411975fedd28a"
}
info|2023-07-08 01:27:14.403518|[RPC][BLOCK][NUMBER][fromJson],group=group0,node=98a7f70ec883a722219d92253cf073a72605f4087aa3443c8e4aadc0af2dc3ac647d0fa1b5ac99cd6987abafe6d690ae71cd5fd2aeeabe7589bfb4748aabdfba,blockNumber=1648
info|2023-07-08 01:27:14.403565|[RPCWS][SERVICE][onRecvBlockNotifier]receive block number notifier,group=group0,node=98a7f70ec883a722219d92253cf073a72605f4087aa3443c8e4aadc0af2dc3ac647d0fa1b5ac99cd6987abafe6d690ae71cd5fd2aeeabe7589bfb4748aabdfba,blockNumber=1648
info|2023-07-08 01:27:14.403601|[RPCWS][SERVICE][updateGroupBlockNumber],groupID=group0,_blockNumber=1648
info|2023-07-08 01:27:14.403607|[RPCWS][SERVICE][onRecvBlockNotifier]block notifier callback,group=group0,node=98a7f70ec883a722219d92253cf073a72605f4087aa3443c8e4aadc0af2dc3ac647d0fa1b5ac99cd6987abafe6d690ae71cd5fd2aeeabe7589bfb4748aabdfba,blockNumber=1648
info|2023-07-08 01:27:14.403613|[WS]receive block notify,endpoint=127.0.0.1:20200,blk={
	"blockNumber" : 1648,
	"group" : "group0",
	"nodeName" : "98a7f70ec883a722219d92253cf073a72605f4087aa3443c8e4aadc0af2dc3ac647d0fa1b5ac99cd6987abafe6d690ae71cd5fd2aeeabe7589bfb4748aabdfba"
}
info|2023-07-08 01:27:14.480182|[RPC][BLOCK][NUMBER][fromJson],group=group0,node=2f993327933ad58672518b6d4f63920cbc68b80f78f4d81192552ee6362f5cc81ee13bdc678ad65f06e76444cadb53b33694cfb3fc7679b8000411975fedd28a,blockNumber=1648
info|2023-07-08 01:27:14.480221|[RPCWS][SERVICE][onRecvBlockNotifier]receive block number notifier,group=group0,node=2f993327933ad58672518b6d4f63920cbc68b80f78f4d81192552ee6362f5cc81ee13bdc678ad65f06e76444cadb53b33694cfb3fc7679b8000411975fedd28a,blockNumber=1648
info|2023-07-08 01:27:14.480228|[WS]receive block notify,endpoint=127.0.0.1:20201,blk={
	"blockNumber" : 1648,
	"group" : "group0",
	"nodeName" : "2f993327933ad58672518b6d4f63920cbc68b80f78f4d81192552ee6362f5cc81ee13bdc678ad65f06e76444cadb53b33694cfb3fc7679b8000411975fedd28a"
}
info|2023-07-08 01:27:14.976977|[RPC][BLOCK][NUMBER][fromJson],group=group0,node=98a7f70ec883a722219d92253cf073a72605f4087aa3443c8e4aadc0af2dc3ac647d0fa1b5ac99cd6987abafe6d690ae71cd5fd2aeeabe7589bfb4748aabdfba,blockNumber=1649
info|2023-07-08 01:27:14.977018|[RPCWS][SERVICE][onRecvBlockNotifier]receive block number notifier,group=group0,node=98a7f70ec883a722219d92253cf073a72605f4087aa3443c8e4aadc0af2dc3ac647d0fa1b5ac99cd6987abafe6d690ae71cd5fd2aeeabe7589bfb4748aabdfba,blockNumber=1649
info|2023-07-08 01:27:14.977026|[RPCWS][SERVICE][updateGroupBlockNumber],groupID=group0,_blockNumber=1649
info|2023-07-08 01:27:14.977030|[RPCWS][SERVICE][onRecvBlockNotifier]block notifier callback,group=group0,node=98a7f70ec883a722219d92253cf073a72605f4087aa3443c8e4aadc0af2dc3ac647d0fa1b5ac99cd6987abafe6d690ae71cd5fd2aeeabe7589bfb4748aabdfba,blockNumber=1649
info|2023-07-08 01:27:14.977035|[WS]receive block notify,endpoint=127.0.0.1:20200,blk={
	"blockNumber" : 1649,
	"group" : "group0",
	"nodeName" : "98a7f70ec883a722219d92253cf073a72605f4087aa3443c8e4aadc0af2dc3ac647d0fa1b5ac99cd6987abafe6d690ae71cd5fd2aeeabe7589bfb4748aabdfba"
}
info|2023-07-08 01:27:15.092316|[RPC][BLOCK][NUMBER][fromJson],group=group0,node=2f993327933ad58672518b6d4f63920cbc68b80f78f4d81192552ee6362f5cc81ee13bdc678ad65f06e76444cadb53b33694cfb3fc7679b8000411975fedd28a,blockNumber=1649
info|2023-07-08 01:27:15.092341|[RPCWS][SERVICE][onRecvBlockNotifier]receive block number notifier,group=group0,node=2f993327933ad58672518b6d4f63920cbc68b80f78f4d81192552ee6362f5cc81ee13bdc678ad65f06e76444cadb53b33694cfb3fc7679b8000411975fedd28a,blockNumber=1649
info|2023-07-08 01:27:15.092349|[WS]receive block notify,endpoint=127.0.0.1:20201,blk={
	"blockNumber" : 1649,
	"group" : "group0",
	"nodeName" : "2f993327933ad58672518b6d4f63920cbc68b80f78f4d81192552ee6362f5cc81ee13bdc678ad65f06e76444cadb53b33694cfb3fc7679b8000411975fedd28a"
}
info|2023-07-08 01:27:15.641701|[RPC][BLOCK][NUMBER][fromJson],group=group0,node=98a7f70ec883a722219d92253cf073a72605f4087aa3443c8e4aadc0af2dc3ac647d0fa1b5ac99cd6987abafe6d690ae71cd5fd2aeeabe7589bfb4748aabdfba,blockNumber=1650
info|2023-07-08 01:27:15.641721|[RPCWS][SERVICE][onRecvBlockNotifier]receive block number notifier,group=group0,node=98a7f70ec883a722219d92253cf073a72605f4087aa3443c8e4aadc0af2dc3ac647d0fa1b5ac99cd6987abafe6d690ae71cd5fd2aeeabe7589bfb4748aabdfba,blockNumber=1650
info|2023-07-08 01:27:15.641726|[RPCWS][SERVICE][updateGroupBlockNumber],groupID=group0,_blockNumber=1650
info|2023-07-08 01:27:15.641731|[RPCWS][SERVICE][onRecvBlockNotifier]block notifier callback,group=group0,node=98a7f70ec883a722219d92253cf073a72605f4087aa3443c8e4aadc0af2dc3ac647d0fa1b5ac99cd6987abafe6d690ae71cd5fd2aeeabe7589bfb4748aabdfba,blockNumber=1650
info|2023-07-08 01:27:15.641734|[WS]receive block notify,endpoint=127.0.0.1:20200,blk={
	"blockNumber" : 1650,
	"group" : "group0",
	"nodeName" : "98a7f70ec883a722219d92253cf073a72605f4087aa3443c8e4aadc0af2dc3ac647d0fa1b5ac99cd6987abafe6d690ae71cd5fd2aeeabe7589bfb4748aabdfba"
}
info|2023-07-08 01:27:15.687181|[RPC][BLOCK][NUMBER][fromJson],group=group0,node=2f993327933ad58672518b6d4f63920cbc68b80f78f4d81192552ee6362f5cc81ee13bdc678ad65f06e76444cadb53b33694cfb3fc7679b8000411975fedd28a,blockNumber=1650
info|2023-07-08 01:27:15.687201|[RPCWS][SERVICE][onRecvBlockNotifier]receive block number notifier,group=group0,node=2f993327933ad58672518b6d4f63920cbc68b80f78f4d81192552ee6362f5cc81ee13bdc678ad65f06e76444cadb53b33694cfb3fc7679b8000411975fedd28a,blockNumber=1650
info|2023-07-08 01:27:15.687207|[WS]receive block notify,endpoint=127.0.0.1:20201,blk={
	"blockNumber" : 1650,
	"group" : "group0",
	"nodeName" : "2f993327933ad58672518b6d4f63920cbc68b80f78f4d81192552ee6362f5cc81ee13bdc678ad65f06e76444cadb53b33694cfb3fc7679b8000411975fedd28a"
}
info|2023-07-08 01:27:16.198511|[RPC][BLOCK][NUMBER][fromJson],group=group0,node=98a7f70ec883a722219d92253cf073a72605f4087aa3443c8e4aadc0af2dc3ac647d0fa1b5ac99cd6987abafe6d690ae71cd5fd2aeeabe7589bfb4748aabdfba,blockNumber=1651
info|2023-07-08 01:27:16.198612|[RPCWS][SERVICE][onRecvBlockNotifier]receive block number notifier,group=group0,node=98a7f70ec883a722219d92253cf073a72605f4087aa3443c8e4aadc0af2dc3ac647d0fa1b5ac99cd6987abafe6d690ae71cd5fd2aeeabe7589bfb4748aabdfba,blockNumber=1651
info|2023-07-08 01:27:16.198633|[RPCWS][SERVICE][updateGroupBlockNumber],groupID=group0,_blockNumber=1651
info|2023-07-08 01:27:16.198641|[RPCWS][SERVICE][onRecvBlockNotifier]block notifier callback,group=group0,node=98a7f70ec883a722219d92253cf073a72605f4087aa3443c8e4aadc0af2dc3ac647d0fa1b5ac99cd6987abafe6d690ae71cd5fd2aeeabe7589bfb4748aabdfba,blockNumber=1651
info|2023-07-08 01:27:16.198686|[WS]receive block notify,endpoint=127.0.0.1:20200,blk={
	"blockNumber" : 1651,
	"group" : "group0",
	"nodeName" : "98a7f70ec883a722219d92253cf073a72605f4087aa3443c8e4aadc0af2dc3ac647d0fa1b5ac99cd6987abafe6d690ae71cd5fd2aeeabe7589bfb4748aabdfba"
}
info|2023-07-08 01:27:16.233124|[RPC][BLOCK][NUMBER][fromJson],group=group0,node=2f993327933ad58672518b6d4f63920cbc68b80f78f4d81192552ee6362f5cc81ee13bdc678ad65f06e76444cadb53b33694cfb3fc7679b8000411975fedd28a,blockNumber=1651
info|2023-07-08 01:27:16.233178|[RPCWS][SERVICE][onRecvBlockNotifier]receive block number notifier,group=group0,node=2f993327933ad58672518b6d4f63920cbc68b80f78f4d81192552ee6362f5cc81ee13bdc678ad65f06e76444cadb53b33694cfb3fc7679b8000411975fedd28a,blockNumber=1651
info|2023-07-08 01:27:16.233192|[WS]receive block notify,endpoint=127.0.0.1:20201,blk={
	"blockNumber" : 1651,
	"group" : "group0",
	"nodeName" : "2f993327933ad58672518b6d4f63920cbc68b80f78f4d81192552ee6362f5cc81ee13bdc678ad65f06e76444cadb53b33694cfb3fc7679b8000411975fedd28a"
}
info|2023-07-08 01:27:16.775525|[RPC][BLOCK][NUMBER][fromJson],group=group0,node=2f993327933ad58672518b6d4f63920cbc68b80f78f4d81192552ee6362f5cc81ee13bdc678ad65f06e76444cadb53b33694cfb3fc7679b8000411975fedd28a,blockNumber=1652
info|2023-07-08 01:27:16.775570|[RPCWS][SERVICE][onRecvBlockNotifier]receive block number notifier,group=group0,node=2f993327933ad58672518b6d4f63920cbc68b80f78f4d81192552ee6362f5cc81ee13bdc678ad65f06e76444cadb53b33694cfb3fc7679b8000411975fedd28a,blockNumber=1652
info|2023-07-08 01:27:16.775584|[RPCWS][SERVICE][updateGroupBlockNumber],groupID=group0,_blockNumber=1652
info|2023-07-08 01:27:16.775647|[RPCWS][SERVICE][onRecvBlockNotifier]block notifier callback,group=group0,node=2f993327933ad58672518b6d4f63920cbc68b80f78f4d81192552ee6362f5cc81ee13bdc678ad65f06e76444cadb53b33694cfb3fc7679b8000411975fedd28a,blockNumber=1652
info|2023-07-08 01:27:16.775663|[WS]receive block notify,endpoint=127.0.0.1:20201,blk={
	"blockNumber" : 1652,
	"group" : "group0",
	"nodeName" : "2f993327933ad58672518b6d4f63920cbc68b80f78f4d81192552ee6362f5cc81ee13bdc678ad65f06e76444cadb53b33694cfb3fc7679b8000411975fedd28a"
}
info|2023-07-08 01:27:16.787397|[RPC][BLOCK][NUMBER][fromJson],group=group0,node=98a7f70ec883a722219d92253cf073a72605f4087aa3443c8e4aadc0af2dc3ac647d0fa1b5ac99cd6987abafe6d690ae71cd5fd2aeeabe7589bfb4748aabdfba,blockNumber=1652
info|2023-07-08 01:27:16.787477|[RPCWS][SERVICE][onRecvBlockNotifier]receive block number notifier,group=group0,node=98a7f70ec883a722219d92253cf073a72605f4087aa3443c8e4aadc0af2dc3ac647d0fa1b5ac99cd6987abafe6d690ae71cd5fd2aeeabe7589bfb4748aabdfba,blockNumber=1652
info|2023-07-08 01:27:16.787497|[WS]receive block notify,endpoint=127.0.0.1:20200,blk={
	"blockNumber" : 1652,
	"group" : "group0",
	"nodeName" : "98a7f70ec883a722219d92253cf073a72605f4087aa3443c8e4aadc0af2dc3ac647d0fa1b5ac99cd6987abafe6d690ae71cd5fd2aeeabe7589bfb4748aabdfba"
}
info|2023-07-08 01:27:17.351599|[RPC][BLOCK][NUMBER][fromJson],group=group0,node=98a7f70ec883a722219d92253cf073a72605f4087aa3443c8e4aadc0af2dc3ac647d0fa1b5ac99cd6987abafe6d690ae71cd5fd2aeeabe7589bfb4748aabdfba,blockNumber=1653
info|2023-07-08 01:27:17.351630|[RPCWS][SERVICE][onRecvBlockNotifier]receive block number notifier,group=group0,node=98a7f70ec883a722219d92253cf073a72605f4087aa3443c8e4aadc0af2dc3ac647d0fa1b5ac99cd6987abafe6d690ae71cd5fd2aeeabe7589bfb4748aabdfba,blockNumber=1653
info|2023-07-08 01:27:17.351639|[RPCWS][SERVICE][updateGroupBlockNumber],groupID=group0,_blockNumber=1653
info|2023-07-08 01:27:17.351647|[RPCWS][SERVICE][onRecvBlockNotifier]block notifier callback,group=group0,node=98a7f70ec883a722219d92253cf073a72605f4087aa3443c8e4aadc0af2dc3ac647d0fa1b5ac99cd6987abafe6d690ae71cd5fd2aeeabe7589bfb4748aabdfba,blockNumber=1653
info|2023-07-08 01:27:17.351652|[WS]receive block notify,endpoint=127.0.0.1:20200,blk={
	"blockNumber" : 1653,
	"group" : "group0",
	"nodeName" : "98a7f70ec883a722219d92253cf073a72605f4087aa3443c8e4aadc0af2dc3ac647d0fa1b5ac99cd6987abafe6d690ae71cd5fd2aeeabe7589bfb4748aabdfba"
}
info|2023-07-08 01:27:17.402474|[RPC][BLOCK][NUMBER][fromJson],group=group0,node=2f993327933ad58672518b6d4f63920cbc68b80f78f4d81192552ee6362f5cc81ee13bdc678ad65f06e76444cadb53b33694cfb3fc7679b8000411975fedd28a,blockNumber=1653
info|2023-07-08 01:27:17.402549|[RPCWS][SERVICE][onRecvBlockNotifier]receive block number notifier,group=group0,node=2f993327933ad58672518b6d4f63920cbc68b80f78f4d81192552ee6362f5cc81ee13bdc678ad65f06e76444cadb53b33694cfb3fc7679b8000411975fedd28a,blockNumber=1653
info|2023-07-08 01:27:17.402558|[WS]receive block notify,endpoint=127.0.0.1:20201,blk={
	"blockNumber" : 1653,
	"group" : "group0",
	"nodeName" : "2f993327933ad58672518b6d4f63920cbc68b80f78f4d81192552ee6362f5cc81ee13bdc678ad65f06e76444cadb53b33694cfb3fc7679b8000411975fedd28a"
}
info|2023-07-08 01:27:17.969190|[RPC][BLOCK][NUMBER][fromJson],group=group0,node=98a7f70ec883a722219d92253cf073a72605f4087aa3443c8e4aadc0af2dc3ac647d0fa1b5ac99cd6987abafe6d690ae71cd5fd2aeeabe7589bfb4748aabdfba,blockNumber=1654
info|2023-07-08 01:27:17.969275|[RPCWS][SERVICE][onRecvBlockNotifier]receive block number notifier,group=group0,node=98a7f70ec883a722219d92253cf073a72605f4087aa3443c8e4aadc0af2dc3ac647d0fa1b5ac99cd6987abafe6d690ae71cd5fd2aeeabe7589bfb4748aabdfba,blockNumber=1654
info|2023-07-08 01:27:17.969290|[RPCWS][SERVICE][updateGroupBlockNumber],groupID=group0,_blockNumber=1654
info|2023-07-08 01:27:17.969298|[RPCWS][SERVICE][onRecvBlockNotifier]block notifier callback,group=group0,node=98a7f70ec883a722219d92253cf073a72605f4087aa3443c8e4aadc0af2dc3ac647d0fa1b5ac99cd6987abafe6d690ae71cd5fd2aeeabe7589bfb4748aabdfba,blockNumber=1654
info|2023-07-08 01:27:17.969305|[WS]receive block notify,endpoint=127.0.0.1:20200,blk={
	"blockNumber" : 1654,
	"group" : "group0",
	"nodeName" : "98a7f70ec883a722219d92253cf073a72605f4087aa3443c8e4aadc0af2dc3ac647d0fa1b5ac99cd6987abafe6d690ae71cd5fd2aeeabe7589bfb4748aabdfba"
}
info|2023-07-08 01:27:18.008106|[RPC][BLOCK][NUMBER][fromJson],group=group0,node=2f993327933ad58672518b6d4f63920cbc68b80f78f4d81192552ee6362f5cc81ee13bdc678ad65f06e76444cadb53b33694cfb3fc7679b8000411975fedd28a,blockNumber=1654
info|2023-07-08 01:27:18.008129|[RPCWS][SERVICE][onRecvBlockNotifier]receive block number notifier,group=group0,node=2f993327933ad58672518b6d4f63920cbc68b80f78f4d81192552ee6362f5cc81ee13bdc678ad65f06e76444cadb53b33694cfb3fc7679b8000411975fedd28a,blockNumber=1654
info|2023-07-08 01:27:18.008136|[WS]receive block notify,endpoint=127.0.0.1:20201,blk={
	"blockNumber" : 1654,
	"group" : "group0",
	"nodeName" : "2f993327933ad58672518b6d4f63920cbc68b80f78f4d81192552ee6362f5cc81ee13bdc678ad65f06e76444cadb53b33694cfb3fc7679b8000411975fedd28a"
}
info|2023-07-08 01:27:18.560676|[RPC][BLOCK][NUMBER][fromJson],group=group0,node=98a7f70ec883a722219d92253cf073a72605f4087aa3443c8e4aadc0af2dc3ac647d0fa1b5ac99cd6987abafe6d690ae71cd5fd2aeeabe7589bfb4748aabdfba,blockNumber=1655
info|2023-07-08 01:27:18.560705|[RPCWS][SERVICE][onRecvBlockNotifier]receive block number notifier,group=group0,node=98a7f70ec883a722219d92253cf073a72605f4087aa3443c8e4aadc0af2dc3ac647d0fa1b5ac99cd6987abafe6d690ae71cd5fd2aeeabe7589bfb4748aabdfba,blockNumber=1655
info|2023-07-08 01:27:18.560713|[RPCWS][SERVICE][updateGroupBlockNumber],groupID=group0,_blockNumber=1655
info|2023-07-08 01:27:18.560719|[RPCWS][SERVICE][onRecvBlockNotifier]block notifier callback,group=group0,node=98a7f70ec883a722219d92253cf073a72605f4087aa3443c8e4aadc0af2dc3ac647d0fa1b5ac99cd6987abafe6d690ae71cd5fd2aeeabe7589bfb4748aabdfba,blockNumber=1655
info|2023-07-08 01:27:18.560724|[WS]receive block notify,endpoint=127.0.0.1:20200,blk={
	"blockNumber" : 1655,
	"group" : "group0",
	"nodeName" : "98a7f70ec883a722219d92253cf073a72605f4087aa3443c8e4aadc0af2dc3ac647d0fa1b5ac99cd6987abafe6d690ae71cd5fd2aeeabe7589bfb4748aabdfba"
}
info|2023-07-08 01:27:18.570600|[RPC][BLOCK][NUMBER][fromJson],group=group0,node=2f993327933ad58672518b6d4f63920cbc68b80f78f4d81192552ee6362f5cc81ee13bdc678ad65f06e76444cadb53b33694cfb3fc7679b8000411975fedd28a,blockNumber=1655
info|2023-07-08 01:27:18.570700|[RPCWS][SERVICE][onRecvBlockNotifier]receive block number notifier,group=group0,node=2f993327933ad58672518b6d4f63920cbc68b80f78f4d81192552ee6362f5cc81ee13bdc678ad65f06e76444cadb53b33694cfb3fc7679b8000411975fedd28a,blockNumber=1655
info|2023-07-08 01:27:18.570711|[WS]receive block notify,endpoint=127.0.0.1:20201,blk={
	"blockNumber" : 1655,
	"group" : "group0",
	"nodeName" : "2f993327933ad58672518b6d4f63920cbc68b80f78f4d81192552ee6362f5cc81ee13bdc678ad65f06e76444cadb53b33694cfb3fc7679b8000411975fedd28a"
}
info|2023-07-08 01:27:19.112882|[RPC][BLOCK][NUMBER][fromJson],group=group0,node=98a7f70ec883a722219d92253cf073a72605f4087aa3443c8e4aadc0af2dc3ac647d0fa1b5ac99cd6987abafe6d690ae71cd5fd2aeeabe7589bfb4748aabdfba,blockNumber=1656
info|2023-07-08 01:27:19.112908|[RPCWS][SERVICE][onRecvBlockNotifier]receive block number notifier,group=group0,node=98a7f70ec883a722219d92253cf073a72605f4087aa3443c8e4aadc0af2dc3ac647d0fa1b5ac99cd6987abafe6d690ae71cd5fd2aeeabe7589bfb4748aabdfba,blockNumber=1656
info|2023-07-08 01:27:19.112914|[RPCWS][SERVICE][updateGroupBlockNumber],groupID=group0,_blockNumber=1656
info|2023-07-08 01:27:19.112921|[RPCWS][SERVICE][onRecvBlockNotifier]block notifier callback,group=group0,node=98a7f70ec883a722219d92253cf073a72605f4087aa3443c8e4aadc0af2dc3ac647d0fa1b5ac99cd6987abafe6d690ae71cd5fd2aeeabe7589bfb4748aabdfba,blockNumber=1656
info|2023-07-08 01:27:19.112954|[WS]receive block notify,endpoint=127.0.0.1:20200,blk={
	"blockNumber" : 1656,
	"group" : "group0",
	"nodeName" : "98a7f70ec883a722219d92253cf073a72605f4087aa3443c8e4aadc0af2dc3ac647d0fa1b5ac99cd6987abafe6d690ae71cd5fd2aeeabe7589bfb4748aabdfba"
}
info|2023-07-08 01:27:19.148908|[RPC][BLOCK][NUMBER][fromJson],group=group0,node=2f993327933ad58672518b6d4f63920cbc68b80f78f4d81192552ee6362f5cc81ee13bdc678ad65f06e76444cadb53b33694cfb3fc7679b8000411975fedd28a,blockNumber=1656
info|2023-07-08 01:27:19.148981|[RPCWS][SERVICE][onRecvBlockNotifier]receive block number notifier,group=group0,node=2f993327933ad58672518b6d4f63920cbc68b80f78f4d81192552ee6362f5cc81ee13bdc678ad65f06e76444cadb53b33694cfb3fc7679b8000411975fedd28a,blockNumber=1656
info|2023-07-08 01:27:19.149032|[WS]receive block notify,endpoint=127.0.0.1:20201,blk={
	"blockNumber" : 1656,
	"group" : "group0",
	"nodeName" : "2f993327933ad58672518b6d4f63920cbc68b80f78f4d81192552ee6362f5cc81ee13bdc678ad65f06e76444cadb53b33694cfb3fc7679b8000411975fedd28a"
}
info|2023-07-08 01:27:19.655374|[RPC][BLOCK][NUMBER][fromJson],group=group0,node=98a7f70ec883a722219d92253cf073a72605f4087aa3443c8e4aadc0af2dc3ac647d0fa1b5ac99cd6987abafe6d690ae71cd5fd2aeeabe7589bfb4748aabdfba,blockNumber=1657
info|2023-07-08 01:27:19.655420|[RPCWS][SERVICE][onRecvBlockNotifier]receive block number notifier,group=group0,node=98a7f70ec883a722219d92253cf073a72605f4087aa3443c8e4aadc0af2dc3ac647d0fa1b5ac99cd6987abafe6d690ae71cd5fd2aeeabe7589bfb4748aabdfba,blockNumber=1657
info|2023-07-08 01:27:19.655430|[RPCWS][SERVICE][updateGroupBlockNumber],groupID=group0,_blockNumber=1657
info|2023-07-08 01:27:19.655459|[RPCWS][SERVICE][onRecvBlockNotifier]block notifier callback,group=group0,node=98a7f70ec883a722219d92253cf073a72605f4087aa3443c8e4aadc0af2dc3ac647d0fa1b5ac99cd6987abafe6d690ae71cd5fd2aeeabe7589bfb4748aabdfba,blockNumber=1657
info|2023-07-08 01:27:19.655468|[WS]receive block notify,endpoint=127.0.0.1:20200,blk={
	"blockNumber" : 1657,
	"group" : "group0",
	"nodeName" : "98a7f70ec883a722219d92253cf073a72605f4087aa3443c8e4aadc0af2dc3ac647d0fa1b5ac99cd6987abafe6d690ae71cd5fd2aeeabe7589bfb4748aabdfba"
}
info|2023-07-08 01:27:19.735920|[RPC][BLOCK][NUMBER][fromJson],group=group0,node=2f993327933ad58672518b6d4f63920cbc68b80f78f4d81192552ee6362f5cc81ee13bdc678ad65f06e76444cadb53b33694cfb3fc7679b8000411975fedd28a,blockNumber=1657
info|2023-07-08 01:27:19.735982|[RPCWS][SERVICE][onRecvBlockNotifier]receive block number notifier,group=group0,node=2f993327933ad58672518b6d4f63920cbc68b80f78f4d81192552ee6362f5cc81ee13bdc678ad65f06e76444cadb53b33694cfb3fc7679b8000411975fedd28a,blockNumber=1657
info|2023-07-08 01:27:19.736002|[WS]receive block notify,endpoint=127.0.0.1:20201,blk={
	"blockNumber" : 1657,
	"group" : "group0",
	"nodeName" : "2f993327933ad58672518b6d4f63920cbc68b80f78f4d81192552ee6362f5cc81ee13bdc678ad65f06e76444cadb53b33694cfb3fc7679b8000411975fedd28a"
}
info|2023-07-08 01:27:20.260228|[RPC][BLOCK][NUMBER][fromJson],group=group0,node=98a7f70ec883a722219d92253cf073a72605f4087aa3443c8e4aadc0af2dc3ac647d0fa1b5ac99cd6987abafe6d690ae71cd5fd2aeeabe7589bfb4748aabdfba,blockNumber=1658
info|2023-07-08 01:27:20.260252|[RPCWS][SERVICE][onRecvBlockNotifier]receive block number notifier,group=group0,node=98a7f70ec883a722219d92253cf073a72605f4087aa3443c8e4aadc0af2dc3ac647d0fa1b5ac99cd6987abafe6d690ae71cd5fd2aeeabe7589bfb4748aabdfba,blockNumber=1658
info|2023-07-08 01:27:20.260284|[RPCWS][SERVICE][updateGroupBlockNumber],groupID=group0,_blockNumber=1658
info|2023-07-08 01:27:20.260290|[RPCWS][SERVICE][onRecvBlockNotifier]block notifier callback,group=group0,node=98a7f70ec883a722219d92253cf073a72605f4087aa3443c8e4aadc0af2dc3ac647d0fa1b5ac99cd6987abafe6d690ae71cd5fd2aeeabe7589bfb4748aabdfba,blockNumber=1658
info|2023-07-08 01:27:20.260295|[WS]receive block notify,endpoint=127.0.0.1:20200,blk={
	"blockNumber" : 1658,
	"group" : "group0",
	"nodeName" : "98a7f70ec883a722219d92253cf073a72605f4087aa3443c8e4aadc0af2dc3ac647d0fa1b5ac99cd6987abafe6d690ae71cd5fd2aeeabe7589bfb4748aabdfba"
}
info|2023-07-08 01:27:20.281285|[RPC][BLOCK][NUMBER][fromJson],group=group0,node=2f993327933ad58672518b6d4f63920cbc68b80f78f4d81192552ee6362f5cc81ee13bdc678ad65f06e76444cadb53b33694cfb3fc7679b8000411975fedd28a,blockNumber=1658
info|2023-07-08 01:27:20.281305|[RPCWS][SERVICE][onRecvBlockNotifier]receive block number notifier,group=group0,node=2f993327933ad58672518b6d4f63920cbc68b80f78f4d81192552ee6362f5cc81ee13bdc678ad65f06e76444cadb53b33694cfb3fc7679b8000411975fedd28a,blockNumber=1658
info|2023-07-08 01:27:20.281311|[WS]receive block notify,endpoint=127.0.0.1:20201,blk={
	"blockNumber" : 1658,
	"group" : "group0",
	"nodeName" : "2f993327933ad58672518b6d4f63920cbc68b80f78f4d81192552ee6362f5cc81ee13bdc678ad65f06e76444cadb53b33694cfb3fc7679b8000411975fedd28a"
}
info|2023-07-08 01:27:20.875966|[RPC][BLOCK][NUMBER][fromJson],group=group0,node=98a7f70ec883a722219d92253cf073a72605f4087aa3443c8e4aadc0af2dc3ac647d0fa1b5ac99cd6987abafe6d690ae71cd5fd2aeeabe7589bfb4748aabdfba,blockNumber=1659
info|2023-07-08 01:27:20.876104|[RPCWS][SERVICE][onRecvBlockNotifier]receive block number notifier,group=group0,node=98a7f70ec883a722219d92253cf073a72605f4087aa3443c8e4aadc0af2dc3ac647d0fa1b5ac99cd6987abafe6d690ae71cd5fd2aeeabe7589bfb4748aabdfba,blockNumber=1659
info|2023-07-08 01:27:20.876132|[RPCWS][SERVICE][updateGroupBlockNumber],groupID=group0,_blockNumber=1659
info|2023-07-08 01:27:20.876683|[RPCWS][SERVICE][onRecvBlockNotifier]block notifier callback,group=group0,node=98a7f70ec883a722219d92253cf073a72605f4087aa3443c8e4aadc0af2dc3ac647d0fa1b5ac99cd6987abafe6d690ae71cd5fd2aeeabe7589bfb4748aabdfba,blockNumber=1659
info|2023-07-08 01:27:20.876708|[WS]receive block notify,endpoint=127.0.0.1:20200,blk={
	"blockNumber" : 1659,
	"group" : "group0",
	"nodeName" : "98a7f70ec883a722219d92253cf073a72605f4087aa3443c8e4aadc0af2dc3ac647d0fa1b5ac99cd6987abafe6d690ae71cd5fd2aeeabe7589bfb4748aabdfba"
}
info|2023-07-08 01:27:20.897771|[RPC][BLOCK][NUMBER][fromJson],group=group0,node=2f993327933ad58672518b6d4f63920cbc68b80f78f4d81192552ee6362f5cc81ee13bdc678ad65f06e76444cadb53b33694cfb3fc7679b8000411975fedd28a,blockNumber=1659
info|2023-07-08 01:27:20.898054|[RPCWS][SERVICE][onRecvBlockNotifier]receive block number notifier,group=group0,node=2f993327933ad58672518b6d4f63920cbc68b80f78f4d81192552ee6362f5cc81ee13bdc678ad65f06e76444cadb53b33694cfb3fc7679b8000411975fedd28a,blockNumber=1659
info|2023-07-08 01:27:20.898093|[WS]receive block notify,endpoint=127.0.0.1:20201,blk={
	"blockNumber" : 1659,
	"group" : "group0",
	"nodeName" : "2f993327933ad58672518b6d4f63920cbc68b80f78f4d81192552ee6362f5cc81ee13bdc678ad65f06e76444cadb53b33694cfb3fc7679b8000411975fedd28a"
}
info|2023-07-08 01:27:21.479596|[RPC][BLOCK][NUMBER][fromJson],group=group0,node=2f993327933ad58672518b6d4f63920cbc68b80f78f4d81192552ee6362f5cc81ee13bdc678ad65f06e76444cadb53b33694cfb3fc7679b8000411975fedd28a,blockNumber=1660
info|2023-07-08 01:27:21.479631|[RPCWS][SERVICE][onRecvBlockNotifier]receive block number notifier,group=group0,node=2f993327933ad58672518b6d4f63920cbc68b80f78f4d81192552ee6362f5cc81ee13bdc678ad65f06e76444cadb53b33694cfb3fc7679b8000411975fedd28a,blockNumber=1660
info|2023-07-08 01:27:21.479640|[RPCWS][SERVICE][updateGroupBlockNumber],groupID=group0,_blockNumber=1660
info|2023-07-08 01:27:21.479648|[RPCWS][SERVICE][onRecvBlockNotifier]block notifier callback,group=group0,node=2f993327933ad58672518b6d4f63920cbc68b80f78f4d81192552ee6362f5cc81ee13bdc678ad65f06e76444cadb53b33694cfb3fc7679b8000411975fedd28a,blockNumber=1660
info|2023-07-08 01:27:21.479654|[WS]receive block notify,endpoint=127.0.0.1:20201,blk={
	"blockNumber" : 1660,
	"group" : "group0",
	"nodeName" : "2f993327933ad58672518b6d4f63920cbc68b80f78f4d81192552ee6362f5cc81ee13bdc678ad65f06e76444cadb53b33694cfb3fc7679b8000411975fedd28a"
}
info|2023-07-08 01:27:21.482399|[RPC][BLOCK][NUMBER][fromJson],group=group0,node=98a7f70ec883a722219d92253cf073a72605f4087aa3443c8e4aadc0af2dc3ac647d0fa1b5ac99cd6987abafe6d690ae71cd5fd2aeeabe7589bfb4748aabdfba,blockNumber=1660
info|2023-07-08 01:27:21.482432|[RPCWS][SERVICE][onRecvBlockNotifier]receive block number notifier,group=group0,node=98a7f70ec883a722219d92253cf073a72605f4087aa3443c8e4aadc0af2dc3ac647d0fa1b5ac99cd6987abafe6d690ae71cd5fd2aeeabe7589bfb4748aabdfba,blockNumber=1660
info|2023-07-08 01:27:21.482443|[WS]receive block notify,endpoint=127.0.0.1:20200,blk={
	"blockNumber" : 1660,
	"group" : "group0",
	"nodeName" : "98a7f70ec883a722219d92253cf073a72605f4087aa3443c8e4aadc0af2dc3ac647d0fa1b5ac99cd6987abafe6d690ae71cd5fd2aeeabe7589bfb4748aabdfba"
}
info|2023-07-08 01:27:21.982466|[RPC][BLOCK][NUMBER][fromJson],group=group0,node=98a7f70ec883a722219d92253cf073a72605f4087aa3443c8e4aadc0af2dc3ac647d0fa1b5ac99cd6987abafe6d690ae71cd5fd2aeeabe7589bfb4748aabdfba,blockNumber=1661
info|2023-07-08 01:27:21.982500|[RPCWS][SERVICE][onRecvBlockNotifier]receive block number notifier,group=group0,node=98a7f70ec883a722219d92253cf073a72605f4087aa3443c8e4aadc0af2dc3ac647d0fa1b5ac99cd6987abafe6d690ae71cd5fd2aeeabe7589bfb4748aabdfba,blockNumber=1661
info|2023-07-08 01:27:21.982509|[RPCWS][SERVICE][updateGroupBlockNumber],groupID=group0,_blockNumber=1661
info|2023-07-08 01:27:21.982518|[RPCWS][SERVICE][onRecvBlockNotifier]block notifier callback,group=group0,node=98a7f70ec883a722219d92253cf073a72605f4087aa3443c8e4aadc0af2dc3ac647d0fa1b5ac99cd6987abafe6d690ae71cd5fd2aeeabe7589bfb4748aabdfba,blockNumber=1661
info|2023-07-08 01:27:21.982524|[WS]receive block notify,endpoint=127.0.0.1:20200,blk={
	"blockNumber" : 1661,
	"group" : "group0",
	"nodeName" : "98a7f70ec883a722219d92253cf073a72605f4087aa3443c8e4aadc0af2dc3ac647d0fa1b5ac99cd6987abafe6d690ae71cd5fd2aeeabe7589bfb4748aabdfba"
}
info|2023-07-08 01:27:22.038069|[RPC][BLOCK][NUMBER][fromJson],group=group0,node=2f993327933ad58672518b6d4f63920cbc68b80f78f4d81192552ee6362f5cc81ee13bdc678ad65f06e76444cadb53b33694cfb3fc7679b8000411975fedd28a,blockNumber=1661
info|2023-07-08 01:27:22.038232|[RPCWS][SERVICE][onRecvBlockNotifier]receive block number notifier,group=group0,node=2f993327933ad58672518b6d4f63920cbc68b80f78f4d81192552ee6362f5cc81ee13bdc678ad65f06e76444cadb53b33694cfb3fc7679b8000411975fedd28a,blockNumber=1661
info|2023-07-08 01:27:22.038253|[WS]receive block notify,endpoint=127.0.0.1:20201,blk={
	"blockNumber" : 1661,
	"group" : "group0",
	"nodeName" : "2f993327933ad58672518b6d4f63920cbc68b80f78f4d81192552ee6362f5cc81ee13bdc678ad65f06e76444cadb53b33694cfb3fc7679b8000411975fedd28a"
}
info|2023-07-08 01:27:22.601405|[RPC][BLOCK][NUMBER][fromJson],group=group0,node=98a7f70ec883a722219d92253cf073a72605f4087aa3443c8e4aadc0af2dc3ac647d0fa1b5ac99cd6987abafe6d690ae71cd5fd2aeeabe7589bfb4748aabdfba,blockNumber=1662
info|2023-07-08 01:27:22.601437|[RPCWS][SERVICE][onRecvBlockNotifier]receive block number notifier,group=group0,node=98a7f70ec883a722219d92253cf073a72605f4087aa3443c8e4aadc0af2dc3ac647d0fa1b5ac99cd6987abafe6d690ae71cd5fd2aeeabe7589bfb4748aabdfba,blockNumber=1662
info|2023-07-08 01:27:22.601445|[RPCWS][SERVICE][updateGroupBlockNumber],groupID=group0,_blockNumber=1662
info|2023-07-08 01:27:22.601451|[RPCWS][SERVICE][onRecvBlockNotifier]block notifier callback,group=group0,node=98a7f70ec883a722219d92253cf073a72605f4087aa3443c8e4aadc0af2dc3ac647d0fa1b5ac99cd6987abafe6d690ae71cd5fd2aeeabe7589bfb4748aabdfba,blockNumber=1662
info|2023-07-08 01:27:22.601457|[WS]receive block notify,endpoint=127.0.0.1:20200,blk={
	"blockNumber" : 1662,
	"group" : "group0",
	"nodeName" : "98a7f70ec883a722219d92253cf073a72605f4087aa3443c8e4aadc0af2dc3ac647d0fa1b5ac99cd6987abafe6d690ae71cd5fd2aeeabe7589bfb4748aabdfba"
}
info|2023-07-08 01:27:22.736837|[RPC][BLOCK][NUMBER][fromJson],group=group0,node=2f993327933ad58672518b6d4f63920cbc68b80f78f4d81192552ee6362f5cc81ee13bdc678ad65f06e76444cadb53b33694cfb3fc7679b8000411975fedd28a,blockNumber=1662
info|2023-07-08 01:27:22.736871|[RPCWS][SERVICE][onRecvBlockNotifier]receive block number notifier,group=group0,node=2f993327933ad58672518b6d4f63920cbc68b80f78f4d81192552ee6362f5cc81ee13bdc678ad65f06e76444cadb53b33694cfb3fc7679b8000411975fedd28a,blockNumber=1662
info|2023-07-08 01:27:22.736883|[WS]receive block notify,endpoint=127.0.0.1:20201,blk={
	"blockNumber" : 1662,
	"group" : "group0",
	"nodeName" : "2f993327933ad58672518b6d4f63920cbc68b80f78f4d81192552ee6362f5cc81ee13bdc678ad65f06e76444cadb53b33694cfb3fc7679b8000411975fedd28a"
}
info|2023-07-08 01:27:25.954776|[SDK][WS][SERVICE]connected nodes,count=2
info|2023-07-08 01:27:26.242711|[EVENT][SUB][doLoop]event sub tasks report,working event sub count=0,suspend event sub count=0
info|2023-07-08 01:27:45.955000|[SDK][WS][SERVICE]connected nodes,count=2
info|2023-07-08 01:27:46.242760|[EVENT][SUB][doLoop]event sub tasks report,working event sub count=0,suspend event sub count=0
info|2023-07-08 01:28:05.955350|[SDK][WS][SERVICE]connected nodes,count=2
info|2023-07-08 01:28:06.243124|[EVENT][SUB][doLoop]event sub tasks report,working event sub count=0,suspend event sub count=0
info|2023-07-08 01:28:25.955813|[SDK][WS][SERVICE]connected nodes,count=2
info|2023-07-08 01:28:26.243474|[EVENT][SUB][doLoop]event sub tasks report,working event sub count=0,suspend event sub count=0
info|2023-07-08 01:28:45.955944|[SDK][WS][SERVICE]connected nodes,count=2
info|2023-07-08 01:28:46.243615|[EVENT][SUB][doLoop]event sub tasks report,working event sub count=0,suspend event sub count=0
info|2023-07-08 01:29:05.956077|[SDK][WS][SERVICE]connected nodes,count=2
info|2023-07-08 01:29:06.243877|[EVENT][SUB][doLoop]event sub tasks report,working event sub count=0,suspend event sub count=0
info|2023-07-08 01:29:25.956200|[SDK][WS][SERVICE]connected nodes,count=2
info|2023-07-08 01:29:26.246967|[EVENT][SUB][doLoop]event sub tasks report,working event sub count=0,suspend event sub count=0
info|2023-07-08 01:29:45.956409|[SDK][WS][SERVICE]connected nodes,count=2
info|2023-07-08 01:29:46.247382|[EVENT][SUB][doLoop]event sub tasks report,working event sub count=0,suspend event sub count=0
info|2023-07-08 01:30:05.956615|[SDK][WS][SERVICE]connected nodes,count=2
info|2023-07-08 01:30:06.248042|[EVENT][SUB][doLoop]event sub tasks report,working event sub count=0,suspend event sub count=0
info|2023-07-08 01:30:25.957139|[SDK][WS][SERVICE]connected nodes,count=2
info|2023-07-08 01:30:26.248564|[EVENT][SUB][doLoop]event sub tasks report,working event sub count=0,suspend event sub count=0
info|2023-07-08 01:30:45.957268|[SDK][WS][SERVICE]connected nodes,count=2
info|2023-07-08 01:30:46.248838|[EVENT][SUB][doLoop]event sub tasks report,working event sub count=0,suspend event sub count=0
info|2023-07-08 01:31:05.957775|[SDK][WS][SERVICE]connected nodes,count=2
info|2023-07-08 01:31:06.248920|[EVENT][SUB][doLoop]event sub tasks report,working event sub count=0,suspend event sub count=0
info|2023-07-08 01:31:25.958542|[SDK][WS][SERVICE]connected nodes,count=2
info|2023-07-08 01:31:26.249396|[EVENT][SUB][doLoop]event sub tasks report,working event sub count=0,suspend event sub count=0
info|2023-07-08 01:31:45.959188|[SDK][WS][SERVICE]connected nodes,count=2
info|2023-07-08 01:31:46.249852|[EVENT][SUB][doLoop]event sub tasks report,working event sub count=0,suspend event sub count=0
info|2023-07-08 01:32:05.959392|[SDK][WS][SERVICE]connected nodes,count=2
info|2023-07-08 01:32:06.250493|[EVENT][SUB][doLoop]event sub tasks report,working event sub count=0,suspend event sub count=0
info|2023-07-08 01:32:25.960156|[SDK][WS][SERVICE]connected nodes,count=2
info|2023-07-08 01:32:26.251058|[EVENT][SUB][doLoop]event sub tasks report,working event sub count=0,suspend event sub count=0
info|2023-07-08 01:32:45.960475|[SDK][WS][SERVICE]connected nodes,count=2
info|2023-07-08 01:32:46.251666|[EVENT][SUB][doLoop]event sub tasks report,working event sub count=0,suspend event sub count=0
info|2023-07-08 01:33:05.961029|[SDK][WS][SERVICE]connected nodes,count=2
info|2023-07-08 01:33:06.251848|[EVENT][SUB][doLoop]event sub tasks report,working event sub count=0,suspend event sub count=0
info|2023-07-08 01:33:25.961225|[SDK][WS][SERVICE]connected nodes,count=2
info|2023-07-08 01:33:26.252215|[EVENT][SUB][doLoop]event sub tasks report,working event sub count=0,suspend event sub count=0
info|2023-07-08 01:33:45.961634|[SDK][WS][SERVICE]connected nodes,count=2
info|2023-07-08 01:33:46.252272|[EVENT][SUB][doLoop]event sub tasks report,working event sub count=0,suspend event sub count=0
info|2023-07-08 01:34:05.961833|[SDK][WS][SERVICE]connected nodes,count=2
info|2023-07-08 01:34:06.252361|[EVENT][SUB][doLoop]event sub tasks report,working event sub count=0,suspend event sub count=0
info|2023-07-08 01:34:25.962358|[SDK][WS][SERVICE]connected nodes,count=2
info|2023-07-08 01:34:26.252389|[EVENT][SUB][doLoop]event sub tasks report,working event sub count=0,suspend event sub count=0
info|2023-07-08 01:34:45.962610|[SDK][WS][SERVICE]connected nodes,count=2
info|2023-07-08 01:34:46.252731|[EVENT][SUB][doLoop]event sub tasks report,working event sub count=0,suspend event sub count=0
info|2023-07-08 01:35:05.962960|[SDK][WS][SERVICE]connected nodes,count=2
info|2023-07-08 01:35:06.252976|[EVENT][SUB][doLoop]event sub tasks report,working event sub count=0,suspend event sub count=0
info|2023-07-08 01:35:25.963085|[SDK][WS][SERVICE]connected nodes,count=2
info|2023-07-08 01:35:26.253303|[EVENT][SUB][doLoop]event sub tasks report,working event sub count=0,suspend event sub count=0
info|2023-07-08 01:35:45.963412|[SDK][WS][SERVICE]connected nodes,count=2
info|2023-07-08 01:35:46.253984|[EVENT][SUB][doLoop]event sub tasks report,working event sub count=0,suspend event sub count=0
info|2023-07-08 01:36:05.964598|[SDK][WS][SERVICE]connected nodes,count=2
info|2023-07-08 01:36:06.254588|[EVENT][SUB][doLoop]event sub tasks report,working event sub count=0,suspend event sub count=0
info|2023-07-08 01:36:25.965002|[SDK][WS][SERVICE]connected nodes,count=2
info|2023-07-08 01:36:26.254742|[EVENT][SUB][doLoop]event sub tasks report,working event sub count=0,suspend event sub count=0
info|2023-07-08 01:36:45.965217|[SDK][WS][SERVICE]connected nodes,count=2
info|2023-07-08 01:36:46.254912|[EVENT][SUB][doLoop]event sub tasks report,working event sub count=0,suspend event sub count=0
info|2023-07-08 01:37:05.965922|[SDK][WS][SERVICE]connected nodes,count=2
info|2023-07-08 01:37:06.255168|[EVENT][SUB][doLoop]event sub tasks report,working event sub count=0,suspend event sub count=0
info|2023-07-08 01:37:25.966645|[SDK][WS][SERVICE]connected nodes,count=2
info|2023-07-08 01:37:26.255666|[EVENT][SUB][doLoop]event sub tasks report,working event sub count=0,suspend event sub count=0
info|2023-07-08 01:37:45.967003|[SDK][WS][SERVICE]connected nodes,count=2
info|2023-07-08 01:37:46.255708|[EVENT][SUB][doLoop]event sub tasks report,working event sub count=0,suspend event sub count=0
info|2023-07-08 01:38:05.967308|[SDK][WS][SERVICE]connected nodes,count=2
info|2023-07-08 01:38:06.255953|[EVENT][SUB][doLoop]event sub tasks report,working event sub count=0,suspend event sub count=0
info|2023-07-08 01:38:25.967753|[SDK][WS][SERVICE]connected nodes,count=2
info|2023-07-08 01:38:26.256682|[EVENT][SUB][doLoop]event sub tasks report,working event sub count=0,suspend event sub count=0
info|2023-07-08 01:38:45.967955|[SDK][WS][SERVICE]connected nodes,count=2
info|2023-07-08 01:38:46.257154|[EVENT][SUB][doLoop]event sub tasks report,working event sub count=0,suspend event sub count=0
info|2023-07-08 01:39:05.968436|[SDK][WS][SERVICE]connected nodes,count=2
info|2023-07-08 01:39:06.257612|[EVENT][SUB][doLoop]event sub tasks report,working event sub count=0,suspend event sub count=0
info|2023-07-08 01:39:25.968542|[SDK][WS][SERVICE]connected nodes,count=2
info|2023-07-08 01:39:26.257930|[EVENT][SUB][doLoop]event sub tasks report,working event sub count=0,suspend event sub count=0
info|2023-07-08 01:39:45.969184|[SDK][WS][SERVICE]connected nodes,count=2
info|2023-07-08 01:39:46.258203|[EVENT][SUB][doLoop]event sub tasks report,working event sub count=0,suspend event sub count=0
info|2023-07-08 01:40:05.969638|[SDK][WS][SERVICE]connected nodes,count=2
info|2023-07-08 01:40:06.258802|[EVENT][SUB][doLoop]event sub tasks report,working event sub count=0,suspend event sub count=0
info|2023-07-08 01:40:25.970055|[SDK][WS][SERVICE]connected nodes,count=2
info|2023-07-08 01:40:26.258886|[EVENT][SUB][doLoop]event sub tasks report,working event sub count=0,suspend event sub count=0
info|2023-07-08 01:40:45.970830|[SDK][WS][SERVICE]connected nodes,count=2
info|2023-07-08 01:40:46.258927|[EVENT][SUB][doLoop]event sub tasks report,working event sub count=0,suspend event sub count=0
info|2023-07-08 01:41:05.971320|[SDK][WS][SERVICE]connected nodes,count=2
info|2023-07-08 01:41:06.259210|[EVENT][SUB][doLoop]event sub tasks report,working event sub count=0,suspend event sub count=0
info|2023-07-08 01:41:25.971857|[SDK][WS][SERVICE]connected nodes,count=2
info|2023-07-08 01:41:26.259479|[EVENT][SUB][doLoop]event sub tasks report,working event sub count=0,suspend event sub count=0
info|2023-07-08 01:41:45.972055|[SDK][WS][SERVICE]connected nodes,count=2
info|2023-07-08 01:41:46.259515|[EVENT][SUB][doLoop]event sub tasks report,working event sub count=0,suspend event sub count=0
info|2023-07-08 01:42:05.972552|[SDK][WS][SERVICE]connected nodes,count=2
info|2023-07-08 01:42:06.259579|[EVENT][SUB][doLoop]event sub tasks report,working event sub count=0,suspend event sub count=0
info|2023-07-08 01:42:25.972890|[SDK][WS][SERVICE]connected nodes,count=2
info|2023-07-08 01:42:26.260302|[EVENT][SUB][doLoop]event sub tasks report,working event sub count=0,suspend event sub count=0
info|2023-07-08 01:42:45.973416|[SDK][WS][SERVICE]connected nodes,count=2
info|2023-07-08 01:42:46.260694|[EVENT][SUB][doLoop]event sub tasks report,working event sub count=0,suspend event sub count=0
info|2023-07-08 01:43:05.973986|[SDK][WS][SERVICE]connected nodes,count=2
info|2023-07-08 01:43:06.261079|[EVENT][SUB][doLoop]event sub tasks report,working event sub count=0,suspend event sub count=0
info|2023-07-08 01:43:25.974234|[SDK][WS][SERVICE]connected nodes,count=2
info|2023-07-08 01:43:26.261261|[EVENT][SUB][doLoop]event sub tasks report,working event sub count=0,suspend event sub count=0
info|2023-07-08 01:43:45.975030|[SDK][WS][SERVICE]connected nodes,count=2
info|2023-07-08 01:43:46.261578|[EVENT][SUB][doLoop]event sub tasks report,working event sub count=0,suspend event sub count=0
info|2023-07-08 01:44:05.975448|[SDK][WS][SERVICE]connected nodes,count=2
info|2023-07-08 01:44:06.261896|[EVENT][SUB][doLoop]event sub tasks report,working event sub count=0,suspend event sub count=0
info|2023-07-08 01:44:25.975825|[SDK][WS][SERVICE]connected nodes,count=2
info|2023-07-08 01:44:26.261976|[EVENT][SUB][doLoop]event sub tasks report,working event sub count=0,suspend event sub count=0
info|2023-07-08 01:44:45.976124|[SDK][WS][SERVICE]connected nodes,count=2
info|2023-07-08 01:44:46.262452|[EVENT][SUB][doLoop]event sub tasks report,working event sub count=0,suspend event sub count=0
info|2023-07-08 01:45:05.976268|[SDK][WS][SERVICE]connected nodes,count=2
info|2023-07-08 01:45:06.262739|[EVENT][SUB][doLoop]event sub tasks report,working event sub count=0,suspend event sub count=0
info|2023-07-08 01:45:25.976584|[SDK][WS][SERVICE]connected nodes,count=2
info|2023-07-08 01:45:26.263409|[EVENT][SUB][doLoop]event sub tasks report,working event sub count=0,suspend event sub count=0
info|2023-07-08 01:45:45.976981|[SDK][WS][SERVICE]connected nodes,count=2
info|2023-07-08 01:45:46.263926|[EVENT][SUB][doLoop]event sub tasks report,working event sub count=0,suspend event sub count=0
info|2023-07-08 01:46:05.977265|[SDK][WS][SERVICE]connected nodes,count=2
info|2023-07-08 01:46:06.264073|[EVENT][SUB][doLoop]event sub tasks report,working event sub count=0,suspend event sub count=0
info|2023-07-08 01:46:25.978042|[SDK][WS][SERVICE]connected nodes,count=2
info|2023-07-08 01:46:26.264375|[EVENT][SUB][doLoop]event sub tasks report,working event sub count=0,suspend event sub count=0
info|2023-07-08 01:46:45.978694|[SDK][WS][SERVICE]connected nodes,count=2
info|2023-07-08 01:46:46.264430|[EVENT][SUB][doLoop]event sub tasks report,working event sub count=0,suspend event sub count=0
info|2023-07-08 01:47:05.978827|[SDK][WS][SERVICE]connected nodes,count=2
info|2023-07-08 01:47:06.264777|[EVENT][SUB][doLoop]event sub tasks report,working event sub count=0,suspend event sub count=0
info|2023-07-08 01:47:25.979277|[SDK][WS][SERVICE]connected nodes,count=2
info|2023-07-08 01:47:26.265050|[EVENT][SUB][doLoop]event sub tasks report,working event sub count=0,suspend event sub count=0
info|2023-07-08 01:47:45.979393|[SDK][WS][SERVICE]connected nodes,count=2
info|2023-07-08 01:47:46.265172|[EVENT][SUB][doLoop]event sub tasks report,working event sub count=0,suspend event sub count=0
info|2023-07-08 01:48:05.979992|[SDK][WS][SERVICE]connected nodes,count=2
info|2023-07-08 01:48:06.265276|[EVENT][SUB][doLoop]event sub tasks report,working event sub count=0,suspend event sub count=0
info|2023-07-08 01:48:25.980272|[SDK][WS][SERVICE]connected nodes,count=2
info|2023-07-08 01:48:26.265497|[EVENT][SUB][doLoop]event sub tasks report,working event sub count=0,suspend event sub count=0
info|2023-07-08 01:48:45.980458|[SDK][WS][SERVICE]connected nodes,count=2
info|2023-07-08 01:48:46.265614|[EVENT][SUB][doLoop]event sub tasks report,working event sub count=0,suspend event sub count=0
info|2023-07-08 01:49:05.980754|[SDK][WS][SERVICE]connected nodes,count=2
info|2023-07-08 01:49:06.266244|[EVENT][SUB][doLoop]event sub tasks report,working event sub count=0,suspend event sub count=0
info|2023-07-08 01:49:25.981049|[SDK][WS][SERVICE]connected nodes,count=2
info|2023-07-08 01:49:26.266527|[EVENT][SUB][doLoop]event sub tasks report,working event sub count=0,suspend event sub count=0
info|2023-07-08 01:49:45.981740|[SDK][WS][SERVICE]connected nodes,count=2
info|2023-07-08 01:49:46.266672|[EVENT][SUB][doLoop]event sub tasks report,working event sub count=0,suspend event sub count=0
info|2023-07-08 01:50:05.982161|[SDK][WS][SERVICE]connected nodes,count=2
info|2023-07-08 01:50:06.267027|[EVENT][SUB][doLoop]event sub tasks report,working event sub count=0,suspend event sub count=0
info|2023-07-08 01:50:25.982529|[SDK][WS][SERVICE]connected nodes,count=2
info|2023-07-08 01:50:26.267130|[EVENT][SUB][doLoop]event sub tasks report,working event sub count=0,suspend event sub count=0
info|2023-07-08 01:50:45.982651|[SDK][WS][SERVICE]connected nodes,count=2
info|2023-07-08 01:50:46.267755|[EVENT][SUB][doLoop]event sub tasks report,working event sub count=0,suspend event sub count=0
info|2023-07-08 01:51:05.982823|[SDK][WS][SERVICE]connected nodes,count=2
info|2023-07-08 01:51:06.268011|[EVENT][SUB][doLoop]event sub tasks report,working event sub count=0,suspend event sub count=0
info|2023-07-08 01:51:25.983184|[SDK][WS][SERVICE]connected nodes,count=2
info|2023-07-08 01:51:26.268559|[EVENT][SUB][doLoop]event sub tasks report,working event sub count=0,suspend event sub count=0
info|2023-07-08 01:51:45.983915|[SDK][WS][SERVICE]connected nodes,count=2
info|2023-07-08 01:51:46.269312|[EVENT][SUB][doLoop]event sub tasks report,working event sub count=0,suspend event sub count=0
info|2023-07-08 01:52:05.984490|[SDK][WS][SERVICE]connected nodes,count=2
info|2023-07-08 01:52:06.269667|[EVENT][SUB][doLoop]event sub tasks report,working event sub count=0,suspend event sub count=0
info|2023-07-08 01:52:25.985403|[SDK][WS][SERVICE]connected nodes,count=2
info|2023-07-08 01:52:26.269915|[EVENT][SUB][doLoop]event sub tasks report,working event sub count=0,suspend event sub count=0
info|2023-07-08 01:52:45.985719|[SDK][WS][SERVICE]connected nodes,count=2
info|2023-07-08 01:52:46.270023|[EVENT][SUB][doLoop]event sub tasks report,working event sub count=0,suspend event sub count=0
info|2023-07-08 01:53:05.986330|[SDK][WS][SERVICE]connected nodes,count=2
info|2023-07-08 01:53:06.270222|[EVENT][SUB][doLoop]event sub tasks report,working event sub count=0,suspend event sub count=0
info|2023-07-08 01:53:25.987005|[SDK][WS][SERVICE]connected nodes,count=2
info|2023-07-08 01:53:26.270305|[EVENT][SUB][doLoop]event sub tasks report,working event sub count=0,suspend event sub count=0
info|2023-07-08 01:53:45.987698|[SDK][WS][SERVICE]connected nodes,count=2
info|2023-07-08 01:53:46.270378|[EVENT][SUB][doLoop]event sub tasks report,working event sub count=0,suspend event sub count=0
info|2023-07-08 01:54:05.988097|[SDK][WS][SERVICE]connected nodes,count=2
info|2023-07-08 01:54:06.270652|[EVENT][SUB][doLoop]event sub tasks report,working event sub count=0,suspend event sub count=0
info|2023-07-08 01:54:25.988570|[SDK][WS][SERVICE]connected nodes,count=2
info|2023-07-08 01:54:26.270865|[EVENT][SUB][doLoop]event sub tasks report,working event sub count=0,suspend event sub count=0
info|2023-07-08 01:54:45.989012|[SDK][WS][SERVICE]connected nodes,count=2
info|2023-07-08 01:54:46.271358|[EVENT][SUB][doLoop]event sub tasks report,working event sub count=0,suspend event sub count=0
info|2023-07-08 01:55:05.989512|[SDK][WS][SERVICE]connected nodes,count=2
info|2023-07-08 01:55:06.303906|[EVENT][SUB][doLoop]event sub tasks report,working event sub count=0,suspend event sub count=0
info|2023-07-08 01:55:25.989716|[SDK][WS][SERVICE]connected nodes,count=2
info|2023-07-08 01:55:26.304159|[EVENT][SUB][doLoop]event sub tasks report,working event sub count=0,suspend event sub count=0
info|2023-07-08 01:55:45.990008|[SDK][WS][SERVICE]connected nodes,count=2
info|2023-07-08 01:55:46.304374|[EVENT][SUB][doLoop]event sub tasks report,working event sub count=0,suspend event sub count=0
info|2023-07-08 01:56:05.990202|[SDK][WS][SERVICE]connected nodes,count=2
info|2023-07-08 01:56:06.305053|[EVENT][SUB][doLoop]event sub tasks report,working event sub count=0,suspend event sub count=0
info|2023-07-08 01:56:25.990482|[SDK][WS][SERVICE]connected nodes,count=2
info|2023-07-08 01:56:26.305598|[EVENT][SUB][doLoop]event sub tasks report,working event sub count=0,suspend event sub count=0
info|2023-07-08 01:56:45.991188|[SDK][WS][SERVICE]connected nodes,count=2
info|2023-07-08 01:56:46.305952|[EVENT][SUB][doLoop]event sub tasks report,working event sub count=0,suspend event sub count=0
info|2023-07-08 01:57:05.991492|[SDK][WS][SERVICE]connected nodes,count=2
info|2023-07-08 01:57:06.306061|[EVENT][SUB][doLoop]event sub tasks report,working event sub count=0,suspend event sub count=0
info|2023-07-08 01:57:13.832257|[RPC][BLOCK][NUMBER][fromJson],group=group0,node=98a7f70ec883a722219d92253cf073a72605f4087aa3443c8e4aadc0af2dc3ac647d0fa1b5ac99cd6987abafe6d690ae71cd5fd2aeeabe7589bfb4748aabdfba,blockNumber=1663
info|2023-07-08 01:57:13.832280|[RPCWS][SERVICE][onRecvBlockNotifier]receive block number notifier,group=group0,node=98a7f70ec883a722219d92253cf073a72605f4087aa3443c8e4aadc0af2dc3ac647d0fa1b5ac99cd6987abafe6d690ae71cd5fd2aeeabe7589bfb4748aabdfba,blockNumber=1663
info|2023-07-08 01:57:13.832285|[RPCWS][SERVICE][updateGroupBlockNumber],groupID=group0,_blockNumber=1663
info|2023-07-08 01:57:13.832289|[RPCWS][SERVICE][onRecvBlockNotifier]block notifier callback,group=group0,node=98a7f70ec883a722219d92253cf073a72605f4087aa3443c8e4aadc0af2dc3ac647d0fa1b5ac99cd6987abafe6d690ae71cd5fd2aeeabe7589bfb4748aabdfba,blockNumber=1663
info|2023-07-08 01:57:13.832312|[WS]receive block notify,endpoint=127.0.0.1:20200,blk={
	"blockNumber" : 1663,
	"group" : "group0",
	"nodeName" : "98a7f70ec883a722219d92253cf073a72605f4087aa3443c8e4aadc0af2dc3ac647d0fa1b5ac99cd6987abafe6d690ae71cd5fd2aeeabe7589bfb4748aabdfba"
}
info|2023-07-08 01:57:13.952463|[RPC][BLOCK][NUMBER][fromJson],group=group0,node=2f993327933ad58672518b6d4f63920cbc68b80f78f4d81192552ee6362f5cc81ee13bdc678ad65f06e76444cadb53b33694cfb3fc7679b8000411975fedd28a,blockNumber=1663
info|2023-07-08 01:57:13.952508|[RPCWS][SERVICE][onRecvBlockNotifier]receive block number notifier,group=group0,node=2f993327933ad58672518b6d4f63920cbc68b80f78f4d81192552ee6362f5cc81ee13bdc678ad65f06e76444cadb53b33694cfb3fc7679b8000411975fedd28a,blockNumber=1663
info|2023-07-08 01:57:13.952515|[WS]receive block notify,endpoint=127.0.0.1:20201,blk={
	"blockNumber" : 1663,
	"group" : "group0",
	"nodeName" : "2f993327933ad58672518b6d4f63920cbc68b80f78f4d81192552ee6362f5cc81ee13bdc678ad65f06e76444cadb53b33694cfb3fc7679b8000411975fedd28a"
}
info|2023-07-08 01:57:14.386817|[RPC][BLOCK][NUMBER][fromJson],group=group0,node=98a7f70ec883a722219d92253cf073a72605f4087aa3443c8e4aadc0af2dc3ac647d0fa1b5ac99cd6987abafe6d690ae71cd5fd2aeeabe7589bfb4748aabdfba,blockNumber=1664
info|2023-07-08 01:57:14.386878|[RPCWS][SERVICE][onRecvBlockNotifier]receive block number notifier,group=group0,node=98a7f70ec883a722219d92253cf073a72605f4087aa3443c8e4aadc0af2dc3ac647d0fa1b5ac99cd6987abafe6d690ae71cd5fd2aeeabe7589bfb4748aabdfba,blockNumber=1664
info|2023-07-08 01:57:14.386885|[RPCWS][SERVICE][updateGroupBlockNumber],groupID=group0,_blockNumber=1664
info|2023-07-08 01:57:14.386890|[RPCWS][SERVICE][onRecvBlockNotifier]block notifier callback,group=group0,node=98a7f70ec883a722219d92253cf073a72605f4087aa3443c8e4aadc0af2dc3ac647d0fa1b5ac99cd6987abafe6d690ae71cd5fd2aeeabe7589bfb4748aabdfba,blockNumber=1664
info|2023-07-08 01:57:14.386894|[WS]receive block notify,endpoint=127.0.0.1:20200,blk={
	"blockNumber" : 1664,
	"group" : "group0",
	"nodeName" : "98a7f70ec883a722219d92253cf073a72605f4087aa3443c8e4aadc0af2dc3ac647d0fa1b5ac99cd6987abafe6d690ae71cd5fd2aeeabe7589bfb4748aabdfba"
}
info|2023-07-08 01:57:14.400859|[RPC][BLOCK][NUMBER][fromJson],group=group0,node=2f993327933ad58672518b6d4f63920cbc68b80f78f4d81192552ee6362f5cc81ee13bdc678ad65f06e76444cadb53b33694cfb3fc7679b8000411975fedd28a,blockNumber=1664
info|2023-07-08 01:57:14.400883|[RPCWS][SERVICE][onRecvBlockNotifier]receive block number notifier,group=group0,node=2f993327933ad58672518b6d4f63920cbc68b80f78f4d81192552ee6362f5cc81ee13bdc678ad65f06e76444cadb53b33694cfb3fc7679b8000411975fedd28a,blockNumber=1664
info|2023-07-08 01:57:14.400915|[WS]receive block notify,endpoint=127.0.0.1:20201,blk={
	"blockNumber" : 1664,
	"group" : "group0",
	"nodeName" : "2f993327933ad58672518b6d4f63920cbc68b80f78f4d81192552ee6362f5cc81ee13bdc678ad65f06e76444cadb53b33694cfb3fc7679b8000411975fedd28a"
}
info|2023-07-08 01:57:14.973590|[RPC][BLOCK][NUMBER][fromJson],group=group0,node=98a7f70ec883a722219d92253cf073a72605f4087aa3443c8e4aadc0af2dc3ac647d0fa1b5ac99cd6987abafe6d690ae71cd5fd2aeeabe7589bfb4748aabdfba,blockNumber=1665
info|2023-07-08 01:57:14.973616|[RPCWS][SERVICE][onRecvBlockNotifier]receive block number notifier,group=group0,node=98a7f70ec883a722219d92253cf073a72605f4087aa3443c8e4aadc0af2dc3ac647d0fa1b5ac99cd6987abafe6d690ae71cd5fd2aeeabe7589bfb4748aabdfba,blockNumber=1665
info|2023-07-08 01:57:14.973622|[RPCWS][SERVICE][updateGroupBlockNumber],groupID=group0,_blockNumber=1665
info|2023-07-08 01:57:14.973628|[RPCWS][SERVICE][onRecvBlockNotifier]block notifier callback,group=group0,node=98a7f70ec883a722219d92253cf073a72605f4087aa3443c8e4aadc0af2dc3ac647d0fa1b5ac99cd6987abafe6d690ae71cd5fd2aeeabe7589bfb4748aabdfba,blockNumber=1665
info|2023-07-08 01:57:14.973633|[WS]receive block notify,endpoint=127.0.0.1:20200,blk={
	"blockNumber" : 1665,
	"group" : "group0",
	"nodeName" : "98a7f70ec883a722219d92253cf073a72605f4087aa3443c8e4aadc0af2dc3ac647d0fa1b5ac99cd6987abafe6d690ae71cd5fd2aeeabe7589bfb4748aabdfba"
}
info|2023-07-08 01:57:15.022052|[RPC][BLOCK][NUMBER][fromJson],group=group0,node=2f993327933ad58672518b6d4f63920cbc68b80f78f4d81192552ee6362f5cc81ee13bdc678ad65f06e76444cadb53b33694cfb3fc7679b8000411975fedd28a,blockNumber=1665
info|2023-07-08 01:57:15.022079|[RPCWS][SERVICE][onRecvBlockNotifier]receive block number notifier,group=group0,node=2f993327933ad58672518b6d4f63920cbc68b80f78f4d81192552ee6362f5cc81ee13bdc678ad65f06e76444cadb53b33694cfb3fc7679b8000411975fedd28a,blockNumber=1665
info|2023-07-08 01:57:15.022089|[WS]receive block notify,endpoint=127.0.0.1:20201,blk={
	"blockNumber" : 1665,
	"group" : "group0",
	"nodeName" : "2f993327933ad58672518b6d4f63920cbc68b80f78f4d81192552ee6362f5cc81ee13bdc678ad65f06e76444cadb53b33694cfb3fc7679b8000411975fedd28a"
}
info|2023-07-08 01:57:15.583498|[RPC][BLOCK][NUMBER][fromJson],group=group0,node=98a7f70ec883a722219d92253cf073a72605f4087aa3443c8e4aadc0af2dc3ac647d0fa1b5ac99cd6987abafe6d690ae71cd5fd2aeeabe7589bfb4748aabdfba,blockNumber=1666
info|2023-07-08 01:57:15.583525|[RPCWS][SERVICE][onRecvBlockNotifier]receive block number notifier,group=group0,node=98a7f70ec883a722219d92253cf073a72605f4087aa3443c8e4aadc0af2dc3ac647d0fa1b5ac99cd6987abafe6d690ae71cd5fd2aeeabe7589bfb4748aabdfba,blockNumber=1666
info|2023-07-08 01:57:15.583532|[RPCWS][SERVICE][updateGroupBlockNumber],groupID=group0,_blockNumber=1666
info|2023-07-08 01:57:15.583538|[RPCWS][SERVICE][onRecvBlockNotifier]block notifier callback,group=group0,node=98a7f70ec883a722219d92253cf073a72605f4087aa3443c8e4aadc0af2dc3ac647d0fa1b5ac99cd6987abafe6d690ae71cd5fd2aeeabe7589bfb4748aabdfba,blockNumber=1666
info|2023-07-08 01:57:15.583542|[WS]receive block notify,endpoint=127.0.0.1:20200,blk={
	"blockNumber" : 1666,
	"group" : "group0",
	"nodeName" : "98a7f70ec883a722219d92253cf073a72605f4087aa3443c8e4aadc0af2dc3ac647d0fa1b5ac99cd6987abafe6d690ae71cd5fd2aeeabe7589bfb4748aabdfba"
}
info|2023-07-08 01:57:15.632458|[RPC][BLOCK][NUMBER][fromJson],group=group0,node=2f993327933ad58672518b6d4f63920cbc68b80f78f4d81192552ee6362f5cc81ee13bdc678ad65f06e76444cadb53b33694cfb3fc7679b8000411975fedd28a,blockNumber=1666
info|2023-07-08 01:57:15.632479|[RPCWS][SERVICE][onRecvBlockNotifier]receive block number notifier,group=group0,node=2f993327933ad58672518b6d4f63920cbc68b80f78f4d81192552ee6362f5cc81ee13bdc678ad65f06e76444cadb53b33694cfb3fc7679b8000411975fedd28a,blockNumber=1666
info|2023-07-08 01:57:15.632485|[WS]receive block notify,endpoint=127.0.0.1:20201,blk={
	"blockNumber" : 1666,
	"group" : "group0",
	"nodeName" : "2f993327933ad58672518b6d4f63920cbc68b80f78f4d81192552ee6362f5cc81ee13bdc678ad65f06e76444cadb53b33694cfb3fc7679b8000411975fedd28a"
}
info|2023-07-08 01:57:16.194566|[RPC][BLOCK][NUMBER][fromJson],group=group0,node=98a7f70ec883a722219d92253cf073a72605f4087aa3443c8e4aadc0af2dc3ac647d0fa1b5ac99cd6987abafe6d690ae71cd5fd2aeeabe7589bfb4748aabdfba,blockNumber=1667
info|2023-07-08 01:57:16.194597|[RPCWS][SERVICE][onRecvBlockNotifier]receive block number notifier,group=group0,node=98a7f70ec883a722219d92253cf073a72605f4087aa3443c8e4aadc0af2dc3ac647d0fa1b5ac99cd6987abafe6d690ae71cd5fd2aeeabe7589bfb4748aabdfba,blockNumber=1667
info|2023-07-08 01:57:16.194606|[RPCWS][SERVICE][updateGroupBlockNumber],groupID=group0,_blockNumber=1667
info|2023-07-08 01:57:16.194613|[RPCWS][SERVICE][onRecvBlockNotifier]block notifier callback,group=group0,node=98a7f70ec883a722219d92253cf073a72605f4087aa3443c8e4aadc0af2dc3ac647d0fa1b5ac99cd6987abafe6d690ae71cd5fd2aeeabe7589bfb4748aabdfba,blockNumber=1667
info|2023-07-08 01:57:16.194619|[WS]receive block notify,endpoint=127.0.0.1:20200,blk={
	"blockNumber" : 1667,
	"group" : "group0",
	"nodeName" : "98a7f70ec883a722219d92253cf073a72605f4087aa3443c8e4aadc0af2dc3ac647d0fa1b5ac99cd6987abafe6d690ae71cd5fd2aeeabe7589bfb4748aabdfba"
}
info|2023-07-08 01:57:16.247210|[RPC][BLOCK][NUMBER][fromJson],group=group0,node=2f993327933ad58672518b6d4f63920cbc68b80f78f4d81192552ee6362f5cc81ee13bdc678ad65f06e76444cadb53b33694cfb3fc7679b8000411975fedd28a,blockNumber=1667
info|2023-07-08 01:57:16.247253|[RPCWS][SERVICE][onRecvBlockNotifier]receive block number notifier,group=group0,node=2f993327933ad58672518b6d4f63920cbc68b80f78f4d81192552ee6362f5cc81ee13bdc678ad65f06e76444cadb53b33694cfb3fc7679b8000411975fedd28a,blockNumber=1667
info|2023-07-08 01:57:16.247267|[WS]receive block notify,endpoint=127.0.0.1:20201,blk={
	"blockNumber" : 1667,
	"group" : "group0",
	"nodeName" : "2f993327933ad58672518b6d4f63920cbc68b80f78f4d81192552ee6362f5cc81ee13bdc678ad65f06e76444cadb53b33694cfb3fc7679b8000411975fedd28a"
}
info|2023-07-08 01:57:16.778697|[RPC][BLOCK][NUMBER][fromJson],group=group0,node=2f993327933ad58672518b6d4f63920cbc68b80f78f4d81192552ee6362f5cc81ee13bdc678ad65f06e76444cadb53b33694cfb3fc7679b8000411975fedd28a,blockNumber=1668
info|2023-07-08 01:57:16.778771|[RPCWS][SERVICE][onRecvBlockNotifier]receive block number notifier,group=group0,node=2f993327933ad58672518b6d4f63920cbc68b80f78f4d81192552ee6362f5cc81ee13bdc678ad65f06e76444cadb53b33694cfb3fc7679b8000411975fedd28a,blockNumber=1668
info|2023-07-08 01:57:16.778784|[RPCWS][SERVICE][updateGroupBlockNumber],groupID=group0,_blockNumber=1668
info|2023-07-08 01:57:16.778793|[RPCWS][SERVICE][onRecvBlockNotifier]block notifier callback,group=group0,node=2f993327933ad58672518b6d4f63920cbc68b80f78f4d81192552ee6362f5cc81ee13bdc678ad65f06e76444cadb53b33694cfb3fc7679b8000411975fedd28a,blockNumber=1668
info|2023-07-08 01:57:16.778800|[WS]receive block notify,endpoint=127.0.0.1:20201,blk={
	"blockNumber" : 1668,
	"group" : "group0",
	"nodeName" : "2f993327933ad58672518b6d4f63920cbc68b80f78f4d81192552ee6362f5cc81ee13bdc678ad65f06e76444cadb53b33694cfb3fc7679b8000411975fedd28a"
}
info|2023-07-08 01:57:16.797463|[RPC][BLOCK][NUMBER][fromJson],group=group0,node=98a7f70ec883a722219d92253cf073a72605f4087aa3443c8e4aadc0af2dc3ac647d0fa1b5ac99cd6987abafe6d690ae71cd5fd2aeeabe7589bfb4748aabdfba,blockNumber=1668
info|2023-07-08 01:57:16.797498|[RPCWS][SERVICE][onRecvBlockNotifier]receive block number notifier,group=group0,node=98a7f70ec883a722219d92253cf073a72605f4087aa3443c8e4aadc0af2dc3ac647d0fa1b5ac99cd6987abafe6d690ae71cd5fd2aeeabe7589bfb4748aabdfba,blockNumber=1668
info|2023-07-08 01:57:16.797512|[WS]receive block notify,endpoint=127.0.0.1:20200,blk={
	"blockNumber" : 1668,
	"group" : "group0",
	"nodeName" : "98a7f70ec883a722219d92253cf073a72605f4087aa3443c8e4aadc0af2dc3ac647d0fa1b5ac99cd6987abafe6d690ae71cd5fd2aeeabe7589bfb4748aabdfba"
}
info|2023-07-08 01:57:17.251026|[RPC][BLOCK][NUMBER][fromJson],group=group0,node=98a7f70ec883a722219d92253cf073a72605f4087aa3443c8e4aadc0af2dc3ac647d0fa1b5ac99cd6987abafe6d690ae71cd5fd2aeeabe7589bfb4748aabdfba,blockNumber=1669
info|2023-07-08 01:57:17.251044|[RPCWS][SERVICE][onRecvBlockNotifier]receive block number notifier,group=group0,node=98a7f70ec883a722219d92253cf073a72605f4087aa3443c8e4aadc0af2dc3ac647d0fa1b5ac99cd6987abafe6d690ae71cd5fd2aeeabe7589bfb4748aabdfba,blockNumber=1669
info|2023-07-08 01:57:17.251049|[RPCWS][SERVICE][updateGroupBlockNumber],groupID=group0,_blockNumber=1669
info|2023-07-08 01:57:17.251054|[RPCWS][SERVICE][onRecvBlockNotifier]block notifier callback,group=group0,node=98a7f70ec883a722219d92253cf073a72605f4087aa3443c8e4aadc0af2dc3ac647d0fa1b5ac99cd6987abafe6d690ae71cd5fd2aeeabe7589bfb4748aabdfba,blockNumber=1669
info|2023-07-08 01:57:17.251057|[WS]receive block notify,endpoint=127.0.0.1:20200,blk={
	"blockNumber" : 1669,
	"group" : "group0",
	"nodeName" : "98a7f70ec883a722219d92253cf073a72605f4087aa3443c8e4aadc0af2dc3ac647d0fa1b5ac99cd6987abafe6d690ae71cd5fd2aeeabe7589bfb4748aabdfba"
}
info|2023-07-08 01:57:17.343790|[RPC][BLOCK][NUMBER][fromJson],group=group0,node=2f993327933ad58672518b6d4f63920cbc68b80f78f4d81192552ee6362f5cc81ee13bdc678ad65f06e76444cadb53b33694cfb3fc7679b8000411975fedd28a,blockNumber=1669
info|2023-07-08 01:57:17.343895|[RPCWS][SERVICE][onRecvBlockNotifier]receive block number notifier,group=group0,node=2f993327933ad58672518b6d4f63920cbc68b80f78f4d81192552ee6362f5cc81ee13bdc678ad65f06e76444cadb53b33694cfb3fc7679b8000411975fedd28a,blockNumber=1669
info|2023-07-08 01:57:17.343917|[WS]receive block notify,endpoint=127.0.0.1:20201,blk={
	"blockNumber" : 1669,
	"group" : "group0",
	"nodeName" : "2f993327933ad58672518b6d4f63920cbc68b80f78f4d81192552ee6362f5cc81ee13bdc678ad65f06e76444cadb53b33694cfb3fc7679b8000411975fedd28a"
}
info|2023-07-08 01:57:17.903653|[RPC][BLOCK][NUMBER][fromJson],group=group0,node=98a7f70ec883a722219d92253cf073a72605f4087aa3443c8e4aadc0af2dc3ac647d0fa1b5ac99cd6987abafe6d690ae71cd5fd2aeeabe7589bfb4748aabdfba,blockNumber=1670
info|2023-07-08 01:57:17.903685|[RPCWS][SERVICE][onRecvBlockNotifier]receive block number notifier,group=group0,node=98a7f70ec883a722219d92253cf073a72605f4087aa3443c8e4aadc0af2dc3ac647d0fa1b5ac99cd6987abafe6d690ae71cd5fd2aeeabe7589bfb4748aabdfba,blockNumber=1670
info|2023-07-08 01:57:17.903753|[RPCWS][SERVICE][updateGroupBlockNumber],groupID=group0,_blockNumber=1670
info|2023-07-08 01:57:17.903779|[RPCWS][SERVICE][onRecvBlockNotifier]block notifier callback,group=group0,node=98a7f70ec883a722219d92253cf073a72605f4087aa3443c8e4aadc0af2dc3ac647d0fa1b5ac99cd6987abafe6d690ae71cd5fd2aeeabe7589bfb4748aabdfba,blockNumber=1670
info|2023-07-08 01:57:17.903786|[WS]receive block notify,endpoint=127.0.0.1:20200,blk={
	"blockNumber" : 1670,
	"group" : "group0",
	"nodeName" : "98a7f70ec883a722219d92253cf073a72605f4087aa3443c8e4aadc0af2dc3ac647d0fa1b5ac99cd6987abafe6d690ae71cd5fd2aeeabe7589bfb4748aabdfba"
}
info|2023-07-08 01:57:17.935618|[RPC][BLOCK][NUMBER][fromJson],group=group0,node=2f993327933ad58672518b6d4f63920cbc68b80f78f4d81192552ee6362f5cc81ee13bdc678ad65f06e76444cadb53b33694cfb3fc7679b8000411975fedd28a,blockNumber=1670
info|2023-07-08 01:57:17.935641|[RPCWS][SERVICE][onRecvBlockNotifier]receive block number notifier,group=group0,node=2f993327933ad58672518b6d4f63920cbc68b80f78f4d81192552ee6362f5cc81ee13bdc678ad65f06e76444cadb53b33694cfb3fc7679b8000411975fedd28a,blockNumber=1670
info|2023-07-08 01:57:17.935649|[WS]receive block notify,endpoint=127.0.0.1:20201,blk={
	"blockNumber" : 1670,
	"group" : "group0",
	"nodeName" : "2f993327933ad58672518b6d4f63920cbc68b80f78f4d81192552ee6362f5cc81ee13bdc678ad65f06e76444cadb53b33694cfb3fc7679b8000411975fedd28a"
}
info|2023-07-08 01:57:18.481325|[RPC][BLOCK][NUMBER][fromJson],group=group0,node=2f993327933ad58672518b6d4f63920cbc68b80f78f4d81192552ee6362f5cc81ee13bdc678ad65f06e76444cadb53b33694cfb3fc7679b8000411975fedd28a,blockNumber=1671
info|2023-07-08 01:57:18.481376|[RPCWS][SERVICE][onRecvBlockNotifier]receive block number notifier,group=group0,node=2f993327933ad58672518b6d4f63920cbc68b80f78f4d81192552ee6362f5cc81ee13bdc678ad65f06e76444cadb53b33694cfb3fc7679b8000411975fedd28a,blockNumber=1671
info|2023-07-08 01:57:18.481385|[RPCWS][SERVICE][updateGroupBlockNumber],groupID=group0,_blockNumber=1671
info|2023-07-08 01:57:18.481390|[RPCWS][SERVICE][onRecvBlockNotifier]block notifier callback,group=group0,node=2f993327933ad58672518b6d4f63920cbc68b80f78f4d81192552ee6362f5cc81ee13bdc678ad65f06e76444cadb53b33694cfb3fc7679b8000411975fedd28a,blockNumber=1671
info|2023-07-08 01:57:18.481395|[WS]receive block notify,endpoint=127.0.0.1:20201,blk={
	"blockNumber" : 1671,
	"group" : "group0",
	"nodeName" : "2f993327933ad58672518b6d4f63920cbc68b80f78f4d81192552ee6362f5cc81ee13bdc678ad65f06e76444cadb53b33694cfb3fc7679b8000411975fedd28a"
}
info|2023-07-08 01:57:18.484262|[RPC][BLOCK][NUMBER][fromJson],group=group0,node=98a7f70ec883a722219d92253cf073a72605f4087aa3443c8e4aadc0af2dc3ac647d0fa1b5ac99cd6987abafe6d690ae71cd5fd2aeeabe7589bfb4748aabdfba,blockNumber=1671
info|2023-07-08 01:57:18.484304|[RPCWS][SERVICE][onRecvBlockNotifier]receive block number notifier,group=group0,node=98a7f70ec883a722219d92253cf073a72605f4087aa3443c8e4aadc0af2dc3ac647d0fa1b5ac99cd6987abafe6d690ae71cd5fd2aeeabe7589bfb4748aabdfba,blockNumber=1671
info|2023-07-08 01:57:18.484315|[WS]receive block notify,endpoint=127.0.0.1:20200,blk={
	"blockNumber" : 1671,
	"group" : "group0",
	"nodeName" : "98a7f70ec883a722219d92253cf073a72605f4087aa3443c8e4aadc0af2dc3ac647d0fa1b5ac99cd6987abafe6d690ae71cd5fd2aeeabe7589bfb4748aabdfba"
}
info|2023-07-08 01:57:19.082663|[RPC][BLOCK][NUMBER][fromJson],group=group0,node=2f993327933ad58672518b6d4f63920cbc68b80f78f4d81192552ee6362f5cc81ee13bdc678ad65f06e76444cadb53b33694cfb3fc7679b8000411975fedd28a,blockNumber=1672
info|2023-07-08 01:57:19.082711|[RPCWS][SERVICE][onRecvBlockNotifier]receive block number notifier,group=group0,node=2f993327933ad58672518b6d4f63920cbc68b80f78f4d81192552ee6362f5cc81ee13bdc678ad65f06e76444cadb53b33694cfb3fc7679b8000411975fedd28a,blockNumber=1672
info|2023-07-08 01:57:19.082719|[RPCWS][SERVICE][updateGroupBlockNumber],groupID=group0,_blockNumber=1672
info|2023-07-08 01:57:19.082725|[RPCWS][SERVICE][onRecvBlockNotifier]block notifier callback,group=group0,node=2f993327933ad58672518b6d4f63920cbc68b80f78f4d81192552ee6362f5cc81ee13bdc678ad65f06e76444cadb53b33694cfb3fc7679b8000411975fedd28a,blockNumber=1672
info|2023-07-08 01:57:19.082730|[WS]receive block notify,endpoint=127.0.0.1:20201,blk={
	"blockNumber" : 1672,
	"group" : "group0",
	"nodeName" : "2f993327933ad58672518b6d4f63920cbc68b80f78f4d81192552ee6362f5cc81ee13bdc678ad65f06e76444cadb53b33694cfb3fc7679b8000411975fedd28a"
}
info|2023-07-08 01:57:19.094421|[RPC][BLOCK][NUMBER][fromJson],group=group0,node=98a7f70ec883a722219d92253cf073a72605f4087aa3443c8e4aadc0af2dc3ac647d0fa1b5ac99cd6987abafe6d690ae71cd5fd2aeeabe7589bfb4748aabdfba,blockNumber=1672
info|2023-07-08 01:57:19.094447|[RPCWS][SERVICE][onRecvBlockNotifier]receive block number notifier,group=group0,node=98a7f70ec883a722219d92253cf073a72605f4087aa3443c8e4aadc0af2dc3ac647d0fa1b5ac99cd6987abafe6d690ae71cd5fd2aeeabe7589bfb4748aabdfba,blockNumber=1672
info|2023-07-08 01:57:19.094454|[WS]receive block notify,endpoint=127.0.0.1:20200,blk={
	"blockNumber" : 1672,
	"group" : "group0",
	"nodeName" : "98a7f70ec883a722219d92253cf073a72605f4087aa3443c8e4aadc0af2dc3ac647d0fa1b5ac99cd6987abafe6d690ae71cd5fd2aeeabe7589bfb4748aabdfba"
}
info|2023-07-08 01:57:19.569731|[RPC][BLOCK][NUMBER][fromJson],group=group0,node=98a7f70ec883a722219d92253cf073a72605f4087aa3443c8e4aadc0af2dc3ac647d0fa1b5ac99cd6987abafe6d690ae71cd5fd2aeeabe7589bfb4748aabdfba,blockNumber=1673
info|2023-07-08 01:57:19.569759|[RPCWS][SERVICE][onRecvBlockNotifier]receive block number notifier,group=group0,node=98a7f70ec883a722219d92253cf073a72605f4087aa3443c8e4aadc0af2dc3ac647d0fa1b5ac99cd6987abafe6d690ae71cd5fd2aeeabe7589bfb4748aabdfba,blockNumber=1673
info|2023-07-08 01:57:19.569768|[RPCWS][SERVICE][updateGroupBlockNumber],groupID=group0,_blockNumber=1673
info|2023-07-08 01:57:19.569774|[RPCWS][SERVICE][onRecvBlockNotifier]block notifier callback,group=group0,node=98a7f70ec883a722219d92253cf073a72605f4087aa3443c8e4aadc0af2dc3ac647d0fa1b5ac99cd6987abafe6d690ae71cd5fd2aeeabe7589bfb4748aabdfba,blockNumber=1673
info|2023-07-08 01:57:19.569780|[WS]receive block notify,endpoint=127.0.0.1:20200,blk={
	"blockNumber" : 1673,
	"group" : "group0",
	"nodeName" : "98a7f70ec883a722219d92253cf073a72605f4087aa3443c8e4aadc0af2dc3ac647d0fa1b5ac99cd6987abafe6d690ae71cd5fd2aeeabe7589bfb4748aabdfba"
}
info|2023-07-08 01:57:19.611827|[RPC][BLOCK][NUMBER][fromJson],group=group0,node=2f993327933ad58672518b6d4f63920cbc68b80f78f4d81192552ee6362f5cc81ee13bdc678ad65f06e76444cadb53b33694cfb3fc7679b8000411975fedd28a,blockNumber=1673
info|2023-07-08 01:57:19.611856|[RPCWS][SERVICE][onRecvBlockNotifier]receive block number notifier,group=group0,node=2f993327933ad58672518b6d4f63920cbc68b80f78f4d81192552ee6362f5cc81ee13bdc678ad65f06e76444cadb53b33694cfb3fc7679b8000411975fedd28a,blockNumber=1673
info|2023-07-08 01:57:19.611865|[WS]receive block notify,endpoint=127.0.0.1:20201,blk={
	"blockNumber" : 1673,
	"group" : "group0",
	"nodeName" : "2f993327933ad58672518b6d4f63920cbc68b80f78f4d81192552ee6362f5cc81ee13bdc678ad65f06e76444cadb53b33694cfb3fc7679b8000411975fedd28a"
}
info|2023-07-08 01:57:20.175581|[RPC][BLOCK][NUMBER][fromJson],group=group0,node=98a7f70ec883a722219d92253cf073a72605f4087aa3443c8e4aadc0af2dc3ac647d0fa1b5ac99cd6987abafe6d690ae71cd5fd2aeeabe7589bfb4748aabdfba,blockNumber=1674
info|2023-07-08 01:57:20.175605|[RPCWS][SERVICE][onRecvBlockNotifier]receive block number notifier,group=group0,node=98a7f70ec883a722219d92253cf073a72605f4087aa3443c8e4aadc0af2dc3ac647d0fa1b5ac99cd6987abafe6d690ae71cd5fd2aeeabe7589bfb4748aabdfba,blockNumber=1674
info|2023-07-08 01:57:20.175612|[RPCWS][SERVICE][updateGroupBlockNumber],groupID=group0,_blockNumber=1674
info|2023-07-08 01:57:20.175618|[RPCWS][SERVICE][onRecvBlockNotifier]block notifier callback,group=group0,node=98a7f70ec883a722219d92253cf073a72605f4087aa3443c8e4aadc0af2dc3ac647d0fa1b5ac99cd6987abafe6d690ae71cd5fd2aeeabe7589bfb4748aabdfba,blockNumber=1674
info|2023-07-08 01:57:20.175652|[WS]receive block notify,endpoint=127.0.0.1:20200,blk={
	"blockNumber" : 1674,
	"group" : "group0",
	"nodeName" : "98a7f70ec883a722219d92253cf073a72605f4087aa3443c8e4aadc0af2dc3ac647d0fa1b5ac99cd6987abafe6d690ae71cd5fd2aeeabe7589bfb4748aabdfba"
}
info|2023-07-08 01:57:20.228451|[RPC][BLOCK][NUMBER][fromJson],group=group0,node=2f993327933ad58672518b6d4f63920cbc68b80f78f4d81192552ee6362f5cc81ee13bdc678ad65f06e76444cadb53b33694cfb3fc7679b8000411975fedd28a,blockNumber=1674
info|2023-07-08 01:57:20.228501|[RPCWS][SERVICE][onRecvBlockNotifier]receive block number notifier,group=group0,node=2f993327933ad58672518b6d4f63920cbc68b80f78f4d81192552ee6362f5cc81ee13bdc678ad65f06e76444cadb53b33694cfb3fc7679b8000411975fedd28a,blockNumber=1674
info|2023-07-08 01:57:20.228510|[WS]receive block notify,endpoint=127.0.0.1:20201,blk={
	"blockNumber" : 1674,
	"group" : "group0",
	"nodeName" : "2f993327933ad58672518b6d4f63920cbc68b80f78f4d81192552ee6362f5cc81ee13bdc678ad65f06e76444cadb53b33694cfb3fc7679b8000411975fedd28a"
}
info|2023-07-08 01:57:20.750829|[RPC][BLOCK][NUMBER][fromJson],group=group0,node=98a7f70ec883a722219d92253cf073a72605f4087aa3443c8e4aadc0af2dc3ac647d0fa1b5ac99cd6987abafe6d690ae71cd5fd2aeeabe7589bfb4748aabdfba,blockNumber=1675
info|2023-07-08 01:57:20.750859|[RPCWS][SERVICE][onRecvBlockNotifier]receive block number notifier,group=group0,node=98a7f70ec883a722219d92253cf073a72605f4087aa3443c8e4aadc0af2dc3ac647d0fa1b5ac99cd6987abafe6d690ae71cd5fd2aeeabe7589bfb4748aabdfba,blockNumber=1675
info|2023-07-08 01:57:20.750868|[RPCWS][SERVICE][updateGroupBlockNumber],groupID=group0,_blockNumber=1675
info|2023-07-08 01:57:20.750875|[RPCWS][SERVICE][onRecvBlockNotifier]block notifier callback,group=group0,node=98a7f70ec883a722219d92253cf073a72605f4087aa3443c8e4aadc0af2dc3ac647d0fa1b5ac99cd6987abafe6d690ae71cd5fd2aeeabe7589bfb4748aabdfba,blockNumber=1675
info|2023-07-08 01:57:20.750881|[WS]receive block notify,endpoint=127.0.0.1:20200,blk={
	"blockNumber" : 1675,
	"group" : "group0",
	"nodeName" : "98a7f70ec883a722219d92253cf073a72605f4087aa3443c8e4aadc0af2dc3ac647d0fa1b5ac99cd6987abafe6d690ae71cd5fd2aeeabe7589bfb4748aabdfba"
}
info|2023-07-08 01:57:20.764765|[RPC][BLOCK][NUMBER][fromJson],group=group0,node=2f993327933ad58672518b6d4f63920cbc68b80f78f4d81192552ee6362f5cc81ee13bdc678ad65f06e76444cadb53b33694cfb3fc7679b8000411975fedd28a,blockNumber=1675
info|2023-07-08 01:57:20.764811|[RPCWS][SERVICE][onRecvBlockNotifier]receive block number notifier,group=group0,node=2f993327933ad58672518b6d4f63920cbc68b80f78f4d81192552ee6362f5cc81ee13bdc678ad65f06e76444cadb53b33694cfb3fc7679b8000411975fedd28a,blockNumber=1675
info|2023-07-08 01:57:20.764820|[WS]receive block notify,endpoint=127.0.0.1:20201,blk={
	"blockNumber" : 1675,
	"group" : "group0",
	"nodeName" : "2f993327933ad58672518b6d4f63920cbc68b80f78f4d81192552ee6362f5cc81ee13bdc678ad65f06e76444cadb53b33694cfb3fc7679b8000411975fedd28a"
}
info|2023-07-08 01:57:21.349205|[RPC][BLOCK][NUMBER][fromJson],group=group0,node=2f993327933ad58672518b6d4f63920cbc68b80f78f4d81192552ee6362f5cc81ee13bdc678ad65f06e76444cadb53b33694cfb3fc7679b8000411975fedd28a,blockNumber=1676
info|2023-07-08 01:57:21.349345|[RPCWS][SERVICE][onRecvBlockNotifier]receive block number notifier,group=group0,node=2f993327933ad58672518b6d4f63920cbc68b80f78f4d81192552ee6362f5cc81ee13bdc678ad65f06e76444cadb53b33694cfb3fc7679b8000411975fedd28a,blockNumber=1676
info|2023-07-08 01:57:21.349367|[RPCWS][SERVICE][updateGroupBlockNumber],groupID=group0,_blockNumber=1676
info|2023-07-08 01:57:21.349379|[RPCWS][SERVICE][onRecvBlockNotifier]block notifier callback,group=group0,node=2f993327933ad58672518b6d4f63920cbc68b80f78f4d81192552ee6362f5cc81ee13bdc678ad65f06e76444cadb53b33694cfb3fc7679b8000411975fedd28a,blockNumber=1676
info|2023-07-08 01:57:21.349391|[WS]receive block notify,endpoint=127.0.0.1:20201,blk={
	"blockNumber" : 1676,
	"group" : "group0",
	"nodeName" : "2f993327933ad58672518b6d4f63920cbc68b80f78f4d81192552ee6362f5cc81ee13bdc678ad65f06e76444cadb53b33694cfb3fc7679b8000411975fedd28a"
}
info|2023-07-08 01:57:21.357275|[RPC][BLOCK][NUMBER][fromJson],group=group0,node=98a7f70ec883a722219d92253cf073a72605f4087aa3443c8e4aadc0af2dc3ac647d0fa1b5ac99cd6987abafe6d690ae71cd5fd2aeeabe7589bfb4748aabdfba,blockNumber=1676
info|2023-07-08 01:57:21.357330|[RPCWS][SERVICE][onRecvBlockNotifier]receive block number notifier,group=group0,node=98a7f70ec883a722219d92253cf073a72605f4087aa3443c8e4aadc0af2dc3ac647d0fa1b5ac99cd6987abafe6d690ae71cd5fd2aeeabe7589bfb4748aabdfba,blockNumber=1676
info|2023-07-08 01:57:21.357349|[WS]receive block notify,endpoint=127.0.0.1:20200,blk={
	"blockNumber" : 1676,
	"group" : "group0",
	"nodeName" : "98a7f70ec883a722219d92253cf073a72605f4087aa3443c8e4aadc0af2dc3ac647d0fa1b5ac99cd6987abafe6d690ae71cd5fd2aeeabe7589bfb4748aabdfba"
}
info|2023-07-08 01:57:21.828770|[RPC][BLOCK][NUMBER][fromJson],group=group0,node=2f993327933ad58672518b6d4f63920cbc68b80f78f4d81192552ee6362f5cc81ee13bdc678ad65f06e76444cadb53b33694cfb3fc7679b8000411975fedd28a,blockNumber=1677
info|2023-07-08 01:57:21.828790|[RPCWS][SERVICE][onRecvBlockNotifier]receive block number notifier,group=group0,node=2f993327933ad58672518b6d4f63920cbc68b80f78f4d81192552ee6362f5cc81ee13bdc678ad65f06e76444cadb53b33694cfb3fc7679b8000411975fedd28a,blockNumber=1677
info|2023-07-08 01:57:21.828795|[RPCWS][SERVICE][updateGroupBlockNumber],groupID=group0,_blockNumber=1677
info|2023-07-08 01:57:21.828800|[RPC][BLOCK][NUMBER][fromJson],group=group0,node=98a7f70ec883a722219d92253cf073a72605f4087aa3443c8e4aadc0af2dc3ac647d0fa1b5ac99cd6987abafe6d690ae71cd5fd2aeeabe7589bfb4748aabdfba,blockNumber=1677
info|2023-07-08 01:57:21.828829|[RPCWS][SERVICE][onRecvBlockNotifier]receive block number notifier,group=group0,node=98a7f70ec883a722219d92253cf073a72605f4087aa3443c8e4aadc0af2dc3ac647d0fa1b5ac99cd6987abafe6d690ae71cd5fd2aeeabe7589bfb4748aabdfba,blockNumber=1677
info|2023-07-08 01:57:21.828835|[WS]receive block notify,endpoint=127.0.0.1:20200,blk={
	"blockNumber" : 1677,
	"group" : "group0",
	"nodeName" : "98a7f70ec883a722219d92253cf073a72605f4087aa3443c8e4aadc0af2dc3ac647d0fa1b5ac99cd6987abafe6d690ae71cd5fd2aeeabe7589bfb4748aabdfba"
}
info|2023-07-08 01:57:21.828986|[RPCWS][SERVICE][onRecvBlockNotifier]block notifier callback,group=group0,node=2f993327933ad58672518b6d4f63920cbc68b80f78f4d81192552ee6362f5cc81ee13bdc678ad65f06e76444cadb53b33694cfb3fc7679b8000411975fedd28a,blockNumber=1677
info|2023-07-08 01:57:21.828999|[WS]receive block notify,endpoint=127.0.0.1:20201,blk={
	"blockNumber" : 1677,
	"group" : "group0",
	"nodeName" : "2f993327933ad58672518b6d4f63920cbc68b80f78f4d81192552ee6362f5cc81ee13bdc678ad65f06e76444cadb53b33694cfb3fc7679b8000411975fedd28a"
}
info|2023-07-08 01:57:22.408003|[RPC][BLOCK][NUMBER][fromJson],group=group0,node=98a7f70ec883a722219d92253cf073a72605f4087aa3443c8e4aadc0af2dc3ac647d0fa1b5ac99cd6987abafe6d690ae71cd5fd2aeeabe7589bfb4748aabdfba,blockNumber=1678
info|2023-07-08 01:57:22.408024|[RPCWS][SERVICE][onRecvBlockNotifier]receive block number notifier,group=group0,node=98a7f70ec883a722219d92253cf073a72605f4087aa3443c8e4aadc0af2dc3ac647d0fa1b5ac99cd6987abafe6d690ae71cd5fd2aeeabe7589bfb4748aabdfba,blockNumber=1678
info|2023-07-08 01:57:22.408030|[RPCWS][SERVICE][updateGroupBlockNumber],groupID=group0,_blockNumber=1678
info|2023-07-08 01:57:22.408035|[RPCWS][SERVICE][onRecvBlockNotifier]block notifier callback,group=group0,node=98a7f70ec883a722219d92253cf073a72605f4087aa3443c8e4aadc0af2dc3ac647d0fa1b5ac99cd6987abafe6d690ae71cd5fd2aeeabe7589bfb4748aabdfba,blockNumber=1678
info|2023-07-08 01:57:22.408040|[WS]receive block notify,endpoint=127.0.0.1:20200,blk={
	"blockNumber" : 1678,
	"group" : "group0",
	"nodeName" : "98a7f70ec883a722219d92253cf073a72605f4087aa3443c8e4aadc0af2dc3ac647d0fa1b5ac99cd6987abafe6d690ae71cd5fd2aeeabe7589bfb4748aabdfba"
}
info|2023-07-08 01:57:22.439219|[RPC][BLOCK][NUMBER][fromJson],group=group0,node=2f993327933ad58672518b6d4f63920cbc68b80f78f4d81192552ee6362f5cc81ee13bdc678ad65f06e76444cadb53b33694cfb3fc7679b8000411975fedd28a,blockNumber=1678
info|2023-07-08 01:57:22.439263|[RPCWS][SERVICE][onRecvBlockNotifier]receive block number notifier,group=group0,node=2f993327933ad58672518b6d4f63920cbc68b80f78f4d81192552ee6362f5cc81ee13bdc678ad65f06e76444cadb53b33694cfb3fc7679b8000411975fedd28a,blockNumber=1678
info|2023-07-08 01:57:22.439272|[WS]receive block notify,endpoint=127.0.0.1:20201,blk={
	"blockNumber" : 1678,
	"group" : "group0",
	"nodeName" : "2f993327933ad58672518b6d4f63920cbc68b80f78f4d81192552ee6362f5cc81ee13bdc678ad65f06e76444cadb53b33694cfb3fc7679b8000411975fedd28a"
}
info|2023-07-08 01:57:25.992323|[SDK][WS][SERVICE]connected nodes,count=2
info|2023-07-08 01:57:26.306364|[EVENT][SUB][doLoop]event sub tasks report,working event sub count=0,suspend event sub count=0
info|2023-07-08 01:57:45.992961|[SDK][WS][SERVICE]connected nodes,count=2
info|2023-07-08 01:57:46.306554|[EVENT][SUB][doLoop]event sub tasks report,working event sub count=0,suspend event sub count=0
info|2023-07-08 01:58:05.993082|[SDK][WS][SERVICE]connected nodes,count=2
info|2023-07-08 01:58:06.306995|[EVENT][SUB][doLoop]event sub tasks report,working event sub count=0,suspend event sub count=0
info|2023-07-08 01:58:25.993694|[SDK][WS][SERVICE]connected nodes,count=2
info|2023-07-08 01:58:26.307117|[EVENT][SUB][doLoop]event sub tasks report,working event sub count=0,suspend event sub count=0
info|2023-07-08 01:58:45.993960|[SDK][WS][SERVICE]connected nodes,count=2
info|2023-07-08 01:58:46.307420|[EVENT][SUB][doLoop]event sub tasks report,working event sub count=0,suspend event sub count=0
info|2023-07-08 01:59:05.994230|[SDK][WS][SERVICE]connected nodes,count=2
info|2023-07-08 01:59:06.308018|[EVENT][SUB][doLoop]event sub tasks report,working event sub count=0,suspend event sub count=0
info|2023-07-08 01:59:25.994548|[SDK][WS][SERVICE]connected nodes,count=2
info|2023-07-08 01:59:26.308536|[EVENT][SUB][doLoop]event sub tasks report,working event sub count=0,suspend event sub count=0
info|2023-07-08 01:59:45.994705|[SDK][WS][SERVICE]connected nodes,count=2
info|2023-07-08 01:59:46.308671|[EVENT][SUB][doLoop]event sub tasks report,working event sub count=0,suspend event sub count=0
