info|2023-07-09 17:00:17.178693|[EVENT][SUB][doLoop]event sub tasks report,working event sub count=0,suspend event sub count=0
info|2023-07-09 17:00:18.249824|[SDK][WS][SERVICE]connected nodes,count=2
info|2023-07-09 17:00:37.178829|[EVENT][SUB][doLoop]event sub tasks report,working event sub count=0,suspend event sub count=0
info|2023-07-09 17:00:38.250224|[SDK][WS][SERVICE]connected nodes,count=2
info|2023-07-09 17:00:57.179135|[EVENT][SUB][doLoop]event sub tasks report,working event sub count=0,suspend event sub count=0
info|2023-07-09 17:00:58.250531|[SDK][WS][SERVICE]connected nodes,count=2
info|2023-07-09 17:01:17.179210|[EVENT][SUB][doLoop]event sub tasks report,working event sub count=0,suspend event sub count=0
info|2023-07-09 17:01:18.251250|[SDK][WS][SERVICE]connected nodes,count=2
info|2023-07-09 17:01:37.179422|[EVENT][SUB][doLoop]event sub tasks report,working event sub count=0,suspend event sub count=0
info|2023-07-09 17:01:38.251962|[SDK][WS][SERVICE]connected nodes,count=2
info|2023-07-09 17:01:57.179634|[EVENT][SUB][doLoop]event sub tasks report,working event sub count=0,suspend event sub count=0
info|2023-07-09 17:01:58.252120|[SDK][WS][SERVICE]connected nodes,count=2
info|2023-07-09 17:02:17.180062|[EVENT][SUB][doLoop]event sub tasks report,working event sub count=0,suspend event sub count=0
info|2023-07-09 17:02:18.252743|[SDK][WS][SERVICE]connected nodes,count=2
info|2023-07-09 17:02:37.180520|[EVENT][SUB][doLoop]event sub tasks report,working event sub count=0,suspend event sub count=0
info|2023-07-09 17:02:38.253164|[SDK][WS][SERVICE]connected nodes,count=2
info|2023-07-09 17:02:57.181021|[EVENT][SUB][doLoop]event sub tasks report,working event sub count=0,suspend event sub count=0
info|2023-07-09 17:02:58.253417|[SDK][WS][SERVICE]connected nodes,count=2
info|2023-07-09 17:03:17.181354|[EVENT][SUB][doLoop]event sub tasks report,working event sub count=0,suspend event sub count=0
info|2023-07-09 17:03:18.253704|[SDK][WS][SERVICE]connected nodes,count=2
info|2023-07-09 17:03:37.181632|[EVENT][SUB][doLoop]event sub tasks report,working event sub count=0,suspend event sub count=0
info|2023-07-09 17:03:38.254112|[SDK][WS][SERVICE]connected nodes,count=2
info|2023-07-09 17:03:57.181851|[EVENT][SUB][doLoop]event sub tasks report,working event sub count=0,suspend event sub count=0
info|2023-07-09 17:03:58.254289|[SDK][WS][SERVICE]connected nodes,count=2
info|2023-07-09 17:04:17.182423|[EVENT][SUB][doLoop]event sub tasks report,working event sub count=0,suspend event sub count=0
info|2023-07-09 17:04:18.254986|[SDK][WS][SERVICE]connected nodes,count=2
info|2023-07-09 17:04:37.182520|[EVENT][SUB][doLoop]event sub tasks report,working event sub count=0,suspend event sub count=0
info|2023-07-09 17:04:38.255575|[SDK][WS][SERVICE]connected nodes,count=2
info|2023-07-09 17:04:57.182733|[EVENT][SUB][doLoop]event sub tasks report,working event sub count=0,suspend event sub count=0
info|2023-07-09 17:04:58.256113|[SDK][WS][SERVICE]connected nodes,count=2
info|2023-07-09 17:05:17.183202|[EVENT][SUB][doLoop]event sub tasks report,working event sub count=0,suspend event sub count=0
info|2023-07-09 17:05:18.256593|[SDK][WS][SERVICE]connected nodes,count=2
info|2023-07-09 17:05:37.183476|[EVENT][SUB][doLoop]event sub tasks report,working event sub count=0,suspend event sub count=0
info|2023-07-09 17:05:38.257077|[SDK][WS][SERVICE]connected nodes,count=2
info|2023-07-09 17:05:57.184124|[EVENT][SUB][doLoop]event sub tasks report,working event sub count=0,suspend event sub count=0
info|2023-07-09 17:05:58.257440|[SDK][WS][SERVICE]connected nodes,count=2
info|2023-07-09 17:06:17.184405|[EVENT][SUB][doLoop]event sub tasks report,working event sub count=0,suspend event sub count=0
info|2023-07-09 17:06:18.257677|[SDK][WS][SERVICE]connected nodes,count=2
info|2023-07-09 17:06:37.184485|[EVENT][SUB][doLoop]event sub tasks report,working event sub count=0,suspend event sub count=0
info|2023-07-09 17:06:38.258381|[SDK][WS][SERVICE]connected nodes,count=2
info|2023-07-09 17:06:57.184711|[EVENT][SUB][doLoop]event sub tasks report,working event sub count=0,suspend event sub count=0
info|2023-07-09 17:06:58.258746|[SDK][WS][SERVICE]connected nodes,count=2
info|2023-07-09 17:07:17.184909|[EVENT][SUB][doLoop]event sub tasks report,working event sub count=0,suspend event sub count=0
info|2023-07-09 17:07:18.259544|[SDK][WS][SERVICE]connected nodes,count=2
info|2023-07-09 17:07:37.184984|[EVENT][SUB][doLoop]event sub tasks report,working event sub count=0,suspend event sub count=0
info|2023-07-09 17:07:38.259930|[SDK][WS][SERVICE]connected nodes,count=2
info|2023-07-09 17:07:57.185227|[EVENT][SUB][doLoop]event sub tasks report,working event sub count=0,suspend event sub count=0
info|2023-07-09 17:07:58.260249|[SDK][WS][SERVICE]connected nodes,count=2
info|2023-07-09 17:08:17.185695|[EVENT][SUB][doLoop]event sub tasks report,working event sub count=0,suspend event sub count=0
info|2023-07-09 17:08:18.260979|[SDK][WS][SERVICE]connected nodes,count=2
info|2023-07-09 17:08:37.185780|[EVENT][SUB][doLoop]event sub tasks report,working event sub count=0,suspend event sub count=0
info|2023-07-09 17:08:38.261538|[SDK][WS][SERVICE]connected nodes,count=2
info|2023-07-09 17:08:57.185930|[EVENT][SUB][doLoop]event sub tasks report,working event sub count=0,suspend event sub count=0
info|2023-07-09 17:08:58.262037|[SDK][WS][SERVICE]connected nodes,count=2
info|2023-07-09 17:09:17.186170|[EVENT][SUB][doLoop]event sub tasks report,working event sub count=0,suspend event sub count=0
info|2023-07-09 17:09:18.262441|[SDK][WS][SERVICE]connected nodes,count=2
info|2023-07-09 17:09:37.186579|[EVENT][SUB][doLoop]event sub tasks report,working event sub count=0,suspend event sub count=0
info|2023-07-09 17:09:38.262604|[SDK][WS][SERVICE]connected nodes,count=2
info|2023-07-09 17:09:57.187171|[EVENT][SUB][doLoop]event sub tasks report,working event sub count=0,suspend event sub count=0
info|2023-07-09 17:09:58.263155|[SDK][WS][SERVICE]connected nodes,count=2
info|2023-07-09 17:10:17.187222|[EVENT][SUB][doLoop]event sub tasks report,working event sub count=0,suspend event sub count=0
info|2023-07-09 17:10:18.263554|[SDK][WS][SERVICE]connected nodes,count=2
info|2023-07-09 17:10:37.187796|[EVENT][SUB][doLoop]event sub tasks report,working event sub count=0,suspend event sub count=0
info|2023-07-09 17:10:38.263736|[SDK][WS][SERVICE]connected nodes,count=2
info|2023-07-09 17:10:57.188226|[EVENT][SUB][doLoop]event sub tasks report,working event sub count=0,suspend event sub count=0
info|2023-07-09 17:10:58.264277|[SDK][WS][SERVICE]connected nodes,count=2
info|2023-07-09 17:11:17.188321|[EVENT][SUB][doLoop]event sub tasks report,working event sub count=0,suspend event sub count=0
info|2023-07-09 17:11:18.264426|[SDK][WS][SERVICE]connected nodes,count=2
info|2023-07-09 17:11:37.188940|[EVENT][SUB][doLoop]event sub tasks report,working event sub count=0,suspend event sub count=0
info|2023-07-09 17:11:38.264719|[SDK][WS][SERVICE]connected nodes,count=2
info|2023-07-09 17:11:57.188983|[EVENT][SUB][doLoop]event sub tasks report,working event sub count=0,suspend event sub count=0
info|2023-07-09 17:11:58.265351|[SDK][WS][SERVICE]connected nodes,count=2
info|2023-07-09 17:12:17.189149|[EVENT][SUB][doLoop]event sub tasks report,working event sub count=0,suspend event sub count=0
info|2023-07-09 17:12:18.265692|[SDK][WS][SERVICE]connected nodes,count=2
info|2023-07-09 17:12:37.189327|[EVENT][SUB][doLoop]event sub tasks report,working event sub count=0,suspend event sub count=0
info|2023-07-09 17:12:38.265797|[SDK][WS][SERVICE]connected nodes,count=2
info|2023-07-09 17:12:57.189934|[EVENT][SUB][doLoop]event sub tasks report,working event sub count=0,suspend event sub count=0
info|2023-07-09 17:12:58.266295|[SDK][WS][SERVICE]connected nodes,count=2
info|2023-07-09 17:13:17.190026|[EVENT][SUB][doLoop]event sub tasks report,working event sub count=0,suspend event sub count=0
info|2023-07-09 17:13:18.266582|[SDK][WS][SERVICE]connected nodes,count=2
info|2023-07-09 17:13:37.190282|[EVENT][SUB][doLoop]event sub tasks report,working event sub count=0,suspend event sub count=0
info|2023-07-09 17:13:38.266801|[SDK][WS][SERVICE]connected nodes,count=2
info|2023-07-09 17:13:57.190774|[EVENT][SUB][doLoop]event sub tasks report,working event sub count=0,suspend event sub count=0
info|2023-07-09 17:13:58.267533|[SDK][WS][SERVICE]connected nodes,count=2
info|2023-07-09 17:14:17.191358|[EVENT][SUB][doLoop]event sub tasks report,working event sub count=0,suspend event sub count=0
info|2023-07-09 17:14:18.268110|[SDK][WS][SERVICE]connected nodes,count=2
info|2023-07-09 17:14:37.191442|[EVENT][SUB][doLoop]event sub tasks report,working event sub count=0,suspend event sub count=0
info|2023-07-09 17:14:38.268417|[SDK][WS][SERVICE]connected nodes,count=2
info|2023-07-09 17:14:57.191820|[EVENT][SUB][doLoop]event sub tasks report,working event sub count=0,suspend event sub count=0
info|2023-07-09 17:14:58.268590|[SDK][WS][SERVICE]connected nodes,count=2
info|2023-07-09 17:15:17.192079|[EVENT][SUB][doLoop]event sub tasks report,working event sub count=0,suspend event sub count=0
info|2023-07-09 17:15:18.269173|[SDK][WS][SERVICE]connected nodes,count=2
info|2023-07-09 17:15:37.192594|[EVENT][SUB][doLoop]event sub tasks report,working event sub count=0,suspend event sub count=0
info|2023-07-09 17:15:38.269565|[SDK][WS][SERVICE]connected nodes,count=2
info|2023-07-09 17:15:57.193191|[EVENT][SUB][doLoop]event sub tasks report,working event sub count=0,suspend event sub count=0
info|2023-07-09 17:15:58.270007|[SDK][WS][SERVICE]connected nodes,count=2
info|2023-07-09 17:16:17.193787|[EVENT][SUB][doLoop]event sub tasks report,working event sub count=0,suspend event sub count=0
info|2023-07-09 17:16:18.270350|[SDK][WS][SERVICE]connected nodes,count=2
info|2023-07-09 17:16:37.193839|[EVENT][SUB][doLoop]event sub tasks report,working event sub count=0,suspend event sub count=0
info|2023-07-09 17:16:38.270495|[SDK][WS][SERVICE]connected nodes,count=2
info|2023-07-09 17:16:57.193935|[EVENT][SUB][doLoop]event sub tasks report,working event sub count=0,suspend event sub count=0
info|2023-07-09 17:16:58.271208|[SDK][WS][SERVICE]connected nodes,count=2
info|2023-07-09 17:17:17.194008|[EVENT][SUB][doLoop]event sub tasks report,working event sub count=0,suspend event sub count=0
info|2023-07-09 17:17:18.271563|[SDK][WS][SERVICE]connected nodes,count=2
info|2023-07-09 17:17:37.194142|[EVENT][SUB][doLoop]event sub tasks report,working event sub count=0,suspend event sub count=0
info|2023-07-09 17:17:38.272149|[SDK][WS][SERVICE]connected nodes,count=2
info|2023-07-09 17:17:57.194819|[EVENT][SUB][doLoop]event sub tasks report,working event sub count=0,suspend event sub count=0
info|2023-07-09 17:17:58.272574|[SDK][WS][SERVICE]connected nodes,count=2
info|2023-07-09 17:18:17.195026|[EVENT][SUB][doLoop]event sub tasks report,working event sub count=0,suspend event sub count=0
info|2023-07-09 17:18:18.272910|[SDK][WS][SERVICE]connected nodes,count=2
info|2023-07-09 17:18:37.195209|[EVENT][SUB][doLoop]event sub tasks report,working event sub count=0,suspend event sub count=0
info|2023-07-09 17:18:38.273149|[SDK][WS][SERVICE]connected nodes,count=2
info|2023-07-09 17:18:57.195499|[EVENT][SUB][doLoop]event sub tasks report,working event sub count=0,suspend event sub count=0
info|2023-07-09 17:18:58.273694|[SDK][WS][SERVICE]connected nodes,count=2
info|2023-07-09 17:19:17.195610|[EVENT][SUB][doLoop]event sub tasks report,working event sub count=0,suspend event sub count=0
info|2023-07-09 17:19:18.274157|[SDK][WS][SERVICE]connected nodes,count=2
info|2023-07-09 17:19:37.195763|[EVENT][SUB][doLoop]event sub tasks report,working event sub count=0,suspend event sub count=0
info|2023-07-09 17:19:38.274713|[SDK][WS][SERVICE]connected nodes,count=2
info|2023-07-09 17:19:57.195889|[EVENT][SUB][doLoop]event sub tasks report,working event sub count=0,suspend event sub count=0
info|2023-07-09 17:19:58.275465|[SDK][WS][SERVICE]connected nodes,count=2
info|2023-07-09 17:20:17.196047|[EVENT][SUB][doLoop]event sub tasks report,working event sub count=0,suspend event sub count=0
info|2023-07-09 17:20:18.275740|[SDK][WS][SERVICE]connected nodes,count=2
info|2023-07-09 17:20:37.196554|[EVENT][SUB][doLoop]event sub tasks report,working event sub count=0,suspend event sub count=0
info|2023-07-09 17:20:38.275932|[SDK][WS][SERVICE]connected nodes,count=2
info|2023-07-09 17:20:57.196777|[EVENT][SUB][doLoop]event sub tasks report,working event sub count=0,suspend event sub count=0
info|2023-07-09 17:20:58.276582|[SDK][WS][SERVICE]connected nodes,count=2
info|2023-07-09 17:21:17.197103|[EVENT][SUB][doLoop]event sub tasks report,working event sub count=0,suspend event sub count=0
info|2023-07-09 17:21:18.276839|[SDK][WS][SERVICE]connected nodes,count=2
info|2023-07-09 17:21:37.197434|[EVENT][SUB][doLoop]event sub tasks report,working event sub count=0,suspend event sub count=0
info|2023-07-09 17:21:38.277415|[SDK][WS][SERVICE]connected nodes,count=2
info|2023-07-09 17:21:57.197895|[EVENT][SUB][doLoop]event sub tasks report,working event sub count=0,suspend event sub count=0
info|2023-07-09 17:21:58.278053|[SDK][WS][SERVICE]connected nodes,count=2
info|2023-07-09 17:22:17.198177|[EVENT][SUB][doLoop]event sub tasks report,working event sub count=0,suspend event sub count=0
info|2023-07-09 17:22:18.278424|[SDK][WS][SERVICE]connected nodes,count=2
info|2023-07-09 17:22:37.198509|[EVENT][SUB][doLoop]event sub tasks report,working event sub count=0,suspend event sub count=0
info|2023-07-09 17:22:38.278800|[SDK][WS][SERVICE]connected nodes,count=2
info|2023-07-09 17:22:57.198905|[EVENT][SUB][doLoop]event sub tasks report,working event sub count=0,suspend event sub count=0
info|2023-07-09 17:22:58.279262|[SDK][WS][SERVICE]connected nodes,count=2
info|2023-07-09 17:23:17.198969|[EVENT][SUB][doLoop]event sub tasks report,working event sub count=0,suspend event sub count=0
info|2023-07-09 17:23:18.279644|[SDK][WS][SERVICE]connected nodes,count=2
info|2023-07-09 17:23:37.199043|[EVENT][SUB][doLoop]event sub tasks report,working event sub count=0,suspend event sub count=0
info|2023-07-09 17:23:38.280383|[SDK][WS][SERVICE]connected nodes,count=2
info|2023-07-09 17:23:57.199091|[EVENT][SUB][doLoop]event sub tasks report,working event sub count=0,suspend event sub count=0
info|2023-07-09 17:23:58.280556|[SDK][WS][SERVICE]connected nodes,count=2
info|2023-07-09 17:24:17.199388|[EVENT][SUB][doLoop]event sub tasks report,working event sub count=0,suspend event sub count=0
info|2023-07-09 17:24:18.280956|[SDK][WS][SERVICE]connected nodes,count=2
info|2023-07-09 17:24:37.199657|[EVENT][SUB][doLoop]event sub tasks report,working event sub count=0,suspend event sub count=0
info|2023-07-09 17:24:38.281637|[SDK][WS][SERVICE]connected nodes,count=2
info|2023-07-09 17:24:57.199818|[EVENT][SUB][doLoop]event sub tasks report,working event sub count=0,suspend event sub count=0
info|2023-07-09 17:24:58.282493|[SDK][WS][SERVICE]connected nodes,count=2
info|2023-07-09 17:25:17.200047|[EVENT][SUB][doLoop]event sub tasks report,working event sub count=0,suspend event sub count=0
info|2023-07-09 17:25:18.283115|[SDK][WS][SERVICE]connected nodes,count=2
info|2023-07-09 17:25:37.200234|[EVENT][SUB][doLoop]event sub tasks report,working event sub count=0,suspend event sub count=0
info|2023-07-09 17:25:38.283641|[SDK][WS][SERVICE]connected nodes,count=2
info|2023-07-09 17:25:57.200554|[EVENT][SUB][doLoop]event sub tasks report,working event sub count=0,suspend event sub count=0
info|2023-07-09 17:25:58.283840|[SDK][WS][SERVICE]connected nodes,count=2
info|2023-07-09 17:26:17.201138|[EVENT][SUB][doLoop]event sub tasks report,working event sub count=0,suspend event sub count=0
info|2023-07-09 17:26:18.283970|[SDK][WS][SERVICE]connected nodes,count=2
info|2023-07-09 17:26:37.201760|[EVENT][SUB][doLoop]event sub tasks report,working event sub count=0,suspend event sub count=0
info|2023-07-09 17:26:38.284170|[SDK][WS][SERVICE]connected nodes,count=2
info|2023-07-09 17:26:57.202168|[EVENT][SUB][doLoop]event sub tasks report,working event sub count=0,suspend event sub count=0
info|2023-07-09 17:26:58.284333|[SDK][WS][SERVICE]connected nodes,count=2
info|2023-07-09 17:27:13.892473|[RPC][BLOCK][NUMBER][fromJson],group=group0,node=98a7f70ec883a722219d92253cf073a72605f4087aa3443c8e4aadc0af2dc3ac647d0fa1b5ac99cd6987abafe6d690ae71cd5fd2aeeabe7589bfb4748aabdfba,blockNumber=2927
info|2023-07-09 17:27:13.892496|[RPCWS][SERVICE][onRecvBlockNotifier]receive block number notifier,group=group0,node=98a7f70ec883a722219d92253cf073a72605f4087aa3443c8e4aadc0af2dc3ac647d0fa1b5ac99cd6987abafe6d690ae71cd5fd2aeeabe7589bfb4748aabdfba,blockNumber=2927
info|2023-07-09 17:27:13.892501|[RPCWS][SERVICE][updateGroupBlockNumber],groupID=group0,_blockNumber=2927
info|2023-07-09 17:27:13.892505|[RPCWS][SERVICE][onRecvBlockNotifier]block notifier callback,group=group0,node=98a7f70ec883a722219d92253cf073a72605f4087aa3443c8e4aadc0af2dc3ac647d0fa1b5ac99cd6987abafe6d690ae71cd5fd2aeeabe7589bfb4748aabdfba,blockNumber=2927
info|2023-07-09 17:27:13.892509|[WS]receive block notify,endpoint=127.0.0.1:20200,blk={
	"blockNumber" : 2927,
	"group" : "group0",
	"nodeName" : "98a7f70ec883a722219d92253cf073a72605f4087aa3443c8e4aadc0af2dc3ac647d0fa1b5ac99cd6987abafe6d690ae71cd5fd2aeeabe7589bfb4748aabdfba"
}
info|2023-07-09 17:27:13.931453|[RPC][BLOCK][NUMBER][fromJson],group=group0,node=2f993327933ad58672518b6d4f63920cbc68b80f78f4d81192552ee6362f5cc81ee13bdc678ad65f06e76444cadb53b33694cfb3fc7679b8000411975fedd28a,blockNumber=2927
info|2023-07-09 17:27:13.931486|[RPCWS][SERVICE][onRecvBlockNotifier]receive block number notifier,group=group0,node=2f993327933ad58672518b6d4f63920cbc68b80f78f4d81192552ee6362f5cc81ee13bdc678ad65f06e76444cadb53b33694cfb3fc7679b8000411975fedd28a,blockNumber=2927
info|2023-07-09 17:27:13.931494|[WS]receive block notify,endpoint=127.0.0.1:20201,blk={
	"blockNumber" : 2927,
	"group" : "group0",
	"nodeName" : "2f993327933ad58672518b6d4f63920cbc68b80f78f4d81192552ee6362f5cc81ee13bdc678ad65f06e76444cadb53b33694cfb3fc7679b8000411975fedd28a"
}
info|2023-07-09 17:27:14.436496|[RPC][BLOCK][NUMBER][fromJson],group=group0,node=98a7f70ec883a722219d92253cf073a72605f4087aa3443c8e4aadc0af2dc3ac647d0fa1b5ac99cd6987abafe6d690ae71cd5fd2aeeabe7589bfb4748aabdfba,blockNumber=2928
info|2023-07-09 17:27:14.436530|[RPCWS][SERVICE][onRecvBlockNotifier]receive block number notifier,group=group0,node=98a7f70ec883a722219d92253cf073a72605f4087aa3443c8e4aadc0af2dc3ac647d0fa1b5ac99cd6987abafe6d690ae71cd5fd2aeeabe7589bfb4748aabdfba,blockNumber=2928
info|2023-07-09 17:27:14.436535|[RPCWS][SERVICE][updateGroupBlockNumber],groupID=group0,_blockNumber=2928
info|2023-07-09 17:27:14.436540|[RPCWS][SERVICE][onRecvBlockNotifier]block notifier callback,group=group0,node=98a7f70ec883a722219d92253cf073a72605f4087aa3443c8e4aadc0af2dc3ac647d0fa1b5ac99cd6987abafe6d690ae71cd5fd2aeeabe7589bfb4748aabdfba,blockNumber=2928
info|2023-07-09 17:27:14.436543|[WS]receive block notify,endpoint=127.0.0.1:20200,blk={
	"blockNumber" : 2928,
	"group" : "group0",
	"nodeName" : "98a7f70ec883a722219d92253cf073a72605f4087aa3443c8e4aadc0af2dc3ac647d0fa1b5ac99cd6987abafe6d690ae71cd5fd2aeeabe7589bfb4748aabdfba"
}
info|2023-07-09 17:27:14.499129|[RPC][BLOCK][NUMBER][fromJson],group=group0,node=2f993327933ad58672518b6d4f63920cbc68b80f78f4d81192552ee6362f5cc81ee13bdc678ad65f06e76444cadb53b33694cfb3fc7679b8000411975fedd28a,blockNumber=2928
info|2023-07-09 17:27:14.499163|[RPCWS][SERVICE][onRecvBlockNotifier]receive block number notifier,group=group0,node=2f993327933ad58672518b6d4f63920cbc68b80f78f4d81192552ee6362f5cc81ee13bdc678ad65f06e76444cadb53b33694cfb3fc7679b8000411975fedd28a,blockNumber=2928
info|2023-07-09 17:27:14.499171|[WS]receive block notify,endpoint=127.0.0.1:20201,blk={
	"blockNumber" : 2928,
	"group" : "group0",
	"nodeName" : "2f993327933ad58672518b6d4f63920cbc68b80f78f4d81192552ee6362f5cc81ee13bdc678ad65f06e76444cadb53b33694cfb3fc7679b8000411975fedd28a"
}
info|2023-07-09 17:27:15.052861|[RPC][BLOCK][NUMBER][fromJson],group=group0,node=98a7f70ec883a722219d92253cf073a72605f4087aa3443c8e4aadc0af2dc3ac647d0fa1b5ac99cd6987abafe6d690ae71cd5fd2aeeabe7589bfb4748aabdfba,blockNumber=2929
info|2023-07-09 17:27:15.052886|[RPCWS][SERVICE][onRecvBlockNotifier]receive block number notifier,group=group0,node=98a7f70ec883a722219d92253cf073a72605f4087aa3443c8e4aadc0af2dc3ac647d0fa1b5ac99cd6987abafe6d690ae71cd5fd2aeeabe7589bfb4748aabdfba,blockNumber=2929
info|2023-07-09 17:27:15.052893|[RPCWS][SERVICE][updateGroupBlockNumber],groupID=group0,_blockNumber=2929
info|2023-07-09 17:27:15.052898|[RPCWS][SERVICE][onRecvBlockNotifier]block notifier callback,group=group0,node=98a7f70ec883a722219d92253cf073a72605f4087aa3443c8e4aadc0af2dc3ac647d0fa1b5ac99cd6987abafe6d690ae71cd5fd2aeeabe7589bfb4748aabdfba,blockNumber=2929
info|2023-07-09 17:27:15.052903|[WS]receive block notify,endpoint=127.0.0.1:20200,blk={
	"blockNumber" : 2929,
	"group" : "group0",
	"nodeName" : "98a7f70ec883a722219d92253cf073a72605f4087aa3443c8e4aadc0af2dc3ac647d0fa1b5ac99cd6987abafe6d690ae71cd5fd2aeeabe7589bfb4748aabdfba"
}
info|2023-07-09 17:27:15.053454|[RPC][BLOCK][NUMBER][fromJson],group=group0,node=2f993327933ad58672518b6d4f63920cbc68b80f78f4d81192552ee6362f5cc81ee13bdc678ad65f06e76444cadb53b33694cfb3fc7679b8000411975fedd28a,blockNumber=2929
info|2023-07-09 17:27:15.053518|[RPCWS][SERVICE][onRecvBlockNotifier]receive block number notifier,group=group0,node=2f993327933ad58672518b6d4f63920cbc68b80f78f4d81192552ee6362f5cc81ee13bdc678ad65f06e76444cadb53b33694cfb3fc7679b8000411975fedd28a,blockNumber=2929
info|2023-07-09 17:27:15.053532|[WS]receive block notify,endpoint=127.0.0.1:20201,blk={
	"blockNumber" : 2929,
	"group" : "group0",
	"nodeName" : "2f993327933ad58672518b6d4f63920cbc68b80f78f4d81192552ee6362f5cc81ee13bdc678ad65f06e76444cadb53b33694cfb3fc7679b8000411975fedd28a"
}
info|2023-07-09 17:27:15.615009|[RPC][BLOCK][NUMBER][fromJson],group=group0,node=98a7f70ec883a722219d92253cf073a72605f4087aa3443c8e4aadc0af2dc3ac647d0fa1b5ac99cd6987abafe6d690ae71cd5fd2aeeabe7589bfb4748aabdfba,blockNumber=2930
info|2023-07-09 17:27:15.615068|[RPCWS][SERVICE][onRecvBlockNotifier]receive block number notifier,group=group0,node=98a7f70ec883a722219d92253cf073a72605f4087aa3443c8e4aadc0af2dc3ac647d0fa1b5ac99cd6987abafe6d690ae71cd5fd2aeeabe7589bfb4748aabdfba,blockNumber=2930
info|2023-07-09 17:27:15.615076|[RPCWS][SERVICE][updateGroupBlockNumber],groupID=group0,_blockNumber=2930
info|2023-07-09 17:27:15.615083|[RPCWS][SERVICE][onRecvBlockNotifier]block notifier callback,group=group0,node=98a7f70ec883a722219d92253cf073a72605f4087aa3443c8e4aadc0af2dc3ac647d0fa1b5ac99cd6987abafe6d690ae71cd5fd2aeeabe7589bfb4748aabdfba,blockNumber=2930
info|2023-07-09 17:27:15.615088|[WS]receive block notify,endpoint=127.0.0.1:20200,blk={
	"blockNumber" : 2930,
	"group" : "group0",
	"nodeName" : "98a7f70ec883a722219d92253cf073a72605f4087aa3443c8e4aadc0af2dc3ac647d0fa1b5ac99cd6987abafe6d690ae71cd5fd2aeeabe7589bfb4748aabdfba"
}
info|2023-07-09 17:27:15.619287|[RPC][BLOCK][NUMBER][fromJson],group=group0,node=2f993327933ad58672518b6d4f63920cbc68b80f78f4d81192552ee6362f5cc81ee13bdc678ad65f06e76444cadb53b33694cfb3fc7679b8000411975fedd28a,blockNumber=2930
info|2023-07-09 17:27:15.619334|[RPCWS][SERVICE][onRecvBlockNotifier]receive block number notifier,group=group0,node=2f993327933ad58672518b6d4f63920cbc68b80f78f4d81192552ee6362f5cc81ee13bdc678ad65f06e76444cadb53b33694cfb3fc7679b8000411975fedd28a,blockNumber=2930
info|2023-07-09 17:27:15.619345|[WS]receive block notify,endpoint=127.0.0.1:20201,blk={
	"blockNumber" : 2930,
	"group" : "group0",
	"nodeName" : "2f993327933ad58672518b6d4f63920cbc68b80f78f4d81192552ee6362f5cc81ee13bdc678ad65f06e76444cadb53b33694cfb3fc7679b8000411975fedd28a"
}
info|2023-07-09 17:27:16.137827|[RPC][BLOCK][NUMBER][fromJson],group=group0,node=98a7f70ec883a722219d92253cf073a72605f4087aa3443c8e4aadc0af2dc3ac647d0fa1b5ac99cd6987abafe6d690ae71cd5fd2aeeabe7589bfb4748aabdfba,blockNumber=2931
info|2023-07-09 17:27:16.137845|[RPCWS][SERVICE][onRecvBlockNotifier]receive block number notifier,group=group0,node=98a7f70ec883a722219d92253cf073a72605f4087aa3443c8e4aadc0af2dc3ac647d0fa1b5ac99cd6987abafe6d690ae71cd5fd2aeeabe7589bfb4748aabdfba,blockNumber=2931
info|2023-07-09 17:27:16.137850|[RPCWS][SERVICE][updateGroupBlockNumber],groupID=group0,_blockNumber=2931
info|2023-07-09 17:27:16.137855|[RPCWS][SERVICE][onRecvBlockNotifier]block notifier callback,group=group0,node=98a7f70ec883a722219d92253cf073a72605f4087aa3443c8e4aadc0af2dc3ac647d0fa1b5ac99cd6987abafe6d690ae71cd5fd2aeeabe7589bfb4748aabdfba,blockNumber=2931
info|2023-07-09 17:27:16.137858|[WS]receive block notify,endpoint=127.0.0.1:20200,blk={
	"blockNumber" : 2931,
	"group" : "group0",
	"nodeName" : "98a7f70ec883a722219d92253cf073a72605f4087aa3443c8e4aadc0af2dc3ac647d0fa1b5ac99cd6987abafe6d690ae71cd5fd2aeeabe7589bfb4748aabdfba"
}
info|2023-07-09 17:27:16.171561|[RPC][BLOCK][NUMBER][fromJson],group=group0,node=2f993327933ad58672518b6d4f63920cbc68b80f78f4d81192552ee6362f5cc81ee13bdc678ad65f06e76444cadb53b33694cfb3fc7679b8000411975fedd28a,blockNumber=2931
info|2023-07-09 17:27:16.171580|[RPCWS][SERVICE][onRecvBlockNotifier]receive block number notifier,group=group0,node=2f993327933ad58672518b6d4f63920cbc68b80f78f4d81192552ee6362f5cc81ee13bdc678ad65f06e76444cadb53b33694cfb3fc7679b8000411975fedd28a,blockNumber=2931
info|2023-07-09 17:27:16.171586|[WS]receive block notify,endpoint=127.0.0.1:20201,blk={
	"blockNumber" : 2931,
	"group" : "group0",
	"nodeName" : "2f993327933ad58672518b6d4f63920cbc68b80f78f4d81192552ee6362f5cc81ee13bdc678ad65f06e76444cadb53b33694cfb3fc7679b8000411975fedd28a"
}
info|2023-07-09 17:27:16.717050|[RPC][BLOCK][NUMBER][fromJson],group=group0,node=98a7f70ec883a722219d92253cf073a72605f4087aa3443c8e4aadc0af2dc3ac647d0fa1b5ac99cd6987abafe6d690ae71cd5fd2aeeabe7589bfb4748aabdfba,blockNumber=2932
info|2023-07-09 17:27:16.717086|[RPCWS][SERVICE][onRecvBlockNotifier]receive block number notifier,group=group0,node=98a7f70ec883a722219d92253cf073a72605f4087aa3443c8e4aadc0af2dc3ac647d0fa1b5ac99cd6987abafe6d690ae71cd5fd2aeeabe7589bfb4748aabdfba,blockNumber=2932
info|2023-07-09 17:27:16.717092|[RPCWS][SERVICE][updateGroupBlockNumber],groupID=group0,_blockNumber=2932
info|2023-07-09 17:27:16.717096|[RPCWS][SERVICE][onRecvBlockNotifier]block notifier callback,group=group0,node=98a7f70ec883a722219d92253cf073a72605f4087aa3443c8e4aadc0af2dc3ac647d0fa1b5ac99cd6987abafe6d690ae71cd5fd2aeeabe7589bfb4748aabdfba,blockNumber=2932
info|2023-07-09 17:27:16.717100|[WS]receive block notify,endpoint=127.0.0.1:20200,blk={
	"blockNumber" : 2932,
	"group" : "group0",
	"nodeName" : "98a7f70ec883a722219d92253cf073a72605f4087aa3443c8e4aadc0af2dc3ac647d0fa1b5ac99cd6987abafe6d690ae71cd5fd2aeeabe7589bfb4748aabdfba"
}
info|2023-07-09 17:27:16.746950|[RPC][BLOCK][NUMBER][fromJson],group=group0,node=2f993327933ad58672518b6d4f63920cbc68b80f78f4d81192552ee6362f5cc81ee13bdc678ad65f06e76444cadb53b33694cfb3fc7679b8000411975fedd28a,blockNumber=2932
info|2023-07-09 17:27:16.747012|[RPCWS][SERVICE][onRecvBlockNotifier]receive block number notifier,group=group0,node=2f993327933ad58672518b6d4f63920cbc68b80f78f4d81192552ee6362f5cc81ee13bdc678ad65f06e76444cadb53b33694cfb3fc7679b8000411975fedd28a,blockNumber=2932
info|2023-07-09 17:27:16.747092|[WS]receive block notify,endpoint=127.0.0.1:20201,blk={
	"blockNumber" : 2932,
	"group" : "group0",
	"nodeName" : "2f993327933ad58672518b6d4f63920cbc68b80f78f4d81192552ee6362f5cc81ee13bdc678ad65f06e76444cadb53b33694cfb3fc7679b8000411975fedd28a"
}
info|2023-07-09 17:27:17.202253|[EVENT][SUB][doLoop]event sub tasks report,working event sub count=0,suspend event sub count=0
info|2023-07-09 17:27:17.248845|[RPC][BLOCK][NUMBER][fromJson],group=group0,node=98a7f70ec883a722219d92253cf073a72605f4087aa3443c8e4aadc0af2dc3ac647d0fa1b5ac99cd6987abafe6d690ae71cd5fd2aeeabe7589bfb4748aabdfba,blockNumber=2933
info|2023-07-09 17:27:17.248865|[RPCWS][SERVICE][onRecvBlockNotifier]receive block number notifier,group=group0,node=98a7f70ec883a722219d92253cf073a72605f4087aa3443c8e4aadc0af2dc3ac647d0fa1b5ac99cd6987abafe6d690ae71cd5fd2aeeabe7589bfb4748aabdfba,blockNumber=2933
info|2023-07-09 17:27:17.248870|[RPCWS][SERVICE][updateGroupBlockNumber],groupID=group0,_blockNumber=2933
info|2023-07-09 17:27:17.248875|[RPCWS][SERVICE][onRecvBlockNotifier]block notifier callback,group=group0,node=98a7f70ec883a722219d92253cf073a72605f4087aa3443c8e4aadc0af2dc3ac647d0fa1b5ac99cd6987abafe6d690ae71cd5fd2aeeabe7589bfb4748aabdfba,blockNumber=2933
info|2023-07-09 17:27:17.248879|[WS]receive block notify,endpoint=127.0.0.1:20200,blk={
	"blockNumber" : 2933,
	"group" : "group0",
	"nodeName" : "98a7f70ec883a722219d92253cf073a72605f4087aa3443c8e4aadc0af2dc3ac647d0fa1b5ac99cd6987abafe6d690ae71cd5fd2aeeabe7589bfb4748aabdfba"
}
info|2023-07-09 17:27:17.353505|[RPC][BLOCK][NUMBER][fromJson],group=group0,node=2f993327933ad58672518b6d4f63920cbc68b80f78f4d81192552ee6362f5cc81ee13bdc678ad65f06e76444cadb53b33694cfb3fc7679b8000411975fedd28a,blockNumber=2933
info|2023-07-09 17:27:17.353524|[RPCWS][SERVICE][onRecvBlockNotifier]receive block number notifier,group=group0,node=2f993327933ad58672518b6d4f63920cbc68b80f78f4d81192552ee6362f5cc81ee13bdc678ad65f06e76444cadb53b33694cfb3fc7679b8000411975fedd28a,blockNumber=2933
info|2023-07-09 17:27:17.353552|[WS]receive block notify,endpoint=127.0.0.1:20201,blk={
	"blockNumber" : 2933,
	"group" : "group0",
	"nodeName" : "2f993327933ad58672518b6d4f63920cbc68b80f78f4d81192552ee6362f5cc81ee13bdc678ad65f06e76444cadb53b33694cfb3fc7679b8000411975fedd28a"
}
info|2023-07-09 17:27:17.955908|[RPC][BLOCK][NUMBER][fromJson],group=group0,node=98a7f70ec883a722219d92253cf073a72605f4087aa3443c8e4aadc0af2dc3ac647d0fa1b5ac99cd6987abafe6d690ae71cd5fd2aeeabe7589bfb4748aabdfba,blockNumber=2934
info|2023-07-09 17:27:17.955938|[RPCWS][SERVICE][onRecvBlockNotifier]receive block number notifier,group=group0,node=98a7f70ec883a722219d92253cf073a72605f4087aa3443c8e4aadc0af2dc3ac647d0fa1b5ac99cd6987abafe6d690ae71cd5fd2aeeabe7589bfb4748aabdfba,blockNumber=2934
info|2023-07-09 17:27:17.955944|[RPCWS][SERVICE][updateGroupBlockNumber],groupID=group0,_blockNumber=2934
info|2023-07-09 17:27:17.955949|[RPCWS][SERVICE][onRecvBlockNotifier]block notifier callback,group=group0,node=98a7f70ec883a722219d92253cf073a72605f4087aa3443c8e4aadc0af2dc3ac647d0fa1b5ac99cd6987abafe6d690ae71cd5fd2aeeabe7589bfb4748aabdfba,blockNumber=2934
info|2023-07-09 17:27:17.955953|[WS]receive block notify,endpoint=127.0.0.1:20200,blk={
	"blockNumber" : 2934,
	"group" : "group0",
	"nodeName" : "98a7f70ec883a722219d92253cf073a72605f4087aa3443c8e4aadc0af2dc3ac647d0fa1b5ac99cd6987abafe6d690ae71cd5fd2aeeabe7589bfb4748aabdfba"
}
info|2023-07-09 17:27:17.984110|[RPC][BLOCK][NUMBER][fromJson],group=group0,node=2f993327933ad58672518b6d4f63920cbc68b80f78f4d81192552ee6362f5cc81ee13bdc678ad65f06e76444cadb53b33694cfb3fc7679b8000411975fedd28a,blockNumber=2934
info|2023-07-09 17:27:17.984130|[RPCWS][SERVICE][onRecvBlockNotifier]receive block number notifier,group=group0,node=2f993327933ad58672518b6d4f63920cbc68b80f78f4d81192552ee6362f5cc81ee13bdc678ad65f06e76444cadb53b33694cfb3fc7679b8000411975fedd28a,blockNumber=2934
info|2023-07-09 17:27:17.984137|[WS]receive block notify,endpoint=127.0.0.1:20201,blk={
	"blockNumber" : 2934,
	"group" : "group0",
	"nodeName" : "2f993327933ad58672518b6d4f63920cbc68b80f78f4d81192552ee6362f5cc81ee13bdc678ad65f06e76444cadb53b33694cfb3fc7679b8000411975fedd28a"
}
info|2023-07-09 17:27:18.284576|[SDK][WS][SERVICE]connected nodes,count=2
info|2023-07-09 17:27:18.455244|[RPC][BLOCK][NUMBER][fromJson],group=group0,node=98a7f70ec883a722219d92253cf073a72605f4087aa3443c8e4aadc0af2dc3ac647d0fa1b5ac99cd6987abafe6d690ae71cd5fd2aeeabe7589bfb4748aabdfba,blockNumber=2935
info|2023-07-09 17:27:18.455282|[RPCWS][SERVICE][onRecvBlockNotifier]receive block number notifier,group=group0,node=98a7f70ec883a722219d92253cf073a72605f4087aa3443c8e4aadc0af2dc3ac647d0fa1b5ac99cd6987abafe6d690ae71cd5fd2aeeabe7589bfb4748aabdfba,blockNumber=2935
info|2023-07-09 17:27:18.455289|[RPCWS][SERVICE][updateGroupBlockNumber],groupID=group0,_blockNumber=2935
info|2023-07-09 17:27:18.455294|[RPCWS][SERVICE][onRecvBlockNotifier]block notifier callback,group=group0,node=98a7f70ec883a722219d92253cf073a72605f4087aa3443c8e4aadc0af2dc3ac647d0fa1b5ac99cd6987abafe6d690ae71cd5fd2aeeabe7589bfb4748aabdfba,blockNumber=2935
info|2023-07-09 17:27:18.455298|[WS]receive block notify,endpoint=127.0.0.1:20200,blk={
	"blockNumber" : 2935,
	"group" : "group0",
	"nodeName" : "98a7f70ec883a722219d92253cf073a72605f4087aa3443c8e4aadc0af2dc3ac647d0fa1b5ac99cd6987abafe6d690ae71cd5fd2aeeabe7589bfb4748aabdfba"
}
info|2023-07-09 17:27:18.560723|[RPC][BLOCK][NUMBER][fromJson],group=group0,node=2f993327933ad58672518b6d4f63920cbc68b80f78f4d81192552ee6362f5cc81ee13bdc678ad65f06e76444cadb53b33694cfb3fc7679b8000411975fedd28a,blockNumber=2935
info|2023-07-09 17:27:18.560748|[RPCWS][SERVICE][onRecvBlockNotifier]receive block number notifier,group=group0,node=2f993327933ad58672518b6d4f63920cbc68b80f78f4d81192552ee6362f5cc81ee13bdc678ad65f06e76444cadb53b33694cfb3fc7679b8000411975fedd28a,blockNumber=2935
info|2023-07-09 17:27:18.560755|[WS]receive block notify,endpoint=127.0.0.1:20201,blk={
	"blockNumber" : 2935,
	"group" : "group0",
	"nodeName" : "2f993327933ad58672518b6d4f63920cbc68b80f78f4d81192552ee6362f5cc81ee13bdc678ad65f06e76444cadb53b33694cfb3fc7679b8000411975fedd28a"
}
info|2023-07-09 17:27:19.056254|[RPC][BLOCK][NUMBER][fromJson],group=group0,node=98a7f70ec883a722219d92253cf073a72605f4087aa3443c8e4aadc0af2dc3ac647d0fa1b5ac99cd6987abafe6d690ae71cd5fd2aeeabe7589bfb4748aabdfba,blockNumber=2936
info|2023-07-09 17:27:19.056276|[RPCWS][SERVICE][onRecvBlockNotifier]receive block number notifier,group=group0,node=98a7f70ec883a722219d92253cf073a72605f4087aa3443c8e4aadc0af2dc3ac647d0fa1b5ac99cd6987abafe6d690ae71cd5fd2aeeabe7589bfb4748aabdfba,blockNumber=2936
info|2023-07-09 17:27:19.056282|[RPCWS][SERVICE][updateGroupBlockNumber],groupID=group0,_blockNumber=2936
info|2023-07-09 17:27:19.056287|[RPCWS][SERVICE][onRecvBlockNotifier]block notifier callback,group=group0,node=98a7f70ec883a722219d92253cf073a72605f4087aa3443c8e4aadc0af2dc3ac647d0fa1b5ac99cd6987abafe6d690ae71cd5fd2aeeabe7589bfb4748aabdfba,blockNumber=2936
info|2023-07-09 17:27:19.056291|[WS]receive block notify,endpoint=127.0.0.1:20200,blk={
	"blockNumber" : 2936,
	"group" : "group0",
	"nodeName" : "98a7f70ec883a722219d92253cf073a72605f4087aa3443c8e4aadc0af2dc3ac647d0fa1b5ac99cd6987abafe6d690ae71cd5fd2aeeabe7589bfb4748aabdfba"
}
info|2023-07-09 17:27:19.067875|[RPC][BLOCK][NUMBER][fromJson],group=group0,node=2f993327933ad58672518b6d4f63920cbc68b80f78f4d81192552ee6362f5cc81ee13bdc678ad65f06e76444cadb53b33694cfb3fc7679b8000411975fedd28a,blockNumber=2936
info|2023-07-09 17:27:19.067911|[RPCWS][SERVICE][onRecvBlockNotifier]receive block number notifier,group=group0,node=2f993327933ad58672518b6d4f63920cbc68b80f78f4d81192552ee6362f5cc81ee13bdc678ad65f06e76444cadb53b33694cfb3fc7679b8000411975fedd28a,blockNumber=2936
info|2023-07-09 17:27:19.067919|[WS]receive block notify,endpoint=127.0.0.1:20201,blk={
	"blockNumber" : 2936,
	"group" : "group0",
	"nodeName" : "2f993327933ad58672518b6d4f63920cbc68b80f78f4d81192552ee6362f5cc81ee13bdc678ad65f06e76444cadb53b33694cfb3fc7679b8000411975fedd28a"
}
info|2023-07-09 17:27:19.566638|[RPC][BLOCK][NUMBER][fromJson],group=group0,node=98a7f70ec883a722219d92253cf073a72605f4087aa3443c8e4aadc0af2dc3ac647d0fa1b5ac99cd6987abafe6d690ae71cd5fd2aeeabe7589bfb4748aabdfba,blockNumber=2937
info|2023-07-09 17:27:19.566692|[RPCWS][SERVICE][onRecvBlockNotifier]receive block number notifier,group=group0,node=98a7f70ec883a722219d92253cf073a72605f4087aa3443c8e4aadc0af2dc3ac647d0fa1b5ac99cd6987abafe6d690ae71cd5fd2aeeabe7589bfb4748aabdfba,blockNumber=2937
info|2023-07-09 17:27:19.566700|[RPCWS][SERVICE][updateGroupBlockNumber],groupID=group0,_blockNumber=2937
info|2023-07-09 17:27:19.566706|[RPCWS][SERVICE][onRecvBlockNotifier]block notifier callback,group=group0,node=98a7f70ec883a722219d92253cf073a72605f4087aa3443c8e4aadc0af2dc3ac647d0fa1b5ac99cd6987abafe6d690ae71cd5fd2aeeabe7589bfb4748aabdfba,blockNumber=2937
info|2023-07-09 17:27:19.566711|[WS]receive block notify,endpoint=127.0.0.1:20200,blk={
	"blockNumber" : 2937,
	"group" : "group0",
	"nodeName" : "98a7f70ec883a722219d92253cf073a72605f4087aa3443c8e4aadc0af2dc3ac647d0fa1b5ac99cd6987abafe6d690ae71cd5fd2aeeabe7589bfb4748aabdfba"
}
info|2023-07-09 17:27:19.587670|[RPC][BLOCK][NUMBER][fromJson],group=group0,node=2f993327933ad58672518b6d4f63920cbc68b80f78f4d81192552ee6362f5cc81ee13bdc678ad65f06e76444cadb53b33694cfb3fc7679b8000411975fedd28a,blockNumber=2937
info|2023-07-09 17:27:19.587695|[RPCWS][SERVICE][onRecvBlockNotifier]receive block number notifier,group=group0,node=2f993327933ad58672518b6d4f63920cbc68b80f78f4d81192552ee6362f5cc81ee13bdc678ad65f06e76444cadb53b33694cfb3fc7679b8000411975fedd28a,blockNumber=2937
info|2023-07-09 17:27:19.587702|[WS]receive block notify,endpoint=127.0.0.1:20201,blk={
	"blockNumber" : 2937,
	"group" : "group0",
	"nodeName" : "2f993327933ad58672518b6d4f63920cbc68b80f78f4d81192552ee6362f5cc81ee13bdc678ad65f06e76444cadb53b33694cfb3fc7679b8000411975fedd28a"
}
info|2023-07-09 17:27:20.145521|[RPC][BLOCK][NUMBER][fromJson],group=group0,node=98a7f70ec883a722219d92253cf073a72605f4087aa3443c8e4aadc0af2dc3ac647d0fa1b5ac99cd6987abafe6d690ae71cd5fd2aeeabe7589bfb4748aabdfba,blockNumber=2938
info|2023-07-09 17:27:20.145550|[RPCWS][SERVICE][onRecvBlockNotifier]receive block number notifier,group=group0,node=98a7f70ec883a722219d92253cf073a72605f4087aa3443c8e4aadc0af2dc3ac647d0fa1b5ac99cd6987abafe6d690ae71cd5fd2aeeabe7589bfb4748aabdfba,blockNumber=2938
info|2023-07-09 17:27:20.145557|[RPCWS][SERVICE][updateGroupBlockNumber],groupID=group0,_blockNumber=2938
info|2023-07-09 17:27:20.145563|[RPCWS][SERVICE][onRecvBlockNotifier]block notifier callback,group=group0,node=98a7f70ec883a722219d92253cf073a72605f4087aa3443c8e4aadc0af2dc3ac647d0fa1b5ac99cd6987abafe6d690ae71cd5fd2aeeabe7589bfb4748aabdfba,blockNumber=2938
info|2023-07-09 17:27:20.145568|[WS]receive block notify,endpoint=127.0.0.1:20200,blk={
	"blockNumber" : 2938,
	"group" : "group0",
	"nodeName" : "98a7f70ec883a722219d92253cf073a72605f4087aa3443c8e4aadc0af2dc3ac647d0fa1b5ac99cd6987abafe6d690ae71cd5fd2aeeabe7589bfb4748aabdfba"
}
info|2023-07-09 17:27:20.193749|[RPC][BLOCK][NUMBER][fromJson],group=group0,node=2f993327933ad58672518b6d4f63920cbc68b80f78f4d81192552ee6362f5cc81ee13bdc678ad65f06e76444cadb53b33694cfb3fc7679b8000411975fedd28a,blockNumber=2938
info|2023-07-09 17:27:20.193770|[RPCWS][SERVICE][onRecvBlockNotifier]receive block number notifier,group=group0,node=2f993327933ad58672518b6d4f63920cbc68b80f78f4d81192552ee6362f5cc81ee13bdc678ad65f06e76444cadb53b33694cfb3fc7679b8000411975fedd28a,blockNumber=2938
info|2023-07-09 17:27:20.193777|[WS]receive block notify,endpoint=127.0.0.1:20201,blk={
	"blockNumber" : 2938,
	"group" : "group0",
	"nodeName" : "2f993327933ad58672518b6d4f63920cbc68b80f78f4d81192552ee6362f5cc81ee13bdc678ad65f06e76444cadb53b33694cfb3fc7679b8000411975fedd28a"
}
info|2023-07-09 17:27:20.697511|[RPC][BLOCK][NUMBER][fromJson],group=group0,node=98a7f70ec883a722219d92253cf073a72605f4087aa3443c8e4aadc0af2dc3ac647d0fa1b5ac99cd6987abafe6d690ae71cd5fd2aeeabe7589bfb4748aabdfba,blockNumber=2939
info|2023-07-09 17:27:20.697545|[RPCWS][SERVICE][onRecvBlockNotifier]receive block number notifier,group=group0,node=98a7f70ec883a722219d92253cf073a72605f4087aa3443c8e4aadc0af2dc3ac647d0fa1b5ac99cd6987abafe6d690ae71cd5fd2aeeabe7589bfb4748aabdfba,blockNumber=2939
info|2023-07-09 17:27:20.697553|[RPCWS][SERVICE][updateGroupBlockNumber],groupID=group0,_blockNumber=2939
info|2023-07-09 17:27:20.697560|[RPCWS][SERVICE][onRecvBlockNotifier]block notifier callback,group=group0,node=98a7f70ec883a722219d92253cf073a72605f4087aa3443c8e4aadc0af2dc3ac647d0fa1b5ac99cd6987abafe6d690ae71cd5fd2aeeabe7589bfb4748aabdfba,blockNumber=2939
info|2023-07-09 17:27:20.697565|[WS]receive block notify,endpoint=127.0.0.1:20200,blk={
	"blockNumber" : 2939,
	"group" : "group0",
	"nodeName" : "98a7f70ec883a722219d92253cf073a72605f4087aa3443c8e4aadc0af2dc3ac647d0fa1b5ac99cd6987abafe6d690ae71cd5fd2aeeabe7589bfb4748aabdfba"
}
info|2023-07-09 17:27:20.719957|[RPC][BLOCK][NUMBER][fromJson],group=group0,node=2f993327933ad58672518b6d4f63920cbc68b80f78f4d81192552ee6362f5cc81ee13bdc678ad65f06e76444cadb53b33694cfb3fc7679b8000411975fedd28a,blockNumber=2939
info|2023-07-09 17:27:20.719981|[RPCWS][SERVICE][onRecvBlockNotifier]receive block number notifier,group=group0,node=2f993327933ad58672518b6d4f63920cbc68b80f78f4d81192552ee6362f5cc81ee13bdc678ad65f06e76444cadb53b33694cfb3fc7679b8000411975fedd28a,blockNumber=2939
info|2023-07-09 17:27:20.719990|[WS]receive block notify,endpoint=127.0.0.1:20201,blk={
	"blockNumber" : 2939,
	"group" : "group0",
	"nodeName" : "2f993327933ad58672518b6d4f63920cbc68b80f78f4d81192552ee6362f5cc81ee13bdc678ad65f06e76444cadb53b33694cfb3fc7679b8000411975fedd28a"
}
info|2023-07-09 17:27:21.278974|[RPC][BLOCK][NUMBER][fromJson],group=group0,node=2f993327933ad58672518b6d4f63920cbc68b80f78f4d81192552ee6362f5cc81ee13bdc678ad65f06e76444cadb53b33694cfb3fc7679b8000411975fedd28a,blockNumber=2940
info|2023-07-09 17:27:21.279550|[RPCWS][SERVICE][onRecvBlockNotifier]receive block number notifier,group=group0,node=2f993327933ad58672518b6d4f63920cbc68b80f78f4d81192552ee6362f5cc81ee13bdc678ad65f06e76444cadb53b33694cfb3fc7679b8000411975fedd28a,blockNumber=2940
info|2023-07-09 17:27:21.279588|[RPCWS][SERVICE][updateGroupBlockNumber],groupID=group0,_blockNumber=2940
info|2023-07-09 17:27:21.279597|[RPCWS][SERVICE][onRecvBlockNotifier]block notifier callback,group=group0,node=2f993327933ad58672518b6d4f63920cbc68b80f78f4d81192552ee6362f5cc81ee13bdc678ad65f06e76444cadb53b33694cfb3fc7679b8000411975fedd28a,blockNumber=2940
info|2023-07-09 17:27:21.279602|[WS]receive block notify,endpoint=127.0.0.1:20201,blk={
	"blockNumber" : 2940,
	"group" : "group0",
	"nodeName" : "2f993327933ad58672518b6d4f63920cbc68b80f78f4d81192552ee6362f5cc81ee13bdc678ad65f06e76444cadb53b33694cfb3fc7679b8000411975fedd28a"
}
info|2023-07-09 17:27:21.297349|[RPC][BLOCK][NUMBER][fromJson],group=group0,node=98a7f70ec883a722219d92253cf073a72605f4087aa3443c8e4aadc0af2dc3ac647d0fa1b5ac99cd6987abafe6d690ae71cd5fd2aeeabe7589bfb4748aabdfba,blockNumber=2940
info|2023-07-09 17:27:21.297377|[RPCWS][SERVICE][onRecvBlockNotifier]receive block number notifier,group=group0,node=98a7f70ec883a722219d92253cf073a72605f4087aa3443c8e4aadc0af2dc3ac647d0fa1b5ac99cd6987abafe6d690ae71cd5fd2aeeabe7589bfb4748aabdfba,blockNumber=2940
info|2023-07-09 17:27:21.297384|[WS]receive block notify,endpoint=127.0.0.1:20200,blk={
	"blockNumber" : 2940,
	"group" : "group0",
	"nodeName" : "98a7f70ec883a722219d92253cf073a72605f4087aa3443c8e4aadc0af2dc3ac647d0fa1b5ac99cd6987abafe6d690ae71cd5fd2aeeabe7589bfb4748aabdfba"
}
info|2023-07-09 17:27:21.838274|[RPC][BLOCK][NUMBER][fromJson],group=group0,node=2f993327933ad58672518b6d4f63920cbc68b80f78f4d81192552ee6362f5cc81ee13bdc678ad65f06e76444cadb53b33694cfb3fc7679b8000411975fedd28a,blockNumber=2941
info|2023-07-09 17:27:21.838303|[RPCWS][SERVICE][onRecvBlockNotifier]receive block number notifier,group=group0,node=2f993327933ad58672518b6d4f63920cbc68b80f78f4d81192552ee6362f5cc81ee13bdc678ad65f06e76444cadb53b33694cfb3fc7679b8000411975fedd28a,blockNumber=2941
info|2023-07-09 17:27:21.838311|[RPCWS][SERVICE][updateGroupBlockNumber],groupID=group0,_blockNumber=2941
info|2023-07-09 17:27:21.838318|[RPCWS][SERVICE][onRecvBlockNotifier]block notifier callback,group=group0,node=2f993327933ad58672518b6d4f63920cbc68b80f78f4d81192552ee6362f5cc81ee13bdc678ad65f06e76444cadb53b33694cfb3fc7679b8000411975fedd28a,blockNumber=2941
info|2023-07-09 17:27:21.838323|[WS]receive block notify,endpoint=127.0.0.1:20201,blk={
	"blockNumber" : 2941,
	"group" : "group0",
	"nodeName" : "2f993327933ad58672518b6d4f63920cbc68b80f78f4d81192552ee6362f5cc81ee13bdc678ad65f06e76444cadb53b33694cfb3fc7679b8000411975fedd28a"
}
info|2023-07-09 17:27:21.845301|[RPC][BLOCK][NUMBER][fromJson],group=group0,node=98a7f70ec883a722219d92253cf073a72605f4087aa3443c8e4aadc0af2dc3ac647d0fa1b5ac99cd6987abafe6d690ae71cd5fd2aeeabe7589bfb4748aabdfba,blockNumber=2941
info|2023-07-09 17:27:21.845327|[RPCWS][SERVICE][onRecvBlockNotifier]receive block number notifier,group=group0,node=98a7f70ec883a722219d92253cf073a72605f4087aa3443c8e4aadc0af2dc3ac647d0fa1b5ac99cd6987abafe6d690ae71cd5fd2aeeabe7589bfb4748aabdfba,blockNumber=2941
info|2023-07-09 17:27:21.845336|[WS]receive block notify,endpoint=127.0.0.1:20200,blk={
	"blockNumber" : 2941,
	"group" : "group0",
	"nodeName" : "98a7f70ec883a722219d92253cf073a72605f4087aa3443c8e4aadc0af2dc3ac647d0fa1b5ac99cd6987abafe6d690ae71cd5fd2aeeabe7589bfb4748aabdfba"
}
info|2023-07-09 17:27:22.425479|[RPC][BLOCK][NUMBER][fromJson],group=group0,node=98a7f70ec883a722219d92253cf073a72605f4087aa3443c8e4aadc0af2dc3ac647d0fa1b5ac99cd6987abafe6d690ae71cd5fd2aeeabe7589bfb4748aabdfba,blockNumber=2942
info|2023-07-09 17:27:22.425503|[RPCWS][SERVICE][onRecvBlockNotifier]receive block number notifier,group=group0,node=98a7f70ec883a722219d92253cf073a72605f4087aa3443c8e4aadc0af2dc3ac647d0fa1b5ac99cd6987abafe6d690ae71cd5fd2aeeabe7589bfb4748aabdfba,blockNumber=2942
info|2023-07-09 17:27:22.425508|[RPCWS][SERVICE][updateGroupBlockNumber],groupID=group0,_blockNumber=2942
info|2023-07-09 17:27:22.425513|[RPCWS][SERVICE][onRecvBlockNotifier]block notifier callback,group=group0,node=98a7f70ec883a722219d92253cf073a72605f4087aa3443c8e4aadc0af2dc3ac647d0fa1b5ac99cd6987abafe6d690ae71cd5fd2aeeabe7589bfb4748aabdfba,blockNumber=2942
info|2023-07-09 17:27:22.425517|[WS]receive block notify,endpoint=127.0.0.1:20200,blk={
	"blockNumber" : 2942,
	"group" : "group0",
	"nodeName" : "98a7f70ec883a722219d92253cf073a72605f4087aa3443c8e4aadc0af2dc3ac647d0fa1b5ac99cd6987abafe6d690ae71cd5fd2aeeabe7589bfb4748aabdfba"
}
info|2023-07-09 17:27:22.483184|[RPC][BLOCK][NUMBER][fromJson],group=group0,node=2f993327933ad58672518b6d4f63920cbc68b80f78f4d81192552ee6362f5cc81ee13bdc678ad65f06e76444cadb53b33694cfb3fc7679b8000411975fedd28a,blockNumber=2942
info|2023-07-09 17:27:22.483247|[RPCWS][SERVICE][onRecvBlockNotifier]receive block number notifier,group=group0,node=2f993327933ad58672518b6d4f63920cbc68b80f78f4d81192552ee6362f5cc81ee13bdc678ad65f06e76444cadb53b33694cfb3fc7679b8000411975fedd28a,blockNumber=2942
info|2023-07-09 17:27:22.483261|[WS]receive block notify,endpoint=127.0.0.1:20201,blk={
	"blockNumber" : 2942,
	"group" : "group0",
	"nodeName" : "2f993327933ad58672518b6d4f63920cbc68b80f78f4d81192552ee6362f5cc81ee13bdc678ad65f06e76444cadb53b33694cfb3fc7679b8000411975fedd28a"
}
info|2023-07-09 17:27:37.202389|[EVENT][SUB][doLoop]event sub tasks report,working event sub count=0,suspend event sub count=0
info|2023-07-09 17:27:38.285015|[SDK][WS][SERVICE]connected nodes,count=2
info|2023-07-09 17:27:57.202868|[EVENT][SUB][doLoop]event sub tasks report,working event sub count=0,suspend event sub count=0
info|2023-07-09 17:27:58.285266|[SDK][WS][SERVICE]connected nodes,count=2
info|2023-07-09 17:28:17.203195|[EVENT][SUB][doLoop]event sub tasks report,working event sub count=0,suspend event sub count=0
info|2023-07-09 17:28:18.286006|[SDK][WS][SERVICE]connected nodes,count=2
info|2023-07-09 17:28:37.203626|[EVENT][SUB][doLoop]event sub tasks report,working event sub count=0,suspend event sub count=0
info|2023-07-09 17:28:38.286398|[SDK][WS][SERVICE]connected nodes,count=2
info|2023-07-09 17:28:57.204168|[EVENT][SUB][doLoop]event sub tasks report,working event sub count=0,suspend event sub count=0
info|2023-07-09 17:28:58.287006|[SDK][WS][SERVICE]connected nodes,count=2
info|2023-07-09 17:29:17.204538|[EVENT][SUB][doLoop]event sub tasks report,working event sub count=0,suspend event sub count=0
info|2023-07-09 17:29:18.287312|[SDK][WS][SERVICE]connected nodes,count=2
info|2023-07-09 17:29:37.204693|[EVENT][SUB][doLoop]event sub tasks report,working event sub count=0,suspend event sub count=0
info|2023-07-09 17:29:38.287753|[SDK][WS][SERVICE]connected nodes,count=2
info|2023-07-09 17:29:57.205327|[EVENT][SUB][doLoop]event sub tasks report,working event sub count=0,suspend event sub count=0
info|2023-07-09 17:29:58.288172|[SDK][WS][SERVICE]connected nodes,count=2
info|2023-07-09 17:30:17.205474|[EVENT][SUB][doLoop]event sub tasks report,working event sub count=0,suspend event sub count=0
info|2023-07-09 17:30:18.288539|[SDK][WS][SERVICE]connected nodes,count=2
info|2023-07-09 17:30:37.205846|[EVENT][SUB][doLoop]event sub tasks report,working event sub count=0,suspend event sub count=0
info|2023-07-09 17:30:38.288727|[SDK][WS][SERVICE]connected nodes,count=2
info|2023-07-09 17:30:57.206106|[EVENT][SUB][doLoop]event sub tasks report,working event sub count=0,suspend event sub count=0
info|2023-07-09 17:30:58.289127|[SDK][WS][SERVICE]connected nodes,count=2
info|2023-07-09 17:31:17.206583|[EVENT][SUB][doLoop]event sub tasks report,working event sub count=0,suspend event sub count=0
info|2023-07-09 17:31:18.289289|[SDK][WS][SERVICE]connected nodes,count=2
info|2023-07-09 17:31:37.206656|[EVENT][SUB][doLoop]event sub tasks report,working event sub count=0,suspend event sub count=0
info|2023-07-09 17:31:38.289882|[SDK][WS][SERVICE]connected nodes,count=2
info|2023-07-09 17:31:57.206706|[EVENT][SUB][doLoop]event sub tasks report,working event sub count=0,suspend event sub count=0
info|2023-07-09 17:31:58.290226|[SDK][WS][SERVICE]connected nodes,count=2
info|2023-07-09 17:32:17.207020|[EVENT][SUB][doLoop]event sub tasks report,working event sub count=0,suspend event sub count=0
info|2023-07-09 17:32:18.290536|[SDK][WS][SERVICE]connected nodes,count=2
info|2023-07-09 17:32:37.207507|[EVENT][SUB][doLoop]event sub tasks report,working event sub count=0,suspend event sub count=0
info|2023-07-09 17:32:38.291188|[SDK][WS][SERVICE]connected nodes,count=2
info|2023-07-09 17:32:57.208001|[EVENT][SUB][doLoop]event sub tasks report,working event sub count=0,suspend event sub count=0
info|2023-07-09 17:32:58.291600|[SDK][WS][SERVICE]connected nodes,count=2
info|2023-07-09 17:33:17.208507|[EVENT][SUB][doLoop]event sub tasks report,working event sub count=0,suspend event sub count=0
info|2023-07-09 17:33:18.291798|[SDK][WS][SERVICE]connected nodes,count=2
info|2023-07-09 17:33:37.208906|[EVENT][SUB][doLoop]event sub tasks report,working event sub count=0,suspend event sub count=0
info|2023-07-09 17:33:38.292030|[SDK][WS][SERVICE]connected nodes,count=2
info|2023-07-09 17:33:57.209056|[EVENT][SUB][doLoop]event sub tasks report,working event sub count=0,suspend event sub count=0
info|2023-07-09 17:33:58.292689|[SDK][WS][SERVICE]connected nodes,count=2
info|2023-07-09 17:34:17.209577|[EVENT][SUB][doLoop]event sub tasks report,working event sub count=0,suspend event sub count=0
info|2023-07-09 17:34:18.293153|[SDK][WS][SERVICE]connected nodes,count=2
info|2023-07-09 17:34:37.209917|[EVENT][SUB][doLoop]event sub tasks report,working event sub count=0,suspend event sub count=0
info|2023-07-09 17:34:38.293762|[SDK][WS][SERVICE]connected nodes,count=2
info|2023-07-09 17:34:57.209980|[EVENT][SUB][doLoop]event sub tasks report,working event sub count=0,suspend event sub count=0
info|2023-07-09 17:34:58.294039|[SDK][WS][SERVICE]connected nodes,count=2
info|2023-07-09 17:35:17.210334|[EVENT][SUB][doLoop]event sub tasks report,working event sub count=0,suspend event sub count=0
info|2023-07-09 17:35:18.294208|[SDK][WS][SERVICE]connected nodes,count=2
info|2023-07-09 17:35:37.210575|[EVENT][SUB][doLoop]event sub tasks report,working event sub count=0,suspend event sub count=0
info|2023-07-09 17:35:38.294501|[SDK][WS][SERVICE]connected nodes,count=2
info|2023-07-09 17:35:57.210716|[EVENT][SUB][doLoop]event sub tasks report,working event sub count=0,suspend event sub count=0
info|2023-07-09 17:35:58.294943|[SDK][WS][SERVICE]connected nodes,count=2
info|2023-07-09 17:36:17.211110|[EVENT][SUB][doLoop]event sub tasks report,working event sub count=0,suspend event sub count=0
info|2023-07-09 17:36:18.295666|[SDK][WS][SERVICE]connected nodes,count=2
info|2023-07-09 17:36:37.211195|[EVENT][SUB][doLoop]event sub tasks report,working event sub count=0,suspend event sub count=0
info|2023-07-09 17:36:38.296012|[SDK][WS][SERVICE]connected nodes,count=2
info|2023-07-09 17:36:57.211728|[EVENT][SUB][doLoop]event sub tasks report,working event sub count=0,suspend event sub count=0
info|2023-07-09 17:36:58.296178|[SDK][WS][SERVICE]connected nodes,count=2
info|2023-07-09 17:37:17.211834|[EVENT][SUB][doLoop]event sub tasks report,working event sub count=0,suspend event sub count=0
info|2023-07-09 17:37:18.297080|[SDK][WS][SERVICE]connected nodes,count=2
info|2023-07-09 17:37:37.212016|[EVENT][SUB][doLoop]event sub tasks report,working event sub count=0,suspend event sub count=0
info|2023-07-09 17:37:38.297356|[SDK][WS][SERVICE]connected nodes,count=2
info|2023-07-09 17:37:57.212420|[EVENT][SUB][doLoop]event sub tasks report,working event sub count=0,suspend event sub count=0
info|2023-07-09 17:37:58.298006|[SDK][WS][SERVICE]connected nodes,count=2
info|2023-07-09 17:38:17.212562|[EVENT][SUB][doLoop]event sub tasks report,working event sub count=0,suspend event sub count=0
info|2023-07-09 17:38:18.298266|[SDK][WS][SERVICE]connected nodes,count=2
info|2023-07-09 17:38:37.213781|[EVENT][SUB][doLoop]event sub tasks report,working event sub count=0,suspend event sub count=0
info|2023-07-09 17:38:38.298925|[SDK][WS][SERVICE]connected nodes,count=2
info|2023-07-09 17:38:57.213981|[EVENT][SUB][doLoop]event sub tasks report,working event sub count=0,suspend event sub count=0
info|2023-07-09 17:38:58.299198|[SDK][WS][SERVICE]connected nodes,count=2
info|2023-07-09 17:39:17.214309|[EVENT][SUB][doLoop]event sub tasks report,working event sub count=0,suspend event sub count=0
info|2023-07-09 17:39:18.300064|[SDK][WS][SERVICE]connected nodes,count=2
info|2023-07-09 17:39:37.214365|[EVENT][SUB][doLoop]event sub tasks report,working event sub count=0,suspend event sub count=0
info|2023-07-09 17:39:38.300437|[SDK][WS][SERVICE]connected nodes,count=2
info|2023-07-09 17:39:57.214787|[EVENT][SUB][doLoop]event sub tasks report,working event sub count=0,suspend event sub count=0
info|2023-07-09 17:39:58.300630|[SDK][WS][SERVICE]connected nodes,count=2
info|2023-07-09 17:40:17.215218|[EVENT][SUB][doLoop]event sub tasks report,working event sub count=0,suspend event sub count=0
info|2023-07-09 17:40:18.301048|[SDK][WS][SERVICE]connected nodes,count=2
info|2023-07-09 17:40:37.215560|[EVENT][SUB][doLoop]event sub tasks report,working event sub count=0,suspend event sub count=0
info|2023-07-09 17:40:38.301164|[SDK][WS][SERVICE]connected nodes,count=2
info|2023-07-09 17:40:57.215869|[EVENT][SUB][doLoop]event sub tasks report,working event sub count=0,suspend event sub count=0
info|2023-07-09 17:40:58.301512|[SDK][WS][SERVICE]connected nodes,count=2
info|2023-07-09 17:41:17.216317|[EVENT][SUB][doLoop]event sub tasks report,working event sub count=0,suspend event sub count=0
info|2023-07-09 17:41:18.302263|[SDK][WS][SERVICE]connected nodes,count=2
info|2023-07-09 17:41:37.216636|[EVENT][SUB][doLoop]event sub tasks report,working event sub count=0,suspend event sub count=0
info|2023-07-09 17:41:38.302599|[SDK][WS][SERVICE]connected nodes,count=2
info|2023-07-09 17:41:57.217045|[EVENT][SUB][doLoop]event sub tasks report,working event sub count=0,suspend event sub count=0
info|2023-07-09 17:41:58.302981|[SDK][WS][SERVICE]connected nodes,count=2
info|2023-07-09 17:42:17.217285|[EVENT][SUB][doLoop]event sub tasks report,working event sub count=0,suspend event sub count=0
info|2023-07-09 17:42:18.303626|[SDK][WS][SERVICE]connected nodes,count=2
info|2023-07-09 17:42:37.217807|[EVENT][SUB][doLoop]event sub tasks report,working event sub count=0,suspend event sub count=0
info|2023-07-09 17:42:38.304124|[SDK][WS][SERVICE]connected nodes,count=2
info|2023-07-09 17:42:57.218033|[EVENT][SUB][doLoop]event sub tasks report,working event sub count=0,suspend event sub count=0
info|2023-07-09 17:42:58.304324|[SDK][WS][SERVICE]connected nodes,count=2
info|2023-07-09 17:43:17.218268|[EVENT][SUB][doLoop]event sub tasks report,working event sub count=0,suspend event sub count=0
info|2023-07-09 17:43:18.304493|[SDK][WS][SERVICE]connected nodes,count=2
info|2023-07-09 17:43:37.218574|[EVENT][SUB][doLoop]event sub tasks report,working event sub count=0,suspend event sub count=0
info|2023-07-09 17:43:38.305356|[SDK][WS][SERVICE]connected nodes,count=2
info|2023-07-09 17:43:57.218824|[EVENT][SUB][doLoop]event sub tasks report,working event sub count=0,suspend event sub count=0
info|2023-07-09 17:43:58.305990|[SDK][WS][SERVICE]connected nodes,count=2
info|2023-07-09 17:44:17.218944|[EVENT][SUB][doLoop]event sub tasks report,working event sub count=0,suspend event sub count=0
info|2023-07-09 17:44:18.306348|[SDK][WS][SERVICE]connected nodes,count=2
info|2023-07-09 17:44:37.219323|[EVENT][SUB][doLoop]event sub tasks report,working event sub count=0,suspend event sub count=0
info|2023-07-09 17:44:38.306524|[SDK][WS][SERVICE]connected nodes,count=2
info|2023-07-09 17:44:57.219854|[EVENT][SUB][doLoop]event sub tasks report,working event sub count=0,suspend event sub count=0
info|2023-07-09 17:44:58.307303|[SDK][WS][SERVICE]connected nodes,count=2
info|2023-07-09 17:45:17.220053|[EVENT][SUB][doLoop]event sub tasks report,working event sub count=0,suspend event sub count=0
info|2023-07-09 17:45:18.307934|[SDK][WS][SERVICE]connected nodes,count=2
info|2023-07-09 17:45:37.220312|[EVENT][SUB][doLoop]event sub tasks report,working event sub count=0,suspend event sub count=0
info|2023-07-09 17:45:38.308198|[SDK][WS][SERVICE]connected nodes,count=2
info|2023-07-09 17:45:57.221037|[EVENT][SUB][doLoop]event sub tasks report,working event sub count=0,suspend event sub count=0
info|2023-07-09 17:45:58.308547|[SDK][WS][SERVICE]connected nodes,count=2
info|2023-07-09 17:46:17.221264|[EVENT][SUB][doLoop]event sub tasks report,working event sub count=0,suspend event sub count=0
info|2023-07-09 17:46:18.308688|[SDK][WS][SERVICE]connected nodes,count=2
info|2023-07-09 17:46:37.221654|[EVENT][SUB][doLoop]event sub tasks report,working event sub count=0,suspend event sub count=0
info|2023-07-09 17:46:38.309177|[SDK][WS][SERVICE]connected nodes,count=2
info|2023-07-09 17:46:57.221877|[EVENT][SUB][doLoop]event sub tasks report,working event sub count=0,suspend event sub count=0
info|2023-07-09 17:46:58.309614|[SDK][WS][SERVICE]connected nodes,count=2
info|2023-07-09 17:47:17.222007|[EVENT][SUB][doLoop]event sub tasks report,working event sub count=0,suspend event sub count=0
info|2023-07-09 17:47:18.309918|[SDK][WS][SERVICE]connected nodes,count=2
info|2023-07-09 17:47:37.223098|[EVENT][SUB][doLoop]event sub tasks report,working event sub count=0,suspend event sub count=0
info|2023-07-09 17:47:38.310551|[SDK][WS][SERVICE]connected nodes,count=2
info|2023-07-09 17:47:57.223217|[EVENT][SUB][doLoop]event sub tasks report,working event sub count=0,suspend event sub count=0
info|2023-07-09 17:47:58.310960|[SDK][WS][SERVICE]connected nodes,count=2
info|2023-07-09 17:48:17.223416|[EVENT][SUB][doLoop]event sub tasks report,working event sub count=0,suspend event sub count=0
info|2023-07-09 17:48:18.311423|[SDK][WS][SERVICE]connected nodes,count=2
info|2023-07-09 17:48:37.223812|[EVENT][SUB][doLoop]event sub tasks report,working event sub count=0,suspend event sub count=0
info|2023-07-09 17:48:38.311833|[SDK][WS][SERVICE]connected nodes,count=2
info|2023-07-09 17:48:57.224152|[EVENT][SUB][doLoop]event sub tasks report,working event sub count=0,suspend event sub count=0
info|2023-07-09 17:48:58.312148|[SDK][WS][SERVICE]connected nodes,count=2
info|2023-07-09 17:49:17.224925|[EVENT][SUB][doLoop]event sub tasks report,working event sub count=0,suspend event sub count=0
info|2023-07-09 17:49:18.312621|[SDK][WS][SERVICE]connected nodes,count=2
info|2023-07-09 17:49:37.225085|[EVENT][SUB][doLoop]event sub tasks report,working event sub count=0,suspend event sub count=0
info|2023-07-09 17:49:38.313446|[SDK][WS][SERVICE]connected nodes,count=2
info|2023-07-09 17:49:57.225426|[EVENT][SUB][doLoop]event sub tasks report,working event sub count=0,suspend event sub count=0
info|2023-07-09 17:49:58.314088|[SDK][WS][SERVICE]connected nodes,count=2
info|2023-07-09 17:50:17.225574|[EVENT][SUB][doLoop]event sub tasks report,working event sub count=0,suspend event sub count=0
info|2023-07-09 17:50:18.314353|[SDK][WS][SERVICE]connected nodes,count=2
info|2023-07-09 17:50:37.225633|[EVENT][SUB][doLoop]event sub tasks report,working event sub count=0,suspend event sub count=0
info|2023-07-09 17:50:38.314483|[SDK][WS][SERVICE]connected nodes,count=2
info|2023-07-09 17:50:57.226026|[EVENT][SUB][doLoop]event sub tasks report,working event sub count=0,suspend event sub count=0
info|2023-07-09 17:50:58.314968|[SDK][WS][SERVICE]connected nodes,count=2
info|2023-07-09 17:51:17.226224|[EVENT][SUB][doLoop]event sub tasks report,working event sub count=0,suspend event sub count=0
info|2023-07-09 17:51:18.315374|[SDK][WS][SERVICE]connected nodes,count=2
info|2023-07-09 17:51:37.226537|[EVENT][SUB][doLoop]event sub tasks report,working event sub count=0,suspend event sub count=0
info|2023-07-09 17:51:38.315808|[SDK][WS][SERVICE]connected nodes,count=2
info|2023-07-09 17:51:57.227181|[EVENT][SUB][doLoop]event sub tasks report,working event sub count=0,suspend event sub count=0
info|2023-07-09 17:51:58.316253|[SDK][WS][SERVICE]connected nodes,count=2
info|2023-07-09 17:52:17.227555|[EVENT][SUB][doLoop]event sub tasks report,working event sub count=0,suspend event sub count=0
info|2023-07-09 17:52:18.316703|[SDK][WS][SERVICE]connected nodes,count=2
info|2023-07-09 17:52:37.227828|[EVENT][SUB][doLoop]event sub tasks report,working event sub count=0,suspend event sub count=0
info|2023-07-09 17:52:38.317028|[SDK][WS][SERVICE]connected nodes,count=2
info|2023-07-09 17:52:57.227888|[EVENT][SUB][doLoop]event sub tasks report,working event sub count=0,suspend event sub count=0
info|2023-07-09 17:52:58.317639|[SDK][WS][SERVICE]connected nodes,count=2
info|2023-07-09 17:53:17.228332|[EVENT][SUB][doLoop]event sub tasks report,working event sub count=0,suspend event sub count=0
info|2023-07-09 17:53:18.318135|[SDK][WS][SERVICE]connected nodes,count=2
info|2023-07-09 17:53:37.228760|[EVENT][SUB][doLoop]event sub tasks report,working event sub count=0,suspend event sub count=0
info|2023-07-09 17:53:38.318332|[SDK][WS][SERVICE]connected nodes,count=2
info|2023-07-09 17:53:57.229160|[EVENT][SUB][doLoop]event sub tasks report,working event sub count=0,suspend event sub count=0
info|2023-07-09 17:53:58.318911|[SDK][WS][SERVICE]connected nodes,count=2
info|2023-07-09 17:54:17.229578|[EVENT][SUB][doLoop]event sub tasks report,working event sub count=0,suspend event sub count=0
info|2023-07-09 17:54:18.319247|[SDK][WS][SERVICE]connected nodes,count=2
info|2023-07-09 17:54:37.229652|[EVENT][SUB][doLoop]event sub tasks report,working event sub count=0,suspend event sub count=0
info|2023-07-09 17:54:38.319918|[SDK][WS][SERVICE]connected nodes,count=2
info|2023-07-09 17:54:57.230249|[EVENT][SUB][doLoop]event sub tasks report,working event sub count=0,suspend event sub count=0
info|2023-07-09 17:54:58.320607|[SDK][WS][SERVICE]connected nodes,count=2
info|2023-07-09 17:55:17.230991|[EVENT][SUB][doLoop]event sub tasks report,working event sub count=0,suspend event sub count=0
info|2023-07-09 17:55:18.321015|[SDK][WS][SERVICE]connected nodes,count=2
info|2023-07-09 17:55:37.231451|[EVENT][SUB][doLoop]event sub tasks report,working event sub count=0,suspend event sub count=0
info|2023-07-09 17:55:38.321580|[SDK][WS][SERVICE]connected nodes,count=2
info|2023-07-09 17:55:57.232063|[EVENT][SUB][doLoop]event sub tasks report,working event sub count=0,suspend event sub count=0
info|2023-07-09 17:55:58.321904|[SDK][WS][SERVICE]connected nodes,count=2
info|2023-07-09 17:56:17.232560|[EVENT][SUB][doLoop]event sub tasks report,working event sub count=0,suspend event sub count=0
info|2023-07-09 17:56:18.322282|[SDK][WS][SERVICE]connected nodes,count=2
info|2023-07-09 17:56:37.233258|[EVENT][SUB][doLoop]event sub tasks report,working event sub count=0,suspend event sub count=0
info|2023-07-09 17:56:38.322503|[SDK][WS][SERVICE]connected nodes,count=2
info|2023-07-09 17:56:57.233515|[EVENT][SUB][doLoop]event sub tasks report,working event sub count=0,suspend event sub count=0
info|2023-07-09 17:56:58.322919|[SDK][WS][SERVICE]connected nodes,count=2
info|2023-07-09 17:57:13.849611|[RPC][BLOCK][NUMBER][fromJson],group=group0,node=98a7f70ec883a722219d92253cf073a72605f4087aa3443c8e4aadc0af2dc3ac647d0fa1b5ac99cd6987abafe6d690ae71cd5fd2aeeabe7589bfb4748aabdfba,blockNumber=2943
info|2023-07-09 17:57:13.849633|[RPCWS][SERVICE][onRecvBlockNotifier]receive block number notifier,group=group0,node=98a7f70ec883a722219d92253cf073a72605f4087aa3443c8e4aadc0af2dc3ac647d0fa1b5ac99cd6987abafe6d690ae71cd5fd2aeeabe7589bfb4748aabdfba,blockNumber=2943
info|2023-07-09 17:57:13.849638|[RPCWS][SERVICE][updateGroupBlockNumber],groupID=group0,_blockNumber=2943
info|2023-07-09 17:57:13.849646|[RPCWS][SERVICE][onRecvBlockNotifier]block notifier callback,group=group0,node=98a7f70ec883a722219d92253cf073a72605f4087aa3443c8e4aadc0af2dc3ac647d0fa1b5ac99cd6987abafe6d690ae71cd5fd2aeeabe7589bfb4748aabdfba,blockNumber=2943
info|2023-07-09 17:57:13.849650|[WS]receive block notify,endpoint=127.0.0.1:20200,blk={
	"blockNumber" : 2943,
	"group" : "group0",
	"nodeName" : "98a7f70ec883a722219d92253cf073a72605f4087aa3443c8e4aadc0af2dc3ac647d0fa1b5ac99cd6987abafe6d690ae71cd5fd2aeeabe7589bfb4748aabdfba"
}
info|2023-07-09 17:57:13.965141|[RPC][BLOCK][NUMBER][fromJson],group=group0,node=2f993327933ad58672518b6d4f63920cbc68b80f78f4d81192552ee6362f5cc81ee13bdc678ad65f06e76444cadb53b33694cfb3fc7679b8000411975fedd28a,blockNumber=2943
info|2023-07-09 17:57:13.965159|[RPCWS][SERVICE][onRecvBlockNotifier]receive block number notifier,group=group0,node=2f993327933ad58672518b6d4f63920cbc68b80f78f4d81192552ee6362f5cc81ee13bdc678ad65f06e76444cadb53b33694cfb3fc7679b8000411975fedd28a,blockNumber=2943
info|2023-07-09 17:57:13.965166|[WS]receive block notify,endpoint=127.0.0.1:20201,blk={
	"blockNumber" : 2943,
	"group" : "group0",
	"nodeName" : "2f993327933ad58672518b6d4f63920cbc68b80f78f4d81192552ee6362f5cc81ee13bdc678ad65f06e76444cadb53b33694cfb3fc7679b8000411975fedd28a"
}
info|2023-07-09 17:57:14.445280|[RPC][BLOCK][NUMBER][fromJson],group=group0,node=98a7f70ec883a722219d92253cf073a72605f4087aa3443c8e4aadc0af2dc3ac647d0fa1b5ac99cd6987abafe6d690ae71cd5fd2aeeabe7589bfb4748aabdfba,blockNumber=2944
info|2023-07-09 17:57:14.445315|[RPCWS][SERVICE][onRecvBlockNotifier]receive block number notifier,group=group0,node=98a7f70ec883a722219d92253cf073a72605f4087aa3443c8e4aadc0af2dc3ac647d0fa1b5ac99cd6987abafe6d690ae71cd5fd2aeeabe7589bfb4748aabdfba,blockNumber=2944
info|2023-07-09 17:57:14.445321|[RPCWS][SERVICE][updateGroupBlockNumber],groupID=group0,_blockNumber=2944
info|2023-07-09 17:57:14.445326|[RPCWS][SERVICE][onRecvBlockNotifier]block notifier callback,group=group0,node=98a7f70ec883a722219d92253cf073a72605f4087aa3443c8e4aadc0af2dc3ac647d0fa1b5ac99cd6987abafe6d690ae71cd5fd2aeeabe7589bfb4748aabdfba,blockNumber=2944
info|2023-07-09 17:57:14.445329|[WS]receive block notify,endpoint=127.0.0.1:20200,blk={
	"blockNumber" : 2944,
	"group" : "group0",
	"nodeName" : "98a7f70ec883a722219d92253cf073a72605f4087aa3443c8e4aadc0af2dc3ac647d0fa1b5ac99cd6987abafe6d690ae71cd5fd2aeeabe7589bfb4748aabdfba"
}
info|2023-07-09 17:57:14.491498|[RPC][BLOCK][NUMBER][fromJson],group=group0,node=2f993327933ad58672518b6d4f63920cbc68b80f78f4d81192552ee6362f5cc81ee13bdc678ad65f06e76444cadb53b33694cfb3fc7679b8000411975fedd28a,blockNumber=2944
info|2023-07-09 17:57:14.491518|[RPCWS][SERVICE][onRecvBlockNotifier]receive block number notifier,group=group0,node=2f993327933ad58672518b6d4f63920cbc68b80f78f4d81192552ee6362f5cc81ee13bdc678ad65f06e76444cadb53b33694cfb3fc7679b8000411975fedd28a,blockNumber=2944
info|2023-07-09 17:57:14.491525|[WS]receive block notify,endpoint=127.0.0.1:20201,blk={
	"blockNumber" : 2944,
	"group" : "group0",
	"nodeName" : "2f993327933ad58672518b6d4f63920cbc68b80f78f4d81192552ee6362f5cc81ee13bdc678ad65f06e76444cadb53b33694cfb3fc7679b8000411975fedd28a"
}
info|2023-07-09 17:57:14.964802|[RPC][BLOCK][NUMBER][fromJson],group=group0,node=98a7f70ec883a722219d92253cf073a72605f4087aa3443c8e4aadc0af2dc3ac647d0fa1b5ac99cd6987abafe6d690ae71cd5fd2aeeabe7589bfb4748aabdfba,blockNumber=2945
info|2023-07-09 17:57:14.964824|[RPCWS][SERVICE][onRecvBlockNotifier]receive block number notifier,group=group0,node=98a7f70ec883a722219d92253cf073a72605f4087aa3443c8e4aadc0af2dc3ac647d0fa1b5ac99cd6987abafe6d690ae71cd5fd2aeeabe7589bfb4748aabdfba,blockNumber=2945
info|2023-07-09 17:57:14.964829|[RPCWS][SERVICE][updateGroupBlockNumber],groupID=group0,_blockNumber=2945
info|2023-07-09 17:57:14.964833|[RPCWS][SERVICE][onRecvBlockNotifier]block notifier callback,group=group0,node=98a7f70ec883a722219d92253cf073a72605f4087aa3443c8e4aadc0af2dc3ac647d0fa1b5ac99cd6987abafe6d690ae71cd5fd2aeeabe7589bfb4748aabdfba,blockNumber=2945
info|2023-07-09 17:57:14.964836|[WS]receive block notify,endpoint=127.0.0.1:20200,blk={
	"blockNumber" : 2945,
	"group" : "group0",
	"nodeName" : "98a7f70ec883a722219d92253cf073a72605f4087aa3443c8e4aadc0af2dc3ac647d0fa1b5ac99cd6987abafe6d690ae71cd5fd2aeeabe7589bfb4748aabdfba"
}
info|2023-07-09 17:57:14.971153|[RPC][BLOCK][NUMBER][fromJson],group=group0,node=2f993327933ad58672518b6d4f63920cbc68b80f78f4d81192552ee6362f5cc81ee13bdc678ad65f06e76444cadb53b33694cfb3fc7679b8000411975fedd28a,blockNumber=2945
info|2023-07-09 17:57:14.971175|[RPCWS][SERVICE][onRecvBlockNotifier]receive block number notifier,group=group0,node=2f993327933ad58672518b6d4f63920cbc68b80f78f4d81192552ee6362f5cc81ee13bdc678ad65f06e76444cadb53b33694cfb3fc7679b8000411975fedd28a,blockNumber=2945
info|2023-07-09 17:57:14.971182|[WS]receive block notify,endpoint=127.0.0.1:20201,blk={
	"blockNumber" : 2945,
	"group" : "group0",
	"nodeName" : "2f993327933ad58672518b6d4f63920cbc68b80f78f4d81192552ee6362f5cc81ee13bdc678ad65f06e76444cadb53b33694cfb3fc7679b8000411975fedd28a"
}
info|2023-07-09 17:57:15.523532|[RPC][BLOCK][NUMBER][fromJson],group=group0,node=98a7f70ec883a722219d92253cf073a72605f4087aa3443c8e4aadc0af2dc3ac647d0fa1b5ac99cd6987abafe6d690ae71cd5fd2aeeabe7589bfb4748aabdfba,blockNumber=2946
info|2023-07-09 17:57:15.523566|[RPCWS][SERVICE][onRecvBlockNotifier]receive block number notifier,group=group0,node=98a7f70ec883a722219d92253cf073a72605f4087aa3443c8e4aadc0af2dc3ac647d0fa1b5ac99cd6987abafe6d690ae71cd5fd2aeeabe7589bfb4748aabdfba,blockNumber=2946
info|2023-07-09 17:57:15.523590|[RPCWS][SERVICE][updateGroupBlockNumber],groupID=group0,_blockNumber=2946
info|2023-07-09 17:57:15.523597|[RPCWS][SERVICE][onRecvBlockNotifier]block notifier callback,group=group0,node=98a7f70ec883a722219d92253cf073a72605f4087aa3443c8e4aadc0af2dc3ac647d0fa1b5ac99cd6987abafe6d690ae71cd5fd2aeeabe7589bfb4748aabdfba,blockNumber=2946
info|2023-07-09 17:57:15.523602|[WS]receive block notify,endpoint=127.0.0.1:20200,blk={
	"blockNumber" : 2946,
	"group" : "group0",
	"nodeName" : "98a7f70ec883a722219d92253cf073a72605f4087aa3443c8e4aadc0af2dc3ac647d0fa1b5ac99cd6987abafe6d690ae71cd5fd2aeeabe7589bfb4748aabdfba"
}
info|2023-07-09 17:57:15.639235|[RPC][BLOCK][NUMBER][fromJson],group=group0,node=2f993327933ad58672518b6d4f63920cbc68b80f78f4d81192552ee6362f5cc81ee13bdc678ad65f06e76444cadb53b33694cfb3fc7679b8000411975fedd28a,blockNumber=2946
info|2023-07-09 17:57:15.639503|[RPCWS][SERVICE][onRecvBlockNotifier]receive block number notifier,group=group0,node=2f993327933ad58672518b6d4f63920cbc68b80f78f4d81192552ee6362f5cc81ee13bdc678ad65f06e76444cadb53b33694cfb3fc7679b8000411975fedd28a,blockNumber=2946
info|2023-07-09 17:57:15.639522|[WS]receive block notify,endpoint=127.0.0.1:20201,blk={
	"blockNumber" : 2946,
	"group" : "group0",
	"nodeName" : "2f993327933ad58672518b6d4f63920cbc68b80f78f4d81192552ee6362f5cc81ee13bdc678ad65f06e76444cadb53b33694cfb3fc7679b8000411975fedd28a"
}
info|2023-07-09 17:57:16.101802|[RPC][BLOCK][NUMBER][fromJson],group=group0,node=98a7f70ec883a722219d92253cf073a72605f4087aa3443c8e4aadc0af2dc3ac647d0fa1b5ac99cd6987abafe6d690ae71cd5fd2aeeabe7589bfb4748aabdfba,blockNumber=2947
info|2023-07-09 17:57:16.101824|[RPCWS][SERVICE][onRecvBlockNotifier]receive block number notifier,group=group0,node=98a7f70ec883a722219d92253cf073a72605f4087aa3443c8e4aadc0af2dc3ac647d0fa1b5ac99cd6987abafe6d690ae71cd5fd2aeeabe7589bfb4748aabdfba,blockNumber=2947
info|2023-07-09 17:57:16.101829|[RPCWS][SERVICE][updateGroupBlockNumber],groupID=group0,_blockNumber=2947
info|2023-07-09 17:57:16.101833|[RPCWS][SERVICE][onRecvBlockNotifier]block notifier callback,group=group0,node=98a7f70ec883a722219d92253cf073a72605f4087aa3443c8e4aadc0af2dc3ac647d0fa1b5ac99cd6987abafe6d690ae71cd5fd2aeeabe7589bfb4748aabdfba,blockNumber=2947
info|2023-07-09 17:57:16.101836|[WS]receive block notify,endpoint=127.0.0.1:20200,blk={
	"blockNumber" : 2947,
	"group" : "group0",
	"nodeName" : "98a7f70ec883a722219d92253cf073a72605f4087aa3443c8e4aadc0af2dc3ac647d0fa1b5ac99cd6987abafe6d690ae71cd5fd2aeeabe7589bfb4748aabdfba"
}
info|2023-07-09 17:57:16.139058|[RPC][BLOCK][NUMBER][fromJson],group=group0,node=2f993327933ad58672518b6d4f63920cbc68b80f78f4d81192552ee6362f5cc81ee13bdc678ad65f06e76444cadb53b33694cfb3fc7679b8000411975fedd28a,blockNumber=2947
info|2023-07-09 17:57:16.139081|[RPCWS][SERVICE][onRecvBlockNotifier]receive block number notifier,group=group0,node=2f993327933ad58672518b6d4f63920cbc68b80f78f4d81192552ee6362f5cc81ee13bdc678ad65f06e76444cadb53b33694cfb3fc7679b8000411975fedd28a,blockNumber=2947
info|2023-07-09 17:57:16.139087|[WS]receive block notify,endpoint=127.0.0.1:20201,blk={
	"blockNumber" : 2947,
	"group" : "group0",
	"nodeName" : "2f993327933ad58672518b6d4f63920cbc68b80f78f4d81192552ee6362f5cc81ee13bdc678ad65f06e76444cadb53b33694cfb3fc7679b8000411975fedd28a"
}
info|2023-07-09 17:57:16.673754|[RPC][BLOCK][NUMBER][fromJson],group=group0,node=98a7f70ec883a722219d92253cf073a72605f4087aa3443c8e4aadc0af2dc3ac647d0fa1b5ac99cd6987abafe6d690ae71cd5fd2aeeabe7589bfb4748aabdfba,blockNumber=2948
info|2023-07-09 17:57:16.673776|[RPCWS][SERVICE][onRecvBlockNotifier]receive block number notifier,group=group0,node=98a7f70ec883a722219d92253cf073a72605f4087aa3443c8e4aadc0af2dc3ac647d0fa1b5ac99cd6987abafe6d690ae71cd5fd2aeeabe7589bfb4748aabdfba,blockNumber=2948
info|2023-07-09 17:57:16.673782|[RPCWS][SERVICE][updateGroupBlockNumber],groupID=group0,_blockNumber=2948
info|2023-07-09 17:57:16.673787|[RPCWS][SERVICE][onRecvBlockNotifier]block notifier callback,group=group0,node=98a7f70ec883a722219d92253cf073a72605f4087aa3443c8e4aadc0af2dc3ac647d0fa1b5ac99cd6987abafe6d690ae71cd5fd2aeeabe7589bfb4748aabdfba,blockNumber=2948
info|2023-07-09 17:57:16.673790|[WS]receive block notify,endpoint=127.0.0.1:20200,blk={
	"blockNumber" : 2948,
	"group" : "group0",
	"nodeName" : "98a7f70ec883a722219d92253cf073a72605f4087aa3443c8e4aadc0af2dc3ac647d0fa1b5ac99cd6987abafe6d690ae71cd5fd2aeeabe7589bfb4748aabdfba"
}
info|2023-07-09 17:57:16.775079|[RPC][BLOCK][NUMBER][fromJson],group=group0,node=2f993327933ad58672518b6d4f63920cbc68b80f78f4d81192552ee6362f5cc81ee13bdc678ad65f06e76444cadb53b33694cfb3fc7679b8000411975fedd28a,blockNumber=2948
info|2023-07-09 17:57:16.775117|[RPCWS][SERVICE][onRecvBlockNotifier]receive block number notifier,group=group0,node=2f993327933ad58672518b6d4f63920cbc68b80f78f4d81192552ee6362f5cc81ee13bdc678ad65f06e76444cadb53b33694cfb3fc7679b8000411975fedd28a,blockNumber=2948
info|2023-07-09 17:57:16.775124|[WS]receive block notify,endpoint=127.0.0.1:20201,blk={
	"blockNumber" : 2948,
	"group" : "group0",
	"nodeName" : "2f993327933ad58672518b6d4f63920cbc68b80f78f4d81192552ee6362f5cc81ee13bdc678ad65f06e76444cadb53b33694cfb3fc7679b8000411975fedd28a"
}
info|2023-07-09 17:57:17.211858|[RPC][BLOCK][NUMBER][fromJson],group=group0,node=98a7f70ec883a722219d92253cf073a72605f4087aa3443c8e4aadc0af2dc3ac647d0fa1b5ac99cd6987abafe6d690ae71cd5fd2aeeabe7589bfb4748aabdfba,blockNumber=2949
info|2023-07-09 17:57:17.211877|[RPCWS][SERVICE][onRecvBlockNotifier]receive block number notifier,group=group0,node=98a7f70ec883a722219d92253cf073a72605f4087aa3443c8e4aadc0af2dc3ac647d0fa1b5ac99cd6987abafe6d690ae71cd5fd2aeeabe7589bfb4748aabdfba,blockNumber=2949
info|2023-07-09 17:57:17.211882|[RPCWS][SERVICE][updateGroupBlockNumber],groupID=group0,_blockNumber=2949
info|2023-07-09 17:57:17.211886|[RPCWS][SERVICE][onRecvBlockNotifier]block notifier callback,group=group0,node=98a7f70ec883a722219d92253cf073a72605f4087aa3443c8e4aadc0af2dc3ac647d0fa1b5ac99cd6987abafe6d690ae71cd5fd2aeeabe7589bfb4748aabdfba,blockNumber=2949
info|2023-07-09 17:57:17.211890|[WS]receive block notify,endpoint=127.0.0.1:20200,blk={
	"blockNumber" : 2949,
	"group" : "group0",
	"nodeName" : "98a7f70ec883a722219d92253cf073a72605f4087aa3443c8e4aadc0af2dc3ac647d0fa1b5ac99cd6987abafe6d690ae71cd5fd2aeeabe7589bfb4748aabdfba"
}
info|2023-07-09 17:57:17.233969|[EVENT][SUB][doLoop]event sub tasks report,working event sub count=0,suspend event sub count=0
info|2023-07-09 17:57:17.282813|[RPC][BLOCK][NUMBER][fromJson],group=group0,node=2f993327933ad58672518b6d4f63920cbc68b80f78f4d81192552ee6362f5cc81ee13bdc678ad65f06e76444cadb53b33694cfb3fc7679b8000411975fedd28a,blockNumber=2949
info|2023-07-09 17:57:17.282849|[RPCWS][SERVICE][onRecvBlockNotifier]receive block number notifier,group=group0,node=2f993327933ad58672518b6d4f63920cbc68b80f78f4d81192552ee6362f5cc81ee13bdc678ad65f06e76444cadb53b33694cfb3fc7679b8000411975fedd28a,blockNumber=2949
info|2023-07-09 17:57:17.282857|[WS]receive block notify,endpoint=127.0.0.1:20201,blk={
	"blockNumber" : 2949,
	"group" : "group0",
	"nodeName" : "2f993327933ad58672518b6d4f63920cbc68b80f78f4d81192552ee6362f5cc81ee13bdc678ad65f06e76444cadb53b33694cfb3fc7679b8000411975fedd28a"
}
info|2023-07-09 17:57:17.833704|[RPC][BLOCK][NUMBER][fromJson],group=group0,node=98a7f70ec883a722219d92253cf073a72605f4087aa3443c8e4aadc0af2dc3ac647d0fa1b5ac99cd6987abafe6d690ae71cd5fd2aeeabe7589bfb4748aabdfba,blockNumber=2950
info|2023-07-09 17:57:17.833731|[RPCWS][SERVICE][onRecvBlockNotifier]receive block number notifier,group=group0,node=98a7f70ec883a722219d92253cf073a72605f4087aa3443c8e4aadc0af2dc3ac647d0fa1b5ac99cd6987abafe6d690ae71cd5fd2aeeabe7589bfb4748aabdfba,blockNumber=2950
info|2023-07-09 17:57:17.833737|[RPCWS][SERVICE][updateGroupBlockNumber],groupID=group0,_blockNumber=2950
info|2023-07-09 17:57:17.833743|[RPCWS][SERVICE][onRecvBlockNotifier]block notifier callback,group=group0,node=98a7f70ec883a722219d92253cf073a72605f4087aa3443c8e4aadc0af2dc3ac647d0fa1b5ac99cd6987abafe6d690ae71cd5fd2aeeabe7589bfb4748aabdfba,blockNumber=2950
info|2023-07-09 17:57:17.833747|[WS]receive block notify,endpoint=127.0.0.1:20200,blk={
	"blockNumber" : 2950,
	"group" : "group0",
	"nodeName" : "98a7f70ec883a722219d92253cf073a72605f4087aa3443c8e4aadc0af2dc3ac647d0fa1b5ac99cd6987abafe6d690ae71cd5fd2aeeabe7589bfb4748aabdfba"
}
info|2023-07-09 17:57:17.911729|[RPC][BLOCK][NUMBER][fromJson],group=group0,node=2f993327933ad58672518b6d4f63920cbc68b80f78f4d81192552ee6362f5cc81ee13bdc678ad65f06e76444cadb53b33694cfb3fc7679b8000411975fedd28a,blockNumber=2950
info|2023-07-09 17:57:17.911753|[RPCWS][SERVICE][onRecvBlockNotifier]receive block number notifier,group=group0,node=2f993327933ad58672518b6d4f63920cbc68b80f78f4d81192552ee6362f5cc81ee13bdc678ad65f06e76444cadb53b33694cfb3fc7679b8000411975fedd28a,blockNumber=2950
info|2023-07-09 17:57:17.911760|[WS]receive block notify,endpoint=127.0.0.1:20201,blk={
	"blockNumber" : 2950,
	"group" : "group0",
	"nodeName" : "2f993327933ad58672518b6d4f63920cbc68b80f78f4d81192552ee6362f5cc81ee13bdc678ad65f06e76444cadb53b33694cfb3fc7679b8000411975fedd28a"
}
info|2023-07-09 17:57:18.323383|[SDK][WS][SERVICE]connected nodes,count=2
info|2023-07-09 17:57:18.431794|[RPC][BLOCK][NUMBER][fromJson],group=group0,node=2f993327933ad58672518b6d4f63920cbc68b80f78f4d81192552ee6362f5cc81ee13bdc678ad65f06e76444cadb53b33694cfb3fc7679b8000411975fedd28a,blockNumber=2951
info|2023-07-09 17:57:18.431814|[RPCWS][SERVICE][onRecvBlockNotifier]receive block number notifier,group=group0,node=2f993327933ad58672518b6d4f63920cbc68b80f78f4d81192552ee6362f5cc81ee13bdc678ad65f06e76444cadb53b33694cfb3fc7679b8000411975fedd28a,blockNumber=2951
info|2023-07-09 17:57:18.431819|[RPCWS][SERVICE][updateGroupBlockNumber],groupID=group0,_blockNumber=2951
info|2023-07-09 17:57:18.431823|[RPCWS][SERVICE][onRecvBlockNotifier]block notifier callback,group=group0,node=2f993327933ad58672518b6d4f63920cbc68b80f78f4d81192552ee6362f5cc81ee13bdc678ad65f06e76444cadb53b33694cfb3fc7679b8000411975fedd28a,blockNumber=2951
info|2023-07-09 17:57:18.431827|[WS]receive block notify,endpoint=127.0.0.1:20201,blk={
	"blockNumber" : 2951,
	"group" : "group0",
	"nodeName" : "2f993327933ad58672518b6d4f63920cbc68b80f78f4d81192552ee6362f5cc81ee13bdc678ad65f06e76444cadb53b33694cfb3fc7679b8000411975fedd28a"
}
info|2023-07-09 17:57:18.433893|[RPC][BLOCK][NUMBER][fromJson],group=group0,node=98a7f70ec883a722219d92253cf073a72605f4087aa3443c8e4aadc0af2dc3ac647d0fa1b5ac99cd6987abafe6d690ae71cd5fd2aeeabe7589bfb4748aabdfba,blockNumber=2951
info|2023-07-09 17:57:18.433913|[RPCWS][SERVICE][onRecvBlockNotifier]receive block number notifier,group=group0,node=98a7f70ec883a722219d92253cf073a72605f4087aa3443c8e4aadc0af2dc3ac647d0fa1b5ac99cd6987abafe6d690ae71cd5fd2aeeabe7589bfb4748aabdfba,blockNumber=2951
info|2023-07-09 17:57:18.433919|[WS]receive block notify,endpoint=127.0.0.1:20200,blk={
	"blockNumber" : 2951,
	"group" : "group0",
	"nodeName" : "98a7f70ec883a722219d92253cf073a72605f4087aa3443c8e4aadc0af2dc3ac647d0fa1b5ac99cd6987abafe6d690ae71cd5fd2aeeabe7589bfb4748aabdfba"
}
info|2023-07-09 17:57:18.975578|[RPC][BLOCK][NUMBER][fromJson],group=group0,node=98a7f70ec883a722219d92253cf073a72605f4087aa3443c8e4aadc0af2dc3ac647d0fa1b5ac99cd6987abafe6d690ae71cd5fd2aeeabe7589bfb4748aabdfba,blockNumber=2952
info|2023-07-09 17:57:18.975610|[RPCWS][SERVICE][onRecvBlockNotifier]receive block number notifier,group=group0,node=98a7f70ec883a722219d92253cf073a72605f4087aa3443c8e4aadc0af2dc3ac647d0fa1b5ac99cd6987abafe6d690ae71cd5fd2aeeabe7589bfb4748aabdfba,blockNumber=2952
info|2023-07-09 17:57:18.975616|[RPCWS][SERVICE][updateGroupBlockNumber],groupID=group0,_blockNumber=2952
info|2023-07-09 17:57:18.975620|[RPCWS][SERVICE][onRecvBlockNotifier]block notifier callback,group=group0,node=98a7f70ec883a722219d92253cf073a72605f4087aa3443c8e4aadc0af2dc3ac647d0fa1b5ac99cd6987abafe6d690ae71cd5fd2aeeabe7589bfb4748aabdfba,blockNumber=2952
info|2023-07-09 17:57:18.975624|[WS]receive block notify,endpoint=127.0.0.1:20200,blk={
	"blockNumber" : 2952,
	"group" : "group0",
	"nodeName" : "98a7f70ec883a722219d92253cf073a72605f4087aa3443c8e4aadc0af2dc3ac647d0fa1b5ac99cd6987abafe6d690ae71cd5fd2aeeabe7589bfb4748aabdfba"
}
info|2023-07-09 17:57:18.986074|[RPC][BLOCK][NUMBER][fromJson],group=group0,node=2f993327933ad58672518b6d4f63920cbc68b80f78f4d81192552ee6362f5cc81ee13bdc678ad65f06e76444cadb53b33694cfb3fc7679b8000411975fedd28a,blockNumber=2952
info|2023-07-09 17:57:18.986096|[RPCWS][SERVICE][onRecvBlockNotifier]receive block number notifier,group=group0,node=2f993327933ad58672518b6d4f63920cbc68b80f78f4d81192552ee6362f5cc81ee13bdc678ad65f06e76444cadb53b33694cfb3fc7679b8000411975fedd28a,blockNumber=2952
info|2023-07-09 17:57:18.986103|[WS]receive block notify,endpoint=127.0.0.1:20201,blk={
	"blockNumber" : 2952,
	"group" : "group0",
	"nodeName" : "2f993327933ad58672518b6d4f63920cbc68b80f78f4d81192552ee6362f5cc81ee13bdc678ad65f06e76444cadb53b33694cfb3fc7679b8000411975fedd28a"
}
info|2023-07-09 17:57:19.503519|[RPC][BLOCK][NUMBER][fromJson],group=group0,node=98a7f70ec883a722219d92253cf073a72605f4087aa3443c8e4aadc0af2dc3ac647d0fa1b5ac99cd6987abafe6d690ae71cd5fd2aeeabe7589bfb4748aabdfba,blockNumber=2953
info|2023-07-09 17:57:19.503539|[RPCWS][SERVICE][onRecvBlockNotifier]receive block number notifier,group=group0,node=98a7f70ec883a722219d92253cf073a72605f4087aa3443c8e4aadc0af2dc3ac647d0fa1b5ac99cd6987abafe6d690ae71cd5fd2aeeabe7589bfb4748aabdfba,blockNumber=2953
info|2023-07-09 17:57:19.503544|[RPCWS][SERVICE][updateGroupBlockNumber],groupID=group0,_blockNumber=2953
info|2023-07-09 17:57:19.503547|[RPCWS][SERVICE][onRecvBlockNotifier]block notifier callback,group=group0,node=98a7f70ec883a722219d92253cf073a72605f4087aa3443c8e4aadc0af2dc3ac647d0fa1b5ac99cd6987abafe6d690ae71cd5fd2aeeabe7589bfb4748aabdfba,blockNumber=2953
info|2023-07-09 17:57:19.503551|[WS]receive block notify,endpoint=127.0.0.1:20200,blk={
	"blockNumber" : 2953,
	"group" : "group0",
	"nodeName" : "98a7f70ec883a722219d92253cf073a72605f4087aa3443c8e4aadc0af2dc3ac647d0fa1b5ac99cd6987abafe6d690ae71cd5fd2aeeabe7589bfb4748aabdfba"
}
info|2023-07-09 17:57:19.531594|[RPC][BLOCK][NUMBER][fromJson],group=group0,node=2f993327933ad58672518b6d4f63920cbc68b80f78f4d81192552ee6362f5cc81ee13bdc678ad65f06e76444cadb53b33694cfb3fc7679b8000411975fedd28a,blockNumber=2953
info|2023-07-09 17:57:19.531629|[RPCWS][SERVICE][onRecvBlockNotifier]receive block number notifier,group=group0,node=2f993327933ad58672518b6d4f63920cbc68b80f78f4d81192552ee6362f5cc81ee13bdc678ad65f06e76444cadb53b33694cfb3fc7679b8000411975fedd28a,blockNumber=2953
info|2023-07-09 17:57:19.531637|[WS]receive block notify,endpoint=127.0.0.1:20201,blk={
	"blockNumber" : 2953,
	"group" : "group0",
	"nodeName" : "2f993327933ad58672518b6d4f63920cbc68b80f78f4d81192552ee6362f5cc81ee13bdc678ad65f06e76444cadb53b33694cfb3fc7679b8000411975fedd28a"
}
info|2023-07-09 17:57:20.085745|[RPC][BLOCK][NUMBER][fromJson],group=group0,node=98a7f70ec883a722219d92253cf073a72605f4087aa3443c8e4aadc0af2dc3ac647d0fa1b5ac99cd6987abafe6d690ae71cd5fd2aeeabe7589bfb4748aabdfba,blockNumber=2954
info|2023-07-09 17:57:20.085765|[RPCWS][SERVICE][onRecvBlockNotifier]receive block number notifier,group=group0,node=98a7f70ec883a722219d92253cf073a72605f4087aa3443c8e4aadc0af2dc3ac647d0fa1b5ac99cd6987abafe6d690ae71cd5fd2aeeabe7589bfb4748aabdfba,blockNumber=2954
info|2023-07-09 17:57:20.085770|[RPCWS][SERVICE][updateGroupBlockNumber],groupID=group0,_blockNumber=2954
info|2023-07-09 17:57:20.085775|[RPCWS][SERVICE][onRecvBlockNotifier]block notifier callback,group=group0,node=98a7f70ec883a722219d92253cf073a72605f4087aa3443c8e4aadc0af2dc3ac647d0fa1b5ac99cd6987abafe6d690ae71cd5fd2aeeabe7589bfb4748aabdfba,blockNumber=2954
info|2023-07-09 17:57:20.085778|[WS]receive block notify,endpoint=127.0.0.1:20200,blk={
	"blockNumber" : 2954,
	"group" : "group0",
	"nodeName" : "98a7f70ec883a722219d92253cf073a72605f4087aa3443c8e4aadc0af2dc3ac647d0fa1b5ac99cd6987abafe6d690ae71cd5fd2aeeabe7589bfb4748aabdfba"
}
info|2023-07-09 17:57:20.125315|[RPC][BLOCK][NUMBER][fromJson],group=group0,node=2f993327933ad58672518b6d4f63920cbc68b80f78f4d81192552ee6362f5cc81ee13bdc678ad65f06e76444cadb53b33694cfb3fc7679b8000411975fedd28a,blockNumber=2954
info|2023-07-09 17:57:20.125337|[RPCWS][SERVICE][onRecvBlockNotifier]receive block number notifier,group=group0,node=2f993327933ad58672518b6d4f63920cbc68b80f78f4d81192552ee6362f5cc81ee13bdc678ad65f06e76444cadb53b33694cfb3fc7679b8000411975fedd28a,blockNumber=2954
info|2023-07-09 17:57:20.125344|[WS]receive block notify,endpoint=127.0.0.1:20201,blk={
	"blockNumber" : 2954,
	"group" : "group0",
	"nodeName" : "2f993327933ad58672518b6d4f63920cbc68b80f78f4d81192552ee6362f5cc81ee13bdc678ad65f06e76444cadb53b33694cfb3fc7679b8000411975fedd28a"
}
info|2023-07-09 17:57:20.689617|[RPC][BLOCK][NUMBER][fromJson],group=group0,node=98a7f70ec883a722219d92253cf073a72605f4087aa3443c8e4aadc0af2dc3ac647d0fa1b5ac99cd6987abafe6d690ae71cd5fd2aeeabe7589bfb4748aabdfba,blockNumber=2955
info|2023-07-09 17:57:20.689657|[RPCWS][SERVICE][onRecvBlockNotifier]receive block number notifier,group=group0,node=98a7f70ec883a722219d92253cf073a72605f4087aa3443c8e4aadc0af2dc3ac647d0fa1b5ac99cd6987abafe6d690ae71cd5fd2aeeabe7589bfb4748aabdfba,blockNumber=2955
info|2023-07-09 17:57:20.689663|[RPCWS][SERVICE][updateGroupBlockNumber],groupID=group0,_blockNumber=2955
info|2023-07-09 17:57:20.689667|[RPCWS][SERVICE][onRecvBlockNotifier]block notifier callback,group=group0,node=98a7f70ec883a722219d92253cf073a72605f4087aa3443c8e4aadc0af2dc3ac647d0fa1b5ac99cd6987abafe6d690ae71cd5fd2aeeabe7589bfb4748aabdfba,blockNumber=2955
info|2023-07-09 17:57:20.689670|[WS]receive block notify,endpoint=127.0.0.1:20200,blk={
	"blockNumber" : 2955,
	"group" : "group0",
	"nodeName" : "98a7f70ec883a722219d92253cf073a72605f4087aa3443c8e4aadc0af2dc3ac647d0fa1b5ac99cd6987abafe6d690ae71cd5fd2aeeabe7589bfb4748aabdfba"
}
info|2023-07-09 17:57:20.716719|[RPC][BLOCK][NUMBER][fromJson],group=group0,node=2f993327933ad58672518b6d4f63920cbc68b80f78f4d81192552ee6362f5cc81ee13bdc678ad65f06e76444cadb53b33694cfb3fc7679b8000411975fedd28a,blockNumber=2955
info|2023-07-09 17:57:20.716743|[RPCWS][SERVICE][onRecvBlockNotifier]receive block number notifier,group=group0,node=2f993327933ad58672518b6d4f63920cbc68b80f78f4d81192552ee6362f5cc81ee13bdc678ad65f06e76444cadb53b33694cfb3fc7679b8000411975fedd28a,blockNumber=2955
info|2023-07-09 17:57:20.716750|[WS]receive block notify,endpoint=127.0.0.1:20201,blk={
	"blockNumber" : 2955,
	"group" : "group0",
	"nodeName" : "2f993327933ad58672518b6d4f63920cbc68b80f78f4d81192552ee6362f5cc81ee13bdc678ad65f06e76444cadb53b33694cfb3fc7679b8000411975fedd28a"
}
info|2023-07-09 17:57:21.224204|[RPC][BLOCK][NUMBER][fromJson],group=group0,node=2f993327933ad58672518b6d4f63920cbc68b80f78f4d81192552ee6362f5cc81ee13bdc678ad65f06e76444cadb53b33694cfb3fc7679b8000411975fedd28a,blockNumber=2956
info|2023-07-09 17:57:21.224224|[RPCWS][SERVICE][onRecvBlockNotifier]receive block number notifier,group=group0,node=2f993327933ad58672518b6d4f63920cbc68b80f78f4d81192552ee6362f5cc81ee13bdc678ad65f06e76444cadb53b33694cfb3fc7679b8000411975fedd28a,blockNumber=2956
info|2023-07-09 17:57:21.224229|[RPCWS][SERVICE][updateGroupBlockNumber],groupID=group0,_blockNumber=2956
info|2023-07-09 17:57:21.224233|[RPCWS][SERVICE][onRecvBlockNotifier]block notifier callback,group=group0,node=2f993327933ad58672518b6d4f63920cbc68b80f78f4d81192552ee6362f5cc81ee13bdc678ad65f06e76444cadb53b33694cfb3fc7679b8000411975fedd28a,blockNumber=2956
info|2023-07-09 17:57:21.224237|[WS]receive block notify,endpoint=127.0.0.1:20201,blk={
	"blockNumber" : 2956,
	"group" : "group0",
	"nodeName" : "2f993327933ad58672518b6d4f63920cbc68b80f78f4d81192552ee6362f5cc81ee13bdc678ad65f06e76444cadb53b33694cfb3fc7679b8000411975fedd28a"
}
info|2023-07-09 17:57:21.260326|[RPC][BLOCK][NUMBER][fromJson],group=group0,node=98a7f70ec883a722219d92253cf073a72605f4087aa3443c8e4aadc0af2dc3ac647d0fa1b5ac99cd6987abafe6d690ae71cd5fd2aeeabe7589bfb4748aabdfba,blockNumber=2956
info|2023-07-09 17:57:21.260347|[RPCWS][SERVICE][onRecvBlockNotifier]receive block number notifier,group=group0,node=98a7f70ec883a722219d92253cf073a72605f4087aa3443c8e4aadc0af2dc3ac647d0fa1b5ac99cd6987abafe6d690ae71cd5fd2aeeabe7589bfb4748aabdfba,blockNumber=2956
info|2023-07-09 17:57:21.260353|[WS]receive block notify,endpoint=127.0.0.1:20200,blk={
	"blockNumber" : 2956,
	"group" : "group0",
	"nodeName" : "98a7f70ec883a722219d92253cf073a72605f4087aa3443c8e4aadc0af2dc3ac647d0fa1b5ac99cd6987abafe6d690ae71cd5fd2aeeabe7589bfb4748aabdfba"
}
info|2023-07-09 17:57:21.733545|[RPC][BLOCK][NUMBER][fromJson],group=group0,node=98a7f70ec883a722219d92253cf073a72605f4087aa3443c8e4aadc0af2dc3ac647d0fa1b5ac99cd6987abafe6d690ae71cd5fd2aeeabe7589bfb4748aabdfba,blockNumber=2957
info|2023-07-09 17:57:21.733568|[RPCWS][SERVICE][onRecvBlockNotifier]receive block number notifier,group=group0,node=98a7f70ec883a722219d92253cf073a72605f4087aa3443c8e4aadc0af2dc3ac647d0fa1b5ac99cd6987abafe6d690ae71cd5fd2aeeabe7589bfb4748aabdfba,blockNumber=2957
info|2023-07-09 17:57:21.733573|[RPCWS][SERVICE][updateGroupBlockNumber],groupID=group0,_blockNumber=2957
info|2023-07-09 17:57:21.733577|[RPCWS][SERVICE][onRecvBlockNotifier]block notifier callback,group=group0,node=98a7f70ec883a722219d92253cf073a72605f4087aa3443c8e4aadc0af2dc3ac647d0fa1b5ac99cd6987abafe6d690ae71cd5fd2aeeabe7589bfb4748aabdfba,blockNumber=2957
info|2023-07-09 17:57:21.733580|[WS]receive block notify,endpoint=127.0.0.1:20200,blk={
	"blockNumber" : 2957,
	"group" : "group0",
	"nodeName" : "98a7f70ec883a722219d92253cf073a72605f4087aa3443c8e4aadc0af2dc3ac647d0fa1b5ac99cd6987abafe6d690ae71cd5fd2aeeabe7589bfb4748aabdfba"
}
info|2023-07-09 17:57:21.780349|[RPC][BLOCK][NUMBER][fromJson],group=group0,node=2f993327933ad58672518b6d4f63920cbc68b80f78f4d81192552ee6362f5cc81ee13bdc678ad65f06e76444cadb53b33694cfb3fc7679b8000411975fedd28a,blockNumber=2957
info|2023-07-09 17:57:21.780389|[RPCWS][SERVICE][onRecvBlockNotifier]receive block number notifier,group=group0,node=2f993327933ad58672518b6d4f63920cbc68b80f78f4d81192552ee6362f5cc81ee13bdc678ad65f06e76444cadb53b33694cfb3fc7679b8000411975fedd28a,blockNumber=2957
info|2023-07-09 17:57:21.780396|[WS]receive block notify,endpoint=127.0.0.1:20201,blk={
	"blockNumber" : 2957,
	"group" : "group0",
	"nodeName" : "2f993327933ad58672518b6d4f63920cbc68b80f78f4d81192552ee6362f5cc81ee13bdc678ad65f06e76444cadb53b33694cfb3fc7679b8000411975fedd28a"
}
info|2023-07-09 17:57:22.395698|[RPC][BLOCK][NUMBER][fromJson],group=group0,node=98a7f70ec883a722219d92253cf073a72605f4087aa3443c8e4aadc0af2dc3ac647d0fa1b5ac99cd6987abafe6d690ae71cd5fd2aeeabe7589bfb4748aabdfba,blockNumber=2958
info|2023-07-09 17:57:22.395717|[RPCWS][SERVICE][onRecvBlockNotifier]receive block number notifier,group=group0,node=98a7f70ec883a722219d92253cf073a72605f4087aa3443c8e4aadc0af2dc3ac647d0fa1b5ac99cd6987abafe6d690ae71cd5fd2aeeabe7589bfb4748aabdfba,blockNumber=2958
info|2023-07-09 17:57:22.395722|[RPCWS][SERVICE][updateGroupBlockNumber],groupID=group0,_blockNumber=2958
info|2023-07-09 17:57:22.395726|[RPCWS][SERVICE][onRecvBlockNotifier]block notifier callback,group=group0,node=98a7f70ec883a722219d92253cf073a72605f4087aa3443c8e4aadc0af2dc3ac647d0fa1b5ac99cd6987abafe6d690ae71cd5fd2aeeabe7589bfb4748aabdfba,blockNumber=2958
info|2023-07-09 17:57:22.395729|[WS]receive block notify,endpoint=127.0.0.1:20200,blk={
	"blockNumber" : 2958,
	"group" : "group0",
	"nodeName" : "98a7f70ec883a722219d92253cf073a72605f4087aa3443c8e4aadc0af2dc3ac647d0fa1b5ac99cd6987abafe6d690ae71cd5fd2aeeabe7589bfb4748aabdfba"
}
info|2023-07-09 17:57:22.419543|[RPC][BLOCK][NUMBER][fromJson],group=group0,node=2f993327933ad58672518b6d4f63920cbc68b80f78f4d81192552ee6362f5cc81ee13bdc678ad65f06e76444cadb53b33694cfb3fc7679b8000411975fedd28a,blockNumber=2958
info|2023-07-09 17:57:22.419578|[RPCWS][SERVICE][onRecvBlockNotifier]receive block number notifier,group=group0,node=2f993327933ad58672518b6d4f63920cbc68b80f78f4d81192552ee6362f5cc81ee13bdc678ad65f06e76444cadb53b33694cfb3fc7679b8000411975fedd28a,blockNumber=2958
info|2023-07-09 17:57:22.419585|[WS]receive block notify,endpoint=127.0.0.1:20201,blk={
	"blockNumber" : 2958,
	"group" : "group0",
	"nodeName" : "2f993327933ad58672518b6d4f63920cbc68b80f78f4d81192552ee6362f5cc81ee13bdc678ad65f06e76444cadb53b33694cfb3fc7679b8000411975fedd28a"
}
info|2023-07-09 17:57:37.234134|[EVENT][SUB][doLoop]event sub tasks report,working event sub count=0,suspend event sub count=0
info|2023-07-09 17:57:38.323901|[SDK][WS][SERVICE]connected nodes,count=2
info|2023-07-09 17:57:57.234448|[EVENT][SUB][doLoop]event sub tasks report,working event sub count=0,suspend event sub count=0
info|2023-07-09 17:57:58.324333|[SDK][WS][SERVICE]connected nodes,count=2
info|2023-07-09 17:58:17.235080|[EVENT][SUB][doLoop]event sub tasks report,working event sub count=0,suspend event sub count=0
info|2023-07-09 17:58:18.324966|[SDK][WS][SERVICE]connected nodes,count=2
info|2023-07-09 17:58:37.235475|[EVENT][SUB][doLoop]event sub tasks report,working event sub count=0,suspend event sub count=0
info|2023-07-09 17:58:38.325279|[SDK][WS][SERVICE]connected nodes,count=2
info|2023-07-09 17:58:57.235855|[EVENT][SUB][doLoop]event sub tasks report,working event sub count=0,suspend event sub count=0
info|2023-07-09 17:58:58.325916|[SDK][WS][SERVICE]connected nodes,count=2
info|2023-07-09 17:59:17.237266|[EVENT][SUB][doLoop]event sub tasks report,working event sub count=0,suspend event sub count=0
info|2023-07-09 17:59:18.326308|[SDK][WS][SERVICE]connected nodes,count=2
info|2023-07-09 17:59:37.237353|[EVENT][SUB][doLoop]event sub tasks report,working event sub count=0,suspend event sub count=0
info|2023-07-09 17:59:38.326911|[SDK][WS][SERVICE]connected nodes,count=2
info|2023-07-09 17:59:57.237656|[EVENT][SUB][doLoop]event sub tasks report,working event sub count=0,suspend event sub count=0
info|2023-07-09 17:59:58.357040|[SDK][WS][SERVICE]connected nodes,count=2
