info|2023-07-08 14:00:09.277463|[SDK][WS][SERVICE]connected nodes,count=2
info|2023-07-08 14:00:09.287138|[EVENT][SUB][doLoop]event sub tasks report,working event sub count=0,suspend event sub count=0
info|2023-07-08 14:00:29.278325|[SDK][WS][SERVICE]connected nodes,count=2
info|2023-07-08 14:00:29.287492|[EVENT][SUB][doLoop]event sub tasks report,working event sub count=0,suspend event sub count=0
info|2023-07-08 14:00:49.278497|[SDK][WS][SERVICE]connected nodes,count=2
info|2023-07-08 14:00:49.287896|[EVENT][SUB][doLoop]event sub tasks report,working event sub count=0,suspend event sub count=0
info|2023-07-08 14:01:09.279160|[SDK][WS][SERVICE]connected nodes,count=2
info|2023-07-08 14:01:09.288214|[EVENT][SUB][doLoop]event sub tasks report,working event sub count=0,suspend event sub count=0
info|2023-07-08 14:01:29.280108|[SDK][WS][SERVICE]connected nodes,count=2
info|2023-07-08 14:01:29.288328|[EVENT][SUB][doLoop]event sub tasks report,working event sub count=0,suspend event sub count=0
info|2023-07-08 14:01:49.280513|[SDK][WS][SERVICE]connected nodes,count=2
info|2023-07-08 14:01:49.288409|[EVENT][SUB][doLoop]event sub tasks report,working event sub count=0,suspend event sub count=0
info|2023-07-08 14:02:09.281260|[SDK][WS][SERVICE]connected nodes,count=2
info|2023-07-08 14:02:09.289111|[EVENT][SUB][doLoop]event sub tasks report,working event sub count=0,suspend event sub count=0
info|2023-07-08 14:02:29.281617|[SDK][WS][SERVICE]connected nodes,count=2
info|2023-07-08 14:02:29.289419|[EVENT][SUB][doLoop]event sub tasks report,working event sub count=0,suspend event sub count=0
info|2023-07-08 14:02:49.281794|[SDK][WS][SERVICE]connected nodes,count=2
info|2023-07-08 14:02:49.289722|[EVENT][SUB][doLoop]event sub tasks report,working event sub count=0,suspend event sub count=0
info|2023-07-08 14:03:09.282109|[SDK][WS][SERVICE]connected nodes,count=2
info|2023-07-08 14:03:09.290109|[EVENT][SUB][doLoop]event sub tasks report,working event sub count=0,suspend event sub count=0
info|2023-07-08 14:03:29.282223|[SDK][WS][SERVICE]connected nodes,count=2
info|2023-07-08 14:03:29.290429|[EVENT][SUB][doLoop]event sub tasks report,working event sub count=0,suspend event sub count=0
info|2023-07-08 14:03:49.282374|[SDK][WS][SERVICE]connected nodes,count=2
info|2023-07-08 14:03:49.290670|[EVENT][SUB][doLoop]event sub tasks report,working event sub count=0,suspend event sub count=0
info|2023-07-08 14:04:09.282916|[SDK][WS][SERVICE]connected nodes,count=2
info|2023-07-08 14:04:09.291180|[EVENT][SUB][doLoop]event sub tasks report,working event sub count=0,suspend event sub count=0
info|2023-07-08 14:04:29.283654|[SDK][WS][SERVICE]connected nodes,count=2
info|2023-07-08 14:04:29.291696|[EVENT][SUB][doLoop]event sub tasks report,working event sub count=0,suspend event sub count=0
info|2023-07-08 14:04:49.284396|[SDK][WS][SERVICE]connected nodes,count=2
info|2023-07-08 14:04:49.291920|[EVENT][SUB][doLoop]event sub tasks report,working event sub count=0,suspend event sub count=0
info|2023-07-08 14:05:09.284921|[SDK][WS][SERVICE]connected nodes,count=2
info|2023-07-08 14:05:09.292392|[EVENT][SUB][doLoop]event sub tasks report,working event sub count=0,suspend event sub count=0
info|2023-07-08 14:05:29.285110|[SDK][WS][SERVICE]connected nodes,count=2
info|2023-07-08 14:05:29.292615|[EVENT][SUB][doLoop]event sub tasks report,working event sub count=0,suspend event sub count=0
info|2023-07-08 14:05:49.285241|[SDK][WS][SERVICE]connected nodes,count=2
info|2023-07-08 14:05:49.293115|[EVENT][SUB][doLoop]event sub tasks report,working event sub count=0,suspend event sub count=0
info|2023-07-08 14:06:09.285876|[SDK][WS][SERVICE]connected nodes,count=2
info|2023-07-08 14:06:09.293163|[EVENT][SUB][doLoop]event sub tasks report,working event sub count=0,suspend event sub count=0
info|2023-07-08 14:06:29.286280|[SDK][WS][SERVICE]connected nodes,count=2
info|2023-07-08 14:06:29.293719|[EVENT][SUB][doLoop]event sub tasks report,working event sub count=0,suspend event sub count=0
info|2023-07-08 14:06:49.286820|[SDK][WS][SERVICE]connected nodes,count=2
info|2023-07-08 14:06:49.293801|[EVENT][SUB][doLoop]event sub tasks report,working event sub count=0,suspend event sub count=0
info|2023-07-08 14:07:09.287289|[SDK][WS][SERVICE]connected nodes,count=2
info|2023-07-08 14:07:09.294015|[EVENT][SUB][doLoop]event sub tasks report,working event sub count=0,suspend event sub count=0
info|2023-07-08 14:07:29.287531|[SDK][WS][SERVICE]connected nodes,count=2
info|2023-07-08 14:07:29.294182|[EVENT][SUB][doLoop]event sub tasks report,working event sub count=0,suspend event sub count=0
info|2023-07-08 14:07:49.288182|[SDK][WS][SERVICE]connected nodes,count=2
info|2023-07-08 14:07:49.294629|[EVENT][SUB][doLoop]event sub tasks report,working event sub count=0,suspend event sub count=0
info|2023-07-08 14:08:09.288908|[SDK][WS][SERVICE]connected nodes,count=2
info|2023-07-08 14:08:09.294755|[EVENT][SUB][doLoop]event sub tasks report,working event sub count=0,suspend event sub count=0
info|2023-07-08 14:08:29.289337|[SDK][WS][SERVICE]connected nodes,count=2
info|2023-07-08 14:08:29.294991|[EVENT][SUB][doLoop]event sub tasks report,working event sub count=0,suspend event sub count=0
info|2023-07-08 14:08:49.289559|[SDK][WS][SERVICE]connected nodes,count=2
info|2023-07-08 14:08:49.295347|[EVENT][SUB][doLoop]event sub tasks report,working event sub count=0,suspend event sub count=0
info|2023-07-08 14:09:09.290344|[SDK][WS][SERVICE]connected nodes,count=2
info|2023-07-08 14:09:09.295988|[EVENT][SUB][doLoop]event sub tasks report,working event sub count=0,suspend event sub count=0
info|2023-07-08 14:09:29.290624|[SDK][WS][SERVICE]connected nodes,count=2
info|2023-07-08 14:09:29.296252|[EVENT][SUB][doLoop]event sub tasks report,working event sub count=0,suspend event sub count=0
info|2023-07-08 14:09:49.291245|[SDK][WS][SERVICE]connected nodes,count=2
info|2023-07-08 14:09:49.296645|[EVENT][SUB][doLoop]event sub tasks report,working event sub count=0,suspend event sub count=0
info|2023-07-08 14:10:09.291946|[SDK][WS][SERVICE]connected nodes,count=2
info|2023-07-08 14:10:09.297094|[EVENT][SUB][doLoop]event sub tasks report,working event sub count=0,suspend event sub count=0
info|2023-07-08 14:10:29.292425|[SDK][WS][SERVICE]connected nodes,count=2
info|2023-07-08 14:10:29.297160|[EVENT][SUB][doLoop]event sub tasks report,working event sub count=0,suspend event sub count=0
info|2023-07-08 14:10:49.292784|[SDK][WS][SERVICE]connected nodes,count=2
info|2023-07-08 14:10:49.297336|[EVENT][SUB][doLoop]event sub tasks report,working event sub count=0,suspend event sub count=0
info|2023-07-08 14:11:09.293306|[SDK][WS][SERVICE]connected nodes,count=2
info|2023-07-08 14:11:09.298007|[EVENT][SUB][doLoop]event sub tasks report,working event sub count=0,suspend event sub count=0
info|2023-07-08 14:11:29.293655|[SDK][WS][SERVICE]connected nodes,count=2
info|2023-07-08 14:11:29.298396|[EVENT][SUB][doLoop]event sub tasks report,working event sub count=0,suspend event sub count=0
info|2023-07-08 14:11:49.294159|[SDK][WS][SERVICE]connected nodes,count=2
info|2023-07-08 14:11:49.298934|[EVENT][SUB][doLoop]event sub tasks report,working event sub count=0,suspend event sub count=0
info|2023-07-08 14:12:09.295754|[SDK][WS][SERVICE]connected nodes,count=2
info|2023-07-08 14:12:09.299163|[EVENT][SUB][doLoop]event sub tasks report,working event sub count=0,suspend event sub count=0
info|2023-07-08 14:12:29.296345|[SDK][WS][SERVICE]connected nodes,count=2
info|2023-07-08 14:12:29.300031|[EVENT][SUB][doLoop]event sub tasks report,working event sub count=0,suspend event sub count=0
info|2023-07-08 14:12:49.297573|[SDK][WS][SERVICE]connected nodes,count=2
info|2023-07-08 14:12:49.300298|[EVENT][SUB][doLoop]event sub tasks report,working event sub count=0,suspend event sub count=0
info|2023-07-08 14:13:09.297839|[SDK][WS][SERVICE]connected nodes,count=2
info|2023-07-08 14:13:09.300486|[EVENT][SUB][doLoop]event sub tasks report,working event sub count=0,suspend event sub count=0
info|2023-07-08 14:13:29.298381|[SDK][WS][SERVICE]connected nodes,count=2
info|2023-07-08 14:13:29.300945|[EVENT][SUB][doLoop]event sub tasks report,working event sub count=0,suspend event sub count=0
info|2023-07-08 14:13:49.298590|[SDK][WS][SERVICE]connected nodes,count=2
info|2023-07-08 14:13:49.301379|[EVENT][SUB][doLoop]event sub tasks report,working event sub count=0,suspend event sub count=0
info|2023-07-08 14:14:09.298944|[SDK][WS][SERVICE]connected nodes,count=2
info|2023-07-08 14:14:09.301790|[EVENT][SUB][doLoop]event sub tasks report,working event sub count=0,suspend event sub count=0
info|2023-07-08 14:14:29.299539|[SDK][WS][SERVICE]connected nodes,count=2
info|2023-07-08 14:14:29.301854|[EVENT][SUB][doLoop]event sub tasks report,working event sub count=0,suspend event sub count=0
info|2023-07-08 14:14:49.299767|[SDK][WS][SERVICE]connected nodes,count=2
info|2023-07-08 14:14:49.301990|[EVENT][SUB][doLoop]event sub tasks report,working event sub count=0,suspend event sub count=0
info|2023-07-08 14:15:09.300318|[SDK][WS][SERVICE]connected nodes,count=2
info|2023-07-08 14:15:09.302050|[EVENT][SUB][doLoop]event sub tasks report,working event sub count=0,suspend event sub count=0
info|2023-07-08 14:15:29.300464|[SDK][WS][SERVICE]connected nodes,count=2
info|2023-07-08 14:15:29.302138|[EVENT][SUB][doLoop]event sub tasks report,working event sub count=0,suspend event sub count=0
info|2023-07-08 14:15:49.301201|[SDK][WS][SERVICE]connected nodes,count=2
info|2023-07-08 14:15:49.302329|[EVENT][SUB][doLoop]event sub tasks report,working event sub count=0,suspend event sub count=0
info|2023-07-08 14:16:09.301753|[SDK][WS][SERVICE]connected nodes,count=2
info|2023-07-08 14:16:09.302936|[EVENT][SUB][doLoop]event sub tasks report,working event sub count=0,suspend event sub count=0
info|2023-07-08 14:16:29.302285|[SDK][WS][SERVICE]connected nodes,count=2
info|2023-07-08 14:16:29.303512|[EVENT][SUB][doLoop]event sub tasks report,working event sub count=0,suspend event sub count=0
info|2023-07-08 14:16:49.302594|[SDK][WS][SERVICE]connected nodes,count=2
info|2023-07-08 14:16:49.304304|[EVENT][SUB][doLoop]event sub tasks report,working event sub count=0,suspend event sub count=0
info|2023-07-08 14:17:09.302817|[SDK][WS][SERVICE]connected nodes,count=2
info|2023-07-08 14:17:09.304499|[EVENT][SUB][doLoop]event sub tasks report,working event sub count=0,suspend event sub count=0
info|2023-07-08 14:17:29.302989|[SDK][WS][SERVICE]connected nodes,count=2
info|2023-07-08 14:17:29.304761|[EVENT][SUB][doLoop]event sub tasks report,working event sub count=0,suspend event sub count=0
info|2023-07-08 14:17:49.303336|[SDK][WS][SERVICE]connected nodes,count=2
info|2023-07-08 14:17:49.305096|[EVENT][SUB][doLoop]event sub tasks report,working event sub count=0,suspend event sub count=0
info|2023-07-08 14:18:09.303785|[SDK][WS][SERVICE]connected nodes,count=2
info|2023-07-08 14:18:09.305622|[EVENT][SUB][doLoop]event sub tasks report,working event sub count=0,suspend event sub count=0
info|2023-07-08 14:18:29.304321|[SDK][WS][SERVICE]connected nodes,count=2
info|2023-07-08 14:18:29.305998|[EVENT][SUB][doLoop]event sub tasks report,working event sub count=0,suspend event sub count=0
info|2023-07-08 14:18:49.304449|[SDK][WS][SERVICE]connected nodes,count=2
info|2023-07-08 14:18:49.306525|[EVENT][SUB][doLoop]event sub tasks report,working event sub count=0,suspend event sub count=0
info|2023-07-08 14:19:09.304697|[SDK][WS][SERVICE]connected nodes,count=2
info|2023-07-08 14:19:09.306621|[EVENT][SUB][doLoop]event sub tasks report,working event sub count=0,suspend event sub count=0
info|2023-07-08 14:19:29.305285|[SDK][WS][SERVICE]connected nodes,count=2
info|2023-07-08 14:19:29.306848|[EVENT][SUB][doLoop]event sub tasks report,working event sub count=0,suspend event sub count=0
info|2023-07-08 14:19:49.305853|[SDK][WS][SERVICE]connected nodes,count=2
info|2023-07-08 14:19:49.306997|[EVENT][SUB][doLoop]event sub tasks report,working event sub count=0,suspend event sub count=0
info|2023-07-08 14:20:09.306240|[SDK][WS][SERVICE]connected nodes,count=2
info|2023-07-08 14:20:09.307309|[EVENT][SUB][doLoop]event sub tasks report,working event sub count=0,suspend event sub count=0
info|2023-07-08 14:20:29.306388|[SDK][WS][SERVICE]connected nodes,count=2
info|2023-07-08 14:20:29.307471|[EVENT][SUB][doLoop]event sub tasks report,working event sub count=0,suspend event sub count=0
info|2023-07-08 14:20:49.306686|[SDK][WS][SERVICE]connected nodes,count=2
info|2023-07-08 14:20:49.307917|[EVENT][SUB][doLoop]event sub tasks report,working event sub count=0,suspend event sub count=0
info|2023-07-08 14:21:09.307065|[SDK][WS][SERVICE]connected nodes,count=2
info|2023-07-08 14:21:09.308314|[EVENT][SUB][doLoop]event sub tasks report,working event sub count=0,suspend event sub count=0
info|2023-07-08 14:21:29.307293|[SDK][WS][SERVICE]connected nodes,count=2
info|2023-07-08 14:21:29.308599|[EVENT][SUB][doLoop]event sub tasks report,working event sub count=0,suspend event sub count=0
info|2023-07-08 14:21:49.307425|[SDK][WS][SERVICE]connected nodes,count=2
info|2023-07-08 14:21:49.308744|[EVENT][SUB][doLoop]event sub tasks report,working event sub count=0,suspend event sub count=0
info|2023-07-08 14:22:09.307733|[SDK][WS][SERVICE]connected nodes,count=2
info|2023-07-08 14:22:09.308838|[EVENT][SUB][doLoop]event sub tasks report,working event sub count=0,suspend event sub count=0
info|2023-07-08 14:22:29.308328|[SDK][WS][SERVICE]connected nodes,count=2
info|2023-07-08 14:22:29.308964|[EVENT][SUB][doLoop]event sub tasks report,working event sub count=0,suspend event sub count=0
info|2023-07-08 14:22:49.308808|[SDK][WS][SERVICE]connected nodes,count=2
info|2023-07-08 14:22:49.309123|[EVENT][SUB][doLoop]event sub tasks report,working event sub count=0,suspend event sub count=0
info|2023-07-08 14:23:09.309203|[SDK][WS][SERVICE]connected nodes,count=2
info|2023-07-08 14:23:09.309256|[EVENT][SUB][doLoop]event sub tasks report,working event sub count=0,suspend event sub count=0
info|2023-07-08 14:23:29.309847|[SDK][WS][SERVICE]connected nodes,count=2
info|2023-07-08 14:23:29.309955|[EVENT][SUB][doLoop]event sub tasks report,working event sub count=0,suspend event sub count=0
info|2023-07-08 14:23:49.310088|[SDK][WS][SERVICE]connected nodes,count=2
info|2023-07-08 14:23:49.310206|[EVENT][SUB][doLoop]event sub tasks report,working event sub count=0,suspend event sub count=0
info|2023-07-08 14:24:09.310988|[SDK][WS][SERVICE]connected nodes,count=2
info|2023-07-08 14:24:09.311184|[EVENT][SUB][doLoop]event sub tasks report,working event sub count=0,suspend event sub count=0
info|2023-07-08 14:24:29.311433|[EVENT][SUB][doLoop]event sub tasks report,working event sub count=0,suspend event sub count=0
info|2023-07-08 14:24:29.311501|[SDK][WS][SERVICE]connected nodes,count=2
info|2023-07-08 14:24:49.311490|[EVENT][SUB][doLoop]event sub tasks report,working event sub count=0,suspend event sub count=0
info|2023-07-08 14:24:49.311906|[SDK][WS][SERVICE]connected nodes,count=2
info|2023-07-08 14:25:09.311541|[EVENT][SUB][doLoop]event sub tasks report,working event sub count=0,suspend event sub count=0
info|2023-07-08 14:25:09.312264|[SDK][WS][SERVICE]connected nodes,count=2
info|2023-07-08 14:25:29.311729|[EVENT][SUB][doLoop]event sub tasks report,working event sub count=0,suspend event sub count=0
info|2023-07-08 14:25:29.313035|[SDK][WS][SERVICE]connected nodes,count=2
info|2023-07-08 14:25:49.312004|[EVENT][SUB][doLoop]event sub tasks report,working event sub count=0,suspend event sub count=0
info|2023-07-08 14:25:49.313153|[SDK][WS][SERVICE]connected nodes,count=2
info|2023-07-08 14:26:09.312083|[EVENT][SUB][doLoop]event sub tasks report,working event sub count=0,suspend event sub count=0
info|2023-07-08 14:26:09.313446|[SDK][WS][SERVICE]connected nodes,count=2
info|2023-07-08 14:26:29.312812|[EVENT][SUB][doLoop]event sub tasks report,working event sub count=0,suspend event sub count=0
info|2023-07-08 14:26:29.313924|[SDK][WS][SERVICE]connected nodes,count=2
info|2023-07-08 14:26:49.313020|[EVENT][SUB][doLoop]event sub tasks report,working event sub count=0,suspend event sub count=0
info|2023-07-08 14:26:49.314183|[SDK][WS][SERVICE]connected nodes,count=2
info|2023-07-08 14:27:09.313312|[EVENT][SUB][doLoop]event sub tasks report,working event sub count=0,suspend event sub count=0
info|2023-07-08 14:27:09.314470|[SDK][WS][SERVICE]connected nodes,count=2
info|2023-07-08 14:27:13.849439|[RPC][BLOCK][NUMBER][fromJson],group=group0,node=98a7f70ec883a722219d92253cf073a72605f4087aa3443c8e4aadc0af2dc3ac647d0fa1b5ac99cd6987abafe6d690ae71cd5fd2aeeabe7589bfb4748aabdfba,blockNumber=2063
info|2023-07-08 14:27:13.849472|[RPCWS][SERVICE][onRecvBlockNotifier]receive block number notifier,group=group0,node=98a7f70ec883a722219d92253cf073a72605f4087aa3443c8e4aadc0af2dc3ac647d0fa1b5ac99cd6987abafe6d690ae71cd5fd2aeeabe7589bfb4748aabdfba,blockNumber=2063
info|2023-07-08 14:27:13.849479|[RPCWS][SERVICE][updateGroupBlockNumber],groupID=group0,_blockNumber=2063
info|2023-07-08 14:27:13.849504|[RPCWS][SERVICE][onRecvBlockNotifier]block notifier callback,group=group0,node=98a7f70ec883a722219d92253cf073a72605f4087aa3443c8e4aadc0af2dc3ac647d0fa1b5ac99cd6987abafe6d690ae71cd5fd2aeeabe7589bfb4748aabdfba,blockNumber=2063
info|2023-07-08 14:27:13.849508|[WS]receive block notify,endpoint=127.0.0.1:20200,blk={
	"blockNumber" : 2063,
	"group" : "group0",
	"nodeName" : "98a7f70ec883a722219d92253cf073a72605f4087aa3443c8e4aadc0af2dc3ac647d0fa1b5ac99cd6987abafe6d690ae71cd5fd2aeeabe7589bfb4748aabdfba"
}
info|2023-07-08 14:27:13.888183|[RPC][BLOCK][NUMBER][fromJson],group=group0,node=2f993327933ad58672518b6d4f63920cbc68b80f78f4d81192552ee6362f5cc81ee13bdc678ad65f06e76444cadb53b33694cfb3fc7679b8000411975fedd28a,blockNumber=2063
info|2023-07-08 14:27:13.888207|[RPCWS][SERVICE][onRecvBlockNotifier]receive block number notifier,group=group0,node=2f993327933ad58672518b6d4f63920cbc68b80f78f4d81192552ee6362f5cc81ee13bdc678ad65f06e76444cadb53b33694cfb3fc7679b8000411975fedd28a,blockNumber=2063
info|2023-07-08 14:27:13.888214|[WS]receive block notify,endpoint=127.0.0.1:20201,blk={
	"blockNumber" : 2063,
	"group" : "group0",
	"nodeName" : "2f993327933ad58672518b6d4f63920cbc68b80f78f4d81192552ee6362f5cc81ee13bdc678ad65f06e76444cadb53b33694cfb3fc7679b8000411975fedd28a"
}
info|2023-07-08 14:27:14.421093|[RPC][BLOCK][NUMBER][fromJson],group=group0,node=98a7f70ec883a722219d92253cf073a72605f4087aa3443c8e4aadc0af2dc3ac647d0fa1b5ac99cd6987abafe6d690ae71cd5fd2aeeabe7589bfb4748aabdfba,blockNumber=2064
info|2023-07-08 14:27:14.421115|[RPCWS][SERVICE][onRecvBlockNotifier]receive block number notifier,group=group0,node=98a7f70ec883a722219d92253cf073a72605f4087aa3443c8e4aadc0af2dc3ac647d0fa1b5ac99cd6987abafe6d690ae71cd5fd2aeeabe7589bfb4748aabdfba,blockNumber=2064
info|2023-07-08 14:27:14.421120|[RPCWS][SERVICE][updateGroupBlockNumber],groupID=group0,_blockNumber=2064
info|2023-07-08 14:27:14.421125|[RPCWS][SERVICE][onRecvBlockNotifier]block notifier callback,group=group0,node=98a7f70ec883a722219d92253cf073a72605f4087aa3443c8e4aadc0af2dc3ac647d0fa1b5ac99cd6987abafe6d690ae71cd5fd2aeeabe7589bfb4748aabdfba,blockNumber=2064
info|2023-07-08 14:27:14.421128|[WS]receive block notify,endpoint=127.0.0.1:20200,blk={
	"blockNumber" : 2064,
	"group" : "group0",
	"nodeName" : "98a7f70ec883a722219d92253cf073a72605f4087aa3443c8e4aadc0af2dc3ac647d0fa1b5ac99cd6987abafe6d690ae71cd5fd2aeeabe7589bfb4748aabdfba"
}
info|2023-07-08 14:27:14.495538|[RPC][BLOCK][NUMBER][fromJson],group=group0,node=2f993327933ad58672518b6d4f63920cbc68b80f78f4d81192552ee6362f5cc81ee13bdc678ad65f06e76444cadb53b33694cfb3fc7679b8000411975fedd28a,blockNumber=2064
info|2023-07-08 14:27:14.495584|[RPCWS][SERVICE][onRecvBlockNotifier]receive block number notifier,group=group0,node=2f993327933ad58672518b6d4f63920cbc68b80f78f4d81192552ee6362f5cc81ee13bdc678ad65f06e76444cadb53b33694cfb3fc7679b8000411975fedd28a,blockNumber=2064
info|2023-07-08 14:27:14.495609|[WS]receive block notify,endpoint=127.0.0.1:20201,blk={
	"blockNumber" : 2064,
	"group" : "group0",
	"nodeName" : "2f993327933ad58672518b6d4f63920cbc68b80f78f4d81192552ee6362f5cc81ee13bdc678ad65f06e76444cadb53b33694cfb3fc7679b8000411975fedd28a"
}
info|2023-07-08 14:27:15.004801|[RPC][BLOCK][NUMBER][fromJson],group=group0,node=98a7f70ec883a722219d92253cf073a72605f4087aa3443c8e4aadc0af2dc3ac647d0fa1b5ac99cd6987abafe6d690ae71cd5fd2aeeabe7589bfb4748aabdfba,blockNumber=2065
info|2023-07-08 14:27:15.004820|[RPCWS][SERVICE][onRecvBlockNotifier]receive block number notifier,group=group0,node=98a7f70ec883a722219d92253cf073a72605f4087aa3443c8e4aadc0af2dc3ac647d0fa1b5ac99cd6987abafe6d690ae71cd5fd2aeeabe7589bfb4748aabdfba,blockNumber=2065
info|2023-07-08 14:27:15.004824|[RPCWS][SERVICE][updateGroupBlockNumber],groupID=group0,_blockNumber=2065
info|2023-07-08 14:27:15.004829|[RPCWS][SERVICE][onRecvBlockNotifier]block notifier callback,group=group0,node=98a7f70ec883a722219d92253cf073a72605f4087aa3443c8e4aadc0af2dc3ac647d0fa1b5ac99cd6987abafe6d690ae71cd5fd2aeeabe7589bfb4748aabdfba,blockNumber=2065
info|2023-07-08 14:27:15.004832|[WS]receive block notify,endpoint=127.0.0.1:20200,blk={
	"blockNumber" : 2065,
	"group" : "group0",
	"nodeName" : "98a7f70ec883a722219d92253cf073a72605f4087aa3443c8e4aadc0af2dc3ac647d0fa1b5ac99cd6987abafe6d690ae71cd5fd2aeeabe7589bfb4748aabdfba"
}
info|2023-07-08 14:27:15.047879|[RPC][BLOCK][NUMBER][fromJson],group=group0,node=2f993327933ad58672518b6d4f63920cbc68b80f78f4d81192552ee6362f5cc81ee13bdc678ad65f06e76444cadb53b33694cfb3fc7679b8000411975fedd28a,blockNumber=2065
info|2023-07-08 14:27:15.047901|[RPCWS][SERVICE][onRecvBlockNotifier]receive block number notifier,group=group0,node=2f993327933ad58672518b6d4f63920cbc68b80f78f4d81192552ee6362f5cc81ee13bdc678ad65f06e76444cadb53b33694cfb3fc7679b8000411975fedd28a,blockNumber=2065
info|2023-07-08 14:27:15.047907|[WS]receive block notify,endpoint=127.0.0.1:20201,blk={
	"blockNumber" : 2065,
	"group" : "group0",
	"nodeName" : "2f993327933ad58672518b6d4f63920cbc68b80f78f4d81192552ee6362f5cc81ee13bdc678ad65f06e76444cadb53b33694cfb3fc7679b8000411975fedd28a"
}
info|2023-07-08 14:27:15.607900|[RPC][BLOCK][NUMBER][fromJson],group=group0,node=98a7f70ec883a722219d92253cf073a72605f4087aa3443c8e4aadc0af2dc3ac647d0fa1b5ac99cd6987abafe6d690ae71cd5fd2aeeabe7589bfb4748aabdfba,blockNumber=2066
info|2023-07-08 14:27:15.607921|[RPCWS][SERVICE][onRecvBlockNotifier]receive block number notifier,group=group0,node=98a7f70ec883a722219d92253cf073a72605f4087aa3443c8e4aadc0af2dc3ac647d0fa1b5ac99cd6987abafe6d690ae71cd5fd2aeeabe7589bfb4748aabdfba,blockNumber=2066
info|2023-07-08 14:27:15.607927|[RPCWS][SERVICE][updateGroupBlockNumber],groupID=group0,_blockNumber=2066
info|2023-07-08 14:27:15.607930|[RPCWS][SERVICE][onRecvBlockNotifier]block notifier callback,group=group0,node=98a7f70ec883a722219d92253cf073a72605f4087aa3443c8e4aadc0af2dc3ac647d0fa1b5ac99cd6987abafe6d690ae71cd5fd2aeeabe7589bfb4748aabdfba,blockNumber=2066
info|2023-07-08 14:27:15.607933|[WS]receive block notify,endpoint=127.0.0.1:20200,blk={
	"blockNumber" : 2066,
	"group" : "group0",
	"nodeName" : "98a7f70ec883a722219d92253cf073a72605f4087aa3443c8e4aadc0af2dc3ac647d0fa1b5ac99cd6987abafe6d690ae71cd5fd2aeeabe7589bfb4748aabdfba"
}
info|2023-07-08 14:27:15.683327|[RPC][BLOCK][NUMBER][fromJson],group=group0,node=2f993327933ad58672518b6d4f63920cbc68b80f78f4d81192552ee6362f5cc81ee13bdc678ad65f06e76444cadb53b33694cfb3fc7679b8000411975fedd28a,blockNumber=2066
info|2023-07-08 14:27:15.683350|[RPCWS][SERVICE][onRecvBlockNotifier]receive block number notifier,group=group0,node=2f993327933ad58672518b6d4f63920cbc68b80f78f4d81192552ee6362f5cc81ee13bdc678ad65f06e76444cadb53b33694cfb3fc7679b8000411975fedd28a,blockNumber=2066
info|2023-07-08 14:27:15.683357|[WS]receive block notify,endpoint=127.0.0.1:20201,blk={
	"blockNumber" : 2066,
	"group" : "group0",
	"nodeName" : "2f993327933ad58672518b6d4f63920cbc68b80f78f4d81192552ee6362f5cc81ee13bdc678ad65f06e76444cadb53b33694cfb3fc7679b8000411975fedd28a"
}
info|2023-07-08 14:27:16.132424|[RPC][BLOCK][NUMBER][fromJson],group=group0,node=98a7f70ec883a722219d92253cf073a72605f4087aa3443c8e4aadc0af2dc3ac647d0fa1b5ac99cd6987abafe6d690ae71cd5fd2aeeabe7589bfb4748aabdfba,blockNumber=2067
info|2023-07-08 14:27:16.132469|[RPCWS][SERVICE][onRecvBlockNotifier]receive block number notifier,group=group0,node=98a7f70ec883a722219d92253cf073a72605f4087aa3443c8e4aadc0af2dc3ac647d0fa1b5ac99cd6987abafe6d690ae71cd5fd2aeeabe7589bfb4748aabdfba,blockNumber=2067
info|2023-07-08 14:27:16.132477|[RPCWS][SERVICE][updateGroupBlockNumber],groupID=group0,_blockNumber=2067
info|2023-07-08 14:27:16.132481|[RPCWS][SERVICE][onRecvBlockNotifier]block notifier callback,group=group0,node=98a7f70ec883a722219d92253cf073a72605f4087aa3443c8e4aadc0af2dc3ac647d0fa1b5ac99cd6987abafe6d690ae71cd5fd2aeeabe7589bfb4748aabdfba,blockNumber=2067
info|2023-07-08 14:27:16.132485|[WS]receive block notify,endpoint=127.0.0.1:20200,blk={
	"blockNumber" : 2067,
	"group" : "group0",
	"nodeName" : "98a7f70ec883a722219d92253cf073a72605f4087aa3443c8e4aadc0af2dc3ac647d0fa1b5ac99cd6987abafe6d690ae71cd5fd2aeeabe7589bfb4748aabdfba"
}
info|2023-07-08 14:27:16.139732|[RPC][BLOCK][NUMBER][fromJson],group=group0,node=2f993327933ad58672518b6d4f63920cbc68b80f78f4d81192552ee6362f5cc81ee13bdc678ad65f06e76444cadb53b33694cfb3fc7679b8000411975fedd28a,blockNumber=2067
info|2023-07-08 14:27:16.139753|[RPCWS][SERVICE][onRecvBlockNotifier]receive block number notifier,group=group0,node=2f993327933ad58672518b6d4f63920cbc68b80f78f4d81192552ee6362f5cc81ee13bdc678ad65f06e76444cadb53b33694cfb3fc7679b8000411975fedd28a,blockNumber=2067
info|2023-07-08 14:27:16.139760|[WS]receive block notify,endpoint=127.0.0.1:20201,blk={
	"blockNumber" : 2067,
	"group" : "group0",
	"nodeName" : "2f993327933ad58672518b6d4f63920cbc68b80f78f4d81192552ee6362f5cc81ee13bdc678ad65f06e76444cadb53b33694cfb3fc7679b8000411975fedd28a"
}
info|2023-07-08 14:27:16.667778|[RPC][BLOCK][NUMBER][fromJson],group=group0,node=98a7f70ec883a722219d92253cf073a72605f4087aa3443c8e4aadc0af2dc3ac647d0fa1b5ac99cd6987abafe6d690ae71cd5fd2aeeabe7589bfb4748aabdfba,blockNumber=2068
info|2023-07-08 14:27:16.667799|[RPCWS][SERVICE][onRecvBlockNotifier]receive block number notifier,group=group0,node=98a7f70ec883a722219d92253cf073a72605f4087aa3443c8e4aadc0af2dc3ac647d0fa1b5ac99cd6987abafe6d690ae71cd5fd2aeeabe7589bfb4748aabdfba,blockNumber=2068
info|2023-07-08 14:27:16.667805|[RPCWS][SERVICE][updateGroupBlockNumber],groupID=group0,_blockNumber=2068
info|2023-07-08 14:27:16.667808|[RPCWS][SERVICE][onRecvBlockNotifier]block notifier callback,group=group0,node=98a7f70ec883a722219d92253cf073a72605f4087aa3443c8e4aadc0af2dc3ac647d0fa1b5ac99cd6987abafe6d690ae71cd5fd2aeeabe7589bfb4748aabdfba,blockNumber=2068
info|2023-07-08 14:27:16.667812|[WS]receive block notify,endpoint=127.0.0.1:20200,blk={
	"blockNumber" : 2068,
	"group" : "group0",
	"nodeName" : "98a7f70ec883a722219d92253cf073a72605f4087aa3443c8e4aadc0af2dc3ac647d0fa1b5ac99cd6987abafe6d690ae71cd5fd2aeeabe7589bfb4748aabdfba"
}
info|2023-07-08 14:27:16.714729|[RPC][BLOCK][NUMBER][fromJson],group=group0,node=2f993327933ad58672518b6d4f63920cbc68b80f78f4d81192552ee6362f5cc81ee13bdc678ad65f06e76444cadb53b33694cfb3fc7679b8000411975fedd28a,blockNumber=2068
info|2023-07-08 14:27:16.714750|[RPCWS][SERVICE][onRecvBlockNotifier]receive block number notifier,group=group0,node=2f993327933ad58672518b6d4f63920cbc68b80f78f4d81192552ee6362f5cc81ee13bdc678ad65f06e76444cadb53b33694cfb3fc7679b8000411975fedd28a,blockNumber=2068
info|2023-07-08 14:27:16.714756|[WS]receive block notify,endpoint=127.0.0.1:20201,blk={
	"blockNumber" : 2068,
	"group" : "group0",
	"nodeName" : "2f993327933ad58672518b6d4f63920cbc68b80f78f4d81192552ee6362f5cc81ee13bdc678ad65f06e76444cadb53b33694cfb3fc7679b8000411975fedd28a"
}
info|2023-07-08 14:27:17.269896|[RPC][BLOCK][NUMBER][fromJson],group=group0,node=98a7f70ec883a722219d92253cf073a72605f4087aa3443c8e4aadc0af2dc3ac647d0fa1b5ac99cd6987abafe6d690ae71cd5fd2aeeabe7589bfb4748aabdfba,blockNumber=2069
info|2023-07-08 14:27:17.269922|[RPCWS][SERVICE][onRecvBlockNotifier]receive block number notifier,group=group0,node=98a7f70ec883a722219d92253cf073a72605f4087aa3443c8e4aadc0af2dc3ac647d0fa1b5ac99cd6987abafe6d690ae71cd5fd2aeeabe7589bfb4748aabdfba,blockNumber=2069
info|2023-07-08 14:27:17.269927|[RPCWS][SERVICE][updateGroupBlockNumber],groupID=group0,_blockNumber=2069
info|2023-07-08 14:27:17.269932|[RPCWS][SERVICE][onRecvBlockNotifier]block notifier callback,group=group0,node=98a7f70ec883a722219d92253cf073a72605f4087aa3443c8e4aadc0af2dc3ac647d0fa1b5ac99cd6987abafe6d690ae71cd5fd2aeeabe7589bfb4748aabdfba,blockNumber=2069
info|2023-07-08 14:27:17.269936|[WS]receive block notify,endpoint=127.0.0.1:20200,blk={
	"blockNumber" : 2069,
	"group" : "group0",
	"nodeName" : "98a7f70ec883a722219d92253cf073a72605f4087aa3443c8e4aadc0af2dc3ac647d0fa1b5ac99cd6987abafe6d690ae71cd5fd2aeeabe7589bfb4748aabdfba"
}
info|2023-07-08 14:27:17.297802|[RPC][BLOCK][NUMBER][fromJson],group=group0,node=2f993327933ad58672518b6d4f63920cbc68b80f78f4d81192552ee6362f5cc81ee13bdc678ad65f06e76444cadb53b33694cfb3fc7679b8000411975fedd28a,blockNumber=2069
info|2023-07-08 14:27:17.297826|[RPCWS][SERVICE][onRecvBlockNotifier]receive block number notifier,group=group0,node=2f993327933ad58672518b6d4f63920cbc68b80f78f4d81192552ee6362f5cc81ee13bdc678ad65f06e76444cadb53b33694cfb3fc7679b8000411975fedd28a,blockNumber=2069
info|2023-07-08 14:27:17.297833|[WS]receive block notify,endpoint=127.0.0.1:20201,blk={
	"blockNumber" : 2069,
	"group" : "group0",
	"nodeName" : "2f993327933ad58672518b6d4f63920cbc68b80f78f4d81192552ee6362f5cc81ee13bdc678ad65f06e76444cadb53b33694cfb3fc7679b8000411975fedd28a"
}
info|2023-07-08 14:27:17.858994|[RPC][BLOCK][NUMBER][fromJson],group=group0,node=98a7f70ec883a722219d92253cf073a72605f4087aa3443c8e4aadc0af2dc3ac647d0fa1b5ac99cd6987abafe6d690ae71cd5fd2aeeabe7589bfb4748aabdfba,blockNumber=2070
info|2023-07-08 14:27:17.859023|[RPCWS][SERVICE][onRecvBlockNotifier]receive block number notifier,group=group0,node=98a7f70ec883a722219d92253cf073a72605f4087aa3443c8e4aadc0af2dc3ac647d0fa1b5ac99cd6987abafe6d690ae71cd5fd2aeeabe7589bfb4748aabdfba,blockNumber=2070
info|2023-07-08 14:27:17.859030|[RPCWS][SERVICE][updateGroupBlockNumber],groupID=group0,_blockNumber=2070
info|2023-07-08 14:27:17.859035|[RPCWS][SERVICE][onRecvBlockNotifier]block notifier callback,group=group0,node=98a7f70ec883a722219d92253cf073a72605f4087aa3443c8e4aadc0af2dc3ac647d0fa1b5ac99cd6987abafe6d690ae71cd5fd2aeeabe7589bfb4748aabdfba,blockNumber=2070
info|2023-07-08 14:27:17.859040|[WS]receive block notify,endpoint=127.0.0.1:20200,blk={
	"blockNumber" : 2070,
	"group" : "group0",
	"nodeName" : "98a7f70ec883a722219d92253cf073a72605f4087aa3443c8e4aadc0af2dc3ac647d0fa1b5ac99cd6987abafe6d690ae71cd5fd2aeeabe7589bfb4748aabdfba"
}
info|2023-07-08 14:27:17.896180|[RPC][BLOCK][NUMBER][fromJson],group=group0,node=2f993327933ad58672518b6d4f63920cbc68b80f78f4d81192552ee6362f5cc81ee13bdc678ad65f06e76444cadb53b33694cfb3fc7679b8000411975fedd28a,blockNumber=2070
info|2023-07-08 14:27:17.896260|[RPCWS][SERVICE][onRecvBlockNotifier]receive block number notifier,group=group0,node=2f993327933ad58672518b6d4f63920cbc68b80f78f4d81192552ee6362f5cc81ee13bdc678ad65f06e76444cadb53b33694cfb3fc7679b8000411975fedd28a,blockNumber=2070
info|2023-07-08 14:27:17.896268|[WS]receive block notify,endpoint=127.0.0.1:20201,blk={
	"blockNumber" : 2070,
	"group" : "group0",
	"nodeName" : "2f993327933ad58672518b6d4f63920cbc68b80f78f4d81192552ee6362f5cc81ee13bdc678ad65f06e76444cadb53b33694cfb3fc7679b8000411975fedd28a"
}
info|2023-07-08 14:27:18.383999|[RPC][BLOCK][NUMBER][fromJson],group=group0,node=98a7f70ec883a722219d92253cf073a72605f4087aa3443c8e4aadc0af2dc3ac647d0fa1b5ac99cd6987abafe6d690ae71cd5fd2aeeabe7589bfb4748aabdfba,blockNumber=2071
info|2023-07-08 14:27:18.384020|[RPCWS][SERVICE][onRecvBlockNotifier]receive block number notifier,group=group0,node=98a7f70ec883a722219d92253cf073a72605f4087aa3443c8e4aadc0af2dc3ac647d0fa1b5ac99cd6987abafe6d690ae71cd5fd2aeeabe7589bfb4748aabdfba,blockNumber=2071
info|2023-07-08 14:27:18.384026|[RPCWS][SERVICE][updateGroupBlockNumber],groupID=group0,_blockNumber=2071
info|2023-07-08 14:27:18.384030|[RPCWS][SERVICE][onRecvBlockNotifier]block notifier callback,group=group0,node=98a7f70ec883a722219d92253cf073a72605f4087aa3443c8e4aadc0af2dc3ac647d0fa1b5ac99cd6987abafe6d690ae71cd5fd2aeeabe7589bfb4748aabdfba,blockNumber=2071
info|2023-07-08 14:27:18.384034|[WS]receive block notify,endpoint=127.0.0.1:20200,blk={
	"blockNumber" : 2071,
	"group" : "group0",
	"nodeName" : "98a7f70ec883a722219d92253cf073a72605f4087aa3443c8e4aadc0af2dc3ac647d0fa1b5ac99cd6987abafe6d690ae71cd5fd2aeeabe7589bfb4748aabdfba"
}
info|2023-07-08 14:27:18.408375|[RPC][BLOCK][NUMBER][fromJson],group=group0,node=2f993327933ad58672518b6d4f63920cbc68b80f78f4d81192552ee6362f5cc81ee13bdc678ad65f06e76444cadb53b33694cfb3fc7679b8000411975fedd28a,blockNumber=2071
info|2023-07-08 14:27:18.408397|[RPCWS][SERVICE][onRecvBlockNotifier]receive block number notifier,group=group0,node=2f993327933ad58672518b6d4f63920cbc68b80f78f4d81192552ee6362f5cc81ee13bdc678ad65f06e76444cadb53b33694cfb3fc7679b8000411975fedd28a,blockNumber=2071
info|2023-07-08 14:27:18.408404|[WS]receive block notify,endpoint=127.0.0.1:20201,blk={
	"blockNumber" : 2071,
	"group" : "group0",
	"nodeName" : "2f993327933ad58672518b6d4f63920cbc68b80f78f4d81192552ee6362f5cc81ee13bdc678ad65f06e76444cadb53b33694cfb3fc7679b8000411975fedd28a"
}
info|2023-07-08 14:27:18.924736|[RPC][BLOCK][NUMBER][fromJson],group=group0,node=98a7f70ec883a722219d92253cf073a72605f4087aa3443c8e4aadc0af2dc3ac647d0fa1b5ac99cd6987abafe6d690ae71cd5fd2aeeabe7589bfb4748aabdfba,blockNumber=2072
info|2023-07-08 14:27:18.924764|[RPCWS][SERVICE][onRecvBlockNotifier]receive block number notifier,group=group0,node=98a7f70ec883a722219d92253cf073a72605f4087aa3443c8e4aadc0af2dc3ac647d0fa1b5ac99cd6987abafe6d690ae71cd5fd2aeeabe7589bfb4748aabdfba,blockNumber=2072
info|2023-07-08 14:27:18.924769|[RPCWS][SERVICE][updateGroupBlockNumber],groupID=group0,_blockNumber=2072
info|2023-07-08 14:27:18.924774|[RPCWS][SERVICE][onRecvBlockNotifier]block notifier callback,group=group0,node=98a7f70ec883a722219d92253cf073a72605f4087aa3443c8e4aadc0af2dc3ac647d0fa1b5ac99cd6987abafe6d690ae71cd5fd2aeeabe7589bfb4748aabdfba,blockNumber=2072
info|2023-07-08 14:27:18.924778|[WS]receive block notify,endpoint=127.0.0.1:20200,blk={
	"blockNumber" : 2072,
	"group" : "group0",
	"nodeName" : "98a7f70ec883a722219d92253cf073a72605f4087aa3443c8e4aadc0af2dc3ac647d0fa1b5ac99cd6987abafe6d690ae71cd5fd2aeeabe7589bfb4748aabdfba"
}
info|2023-07-08 14:27:18.962228|[RPC][BLOCK][NUMBER][fromJson],group=group0,node=2f993327933ad58672518b6d4f63920cbc68b80f78f4d81192552ee6362f5cc81ee13bdc678ad65f06e76444cadb53b33694cfb3fc7679b8000411975fedd28a,blockNumber=2072
info|2023-07-08 14:27:18.962250|[RPCWS][SERVICE][onRecvBlockNotifier]receive block number notifier,group=group0,node=2f993327933ad58672518b6d4f63920cbc68b80f78f4d81192552ee6362f5cc81ee13bdc678ad65f06e76444cadb53b33694cfb3fc7679b8000411975fedd28a,blockNumber=2072
info|2023-07-08 14:27:18.962256|[WS]receive block notify,endpoint=127.0.0.1:20201,blk={
	"blockNumber" : 2072,
	"group" : "group0",
	"nodeName" : "2f993327933ad58672518b6d4f63920cbc68b80f78f4d81192552ee6362f5cc81ee13bdc678ad65f06e76444cadb53b33694cfb3fc7679b8000411975fedd28a"
}
info|2023-07-08 14:27:19.476926|[RPC][BLOCK][NUMBER][fromJson],group=group0,node=98a7f70ec883a722219d92253cf073a72605f4087aa3443c8e4aadc0af2dc3ac647d0fa1b5ac99cd6987abafe6d690ae71cd5fd2aeeabe7589bfb4748aabdfba,blockNumber=2073
info|2023-07-08 14:27:19.476982|[RPCWS][SERVICE][onRecvBlockNotifier]receive block number notifier,group=group0,node=98a7f70ec883a722219d92253cf073a72605f4087aa3443c8e4aadc0af2dc3ac647d0fa1b5ac99cd6987abafe6d690ae71cd5fd2aeeabe7589bfb4748aabdfba,blockNumber=2073
info|2023-07-08 14:27:19.476991|[RPCWS][SERVICE][updateGroupBlockNumber],groupID=group0,_blockNumber=2073
info|2023-07-08 14:27:19.476997|[RPCWS][SERVICE][onRecvBlockNotifier]block notifier callback,group=group0,node=98a7f70ec883a722219d92253cf073a72605f4087aa3443c8e4aadc0af2dc3ac647d0fa1b5ac99cd6987abafe6d690ae71cd5fd2aeeabe7589bfb4748aabdfba,blockNumber=2073
info|2023-07-08 14:27:19.477002|[WS]receive block notify,endpoint=127.0.0.1:20200,blk={
	"blockNumber" : 2073,
	"group" : "group0",
	"nodeName" : "98a7f70ec883a722219d92253cf073a72605f4087aa3443c8e4aadc0af2dc3ac647d0fa1b5ac99cd6987abafe6d690ae71cd5fd2aeeabe7589bfb4748aabdfba"
}
info|2023-07-08 14:27:19.531303|[RPC][BLOCK][NUMBER][fromJson],group=group0,node=2f993327933ad58672518b6d4f63920cbc68b80f78f4d81192552ee6362f5cc81ee13bdc678ad65f06e76444cadb53b33694cfb3fc7679b8000411975fedd28a,blockNumber=2073
info|2023-07-08 14:27:19.531324|[RPCWS][SERVICE][onRecvBlockNotifier]receive block number notifier,group=group0,node=2f993327933ad58672518b6d4f63920cbc68b80f78f4d81192552ee6362f5cc81ee13bdc678ad65f06e76444cadb53b33694cfb3fc7679b8000411975fedd28a,blockNumber=2073
info|2023-07-08 14:27:19.531331|[WS]receive block notify,endpoint=127.0.0.1:20201,blk={
	"blockNumber" : 2073,
	"group" : "group0",
	"nodeName" : "2f993327933ad58672518b6d4f63920cbc68b80f78f4d81192552ee6362f5cc81ee13bdc678ad65f06e76444cadb53b33694cfb3fc7679b8000411975fedd28a"
}
info|2023-07-08 14:27:20.132960|[RPC][BLOCK][NUMBER][fromJson],group=group0,node=98a7f70ec883a722219d92253cf073a72605f4087aa3443c8e4aadc0af2dc3ac647d0fa1b5ac99cd6987abafe6d690ae71cd5fd2aeeabe7589bfb4748aabdfba,blockNumber=2074
info|2023-07-08 14:27:20.132987|[RPCWS][SERVICE][onRecvBlockNotifier]receive block number notifier,group=group0,node=98a7f70ec883a722219d92253cf073a72605f4087aa3443c8e4aadc0af2dc3ac647d0fa1b5ac99cd6987abafe6d690ae71cd5fd2aeeabe7589bfb4748aabdfba,blockNumber=2074
info|2023-07-08 14:27:20.132994|[RPCWS][SERVICE][updateGroupBlockNumber],groupID=group0,_blockNumber=2074
info|2023-07-08 14:27:20.132999|[RPCWS][SERVICE][onRecvBlockNotifier]block notifier callback,group=group0,node=98a7f70ec883a722219d92253cf073a72605f4087aa3443c8e4aadc0af2dc3ac647d0fa1b5ac99cd6987abafe6d690ae71cd5fd2aeeabe7589bfb4748aabdfba,blockNumber=2074
info|2023-07-08 14:27:20.133004|[WS]receive block notify,endpoint=127.0.0.1:20200,blk={
	"blockNumber" : 2074,
	"group" : "group0",
	"nodeName" : "98a7f70ec883a722219d92253cf073a72605f4087aa3443c8e4aadc0af2dc3ac647d0fa1b5ac99cd6987abafe6d690ae71cd5fd2aeeabe7589bfb4748aabdfba"
}
info|2023-07-08 14:27:20.180455|[RPC][BLOCK][NUMBER][fromJson],group=group0,node=2f993327933ad58672518b6d4f63920cbc68b80f78f4d81192552ee6362f5cc81ee13bdc678ad65f06e76444cadb53b33694cfb3fc7679b8000411975fedd28a,blockNumber=2074
info|2023-07-08 14:27:20.180477|[RPCWS][SERVICE][onRecvBlockNotifier]receive block number notifier,group=group0,node=2f993327933ad58672518b6d4f63920cbc68b80f78f4d81192552ee6362f5cc81ee13bdc678ad65f06e76444cadb53b33694cfb3fc7679b8000411975fedd28a,blockNumber=2074
info|2023-07-08 14:27:20.180483|[WS]receive block notify,endpoint=127.0.0.1:20201,blk={
	"blockNumber" : 2074,
	"group" : "group0",
	"nodeName" : "2f993327933ad58672518b6d4f63920cbc68b80f78f4d81192552ee6362f5cc81ee13bdc678ad65f06e76444cadb53b33694cfb3fc7679b8000411975fedd28a"
}
info|2023-07-08 14:27:20.735048|[RPC][BLOCK][NUMBER][fromJson],group=group0,node=98a7f70ec883a722219d92253cf073a72605f4087aa3443c8e4aadc0af2dc3ac647d0fa1b5ac99cd6987abafe6d690ae71cd5fd2aeeabe7589bfb4748aabdfba,blockNumber=2075
info|2023-07-08 14:27:20.735080|[RPCWS][SERVICE][onRecvBlockNotifier]receive block number notifier,group=group0,node=98a7f70ec883a722219d92253cf073a72605f4087aa3443c8e4aadc0af2dc3ac647d0fa1b5ac99cd6987abafe6d690ae71cd5fd2aeeabe7589bfb4748aabdfba,blockNumber=2075
info|2023-07-08 14:27:20.735085|[RPCWS][SERVICE][updateGroupBlockNumber],groupID=group0,_blockNumber=2075
info|2023-07-08 14:27:20.735090|[RPCWS][SERVICE][onRecvBlockNotifier]block notifier callback,group=group0,node=98a7f70ec883a722219d92253cf073a72605f4087aa3443c8e4aadc0af2dc3ac647d0fa1b5ac99cd6987abafe6d690ae71cd5fd2aeeabe7589bfb4748aabdfba,blockNumber=2075
info|2023-07-08 14:27:20.735094|[WS]receive block notify,endpoint=127.0.0.1:20200,blk={
	"blockNumber" : 2075,
	"group" : "group0",
	"nodeName" : "98a7f70ec883a722219d92253cf073a72605f4087aa3443c8e4aadc0af2dc3ac647d0fa1b5ac99cd6987abafe6d690ae71cd5fd2aeeabe7589bfb4748aabdfba"
}
info|2023-07-08 14:27:20.760321|[RPC][BLOCK][NUMBER][fromJson],group=group0,node=2f993327933ad58672518b6d4f63920cbc68b80f78f4d81192552ee6362f5cc81ee13bdc678ad65f06e76444cadb53b33694cfb3fc7679b8000411975fedd28a,blockNumber=2075
info|2023-07-08 14:27:20.760343|[RPCWS][SERVICE][onRecvBlockNotifier]receive block number notifier,group=group0,node=2f993327933ad58672518b6d4f63920cbc68b80f78f4d81192552ee6362f5cc81ee13bdc678ad65f06e76444cadb53b33694cfb3fc7679b8000411975fedd28a,blockNumber=2075
info|2023-07-08 14:27:20.760350|[WS]receive block notify,endpoint=127.0.0.1:20201,blk={
	"blockNumber" : 2075,
	"group" : "group0",
	"nodeName" : "2f993327933ad58672518b6d4f63920cbc68b80f78f4d81192552ee6362f5cc81ee13bdc678ad65f06e76444cadb53b33694cfb3fc7679b8000411975fedd28a"
}
info|2023-07-08 14:27:21.281438|[RPC][BLOCK][NUMBER][fromJson],group=group0,node=98a7f70ec883a722219d92253cf073a72605f4087aa3443c8e4aadc0af2dc3ac647d0fa1b5ac99cd6987abafe6d690ae71cd5fd2aeeabe7589bfb4748aabdfba,blockNumber=2076
info|2023-07-08 14:27:21.281462|[RPCWS][SERVICE][onRecvBlockNotifier]receive block number notifier,group=group0,node=98a7f70ec883a722219d92253cf073a72605f4087aa3443c8e4aadc0af2dc3ac647d0fa1b5ac99cd6987abafe6d690ae71cd5fd2aeeabe7589bfb4748aabdfba,blockNumber=2076
info|2023-07-08 14:27:21.281468|[RPCWS][SERVICE][updateGroupBlockNumber],groupID=group0,_blockNumber=2076
info|2023-07-08 14:27:21.281472|[RPCWS][SERVICE][onRecvBlockNotifier]block notifier callback,group=group0,node=98a7f70ec883a722219d92253cf073a72605f4087aa3443c8e4aadc0af2dc3ac647d0fa1b5ac99cd6987abafe6d690ae71cd5fd2aeeabe7589bfb4748aabdfba,blockNumber=2076
info|2023-07-08 14:27:21.281476|[WS]receive block notify,endpoint=127.0.0.1:20200,blk={
	"blockNumber" : 2076,
	"group" : "group0",
	"nodeName" : "98a7f70ec883a722219d92253cf073a72605f4087aa3443c8e4aadc0af2dc3ac647d0fa1b5ac99cd6987abafe6d690ae71cd5fd2aeeabe7589bfb4748aabdfba"
}
info|2023-07-08 14:27:21.316778|[RPC][BLOCK][NUMBER][fromJson],group=group0,node=2f993327933ad58672518b6d4f63920cbc68b80f78f4d81192552ee6362f5cc81ee13bdc678ad65f06e76444cadb53b33694cfb3fc7679b8000411975fedd28a,blockNumber=2076
info|2023-07-08 14:27:21.316804|[RPCWS][SERVICE][onRecvBlockNotifier]receive block number notifier,group=group0,node=2f993327933ad58672518b6d4f63920cbc68b80f78f4d81192552ee6362f5cc81ee13bdc678ad65f06e76444cadb53b33694cfb3fc7679b8000411975fedd28a,blockNumber=2076
info|2023-07-08 14:27:21.316811|[WS]receive block notify,endpoint=127.0.0.1:20201,blk={
	"blockNumber" : 2076,
	"group" : "group0",
	"nodeName" : "2f993327933ad58672518b6d4f63920cbc68b80f78f4d81192552ee6362f5cc81ee13bdc678ad65f06e76444cadb53b33694cfb3fc7679b8000411975fedd28a"
}
info|2023-07-08 14:27:21.780811|[RPC][BLOCK][NUMBER][fromJson],group=group0,node=98a7f70ec883a722219d92253cf073a72605f4087aa3443c8e4aadc0af2dc3ac647d0fa1b5ac99cd6987abafe6d690ae71cd5fd2aeeabe7589bfb4748aabdfba,blockNumber=2077
info|2023-07-08 14:27:21.780829|[RPCWS][SERVICE][onRecvBlockNotifier]receive block number notifier,group=group0,node=98a7f70ec883a722219d92253cf073a72605f4087aa3443c8e4aadc0af2dc3ac647d0fa1b5ac99cd6987abafe6d690ae71cd5fd2aeeabe7589bfb4748aabdfba,blockNumber=2077
info|2023-07-08 14:27:21.780835|[RPCWS][SERVICE][updateGroupBlockNumber],groupID=group0,_blockNumber=2077
info|2023-07-08 14:27:21.780839|[RPCWS][SERVICE][onRecvBlockNotifier]block notifier callback,group=group0,node=98a7f70ec883a722219d92253cf073a72605f4087aa3443c8e4aadc0af2dc3ac647d0fa1b5ac99cd6987abafe6d690ae71cd5fd2aeeabe7589bfb4748aabdfba,blockNumber=2077
info|2023-07-08 14:27:21.780842|[WS]receive block notify,endpoint=127.0.0.1:20200,blk={
	"blockNumber" : 2077,
	"group" : "group0",
	"nodeName" : "98a7f70ec883a722219d92253cf073a72605f4087aa3443c8e4aadc0af2dc3ac647d0fa1b5ac99cd6987abafe6d690ae71cd5fd2aeeabe7589bfb4748aabdfba"
}
info|2023-07-08 14:27:21.823014|[RPC][BLOCK][NUMBER][fromJson],group=group0,node=2f993327933ad58672518b6d4f63920cbc68b80f78f4d81192552ee6362f5cc81ee13bdc678ad65f06e76444cadb53b33694cfb3fc7679b8000411975fedd28a,blockNumber=2077
info|2023-07-08 14:27:21.823065|[RPCWS][SERVICE][onRecvBlockNotifier]receive block number notifier,group=group0,node=2f993327933ad58672518b6d4f63920cbc68b80f78f4d81192552ee6362f5cc81ee13bdc678ad65f06e76444cadb53b33694cfb3fc7679b8000411975fedd28a,blockNumber=2077
info|2023-07-08 14:27:21.823073|[WS]receive block notify,endpoint=127.0.0.1:20201,blk={
	"blockNumber" : 2077,
	"group" : "group0",
	"nodeName" : "2f993327933ad58672518b6d4f63920cbc68b80f78f4d81192552ee6362f5cc81ee13bdc678ad65f06e76444cadb53b33694cfb3fc7679b8000411975fedd28a"
}
info|2023-07-08 14:27:22.377037|[RPC][BLOCK][NUMBER][fromJson],group=group0,node=98a7f70ec883a722219d92253cf073a72605f4087aa3443c8e4aadc0af2dc3ac647d0fa1b5ac99cd6987abafe6d690ae71cd5fd2aeeabe7589bfb4748aabdfba,blockNumber=2078
info|2023-07-08 14:27:22.377060|[RPCWS][SERVICE][onRecvBlockNotifier]receive block number notifier,group=group0,node=98a7f70ec883a722219d92253cf073a72605f4087aa3443c8e4aadc0af2dc3ac647d0fa1b5ac99cd6987abafe6d690ae71cd5fd2aeeabe7589bfb4748aabdfba,blockNumber=2078
info|2023-07-08 14:27:22.377065|[RPCWS][SERVICE][updateGroupBlockNumber],groupID=group0,_blockNumber=2078
info|2023-07-08 14:27:22.377069|[RPCWS][SERVICE][onRecvBlockNotifier]block notifier callback,group=group0,node=98a7f70ec883a722219d92253cf073a72605f4087aa3443c8e4aadc0af2dc3ac647d0fa1b5ac99cd6987abafe6d690ae71cd5fd2aeeabe7589bfb4748aabdfba,blockNumber=2078
info|2023-07-08 14:27:22.377073|[WS]receive block notify,endpoint=127.0.0.1:20200,blk={
	"blockNumber" : 2078,
	"group" : "group0",
	"nodeName" : "98a7f70ec883a722219d92253cf073a72605f4087aa3443c8e4aadc0af2dc3ac647d0fa1b5ac99cd6987abafe6d690ae71cd5fd2aeeabe7589bfb4748aabdfba"
}
info|2023-07-08 14:27:22.470770|[RPC][BLOCK][NUMBER][fromJson],group=group0,node=2f993327933ad58672518b6d4f63920cbc68b80f78f4d81192552ee6362f5cc81ee13bdc678ad65f06e76444cadb53b33694cfb3fc7679b8000411975fedd28a,blockNumber=2078
info|2023-07-08 14:27:22.470804|[RPCWS][SERVICE][onRecvBlockNotifier]receive block number notifier,group=group0,node=2f993327933ad58672518b6d4f63920cbc68b80f78f4d81192552ee6362f5cc81ee13bdc678ad65f06e76444cadb53b33694cfb3fc7679b8000411975fedd28a,blockNumber=2078
info|2023-07-08 14:27:22.470812|[WS]receive block notify,endpoint=127.0.0.1:20201,blk={
	"blockNumber" : 2078,
	"group" : "group0",
	"nodeName" : "2f993327933ad58672518b6d4f63920cbc68b80f78f4d81192552ee6362f5cc81ee13bdc678ad65f06e76444cadb53b33694cfb3fc7679b8000411975fedd28a"
}
info|2023-07-08 14:27:29.313433|[EVENT][SUB][doLoop]event sub tasks report,working event sub count=0,suspend event sub count=0
info|2023-07-08 14:27:29.315056|[SDK][WS][SERVICE]connected nodes,count=2
info|2023-07-08 14:27:49.313967|[EVENT][SUB][doLoop]event sub tasks report,working event sub count=0,suspend event sub count=0
info|2023-07-08 14:27:49.315574|[SDK][WS][SERVICE]connected nodes,count=2
info|2023-07-08 14:28:09.314373|[EVENT][SUB][doLoop]event sub tasks report,working event sub count=0,suspend event sub count=0
info|2023-07-08 14:28:09.315813|[SDK][WS][SERVICE]connected nodes,count=2
info|2023-07-08 14:28:29.314594|[EVENT][SUB][doLoop]event sub tasks report,working event sub count=0,suspend event sub count=0
info|2023-07-08 14:28:29.315952|[SDK][WS][SERVICE]connected nodes,count=2
info|2023-07-08 14:28:49.314901|[EVENT][SUB][doLoop]event sub tasks report,working event sub count=0,suspend event sub count=0
info|2023-07-08 14:28:49.316179|[SDK][WS][SERVICE]connected nodes,count=2
info|2023-07-08 14:29:09.315142|[EVENT][SUB][doLoop]event sub tasks report,working event sub count=0,suspend event sub count=0
info|2023-07-08 14:29:09.316440|[SDK][WS][SERVICE]connected nodes,count=2
info|2023-07-08 14:29:29.315227|[EVENT][SUB][doLoop]event sub tasks report,working event sub count=0,suspend event sub count=0
info|2023-07-08 14:29:29.316927|[SDK][WS][SERVICE]connected nodes,count=2
info|2023-07-08 14:29:49.315433|[EVENT][SUB][doLoop]event sub tasks report,working event sub count=0,suspend event sub count=0
info|2023-07-08 14:29:49.317377|[SDK][WS][SERVICE]connected nodes,count=2
info|2023-07-08 14:30:09.316027|[EVENT][SUB][doLoop]event sub tasks report,working event sub count=0,suspend event sub count=0
info|2023-07-08 14:30:09.318297|[SDK][WS][SERVICE]connected nodes,count=2
info|2023-07-08 14:30:29.316352|[EVENT][SUB][doLoop]event sub tasks report,working event sub count=0,suspend event sub count=0
info|2023-07-08 14:30:29.318561|[SDK][WS][SERVICE]connected nodes,count=2
info|2023-07-08 14:30:49.317200|[EVENT][SUB][doLoop]event sub tasks report,working event sub count=0,suspend event sub count=0
info|2023-07-08 14:30:49.318880|[SDK][WS][SERVICE]connected nodes,count=2
info|2023-07-08 14:31:09.318004|[EVENT][SUB][doLoop]event sub tasks report,working event sub count=0,suspend event sub count=0
info|2023-07-08 14:31:09.319169|[SDK][WS][SERVICE]connected nodes,count=2
info|2023-07-08 14:31:29.318044|[EVENT][SUB][doLoop]event sub tasks report,working event sub count=0,suspend event sub count=0
info|2023-07-08 14:31:29.320009|[SDK][WS][SERVICE]connected nodes,count=2
info|2023-07-08 14:31:49.318095|[EVENT][SUB][doLoop]event sub tasks report,working event sub count=0,suspend event sub count=0
info|2023-07-08 14:31:49.320323|[SDK][WS][SERVICE]connected nodes,count=2
info|2023-07-08 14:32:09.318528|[EVENT][SUB][doLoop]event sub tasks report,working event sub count=0,suspend event sub count=0
info|2023-07-08 14:32:09.320611|[SDK][WS][SERVICE]connected nodes,count=2
info|2023-07-08 14:32:29.318619|[EVENT][SUB][doLoop]event sub tasks report,working event sub count=0,suspend event sub count=0
info|2023-07-08 14:32:29.320927|[SDK][WS][SERVICE]connected nodes,count=2
info|2023-07-08 14:32:49.318958|[EVENT][SUB][doLoop]event sub tasks report,working event sub count=0,suspend event sub count=0
info|2023-07-08 14:32:49.321555|[SDK][WS][SERVICE]connected nodes,count=2
info|2023-07-08 14:33:09.319153|[EVENT][SUB][doLoop]event sub tasks report,working event sub count=0,suspend event sub count=0
info|2023-07-08 14:33:09.321826|[SDK][WS][SERVICE]connected nodes,count=2
info|2023-07-08 14:33:29.319312|[EVENT][SUB][doLoop]event sub tasks report,working event sub count=0,suspend event sub count=0
info|2023-07-08 14:33:29.322187|[SDK][WS][SERVICE]connected nodes,count=2
info|2023-07-08 14:33:49.319414|[EVENT][SUB][doLoop]event sub tasks report,working event sub count=0,suspend event sub count=0
info|2023-07-08 14:33:49.322359|[SDK][WS][SERVICE]connected nodes,count=2
info|2023-07-08 14:34:09.319583|[EVENT][SUB][doLoop]event sub tasks report,working event sub count=0,suspend event sub count=0
info|2023-07-08 14:34:09.322853|[SDK][WS][SERVICE]connected nodes,count=2
info|2023-07-08 14:34:29.319868|[EVENT][SUB][doLoop]event sub tasks report,working event sub count=0,suspend event sub count=0
info|2023-07-08 14:34:29.323044|[SDK][WS][SERVICE]connected nodes,count=2
info|2023-07-08 14:34:49.319965|[EVENT][SUB][doLoop]event sub tasks report,working event sub count=0,suspend event sub count=0
info|2023-07-08 14:34:49.323343|[SDK][WS][SERVICE]connected nodes,count=2
info|2023-07-08 14:35:09.320378|[EVENT][SUB][doLoop]event sub tasks report,working event sub count=0,suspend event sub count=0
info|2023-07-08 14:35:09.323807|[SDK][WS][SERVICE]connected nodes,count=2
info|2023-07-08 14:35:29.320482|[EVENT][SUB][doLoop]event sub tasks report,working event sub count=0,suspend event sub count=0
info|2023-07-08 14:35:29.324155|[SDK][WS][SERVICE]connected nodes,count=2
info|2023-07-08 14:35:49.320623|[EVENT][SUB][doLoop]event sub tasks report,working event sub count=0,suspend event sub count=0
info|2023-07-08 14:35:49.324517|[SDK][WS][SERVICE]connected nodes,count=2
info|2023-07-08 14:36:09.321125|[EVENT][SUB][doLoop]event sub tasks report,working event sub count=0,suspend event sub count=0
info|2023-07-08 14:36:09.325101|[SDK][WS][SERVICE]connected nodes,count=2
info|2023-07-08 14:36:29.321272|[EVENT][SUB][doLoop]event sub tasks report,working event sub count=0,suspend event sub count=0
info|2023-07-08 14:36:29.325558|[SDK][WS][SERVICE]connected nodes,count=2
info|2023-07-08 14:36:49.321458|[EVENT][SUB][doLoop]event sub tasks report,working event sub count=0,suspend event sub count=0
info|2023-07-08 14:36:49.325969|[SDK][WS][SERVICE]connected nodes,count=2
info|2023-07-08 14:37:09.322078|[EVENT][SUB][doLoop]event sub tasks report,working event sub count=0,suspend event sub count=0
info|2023-07-08 14:37:09.326523|[SDK][WS][SERVICE]connected nodes,count=2
info|2023-07-08 14:37:29.322389|[EVENT][SUB][doLoop]event sub tasks report,working event sub count=0,suspend event sub count=0
info|2023-07-08 14:37:29.326765|[SDK][WS][SERVICE]connected nodes,count=2
info|2023-07-08 14:37:49.322496|[EVENT][SUB][doLoop]event sub tasks report,working event sub count=0,suspend event sub count=0
info|2023-07-08 14:37:49.327149|[SDK][WS][SERVICE]connected nodes,count=2
info|2023-07-08 14:38:09.323005|[EVENT][SUB][doLoop]event sub tasks report,working event sub count=0,suspend event sub count=0
info|2023-07-08 14:38:09.327359|[SDK][WS][SERVICE]connected nodes,count=2
info|2023-07-08 14:38:29.323190|[EVENT][SUB][doLoop]event sub tasks report,working event sub count=0,suspend event sub count=0
info|2023-07-08 14:38:29.327948|[SDK][WS][SERVICE]connected nodes,count=2
info|2023-07-08 14:38:49.323869|[EVENT][SUB][doLoop]event sub tasks report,working event sub count=0,suspend event sub count=0
info|2023-07-08 14:38:49.328073|[SDK][WS][SERVICE]connected nodes,count=2
info|2023-07-08 14:39:09.324628|[EVENT][SUB][doLoop]event sub tasks report,working event sub count=0,suspend event sub count=0
info|2023-07-08 14:39:09.328554|[SDK][WS][SERVICE]connected nodes,count=2
info|2023-07-08 14:39:29.324940|[EVENT][SUB][doLoop]event sub tasks report,working event sub count=0,suspend event sub count=0
info|2023-07-08 14:39:29.329133|[SDK][WS][SERVICE]connected nodes,count=2
info|2023-07-08 14:39:49.325241|[EVENT][SUB][doLoop]event sub tasks report,working event sub count=0,suspend event sub count=0
info|2023-07-08 14:39:49.329324|[SDK][WS][SERVICE]connected nodes,count=2
info|2023-07-08 14:40:09.325308|[EVENT][SUB][doLoop]event sub tasks report,working event sub count=0,suspend event sub count=0
info|2023-07-08 14:40:09.329511|[SDK][WS][SERVICE]connected nodes,count=2
info|2023-07-08 14:40:29.326170|[EVENT][SUB][doLoop]event sub tasks report,working event sub count=0,suspend event sub count=0
info|2023-07-08 14:40:29.330049|[SDK][WS][SERVICE]connected nodes,count=2
info|2023-07-08 14:40:49.326242|[EVENT][SUB][doLoop]event sub tasks report,working event sub count=0,suspend event sub count=0
info|2023-07-08 14:40:49.330560|[SDK][WS][SERVICE]connected nodes,count=2
info|2023-07-08 14:41:09.326703|[EVENT][SUB][doLoop]event sub tasks report,working event sub count=0,suspend event sub count=0
info|2023-07-08 14:41:09.331426|[SDK][WS][SERVICE]connected nodes,count=2
info|2023-07-08 14:41:29.327154|[EVENT][SUB][doLoop]event sub tasks report,working event sub count=0,suspend event sub count=0
info|2023-07-08 14:41:29.332141|[SDK][WS][SERVICE]connected nodes,count=2
info|2023-07-08 14:41:49.327831|[EVENT][SUB][doLoop]event sub tasks report,working event sub count=0,suspend event sub count=0
info|2023-07-08 14:41:49.332941|[SDK][WS][SERVICE]connected nodes,count=2
info|2023-07-08 14:42:09.328245|[EVENT][SUB][doLoop]event sub tasks report,working event sub count=0,suspend event sub count=0
info|2023-07-08 14:42:09.333359|[SDK][WS][SERVICE]connected nodes,count=2
info|2023-07-08 14:42:29.328974|[EVENT][SUB][doLoop]event sub tasks report,working event sub count=0,suspend event sub count=0
info|2023-07-08 14:42:29.333793|[SDK][WS][SERVICE]connected nodes,count=2
info|2023-07-08 14:42:49.329454|[EVENT][SUB][doLoop]event sub tasks report,working event sub count=0,suspend event sub count=0
info|2023-07-08 14:42:49.334097|[SDK][WS][SERVICE]connected nodes,count=2
info|2023-07-08 14:43:09.329588|[EVENT][SUB][doLoop]event sub tasks report,working event sub count=0,suspend event sub count=0
info|2023-07-08 14:43:09.334628|[SDK][WS][SERVICE]connected nodes,count=2
info|2023-07-08 14:43:29.330111|[EVENT][SUB][doLoop]event sub tasks report,working event sub count=0,suspend event sub count=0
info|2023-07-08 14:43:29.334931|[SDK][WS][SERVICE]connected nodes,count=2
info|2023-07-08 14:43:49.330136|[EVENT][SUB][doLoop]event sub tasks report,working event sub count=0,suspend event sub count=0
info|2023-07-08 14:43:49.335158|[SDK][WS][SERVICE]connected nodes,count=2
info|2023-07-08 14:44:09.330367|[EVENT][SUB][doLoop]event sub tasks report,working event sub count=0,suspend event sub count=0
info|2023-07-08 14:44:09.335747|[SDK][WS][SERVICE]connected nodes,count=2
info|2023-07-08 14:44:29.331044|[EVENT][SUB][doLoop]event sub tasks report,working event sub count=0,suspend event sub count=0
info|2023-07-08 14:44:29.336001|[SDK][WS][SERVICE]connected nodes,count=2
info|2023-07-08 14:44:49.331548|[EVENT][SUB][doLoop]event sub tasks report,working event sub count=0,suspend event sub count=0
info|2023-07-08 14:44:49.336099|[SDK][WS][SERVICE]connected nodes,count=2
info|2023-07-08 14:45:09.331668|[EVENT][SUB][doLoop]event sub tasks report,working event sub count=0,suspend event sub count=0
info|2023-07-08 14:45:09.336726|[SDK][WS][SERVICE]connected nodes,count=2
info|2023-07-08 14:45:29.332091|[EVENT][SUB][doLoop]event sub tasks report,working event sub count=0,suspend event sub count=0
info|2023-07-08 14:45:29.337000|[SDK][WS][SERVICE]connected nodes,count=2
info|2023-07-08 14:45:49.332382|[EVENT][SUB][doLoop]event sub tasks report,working event sub count=0,suspend event sub count=0
info|2023-07-08 14:45:49.337191|[SDK][WS][SERVICE]connected nodes,count=2
info|2023-07-08 14:46:09.333022|[EVENT][SUB][doLoop]event sub tasks report,working event sub count=0,suspend event sub count=0
info|2023-07-08 14:46:09.337353|[SDK][WS][SERVICE]connected nodes,count=2
info|2023-07-08 14:46:29.333559|[EVENT][SUB][doLoop]event sub tasks report,working event sub count=0,suspend event sub count=0
info|2023-07-08 14:46:29.337724|[SDK][WS][SERVICE]connected nodes,count=2
info|2023-07-08 14:46:49.333707|[EVENT][SUB][doLoop]event sub tasks report,working event sub count=0,suspend event sub count=0
info|2023-07-08 14:46:49.338229|[SDK][WS][SERVICE]connected nodes,count=2
info|2023-07-08 14:47:09.334250|[EVENT][SUB][doLoop]event sub tasks report,working event sub count=0,suspend event sub count=0
info|2023-07-08 14:47:09.338739|[SDK][WS][SERVICE]connected nodes,count=2
info|2023-07-08 14:47:29.334598|[EVENT][SUB][doLoop]event sub tasks report,working event sub count=0,suspend event sub count=0
info|2023-07-08 14:47:29.338994|[SDK][WS][SERVICE]connected nodes,count=2
info|2023-07-08 14:47:49.335403|[EVENT][SUB][doLoop]event sub tasks report,working event sub count=0,suspend event sub count=0
info|2023-07-08 14:47:49.339488|[SDK][WS][SERVICE]connected nodes,count=2
info|2023-07-08 14:48:09.335905|[EVENT][SUB][doLoop]event sub tasks report,working event sub count=0,suspend event sub count=0
info|2023-07-08 14:48:09.339769|[SDK][WS][SERVICE]connected nodes,count=2
info|2023-07-08 14:48:29.336197|[EVENT][SUB][doLoop]event sub tasks report,working event sub count=0,suspend event sub count=0
info|2023-07-08 14:48:29.339924|[SDK][WS][SERVICE]connected nodes,count=2
info|2023-07-08 14:48:49.336264|[EVENT][SUB][doLoop]event sub tasks report,working event sub count=0,suspend event sub count=0
info|2023-07-08 14:48:49.340520|[SDK][WS][SERVICE]connected nodes,count=2
info|2023-07-08 14:49:09.336545|[EVENT][SUB][doLoop]event sub tasks report,working event sub count=0,suspend event sub count=0
info|2023-07-08 14:49:09.340644|[SDK][WS][SERVICE]connected nodes,count=2
info|2023-07-08 14:49:29.336974|[EVENT][SUB][doLoop]event sub tasks report,working event sub count=0,suspend event sub count=0
info|2023-07-08 14:49:29.340971|[SDK][WS][SERVICE]connected nodes,count=2
info|2023-07-08 14:49:49.337230|[EVENT][SUB][doLoop]event sub tasks report,working event sub count=0,suspend event sub count=0
info|2023-07-08 14:49:49.341158|[SDK][WS][SERVICE]connected nodes,count=2
info|2023-07-08 14:50:09.337415|[EVENT][SUB][doLoop]event sub tasks report,working event sub count=0,suspend event sub count=0
info|2023-07-08 14:50:09.341524|[SDK][WS][SERVICE]connected nodes,count=2
info|2023-07-08 14:50:29.337569|[EVENT][SUB][doLoop]event sub tasks report,working event sub count=0,suspend event sub count=0
info|2023-07-08 14:50:29.341795|[SDK][WS][SERVICE]connected nodes,count=2
info|2023-07-08 14:50:49.337746|[EVENT][SUB][doLoop]event sub tasks report,working event sub count=0,suspend event sub count=0
info|2023-07-08 14:50:49.341997|[SDK][WS][SERVICE]connected nodes,count=2
info|2023-07-08 14:51:09.337855|[EVENT][SUB][doLoop]event sub tasks report,working event sub count=0,suspend event sub count=0
info|2023-07-08 14:51:09.342304|[SDK][WS][SERVICE]connected nodes,count=2
info|2023-07-08 14:51:29.338433|[EVENT][SUB][doLoop]event sub tasks report,working event sub count=0,suspend event sub count=0
info|2023-07-08 14:51:29.342913|[SDK][WS][SERVICE]connected nodes,count=2
info|2023-07-08 14:51:49.338494|[EVENT][SUB][doLoop]event sub tasks report,working event sub count=0,suspend event sub count=0
info|2023-07-08 14:51:49.343294|[SDK][WS][SERVICE]connected nodes,count=2
info|2023-07-08 14:52:09.338922|[EVENT][SUB][doLoop]event sub tasks report,working event sub count=0,suspend event sub count=0
info|2023-07-08 14:52:09.343601|[SDK][WS][SERVICE]connected nodes,count=2
info|2023-07-08 14:52:29.339341|[EVENT][SUB][doLoop]event sub tasks report,working event sub count=0,suspend event sub count=0
info|2023-07-08 14:52:29.344057|[SDK][WS][SERVICE]connected nodes,count=2
info|2023-07-08 14:52:49.339929|[EVENT][SUB][doLoop]event sub tasks report,working event sub count=0,suspend event sub count=0
info|2023-07-08 14:52:49.344542|[SDK][WS][SERVICE]connected nodes,count=2
info|2023-07-08 14:53:09.340155|[EVENT][SUB][doLoop]event sub tasks report,working event sub count=0,suspend event sub count=0
info|2023-07-08 14:53:09.344708|[SDK][WS][SERVICE]connected nodes,count=2
info|2023-07-08 14:53:29.340954|[EVENT][SUB][doLoop]event sub tasks report,working event sub count=0,suspend event sub count=0
info|2023-07-08 14:53:29.345070|[SDK][WS][SERVICE]connected nodes,count=2
info|2023-07-08 14:53:49.341075|[EVENT][SUB][doLoop]event sub tasks report,working event sub count=0,suspend event sub count=0
info|2023-07-08 14:53:49.345600|[SDK][WS][SERVICE]connected nodes,count=2
info|2023-07-08 14:54:09.341675|[EVENT][SUB][doLoop]event sub tasks report,working event sub count=0,suspend event sub count=0
info|2023-07-08 14:54:09.345785|[SDK][WS][SERVICE]connected nodes,count=2
info|2023-07-08 14:54:29.342146|[EVENT][SUB][doLoop]event sub tasks report,working event sub count=0,suspend event sub count=0
info|2023-07-08 14:54:29.346059|[SDK][WS][SERVICE]connected nodes,count=2
info|2023-07-08 14:54:49.342354|[EVENT][SUB][doLoop]event sub tasks report,working event sub count=0,suspend event sub count=0
info|2023-07-08 14:54:49.346708|[SDK][WS][SERVICE]connected nodes,count=2
info|2023-07-08 14:55:09.342629|[EVENT][SUB][doLoop]event sub tasks report,working event sub count=0,suspend event sub count=0
info|2023-07-08 14:55:09.347200|[SDK][WS][SERVICE]connected nodes,count=2
info|2023-07-08 14:55:29.343153|[EVENT][SUB][doLoop]event sub tasks report,working event sub count=0,suspend event sub count=0
info|2023-07-08 14:55:29.347598|[SDK][WS][SERVICE]connected nodes,count=2
info|2023-07-08 14:55:49.343391|[EVENT][SUB][doLoop]event sub tasks report,working event sub count=0,suspend event sub count=0
info|2023-07-08 14:55:49.347711|[SDK][WS][SERVICE]connected nodes,count=2
info|2023-07-08 14:56:09.343573|[EVENT][SUB][doLoop]event sub tasks report,working event sub count=0,suspend event sub count=0
info|2023-07-08 14:56:09.348477|[SDK][WS][SERVICE]connected nodes,count=2
info|2023-07-08 14:56:29.343966|[EVENT][SUB][doLoop]event sub tasks report,working event sub count=0,suspend event sub count=0
info|2023-07-08 14:56:29.348598|[SDK][WS][SERVICE]connected nodes,count=2
info|2023-07-08 14:56:49.344241|[EVENT][SUB][doLoop]event sub tasks report,working event sub count=0,suspend event sub count=0
info|2023-07-08 14:56:49.348866|[SDK][WS][SERVICE]connected nodes,count=2
info|2023-07-08 14:57:09.344543|[EVENT][SUB][doLoop]event sub tasks report,working event sub count=0,suspend event sub count=0
info|2023-07-08 14:57:09.349071|[SDK][WS][SERVICE]connected nodes,count=2
info|2023-07-08 14:57:13.866554|[RPC][BLOCK][NUMBER][fromJson],group=group0,node=98a7f70ec883a722219d92253cf073a72605f4087aa3443c8e4aadc0af2dc3ac647d0fa1b5ac99cd6987abafe6d690ae71cd5fd2aeeabe7589bfb4748aabdfba,blockNumber=2079
info|2023-07-08 14:57:13.866603|[RPCWS][SERVICE][onRecvBlockNotifier]receive block number notifier,group=group0,node=98a7f70ec883a722219d92253cf073a72605f4087aa3443c8e4aadc0af2dc3ac647d0fa1b5ac99cd6987abafe6d690ae71cd5fd2aeeabe7589bfb4748aabdfba,blockNumber=2079
info|2023-07-08 14:57:13.866609|[RPCWS][SERVICE][updateGroupBlockNumber],groupID=group0,_blockNumber=2079
info|2023-07-08 14:57:13.866613|[RPCWS][SERVICE][onRecvBlockNotifier]block notifier callback,group=group0,node=98a7f70ec883a722219d92253cf073a72605f4087aa3443c8e4aadc0af2dc3ac647d0fa1b5ac99cd6987abafe6d690ae71cd5fd2aeeabe7589bfb4748aabdfba,blockNumber=2079
info|2023-07-08 14:57:13.866616|[WS]receive block notify,endpoint=127.0.0.1:20200,blk={
	"blockNumber" : 2079,
	"group" : "group0",
	"nodeName" : "98a7f70ec883a722219d92253cf073a72605f4087aa3443c8e4aadc0af2dc3ac647d0fa1b5ac99cd6987abafe6d690ae71cd5fd2aeeabe7589bfb4748aabdfba"
}
info|2023-07-08 14:57:13.911402|[RPC][BLOCK][NUMBER][fromJson],group=group0,node=2f993327933ad58672518b6d4f63920cbc68b80f78f4d81192552ee6362f5cc81ee13bdc678ad65f06e76444cadb53b33694cfb3fc7679b8000411975fedd28a,blockNumber=2079
info|2023-07-08 14:57:13.911447|[RPCWS][SERVICE][onRecvBlockNotifier]receive block number notifier,group=group0,node=2f993327933ad58672518b6d4f63920cbc68b80f78f4d81192552ee6362f5cc81ee13bdc678ad65f06e76444cadb53b33694cfb3fc7679b8000411975fedd28a,blockNumber=2079
info|2023-07-08 14:57:13.911454|[WS]receive block notify,endpoint=127.0.0.1:20201,blk={
	"blockNumber" : 2079,
	"group" : "group0",
	"nodeName" : "2f993327933ad58672518b6d4f63920cbc68b80f78f4d81192552ee6362f5cc81ee13bdc678ad65f06e76444cadb53b33694cfb3fc7679b8000411975fedd28a"
}
info|2023-07-08 14:57:14.464604|[RPC][BLOCK][NUMBER][fromJson],group=group0,node=98a7f70ec883a722219d92253cf073a72605f4087aa3443c8e4aadc0af2dc3ac647d0fa1b5ac99cd6987abafe6d690ae71cd5fd2aeeabe7589bfb4748aabdfba,blockNumber=2080
info|2023-07-08 14:57:14.464653|[RPCWS][SERVICE][onRecvBlockNotifier]receive block number notifier,group=group0,node=98a7f70ec883a722219d92253cf073a72605f4087aa3443c8e4aadc0af2dc3ac647d0fa1b5ac99cd6987abafe6d690ae71cd5fd2aeeabe7589bfb4748aabdfba,blockNumber=2080
info|2023-07-08 14:57:14.464660|[RPCWS][SERVICE][updateGroupBlockNumber],groupID=group0,_blockNumber=2080
info|2023-07-08 14:57:14.464689|[RPCWS][SERVICE][onRecvBlockNotifier]block notifier callback,group=group0,node=98a7f70ec883a722219d92253cf073a72605f4087aa3443c8e4aadc0af2dc3ac647d0fa1b5ac99cd6987abafe6d690ae71cd5fd2aeeabe7589bfb4748aabdfba,blockNumber=2080
info|2023-07-08 14:57:14.464694|[WS]receive block notify,endpoint=127.0.0.1:20200,blk={
	"blockNumber" : 2080,
	"group" : "group0",
	"nodeName" : "98a7f70ec883a722219d92253cf073a72605f4087aa3443c8e4aadc0af2dc3ac647d0fa1b5ac99cd6987abafe6d690ae71cd5fd2aeeabe7589bfb4748aabdfba"
}
info|2023-07-08 14:57:14.472640|[RPC][BLOCK][NUMBER][fromJson],group=group0,node=2f993327933ad58672518b6d4f63920cbc68b80f78f4d81192552ee6362f5cc81ee13bdc678ad65f06e76444cadb53b33694cfb3fc7679b8000411975fedd28a,blockNumber=2080
info|2023-07-08 14:57:14.472687|[RPCWS][SERVICE][onRecvBlockNotifier]receive block number notifier,group=group0,node=2f993327933ad58672518b6d4f63920cbc68b80f78f4d81192552ee6362f5cc81ee13bdc678ad65f06e76444cadb53b33694cfb3fc7679b8000411975fedd28a,blockNumber=2080
info|2023-07-08 14:57:14.472697|[WS]receive block notify,endpoint=127.0.0.1:20201,blk={
	"blockNumber" : 2080,
	"group" : "group0",
	"nodeName" : "2f993327933ad58672518b6d4f63920cbc68b80f78f4d81192552ee6362f5cc81ee13bdc678ad65f06e76444cadb53b33694cfb3fc7679b8000411975fedd28a"
}
info|2023-07-08 14:57:14.968862|[RPC][BLOCK][NUMBER][fromJson],group=group0,node=98a7f70ec883a722219d92253cf073a72605f4087aa3443c8e4aadc0af2dc3ac647d0fa1b5ac99cd6987abafe6d690ae71cd5fd2aeeabe7589bfb4748aabdfba,blockNumber=2081
info|2023-07-08 14:57:14.968887|[RPCWS][SERVICE][onRecvBlockNotifier]receive block number notifier,group=group0,node=98a7f70ec883a722219d92253cf073a72605f4087aa3443c8e4aadc0af2dc3ac647d0fa1b5ac99cd6987abafe6d690ae71cd5fd2aeeabe7589bfb4748aabdfba,blockNumber=2081
info|2023-07-08 14:57:14.968893|[RPCWS][SERVICE][updateGroupBlockNumber],groupID=group0,_blockNumber=2081
info|2023-07-08 14:57:14.968898|[RPCWS][SERVICE][onRecvBlockNotifier]block notifier callback,group=group0,node=98a7f70ec883a722219d92253cf073a72605f4087aa3443c8e4aadc0af2dc3ac647d0fa1b5ac99cd6987abafe6d690ae71cd5fd2aeeabe7589bfb4748aabdfba,blockNumber=2081
info|2023-07-08 14:57:14.968903|[WS]receive block notify,endpoint=127.0.0.1:20200,blk={
	"blockNumber" : 2081,
	"group" : "group0",
	"nodeName" : "98a7f70ec883a722219d92253cf073a72605f4087aa3443c8e4aadc0af2dc3ac647d0fa1b5ac99cd6987abafe6d690ae71cd5fd2aeeabe7589bfb4748aabdfba"
}
info|2023-07-08 14:57:14.990720|[RPC][BLOCK][NUMBER][fromJson],group=group0,node=2f993327933ad58672518b6d4f63920cbc68b80f78f4d81192552ee6362f5cc81ee13bdc678ad65f06e76444cadb53b33694cfb3fc7679b8000411975fedd28a,blockNumber=2081
info|2023-07-08 14:57:14.990743|[RPCWS][SERVICE][onRecvBlockNotifier]receive block number notifier,group=group0,node=2f993327933ad58672518b6d4f63920cbc68b80f78f4d81192552ee6362f5cc81ee13bdc678ad65f06e76444cadb53b33694cfb3fc7679b8000411975fedd28a,blockNumber=2081
info|2023-07-08 14:57:14.990749|[WS]receive block notify,endpoint=127.0.0.1:20201,blk={
	"blockNumber" : 2081,
	"group" : "group0",
	"nodeName" : "2f993327933ad58672518b6d4f63920cbc68b80f78f4d81192552ee6362f5cc81ee13bdc678ad65f06e76444cadb53b33694cfb3fc7679b8000411975fedd28a"
}
info|2023-07-08 14:57:15.526309|[RPC][BLOCK][NUMBER][fromJson],group=group0,node=98a7f70ec883a722219d92253cf073a72605f4087aa3443c8e4aadc0af2dc3ac647d0fa1b5ac99cd6987abafe6d690ae71cd5fd2aeeabe7589bfb4748aabdfba,blockNumber=2082
info|2023-07-08 14:57:15.526338|[RPCWS][SERVICE][onRecvBlockNotifier]receive block number notifier,group=group0,node=98a7f70ec883a722219d92253cf073a72605f4087aa3443c8e4aadc0af2dc3ac647d0fa1b5ac99cd6987abafe6d690ae71cd5fd2aeeabe7589bfb4748aabdfba,blockNumber=2082
info|2023-07-08 14:57:15.526346|[RPCWS][SERVICE][updateGroupBlockNumber],groupID=group0,_blockNumber=2082
info|2023-07-08 14:57:15.526352|[RPCWS][SERVICE][onRecvBlockNotifier]block notifier callback,group=group0,node=98a7f70ec883a722219d92253cf073a72605f4087aa3443c8e4aadc0af2dc3ac647d0fa1b5ac99cd6987abafe6d690ae71cd5fd2aeeabe7589bfb4748aabdfba,blockNumber=2082
info|2023-07-08 14:57:15.526359|[WS]receive block notify,endpoint=127.0.0.1:20200,blk={
	"blockNumber" : 2082,
	"group" : "group0",
	"nodeName" : "98a7f70ec883a722219d92253cf073a72605f4087aa3443c8e4aadc0af2dc3ac647d0fa1b5ac99cd6987abafe6d690ae71cd5fd2aeeabe7589bfb4748aabdfba"
}
info|2023-07-08 14:57:15.614580|[RPC][BLOCK][NUMBER][fromJson],group=group0,node=2f993327933ad58672518b6d4f63920cbc68b80f78f4d81192552ee6362f5cc81ee13bdc678ad65f06e76444cadb53b33694cfb3fc7679b8000411975fedd28a,blockNumber=2082
info|2023-07-08 14:57:15.614608|[RPCWS][SERVICE][onRecvBlockNotifier]receive block number notifier,group=group0,node=2f993327933ad58672518b6d4f63920cbc68b80f78f4d81192552ee6362f5cc81ee13bdc678ad65f06e76444cadb53b33694cfb3fc7679b8000411975fedd28a,blockNumber=2082
info|2023-07-08 14:57:15.614616|[WS]receive block notify,endpoint=127.0.0.1:20201,blk={
	"blockNumber" : 2082,
	"group" : "group0",
	"nodeName" : "2f993327933ad58672518b6d4f63920cbc68b80f78f4d81192552ee6362f5cc81ee13bdc678ad65f06e76444cadb53b33694cfb3fc7679b8000411975fedd28a"
}
info|2023-07-08 14:57:16.102797|[RPC][BLOCK][NUMBER][fromJson],group=group0,node=2f993327933ad58672518b6d4f63920cbc68b80f78f4d81192552ee6362f5cc81ee13bdc678ad65f06e76444cadb53b33694cfb3fc7679b8000411975fedd28a,blockNumber=2083
info|2023-07-08 14:57:16.102823|[RPCWS][SERVICE][onRecvBlockNotifier]receive block number notifier,group=group0,node=2f993327933ad58672518b6d4f63920cbc68b80f78f4d81192552ee6362f5cc81ee13bdc678ad65f06e76444cadb53b33694cfb3fc7679b8000411975fedd28a,blockNumber=2083
info|2023-07-08 14:57:16.102831|[RPCWS][SERVICE][updateGroupBlockNumber],groupID=group0,_blockNumber=2083
info|2023-07-08 14:57:16.102836|[RPCWS][SERVICE][onRecvBlockNotifier]block notifier callback,group=group0,node=2f993327933ad58672518b6d4f63920cbc68b80f78f4d81192552ee6362f5cc81ee13bdc678ad65f06e76444cadb53b33694cfb3fc7679b8000411975fedd28a,blockNumber=2083
info|2023-07-08 14:57:16.102841|[WS]receive block notify,endpoint=127.0.0.1:20201,blk={
	"blockNumber" : 2083,
	"group" : "group0",
	"nodeName" : "2f993327933ad58672518b6d4f63920cbc68b80f78f4d81192552ee6362f5cc81ee13bdc678ad65f06e76444cadb53b33694cfb3fc7679b8000411975fedd28a"
}
info|2023-07-08 14:57:16.103785|[RPC][BLOCK][NUMBER][fromJson],group=group0,node=98a7f70ec883a722219d92253cf073a72605f4087aa3443c8e4aadc0af2dc3ac647d0fa1b5ac99cd6987abafe6d690ae71cd5fd2aeeabe7589bfb4748aabdfba,blockNumber=2083
info|2023-07-08 14:57:16.103846|[RPCWS][SERVICE][onRecvBlockNotifier]receive block number notifier,group=group0,node=98a7f70ec883a722219d92253cf073a72605f4087aa3443c8e4aadc0af2dc3ac647d0fa1b5ac99cd6987abafe6d690ae71cd5fd2aeeabe7589bfb4748aabdfba,blockNumber=2083
info|2023-07-08 14:57:16.103855|[WS]receive block notify,endpoint=127.0.0.1:20200,blk={
	"blockNumber" : 2083,
	"group" : "group0",
	"nodeName" : "98a7f70ec883a722219d92253cf073a72605f4087aa3443c8e4aadc0af2dc3ac647d0fa1b5ac99cd6987abafe6d690ae71cd5fd2aeeabe7589bfb4748aabdfba"
}
info|2023-07-08 14:57:16.596777|[RPC][BLOCK][NUMBER][fromJson],group=group0,node=98a7f70ec883a722219d92253cf073a72605f4087aa3443c8e4aadc0af2dc3ac647d0fa1b5ac99cd6987abafe6d690ae71cd5fd2aeeabe7589bfb4748aabdfba,blockNumber=2084
info|2023-07-08 14:57:16.596838|[RPCWS][SERVICE][onRecvBlockNotifier]receive block number notifier,group=group0,node=98a7f70ec883a722219d92253cf073a72605f4087aa3443c8e4aadc0af2dc3ac647d0fa1b5ac99cd6987abafe6d690ae71cd5fd2aeeabe7589bfb4748aabdfba,blockNumber=2084
info|2023-07-08 14:57:16.596848|[RPCWS][SERVICE][updateGroupBlockNumber],groupID=group0,_blockNumber=2084
info|2023-07-08 14:57:16.596854|[RPCWS][SERVICE][onRecvBlockNotifier]block notifier callback,group=group0,node=98a7f70ec883a722219d92253cf073a72605f4087aa3443c8e4aadc0af2dc3ac647d0fa1b5ac99cd6987abafe6d690ae71cd5fd2aeeabe7589bfb4748aabdfba,blockNumber=2084
info|2023-07-08 14:57:16.596860|[WS]receive block notify,endpoint=127.0.0.1:20200,blk={
	"blockNumber" : 2084,
	"group" : "group0",
	"nodeName" : "98a7f70ec883a722219d92253cf073a72605f4087aa3443c8e4aadc0af2dc3ac647d0fa1b5ac99cd6987abafe6d690ae71cd5fd2aeeabe7589bfb4748aabdfba"
}
info|2023-07-08 14:57:16.716312|[RPC][BLOCK][NUMBER][fromJson],group=group0,node=2f993327933ad58672518b6d4f63920cbc68b80f78f4d81192552ee6362f5cc81ee13bdc678ad65f06e76444cadb53b33694cfb3fc7679b8000411975fedd28a,blockNumber=2084
info|2023-07-08 14:57:16.716361|[RPCWS][SERVICE][onRecvBlockNotifier]receive block number notifier,group=group0,node=2f993327933ad58672518b6d4f63920cbc68b80f78f4d81192552ee6362f5cc81ee13bdc678ad65f06e76444cadb53b33694cfb3fc7679b8000411975fedd28a,blockNumber=2084
info|2023-07-08 14:57:16.716370|[WS]receive block notify,endpoint=127.0.0.1:20201,blk={
	"blockNumber" : 2084,
	"group" : "group0",
	"nodeName" : "2f993327933ad58672518b6d4f63920cbc68b80f78f4d81192552ee6362f5cc81ee13bdc678ad65f06e76444cadb53b33694cfb3fc7679b8000411975fedd28a"
}
info|2023-07-08 14:57:17.207678|[RPC][BLOCK][NUMBER][fromJson],group=group0,node=2f993327933ad58672518b6d4f63920cbc68b80f78f4d81192552ee6362f5cc81ee13bdc678ad65f06e76444cadb53b33694cfb3fc7679b8000411975fedd28a,blockNumber=2085
info|2023-07-08 14:57:17.207944|[RPCWS][SERVICE][onRecvBlockNotifier]receive block number notifier,group=group0,node=2f993327933ad58672518b6d4f63920cbc68b80f78f4d81192552ee6362f5cc81ee13bdc678ad65f06e76444cadb53b33694cfb3fc7679b8000411975fedd28a,blockNumber=2085
info|2023-07-08 14:57:17.207965|[RPCWS][SERVICE][updateGroupBlockNumber],groupID=group0,_blockNumber=2085
info|2023-07-08 14:57:17.207971|[RPCWS][SERVICE][onRecvBlockNotifier]block notifier callback,group=group0,node=2f993327933ad58672518b6d4f63920cbc68b80f78f4d81192552ee6362f5cc81ee13bdc678ad65f06e76444cadb53b33694cfb3fc7679b8000411975fedd28a,blockNumber=2085
info|2023-07-08 14:57:17.207976|[WS]receive block notify,endpoint=127.0.0.1:20201,blk={
	"blockNumber" : 2085,
	"group" : "group0",
	"nodeName" : "2f993327933ad58672518b6d4f63920cbc68b80f78f4d81192552ee6362f5cc81ee13bdc678ad65f06e76444cadb53b33694cfb3fc7679b8000411975fedd28a"
}
info|2023-07-08 14:57:17.217676|[RPC][BLOCK][NUMBER][fromJson],group=group0,node=98a7f70ec883a722219d92253cf073a72605f4087aa3443c8e4aadc0af2dc3ac647d0fa1b5ac99cd6987abafe6d690ae71cd5fd2aeeabe7589bfb4748aabdfba,blockNumber=2085
info|2023-07-08 14:57:17.217698|[RPCWS][SERVICE][onRecvBlockNotifier]receive block number notifier,group=group0,node=98a7f70ec883a722219d92253cf073a72605f4087aa3443c8e4aadc0af2dc3ac647d0fa1b5ac99cd6987abafe6d690ae71cd5fd2aeeabe7589bfb4748aabdfba,blockNumber=2085
info|2023-07-08 14:57:17.217705|[WS]receive block notify,endpoint=127.0.0.1:20200,blk={
	"blockNumber" : 2085,
	"group" : "group0",
	"nodeName" : "98a7f70ec883a722219d92253cf073a72605f4087aa3443c8e4aadc0af2dc3ac647d0fa1b5ac99cd6987abafe6d690ae71cd5fd2aeeabe7589bfb4748aabdfba"
}
info|2023-07-08 14:57:17.772093|[RPC][BLOCK][NUMBER][fromJson],group=group0,node=98a7f70ec883a722219d92253cf073a72605f4087aa3443c8e4aadc0af2dc3ac647d0fa1b5ac99cd6987abafe6d690ae71cd5fd2aeeabe7589bfb4748aabdfba,blockNumber=2086
info|2023-07-08 14:57:17.772119|[RPCWS][SERVICE][onRecvBlockNotifier]receive block number notifier,group=group0,node=98a7f70ec883a722219d92253cf073a72605f4087aa3443c8e4aadc0af2dc3ac647d0fa1b5ac99cd6987abafe6d690ae71cd5fd2aeeabe7589bfb4748aabdfba,blockNumber=2086
info|2023-07-08 14:57:17.772158|[RPCWS][SERVICE][updateGroupBlockNumber],groupID=group0,_blockNumber=2086
info|2023-07-08 14:57:17.772163|[RPCWS][SERVICE][onRecvBlockNotifier]block notifier callback,group=group0,node=98a7f70ec883a722219d92253cf073a72605f4087aa3443c8e4aadc0af2dc3ac647d0fa1b5ac99cd6987abafe6d690ae71cd5fd2aeeabe7589bfb4748aabdfba,blockNumber=2086
info|2023-07-08 14:57:17.772168|[WS]receive block notify,endpoint=127.0.0.1:20200,blk={
	"blockNumber" : 2086,
	"group" : "group0",
	"nodeName" : "98a7f70ec883a722219d92253cf073a72605f4087aa3443c8e4aadc0af2dc3ac647d0fa1b5ac99cd6987abafe6d690ae71cd5fd2aeeabe7589bfb4748aabdfba"
}
info|2023-07-08 14:57:17.808436|[RPC][BLOCK][NUMBER][fromJson],group=group0,node=2f993327933ad58672518b6d4f63920cbc68b80f78f4d81192552ee6362f5cc81ee13bdc678ad65f06e76444cadb53b33694cfb3fc7679b8000411975fedd28a,blockNumber=2086
info|2023-07-08 14:57:17.808457|[RPCWS][SERVICE][onRecvBlockNotifier]receive block number notifier,group=group0,node=2f993327933ad58672518b6d4f63920cbc68b80f78f4d81192552ee6362f5cc81ee13bdc678ad65f06e76444cadb53b33694cfb3fc7679b8000411975fedd28a,blockNumber=2086
info|2023-07-08 14:57:17.808465|[WS]receive block notify,endpoint=127.0.0.1:20201,blk={
	"blockNumber" : 2086,
	"group" : "group0",
	"nodeName" : "2f993327933ad58672518b6d4f63920cbc68b80f78f4d81192552ee6362f5cc81ee13bdc678ad65f06e76444cadb53b33694cfb3fc7679b8000411975fedd28a"
}
info|2023-07-08 14:57:18.362399|[RPC][BLOCK][NUMBER][fromJson],group=group0,node=98a7f70ec883a722219d92253cf073a72605f4087aa3443c8e4aadc0af2dc3ac647d0fa1b5ac99cd6987abafe6d690ae71cd5fd2aeeabe7589bfb4748aabdfba,blockNumber=2087
info|2023-07-08 14:57:18.362433|[RPCWS][SERVICE][onRecvBlockNotifier]receive block number notifier,group=group0,node=98a7f70ec883a722219d92253cf073a72605f4087aa3443c8e4aadc0af2dc3ac647d0fa1b5ac99cd6987abafe6d690ae71cd5fd2aeeabe7589bfb4748aabdfba,blockNumber=2087
info|2023-07-08 14:57:18.362440|[RPCWS][SERVICE][updateGroupBlockNumber],groupID=group0,_blockNumber=2087
info|2023-07-08 14:57:18.362446|[RPCWS][SERVICE][onRecvBlockNotifier]block notifier callback,group=group0,node=98a7f70ec883a722219d92253cf073a72605f4087aa3443c8e4aadc0af2dc3ac647d0fa1b5ac99cd6987abafe6d690ae71cd5fd2aeeabe7589bfb4748aabdfba,blockNumber=2087
info|2023-07-08 14:57:18.362451|[WS]receive block notify,endpoint=127.0.0.1:20200,blk={
	"blockNumber" : 2087,
	"group" : "group0",
	"nodeName" : "98a7f70ec883a722219d92253cf073a72605f4087aa3443c8e4aadc0af2dc3ac647d0fa1b5ac99cd6987abafe6d690ae71cd5fd2aeeabe7589bfb4748aabdfba"
}
info|2023-07-08 14:57:18.383114|[RPC][BLOCK][NUMBER][fromJson],group=group0,node=2f993327933ad58672518b6d4f63920cbc68b80f78f4d81192552ee6362f5cc81ee13bdc678ad65f06e76444cadb53b33694cfb3fc7679b8000411975fedd28a,blockNumber=2087
info|2023-07-08 14:57:18.383146|[RPCWS][SERVICE][onRecvBlockNotifier]receive block number notifier,group=group0,node=2f993327933ad58672518b6d4f63920cbc68b80f78f4d81192552ee6362f5cc81ee13bdc678ad65f06e76444cadb53b33694cfb3fc7679b8000411975fedd28a,blockNumber=2087
info|2023-07-08 14:57:18.383154|[WS]receive block notify,endpoint=127.0.0.1:20201,blk={
	"blockNumber" : 2087,
	"group" : "group0",
	"nodeName" : "2f993327933ad58672518b6d4f63920cbc68b80f78f4d81192552ee6362f5cc81ee13bdc678ad65f06e76444cadb53b33694cfb3fc7679b8000411975fedd28a"
}
info|2023-07-08 14:57:18.873624|[RPC][BLOCK][NUMBER][fromJson],group=group0,node=98a7f70ec883a722219d92253cf073a72605f4087aa3443c8e4aadc0af2dc3ac647d0fa1b5ac99cd6987abafe6d690ae71cd5fd2aeeabe7589bfb4748aabdfba,blockNumber=2088
info|2023-07-08 14:57:18.873651|[RPCWS][SERVICE][onRecvBlockNotifier]receive block number notifier,group=group0,node=98a7f70ec883a722219d92253cf073a72605f4087aa3443c8e4aadc0af2dc3ac647d0fa1b5ac99cd6987abafe6d690ae71cd5fd2aeeabe7589bfb4748aabdfba,blockNumber=2088
info|2023-07-08 14:57:18.873658|[RPCWS][SERVICE][updateGroupBlockNumber],groupID=group0,_blockNumber=2088
info|2023-07-08 14:57:18.873663|[RPCWS][SERVICE][onRecvBlockNotifier]block notifier callback,group=group0,node=98a7f70ec883a722219d92253cf073a72605f4087aa3443c8e4aadc0af2dc3ac647d0fa1b5ac99cd6987abafe6d690ae71cd5fd2aeeabe7589bfb4748aabdfba,blockNumber=2088
info|2023-07-08 14:57:18.873668|[WS]receive block notify,endpoint=127.0.0.1:20200,blk={
	"blockNumber" : 2088,
	"group" : "group0",
	"nodeName" : "98a7f70ec883a722219d92253cf073a72605f4087aa3443c8e4aadc0af2dc3ac647d0fa1b5ac99cd6987abafe6d690ae71cd5fd2aeeabe7589bfb4748aabdfba"
}
info|2023-07-08 14:57:18.908032|[RPC][BLOCK][NUMBER][fromJson],group=group0,node=2f993327933ad58672518b6d4f63920cbc68b80f78f4d81192552ee6362f5cc81ee13bdc678ad65f06e76444cadb53b33694cfb3fc7679b8000411975fedd28a,blockNumber=2088
info|2023-07-08 14:57:18.908052|[RPCWS][SERVICE][onRecvBlockNotifier]receive block number notifier,group=group0,node=2f993327933ad58672518b6d4f63920cbc68b80f78f4d81192552ee6362f5cc81ee13bdc678ad65f06e76444cadb53b33694cfb3fc7679b8000411975fedd28a,blockNumber=2088
info|2023-07-08 14:57:18.908059|[WS]receive block notify,endpoint=127.0.0.1:20201,blk={
	"blockNumber" : 2088,
	"group" : "group0",
	"nodeName" : "2f993327933ad58672518b6d4f63920cbc68b80f78f4d81192552ee6362f5cc81ee13bdc678ad65f06e76444cadb53b33694cfb3fc7679b8000411975fedd28a"
}
info|2023-07-08 14:57:19.434411|[RPC][BLOCK][NUMBER][fromJson],group=group0,node=98a7f70ec883a722219d92253cf073a72605f4087aa3443c8e4aadc0af2dc3ac647d0fa1b5ac99cd6987abafe6d690ae71cd5fd2aeeabe7589bfb4748aabdfba,blockNumber=2089
info|2023-07-08 14:57:19.434487|[RPCWS][SERVICE][onRecvBlockNotifier]receive block number notifier,group=group0,node=98a7f70ec883a722219d92253cf073a72605f4087aa3443c8e4aadc0af2dc3ac647d0fa1b5ac99cd6987abafe6d690ae71cd5fd2aeeabe7589bfb4748aabdfba,blockNumber=2089
info|2023-07-08 14:57:19.434499|[RPCWS][SERVICE][updateGroupBlockNumber],groupID=group0,_blockNumber=2089
info|2023-07-08 14:57:19.434505|[RPCWS][SERVICE][onRecvBlockNotifier]block notifier callback,group=group0,node=98a7f70ec883a722219d92253cf073a72605f4087aa3443c8e4aadc0af2dc3ac647d0fa1b5ac99cd6987abafe6d690ae71cd5fd2aeeabe7589bfb4748aabdfba,blockNumber=2089
info|2023-07-08 14:57:19.434509|[WS]receive block notify,endpoint=127.0.0.1:20200,blk={
	"blockNumber" : 2089,
	"group" : "group0",
	"nodeName" : "98a7f70ec883a722219d92253cf073a72605f4087aa3443c8e4aadc0af2dc3ac647d0fa1b5ac99cd6987abafe6d690ae71cd5fd2aeeabe7589bfb4748aabdfba"
}
info|2023-07-08 14:57:19.443254|[RPC][BLOCK][NUMBER][fromJson],group=group0,node=2f993327933ad58672518b6d4f63920cbc68b80f78f4d81192552ee6362f5cc81ee13bdc678ad65f06e76444cadb53b33694cfb3fc7679b8000411975fedd28a,blockNumber=2089
info|2023-07-08 14:57:19.443276|[RPCWS][SERVICE][onRecvBlockNotifier]receive block number notifier,group=group0,node=2f993327933ad58672518b6d4f63920cbc68b80f78f4d81192552ee6362f5cc81ee13bdc678ad65f06e76444cadb53b33694cfb3fc7679b8000411975fedd28a,blockNumber=2089
info|2023-07-08 14:57:19.443283|[WS]receive block notify,endpoint=127.0.0.1:20201,blk={
	"blockNumber" : 2089,
	"group" : "group0",
	"nodeName" : "2f993327933ad58672518b6d4f63920cbc68b80f78f4d81192552ee6362f5cc81ee13bdc678ad65f06e76444cadb53b33694cfb3fc7679b8000411975fedd28a"
}
info|2023-07-08 14:57:20.004081|[RPC][BLOCK][NUMBER][fromJson],group=group0,node=98a7f70ec883a722219d92253cf073a72605f4087aa3443c8e4aadc0af2dc3ac647d0fa1b5ac99cd6987abafe6d690ae71cd5fd2aeeabe7589bfb4748aabdfba,blockNumber=2090
info|2023-07-08 14:57:20.004134|[RPCWS][SERVICE][onRecvBlockNotifier]receive block number notifier,group=group0,node=98a7f70ec883a722219d92253cf073a72605f4087aa3443c8e4aadc0af2dc3ac647d0fa1b5ac99cd6987abafe6d690ae71cd5fd2aeeabe7589bfb4748aabdfba,blockNumber=2090
info|2023-07-08 14:57:20.004145|[RPCWS][SERVICE][updateGroupBlockNumber],groupID=group0,_blockNumber=2090
info|2023-07-08 14:57:20.004152|[RPCWS][SERVICE][onRecvBlockNotifier]block notifier callback,group=group0,node=98a7f70ec883a722219d92253cf073a72605f4087aa3443c8e4aadc0af2dc3ac647d0fa1b5ac99cd6987abafe6d690ae71cd5fd2aeeabe7589bfb4748aabdfba,blockNumber=2090
info|2023-07-08 14:57:20.004158|[WS]receive block notify,endpoint=127.0.0.1:20200,blk={
	"blockNumber" : 2090,
	"group" : "group0",
	"nodeName" : "98a7f70ec883a722219d92253cf073a72605f4087aa3443c8e4aadc0af2dc3ac647d0fa1b5ac99cd6987abafe6d690ae71cd5fd2aeeabe7589bfb4748aabdfba"
}
info|2023-07-08 14:57:20.026387|[RPC][BLOCK][NUMBER][fromJson],group=group0,node=2f993327933ad58672518b6d4f63920cbc68b80f78f4d81192552ee6362f5cc81ee13bdc678ad65f06e76444cadb53b33694cfb3fc7679b8000411975fedd28a,blockNumber=2090
info|2023-07-08 14:57:20.026428|[RPCWS][SERVICE][onRecvBlockNotifier]receive block number notifier,group=group0,node=2f993327933ad58672518b6d4f63920cbc68b80f78f4d81192552ee6362f5cc81ee13bdc678ad65f06e76444cadb53b33694cfb3fc7679b8000411975fedd28a,blockNumber=2090
info|2023-07-08 14:57:20.026437|[WS]receive block notify,endpoint=127.0.0.1:20201,blk={
	"blockNumber" : 2090,
	"group" : "group0",
	"nodeName" : "2f993327933ad58672518b6d4f63920cbc68b80f78f4d81192552ee6362f5cc81ee13bdc678ad65f06e76444cadb53b33694cfb3fc7679b8000411975fedd28a"
}
info|2023-07-08 14:57:20.536943|[RPC][BLOCK][NUMBER][fromJson],group=group0,node=2f993327933ad58672518b6d4f63920cbc68b80f78f4d81192552ee6362f5cc81ee13bdc678ad65f06e76444cadb53b33694cfb3fc7679b8000411975fedd28a,blockNumber=2091
info|2023-07-08 14:57:20.536973|[RPCWS][SERVICE][onRecvBlockNotifier]receive block number notifier,group=group0,node=2f993327933ad58672518b6d4f63920cbc68b80f78f4d81192552ee6362f5cc81ee13bdc678ad65f06e76444cadb53b33694cfb3fc7679b8000411975fedd28a,blockNumber=2091
info|2023-07-08 14:57:20.536981|[RPCWS][SERVICE][updateGroupBlockNumber],groupID=group0,_blockNumber=2091
info|2023-07-08 14:57:20.536987|[RPCWS][SERVICE][onRecvBlockNotifier]block notifier callback,group=group0,node=2f993327933ad58672518b6d4f63920cbc68b80f78f4d81192552ee6362f5cc81ee13bdc678ad65f06e76444cadb53b33694cfb3fc7679b8000411975fedd28a,blockNumber=2091
info|2023-07-08 14:57:20.536993|[WS]receive block notify,endpoint=127.0.0.1:20201,blk={
	"blockNumber" : 2091,
	"group" : "group0",
	"nodeName" : "2f993327933ad58672518b6d4f63920cbc68b80f78f4d81192552ee6362f5cc81ee13bdc678ad65f06e76444cadb53b33694cfb3fc7679b8000411975fedd28a"
}
info|2023-07-08 14:57:20.541024|[RPC][BLOCK][NUMBER][fromJson],group=group0,node=98a7f70ec883a722219d92253cf073a72605f4087aa3443c8e4aadc0af2dc3ac647d0fa1b5ac99cd6987abafe6d690ae71cd5fd2aeeabe7589bfb4748aabdfba,blockNumber=2091
info|2023-07-08 14:57:20.541052|[RPCWS][SERVICE][onRecvBlockNotifier]receive block number notifier,group=group0,node=98a7f70ec883a722219d92253cf073a72605f4087aa3443c8e4aadc0af2dc3ac647d0fa1b5ac99cd6987abafe6d690ae71cd5fd2aeeabe7589bfb4748aabdfba,blockNumber=2091
info|2023-07-08 14:57:20.541060|[WS]receive block notify,endpoint=127.0.0.1:20200,blk={
	"blockNumber" : 2091,
	"group" : "group0",
	"nodeName" : "98a7f70ec883a722219d92253cf073a72605f4087aa3443c8e4aadc0af2dc3ac647d0fa1b5ac99cd6987abafe6d690ae71cd5fd2aeeabe7589bfb4748aabdfba"
}
info|2023-07-08 14:57:21.122603|[RPC][BLOCK][NUMBER][fromJson],group=group0,node=98a7f70ec883a722219d92253cf073a72605f4087aa3443c8e4aadc0af2dc3ac647d0fa1b5ac99cd6987abafe6d690ae71cd5fd2aeeabe7589bfb4748aabdfba,blockNumber=2092
info|2023-07-08 14:57:21.122657|[RPCWS][SERVICE][onRecvBlockNotifier]receive block number notifier,group=group0,node=98a7f70ec883a722219d92253cf073a72605f4087aa3443c8e4aadc0af2dc3ac647d0fa1b5ac99cd6987abafe6d690ae71cd5fd2aeeabe7589bfb4748aabdfba,blockNumber=2092
info|2023-07-08 14:57:21.122667|[RPCWS][SERVICE][updateGroupBlockNumber],groupID=group0,_blockNumber=2092
info|2023-07-08 14:57:21.122673|[RPCWS][SERVICE][onRecvBlockNotifier]block notifier callback,group=group0,node=98a7f70ec883a722219d92253cf073a72605f4087aa3443c8e4aadc0af2dc3ac647d0fa1b5ac99cd6987abafe6d690ae71cd5fd2aeeabe7589bfb4748aabdfba,blockNumber=2092
info|2023-07-08 14:57:21.122679|[WS]receive block notify,endpoint=127.0.0.1:20200,blk={
	"blockNumber" : 2092,
	"group" : "group0",
	"nodeName" : "98a7f70ec883a722219d92253cf073a72605f4087aa3443c8e4aadc0af2dc3ac647d0fa1b5ac99cd6987abafe6d690ae71cd5fd2aeeabe7589bfb4748aabdfba"
}
info|2023-07-08 14:57:21.134545|[RPC][BLOCK][NUMBER][fromJson],group=group0,node=2f993327933ad58672518b6d4f63920cbc68b80f78f4d81192552ee6362f5cc81ee13bdc678ad65f06e76444cadb53b33694cfb3fc7679b8000411975fedd28a,blockNumber=2092
info|2023-07-08 14:57:21.134576|[RPCWS][SERVICE][onRecvBlockNotifier]receive block number notifier,group=group0,node=2f993327933ad58672518b6d4f63920cbc68b80f78f4d81192552ee6362f5cc81ee13bdc678ad65f06e76444cadb53b33694cfb3fc7679b8000411975fedd28a,blockNumber=2092
info|2023-07-08 14:57:21.134586|[WS]receive block notify,endpoint=127.0.0.1:20201,blk={
	"blockNumber" : 2092,
	"group" : "group0",
	"nodeName" : "2f993327933ad58672518b6d4f63920cbc68b80f78f4d81192552ee6362f5cc81ee13bdc678ad65f06e76444cadb53b33694cfb3fc7679b8000411975fedd28a"
}
info|2023-07-08 14:57:21.634089|[RPC][BLOCK][NUMBER][fromJson],group=group0,node=98a7f70ec883a722219d92253cf073a72605f4087aa3443c8e4aadc0af2dc3ac647d0fa1b5ac99cd6987abafe6d690ae71cd5fd2aeeabe7589bfb4748aabdfba,blockNumber=2093
info|2023-07-08 14:57:21.634108|[RPCWS][SERVICE][onRecvBlockNotifier]receive block number notifier,group=group0,node=98a7f70ec883a722219d92253cf073a72605f4087aa3443c8e4aadc0af2dc3ac647d0fa1b5ac99cd6987abafe6d690ae71cd5fd2aeeabe7589bfb4748aabdfba,blockNumber=2093
info|2023-07-08 14:57:21.634113|[RPCWS][SERVICE][updateGroupBlockNumber],groupID=group0,_blockNumber=2093
info|2023-07-08 14:57:21.634117|[RPCWS][SERVICE][onRecvBlockNotifier]block notifier callback,group=group0,node=98a7f70ec883a722219d92253cf073a72605f4087aa3443c8e4aadc0af2dc3ac647d0fa1b5ac99cd6987abafe6d690ae71cd5fd2aeeabe7589bfb4748aabdfba,blockNumber=2093
info|2023-07-08 14:57:21.634121|[WS]receive block notify,endpoint=127.0.0.1:20200,blk={
	"blockNumber" : 2093,
	"group" : "group0",
	"nodeName" : "98a7f70ec883a722219d92253cf073a72605f4087aa3443c8e4aadc0af2dc3ac647d0fa1b5ac99cd6987abafe6d690ae71cd5fd2aeeabe7589bfb4748aabdfba"
}
info|2023-07-08 14:57:21.639794|[RPC][BLOCK][NUMBER][fromJson],group=group0,node=2f993327933ad58672518b6d4f63920cbc68b80f78f4d81192552ee6362f5cc81ee13bdc678ad65f06e76444cadb53b33694cfb3fc7679b8000411975fedd28a,blockNumber=2093
info|2023-07-08 14:57:21.639829|[RPCWS][SERVICE][onRecvBlockNotifier]receive block number notifier,group=group0,node=2f993327933ad58672518b6d4f63920cbc68b80f78f4d81192552ee6362f5cc81ee13bdc678ad65f06e76444cadb53b33694cfb3fc7679b8000411975fedd28a,blockNumber=2093
info|2023-07-08 14:57:21.639839|[WS]receive block notify,endpoint=127.0.0.1:20201,blk={
	"blockNumber" : 2093,
	"group" : "group0",
	"nodeName" : "2f993327933ad58672518b6d4f63920cbc68b80f78f4d81192552ee6362f5cc81ee13bdc678ad65f06e76444cadb53b33694cfb3fc7679b8000411975fedd28a"
}
info|2023-07-08 14:57:22.203110|[RPC][BLOCK][NUMBER][fromJson],group=group0,node=98a7f70ec883a722219d92253cf073a72605f4087aa3443c8e4aadc0af2dc3ac647d0fa1b5ac99cd6987abafe6d690ae71cd5fd2aeeabe7589bfb4748aabdfba,blockNumber=2094
info|2023-07-08 14:57:22.203137|[RPCWS][SERVICE][onRecvBlockNotifier]receive block number notifier,group=group0,node=98a7f70ec883a722219d92253cf073a72605f4087aa3443c8e4aadc0af2dc3ac647d0fa1b5ac99cd6987abafe6d690ae71cd5fd2aeeabe7589bfb4748aabdfba,blockNumber=2094
info|2023-07-08 14:57:22.203144|[RPCWS][SERVICE][updateGroupBlockNumber],groupID=group0,_blockNumber=2094
info|2023-07-08 14:57:22.203149|[RPCWS][SERVICE][onRecvBlockNotifier]block notifier callback,group=group0,node=98a7f70ec883a722219d92253cf073a72605f4087aa3443c8e4aadc0af2dc3ac647d0fa1b5ac99cd6987abafe6d690ae71cd5fd2aeeabe7589bfb4748aabdfba,blockNumber=2094
info|2023-07-08 14:57:22.203154|[WS]receive block notify,endpoint=127.0.0.1:20200,blk={
	"blockNumber" : 2094,
	"group" : "group0",
	"nodeName" : "98a7f70ec883a722219d92253cf073a72605f4087aa3443c8e4aadc0af2dc3ac647d0fa1b5ac99cd6987abafe6d690ae71cd5fd2aeeabe7589bfb4748aabdfba"
}
info|2023-07-08 14:57:22.238923|[RPC][BLOCK][NUMBER][fromJson],group=group0,node=2f993327933ad58672518b6d4f63920cbc68b80f78f4d81192552ee6362f5cc81ee13bdc678ad65f06e76444cadb53b33694cfb3fc7679b8000411975fedd28a,blockNumber=2094
info|2023-07-08 14:57:22.238948|[RPCWS][SERVICE][onRecvBlockNotifier]receive block number notifier,group=group0,node=2f993327933ad58672518b6d4f63920cbc68b80f78f4d81192552ee6362f5cc81ee13bdc678ad65f06e76444cadb53b33694cfb3fc7679b8000411975fedd28a,blockNumber=2094
info|2023-07-08 14:57:22.238956|[WS]receive block notify,endpoint=127.0.0.1:20201,blk={
	"blockNumber" : 2094,
	"group" : "group0",
	"nodeName" : "2f993327933ad58672518b6d4f63920cbc68b80f78f4d81192552ee6362f5cc81ee13bdc678ad65f06e76444cadb53b33694cfb3fc7679b8000411975fedd28a"
}
info|2023-07-08 14:57:29.344925|[EVENT][SUB][doLoop]event sub tasks report,working event sub count=0,suspend event sub count=0
info|2023-07-08 14:57:29.349324|[SDK][WS][SERVICE]connected nodes,count=2
info|2023-07-08 14:57:49.345279|[EVENT][SUB][doLoop]event sub tasks report,working event sub count=0,suspend event sub count=0
info|2023-07-08 14:57:49.350089|[SDK][WS][SERVICE]connected nodes,count=2
info|2023-07-08 14:58:09.346078|[EVENT][SUB][doLoop]event sub tasks report,working event sub count=0,suspend event sub count=0
info|2023-07-08 14:58:09.350583|[SDK][WS][SERVICE]connected nodes,count=2
info|2023-07-08 14:58:29.346114|[EVENT][SUB][doLoop]event sub tasks report,working event sub count=0,suspend event sub count=0
info|2023-07-08 14:58:29.350799|[SDK][WS][SERVICE]connected nodes,count=2
info|2023-07-08 14:58:49.346230|[EVENT][SUB][doLoop]event sub tasks report,working event sub count=0,suspend event sub count=0
info|2023-07-08 14:58:49.351856|[SDK][WS][SERVICE]connected nodes,count=2
info|2023-07-08 14:59:09.346858|[EVENT][SUB][doLoop]event sub tasks report,working event sub count=0,suspend event sub count=0
info|2023-07-08 14:59:09.352150|[SDK][WS][SERVICE]connected nodes,count=2
info|2023-07-08 14:59:29.346907|[EVENT][SUB][doLoop]event sub tasks report,working event sub count=0,suspend event sub count=0
info|2023-07-08 14:59:29.352431|[SDK][WS][SERVICE]connected nodes,count=2
info|2023-07-08 14:59:49.347317|[EVENT][SUB][doLoop]event sub tasks report,working event sub count=0,suspend event sub count=0
info|2023-07-08 14:59:49.352583|[SDK][WS][SERVICE]connected nodes,count=2
