info|2023-07-09 11:00:12.912550|[EVENT][SUB][doLoop]event sub tasks report,working event sub count=0,suspend event sub count=0
info|2023-07-09 11:00:12.972452|[SDK][WS][SERVICE]connected nodes,count=2
info|2023-07-09 11:00:32.937307|[EVENT][SUB][doLoop]event sub tasks report,working event sub count=0,suspend event sub count=0
info|2023-07-09 11:00:32.972648|[SDK][WS][SERVICE]connected nodes,count=2
info|2023-07-09 11:00:52.937409|[EVENT][SUB][doLoop]event sub tasks report,working event sub count=0,suspend event sub count=0
info|2023-07-09 11:00:52.973347|[SDK][WS][SERVICE]connected nodes,count=2
info|2023-07-09 11:01:12.938099|[EVENT][SUB][doLoop]event sub tasks report,working event sub count=0,suspend event sub count=0
info|2023-07-09 11:01:12.974152|[SDK][WS][SERVICE]connected nodes,count=2
info|2023-07-09 11:01:32.938478|[EVENT][SUB][doLoop]event sub tasks report,working event sub count=0,suspend event sub count=0
info|2023-07-09 11:01:32.975652|[SDK][WS][SERVICE]connected nodes,count=2
info|2023-07-09 11:01:52.939203|[EVENT][SUB][doLoop]event sub tasks report,working event sub count=0,suspend event sub count=0
info|2023-07-09 11:01:52.981070|[SDK][WS][SERVICE]connected nodes,count=2
info|2023-07-09 11:02:12.939872|[EVENT][SUB][doLoop]event sub tasks report,working event sub count=0,suspend event sub count=0
info|2023-07-09 11:02:12.981565|[SDK][WS][SERVICE]connected nodes,count=2
info|2023-07-09 11:02:32.939918|[EVENT][SUB][doLoop]event sub tasks report,working event sub count=0,suspend event sub count=0
info|2023-07-09 11:02:32.981919|[SDK][WS][SERVICE]connected nodes,count=2
info|2023-07-09 11:02:52.940415|[EVENT][SUB][doLoop]event sub tasks report,working event sub count=0,suspend event sub count=0
info|2023-07-09 11:02:52.982422|[SDK][WS][SERVICE]connected nodes,count=2
info|2023-07-09 11:03:12.941029|[EVENT][SUB][doLoop]event sub tasks report,working event sub count=0,suspend event sub count=0
info|2023-07-09 11:03:12.982594|[SDK][WS][SERVICE]connected nodes,count=2
info|2023-07-09 11:03:32.941365|[EVENT][SUB][doLoop]event sub tasks report,working event sub count=0,suspend event sub count=0
info|2023-07-09 11:03:32.982923|[SDK][WS][SERVICE]connected nodes,count=2
info|2023-07-09 11:03:52.944600|[EVENT][SUB][doLoop]event sub tasks report,working event sub count=0,suspend event sub count=0
info|2023-07-09 11:03:52.983641|[SDK][WS][SERVICE]connected nodes,count=2
info|2023-07-09 11:04:12.944768|[EVENT][SUB][doLoop]event sub tasks report,working event sub count=0,suspend event sub count=0
info|2023-07-09 11:04:12.984079|[SDK][WS][SERVICE]connected nodes,count=2
info|2023-07-09 11:04:32.950854|[EVENT][SUB][doLoop]event sub tasks report,working event sub count=0,suspend event sub count=0
info|2023-07-09 11:04:32.984244|[SDK][WS][SERVICE]connected nodes,count=2
info|2023-07-09 11:04:52.952552|[EVENT][SUB][doLoop]event sub tasks report,working event sub count=0,suspend event sub count=0
info|2023-07-09 11:04:52.984670|[SDK][WS][SERVICE]connected nodes,count=2
info|2023-07-09 11:05:12.954243|[EVENT][SUB][doLoop]event sub tasks report,working event sub count=0,suspend event sub count=0
info|2023-07-09 11:05:12.985270|[SDK][WS][SERVICE]connected nodes,count=2
info|2023-07-09 11:05:32.954436|[EVENT][SUB][doLoop]event sub tasks report,working event sub count=0,suspend event sub count=0
info|2023-07-09 11:05:32.985743|[SDK][WS][SERVICE]connected nodes,count=2
info|2023-07-09 11:05:52.954846|[EVENT][SUB][doLoop]event sub tasks report,working event sub count=0,suspend event sub count=0
info|2023-07-09 11:05:52.987810|[SDK][WS][SERVICE]connected nodes,count=2
info|2023-07-09 11:06:12.955140|[EVENT][SUB][doLoop]event sub tasks report,working event sub count=0,suspend event sub count=0
info|2023-07-09 11:06:12.987994|[SDK][WS][SERVICE]connected nodes,count=2
info|2023-07-09 11:06:32.955334|[EVENT][SUB][doLoop]event sub tasks report,working event sub count=0,suspend event sub count=0
info|2023-07-09 11:06:32.988563|[SDK][WS][SERVICE]connected nodes,count=2
info|2023-07-09 11:06:52.956027|[EVENT][SUB][doLoop]event sub tasks report,working event sub count=0,suspend event sub count=0
info|2023-07-09 11:06:52.988777|[SDK][WS][SERVICE]connected nodes,count=2
info|2023-07-09 11:07:12.957589|[EVENT][SUB][doLoop]event sub tasks report,working event sub count=0,suspend event sub count=0
info|2023-07-09 11:07:12.989565|[SDK][WS][SERVICE]connected nodes,count=2
info|2023-07-09 11:07:32.957771|[EVENT][SUB][doLoop]event sub tasks report,working event sub count=0,suspend event sub count=0
info|2023-07-09 11:07:32.990141|[SDK][WS][SERVICE]connected nodes,count=2
info|2023-07-09 11:07:52.958172|[EVENT][SUB][doLoop]event sub tasks report,working event sub count=0,suspend event sub count=0
info|2023-07-09 11:07:52.993540|[SDK][WS][SERVICE]connected nodes,count=2
info|2023-07-09 11:08:12.958678|[EVENT][SUB][doLoop]event sub tasks report,working event sub count=0,suspend event sub count=0
info|2023-07-09 11:08:12.996236|[SDK][WS][SERVICE]connected nodes,count=2
info|2023-07-09 11:08:32.960398|[EVENT][SUB][doLoop]event sub tasks report,working event sub count=0,suspend event sub count=0
info|2023-07-09 11:08:32.998132|[SDK][WS][SERVICE]connected nodes,count=2
info|2023-07-09 11:08:52.960772|[EVENT][SUB][doLoop]event sub tasks report,working event sub count=0,suspend event sub count=0
info|2023-07-09 11:08:52.998915|[SDK][WS][SERVICE]connected nodes,count=2
info|2023-07-09 11:09:12.961257|[EVENT][SUB][doLoop]event sub tasks report,working event sub count=0,suspend event sub count=0
info|2023-07-09 11:09:12.999320|[SDK][WS][SERVICE]connected nodes,count=2
info|2023-07-09 11:09:32.962098|[EVENT][SUB][doLoop]event sub tasks report,working event sub count=0,suspend event sub count=0
info|2023-07-09 11:09:32.999777|[SDK][WS][SERVICE]connected nodes,count=2
info|2023-07-09 11:09:52.962225|[EVENT][SUB][doLoop]event sub tasks report,working event sub count=0,suspend event sub count=0
info|2023-07-09 11:09:53.000175|[SDK][WS][SERVICE]connected nodes,count=2
info|2023-07-09 11:10:12.966357|[EVENT][SUB][doLoop]event sub tasks report,working event sub count=0,suspend event sub count=0
info|2023-07-09 11:10:13.002303|[SDK][WS][SERVICE]connected nodes,count=2
info|2023-07-09 11:10:32.966724|[EVENT][SUB][doLoop]event sub tasks report,working event sub count=0,suspend event sub count=0
info|2023-07-09 11:10:33.004906|[SDK][WS][SERVICE]connected nodes,count=2
info|2023-07-09 11:10:52.996500|[EVENT][SUB][doLoop]event sub tasks report,working event sub count=0,suspend event sub count=0
info|2023-07-09 11:10:53.021285|[SDK][WS][SERVICE]connected nodes,count=2
info|2023-07-09 11:11:12.997073|[EVENT][SUB][doLoop]event sub tasks report,working event sub count=0,suspend event sub count=0
info|2023-07-09 11:11:13.023908|[SDK][WS][SERVICE]connected nodes,count=2
info|2023-07-09 11:11:32.997250|[EVENT][SUB][doLoop]event sub tasks report,working event sub count=0,suspend event sub count=0
info|2023-07-09 11:11:33.024163|[SDK][WS][SERVICE]connected nodes,count=2
info|2023-07-09 11:11:52.997504|[EVENT][SUB][doLoop]event sub tasks report,working event sub count=0,suspend event sub count=0
info|2023-07-09 11:11:53.029235|[SDK][WS][SERVICE]connected nodes,count=2
info|2023-07-09 11:12:12.997806|[EVENT][SUB][doLoop]event sub tasks report,working event sub count=0,suspend event sub count=0
info|2023-07-09 11:12:13.029453|[SDK][WS][SERVICE]connected nodes,count=2
info|2023-07-09 11:12:32.997996|[EVENT][SUB][doLoop]event sub tasks report,working event sub count=0,suspend event sub count=0
info|2023-07-09 11:12:33.029923|[SDK][WS][SERVICE]connected nodes,count=2
info|2023-07-09 11:12:52.998476|[EVENT][SUB][doLoop]event sub tasks report,working event sub count=0,suspend event sub count=0
info|2023-07-09 11:12:53.030814|[SDK][WS][SERVICE]connected nodes,count=2
info|2023-07-09 11:13:12.998724|[EVENT][SUB][doLoop]event sub tasks report,working event sub count=0,suspend event sub count=0
info|2023-07-09 11:13:13.032306|[SDK][WS][SERVICE]connected nodes,count=2
info|2023-07-09 11:13:32.999761|[EVENT][SUB][doLoop]event sub tasks report,working event sub count=0,suspend event sub count=0
info|2023-07-09 11:13:33.033512|[SDK][WS][SERVICE]connected nodes,count=2
info|2023-07-09 11:13:53.000245|[EVENT][SUB][doLoop]event sub tasks report,working event sub count=0,suspend event sub count=0
info|2023-07-09 11:13:53.036173|[SDK][WS][SERVICE]connected nodes,count=2
info|2023-07-09 11:14:13.000936|[EVENT][SUB][doLoop]event sub tasks report,working event sub count=0,suspend event sub count=0
info|2023-07-09 11:14:13.036336|[SDK][WS][SERVICE]connected nodes,count=2
info|2023-07-09 11:14:33.001657|[EVENT][SUB][doLoop]event sub tasks report,working event sub count=0,suspend event sub count=0
info|2023-07-09 11:14:33.036977|[SDK][WS][SERVICE]connected nodes,count=2
info|2023-07-09 11:14:53.001980|[EVENT][SUB][doLoop]event sub tasks report,working event sub count=0,suspend event sub count=0
info|2023-07-09 11:14:53.037543|[SDK][WS][SERVICE]connected nodes,count=2
info|2023-07-09 11:15:13.002510|[EVENT][SUB][doLoop]event sub tasks report,working event sub count=0,suspend event sub count=0
info|2023-07-09 11:15:13.038398|[SDK][WS][SERVICE]connected nodes,count=2
info|2023-07-09 11:15:33.002633|[EVENT][SUB][doLoop]event sub tasks report,working event sub count=0,suspend event sub count=0
info|2023-07-09 11:15:33.038589|[SDK][WS][SERVICE]connected nodes,count=2
info|2023-07-09 11:15:53.003207|[EVENT][SUB][doLoop]event sub tasks report,working event sub count=0,suspend event sub count=0
info|2023-07-09 11:15:53.038812|[SDK][WS][SERVICE]connected nodes,count=2
info|2023-07-09 11:16:13.003368|[EVENT][SUB][doLoop]event sub tasks report,working event sub count=0,suspend event sub count=0
info|2023-07-09 11:16:13.039436|[SDK][WS][SERVICE]connected nodes,count=2
info|2023-07-09 11:16:33.003534|[EVENT][SUB][doLoop]event sub tasks report,working event sub count=0,suspend event sub count=0
info|2023-07-09 11:16:33.040334|[SDK][WS][SERVICE]connected nodes,count=2
info|2023-07-09 11:16:53.004233|[EVENT][SUB][doLoop]event sub tasks report,working event sub count=0,suspend event sub count=0
info|2023-07-09 11:16:53.040616|[SDK][WS][SERVICE]connected nodes,count=2
info|2023-07-09 11:17:13.004356|[EVENT][SUB][doLoop]event sub tasks report,working event sub count=0,suspend event sub count=0
info|2023-07-09 11:17:13.040887|[SDK][WS][SERVICE]connected nodes,count=2
info|2023-07-09 11:17:33.006027|[EVENT][SUB][doLoop]event sub tasks report,working event sub count=0,suspend event sub count=0
info|2023-07-09 11:17:33.041692|[SDK][WS][SERVICE]connected nodes,count=2
info|2023-07-09 11:17:53.006380|[EVENT][SUB][doLoop]event sub tasks report,working event sub count=0,suspend event sub count=0
info|2023-07-09 11:17:53.043295|[SDK][WS][SERVICE]connected nodes,count=2
info|2023-07-09 11:18:13.006817|[EVENT][SUB][doLoop]event sub tasks report,working event sub count=0,suspend event sub count=0
info|2023-07-09 11:18:13.043863|[SDK][WS][SERVICE]connected nodes,count=2
info|2023-07-09 11:18:33.006935|[EVENT][SUB][doLoop]event sub tasks report,working event sub count=0,suspend event sub count=0
info|2023-07-09 11:18:33.044383|[SDK][WS][SERVICE]connected nodes,count=2
info|2023-07-09 11:18:53.007199|[EVENT][SUB][doLoop]event sub tasks report,working event sub count=0,suspend event sub count=0
info|2023-07-09 11:18:53.044887|[SDK][WS][SERVICE]connected nodes,count=2
info|2023-07-09 11:19:13.008394|[EVENT][SUB][doLoop]event sub tasks report,working event sub count=0,suspend event sub count=0
info|2023-07-09 11:19:13.045310|[SDK][WS][SERVICE]connected nodes,count=2
info|2023-07-09 11:19:33.010009|[EVENT][SUB][doLoop]event sub tasks report,working event sub count=0,suspend event sub count=0
info|2023-07-09 11:19:33.046019|[SDK][WS][SERVICE]connected nodes,count=2
info|2023-07-09 11:19:53.011306|[EVENT][SUB][doLoop]event sub tasks report,working event sub count=0,suspend event sub count=0
info|2023-07-09 11:19:53.047424|[SDK][WS][SERVICE]connected nodes,count=2
info|2023-07-09 11:20:13.011433|[EVENT][SUB][doLoop]event sub tasks report,working event sub count=0,suspend event sub count=0
info|2023-07-09 11:20:13.050462|[SDK][WS][SERVICE]connected nodes,count=2
info|2023-07-09 11:20:33.012673|[EVENT][SUB][doLoop]event sub tasks report,working event sub count=0,suspend event sub count=0
info|2023-07-09 11:20:33.051031|[SDK][WS][SERVICE]connected nodes,count=2
info|2023-07-09 11:20:53.012915|[EVENT][SUB][doLoop]event sub tasks report,working event sub count=0,suspend event sub count=0
info|2023-07-09 11:20:53.051323|[SDK][WS][SERVICE]connected nodes,count=2
info|2023-07-09 11:21:13.013462|[EVENT][SUB][doLoop]event sub tasks report,working event sub count=0,suspend event sub count=0
info|2023-07-09 11:21:13.052313|[SDK][WS][SERVICE]connected nodes,count=2
info|2023-07-09 11:21:33.014236|[EVENT][SUB][doLoop]event sub tasks report,working event sub count=0,suspend event sub count=0
info|2023-07-09 11:21:33.052513|[SDK][WS][SERVICE]connected nodes,count=2
info|2023-07-09 11:21:53.014346|[EVENT][SUB][doLoop]event sub tasks report,working event sub count=0,suspend event sub count=0
info|2023-07-09 11:21:53.052940|[SDK][WS][SERVICE]connected nodes,count=2
info|2023-07-09 11:22:13.014788|[EVENT][SUB][doLoop]event sub tasks report,working event sub count=0,suspend event sub count=0
info|2023-07-09 11:22:13.053129|[SDK][WS][SERVICE]connected nodes,count=2
info|2023-07-09 11:22:33.014942|[EVENT][SUB][doLoop]event sub tasks report,working event sub count=0,suspend event sub count=0
info|2023-07-09 11:22:33.053881|[SDK][WS][SERVICE]connected nodes,count=2
info|2023-07-09 11:22:53.015624|[EVENT][SUB][doLoop]event sub tasks report,working event sub count=0,suspend event sub count=0
info|2023-07-09 11:22:53.054356|[SDK][WS][SERVICE]connected nodes,count=2
info|2023-07-09 11:23:13.016091|[EVENT][SUB][doLoop]event sub tasks report,working event sub count=0,suspend event sub count=0
info|2023-07-09 11:23:13.055089|[SDK][WS][SERVICE]connected nodes,count=2
info|2023-07-09 11:23:33.016252|[EVENT][SUB][doLoop]event sub tasks report,working event sub count=0,suspend event sub count=0
info|2023-07-09 11:23:33.057429|[SDK][WS][SERVICE]connected nodes,count=2
info|2023-07-09 11:23:53.016973|[EVENT][SUB][doLoop]event sub tasks report,working event sub count=0,suspend event sub count=0
info|2023-07-09 11:23:53.058273|[SDK][WS][SERVICE]connected nodes,count=2
info|2023-07-09 11:24:13.017031|[EVENT][SUB][doLoop]event sub tasks report,working event sub count=0,suspend event sub count=0
info|2023-07-09 11:24:13.058752|[SDK][WS][SERVICE]connected nodes,count=2
info|2023-07-09 11:24:33.017083|[EVENT][SUB][doLoop]event sub tasks report,working event sub count=0,suspend event sub count=0
info|2023-07-09 11:24:33.058968|[SDK][WS][SERVICE]connected nodes,count=2
info|2023-07-09 11:24:53.017432|[EVENT][SUB][doLoop]event sub tasks report,working event sub count=0,suspend event sub count=0
info|2023-07-09 11:24:53.059883|[SDK][WS][SERVICE]connected nodes,count=2
info|2023-07-09 11:25:13.018653|[EVENT][SUB][doLoop]event sub tasks report,working event sub count=0,suspend event sub count=0
info|2023-07-09 11:25:13.060480|[SDK][WS][SERVICE]connected nodes,count=2
info|2023-07-09 11:25:33.028690|[EVENT][SUB][doLoop]event sub tasks report,working event sub count=0,suspend event sub count=0
info|2023-07-09 11:25:33.060773|[SDK][WS][SERVICE]connected nodes,count=2
info|2023-07-09 11:25:53.029242|[EVENT][SUB][doLoop]event sub tasks report,working event sub count=0,suspend event sub count=0
info|2023-07-09 11:25:53.061123|[SDK][WS][SERVICE]connected nodes,count=2
info|2023-07-09 11:26:13.029452|[EVENT][SUB][doLoop]event sub tasks report,working event sub count=0,suspend event sub count=0
info|2023-07-09 11:26:13.061307|[SDK][WS][SERVICE]connected nodes,count=2
info|2023-07-09 11:26:33.029855|[EVENT][SUB][doLoop]event sub tasks report,working event sub count=0,suspend event sub count=0
info|2023-07-09 11:26:33.062349|[SDK][WS][SERVICE]connected nodes,count=2
info|2023-07-09 11:26:53.030331|[EVENT][SUB][doLoop]event sub tasks report,working event sub count=0,suspend event sub count=0
info|2023-07-09 11:26:53.062853|[SDK][WS][SERVICE]connected nodes,count=2
info|2023-07-09 11:27:13.030383|[EVENT][SUB][doLoop]event sub tasks report,working event sub count=0,suspend event sub count=0
info|2023-07-09 11:27:13.064227|[SDK][WS][SERVICE]connected nodes,count=2
info|2023-07-09 11:27:13.916516|[RPC][BLOCK][NUMBER][fromJson],group=group0,node=98a7f70ec883a722219d92253cf073a72605f4087aa3443c8e4aadc0af2dc3ac647d0fa1b5ac99cd6987abafe6d690ae71cd5fd2aeeabe7589bfb4748aabdfba,blockNumber=2735
info|2023-07-09 11:27:13.916559|[RPCWS][SERVICE][onRecvBlockNotifier]receive block number notifier,group=group0,node=98a7f70ec883a722219d92253cf073a72605f4087aa3443c8e4aadc0af2dc3ac647d0fa1b5ac99cd6987abafe6d690ae71cd5fd2aeeabe7589bfb4748aabdfba,blockNumber=2735
info|2023-07-09 11:27:13.916567|[RPCWS][SERVICE][updateGroupBlockNumber],groupID=group0,_blockNumber=2735
info|2023-07-09 11:27:13.916618|[RPCWS][SERVICE][onRecvBlockNotifier]block notifier callback,group=group0,node=98a7f70ec883a722219d92253cf073a72605f4087aa3443c8e4aadc0af2dc3ac647d0fa1b5ac99cd6987abafe6d690ae71cd5fd2aeeabe7589bfb4748aabdfba,blockNumber=2735
info|2023-07-09 11:27:13.916667|[WS]receive block notify,endpoint=127.0.0.1:20200,blk={
	"blockNumber" : 2735,
	"group" : "group0",
	"nodeName" : "98a7f70ec883a722219d92253cf073a72605f4087aa3443c8e4aadc0af2dc3ac647d0fa1b5ac99cd6987abafe6d690ae71cd5fd2aeeabe7589bfb4748aabdfba"
}
info|2023-07-09 11:27:13.972286|[RPC][BLOCK][NUMBER][fromJson],group=group0,node=2f993327933ad58672518b6d4f63920cbc68b80f78f4d81192552ee6362f5cc81ee13bdc678ad65f06e76444cadb53b33694cfb3fc7679b8000411975fedd28a,blockNumber=2735
info|2023-07-09 11:27:13.972322|[RPCWS][SERVICE][onRecvBlockNotifier]receive block number notifier,group=group0,node=2f993327933ad58672518b6d4f63920cbc68b80f78f4d81192552ee6362f5cc81ee13bdc678ad65f06e76444cadb53b33694cfb3fc7679b8000411975fedd28a,blockNumber=2735
info|2023-07-09 11:27:13.972333|[WS]receive block notify,endpoint=127.0.0.1:20201,blk={
	"blockNumber" : 2735,
	"group" : "group0",
	"nodeName" : "2f993327933ad58672518b6d4f63920cbc68b80f78f4d81192552ee6362f5cc81ee13bdc678ad65f06e76444cadb53b33694cfb3fc7679b8000411975fedd28a"
}
info|2023-07-09 11:27:14.469635|[RPC][BLOCK][NUMBER][fromJson],group=group0,node=98a7f70ec883a722219d92253cf073a72605f4087aa3443c8e4aadc0af2dc3ac647d0fa1b5ac99cd6987abafe6d690ae71cd5fd2aeeabe7589bfb4748aabdfba,blockNumber=2736
info|2023-07-09 11:27:14.469703|[RPCWS][SERVICE][onRecvBlockNotifier]receive block number notifier,group=group0,node=98a7f70ec883a722219d92253cf073a72605f4087aa3443c8e4aadc0af2dc3ac647d0fa1b5ac99cd6987abafe6d690ae71cd5fd2aeeabe7589bfb4748aabdfba,blockNumber=2736
info|2023-07-09 11:27:14.469714|[RPCWS][SERVICE][updateGroupBlockNumber],groupID=group0,_blockNumber=2736
info|2023-07-09 11:27:14.469720|[RPCWS][SERVICE][onRecvBlockNotifier]block notifier callback,group=group0,node=98a7f70ec883a722219d92253cf073a72605f4087aa3443c8e4aadc0af2dc3ac647d0fa1b5ac99cd6987abafe6d690ae71cd5fd2aeeabe7589bfb4748aabdfba,blockNumber=2736
info|2023-07-09 11:27:14.469820|[WS]receive block notify,endpoint=127.0.0.1:20200,blk={
	"blockNumber" : 2736,
	"group" : "group0",
	"nodeName" : "98a7f70ec883a722219d92253cf073a72605f4087aa3443c8e4aadc0af2dc3ac647d0fa1b5ac99cd6987abafe6d690ae71cd5fd2aeeabe7589bfb4748aabdfba"
}
info|2023-07-09 11:27:14.511751|[RPC][BLOCK][NUMBER][fromJson],group=group0,node=2f993327933ad58672518b6d4f63920cbc68b80f78f4d81192552ee6362f5cc81ee13bdc678ad65f06e76444cadb53b33694cfb3fc7679b8000411975fedd28a,blockNumber=2736
info|2023-07-09 11:27:14.511788|[RPCWS][SERVICE][onRecvBlockNotifier]receive block number notifier,group=group0,node=2f993327933ad58672518b6d4f63920cbc68b80f78f4d81192552ee6362f5cc81ee13bdc678ad65f06e76444cadb53b33694cfb3fc7679b8000411975fedd28a,blockNumber=2736
info|2023-07-09 11:27:14.511797|[WS]receive block notify,endpoint=127.0.0.1:20201,blk={
	"blockNumber" : 2736,
	"group" : "group0",
	"nodeName" : "2f993327933ad58672518b6d4f63920cbc68b80f78f4d81192552ee6362f5cc81ee13bdc678ad65f06e76444cadb53b33694cfb3fc7679b8000411975fedd28a"
}
info|2023-07-09 11:27:15.043254|[RPC][BLOCK][NUMBER][fromJson],group=group0,node=98a7f70ec883a722219d92253cf073a72605f4087aa3443c8e4aadc0af2dc3ac647d0fa1b5ac99cd6987abafe6d690ae71cd5fd2aeeabe7589bfb4748aabdfba,blockNumber=2737
info|2023-07-09 11:27:15.043285|[RPCWS][SERVICE][onRecvBlockNotifier]receive block number notifier,group=group0,node=98a7f70ec883a722219d92253cf073a72605f4087aa3443c8e4aadc0af2dc3ac647d0fa1b5ac99cd6987abafe6d690ae71cd5fd2aeeabe7589bfb4748aabdfba,blockNumber=2737
info|2023-07-09 11:27:15.043292|[RPCWS][SERVICE][updateGroupBlockNumber],groupID=group0,_blockNumber=2737
info|2023-07-09 11:27:15.043299|[RPCWS][SERVICE][onRecvBlockNotifier]block notifier callback,group=group0,node=98a7f70ec883a722219d92253cf073a72605f4087aa3443c8e4aadc0af2dc3ac647d0fa1b5ac99cd6987abafe6d690ae71cd5fd2aeeabe7589bfb4748aabdfba,blockNumber=2737
info|2023-07-09 11:27:15.043304|[WS]receive block notify,endpoint=127.0.0.1:20200,blk={
	"blockNumber" : 2737,
	"group" : "group0",
	"nodeName" : "98a7f70ec883a722219d92253cf073a72605f4087aa3443c8e4aadc0af2dc3ac647d0fa1b5ac99cd6987abafe6d690ae71cd5fd2aeeabe7589bfb4748aabdfba"
}
info|2023-07-09 11:27:15.057084|[RPC][BLOCK][NUMBER][fromJson],group=group0,node=2f993327933ad58672518b6d4f63920cbc68b80f78f4d81192552ee6362f5cc81ee13bdc678ad65f06e76444cadb53b33694cfb3fc7679b8000411975fedd28a,blockNumber=2737
info|2023-07-09 11:27:15.057107|[RPCWS][SERVICE][onRecvBlockNotifier]receive block number notifier,group=group0,node=2f993327933ad58672518b6d4f63920cbc68b80f78f4d81192552ee6362f5cc81ee13bdc678ad65f06e76444cadb53b33694cfb3fc7679b8000411975fedd28a,blockNumber=2737
info|2023-07-09 11:27:15.057114|[WS]receive block notify,endpoint=127.0.0.1:20201,blk={
	"blockNumber" : 2737,
	"group" : "group0",
	"nodeName" : "2f993327933ad58672518b6d4f63920cbc68b80f78f4d81192552ee6362f5cc81ee13bdc678ad65f06e76444cadb53b33694cfb3fc7679b8000411975fedd28a"
}
info|2023-07-09 11:27:15.617465|[RPC][BLOCK][NUMBER][fromJson],group=group0,node=98a7f70ec883a722219d92253cf073a72605f4087aa3443c8e4aadc0af2dc3ac647d0fa1b5ac99cd6987abafe6d690ae71cd5fd2aeeabe7589bfb4748aabdfba,blockNumber=2738
info|2023-07-09 11:27:15.617514|[RPCWS][SERVICE][onRecvBlockNotifier]receive block number notifier,group=group0,node=98a7f70ec883a722219d92253cf073a72605f4087aa3443c8e4aadc0af2dc3ac647d0fa1b5ac99cd6987abafe6d690ae71cd5fd2aeeabe7589bfb4748aabdfba,blockNumber=2738
info|2023-07-09 11:27:15.617524|[RPCWS][SERVICE][updateGroupBlockNumber],groupID=group0,_blockNumber=2738
info|2023-07-09 11:27:15.617531|[RPCWS][SERVICE][onRecvBlockNotifier]block notifier callback,group=group0,node=98a7f70ec883a722219d92253cf073a72605f4087aa3443c8e4aadc0af2dc3ac647d0fa1b5ac99cd6987abafe6d690ae71cd5fd2aeeabe7589bfb4748aabdfba,blockNumber=2738
info|2023-07-09 11:27:15.617537|[WS]receive block notify,endpoint=127.0.0.1:20200,blk={
	"blockNumber" : 2738,
	"group" : "group0",
	"nodeName" : "98a7f70ec883a722219d92253cf073a72605f4087aa3443c8e4aadc0af2dc3ac647d0fa1b5ac99cd6987abafe6d690ae71cd5fd2aeeabe7589bfb4748aabdfba"
}
info|2023-07-09 11:27:15.691008|[RPC][BLOCK][NUMBER][fromJson],group=group0,node=2f993327933ad58672518b6d4f63920cbc68b80f78f4d81192552ee6362f5cc81ee13bdc678ad65f06e76444cadb53b33694cfb3fc7679b8000411975fedd28a,blockNumber=2738
info|2023-07-09 11:27:15.691068|[RPCWS][SERVICE][onRecvBlockNotifier]receive block number notifier,group=group0,node=2f993327933ad58672518b6d4f63920cbc68b80f78f4d81192552ee6362f5cc81ee13bdc678ad65f06e76444cadb53b33694cfb3fc7679b8000411975fedd28a,blockNumber=2738
info|2023-07-09 11:27:15.691138|[WS]receive block notify,endpoint=127.0.0.1:20201,blk={
	"blockNumber" : 2738,
	"group" : "group0",
	"nodeName" : "2f993327933ad58672518b6d4f63920cbc68b80f78f4d81192552ee6362f5cc81ee13bdc678ad65f06e76444cadb53b33694cfb3fc7679b8000411975fedd28a"
}
info|2023-07-09 11:27:16.253278|[RPC][BLOCK][NUMBER][fromJson],group=group0,node=98a7f70ec883a722219d92253cf073a72605f4087aa3443c8e4aadc0af2dc3ac647d0fa1b5ac99cd6987abafe6d690ae71cd5fd2aeeabe7589bfb4748aabdfba,blockNumber=2739
info|2023-07-09 11:27:16.253305|[RPCWS][SERVICE][onRecvBlockNotifier]receive block number notifier,group=group0,node=98a7f70ec883a722219d92253cf073a72605f4087aa3443c8e4aadc0af2dc3ac647d0fa1b5ac99cd6987abafe6d690ae71cd5fd2aeeabe7589bfb4748aabdfba,blockNumber=2739
info|2023-07-09 11:27:16.253311|[RPCWS][SERVICE][updateGroupBlockNumber],groupID=group0,_blockNumber=2739
info|2023-07-09 11:27:16.253316|[RPCWS][SERVICE][onRecvBlockNotifier]block notifier callback,group=group0,node=98a7f70ec883a722219d92253cf073a72605f4087aa3443c8e4aadc0af2dc3ac647d0fa1b5ac99cd6987abafe6d690ae71cd5fd2aeeabe7589bfb4748aabdfba,blockNumber=2739
info|2023-07-09 11:27:16.253320|[WS]receive block notify,endpoint=127.0.0.1:20200,blk={
	"blockNumber" : 2739,
	"group" : "group0",
	"nodeName" : "98a7f70ec883a722219d92253cf073a72605f4087aa3443c8e4aadc0af2dc3ac647d0fa1b5ac99cd6987abafe6d690ae71cd5fd2aeeabe7589bfb4748aabdfba"
}
info|2023-07-09 11:27:16.260805|[RPC][BLOCK][NUMBER][fromJson],group=group0,node=2f993327933ad58672518b6d4f63920cbc68b80f78f4d81192552ee6362f5cc81ee13bdc678ad65f06e76444cadb53b33694cfb3fc7679b8000411975fedd28a,blockNumber=2739
info|2023-07-09 11:27:16.260826|[RPCWS][SERVICE][onRecvBlockNotifier]receive block number notifier,group=group0,node=2f993327933ad58672518b6d4f63920cbc68b80f78f4d81192552ee6362f5cc81ee13bdc678ad65f06e76444cadb53b33694cfb3fc7679b8000411975fedd28a,blockNumber=2739
info|2023-07-09 11:27:16.260833|[WS]receive block notify,endpoint=127.0.0.1:20201,blk={
	"blockNumber" : 2739,
	"group" : "group0",
	"nodeName" : "2f993327933ad58672518b6d4f63920cbc68b80f78f4d81192552ee6362f5cc81ee13bdc678ad65f06e76444cadb53b33694cfb3fc7679b8000411975fedd28a"
}
info|2023-07-09 11:27:16.734314|[RPC][BLOCK][NUMBER][fromJson],group=group0,node=98a7f70ec883a722219d92253cf073a72605f4087aa3443c8e4aadc0af2dc3ac647d0fa1b5ac99cd6987abafe6d690ae71cd5fd2aeeabe7589bfb4748aabdfba,blockNumber=2740
info|2023-07-09 11:27:16.734363|[RPCWS][SERVICE][onRecvBlockNotifier]receive block number notifier,group=group0,node=98a7f70ec883a722219d92253cf073a72605f4087aa3443c8e4aadc0af2dc3ac647d0fa1b5ac99cd6987abafe6d690ae71cd5fd2aeeabe7589bfb4748aabdfba,blockNumber=2740
info|2023-07-09 11:27:16.734371|[RPCWS][SERVICE][updateGroupBlockNumber],groupID=group0,_blockNumber=2740
info|2023-07-09 11:27:16.734375|[RPCWS][SERVICE][onRecvBlockNotifier]block notifier callback,group=group0,node=98a7f70ec883a722219d92253cf073a72605f4087aa3443c8e4aadc0af2dc3ac647d0fa1b5ac99cd6987abafe6d690ae71cd5fd2aeeabe7589bfb4748aabdfba,blockNumber=2740
info|2023-07-09 11:27:16.734378|[WS]receive block notify,endpoint=127.0.0.1:20200,blk={
	"blockNumber" : 2740,
	"group" : "group0",
	"nodeName" : "98a7f70ec883a722219d92253cf073a72605f4087aa3443c8e4aadc0af2dc3ac647d0fa1b5ac99cd6987abafe6d690ae71cd5fd2aeeabe7589bfb4748aabdfba"
}
info|2023-07-09 11:27:16.853691|[RPC][BLOCK][NUMBER][fromJson],group=group0,node=2f993327933ad58672518b6d4f63920cbc68b80f78f4d81192552ee6362f5cc81ee13bdc678ad65f06e76444cadb53b33694cfb3fc7679b8000411975fedd28a,blockNumber=2740
info|2023-07-09 11:27:16.853759|[RPCWS][SERVICE][onRecvBlockNotifier]receive block number notifier,group=group0,node=2f993327933ad58672518b6d4f63920cbc68b80f78f4d81192552ee6362f5cc81ee13bdc678ad65f06e76444cadb53b33694cfb3fc7679b8000411975fedd28a,blockNumber=2740
info|2023-07-09 11:27:16.853780|[WS]receive block notify,endpoint=127.0.0.1:20201,blk={
	"blockNumber" : 2740,
	"group" : "group0",
	"nodeName" : "2f993327933ad58672518b6d4f63920cbc68b80f78f4d81192552ee6362f5cc81ee13bdc678ad65f06e76444cadb53b33694cfb3fc7679b8000411975fedd28a"
}
info|2023-07-09 11:27:17.320338|[RPC][BLOCK][NUMBER][fromJson],group=group0,node=98a7f70ec883a722219d92253cf073a72605f4087aa3443c8e4aadc0af2dc3ac647d0fa1b5ac99cd6987abafe6d690ae71cd5fd2aeeabe7589bfb4748aabdfba,blockNumber=2741
info|2023-07-09 11:27:17.320366|[RPCWS][SERVICE][onRecvBlockNotifier]receive block number notifier,group=group0,node=98a7f70ec883a722219d92253cf073a72605f4087aa3443c8e4aadc0af2dc3ac647d0fa1b5ac99cd6987abafe6d690ae71cd5fd2aeeabe7589bfb4748aabdfba,blockNumber=2741
info|2023-07-09 11:27:17.320373|[RPCWS][SERVICE][updateGroupBlockNumber],groupID=group0,_blockNumber=2741
info|2023-07-09 11:27:17.320378|[RPCWS][SERVICE][onRecvBlockNotifier]block notifier callback,group=group0,node=98a7f70ec883a722219d92253cf073a72605f4087aa3443c8e4aadc0af2dc3ac647d0fa1b5ac99cd6987abafe6d690ae71cd5fd2aeeabe7589bfb4748aabdfba,blockNumber=2741
info|2023-07-09 11:27:17.320408|[WS]receive block notify,endpoint=127.0.0.1:20200,blk={
	"blockNumber" : 2741,
	"group" : "group0",
	"nodeName" : "98a7f70ec883a722219d92253cf073a72605f4087aa3443c8e4aadc0af2dc3ac647d0fa1b5ac99cd6987abafe6d690ae71cd5fd2aeeabe7589bfb4748aabdfba"
}
info|2023-07-09 11:27:17.327184|[RPC][BLOCK][NUMBER][fromJson],group=group0,node=2f993327933ad58672518b6d4f63920cbc68b80f78f4d81192552ee6362f5cc81ee13bdc678ad65f06e76444cadb53b33694cfb3fc7679b8000411975fedd28a,blockNumber=2741
info|2023-07-09 11:27:17.327205|[RPCWS][SERVICE][onRecvBlockNotifier]receive block number notifier,group=group0,node=2f993327933ad58672518b6d4f63920cbc68b80f78f4d81192552ee6362f5cc81ee13bdc678ad65f06e76444cadb53b33694cfb3fc7679b8000411975fedd28a,blockNumber=2741
info|2023-07-09 11:27:17.327213|[WS]receive block notify,endpoint=127.0.0.1:20201,blk={
	"blockNumber" : 2741,
	"group" : "group0",
	"nodeName" : "2f993327933ad58672518b6d4f63920cbc68b80f78f4d81192552ee6362f5cc81ee13bdc678ad65f06e76444cadb53b33694cfb3fc7679b8000411975fedd28a"
}
info|2023-07-09 11:27:17.947681|[RPC][BLOCK][NUMBER][fromJson],group=group0,node=98a7f70ec883a722219d92253cf073a72605f4087aa3443c8e4aadc0af2dc3ac647d0fa1b5ac99cd6987abafe6d690ae71cd5fd2aeeabe7589bfb4748aabdfba,blockNumber=2742
info|2023-07-09 11:27:17.947726|[RPCWS][SERVICE][onRecvBlockNotifier]receive block number notifier,group=group0,node=98a7f70ec883a722219d92253cf073a72605f4087aa3443c8e4aadc0af2dc3ac647d0fa1b5ac99cd6987abafe6d690ae71cd5fd2aeeabe7589bfb4748aabdfba,blockNumber=2742
info|2023-07-09 11:27:17.947739|[RPCWS][SERVICE][updateGroupBlockNumber],groupID=group0,_blockNumber=2742
info|2023-07-09 11:27:17.947749|[RPCWS][SERVICE][onRecvBlockNotifier]block notifier callback,group=group0,node=98a7f70ec883a722219d92253cf073a72605f4087aa3443c8e4aadc0af2dc3ac647d0fa1b5ac99cd6987abafe6d690ae71cd5fd2aeeabe7589bfb4748aabdfba,blockNumber=2742
info|2023-07-09 11:27:17.947758|[WS]receive block notify,endpoint=127.0.0.1:20200,blk={
	"blockNumber" : 2742,
	"group" : "group0",
	"nodeName" : "98a7f70ec883a722219d92253cf073a72605f4087aa3443c8e4aadc0af2dc3ac647d0fa1b5ac99cd6987abafe6d690ae71cd5fd2aeeabe7589bfb4748aabdfba"
}
info|2023-07-09 11:27:17.964402|[RPC][BLOCK][NUMBER][fromJson],group=group0,node=2f993327933ad58672518b6d4f63920cbc68b80f78f4d81192552ee6362f5cc81ee13bdc678ad65f06e76444cadb53b33694cfb3fc7679b8000411975fedd28a,blockNumber=2742
info|2023-07-09 11:27:17.964431|[RPCWS][SERVICE][onRecvBlockNotifier]receive block number notifier,group=group0,node=2f993327933ad58672518b6d4f63920cbc68b80f78f4d81192552ee6362f5cc81ee13bdc678ad65f06e76444cadb53b33694cfb3fc7679b8000411975fedd28a,blockNumber=2742
info|2023-07-09 11:27:17.964441|[WS]receive block notify,endpoint=127.0.0.1:20201,blk={
	"blockNumber" : 2742,
	"group" : "group0",
	"nodeName" : "2f993327933ad58672518b6d4f63920cbc68b80f78f4d81192552ee6362f5cc81ee13bdc678ad65f06e76444cadb53b33694cfb3fc7679b8000411975fedd28a"
}
info|2023-07-09 11:27:18.470091|[RPC][BLOCK][NUMBER][fromJson],group=group0,node=98a7f70ec883a722219d92253cf073a72605f4087aa3443c8e4aadc0af2dc3ac647d0fa1b5ac99cd6987abafe6d690ae71cd5fd2aeeabe7589bfb4748aabdfba,blockNumber=2743
info|2023-07-09 11:27:18.470114|[RPCWS][SERVICE][onRecvBlockNotifier]receive block number notifier,group=group0,node=98a7f70ec883a722219d92253cf073a72605f4087aa3443c8e4aadc0af2dc3ac647d0fa1b5ac99cd6987abafe6d690ae71cd5fd2aeeabe7589bfb4748aabdfba,blockNumber=2743
info|2023-07-09 11:27:18.470119|[RPCWS][SERVICE][updateGroupBlockNumber],groupID=group0,_blockNumber=2743
info|2023-07-09 11:27:18.470125|[RPCWS][SERVICE][onRecvBlockNotifier]block notifier callback,group=group0,node=98a7f70ec883a722219d92253cf073a72605f4087aa3443c8e4aadc0af2dc3ac647d0fa1b5ac99cd6987abafe6d690ae71cd5fd2aeeabe7589bfb4748aabdfba,blockNumber=2743
info|2023-07-09 11:27:18.470128|[WS]receive block notify,endpoint=127.0.0.1:20200,blk={
	"blockNumber" : 2743,
	"group" : "group0",
	"nodeName" : "98a7f70ec883a722219d92253cf073a72605f4087aa3443c8e4aadc0af2dc3ac647d0fa1b5ac99cd6987abafe6d690ae71cd5fd2aeeabe7589bfb4748aabdfba"
}
info|2023-07-09 11:27:18.529921|[RPC][BLOCK][NUMBER][fromJson],group=group0,node=2f993327933ad58672518b6d4f63920cbc68b80f78f4d81192552ee6362f5cc81ee13bdc678ad65f06e76444cadb53b33694cfb3fc7679b8000411975fedd28a,blockNumber=2743
info|2023-07-09 11:27:18.529984|[RPCWS][SERVICE][onRecvBlockNotifier]receive block number notifier,group=group0,node=2f993327933ad58672518b6d4f63920cbc68b80f78f4d81192552ee6362f5cc81ee13bdc678ad65f06e76444cadb53b33694cfb3fc7679b8000411975fedd28a,blockNumber=2743
info|2023-07-09 11:27:18.530006|[WS]receive block notify,endpoint=127.0.0.1:20201,blk={
	"blockNumber" : 2743,
	"group" : "group0",
	"nodeName" : "2f993327933ad58672518b6d4f63920cbc68b80f78f4d81192552ee6362f5cc81ee13bdc678ad65f06e76444cadb53b33694cfb3fc7679b8000411975fedd28a"
}
info|2023-07-09 11:27:19.058540|[RPC][BLOCK][NUMBER][fromJson],group=group0,node=98a7f70ec883a722219d92253cf073a72605f4087aa3443c8e4aadc0af2dc3ac647d0fa1b5ac99cd6987abafe6d690ae71cd5fd2aeeabe7589bfb4748aabdfba,blockNumber=2744
info|2023-07-09 11:27:19.058579|[RPCWS][SERVICE][onRecvBlockNotifier]receive block number notifier,group=group0,node=98a7f70ec883a722219d92253cf073a72605f4087aa3443c8e4aadc0af2dc3ac647d0fa1b5ac99cd6987abafe6d690ae71cd5fd2aeeabe7589bfb4748aabdfba,blockNumber=2744
info|2023-07-09 11:27:19.058586|[RPCWS][SERVICE][updateGroupBlockNumber],groupID=group0,_blockNumber=2744
info|2023-07-09 11:27:19.058591|[RPCWS][SERVICE][onRecvBlockNotifier]block notifier callback,group=group0,node=98a7f70ec883a722219d92253cf073a72605f4087aa3443c8e4aadc0af2dc3ac647d0fa1b5ac99cd6987abafe6d690ae71cd5fd2aeeabe7589bfb4748aabdfba,blockNumber=2744
info|2023-07-09 11:27:19.058595|[WS]receive block notify,endpoint=127.0.0.1:20200,blk={
	"blockNumber" : 2744,
	"group" : "group0",
	"nodeName" : "98a7f70ec883a722219d92253cf073a72605f4087aa3443c8e4aadc0af2dc3ac647d0fa1b5ac99cd6987abafe6d690ae71cd5fd2aeeabe7589bfb4748aabdfba"
}
info|2023-07-09 11:27:19.128830|[RPC][BLOCK][NUMBER][fromJson],group=group0,node=2f993327933ad58672518b6d4f63920cbc68b80f78f4d81192552ee6362f5cc81ee13bdc678ad65f06e76444cadb53b33694cfb3fc7679b8000411975fedd28a,blockNumber=2744
info|2023-07-09 11:27:19.128917|[RPCWS][SERVICE][onRecvBlockNotifier]receive block number notifier,group=group0,node=2f993327933ad58672518b6d4f63920cbc68b80f78f4d81192552ee6362f5cc81ee13bdc678ad65f06e76444cadb53b33694cfb3fc7679b8000411975fedd28a,blockNumber=2744
info|2023-07-09 11:27:19.128936|[WS]receive block notify,endpoint=127.0.0.1:20201,blk={
	"blockNumber" : 2744,
	"group" : "group0",
	"nodeName" : "2f993327933ad58672518b6d4f63920cbc68b80f78f4d81192552ee6362f5cc81ee13bdc678ad65f06e76444cadb53b33694cfb3fc7679b8000411975fedd28a"
}
info|2023-07-09 11:27:19.660862|[RPC][BLOCK][NUMBER][fromJson],group=group0,node=98a7f70ec883a722219d92253cf073a72605f4087aa3443c8e4aadc0af2dc3ac647d0fa1b5ac99cd6987abafe6d690ae71cd5fd2aeeabe7589bfb4748aabdfba,blockNumber=2745
info|2023-07-09 11:27:19.660920|[RPCWS][SERVICE][onRecvBlockNotifier]receive block number notifier,group=group0,node=98a7f70ec883a722219d92253cf073a72605f4087aa3443c8e4aadc0af2dc3ac647d0fa1b5ac99cd6987abafe6d690ae71cd5fd2aeeabe7589bfb4748aabdfba,blockNumber=2745
info|2023-07-09 11:27:19.660937|[RPCWS][SERVICE][updateGroupBlockNumber],groupID=group0,_blockNumber=2745
info|2023-07-09 11:27:19.660952|[RPCWS][SERVICE][onRecvBlockNotifier]block notifier callback,group=group0,node=98a7f70ec883a722219d92253cf073a72605f4087aa3443c8e4aadc0af2dc3ac647d0fa1b5ac99cd6987abafe6d690ae71cd5fd2aeeabe7589bfb4748aabdfba,blockNumber=2745
info|2023-07-09 11:27:19.660964|[WS]receive block notify,endpoint=127.0.0.1:20200,blk={
	"blockNumber" : 2745,
	"group" : "group0",
	"nodeName" : "98a7f70ec883a722219d92253cf073a72605f4087aa3443c8e4aadc0af2dc3ac647d0fa1b5ac99cd6987abafe6d690ae71cd5fd2aeeabe7589bfb4748aabdfba"
}
info|2023-07-09 11:27:19.683408|[RPC][BLOCK][NUMBER][fromJson],group=group0,node=2f993327933ad58672518b6d4f63920cbc68b80f78f4d81192552ee6362f5cc81ee13bdc678ad65f06e76444cadb53b33694cfb3fc7679b8000411975fedd28a,blockNumber=2745
info|2023-07-09 11:27:19.683517|[RPCWS][SERVICE][onRecvBlockNotifier]receive block number notifier,group=group0,node=2f993327933ad58672518b6d4f63920cbc68b80f78f4d81192552ee6362f5cc81ee13bdc678ad65f06e76444cadb53b33694cfb3fc7679b8000411975fedd28a,blockNumber=2745
info|2023-07-09 11:27:19.683530|[WS]receive block notify,endpoint=127.0.0.1:20201,blk={
	"blockNumber" : 2745,
	"group" : "group0",
	"nodeName" : "2f993327933ad58672518b6d4f63920cbc68b80f78f4d81192552ee6362f5cc81ee13bdc678ad65f06e76444cadb53b33694cfb3fc7679b8000411975fedd28a"
}
info|2023-07-09 11:27:20.270855|[RPC][BLOCK][NUMBER][fromJson],group=group0,node=98a7f70ec883a722219d92253cf073a72605f4087aa3443c8e4aadc0af2dc3ac647d0fa1b5ac99cd6987abafe6d690ae71cd5fd2aeeabe7589bfb4748aabdfba,blockNumber=2746
info|2023-07-09 11:27:20.270927|[RPCWS][SERVICE][onRecvBlockNotifier]receive block number notifier,group=group0,node=98a7f70ec883a722219d92253cf073a72605f4087aa3443c8e4aadc0af2dc3ac647d0fa1b5ac99cd6987abafe6d690ae71cd5fd2aeeabe7589bfb4748aabdfba,blockNumber=2746
info|2023-07-09 11:27:20.270936|[RPCWS][SERVICE][updateGroupBlockNumber],groupID=group0,_blockNumber=2746
info|2023-07-09 11:27:20.270942|[RPCWS][SERVICE][onRecvBlockNotifier]block notifier callback,group=group0,node=98a7f70ec883a722219d92253cf073a72605f4087aa3443c8e4aadc0af2dc3ac647d0fa1b5ac99cd6987abafe6d690ae71cd5fd2aeeabe7589bfb4748aabdfba,blockNumber=2746
info|2023-07-09 11:27:20.270947|[WS]receive block notify,endpoint=127.0.0.1:20200,blk={
	"blockNumber" : 2746,
	"group" : "group0",
	"nodeName" : "98a7f70ec883a722219d92253cf073a72605f4087aa3443c8e4aadc0af2dc3ac647d0fa1b5ac99cd6987abafe6d690ae71cd5fd2aeeabe7589bfb4748aabdfba"
}
info|2023-07-09 11:27:20.279620|[RPC][BLOCK][NUMBER][fromJson],group=group0,node=2f993327933ad58672518b6d4f63920cbc68b80f78f4d81192552ee6362f5cc81ee13bdc678ad65f06e76444cadb53b33694cfb3fc7679b8000411975fedd28a,blockNumber=2746
info|2023-07-09 11:27:20.279661|[RPCWS][SERVICE][onRecvBlockNotifier]receive block number notifier,group=group0,node=2f993327933ad58672518b6d4f63920cbc68b80f78f4d81192552ee6362f5cc81ee13bdc678ad65f06e76444cadb53b33694cfb3fc7679b8000411975fedd28a,blockNumber=2746
info|2023-07-09 11:27:20.279671|[WS]receive block notify,endpoint=127.0.0.1:20201,blk={
	"blockNumber" : 2746,
	"group" : "group0",
	"nodeName" : "2f993327933ad58672518b6d4f63920cbc68b80f78f4d81192552ee6362f5cc81ee13bdc678ad65f06e76444cadb53b33694cfb3fc7679b8000411975fedd28a"
}
info|2023-07-09 11:27:20.824286|[RPC][BLOCK][NUMBER][fromJson],group=group0,node=98a7f70ec883a722219d92253cf073a72605f4087aa3443c8e4aadc0af2dc3ac647d0fa1b5ac99cd6987abafe6d690ae71cd5fd2aeeabe7589bfb4748aabdfba,blockNumber=2747
info|2023-07-09 11:27:20.824312|[RPCWS][SERVICE][onRecvBlockNotifier]receive block number notifier,group=group0,node=98a7f70ec883a722219d92253cf073a72605f4087aa3443c8e4aadc0af2dc3ac647d0fa1b5ac99cd6987abafe6d690ae71cd5fd2aeeabe7589bfb4748aabdfba,blockNumber=2747
info|2023-07-09 11:27:20.824350|[RPCWS][SERVICE][updateGroupBlockNumber],groupID=group0,_blockNumber=2747
info|2023-07-09 11:27:20.824360|[RPCWS][SERVICE][onRecvBlockNotifier]block notifier callback,group=group0,node=98a7f70ec883a722219d92253cf073a72605f4087aa3443c8e4aadc0af2dc3ac647d0fa1b5ac99cd6987abafe6d690ae71cd5fd2aeeabe7589bfb4748aabdfba,blockNumber=2747
info|2023-07-09 11:27:20.824366|[WS]receive block notify,endpoint=127.0.0.1:20200,blk={
	"blockNumber" : 2747,
	"group" : "group0",
	"nodeName" : "98a7f70ec883a722219d92253cf073a72605f4087aa3443c8e4aadc0af2dc3ac647d0fa1b5ac99cd6987abafe6d690ae71cd5fd2aeeabe7589bfb4748aabdfba"
}
info|2023-07-09 11:27:20.833651|[RPC][BLOCK][NUMBER][fromJson],group=group0,node=2f993327933ad58672518b6d4f63920cbc68b80f78f4d81192552ee6362f5cc81ee13bdc678ad65f06e76444cadb53b33694cfb3fc7679b8000411975fedd28a,blockNumber=2747
info|2023-07-09 11:27:20.833672|[RPCWS][SERVICE][onRecvBlockNotifier]receive block number notifier,group=group0,node=2f993327933ad58672518b6d4f63920cbc68b80f78f4d81192552ee6362f5cc81ee13bdc678ad65f06e76444cadb53b33694cfb3fc7679b8000411975fedd28a,blockNumber=2747
info|2023-07-09 11:27:20.833680|[WS]receive block notify,endpoint=127.0.0.1:20201,blk={
	"blockNumber" : 2747,
	"group" : "group0",
	"nodeName" : "2f993327933ad58672518b6d4f63920cbc68b80f78f4d81192552ee6362f5cc81ee13bdc678ad65f06e76444cadb53b33694cfb3fc7679b8000411975fedd28a"
}
info|2023-07-09 11:27:21.455180|[RPC][BLOCK][NUMBER][fromJson],group=group0,node=2f993327933ad58672518b6d4f63920cbc68b80f78f4d81192552ee6362f5cc81ee13bdc678ad65f06e76444cadb53b33694cfb3fc7679b8000411975fedd28a,blockNumber=2748
info|2023-07-09 11:27:21.455229|[RPCWS][SERVICE][onRecvBlockNotifier]receive block number notifier,group=group0,node=2f993327933ad58672518b6d4f63920cbc68b80f78f4d81192552ee6362f5cc81ee13bdc678ad65f06e76444cadb53b33694cfb3fc7679b8000411975fedd28a,blockNumber=2748
info|2023-07-09 11:27:21.455240|[RPCWS][SERVICE][updateGroupBlockNumber],groupID=group0,_blockNumber=2748
info|2023-07-09 11:27:21.455268|[RPCWS][SERVICE][onRecvBlockNotifier]block notifier callback,group=group0,node=2f993327933ad58672518b6d4f63920cbc68b80f78f4d81192552ee6362f5cc81ee13bdc678ad65f06e76444cadb53b33694cfb3fc7679b8000411975fedd28a,blockNumber=2748
info|2023-07-09 11:27:21.455276|[WS]receive block notify,endpoint=127.0.0.1:20201,blk={
	"blockNumber" : 2748,
	"group" : "group0",
	"nodeName" : "2f993327933ad58672518b6d4f63920cbc68b80f78f4d81192552ee6362f5cc81ee13bdc678ad65f06e76444cadb53b33694cfb3fc7679b8000411975fedd28a"
}
info|2023-07-09 11:27:21.462427|[RPC][BLOCK][NUMBER][fromJson],group=group0,node=98a7f70ec883a722219d92253cf073a72605f4087aa3443c8e4aadc0af2dc3ac647d0fa1b5ac99cd6987abafe6d690ae71cd5fd2aeeabe7589bfb4748aabdfba,blockNumber=2748
info|2023-07-09 11:27:21.462453|[RPCWS][SERVICE][onRecvBlockNotifier]receive block number notifier,group=group0,node=98a7f70ec883a722219d92253cf073a72605f4087aa3443c8e4aadc0af2dc3ac647d0fa1b5ac99cd6987abafe6d690ae71cd5fd2aeeabe7589bfb4748aabdfba,blockNumber=2748
info|2023-07-09 11:27:21.462462|[WS]receive block notify,endpoint=127.0.0.1:20200,blk={
	"blockNumber" : 2748,
	"group" : "group0",
	"nodeName" : "98a7f70ec883a722219d92253cf073a72605f4087aa3443c8e4aadc0af2dc3ac647d0fa1b5ac99cd6987abafe6d690ae71cd5fd2aeeabe7589bfb4748aabdfba"
}
info|2023-07-09 11:27:22.007485|[RPC][BLOCK][NUMBER][fromJson],group=group0,node=98a7f70ec883a722219d92253cf073a72605f4087aa3443c8e4aadc0af2dc3ac647d0fa1b5ac99cd6987abafe6d690ae71cd5fd2aeeabe7589bfb4748aabdfba,blockNumber=2749
info|2023-07-09 11:27:22.007516|[RPCWS][SERVICE][onRecvBlockNotifier]receive block number notifier,group=group0,node=98a7f70ec883a722219d92253cf073a72605f4087aa3443c8e4aadc0af2dc3ac647d0fa1b5ac99cd6987abafe6d690ae71cd5fd2aeeabe7589bfb4748aabdfba,blockNumber=2749
info|2023-07-09 11:27:22.007553|[RPCWS][SERVICE][updateGroupBlockNumber],groupID=group0,_blockNumber=2749
info|2023-07-09 11:27:22.007560|[RPCWS][SERVICE][onRecvBlockNotifier]block notifier callback,group=group0,node=98a7f70ec883a722219d92253cf073a72605f4087aa3443c8e4aadc0af2dc3ac647d0fa1b5ac99cd6987abafe6d690ae71cd5fd2aeeabe7589bfb4748aabdfba,blockNumber=2749
info|2023-07-09 11:27:22.007565|[WS]receive block notify,endpoint=127.0.0.1:20200,blk={
	"blockNumber" : 2749,
	"group" : "group0",
	"nodeName" : "98a7f70ec883a722219d92253cf073a72605f4087aa3443c8e4aadc0af2dc3ac647d0fa1b5ac99cd6987abafe6d690ae71cd5fd2aeeabe7589bfb4748aabdfba"
}
info|2023-07-09 11:27:22.056103|[RPC][BLOCK][NUMBER][fromJson],group=group0,node=2f993327933ad58672518b6d4f63920cbc68b80f78f4d81192552ee6362f5cc81ee13bdc678ad65f06e76444cadb53b33694cfb3fc7679b8000411975fedd28a,blockNumber=2749
info|2023-07-09 11:27:22.056150|[RPCWS][SERVICE][onRecvBlockNotifier]receive block number notifier,group=group0,node=2f993327933ad58672518b6d4f63920cbc68b80f78f4d81192552ee6362f5cc81ee13bdc678ad65f06e76444cadb53b33694cfb3fc7679b8000411975fedd28a,blockNumber=2749
info|2023-07-09 11:27:22.056161|[WS]receive block notify,endpoint=127.0.0.1:20201,blk={
	"blockNumber" : 2749,
	"group" : "group0",
	"nodeName" : "2f993327933ad58672518b6d4f63920cbc68b80f78f4d81192552ee6362f5cc81ee13bdc678ad65f06e76444cadb53b33694cfb3fc7679b8000411975fedd28a"
}
info|2023-07-09 11:27:22.666082|[RPC][BLOCK][NUMBER][fromJson],group=group0,node=98a7f70ec883a722219d92253cf073a72605f4087aa3443c8e4aadc0af2dc3ac647d0fa1b5ac99cd6987abafe6d690ae71cd5fd2aeeabe7589bfb4748aabdfba,blockNumber=2750
info|2023-07-09 11:27:22.666112|[RPCWS][SERVICE][onRecvBlockNotifier]receive block number notifier,group=group0,node=98a7f70ec883a722219d92253cf073a72605f4087aa3443c8e4aadc0af2dc3ac647d0fa1b5ac99cd6987abafe6d690ae71cd5fd2aeeabe7589bfb4748aabdfba,blockNumber=2750
info|2023-07-09 11:27:22.666121|[RPCWS][SERVICE][updateGroupBlockNumber],groupID=group0,_blockNumber=2750
info|2023-07-09 11:27:22.666131|[RPCWS][SERVICE][onRecvBlockNotifier]block notifier callback,group=group0,node=98a7f70ec883a722219d92253cf073a72605f4087aa3443c8e4aadc0af2dc3ac647d0fa1b5ac99cd6987abafe6d690ae71cd5fd2aeeabe7589bfb4748aabdfba,blockNumber=2750
info|2023-07-09 11:27:22.666138|[WS]receive block notify,endpoint=127.0.0.1:20200,blk={
	"blockNumber" : 2750,
	"group" : "group0",
	"nodeName" : "98a7f70ec883a722219d92253cf073a72605f4087aa3443c8e4aadc0af2dc3ac647d0fa1b5ac99cd6987abafe6d690ae71cd5fd2aeeabe7589bfb4748aabdfba"
}
info|2023-07-09 11:27:22.675768|[RPC][BLOCK][NUMBER][fromJson],group=group0,node=2f993327933ad58672518b6d4f63920cbc68b80f78f4d81192552ee6362f5cc81ee13bdc678ad65f06e76444cadb53b33694cfb3fc7679b8000411975fedd28a,blockNumber=2750
info|2023-07-09 11:27:22.675798|[RPCWS][SERVICE][onRecvBlockNotifier]receive block number notifier,group=group0,node=2f993327933ad58672518b6d4f63920cbc68b80f78f4d81192552ee6362f5cc81ee13bdc678ad65f06e76444cadb53b33694cfb3fc7679b8000411975fedd28a,blockNumber=2750
info|2023-07-09 11:27:22.675808|[WS]receive block notify,endpoint=127.0.0.1:20201,blk={
	"blockNumber" : 2750,
	"group" : "group0",
	"nodeName" : "2f993327933ad58672518b6d4f63920cbc68b80f78f4d81192552ee6362f5cc81ee13bdc678ad65f06e76444cadb53b33694cfb3fc7679b8000411975fedd28a"
}
info|2023-07-09 11:27:33.031151|[EVENT][SUB][doLoop]event sub tasks report,working event sub count=0,suspend event sub count=0
info|2023-07-09 11:27:33.064556|[SDK][WS][SERVICE]connected nodes,count=2
info|2023-07-09 11:27:53.031240|[EVENT][SUB][doLoop]event sub tasks report,working event sub count=0,suspend event sub count=0
info|2023-07-09 11:27:53.064869|[SDK][WS][SERVICE]connected nodes,count=2
info|2023-07-09 11:28:13.031760|[EVENT][SUB][doLoop]event sub tasks report,working event sub count=0,suspend event sub count=0
info|2023-07-09 11:28:13.067845|[SDK][WS][SERVICE]connected nodes,count=2
info|2023-07-09 11:28:33.032137|[EVENT][SUB][doLoop]event sub tasks report,working event sub count=0,suspend event sub count=0
info|2023-07-09 11:28:33.068037|[SDK][WS][SERVICE]connected nodes,count=2
info|2023-07-09 11:28:53.032501|[EVENT][SUB][doLoop]event sub tasks report,working event sub count=0,suspend event sub count=0
info|2023-07-09 11:28:53.068247|[SDK][WS][SERVICE]connected nodes,count=2
info|2023-07-09 11:29:13.032784|[EVENT][SUB][doLoop]event sub tasks report,working event sub count=0,suspend event sub count=0
info|2023-07-09 11:29:13.068519|[SDK][WS][SERVICE]connected nodes,count=2
info|2023-07-09 11:29:33.032901|[EVENT][SUB][doLoop]event sub tasks report,working event sub count=0,suspend event sub count=0
info|2023-07-09 11:29:33.068939|[SDK][WS][SERVICE]connected nodes,count=2
info|2023-07-09 11:29:53.033324|[EVENT][SUB][doLoop]event sub tasks report,working event sub count=0,suspend event sub count=0
info|2023-07-09 11:29:53.069244|[SDK][WS][SERVICE]connected nodes,count=2
info|2023-07-09 11:30:13.033504|[EVENT][SUB][doLoop]event sub tasks report,working event sub count=0,suspend event sub count=0
info|2023-07-09 11:30:13.069700|[SDK][WS][SERVICE]connected nodes,count=2
info|2023-07-09 11:30:33.033842|[EVENT][SUB][doLoop]event sub tasks report,working event sub count=0,suspend event sub count=0
info|2023-07-09 11:30:33.070160|[SDK][WS][SERVICE]connected nodes,count=2
info|2023-07-09 11:30:53.033950|[EVENT][SUB][doLoop]event sub tasks report,working event sub count=0,suspend event sub count=0
info|2023-07-09 11:30:53.076040|[SDK][WS][SERVICE]connected nodes,count=2
info|2023-07-09 11:31:13.037371|[EVENT][SUB][doLoop]event sub tasks report,working event sub count=0,suspend event sub count=0
info|2023-07-09 11:31:13.076278|[SDK][WS][SERVICE]connected nodes,count=2
info|2023-07-09 11:31:33.037849|[EVENT][SUB][doLoop]event sub tasks report,working event sub count=0,suspend event sub count=0
info|2023-07-09 11:31:33.076584|[SDK][WS][SERVICE]connected nodes,count=2
info|2023-07-09 11:31:53.038072|[EVENT][SUB][doLoop]event sub tasks report,working event sub count=0,suspend event sub count=0
info|2023-07-09 11:31:53.077135|[SDK][WS][SERVICE]connected nodes,count=2
info|2023-07-09 11:32:13.038240|[EVENT][SUB][doLoop]event sub tasks report,working event sub count=0,suspend event sub count=0
info|2023-07-09 11:32:13.077715|[SDK][WS][SERVICE]connected nodes,count=2
info|2023-07-09 11:32:33.038789|[EVENT][SUB][doLoop]event sub tasks report,working event sub count=0,suspend event sub count=0
info|2023-07-09 11:32:33.077951|[SDK][WS][SERVICE]connected nodes,count=2
info|2023-07-09 11:32:53.039405|[EVENT][SUB][doLoop]event sub tasks report,working event sub count=0,suspend event sub count=0
info|2023-07-09 11:32:53.078305|[SDK][WS][SERVICE]connected nodes,count=2
info|2023-07-09 11:33:13.044544|[EVENT][SUB][doLoop]event sub tasks report,working event sub count=0,suspend event sub count=0
info|2023-07-09 11:33:13.078850|[SDK][WS][SERVICE]connected nodes,count=2
info|2023-07-09 11:33:33.045153|[EVENT][SUB][doLoop]event sub tasks report,working event sub count=0,suspend event sub count=0
info|2023-07-09 11:33:33.079516|[SDK][WS][SERVICE]connected nodes,count=2
info|2023-07-09 11:33:53.045512|[EVENT][SUB][doLoop]event sub tasks report,working event sub count=0,suspend event sub count=0
info|2023-07-09 11:33:53.080135|[SDK][WS][SERVICE]connected nodes,count=2
info|2023-07-09 11:34:13.046228|[EVENT][SUB][doLoop]event sub tasks report,working event sub count=0,suspend event sub count=0
info|2023-07-09 11:34:13.080445|[SDK][WS][SERVICE]connected nodes,count=2
info|2023-07-09 11:34:33.046392|[EVENT][SUB][doLoop]event sub tasks report,working event sub count=0,suspend event sub count=0
info|2023-07-09 11:34:33.081255|[SDK][WS][SERVICE]connected nodes,count=2
info|2023-07-09 11:34:53.046838|[EVENT][SUB][doLoop]event sub tasks report,working event sub count=0,suspend event sub count=0
info|2023-07-09 11:34:53.081596|[SDK][WS][SERVICE]connected nodes,count=2
info|2023-07-09 11:35:13.047172|[EVENT][SUB][doLoop]event sub tasks report,working event sub count=0,suspend event sub count=0
info|2023-07-09 11:35:13.082006|[SDK][WS][SERVICE]connected nodes,count=2
info|2023-07-09 11:35:33.047803|[EVENT][SUB][doLoop]event sub tasks report,working event sub count=0,suspend event sub count=0
info|2023-07-09 11:35:33.082162|[SDK][WS][SERVICE]connected nodes,count=2
info|2023-07-09 11:35:53.048221|[EVENT][SUB][doLoop]event sub tasks report,working event sub count=0,suspend event sub count=0
info|2023-07-09 11:35:53.082429|[SDK][WS][SERVICE]connected nodes,count=2
info|2023-07-09 11:36:13.048689|[EVENT][SUB][doLoop]event sub tasks report,working event sub count=0,suspend event sub count=0
info|2023-07-09 11:36:13.082706|[SDK][WS][SERVICE]connected nodes,count=2
info|2023-07-09 11:36:33.048749|[EVENT][SUB][doLoop]event sub tasks report,working event sub count=0,suspend event sub count=0
info|2023-07-09 11:36:33.082917|[SDK][WS][SERVICE]connected nodes,count=2
info|2023-07-09 11:36:53.048949|[EVENT][SUB][doLoop]event sub tasks report,working event sub count=0,suspend event sub count=0
info|2023-07-09 11:36:53.083648|[SDK][WS][SERVICE]connected nodes,count=2
info|2023-07-09 11:37:13.049606|[EVENT][SUB][doLoop]event sub tasks report,working event sub count=0,suspend event sub count=0
info|2023-07-09 11:37:13.084523|[SDK][WS][SERVICE]connected nodes,count=2
info|2023-07-09 11:37:33.049872|[EVENT][SUB][doLoop]event sub tasks report,working event sub count=0,suspend event sub count=0
info|2023-07-09 11:37:33.084996|[SDK][WS][SERVICE]connected nodes,count=2
info|2023-07-09 11:37:53.050224|[EVENT][SUB][doLoop]event sub tasks report,working event sub count=0,suspend event sub count=0
info|2023-07-09 11:37:53.085411|[SDK][WS][SERVICE]connected nodes,count=2
info|2023-07-09 11:38:13.050672|[EVENT][SUB][doLoop]event sub tasks report,working event sub count=0,suspend event sub count=0
info|2023-07-09 11:38:13.085917|[SDK][WS][SERVICE]connected nodes,count=2
info|2023-07-09 11:38:33.051271|[EVENT][SUB][doLoop]event sub tasks report,working event sub count=0,suspend event sub count=0
info|2023-07-09 11:38:33.086614|[SDK][WS][SERVICE]connected nodes,count=2
info|2023-07-09 11:38:53.051436|[EVENT][SUB][doLoop]event sub tasks report,working event sub count=0,suspend event sub count=0
info|2023-07-09 11:38:53.087022|[SDK][WS][SERVICE]connected nodes,count=2
info|2023-07-09 11:39:13.051549|[EVENT][SUB][doLoop]event sub tasks report,working event sub count=0,suspend event sub count=0
info|2023-07-09 11:39:13.087234|[SDK][WS][SERVICE]connected nodes,count=2
info|2023-07-09 11:39:33.051880|[EVENT][SUB][doLoop]event sub tasks report,working event sub count=0,suspend event sub count=0
info|2023-07-09 11:39:33.087417|[SDK][WS][SERVICE]connected nodes,count=2
info|2023-07-09 11:39:53.051935|[EVENT][SUB][doLoop]event sub tasks report,working event sub count=0,suspend event sub count=0
info|2023-07-09 11:39:53.087823|[SDK][WS][SERVICE]connected nodes,count=2
info|2023-07-09 11:40:13.052472|[EVENT][SUB][doLoop]event sub tasks report,working event sub count=0,suspend event sub count=0
info|2023-07-09 11:40:13.088652|[SDK][WS][SERVICE]connected nodes,count=2
info|2023-07-09 11:40:33.055354|[EVENT][SUB][doLoop]event sub tasks report,working event sub count=0,suspend event sub count=0
info|2023-07-09 11:40:33.089408|[SDK][WS][SERVICE]connected nodes,count=2
info|2023-07-09 11:40:53.055726|[EVENT][SUB][doLoop]event sub tasks report,working event sub count=0,suspend event sub count=0
info|2023-07-09 11:40:53.089675|[SDK][WS][SERVICE]connected nodes,count=2
info|2023-07-09 11:41:13.056126|[EVENT][SUB][doLoop]event sub tasks report,working event sub count=0,suspend event sub count=0
info|2023-07-09 11:41:13.093511|[SDK][WS][SERVICE]connected nodes,count=2
info|2023-07-09 11:41:33.057459|[EVENT][SUB][doLoop]event sub tasks report,working event sub count=0,suspend event sub count=0
info|2023-07-09 11:41:33.094301|[SDK][WS][SERVICE]connected nodes,count=2
info|2023-07-09 11:41:53.057503|[EVENT][SUB][doLoop]event sub tasks report,working event sub count=0,suspend event sub count=0
info|2023-07-09 11:41:53.094839|[SDK][WS][SERVICE]connected nodes,count=2
info|2023-07-09 11:42:13.066801|[EVENT][SUB][doLoop]event sub tasks report,working event sub count=0,suspend event sub count=0
info|2023-07-09 11:42:13.095227|[SDK][WS][SERVICE]connected nodes,count=2
info|2023-07-09 11:42:33.068175|[EVENT][SUB][doLoop]event sub tasks report,working event sub count=0,suspend event sub count=0
info|2023-07-09 11:42:33.097474|[SDK][WS][SERVICE]connected nodes,count=2
info|2023-07-09 11:42:53.068936|[EVENT][SUB][doLoop]event sub tasks report,working event sub count=0,suspend event sub count=0
info|2023-07-09 11:42:53.097870|[SDK][WS][SERVICE]connected nodes,count=2
info|2023-07-09 11:43:13.069268|[EVENT][SUB][doLoop]event sub tasks report,working event sub count=0,suspend event sub count=0
info|2023-07-09 11:43:13.098832|[SDK][WS][SERVICE]connected nodes,count=2
info|2023-07-09 11:43:33.069615|[EVENT][SUB][doLoop]event sub tasks report,working event sub count=0,suspend event sub count=0
info|2023-07-09 11:43:33.099884|[SDK][WS][SERVICE]connected nodes,count=2
info|2023-07-09 11:43:53.082771|[EVENT][SUB][doLoop]event sub tasks report,working event sub count=0,suspend event sub count=0
info|2023-07-09 11:43:53.100596|[SDK][WS][SERVICE]connected nodes,count=2
info|2023-07-09 11:44:13.082968|[EVENT][SUB][doLoop]event sub tasks report,working event sub count=0,suspend event sub count=0
info|2023-07-09 11:44:13.101004|[SDK][WS][SERVICE]connected nodes,count=2
info|2023-07-09 11:44:33.083074|[EVENT][SUB][doLoop]event sub tasks report,working event sub count=0,suspend event sub count=0
info|2023-07-09 11:44:33.101274|[SDK][WS][SERVICE]connected nodes,count=2
info|2023-07-09 11:44:53.083340|[EVENT][SUB][doLoop]event sub tasks report,working event sub count=0,suspend event sub count=0
info|2023-07-09 11:44:53.101808|[SDK][WS][SERVICE]connected nodes,count=2
info|2023-07-09 11:45:13.084056|[EVENT][SUB][doLoop]event sub tasks report,working event sub count=0,suspend event sub count=0
info|2023-07-09 11:45:13.102648|[SDK][WS][SERVICE]connected nodes,count=2
info|2023-07-09 11:45:33.084273|[EVENT][SUB][doLoop]event sub tasks report,working event sub count=0,suspend event sub count=0
info|2023-07-09 11:45:33.103379|[SDK][WS][SERVICE]connected nodes,count=2
info|2023-07-09 11:45:53.084471|[EVENT][SUB][doLoop]event sub tasks report,working event sub count=0,suspend event sub count=0
info|2023-07-09 11:45:53.103521|[SDK][WS][SERVICE]connected nodes,count=2
info|2023-07-09 11:46:13.085055|[EVENT][SUB][doLoop]event sub tasks report,working event sub count=0,suspend event sub count=0
info|2023-07-09 11:46:13.104118|[SDK][WS][SERVICE]connected nodes,count=2
info|2023-07-09 11:46:33.085212|[EVENT][SUB][doLoop]event sub tasks report,working event sub count=0,suspend event sub count=0
info|2023-07-09 11:46:33.104568|[SDK][WS][SERVICE]connected nodes,count=2
info|2023-07-09 11:46:53.085324|[EVENT][SUB][doLoop]event sub tasks report,working event sub count=0,suspend event sub count=0
info|2023-07-09 11:46:53.105282|[SDK][WS][SERVICE]connected nodes,count=2
info|2023-07-09 11:47:13.085534|[EVENT][SUB][doLoop]event sub tasks report,working event sub count=0,suspend event sub count=0
info|2023-07-09 11:47:13.106100|[SDK][WS][SERVICE]connected nodes,count=2
info|2023-07-09 11:47:33.085622|[EVENT][SUB][doLoop]event sub tasks report,working event sub count=0,suspend event sub count=0
info|2023-07-09 11:47:33.106475|[SDK][WS][SERVICE]connected nodes,count=2
info|2023-07-09 11:47:53.085991|[EVENT][SUB][doLoop]event sub tasks report,working event sub count=0,suspend event sub count=0
info|2023-07-09 11:47:53.107306|[SDK][WS][SERVICE]connected nodes,count=2
info|2023-07-09 11:48:13.086299|[EVENT][SUB][doLoop]event sub tasks report,working event sub count=0,suspend event sub count=0
info|2023-07-09 11:48:13.107816|[SDK][WS][SERVICE]connected nodes,count=2
info|2023-07-09 11:48:33.086618|[EVENT][SUB][doLoop]event sub tasks report,working event sub count=0,suspend event sub count=0
info|2023-07-09 11:48:33.108581|[SDK][WS][SERVICE]connected nodes,count=2
info|2023-07-09 11:48:53.087357|[EVENT][SUB][doLoop]event sub tasks report,working event sub count=0,suspend event sub count=0
info|2023-07-09 11:48:53.109241|[SDK][WS][SERVICE]connected nodes,count=2
info|2023-07-09 11:49:13.087884|[EVENT][SUB][doLoop]event sub tasks report,working event sub count=0,suspend event sub count=0
info|2023-07-09 11:49:13.109919|[SDK][WS][SERVICE]connected nodes,count=2
info|2023-07-09 11:49:33.088174|[EVENT][SUB][doLoop]event sub tasks report,working event sub count=0,suspend event sub count=0
info|2023-07-09 11:49:33.110270|[SDK][WS][SERVICE]connected nodes,count=2
info|2023-07-09 11:49:53.088778|[EVENT][SUB][doLoop]event sub tasks report,working event sub count=0,suspend event sub count=0
info|2023-07-09 11:49:53.110926|[SDK][WS][SERVICE]connected nodes,count=2
info|2023-07-09 11:50:13.089280|[EVENT][SUB][doLoop]event sub tasks report,working event sub count=0,suspend event sub count=0
info|2023-07-09 11:50:13.111384|[SDK][WS][SERVICE]connected nodes,count=2
info|2023-07-09 11:50:33.089963|[EVENT][SUB][doLoop]event sub tasks report,working event sub count=0,suspend event sub count=0
info|2023-07-09 11:50:33.111836|[SDK][WS][SERVICE]connected nodes,count=2
info|2023-07-09 11:50:53.090159|[EVENT][SUB][doLoop]event sub tasks report,working event sub count=0,suspend event sub count=0
info|2023-07-09 11:50:53.112861|[SDK][WS][SERVICE]connected nodes,count=2
info|2023-07-09 11:51:13.090444|[EVENT][SUB][doLoop]event sub tasks report,working event sub count=0,suspend event sub count=0
info|2023-07-09 11:51:13.113109|[SDK][WS][SERVICE]connected nodes,count=2
info|2023-07-09 11:51:33.090639|[EVENT][SUB][doLoop]event sub tasks report,working event sub count=0,suspend event sub count=0
info|2023-07-09 11:51:33.113970|[SDK][WS][SERVICE]connected nodes,count=2
info|2023-07-09 11:51:53.090889|[EVENT][SUB][doLoop]event sub tasks report,working event sub count=0,suspend event sub count=0
info|2023-07-09 11:51:53.114192|[SDK][WS][SERVICE]connected nodes,count=2
info|2023-07-09 11:52:13.091499|[EVENT][SUB][doLoop]event sub tasks report,working event sub count=0,suspend event sub count=0
info|2023-07-09 11:52:13.114976|[SDK][WS][SERVICE]connected nodes,count=2
info|2023-07-09 11:52:33.091686|[EVENT][SUB][doLoop]event sub tasks report,working event sub count=0,suspend event sub count=0
info|2023-07-09 11:52:33.116326|[SDK][WS][SERVICE]connected nodes,count=2
info|2023-07-09 11:52:53.092447|[EVENT][SUB][doLoop]event sub tasks report,working event sub count=0,suspend event sub count=0
info|2023-07-09 11:52:53.117343|[SDK][WS][SERVICE]connected nodes,count=2
info|2023-07-09 11:53:13.092561|[EVENT][SUB][doLoop]event sub tasks report,working event sub count=0,suspend event sub count=0
info|2023-07-09 11:53:13.117863|[SDK][WS][SERVICE]connected nodes,count=2
info|2023-07-09 11:53:33.092985|[EVENT][SUB][doLoop]event sub tasks report,working event sub count=0,suspend event sub count=0
info|2023-07-09 11:53:33.138485|[SDK][WS][SERVICE]connected nodes,count=2
info|2023-07-09 11:53:53.093320|[EVENT][SUB][doLoop]event sub tasks report,working event sub count=0,suspend event sub count=0
info|2023-07-09 11:53:53.138933|[SDK][WS][SERVICE]connected nodes,count=2
info|2023-07-09 11:54:13.093603|[EVENT][SUB][doLoop]event sub tasks report,working event sub count=0,suspend event sub count=0
info|2023-07-09 11:54:13.139137|[SDK][WS][SERVICE]connected nodes,count=2
info|2023-07-09 11:54:33.093756|[EVENT][SUB][doLoop]event sub tasks report,working event sub count=0,suspend event sub count=0
info|2023-07-09 11:54:33.139480|[SDK][WS][SERVICE]connected nodes,count=2
info|2023-07-09 11:54:53.097455|[EVENT][SUB][doLoop]event sub tasks report,working event sub count=0,suspend event sub count=0
info|2023-07-09 11:54:53.139965|[SDK][WS][SERVICE]connected nodes,count=2
info|2023-07-09 11:55:13.097972|[EVENT][SUB][doLoop]event sub tasks report,working event sub count=0,suspend event sub count=0
info|2023-07-09 11:55:13.140842|[SDK][WS][SERVICE]connected nodes,count=2
info|2023-07-09 11:55:33.098139|[EVENT][SUB][doLoop]event sub tasks report,working event sub count=0,suspend event sub count=0
info|2023-07-09 11:55:33.141169|[SDK][WS][SERVICE]connected nodes,count=2
info|2023-07-09 11:55:53.098438|[EVENT][SUB][doLoop]event sub tasks report,working event sub count=0,suspend event sub count=0
info|2023-07-09 11:55:53.142834|[SDK][WS][SERVICE]connected nodes,count=2
info|2023-07-09 11:56:13.098843|[EVENT][SUB][doLoop]event sub tasks report,working event sub count=0,suspend event sub count=0
info|2023-07-09 11:56:13.144451|[SDK][WS][SERVICE]connected nodes,count=2
info|2023-07-09 11:56:33.099828|[EVENT][SUB][doLoop]event sub tasks report,working event sub count=0,suspend event sub count=0
info|2023-07-09 11:56:33.144880|[SDK][WS][SERVICE]connected nodes,count=2
info|2023-07-09 11:56:53.100258|[EVENT][SUB][doLoop]event sub tasks report,working event sub count=0,suspend event sub count=0
info|2023-07-09 11:56:53.145885|[SDK][WS][SERVICE]connected nodes,count=2
info|2023-07-09 11:57:13.100909|[EVENT][SUB][doLoop]event sub tasks report,working event sub count=0,suspend event sub count=0
info|2023-07-09 11:57:13.146207|[SDK][WS][SERVICE]connected nodes,count=2
info|2023-07-09 11:57:13.858232|[RPC][BLOCK][NUMBER][fromJson],group=group0,node=98a7f70ec883a722219d92253cf073a72605f4087aa3443c8e4aadc0af2dc3ac647d0fa1b5ac99cd6987abafe6d690ae71cd5fd2aeeabe7589bfb4748aabdfba,blockNumber=2751
info|2023-07-09 11:57:13.858265|[RPCWS][SERVICE][onRecvBlockNotifier]receive block number notifier,group=group0,node=98a7f70ec883a722219d92253cf073a72605f4087aa3443c8e4aadc0af2dc3ac647d0fa1b5ac99cd6987abafe6d690ae71cd5fd2aeeabe7589bfb4748aabdfba,blockNumber=2751
info|2023-07-09 11:57:13.858271|[RPCWS][SERVICE][updateGroupBlockNumber],groupID=group0,_blockNumber=2751
info|2023-07-09 11:57:13.858275|[RPCWS][SERVICE][onRecvBlockNotifier]block notifier callback,group=group0,node=98a7f70ec883a722219d92253cf073a72605f4087aa3443c8e4aadc0af2dc3ac647d0fa1b5ac99cd6987abafe6d690ae71cd5fd2aeeabe7589bfb4748aabdfba,blockNumber=2751
info|2023-07-09 11:57:13.858295|[WS]receive block notify,endpoint=127.0.0.1:20200,blk={
	"blockNumber" : 2751,
	"group" : "group0",
	"nodeName" : "98a7f70ec883a722219d92253cf073a72605f4087aa3443c8e4aadc0af2dc3ac647d0fa1b5ac99cd6987abafe6d690ae71cd5fd2aeeabe7589bfb4748aabdfba"
}
info|2023-07-09 11:57:13.867031|[RPC][BLOCK][NUMBER][fromJson],group=group0,node=2f993327933ad58672518b6d4f63920cbc68b80f78f4d81192552ee6362f5cc81ee13bdc678ad65f06e76444cadb53b33694cfb3fc7679b8000411975fedd28a,blockNumber=2751
info|2023-07-09 11:57:13.867115|[RPCWS][SERVICE][onRecvBlockNotifier]receive block number notifier,group=group0,node=2f993327933ad58672518b6d4f63920cbc68b80f78f4d81192552ee6362f5cc81ee13bdc678ad65f06e76444cadb53b33694cfb3fc7679b8000411975fedd28a,blockNumber=2751
info|2023-07-09 11:57:13.867124|[WS]receive block notify,endpoint=127.0.0.1:20201,blk={
	"blockNumber" : 2751,
	"group" : "group0",
	"nodeName" : "2f993327933ad58672518b6d4f63920cbc68b80f78f4d81192552ee6362f5cc81ee13bdc678ad65f06e76444cadb53b33694cfb3fc7679b8000411975fedd28a"
}
info|2023-07-09 11:57:14.434645|[RPC][BLOCK][NUMBER][fromJson],group=group0,node=98a7f70ec883a722219d92253cf073a72605f4087aa3443c8e4aadc0af2dc3ac647d0fa1b5ac99cd6987abafe6d690ae71cd5fd2aeeabe7589bfb4748aabdfba,blockNumber=2752
info|2023-07-09 11:57:14.434697|[RPCWS][SERVICE][onRecvBlockNotifier]receive block number notifier,group=group0,node=98a7f70ec883a722219d92253cf073a72605f4087aa3443c8e4aadc0af2dc3ac647d0fa1b5ac99cd6987abafe6d690ae71cd5fd2aeeabe7589bfb4748aabdfba,blockNumber=2752
info|2023-07-09 11:57:14.434704|[RPCWS][SERVICE][updateGroupBlockNumber],groupID=group0,_blockNumber=2752
info|2023-07-09 11:57:14.434709|[RPCWS][SERVICE][onRecvBlockNotifier]block notifier callback,group=group0,node=98a7f70ec883a722219d92253cf073a72605f4087aa3443c8e4aadc0af2dc3ac647d0fa1b5ac99cd6987abafe6d690ae71cd5fd2aeeabe7589bfb4748aabdfba,blockNumber=2752
info|2023-07-09 11:57:14.434713|[WS]receive block notify,endpoint=127.0.0.1:20200,blk={
	"blockNumber" : 2752,
	"group" : "group0",
	"nodeName" : "98a7f70ec883a722219d92253cf073a72605f4087aa3443c8e4aadc0af2dc3ac647d0fa1b5ac99cd6987abafe6d690ae71cd5fd2aeeabe7589bfb4748aabdfba"
}
info|2023-07-09 11:57:14.465279|[RPC][BLOCK][NUMBER][fromJson],group=group0,node=2f993327933ad58672518b6d4f63920cbc68b80f78f4d81192552ee6362f5cc81ee13bdc678ad65f06e76444cadb53b33694cfb3fc7679b8000411975fedd28a,blockNumber=2752
info|2023-07-09 11:57:14.465312|[RPCWS][SERVICE][onRecvBlockNotifier]receive block number notifier,group=group0,node=2f993327933ad58672518b6d4f63920cbc68b80f78f4d81192552ee6362f5cc81ee13bdc678ad65f06e76444cadb53b33694cfb3fc7679b8000411975fedd28a,blockNumber=2752
info|2023-07-09 11:57:14.465319|[WS]receive block notify,endpoint=127.0.0.1:20201,blk={
	"blockNumber" : 2752,
	"group" : "group0",
	"nodeName" : "2f993327933ad58672518b6d4f63920cbc68b80f78f4d81192552ee6362f5cc81ee13bdc678ad65f06e76444cadb53b33694cfb3fc7679b8000411975fedd28a"
}
info|2023-07-09 11:57:14.963787|[RPC][BLOCK][NUMBER][fromJson],group=group0,node=98a7f70ec883a722219d92253cf073a72605f4087aa3443c8e4aadc0af2dc3ac647d0fa1b5ac99cd6987abafe6d690ae71cd5fd2aeeabe7589bfb4748aabdfba,blockNumber=2753
info|2023-07-09 11:57:14.963809|[RPCWS][SERVICE][onRecvBlockNotifier]receive block number notifier,group=group0,node=98a7f70ec883a722219d92253cf073a72605f4087aa3443c8e4aadc0af2dc3ac647d0fa1b5ac99cd6987abafe6d690ae71cd5fd2aeeabe7589bfb4748aabdfba,blockNumber=2753
info|2023-07-09 11:57:14.963815|[RPCWS][SERVICE][updateGroupBlockNumber],groupID=group0,_blockNumber=2753
info|2023-07-09 11:57:14.963819|[RPCWS][SERVICE][onRecvBlockNotifier]block notifier callback,group=group0,node=98a7f70ec883a722219d92253cf073a72605f4087aa3443c8e4aadc0af2dc3ac647d0fa1b5ac99cd6987abafe6d690ae71cd5fd2aeeabe7589bfb4748aabdfba,blockNumber=2753
info|2023-07-09 11:57:14.963822|[WS]receive block notify,endpoint=127.0.0.1:20200,blk={
	"blockNumber" : 2753,
	"group" : "group0",
	"nodeName" : "98a7f70ec883a722219d92253cf073a72605f4087aa3443c8e4aadc0af2dc3ac647d0fa1b5ac99cd6987abafe6d690ae71cd5fd2aeeabe7589bfb4748aabdfba"
}
info|2023-07-09 11:57:14.979164|[RPC][BLOCK][NUMBER][fromJson],group=group0,node=2f993327933ad58672518b6d4f63920cbc68b80f78f4d81192552ee6362f5cc81ee13bdc678ad65f06e76444cadb53b33694cfb3fc7679b8000411975fedd28a,blockNumber=2753
info|2023-07-09 11:57:14.979186|[RPCWS][SERVICE][onRecvBlockNotifier]receive block number notifier,group=group0,node=2f993327933ad58672518b6d4f63920cbc68b80f78f4d81192552ee6362f5cc81ee13bdc678ad65f06e76444cadb53b33694cfb3fc7679b8000411975fedd28a,blockNumber=2753
info|2023-07-09 11:57:14.979193|[WS]receive block notify,endpoint=127.0.0.1:20201,blk={
	"blockNumber" : 2753,
	"group" : "group0",
	"nodeName" : "2f993327933ad58672518b6d4f63920cbc68b80f78f4d81192552ee6362f5cc81ee13bdc678ad65f06e76444cadb53b33694cfb3fc7679b8000411975fedd28a"
}
info|2023-07-09 11:57:15.575389|[RPC][BLOCK][NUMBER][fromJson],group=group0,node=2f993327933ad58672518b6d4f63920cbc68b80f78f4d81192552ee6362f5cc81ee13bdc678ad65f06e76444cadb53b33694cfb3fc7679b8000411975fedd28a,blockNumber=2754
info|2023-07-09 11:57:15.575432|[RPCWS][SERVICE][onRecvBlockNotifier]receive block number notifier,group=group0,node=2f993327933ad58672518b6d4f63920cbc68b80f78f4d81192552ee6362f5cc81ee13bdc678ad65f06e76444cadb53b33694cfb3fc7679b8000411975fedd28a,blockNumber=2754
info|2023-07-09 11:57:15.575441|[RPCWS][SERVICE][updateGroupBlockNumber],groupID=group0,_blockNumber=2754
info|2023-07-09 11:57:15.575447|[RPCWS][SERVICE][onRecvBlockNotifier]block notifier callback,group=group0,node=2f993327933ad58672518b6d4f63920cbc68b80f78f4d81192552ee6362f5cc81ee13bdc678ad65f06e76444cadb53b33694cfb3fc7679b8000411975fedd28a,blockNumber=2754
info|2023-07-09 11:57:15.575452|[WS]receive block notify,endpoint=127.0.0.1:20201,blk={
	"blockNumber" : 2754,
	"group" : "group0",
	"nodeName" : "2f993327933ad58672518b6d4f63920cbc68b80f78f4d81192552ee6362f5cc81ee13bdc678ad65f06e76444cadb53b33694cfb3fc7679b8000411975fedd28a"
}
info|2023-07-09 11:57:15.583744|[RPC][BLOCK][NUMBER][fromJson],group=group0,node=98a7f70ec883a722219d92253cf073a72605f4087aa3443c8e4aadc0af2dc3ac647d0fa1b5ac99cd6987abafe6d690ae71cd5fd2aeeabe7589bfb4748aabdfba,blockNumber=2754
info|2023-07-09 11:57:15.583770|[RPCWS][SERVICE][onRecvBlockNotifier]receive block number notifier,group=group0,node=98a7f70ec883a722219d92253cf073a72605f4087aa3443c8e4aadc0af2dc3ac647d0fa1b5ac99cd6987abafe6d690ae71cd5fd2aeeabe7589bfb4748aabdfba,blockNumber=2754
info|2023-07-09 11:57:15.583777|[WS]receive block notify,endpoint=127.0.0.1:20200,blk={
	"blockNumber" : 2754,
	"group" : "group0",
	"nodeName" : "98a7f70ec883a722219d92253cf073a72605f4087aa3443c8e4aadc0af2dc3ac647d0fa1b5ac99cd6987abafe6d690ae71cd5fd2aeeabe7589bfb4748aabdfba"
}
info|2023-07-09 11:57:16.180633|[RPC][BLOCK][NUMBER][fromJson],group=group0,node=98a7f70ec883a722219d92253cf073a72605f4087aa3443c8e4aadc0af2dc3ac647d0fa1b5ac99cd6987abafe6d690ae71cd5fd2aeeabe7589bfb4748aabdfba,blockNumber=2755
info|2023-07-09 11:57:16.180656|[RPCWS][SERVICE][onRecvBlockNotifier]receive block number notifier,group=group0,node=98a7f70ec883a722219d92253cf073a72605f4087aa3443c8e4aadc0af2dc3ac647d0fa1b5ac99cd6987abafe6d690ae71cd5fd2aeeabe7589bfb4748aabdfba,blockNumber=2755
info|2023-07-09 11:57:16.180661|[RPCWS][SERVICE][updateGroupBlockNumber],groupID=group0,_blockNumber=2755
info|2023-07-09 11:57:16.180665|[RPCWS][SERVICE][onRecvBlockNotifier]block notifier callback,group=group0,node=98a7f70ec883a722219d92253cf073a72605f4087aa3443c8e4aadc0af2dc3ac647d0fa1b5ac99cd6987abafe6d690ae71cd5fd2aeeabe7589bfb4748aabdfba,blockNumber=2755
info|2023-07-09 11:57:16.180669|[WS]receive block notify,endpoint=127.0.0.1:20200,blk={
	"blockNumber" : 2755,
	"group" : "group0",
	"nodeName" : "98a7f70ec883a722219d92253cf073a72605f4087aa3443c8e4aadc0af2dc3ac647d0fa1b5ac99cd6987abafe6d690ae71cd5fd2aeeabe7589bfb4748aabdfba"
}
info|2023-07-09 11:57:16.215847|[RPC][BLOCK][NUMBER][fromJson],group=group0,node=2f993327933ad58672518b6d4f63920cbc68b80f78f4d81192552ee6362f5cc81ee13bdc678ad65f06e76444cadb53b33694cfb3fc7679b8000411975fedd28a,blockNumber=2755
info|2023-07-09 11:57:16.215921|[RPCWS][SERVICE][onRecvBlockNotifier]receive block number notifier,group=group0,node=2f993327933ad58672518b6d4f63920cbc68b80f78f4d81192552ee6362f5cc81ee13bdc678ad65f06e76444cadb53b33694cfb3fc7679b8000411975fedd28a,blockNumber=2755
info|2023-07-09 11:57:16.215934|[WS]receive block notify,endpoint=127.0.0.1:20201,blk={
	"blockNumber" : 2755,
	"group" : "group0",
	"nodeName" : "2f993327933ad58672518b6d4f63920cbc68b80f78f4d81192552ee6362f5cc81ee13bdc678ad65f06e76444cadb53b33694cfb3fc7679b8000411975fedd28a"
}
info|2023-07-09 11:57:16.764578|[RPC][BLOCK][NUMBER][fromJson],group=group0,node=98a7f70ec883a722219d92253cf073a72605f4087aa3443c8e4aadc0af2dc3ac647d0fa1b5ac99cd6987abafe6d690ae71cd5fd2aeeabe7589bfb4748aabdfba,blockNumber=2756
info|2023-07-09 11:57:16.764618|[RPCWS][SERVICE][onRecvBlockNotifier]receive block number notifier,group=group0,node=98a7f70ec883a722219d92253cf073a72605f4087aa3443c8e4aadc0af2dc3ac647d0fa1b5ac99cd6987abafe6d690ae71cd5fd2aeeabe7589bfb4748aabdfba,blockNumber=2756
info|2023-07-09 11:57:16.764627|[RPCWS][SERVICE][updateGroupBlockNumber],groupID=group0,_blockNumber=2756
info|2023-07-09 11:57:16.764633|[RPCWS][SERVICE][onRecvBlockNotifier]block notifier callback,group=group0,node=98a7f70ec883a722219d92253cf073a72605f4087aa3443c8e4aadc0af2dc3ac647d0fa1b5ac99cd6987abafe6d690ae71cd5fd2aeeabe7589bfb4748aabdfba,blockNumber=2756
info|2023-07-09 11:57:16.764637|[WS]receive block notify,endpoint=127.0.0.1:20200,blk={
	"blockNumber" : 2756,
	"group" : "group0",
	"nodeName" : "98a7f70ec883a722219d92253cf073a72605f4087aa3443c8e4aadc0af2dc3ac647d0fa1b5ac99cd6987abafe6d690ae71cd5fd2aeeabe7589bfb4748aabdfba"
}
info|2023-07-09 11:57:16.798351|[RPC][BLOCK][NUMBER][fromJson],group=group0,node=2f993327933ad58672518b6d4f63920cbc68b80f78f4d81192552ee6362f5cc81ee13bdc678ad65f06e76444cadb53b33694cfb3fc7679b8000411975fedd28a,blockNumber=2756
info|2023-07-09 11:57:16.798385|[RPCWS][SERVICE][onRecvBlockNotifier]receive block number notifier,group=group0,node=2f993327933ad58672518b6d4f63920cbc68b80f78f4d81192552ee6362f5cc81ee13bdc678ad65f06e76444cadb53b33694cfb3fc7679b8000411975fedd28a,blockNumber=2756
info|2023-07-09 11:57:16.798393|[WS]receive block notify,endpoint=127.0.0.1:20201,blk={
	"blockNumber" : 2756,
	"group" : "group0",
	"nodeName" : "2f993327933ad58672518b6d4f63920cbc68b80f78f4d81192552ee6362f5cc81ee13bdc678ad65f06e76444cadb53b33694cfb3fc7679b8000411975fedd28a"
}
info|2023-07-09 11:57:17.338912|[RPC][BLOCK][NUMBER][fromJson],group=group0,node=98a7f70ec883a722219d92253cf073a72605f4087aa3443c8e4aadc0af2dc3ac647d0fa1b5ac99cd6987abafe6d690ae71cd5fd2aeeabe7589bfb4748aabdfba,blockNumber=2757
info|2023-07-09 11:57:17.338941|[RPCWS][SERVICE][onRecvBlockNotifier]receive block number notifier,group=group0,node=98a7f70ec883a722219d92253cf073a72605f4087aa3443c8e4aadc0af2dc3ac647d0fa1b5ac99cd6987abafe6d690ae71cd5fd2aeeabe7589bfb4748aabdfba,blockNumber=2757
info|2023-07-09 11:57:17.338948|[RPCWS][SERVICE][updateGroupBlockNumber],groupID=group0,_blockNumber=2757
info|2023-07-09 11:57:17.338954|[RPCWS][SERVICE][onRecvBlockNotifier]block notifier callback,group=group0,node=98a7f70ec883a722219d92253cf073a72605f4087aa3443c8e4aadc0af2dc3ac647d0fa1b5ac99cd6987abafe6d690ae71cd5fd2aeeabe7589bfb4748aabdfba,blockNumber=2757
info|2023-07-09 11:57:17.338958|[WS]receive block notify,endpoint=127.0.0.1:20200,blk={
	"blockNumber" : 2757,
	"group" : "group0",
	"nodeName" : "98a7f70ec883a722219d92253cf073a72605f4087aa3443c8e4aadc0af2dc3ac647d0fa1b5ac99cd6987abafe6d690ae71cd5fd2aeeabe7589bfb4748aabdfba"
}
info|2023-07-09 11:57:17.346726|[RPC][BLOCK][NUMBER][fromJson],group=group0,node=2f993327933ad58672518b6d4f63920cbc68b80f78f4d81192552ee6362f5cc81ee13bdc678ad65f06e76444cadb53b33694cfb3fc7679b8000411975fedd28a,blockNumber=2757
info|2023-07-09 11:57:17.346750|[RPCWS][SERVICE][onRecvBlockNotifier]receive block number notifier,group=group0,node=2f993327933ad58672518b6d4f63920cbc68b80f78f4d81192552ee6362f5cc81ee13bdc678ad65f06e76444cadb53b33694cfb3fc7679b8000411975fedd28a,blockNumber=2757
info|2023-07-09 11:57:17.346757|[WS]receive block notify,endpoint=127.0.0.1:20201,blk={
	"blockNumber" : 2757,
	"group" : "group0",
	"nodeName" : "2f993327933ad58672518b6d4f63920cbc68b80f78f4d81192552ee6362f5cc81ee13bdc678ad65f06e76444cadb53b33694cfb3fc7679b8000411975fedd28a"
}
info|2023-07-09 11:57:17.944052|[RPC][BLOCK][NUMBER][fromJson],group=group0,node=98a7f70ec883a722219d92253cf073a72605f4087aa3443c8e4aadc0af2dc3ac647d0fa1b5ac99cd6987abafe6d690ae71cd5fd2aeeabe7589bfb4748aabdfba,blockNumber=2758
info|2023-07-09 11:57:17.944072|[RPCWS][SERVICE][onRecvBlockNotifier]receive block number notifier,group=group0,node=98a7f70ec883a722219d92253cf073a72605f4087aa3443c8e4aadc0af2dc3ac647d0fa1b5ac99cd6987abafe6d690ae71cd5fd2aeeabe7589bfb4748aabdfba,blockNumber=2758
info|2023-07-09 11:57:17.944076|[RPCWS][SERVICE][updateGroupBlockNumber],groupID=group0,_blockNumber=2758
info|2023-07-09 11:57:17.944080|[RPCWS][SERVICE][onRecvBlockNotifier]block notifier callback,group=group0,node=98a7f70ec883a722219d92253cf073a72605f4087aa3443c8e4aadc0af2dc3ac647d0fa1b5ac99cd6987abafe6d690ae71cd5fd2aeeabe7589bfb4748aabdfba,blockNumber=2758
info|2023-07-09 11:57:17.944084|[WS]receive block notify,endpoint=127.0.0.1:20200,blk={
	"blockNumber" : 2758,
	"group" : "group0",
	"nodeName" : "98a7f70ec883a722219d92253cf073a72605f4087aa3443c8e4aadc0af2dc3ac647d0fa1b5ac99cd6987abafe6d690ae71cd5fd2aeeabe7589bfb4748aabdfba"
}
info|2023-07-09 11:57:17.961502|[RPC][BLOCK][NUMBER][fromJson],group=group0,node=2f993327933ad58672518b6d4f63920cbc68b80f78f4d81192552ee6362f5cc81ee13bdc678ad65f06e76444cadb53b33694cfb3fc7679b8000411975fedd28a,blockNumber=2758
info|2023-07-09 11:57:17.961525|[RPCWS][SERVICE][onRecvBlockNotifier]receive block number notifier,group=group0,node=2f993327933ad58672518b6d4f63920cbc68b80f78f4d81192552ee6362f5cc81ee13bdc678ad65f06e76444cadb53b33694cfb3fc7679b8000411975fedd28a,blockNumber=2758
info|2023-07-09 11:57:17.961531|[WS]receive block notify,endpoint=127.0.0.1:20201,blk={
	"blockNumber" : 2758,
	"group" : "group0",
	"nodeName" : "2f993327933ad58672518b6d4f63920cbc68b80f78f4d81192552ee6362f5cc81ee13bdc678ad65f06e76444cadb53b33694cfb3fc7679b8000411975fedd28a"
}
info|2023-07-09 11:57:18.438571|[RPC][BLOCK][NUMBER][fromJson],group=group0,node=98a7f70ec883a722219d92253cf073a72605f4087aa3443c8e4aadc0af2dc3ac647d0fa1b5ac99cd6987abafe6d690ae71cd5fd2aeeabe7589bfb4748aabdfba,blockNumber=2759
info|2023-07-09 11:57:18.438665|[RPCWS][SERVICE][onRecvBlockNotifier]receive block number notifier,group=group0,node=98a7f70ec883a722219d92253cf073a72605f4087aa3443c8e4aadc0af2dc3ac647d0fa1b5ac99cd6987abafe6d690ae71cd5fd2aeeabe7589bfb4748aabdfba,blockNumber=2759
info|2023-07-09 11:57:18.438673|[RPCWS][SERVICE][updateGroupBlockNumber],groupID=group0,_blockNumber=2759
info|2023-07-09 11:57:18.438703|[RPCWS][SERVICE][onRecvBlockNotifier]block notifier callback,group=group0,node=98a7f70ec883a722219d92253cf073a72605f4087aa3443c8e4aadc0af2dc3ac647d0fa1b5ac99cd6987abafe6d690ae71cd5fd2aeeabe7589bfb4748aabdfba,blockNumber=2759
info|2023-07-09 11:57:18.438709|[WS]receive block notify,endpoint=127.0.0.1:20200,blk={
	"blockNumber" : 2759,
	"group" : "group0",
	"nodeName" : "98a7f70ec883a722219d92253cf073a72605f4087aa3443c8e4aadc0af2dc3ac647d0fa1b5ac99cd6987abafe6d690ae71cd5fd2aeeabe7589bfb4748aabdfba"
}
info|2023-07-09 11:57:18.449897|[RPC][BLOCK][NUMBER][fromJson],group=group0,node=2f993327933ad58672518b6d4f63920cbc68b80f78f4d81192552ee6362f5cc81ee13bdc678ad65f06e76444cadb53b33694cfb3fc7679b8000411975fedd28a,blockNumber=2759
info|2023-07-09 11:57:18.449920|[RPCWS][SERVICE][onRecvBlockNotifier]receive block number notifier,group=group0,node=2f993327933ad58672518b6d4f63920cbc68b80f78f4d81192552ee6362f5cc81ee13bdc678ad65f06e76444cadb53b33694cfb3fc7679b8000411975fedd28a,blockNumber=2759
info|2023-07-09 11:57:18.449926|[WS]receive block notify,endpoint=127.0.0.1:20201,blk={
	"blockNumber" : 2759,
	"group" : "group0",
	"nodeName" : "2f993327933ad58672518b6d4f63920cbc68b80f78f4d81192552ee6362f5cc81ee13bdc678ad65f06e76444cadb53b33694cfb3fc7679b8000411975fedd28a"
}
info|2023-07-09 11:57:18.986692|[RPC][BLOCK][NUMBER][fromJson],group=group0,node=98a7f70ec883a722219d92253cf073a72605f4087aa3443c8e4aadc0af2dc3ac647d0fa1b5ac99cd6987abafe6d690ae71cd5fd2aeeabe7589bfb4748aabdfba,blockNumber=2760
info|2023-07-09 11:57:18.986719|[RPCWS][SERVICE][onRecvBlockNotifier]receive block number notifier,group=group0,node=98a7f70ec883a722219d92253cf073a72605f4087aa3443c8e4aadc0af2dc3ac647d0fa1b5ac99cd6987abafe6d690ae71cd5fd2aeeabe7589bfb4748aabdfba,blockNumber=2760
info|2023-07-09 11:57:18.986725|[RPCWS][SERVICE][updateGroupBlockNumber],groupID=group0,_blockNumber=2760
info|2023-07-09 11:57:18.986731|[RPCWS][SERVICE][onRecvBlockNotifier]block notifier callback,group=group0,node=98a7f70ec883a722219d92253cf073a72605f4087aa3443c8e4aadc0af2dc3ac647d0fa1b5ac99cd6987abafe6d690ae71cd5fd2aeeabe7589bfb4748aabdfba,blockNumber=2760
info|2023-07-09 11:57:18.986735|[WS]receive block notify,endpoint=127.0.0.1:20200,blk={
	"blockNumber" : 2760,
	"group" : "group0",
	"nodeName" : "98a7f70ec883a722219d92253cf073a72605f4087aa3443c8e4aadc0af2dc3ac647d0fa1b5ac99cd6987abafe6d690ae71cd5fd2aeeabe7589bfb4748aabdfba"
}
info|2023-07-09 11:57:19.006383|[RPC][BLOCK][NUMBER][fromJson],group=group0,node=2f993327933ad58672518b6d4f63920cbc68b80f78f4d81192552ee6362f5cc81ee13bdc678ad65f06e76444cadb53b33694cfb3fc7679b8000411975fedd28a,blockNumber=2760
info|2023-07-09 11:57:19.006411|[RPCWS][SERVICE][onRecvBlockNotifier]receive block number notifier,group=group0,node=2f993327933ad58672518b6d4f63920cbc68b80f78f4d81192552ee6362f5cc81ee13bdc678ad65f06e76444cadb53b33694cfb3fc7679b8000411975fedd28a,blockNumber=2760
info|2023-07-09 11:57:19.006421|[WS]receive block notify,endpoint=127.0.0.1:20201,blk={
	"blockNumber" : 2760,
	"group" : "group0",
	"nodeName" : "2f993327933ad58672518b6d4f63920cbc68b80f78f4d81192552ee6362f5cc81ee13bdc678ad65f06e76444cadb53b33694cfb3fc7679b8000411975fedd28a"
}
info|2023-07-09 11:57:19.540523|[RPC][BLOCK][NUMBER][fromJson],group=group0,node=98a7f70ec883a722219d92253cf073a72605f4087aa3443c8e4aadc0af2dc3ac647d0fa1b5ac99cd6987abafe6d690ae71cd5fd2aeeabe7589bfb4748aabdfba,blockNumber=2761
info|2023-07-09 11:57:19.540544|[RPCWS][SERVICE][onRecvBlockNotifier]receive block number notifier,group=group0,node=98a7f70ec883a722219d92253cf073a72605f4087aa3443c8e4aadc0af2dc3ac647d0fa1b5ac99cd6987abafe6d690ae71cd5fd2aeeabe7589bfb4748aabdfba,blockNumber=2761
info|2023-07-09 11:57:19.540550|[RPCWS][SERVICE][updateGroupBlockNumber],groupID=group0,_blockNumber=2761
info|2023-07-09 11:57:19.540554|[RPCWS][SERVICE][onRecvBlockNotifier]block notifier callback,group=group0,node=98a7f70ec883a722219d92253cf073a72605f4087aa3443c8e4aadc0af2dc3ac647d0fa1b5ac99cd6987abafe6d690ae71cd5fd2aeeabe7589bfb4748aabdfba,blockNumber=2761
info|2023-07-09 11:57:19.540557|[WS]receive block notify,endpoint=127.0.0.1:20200,blk={
	"blockNumber" : 2761,
	"group" : "group0",
	"nodeName" : "98a7f70ec883a722219d92253cf073a72605f4087aa3443c8e4aadc0af2dc3ac647d0fa1b5ac99cd6987abafe6d690ae71cd5fd2aeeabe7589bfb4748aabdfba"
}
info|2023-07-09 11:57:19.578428|[RPC][BLOCK][NUMBER][fromJson],group=group0,node=2f993327933ad58672518b6d4f63920cbc68b80f78f4d81192552ee6362f5cc81ee13bdc678ad65f06e76444cadb53b33694cfb3fc7679b8000411975fedd28a,blockNumber=2761
info|2023-07-09 11:57:19.578451|[RPCWS][SERVICE][onRecvBlockNotifier]receive block number notifier,group=group0,node=2f993327933ad58672518b6d4f63920cbc68b80f78f4d81192552ee6362f5cc81ee13bdc678ad65f06e76444cadb53b33694cfb3fc7679b8000411975fedd28a,blockNumber=2761
info|2023-07-09 11:57:19.578458|[WS]receive block notify,endpoint=127.0.0.1:20201,blk={
	"blockNumber" : 2761,
	"group" : "group0",
	"nodeName" : "2f993327933ad58672518b6d4f63920cbc68b80f78f4d81192552ee6362f5cc81ee13bdc678ad65f06e76444cadb53b33694cfb3fc7679b8000411975fedd28a"
}
info|2023-07-09 11:57:20.155324|[RPC][BLOCK][NUMBER][fromJson],group=group0,node=98a7f70ec883a722219d92253cf073a72605f4087aa3443c8e4aadc0af2dc3ac647d0fa1b5ac99cd6987abafe6d690ae71cd5fd2aeeabe7589bfb4748aabdfba,blockNumber=2762
info|2023-07-09 11:57:20.155343|[RPCWS][SERVICE][onRecvBlockNotifier]receive block number notifier,group=group0,node=98a7f70ec883a722219d92253cf073a72605f4087aa3443c8e4aadc0af2dc3ac647d0fa1b5ac99cd6987abafe6d690ae71cd5fd2aeeabe7589bfb4748aabdfba,blockNumber=2762
info|2023-07-09 11:57:20.155348|[RPCWS][SERVICE][updateGroupBlockNumber],groupID=group0,_blockNumber=2762
info|2023-07-09 11:57:20.155353|[RPCWS][SERVICE][onRecvBlockNotifier]block notifier callback,group=group0,node=98a7f70ec883a722219d92253cf073a72605f4087aa3443c8e4aadc0af2dc3ac647d0fa1b5ac99cd6987abafe6d690ae71cd5fd2aeeabe7589bfb4748aabdfba,blockNumber=2762
info|2023-07-09 11:57:20.155356|[WS]receive block notify,endpoint=127.0.0.1:20200,blk={
	"blockNumber" : 2762,
	"group" : "group0",
	"nodeName" : "98a7f70ec883a722219d92253cf073a72605f4087aa3443c8e4aadc0af2dc3ac647d0fa1b5ac99cd6987abafe6d690ae71cd5fd2aeeabe7589bfb4748aabdfba"
}
info|2023-07-09 11:57:20.175219|[RPC][BLOCK][NUMBER][fromJson],group=group0,node=2f993327933ad58672518b6d4f63920cbc68b80f78f4d81192552ee6362f5cc81ee13bdc678ad65f06e76444cadb53b33694cfb3fc7679b8000411975fedd28a,blockNumber=2762
info|2023-07-09 11:57:20.175240|[RPCWS][SERVICE][onRecvBlockNotifier]receive block number notifier,group=group0,node=2f993327933ad58672518b6d4f63920cbc68b80f78f4d81192552ee6362f5cc81ee13bdc678ad65f06e76444cadb53b33694cfb3fc7679b8000411975fedd28a,blockNumber=2762
info|2023-07-09 11:57:20.175246|[WS]receive block notify,endpoint=127.0.0.1:20201,blk={
	"blockNumber" : 2762,
	"group" : "group0",
	"nodeName" : "2f993327933ad58672518b6d4f63920cbc68b80f78f4d81192552ee6362f5cc81ee13bdc678ad65f06e76444cadb53b33694cfb3fc7679b8000411975fedd28a"
}
info|2023-07-09 11:57:20.677997|[RPC][BLOCK][NUMBER][fromJson],group=group0,node=98a7f70ec883a722219d92253cf073a72605f4087aa3443c8e4aadc0af2dc3ac647d0fa1b5ac99cd6987abafe6d690ae71cd5fd2aeeabe7589bfb4748aabdfba,blockNumber=2763
info|2023-07-09 11:57:20.678022|[RPCWS][SERVICE][onRecvBlockNotifier]receive block number notifier,group=group0,node=98a7f70ec883a722219d92253cf073a72605f4087aa3443c8e4aadc0af2dc3ac647d0fa1b5ac99cd6987abafe6d690ae71cd5fd2aeeabe7589bfb4748aabdfba,blockNumber=2763
info|2023-07-09 11:57:20.678028|[RPCWS][SERVICE][updateGroupBlockNumber],groupID=group0,_blockNumber=2763
info|2023-07-09 11:57:20.678033|[RPCWS][SERVICE][onRecvBlockNotifier]block notifier callback,group=group0,node=98a7f70ec883a722219d92253cf073a72605f4087aa3443c8e4aadc0af2dc3ac647d0fa1b5ac99cd6987abafe6d690ae71cd5fd2aeeabe7589bfb4748aabdfba,blockNumber=2763
info|2023-07-09 11:57:20.678037|[WS]receive block notify,endpoint=127.0.0.1:20200,blk={
	"blockNumber" : 2763,
	"group" : "group0",
	"nodeName" : "98a7f70ec883a722219d92253cf073a72605f4087aa3443c8e4aadc0af2dc3ac647d0fa1b5ac99cd6987abafe6d690ae71cd5fd2aeeabe7589bfb4748aabdfba"
}
info|2023-07-09 11:57:20.772375|[RPC][BLOCK][NUMBER][fromJson],group=group0,node=2f993327933ad58672518b6d4f63920cbc68b80f78f4d81192552ee6362f5cc81ee13bdc678ad65f06e76444cadb53b33694cfb3fc7679b8000411975fedd28a,blockNumber=2763
info|2023-07-09 11:57:20.772437|[RPCWS][SERVICE][onRecvBlockNotifier]receive block number notifier,group=group0,node=2f993327933ad58672518b6d4f63920cbc68b80f78f4d81192552ee6362f5cc81ee13bdc678ad65f06e76444cadb53b33694cfb3fc7679b8000411975fedd28a,blockNumber=2763
info|2023-07-09 11:57:20.772460|[WS]receive block notify,endpoint=127.0.0.1:20201,blk={
	"blockNumber" : 2763,
	"group" : "group0",
	"nodeName" : "2f993327933ad58672518b6d4f63920cbc68b80f78f4d81192552ee6362f5cc81ee13bdc678ad65f06e76444cadb53b33694cfb3fc7679b8000411975fedd28a"
}
info|2023-07-09 11:57:21.231624|[RPC][BLOCK][NUMBER][fromJson],group=group0,node=98a7f70ec883a722219d92253cf073a72605f4087aa3443c8e4aadc0af2dc3ac647d0fa1b5ac99cd6987abafe6d690ae71cd5fd2aeeabe7589bfb4748aabdfba,blockNumber=2764
info|2023-07-09 11:57:21.231646|[RPCWS][SERVICE][onRecvBlockNotifier]receive block number notifier,group=group0,node=98a7f70ec883a722219d92253cf073a72605f4087aa3443c8e4aadc0af2dc3ac647d0fa1b5ac99cd6987abafe6d690ae71cd5fd2aeeabe7589bfb4748aabdfba,blockNumber=2764
info|2023-07-09 11:57:21.231652|[RPCWS][SERVICE][updateGroupBlockNumber],groupID=group0,_blockNumber=2764
info|2023-07-09 11:57:21.231656|[RPCWS][SERVICE][onRecvBlockNotifier]block notifier callback,group=group0,node=98a7f70ec883a722219d92253cf073a72605f4087aa3443c8e4aadc0af2dc3ac647d0fa1b5ac99cd6987abafe6d690ae71cd5fd2aeeabe7589bfb4748aabdfba,blockNumber=2764
info|2023-07-09 11:57:21.231661|[WS]receive block notify,endpoint=127.0.0.1:20200,blk={
	"blockNumber" : 2764,
	"group" : "group0",
	"nodeName" : "98a7f70ec883a722219d92253cf073a72605f4087aa3443c8e4aadc0af2dc3ac647d0fa1b5ac99cd6987abafe6d690ae71cd5fd2aeeabe7589bfb4748aabdfba"
}
info|2023-07-09 11:57:21.308111|[RPC][BLOCK][NUMBER][fromJson],group=group0,node=2f993327933ad58672518b6d4f63920cbc68b80f78f4d81192552ee6362f5cc81ee13bdc678ad65f06e76444cadb53b33694cfb3fc7679b8000411975fedd28a,blockNumber=2764
info|2023-07-09 11:57:21.308149|[RPCWS][SERVICE][onRecvBlockNotifier]receive block number notifier,group=group0,node=2f993327933ad58672518b6d4f63920cbc68b80f78f4d81192552ee6362f5cc81ee13bdc678ad65f06e76444cadb53b33694cfb3fc7679b8000411975fedd28a,blockNumber=2764
info|2023-07-09 11:57:21.308162|[WS]receive block notify,endpoint=127.0.0.1:20201,blk={
	"blockNumber" : 2764,
	"group" : "group0",
	"nodeName" : "2f993327933ad58672518b6d4f63920cbc68b80f78f4d81192552ee6362f5cc81ee13bdc678ad65f06e76444cadb53b33694cfb3fc7679b8000411975fedd28a"
}
info|2023-07-09 11:57:21.798349|[RPC][BLOCK][NUMBER][fromJson],group=group0,node=98a7f70ec883a722219d92253cf073a72605f4087aa3443c8e4aadc0af2dc3ac647d0fa1b5ac99cd6987abafe6d690ae71cd5fd2aeeabe7589bfb4748aabdfba,blockNumber=2765
info|2023-07-09 11:57:21.798377|[RPCWS][SERVICE][onRecvBlockNotifier]receive block number notifier,group=group0,node=98a7f70ec883a722219d92253cf073a72605f4087aa3443c8e4aadc0af2dc3ac647d0fa1b5ac99cd6987abafe6d690ae71cd5fd2aeeabe7589bfb4748aabdfba,blockNumber=2765
info|2023-07-09 11:57:21.798382|[RPCWS][SERVICE][updateGroupBlockNumber],groupID=group0,_blockNumber=2765
info|2023-07-09 11:57:21.798386|[RPCWS][SERVICE][onRecvBlockNotifier]block notifier callback,group=group0,node=98a7f70ec883a722219d92253cf073a72605f4087aa3443c8e4aadc0af2dc3ac647d0fa1b5ac99cd6987abafe6d690ae71cd5fd2aeeabe7589bfb4748aabdfba,blockNumber=2765
info|2023-07-09 11:57:21.798389|[WS]receive block notify,endpoint=127.0.0.1:20200,blk={
	"blockNumber" : 2765,
	"group" : "group0",
	"nodeName" : "98a7f70ec883a722219d92253cf073a72605f4087aa3443c8e4aadc0af2dc3ac647d0fa1b5ac99cd6987abafe6d690ae71cd5fd2aeeabe7589bfb4748aabdfba"
}
info|2023-07-09 11:57:21.811397|[RPC][BLOCK][NUMBER][fromJson],group=group0,node=2f993327933ad58672518b6d4f63920cbc68b80f78f4d81192552ee6362f5cc81ee13bdc678ad65f06e76444cadb53b33694cfb3fc7679b8000411975fedd28a,blockNumber=2765
info|2023-07-09 11:57:21.811419|[RPCWS][SERVICE][onRecvBlockNotifier]receive block number notifier,group=group0,node=2f993327933ad58672518b6d4f63920cbc68b80f78f4d81192552ee6362f5cc81ee13bdc678ad65f06e76444cadb53b33694cfb3fc7679b8000411975fedd28a,blockNumber=2765
info|2023-07-09 11:57:21.811426|[WS]receive block notify,endpoint=127.0.0.1:20201,blk={
	"blockNumber" : 2765,
	"group" : "group0",
	"nodeName" : "2f993327933ad58672518b6d4f63920cbc68b80f78f4d81192552ee6362f5cc81ee13bdc678ad65f06e76444cadb53b33694cfb3fc7679b8000411975fedd28a"
}
info|2023-07-09 11:57:22.406117|[RPC][BLOCK][NUMBER][fromJson],group=group0,node=98a7f70ec883a722219d92253cf073a72605f4087aa3443c8e4aadc0af2dc3ac647d0fa1b5ac99cd6987abafe6d690ae71cd5fd2aeeabe7589bfb4748aabdfba,blockNumber=2766
info|2023-07-09 11:57:22.406139|[RPCWS][SERVICE][onRecvBlockNotifier]receive block number notifier,group=group0,node=98a7f70ec883a722219d92253cf073a72605f4087aa3443c8e4aadc0af2dc3ac647d0fa1b5ac99cd6987abafe6d690ae71cd5fd2aeeabe7589bfb4748aabdfba,blockNumber=2766
info|2023-07-09 11:57:22.406145|[RPCWS][SERVICE][updateGroupBlockNumber],groupID=group0,_blockNumber=2766
info|2023-07-09 11:57:22.406150|[RPCWS][SERVICE][onRecvBlockNotifier]block notifier callback,group=group0,node=98a7f70ec883a722219d92253cf073a72605f4087aa3443c8e4aadc0af2dc3ac647d0fa1b5ac99cd6987abafe6d690ae71cd5fd2aeeabe7589bfb4748aabdfba,blockNumber=2766
info|2023-07-09 11:57:22.406153|[WS]receive block notify,endpoint=127.0.0.1:20200,blk={
	"blockNumber" : 2766,
	"group" : "group0",
	"nodeName" : "98a7f70ec883a722219d92253cf073a72605f4087aa3443c8e4aadc0af2dc3ac647d0fa1b5ac99cd6987abafe6d690ae71cd5fd2aeeabe7589bfb4748aabdfba"
}
info|2023-07-09 11:57:22.444467|[RPC][BLOCK][NUMBER][fromJson],group=group0,node=2f993327933ad58672518b6d4f63920cbc68b80f78f4d81192552ee6362f5cc81ee13bdc678ad65f06e76444cadb53b33694cfb3fc7679b8000411975fedd28a,blockNumber=2766
info|2023-07-09 11:57:22.444501|[RPCWS][SERVICE][onRecvBlockNotifier]receive block number notifier,group=group0,node=2f993327933ad58672518b6d4f63920cbc68b80f78f4d81192552ee6362f5cc81ee13bdc678ad65f06e76444cadb53b33694cfb3fc7679b8000411975fedd28a,blockNumber=2766
info|2023-07-09 11:57:22.444513|[WS]receive block notify,endpoint=127.0.0.1:20201,blk={
	"blockNumber" : 2766,
	"group" : "group0",
	"nodeName" : "2f993327933ad58672518b6d4f63920cbc68b80f78f4d81192552ee6362f5cc81ee13bdc678ad65f06e76444cadb53b33694cfb3fc7679b8000411975fedd28a"
}
info|2023-07-09 11:57:33.101106|[EVENT][SUB][doLoop]event sub tasks report,working event sub count=0,suspend event sub count=0
info|2023-07-09 11:57:33.146540|[SDK][WS][SERVICE]connected nodes,count=2
info|2023-07-09 11:57:53.101437|[EVENT][SUB][doLoop]event sub tasks report,working event sub count=0,suspend event sub count=0
info|2023-07-09 11:57:53.147223|[SDK][WS][SERVICE]connected nodes,count=2
info|2023-07-09 11:58:13.102347|[EVENT][SUB][doLoop]event sub tasks report,working event sub count=0,suspend event sub count=0
info|2023-07-09 11:58:13.148063|[SDK][WS][SERVICE]connected nodes,count=2
info|2023-07-09 11:58:33.102486|[EVENT][SUB][doLoop]event sub tasks report,working event sub count=0,suspend event sub count=0
info|2023-07-09 11:58:33.148508|[SDK][WS][SERVICE]connected nodes,count=2
info|2023-07-09 11:58:53.102591|[EVENT][SUB][doLoop]event sub tasks report,working event sub count=0,suspend event sub count=0
info|2023-07-09 11:58:53.148790|[SDK][WS][SERVICE]connected nodes,count=2
info|2023-07-09 11:59:13.104885|[EVENT][SUB][doLoop]event sub tasks report,working event sub count=0,suspend event sub count=0
info|2023-07-09 11:59:13.149232|[SDK][WS][SERVICE]connected nodes,count=2
info|2023-07-09 11:59:33.106767|[EVENT][SUB][doLoop]event sub tasks report,working event sub count=0,suspend event sub count=0
info|2023-07-09 11:59:33.150769|[SDK][WS][SERVICE]connected nodes,count=2
info|2023-07-09 11:59:53.107196|[EVENT][SUB][doLoop]event sub tasks report,working event sub count=0,suspend event sub count=0
info|2023-07-09 11:59:53.151513|[SDK][WS][SERVICE]connected nodes,count=2
