info|2023-07-05 21:00:17.491563|[EVENT][SUB][doLoop]event sub tasks report,working event sub count=0,suspend event sub count=0
info|2023-07-05 21:00:17.525995|[SDK][WS][SERVICE]connected nodes,count=2
info|2023-07-05 21:00:37.492073|[EVENT][SUB][doLoop]event sub tasks report,working event sub count=0,suspend event sub count=0
info|2023-07-05 21:00:37.526388|[SDK][WS][SERVICE]connected nodes,count=2
info|2023-07-05 21:00:57.492554|[EVENT][SUB][doLoop]event sub tasks report,working event sub count=0,suspend event sub count=0
info|2023-07-05 21:00:57.526945|[SDK][WS][SERVICE]connected nodes,count=2
info|2023-07-05 21:01:17.492737|[EVENT][SUB][doLoop]event sub tasks report,working event sub count=0,suspend event sub count=0
info|2023-07-05 21:01:17.530148|[SDK][WS][SERVICE]connected nodes,count=2
info|2023-07-05 21:01:37.493875|[EVENT][SUB][doLoop]event sub tasks report,working event sub count=0,suspend event sub count=0
info|2023-07-05 21:01:37.530284|[SDK][WS][SERVICE]connected nodes,count=2
info|2023-07-05 21:01:57.494278|[EVENT][SUB][doLoop]event sub tasks report,working event sub count=0,suspend event sub count=0
info|2023-07-05 21:01:57.530485|[SDK][WS][SERVICE]connected nodes,count=2
info|2023-07-05 21:02:17.494892|[EVENT][SUB][doLoop]event sub tasks report,working event sub count=0,suspend event sub count=0
info|2023-07-05 21:02:17.530988|[SDK][WS][SERVICE]connected nodes,count=2
info|2023-07-05 21:02:37.495336|[EVENT][SUB][doLoop]event sub tasks report,working event sub count=0,suspend event sub count=0
info|2023-07-05 21:02:37.531577|[SDK][WS][SERVICE]connected nodes,count=2
info|2023-07-05 21:02:57.495841|[EVENT][SUB][doLoop]event sub tasks report,working event sub count=0,suspend event sub count=0
info|2023-07-05 21:02:57.532078|[SDK][WS][SERVICE]connected nodes,count=2
info|2023-07-05 21:03:17.561313|[EVENT][SUB][doLoop]event sub tasks report,working event sub count=0,suspend event sub count=0
info|2023-07-05 21:03:17.561367|[SDK][WS][SERVICE]connected nodes,count=2
info|2023-07-05 21:03:37.565734|[EVENT][SUB][doLoop]event sub tasks report,working event sub count=0,suspend event sub count=0
info|2023-07-05 21:03:37.565875|[SDK][WS][SERVICE]connected nodes,count=2
info|2023-07-05 21:03:57.567204|[SDK][WS][SERVICE]connected nodes,count=2
info|2023-07-05 21:03:57.567352|[EVENT][SUB][doLoop]event sub tasks report,working event sub count=0,suspend event sub count=0
info|2023-07-05 21:04:17.568038|[EVENT][SUB][doLoop]event sub tasks report,working event sub count=0,suspend event sub count=0
info|2023-07-05 21:04:17.568409|[SDK][WS][SERVICE]connected nodes,count=2
info|2023-07-05 21:04:37.568490|[EVENT][SUB][doLoop]event sub tasks report,working event sub count=0,suspend event sub count=0
info|2023-07-05 21:04:37.568753|[SDK][WS][SERVICE]connected nodes,count=2
info|2023-07-05 21:04:57.569248|[SDK][WS][SERVICE]connected nodes,count=2
info|2023-07-05 21:04:57.569417|[EVENT][SUB][doLoop]event sub tasks report,working event sub count=0,suspend event sub count=0
info|2023-07-05 21:05:17.569701|[SDK][WS][SERVICE]connected nodes,count=2
info|2023-07-05 21:05:17.569916|[EVENT][SUB][doLoop]event sub tasks report,working event sub count=0,suspend event sub count=0
info|2023-07-05 21:05:37.570254|[SDK][WS][SERVICE]connected nodes,count=2
info|2023-07-05 21:05:37.570328|[EVENT][SUB][doLoop]event sub tasks report,working event sub count=0,suspend event sub count=0
info|2023-07-05 21:05:57.577601|[EVENT][SUB][doLoop]event sub tasks report,working event sub count=0,suspend event sub count=0
info|2023-07-05 21:05:57.580722|[SDK][WS][SERVICE]connected nodes,count=2
info|2023-07-05 21:06:17.578049|[EVENT][SUB][doLoop]event sub tasks report,working event sub count=0,suspend event sub count=0
info|2023-07-05 21:06:17.581369|[SDK][WS][SERVICE]connected nodes,count=2
info|2023-07-05 21:06:37.578080|[EVENT][SUB][doLoop]event sub tasks report,working event sub count=0,suspend event sub count=0
info|2023-07-05 21:06:37.581934|[SDK][WS][SERVICE]connected nodes,count=2
info|2023-07-05 21:06:57.578360|[EVENT][SUB][doLoop]event sub tasks report,working event sub count=0,suspend event sub count=0
info|2023-07-05 21:06:57.582098|[SDK][WS][SERVICE]connected nodes,count=2
info|2023-07-05 21:07:17.578595|[EVENT][SUB][doLoop]event sub tasks report,working event sub count=0,suspend event sub count=0
info|2023-07-05 21:07:17.582556|[SDK][WS][SERVICE]connected nodes,count=2
info|2023-07-05 21:07:37.579264|[EVENT][SUB][doLoop]event sub tasks report,working event sub count=0,suspend event sub count=0
info|2023-07-05 21:07:37.582845|[SDK][WS][SERVICE]connected nodes,count=2
info|2023-07-05 21:07:57.579673|[EVENT][SUB][doLoop]event sub tasks report,working event sub count=0,suspend event sub count=0
info|2023-07-05 21:07:57.583183|[SDK][WS][SERVICE]connected nodes,count=2
info|2023-07-05 21:08:17.580191|[EVENT][SUB][doLoop]event sub tasks report,working event sub count=0,suspend event sub count=0
info|2023-07-05 21:08:17.583732|[SDK][WS][SERVICE]connected nodes,count=2
info|2023-07-05 21:08:37.586350|[EVENT][SUB][doLoop]event sub tasks report,working event sub count=0,suspend event sub count=0
info|2023-07-05 21:08:37.587216|[SDK][WS][SERVICE]connected nodes,count=2
info|2023-07-05 21:08:57.586526|[EVENT][SUB][doLoop]event sub tasks report,working event sub count=0,suspend event sub count=0
info|2023-07-05 21:08:57.588625|[SDK][WS][SERVICE]connected nodes,count=2
info|2023-07-05 21:09:17.586934|[EVENT][SUB][doLoop]event sub tasks report,working event sub count=0,suspend event sub count=0
info|2023-07-05 21:09:17.590481|[SDK][WS][SERVICE]connected nodes,count=2
info|2023-07-05 21:09:37.587476|[EVENT][SUB][doLoop]event sub tasks report,working event sub count=0,suspend event sub count=0
info|2023-07-05 21:09:37.590723|[SDK][WS][SERVICE]connected nodes,count=2
info|2023-07-05 21:09:57.587996|[EVENT][SUB][doLoop]event sub tasks report,working event sub count=0,suspend event sub count=0
info|2023-07-05 21:09:57.590970|[SDK][WS][SERVICE]connected nodes,count=2
info|2023-07-05 21:10:17.588190|[EVENT][SUB][doLoop]event sub tasks report,working event sub count=0,suspend event sub count=0
info|2023-07-05 21:10:17.591572|[SDK][WS][SERVICE]connected nodes,count=2
info|2023-07-05 21:10:37.590419|[EVENT][SUB][doLoop]event sub tasks report,working event sub count=0,suspend event sub count=0
info|2023-07-05 21:10:37.592197|[SDK][WS][SERVICE]connected nodes,count=2
info|2023-07-05 21:10:57.589482|[EVENT][SUB][doLoop]event sub tasks report,working event sub count=0,suspend event sub count=0
info|2023-07-05 21:10:57.592907|[SDK][WS][SERVICE]connected nodes,count=2
info|2023-07-05 21:11:17.589569|[EVENT][SUB][doLoop]event sub tasks report,working event sub count=0,suspend event sub count=0
info|2023-07-05 21:11:17.593584|[SDK][WS][SERVICE]connected nodes,count=2
info|2023-07-05 21:11:37.591009|[EVENT][SUB][doLoop]event sub tasks report,working event sub count=0,suspend event sub count=0
info|2023-07-05 21:11:37.600413|[SDK][WS][SERVICE]connected nodes,count=2
info|2023-07-05 21:11:57.591407|[EVENT][SUB][doLoop]event sub tasks report,working event sub count=0,suspend event sub count=0
info|2023-07-05 21:11:57.601920|[SDK][WS][SERVICE]connected nodes,count=2
info|2023-07-05 21:12:17.591627|[EVENT][SUB][doLoop]event sub tasks report,working event sub count=0,suspend event sub count=0
info|2023-07-05 21:12:17.602210|[SDK][WS][SERVICE]connected nodes,count=2
info|2023-07-05 21:12:37.591814|[EVENT][SUB][doLoop]event sub tasks report,working event sub count=0,suspend event sub count=0
info|2023-07-05 21:12:37.602954|[SDK][WS][SERVICE]connected nodes,count=2
info|2023-07-05 21:12:57.592296|[EVENT][SUB][doLoop]event sub tasks report,working event sub count=0,suspend event sub count=0
info|2023-07-05 21:12:57.603275|[SDK][WS][SERVICE]connected nodes,count=2
info|2023-07-05 21:13:17.592522|[EVENT][SUB][doLoop]event sub tasks report,working event sub count=0,suspend event sub count=0
info|2023-07-05 21:13:17.603833|[SDK][WS][SERVICE]connected nodes,count=2
info|2023-07-05 21:13:37.593220|[EVENT][SUB][doLoop]event sub tasks report,working event sub count=0,suspend event sub count=0
info|2023-07-05 21:13:37.607113|[SDK][WS][SERVICE]connected nodes,count=2
info|2023-07-05 21:13:57.593352|[EVENT][SUB][doLoop]event sub tasks report,working event sub count=0,suspend event sub count=0
info|2023-07-05 21:13:57.607383|[SDK][WS][SERVICE]connected nodes,count=2
info|2023-07-05 21:14:17.596709|[EVENT][SUB][doLoop]event sub tasks report,working event sub count=0,suspend event sub count=0
info|2023-07-05 21:14:17.607684|[SDK][WS][SERVICE]connected nodes,count=2
info|2023-07-05 21:14:37.596942|[EVENT][SUB][doLoop]event sub tasks report,working event sub count=0,suspend event sub count=0
info|2023-07-05 21:14:37.607981|[SDK][WS][SERVICE]connected nodes,count=2
info|2023-07-05 21:14:57.597351|[EVENT][SUB][doLoop]event sub tasks report,working event sub count=0,suspend event sub count=0
info|2023-07-05 21:14:57.608087|[SDK][WS][SERVICE]connected nodes,count=2
info|2023-07-05 21:15:17.597887|[EVENT][SUB][doLoop]event sub tasks report,working event sub count=0,suspend event sub count=0
info|2023-07-05 21:15:17.608623|[SDK][WS][SERVICE]connected nodes,count=2
info|2023-07-05 21:15:37.598050|[EVENT][SUB][doLoop]event sub tasks report,working event sub count=0,suspend event sub count=0
info|2023-07-05 21:15:37.609292|[SDK][WS][SERVICE]connected nodes,count=2
info|2023-07-05 21:15:57.598154|[EVENT][SUB][doLoop]event sub tasks report,working event sub count=0,suspend event sub count=0
info|2023-07-05 21:15:57.609643|[SDK][WS][SERVICE]connected nodes,count=2
info|2023-07-05 21:16:17.598840|[EVENT][SUB][doLoop]event sub tasks report,working event sub count=0,suspend event sub count=0
info|2023-07-05 21:16:17.609896|[SDK][WS][SERVICE]connected nodes,count=2
info|2023-07-05 21:16:37.603194|[EVENT][SUB][doLoop]event sub tasks report,working event sub count=0,suspend event sub count=0
info|2023-07-05 21:16:37.610875|[SDK][WS][SERVICE]connected nodes,count=2
info|2023-07-05 21:16:57.603472|[EVENT][SUB][doLoop]event sub tasks report,working event sub count=0,suspend event sub count=0
info|2023-07-05 21:16:57.610958|[SDK][WS][SERVICE]connected nodes,count=2
info|2023-07-05 21:17:17.603912|[EVENT][SUB][doLoop]event sub tasks report,working event sub count=0,suspend event sub count=0
info|2023-07-05 21:17:17.611359|[SDK][WS][SERVICE]connected nodes,count=2
info|2023-07-05 21:17:37.604429|[EVENT][SUB][doLoop]event sub tasks report,working event sub count=0,suspend event sub count=0
info|2023-07-05 21:17:37.611707|[SDK][WS][SERVICE]connected nodes,count=2
info|2023-07-05 21:17:57.604853|[EVENT][SUB][doLoop]event sub tasks report,working event sub count=0,suspend event sub count=0
info|2023-07-05 21:17:57.612192|[SDK][WS][SERVICE]connected nodes,count=2
info|2023-07-05 21:18:17.605170|[EVENT][SUB][doLoop]event sub tasks report,working event sub count=0,suspend event sub count=0
info|2023-07-05 21:18:17.613063|[SDK][WS][SERVICE]connected nodes,count=2
info|2023-07-05 21:18:37.605522|[EVENT][SUB][doLoop]event sub tasks report,working event sub count=0,suspend event sub count=0
info|2023-07-05 21:18:37.613229|[SDK][WS][SERVICE]connected nodes,count=2
info|2023-07-05 21:18:57.605715|[EVENT][SUB][doLoop]event sub tasks report,working event sub count=0,suspend event sub count=0
info|2023-07-05 21:18:57.624592|[SDK][WS][SERVICE]connected nodes,count=2
info|2023-07-05 21:19:17.606797|[EVENT][SUB][doLoop]event sub tasks report,working event sub count=0,suspend event sub count=0
info|2023-07-05 21:19:17.625130|[SDK][WS][SERVICE]connected nodes,count=2
info|2023-07-05 21:19:37.606890|[EVENT][SUB][doLoop]event sub tasks report,working event sub count=0,suspend event sub count=0
info|2023-07-05 21:19:37.626817|[SDK][WS][SERVICE]connected nodes,count=2
info|2023-07-05 21:19:57.607371|[EVENT][SUB][doLoop]event sub tasks report,working event sub count=0,suspend event sub count=0
info|2023-07-05 21:19:57.628152|[SDK][WS][SERVICE]connected nodes,count=2
info|2023-07-05 21:20:17.607688|[EVENT][SUB][doLoop]event sub tasks report,working event sub count=0,suspend event sub count=0
info|2023-07-05 21:20:17.628621|[SDK][WS][SERVICE]connected nodes,count=2
info|2023-07-05 21:20:37.608406|[EVENT][SUB][doLoop]event sub tasks report,working event sub count=0,suspend event sub count=0
info|2023-07-05 21:20:37.629083|[SDK][WS][SERVICE]connected nodes,count=2
info|2023-07-05 21:20:57.608906|[EVENT][SUB][doLoop]event sub tasks report,working event sub count=0,suspend event sub count=0
info|2023-07-05 21:20:57.629609|[SDK][WS][SERVICE]connected nodes,count=2
info|2023-07-05 21:21:17.609147|[EVENT][SUB][doLoop]event sub tasks report,working event sub count=0,suspend event sub count=0
info|2023-07-05 21:21:17.629913|[SDK][WS][SERVICE]connected nodes,count=2
info|2023-07-05 21:21:37.609431|[EVENT][SUB][doLoop]event sub tasks report,working event sub count=0,suspend event sub count=0
info|2023-07-05 21:21:37.630393|[SDK][WS][SERVICE]connected nodes,count=2
info|2023-07-05 21:21:57.609626|[EVENT][SUB][doLoop]event sub tasks report,working event sub count=0,suspend event sub count=0
info|2023-07-05 21:21:57.630832|[SDK][WS][SERVICE]connected nodes,count=2
info|2023-07-05 21:22:17.610358|[EVENT][SUB][doLoop]event sub tasks report,working event sub count=0,suspend event sub count=0
info|2023-07-05 21:22:17.631728|[SDK][WS][SERVICE]connected nodes,count=2
info|2023-07-05 21:22:37.610569|[EVENT][SUB][doLoop]event sub tasks report,working event sub count=0,suspend event sub count=0
info|2023-07-05 21:22:37.632187|[SDK][WS][SERVICE]connected nodes,count=2
info|2023-07-05 21:22:57.610779|[EVENT][SUB][doLoop]event sub tasks report,working event sub count=0,suspend event sub count=0
info|2023-07-05 21:22:57.635263|[SDK][WS][SERVICE]connected nodes,count=2
info|2023-07-05 21:23:17.611689|[EVENT][SUB][doLoop]event sub tasks report,working event sub count=0,suspend event sub count=0
info|2023-07-05 21:23:17.636275|[SDK][WS][SERVICE]connected nodes,count=2
info|2023-07-05 21:23:37.617085|[EVENT][SUB][doLoop]event sub tasks report,working event sub count=0,suspend event sub count=0
info|2023-07-05 21:23:37.636973|[SDK][WS][SERVICE]connected nodes,count=2
info|2023-07-05 21:23:57.617574|[EVENT][SUB][doLoop]event sub tasks report,working event sub count=0,suspend event sub count=0
info|2023-07-05 21:23:57.637396|[SDK][WS][SERVICE]connected nodes,count=2
info|2023-07-05 21:24:17.617972|[EVENT][SUB][doLoop]event sub tasks report,working event sub count=0,suspend event sub count=0
info|2023-07-05 21:24:17.638629|[SDK][WS][SERVICE]connected nodes,count=2
info|2023-07-05 21:24:37.618506|[EVENT][SUB][doLoop]event sub tasks report,working event sub count=0,suspend event sub count=0
info|2023-07-05 21:24:37.639268|[SDK][WS][SERVICE]connected nodes,count=2
info|2023-07-05 21:24:57.618857|[EVENT][SUB][doLoop]event sub tasks report,working event sub count=0,suspend event sub count=0
info|2023-07-05 21:24:57.640108|[SDK][WS][SERVICE]connected nodes,count=2
info|2023-07-05 21:25:17.625411|[EVENT][SUB][doLoop]event sub tasks report,working event sub count=0,suspend event sub count=0
info|2023-07-05 21:25:17.640464|[SDK][WS][SERVICE]connected nodes,count=2
info|2023-07-05 21:25:37.626134|[EVENT][SUB][doLoop]event sub tasks report,working event sub count=0,suspend event sub count=0
info|2023-07-05 21:25:37.646617|[SDK][WS][SERVICE]connected nodes,count=2
info|2023-07-05 21:25:57.626365|[EVENT][SUB][doLoop]event sub tasks report,working event sub count=0,suspend event sub count=0
info|2023-07-05 21:25:57.646890|[SDK][WS][SERVICE]connected nodes,count=2
info|2023-07-05 21:26:17.626858|[EVENT][SUB][doLoop]event sub tasks report,working event sub count=0,suspend event sub count=0
info|2023-07-05 21:26:17.647320|[SDK][WS][SERVICE]connected nodes,count=2
info|2023-07-05 21:26:37.627204|[EVENT][SUB][doLoop]event sub tasks report,working event sub count=0,suspend event sub count=0
info|2023-07-05 21:26:37.647525|[SDK][WS][SERVICE]connected nodes,count=2
info|2023-07-05 21:26:57.627476|[EVENT][SUB][doLoop]event sub tasks report,working event sub count=0,suspend event sub count=0
info|2023-07-05 21:26:57.647843|[SDK][WS][SERVICE]connected nodes,count=2
info|2023-07-05 21:27:17.627947|[EVENT][SUB][doLoop]event sub tasks report,working event sub count=0,suspend event sub count=0
info|2023-07-05 21:27:17.648081|[SDK][WS][SERVICE]connected nodes,count=2
info|2023-07-05 21:27:37.628149|[EVENT][SUB][doLoop]event sub tasks report,working event sub count=0,suspend event sub count=0
info|2023-07-05 21:27:37.648332|[SDK][WS][SERVICE]connected nodes,count=2
info|2023-07-05 21:27:57.628223|[EVENT][SUB][doLoop]event sub tasks report,working event sub count=0,suspend event sub count=0
info|2023-07-05 21:27:57.648784|[SDK][WS][SERVICE]connected nodes,count=2
info|2023-07-05 21:28:17.628464|[EVENT][SUB][doLoop]event sub tasks report,working event sub count=0,suspend event sub count=0
info|2023-07-05 21:28:17.649938|[SDK][WS][SERVICE]connected nodes,count=2
info|2023-07-05 21:28:37.628664|[EVENT][SUB][doLoop]event sub tasks report,working event sub count=0,suspend event sub count=0
info|2023-07-05 21:28:37.650651|[SDK][WS][SERVICE]connected nodes,count=2
info|2023-07-05 21:28:57.628808|[EVENT][SUB][doLoop]event sub tasks report,working event sub count=0,suspend event sub count=0
info|2023-07-05 21:28:57.650884|[SDK][WS][SERVICE]connected nodes,count=2
info|2023-07-05 21:29:17.629723|[EVENT][SUB][doLoop]event sub tasks report,working event sub count=0,suspend event sub count=0
info|2023-07-05 21:29:17.651260|[SDK][WS][SERVICE]connected nodes,count=2
info|2023-07-05 21:29:37.630632|[EVENT][SUB][doLoop]event sub tasks report,working event sub count=0,suspend event sub count=0
info|2023-07-05 21:29:37.652681|[SDK][WS][SERVICE]connected nodes,count=2
info|2023-07-05 21:29:57.631017|[EVENT][SUB][doLoop]event sub tasks report,working event sub count=0,suspend event sub count=0
info|2023-07-05 21:29:57.652919|[SDK][WS][SERVICE]connected nodes,count=2
info|2023-07-05 21:30:17.631444|[EVENT][SUB][doLoop]event sub tasks report,working event sub count=0,suspend event sub count=0
info|2023-07-05 21:30:17.653506|[SDK][WS][SERVICE]connected nodes,count=2
info|2023-07-05 21:30:37.631658|[EVENT][SUB][doLoop]event sub tasks report,working event sub count=0,suspend event sub count=0
info|2023-07-05 21:30:37.654242|[SDK][WS][SERVICE]connected nodes,count=2
info|2023-07-05 21:30:57.631902|[EVENT][SUB][doLoop]event sub tasks report,working event sub count=0,suspend event sub count=0
info|2023-07-05 21:30:57.654423|[SDK][WS][SERVICE]connected nodes,count=2
info|2023-07-05 21:31:17.632713|[EVENT][SUB][doLoop]event sub tasks report,working event sub count=0,suspend event sub count=0
info|2023-07-05 21:31:17.654964|[SDK][WS][SERVICE]connected nodes,count=2
info|2023-07-05 21:31:37.637542|[EVENT][SUB][doLoop]event sub tasks report,working event sub count=0,suspend event sub count=0
info|2023-07-05 21:31:37.658986|[SDK][WS][SERVICE]connected nodes,count=2
info|2023-07-05 21:31:50.719633|[RPC][BLOCK][NUMBER][fromJson],group=group0,node=2f993327933ad58672518b6d4f63920cbc68b80f78f4d81192552ee6362f5cc81ee13bdc678ad65f06e76444cadb53b33694cfb3fc7679b8000411975fedd28a,blockNumber=527
info|2023-07-05 21:31:50.719752|[RPCWS][SERVICE][onRecvBlockNotifier]receive block number notifier,group=group0,node=2f993327933ad58672518b6d4f63920cbc68b80f78f4d81192552ee6362f5cc81ee13bdc678ad65f06e76444cadb53b33694cfb3fc7679b8000411975fedd28a,blockNumber=527
info|2023-07-05 21:31:50.719762|[RPCWS][SERVICE][updateGroupBlockNumber],groupID=group0,_blockNumber=527
info|2023-07-05 21:31:50.719794|[RPCWS][SERVICE][onRecvBlockNotifier]block notifier callback,group=group0,node=2f993327933ad58672518b6d4f63920cbc68b80f78f4d81192552ee6362f5cc81ee13bdc678ad65f06e76444cadb53b33694cfb3fc7679b8000411975fedd28a,blockNumber=527
info|2023-07-05 21:31:50.719806|[WS]receive block notify,endpoint=127.0.0.1:20201,blk={
	"blockNumber" : 527,
	"group" : "group0",
	"nodeName" : "2f993327933ad58672518b6d4f63920cbc68b80f78f4d81192552ee6362f5cc81ee13bdc678ad65f06e76444cadb53b33694cfb3fc7679b8000411975fedd28a"
}
info|2023-07-05 21:31:50.738133|[RPC][BLOCK][NUMBER][fromJson],group=group0,node=98a7f70ec883a722219d92253cf073a72605f4087aa3443c8e4aadc0af2dc3ac647d0fa1b5ac99cd6987abafe6d690ae71cd5fd2aeeabe7589bfb4748aabdfba,blockNumber=527
info|2023-07-05 21:31:50.738160|[RPCWS][SERVICE][onRecvBlockNotifier]receive block number notifier,group=group0,node=98a7f70ec883a722219d92253cf073a72605f4087aa3443c8e4aadc0af2dc3ac647d0fa1b5ac99cd6987abafe6d690ae71cd5fd2aeeabe7589bfb4748aabdfba,blockNumber=527
info|2023-07-05 21:31:50.738167|[WS]receive block notify,endpoint=127.0.0.1:20200,blk={
	"blockNumber" : 527,
	"group" : "group0",
	"nodeName" : "98a7f70ec883a722219d92253cf073a72605f4087aa3443c8e4aadc0af2dc3ac647d0fa1b5ac99cd6987abafe6d690ae71cd5fd2aeeabe7589bfb4748aabdfba"
}
info|2023-07-05 21:31:52.903087|[RPC][BLOCK][NUMBER][fromJson],group=group0,node=2f993327933ad58672518b6d4f63920cbc68b80f78f4d81192552ee6362f5cc81ee13bdc678ad65f06e76444cadb53b33694cfb3fc7679b8000411975fedd28a,blockNumber=528
info|2023-07-05 21:31:52.903203|[RPCWS][SERVICE][onRecvBlockNotifier]receive block number notifier,group=group0,node=2f993327933ad58672518b6d4f63920cbc68b80f78f4d81192552ee6362f5cc81ee13bdc678ad65f06e76444cadb53b33694cfb3fc7679b8000411975fedd28a,blockNumber=528
info|2023-07-05 21:31:52.903226|[RPCWS][SERVICE][updateGroupBlockNumber],groupID=group0,_blockNumber=528
info|2023-07-05 21:31:52.903286|[RPCWS][SERVICE][onRecvBlockNotifier]block notifier callback,group=group0,node=2f993327933ad58672518b6d4f63920cbc68b80f78f4d81192552ee6362f5cc81ee13bdc678ad65f06e76444cadb53b33694cfb3fc7679b8000411975fedd28a,blockNumber=528
info|2023-07-05 21:31:52.903303|[WS]receive block notify,endpoint=127.0.0.1:20201,blk={
	"blockNumber" : 528,
	"group" : "group0",
	"nodeName" : "2f993327933ad58672518b6d4f63920cbc68b80f78f4d81192552ee6362f5cc81ee13bdc678ad65f06e76444cadb53b33694cfb3fc7679b8000411975fedd28a"
}
info|2023-07-05 21:31:53.201725|[RPC][BLOCK][NUMBER][fromJson],group=group0,node=98a7f70ec883a722219d92253cf073a72605f4087aa3443c8e4aadc0af2dc3ac647d0fa1b5ac99cd6987abafe6d690ae71cd5fd2aeeabe7589bfb4748aabdfba,blockNumber=528
info|2023-07-05 21:31:53.202311|[RPCWS][SERVICE][onRecvBlockNotifier]receive block number notifier,group=group0,node=98a7f70ec883a722219d92253cf073a72605f4087aa3443c8e4aadc0af2dc3ac647d0fa1b5ac99cd6987abafe6d690ae71cd5fd2aeeabe7589bfb4748aabdfba,blockNumber=528
info|2023-07-05 21:31:53.202436|[WS]receive block notify,endpoint=127.0.0.1:20200,blk={
	"blockNumber" : 528,
	"group" : "group0",
	"nodeName" : "98a7f70ec883a722219d92253cf073a72605f4087aa3443c8e4aadc0af2dc3ac647d0fa1b5ac99cd6987abafe6d690ae71cd5fd2aeeabe7589bfb4748aabdfba"
}
info|2023-07-05 21:31:54.269547|[RPC][BLOCK][NUMBER][fromJson],group=group0,node=98a7f70ec883a722219d92253cf073a72605f4087aa3443c8e4aadc0af2dc3ac647d0fa1b5ac99cd6987abafe6d690ae71cd5fd2aeeabe7589bfb4748aabdfba,blockNumber=529
info|2023-07-05 21:31:54.269604|[RPCWS][SERVICE][onRecvBlockNotifier]receive block number notifier,group=group0,node=98a7f70ec883a722219d92253cf073a72605f4087aa3443c8e4aadc0af2dc3ac647d0fa1b5ac99cd6987abafe6d690ae71cd5fd2aeeabe7589bfb4748aabdfba,blockNumber=529
info|2023-07-05 21:31:54.269623|[RPCWS][SERVICE][updateGroupBlockNumber],groupID=group0,_blockNumber=529
info|2023-07-05 21:31:54.269636|[RPCWS][SERVICE][onRecvBlockNotifier]block notifier callback,group=group0,node=98a7f70ec883a722219d92253cf073a72605f4087aa3443c8e4aadc0af2dc3ac647d0fa1b5ac99cd6987abafe6d690ae71cd5fd2aeeabe7589bfb4748aabdfba,blockNumber=529
info|2023-07-05 21:31:54.269649|[WS]receive block notify,endpoint=127.0.0.1:20200,blk={
	"blockNumber" : 529,
	"group" : "group0",
	"nodeName" : "98a7f70ec883a722219d92253cf073a72605f4087aa3443c8e4aadc0af2dc3ac647d0fa1b5ac99cd6987abafe6d690ae71cd5fd2aeeabe7589bfb4748aabdfba"
}
info|2023-07-05 21:31:54.449053|[RPC][BLOCK][NUMBER][fromJson],group=group0,node=2f993327933ad58672518b6d4f63920cbc68b80f78f4d81192552ee6362f5cc81ee13bdc678ad65f06e76444cadb53b33694cfb3fc7679b8000411975fedd28a,blockNumber=529
info|2023-07-05 21:31:54.449122|[RPCWS][SERVICE][onRecvBlockNotifier]receive block number notifier,group=group0,node=2f993327933ad58672518b6d4f63920cbc68b80f78f4d81192552ee6362f5cc81ee13bdc678ad65f06e76444cadb53b33694cfb3fc7679b8000411975fedd28a,blockNumber=529
info|2023-07-05 21:31:54.449143|[WS]receive block notify,endpoint=127.0.0.1:20201,blk={
	"blockNumber" : 529,
	"group" : "group0",
	"nodeName" : "2f993327933ad58672518b6d4f63920cbc68b80f78f4d81192552ee6362f5cc81ee13bdc678ad65f06e76444cadb53b33694cfb3fc7679b8000411975fedd28a"
}
info|2023-07-05 21:31:54.847891|[RPC][BLOCK][NUMBER][fromJson],group=group0,node=2f993327933ad58672518b6d4f63920cbc68b80f78f4d81192552ee6362f5cc81ee13bdc678ad65f06e76444cadb53b33694cfb3fc7679b8000411975fedd28a,blockNumber=530
info|2023-07-05 21:31:54.847952|[RPCWS][SERVICE][onRecvBlockNotifier]receive block number notifier,group=group0,node=2f993327933ad58672518b6d4f63920cbc68b80f78f4d81192552ee6362f5cc81ee13bdc678ad65f06e76444cadb53b33694cfb3fc7679b8000411975fedd28a,blockNumber=530
info|2023-07-05 21:31:54.847969|[RPCWS][SERVICE][updateGroupBlockNumber],groupID=group0,_blockNumber=530
info|2023-07-05 21:31:54.847983|[RPCWS][SERVICE][onRecvBlockNotifier]block notifier callback,group=group0,node=2f993327933ad58672518b6d4f63920cbc68b80f78f4d81192552ee6362f5cc81ee13bdc678ad65f06e76444cadb53b33694cfb3fc7679b8000411975fedd28a,blockNumber=530
info|2023-07-05 21:31:54.847997|[WS]receive block notify,endpoint=127.0.0.1:20201,blk={
	"blockNumber" : 530,
	"group" : "group0",
	"nodeName" : "2f993327933ad58672518b6d4f63920cbc68b80f78f4d81192552ee6362f5cc81ee13bdc678ad65f06e76444cadb53b33694cfb3fc7679b8000411975fedd28a"
}
info|2023-07-05 21:31:54.923777|[RPC][BLOCK][NUMBER][fromJson],group=group0,node=98a7f70ec883a722219d92253cf073a72605f4087aa3443c8e4aadc0af2dc3ac647d0fa1b5ac99cd6987abafe6d690ae71cd5fd2aeeabe7589bfb4748aabdfba,blockNumber=530
info|2023-07-05 21:31:54.923834|[RPCWS][SERVICE][onRecvBlockNotifier]receive block number notifier,group=group0,node=98a7f70ec883a722219d92253cf073a72605f4087aa3443c8e4aadc0af2dc3ac647d0fa1b5ac99cd6987abafe6d690ae71cd5fd2aeeabe7589bfb4748aabdfba,blockNumber=530
info|2023-07-05 21:31:54.924601|[WS]receive block notify,endpoint=127.0.0.1:20200,blk={
	"blockNumber" : 530,
	"group" : "group0",
	"nodeName" : "98a7f70ec883a722219d92253cf073a72605f4087aa3443c8e4aadc0af2dc3ac647d0fa1b5ac99cd6987abafe6d690ae71cd5fd2aeeabe7589bfb4748aabdfba"
}
info|2023-07-05 21:31:55.472720|[RPC][BLOCK][NUMBER][fromJson],group=group0,node=2f993327933ad58672518b6d4f63920cbc68b80f78f4d81192552ee6362f5cc81ee13bdc678ad65f06e76444cadb53b33694cfb3fc7679b8000411975fedd28a,blockNumber=531
info|2023-07-05 21:31:55.472788|[RPCWS][SERVICE][onRecvBlockNotifier]receive block number notifier,group=group0,node=2f993327933ad58672518b6d4f63920cbc68b80f78f4d81192552ee6362f5cc81ee13bdc678ad65f06e76444cadb53b33694cfb3fc7679b8000411975fedd28a,blockNumber=531
info|2023-07-05 21:31:55.472806|[RPCWS][SERVICE][updateGroupBlockNumber],groupID=group0,_blockNumber=531
info|2023-07-05 21:31:55.472818|[RPCWS][SERVICE][onRecvBlockNotifier]block notifier callback,group=group0,node=2f993327933ad58672518b6d4f63920cbc68b80f78f4d81192552ee6362f5cc81ee13bdc678ad65f06e76444cadb53b33694cfb3fc7679b8000411975fedd28a,blockNumber=531
info|2023-07-05 21:31:55.472830|[WS]receive block notify,endpoint=127.0.0.1:20201,blk={
	"blockNumber" : 531,
	"group" : "group0",
	"nodeName" : "2f993327933ad58672518b6d4f63920cbc68b80f78f4d81192552ee6362f5cc81ee13bdc678ad65f06e76444cadb53b33694cfb3fc7679b8000411975fedd28a"
}
info|2023-07-05 21:31:55.490869|[RPC][BLOCK][NUMBER][fromJson],group=group0,node=98a7f70ec883a722219d92253cf073a72605f4087aa3443c8e4aadc0af2dc3ac647d0fa1b5ac99cd6987abafe6d690ae71cd5fd2aeeabe7589bfb4748aabdfba,blockNumber=531
info|2023-07-05 21:31:55.491009|[RPCWS][SERVICE][onRecvBlockNotifier]receive block number notifier,group=group0,node=98a7f70ec883a722219d92253cf073a72605f4087aa3443c8e4aadc0af2dc3ac647d0fa1b5ac99cd6987abafe6d690ae71cd5fd2aeeabe7589bfb4748aabdfba,blockNumber=531
info|2023-07-05 21:31:55.491036|[WS]receive block notify,endpoint=127.0.0.1:20200,blk={
	"blockNumber" : 531,
	"group" : "group0",
	"nodeName" : "98a7f70ec883a722219d92253cf073a72605f4087aa3443c8e4aadc0af2dc3ac647d0fa1b5ac99cd6987abafe6d690ae71cd5fd2aeeabe7589bfb4748aabdfba"
}
info|2023-07-05 21:31:56.132021|[RPC][BLOCK][NUMBER][fromJson],group=group0,node=2f993327933ad58672518b6d4f63920cbc68b80f78f4d81192552ee6362f5cc81ee13bdc678ad65f06e76444cadb53b33694cfb3fc7679b8000411975fedd28a,blockNumber=532
info|2023-07-05 21:31:56.132291|[RPCWS][SERVICE][onRecvBlockNotifier]receive block number notifier,group=group0,node=2f993327933ad58672518b6d4f63920cbc68b80f78f4d81192552ee6362f5cc81ee13bdc678ad65f06e76444cadb53b33694cfb3fc7679b8000411975fedd28a,blockNumber=532
info|2023-07-05 21:31:56.132328|[RPCWS][SERVICE][updateGroupBlockNumber],groupID=group0,_blockNumber=532
info|2023-07-05 21:31:56.132343|[RPCWS][SERVICE][onRecvBlockNotifier]block notifier callback,group=group0,node=2f993327933ad58672518b6d4f63920cbc68b80f78f4d81192552ee6362f5cc81ee13bdc678ad65f06e76444cadb53b33694cfb3fc7679b8000411975fedd28a,blockNumber=532
info|2023-07-05 21:31:56.132354|[WS]receive block notify,endpoint=127.0.0.1:20201,blk={
	"blockNumber" : 532,
	"group" : "group0",
	"nodeName" : "2f993327933ad58672518b6d4f63920cbc68b80f78f4d81192552ee6362f5cc81ee13bdc678ad65f06e76444cadb53b33694cfb3fc7679b8000411975fedd28a"
}
info|2023-07-05 21:31:56.173017|[RPC][BLOCK][NUMBER][fromJson],group=group0,node=98a7f70ec883a722219d92253cf073a72605f4087aa3443c8e4aadc0af2dc3ac647d0fa1b5ac99cd6987abafe6d690ae71cd5fd2aeeabe7589bfb4748aabdfba,blockNumber=532
info|2023-07-05 21:31:56.173042|[RPCWS][SERVICE][onRecvBlockNotifier]receive block number notifier,group=group0,node=98a7f70ec883a722219d92253cf073a72605f4087aa3443c8e4aadc0af2dc3ac647d0fa1b5ac99cd6987abafe6d690ae71cd5fd2aeeabe7589bfb4748aabdfba,blockNumber=532
info|2023-07-05 21:31:56.173049|[WS]receive block notify,endpoint=127.0.0.1:20200,blk={
	"blockNumber" : 532,
	"group" : "group0",
	"nodeName" : "98a7f70ec883a722219d92253cf073a72605f4087aa3443c8e4aadc0af2dc3ac647d0fa1b5ac99cd6987abafe6d690ae71cd5fd2aeeabe7589bfb4748aabdfba"
}
info|2023-07-05 21:31:57.245191|[RPC][BLOCK][NUMBER][fromJson],group=group0,node=98a7f70ec883a722219d92253cf073a72605f4087aa3443c8e4aadc0af2dc3ac647d0fa1b5ac99cd6987abafe6d690ae71cd5fd2aeeabe7589bfb4748aabdfba,blockNumber=533
info|2023-07-05 21:31:57.245224|[RPCWS][SERVICE][onRecvBlockNotifier]receive block number notifier,group=group0,node=98a7f70ec883a722219d92253cf073a72605f4087aa3443c8e4aadc0af2dc3ac647d0fa1b5ac99cd6987abafe6d690ae71cd5fd2aeeabe7589bfb4748aabdfba,blockNumber=533
info|2023-07-05 21:31:57.245268|[RPCWS][SERVICE][updateGroupBlockNumber],groupID=group0,_blockNumber=533
info|2023-07-05 21:31:57.245278|[RPCWS][SERVICE][onRecvBlockNotifier]block notifier callback,group=group0,node=98a7f70ec883a722219d92253cf073a72605f4087aa3443c8e4aadc0af2dc3ac647d0fa1b5ac99cd6987abafe6d690ae71cd5fd2aeeabe7589bfb4748aabdfba,blockNumber=533
info|2023-07-05 21:31:57.245318|[WS]receive block notify,endpoint=127.0.0.1:20200,blk={
	"blockNumber" : 533,
	"group" : "group0",
	"nodeName" : "98a7f70ec883a722219d92253cf073a72605f4087aa3443c8e4aadc0af2dc3ac647d0fa1b5ac99cd6987abafe6d690ae71cd5fd2aeeabe7589bfb4748aabdfba"
}
info|2023-07-05 21:31:57.245362|[RPC][BLOCK][NUMBER][fromJson],group=group0,node=2f993327933ad58672518b6d4f63920cbc68b80f78f4d81192552ee6362f5cc81ee13bdc678ad65f06e76444cadb53b33694cfb3fc7679b8000411975fedd28a,blockNumber=533
info|2023-07-05 21:31:57.245434|[RPCWS][SERVICE][onRecvBlockNotifier]receive block number notifier,group=group0,node=2f993327933ad58672518b6d4f63920cbc68b80f78f4d81192552ee6362f5cc81ee13bdc678ad65f06e76444cadb53b33694cfb3fc7679b8000411975fedd28a,blockNumber=533
info|2023-07-05 21:31:57.245444|[WS]receive block notify,endpoint=127.0.0.1:20201,blk={
	"blockNumber" : 533,
	"group" : "group0",
	"nodeName" : "2f993327933ad58672518b6d4f63920cbc68b80f78f4d81192552ee6362f5cc81ee13bdc678ad65f06e76444cadb53b33694cfb3fc7679b8000411975fedd28a"
}
info|2023-07-05 21:31:57.502219|[RPC][BLOCK][NUMBER][fromJson],group=group0,node=2f993327933ad58672518b6d4f63920cbc68b80f78f4d81192552ee6362f5cc81ee13bdc678ad65f06e76444cadb53b33694cfb3fc7679b8000411975fedd28a,blockNumber=534
info|2023-07-05 21:31:57.502239|[RPCWS][SERVICE][onRecvBlockNotifier]receive block number notifier,group=group0,node=2f993327933ad58672518b6d4f63920cbc68b80f78f4d81192552ee6362f5cc81ee13bdc678ad65f06e76444cadb53b33694cfb3fc7679b8000411975fedd28a,blockNumber=534
info|2023-07-05 21:31:57.502243|[RPCWS][SERVICE][updateGroupBlockNumber],groupID=group0,_blockNumber=534
info|2023-07-05 21:31:57.502247|[RPCWS][SERVICE][onRecvBlockNotifier]block notifier callback,group=group0,node=2f993327933ad58672518b6d4f63920cbc68b80f78f4d81192552ee6362f5cc81ee13bdc678ad65f06e76444cadb53b33694cfb3fc7679b8000411975fedd28a,blockNumber=534
info|2023-07-05 21:31:57.502251|[WS]receive block notify,endpoint=127.0.0.1:20201,blk={
	"blockNumber" : 534,
	"group" : "group0",
	"nodeName" : "2f993327933ad58672518b6d4f63920cbc68b80f78f4d81192552ee6362f5cc81ee13bdc678ad65f06e76444cadb53b33694cfb3fc7679b8000411975fedd28a"
}
info|2023-07-05 21:31:57.569423|[RPC][BLOCK][NUMBER][fromJson],group=group0,node=98a7f70ec883a722219d92253cf073a72605f4087aa3443c8e4aadc0af2dc3ac647d0fa1b5ac99cd6987abafe6d690ae71cd5fd2aeeabe7589bfb4748aabdfba,blockNumber=534
info|2023-07-05 21:31:57.569453|[RPCWS][SERVICE][onRecvBlockNotifier]receive block number notifier,group=group0,node=98a7f70ec883a722219d92253cf073a72605f4087aa3443c8e4aadc0af2dc3ac647d0fa1b5ac99cd6987abafe6d690ae71cd5fd2aeeabe7589bfb4748aabdfba,blockNumber=534
info|2023-07-05 21:31:57.569461|[WS]receive block notify,endpoint=127.0.0.1:20200,blk={
	"blockNumber" : 534,
	"group" : "group0",
	"nodeName" : "98a7f70ec883a722219d92253cf073a72605f4087aa3443c8e4aadc0af2dc3ac647d0fa1b5ac99cd6987abafe6d690ae71cd5fd2aeeabe7589bfb4748aabdfba"
}
info|2023-07-05 21:31:57.637918|[EVENT][SUB][doLoop]event sub tasks report,working event sub count=0,suspend event sub count=0
info|2023-07-05 21:31:57.660039|[SDK][WS][SERVICE]connected nodes,count=2
info|2023-07-05 21:32:17.638163|[EVENT][SUB][doLoop]event sub tasks report,working event sub count=0,suspend event sub count=0
info|2023-07-05 21:32:17.660575|[SDK][WS][SERVICE]connected nodes,count=2
info|2023-07-05 21:32:37.638701|[EVENT][SUB][doLoop]event sub tasks report,working event sub count=0,suspend event sub count=0
info|2023-07-05 21:32:37.665958|[SDK][WS][SERVICE]connected nodes,count=2
info|2023-07-05 21:32:57.639475|[EVENT][SUB][doLoop]event sub tasks report,working event sub count=0,suspend event sub count=0
info|2023-07-05 21:32:57.667090|[SDK][WS][SERVICE]connected nodes,count=2
info|2023-07-05 21:33:17.643958|[EVENT][SUB][doLoop]event sub tasks report,working event sub count=0,suspend event sub count=0
info|2023-07-05 21:33:17.668176|[SDK][WS][SERVICE]connected nodes,count=2
info|2023-07-05 21:33:37.644162|[EVENT][SUB][doLoop]event sub tasks report,working event sub count=0,suspend event sub count=0
info|2023-07-05 21:33:37.668846|[SDK][WS][SERVICE]connected nodes,count=2
info|2023-07-05 21:33:57.644510|[EVENT][SUB][doLoop]event sub tasks report,working event sub count=0,suspend event sub count=0
info|2023-07-05 21:33:57.669668|[SDK][WS][SERVICE]connected nodes,count=2
info|2023-07-05 21:34:17.644882|[EVENT][SUB][doLoop]event sub tasks report,working event sub count=0,suspend event sub count=0
info|2023-07-05 21:34:17.680266|[SDK][WS][SERVICE]connected nodes,count=2
info|2023-07-05 21:34:37.645382|[EVENT][SUB][doLoop]event sub tasks report,working event sub count=0,suspend event sub count=0
info|2023-07-05 21:34:37.680643|[SDK][WS][SERVICE]connected nodes,count=2
info|2023-07-05 21:34:40.848746|[RPC][BLOCK][NUMBER][fromJson],group=group0,node=2f993327933ad58672518b6d4f63920cbc68b80f78f4d81192552ee6362f5cc81ee13bdc678ad65f06e76444cadb53b33694cfb3fc7679b8000411975fedd28a,blockNumber=535
info|2023-07-05 21:34:40.848795|[RPCWS][SERVICE][onRecvBlockNotifier]receive block number notifier,group=group0,node=2f993327933ad58672518b6d4f63920cbc68b80f78f4d81192552ee6362f5cc81ee13bdc678ad65f06e76444cadb53b33694cfb3fc7679b8000411975fedd28a,blockNumber=535
info|2023-07-05 21:34:40.848805|[RPCWS][SERVICE][updateGroupBlockNumber],groupID=group0,_blockNumber=535
info|2023-07-05 21:34:40.848811|[RPCWS][SERVICE][onRecvBlockNotifier]block notifier callback,group=group0,node=2f993327933ad58672518b6d4f63920cbc68b80f78f4d81192552ee6362f5cc81ee13bdc678ad65f06e76444cadb53b33694cfb3fc7679b8000411975fedd28a,blockNumber=535
info|2023-07-05 21:34:40.848816|[WS]receive block notify,endpoint=127.0.0.1:20201,blk={
	"blockNumber" : 535,
	"group" : "group0",
	"nodeName" : "2f993327933ad58672518b6d4f63920cbc68b80f78f4d81192552ee6362f5cc81ee13bdc678ad65f06e76444cadb53b33694cfb3fc7679b8000411975fedd28a"
}
info|2023-07-05 21:34:40.853859|[RPC][BLOCK][NUMBER][fromJson],group=group0,node=98a7f70ec883a722219d92253cf073a72605f4087aa3443c8e4aadc0af2dc3ac647d0fa1b5ac99cd6987abafe6d690ae71cd5fd2aeeabe7589bfb4748aabdfba,blockNumber=535
info|2023-07-05 21:34:40.853888|[RPCWS][SERVICE][onRecvBlockNotifier]receive block number notifier,group=group0,node=98a7f70ec883a722219d92253cf073a72605f4087aa3443c8e4aadc0af2dc3ac647d0fa1b5ac99cd6987abafe6d690ae71cd5fd2aeeabe7589bfb4748aabdfba,blockNumber=535
info|2023-07-05 21:34:40.853897|[WS]receive block notify,endpoint=127.0.0.1:20200,blk={
	"blockNumber" : 535,
	"group" : "group0",
	"nodeName" : "98a7f70ec883a722219d92253cf073a72605f4087aa3443c8e4aadc0af2dc3ac647d0fa1b5ac99cd6987abafe6d690ae71cd5fd2aeeabe7589bfb4748aabdfba"
}
info|2023-07-05 21:34:41.214039|[RPC][BLOCK][NUMBER][fromJson],group=group0,node=2f993327933ad58672518b6d4f63920cbc68b80f78f4d81192552ee6362f5cc81ee13bdc678ad65f06e76444cadb53b33694cfb3fc7679b8000411975fedd28a,blockNumber=536
info|2023-07-05 21:34:41.214059|[RPCWS][SERVICE][onRecvBlockNotifier]receive block number notifier,group=group0,node=2f993327933ad58672518b6d4f63920cbc68b80f78f4d81192552ee6362f5cc81ee13bdc678ad65f06e76444cadb53b33694cfb3fc7679b8000411975fedd28a,blockNumber=536
info|2023-07-05 21:34:41.214065|[RPCWS][SERVICE][updateGroupBlockNumber],groupID=group0,_blockNumber=536
info|2023-07-05 21:34:41.214070|[RPCWS][SERVICE][onRecvBlockNotifier]block notifier callback,group=group0,node=2f993327933ad58672518b6d4f63920cbc68b80f78f4d81192552ee6362f5cc81ee13bdc678ad65f06e76444cadb53b33694cfb3fc7679b8000411975fedd28a,blockNumber=536
info|2023-07-05 21:34:41.214074|[WS]receive block notify,endpoint=127.0.0.1:20201,blk={
	"blockNumber" : 536,
	"group" : "group0",
	"nodeName" : "2f993327933ad58672518b6d4f63920cbc68b80f78f4d81192552ee6362f5cc81ee13bdc678ad65f06e76444cadb53b33694cfb3fc7679b8000411975fedd28a"
}
info|2023-07-05 21:34:41.248907|[RPC][BLOCK][NUMBER][fromJson],group=group0,node=98a7f70ec883a722219d92253cf073a72605f4087aa3443c8e4aadc0af2dc3ac647d0fa1b5ac99cd6987abafe6d690ae71cd5fd2aeeabe7589bfb4748aabdfba,blockNumber=536
info|2023-07-05 21:34:41.248951|[RPCWS][SERVICE][onRecvBlockNotifier]receive block number notifier,group=group0,node=98a7f70ec883a722219d92253cf073a72605f4087aa3443c8e4aadc0af2dc3ac647d0fa1b5ac99cd6987abafe6d690ae71cd5fd2aeeabe7589bfb4748aabdfba,blockNumber=536
info|2023-07-05 21:34:41.248965|[WS]receive block notify,endpoint=127.0.0.1:20200,blk={
	"blockNumber" : 536,
	"group" : "group0",
	"nodeName" : "98a7f70ec883a722219d92253cf073a72605f4087aa3443c8e4aadc0af2dc3ac647d0fa1b5ac99cd6987abafe6d690ae71cd5fd2aeeabe7589bfb4748aabdfba"
}
info|2023-07-05 21:34:41.883077|[RPC][BLOCK][NUMBER][fromJson],group=group0,node=2f993327933ad58672518b6d4f63920cbc68b80f78f4d81192552ee6362f5cc81ee13bdc678ad65f06e76444cadb53b33694cfb3fc7679b8000411975fedd28a,blockNumber=537
info|2023-07-05 21:34:41.883107|[RPCWS][SERVICE][onRecvBlockNotifier]receive block number notifier,group=group0,node=2f993327933ad58672518b6d4f63920cbc68b80f78f4d81192552ee6362f5cc81ee13bdc678ad65f06e76444cadb53b33694cfb3fc7679b8000411975fedd28a,blockNumber=537
info|2023-07-05 21:34:41.883116|[RPCWS][SERVICE][updateGroupBlockNumber],groupID=group0,_blockNumber=537
info|2023-07-05 21:34:41.883122|[RPCWS][SERVICE][onRecvBlockNotifier]block notifier callback,group=group0,node=2f993327933ad58672518b6d4f63920cbc68b80f78f4d81192552ee6362f5cc81ee13bdc678ad65f06e76444cadb53b33694cfb3fc7679b8000411975fedd28a,blockNumber=537
info|2023-07-05 21:34:41.883128|[WS]receive block notify,endpoint=127.0.0.1:20201,blk={
	"blockNumber" : 537,
	"group" : "group0",
	"nodeName" : "2f993327933ad58672518b6d4f63920cbc68b80f78f4d81192552ee6362f5cc81ee13bdc678ad65f06e76444cadb53b33694cfb3fc7679b8000411975fedd28a"
}
info|2023-07-05 21:34:41.899096|[RPC][BLOCK][NUMBER][fromJson],group=group0,node=98a7f70ec883a722219d92253cf073a72605f4087aa3443c8e4aadc0af2dc3ac647d0fa1b5ac99cd6987abafe6d690ae71cd5fd2aeeabe7589bfb4748aabdfba,blockNumber=537
info|2023-07-05 21:34:41.899124|[RPCWS][SERVICE][onRecvBlockNotifier]receive block number notifier,group=group0,node=98a7f70ec883a722219d92253cf073a72605f4087aa3443c8e4aadc0af2dc3ac647d0fa1b5ac99cd6987abafe6d690ae71cd5fd2aeeabe7589bfb4748aabdfba,blockNumber=537
info|2023-07-05 21:34:41.899132|[WS]receive block notify,endpoint=127.0.0.1:20200,blk={
	"blockNumber" : 537,
	"group" : "group0",
	"nodeName" : "98a7f70ec883a722219d92253cf073a72605f4087aa3443c8e4aadc0af2dc3ac647d0fa1b5ac99cd6987abafe6d690ae71cd5fd2aeeabe7589bfb4748aabdfba"
}
info|2023-07-05 21:34:42.473400|[RPC][BLOCK][NUMBER][fromJson],group=group0,node=98a7f70ec883a722219d92253cf073a72605f4087aa3443c8e4aadc0af2dc3ac647d0fa1b5ac99cd6987abafe6d690ae71cd5fd2aeeabe7589bfb4748aabdfba,blockNumber=538
info|2023-07-05 21:34:42.473467|[RPCWS][SERVICE][onRecvBlockNotifier]receive block number notifier,group=group0,node=98a7f70ec883a722219d92253cf073a72605f4087aa3443c8e4aadc0af2dc3ac647d0fa1b5ac99cd6987abafe6d690ae71cd5fd2aeeabe7589bfb4748aabdfba,blockNumber=538
info|2023-07-05 21:34:42.473483|[RPCWS][SERVICE][updateGroupBlockNumber],groupID=group0,_blockNumber=538
info|2023-07-05 21:34:42.473496|[RPCWS][SERVICE][onRecvBlockNotifier]block notifier callback,group=group0,node=98a7f70ec883a722219d92253cf073a72605f4087aa3443c8e4aadc0af2dc3ac647d0fa1b5ac99cd6987abafe6d690ae71cd5fd2aeeabe7589bfb4748aabdfba,blockNumber=538
info|2023-07-05 21:34:42.473509|[WS]receive block notify,endpoint=127.0.0.1:20200,blk={
	"blockNumber" : 538,
	"group" : "group0",
	"nodeName" : "98a7f70ec883a722219d92253cf073a72605f4087aa3443c8e4aadc0af2dc3ac647d0fa1b5ac99cd6987abafe6d690ae71cd5fd2aeeabe7589bfb4748aabdfba"
}
info|2023-07-05 21:34:42.499123|[RPC][BLOCK][NUMBER][fromJson],group=group0,node=2f993327933ad58672518b6d4f63920cbc68b80f78f4d81192552ee6362f5cc81ee13bdc678ad65f06e76444cadb53b33694cfb3fc7679b8000411975fedd28a,blockNumber=538
info|2023-07-05 21:34:42.499163|[RPCWS][SERVICE][onRecvBlockNotifier]receive block number notifier,group=group0,node=2f993327933ad58672518b6d4f63920cbc68b80f78f4d81192552ee6362f5cc81ee13bdc678ad65f06e76444cadb53b33694cfb3fc7679b8000411975fedd28a,blockNumber=538
info|2023-07-05 21:34:42.499176|[WS]receive block notify,endpoint=127.0.0.1:20201,blk={
	"blockNumber" : 538,
	"group" : "group0",
	"nodeName" : "2f993327933ad58672518b6d4f63920cbc68b80f78f4d81192552ee6362f5cc81ee13bdc678ad65f06e76444cadb53b33694cfb3fc7679b8000411975fedd28a"
}
info|2023-07-05 21:34:43.158997|[RPC][BLOCK][NUMBER][fromJson],group=group0,node=98a7f70ec883a722219d92253cf073a72605f4087aa3443c8e4aadc0af2dc3ac647d0fa1b5ac99cd6987abafe6d690ae71cd5fd2aeeabe7589bfb4748aabdfba,blockNumber=539
info|2023-07-05 21:34:43.159023|[RPCWS][SERVICE][onRecvBlockNotifier]receive block number notifier,group=group0,node=98a7f70ec883a722219d92253cf073a72605f4087aa3443c8e4aadc0af2dc3ac647d0fa1b5ac99cd6987abafe6d690ae71cd5fd2aeeabe7589bfb4748aabdfba,blockNumber=539
info|2023-07-05 21:34:43.159030|[RPCWS][SERVICE][updateGroupBlockNumber],groupID=group0,_blockNumber=539
info|2023-07-05 21:34:43.159037|[RPCWS][SERVICE][onRecvBlockNotifier]block notifier callback,group=group0,node=98a7f70ec883a722219d92253cf073a72605f4087aa3443c8e4aadc0af2dc3ac647d0fa1b5ac99cd6987abafe6d690ae71cd5fd2aeeabe7589bfb4748aabdfba,blockNumber=539
info|2023-07-05 21:34:43.159043|[WS]receive block notify,endpoint=127.0.0.1:20200,blk={
	"blockNumber" : 539,
	"group" : "group0",
	"nodeName" : "98a7f70ec883a722219d92253cf073a72605f4087aa3443c8e4aadc0af2dc3ac647d0fa1b5ac99cd6987abafe6d690ae71cd5fd2aeeabe7589bfb4748aabdfba"
}
info|2023-07-05 21:34:43.172037|[RPC][BLOCK][NUMBER][fromJson],group=group0,node=2f993327933ad58672518b6d4f63920cbc68b80f78f4d81192552ee6362f5cc81ee13bdc678ad65f06e76444cadb53b33694cfb3fc7679b8000411975fedd28a,blockNumber=539
info|2023-07-05 21:34:43.172064|[RPCWS][SERVICE][onRecvBlockNotifier]receive block number notifier,group=group0,node=2f993327933ad58672518b6d4f63920cbc68b80f78f4d81192552ee6362f5cc81ee13bdc678ad65f06e76444cadb53b33694cfb3fc7679b8000411975fedd28a,blockNumber=539
info|2023-07-05 21:34:43.172072|[WS]receive block notify,endpoint=127.0.0.1:20201,blk={
	"blockNumber" : 539,
	"group" : "group0",
	"nodeName" : "2f993327933ad58672518b6d4f63920cbc68b80f78f4d81192552ee6362f5cc81ee13bdc678ad65f06e76444cadb53b33694cfb3fc7679b8000411975fedd28a"
}
info|2023-07-05 21:34:43.831799|[RPC][BLOCK][NUMBER][fromJson],group=group0,node=2f993327933ad58672518b6d4f63920cbc68b80f78f4d81192552ee6362f5cc81ee13bdc678ad65f06e76444cadb53b33694cfb3fc7679b8000411975fedd28a,blockNumber=540
info|2023-07-05 21:34:43.831855|[RPCWS][SERVICE][onRecvBlockNotifier]receive block number notifier,group=group0,node=2f993327933ad58672518b6d4f63920cbc68b80f78f4d81192552ee6362f5cc81ee13bdc678ad65f06e76444cadb53b33694cfb3fc7679b8000411975fedd28a,blockNumber=540
info|2023-07-05 21:34:43.831873|[RPCWS][SERVICE][updateGroupBlockNumber],groupID=group0,_blockNumber=540
info|2023-07-05 21:34:43.831886|[RPCWS][SERVICE][onRecvBlockNotifier]block notifier callback,group=group0,node=2f993327933ad58672518b6d4f63920cbc68b80f78f4d81192552ee6362f5cc81ee13bdc678ad65f06e76444cadb53b33694cfb3fc7679b8000411975fedd28a,blockNumber=540
info|2023-07-05 21:34:43.831898|[WS]receive block notify,endpoint=127.0.0.1:20201,blk={
	"blockNumber" : 540,
	"group" : "group0",
	"nodeName" : "2f993327933ad58672518b6d4f63920cbc68b80f78f4d81192552ee6362f5cc81ee13bdc678ad65f06e76444cadb53b33694cfb3fc7679b8000411975fedd28a"
}
info|2023-07-05 21:34:43.846223|[RPC][BLOCK][NUMBER][fromJson],group=group0,node=98a7f70ec883a722219d92253cf073a72605f4087aa3443c8e4aadc0af2dc3ac647d0fa1b5ac99cd6987abafe6d690ae71cd5fd2aeeabe7589bfb4748aabdfba,blockNumber=540
info|2023-07-05 21:34:43.846266|[RPCWS][SERVICE][onRecvBlockNotifier]receive block number notifier,group=group0,node=98a7f70ec883a722219d92253cf073a72605f4087aa3443c8e4aadc0af2dc3ac647d0fa1b5ac99cd6987abafe6d690ae71cd5fd2aeeabe7589bfb4748aabdfba,blockNumber=540
info|2023-07-05 21:34:43.846281|[WS]receive block notify,endpoint=127.0.0.1:20200,blk={
	"blockNumber" : 540,
	"group" : "group0",
	"nodeName" : "98a7f70ec883a722219d92253cf073a72605f4087aa3443c8e4aadc0af2dc3ac647d0fa1b5ac99cd6987abafe6d690ae71cd5fd2aeeabe7589bfb4748aabdfba"
}
info|2023-07-05 21:34:44.354794|[RPC][BLOCK][NUMBER][fromJson],group=group0,node=98a7f70ec883a722219d92253cf073a72605f4087aa3443c8e4aadc0af2dc3ac647d0fa1b5ac99cd6987abafe6d690ae71cd5fd2aeeabe7589bfb4748aabdfba,blockNumber=541
info|2023-07-05 21:34:44.354823|[RPCWS][SERVICE][onRecvBlockNotifier]receive block number notifier,group=group0,node=98a7f70ec883a722219d92253cf073a72605f4087aa3443c8e4aadc0af2dc3ac647d0fa1b5ac99cd6987abafe6d690ae71cd5fd2aeeabe7589bfb4748aabdfba,blockNumber=541
info|2023-07-05 21:34:44.354861|[RPCWS][SERVICE][updateGroupBlockNumber],groupID=group0,_blockNumber=541
info|2023-07-05 21:34:44.354867|[RPCWS][SERVICE][onRecvBlockNotifier]block notifier callback,group=group0,node=98a7f70ec883a722219d92253cf073a72605f4087aa3443c8e4aadc0af2dc3ac647d0fa1b5ac99cd6987abafe6d690ae71cd5fd2aeeabe7589bfb4748aabdfba,blockNumber=541
info|2023-07-05 21:34:44.354871|[WS]receive block notify,endpoint=127.0.0.1:20200,blk={
	"blockNumber" : 541,
	"group" : "group0",
	"nodeName" : "98a7f70ec883a722219d92253cf073a72605f4087aa3443c8e4aadc0af2dc3ac647d0fa1b5ac99cd6987abafe6d690ae71cd5fd2aeeabe7589bfb4748aabdfba"
}
info|2023-07-05 21:34:44.359245|[RPC][BLOCK][NUMBER][fromJson],group=group0,node=2f993327933ad58672518b6d4f63920cbc68b80f78f4d81192552ee6362f5cc81ee13bdc678ad65f06e76444cadb53b33694cfb3fc7679b8000411975fedd28a,blockNumber=541
info|2023-07-05 21:34:44.359268|[RPCWS][SERVICE][onRecvBlockNotifier]receive block number notifier,group=group0,node=2f993327933ad58672518b6d4f63920cbc68b80f78f4d81192552ee6362f5cc81ee13bdc678ad65f06e76444cadb53b33694cfb3fc7679b8000411975fedd28a,blockNumber=541
info|2023-07-05 21:34:44.359275|[WS]receive block notify,endpoint=127.0.0.1:20201,blk={
	"blockNumber" : 541,
	"group" : "group0",
	"nodeName" : "2f993327933ad58672518b6d4f63920cbc68b80f78f4d81192552ee6362f5cc81ee13bdc678ad65f06e76444cadb53b33694cfb3fc7679b8000411975fedd28a"
}
info|2023-07-05 21:34:44.934351|[RPC][BLOCK][NUMBER][fromJson],group=group0,node=2f993327933ad58672518b6d4f63920cbc68b80f78f4d81192552ee6362f5cc81ee13bdc678ad65f06e76444cadb53b33694cfb3fc7679b8000411975fedd28a,blockNumber=542
info|2023-07-05 21:34:44.934380|[RPCWS][SERVICE][onRecvBlockNotifier]receive block number notifier,group=group0,node=2f993327933ad58672518b6d4f63920cbc68b80f78f4d81192552ee6362f5cc81ee13bdc678ad65f06e76444cadb53b33694cfb3fc7679b8000411975fedd28a,blockNumber=542
info|2023-07-05 21:34:44.934388|[RPCWS][SERVICE][updateGroupBlockNumber],groupID=group0,_blockNumber=542
info|2023-07-05 21:34:44.934394|[RPCWS][SERVICE][onRecvBlockNotifier]block notifier callback,group=group0,node=2f993327933ad58672518b6d4f63920cbc68b80f78f4d81192552ee6362f5cc81ee13bdc678ad65f06e76444cadb53b33694cfb3fc7679b8000411975fedd28a,blockNumber=542
info|2023-07-05 21:34:44.934400|[WS]receive block notify,endpoint=127.0.0.1:20201,blk={
	"blockNumber" : 542,
	"group" : "group0",
	"nodeName" : "2f993327933ad58672518b6d4f63920cbc68b80f78f4d81192552ee6362f5cc81ee13bdc678ad65f06e76444cadb53b33694cfb3fc7679b8000411975fedd28a"
}
info|2023-07-05 21:34:44.943484|[RPC][BLOCK][NUMBER][fromJson],group=group0,node=98a7f70ec883a722219d92253cf073a72605f4087aa3443c8e4aadc0af2dc3ac647d0fa1b5ac99cd6987abafe6d690ae71cd5fd2aeeabe7589bfb4748aabdfba,blockNumber=542
info|2023-07-05 21:34:44.943508|[RPCWS][SERVICE][onRecvBlockNotifier]receive block number notifier,group=group0,node=98a7f70ec883a722219d92253cf073a72605f4087aa3443c8e4aadc0af2dc3ac647d0fa1b5ac99cd6987abafe6d690ae71cd5fd2aeeabe7589bfb4748aabdfba,blockNumber=542
info|2023-07-05 21:34:44.943516|[WS]receive block notify,endpoint=127.0.0.1:20200,blk={
	"blockNumber" : 542,
	"group" : "group0",
	"nodeName" : "98a7f70ec883a722219d92253cf073a72605f4087aa3443c8e4aadc0af2dc3ac647d0fa1b5ac99cd6987abafe6d690ae71cd5fd2aeeabe7589bfb4748aabdfba"
}
info|2023-07-05 21:34:57.645892|[EVENT][SUB][doLoop]event sub tasks report,working event sub count=0,suspend event sub count=0
info|2023-07-05 21:34:57.680881|[SDK][WS][SERVICE]connected nodes,count=2
info|2023-07-05 21:35:17.646307|[EVENT][SUB][doLoop]event sub tasks report,working event sub count=0,suspend event sub count=0
info|2023-07-05 21:35:17.681631|[SDK][WS][SERVICE]connected nodes,count=2
info|2023-07-05 21:35:37.646821|[EVENT][SUB][doLoop]event sub tasks report,working event sub count=0,suspend event sub count=0
info|2023-07-05 21:35:37.681884|[SDK][WS][SERVICE]connected nodes,count=2
