info|2023-07-07 21:00:05.623400|[SDK][WS][SERVICE]connected nodes,count=2
info|2023-07-07 21:00:05.951347|[EVENT][SUB][doLoop]event sub tasks report,working event sub count=0,suspend event sub count=0
info|2023-07-07 21:00:25.625876|[SDK][WS][SERVICE]connected nodes,count=2
info|2023-07-07 21:00:25.951637|[EVENT][SUB][doLoop]event sub tasks report,working event sub count=0,suspend event sub count=0
info|2023-07-07 21:00:45.626051|[SDK][WS][SERVICE]connected nodes,count=2
info|2023-07-07 21:00:45.951882|[EVENT][SUB][doLoop]event sub tasks report,working event sub count=0,suspend event sub count=0
info|2023-07-07 21:01:05.626363|[SDK][WS][SERVICE]connected nodes,count=2
info|2023-07-07 21:01:05.952176|[EVENT][SUB][doLoop]event sub tasks report,working event sub count=0,suspend event sub count=0
info|2023-07-07 21:01:25.626660|[SDK][WS][SERVICE]connected nodes,count=2
info|2023-07-07 21:01:25.952551|[EVENT][SUB][doLoop]event sub tasks report,working event sub count=0,suspend event sub count=0
info|2023-07-07 21:01:45.626872|[SDK][WS][SERVICE]connected nodes,count=2
info|2023-07-07 21:01:45.952641|[EVENT][SUB][doLoop]event sub tasks report,working event sub count=0,suspend event sub count=0
info|2023-07-07 21:02:05.627113|[SDK][WS][SERVICE]connected nodes,count=2
info|2023-07-07 21:02:05.952803|[EVENT][SUB][doLoop]event sub tasks report,working event sub count=0,suspend event sub count=0
info|2023-07-07 21:02:25.627671|[SDK][WS][SERVICE]connected nodes,count=2
info|2023-07-07 21:02:25.953494|[EVENT][SUB][doLoop]event sub tasks report,working event sub count=0,suspend event sub count=0
info|2023-07-07 21:02:45.627847|[SDK][WS][SERVICE]connected nodes,count=2
info|2023-07-07 21:02:45.954678|[EVENT][SUB][doLoop]event sub tasks report,working event sub count=0,suspend event sub count=0
info|2023-07-07 21:03:05.628006|[SDK][WS][SERVICE]connected nodes,count=2
info|2023-07-07 21:03:05.954966|[EVENT][SUB][doLoop]event sub tasks report,working event sub count=0,suspend event sub count=0
info|2023-07-07 21:03:25.629069|[SDK][WS][SERVICE]connected nodes,count=2
info|2023-07-07 21:03:25.956013|[EVENT][SUB][doLoop]event sub tasks report,working event sub count=0,suspend event sub count=0
info|2023-07-07 21:03:45.629306|[SDK][WS][SERVICE]connected nodes,count=2
info|2023-07-07 21:03:45.956402|[EVENT][SUB][doLoop]event sub tasks report,working event sub count=0,suspend event sub count=0
info|2023-07-07 21:04:05.629689|[SDK][WS][SERVICE]connected nodes,count=2
info|2023-07-07 21:04:05.956474|[EVENT][SUB][doLoop]event sub tasks report,working event sub count=0,suspend event sub count=0
info|2023-07-07 21:04:25.630159|[SDK][WS][SERVICE]connected nodes,count=2
info|2023-07-07 21:04:25.956765|[EVENT][SUB][doLoop]event sub tasks report,working event sub count=0,suspend event sub count=0
info|2023-07-07 21:04:45.630315|[SDK][WS][SERVICE]connected nodes,count=2
info|2023-07-07 21:04:45.957300|[EVENT][SUB][doLoop]event sub tasks report,working event sub count=0,suspend event sub count=0
info|2023-07-07 21:05:05.630845|[SDK][WS][SERVICE]connected nodes,count=2
info|2023-07-07 21:05:05.957391|[EVENT][SUB][doLoop]event sub tasks report,working event sub count=0,suspend event sub count=0
info|2023-07-07 21:05:25.631602|[SDK][WS][SERVICE]connected nodes,count=2
info|2023-07-07 21:05:25.957673|[EVENT][SUB][doLoop]event sub tasks report,working event sub count=0,suspend event sub count=0
info|2023-07-07 21:05:45.631928|[SDK][WS][SERVICE]connected nodes,count=2
info|2023-07-07 21:05:45.957976|[EVENT][SUB][doLoop]event sub tasks report,working event sub count=0,suspend event sub count=0
info|2023-07-07 21:06:05.632217|[SDK][WS][SERVICE]connected nodes,count=2
info|2023-07-07 21:06:05.958204|[EVENT][SUB][doLoop]event sub tasks report,working event sub count=0,suspend event sub count=0
info|2023-07-07 21:06:25.632781|[SDK][WS][SERVICE]connected nodes,count=2
info|2023-07-07 21:06:25.958296|[EVENT][SUB][doLoop]event sub tasks report,working event sub count=0,suspend event sub count=0
info|2023-07-07 21:06:45.633094|[SDK][WS][SERVICE]connected nodes,count=2
info|2023-07-07 21:06:45.958356|[EVENT][SUB][doLoop]event sub tasks report,working event sub count=0,suspend event sub count=0
info|2023-07-07 21:07:05.633688|[SDK][WS][SERVICE]connected nodes,count=2
info|2023-07-07 21:07:05.958809|[EVENT][SUB][doLoop]event sub tasks report,working event sub count=0,suspend event sub count=0
info|2023-07-07 21:07:25.633777|[SDK][WS][SERVICE]connected nodes,count=2
info|2023-07-07 21:07:25.958930|[EVENT][SUB][doLoop]event sub tasks report,working event sub count=0,suspend event sub count=0
info|2023-07-07 21:07:45.634093|[SDK][WS][SERVICE]connected nodes,count=2
info|2023-07-07 21:07:45.959739|[EVENT][SUB][doLoop]event sub tasks report,working event sub count=0,suspend event sub count=0
info|2023-07-07 21:08:05.634251|[SDK][WS][SERVICE]connected nodes,count=2
info|2023-07-07 21:08:05.959796|[EVENT][SUB][doLoop]event sub tasks report,working event sub count=0,suspend event sub count=0
info|2023-07-07 21:08:25.634477|[SDK][WS][SERVICE]connected nodes,count=2
info|2023-07-07 21:08:25.960150|[EVENT][SUB][doLoop]event sub tasks report,working event sub count=0,suspend event sub count=0
info|2023-07-07 21:08:45.634577|[SDK][WS][SERVICE]connected nodes,count=2
info|2023-07-07 21:08:45.960755|[EVENT][SUB][doLoop]event sub tasks report,working event sub count=0,suspend event sub count=0
info|2023-07-07 21:09:05.634715|[SDK][WS][SERVICE]connected nodes,count=2
info|2023-07-07 21:09:05.960957|[EVENT][SUB][doLoop]event sub tasks report,working event sub count=0,suspend event sub count=0
info|2023-07-07 21:09:25.635292|[SDK][WS][SERVICE]connected nodes,count=2
info|2023-07-07 21:09:25.961576|[EVENT][SUB][doLoop]event sub tasks report,working event sub count=0,suspend event sub count=0
info|2023-07-07 21:09:45.635689|[SDK][WS][SERVICE]connected nodes,count=2
info|2023-07-07 21:09:45.961682|[EVENT][SUB][doLoop]event sub tasks report,working event sub count=0,suspend event sub count=0
info|2023-07-07 21:10:05.636497|[SDK][WS][SERVICE]connected nodes,count=2
info|2023-07-07 21:10:05.961766|[EVENT][SUB][doLoop]event sub tasks report,working event sub count=0,suspend event sub count=0
info|2023-07-07 21:10:25.637306|[SDK][WS][SERVICE]connected nodes,count=2
info|2023-07-07 21:10:25.962370|[EVENT][SUB][doLoop]event sub tasks report,working event sub count=0,suspend event sub count=0
info|2023-07-07 21:10:45.638014|[SDK][WS][SERVICE]connected nodes,count=2
info|2023-07-07 21:10:45.962512|[EVENT][SUB][doLoop]event sub tasks report,working event sub count=0,suspend event sub count=0
info|2023-07-07 21:11:05.638237|[SDK][WS][SERVICE]connected nodes,count=2
info|2023-07-07 21:11:05.962769|[EVENT][SUB][doLoop]event sub tasks report,working event sub count=0,suspend event sub count=0
info|2023-07-07 21:11:25.638621|[SDK][WS][SERVICE]connected nodes,count=2
info|2023-07-07 21:11:25.963393|[EVENT][SUB][doLoop]event sub tasks report,working event sub count=0,suspend event sub count=0
info|2023-07-07 21:11:45.639251|[SDK][WS][SERVICE]connected nodes,count=2
info|2023-07-07 21:11:45.963875|[EVENT][SUB][doLoop]event sub tasks report,working event sub count=0,suspend event sub count=0
info|2023-07-07 21:12:05.639764|[SDK][WS][SERVICE]connected nodes,count=2
info|2023-07-07 21:12:05.964010|[EVENT][SUB][doLoop]event sub tasks report,working event sub count=0,suspend event sub count=0
info|2023-07-07 21:12:25.640305|[SDK][WS][SERVICE]connected nodes,count=2
info|2023-07-07 21:12:25.964490|[EVENT][SUB][doLoop]event sub tasks report,working event sub count=0,suspend event sub count=0
info|2023-07-07 21:12:45.640505|[SDK][WS][SERVICE]connected nodes,count=2
info|2023-07-07 21:12:45.964910|[EVENT][SUB][doLoop]event sub tasks report,working event sub count=0,suspend event sub count=0
info|2023-07-07 21:13:05.640615|[SDK][WS][SERVICE]connected nodes,count=2
info|2023-07-07 21:13:05.965612|[EVENT][SUB][doLoop]event sub tasks report,working event sub count=0,suspend event sub count=0
info|2023-07-07 21:13:25.641214|[SDK][WS][SERVICE]connected nodes,count=2
info|2023-07-07 21:13:25.966419|[EVENT][SUB][doLoop]event sub tasks report,working event sub count=0,suspend event sub count=0
info|2023-07-07 21:13:45.641474|[SDK][WS][SERVICE]connected nodes,count=2
info|2023-07-07 21:13:45.967002|[EVENT][SUB][doLoop]event sub tasks report,working event sub count=0,suspend event sub count=0
info|2023-07-07 21:14:05.641987|[SDK][WS][SERVICE]connected nodes,count=2
info|2023-07-07 21:14:05.967439|[EVENT][SUB][doLoop]event sub tasks report,working event sub count=0,suspend event sub count=0
info|2023-07-07 21:14:25.642290|[SDK][WS][SERVICE]connected nodes,count=2
info|2023-07-07 21:14:25.967730|[EVENT][SUB][doLoop]event sub tasks report,working event sub count=0,suspend event sub count=0
info|2023-07-07 21:14:45.642473|[SDK][WS][SERVICE]connected nodes,count=2
info|2023-07-07 21:14:45.967965|[EVENT][SUB][doLoop]event sub tasks report,working event sub count=0,suspend event sub count=0
info|2023-07-07 21:15:05.642888|[SDK][WS][SERVICE]connected nodes,count=2
info|2023-07-07 21:15:05.968135|[EVENT][SUB][doLoop]event sub tasks report,working event sub count=0,suspend event sub count=0
info|2023-07-07 21:15:25.643309|[SDK][WS][SERVICE]connected nodes,count=2
info|2023-07-07 21:15:25.968284|[EVENT][SUB][doLoop]event sub tasks report,working event sub count=0,suspend event sub count=0
info|2023-07-07 21:15:45.643988|[SDK][WS][SERVICE]connected nodes,count=2
info|2023-07-07 21:15:45.968353|[EVENT][SUB][doLoop]event sub tasks report,working event sub count=0,suspend event sub count=0
info|2023-07-07 21:16:05.644223|[SDK][WS][SERVICE]connected nodes,count=2
info|2023-07-07 21:16:05.969080|[EVENT][SUB][doLoop]event sub tasks report,working event sub count=0,suspend event sub count=0
info|2023-07-07 21:16:25.644583|[SDK][WS][SERVICE]connected nodes,count=2
info|2023-07-07 21:16:25.969332|[EVENT][SUB][doLoop]event sub tasks report,working event sub count=0,suspend event sub count=0
info|2023-07-07 21:16:45.644887|[SDK][WS][SERVICE]connected nodes,count=2
info|2023-07-07 21:16:45.970375|[EVENT][SUB][doLoop]event sub tasks report,working event sub count=0,suspend event sub count=0
info|2023-07-07 21:17:05.645007|[SDK][WS][SERVICE]connected nodes,count=2
info|2023-07-07 21:17:05.970547|[EVENT][SUB][doLoop]event sub tasks report,working event sub count=0,suspend event sub count=0
info|2023-07-07 21:17:25.645361|[SDK][WS][SERVICE]connected nodes,count=2
info|2023-07-07 21:17:25.970884|[EVENT][SUB][doLoop]event sub tasks report,working event sub count=0,suspend event sub count=0
info|2023-07-07 21:17:45.645869|[SDK][WS][SERVICE]connected nodes,count=2
info|2023-07-07 21:17:45.971054|[EVENT][SUB][doLoop]event sub tasks report,working event sub count=0,suspend event sub count=0
info|2023-07-07 21:18:05.646077|[SDK][WS][SERVICE]connected nodes,count=2
info|2023-07-07 21:18:05.971238|[EVENT][SUB][doLoop]event sub tasks report,working event sub count=0,suspend event sub count=0
info|2023-07-07 21:18:25.646849|[SDK][WS][SERVICE]connected nodes,count=2
info|2023-07-07 21:18:25.971599|[EVENT][SUB][doLoop]event sub tasks report,working event sub count=0,suspend event sub count=0
info|2023-07-07 21:18:45.647194|[SDK][WS][SERVICE]connected nodes,count=2
info|2023-07-07 21:18:45.972266|[EVENT][SUB][doLoop]event sub tasks report,working event sub count=0,suspend event sub count=0
info|2023-07-07 21:19:05.647532|[SDK][WS][SERVICE]connected nodes,count=2
info|2023-07-07 21:19:05.972728|[EVENT][SUB][doLoop]event sub tasks report,working event sub count=0,suspend event sub count=0
info|2023-07-07 21:19:25.647912|[SDK][WS][SERVICE]connected nodes,count=2
info|2023-07-07 21:19:25.973190|[EVENT][SUB][doLoop]event sub tasks report,working event sub count=0,suspend event sub count=0
info|2023-07-07 21:19:45.648658|[SDK][WS][SERVICE]connected nodes,count=2
info|2023-07-07 21:19:45.973438|[EVENT][SUB][doLoop]event sub tasks report,working event sub count=0,suspend event sub count=0
info|2023-07-07 21:20:05.648789|[SDK][WS][SERVICE]connected nodes,count=2
info|2023-07-07 21:20:05.973737|[EVENT][SUB][doLoop]event sub tasks report,working event sub count=0,suspend event sub count=0
info|2023-07-07 21:20:25.649189|[SDK][WS][SERVICE]connected nodes,count=2
info|2023-07-07 21:20:25.974102|[EVENT][SUB][doLoop]event sub tasks report,working event sub count=0,suspend event sub count=0
info|2023-07-07 21:20:45.649330|[SDK][WS][SERVICE]connected nodes,count=2
info|2023-07-07 21:20:45.974814|[EVENT][SUB][doLoop]event sub tasks report,working event sub count=0,suspend event sub count=0
info|2023-07-07 21:21:05.649758|[SDK][WS][SERVICE]connected nodes,count=2
info|2023-07-07 21:21:05.975190|[EVENT][SUB][doLoop]event sub tasks report,working event sub count=0,suspend event sub count=0
info|2023-07-07 21:21:25.649982|[SDK][WS][SERVICE]connected nodes,count=2
info|2023-07-07 21:21:25.975452|[EVENT][SUB][doLoop]event sub tasks report,working event sub count=0,suspend event sub count=0
info|2023-07-07 21:21:45.650454|[SDK][WS][SERVICE]connected nodes,count=2
info|2023-07-07 21:21:45.975666|[EVENT][SUB][doLoop]event sub tasks report,working event sub count=0,suspend event sub count=0
info|2023-07-07 21:22:05.651001|[SDK][WS][SERVICE]connected nodes,count=2
info|2023-07-07 21:22:05.975971|[EVENT][SUB][doLoop]event sub tasks report,working event sub count=0,suspend event sub count=0
info|2023-07-07 21:22:25.651475|[SDK][WS][SERVICE]connected nodes,count=2
info|2023-07-07 21:22:25.976099|[EVENT][SUB][doLoop]event sub tasks report,working event sub count=0,suspend event sub count=0
info|2023-07-07 21:22:45.651741|[SDK][WS][SERVICE]connected nodes,count=2
info|2023-07-07 21:22:45.976747|[EVENT][SUB][doLoop]event sub tasks report,working event sub count=0,suspend event sub count=0
info|2023-07-07 21:23:05.652548|[SDK][WS][SERVICE]connected nodes,count=2
info|2023-07-07 21:23:05.977176|[EVENT][SUB][doLoop]event sub tasks report,working event sub count=0,suspend event sub count=0
info|2023-07-07 21:23:25.652657|[SDK][WS][SERVICE]connected nodes,count=2
info|2023-07-07 21:23:25.977263|[EVENT][SUB][doLoop]event sub tasks report,working event sub count=0,suspend event sub count=0
info|2023-07-07 21:23:45.653261|[SDK][WS][SERVICE]connected nodes,count=2
info|2023-07-07 21:23:45.977795|[EVENT][SUB][doLoop]event sub tasks report,working event sub count=0,suspend event sub count=0
info|2023-07-07 21:24:05.653438|[SDK][WS][SERVICE]connected nodes,count=2
info|2023-07-07 21:24:05.978202|[EVENT][SUB][doLoop]event sub tasks report,working event sub count=0,suspend event sub count=0
info|2023-07-07 21:24:25.654749|[SDK][WS][SERVICE]connected nodes,count=2
info|2023-07-07 21:24:25.979095|[EVENT][SUB][doLoop]event sub tasks report,working event sub count=0,suspend event sub count=0
info|2023-07-07 21:24:45.657506|[SDK][WS][SERVICE]connected nodes,count=2
info|2023-07-07 21:24:45.979622|[EVENT][SUB][doLoop]event sub tasks report,working event sub count=0,suspend event sub count=0
info|2023-07-07 21:25:05.658013|[SDK][WS][SERVICE]connected nodes,count=2
info|2023-07-07 21:25:05.980005|[EVENT][SUB][doLoop]event sub tasks report,working event sub count=0,suspend event sub count=0
info|2023-07-07 21:25:25.658288|[SDK][WS][SERVICE]connected nodes,count=2
info|2023-07-07 21:25:25.980346|[EVENT][SUB][doLoop]event sub tasks report,working event sub count=0,suspend event sub count=0
info|2023-07-07 21:25:45.658793|[SDK][WS][SERVICE]connected nodes,count=2
info|2023-07-07 21:25:45.980398|[EVENT][SUB][doLoop]event sub tasks report,working event sub count=0,suspend event sub count=0
info|2023-07-07 21:26:05.659200|[SDK][WS][SERVICE]connected nodes,count=2
info|2023-07-07 21:26:05.980538|[EVENT][SUB][doLoop]event sub tasks report,working event sub count=0,suspend event sub count=0
info|2023-07-07 21:26:25.659699|[SDK][WS][SERVICE]connected nodes,count=2
info|2023-07-07 21:26:25.981060|[EVENT][SUB][doLoop]event sub tasks report,working event sub count=0,suspend event sub count=0
info|2023-07-07 21:26:45.660432|[SDK][WS][SERVICE]connected nodes,count=2
info|2023-07-07 21:26:45.981324|[EVENT][SUB][doLoop]event sub tasks report,working event sub count=0,suspend event sub count=0
info|2023-07-07 21:27:05.661017|[SDK][WS][SERVICE]connected nodes,count=2
info|2023-07-07 21:27:05.981431|[EVENT][SUB][doLoop]event sub tasks report,working event sub count=0,suspend event sub count=0
info|2023-07-07 21:27:13.850872|[RPC][BLOCK][NUMBER][fromJson],group=group0,node=98a7f70ec883a722219d92253cf073a72605f4087aa3443c8e4aadc0af2dc3ac647d0fa1b5ac99cd6987abafe6d690ae71cd5fd2aeeabe7589bfb4748aabdfba,blockNumber=1519
info|2023-07-07 21:27:13.850928|[RPCWS][SERVICE][onRecvBlockNotifier]receive block number notifier,group=group0,node=98a7f70ec883a722219d92253cf073a72605f4087aa3443c8e4aadc0af2dc3ac647d0fa1b5ac99cd6987abafe6d690ae71cd5fd2aeeabe7589bfb4748aabdfba,blockNumber=1519
info|2023-07-07 21:27:13.850951|[RPCWS][SERVICE][updateGroupBlockNumber],groupID=group0,_blockNumber=1519
info|2023-07-07 21:27:13.850974|[RPCWS][SERVICE][onRecvBlockNotifier]block notifier callback,group=group0,node=98a7f70ec883a722219d92253cf073a72605f4087aa3443c8e4aadc0af2dc3ac647d0fa1b5ac99cd6987abafe6d690ae71cd5fd2aeeabe7589bfb4748aabdfba,blockNumber=1519
info|2023-07-07 21:27:13.850978|[WS]receive block notify,endpoint=127.0.0.1:20200,blk={
	"blockNumber" : 1519,
	"group" : "group0",
	"nodeName" : "98a7f70ec883a722219d92253cf073a72605f4087aa3443c8e4aadc0af2dc3ac647d0fa1b5ac99cd6987abafe6d690ae71cd5fd2aeeabe7589bfb4748aabdfba"
}
info|2023-07-07 21:27:13.967362|[RPC][BLOCK][NUMBER][fromJson],group=group0,node=2f993327933ad58672518b6d4f63920cbc68b80f78f4d81192552ee6362f5cc81ee13bdc678ad65f06e76444cadb53b33694cfb3fc7679b8000411975fedd28a,blockNumber=1519
info|2023-07-07 21:27:13.967382|[RPCWS][SERVICE][onRecvBlockNotifier]receive block number notifier,group=group0,node=2f993327933ad58672518b6d4f63920cbc68b80f78f4d81192552ee6362f5cc81ee13bdc678ad65f06e76444cadb53b33694cfb3fc7679b8000411975fedd28a,blockNumber=1519
info|2023-07-07 21:27:13.967389|[WS]receive block notify,endpoint=127.0.0.1:20201,blk={
	"blockNumber" : 1519,
	"group" : "group0",
	"nodeName" : "2f993327933ad58672518b6d4f63920cbc68b80f78f4d81192552ee6362f5cc81ee13bdc678ad65f06e76444cadb53b33694cfb3fc7679b8000411975fedd28a"
}
info|2023-07-07 21:27:14.429749|[RPC][BLOCK][NUMBER][fromJson],group=group0,node=98a7f70ec883a722219d92253cf073a72605f4087aa3443c8e4aadc0af2dc3ac647d0fa1b5ac99cd6987abafe6d690ae71cd5fd2aeeabe7589bfb4748aabdfba,blockNumber=1520
info|2023-07-07 21:27:14.429769|[RPCWS][SERVICE][onRecvBlockNotifier]receive block number notifier,group=group0,node=98a7f70ec883a722219d92253cf073a72605f4087aa3443c8e4aadc0af2dc3ac647d0fa1b5ac99cd6987abafe6d690ae71cd5fd2aeeabe7589bfb4748aabdfba,blockNumber=1520
info|2023-07-07 21:27:14.429775|[RPCWS][SERVICE][updateGroupBlockNumber],groupID=group0,_blockNumber=1520
info|2023-07-07 21:27:14.429780|[RPCWS][SERVICE][onRecvBlockNotifier]block notifier callback,group=group0,node=98a7f70ec883a722219d92253cf073a72605f4087aa3443c8e4aadc0af2dc3ac647d0fa1b5ac99cd6987abafe6d690ae71cd5fd2aeeabe7589bfb4748aabdfba,blockNumber=1520
info|2023-07-07 21:27:14.429783|[WS]receive block notify,endpoint=127.0.0.1:20200,blk={
	"blockNumber" : 1520,
	"group" : "group0",
	"nodeName" : "98a7f70ec883a722219d92253cf073a72605f4087aa3443c8e4aadc0af2dc3ac647d0fa1b5ac99cd6987abafe6d690ae71cd5fd2aeeabe7589bfb4748aabdfba"
}
info|2023-07-07 21:27:14.475969|[RPC][BLOCK][NUMBER][fromJson],group=group0,node=2f993327933ad58672518b6d4f63920cbc68b80f78f4d81192552ee6362f5cc81ee13bdc678ad65f06e76444cadb53b33694cfb3fc7679b8000411975fedd28a,blockNumber=1520
info|2023-07-07 21:27:14.475991|[RPCWS][SERVICE][onRecvBlockNotifier]receive block number notifier,group=group0,node=2f993327933ad58672518b6d4f63920cbc68b80f78f4d81192552ee6362f5cc81ee13bdc678ad65f06e76444cadb53b33694cfb3fc7679b8000411975fedd28a,blockNumber=1520
info|2023-07-07 21:27:14.475997|[WS]receive block notify,endpoint=127.0.0.1:20201,blk={
	"blockNumber" : 1520,
	"group" : "group0",
	"nodeName" : "2f993327933ad58672518b6d4f63920cbc68b80f78f4d81192552ee6362f5cc81ee13bdc678ad65f06e76444cadb53b33694cfb3fc7679b8000411975fedd28a"
}
info|2023-07-07 21:27:14.903916|[RPC][BLOCK][NUMBER][fromJson],group=group0,node=98a7f70ec883a722219d92253cf073a72605f4087aa3443c8e4aadc0af2dc3ac647d0fa1b5ac99cd6987abafe6d690ae71cd5fd2aeeabe7589bfb4748aabdfba,blockNumber=1521
info|2023-07-07 21:27:14.903959|[RPCWS][SERVICE][onRecvBlockNotifier]receive block number notifier,group=group0,node=98a7f70ec883a722219d92253cf073a72605f4087aa3443c8e4aadc0af2dc3ac647d0fa1b5ac99cd6987abafe6d690ae71cd5fd2aeeabe7589bfb4748aabdfba,blockNumber=1521
info|2023-07-07 21:27:14.903965|[RPCWS][SERVICE][updateGroupBlockNumber],groupID=group0,_blockNumber=1521
info|2023-07-07 21:27:14.903969|[RPCWS][SERVICE][onRecvBlockNotifier]block notifier callback,group=group0,node=98a7f70ec883a722219d92253cf073a72605f4087aa3443c8e4aadc0af2dc3ac647d0fa1b5ac99cd6987abafe6d690ae71cd5fd2aeeabe7589bfb4748aabdfba,blockNumber=1521
info|2023-07-07 21:27:14.903973|[WS]receive block notify,endpoint=127.0.0.1:20200,blk={
	"blockNumber" : 1521,
	"group" : "group0",
	"nodeName" : "98a7f70ec883a722219d92253cf073a72605f4087aa3443c8e4aadc0af2dc3ac647d0fa1b5ac99cd6987abafe6d690ae71cd5fd2aeeabe7589bfb4748aabdfba"
}
info|2023-07-07 21:27:14.945209|[RPC][BLOCK][NUMBER][fromJson],group=group0,node=2f993327933ad58672518b6d4f63920cbc68b80f78f4d81192552ee6362f5cc81ee13bdc678ad65f06e76444cadb53b33694cfb3fc7679b8000411975fedd28a,blockNumber=1521
info|2023-07-07 21:27:14.945229|[RPCWS][SERVICE][onRecvBlockNotifier]receive block number notifier,group=group0,node=2f993327933ad58672518b6d4f63920cbc68b80f78f4d81192552ee6362f5cc81ee13bdc678ad65f06e76444cadb53b33694cfb3fc7679b8000411975fedd28a,blockNumber=1521
info|2023-07-07 21:27:14.945235|[WS]receive block notify,endpoint=127.0.0.1:20201,blk={
	"blockNumber" : 1521,
	"group" : "group0",
	"nodeName" : "2f993327933ad58672518b6d4f63920cbc68b80f78f4d81192552ee6362f5cc81ee13bdc678ad65f06e76444cadb53b33694cfb3fc7679b8000411975fedd28a"
}
info|2023-07-07 21:27:15.507665|[RPC][BLOCK][NUMBER][fromJson],group=group0,node=98a7f70ec883a722219d92253cf073a72605f4087aa3443c8e4aadc0af2dc3ac647d0fa1b5ac99cd6987abafe6d690ae71cd5fd2aeeabe7589bfb4748aabdfba,blockNumber=1522
info|2023-07-07 21:27:15.507694|[RPCWS][SERVICE][onRecvBlockNotifier]receive block number notifier,group=group0,node=98a7f70ec883a722219d92253cf073a72605f4087aa3443c8e4aadc0af2dc3ac647d0fa1b5ac99cd6987abafe6d690ae71cd5fd2aeeabe7589bfb4748aabdfba,blockNumber=1522
info|2023-07-07 21:27:15.507700|[RPCWS][SERVICE][updateGroupBlockNumber],groupID=group0,_blockNumber=1522
info|2023-07-07 21:27:15.507705|[RPCWS][SERVICE][onRecvBlockNotifier]block notifier callback,group=group0,node=98a7f70ec883a722219d92253cf073a72605f4087aa3443c8e4aadc0af2dc3ac647d0fa1b5ac99cd6987abafe6d690ae71cd5fd2aeeabe7589bfb4748aabdfba,blockNumber=1522
info|2023-07-07 21:27:15.507708|[WS]receive block notify,endpoint=127.0.0.1:20200,blk={
	"blockNumber" : 1522,
	"group" : "group0",
	"nodeName" : "98a7f70ec883a722219d92253cf073a72605f4087aa3443c8e4aadc0af2dc3ac647d0fa1b5ac99cd6987abafe6d690ae71cd5fd2aeeabe7589bfb4748aabdfba"
}
info|2023-07-07 21:27:15.538746|[RPC][BLOCK][NUMBER][fromJson],group=group0,node=2f993327933ad58672518b6d4f63920cbc68b80f78f4d81192552ee6362f5cc81ee13bdc678ad65f06e76444cadb53b33694cfb3fc7679b8000411975fedd28a,blockNumber=1522
info|2023-07-07 21:27:15.538766|[RPCWS][SERVICE][onRecvBlockNotifier]receive block number notifier,group=group0,node=2f993327933ad58672518b6d4f63920cbc68b80f78f4d81192552ee6362f5cc81ee13bdc678ad65f06e76444cadb53b33694cfb3fc7679b8000411975fedd28a,blockNumber=1522
info|2023-07-07 21:27:15.538772|[WS]receive block notify,endpoint=127.0.0.1:20201,blk={
	"blockNumber" : 1522,
	"group" : "group0",
	"nodeName" : "2f993327933ad58672518b6d4f63920cbc68b80f78f4d81192552ee6362f5cc81ee13bdc678ad65f06e76444cadb53b33694cfb3fc7679b8000411975fedd28a"
}
info|2023-07-07 21:27:16.054405|[RPC][BLOCK][NUMBER][fromJson],group=group0,node=98a7f70ec883a722219d92253cf073a72605f4087aa3443c8e4aadc0af2dc3ac647d0fa1b5ac99cd6987abafe6d690ae71cd5fd2aeeabe7589bfb4748aabdfba,blockNumber=1523
info|2023-07-07 21:27:16.054424|[RPCWS][SERVICE][onRecvBlockNotifier]receive block number notifier,group=group0,node=98a7f70ec883a722219d92253cf073a72605f4087aa3443c8e4aadc0af2dc3ac647d0fa1b5ac99cd6987abafe6d690ae71cd5fd2aeeabe7589bfb4748aabdfba,blockNumber=1523
info|2023-07-07 21:27:16.054429|[RPCWS][SERVICE][updateGroupBlockNumber],groupID=group0,_blockNumber=1523
info|2023-07-07 21:27:16.054434|[RPCWS][SERVICE][onRecvBlockNotifier]block notifier callback,group=group0,node=98a7f70ec883a722219d92253cf073a72605f4087aa3443c8e4aadc0af2dc3ac647d0fa1b5ac99cd6987abafe6d690ae71cd5fd2aeeabe7589bfb4748aabdfba,blockNumber=1523
info|2023-07-07 21:27:16.054437|[WS]receive block notify,endpoint=127.0.0.1:20200,blk={
	"blockNumber" : 1523,
	"group" : "group0",
	"nodeName" : "98a7f70ec883a722219d92253cf073a72605f4087aa3443c8e4aadc0af2dc3ac647d0fa1b5ac99cd6987abafe6d690ae71cd5fd2aeeabe7589bfb4748aabdfba"
}
info|2023-07-07 21:27:16.172770|[RPC][BLOCK][NUMBER][fromJson],group=group0,node=2f993327933ad58672518b6d4f63920cbc68b80f78f4d81192552ee6362f5cc81ee13bdc678ad65f06e76444cadb53b33694cfb3fc7679b8000411975fedd28a,blockNumber=1523
info|2023-07-07 21:27:16.172790|[RPCWS][SERVICE][onRecvBlockNotifier]receive block number notifier,group=group0,node=2f993327933ad58672518b6d4f63920cbc68b80f78f4d81192552ee6362f5cc81ee13bdc678ad65f06e76444cadb53b33694cfb3fc7679b8000411975fedd28a,blockNumber=1523
info|2023-07-07 21:27:16.172796|[WS]receive block notify,endpoint=127.0.0.1:20201,blk={
	"blockNumber" : 1523,
	"group" : "group0",
	"nodeName" : "2f993327933ad58672518b6d4f63920cbc68b80f78f4d81192552ee6362f5cc81ee13bdc678ad65f06e76444cadb53b33694cfb3fc7679b8000411975fedd28a"
}
info|2023-07-07 21:27:16.636409|[RPC][BLOCK][NUMBER][fromJson],group=group0,node=98a7f70ec883a722219d92253cf073a72605f4087aa3443c8e4aadc0af2dc3ac647d0fa1b5ac99cd6987abafe6d690ae71cd5fd2aeeabe7589bfb4748aabdfba,blockNumber=1524
info|2023-07-07 21:27:16.636427|[RPCWS][SERVICE][onRecvBlockNotifier]receive block number notifier,group=group0,node=98a7f70ec883a722219d92253cf073a72605f4087aa3443c8e4aadc0af2dc3ac647d0fa1b5ac99cd6987abafe6d690ae71cd5fd2aeeabe7589bfb4748aabdfba,blockNumber=1524
info|2023-07-07 21:27:16.636433|[RPCWS][SERVICE][updateGroupBlockNumber],groupID=group0,_blockNumber=1524
info|2023-07-07 21:27:16.636436|[RPCWS][SERVICE][onRecvBlockNotifier]block notifier callback,group=group0,node=98a7f70ec883a722219d92253cf073a72605f4087aa3443c8e4aadc0af2dc3ac647d0fa1b5ac99cd6987abafe6d690ae71cd5fd2aeeabe7589bfb4748aabdfba,blockNumber=1524
info|2023-07-07 21:27:16.636440|[WS]receive block notify,endpoint=127.0.0.1:20200,blk={
	"blockNumber" : 1524,
	"group" : "group0",
	"nodeName" : "98a7f70ec883a722219d92253cf073a72605f4087aa3443c8e4aadc0af2dc3ac647d0fa1b5ac99cd6987abafe6d690ae71cd5fd2aeeabe7589bfb4748aabdfba"
}
info|2023-07-07 21:27:16.665803|[RPC][BLOCK][NUMBER][fromJson],group=group0,node=2f993327933ad58672518b6d4f63920cbc68b80f78f4d81192552ee6362f5cc81ee13bdc678ad65f06e76444cadb53b33694cfb3fc7679b8000411975fedd28a,blockNumber=1524
info|2023-07-07 21:27:16.665824|[RPCWS][SERVICE][onRecvBlockNotifier]receive block number notifier,group=group0,node=2f993327933ad58672518b6d4f63920cbc68b80f78f4d81192552ee6362f5cc81ee13bdc678ad65f06e76444cadb53b33694cfb3fc7679b8000411975fedd28a,blockNumber=1524
info|2023-07-07 21:27:16.665831|[WS]receive block notify,endpoint=127.0.0.1:20201,blk={
	"blockNumber" : 1524,
	"group" : "group0",
	"nodeName" : "2f993327933ad58672518b6d4f63920cbc68b80f78f4d81192552ee6362f5cc81ee13bdc678ad65f06e76444cadb53b33694cfb3fc7679b8000411975fedd28a"
}
info|2023-07-07 21:27:17.223394|[RPC][BLOCK][NUMBER][fromJson],group=group0,node=98a7f70ec883a722219d92253cf073a72605f4087aa3443c8e4aadc0af2dc3ac647d0fa1b5ac99cd6987abafe6d690ae71cd5fd2aeeabe7589bfb4748aabdfba,blockNumber=1525
info|2023-07-07 21:27:17.223413|[RPCWS][SERVICE][onRecvBlockNotifier]receive block number notifier,group=group0,node=98a7f70ec883a722219d92253cf073a72605f4087aa3443c8e4aadc0af2dc3ac647d0fa1b5ac99cd6987abafe6d690ae71cd5fd2aeeabe7589bfb4748aabdfba,blockNumber=1525
info|2023-07-07 21:27:17.223418|[RPCWS][SERVICE][updateGroupBlockNumber],groupID=group0,_blockNumber=1525
info|2023-07-07 21:27:17.223422|[RPCWS][SERVICE][onRecvBlockNotifier]block notifier callback,group=group0,node=98a7f70ec883a722219d92253cf073a72605f4087aa3443c8e4aadc0af2dc3ac647d0fa1b5ac99cd6987abafe6d690ae71cd5fd2aeeabe7589bfb4748aabdfba,blockNumber=1525
info|2023-07-07 21:27:17.223425|[WS]receive block notify,endpoint=127.0.0.1:20200,blk={
	"blockNumber" : 1525,
	"group" : "group0",
	"nodeName" : "98a7f70ec883a722219d92253cf073a72605f4087aa3443c8e4aadc0af2dc3ac647d0fa1b5ac99cd6987abafe6d690ae71cd5fd2aeeabe7589bfb4748aabdfba"
}
info|2023-07-07 21:27:17.253743|[RPC][BLOCK][NUMBER][fromJson],group=group0,node=2f993327933ad58672518b6d4f63920cbc68b80f78f4d81192552ee6362f5cc81ee13bdc678ad65f06e76444cadb53b33694cfb3fc7679b8000411975fedd28a,blockNumber=1525
info|2023-07-07 21:27:17.253783|[RPCWS][SERVICE][onRecvBlockNotifier]receive block number notifier,group=group0,node=2f993327933ad58672518b6d4f63920cbc68b80f78f4d81192552ee6362f5cc81ee13bdc678ad65f06e76444cadb53b33694cfb3fc7679b8000411975fedd28a,blockNumber=1525
info|2023-07-07 21:27:17.253790|[WS]receive block notify,endpoint=127.0.0.1:20201,blk={
	"blockNumber" : 1525,
	"group" : "group0",
	"nodeName" : "2f993327933ad58672518b6d4f63920cbc68b80f78f4d81192552ee6362f5cc81ee13bdc678ad65f06e76444cadb53b33694cfb3fc7679b8000411975fedd28a"
}
info|2023-07-07 21:27:17.843736|[RPC][BLOCK][NUMBER][fromJson],group=group0,node=98a7f70ec883a722219d92253cf073a72605f4087aa3443c8e4aadc0af2dc3ac647d0fa1b5ac99cd6987abafe6d690ae71cd5fd2aeeabe7589bfb4748aabdfba,blockNumber=1526
info|2023-07-07 21:27:17.843781|[RPCWS][SERVICE][onRecvBlockNotifier]receive block number notifier,group=group0,node=98a7f70ec883a722219d92253cf073a72605f4087aa3443c8e4aadc0af2dc3ac647d0fa1b5ac99cd6987abafe6d690ae71cd5fd2aeeabe7589bfb4748aabdfba,blockNumber=1526
info|2023-07-07 21:27:17.843786|[RPCWS][SERVICE][updateGroupBlockNumber],groupID=group0,_blockNumber=1526
info|2023-07-07 21:27:17.843791|[RPCWS][SERVICE][onRecvBlockNotifier]block notifier callback,group=group0,node=98a7f70ec883a722219d92253cf073a72605f4087aa3443c8e4aadc0af2dc3ac647d0fa1b5ac99cd6987abafe6d690ae71cd5fd2aeeabe7589bfb4748aabdfba,blockNumber=1526
info|2023-07-07 21:27:17.843794|[WS]receive block notify,endpoint=127.0.0.1:20200,blk={
	"blockNumber" : 1526,
	"group" : "group0",
	"nodeName" : "98a7f70ec883a722219d92253cf073a72605f4087aa3443c8e4aadc0af2dc3ac647d0fa1b5ac99cd6987abafe6d690ae71cd5fd2aeeabe7589bfb4748aabdfba"
}
info|2023-07-07 21:27:17.867952|[RPC][BLOCK][NUMBER][fromJson],group=group0,node=2f993327933ad58672518b6d4f63920cbc68b80f78f4d81192552ee6362f5cc81ee13bdc678ad65f06e76444cadb53b33694cfb3fc7679b8000411975fedd28a,blockNumber=1526
info|2023-07-07 21:27:17.867972|[RPCWS][SERVICE][onRecvBlockNotifier]receive block number notifier,group=group0,node=2f993327933ad58672518b6d4f63920cbc68b80f78f4d81192552ee6362f5cc81ee13bdc678ad65f06e76444cadb53b33694cfb3fc7679b8000411975fedd28a,blockNumber=1526
info|2023-07-07 21:27:17.867979|[WS]receive block notify,endpoint=127.0.0.1:20201,blk={
	"blockNumber" : 1526,
	"group" : "group0",
	"nodeName" : "2f993327933ad58672518b6d4f63920cbc68b80f78f4d81192552ee6362f5cc81ee13bdc678ad65f06e76444cadb53b33694cfb3fc7679b8000411975fedd28a"
}
info|2023-07-07 21:27:18.351234|[RPC][BLOCK][NUMBER][fromJson],group=group0,node=98a7f70ec883a722219d92253cf073a72605f4087aa3443c8e4aadc0af2dc3ac647d0fa1b5ac99cd6987abafe6d690ae71cd5fd2aeeabe7589bfb4748aabdfba,blockNumber=1527
info|2023-07-07 21:27:18.351267|[RPCWS][SERVICE][onRecvBlockNotifier]receive block number notifier,group=group0,node=98a7f70ec883a722219d92253cf073a72605f4087aa3443c8e4aadc0af2dc3ac647d0fa1b5ac99cd6987abafe6d690ae71cd5fd2aeeabe7589bfb4748aabdfba,blockNumber=1527
info|2023-07-07 21:27:18.351273|[RPCWS][SERVICE][updateGroupBlockNumber],groupID=group0,_blockNumber=1527
info|2023-07-07 21:27:18.351278|[RPCWS][SERVICE][onRecvBlockNotifier]block notifier callback,group=group0,node=98a7f70ec883a722219d92253cf073a72605f4087aa3443c8e4aadc0af2dc3ac647d0fa1b5ac99cd6987abafe6d690ae71cd5fd2aeeabe7589bfb4748aabdfba,blockNumber=1527
info|2023-07-07 21:27:18.351281|[WS]receive block notify,endpoint=127.0.0.1:20200,blk={
	"blockNumber" : 1527,
	"group" : "group0",
	"nodeName" : "98a7f70ec883a722219d92253cf073a72605f4087aa3443c8e4aadc0af2dc3ac647d0fa1b5ac99cd6987abafe6d690ae71cd5fd2aeeabe7589bfb4748aabdfba"
}
info|2023-07-07 21:27:18.388636|[RPC][BLOCK][NUMBER][fromJson],group=group0,node=2f993327933ad58672518b6d4f63920cbc68b80f78f4d81192552ee6362f5cc81ee13bdc678ad65f06e76444cadb53b33694cfb3fc7679b8000411975fedd28a,blockNumber=1527
info|2023-07-07 21:27:18.388669|[RPCWS][SERVICE][onRecvBlockNotifier]receive block number notifier,group=group0,node=2f993327933ad58672518b6d4f63920cbc68b80f78f4d81192552ee6362f5cc81ee13bdc678ad65f06e76444cadb53b33694cfb3fc7679b8000411975fedd28a,blockNumber=1527
info|2023-07-07 21:27:18.388676|[WS]receive block notify,endpoint=127.0.0.1:20201,blk={
	"blockNumber" : 1527,
	"group" : "group0",
	"nodeName" : "2f993327933ad58672518b6d4f63920cbc68b80f78f4d81192552ee6362f5cc81ee13bdc678ad65f06e76444cadb53b33694cfb3fc7679b8000411975fedd28a"
}
info|2023-07-07 21:27:18.889952|[RPC][BLOCK][NUMBER][fromJson],group=group0,node=2f993327933ad58672518b6d4f63920cbc68b80f78f4d81192552ee6362f5cc81ee13bdc678ad65f06e76444cadb53b33694cfb3fc7679b8000411975fedd28a,blockNumber=1528
info|2023-07-07 21:27:18.890003|[RPCWS][SERVICE][onRecvBlockNotifier]receive block number notifier,group=group0,node=2f993327933ad58672518b6d4f63920cbc68b80f78f4d81192552ee6362f5cc81ee13bdc678ad65f06e76444cadb53b33694cfb3fc7679b8000411975fedd28a,blockNumber=1528
info|2023-07-07 21:27:18.890010|[RPCWS][SERVICE][updateGroupBlockNumber],groupID=group0,_blockNumber=1528
info|2023-07-07 21:27:18.890014|[RPCWS][SERVICE][onRecvBlockNotifier]block notifier callback,group=group0,node=2f993327933ad58672518b6d4f63920cbc68b80f78f4d81192552ee6362f5cc81ee13bdc678ad65f06e76444cadb53b33694cfb3fc7679b8000411975fedd28a,blockNumber=1528
info|2023-07-07 21:27:18.890017|[WS]receive block notify,endpoint=127.0.0.1:20201,blk={
	"blockNumber" : 1528,
	"group" : "group0",
	"nodeName" : "2f993327933ad58672518b6d4f63920cbc68b80f78f4d81192552ee6362f5cc81ee13bdc678ad65f06e76444cadb53b33694cfb3fc7679b8000411975fedd28a"
}
info|2023-07-07 21:27:18.894320|[RPC][BLOCK][NUMBER][fromJson],group=group0,node=98a7f70ec883a722219d92253cf073a72605f4087aa3443c8e4aadc0af2dc3ac647d0fa1b5ac99cd6987abafe6d690ae71cd5fd2aeeabe7589bfb4748aabdfba,blockNumber=1528
info|2023-07-07 21:27:18.894354|[RPCWS][SERVICE][onRecvBlockNotifier]receive block number notifier,group=group0,node=98a7f70ec883a722219d92253cf073a72605f4087aa3443c8e4aadc0af2dc3ac647d0fa1b5ac99cd6987abafe6d690ae71cd5fd2aeeabe7589bfb4748aabdfba,blockNumber=1528
info|2023-07-07 21:27:18.894362|[WS]receive block notify,endpoint=127.0.0.1:20200,blk={
	"blockNumber" : 1528,
	"group" : "group0",
	"nodeName" : "98a7f70ec883a722219d92253cf073a72605f4087aa3443c8e4aadc0af2dc3ac647d0fa1b5ac99cd6987abafe6d690ae71cd5fd2aeeabe7589bfb4748aabdfba"
}
info|2023-07-07 21:27:19.393236|[RPC][BLOCK][NUMBER][fromJson],group=group0,node=98a7f70ec883a722219d92253cf073a72605f4087aa3443c8e4aadc0af2dc3ac647d0fa1b5ac99cd6987abafe6d690ae71cd5fd2aeeabe7589bfb4748aabdfba,blockNumber=1529
info|2023-07-07 21:27:19.393272|[RPCWS][SERVICE][onRecvBlockNotifier]receive block number notifier,group=group0,node=98a7f70ec883a722219d92253cf073a72605f4087aa3443c8e4aadc0af2dc3ac647d0fa1b5ac99cd6987abafe6d690ae71cd5fd2aeeabe7589bfb4748aabdfba,blockNumber=1529
info|2023-07-07 21:27:19.393278|[RPCWS][SERVICE][updateGroupBlockNumber],groupID=group0,_blockNumber=1529
info|2023-07-07 21:27:19.393282|[RPCWS][SERVICE][onRecvBlockNotifier]block notifier callback,group=group0,node=98a7f70ec883a722219d92253cf073a72605f4087aa3443c8e4aadc0af2dc3ac647d0fa1b5ac99cd6987abafe6d690ae71cd5fd2aeeabe7589bfb4748aabdfba,blockNumber=1529
info|2023-07-07 21:27:19.393286|[WS]receive block notify,endpoint=127.0.0.1:20200,blk={
	"blockNumber" : 1529,
	"group" : "group0",
	"nodeName" : "98a7f70ec883a722219d92253cf073a72605f4087aa3443c8e4aadc0af2dc3ac647d0fa1b5ac99cd6987abafe6d690ae71cd5fd2aeeabe7589bfb4748aabdfba"
}
info|2023-07-07 21:27:19.432756|[RPC][BLOCK][NUMBER][fromJson],group=group0,node=2f993327933ad58672518b6d4f63920cbc68b80f78f4d81192552ee6362f5cc81ee13bdc678ad65f06e76444cadb53b33694cfb3fc7679b8000411975fedd28a,blockNumber=1529
info|2023-07-07 21:27:19.432776|[RPCWS][SERVICE][onRecvBlockNotifier]receive block number notifier,group=group0,node=2f993327933ad58672518b6d4f63920cbc68b80f78f4d81192552ee6362f5cc81ee13bdc678ad65f06e76444cadb53b33694cfb3fc7679b8000411975fedd28a,blockNumber=1529
info|2023-07-07 21:27:19.432782|[WS]receive block notify,endpoint=127.0.0.1:20201,blk={
	"blockNumber" : 1529,
	"group" : "group0",
	"nodeName" : "2f993327933ad58672518b6d4f63920cbc68b80f78f4d81192552ee6362f5cc81ee13bdc678ad65f06e76444cadb53b33694cfb3fc7679b8000411975fedd28a"
}
info|2023-07-07 21:27:19.997012|[RPC][BLOCK][NUMBER][fromJson],group=group0,node=98a7f70ec883a722219d92253cf073a72605f4087aa3443c8e4aadc0af2dc3ac647d0fa1b5ac99cd6987abafe6d690ae71cd5fd2aeeabe7589bfb4748aabdfba,blockNumber=1530
info|2023-07-07 21:27:19.997032|[RPCWS][SERVICE][onRecvBlockNotifier]receive block number notifier,group=group0,node=98a7f70ec883a722219d92253cf073a72605f4087aa3443c8e4aadc0af2dc3ac647d0fa1b5ac99cd6987abafe6d690ae71cd5fd2aeeabe7589bfb4748aabdfba,blockNumber=1530
info|2023-07-07 21:27:19.997037|[RPCWS][SERVICE][updateGroupBlockNumber],groupID=group0,_blockNumber=1530
info|2023-07-07 21:27:19.997040|[RPCWS][SERVICE][onRecvBlockNotifier]block notifier callback,group=group0,node=98a7f70ec883a722219d92253cf073a72605f4087aa3443c8e4aadc0af2dc3ac647d0fa1b5ac99cd6987abafe6d690ae71cd5fd2aeeabe7589bfb4748aabdfba,blockNumber=1530
info|2023-07-07 21:27:19.997044|[WS]receive block notify,endpoint=127.0.0.1:20200,blk={
	"blockNumber" : 1530,
	"group" : "group0",
	"nodeName" : "98a7f70ec883a722219d92253cf073a72605f4087aa3443c8e4aadc0af2dc3ac647d0fa1b5ac99cd6987abafe6d690ae71cd5fd2aeeabe7589bfb4748aabdfba"
}
info|2023-07-07 21:27:20.013305|[RPC][BLOCK][NUMBER][fromJson],group=group0,node=2f993327933ad58672518b6d4f63920cbc68b80f78f4d81192552ee6362f5cc81ee13bdc678ad65f06e76444cadb53b33694cfb3fc7679b8000411975fedd28a,blockNumber=1530
info|2023-07-07 21:27:20.013338|[RPCWS][SERVICE][onRecvBlockNotifier]receive block number notifier,group=group0,node=2f993327933ad58672518b6d4f63920cbc68b80f78f4d81192552ee6362f5cc81ee13bdc678ad65f06e76444cadb53b33694cfb3fc7679b8000411975fedd28a,blockNumber=1530
info|2023-07-07 21:27:20.013347|[WS]receive block notify,endpoint=127.0.0.1:20201,blk={
	"blockNumber" : 1530,
	"group" : "group0",
	"nodeName" : "2f993327933ad58672518b6d4f63920cbc68b80f78f4d81192552ee6362f5cc81ee13bdc678ad65f06e76444cadb53b33694cfb3fc7679b8000411975fedd28a"
}
info|2023-07-07 21:27:20.584039|[RPC][BLOCK][NUMBER][fromJson],group=group0,node=98a7f70ec883a722219d92253cf073a72605f4087aa3443c8e4aadc0af2dc3ac647d0fa1b5ac99cd6987abafe6d690ae71cd5fd2aeeabe7589bfb4748aabdfba,blockNumber=1531
info|2023-07-07 21:27:20.584058|[RPCWS][SERVICE][onRecvBlockNotifier]receive block number notifier,group=group0,node=98a7f70ec883a722219d92253cf073a72605f4087aa3443c8e4aadc0af2dc3ac647d0fa1b5ac99cd6987abafe6d690ae71cd5fd2aeeabe7589bfb4748aabdfba,blockNumber=1531
info|2023-07-07 21:27:20.584064|[RPCWS][SERVICE][updateGroupBlockNumber],groupID=group0,_blockNumber=1531
info|2023-07-07 21:27:20.584068|[RPCWS][SERVICE][onRecvBlockNotifier]block notifier callback,group=group0,node=98a7f70ec883a722219d92253cf073a72605f4087aa3443c8e4aadc0af2dc3ac647d0fa1b5ac99cd6987abafe6d690ae71cd5fd2aeeabe7589bfb4748aabdfba,blockNumber=1531
info|2023-07-07 21:27:20.584071|[WS]receive block notify,endpoint=127.0.0.1:20200,blk={
	"blockNumber" : 1531,
	"group" : "group0",
	"nodeName" : "98a7f70ec883a722219d92253cf073a72605f4087aa3443c8e4aadc0af2dc3ac647d0fa1b5ac99cd6987abafe6d690ae71cd5fd2aeeabe7589bfb4748aabdfba"
}
info|2023-07-07 21:27:20.623138|[RPC][BLOCK][NUMBER][fromJson],group=group0,node=2f993327933ad58672518b6d4f63920cbc68b80f78f4d81192552ee6362f5cc81ee13bdc678ad65f06e76444cadb53b33694cfb3fc7679b8000411975fedd28a,blockNumber=1531
info|2023-07-07 21:27:20.623157|[RPCWS][SERVICE][onRecvBlockNotifier]receive block number notifier,group=group0,node=2f993327933ad58672518b6d4f63920cbc68b80f78f4d81192552ee6362f5cc81ee13bdc678ad65f06e76444cadb53b33694cfb3fc7679b8000411975fedd28a,blockNumber=1531
info|2023-07-07 21:27:20.623164|[WS]receive block notify,endpoint=127.0.0.1:20201,blk={
	"blockNumber" : 1531,
	"group" : "group0",
	"nodeName" : "2f993327933ad58672518b6d4f63920cbc68b80f78f4d81192552ee6362f5cc81ee13bdc678ad65f06e76444cadb53b33694cfb3fc7679b8000411975fedd28a"
}
info|2023-07-07 21:27:21.126589|[RPC][BLOCK][NUMBER][fromJson],group=group0,node=98a7f70ec883a722219d92253cf073a72605f4087aa3443c8e4aadc0af2dc3ac647d0fa1b5ac99cd6987abafe6d690ae71cd5fd2aeeabe7589bfb4748aabdfba,blockNumber=1532
info|2023-07-07 21:27:21.126622|[RPCWS][SERVICE][onRecvBlockNotifier]receive block number notifier,group=group0,node=98a7f70ec883a722219d92253cf073a72605f4087aa3443c8e4aadc0af2dc3ac647d0fa1b5ac99cd6987abafe6d690ae71cd5fd2aeeabe7589bfb4748aabdfba,blockNumber=1532
info|2023-07-07 21:27:21.126628|[RPCWS][SERVICE][updateGroupBlockNumber],groupID=group0,_blockNumber=1532
info|2023-07-07 21:27:21.126632|[RPCWS][SERVICE][onRecvBlockNotifier]block notifier callback,group=group0,node=98a7f70ec883a722219d92253cf073a72605f4087aa3443c8e4aadc0af2dc3ac647d0fa1b5ac99cd6987abafe6d690ae71cd5fd2aeeabe7589bfb4748aabdfba,blockNumber=1532
info|2023-07-07 21:27:21.126636|[WS]receive block notify,endpoint=127.0.0.1:20200,blk={
	"blockNumber" : 1532,
	"group" : "group0",
	"nodeName" : "98a7f70ec883a722219d92253cf073a72605f4087aa3443c8e4aadc0af2dc3ac647d0fa1b5ac99cd6987abafe6d690ae71cd5fd2aeeabe7589bfb4748aabdfba"
}
info|2023-07-07 21:27:21.142896|[RPC][BLOCK][NUMBER][fromJson],group=group0,node=2f993327933ad58672518b6d4f63920cbc68b80f78f4d81192552ee6362f5cc81ee13bdc678ad65f06e76444cadb53b33694cfb3fc7679b8000411975fedd28a,blockNumber=1532
info|2023-07-07 21:27:21.142934|[RPCWS][SERVICE][onRecvBlockNotifier]receive block number notifier,group=group0,node=2f993327933ad58672518b6d4f63920cbc68b80f78f4d81192552ee6362f5cc81ee13bdc678ad65f06e76444cadb53b33694cfb3fc7679b8000411975fedd28a,blockNumber=1532
info|2023-07-07 21:27:21.142942|[WS]receive block notify,endpoint=127.0.0.1:20201,blk={
	"blockNumber" : 1532,
	"group" : "group0",
	"nodeName" : "2f993327933ad58672518b6d4f63920cbc68b80f78f4d81192552ee6362f5cc81ee13bdc678ad65f06e76444cadb53b33694cfb3fc7679b8000411975fedd28a"
}
info|2023-07-07 21:27:21.602194|[RPC][BLOCK][NUMBER][fromJson],group=group0,node=98a7f70ec883a722219d92253cf073a72605f4087aa3443c8e4aadc0af2dc3ac647d0fa1b5ac99cd6987abafe6d690ae71cd5fd2aeeabe7589bfb4748aabdfba,blockNumber=1533
info|2023-07-07 21:27:21.602217|[RPCWS][SERVICE][onRecvBlockNotifier]receive block number notifier,group=group0,node=98a7f70ec883a722219d92253cf073a72605f4087aa3443c8e4aadc0af2dc3ac647d0fa1b5ac99cd6987abafe6d690ae71cd5fd2aeeabe7589bfb4748aabdfba,blockNumber=1533
info|2023-07-07 21:27:21.602222|[RPCWS][SERVICE][updateGroupBlockNumber],groupID=group0,_blockNumber=1533
info|2023-07-07 21:27:21.602226|[RPCWS][SERVICE][onRecvBlockNotifier]block notifier callback,group=group0,node=98a7f70ec883a722219d92253cf073a72605f4087aa3443c8e4aadc0af2dc3ac647d0fa1b5ac99cd6987abafe6d690ae71cd5fd2aeeabe7589bfb4748aabdfba,blockNumber=1533
info|2023-07-07 21:27:21.602229|[WS]receive block notify,endpoint=127.0.0.1:20200,blk={
	"blockNumber" : 1533,
	"group" : "group0",
	"nodeName" : "98a7f70ec883a722219d92253cf073a72605f4087aa3443c8e4aadc0af2dc3ac647d0fa1b5ac99cd6987abafe6d690ae71cd5fd2aeeabe7589bfb4748aabdfba"
}
info|2023-07-07 21:27:21.640202|[RPC][BLOCK][NUMBER][fromJson],group=group0,node=2f993327933ad58672518b6d4f63920cbc68b80f78f4d81192552ee6362f5cc81ee13bdc678ad65f06e76444cadb53b33694cfb3fc7679b8000411975fedd28a,blockNumber=1533
info|2023-07-07 21:27:21.640251|[RPCWS][SERVICE][onRecvBlockNotifier]receive block number notifier,group=group0,node=2f993327933ad58672518b6d4f63920cbc68b80f78f4d81192552ee6362f5cc81ee13bdc678ad65f06e76444cadb53b33694cfb3fc7679b8000411975fedd28a,blockNumber=1533
info|2023-07-07 21:27:21.640259|[WS]receive block notify,endpoint=127.0.0.1:20201,blk={
	"blockNumber" : 1533,
	"group" : "group0",
	"nodeName" : "2f993327933ad58672518b6d4f63920cbc68b80f78f4d81192552ee6362f5cc81ee13bdc678ad65f06e76444cadb53b33694cfb3fc7679b8000411975fedd28a"
}
info|2023-07-07 21:27:22.196475|[RPC][BLOCK][NUMBER][fromJson],group=group0,node=98a7f70ec883a722219d92253cf073a72605f4087aa3443c8e4aadc0af2dc3ac647d0fa1b5ac99cd6987abafe6d690ae71cd5fd2aeeabe7589bfb4748aabdfba,blockNumber=1534
info|2023-07-07 21:27:22.196496|[RPCWS][SERVICE][onRecvBlockNotifier]receive block number notifier,group=group0,node=98a7f70ec883a722219d92253cf073a72605f4087aa3443c8e4aadc0af2dc3ac647d0fa1b5ac99cd6987abafe6d690ae71cd5fd2aeeabe7589bfb4748aabdfba,blockNumber=1534
info|2023-07-07 21:27:22.196500|[RPCWS][SERVICE][updateGroupBlockNumber],groupID=group0,_blockNumber=1534
info|2023-07-07 21:27:22.196504|[RPCWS][SERVICE][onRecvBlockNotifier]block notifier callback,group=group0,node=98a7f70ec883a722219d92253cf073a72605f4087aa3443c8e4aadc0af2dc3ac647d0fa1b5ac99cd6987abafe6d690ae71cd5fd2aeeabe7589bfb4748aabdfba,blockNumber=1534
info|2023-07-07 21:27:22.196507|[WS]receive block notify,endpoint=127.0.0.1:20200,blk={
	"blockNumber" : 1534,
	"group" : "group0",
	"nodeName" : "98a7f70ec883a722219d92253cf073a72605f4087aa3443c8e4aadc0af2dc3ac647d0fa1b5ac99cd6987abafe6d690ae71cd5fd2aeeabe7589bfb4748aabdfba"
}
info|2023-07-07 21:27:22.304387|[RPC][BLOCK][NUMBER][fromJson],group=group0,node=2f993327933ad58672518b6d4f63920cbc68b80f78f4d81192552ee6362f5cc81ee13bdc678ad65f06e76444cadb53b33694cfb3fc7679b8000411975fedd28a,blockNumber=1534
info|2023-07-07 21:27:22.304408|[RPCWS][SERVICE][onRecvBlockNotifier]receive block number notifier,group=group0,node=2f993327933ad58672518b6d4f63920cbc68b80f78f4d81192552ee6362f5cc81ee13bdc678ad65f06e76444cadb53b33694cfb3fc7679b8000411975fedd28a,blockNumber=1534
info|2023-07-07 21:27:22.304415|[WS]receive block notify,endpoint=127.0.0.1:20201,blk={
	"blockNumber" : 1534,
	"group" : "group0",
	"nodeName" : "2f993327933ad58672518b6d4f63920cbc68b80f78f4d81192552ee6362f5cc81ee13bdc678ad65f06e76444cadb53b33694cfb3fc7679b8000411975fedd28a"
}
info|2023-07-07 21:27:25.661295|[SDK][WS][SERVICE]connected nodes,count=2
info|2023-07-07 21:27:25.982163|[EVENT][SUB][doLoop]event sub tasks report,working event sub count=0,suspend event sub count=0
info|2023-07-07 21:27:45.661462|[SDK][WS][SERVICE]connected nodes,count=2
info|2023-07-07 21:27:45.982257|[EVENT][SUB][doLoop]event sub tasks report,working event sub count=0,suspend event sub count=0
info|2023-07-07 21:28:05.661807|[SDK][WS][SERVICE]connected nodes,count=2
info|2023-07-07 21:28:05.982353|[EVENT][SUB][doLoop]event sub tasks report,working event sub count=0,suspend event sub count=0
info|2023-07-07 21:28:25.662434|[SDK][WS][SERVICE]connected nodes,count=2
info|2023-07-07 21:28:25.982422|[EVENT][SUB][doLoop]event sub tasks report,working event sub count=0,suspend event sub count=0
info|2023-07-07 21:28:45.662998|[SDK][WS][SERVICE]connected nodes,count=2
info|2023-07-07 21:28:45.982879|[EVENT][SUB][doLoop]event sub tasks report,working event sub count=0,suspend event sub count=0
info|2023-07-07 21:29:05.663132|[SDK][WS][SERVICE]connected nodes,count=2
info|2023-07-07 21:29:05.983438|[EVENT][SUB][doLoop]event sub tasks report,working event sub count=0,suspend event sub count=0
info|2023-07-07 21:29:25.663259|[SDK][WS][SERVICE]connected nodes,count=2
info|2023-07-07 21:29:25.983846|[EVENT][SUB][doLoop]event sub tasks report,working event sub count=0,suspend event sub count=0
info|2023-07-07 21:29:45.663431|[SDK][WS][SERVICE]connected nodes,count=2
info|2023-07-07 21:29:45.984272|[EVENT][SUB][doLoop]event sub tasks report,working event sub count=0,suspend event sub count=0
info|2023-07-07 21:30:05.663858|[SDK][WS][SERVICE]connected nodes,count=2
info|2023-07-07 21:30:05.984664|[EVENT][SUB][doLoop]event sub tasks report,working event sub count=0,suspend event sub count=0
info|2023-07-07 21:30:25.664191|[SDK][WS][SERVICE]connected nodes,count=2
info|2023-07-07 21:30:25.984826|[EVENT][SUB][doLoop]event sub tasks report,working event sub count=0,suspend event sub count=0
info|2023-07-07 21:30:45.664273|[SDK][WS][SERVICE]connected nodes,count=2
info|2023-07-07 21:30:45.985299|[EVENT][SUB][doLoop]event sub tasks report,working event sub count=0,suspend event sub count=0
info|2023-07-07 21:31:05.664518|[SDK][WS][SERVICE]connected nodes,count=2
info|2023-07-07 21:31:05.985482|[EVENT][SUB][doLoop]event sub tasks report,working event sub count=0,suspend event sub count=0
info|2023-07-07 21:31:25.664736|[SDK][WS][SERVICE]connected nodes,count=2
info|2023-07-07 21:31:25.985826|[EVENT][SUB][doLoop]event sub tasks report,working event sub count=0,suspend event sub count=0
info|2023-07-07 21:31:45.665087|[SDK][WS][SERVICE]connected nodes,count=2
info|2023-07-07 21:31:45.986051|[EVENT][SUB][doLoop]event sub tasks report,working event sub count=0,suspend event sub count=0
info|2023-07-07 21:32:05.665234|[SDK][WS][SERVICE]connected nodes,count=2
info|2023-07-07 21:32:05.986454|[EVENT][SUB][doLoop]event sub tasks report,working event sub count=0,suspend event sub count=0
info|2023-07-07 21:32:25.665459|[SDK][WS][SERVICE]connected nodes,count=2
info|2023-07-07 21:32:25.986917|[EVENT][SUB][doLoop]event sub tasks report,working event sub count=0,suspend event sub count=0
info|2023-07-07 21:32:45.665633|[SDK][WS][SERVICE]connected nodes,count=2
info|2023-07-07 21:32:45.987055|[EVENT][SUB][doLoop]event sub tasks report,working event sub count=0,suspend event sub count=0
info|2023-07-07 21:33:05.665888|[SDK][WS][SERVICE]connected nodes,count=2
info|2023-07-07 21:33:05.987249|[EVENT][SUB][doLoop]event sub tasks report,working event sub count=0,suspend event sub count=0
info|2023-07-07 21:33:25.666061|[SDK][WS][SERVICE]connected nodes,count=2
info|2023-07-07 21:33:25.987546|[EVENT][SUB][doLoop]event sub tasks report,working event sub count=0,suspend event sub count=0
info|2023-07-07 21:33:45.666271|[SDK][WS][SERVICE]connected nodes,count=2
info|2023-07-07 21:33:45.988171|[EVENT][SUB][doLoop]event sub tasks report,working event sub count=0,suspend event sub count=0
info|2023-07-07 21:34:05.666688|[SDK][WS][SERVICE]connected nodes,count=2
info|2023-07-07 21:34:05.988499|[EVENT][SUB][doLoop]event sub tasks report,working event sub count=0,suspend event sub count=0
info|2023-07-07 21:34:25.667256|[SDK][WS][SERVICE]connected nodes,count=2
info|2023-07-07 21:34:25.988706|[EVENT][SUB][doLoop]event sub tasks report,working event sub count=0,suspend event sub count=0
info|2023-07-07 21:34:45.667639|[SDK][WS][SERVICE]connected nodes,count=2
info|2023-07-07 21:34:45.989100|[EVENT][SUB][doLoop]event sub tasks report,working event sub count=0,suspend event sub count=0
info|2023-07-07 21:35:05.668193|[SDK][WS][SERVICE]connected nodes,count=2
info|2023-07-07 21:35:05.989187|[EVENT][SUB][doLoop]event sub tasks report,working event sub count=0,suspend event sub count=0
info|2023-07-07 21:35:25.668645|[SDK][WS][SERVICE]connected nodes,count=2
info|2023-07-07 21:35:25.989851|[EVENT][SUB][doLoop]event sub tasks report,working event sub count=0,suspend event sub count=0
info|2023-07-07 21:35:45.668784|[SDK][WS][SERVICE]connected nodes,count=2
info|2023-07-07 21:35:45.990201|[EVENT][SUB][doLoop]event sub tasks report,working event sub count=0,suspend event sub count=0
info|2023-07-07 21:36:05.669058|[SDK][WS][SERVICE]connected nodes,count=2
info|2023-07-07 21:36:05.990342|[EVENT][SUB][doLoop]event sub tasks report,working event sub count=0,suspend event sub count=0
info|2023-07-07 21:36:25.669424|[SDK][WS][SERVICE]connected nodes,count=2
info|2023-07-07 21:36:25.990422|[EVENT][SUB][doLoop]event sub tasks report,working event sub count=0,suspend event sub count=0
info|2023-07-07 21:36:45.669540|[SDK][WS][SERVICE]connected nodes,count=2
info|2023-07-07 21:36:45.990579|[EVENT][SUB][doLoop]event sub tasks report,working event sub count=0,suspend event sub count=0
info|2023-07-07 21:37:05.670030|[SDK][WS][SERVICE]connected nodes,count=2
info|2023-07-07 21:37:05.990867|[EVENT][SUB][doLoop]event sub tasks report,working event sub count=0,suspend event sub count=0
info|2023-07-07 21:37:25.670198|[SDK][WS][SERVICE]connected nodes,count=2
info|2023-07-07 21:37:25.991176|[EVENT][SUB][doLoop]event sub tasks report,working event sub count=0,suspend event sub count=0
info|2023-07-07 21:37:45.670652|[SDK][WS][SERVICE]connected nodes,count=2
info|2023-07-07 21:37:45.991348|[EVENT][SUB][doLoop]event sub tasks report,working event sub count=0,suspend event sub count=0
info|2023-07-07 21:38:05.671379|[SDK][WS][SERVICE]connected nodes,count=2
info|2023-07-07 21:38:05.991479|[EVENT][SUB][doLoop]event sub tasks report,working event sub count=0,suspend event sub count=0
info|2023-07-07 21:38:25.671619|[SDK][WS][SERVICE]connected nodes,count=2
info|2023-07-07 21:38:25.991576|[EVENT][SUB][doLoop]event sub tasks report,working event sub count=0,suspend event sub count=0
info|2023-07-07 21:38:45.672133|[SDK][WS][SERVICE]connected nodes,count=2
info|2023-07-07 21:38:45.991992|[EVENT][SUB][doLoop]event sub tasks report,working event sub count=0,suspend event sub count=0
info|2023-07-07 21:39:05.672665|[SDK][WS][SERVICE]connected nodes,count=2
info|2023-07-07 21:39:05.992494|[EVENT][SUB][doLoop]event sub tasks report,working event sub count=0,suspend event sub count=0
info|2023-07-07 21:39:25.673129|[SDK][WS][SERVICE]connected nodes,count=2
info|2023-07-07 21:39:25.992665|[EVENT][SUB][doLoop]event sub tasks report,working event sub count=0,suspend event sub count=0
info|2023-07-07 21:39:45.673238|[SDK][WS][SERVICE]connected nodes,count=2
info|2023-07-07 21:39:45.993223|[EVENT][SUB][doLoop]event sub tasks report,working event sub count=0,suspend event sub count=0
info|2023-07-07 21:40:05.673482|[SDK][WS][SERVICE]connected nodes,count=2
info|2023-07-07 21:40:05.993611|[EVENT][SUB][doLoop]event sub tasks report,working event sub count=0,suspend event sub count=0
info|2023-07-07 21:40:25.673923|[SDK][WS][SERVICE]connected nodes,count=2
info|2023-07-07 21:40:25.994257|[EVENT][SUB][doLoop]event sub tasks report,working event sub count=0,suspend event sub count=0
info|2023-07-07 21:40:45.674057|[SDK][WS][SERVICE]connected nodes,count=2
info|2023-07-07 21:40:45.994506|[EVENT][SUB][doLoop]event sub tasks report,working event sub count=0,suspend event sub count=0
info|2023-07-07 21:41:05.674430|[SDK][WS][SERVICE]connected nodes,count=2
info|2023-07-07 21:41:05.994990|[EVENT][SUB][doLoop]event sub tasks report,working event sub count=0,suspend event sub count=0
info|2023-07-07 21:41:25.674535|[SDK][WS][SERVICE]connected nodes,count=2
info|2023-07-07 21:41:25.995124|[EVENT][SUB][doLoop]event sub tasks report,working event sub count=0,suspend event sub count=0
info|2023-07-07 21:41:45.675343|[SDK][WS][SERVICE]connected nodes,count=2
info|2023-07-07 21:41:45.995579|[EVENT][SUB][doLoop]event sub tasks report,working event sub count=0,suspend event sub count=0
info|2023-07-07 21:42:05.675760|[SDK][WS][SERVICE]connected nodes,count=2
info|2023-07-07 21:42:05.995985|[EVENT][SUB][doLoop]event sub tasks report,working event sub count=0,suspend event sub count=0
info|2023-07-07 21:42:25.676194|[SDK][WS][SERVICE]connected nodes,count=2
info|2023-07-07 21:42:25.996230|[EVENT][SUB][doLoop]event sub tasks report,working event sub count=0,suspend event sub count=0
info|2023-07-07 21:42:45.676473|[SDK][WS][SERVICE]connected nodes,count=2
info|2023-07-07 21:42:45.996398|[EVENT][SUB][doLoop]event sub tasks report,working event sub count=0,suspend event sub count=0
info|2023-07-07 21:43:05.676622|[SDK][WS][SERVICE]connected nodes,count=2
info|2023-07-07 21:43:05.996912|[EVENT][SUB][doLoop]event sub tasks report,working event sub count=0,suspend event sub count=0
info|2023-07-07 21:43:25.677211|[SDK][WS][SERVICE]connected nodes,count=2
info|2023-07-07 21:43:25.997595|[EVENT][SUB][doLoop]event sub tasks report,working event sub count=0,suspend event sub count=0
info|2023-07-07 21:43:45.678941|[SDK][WS][SERVICE]connected nodes,count=2
info|2023-07-07 21:43:45.997970|[EVENT][SUB][doLoop]event sub tasks report,working event sub count=0,suspend event sub count=0
info|2023-07-07 21:44:05.679624|[SDK][WS][SERVICE]connected nodes,count=2
info|2023-07-07 21:44:05.998073|[EVENT][SUB][doLoop]event sub tasks report,working event sub count=0,suspend event sub count=0
info|2023-07-07 21:44:25.680194|[SDK][WS][SERVICE]connected nodes,count=2
info|2023-07-07 21:44:25.998689|[EVENT][SUB][doLoop]event sub tasks report,working event sub count=0,suspend event sub count=0
info|2023-07-07 21:44:45.680846|[SDK][WS][SERVICE]connected nodes,count=2
info|2023-07-07 21:44:45.998848|[EVENT][SUB][doLoop]event sub tasks report,working event sub count=0,suspend event sub count=0
info|2023-07-07 21:45:05.681026|[SDK][WS][SERVICE]connected nodes,count=2
info|2023-07-07 21:45:05.999487|[EVENT][SUB][doLoop]event sub tasks report,working event sub count=0,suspend event sub count=0
info|2023-07-07 21:45:25.681105|[SDK][WS][SERVICE]connected nodes,count=2
info|2023-07-07 21:45:26.000111|[EVENT][SUB][doLoop]event sub tasks report,working event sub count=0,suspend event sub count=0
info|2023-07-07 21:45:45.681288|[SDK][WS][SERVICE]connected nodes,count=2
info|2023-07-07 21:45:46.000236|[EVENT][SUB][doLoop]event sub tasks report,working event sub count=0,suspend event sub count=0
info|2023-07-07 21:46:05.681602|[SDK][WS][SERVICE]connected nodes,count=2
info|2023-07-07 21:46:06.000817|[EVENT][SUB][doLoop]event sub tasks report,working event sub count=0,suspend event sub count=0
info|2023-07-07 21:46:25.682458|[SDK][WS][SERVICE]connected nodes,count=2
info|2023-07-07 21:46:26.001344|[EVENT][SUB][doLoop]event sub tasks report,working event sub count=0,suspend event sub count=0
info|2023-07-07 21:46:45.683058|[SDK][WS][SERVICE]connected nodes,count=2
info|2023-07-07 21:46:46.001527|[EVENT][SUB][doLoop]event sub tasks report,working event sub count=0,suspend event sub count=0
info|2023-07-07 21:47:05.683652|[SDK][WS][SERVICE]connected nodes,count=2
info|2023-07-07 21:47:06.002272|[EVENT][SUB][doLoop]event sub tasks report,working event sub count=0,suspend event sub count=0
info|2023-07-07 21:47:25.683763|[SDK][WS][SERVICE]connected nodes,count=2
info|2023-07-07 21:47:26.002593|[EVENT][SUB][doLoop]event sub tasks report,working event sub count=0,suspend event sub count=0
info|2023-07-07 21:47:45.683986|[SDK][WS][SERVICE]connected nodes,count=2
info|2023-07-07 21:47:46.003160|[EVENT][SUB][doLoop]event sub tasks report,working event sub count=0,suspend event sub count=0
info|2023-07-07 21:48:05.684105|[SDK][WS][SERVICE]connected nodes,count=2
info|2023-07-07 21:48:06.003379|[EVENT][SUB][doLoop]event sub tasks report,working event sub count=0,suspend event sub count=0
info|2023-07-07 21:48:25.684278|[SDK][WS][SERVICE]connected nodes,count=2
info|2023-07-07 21:48:26.003824|[EVENT][SUB][doLoop]event sub tasks report,working event sub count=0,suspend event sub count=0
info|2023-07-07 21:48:45.684821|[SDK][WS][SERVICE]connected nodes,count=2
info|2023-07-07 21:48:46.004167|[EVENT][SUB][doLoop]event sub tasks report,working event sub count=0,suspend event sub count=0
info|2023-07-07 21:49:05.685762|[SDK][WS][SERVICE]connected nodes,count=2
info|2023-07-07 21:49:06.004575|[EVENT][SUB][doLoop]event sub tasks report,working event sub count=0,suspend event sub count=0
info|2023-07-07 21:49:25.685962|[SDK][WS][SERVICE]connected nodes,count=2
info|2023-07-07 21:49:26.004719|[EVENT][SUB][doLoop]event sub tasks report,working event sub count=0,suspend event sub count=0
info|2023-07-07 21:49:45.686464|[SDK][WS][SERVICE]connected nodes,count=2
info|2023-07-07 21:49:46.005362|[EVENT][SUB][doLoop]event sub tasks report,working event sub count=0,suspend event sub count=0
info|2023-07-07 21:50:05.686941|[SDK][WS][SERVICE]connected nodes,count=2
info|2023-07-07 21:50:06.005514|[EVENT][SUB][doLoop]event sub tasks report,working event sub count=0,suspend event sub count=0
info|2023-07-07 21:50:25.687066|[SDK][WS][SERVICE]connected nodes,count=2
info|2023-07-07 21:50:26.005754|[EVENT][SUB][doLoop]event sub tasks report,working event sub count=0,suspend event sub count=0
info|2023-07-07 21:50:45.687304|[SDK][WS][SERVICE]connected nodes,count=2
info|2023-07-07 21:50:46.006182|[EVENT][SUB][doLoop]event sub tasks report,working event sub count=0,suspend event sub count=0
info|2023-07-07 21:51:05.687440|[SDK][WS][SERVICE]connected nodes,count=2
info|2023-07-07 21:51:06.006784|[EVENT][SUB][doLoop]event sub tasks report,working event sub count=0,suspend event sub count=0
info|2023-07-07 21:51:25.688112|[SDK][WS][SERVICE]connected nodes,count=2
info|2023-07-07 21:51:26.007234|[EVENT][SUB][doLoop]event sub tasks report,working event sub count=0,suspend event sub count=0
info|2023-07-07 21:51:45.688242|[SDK][WS][SERVICE]connected nodes,count=2
info|2023-07-07 21:51:46.007858|[EVENT][SUB][doLoop]event sub tasks report,working event sub count=0,suspend event sub count=0
info|2023-07-07 21:52:05.688616|[SDK][WS][SERVICE]connected nodes,count=2
info|2023-07-07 21:52:06.008349|[EVENT][SUB][doLoop]event sub tasks report,working event sub count=0,suspend event sub count=0
info|2023-07-07 21:52:25.688771|[SDK][WS][SERVICE]connected nodes,count=2
info|2023-07-07 21:52:26.008420|[EVENT][SUB][doLoop]event sub tasks report,working event sub count=0,suspend event sub count=0
info|2023-07-07 21:52:45.688960|[SDK][WS][SERVICE]connected nodes,count=2
info|2023-07-07 21:52:46.008793|[EVENT][SUB][doLoop]event sub tasks report,working event sub count=0,suspend event sub count=0
info|2023-07-07 21:53:05.689510|[SDK][WS][SERVICE]connected nodes,count=2
info|2023-07-07 21:53:06.008825|[EVENT][SUB][doLoop]event sub tasks report,working event sub count=0,suspend event sub count=0
info|2023-07-07 21:53:25.689701|[SDK][WS][SERVICE]connected nodes,count=2
info|2023-07-07 21:53:26.009243|[EVENT][SUB][doLoop]event sub tasks report,working event sub count=0,suspend event sub count=0
info|2023-07-07 21:53:45.689944|[SDK][WS][SERVICE]connected nodes,count=2
info|2023-07-07 21:53:46.009296|[EVENT][SUB][doLoop]event sub tasks report,working event sub count=0,suspend event sub count=0
info|2023-07-07 21:54:05.690025|[SDK][WS][SERVICE]connected nodes,count=2
info|2023-07-07 21:54:06.009817|[EVENT][SUB][doLoop]event sub tasks report,working event sub count=0,suspend event sub count=0
info|2023-07-07 21:54:25.690769|[SDK][WS][SERVICE]connected nodes,count=2
info|2023-07-07 21:54:26.010016|[EVENT][SUB][doLoop]event sub tasks report,working event sub count=0,suspend event sub count=0
info|2023-07-07 21:54:45.691336|[SDK][WS][SERVICE]connected nodes,count=2
info|2023-07-07 21:54:46.010302|[EVENT][SUB][doLoop]event sub tasks report,working event sub count=0,suspend event sub count=0
info|2023-07-07 21:55:05.691903|[SDK][WS][SERVICE]connected nodes,count=2
info|2023-07-07 21:55:06.010559|[EVENT][SUB][doLoop]event sub tasks report,working event sub count=0,suspend event sub count=0
info|2023-07-07 21:55:25.692028|[SDK][WS][SERVICE]connected nodes,count=2
info|2023-07-07 21:55:26.010712|[EVENT][SUB][doLoop]event sub tasks report,working event sub count=0,suspend event sub count=0
info|2023-07-07 21:55:45.692219|[SDK][WS][SERVICE]connected nodes,count=2
info|2023-07-07 21:55:46.011133|[EVENT][SUB][doLoop]event sub tasks report,working event sub count=0,suspend event sub count=0
info|2023-07-07 21:56:05.692469|[SDK][WS][SERVICE]connected nodes,count=2
info|2023-07-07 21:56:06.011199|[EVENT][SUB][doLoop]event sub tasks report,working event sub count=0,suspend event sub count=0
info|2023-07-07 21:56:25.693052|[SDK][WS][SERVICE]connected nodes,count=2
info|2023-07-07 21:56:26.011580|[EVENT][SUB][doLoop]event sub tasks report,working event sub count=0,suspend event sub count=0
info|2023-07-07 21:56:45.693228|[SDK][WS][SERVICE]connected nodes,count=2
info|2023-07-07 21:56:46.011944|[EVENT][SUB][doLoop]event sub tasks report,working event sub count=0,suspend event sub count=0
info|2023-07-07 21:57:05.693435|[SDK][WS][SERVICE]connected nodes,count=2
info|2023-07-07 21:57:06.012381|[EVENT][SUB][doLoop]event sub tasks report,working event sub count=0,suspend event sub count=0
info|2023-07-07 21:57:13.889636|[RPC][BLOCK][NUMBER][fromJson],group=group0,node=98a7f70ec883a722219d92253cf073a72605f4087aa3443c8e4aadc0af2dc3ac647d0fa1b5ac99cd6987abafe6d690ae71cd5fd2aeeabe7589bfb4748aabdfba,blockNumber=1535
info|2023-07-07 21:57:13.889701|[RPCWS][SERVICE][onRecvBlockNotifier]receive block number notifier,group=group0,node=98a7f70ec883a722219d92253cf073a72605f4087aa3443c8e4aadc0af2dc3ac647d0fa1b5ac99cd6987abafe6d690ae71cd5fd2aeeabe7589bfb4748aabdfba,blockNumber=1535
info|2023-07-07 21:57:13.889707|[RPCWS][SERVICE][updateGroupBlockNumber],groupID=group0,_blockNumber=1535
info|2023-07-07 21:57:13.889712|[RPCWS][SERVICE][onRecvBlockNotifier]block notifier callback,group=group0,node=98a7f70ec883a722219d92253cf073a72605f4087aa3443c8e4aadc0af2dc3ac647d0fa1b5ac99cd6987abafe6d690ae71cd5fd2aeeabe7589bfb4748aabdfba,blockNumber=1535
info|2023-07-07 21:57:13.889716|[WS]receive block notify,endpoint=127.0.0.1:20200,blk={
	"blockNumber" : 1535,
	"group" : "group0",
	"nodeName" : "98a7f70ec883a722219d92253cf073a72605f4087aa3443c8e4aadc0af2dc3ac647d0fa1b5ac99cd6987abafe6d690ae71cd5fd2aeeabe7589bfb4748aabdfba"
}
info|2023-07-07 21:57:13.896251|[RPC][BLOCK][NUMBER][fromJson],group=group0,node=2f993327933ad58672518b6d4f63920cbc68b80f78f4d81192552ee6362f5cc81ee13bdc678ad65f06e76444cadb53b33694cfb3fc7679b8000411975fedd28a,blockNumber=1535
info|2023-07-07 21:57:13.896308|[RPCWS][SERVICE][onRecvBlockNotifier]receive block number notifier,group=group0,node=2f993327933ad58672518b6d4f63920cbc68b80f78f4d81192552ee6362f5cc81ee13bdc678ad65f06e76444cadb53b33694cfb3fc7679b8000411975fedd28a,blockNumber=1535
info|2023-07-07 21:57:13.896316|[WS]receive block notify,endpoint=127.0.0.1:20201,blk={
	"blockNumber" : 1535,
	"group" : "group0",
	"nodeName" : "2f993327933ad58672518b6d4f63920cbc68b80f78f4d81192552ee6362f5cc81ee13bdc678ad65f06e76444cadb53b33694cfb3fc7679b8000411975fedd28a"
}
info|2023-07-07 21:57:14.412585|[RPC][BLOCK][NUMBER][fromJson],group=group0,node=98a7f70ec883a722219d92253cf073a72605f4087aa3443c8e4aadc0af2dc3ac647d0fa1b5ac99cd6987abafe6d690ae71cd5fd2aeeabe7589bfb4748aabdfba,blockNumber=1536
info|2023-07-07 21:57:14.412632|[RPCWS][SERVICE][onRecvBlockNotifier]receive block number notifier,group=group0,node=98a7f70ec883a722219d92253cf073a72605f4087aa3443c8e4aadc0af2dc3ac647d0fa1b5ac99cd6987abafe6d690ae71cd5fd2aeeabe7589bfb4748aabdfba,blockNumber=1536
info|2023-07-07 21:57:14.412640|[RPCWS][SERVICE][updateGroupBlockNumber],groupID=group0,_blockNumber=1536
info|2023-07-07 21:57:14.412645|[RPCWS][SERVICE][onRecvBlockNotifier]block notifier callback,group=group0,node=98a7f70ec883a722219d92253cf073a72605f4087aa3443c8e4aadc0af2dc3ac647d0fa1b5ac99cd6987abafe6d690ae71cd5fd2aeeabe7589bfb4748aabdfba,blockNumber=1536
info|2023-07-07 21:57:14.412667|[WS]receive block notify,endpoint=127.0.0.1:20200,blk={
	"blockNumber" : 1536,
	"group" : "group0",
	"nodeName" : "98a7f70ec883a722219d92253cf073a72605f4087aa3443c8e4aadc0af2dc3ac647d0fa1b5ac99cd6987abafe6d690ae71cd5fd2aeeabe7589bfb4748aabdfba"
}
info|2023-07-07 21:57:14.459526|[RPC][BLOCK][NUMBER][fromJson],group=group0,node=2f993327933ad58672518b6d4f63920cbc68b80f78f4d81192552ee6362f5cc81ee13bdc678ad65f06e76444cadb53b33694cfb3fc7679b8000411975fedd28a,blockNumber=1536
info|2023-07-07 21:57:14.459548|[RPCWS][SERVICE][onRecvBlockNotifier]receive block number notifier,group=group0,node=2f993327933ad58672518b6d4f63920cbc68b80f78f4d81192552ee6362f5cc81ee13bdc678ad65f06e76444cadb53b33694cfb3fc7679b8000411975fedd28a,blockNumber=1536
info|2023-07-07 21:57:14.459554|[WS]receive block notify,endpoint=127.0.0.1:20201,blk={
	"blockNumber" : 1536,
	"group" : "group0",
	"nodeName" : "2f993327933ad58672518b6d4f63920cbc68b80f78f4d81192552ee6362f5cc81ee13bdc678ad65f06e76444cadb53b33694cfb3fc7679b8000411975fedd28a"
}
info|2023-07-07 21:57:14.982248|[RPC][BLOCK][NUMBER][fromJson],group=group0,node=98a7f70ec883a722219d92253cf073a72605f4087aa3443c8e4aadc0af2dc3ac647d0fa1b5ac99cd6987abafe6d690ae71cd5fd2aeeabe7589bfb4748aabdfba,blockNumber=1537
info|2023-07-07 21:57:14.982267|[RPCWS][SERVICE][onRecvBlockNotifier]receive block number notifier,group=group0,node=98a7f70ec883a722219d92253cf073a72605f4087aa3443c8e4aadc0af2dc3ac647d0fa1b5ac99cd6987abafe6d690ae71cd5fd2aeeabe7589bfb4748aabdfba,blockNumber=1537
info|2023-07-07 21:57:14.982273|[RPCWS][SERVICE][updateGroupBlockNumber],groupID=group0,_blockNumber=1537
info|2023-07-07 21:57:14.982277|[RPCWS][SERVICE][onRecvBlockNotifier]block notifier callback,group=group0,node=98a7f70ec883a722219d92253cf073a72605f4087aa3443c8e4aadc0af2dc3ac647d0fa1b5ac99cd6987abafe6d690ae71cd5fd2aeeabe7589bfb4748aabdfba,blockNumber=1537
info|2023-07-07 21:57:14.982280|[WS]receive block notify,endpoint=127.0.0.1:20200,blk={
	"blockNumber" : 1537,
	"group" : "group0",
	"nodeName" : "98a7f70ec883a722219d92253cf073a72605f4087aa3443c8e4aadc0af2dc3ac647d0fa1b5ac99cd6987abafe6d690ae71cd5fd2aeeabe7589bfb4748aabdfba"
}
info|2023-07-07 21:57:14.995091|[RPC][BLOCK][NUMBER][fromJson],group=group0,node=2f993327933ad58672518b6d4f63920cbc68b80f78f4d81192552ee6362f5cc81ee13bdc678ad65f06e76444cadb53b33694cfb3fc7679b8000411975fedd28a,blockNumber=1537
info|2023-07-07 21:57:14.995112|[RPCWS][SERVICE][onRecvBlockNotifier]receive block number notifier,group=group0,node=2f993327933ad58672518b6d4f63920cbc68b80f78f4d81192552ee6362f5cc81ee13bdc678ad65f06e76444cadb53b33694cfb3fc7679b8000411975fedd28a,blockNumber=1537
info|2023-07-07 21:57:14.995118|[WS]receive block notify,endpoint=127.0.0.1:20201,blk={
	"blockNumber" : 1537,
	"group" : "group0",
	"nodeName" : "2f993327933ad58672518b6d4f63920cbc68b80f78f4d81192552ee6362f5cc81ee13bdc678ad65f06e76444cadb53b33694cfb3fc7679b8000411975fedd28a"
}
info|2023-07-07 21:57:15.514739|[RPC][BLOCK][NUMBER][fromJson],group=group0,node=98a7f70ec883a722219d92253cf073a72605f4087aa3443c8e4aadc0af2dc3ac647d0fa1b5ac99cd6987abafe6d690ae71cd5fd2aeeabe7589bfb4748aabdfba,blockNumber=1538
info|2023-07-07 21:57:15.514777|[RPCWS][SERVICE][onRecvBlockNotifier]receive block number notifier,group=group0,node=98a7f70ec883a722219d92253cf073a72605f4087aa3443c8e4aadc0af2dc3ac647d0fa1b5ac99cd6987abafe6d690ae71cd5fd2aeeabe7589bfb4748aabdfba,blockNumber=1538
info|2023-07-07 21:57:15.514783|[RPCWS][SERVICE][updateGroupBlockNumber],groupID=group0,_blockNumber=1538
info|2023-07-07 21:57:15.514788|[RPCWS][SERVICE][onRecvBlockNotifier]block notifier callback,group=group0,node=98a7f70ec883a722219d92253cf073a72605f4087aa3443c8e4aadc0af2dc3ac647d0fa1b5ac99cd6987abafe6d690ae71cd5fd2aeeabe7589bfb4748aabdfba,blockNumber=1538
info|2023-07-07 21:57:15.514791|[WS]receive block notify,endpoint=127.0.0.1:20200,blk={
	"blockNumber" : 1538,
	"group" : "group0",
	"nodeName" : "98a7f70ec883a722219d92253cf073a72605f4087aa3443c8e4aadc0af2dc3ac647d0fa1b5ac99cd6987abafe6d690ae71cd5fd2aeeabe7589bfb4748aabdfba"
}
info|2023-07-07 21:57:15.580868|[RPC][BLOCK][NUMBER][fromJson],group=group0,node=2f993327933ad58672518b6d4f63920cbc68b80f78f4d81192552ee6362f5cc81ee13bdc678ad65f06e76444cadb53b33694cfb3fc7679b8000411975fedd28a,blockNumber=1538
info|2023-07-07 21:57:15.580889|[RPCWS][SERVICE][onRecvBlockNotifier]receive block number notifier,group=group0,node=2f993327933ad58672518b6d4f63920cbc68b80f78f4d81192552ee6362f5cc81ee13bdc678ad65f06e76444cadb53b33694cfb3fc7679b8000411975fedd28a,blockNumber=1538
info|2023-07-07 21:57:15.580896|[WS]receive block notify,endpoint=127.0.0.1:20201,blk={
	"blockNumber" : 1538,
	"group" : "group0",
	"nodeName" : "2f993327933ad58672518b6d4f63920cbc68b80f78f4d81192552ee6362f5cc81ee13bdc678ad65f06e76444cadb53b33694cfb3fc7679b8000411975fedd28a"
}
info|2023-07-07 21:57:16.057946|[RPC][BLOCK][NUMBER][fromJson],group=group0,node=98a7f70ec883a722219d92253cf073a72605f4087aa3443c8e4aadc0af2dc3ac647d0fa1b5ac99cd6987abafe6d690ae71cd5fd2aeeabe7589bfb4748aabdfba,blockNumber=1539
info|2023-07-07 21:57:16.057966|[RPCWS][SERVICE][onRecvBlockNotifier]receive block number notifier,group=group0,node=98a7f70ec883a722219d92253cf073a72605f4087aa3443c8e4aadc0af2dc3ac647d0fa1b5ac99cd6987abafe6d690ae71cd5fd2aeeabe7589bfb4748aabdfba,blockNumber=1539
info|2023-07-07 21:57:16.057973|[RPCWS][SERVICE][updateGroupBlockNumber],groupID=group0,_blockNumber=1539
info|2023-07-07 21:57:16.057978|[RPCWS][SERVICE][onRecvBlockNotifier]block notifier callback,group=group0,node=98a7f70ec883a722219d92253cf073a72605f4087aa3443c8e4aadc0af2dc3ac647d0fa1b5ac99cd6987abafe6d690ae71cd5fd2aeeabe7589bfb4748aabdfba,blockNumber=1539
info|2023-07-07 21:57:16.057982|[WS]receive block notify,endpoint=127.0.0.1:20200,blk={
	"blockNumber" : 1539,
	"group" : "group0",
	"nodeName" : "98a7f70ec883a722219d92253cf073a72605f4087aa3443c8e4aadc0af2dc3ac647d0fa1b5ac99cd6987abafe6d690ae71cd5fd2aeeabe7589bfb4748aabdfba"
}
info|2023-07-07 21:57:16.101884|[RPC][BLOCK][NUMBER][fromJson],group=group0,node=2f993327933ad58672518b6d4f63920cbc68b80f78f4d81192552ee6362f5cc81ee13bdc678ad65f06e76444cadb53b33694cfb3fc7679b8000411975fedd28a,blockNumber=1539
info|2023-07-07 21:57:16.102016|[RPCWS][SERVICE][onRecvBlockNotifier]receive block number notifier,group=group0,node=2f993327933ad58672518b6d4f63920cbc68b80f78f4d81192552ee6362f5cc81ee13bdc678ad65f06e76444cadb53b33694cfb3fc7679b8000411975fedd28a,blockNumber=1539
info|2023-07-07 21:57:16.102026|[WS]receive block notify,endpoint=127.0.0.1:20201,blk={
	"blockNumber" : 1539,
	"group" : "group0",
	"nodeName" : "2f993327933ad58672518b6d4f63920cbc68b80f78f4d81192552ee6362f5cc81ee13bdc678ad65f06e76444cadb53b33694cfb3fc7679b8000411975fedd28a"
}
info|2023-07-07 21:57:16.614010|[RPC][BLOCK][NUMBER][fromJson],group=group0,node=98a7f70ec883a722219d92253cf073a72605f4087aa3443c8e4aadc0af2dc3ac647d0fa1b5ac99cd6987abafe6d690ae71cd5fd2aeeabe7589bfb4748aabdfba,blockNumber=1540
info|2023-07-07 21:57:16.614030|[RPCWS][SERVICE][onRecvBlockNotifier]receive block number notifier,group=group0,node=98a7f70ec883a722219d92253cf073a72605f4087aa3443c8e4aadc0af2dc3ac647d0fa1b5ac99cd6987abafe6d690ae71cd5fd2aeeabe7589bfb4748aabdfba,blockNumber=1540
info|2023-07-07 21:57:16.614034|[RPCWS][SERVICE][updateGroupBlockNumber],groupID=group0,_blockNumber=1540
info|2023-07-07 21:57:16.614039|[RPCWS][SERVICE][onRecvBlockNotifier]block notifier callback,group=group0,node=98a7f70ec883a722219d92253cf073a72605f4087aa3443c8e4aadc0af2dc3ac647d0fa1b5ac99cd6987abafe6d690ae71cd5fd2aeeabe7589bfb4748aabdfba,blockNumber=1540
info|2023-07-07 21:57:16.614043|[WS]receive block notify,endpoint=127.0.0.1:20200,blk={
	"blockNumber" : 1540,
	"group" : "group0",
	"nodeName" : "98a7f70ec883a722219d92253cf073a72605f4087aa3443c8e4aadc0af2dc3ac647d0fa1b5ac99cd6987abafe6d690ae71cd5fd2aeeabe7589bfb4748aabdfba"
}
info|2023-07-07 21:57:16.739117|[RPC][BLOCK][NUMBER][fromJson],group=group0,node=2f993327933ad58672518b6d4f63920cbc68b80f78f4d81192552ee6362f5cc81ee13bdc678ad65f06e76444cadb53b33694cfb3fc7679b8000411975fedd28a,blockNumber=1540
info|2023-07-07 21:57:16.739138|[RPCWS][SERVICE][onRecvBlockNotifier]receive block number notifier,group=group0,node=2f993327933ad58672518b6d4f63920cbc68b80f78f4d81192552ee6362f5cc81ee13bdc678ad65f06e76444cadb53b33694cfb3fc7679b8000411975fedd28a,blockNumber=1540
info|2023-07-07 21:57:16.739144|[WS]receive block notify,endpoint=127.0.0.1:20201,blk={
	"blockNumber" : 1540,
	"group" : "group0",
	"nodeName" : "2f993327933ad58672518b6d4f63920cbc68b80f78f4d81192552ee6362f5cc81ee13bdc678ad65f06e76444cadb53b33694cfb3fc7679b8000411975fedd28a"
}
info|2023-07-07 21:57:17.188731|[RPC][BLOCK][NUMBER][fromJson],group=group0,node=98a7f70ec883a722219d92253cf073a72605f4087aa3443c8e4aadc0af2dc3ac647d0fa1b5ac99cd6987abafe6d690ae71cd5fd2aeeabe7589bfb4748aabdfba,blockNumber=1541
info|2023-07-07 21:57:17.188790|[RPCWS][SERVICE][onRecvBlockNotifier]receive block number notifier,group=group0,node=98a7f70ec883a722219d92253cf073a72605f4087aa3443c8e4aadc0af2dc3ac647d0fa1b5ac99cd6987abafe6d690ae71cd5fd2aeeabe7589bfb4748aabdfba,blockNumber=1541
info|2023-07-07 21:57:17.188801|[RPCWS][SERVICE][updateGroupBlockNumber],groupID=group0,_blockNumber=1541
info|2023-07-07 21:57:17.188826|[RPCWS][SERVICE][onRecvBlockNotifier]block notifier callback,group=group0,node=98a7f70ec883a722219d92253cf073a72605f4087aa3443c8e4aadc0af2dc3ac647d0fa1b5ac99cd6987abafe6d690ae71cd5fd2aeeabe7589bfb4748aabdfba,blockNumber=1541
info|2023-07-07 21:57:17.188831|[WS]receive block notify,endpoint=127.0.0.1:20200,blk={
	"blockNumber" : 1541,
	"group" : "group0",
	"nodeName" : "98a7f70ec883a722219d92253cf073a72605f4087aa3443c8e4aadc0af2dc3ac647d0fa1b5ac99cd6987abafe6d690ae71cd5fd2aeeabe7589bfb4748aabdfba"
}
info|2023-07-07 21:57:17.194195|[RPC][BLOCK][NUMBER][fromJson],group=group0,node=2f993327933ad58672518b6d4f63920cbc68b80f78f4d81192552ee6362f5cc81ee13bdc678ad65f06e76444cadb53b33694cfb3fc7679b8000411975fedd28a,blockNumber=1541
info|2023-07-07 21:57:17.194228|[RPCWS][SERVICE][onRecvBlockNotifier]receive block number notifier,group=group0,node=2f993327933ad58672518b6d4f63920cbc68b80f78f4d81192552ee6362f5cc81ee13bdc678ad65f06e76444cadb53b33694cfb3fc7679b8000411975fedd28a,blockNumber=1541
info|2023-07-07 21:57:17.194236|[WS]receive block notify,endpoint=127.0.0.1:20201,blk={
	"blockNumber" : 1541,
	"group" : "group0",
	"nodeName" : "2f993327933ad58672518b6d4f63920cbc68b80f78f4d81192552ee6362f5cc81ee13bdc678ad65f06e76444cadb53b33694cfb3fc7679b8000411975fedd28a"
}
info|2023-07-07 21:57:17.791352|[RPC][BLOCK][NUMBER][fromJson],group=group0,node=98a7f70ec883a722219d92253cf073a72605f4087aa3443c8e4aadc0af2dc3ac647d0fa1b5ac99cd6987abafe6d690ae71cd5fd2aeeabe7589bfb4748aabdfba,blockNumber=1542
info|2023-07-07 21:57:17.791372|[RPCWS][SERVICE][onRecvBlockNotifier]receive block number notifier,group=group0,node=98a7f70ec883a722219d92253cf073a72605f4087aa3443c8e4aadc0af2dc3ac647d0fa1b5ac99cd6987abafe6d690ae71cd5fd2aeeabe7589bfb4748aabdfba,blockNumber=1542
info|2023-07-07 21:57:17.791376|[RPCWS][SERVICE][updateGroupBlockNumber],groupID=group0,_blockNumber=1542
info|2023-07-07 21:57:17.791381|[RPCWS][SERVICE][onRecvBlockNotifier]block notifier callback,group=group0,node=98a7f70ec883a722219d92253cf073a72605f4087aa3443c8e4aadc0af2dc3ac647d0fa1b5ac99cd6987abafe6d690ae71cd5fd2aeeabe7589bfb4748aabdfba,blockNumber=1542
info|2023-07-07 21:57:17.791384|[WS]receive block notify,endpoint=127.0.0.1:20200,blk={
	"blockNumber" : 1542,
	"group" : "group0",
	"nodeName" : "98a7f70ec883a722219d92253cf073a72605f4087aa3443c8e4aadc0af2dc3ac647d0fa1b5ac99cd6987abafe6d690ae71cd5fd2aeeabe7589bfb4748aabdfba"
}
info|2023-07-07 21:57:17.798746|[RPC][BLOCK][NUMBER][fromJson],group=group0,node=2f993327933ad58672518b6d4f63920cbc68b80f78f4d81192552ee6362f5cc81ee13bdc678ad65f06e76444cadb53b33694cfb3fc7679b8000411975fedd28a,blockNumber=1542
info|2023-07-07 21:57:17.798769|[RPCWS][SERVICE][onRecvBlockNotifier]receive block number notifier,group=group0,node=2f993327933ad58672518b6d4f63920cbc68b80f78f4d81192552ee6362f5cc81ee13bdc678ad65f06e76444cadb53b33694cfb3fc7679b8000411975fedd28a,blockNumber=1542
info|2023-07-07 21:57:17.798775|[WS]receive block notify,endpoint=127.0.0.1:20201,blk={
	"blockNumber" : 1542,
	"group" : "group0",
	"nodeName" : "2f993327933ad58672518b6d4f63920cbc68b80f78f4d81192552ee6362f5cc81ee13bdc678ad65f06e76444cadb53b33694cfb3fc7679b8000411975fedd28a"
}
info|2023-07-07 21:57:18.317498|[RPC][BLOCK][NUMBER][fromJson],group=group0,node=98a7f70ec883a722219d92253cf073a72605f4087aa3443c8e4aadc0af2dc3ac647d0fa1b5ac99cd6987abafe6d690ae71cd5fd2aeeabe7589bfb4748aabdfba,blockNumber=1543
info|2023-07-07 21:57:18.317520|[RPCWS][SERVICE][onRecvBlockNotifier]receive block number notifier,group=group0,node=98a7f70ec883a722219d92253cf073a72605f4087aa3443c8e4aadc0af2dc3ac647d0fa1b5ac99cd6987abafe6d690ae71cd5fd2aeeabe7589bfb4748aabdfba,blockNumber=1543
info|2023-07-07 21:57:18.317526|[RPCWS][SERVICE][updateGroupBlockNumber],groupID=group0,_blockNumber=1543
info|2023-07-07 21:57:18.317530|[RPCWS][SERVICE][onRecvBlockNotifier]block notifier callback,group=group0,node=98a7f70ec883a722219d92253cf073a72605f4087aa3443c8e4aadc0af2dc3ac647d0fa1b5ac99cd6987abafe6d690ae71cd5fd2aeeabe7589bfb4748aabdfba,blockNumber=1543
info|2023-07-07 21:57:18.317533|[WS]receive block notify,endpoint=127.0.0.1:20200,blk={
	"blockNumber" : 1543,
	"group" : "group0",
	"nodeName" : "98a7f70ec883a722219d92253cf073a72605f4087aa3443c8e4aadc0af2dc3ac647d0fa1b5ac99cd6987abafe6d690ae71cd5fd2aeeabe7589bfb4748aabdfba"
}
info|2023-07-07 21:57:18.361207|[RPC][BLOCK][NUMBER][fromJson],group=group0,node=2f993327933ad58672518b6d4f63920cbc68b80f78f4d81192552ee6362f5cc81ee13bdc678ad65f06e76444cadb53b33694cfb3fc7679b8000411975fedd28a,blockNumber=1543
info|2023-07-07 21:57:18.361250|[RPCWS][SERVICE][onRecvBlockNotifier]receive block number notifier,group=group0,node=2f993327933ad58672518b6d4f63920cbc68b80f78f4d81192552ee6362f5cc81ee13bdc678ad65f06e76444cadb53b33694cfb3fc7679b8000411975fedd28a,blockNumber=1543
info|2023-07-07 21:57:18.361258|[WS]receive block notify,endpoint=127.0.0.1:20201,blk={
	"blockNumber" : 1543,
	"group" : "group0",
	"nodeName" : "2f993327933ad58672518b6d4f63920cbc68b80f78f4d81192552ee6362f5cc81ee13bdc678ad65f06e76444cadb53b33694cfb3fc7679b8000411975fedd28a"
}
info|2023-07-07 21:57:18.865017|[RPC][BLOCK][NUMBER][fromJson],group=group0,node=98a7f70ec883a722219d92253cf073a72605f4087aa3443c8e4aadc0af2dc3ac647d0fa1b5ac99cd6987abafe6d690ae71cd5fd2aeeabe7589bfb4748aabdfba,blockNumber=1544
info|2023-07-07 21:57:18.865038|[RPCWS][SERVICE][onRecvBlockNotifier]receive block number notifier,group=group0,node=98a7f70ec883a722219d92253cf073a72605f4087aa3443c8e4aadc0af2dc3ac647d0fa1b5ac99cd6987abafe6d690ae71cd5fd2aeeabe7589bfb4748aabdfba,blockNumber=1544
info|2023-07-07 21:57:18.865043|[RPCWS][SERVICE][updateGroupBlockNumber],groupID=group0,_blockNumber=1544
info|2023-07-07 21:57:18.865048|[RPCWS][SERVICE][onRecvBlockNotifier]block notifier callback,group=group0,node=98a7f70ec883a722219d92253cf073a72605f4087aa3443c8e4aadc0af2dc3ac647d0fa1b5ac99cd6987abafe6d690ae71cd5fd2aeeabe7589bfb4748aabdfba,blockNumber=1544
info|2023-07-07 21:57:18.865052|[WS]receive block notify,endpoint=127.0.0.1:20200,blk={
	"blockNumber" : 1544,
	"group" : "group0",
	"nodeName" : "98a7f70ec883a722219d92253cf073a72605f4087aa3443c8e4aadc0af2dc3ac647d0fa1b5ac99cd6987abafe6d690ae71cd5fd2aeeabe7589bfb4748aabdfba"
}
info|2023-07-07 21:57:18.895857|[RPC][BLOCK][NUMBER][fromJson],group=group0,node=2f993327933ad58672518b6d4f63920cbc68b80f78f4d81192552ee6362f5cc81ee13bdc678ad65f06e76444cadb53b33694cfb3fc7679b8000411975fedd28a,blockNumber=1544
info|2023-07-07 21:57:18.895903|[RPCWS][SERVICE][onRecvBlockNotifier]receive block number notifier,group=group0,node=2f993327933ad58672518b6d4f63920cbc68b80f78f4d81192552ee6362f5cc81ee13bdc678ad65f06e76444cadb53b33694cfb3fc7679b8000411975fedd28a,blockNumber=1544
info|2023-07-07 21:57:18.895912|[WS]receive block notify,endpoint=127.0.0.1:20201,blk={
	"blockNumber" : 1544,
	"group" : "group0",
	"nodeName" : "2f993327933ad58672518b6d4f63920cbc68b80f78f4d81192552ee6362f5cc81ee13bdc678ad65f06e76444cadb53b33694cfb3fc7679b8000411975fedd28a"
}
info|2023-07-07 21:57:19.370949|[RPC][BLOCK][NUMBER][fromJson],group=group0,node=98a7f70ec883a722219d92253cf073a72605f4087aa3443c8e4aadc0af2dc3ac647d0fa1b5ac99cd6987abafe6d690ae71cd5fd2aeeabe7589bfb4748aabdfba,blockNumber=1545
info|2023-07-07 21:57:19.370969|[RPCWS][SERVICE][onRecvBlockNotifier]receive block number notifier,group=group0,node=98a7f70ec883a722219d92253cf073a72605f4087aa3443c8e4aadc0af2dc3ac647d0fa1b5ac99cd6987abafe6d690ae71cd5fd2aeeabe7589bfb4748aabdfba,blockNumber=1545
info|2023-07-07 21:57:19.370974|[RPCWS][SERVICE][updateGroupBlockNumber],groupID=group0,_blockNumber=1545
info|2023-07-07 21:57:19.370978|[RPCWS][SERVICE][onRecvBlockNotifier]block notifier callback,group=group0,node=98a7f70ec883a722219d92253cf073a72605f4087aa3443c8e4aadc0af2dc3ac647d0fa1b5ac99cd6987abafe6d690ae71cd5fd2aeeabe7589bfb4748aabdfba,blockNumber=1545
info|2023-07-07 21:57:19.370981|[WS]receive block notify,endpoint=127.0.0.1:20200,blk={
	"blockNumber" : 1545,
	"group" : "group0",
	"nodeName" : "98a7f70ec883a722219d92253cf073a72605f4087aa3443c8e4aadc0af2dc3ac647d0fa1b5ac99cd6987abafe6d690ae71cd5fd2aeeabe7589bfb4748aabdfba"
}
info|2023-07-07 21:57:19.404323|[RPC][BLOCK][NUMBER][fromJson],group=group0,node=2f993327933ad58672518b6d4f63920cbc68b80f78f4d81192552ee6362f5cc81ee13bdc678ad65f06e76444cadb53b33694cfb3fc7679b8000411975fedd28a,blockNumber=1545
info|2023-07-07 21:57:19.404341|[RPCWS][SERVICE][onRecvBlockNotifier]receive block number notifier,group=group0,node=2f993327933ad58672518b6d4f63920cbc68b80f78f4d81192552ee6362f5cc81ee13bdc678ad65f06e76444cadb53b33694cfb3fc7679b8000411975fedd28a,blockNumber=1545
info|2023-07-07 21:57:19.404347|[WS]receive block notify,endpoint=127.0.0.1:20201,blk={
	"blockNumber" : 1545,
	"group" : "group0",
	"nodeName" : "2f993327933ad58672518b6d4f63920cbc68b80f78f4d81192552ee6362f5cc81ee13bdc678ad65f06e76444cadb53b33694cfb3fc7679b8000411975fedd28a"
}
info|2023-07-07 21:57:19.975282|[RPC][BLOCK][NUMBER][fromJson],group=group0,node=98a7f70ec883a722219d92253cf073a72605f4087aa3443c8e4aadc0af2dc3ac647d0fa1b5ac99cd6987abafe6d690ae71cd5fd2aeeabe7589bfb4748aabdfba,blockNumber=1546
info|2023-07-07 21:57:19.975331|[RPCWS][SERVICE][onRecvBlockNotifier]receive block number notifier,group=group0,node=98a7f70ec883a722219d92253cf073a72605f4087aa3443c8e4aadc0af2dc3ac647d0fa1b5ac99cd6987abafe6d690ae71cd5fd2aeeabe7589bfb4748aabdfba,blockNumber=1546
info|2023-07-07 21:57:19.975337|[RPCWS][SERVICE][updateGroupBlockNumber],groupID=group0,_blockNumber=1546
info|2023-07-07 21:57:19.975341|[RPCWS][SERVICE][onRecvBlockNotifier]block notifier callback,group=group0,node=98a7f70ec883a722219d92253cf073a72605f4087aa3443c8e4aadc0af2dc3ac647d0fa1b5ac99cd6987abafe6d690ae71cd5fd2aeeabe7589bfb4748aabdfba,blockNumber=1546
info|2023-07-07 21:57:19.975344|[WS]receive block notify,endpoint=127.0.0.1:20200,blk={
	"blockNumber" : 1546,
	"group" : "group0",
	"nodeName" : "98a7f70ec883a722219d92253cf073a72605f4087aa3443c8e4aadc0af2dc3ac647d0fa1b5ac99cd6987abafe6d690ae71cd5fd2aeeabe7589bfb4748aabdfba"
}
info|2023-07-07 21:57:20.006714|[RPC][BLOCK][NUMBER][fromJson],group=group0,node=2f993327933ad58672518b6d4f63920cbc68b80f78f4d81192552ee6362f5cc81ee13bdc678ad65f06e76444cadb53b33694cfb3fc7679b8000411975fedd28a,blockNumber=1546
info|2023-07-07 21:57:20.006760|[RPCWS][SERVICE][onRecvBlockNotifier]receive block number notifier,group=group0,node=2f993327933ad58672518b6d4f63920cbc68b80f78f4d81192552ee6362f5cc81ee13bdc678ad65f06e76444cadb53b33694cfb3fc7679b8000411975fedd28a,blockNumber=1546
info|2023-07-07 21:57:20.006768|[WS]receive block notify,endpoint=127.0.0.1:20201,blk={
	"blockNumber" : 1546,
	"group" : "group0",
	"nodeName" : "2f993327933ad58672518b6d4f63920cbc68b80f78f4d81192552ee6362f5cc81ee13bdc678ad65f06e76444cadb53b33694cfb3fc7679b8000411975fedd28a"
}
info|2023-07-07 21:57:20.516637|[RPC][BLOCK][NUMBER][fromJson],group=group0,node=98a7f70ec883a722219d92253cf073a72605f4087aa3443c8e4aadc0af2dc3ac647d0fa1b5ac99cd6987abafe6d690ae71cd5fd2aeeabe7589bfb4748aabdfba,blockNumber=1547
info|2023-07-07 21:57:20.516659|[RPCWS][SERVICE][onRecvBlockNotifier]receive block number notifier,group=group0,node=98a7f70ec883a722219d92253cf073a72605f4087aa3443c8e4aadc0af2dc3ac647d0fa1b5ac99cd6987abafe6d690ae71cd5fd2aeeabe7589bfb4748aabdfba,blockNumber=1547
info|2023-07-07 21:57:20.516677|[RPCWS][SERVICE][updateGroupBlockNumber],groupID=group0,_blockNumber=1547
info|2023-07-07 21:57:20.516680|[RPCWS][SERVICE][onRecvBlockNotifier]block notifier callback,group=group0,node=98a7f70ec883a722219d92253cf073a72605f4087aa3443c8e4aadc0af2dc3ac647d0fa1b5ac99cd6987abafe6d690ae71cd5fd2aeeabe7589bfb4748aabdfba,blockNumber=1547
info|2023-07-07 21:57:20.516683|[WS]receive block notify,endpoint=127.0.0.1:20200,blk={
	"blockNumber" : 1547,
	"group" : "group0",
	"nodeName" : "98a7f70ec883a722219d92253cf073a72605f4087aa3443c8e4aadc0af2dc3ac647d0fa1b5ac99cd6987abafe6d690ae71cd5fd2aeeabe7589bfb4748aabdfba"
}
info|2023-07-07 21:57:20.563634|[RPC][BLOCK][NUMBER][fromJson],group=group0,node=2f993327933ad58672518b6d4f63920cbc68b80f78f4d81192552ee6362f5cc81ee13bdc678ad65f06e76444cadb53b33694cfb3fc7679b8000411975fedd28a,blockNumber=1547
info|2023-07-07 21:57:20.563670|[RPCWS][SERVICE][onRecvBlockNotifier]receive block number notifier,group=group0,node=2f993327933ad58672518b6d4f63920cbc68b80f78f4d81192552ee6362f5cc81ee13bdc678ad65f06e76444cadb53b33694cfb3fc7679b8000411975fedd28a,blockNumber=1547
info|2023-07-07 21:57:20.563679|[WS]receive block notify,endpoint=127.0.0.1:20201,blk={
	"blockNumber" : 1547,
	"group" : "group0",
	"nodeName" : "2f993327933ad58672518b6d4f63920cbc68b80f78f4d81192552ee6362f5cc81ee13bdc678ad65f06e76444cadb53b33694cfb3fc7679b8000411975fedd28a"
}
info|2023-07-07 21:57:21.070152|[RPC][BLOCK][NUMBER][fromJson],group=group0,node=98a7f70ec883a722219d92253cf073a72605f4087aa3443c8e4aadc0af2dc3ac647d0fa1b5ac99cd6987abafe6d690ae71cd5fd2aeeabe7589bfb4748aabdfba,blockNumber=1548
info|2023-07-07 21:57:21.070189|[RPCWS][SERVICE][onRecvBlockNotifier]receive block number notifier,group=group0,node=98a7f70ec883a722219d92253cf073a72605f4087aa3443c8e4aadc0af2dc3ac647d0fa1b5ac99cd6987abafe6d690ae71cd5fd2aeeabe7589bfb4748aabdfba,blockNumber=1548
info|2023-07-07 21:57:21.070194|[RPCWS][SERVICE][updateGroupBlockNumber],groupID=group0,_blockNumber=1548
info|2023-07-07 21:57:21.070199|[RPCWS][SERVICE][onRecvBlockNotifier]block notifier callback,group=group0,node=98a7f70ec883a722219d92253cf073a72605f4087aa3443c8e4aadc0af2dc3ac647d0fa1b5ac99cd6987abafe6d690ae71cd5fd2aeeabe7589bfb4748aabdfba,blockNumber=1548
info|2023-07-07 21:57:21.070203|[WS]receive block notify,endpoint=127.0.0.1:20200,blk={
	"blockNumber" : 1548,
	"group" : "group0",
	"nodeName" : "98a7f70ec883a722219d92253cf073a72605f4087aa3443c8e4aadc0af2dc3ac647d0fa1b5ac99cd6987abafe6d690ae71cd5fd2aeeabe7589bfb4748aabdfba"
}
info|2023-07-07 21:57:21.113391|[RPC][BLOCK][NUMBER][fromJson],group=group0,node=2f993327933ad58672518b6d4f63920cbc68b80f78f4d81192552ee6362f5cc81ee13bdc678ad65f06e76444cadb53b33694cfb3fc7679b8000411975fedd28a,blockNumber=1548
info|2023-07-07 21:57:21.113417|[RPCWS][SERVICE][onRecvBlockNotifier]receive block number notifier,group=group0,node=2f993327933ad58672518b6d4f63920cbc68b80f78f4d81192552ee6362f5cc81ee13bdc678ad65f06e76444cadb53b33694cfb3fc7679b8000411975fedd28a,blockNumber=1548
info|2023-07-07 21:57:21.113423|[WS]receive block notify,endpoint=127.0.0.1:20201,blk={
	"blockNumber" : 1548,
	"group" : "group0",
	"nodeName" : "2f993327933ad58672518b6d4f63920cbc68b80f78f4d81192552ee6362f5cc81ee13bdc678ad65f06e76444cadb53b33694cfb3fc7679b8000411975fedd28a"
}
info|2023-07-07 21:57:21.579644|[RPC][BLOCK][NUMBER][fromJson],group=group0,node=98a7f70ec883a722219d92253cf073a72605f4087aa3443c8e4aadc0af2dc3ac647d0fa1b5ac99cd6987abafe6d690ae71cd5fd2aeeabe7589bfb4748aabdfba,blockNumber=1549
info|2023-07-07 21:57:21.579678|[RPCWS][SERVICE][onRecvBlockNotifier]receive block number notifier,group=group0,node=98a7f70ec883a722219d92253cf073a72605f4087aa3443c8e4aadc0af2dc3ac647d0fa1b5ac99cd6987abafe6d690ae71cd5fd2aeeabe7589bfb4748aabdfba,blockNumber=1549
info|2023-07-07 21:57:21.579684|[RPCWS][SERVICE][updateGroupBlockNumber],groupID=group0,_blockNumber=1549
info|2023-07-07 21:57:21.579688|[RPCWS][SERVICE][onRecvBlockNotifier]block notifier callback,group=group0,node=98a7f70ec883a722219d92253cf073a72605f4087aa3443c8e4aadc0af2dc3ac647d0fa1b5ac99cd6987abafe6d690ae71cd5fd2aeeabe7589bfb4748aabdfba,blockNumber=1549
info|2023-07-07 21:57:21.579691|[WS]receive block notify,endpoint=127.0.0.1:20200,blk={
	"blockNumber" : 1549,
	"group" : "group0",
	"nodeName" : "98a7f70ec883a722219d92253cf073a72605f4087aa3443c8e4aadc0af2dc3ac647d0fa1b5ac99cd6987abafe6d690ae71cd5fd2aeeabe7589bfb4748aabdfba"
}
info|2023-07-07 21:57:21.619222|[RPC][BLOCK][NUMBER][fromJson],group=group0,node=2f993327933ad58672518b6d4f63920cbc68b80f78f4d81192552ee6362f5cc81ee13bdc678ad65f06e76444cadb53b33694cfb3fc7679b8000411975fedd28a,blockNumber=1549
info|2023-07-07 21:57:21.619254|[RPCWS][SERVICE][onRecvBlockNotifier]receive block number notifier,group=group0,node=2f993327933ad58672518b6d4f63920cbc68b80f78f4d81192552ee6362f5cc81ee13bdc678ad65f06e76444cadb53b33694cfb3fc7679b8000411975fedd28a,blockNumber=1549
info|2023-07-07 21:57:21.619262|[WS]receive block notify,endpoint=127.0.0.1:20201,blk={
	"blockNumber" : 1549,
	"group" : "group0",
	"nodeName" : "2f993327933ad58672518b6d4f63920cbc68b80f78f4d81192552ee6362f5cc81ee13bdc678ad65f06e76444cadb53b33694cfb3fc7679b8000411975fedd28a"
}
info|2023-07-07 21:57:22.163945|[RPC][BLOCK][NUMBER][fromJson],group=group0,node=98a7f70ec883a722219d92253cf073a72605f4087aa3443c8e4aadc0af2dc3ac647d0fa1b5ac99cd6987abafe6d690ae71cd5fd2aeeabe7589bfb4748aabdfba,blockNumber=1550
info|2023-07-07 21:57:22.163979|[RPCWS][SERVICE][onRecvBlockNotifier]receive block number notifier,group=group0,node=98a7f70ec883a722219d92253cf073a72605f4087aa3443c8e4aadc0af2dc3ac647d0fa1b5ac99cd6987abafe6d690ae71cd5fd2aeeabe7589bfb4748aabdfba,blockNumber=1550
info|2023-07-07 21:57:22.163985|[RPCWS][SERVICE][updateGroupBlockNumber],groupID=group0,_blockNumber=1550
info|2023-07-07 21:57:22.163989|[RPCWS][SERVICE][onRecvBlockNotifier]block notifier callback,group=group0,node=98a7f70ec883a722219d92253cf073a72605f4087aa3443c8e4aadc0af2dc3ac647d0fa1b5ac99cd6987abafe6d690ae71cd5fd2aeeabe7589bfb4748aabdfba,blockNumber=1550
info|2023-07-07 21:57:22.163993|[WS]receive block notify,endpoint=127.0.0.1:20200,blk={
	"blockNumber" : 1550,
	"group" : "group0",
	"nodeName" : "98a7f70ec883a722219d92253cf073a72605f4087aa3443c8e4aadc0af2dc3ac647d0fa1b5ac99cd6987abafe6d690ae71cd5fd2aeeabe7589bfb4748aabdfba"
}
info|2023-07-07 21:57:22.214757|[RPC][BLOCK][NUMBER][fromJson],group=group0,node=2f993327933ad58672518b6d4f63920cbc68b80f78f4d81192552ee6362f5cc81ee13bdc678ad65f06e76444cadb53b33694cfb3fc7679b8000411975fedd28a,blockNumber=1550
info|2023-07-07 21:57:22.214780|[RPCWS][SERVICE][onRecvBlockNotifier]receive block number notifier,group=group0,node=2f993327933ad58672518b6d4f63920cbc68b80f78f4d81192552ee6362f5cc81ee13bdc678ad65f06e76444cadb53b33694cfb3fc7679b8000411975fedd28a,blockNumber=1550
info|2023-07-07 21:57:22.214787|[WS]receive block notify,endpoint=127.0.0.1:20201,blk={
	"blockNumber" : 1550,
	"group" : "group0",
	"nodeName" : "2f993327933ad58672518b6d4f63920cbc68b80f78f4d81192552ee6362f5cc81ee13bdc678ad65f06e76444cadb53b33694cfb3fc7679b8000411975fedd28a"
}
info|2023-07-07 21:57:25.694233|[SDK][WS][SERVICE]connected nodes,count=2
info|2023-07-07 21:57:26.012846|[EVENT][SUB][doLoop]event sub tasks report,working event sub count=0,suspend event sub count=0
info|2023-07-07 21:57:45.694683|[SDK][WS][SERVICE]connected nodes,count=2
info|2023-07-07 21:57:46.013389|[EVENT][SUB][doLoop]event sub tasks report,working event sub count=0,suspend event sub count=0
info|2023-07-07 21:58:05.695150|[SDK][WS][SERVICE]connected nodes,count=2
info|2023-07-07 21:58:06.013767|[EVENT][SUB][doLoop]event sub tasks report,working event sub count=0,suspend event sub count=0
info|2023-07-07 21:58:25.695621|[SDK][WS][SERVICE]connected nodes,count=2
info|2023-07-07 21:58:26.013976|[EVENT][SUB][doLoop]event sub tasks report,working event sub count=0,suspend event sub count=0
info|2023-07-07 21:58:45.696016|[SDK][WS][SERVICE]connected nodes,count=2
info|2023-07-07 21:58:46.014469|[EVENT][SUB][doLoop]event sub tasks report,working event sub count=0,suspend event sub count=0
info|2023-07-07 21:59:05.696282|[SDK][WS][SERVICE]connected nodes,count=2
info|2023-07-07 21:59:06.014901|[EVENT][SUB][doLoop]event sub tasks report,working event sub count=0,suspend event sub count=0
info|2023-07-07 21:59:25.696745|[SDK][WS][SERVICE]connected nodes,count=2
info|2023-07-07 21:59:26.015435|[EVENT][SUB][doLoop]event sub tasks report,working event sub count=0,suspend event sub count=0
info|2023-07-07 21:59:45.697006|[SDK][WS][SERVICE]connected nodes,count=2
info|2023-07-07 21:59:46.015979|[EVENT][SUB][doLoop]event sub tasks report,working event sub count=0,suspend event sub count=0
