info|2023-07-09 04:00:10.224512|[EVENT][SUB][doLoop]event sub tasks report,working event sub count=0,suspend event sub count=0
info|2023-07-09 04:00:10.841477|[SDK][WS][SERVICE]connected nodes,count=2
info|2023-07-09 04:00:30.233719|[EVENT][SUB][doLoop]event sub tasks report,working event sub count=0,suspend event sub count=0
info|2023-07-09 04:00:30.842087|[SDK][WS][SERVICE]connected nodes,count=2
info|2023-07-09 04:00:50.553758|[EVENT][SUB][doLoop]event sub tasks report,working event sub count=0,suspend event sub count=0
info|2023-07-09 04:00:50.846074|[SDK][WS][SERVICE]connected nodes,count=2
info|2023-07-09 04:01:10.565315|[EVENT][SUB][doLoop]event sub tasks report,working event sub count=0,suspend event sub count=0
info|2023-07-09 04:01:10.859108|[SDK][WS][SERVICE]connected nodes,count=2
info|2023-07-09 04:01:31.895679|[EVENT][SUB][doLoop]event sub tasks report,working event sub count=0,suspend event sub count=0
info|2023-07-09 04:01:31.960845|[SDK][WS][SERVICE]connected nodes,count=2
info|2023-07-09 04:01:51.896196|[EVENT][SUB][doLoop]event sub tasks report,working event sub count=0,suspend event sub count=0
info|2023-07-09 04:01:51.961135|[SDK][WS][SERVICE]connected nodes,count=2
info|2023-07-09 04:02:12.127185|[EVENT][SUB][doLoop]event sub tasks report,working event sub count=0,suspend event sub count=0
info|2023-07-09 04:02:12.131172|[SDK][WS][SERVICE]connected nodes,count=2
info|2023-07-09 04:02:32.362072|[EVENT][SUB][doLoop]event sub tasks report,working event sub count=0,suspend event sub count=0
info|2023-07-09 04:02:32.362132|[SDK][WS][SERVICE]connected nodes,count=2
info|2023-07-09 04:02:52.365599|[SDK][WS][SERVICE]connected nodes,count=2
info|2023-07-09 04:02:52.369931|[EVENT][SUB][doLoop]event sub tasks report,working event sub count=0,suspend event sub count=0
info|2023-07-09 04:03:12.371275|[EVENT][SUB][doLoop]event sub tasks report,working event sub count=0,suspend event sub count=0
info|2023-07-09 04:03:12.371296|[SDK][WS][SERVICE]connected nodes,count=2
info|2023-07-09 04:03:32.371612|[SDK][WS][SERVICE]connected nodes,count=2
info|2023-07-09 04:03:32.371831|[EVENT][SUB][doLoop]event sub tasks report,working event sub count=0,suspend event sub count=0
info|2023-07-09 04:03:52.371758|[SDK][WS][SERVICE]connected nodes,count=2
info|2023-07-09 04:03:52.372061|[EVENT][SUB][doLoop]event sub tasks report,working event sub count=0,suspend event sub count=0
info|2023-07-09 04:04:12.372042|[SDK][WS][SERVICE]connected nodes,count=2
info|2023-07-09 04:04:12.372138|[EVENT][SUB][doLoop]event sub tasks report,working event sub count=0,suspend event sub count=0
info|2023-07-09 04:04:32.372279|[EVENT][SUB][doLoop]event sub tasks report,working event sub count=0,suspend event sub count=0
info|2023-07-09 04:04:32.372364|[SDK][WS][SERVICE]connected nodes,count=2
info|2023-07-09 04:04:52.372574|[EVENT][SUB][doLoop]event sub tasks report,working event sub count=0,suspend event sub count=0
info|2023-07-09 04:04:52.372636|[SDK][WS][SERVICE]connected nodes,count=2
info|2023-07-09 04:05:12.373090|[SDK][WS][SERVICE]connected nodes,count=2
info|2023-07-09 04:05:12.373131|[EVENT][SUB][doLoop]event sub tasks report,working event sub count=0,suspend event sub count=0
info|2023-07-09 04:05:32.373397|[SDK][WS][SERVICE]connected nodes,count=2
info|2023-07-09 04:05:32.373487|[EVENT][SUB][doLoop]event sub tasks report,working event sub count=0,suspend event sub count=0
info|2023-07-09 04:05:52.373924|[EVENT][SUB][doLoop]event sub tasks report,working event sub count=0,suspend event sub count=0
info|2023-07-09 04:05:52.373832|[SDK][WS][SERVICE]connected nodes,count=2
info|2023-07-09 04:06:12.374232|[EVENT][SUB][doLoop]event sub tasks report,working event sub count=0,suspend event sub count=0
info|2023-07-09 04:06:12.374549|[SDK][WS][SERVICE]connected nodes,count=2
info|2023-07-09 04:06:32.374426|[EVENT][SUB][doLoop]event sub tasks report,working event sub count=0,suspend event sub count=0
info|2023-07-09 04:06:32.374728|[SDK][WS][SERVICE]connected nodes,count=2
info|2023-07-09 04:06:52.374920|[EVENT][SUB][doLoop]event sub tasks report,working event sub count=0,suspend event sub count=0
info|2023-07-09 04:06:52.374971|[SDK][WS][SERVICE]connected nodes,count=2
info|2023-07-09 04:07:12.375199|[EVENT][SUB][doLoop]event sub tasks report,working event sub count=0,suspend event sub count=0
info|2023-07-09 04:07:12.375446|[SDK][WS][SERVICE]connected nodes,count=2
info|2023-07-09 04:07:32.375623|[SDK][WS][SERVICE]connected nodes,count=2
info|2023-07-09 04:07:32.375674|[EVENT][SUB][doLoop]event sub tasks report,working event sub count=0,suspend event sub count=0
info|2023-07-09 04:07:52.393039|[EVENT][SUB][doLoop]event sub tasks report,working event sub count=0,suspend event sub count=0
info|2023-07-09 04:07:52.393121|[SDK][WS][SERVICE]connected nodes,count=2
info|2023-07-09 04:08:12.393255|[EVENT][SUB][doLoop]event sub tasks report,working event sub count=0,suspend event sub count=0
info|2023-07-09 04:08:12.393320|[SDK][WS][SERVICE]connected nodes,count=2
info|2023-07-09 04:08:32.393972|[EVENT][SUB][doLoop]event sub tasks report,working event sub count=0,suspend event sub count=0
info|2023-07-09 04:08:32.394172|[SDK][WS][SERVICE]connected nodes,count=2
info|2023-07-09 04:08:52.394387|[EVENT][SUB][doLoop]event sub tasks report,working event sub count=0,suspend event sub count=0
info|2023-07-09 04:08:52.394486|[SDK][WS][SERVICE]connected nodes,count=2
info|2023-07-09 04:09:12.394768|[EVENT][SUB][doLoop]event sub tasks report,working event sub count=0,suspend event sub count=0
info|2023-07-09 04:09:12.394890|[SDK][WS][SERVICE]connected nodes,count=2
info|2023-07-09 04:09:32.394868|[EVENT][SUB][doLoop]event sub tasks report,working event sub count=0,suspend event sub count=0
info|2023-07-09 04:09:32.395104|[SDK][WS][SERVICE]connected nodes,count=2
info|2023-07-09 04:09:52.394948|[EVENT][SUB][doLoop]event sub tasks report,working event sub count=0,suspend event sub count=0
info|2023-07-09 04:09:52.395257|[SDK][WS][SERVICE]connected nodes,count=2
info|2023-07-09 04:10:12.395488|[EVENT][SUB][doLoop]event sub tasks report,working event sub count=0,suspend event sub count=0
info|2023-07-09 04:10:12.395542|[SDK][WS][SERVICE]connected nodes,count=2
info|2023-07-09 04:10:32.395623|[EVENT][SUB][doLoop]event sub tasks report,working event sub count=0,suspend event sub count=0
info|2023-07-09 04:10:32.395773|[SDK][WS][SERVICE]connected nodes,count=2
info|2023-07-09 04:10:52.396268|[EVENT][SUB][doLoop]event sub tasks report,working event sub count=0,suspend event sub count=0
info|2023-07-09 04:10:52.396344|[SDK][WS][SERVICE]connected nodes,count=2
info|2023-07-09 04:11:12.397041|[EVENT][SUB][doLoop]event sub tasks report,working event sub count=0,suspend event sub count=0
info|2023-07-09 04:11:12.397100|[SDK][WS][SERVICE]connected nodes,count=2
info|2023-07-09 04:11:32.397564|[EVENT][SUB][doLoop]event sub tasks report,working event sub count=0,suspend event sub count=0
info|2023-07-09 04:11:32.397607|[SDK][WS][SERVICE]connected nodes,count=2
info|2023-07-09 04:11:52.397804|[EVENT][SUB][doLoop]event sub tasks report,working event sub count=0,suspend event sub count=0
info|2023-07-09 04:11:52.397926|[SDK][WS][SERVICE]connected nodes,count=2
info|2023-07-09 04:12:12.398201|[EVENT][SUB][doLoop]event sub tasks report,working event sub count=0,suspend event sub count=0
info|2023-07-09 04:12:12.398259|[SDK][WS][SERVICE]connected nodes,count=2
info|2023-07-09 04:12:32.398332|[EVENT][SUB][doLoop]event sub tasks report,working event sub count=0,suspend event sub count=0
info|2023-07-09 04:12:32.398384|[SDK][WS][SERVICE]connected nodes,count=2
info|2023-07-09 04:12:52.398597|[EVENT][SUB][doLoop]event sub tasks report,working event sub count=0,suspend event sub count=0
info|2023-07-09 04:12:52.398682|[SDK][WS][SERVICE]connected nodes,count=2
info|2023-07-09 04:13:12.398789|[EVENT][SUB][doLoop]event sub tasks report,working event sub count=0,suspend event sub count=0
info|2023-07-09 04:13:12.398871|[SDK][WS][SERVICE]connected nodes,count=2
info|2023-07-09 04:13:32.399085|[EVENT][SUB][doLoop]event sub tasks report,working event sub count=0,suspend event sub count=0
info|2023-07-09 04:13:32.399221|[SDK][WS][SERVICE]connected nodes,count=2
info|2023-07-09 04:13:52.399314|[EVENT][SUB][doLoop]event sub tasks report,working event sub count=0,suspend event sub count=0
info|2023-07-09 04:13:52.399393|[SDK][WS][SERVICE]connected nodes,count=2
info|2023-07-09 04:14:12.399509|[EVENT][SUB][doLoop]event sub tasks report,working event sub count=0,suspend event sub count=0
info|2023-07-09 04:14:12.399569|[SDK][WS][SERVICE]connected nodes,count=2
info|2023-07-09 04:14:32.399714|[EVENT][SUB][doLoop]event sub tasks report,working event sub count=0,suspend event sub count=0
info|2023-07-09 04:14:32.399920|[SDK][WS][SERVICE]connected nodes,count=2
info|2023-07-09 04:14:52.399820|[EVENT][SUB][doLoop]event sub tasks report,working event sub count=0,suspend event sub count=0
info|2023-07-09 04:14:52.400060|[SDK][WS][SERVICE]connected nodes,count=2
info|2023-07-09 04:15:12.400165|[EVENT][SUB][doLoop]event sub tasks report,working event sub count=0,suspend event sub count=0
info|2023-07-09 04:15:12.400243|[SDK][WS][SERVICE]connected nodes,count=2
info|2023-07-09 04:15:32.400559|[SDK][WS][SERVICE]connected nodes,count=2
info|2023-07-09 04:15:32.400473|[EVENT][SUB][doLoop]event sub tasks report,working event sub count=0,suspend event sub count=0
info|2023-07-09 04:15:52.400669|[EVENT][SUB][doLoop]event sub tasks report,working event sub count=0,suspend event sub count=0
info|2023-07-09 04:15:52.400952|[SDK][WS][SERVICE]connected nodes,count=2
info|2023-07-09 04:16:12.400642|[EVENT][SUB][doLoop]event sub tasks report,working event sub count=0,suspend event sub count=0
info|2023-07-09 04:16:12.401675|[SDK][WS][SERVICE]connected nodes,count=2
info|2023-07-09 04:16:32.401064|[EVENT][SUB][doLoop]event sub tasks report,working event sub count=0,suspend event sub count=0
info|2023-07-09 04:16:32.402322|[SDK][WS][SERVICE]connected nodes,count=2
info|2023-07-09 04:16:52.401343|[EVENT][SUB][doLoop]event sub tasks report,working event sub count=0,suspend event sub count=0
info|2023-07-09 04:16:52.402771|[SDK][WS][SERVICE]connected nodes,count=2
info|2023-07-09 04:17:12.401499|[EVENT][SUB][doLoop]event sub tasks report,working event sub count=0,suspend event sub count=0
info|2023-07-09 04:17:12.403180|[SDK][WS][SERVICE]connected nodes,count=2
info|2023-07-09 04:17:32.402083|[EVENT][SUB][doLoop]event sub tasks report,working event sub count=0,suspend event sub count=0
info|2023-07-09 04:17:32.403731|[SDK][WS][SERVICE]connected nodes,count=2
info|2023-07-09 04:17:52.402503|[EVENT][SUB][doLoop]event sub tasks report,working event sub count=0,suspend event sub count=0
info|2023-07-09 04:17:52.404183|[SDK][WS][SERVICE]connected nodes,count=2
info|2023-07-09 04:18:12.403124|[EVENT][SUB][doLoop]event sub tasks report,working event sub count=0,suspend event sub count=0
info|2023-07-09 04:18:12.404415|[SDK][WS][SERVICE]connected nodes,count=2
info|2023-07-09 04:18:32.403249|[EVENT][SUB][doLoop]event sub tasks report,working event sub count=0,suspend event sub count=0
info|2023-07-09 04:18:32.404730|[SDK][WS][SERVICE]connected nodes,count=2
info|2023-07-09 04:18:52.403571|[EVENT][SUB][doLoop]event sub tasks report,working event sub count=0,suspend event sub count=0
info|2023-07-09 04:18:52.405262|[SDK][WS][SERVICE]connected nodes,count=2
info|2023-07-09 04:19:12.404394|[EVENT][SUB][doLoop]event sub tasks report,working event sub count=0,suspend event sub count=0
info|2023-07-09 04:19:12.405944|[SDK][WS][SERVICE]connected nodes,count=2
info|2023-07-09 04:19:32.404679|[EVENT][SUB][doLoop]event sub tasks report,working event sub count=0,suspend event sub count=0
info|2023-07-09 04:19:32.406275|[SDK][WS][SERVICE]connected nodes,count=2
info|2023-07-09 04:19:52.405082|[EVENT][SUB][doLoop]event sub tasks report,working event sub count=0,suspend event sub count=0
info|2023-07-09 04:19:52.406683|[SDK][WS][SERVICE]connected nodes,count=2
info|2023-07-09 04:20:12.405394|[EVENT][SUB][doLoop]event sub tasks report,working event sub count=0,suspend event sub count=0
info|2023-07-09 04:20:12.406933|[SDK][WS][SERVICE]connected nodes,count=2
info|2023-07-09 04:20:32.405538|[EVENT][SUB][doLoop]event sub tasks report,working event sub count=0,suspend event sub count=0
info|2023-07-09 04:20:32.407194|[SDK][WS][SERVICE]connected nodes,count=2
info|2023-07-09 04:20:52.406085|[EVENT][SUB][doLoop]event sub tasks report,working event sub count=0,suspend event sub count=0
info|2023-07-09 04:20:52.407809|[SDK][WS][SERVICE]connected nodes,count=2
info|2023-07-09 04:21:12.406503|[EVENT][SUB][doLoop]event sub tasks report,working event sub count=0,suspend event sub count=0
info|2023-07-09 04:21:12.408329|[SDK][WS][SERVICE]connected nodes,count=2
info|2023-07-09 04:21:32.406839|[EVENT][SUB][doLoop]event sub tasks report,working event sub count=0,suspend event sub count=0
info|2023-07-09 04:21:32.408478|[SDK][WS][SERVICE]connected nodes,count=2
info|2023-07-09 04:21:52.407252|[EVENT][SUB][doLoop]event sub tasks report,working event sub count=0,suspend event sub count=0
info|2023-07-09 04:21:52.408888|[SDK][WS][SERVICE]connected nodes,count=2
info|2023-07-09 04:22:12.407669|[EVENT][SUB][doLoop]event sub tasks report,working event sub count=0,suspend event sub count=0
info|2023-07-09 04:22:12.409291|[SDK][WS][SERVICE]connected nodes,count=2
info|2023-07-09 04:22:32.407943|[EVENT][SUB][doLoop]event sub tasks report,working event sub count=0,suspend event sub count=0
info|2023-07-09 04:22:32.409604|[SDK][WS][SERVICE]connected nodes,count=2
info|2023-07-09 04:22:52.408641|[EVENT][SUB][doLoop]event sub tasks report,working event sub count=0,suspend event sub count=0
info|2023-07-09 04:22:52.409812|[SDK][WS][SERVICE]connected nodes,count=2
info|2023-07-09 04:23:12.408794|[EVENT][SUB][doLoop]event sub tasks report,working event sub count=0,suspend event sub count=0
info|2023-07-09 04:23:12.410404|[SDK][WS][SERVICE]connected nodes,count=2
info|2023-07-09 04:23:32.408977|[EVENT][SUB][doLoop]event sub tasks report,working event sub count=0,suspend event sub count=0
info|2023-07-09 04:23:32.410734|[SDK][WS][SERVICE]connected nodes,count=2
info|2023-07-09 04:23:52.409114|[EVENT][SUB][doLoop]event sub tasks report,working event sub count=0,suspend event sub count=0
info|2023-07-09 04:23:52.411097|[SDK][WS][SERVICE]connected nodes,count=2
info|2023-07-09 04:24:12.409178|[EVENT][SUB][doLoop]event sub tasks report,working event sub count=0,suspend event sub count=0
info|2023-07-09 04:24:12.411380|[SDK][WS][SERVICE]connected nodes,count=2
info|2023-07-09 04:24:32.409607|[EVENT][SUB][doLoop]event sub tasks report,working event sub count=0,suspend event sub count=0
info|2023-07-09 04:24:32.411789|[SDK][WS][SERVICE]connected nodes,count=2
info|2023-07-09 04:24:52.409961|[EVENT][SUB][doLoop]event sub tasks report,working event sub count=0,suspend event sub count=0
info|2023-07-09 04:24:52.412530|[SDK][WS][SERVICE]connected nodes,count=2
info|2023-07-09 04:25:12.410035|[EVENT][SUB][doLoop]event sub tasks report,working event sub count=0,suspend event sub count=0
info|2023-07-09 04:25:12.413401|[SDK][WS][SERVICE]connected nodes,count=2
info|2023-07-09 04:25:32.410116|[EVENT][SUB][doLoop]event sub tasks report,working event sub count=0,suspend event sub count=0
info|2023-07-09 04:25:32.413886|[SDK][WS][SERVICE]connected nodes,count=2
info|2023-07-09 04:25:52.410790|[EVENT][SUB][doLoop]event sub tasks report,working event sub count=0,suspend event sub count=0
info|2023-07-09 04:25:52.414076|[SDK][WS][SERVICE]connected nodes,count=2
info|2023-07-09 04:26:12.411144|[EVENT][SUB][doLoop]event sub tasks report,working event sub count=0,suspend event sub count=0
info|2023-07-09 04:26:12.414677|[SDK][WS][SERVICE]connected nodes,count=2
info|2023-07-09 04:26:32.411348|[EVENT][SUB][doLoop]event sub tasks report,working event sub count=0,suspend event sub count=0
info|2023-07-09 04:26:32.415476|[SDK][WS][SERVICE]connected nodes,count=2
info|2023-07-09 04:26:52.411436|[EVENT][SUB][doLoop]event sub tasks report,working event sub count=0,suspend event sub count=0
info|2023-07-09 04:26:52.416045|[SDK][WS][SERVICE]connected nodes,count=2
info|2023-07-09 04:27:12.411698|[EVENT][SUB][doLoop]event sub tasks report,working event sub count=0,suspend event sub count=0
info|2023-07-09 04:27:12.416219|[SDK][WS][SERVICE]connected nodes,count=2
info|2023-07-09 04:27:13.839705|[RPC][BLOCK][NUMBER][fromJson],group=group0,node=98a7f70ec883a722219d92253cf073a72605f4087aa3443c8e4aadc0af2dc3ac647d0fa1b5ac99cd6987abafe6d690ae71cd5fd2aeeabe7589bfb4748aabdfba,blockNumber=2511
info|2023-07-09 04:27:13.839726|[RPCWS][SERVICE][onRecvBlockNotifier]receive block number notifier,group=group0,node=98a7f70ec883a722219d92253cf073a72605f4087aa3443c8e4aadc0af2dc3ac647d0fa1b5ac99cd6987abafe6d690ae71cd5fd2aeeabe7589bfb4748aabdfba,blockNumber=2511
info|2023-07-09 04:27:13.839731|[RPCWS][SERVICE][updateGroupBlockNumber],groupID=group0,_blockNumber=2511
info|2023-07-09 04:27:13.839736|[RPCWS][SERVICE][onRecvBlockNotifier]block notifier callback,group=group0,node=98a7f70ec883a722219d92253cf073a72605f4087aa3443c8e4aadc0af2dc3ac647d0fa1b5ac99cd6987abafe6d690ae71cd5fd2aeeabe7589bfb4748aabdfba,blockNumber=2511
info|2023-07-09 04:27:13.839740|[WS]receive block notify,endpoint=127.0.0.1:20200,blk={
	"blockNumber" : 2511,
	"group" : "group0",
	"nodeName" : "98a7f70ec883a722219d92253cf073a72605f4087aa3443c8e4aadc0af2dc3ac647d0fa1b5ac99cd6987abafe6d690ae71cd5fd2aeeabe7589bfb4748aabdfba"
}
info|2023-07-09 04:27:13.876349|[RPC][BLOCK][NUMBER][fromJson],group=group0,node=2f993327933ad58672518b6d4f63920cbc68b80f78f4d81192552ee6362f5cc81ee13bdc678ad65f06e76444cadb53b33694cfb3fc7679b8000411975fedd28a,blockNumber=2511
info|2023-07-09 04:27:13.876420|[RPCWS][SERVICE][onRecvBlockNotifier]receive block number notifier,group=group0,node=2f993327933ad58672518b6d4f63920cbc68b80f78f4d81192552ee6362f5cc81ee13bdc678ad65f06e76444cadb53b33694cfb3fc7679b8000411975fedd28a,blockNumber=2511
info|2023-07-09 04:27:13.876429|[WS]receive block notify,endpoint=127.0.0.1:20201,blk={
	"blockNumber" : 2511,
	"group" : "group0",
	"nodeName" : "2f993327933ad58672518b6d4f63920cbc68b80f78f4d81192552ee6362f5cc81ee13bdc678ad65f06e76444cadb53b33694cfb3fc7679b8000411975fedd28a"
}
info|2023-07-09 04:27:14.392200|[RPC][BLOCK][NUMBER][fromJson],group=group0,node=98a7f70ec883a722219d92253cf073a72605f4087aa3443c8e4aadc0af2dc3ac647d0fa1b5ac99cd6987abafe6d690ae71cd5fd2aeeabe7589bfb4748aabdfba,blockNumber=2512
info|2023-07-09 04:27:14.392219|[RPCWS][SERVICE][onRecvBlockNotifier]receive block number notifier,group=group0,node=98a7f70ec883a722219d92253cf073a72605f4087aa3443c8e4aadc0af2dc3ac647d0fa1b5ac99cd6987abafe6d690ae71cd5fd2aeeabe7589bfb4748aabdfba,blockNumber=2512
info|2023-07-09 04:27:14.392223|[RPCWS][SERVICE][updateGroupBlockNumber],groupID=group0,_blockNumber=2512
info|2023-07-09 04:27:14.392228|[RPCWS][SERVICE][onRecvBlockNotifier]block notifier callback,group=group0,node=98a7f70ec883a722219d92253cf073a72605f4087aa3443c8e4aadc0af2dc3ac647d0fa1b5ac99cd6987abafe6d690ae71cd5fd2aeeabe7589bfb4748aabdfba,blockNumber=2512
info|2023-07-09 04:27:14.392231|[WS]receive block notify,endpoint=127.0.0.1:20200,blk={
	"blockNumber" : 2512,
	"group" : "group0",
	"nodeName" : "98a7f70ec883a722219d92253cf073a72605f4087aa3443c8e4aadc0af2dc3ac647d0fa1b5ac99cd6987abafe6d690ae71cd5fd2aeeabe7589bfb4748aabdfba"
}
info|2023-07-09 04:27:14.431565|[RPC][BLOCK][NUMBER][fromJson],group=group0,node=2f993327933ad58672518b6d4f63920cbc68b80f78f4d81192552ee6362f5cc81ee13bdc678ad65f06e76444cadb53b33694cfb3fc7679b8000411975fedd28a,blockNumber=2512
info|2023-07-09 04:27:14.431585|[RPCWS][SERVICE][onRecvBlockNotifier]receive block number notifier,group=group0,node=2f993327933ad58672518b6d4f63920cbc68b80f78f4d81192552ee6362f5cc81ee13bdc678ad65f06e76444cadb53b33694cfb3fc7679b8000411975fedd28a,blockNumber=2512
info|2023-07-09 04:27:14.431590|[WS]receive block notify,endpoint=127.0.0.1:20201,blk={
	"blockNumber" : 2512,
	"group" : "group0",
	"nodeName" : "2f993327933ad58672518b6d4f63920cbc68b80f78f4d81192552ee6362f5cc81ee13bdc678ad65f06e76444cadb53b33694cfb3fc7679b8000411975fedd28a"
}
info|2023-07-09 04:27:14.960962|[RPC][BLOCK][NUMBER][fromJson],group=group0,node=98a7f70ec883a722219d92253cf073a72605f4087aa3443c8e4aadc0af2dc3ac647d0fa1b5ac99cd6987abafe6d690ae71cd5fd2aeeabe7589bfb4748aabdfba,blockNumber=2513
info|2023-07-09 04:27:14.960982|[RPCWS][SERVICE][onRecvBlockNotifier]receive block number notifier,group=group0,node=98a7f70ec883a722219d92253cf073a72605f4087aa3443c8e4aadc0af2dc3ac647d0fa1b5ac99cd6987abafe6d690ae71cd5fd2aeeabe7589bfb4748aabdfba,blockNumber=2513
info|2023-07-09 04:27:14.960987|[RPCWS][SERVICE][updateGroupBlockNumber],groupID=group0,_blockNumber=2513
info|2023-07-09 04:27:14.960991|[RPCWS][SERVICE][onRecvBlockNotifier]block notifier callback,group=group0,node=98a7f70ec883a722219d92253cf073a72605f4087aa3443c8e4aadc0af2dc3ac647d0fa1b5ac99cd6987abafe6d690ae71cd5fd2aeeabe7589bfb4748aabdfba,blockNumber=2513
info|2023-07-09 04:27:14.960994|[WS]receive block notify,endpoint=127.0.0.1:20200,blk={
	"blockNumber" : 2513,
	"group" : "group0",
	"nodeName" : "98a7f70ec883a722219d92253cf073a72605f4087aa3443c8e4aadc0af2dc3ac647d0fa1b5ac99cd6987abafe6d690ae71cd5fd2aeeabe7589bfb4748aabdfba"
}
info|2023-07-09 04:27:15.007651|[RPC][BLOCK][NUMBER][fromJson],group=group0,node=2f993327933ad58672518b6d4f63920cbc68b80f78f4d81192552ee6362f5cc81ee13bdc678ad65f06e76444cadb53b33694cfb3fc7679b8000411975fedd28a,blockNumber=2513
info|2023-07-09 04:27:15.007674|[RPCWS][SERVICE][onRecvBlockNotifier]receive block number notifier,group=group0,node=2f993327933ad58672518b6d4f63920cbc68b80f78f4d81192552ee6362f5cc81ee13bdc678ad65f06e76444cadb53b33694cfb3fc7679b8000411975fedd28a,blockNumber=2513
info|2023-07-09 04:27:15.007681|[WS]receive block notify,endpoint=127.0.0.1:20201,blk={
	"blockNumber" : 2513,
	"group" : "group0",
	"nodeName" : "2f993327933ad58672518b6d4f63920cbc68b80f78f4d81192552ee6362f5cc81ee13bdc678ad65f06e76444cadb53b33694cfb3fc7679b8000411975fedd28a"
}
info|2023-07-09 04:27:15.561938|[RPC][BLOCK][NUMBER][fromJson],group=group0,node=98a7f70ec883a722219d92253cf073a72605f4087aa3443c8e4aadc0af2dc3ac647d0fa1b5ac99cd6987abafe6d690ae71cd5fd2aeeabe7589bfb4748aabdfba,blockNumber=2514
info|2023-07-09 04:27:15.561960|[RPCWS][SERVICE][onRecvBlockNotifier]receive block number notifier,group=group0,node=98a7f70ec883a722219d92253cf073a72605f4087aa3443c8e4aadc0af2dc3ac647d0fa1b5ac99cd6987abafe6d690ae71cd5fd2aeeabe7589bfb4748aabdfba,blockNumber=2514
info|2023-07-09 04:27:15.561966|[RPCWS][SERVICE][updateGroupBlockNumber],groupID=group0,_blockNumber=2514
info|2023-07-09 04:27:15.561971|[RPCWS][SERVICE][onRecvBlockNotifier]block notifier callback,group=group0,node=98a7f70ec883a722219d92253cf073a72605f4087aa3443c8e4aadc0af2dc3ac647d0fa1b5ac99cd6987abafe6d690ae71cd5fd2aeeabe7589bfb4748aabdfba,blockNumber=2514
info|2023-07-09 04:27:15.561975|[WS]receive block notify,endpoint=127.0.0.1:20200,blk={
	"blockNumber" : 2514,
	"group" : "group0",
	"nodeName" : "98a7f70ec883a722219d92253cf073a72605f4087aa3443c8e4aadc0af2dc3ac647d0fa1b5ac99cd6987abafe6d690ae71cd5fd2aeeabe7589bfb4748aabdfba"
}
info|2023-07-09 04:27:15.597455|[RPC][BLOCK][NUMBER][fromJson],group=group0,node=2f993327933ad58672518b6d4f63920cbc68b80f78f4d81192552ee6362f5cc81ee13bdc678ad65f06e76444cadb53b33694cfb3fc7679b8000411975fedd28a,blockNumber=2514
info|2023-07-09 04:27:15.597477|[RPCWS][SERVICE][onRecvBlockNotifier]receive block number notifier,group=group0,node=2f993327933ad58672518b6d4f63920cbc68b80f78f4d81192552ee6362f5cc81ee13bdc678ad65f06e76444cadb53b33694cfb3fc7679b8000411975fedd28a,blockNumber=2514
info|2023-07-09 04:27:15.597484|[WS]receive block notify,endpoint=127.0.0.1:20201,blk={
	"blockNumber" : 2514,
	"group" : "group0",
	"nodeName" : "2f993327933ad58672518b6d4f63920cbc68b80f78f4d81192552ee6362f5cc81ee13bdc678ad65f06e76444cadb53b33694cfb3fc7679b8000411975fedd28a"
}
info|2023-07-09 04:27:16.078362|[RPC][BLOCK][NUMBER][fromJson],group=group0,node=98a7f70ec883a722219d92253cf073a72605f4087aa3443c8e4aadc0af2dc3ac647d0fa1b5ac99cd6987abafe6d690ae71cd5fd2aeeabe7589bfb4748aabdfba,blockNumber=2515
info|2023-07-09 04:27:16.078389|[RPCWS][SERVICE][onRecvBlockNotifier]receive block number notifier,group=group0,node=98a7f70ec883a722219d92253cf073a72605f4087aa3443c8e4aadc0af2dc3ac647d0fa1b5ac99cd6987abafe6d690ae71cd5fd2aeeabe7589bfb4748aabdfba,blockNumber=2515
info|2023-07-09 04:27:16.078394|[RPCWS][SERVICE][updateGroupBlockNumber],groupID=group0,_blockNumber=2515
info|2023-07-09 04:27:16.078399|[RPCWS][SERVICE][onRecvBlockNotifier]block notifier callback,group=group0,node=98a7f70ec883a722219d92253cf073a72605f4087aa3443c8e4aadc0af2dc3ac647d0fa1b5ac99cd6987abafe6d690ae71cd5fd2aeeabe7589bfb4748aabdfba,blockNumber=2515
info|2023-07-09 04:27:16.078403|[WS]receive block notify,endpoint=127.0.0.1:20200,blk={
	"blockNumber" : 2515,
	"group" : "group0",
	"nodeName" : "98a7f70ec883a722219d92253cf073a72605f4087aa3443c8e4aadc0af2dc3ac647d0fa1b5ac99cd6987abafe6d690ae71cd5fd2aeeabe7589bfb4748aabdfba"
}
info|2023-07-09 04:27:16.084198|[RPC][BLOCK][NUMBER][fromJson],group=group0,node=2f993327933ad58672518b6d4f63920cbc68b80f78f4d81192552ee6362f5cc81ee13bdc678ad65f06e76444cadb53b33694cfb3fc7679b8000411975fedd28a,blockNumber=2515
info|2023-07-09 04:27:16.084221|[RPCWS][SERVICE][onRecvBlockNotifier]receive block number notifier,group=group0,node=2f993327933ad58672518b6d4f63920cbc68b80f78f4d81192552ee6362f5cc81ee13bdc678ad65f06e76444cadb53b33694cfb3fc7679b8000411975fedd28a,blockNumber=2515
info|2023-07-09 04:27:16.084228|[WS]receive block notify,endpoint=127.0.0.1:20201,blk={
	"blockNumber" : 2515,
	"group" : "group0",
	"nodeName" : "2f993327933ad58672518b6d4f63920cbc68b80f78f4d81192552ee6362f5cc81ee13bdc678ad65f06e76444cadb53b33694cfb3fc7679b8000411975fedd28a"
}
info|2023-07-09 04:27:16.679963|[RPC][BLOCK][NUMBER][fromJson],group=group0,node=98a7f70ec883a722219d92253cf073a72605f4087aa3443c8e4aadc0af2dc3ac647d0fa1b5ac99cd6987abafe6d690ae71cd5fd2aeeabe7589bfb4748aabdfba,blockNumber=2516
info|2023-07-09 04:27:16.680034|[RPCWS][SERVICE][onRecvBlockNotifier]receive block number notifier,group=group0,node=98a7f70ec883a722219d92253cf073a72605f4087aa3443c8e4aadc0af2dc3ac647d0fa1b5ac99cd6987abafe6d690ae71cd5fd2aeeabe7589bfb4748aabdfba,blockNumber=2516
info|2023-07-09 04:27:16.680065|[RPCWS][SERVICE][updateGroupBlockNumber],groupID=group0,_blockNumber=2516
info|2023-07-09 04:27:16.680072|[RPCWS][SERVICE][onRecvBlockNotifier]block notifier callback,group=group0,node=98a7f70ec883a722219d92253cf073a72605f4087aa3443c8e4aadc0af2dc3ac647d0fa1b5ac99cd6987abafe6d690ae71cd5fd2aeeabe7589bfb4748aabdfba,blockNumber=2516
info|2023-07-09 04:27:16.680078|[WS]receive block notify,endpoint=127.0.0.1:20200,blk={
	"blockNumber" : 2516,
	"group" : "group0",
	"nodeName" : "98a7f70ec883a722219d92253cf073a72605f4087aa3443c8e4aadc0af2dc3ac647d0fa1b5ac99cd6987abafe6d690ae71cd5fd2aeeabe7589bfb4748aabdfba"
}
info|2023-07-09 04:27:16.696232|[RPC][BLOCK][NUMBER][fromJson],group=group0,node=2f993327933ad58672518b6d4f63920cbc68b80f78f4d81192552ee6362f5cc81ee13bdc678ad65f06e76444cadb53b33694cfb3fc7679b8000411975fedd28a,blockNumber=2516
info|2023-07-09 04:27:16.696255|[RPCWS][SERVICE][onRecvBlockNotifier]receive block number notifier,group=group0,node=2f993327933ad58672518b6d4f63920cbc68b80f78f4d81192552ee6362f5cc81ee13bdc678ad65f06e76444cadb53b33694cfb3fc7679b8000411975fedd28a,blockNumber=2516
info|2023-07-09 04:27:16.696261|[WS]receive block notify,endpoint=127.0.0.1:20201,blk={
	"blockNumber" : 2516,
	"group" : "group0",
	"nodeName" : "2f993327933ad58672518b6d4f63920cbc68b80f78f4d81192552ee6362f5cc81ee13bdc678ad65f06e76444cadb53b33694cfb3fc7679b8000411975fedd28a"
}
info|2023-07-09 04:27:17.225176|[RPC][BLOCK][NUMBER][fromJson],group=group0,node=98a7f70ec883a722219d92253cf073a72605f4087aa3443c8e4aadc0af2dc3ac647d0fa1b5ac99cd6987abafe6d690ae71cd5fd2aeeabe7589bfb4748aabdfba,blockNumber=2517
info|2023-07-09 04:27:17.225202|[RPCWS][SERVICE][onRecvBlockNotifier]receive block number notifier,group=group0,node=98a7f70ec883a722219d92253cf073a72605f4087aa3443c8e4aadc0af2dc3ac647d0fa1b5ac99cd6987abafe6d690ae71cd5fd2aeeabe7589bfb4748aabdfba,blockNumber=2517
info|2023-07-09 04:27:17.225238|[RPCWS][SERVICE][updateGroupBlockNumber],groupID=group0,_blockNumber=2517
info|2023-07-09 04:27:17.225247|[RPCWS][SERVICE][onRecvBlockNotifier]block notifier callback,group=group0,node=98a7f70ec883a722219d92253cf073a72605f4087aa3443c8e4aadc0af2dc3ac647d0fa1b5ac99cd6987abafe6d690ae71cd5fd2aeeabe7589bfb4748aabdfba,blockNumber=2517
info|2023-07-09 04:27:17.225252|[WS]receive block notify,endpoint=127.0.0.1:20200,blk={
	"blockNumber" : 2517,
	"group" : "group0",
	"nodeName" : "98a7f70ec883a722219d92253cf073a72605f4087aa3443c8e4aadc0af2dc3ac647d0fa1b5ac99cd6987abafe6d690ae71cd5fd2aeeabe7589bfb4748aabdfba"
}
info|2023-07-09 04:27:17.278425|[RPC][BLOCK][NUMBER][fromJson],group=group0,node=2f993327933ad58672518b6d4f63920cbc68b80f78f4d81192552ee6362f5cc81ee13bdc678ad65f06e76444cadb53b33694cfb3fc7679b8000411975fedd28a,blockNumber=2517
info|2023-07-09 04:27:17.278450|[RPCWS][SERVICE][onRecvBlockNotifier]receive block number notifier,group=group0,node=2f993327933ad58672518b6d4f63920cbc68b80f78f4d81192552ee6362f5cc81ee13bdc678ad65f06e76444cadb53b33694cfb3fc7679b8000411975fedd28a,blockNumber=2517
info|2023-07-09 04:27:17.278457|[WS]receive block notify,endpoint=127.0.0.1:20201,blk={
	"blockNumber" : 2517,
	"group" : "group0",
	"nodeName" : "2f993327933ad58672518b6d4f63920cbc68b80f78f4d81192552ee6362f5cc81ee13bdc678ad65f06e76444cadb53b33694cfb3fc7679b8000411975fedd28a"
}
info|2023-07-09 04:27:17.833276|[RPC][BLOCK][NUMBER][fromJson],group=group0,node=98a7f70ec883a722219d92253cf073a72605f4087aa3443c8e4aadc0af2dc3ac647d0fa1b5ac99cd6987abafe6d690ae71cd5fd2aeeabe7589bfb4748aabdfba,blockNumber=2518
info|2023-07-09 04:27:17.833352|[RPCWS][SERVICE][onRecvBlockNotifier]receive block number notifier,group=group0,node=98a7f70ec883a722219d92253cf073a72605f4087aa3443c8e4aadc0af2dc3ac647d0fa1b5ac99cd6987abafe6d690ae71cd5fd2aeeabe7589bfb4748aabdfba,blockNumber=2518
info|2023-07-09 04:27:17.833361|[RPCWS][SERVICE][updateGroupBlockNumber],groupID=group0,_blockNumber=2518
info|2023-07-09 04:27:17.833367|[RPCWS][SERVICE][onRecvBlockNotifier]block notifier callback,group=group0,node=98a7f70ec883a722219d92253cf073a72605f4087aa3443c8e4aadc0af2dc3ac647d0fa1b5ac99cd6987abafe6d690ae71cd5fd2aeeabe7589bfb4748aabdfba,blockNumber=2518
info|2023-07-09 04:27:17.833372|[WS]receive block notify,endpoint=127.0.0.1:20200,blk={
	"blockNumber" : 2518,
	"group" : "group0",
	"nodeName" : "98a7f70ec883a722219d92253cf073a72605f4087aa3443c8e4aadc0af2dc3ac647d0fa1b5ac99cd6987abafe6d690ae71cd5fd2aeeabe7589bfb4748aabdfba"
}
info|2023-07-09 04:27:17.879943|[RPC][BLOCK][NUMBER][fromJson],group=group0,node=2f993327933ad58672518b6d4f63920cbc68b80f78f4d81192552ee6362f5cc81ee13bdc678ad65f06e76444cadb53b33694cfb3fc7679b8000411975fedd28a,blockNumber=2518
info|2023-07-09 04:27:17.879964|[RPCWS][SERVICE][onRecvBlockNotifier]receive block number notifier,group=group0,node=2f993327933ad58672518b6d4f63920cbc68b80f78f4d81192552ee6362f5cc81ee13bdc678ad65f06e76444cadb53b33694cfb3fc7679b8000411975fedd28a,blockNumber=2518
info|2023-07-09 04:27:17.879971|[WS]receive block notify,endpoint=127.0.0.1:20201,blk={
	"blockNumber" : 2518,
	"group" : "group0",
	"nodeName" : "2f993327933ad58672518b6d4f63920cbc68b80f78f4d81192552ee6362f5cc81ee13bdc678ad65f06e76444cadb53b33694cfb3fc7679b8000411975fedd28a"
}
info|2023-07-09 04:27:18.365272|[RPC][BLOCK][NUMBER][fromJson],group=group0,node=98a7f70ec883a722219d92253cf073a72605f4087aa3443c8e4aadc0af2dc3ac647d0fa1b5ac99cd6987abafe6d690ae71cd5fd2aeeabe7589bfb4748aabdfba,blockNumber=2519
info|2023-07-09 04:27:18.365303|[RPCWS][SERVICE][onRecvBlockNotifier]receive block number notifier,group=group0,node=98a7f70ec883a722219d92253cf073a72605f4087aa3443c8e4aadc0af2dc3ac647d0fa1b5ac99cd6987abafe6d690ae71cd5fd2aeeabe7589bfb4748aabdfba,blockNumber=2519
info|2023-07-09 04:27:18.365310|[RPCWS][SERVICE][updateGroupBlockNumber],groupID=group0,_blockNumber=2519
info|2023-07-09 04:27:18.365315|[RPCWS][SERVICE][onRecvBlockNotifier]block notifier callback,group=group0,node=98a7f70ec883a722219d92253cf073a72605f4087aa3443c8e4aadc0af2dc3ac647d0fa1b5ac99cd6987abafe6d690ae71cd5fd2aeeabe7589bfb4748aabdfba,blockNumber=2519
info|2023-07-09 04:27:18.365319|[WS]receive block notify,endpoint=127.0.0.1:20200,blk={
	"blockNumber" : 2519,
	"group" : "group0",
	"nodeName" : "98a7f70ec883a722219d92253cf073a72605f4087aa3443c8e4aadc0af2dc3ac647d0fa1b5ac99cd6987abafe6d690ae71cd5fd2aeeabe7589bfb4748aabdfba"
}
info|2023-07-09 04:27:18.378930|[RPC][BLOCK][NUMBER][fromJson],group=group0,node=2f993327933ad58672518b6d4f63920cbc68b80f78f4d81192552ee6362f5cc81ee13bdc678ad65f06e76444cadb53b33694cfb3fc7679b8000411975fedd28a,blockNumber=2519
info|2023-07-09 04:27:18.378950|[RPCWS][SERVICE][onRecvBlockNotifier]receive block number notifier,group=group0,node=2f993327933ad58672518b6d4f63920cbc68b80f78f4d81192552ee6362f5cc81ee13bdc678ad65f06e76444cadb53b33694cfb3fc7679b8000411975fedd28a,blockNumber=2519
info|2023-07-09 04:27:18.378957|[WS]receive block notify,endpoint=127.0.0.1:20201,blk={
	"blockNumber" : 2519,
	"group" : "group0",
	"nodeName" : "2f993327933ad58672518b6d4f63920cbc68b80f78f4d81192552ee6362f5cc81ee13bdc678ad65f06e76444cadb53b33694cfb3fc7679b8000411975fedd28a"
}
info|2023-07-09 04:27:18.934042|[RPC][BLOCK][NUMBER][fromJson],group=group0,node=98a7f70ec883a722219d92253cf073a72605f4087aa3443c8e4aadc0af2dc3ac647d0fa1b5ac99cd6987abafe6d690ae71cd5fd2aeeabe7589bfb4748aabdfba,blockNumber=2520
info|2023-07-09 04:27:18.934095|[RPCWS][SERVICE][onRecvBlockNotifier]receive block number notifier,group=group0,node=98a7f70ec883a722219d92253cf073a72605f4087aa3443c8e4aadc0af2dc3ac647d0fa1b5ac99cd6987abafe6d690ae71cd5fd2aeeabe7589bfb4748aabdfba,blockNumber=2520
info|2023-07-09 04:27:18.934105|[RPCWS][SERVICE][updateGroupBlockNumber],groupID=group0,_blockNumber=2520
info|2023-07-09 04:27:18.934111|[RPCWS][SERVICE][onRecvBlockNotifier]block notifier callback,group=group0,node=98a7f70ec883a722219d92253cf073a72605f4087aa3443c8e4aadc0af2dc3ac647d0fa1b5ac99cd6987abafe6d690ae71cd5fd2aeeabe7589bfb4748aabdfba,blockNumber=2520
info|2023-07-09 04:27:18.934116|[WS]receive block notify,endpoint=127.0.0.1:20200,blk={
	"blockNumber" : 2520,
	"group" : "group0",
	"nodeName" : "98a7f70ec883a722219d92253cf073a72605f4087aa3443c8e4aadc0af2dc3ac647d0fa1b5ac99cd6987abafe6d690ae71cd5fd2aeeabe7589bfb4748aabdfba"
}
info|2023-07-09 04:27:19.013811|[RPC][BLOCK][NUMBER][fromJson],group=group0,node=2f993327933ad58672518b6d4f63920cbc68b80f78f4d81192552ee6362f5cc81ee13bdc678ad65f06e76444cadb53b33694cfb3fc7679b8000411975fedd28a,blockNumber=2520
info|2023-07-09 04:27:19.013870|[RPCWS][SERVICE][onRecvBlockNotifier]receive block number notifier,group=group0,node=2f993327933ad58672518b6d4f63920cbc68b80f78f4d81192552ee6362f5cc81ee13bdc678ad65f06e76444cadb53b33694cfb3fc7679b8000411975fedd28a,blockNumber=2520
info|2023-07-09 04:27:19.013890|[WS]receive block notify,endpoint=127.0.0.1:20201,blk={
	"blockNumber" : 2520,
	"group" : "group0",
	"nodeName" : "2f993327933ad58672518b6d4f63920cbc68b80f78f4d81192552ee6362f5cc81ee13bdc678ad65f06e76444cadb53b33694cfb3fc7679b8000411975fedd28a"
}
info|2023-07-09 04:27:19.493004|[RPC][BLOCK][NUMBER][fromJson],group=group0,node=98a7f70ec883a722219d92253cf073a72605f4087aa3443c8e4aadc0af2dc3ac647d0fa1b5ac99cd6987abafe6d690ae71cd5fd2aeeabe7589bfb4748aabdfba,blockNumber=2521
info|2023-07-09 04:27:19.493051|[RPCWS][SERVICE][onRecvBlockNotifier]receive block number notifier,group=group0,node=98a7f70ec883a722219d92253cf073a72605f4087aa3443c8e4aadc0af2dc3ac647d0fa1b5ac99cd6987abafe6d690ae71cd5fd2aeeabe7589bfb4748aabdfba,blockNumber=2521
info|2023-07-09 04:27:19.493060|[RPCWS][SERVICE][updateGroupBlockNumber],groupID=group0,_blockNumber=2521
info|2023-07-09 04:27:19.493066|[RPCWS][SERVICE][onRecvBlockNotifier]block notifier callback,group=group0,node=98a7f70ec883a722219d92253cf073a72605f4087aa3443c8e4aadc0af2dc3ac647d0fa1b5ac99cd6987abafe6d690ae71cd5fd2aeeabe7589bfb4748aabdfba,blockNumber=2521
info|2023-07-09 04:27:19.493075|[WS]receive block notify,endpoint=127.0.0.1:20200,blk={
	"blockNumber" : 2521,
	"group" : "group0",
	"nodeName" : "98a7f70ec883a722219d92253cf073a72605f4087aa3443c8e4aadc0af2dc3ac647d0fa1b5ac99cd6987abafe6d690ae71cd5fd2aeeabe7589bfb4748aabdfba"
}
info|2023-07-09 04:27:19.510083|[RPC][BLOCK][NUMBER][fromJson],group=group0,node=2f993327933ad58672518b6d4f63920cbc68b80f78f4d81192552ee6362f5cc81ee13bdc678ad65f06e76444cadb53b33694cfb3fc7679b8000411975fedd28a,blockNumber=2521
info|2023-07-09 04:27:19.510120|[RPCWS][SERVICE][onRecvBlockNotifier]receive block number notifier,group=group0,node=2f993327933ad58672518b6d4f63920cbc68b80f78f4d81192552ee6362f5cc81ee13bdc678ad65f06e76444cadb53b33694cfb3fc7679b8000411975fedd28a,blockNumber=2521
info|2023-07-09 04:27:19.510129|[WS]receive block notify,endpoint=127.0.0.1:20201,blk={
	"blockNumber" : 2521,
	"group" : "group0",
	"nodeName" : "2f993327933ad58672518b6d4f63920cbc68b80f78f4d81192552ee6362f5cc81ee13bdc678ad65f06e76444cadb53b33694cfb3fc7679b8000411975fedd28a"
}
info|2023-07-09 04:27:20.090080|[RPC][BLOCK][NUMBER][fromJson],group=group0,node=98a7f70ec883a722219d92253cf073a72605f4087aa3443c8e4aadc0af2dc3ac647d0fa1b5ac99cd6987abafe6d690ae71cd5fd2aeeabe7589bfb4748aabdfba,blockNumber=2522
info|2023-07-09 04:27:20.090185|[RPCWS][SERVICE][onRecvBlockNotifier]receive block number notifier,group=group0,node=98a7f70ec883a722219d92253cf073a72605f4087aa3443c8e4aadc0af2dc3ac647d0fa1b5ac99cd6987abafe6d690ae71cd5fd2aeeabe7589bfb4748aabdfba,blockNumber=2522
info|2023-07-09 04:27:20.090201|[RPCWS][SERVICE][updateGroupBlockNumber],groupID=group0,_blockNumber=2522
info|2023-07-09 04:27:20.090210|[RPCWS][SERVICE][onRecvBlockNotifier]block notifier callback,group=group0,node=98a7f70ec883a722219d92253cf073a72605f4087aa3443c8e4aadc0af2dc3ac647d0fa1b5ac99cd6987abafe6d690ae71cd5fd2aeeabe7589bfb4748aabdfba,blockNumber=2522
info|2023-07-09 04:27:20.090218|[WS]receive block notify,endpoint=127.0.0.1:20200,blk={
	"blockNumber" : 2522,
	"group" : "group0",
	"nodeName" : "98a7f70ec883a722219d92253cf073a72605f4087aa3443c8e4aadc0af2dc3ac647d0fa1b5ac99cd6987abafe6d690ae71cd5fd2aeeabe7589bfb4748aabdfba"
}
info|2023-07-09 04:27:20.114746|[RPC][BLOCK][NUMBER][fromJson],group=group0,node=2f993327933ad58672518b6d4f63920cbc68b80f78f4d81192552ee6362f5cc81ee13bdc678ad65f06e76444cadb53b33694cfb3fc7679b8000411975fedd28a,blockNumber=2522
info|2023-07-09 04:27:20.114770|[RPCWS][SERVICE][onRecvBlockNotifier]receive block number notifier,group=group0,node=2f993327933ad58672518b6d4f63920cbc68b80f78f4d81192552ee6362f5cc81ee13bdc678ad65f06e76444cadb53b33694cfb3fc7679b8000411975fedd28a,blockNumber=2522
info|2023-07-09 04:27:20.114779|[WS]receive block notify,endpoint=127.0.0.1:20201,blk={
	"blockNumber" : 2522,
	"group" : "group0",
	"nodeName" : "2f993327933ad58672518b6d4f63920cbc68b80f78f4d81192552ee6362f5cc81ee13bdc678ad65f06e76444cadb53b33694cfb3fc7679b8000411975fedd28a"
}
info|2023-07-09 04:27:20.660313|[RPC][BLOCK][NUMBER][fromJson],group=group0,node=98a7f70ec883a722219d92253cf073a72605f4087aa3443c8e4aadc0af2dc3ac647d0fa1b5ac99cd6987abafe6d690ae71cd5fd2aeeabe7589bfb4748aabdfba,blockNumber=2523
info|2023-07-09 04:27:20.660369|[RPCWS][SERVICE][onRecvBlockNotifier]receive block number notifier,group=group0,node=98a7f70ec883a722219d92253cf073a72605f4087aa3443c8e4aadc0af2dc3ac647d0fa1b5ac99cd6987abafe6d690ae71cd5fd2aeeabe7589bfb4748aabdfba,blockNumber=2523
info|2023-07-09 04:27:20.660381|[RPCWS][SERVICE][updateGroupBlockNumber],groupID=group0,_blockNumber=2523
info|2023-07-09 04:27:20.660388|[RPCWS][SERVICE][onRecvBlockNotifier]block notifier callback,group=group0,node=98a7f70ec883a722219d92253cf073a72605f4087aa3443c8e4aadc0af2dc3ac647d0fa1b5ac99cd6987abafe6d690ae71cd5fd2aeeabe7589bfb4748aabdfba,blockNumber=2523
info|2023-07-09 04:27:20.660397|[WS]receive block notify,endpoint=127.0.0.1:20200,blk={
	"blockNumber" : 2523,
	"group" : "group0",
	"nodeName" : "98a7f70ec883a722219d92253cf073a72605f4087aa3443c8e4aadc0af2dc3ac647d0fa1b5ac99cd6987abafe6d690ae71cd5fd2aeeabe7589bfb4748aabdfba"
}
info|2023-07-09 04:27:20.702754|[RPC][BLOCK][NUMBER][fromJson],group=group0,node=2f993327933ad58672518b6d4f63920cbc68b80f78f4d81192552ee6362f5cc81ee13bdc678ad65f06e76444cadb53b33694cfb3fc7679b8000411975fedd28a,blockNumber=2523
info|2023-07-09 04:27:20.702777|[RPCWS][SERVICE][onRecvBlockNotifier]receive block number notifier,group=group0,node=2f993327933ad58672518b6d4f63920cbc68b80f78f4d81192552ee6362f5cc81ee13bdc678ad65f06e76444cadb53b33694cfb3fc7679b8000411975fedd28a,blockNumber=2523
info|2023-07-09 04:27:20.702786|[WS]receive block notify,endpoint=127.0.0.1:20201,blk={
	"blockNumber" : 2523,
	"group" : "group0",
	"nodeName" : "2f993327933ad58672518b6d4f63920cbc68b80f78f4d81192552ee6362f5cc81ee13bdc678ad65f06e76444cadb53b33694cfb3fc7679b8000411975fedd28a"
}
info|2023-07-09 04:27:21.228164|[RPC][BLOCK][NUMBER][fromJson],group=group0,node=98a7f70ec883a722219d92253cf073a72605f4087aa3443c8e4aadc0af2dc3ac647d0fa1b5ac99cd6987abafe6d690ae71cd5fd2aeeabe7589bfb4748aabdfba,blockNumber=2524
info|2023-07-09 04:27:21.228240|[RPCWS][SERVICE][onRecvBlockNotifier]receive block number notifier,group=group0,node=98a7f70ec883a722219d92253cf073a72605f4087aa3443c8e4aadc0af2dc3ac647d0fa1b5ac99cd6987abafe6d690ae71cd5fd2aeeabe7589bfb4748aabdfba,blockNumber=2524
info|2023-07-09 04:27:21.228248|[RPCWS][SERVICE][updateGroupBlockNumber],groupID=group0,_blockNumber=2524
info|2023-07-09 04:27:21.228255|[RPCWS][SERVICE][onRecvBlockNotifier]block notifier callback,group=group0,node=98a7f70ec883a722219d92253cf073a72605f4087aa3443c8e4aadc0af2dc3ac647d0fa1b5ac99cd6987abafe6d690ae71cd5fd2aeeabe7589bfb4748aabdfba,blockNumber=2524
info|2023-07-09 04:27:21.228260|[WS]receive block notify,endpoint=127.0.0.1:20200,blk={
	"blockNumber" : 2524,
	"group" : "group0",
	"nodeName" : "98a7f70ec883a722219d92253cf073a72605f4087aa3443c8e4aadc0af2dc3ac647d0fa1b5ac99cd6987abafe6d690ae71cd5fd2aeeabe7589bfb4748aabdfba"
}
info|2023-07-09 04:27:21.298956|[RPC][BLOCK][NUMBER][fromJson],group=group0,node=2f993327933ad58672518b6d4f63920cbc68b80f78f4d81192552ee6362f5cc81ee13bdc678ad65f06e76444cadb53b33694cfb3fc7679b8000411975fedd28a,blockNumber=2524
info|2023-07-09 04:27:21.299018|[RPCWS][SERVICE][onRecvBlockNotifier]receive block number notifier,group=group0,node=2f993327933ad58672518b6d4f63920cbc68b80f78f4d81192552ee6362f5cc81ee13bdc678ad65f06e76444cadb53b33694cfb3fc7679b8000411975fedd28a,blockNumber=2524
info|2023-07-09 04:27:21.299038|[WS]receive block notify,endpoint=127.0.0.1:20201,blk={
	"blockNumber" : 2524,
	"group" : "group0",
	"nodeName" : "2f993327933ad58672518b6d4f63920cbc68b80f78f4d81192552ee6362f5cc81ee13bdc678ad65f06e76444cadb53b33694cfb3fc7679b8000411975fedd28a"
}
info|2023-07-09 04:27:21.817634|[RPC][BLOCK][NUMBER][fromJson],group=group0,node=98a7f70ec883a722219d92253cf073a72605f4087aa3443c8e4aadc0af2dc3ac647d0fa1b5ac99cd6987abafe6d690ae71cd5fd2aeeabe7589bfb4748aabdfba,blockNumber=2525
info|2023-07-09 04:27:21.817671|[RPCWS][SERVICE][onRecvBlockNotifier]receive block number notifier,group=group0,node=98a7f70ec883a722219d92253cf073a72605f4087aa3443c8e4aadc0af2dc3ac647d0fa1b5ac99cd6987abafe6d690ae71cd5fd2aeeabe7589bfb4748aabdfba,blockNumber=2525
info|2023-07-09 04:27:21.817680|[RPCWS][SERVICE][updateGroupBlockNumber],groupID=group0,_blockNumber=2525
info|2023-07-09 04:27:21.817688|[RPCWS][SERVICE][onRecvBlockNotifier]block notifier callback,group=group0,node=98a7f70ec883a722219d92253cf073a72605f4087aa3443c8e4aadc0af2dc3ac647d0fa1b5ac99cd6987abafe6d690ae71cd5fd2aeeabe7589bfb4748aabdfba,blockNumber=2525
info|2023-07-09 04:27:21.817694|[WS]receive block notify,endpoint=127.0.0.1:20200,blk={
	"blockNumber" : 2525,
	"group" : "group0",
	"nodeName" : "98a7f70ec883a722219d92253cf073a72605f4087aa3443c8e4aadc0af2dc3ac647d0fa1b5ac99cd6987abafe6d690ae71cd5fd2aeeabe7589bfb4748aabdfba"
}
info|2023-07-09 04:27:21.858850|[RPC][BLOCK][NUMBER][fromJson],group=group0,node=2f993327933ad58672518b6d4f63920cbc68b80f78f4d81192552ee6362f5cc81ee13bdc678ad65f06e76444cadb53b33694cfb3fc7679b8000411975fedd28a,blockNumber=2525
info|2023-07-09 04:27:21.858894|[RPCWS][SERVICE][onRecvBlockNotifier]receive block number notifier,group=group0,node=2f993327933ad58672518b6d4f63920cbc68b80f78f4d81192552ee6362f5cc81ee13bdc678ad65f06e76444cadb53b33694cfb3fc7679b8000411975fedd28a,blockNumber=2525
info|2023-07-09 04:27:21.858909|[WS]receive block notify,endpoint=127.0.0.1:20201,blk={
	"blockNumber" : 2525,
	"group" : "group0",
	"nodeName" : "2f993327933ad58672518b6d4f63920cbc68b80f78f4d81192552ee6362f5cc81ee13bdc678ad65f06e76444cadb53b33694cfb3fc7679b8000411975fedd28a"
}
info|2023-07-09 04:27:22.450153|[RPC][BLOCK][NUMBER][fromJson],group=group0,node=98a7f70ec883a722219d92253cf073a72605f4087aa3443c8e4aadc0af2dc3ac647d0fa1b5ac99cd6987abafe6d690ae71cd5fd2aeeabe7589bfb4748aabdfba,blockNumber=2526
info|2023-07-09 04:27:22.450235|[RPCWS][SERVICE][onRecvBlockNotifier]receive block number notifier,group=group0,node=98a7f70ec883a722219d92253cf073a72605f4087aa3443c8e4aadc0af2dc3ac647d0fa1b5ac99cd6987abafe6d690ae71cd5fd2aeeabe7589bfb4748aabdfba,blockNumber=2526
info|2023-07-09 04:27:22.450246|[RPCWS][SERVICE][updateGroupBlockNumber],groupID=group0,_blockNumber=2526
info|2023-07-09 04:27:22.450252|[RPCWS][SERVICE][onRecvBlockNotifier]block notifier callback,group=group0,node=98a7f70ec883a722219d92253cf073a72605f4087aa3443c8e4aadc0af2dc3ac647d0fa1b5ac99cd6987abafe6d690ae71cd5fd2aeeabe7589bfb4748aabdfba,blockNumber=2526
info|2023-07-09 04:27:22.450295|[WS]receive block notify,endpoint=127.0.0.1:20200,blk={
	"blockNumber" : 2526,
	"group" : "group0",
	"nodeName" : "98a7f70ec883a722219d92253cf073a72605f4087aa3443c8e4aadc0af2dc3ac647d0fa1b5ac99cd6987abafe6d690ae71cd5fd2aeeabe7589bfb4748aabdfba"
}
info|2023-07-09 04:27:22.498912|[RPC][BLOCK][NUMBER][fromJson],group=group0,node=2f993327933ad58672518b6d4f63920cbc68b80f78f4d81192552ee6362f5cc81ee13bdc678ad65f06e76444cadb53b33694cfb3fc7679b8000411975fedd28a,blockNumber=2526
info|2023-07-09 04:27:22.498951|[RPCWS][SERVICE][onRecvBlockNotifier]receive block number notifier,group=group0,node=2f993327933ad58672518b6d4f63920cbc68b80f78f4d81192552ee6362f5cc81ee13bdc678ad65f06e76444cadb53b33694cfb3fc7679b8000411975fedd28a,blockNumber=2526
info|2023-07-09 04:27:22.498964|[WS]receive block notify,endpoint=127.0.0.1:20201,blk={
	"blockNumber" : 2526,
	"group" : "group0",
	"nodeName" : "2f993327933ad58672518b6d4f63920cbc68b80f78f4d81192552ee6362f5cc81ee13bdc678ad65f06e76444cadb53b33694cfb3fc7679b8000411975fedd28a"
}
info|2023-07-09 04:27:32.412202|[EVENT][SUB][doLoop]event sub tasks report,working event sub count=0,suspend event sub count=0
info|2023-07-09 04:27:32.416404|[SDK][WS][SERVICE]connected nodes,count=2
info|2023-07-09 04:27:52.412978|[EVENT][SUB][doLoop]event sub tasks report,working event sub count=0,suspend event sub count=0
info|2023-07-09 04:27:52.416908|[SDK][WS][SERVICE]connected nodes,count=2
info|2023-07-09 04:28:12.413591|[EVENT][SUB][doLoop]event sub tasks report,working event sub count=0,suspend event sub count=0
info|2023-07-09 04:28:12.417206|[SDK][WS][SERVICE]connected nodes,count=2
info|2023-07-09 04:28:32.413727|[EVENT][SUB][doLoop]event sub tasks report,working event sub count=0,suspend event sub count=0
info|2023-07-09 04:28:32.417734|[SDK][WS][SERVICE]connected nodes,count=2
info|2023-07-09 04:28:52.414061|[EVENT][SUB][doLoop]event sub tasks report,working event sub count=0,suspend event sub count=0
info|2023-07-09 04:28:52.418323|[SDK][WS][SERVICE]connected nodes,count=2
info|2023-07-09 04:29:12.414182|[EVENT][SUB][doLoop]event sub tasks report,working event sub count=0,suspend event sub count=0
info|2023-07-09 04:29:12.418805|[SDK][WS][SERVICE]connected nodes,count=2
info|2023-07-09 04:29:32.414652|[EVENT][SUB][doLoop]event sub tasks report,working event sub count=0,suspend event sub count=0
info|2023-07-09 04:29:32.419136|[SDK][WS][SERVICE]connected nodes,count=2
info|2023-07-09 04:29:52.414801|[EVENT][SUB][doLoop]event sub tasks report,working event sub count=0,suspend event sub count=0
info|2023-07-09 04:29:52.419358|[SDK][WS][SERVICE]connected nodes,count=2
info|2023-07-09 04:30:12.415028|[EVENT][SUB][doLoop]event sub tasks report,working event sub count=0,suspend event sub count=0
info|2023-07-09 04:30:12.419647|[SDK][WS][SERVICE]connected nodes,count=2
info|2023-07-09 04:30:32.415481|[EVENT][SUB][doLoop]event sub tasks report,working event sub count=0,suspend event sub count=0
info|2023-07-09 04:30:32.420100|[SDK][WS][SERVICE]connected nodes,count=2
info|2023-07-09 04:30:52.416201|[EVENT][SUB][doLoop]event sub tasks report,working event sub count=0,suspend event sub count=0
info|2023-07-09 04:30:52.420349|[SDK][WS][SERVICE]connected nodes,count=2
info|2023-07-09 04:31:12.416658|[EVENT][SUB][doLoop]event sub tasks report,working event sub count=0,suspend event sub count=0
info|2023-07-09 04:31:12.420815|[SDK][WS][SERVICE]connected nodes,count=2
info|2023-07-09 04:31:32.416817|[EVENT][SUB][doLoop]event sub tasks report,working event sub count=0,suspend event sub count=0
info|2023-07-09 04:31:32.420969|[SDK][WS][SERVICE]connected nodes,count=2
info|2023-07-09 04:31:52.417116|[EVENT][SUB][doLoop]event sub tasks report,working event sub count=0,suspend event sub count=0
info|2023-07-09 04:31:52.421082|[SDK][WS][SERVICE]connected nodes,count=2
info|2023-07-09 04:32:12.417436|[EVENT][SUB][doLoop]event sub tasks report,working event sub count=0,suspend event sub count=0
info|2023-07-09 04:32:12.422048|[SDK][WS][SERVICE]connected nodes,count=2
info|2023-07-09 04:32:32.417630|[EVENT][SUB][doLoop]event sub tasks report,working event sub count=0,suspend event sub count=0
info|2023-07-09 04:32:32.422407|[SDK][WS][SERVICE]connected nodes,count=2
info|2023-07-09 04:32:52.418250|[EVENT][SUB][doLoop]event sub tasks report,working event sub count=0,suspend event sub count=0
info|2023-07-09 04:32:52.422781|[SDK][WS][SERVICE]connected nodes,count=2
info|2023-07-09 04:33:12.418624|[EVENT][SUB][doLoop]event sub tasks report,working event sub count=0,suspend event sub count=0
info|2023-07-09 04:33:12.423065|[SDK][WS][SERVICE]connected nodes,count=2
info|2023-07-09 04:33:32.419038|[EVENT][SUB][doLoop]event sub tasks report,working event sub count=0,suspend event sub count=0
info|2023-07-09 04:33:32.423317|[SDK][WS][SERVICE]connected nodes,count=2
info|2023-07-09 04:33:52.419267|[EVENT][SUB][doLoop]event sub tasks report,working event sub count=0,suspend event sub count=0
info|2023-07-09 04:33:52.423780|[SDK][WS][SERVICE]connected nodes,count=2
info|2023-07-09 04:34:12.419504|[EVENT][SUB][doLoop]event sub tasks report,working event sub count=0,suspend event sub count=0
info|2023-07-09 04:34:12.424509|[SDK][WS][SERVICE]connected nodes,count=2
info|2023-07-09 04:34:32.419556|[EVENT][SUB][doLoop]event sub tasks report,working event sub count=0,suspend event sub count=0
info|2023-07-09 04:34:32.424875|[SDK][WS][SERVICE]connected nodes,count=2
info|2023-07-09 04:34:52.420252|[EVENT][SUB][doLoop]event sub tasks report,working event sub count=0,suspend event sub count=0
info|2023-07-09 04:34:52.425526|[SDK][WS][SERVICE]connected nodes,count=2
info|2023-07-09 04:35:12.420582|[EVENT][SUB][doLoop]event sub tasks report,working event sub count=0,suspend event sub count=0
info|2023-07-09 04:35:12.425902|[SDK][WS][SERVICE]connected nodes,count=2
info|2023-07-09 04:35:32.421013|[EVENT][SUB][doLoop]event sub tasks report,working event sub count=0,suspend event sub count=0
info|2023-07-09 04:35:32.426030|[SDK][WS][SERVICE]connected nodes,count=2
info|2023-07-09 04:35:52.421489|[EVENT][SUB][doLoop]event sub tasks report,working event sub count=0,suspend event sub count=0
info|2023-07-09 04:35:52.426343|[SDK][WS][SERVICE]connected nodes,count=2
info|2023-07-09 04:36:12.421824|[EVENT][SUB][doLoop]event sub tasks report,working event sub count=0,suspend event sub count=0
info|2023-07-09 04:36:12.427033|[SDK][WS][SERVICE]connected nodes,count=2
info|2023-07-09 04:36:32.421907|[EVENT][SUB][doLoop]event sub tasks report,working event sub count=0,suspend event sub count=0
info|2023-07-09 04:36:32.427760|[SDK][WS][SERVICE]connected nodes,count=2
info|2023-07-09 04:36:52.422259|[EVENT][SUB][doLoop]event sub tasks report,working event sub count=0,suspend event sub count=0
info|2023-07-09 04:36:52.428093|[SDK][WS][SERVICE]connected nodes,count=2
info|2023-07-09 04:37:12.422767|[EVENT][SUB][doLoop]event sub tasks report,working event sub count=0,suspend event sub count=0
info|2023-07-09 04:37:12.428566|[SDK][WS][SERVICE]connected nodes,count=2
info|2023-07-09 04:37:32.422884|[EVENT][SUB][doLoop]event sub tasks report,working event sub count=0,suspend event sub count=0
info|2023-07-09 04:37:32.428804|[SDK][WS][SERVICE]connected nodes,count=2
info|2023-07-09 04:37:52.423613|[EVENT][SUB][doLoop]event sub tasks report,working event sub count=0,suspend event sub count=0
info|2023-07-09 04:37:52.429190|[SDK][WS][SERVICE]connected nodes,count=2
info|2023-07-09 04:38:12.424320|[EVENT][SUB][doLoop]event sub tasks report,working event sub count=0,suspend event sub count=0
info|2023-07-09 04:38:12.429595|[SDK][WS][SERVICE]connected nodes,count=2
info|2023-07-09 04:38:32.424692|[EVENT][SUB][doLoop]event sub tasks report,working event sub count=0,suspend event sub count=0
info|2023-07-09 04:38:32.429881|[SDK][WS][SERVICE]connected nodes,count=2
info|2023-07-09 04:38:52.424891|[EVENT][SUB][doLoop]event sub tasks report,working event sub count=0,suspend event sub count=0
info|2023-07-09 04:38:52.430206|[SDK][WS][SERVICE]connected nodes,count=2
info|2023-07-09 04:39:12.425317|[EVENT][SUB][doLoop]event sub tasks report,working event sub count=0,suspend event sub count=0
info|2023-07-09 04:39:12.430657|[SDK][WS][SERVICE]connected nodes,count=2
info|2023-07-09 04:39:32.425981|[EVENT][SUB][doLoop]event sub tasks report,working event sub count=0,suspend event sub count=0
info|2023-07-09 04:39:32.431154|[SDK][WS][SERVICE]connected nodes,count=2
info|2023-07-09 04:39:52.426042|[EVENT][SUB][doLoop]event sub tasks report,working event sub count=0,suspend event sub count=0
info|2023-07-09 04:39:52.431329|[SDK][WS][SERVICE]connected nodes,count=2
info|2023-07-09 04:40:12.426360|[EVENT][SUB][doLoop]event sub tasks report,working event sub count=0,suspend event sub count=0
info|2023-07-09 04:40:12.431625|[SDK][WS][SERVICE]connected nodes,count=2
info|2023-07-09 04:40:32.426501|[EVENT][SUB][doLoop]event sub tasks report,working event sub count=0,suspend event sub count=0
info|2023-07-09 04:40:32.431749|[SDK][WS][SERVICE]connected nodes,count=2
info|2023-07-09 04:40:52.426732|[EVENT][SUB][doLoop]event sub tasks report,working event sub count=0,suspend event sub count=0
info|2023-07-09 04:40:52.431913|[SDK][WS][SERVICE]connected nodes,count=2
info|2023-07-09 04:41:12.427095|[EVENT][SUB][doLoop]event sub tasks report,working event sub count=0,suspend event sub count=0
info|2023-07-09 04:41:12.432050|[SDK][WS][SERVICE]connected nodes,count=2
info|2023-07-09 04:41:32.427287|[EVENT][SUB][doLoop]event sub tasks report,working event sub count=0,suspend event sub count=0
info|2023-07-09 04:41:32.432314|[SDK][WS][SERVICE]connected nodes,count=2
info|2023-07-09 04:41:52.427816|[EVENT][SUB][doLoop]event sub tasks report,working event sub count=0,suspend event sub count=0
info|2023-07-09 04:41:52.432950|[SDK][WS][SERVICE]connected nodes,count=2
info|2023-07-09 04:42:12.428229|[EVENT][SUB][doLoop]event sub tasks report,working event sub count=0,suspend event sub count=0
info|2023-07-09 04:42:12.433194|[SDK][WS][SERVICE]connected nodes,count=2
info|2023-07-09 04:42:32.428505|[EVENT][SUB][doLoop]event sub tasks report,working event sub count=0,suspend event sub count=0
info|2023-07-09 04:42:32.433510|[SDK][WS][SERVICE]connected nodes,count=2
info|2023-07-09 04:42:52.428928|[EVENT][SUB][doLoop]event sub tasks report,working event sub count=0,suspend event sub count=0
info|2023-07-09 04:42:52.434309|[SDK][WS][SERVICE]connected nodes,count=2
info|2023-07-09 04:43:12.428997|[EVENT][SUB][doLoop]event sub tasks report,working event sub count=0,suspend event sub count=0
info|2023-07-09 04:43:12.434859|[SDK][WS][SERVICE]connected nodes,count=2
info|2023-07-09 04:43:32.429104|[EVENT][SUB][doLoop]event sub tasks report,working event sub count=0,suspend event sub count=0
info|2023-07-09 04:43:32.435186|[SDK][WS][SERVICE]connected nodes,count=2
info|2023-07-09 04:43:52.429344|[EVENT][SUB][doLoop]event sub tasks report,working event sub count=0,suspend event sub count=0
info|2023-07-09 04:43:52.435665|[SDK][WS][SERVICE]connected nodes,count=2
info|2023-07-09 04:44:12.429571|[EVENT][SUB][doLoop]event sub tasks report,working event sub count=0,suspend event sub count=0
info|2023-07-09 04:44:12.435840|[SDK][WS][SERVICE]connected nodes,count=2
info|2023-07-09 04:44:32.429632|[EVENT][SUB][doLoop]event sub tasks report,working event sub count=0,suspend event sub count=0
info|2023-07-09 04:44:32.436307|[SDK][WS][SERVICE]connected nodes,count=2
info|2023-07-09 04:44:52.430188|[EVENT][SUB][doLoop]event sub tasks report,working event sub count=0,suspend event sub count=0
info|2023-07-09 04:44:52.436421|[SDK][WS][SERVICE]connected nodes,count=2
info|2023-07-09 04:45:12.430254|[EVENT][SUB][doLoop]event sub tasks report,working event sub count=0,suspend event sub count=0
info|2023-07-09 04:45:12.437421|[SDK][WS][SERVICE]connected nodes,count=2
info|2023-07-09 04:45:32.430375|[EVENT][SUB][doLoop]event sub tasks report,working event sub count=0,suspend event sub count=0
info|2023-07-09 04:45:32.438070|[SDK][WS][SERVICE]connected nodes,count=2
info|2023-07-09 04:45:52.430957|[EVENT][SUB][doLoop]event sub tasks report,working event sub count=0,suspend event sub count=0
info|2023-07-09 04:45:52.438556|[SDK][WS][SERVICE]connected nodes,count=2
info|2023-07-09 04:46:12.431343|[EVENT][SUB][doLoop]event sub tasks report,working event sub count=0,suspend event sub count=0
info|2023-07-09 04:46:12.438729|[SDK][WS][SERVICE]connected nodes,count=2
info|2023-07-09 04:46:32.431567|[EVENT][SUB][doLoop]event sub tasks report,working event sub count=0,suspend event sub count=0
info|2023-07-09 04:46:32.440373|[SDK][WS][SERVICE]connected nodes,count=2
info|2023-07-09 04:46:52.431968|[EVENT][SUB][doLoop]event sub tasks report,working event sub count=0,suspend event sub count=0
info|2023-07-09 04:46:52.441190|[SDK][WS][SERVICE]connected nodes,count=2
info|2023-07-09 04:47:12.432225|[EVENT][SUB][doLoop]event sub tasks report,working event sub count=0,suspend event sub count=0
info|2023-07-09 04:47:12.441835|[SDK][WS][SERVICE]connected nodes,count=2
info|2023-07-09 04:47:32.432521|[EVENT][SUB][doLoop]event sub tasks report,working event sub count=0,suspend event sub count=0
info|2023-07-09 04:47:32.442032|[SDK][WS][SERVICE]connected nodes,count=2
info|2023-07-09 04:47:52.432706|[EVENT][SUB][doLoop]event sub tasks report,working event sub count=0,suspend event sub count=0
info|2023-07-09 04:47:52.442450|[SDK][WS][SERVICE]connected nodes,count=2
info|2023-07-09 04:48:12.433064|[EVENT][SUB][doLoop]event sub tasks report,working event sub count=0,suspend event sub count=0
info|2023-07-09 04:48:12.442720|[SDK][WS][SERVICE]connected nodes,count=2
info|2023-07-09 04:48:32.433249|[EVENT][SUB][doLoop]event sub tasks report,working event sub count=0,suspend event sub count=0
info|2023-07-09 04:48:32.442892|[SDK][WS][SERVICE]connected nodes,count=2
info|2023-07-09 04:48:52.433496|[EVENT][SUB][doLoop]event sub tasks report,working event sub count=0,suspend event sub count=0
info|2023-07-09 04:48:52.442992|[SDK][WS][SERVICE]connected nodes,count=2
info|2023-07-09 04:49:12.433650|[EVENT][SUB][doLoop]event sub tasks report,working event sub count=0,suspend event sub count=0
info|2023-07-09 04:49:12.443248|[SDK][WS][SERVICE]connected nodes,count=2
info|2023-07-09 04:49:32.433797|[EVENT][SUB][doLoop]event sub tasks report,working event sub count=0,suspend event sub count=0
info|2023-07-09 04:49:32.443588|[SDK][WS][SERVICE]connected nodes,count=2
info|2023-07-09 04:49:52.434072|[EVENT][SUB][doLoop]event sub tasks report,working event sub count=0,suspend event sub count=0
info|2023-07-09 04:49:52.445281|[SDK][WS][SERVICE]connected nodes,count=2
info|2023-07-09 04:50:12.434586|[EVENT][SUB][doLoop]event sub tasks report,working event sub count=0,suspend event sub count=0
info|2023-07-09 04:50:12.445479|[SDK][WS][SERVICE]connected nodes,count=2
info|2023-07-09 04:50:32.434984|[EVENT][SUB][doLoop]event sub tasks report,working event sub count=0,suspend event sub count=0
info|2023-07-09 04:50:32.445983|[SDK][WS][SERVICE]connected nodes,count=2
info|2023-07-09 04:50:52.435175|[EVENT][SUB][doLoop]event sub tasks report,working event sub count=0,suspend event sub count=0
info|2023-07-09 04:50:52.446330|[SDK][WS][SERVICE]connected nodes,count=2
info|2023-07-09 04:51:12.435382|[EVENT][SUB][doLoop]event sub tasks report,working event sub count=0,suspend event sub count=0
info|2023-07-09 04:51:12.446980|[SDK][WS][SERVICE]connected nodes,count=2
info|2023-07-09 04:51:32.435707|[EVENT][SUB][doLoop]event sub tasks report,working event sub count=0,suspend event sub count=0
info|2023-07-09 04:51:32.447573|[SDK][WS][SERVICE]connected nodes,count=2
info|2023-07-09 04:51:52.435922|[EVENT][SUB][doLoop]event sub tasks report,working event sub count=0,suspend event sub count=0
info|2023-07-09 04:51:52.447838|[SDK][WS][SERVICE]connected nodes,count=2
info|2023-07-09 04:52:12.436312|[EVENT][SUB][doLoop]event sub tasks report,working event sub count=0,suspend event sub count=0
info|2023-07-09 04:52:12.448301|[SDK][WS][SERVICE]connected nodes,count=2
info|2023-07-09 04:52:32.436512|[EVENT][SUB][doLoop]event sub tasks report,working event sub count=0,suspend event sub count=0
info|2023-07-09 04:52:32.448991|[SDK][WS][SERVICE]connected nodes,count=2
info|2023-07-09 04:52:52.436717|[EVENT][SUB][doLoop]event sub tasks report,working event sub count=0,suspend event sub count=0
info|2023-07-09 04:52:52.449648|[SDK][WS][SERVICE]connected nodes,count=2
info|2023-07-09 04:53:12.437303|[EVENT][SUB][doLoop]event sub tasks report,working event sub count=0,suspend event sub count=0
info|2023-07-09 04:53:12.450306|[SDK][WS][SERVICE]connected nodes,count=2
info|2023-07-09 04:53:32.437961|[EVENT][SUB][doLoop]event sub tasks report,working event sub count=0,suspend event sub count=0
info|2023-07-09 04:53:32.450550|[SDK][WS][SERVICE]connected nodes,count=2
info|2023-07-09 04:53:52.438095|[EVENT][SUB][doLoop]event sub tasks report,working event sub count=0,suspend event sub count=0
info|2023-07-09 04:53:52.451190|[SDK][WS][SERVICE]connected nodes,count=2
info|2023-07-09 04:54:12.438299|[EVENT][SUB][doLoop]event sub tasks report,working event sub count=0,suspend event sub count=0
info|2023-07-09 04:54:12.451524|[SDK][WS][SERVICE]connected nodes,count=2
info|2023-07-09 04:54:32.438623|[EVENT][SUB][doLoop]event sub tasks report,working event sub count=0,suspend event sub count=0
info|2023-07-09 04:54:32.452205|[SDK][WS][SERVICE]connected nodes,count=2
info|2023-07-09 04:54:52.438742|[EVENT][SUB][doLoop]event sub tasks report,working event sub count=0,suspend event sub count=0
info|2023-07-09 04:54:52.452803|[SDK][WS][SERVICE]connected nodes,count=2
info|2023-07-09 04:55:12.439280|[EVENT][SUB][doLoop]event sub tasks report,working event sub count=0,suspend event sub count=0
info|2023-07-09 04:55:12.452989|[SDK][WS][SERVICE]connected nodes,count=2
info|2023-07-09 04:55:32.440034|[EVENT][SUB][doLoop]event sub tasks report,working event sub count=0,suspend event sub count=0
info|2023-07-09 04:55:32.453183|[SDK][WS][SERVICE]connected nodes,count=2
info|2023-07-09 04:55:52.440506|[EVENT][SUB][doLoop]event sub tasks report,working event sub count=0,suspend event sub count=0
info|2023-07-09 04:55:52.453378|[SDK][WS][SERVICE]connected nodes,count=2
info|2023-07-09 04:56:12.440623|[EVENT][SUB][doLoop]event sub tasks report,working event sub count=0,suspend event sub count=0
info|2023-07-09 04:56:12.454168|[SDK][WS][SERVICE]connected nodes,count=2
info|2023-07-09 04:56:32.441321|[EVENT][SUB][doLoop]event sub tasks report,working event sub count=0,suspend event sub count=0
info|2023-07-09 04:56:32.454696|[SDK][WS][SERVICE]connected nodes,count=2
info|2023-07-09 04:56:52.441401|[EVENT][SUB][doLoop]event sub tasks report,working event sub count=0,suspend event sub count=0
info|2023-07-09 04:56:52.454805|[SDK][WS][SERVICE]connected nodes,count=2
info|2023-07-09 04:57:12.441693|[EVENT][SUB][doLoop]event sub tasks report,working event sub count=0,suspend event sub count=0
info|2023-07-09 04:57:12.455539|[SDK][WS][SERVICE]connected nodes,count=2
info|2023-07-09 04:57:13.852138|[RPC][BLOCK][NUMBER][fromJson],group=group0,node=98a7f70ec883a722219d92253cf073a72605f4087aa3443c8e4aadc0af2dc3ac647d0fa1b5ac99cd6987abafe6d690ae71cd5fd2aeeabe7589bfb4748aabdfba,blockNumber=2527
info|2023-07-09 04:57:13.852171|[RPCWS][SERVICE][onRecvBlockNotifier]receive block number notifier,group=group0,node=98a7f70ec883a722219d92253cf073a72605f4087aa3443c8e4aadc0af2dc3ac647d0fa1b5ac99cd6987abafe6d690ae71cd5fd2aeeabe7589bfb4748aabdfba,blockNumber=2527
info|2023-07-09 04:57:13.852177|[RPCWS][SERVICE][updateGroupBlockNumber],groupID=group0,_blockNumber=2527
info|2023-07-09 04:57:13.852181|[RPCWS][SERVICE][onRecvBlockNotifier]block notifier callback,group=group0,node=98a7f70ec883a722219d92253cf073a72605f4087aa3443c8e4aadc0af2dc3ac647d0fa1b5ac99cd6987abafe6d690ae71cd5fd2aeeabe7589bfb4748aabdfba,blockNumber=2527
info|2023-07-09 04:57:13.852185|[WS]receive block notify,endpoint=127.0.0.1:20200,blk={
	"blockNumber" : 2527,
	"group" : "group0",
	"nodeName" : "98a7f70ec883a722219d92253cf073a72605f4087aa3443c8e4aadc0af2dc3ac647d0fa1b5ac99cd6987abafe6d690ae71cd5fd2aeeabe7589bfb4748aabdfba"
}
info|2023-07-09 04:57:13.893450|[RPC][BLOCK][NUMBER][fromJson],group=group0,node=2f993327933ad58672518b6d4f63920cbc68b80f78f4d81192552ee6362f5cc81ee13bdc678ad65f06e76444cadb53b33694cfb3fc7679b8000411975fedd28a,blockNumber=2527
info|2023-07-09 04:57:13.893470|[RPCWS][SERVICE][onRecvBlockNotifier]receive block number notifier,group=group0,node=2f993327933ad58672518b6d4f63920cbc68b80f78f4d81192552ee6362f5cc81ee13bdc678ad65f06e76444cadb53b33694cfb3fc7679b8000411975fedd28a,blockNumber=2527
info|2023-07-09 04:57:13.893477|[WS]receive block notify,endpoint=127.0.0.1:20201,blk={
	"blockNumber" : 2527,
	"group" : "group0",
	"nodeName" : "2f993327933ad58672518b6d4f63920cbc68b80f78f4d81192552ee6362f5cc81ee13bdc678ad65f06e76444cadb53b33694cfb3fc7679b8000411975fedd28a"
}
info|2023-07-09 04:57:14.392137|[RPC][BLOCK][NUMBER][fromJson],group=group0,node=98a7f70ec883a722219d92253cf073a72605f4087aa3443c8e4aadc0af2dc3ac647d0fa1b5ac99cd6987abafe6d690ae71cd5fd2aeeabe7589bfb4748aabdfba,blockNumber=2528
info|2023-07-09 04:57:14.392254|[RPCWS][SERVICE][onRecvBlockNotifier]receive block number notifier,group=group0,node=98a7f70ec883a722219d92253cf073a72605f4087aa3443c8e4aadc0af2dc3ac647d0fa1b5ac99cd6987abafe6d690ae71cd5fd2aeeabe7589bfb4748aabdfba,blockNumber=2528
info|2023-07-09 04:57:14.392272|[RPCWS][SERVICE][updateGroupBlockNumber],groupID=group0,_blockNumber=2528
info|2023-07-09 04:57:14.392280|[RPCWS][SERVICE][onRecvBlockNotifier]block notifier callback,group=group0,node=98a7f70ec883a722219d92253cf073a72605f4087aa3443c8e4aadc0af2dc3ac647d0fa1b5ac99cd6987abafe6d690ae71cd5fd2aeeabe7589bfb4748aabdfba,blockNumber=2528
info|2023-07-09 04:57:14.392286|[WS]receive block notify,endpoint=127.0.0.1:20200,blk={
	"blockNumber" : 2528,
	"group" : "group0",
	"nodeName" : "98a7f70ec883a722219d92253cf073a72605f4087aa3443c8e4aadc0af2dc3ac647d0fa1b5ac99cd6987abafe6d690ae71cd5fd2aeeabe7589bfb4748aabdfba"
}
info|2023-07-09 04:57:14.463676|[RPC][BLOCK][NUMBER][fromJson],group=group0,node=2f993327933ad58672518b6d4f63920cbc68b80f78f4d81192552ee6362f5cc81ee13bdc678ad65f06e76444cadb53b33694cfb3fc7679b8000411975fedd28a,blockNumber=2528
info|2023-07-09 04:57:14.463699|[RPCWS][SERVICE][onRecvBlockNotifier]receive block number notifier,group=group0,node=2f993327933ad58672518b6d4f63920cbc68b80f78f4d81192552ee6362f5cc81ee13bdc678ad65f06e76444cadb53b33694cfb3fc7679b8000411975fedd28a,blockNumber=2528
info|2023-07-09 04:57:14.463706|[WS]receive block notify,endpoint=127.0.0.1:20201,blk={
	"blockNumber" : 2528,
	"group" : "group0",
	"nodeName" : "2f993327933ad58672518b6d4f63920cbc68b80f78f4d81192552ee6362f5cc81ee13bdc678ad65f06e76444cadb53b33694cfb3fc7679b8000411975fedd28a"
}
info|2023-07-09 04:57:14.917135|[RPC][BLOCK][NUMBER][fromJson],group=group0,node=98a7f70ec883a722219d92253cf073a72605f4087aa3443c8e4aadc0af2dc3ac647d0fa1b5ac99cd6987abafe6d690ae71cd5fd2aeeabe7589bfb4748aabdfba,blockNumber=2529
info|2023-07-09 04:57:14.917184|[RPCWS][SERVICE][onRecvBlockNotifier]receive block number notifier,group=group0,node=98a7f70ec883a722219d92253cf073a72605f4087aa3443c8e4aadc0af2dc3ac647d0fa1b5ac99cd6987abafe6d690ae71cd5fd2aeeabe7589bfb4748aabdfba,blockNumber=2529
info|2023-07-09 04:57:14.917194|[RPCWS][SERVICE][updateGroupBlockNumber],groupID=group0,_blockNumber=2529
info|2023-07-09 04:57:14.917200|[RPCWS][SERVICE][onRecvBlockNotifier]block notifier callback,group=group0,node=98a7f70ec883a722219d92253cf073a72605f4087aa3443c8e4aadc0af2dc3ac647d0fa1b5ac99cd6987abafe6d690ae71cd5fd2aeeabe7589bfb4748aabdfba,blockNumber=2529
info|2023-07-09 04:57:14.917207|[WS]receive block notify,endpoint=127.0.0.1:20200,blk={
	"blockNumber" : 2529,
	"group" : "group0",
	"nodeName" : "98a7f70ec883a722219d92253cf073a72605f4087aa3443c8e4aadc0af2dc3ac647d0fa1b5ac99cd6987abafe6d690ae71cd5fd2aeeabe7589bfb4748aabdfba"
}
info|2023-07-09 04:57:14.927133|[RPC][BLOCK][NUMBER][fromJson],group=group0,node=2f993327933ad58672518b6d4f63920cbc68b80f78f4d81192552ee6362f5cc81ee13bdc678ad65f06e76444cadb53b33694cfb3fc7679b8000411975fedd28a,blockNumber=2529
info|2023-07-09 04:57:14.927177|[RPCWS][SERVICE][onRecvBlockNotifier]receive block number notifier,group=group0,node=2f993327933ad58672518b6d4f63920cbc68b80f78f4d81192552ee6362f5cc81ee13bdc678ad65f06e76444cadb53b33694cfb3fc7679b8000411975fedd28a,blockNumber=2529
info|2023-07-09 04:57:14.927187|[WS]receive block notify,endpoint=127.0.0.1:20201,blk={
	"blockNumber" : 2529,
	"group" : "group0",
	"nodeName" : "2f993327933ad58672518b6d4f63920cbc68b80f78f4d81192552ee6362f5cc81ee13bdc678ad65f06e76444cadb53b33694cfb3fc7679b8000411975fedd28a"
}
info|2023-07-09 04:57:15.508634|[RPC][BLOCK][NUMBER][fromJson],group=group0,node=2f993327933ad58672518b6d4f63920cbc68b80f78f4d81192552ee6362f5cc81ee13bdc678ad65f06e76444cadb53b33694cfb3fc7679b8000411975fedd28a,blockNumber=2530
info|2023-07-09 04:57:15.508664|[RPCWS][SERVICE][onRecvBlockNotifier]receive block number notifier,group=group0,node=2f993327933ad58672518b6d4f63920cbc68b80f78f4d81192552ee6362f5cc81ee13bdc678ad65f06e76444cadb53b33694cfb3fc7679b8000411975fedd28a,blockNumber=2530
info|2023-07-09 04:57:15.508672|[RPCWS][SERVICE][updateGroupBlockNumber],groupID=group0,_blockNumber=2530
info|2023-07-09 04:57:15.508679|[RPCWS][SERVICE][onRecvBlockNotifier]block notifier callback,group=group0,node=2f993327933ad58672518b6d4f63920cbc68b80f78f4d81192552ee6362f5cc81ee13bdc678ad65f06e76444cadb53b33694cfb3fc7679b8000411975fedd28a,blockNumber=2530
info|2023-07-09 04:57:15.508685|[WS]receive block notify,endpoint=127.0.0.1:20201,blk={
	"blockNumber" : 2530,
	"group" : "group0",
	"nodeName" : "2f993327933ad58672518b6d4f63920cbc68b80f78f4d81192552ee6362f5cc81ee13bdc678ad65f06e76444cadb53b33694cfb3fc7679b8000411975fedd28a"
}
info|2023-07-09 04:57:15.517556|[RPC][BLOCK][NUMBER][fromJson],group=group0,node=98a7f70ec883a722219d92253cf073a72605f4087aa3443c8e4aadc0af2dc3ac647d0fa1b5ac99cd6987abafe6d690ae71cd5fd2aeeabe7589bfb4748aabdfba,blockNumber=2530
info|2023-07-09 04:57:15.517578|[RPCWS][SERVICE][onRecvBlockNotifier]receive block number notifier,group=group0,node=98a7f70ec883a722219d92253cf073a72605f4087aa3443c8e4aadc0af2dc3ac647d0fa1b5ac99cd6987abafe6d690ae71cd5fd2aeeabe7589bfb4748aabdfba,blockNumber=2530
info|2023-07-09 04:57:15.517586|[WS]receive block notify,endpoint=127.0.0.1:20200,blk={
	"blockNumber" : 2530,
	"group" : "group0",
	"nodeName" : "98a7f70ec883a722219d92253cf073a72605f4087aa3443c8e4aadc0af2dc3ac647d0fa1b5ac99cd6987abafe6d690ae71cd5fd2aeeabe7589bfb4748aabdfba"
}
info|2023-07-09 04:57:16.121284|[RPC][BLOCK][NUMBER][fromJson],group=group0,node=2f993327933ad58672518b6d4f63920cbc68b80f78f4d81192552ee6362f5cc81ee13bdc678ad65f06e76444cadb53b33694cfb3fc7679b8000411975fedd28a,blockNumber=2531
info|2023-07-09 04:57:16.121310|[RPCWS][SERVICE][onRecvBlockNotifier]receive block number notifier,group=group0,node=2f993327933ad58672518b6d4f63920cbc68b80f78f4d81192552ee6362f5cc81ee13bdc678ad65f06e76444cadb53b33694cfb3fc7679b8000411975fedd28a,blockNumber=2531
info|2023-07-09 04:57:16.121318|[RPCWS][SERVICE][updateGroupBlockNumber],groupID=group0,_blockNumber=2531
info|2023-07-09 04:57:16.121324|[RPCWS][SERVICE][onRecvBlockNotifier]block notifier callback,group=group0,node=2f993327933ad58672518b6d4f63920cbc68b80f78f4d81192552ee6362f5cc81ee13bdc678ad65f06e76444cadb53b33694cfb3fc7679b8000411975fedd28a,blockNumber=2531
info|2023-07-09 04:57:16.121329|[WS]receive block notify,endpoint=127.0.0.1:20201,blk={
	"blockNumber" : 2531,
	"group" : "group0",
	"nodeName" : "2f993327933ad58672518b6d4f63920cbc68b80f78f4d81192552ee6362f5cc81ee13bdc678ad65f06e76444cadb53b33694cfb3fc7679b8000411975fedd28a"
}
info|2023-07-09 04:57:16.122237|[RPC][BLOCK][NUMBER][fromJson],group=group0,node=98a7f70ec883a722219d92253cf073a72605f4087aa3443c8e4aadc0af2dc3ac647d0fa1b5ac99cd6987abafe6d690ae71cd5fd2aeeabe7589bfb4748aabdfba,blockNumber=2531
info|2023-07-09 04:57:16.122263|[RPCWS][SERVICE][onRecvBlockNotifier]receive block number notifier,group=group0,node=98a7f70ec883a722219d92253cf073a72605f4087aa3443c8e4aadc0af2dc3ac647d0fa1b5ac99cd6987abafe6d690ae71cd5fd2aeeabe7589bfb4748aabdfba,blockNumber=2531
info|2023-07-09 04:57:16.122272|[WS]receive block notify,endpoint=127.0.0.1:20200,blk={
	"blockNumber" : 2531,
	"group" : "group0",
	"nodeName" : "98a7f70ec883a722219d92253cf073a72605f4087aa3443c8e4aadc0af2dc3ac647d0fa1b5ac99cd6987abafe6d690ae71cd5fd2aeeabe7589bfb4748aabdfba"
}
info|2023-07-09 04:57:16.604936|[RPC][BLOCK][NUMBER][fromJson],group=group0,node=98a7f70ec883a722219d92253cf073a72605f4087aa3443c8e4aadc0af2dc3ac647d0fa1b5ac99cd6987abafe6d690ae71cd5fd2aeeabe7589bfb4748aabdfba,blockNumber=2532
info|2023-07-09 04:57:16.604970|[RPCWS][SERVICE][onRecvBlockNotifier]receive block number notifier,group=group0,node=98a7f70ec883a722219d92253cf073a72605f4087aa3443c8e4aadc0af2dc3ac647d0fa1b5ac99cd6987abafe6d690ae71cd5fd2aeeabe7589bfb4748aabdfba,blockNumber=2532
info|2023-07-09 04:57:16.604978|[RPCWS][SERVICE][updateGroupBlockNumber],groupID=group0,_blockNumber=2532
info|2023-07-09 04:57:16.604985|[RPCWS][SERVICE][onRecvBlockNotifier]block notifier callback,group=group0,node=98a7f70ec883a722219d92253cf073a72605f4087aa3443c8e4aadc0af2dc3ac647d0fa1b5ac99cd6987abafe6d690ae71cd5fd2aeeabe7589bfb4748aabdfba,blockNumber=2532
info|2023-07-09 04:57:16.605027|[WS]receive block notify,endpoint=127.0.0.1:20200,blk={
	"blockNumber" : 2532,
	"group" : "group0",
	"nodeName" : "98a7f70ec883a722219d92253cf073a72605f4087aa3443c8e4aadc0af2dc3ac647d0fa1b5ac99cd6987abafe6d690ae71cd5fd2aeeabe7589bfb4748aabdfba"
}
info|2023-07-09 04:57:16.647116|[RPC][BLOCK][NUMBER][fromJson],group=group0,node=2f993327933ad58672518b6d4f63920cbc68b80f78f4d81192552ee6362f5cc81ee13bdc678ad65f06e76444cadb53b33694cfb3fc7679b8000411975fedd28a,blockNumber=2532
info|2023-07-09 04:57:16.647140|[RPCWS][SERVICE][onRecvBlockNotifier]receive block number notifier,group=group0,node=2f993327933ad58672518b6d4f63920cbc68b80f78f4d81192552ee6362f5cc81ee13bdc678ad65f06e76444cadb53b33694cfb3fc7679b8000411975fedd28a,blockNumber=2532
info|2023-07-09 04:57:16.647146|[WS]receive block notify,endpoint=127.0.0.1:20201,blk={
	"blockNumber" : 2532,
	"group" : "group0",
	"nodeName" : "2f993327933ad58672518b6d4f63920cbc68b80f78f4d81192552ee6362f5cc81ee13bdc678ad65f06e76444cadb53b33694cfb3fc7679b8000411975fedd28a"
}
info|2023-07-09 04:57:17.136643|[RPC][BLOCK][NUMBER][fromJson],group=group0,node=98a7f70ec883a722219d92253cf073a72605f4087aa3443c8e4aadc0af2dc3ac647d0fa1b5ac99cd6987abafe6d690ae71cd5fd2aeeabe7589bfb4748aabdfba,blockNumber=2533
info|2023-07-09 04:57:17.136700|[RPCWS][SERVICE][onRecvBlockNotifier]receive block number notifier,group=group0,node=98a7f70ec883a722219d92253cf073a72605f4087aa3443c8e4aadc0af2dc3ac647d0fa1b5ac99cd6987abafe6d690ae71cd5fd2aeeabe7589bfb4748aabdfba,blockNumber=2533
info|2023-07-09 04:57:17.136710|[RPCWS][SERVICE][updateGroupBlockNumber],groupID=group0,_blockNumber=2533
info|2023-07-09 04:57:17.136718|[RPCWS][SERVICE][onRecvBlockNotifier]block notifier callback,group=group0,node=98a7f70ec883a722219d92253cf073a72605f4087aa3443c8e4aadc0af2dc3ac647d0fa1b5ac99cd6987abafe6d690ae71cd5fd2aeeabe7589bfb4748aabdfba,blockNumber=2533
info|2023-07-09 04:57:17.136724|[WS]receive block notify,endpoint=127.0.0.1:20200,blk={
	"blockNumber" : 2533,
	"group" : "group0",
	"nodeName" : "98a7f70ec883a722219d92253cf073a72605f4087aa3443c8e4aadc0af2dc3ac647d0fa1b5ac99cd6987abafe6d690ae71cd5fd2aeeabe7589bfb4748aabdfba"
}
info|2023-07-09 04:57:17.248775|[RPC][BLOCK][NUMBER][fromJson],group=group0,node=2f993327933ad58672518b6d4f63920cbc68b80f78f4d81192552ee6362f5cc81ee13bdc678ad65f06e76444cadb53b33694cfb3fc7679b8000411975fedd28a,blockNumber=2533
info|2023-07-09 04:57:17.248819|[RPCWS][SERVICE][onRecvBlockNotifier]receive block number notifier,group=group0,node=2f993327933ad58672518b6d4f63920cbc68b80f78f4d81192552ee6362f5cc81ee13bdc678ad65f06e76444cadb53b33694cfb3fc7679b8000411975fedd28a,blockNumber=2533
info|2023-07-09 04:57:17.248829|[WS]receive block notify,endpoint=127.0.0.1:20201,blk={
	"blockNumber" : 2533,
	"group" : "group0",
	"nodeName" : "2f993327933ad58672518b6d4f63920cbc68b80f78f4d81192552ee6362f5cc81ee13bdc678ad65f06e76444cadb53b33694cfb3fc7679b8000411975fedd28a"
}
info|2023-07-09 04:57:17.816596|[RPC][BLOCK][NUMBER][fromJson],group=group0,node=98a7f70ec883a722219d92253cf073a72605f4087aa3443c8e4aadc0af2dc3ac647d0fa1b5ac99cd6987abafe6d690ae71cd5fd2aeeabe7589bfb4748aabdfba,blockNumber=2534
info|2023-07-09 04:57:17.816634|[RPCWS][SERVICE][onRecvBlockNotifier]receive block number notifier,group=group0,node=98a7f70ec883a722219d92253cf073a72605f4087aa3443c8e4aadc0af2dc3ac647d0fa1b5ac99cd6987abafe6d690ae71cd5fd2aeeabe7589bfb4748aabdfba,blockNumber=2534
info|2023-07-09 04:57:17.816643|[RPCWS][SERVICE][updateGroupBlockNumber],groupID=group0,_blockNumber=2534
info|2023-07-09 04:57:17.816651|[RPCWS][SERVICE][onRecvBlockNotifier]block notifier callback,group=group0,node=98a7f70ec883a722219d92253cf073a72605f4087aa3443c8e4aadc0af2dc3ac647d0fa1b5ac99cd6987abafe6d690ae71cd5fd2aeeabe7589bfb4748aabdfba,blockNumber=2534
info|2023-07-09 04:57:17.816658|[WS]receive block notify,endpoint=127.0.0.1:20200,blk={
	"blockNumber" : 2534,
	"group" : "group0",
	"nodeName" : "98a7f70ec883a722219d92253cf073a72605f4087aa3443c8e4aadc0af2dc3ac647d0fa1b5ac99cd6987abafe6d690ae71cd5fd2aeeabe7589bfb4748aabdfba"
}
info|2023-07-09 04:57:17.915946|[RPC][BLOCK][NUMBER][fromJson],group=group0,node=2f993327933ad58672518b6d4f63920cbc68b80f78f4d81192552ee6362f5cc81ee13bdc678ad65f06e76444cadb53b33694cfb3fc7679b8000411975fedd28a,blockNumber=2534
info|2023-07-09 04:57:17.915973|[RPCWS][SERVICE][onRecvBlockNotifier]receive block number notifier,group=group0,node=2f993327933ad58672518b6d4f63920cbc68b80f78f4d81192552ee6362f5cc81ee13bdc678ad65f06e76444cadb53b33694cfb3fc7679b8000411975fedd28a,blockNumber=2534
info|2023-07-09 04:57:17.915982|[WS]receive block notify,endpoint=127.0.0.1:20201,blk={
	"blockNumber" : 2534,
	"group" : "group0",
	"nodeName" : "2f993327933ad58672518b6d4f63920cbc68b80f78f4d81192552ee6362f5cc81ee13bdc678ad65f06e76444cadb53b33694cfb3fc7679b8000411975fedd28a"
}
info|2023-07-09 04:57:18.403176|[RPC][BLOCK][NUMBER][fromJson],group=group0,node=98a7f70ec883a722219d92253cf073a72605f4087aa3443c8e4aadc0af2dc3ac647d0fa1b5ac99cd6987abafe6d690ae71cd5fd2aeeabe7589bfb4748aabdfba,blockNumber=2535
info|2023-07-09 04:57:18.403213|[RPCWS][SERVICE][onRecvBlockNotifier]receive block number notifier,group=group0,node=98a7f70ec883a722219d92253cf073a72605f4087aa3443c8e4aadc0af2dc3ac647d0fa1b5ac99cd6987abafe6d690ae71cd5fd2aeeabe7589bfb4748aabdfba,blockNumber=2535
info|2023-07-09 04:57:18.403223|[RPCWS][SERVICE][updateGroupBlockNumber],groupID=group0,_blockNumber=2535
info|2023-07-09 04:57:18.403240|[RPCWS][SERVICE][onRecvBlockNotifier]block notifier callback,group=group0,node=98a7f70ec883a722219d92253cf073a72605f4087aa3443c8e4aadc0af2dc3ac647d0fa1b5ac99cd6987abafe6d690ae71cd5fd2aeeabe7589bfb4748aabdfba,blockNumber=2535
info|2023-07-09 04:57:18.403247|[WS]receive block notify,endpoint=127.0.0.1:20200,blk={
	"blockNumber" : 2535,
	"group" : "group0",
	"nodeName" : "98a7f70ec883a722219d92253cf073a72605f4087aa3443c8e4aadc0af2dc3ac647d0fa1b5ac99cd6987abafe6d690ae71cd5fd2aeeabe7589bfb4748aabdfba"
}
info|2023-07-09 04:57:18.431975|[RPC][BLOCK][NUMBER][fromJson],group=group0,node=2f993327933ad58672518b6d4f63920cbc68b80f78f4d81192552ee6362f5cc81ee13bdc678ad65f06e76444cadb53b33694cfb3fc7679b8000411975fedd28a,blockNumber=2535
info|2023-07-09 04:57:18.432001|[RPCWS][SERVICE][onRecvBlockNotifier]receive block number notifier,group=group0,node=2f993327933ad58672518b6d4f63920cbc68b80f78f4d81192552ee6362f5cc81ee13bdc678ad65f06e76444cadb53b33694cfb3fc7679b8000411975fedd28a,blockNumber=2535
info|2023-07-09 04:57:18.432009|[WS]receive block notify,endpoint=127.0.0.1:20201,blk={
	"blockNumber" : 2535,
	"group" : "group0",
	"nodeName" : "2f993327933ad58672518b6d4f63920cbc68b80f78f4d81192552ee6362f5cc81ee13bdc678ad65f06e76444cadb53b33694cfb3fc7679b8000411975fedd28a"
}
info|2023-07-09 04:57:18.875281|[RPC][BLOCK][NUMBER][fromJson],group=group0,node=98a7f70ec883a722219d92253cf073a72605f4087aa3443c8e4aadc0af2dc3ac647d0fa1b5ac99cd6987abafe6d690ae71cd5fd2aeeabe7589bfb4748aabdfba,blockNumber=2536
info|2023-07-09 04:57:18.875309|[RPCWS][SERVICE][onRecvBlockNotifier]receive block number notifier,group=group0,node=98a7f70ec883a722219d92253cf073a72605f4087aa3443c8e4aadc0af2dc3ac647d0fa1b5ac99cd6987abafe6d690ae71cd5fd2aeeabe7589bfb4748aabdfba,blockNumber=2536
info|2023-07-09 04:57:18.875315|[RPCWS][SERVICE][updateGroupBlockNumber],groupID=group0,_blockNumber=2536
info|2023-07-09 04:57:18.875344|[RPCWS][SERVICE][onRecvBlockNotifier]block notifier callback,group=group0,node=98a7f70ec883a722219d92253cf073a72605f4087aa3443c8e4aadc0af2dc3ac647d0fa1b5ac99cd6987abafe6d690ae71cd5fd2aeeabe7589bfb4748aabdfba,blockNumber=2536
info|2023-07-09 04:57:18.875351|[WS]receive block notify,endpoint=127.0.0.1:20200,blk={
	"blockNumber" : 2536,
	"group" : "group0",
	"nodeName" : "98a7f70ec883a722219d92253cf073a72605f4087aa3443c8e4aadc0af2dc3ac647d0fa1b5ac99cd6987abafe6d690ae71cd5fd2aeeabe7589bfb4748aabdfba"
}
info|2023-07-09 04:57:18.925312|[RPC][BLOCK][NUMBER][fromJson],group=group0,node=2f993327933ad58672518b6d4f63920cbc68b80f78f4d81192552ee6362f5cc81ee13bdc678ad65f06e76444cadb53b33694cfb3fc7679b8000411975fedd28a,blockNumber=2536
info|2023-07-09 04:57:18.925349|[RPCWS][SERVICE][onRecvBlockNotifier]receive block number notifier,group=group0,node=2f993327933ad58672518b6d4f63920cbc68b80f78f4d81192552ee6362f5cc81ee13bdc678ad65f06e76444cadb53b33694cfb3fc7679b8000411975fedd28a,blockNumber=2536
info|2023-07-09 04:57:18.925361|[WS]receive block notify,endpoint=127.0.0.1:20201,blk={
	"blockNumber" : 2536,
	"group" : "group0",
	"nodeName" : "2f993327933ad58672518b6d4f63920cbc68b80f78f4d81192552ee6362f5cc81ee13bdc678ad65f06e76444cadb53b33694cfb3fc7679b8000411975fedd28a"
}
info|2023-07-09 04:57:19.487253|[RPC][BLOCK][NUMBER][fromJson],group=group0,node=98a7f70ec883a722219d92253cf073a72605f4087aa3443c8e4aadc0af2dc3ac647d0fa1b5ac99cd6987abafe6d690ae71cd5fd2aeeabe7589bfb4748aabdfba,blockNumber=2537
info|2023-07-09 04:57:19.487348|[RPCWS][SERVICE][onRecvBlockNotifier]receive block number notifier,group=group0,node=98a7f70ec883a722219d92253cf073a72605f4087aa3443c8e4aadc0af2dc3ac647d0fa1b5ac99cd6987abafe6d690ae71cd5fd2aeeabe7589bfb4748aabdfba,blockNumber=2537
info|2023-07-09 04:57:19.487362|[RPCWS][SERVICE][updateGroupBlockNumber],groupID=group0,_blockNumber=2537
info|2023-07-09 04:57:19.487370|[RPCWS][SERVICE][onRecvBlockNotifier]block notifier callback,group=group0,node=98a7f70ec883a722219d92253cf073a72605f4087aa3443c8e4aadc0af2dc3ac647d0fa1b5ac99cd6987abafe6d690ae71cd5fd2aeeabe7589bfb4748aabdfba,blockNumber=2537
info|2023-07-09 04:57:19.487376|[WS]receive block notify,endpoint=127.0.0.1:20200,blk={
	"blockNumber" : 2537,
	"group" : "group0",
	"nodeName" : "98a7f70ec883a722219d92253cf073a72605f4087aa3443c8e4aadc0af2dc3ac647d0fa1b5ac99cd6987abafe6d690ae71cd5fd2aeeabe7589bfb4748aabdfba"
}
info|2023-07-09 04:57:19.496030|[RPC][BLOCK][NUMBER][fromJson],group=group0,node=2f993327933ad58672518b6d4f63920cbc68b80f78f4d81192552ee6362f5cc81ee13bdc678ad65f06e76444cadb53b33694cfb3fc7679b8000411975fedd28a,blockNumber=2537
info|2023-07-09 04:57:19.496094|[RPCWS][SERVICE][onRecvBlockNotifier]receive block number notifier,group=group0,node=2f993327933ad58672518b6d4f63920cbc68b80f78f4d81192552ee6362f5cc81ee13bdc678ad65f06e76444cadb53b33694cfb3fc7679b8000411975fedd28a,blockNumber=2537
info|2023-07-09 04:57:19.496109|[WS]receive block notify,endpoint=127.0.0.1:20201,blk={
	"blockNumber" : 2537,
	"group" : "group0",
	"nodeName" : "2f993327933ad58672518b6d4f63920cbc68b80f78f4d81192552ee6362f5cc81ee13bdc678ad65f06e76444cadb53b33694cfb3fc7679b8000411975fedd28a"
}
info|2023-07-09 04:57:20.079742|[RPC][BLOCK][NUMBER][fromJson],group=group0,node=98a7f70ec883a722219d92253cf073a72605f4087aa3443c8e4aadc0af2dc3ac647d0fa1b5ac99cd6987abafe6d690ae71cd5fd2aeeabe7589bfb4748aabdfba,blockNumber=2538
info|2023-07-09 04:57:20.079773|[RPCWS][SERVICE][onRecvBlockNotifier]receive block number notifier,group=group0,node=98a7f70ec883a722219d92253cf073a72605f4087aa3443c8e4aadc0af2dc3ac647d0fa1b5ac99cd6987abafe6d690ae71cd5fd2aeeabe7589bfb4748aabdfba,blockNumber=2538
info|2023-07-09 04:57:20.079781|[RPCWS][SERVICE][updateGroupBlockNumber],groupID=group0,_blockNumber=2538
info|2023-07-09 04:57:20.079806|[RPCWS][SERVICE][onRecvBlockNotifier]block notifier callback,group=group0,node=98a7f70ec883a722219d92253cf073a72605f4087aa3443c8e4aadc0af2dc3ac647d0fa1b5ac99cd6987abafe6d690ae71cd5fd2aeeabe7589bfb4748aabdfba,blockNumber=2538
info|2023-07-09 04:57:20.079814|[WS]receive block notify,endpoint=127.0.0.1:20200,blk={
	"blockNumber" : 2538,
	"group" : "group0",
	"nodeName" : "98a7f70ec883a722219d92253cf073a72605f4087aa3443c8e4aadc0af2dc3ac647d0fa1b5ac99cd6987abafe6d690ae71cd5fd2aeeabe7589bfb4748aabdfba"
}
info|2023-07-09 04:57:20.138843|[RPC][BLOCK][NUMBER][fromJson],group=group0,node=2f993327933ad58672518b6d4f63920cbc68b80f78f4d81192552ee6362f5cc81ee13bdc678ad65f06e76444cadb53b33694cfb3fc7679b8000411975fedd28a,blockNumber=2538
info|2023-07-09 04:57:20.138944|[RPCWS][SERVICE][onRecvBlockNotifier]receive block number notifier,group=group0,node=2f993327933ad58672518b6d4f63920cbc68b80f78f4d81192552ee6362f5cc81ee13bdc678ad65f06e76444cadb53b33694cfb3fc7679b8000411975fedd28a,blockNumber=2538
info|2023-07-09 04:57:20.138962|[WS]receive block notify,endpoint=127.0.0.1:20201,blk={
	"blockNumber" : 2538,
	"group" : "group0",
	"nodeName" : "2f993327933ad58672518b6d4f63920cbc68b80f78f4d81192552ee6362f5cc81ee13bdc678ad65f06e76444cadb53b33694cfb3fc7679b8000411975fedd28a"
}
info|2023-07-09 04:57:20.636879|[RPC][BLOCK][NUMBER][fromJson],group=group0,node=98a7f70ec883a722219d92253cf073a72605f4087aa3443c8e4aadc0af2dc3ac647d0fa1b5ac99cd6987abafe6d690ae71cd5fd2aeeabe7589bfb4748aabdfba,blockNumber=2539
info|2023-07-09 04:57:20.636911|[RPCWS][SERVICE][onRecvBlockNotifier]receive block number notifier,group=group0,node=98a7f70ec883a722219d92253cf073a72605f4087aa3443c8e4aadc0af2dc3ac647d0fa1b5ac99cd6987abafe6d690ae71cd5fd2aeeabe7589bfb4748aabdfba,blockNumber=2539
info|2023-07-09 04:57:20.636919|[RPCWS][SERVICE][updateGroupBlockNumber],groupID=group0,_blockNumber=2539
info|2023-07-09 04:57:20.636926|[RPCWS][SERVICE][onRecvBlockNotifier]block notifier callback,group=group0,node=98a7f70ec883a722219d92253cf073a72605f4087aa3443c8e4aadc0af2dc3ac647d0fa1b5ac99cd6987abafe6d690ae71cd5fd2aeeabe7589bfb4748aabdfba,blockNumber=2539
info|2023-07-09 04:57:20.636931|[WS]receive block notify,endpoint=127.0.0.1:20200,blk={
	"blockNumber" : 2539,
	"group" : "group0",
	"nodeName" : "98a7f70ec883a722219d92253cf073a72605f4087aa3443c8e4aadc0af2dc3ac647d0fa1b5ac99cd6987abafe6d690ae71cd5fd2aeeabe7589bfb4748aabdfba"
}
info|2023-07-09 04:57:20.754806|[RPC][BLOCK][NUMBER][fromJson],group=group0,node=2f993327933ad58672518b6d4f63920cbc68b80f78f4d81192552ee6362f5cc81ee13bdc678ad65f06e76444cadb53b33694cfb3fc7679b8000411975fedd28a,blockNumber=2539
info|2023-07-09 04:57:20.754862|[RPCWS][SERVICE][onRecvBlockNotifier]receive block number notifier,group=group0,node=2f993327933ad58672518b6d4f63920cbc68b80f78f4d81192552ee6362f5cc81ee13bdc678ad65f06e76444cadb53b33694cfb3fc7679b8000411975fedd28a,blockNumber=2539
info|2023-07-09 04:57:20.754881|[WS]receive block notify,endpoint=127.0.0.1:20201,blk={
	"blockNumber" : 2539,
	"group" : "group0",
	"nodeName" : "2f993327933ad58672518b6d4f63920cbc68b80f78f4d81192552ee6362f5cc81ee13bdc678ad65f06e76444cadb53b33694cfb3fc7679b8000411975fedd28a"
}
info|2023-07-09 04:57:21.170662|[RPC][BLOCK][NUMBER][fromJson],group=group0,node=2f993327933ad58672518b6d4f63920cbc68b80f78f4d81192552ee6362f5cc81ee13bdc678ad65f06e76444cadb53b33694cfb3fc7679b8000411975fedd28a,blockNumber=2540
info|2023-07-09 04:57:21.170726|[RPCWS][SERVICE][onRecvBlockNotifier]receive block number notifier,group=group0,node=2f993327933ad58672518b6d4f63920cbc68b80f78f4d81192552ee6362f5cc81ee13bdc678ad65f06e76444cadb53b33694cfb3fc7679b8000411975fedd28a,blockNumber=2540
info|2023-07-09 04:57:21.170739|[RPCWS][SERVICE][updateGroupBlockNumber],groupID=group0,_blockNumber=2540
info|2023-07-09 04:57:21.170749|[RPCWS][SERVICE][onRecvBlockNotifier]block notifier callback,group=group0,node=2f993327933ad58672518b6d4f63920cbc68b80f78f4d81192552ee6362f5cc81ee13bdc678ad65f06e76444cadb53b33694cfb3fc7679b8000411975fedd28a,blockNumber=2540
info|2023-07-09 04:57:21.170754|[WS]receive block notify,endpoint=127.0.0.1:20201,blk={
	"blockNumber" : 2540,
	"group" : "group0",
	"nodeName" : "2f993327933ad58672518b6d4f63920cbc68b80f78f4d81192552ee6362f5cc81ee13bdc678ad65f06e76444cadb53b33694cfb3fc7679b8000411975fedd28a"
}
info|2023-07-09 04:57:21.179989|[RPC][BLOCK][NUMBER][fromJson],group=group0,node=98a7f70ec883a722219d92253cf073a72605f4087aa3443c8e4aadc0af2dc3ac647d0fa1b5ac99cd6987abafe6d690ae71cd5fd2aeeabe7589bfb4748aabdfba,blockNumber=2540
info|2023-07-09 04:57:21.180014|[RPCWS][SERVICE][onRecvBlockNotifier]receive block number notifier,group=group0,node=98a7f70ec883a722219d92253cf073a72605f4087aa3443c8e4aadc0af2dc3ac647d0fa1b5ac99cd6987abafe6d690ae71cd5fd2aeeabe7589bfb4748aabdfba,blockNumber=2540
info|2023-07-09 04:57:21.180022|[WS]receive block notify,endpoint=127.0.0.1:20200,blk={
	"blockNumber" : 2540,
	"group" : "group0",
	"nodeName" : "98a7f70ec883a722219d92253cf073a72605f4087aa3443c8e4aadc0af2dc3ac647d0fa1b5ac99cd6987abafe6d690ae71cd5fd2aeeabe7589bfb4748aabdfba"
}
info|2023-07-09 04:57:21.765789|[RPC][BLOCK][NUMBER][fromJson],group=group0,node=98a7f70ec883a722219d92253cf073a72605f4087aa3443c8e4aadc0af2dc3ac647d0fa1b5ac99cd6987abafe6d690ae71cd5fd2aeeabe7589bfb4748aabdfba,blockNumber=2541
info|2023-07-09 04:57:21.765832|[RPCWS][SERVICE][onRecvBlockNotifier]receive block number notifier,group=group0,node=98a7f70ec883a722219d92253cf073a72605f4087aa3443c8e4aadc0af2dc3ac647d0fa1b5ac99cd6987abafe6d690ae71cd5fd2aeeabe7589bfb4748aabdfba,blockNumber=2541
info|2023-07-09 04:57:21.765839|[RPCWS][SERVICE][updateGroupBlockNumber],groupID=group0,_blockNumber=2541
info|2023-07-09 04:57:21.765845|[RPCWS][SERVICE][onRecvBlockNotifier]block notifier callback,group=group0,node=98a7f70ec883a722219d92253cf073a72605f4087aa3443c8e4aadc0af2dc3ac647d0fa1b5ac99cd6987abafe6d690ae71cd5fd2aeeabe7589bfb4748aabdfba,blockNumber=2541
info|2023-07-09 04:57:21.765849|[WS]receive block notify,endpoint=127.0.0.1:20200,blk={
	"blockNumber" : 2541,
	"group" : "group0",
	"nodeName" : "98a7f70ec883a722219d92253cf073a72605f4087aa3443c8e4aadc0af2dc3ac647d0fa1b5ac99cd6987abafe6d690ae71cd5fd2aeeabe7589bfb4748aabdfba"
}
info|2023-07-09 04:57:21.882517|[RPC][BLOCK][NUMBER][fromJson],group=group0,node=2f993327933ad58672518b6d4f63920cbc68b80f78f4d81192552ee6362f5cc81ee13bdc678ad65f06e76444cadb53b33694cfb3fc7679b8000411975fedd28a,blockNumber=2541
info|2023-07-09 04:57:21.882561|[RPCWS][SERVICE][onRecvBlockNotifier]receive block number notifier,group=group0,node=2f993327933ad58672518b6d4f63920cbc68b80f78f4d81192552ee6362f5cc81ee13bdc678ad65f06e76444cadb53b33694cfb3fc7679b8000411975fedd28a,blockNumber=2541
info|2023-07-09 04:57:21.882576|[WS]receive block notify,endpoint=127.0.0.1:20201,blk={
	"blockNumber" : 2541,
	"group" : "group0",
	"nodeName" : "2f993327933ad58672518b6d4f63920cbc68b80f78f4d81192552ee6362f5cc81ee13bdc678ad65f06e76444cadb53b33694cfb3fc7679b8000411975fedd28a"
}
info|2023-07-09 04:57:22.437498|[RPC][BLOCK][NUMBER][fromJson],group=group0,node=98a7f70ec883a722219d92253cf073a72605f4087aa3443c8e4aadc0af2dc3ac647d0fa1b5ac99cd6987abafe6d690ae71cd5fd2aeeabe7589bfb4748aabdfba,blockNumber=2542
info|2023-07-09 04:57:22.437570|[RPCWS][SERVICE][onRecvBlockNotifier]receive block number notifier,group=group0,node=98a7f70ec883a722219d92253cf073a72605f4087aa3443c8e4aadc0af2dc3ac647d0fa1b5ac99cd6987abafe6d690ae71cd5fd2aeeabe7589bfb4748aabdfba,blockNumber=2542
info|2023-07-09 04:57:22.437583|[RPCWS][SERVICE][updateGroupBlockNumber],groupID=group0,_blockNumber=2542
info|2023-07-09 04:57:22.437590|[RPCWS][SERVICE][onRecvBlockNotifier]block notifier callback,group=group0,node=98a7f70ec883a722219d92253cf073a72605f4087aa3443c8e4aadc0af2dc3ac647d0fa1b5ac99cd6987abafe6d690ae71cd5fd2aeeabe7589bfb4748aabdfba,blockNumber=2542
info|2023-07-09 04:57:22.437596|[WS]receive block notify,endpoint=127.0.0.1:20200,blk={
	"blockNumber" : 2542,
	"group" : "group0",
	"nodeName" : "98a7f70ec883a722219d92253cf073a72605f4087aa3443c8e4aadc0af2dc3ac647d0fa1b5ac99cd6987abafe6d690ae71cd5fd2aeeabe7589bfb4748aabdfba"
}
info|2023-07-09 04:57:22.553072|[RPC][BLOCK][NUMBER][fromJson],group=group0,node=2f993327933ad58672518b6d4f63920cbc68b80f78f4d81192552ee6362f5cc81ee13bdc678ad65f06e76444cadb53b33694cfb3fc7679b8000411975fedd28a,blockNumber=2542
info|2023-07-09 04:57:22.553122|[RPCWS][SERVICE][onRecvBlockNotifier]receive block number notifier,group=group0,node=2f993327933ad58672518b6d4f63920cbc68b80f78f4d81192552ee6362f5cc81ee13bdc678ad65f06e76444cadb53b33694cfb3fc7679b8000411975fedd28a,blockNumber=2542
info|2023-07-09 04:57:22.553134|[WS]receive block notify,endpoint=127.0.0.1:20201,blk={
	"blockNumber" : 2542,
	"group" : "group0",
	"nodeName" : "2f993327933ad58672518b6d4f63920cbc68b80f78f4d81192552ee6362f5cc81ee13bdc678ad65f06e76444cadb53b33694cfb3fc7679b8000411975fedd28a"
}
info|2023-07-09 04:57:32.442357|[EVENT][SUB][doLoop]event sub tasks report,working event sub count=0,suspend event sub count=0
info|2023-07-09 04:57:32.456082|[SDK][WS][SERVICE]connected nodes,count=2
info|2023-07-09 04:57:52.442874|[EVENT][SUB][doLoop]event sub tasks report,working event sub count=0,suspend event sub count=0
info|2023-07-09 04:57:52.456656|[SDK][WS][SERVICE]connected nodes,count=2
info|2023-07-09 04:58:12.443141|[EVENT][SUB][doLoop]event sub tasks report,working event sub count=0,suspend event sub count=0
info|2023-07-09 04:58:12.457175|[SDK][WS][SERVICE]connected nodes,count=2
info|2023-07-09 04:58:32.443549|[EVENT][SUB][doLoop]event sub tasks report,working event sub count=0,suspend event sub count=0
info|2023-07-09 04:58:32.457478|[SDK][WS][SERVICE]connected nodes,count=2
info|2023-07-09 04:58:52.444050|[EVENT][SUB][doLoop]event sub tasks report,working event sub count=0,suspend event sub count=0
info|2023-07-09 04:58:52.457696|[SDK][WS][SERVICE]connected nodes,count=2
info|2023-07-09 04:59:12.444484|[EVENT][SUB][doLoop]event sub tasks report,working event sub count=0,suspend event sub count=0
info|2023-07-09 04:59:12.458227|[SDK][WS][SERVICE]connected nodes,count=2
info|2023-07-09 04:59:32.444565|[EVENT][SUB][doLoop]event sub tasks report,working event sub count=0,suspend event sub count=0
info|2023-07-09 04:59:32.458436|[SDK][WS][SERVICE]connected nodes,count=2
info|2023-07-09 04:59:52.444719|[EVENT][SUB][doLoop]event sub tasks report,working event sub count=0,suspend event sub count=0
info|2023-07-09 04:59:52.459063|[SDK][WS][SERVICE]connected nodes,count=2
