info|2023-07-09 05:00:12.445115|[EVENT][SUB][doLoop]event sub tasks report,working event sub count=0,suspend event sub count=0
info|2023-07-09 05:00:12.459296|[SDK][WS][SERVICE]connected nodes,count=2
info|2023-07-09 05:00:32.445221|[EVENT][SUB][doLoop]event sub tasks report,working event sub count=0,suspend event sub count=0
info|2023-07-09 05:00:32.459493|[SDK][WS][SERVICE]connected nodes,count=2
info|2023-07-09 05:00:52.445401|[EVENT][SUB][doLoop]event sub tasks report,working event sub count=0,suspend event sub count=0
info|2023-07-09 05:00:52.459804|[SDK][WS][SERVICE]connected nodes,count=2
info|2023-07-09 05:01:12.446030|[EVENT][SUB][doLoop]event sub tasks report,working event sub count=0,suspend event sub count=0
info|2023-07-09 05:01:12.459979|[SDK][WS][SERVICE]connected nodes,count=2
info|2023-07-09 05:01:32.446453|[EVENT][SUB][doLoop]event sub tasks report,working event sub count=0,suspend event sub count=0
info|2023-07-09 05:01:32.460239|[SDK][WS][SERVICE]connected nodes,count=2
info|2023-07-09 05:01:52.446593|[EVENT][SUB][doLoop]event sub tasks report,working event sub count=0,suspend event sub count=0
info|2023-07-09 05:01:52.461131|[SDK][WS][SERVICE]connected nodes,count=2
info|2023-07-09 05:02:12.446707|[EVENT][SUB][doLoop]event sub tasks report,working event sub count=0,suspend event sub count=0
info|2023-07-09 05:02:12.461635|[SDK][WS][SERVICE]connected nodes,count=2
info|2023-07-09 05:02:32.447190|[EVENT][SUB][doLoop]event sub tasks report,working event sub count=0,suspend event sub count=0
info|2023-07-09 05:02:32.461869|[SDK][WS][SERVICE]connected nodes,count=2
info|2023-07-09 05:02:52.447269|[EVENT][SUB][doLoop]event sub tasks report,working event sub count=0,suspend event sub count=0
info|2023-07-09 05:02:52.462893|[SDK][WS][SERVICE]connected nodes,count=2
info|2023-07-09 05:03:12.447610|[EVENT][SUB][doLoop]event sub tasks report,working event sub count=0,suspend event sub count=0
info|2023-07-09 05:03:12.463167|[SDK][WS][SERVICE]connected nodes,count=2
info|2023-07-09 05:03:32.447860|[EVENT][SUB][doLoop]event sub tasks report,working event sub count=0,suspend event sub count=0
info|2023-07-09 05:03:32.463574|[SDK][WS][SERVICE]connected nodes,count=2
info|2023-07-09 05:03:52.448182|[EVENT][SUB][doLoop]event sub tasks report,working event sub count=0,suspend event sub count=0
info|2023-07-09 05:03:52.463936|[SDK][WS][SERVICE]connected nodes,count=2
info|2023-07-09 05:04:12.448914|[EVENT][SUB][doLoop]event sub tasks report,working event sub count=0,suspend event sub count=0
info|2023-07-09 05:04:12.465072|[SDK][WS][SERVICE]connected nodes,count=2
info|2023-07-09 05:04:32.449116|[EVENT][SUB][doLoop]event sub tasks report,working event sub count=0,suspend event sub count=0
info|2023-07-09 05:04:32.465685|[SDK][WS][SERVICE]connected nodes,count=2
info|2023-07-09 05:04:52.449547|[EVENT][SUB][doLoop]event sub tasks report,working event sub count=0,suspend event sub count=0
info|2023-07-09 05:04:52.465917|[SDK][WS][SERVICE]connected nodes,count=2
info|2023-07-09 05:05:12.449798|[EVENT][SUB][doLoop]event sub tasks report,working event sub count=0,suspend event sub count=0
info|2023-07-09 05:05:12.466160|[SDK][WS][SERVICE]connected nodes,count=2
info|2023-07-09 05:05:32.450601|[EVENT][SUB][doLoop]event sub tasks report,working event sub count=0,suspend event sub count=0
info|2023-07-09 05:05:32.466431|[SDK][WS][SERVICE]connected nodes,count=2
info|2023-07-09 05:05:52.451041|[EVENT][SUB][doLoop]event sub tasks report,working event sub count=0,suspend event sub count=0
info|2023-07-09 05:05:52.467022|[SDK][WS][SERVICE]connected nodes,count=2
info|2023-07-09 05:06:12.462442|[EVENT][SUB][doLoop]event sub tasks report,working event sub count=0,suspend event sub count=0
info|2023-07-09 05:06:12.467360|[SDK][WS][SERVICE]connected nodes,count=2
info|2023-07-09 05:06:32.462661|[EVENT][SUB][doLoop]event sub tasks report,working event sub count=0,suspend event sub count=0
info|2023-07-09 05:06:32.467583|[SDK][WS][SERVICE]connected nodes,count=2
info|2023-07-09 05:06:52.463063|[EVENT][SUB][doLoop]event sub tasks report,working event sub count=0,suspend event sub count=0
info|2023-07-09 05:06:52.469268|[SDK][WS][SERVICE]connected nodes,count=2
info|2023-07-09 05:07:12.463223|[EVENT][SUB][doLoop]event sub tasks report,working event sub count=0,suspend event sub count=0
info|2023-07-09 05:07:12.469483|[SDK][WS][SERVICE]connected nodes,count=2
info|2023-07-09 05:07:32.463653|[EVENT][SUB][doLoop]event sub tasks report,working event sub count=0,suspend event sub count=0
info|2023-07-09 05:07:32.470217|[SDK][WS][SERVICE]connected nodes,count=2
info|2023-07-09 05:07:52.464089|[EVENT][SUB][doLoop]event sub tasks report,working event sub count=0,suspend event sub count=0
info|2023-07-09 05:07:52.470615|[SDK][WS][SERVICE]connected nodes,count=2
info|2023-07-09 05:08:12.464616|[EVENT][SUB][doLoop]event sub tasks report,working event sub count=0,suspend event sub count=0
info|2023-07-09 05:08:12.471446|[SDK][WS][SERVICE]connected nodes,count=2
info|2023-07-09 05:08:32.465113|[EVENT][SUB][doLoop]event sub tasks report,working event sub count=0,suspend event sub count=0
info|2023-07-09 05:08:32.471668|[SDK][WS][SERVICE]connected nodes,count=2
info|2023-07-09 05:08:52.465526|[EVENT][SUB][doLoop]event sub tasks report,working event sub count=0,suspend event sub count=0
info|2023-07-09 05:08:52.472039|[SDK][WS][SERVICE]connected nodes,count=2
info|2023-07-09 05:09:12.465861|[EVENT][SUB][doLoop]event sub tasks report,working event sub count=0,suspend event sub count=0
info|2023-07-09 05:09:12.472449|[SDK][WS][SERVICE]connected nodes,count=2
info|2023-07-09 05:09:32.466476|[EVENT][SUB][doLoop]event sub tasks report,working event sub count=0,suspend event sub count=0
info|2023-07-09 05:09:32.472721|[SDK][WS][SERVICE]connected nodes,count=2
info|2023-07-09 05:09:52.467039|[EVENT][SUB][doLoop]event sub tasks report,working event sub count=0,suspend event sub count=0
info|2023-07-09 05:09:52.473275|[SDK][WS][SERVICE]connected nodes,count=2
info|2023-07-09 05:10:12.467277|[EVENT][SUB][doLoop]event sub tasks report,working event sub count=0,suspend event sub count=0
info|2023-07-09 05:10:12.473567|[SDK][WS][SERVICE]connected nodes,count=2
info|2023-07-09 05:10:32.467839|[EVENT][SUB][doLoop]event sub tasks report,working event sub count=0,suspend event sub count=0
info|2023-07-09 05:10:32.474091|[SDK][WS][SERVICE]connected nodes,count=2
info|2023-07-09 05:10:52.467978|[EVENT][SUB][doLoop]event sub tasks report,working event sub count=0,suspend event sub count=0
info|2023-07-09 05:10:52.474456|[SDK][WS][SERVICE]connected nodes,count=2
info|2023-07-09 05:11:12.468126|[EVENT][SUB][doLoop]event sub tasks report,working event sub count=0,suspend event sub count=0
info|2023-07-09 05:11:12.474943|[SDK][WS][SERVICE]connected nodes,count=2
info|2023-07-09 05:11:32.468294|[EVENT][SUB][doLoop]event sub tasks report,working event sub count=0,suspend event sub count=0
info|2023-07-09 05:11:32.475576|[SDK][WS][SERVICE]connected nodes,count=2
info|2023-07-09 05:11:52.468467|[EVENT][SUB][doLoop]event sub tasks report,working event sub count=0,suspend event sub count=0
info|2023-07-09 05:11:52.475747|[SDK][WS][SERVICE]connected nodes,count=2
info|2023-07-09 05:12:12.469290|[EVENT][SUB][doLoop]event sub tasks report,working event sub count=0,suspend event sub count=0
info|2023-07-09 05:12:12.476139|[SDK][WS][SERVICE]connected nodes,count=2
info|2023-07-09 05:12:32.469675|[EVENT][SUB][doLoop]event sub tasks report,working event sub count=0,suspend event sub count=0
info|2023-07-09 05:12:32.476369|[SDK][WS][SERVICE]connected nodes,count=2
info|2023-07-09 05:12:52.469797|[EVENT][SUB][doLoop]event sub tasks report,working event sub count=0,suspend event sub count=0
info|2023-07-09 05:12:52.476760|[SDK][WS][SERVICE]connected nodes,count=2
info|2023-07-09 05:13:12.470444|[EVENT][SUB][doLoop]event sub tasks report,working event sub count=0,suspend event sub count=0
info|2023-07-09 05:13:12.477334|[SDK][WS][SERVICE]connected nodes,count=2
info|2023-07-09 05:13:32.470557|[EVENT][SUB][doLoop]event sub tasks report,working event sub count=0,suspend event sub count=0
info|2023-07-09 05:13:32.477815|[SDK][WS][SERVICE]connected nodes,count=2
info|2023-07-09 05:13:52.470896|[EVENT][SUB][doLoop]event sub tasks report,working event sub count=0,suspend event sub count=0
info|2023-07-09 05:13:52.478172|[SDK][WS][SERVICE]connected nodes,count=2
info|2023-07-09 05:14:12.471160|[EVENT][SUB][doLoop]event sub tasks report,working event sub count=0,suspend event sub count=0
info|2023-07-09 05:14:12.478293|[SDK][WS][SERVICE]connected nodes,count=2
info|2023-07-09 05:14:32.471335|[EVENT][SUB][doLoop]event sub tasks report,working event sub count=0,suspend event sub count=0
info|2023-07-09 05:14:32.478480|[SDK][WS][SERVICE]connected nodes,count=2
info|2023-07-09 05:14:52.471870|[EVENT][SUB][doLoop]event sub tasks report,working event sub count=0,suspend event sub count=0
info|2023-07-09 05:14:52.478848|[SDK][WS][SERVICE]connected nodes,count=2
info|2023-07-09 05:15:12.471979|[EVENT][SUB][doLoop]event sub tasks report,working event sub count=0,suspend event sub count=0
info|2023-07-09 05:15:12.479472|[SDK][WS][SERVICE]connected nodes,count=2
info|2023-07-09 05:15:32.472163|[EVENT][SUB][doLoop]event sub tasks report,working event sub count=0,suspend event sub count=0
info|2023-07-09 05:15:32.479886|[SDK][WS][SERVICE]connected nodes,count=2
info|2023-07-09 05:15:52.472443|[EVENT][SUB][doLoop]event sub tasks report,working event sub count=0,suspend event sub count=0
info|2023-07-09 05:15:52.480383|[SDK][WS][SERVICE]connected nodes,count=2
info|2023-07-09 05:16:12.472809|[EVENT][SUB][doLoop]event sub tasks report,working event sub count=0,suspend event sub count=0
info|2023-07-09 05:16:12.480853|[SDK][WS][SERVICE]connected nodes,count=2
info|2023-07-09 05:16:32.472944|[EVENT][SUB][doLoop]event sub tasks report,working event sub count=0,suspend event sub count=0
info|2023-07-09 05:16:32.481183|[SDK][WS][SERVICE]connected nodes,count=2
info|2023-07-09 05:16:52.473000|[EVENT][SUB][doLoop]event sub tasks report,working event sub count=0,suspend event sub count=0
info|2023-07-09 05:16:52.481871|[SDK][WS][SERVICE]connected nodes,count=2
info|2023-07-09 05:17:12.473182|[EVENT][SUB][doLoop]event sub tasks report,working event sub count=0,suspend event sub count=0
info|2023-07-09 05:17:12.482108|[SDK][WS][SERVICE]connected nodes,count=2
info|2023-07-09 05:17:32.473758|[EVENT][SUB][doLoop]event sub tasks report,working event sub count=0,suspend event sub count=0
info|2023-07-09 05:17:32.482279|[SDK][WS][SERVICE]connected nodes,count=2
info|2023-07-09 05:17:52.473974|[EVENT][SUB][doLoop]event sub tasks report,working event sub count=0,suspend event sub count=0
info|2023-07-09 05:17:52.483070|[SDK][WS][SERVICE]connected nodes,count=2
info|2023-07-09 05:18:12.474541|[EVENT][SUB][doLoop]event sub tasks report,working event sub count=0,suspend event sub count=0
info|2023-07-09 05:18:12.483485|[SDK][WS][SERVICE]connected nodes,count=2
info|2023-07-09 05:18:32.474718|[EVENT][SUB][doLoop]event sub tasks report,working event sub count=0,suspend event sub count=0
info|2023-07-09 05:18:32.484045|[SDK][WS][SERVICE]connected nodes,count=2
info|2023-07-09 05:18:52.474933|[EVENT][SUB][doLoop]event sub tasks report,working event sub count=0,suspend event sub count=0
info|2023-07-09 05:18:52.484477|[SDK][WS][SERVICE]connected nodes,count=2
info|2023-07-09 05:19:12.475356|[EVENT][SUB][doLoop]event sub tasks report,working event sub count=0,suspend event sub count=0
info|2023-07-09 05:19:12.485156|[SDK][WS][SERVICE]connected nodes,count=2
info|2023-07-09 05:19:32.475904|[EVENT][SUB][doLoop]event sub tasks report,working event sub count=0,suspend event sub count=0
info|2023-07-09 05:19:32.485844|[SDK][WS][SERVICE]connected nodes,count=2
info|2023-07-09 05:19:52.476412|[EVENT][SUB][doLoop]event sub tasks report,working event sub count=0,suspend event sub count=0
info|2023-07-09 05:19:52.486039|[SDK][WS][SERVICE]connected nodes,count=2
info|2023-07-09 05:20:12.476583|[EVENT][SUB][doLoop]event sub tasks report,working event sub count=0,suspend event sub count=0
info|2023-07-09 05:20:12.486259|[SDK][WS][SERVICE]connected nodes,count=2
info|2023-07-09 05:20:32.476639|[EVENT][SUB][doLoop]event sub tasks report,working event sub count=0,suspend event sub count=0
info|2023-07-09 05:20:32.486405|[SDK][WS][SERVICE]connected nodes,count=2
info|2023-07-09 05:20:52.476795|[EVENT][SUB][doLoop]event sub tasks report,working event sub count=0,suspend event sub count=0
info|2023-07-09 05:20:52.486721|[SDK][WS][SERVICE]connected nodes,count=2
info|2023-07-09 05:21:12.476871|[EVENT][SUB][doLoop]event sub tasks report,working event sub count=0,suspend event sub count=0
info|2023-07-09 05:21:12.486872|[SDK][WS][SERVICE]connected nodes,count=2
info|2023-07-09 05:21:32.477463|[EVENT][SUB][doLoop]event sub tasks report,working event sub count=0,suspend event sub count=0
info|2023-07-09 05:21:32.487362|[SDK][WS][SERVICE]connected nodes,count=2
info|2023-07-09 05:21:52.477566|[EVENT][SUB][doLoop]event sub tasks report,working event sub count=0,suspend event sub count=0
info|2023-07-09 05:21:52.487772|[SDK][WS][SERVICE]connected nodes,count=2
info|2023-07-09 05:22:12.477939|[EVENT][SUB][doLoop]event sub tasks report,working event sub count=0,suspend event sub count=0
info|2023-07-09 05:22:12.488246|[SDK][WS][SERVICE]connected nodes,count=2
info|2023-07-09 05:22:32.478013|[EVENT][SUB][doLoop]event sub tasks report,working event sub count=0,suspend event sub count=0
info|2023-07-09 05:22:32.488704|[SDK][WS][SERVICE]connected nodes,count=2
info|2023-07-09 05:22:52.478395|[EVENT][SUB][doLoop]event sub tasks report,working event sub count=0,suspend event sub count=0
info|2023-07-09 05:22:52.488855|[SDK][WS][SERVICE]connected nodes,count=2
info|2023-07-09 05:23:12.479075|[EVENT][SUB][doLoop]event sub tasks report,working event sub count=0,suspend event sub count=0
info|2023-07-09 05:23:12.489308|[SDK][WS][SERVICE]connected nodes,count=2
info|2023-07-09 05:23:32.479178|[EVENT][SUB][doLoop]event sub tasks report,working event sub count=0,suspend event sub count=0
info|2023-07-09 05:23:32.489736|[SDK][WS][SERVICE]connected nodes,count=2
info|2023-07-09 05:23:52.479334|[EVENT][SUB][doLoop]event sub tasks report,working event sub count=0,suspend event sub count=0
info|2023-07-09 05:23:52.489905|[SDK][WS][SERVICE]connected nodes,count=2
info|2023-07-09 05:24:12.479656|[EVENT][SUB][doLoop]event sub tasks report,working event sub count=0,suspend event sub count=0
info|2023-07-09 05:24:12.490046|[SDK][WS][SERVICE]connected nodes,count=2
info|2023-07-09 05:24:32.479698|[EVENT][SUB][doLoop]event sub tasks report,working event sub count=0,suspend event sub count=0
info|2023-07-09 05:24:32.490255|[SDK][WS][SERVICE]connected nodes,count=2
info|2023-07-09 05:24:52.479961|[EVENT][SUB][doLoop]event sub tasks report,working event sub count=0,suspend event sub count=0
info|2023-07-09 05:24:52.490543|[SDK][WS][SERVICE]connected nodes,count=2
info|2023-07-09 05:25:12.480053|[EVENT][SUB][doLoop]event sub tasks report,working event sub count=0,suspend event sub count=0
info|2023-07-09 05:25:12.490893|[SDK][WS][SERVICE]connected nodes,count=2
info|2023-07-09 05:25:32.480599|[EVENT][SUB][doLoop]event sub tasks report,working event sub count=0,suspend event sub count=0
info|2023-07-09 05:25:32.491489|[SDK][WS][SERVICE]connected nodes,count=2
info|2023-07-09 05:25:52.481073|[EVENT][SUB][doLoop]event sub tasks report,working event sub count=0,suspend event sub count=0
info|2023-07-09 05:25:52.491667|[SDK][WS][SERVICE]connected nodes,count=2
info|2023-07-09 05:26:12.481228|[EVENT][SUB][doLoop]event sub tasks report,working event sub count=0,suspend event sub count=0
info|2023-07-09 05:26:12.492474|[SDK][WS][SERVICE]connected nodes,count=2
info|2023-07-09 05:26:32.481464|[EVENT][SUB][doLoop]event sub tasks report,working event sub count=0,suspend event sub count=0
info|2023-07-09 05:26:32.492833|[SDK][WS][SERVICE]connected nodes,count=2
info|2023-07-09 05:26:52.481546|[EVENT][SUB][doLoop]event sub tasks report,working event sub count=0,suspend event sub count=0
info|2023-07-09 05:26:52.493097|[SDK][WS][SERVICE]connected nodes,count=2
info|2023-07-09 05:27:12.482249|[EVENT][SUB][doLoop]event sub tasks report,working event sub count=0,suspend event sub count=0
info|2023-07-09 05:27:12.493432|[SDK][WS][SERVICE]connected nodes,count=2
info|2023-07-09 05:27:13.849576|[RPC][BLOCK][NUMBER][fromJson],group=group0,node=98a7f70ec883a722219d92253cf073a72605f4087aa3443c8e4aadc0af2dc3ac647d0fa1b5ac99cd6987abafe6d690ae71cd5fd2aeeabe7589bfb4748aabdfba,blockNumber=2543
info|2023-07-09 05:27:13.849599|[RPCWS][SERVICE][onRecvBlockNotifier]receive block number notifier,group=group0,node=98a7f70ec883a722219d92253cf073a72605f4087aa3443c8e4aadc0af2dc3ac647d0fa1b5ac99cd6987abafe6d690ae71cd5fd2aeeabe7589bfb4748aabdfba,blockNumber=2543
info|2023-07-09 05:27:13.849604|[RPCWS][SERVICE][updateGroupBlockNumber],groupID=group0,_blockNumber=2543
info|2023-07-09 05:27:13.849608|[RPCWS][SERVICE][onRecvBlockNotifier]block notifier callback,group=group0,node=98a7f70ec883a722219d92253cf073a72605f4087aa3443c8e4aadc0af2dc3ac647d0fa1b5ac99cd6987abafe6d690ae71cd5fd2aeeabe7589bfb4748aabdfba,blockNumber=2543
info|2023-07-09 05:27:13.849633|[WS]receive block notify,endpoint=127.0.0.1:20200,blk={
	"blockNumber" : 2543,
	"group" : "group0",
	"nodeName" : "98a7f70ec883a722219d92253cf073a72605f4087aa3443c8e4aadc0af2dc3ac647d0fa1b5ac99cd6987abafe6d690ae71cd5fd2aeeabe7589bfb4748aabdfba"
}
info|2023-07-09 05:27:13.975037|[RPC][BLOCK][NUMBER][fromJson],group=group0,node=2f993327933ad58672518b6d4f63920cbc68b80f78f4d81192552ee6362f5cc81ee13bdc678ad65f06e76444cadb53b33694cfb3fc7679b8000411975fedd28a,blockNumber=2543
info|2023-07-09 05:27:13.975057|[RPCWS][SERVICE][onRecvBlockNotifier]receive block number notifier,group=group0,node=2f993327933ad58672518b6d4f63920cbc68b80f78f4d81192552ee6362f5cc81ee13bdc678ad65f06e76444cadb53b33694cfb3fc7679b8000411975fedd28a,blockNumber=2543
info|2023-07-09 05:27:13.975063|[WS]receive block notify,endpoint=127.0.0.1:20201,blk={
	"blockNumber" : 2543,
	"group" : "group0",
	"nodeName" : "2f993327933ad58672518b6d4f63920cbc68b80f78f4d81192552ee6362f5cc81ee13bdc678ad65f06e76444cadb53b33694cfb3fc7679b8000411975fedd28a"
}
info|2023-07-09 05:27:14.436636|[RPC][BLOCK][NUMBER][fromJson],group=group0,node=98a7f70ec883a722219d92253cf073a72605f4087aa3443c8e4aadc0af2dc3ac647d0fa1b5ac99cd6987abafe6d690ae71cd5fd2aeeabe7589bfb4748aabdfba,blockNumber=2544
info|2023-07-09 05:27:14.436672|[RPCWS][SERVICE][onRecvBlockNotifier]receive block number notifier,group=group0,node=98a7f70ec883a722219d92253cf073a72605f4087aa3443c8e4aadc0af2dc3ac647d0fa1b5ac99cd6987abafe6d690ae71cd5fd2aeeabe7589bfb4748aabdfba,blockNumber=2544
info|2023-07-09 05:27:14.436679|[RPCWS][SERVICE][updateGroupBlockNumber],groupID=group0,_blockNumber=2544
info|2023-07-09 05:27:14.436684|[RPCWS][SERVICE][onRecvBlockNotifier]block notifier callback,group=group0,node=98a7f70ec883a722219d92253cf073a72605f4087aa3443c8e4aadc0af2dc3ac647d0fa1b5ac99cd6987abafe6d690ae71cd5fd2aeeabe7589bfb4748aabdfba,blockNumber=2544
info|2023-07-09 05:27:14.436687|[WS]receive block notify,endpoint=127.0.0.1:20200,blk={
	"blockNumber" : 2544,
	"group" : "group0",
	"nodeName" : "98a7f70ec883a722219d92253cf073a72605f4087aa3443c8e4aadc0af2dc3ac647d0fa1b5ac99cd6987abafe6d690ae71cd5fd2aeeabe7589bfb4748aabdfba"
}
info|2023-07-09 05:27:14.470813|[RPC][BLOCK][NUMBER][fromJson],group=group0,node=2f993327933ad58672518b6d4f63920cbc68b80f78f4d81192552ee6362f5cc81ee13bdc678ad65f06e76444cadb53b33694cfb3fc7679b8000411975fedd28a,blockNumber=2544
info|2023-07-09 05:27:14.470847|[RPCWS][SERVICE][onRecvBlockNotifier]receive block number notifier,group=group0,node=2f993327933ad58672518b6d4f63920cbc68b80f78f4d81192552ee6362f5cc81ee13bdc678ad65f06e76444cadb53b33694cfb3fc7679b8000411975fedd28a,blockNumber=2544
info|2023-07-09 05:27:14.470855|[WS]receive block notify,endpoint=127.0.0.1:20201,blk={
	"blockNumber" : 2544,
	"group" : "group0",
	"nodeName" : "2f993327933ad58672518b6d4f63920cbc68b80f78f4d81192552ee6362f5cc81ee13bdc678ad65f06e76444cadb53b33694cfb3fc7679b8000411975fedd28a"
}
info|2023-07-09 05:27:14.946119|[RPC][BLOCK][NUMBER][fromJson],group=group0,node=98a7f70ec883a722219d92253cf073a72605f4087aa3443c8e4aadc0af2dc3ac647d0fa1b5ac99cd6987abafe6d690ae71cd5fd2aeeabe7589bfb4748aabdfba,blockNumber=2545
info|2023-07-09 05:27:14.946140|[RPCWS][SERVICE][onRecvBlockNotifier]receive block number notifier,group=group0,node=98a7f70ec883a722219d92253cf073a72605f4087aa3443c8e4aadc0af2dc3ac647d0fa1b5ac99cd6987abafe6d690ae71cd5fd2aeeabe7589bfb4748aabdfba,blockNumber=2545
info|2023-07-09 05:27:14.946161|[RPCWS][SERVICE][updateGroupBlockNumber],groupID=group0,_blockNumber=2545
info|2023-07-09 05:27:14.946165|[RPCWS][SERVICE][onRecvBlockNotifier]block notifier callback,group=group0,node=98a7f70ec883a722219d92253cf073a72605f4087aa3443c8e4aadc0af2dc3ac647d0fa1b5ac99cd6987abafe6d690ae71cd5fd2aeeabe7589bfb4748aabdfba,blockNumber=2545
info|2023-07-09 05:27:14.946169|[WS]receive block notify,endpoint=127.0.0.1:20200,blk={
	"blockNumber" : 2545,
	"group" : "group0",
	"nodeName" : "98a7f70ec883a722219d92253cf073a72605f4087aa3443c8e4aadc0af2dc3ac647d0fa1b5ac99cd6987abafe6d690ae71cd5fd2aeeabe7589bfb4748aabdfba"
}
info|2023-07-09 05:27:14.986762|[RPC][BLOCK][NUMBER][fromJson],group=group0,node=2f993327933ad58672518b6d4f63920cbc68b80f78f4d81192552ee6362f5cc81ee13bdc678ad65f06e76444cadb53b33694cfb3fc7679b8000411975fedd28a,blockNumber=2545
info|2023-07-09 05:27:14.986795|[RPCWS][SERVICE][onRecvBlockNotifier]receive block number notifier,group=group0,node=2f993327933ad58672518b6d4f63920cbc68b80f78f4d81192552ee6362f5cc81ee13bdc678ad65f06e76444cadb53b33694cfb3fc7679b8000411975fedd28a,blockNumber=2545
info|2023-07-09 05:27:14.986803|[WS]receive block notify,endpoint=127.0.0.1:20201,blk={
	"blockNumber" : 2545,
	"group" : "group0",
	"nodeName" : "2f993327933ad58672518b6d4f63920cbc68b80f78f4d81192552ee6362f5cc81ee13bdc678ad65f06e76444cadb53b33694cfb3fc7679b8000411975fedd28a"
}
info|2023-07-09 05:27:15.543528|[RPC][BLOCK][NUMBER][fromJson],group=group0,node=98a7f70ec883a722219d92253cf073a72605f4087aa3443c8e4aadc0af2dc3ac647d0fa1b5ac99cd6987abafe6d690ae71cd5fd2aeeabe7589bfb4748aabdfba,blockNumber=2546
info|2023-07-09 05:27:15.543570|[RPCWS][SERVICE][onRecvBlockNotifier]receive block number notifier,group=group0,node=98a7f70ec883a722219d92253cf073a72605f4087aa3443c8e4aadc0af2dc3ac647d0fa1b5ac99cd6987abafe6d690ae71cd5fd2aeeabe7589bfb4748aabdfba,blockNumber=2546
info|2023-07-09 05:27:15.543577|[RPCWS][SERVICE][updateGroupBlockNumber],groupID=group0,_blockNumber=2546
info|2023-07-09 05:27:15.543582|[RPCWS][SERVICE][onRecvBlockNotifier]block notifier callback,group=group0,node=98a7f70ec883a722219d92253cf073a72605f4087aa3443c8e4aadc0af2dc3ac647d0fa1b5ac99cd6987abafe6d690ae71cd5fd2aeeabe7589bfb4748aabdfba,blockNumber=2546
info|2023-07-09 05:27:15.543586|[WS]receive block notify,endpoint=127.0.0.1:20200,blk={
	"blockNumber" : 2546,
	"group" : "group0",
	"nodeName" : "98a7f70ec883a722219d92253cf073a72605f4087aa3443c8e4aadc0af2dc3ac647d0fa1b5ac99cd6987abafe6d690ae71cd5fd2aeeabe7589bfb4748aabdfba"
}
info|2023-07-09 05:27:15.588426|[RPC][BLOCK][NUMBER][fromJson],group=group0,node=2f993327933ad58672518b6d4f63920cbc68b80f78f4d81192552ee6362f5cc81ee13bdc678ad65f06e76444cadb53b33694cfb3fc7679b8000411975fedd28a,blockNumber=2546
info|2023-07-09 05:27:15.588461|[RPCWS][SERVICE][onRecvBlockNotifier]receive block number notifier,group=group0,node=2f993327933ad58672518b6d4f63920cbc68b80f78f4d81192552ee6362f5cc81ee13bdc678ad65f06e76444cadb53b33694cfb3fc7679b8000411975fedd28a,blockNumber=2546
info|2023-07-09 05:27:15.588469|[WS]receive block notify,endpoint=127.0.0.1:20201,blk={
	"blockNumber" : 2546,
	"group" : "group0",
	"nodeName" : "2f993327933ad58672518b6d4f63920cbc68b80f78f4d81192552ee6362f5cc81ee13bdc678ad65f06e76444cadb53b33694cfb3fc7679b8000411975fedd28a"
}
info|2023-07-09 05:27:16.134003|[RPC][BLOCK][NUMBER][fromJson],group=group0,node=98a7f70ec883a722219d92253cf073a72605f4087aa3443c8e4aadc0af2dc3ac647d0fa1b5ac99cd6987abafe6d690ae71cd5fd2aeeabe7589bfb4748aabdfba,blockNumber=2547
info|2023-07-09 05:27:16.134035|[RPCWS][SERVICE][onRecvBlockNotifier]receive block number notifier,group=group0,node=98a7f70ec883a722219d92253cf073a72605f4087aa3443c8e4aadc0af2dc3ac647d0fa1b5ac99cd6987abafe6d690ae71cd5fd2aeeabe7589bfb4748aabdfba,blockNumber=2547
info|2023-07-09 05:27:16.134043|[RPCWS][SERVICE][updateGroupBlockNumber],groupID=group0,_blockNumber=2547
info|2023-07-09 05:27:16.134079|[RPCWS][SERVICE][onRecvBlockNotifier]block notifier callback,group=group0,node=98a7f70ec883a722219d92253cf073a72605f4087aa3443c8e4aadc0af2dc3ac647d0fa1b5ac99cd6987abafe6d690ae71cd5fd2aeeabe7589bfb4748aabdfba,blockNumber=2547
info|2023-07-09 05:27:16.134090|[WS]receive block notify,endpoint=127.0.0.1:20200,blk={
	"blockNumber" : 2547,
	"group" : "group0",
	"nodeName" : "98a7f70ec883a722219d92253cf073a72605f4087aa3443c8e4aadc0af2dc3ac647d0fa1b5ac99cd6987abafe6d690ae71cd5fd2aeeabe7589bfb4748aabdfba"
}
info|2023-07-09 05:27:16.178779|[RPC][BLOCK][NUMBER][fromJson],group=group0,node=2f993327933ad58672518b6d4f63920cbc68b80f78f4d81192552ee6362f5cc81ee13bdc678ad65f06e76444cadb53b33694cfb3fc7679b8000411975fedd28a,blockNumber=2547
info|2023-07-09 05:27:16.178801|[RPCWS][SERVICE][onRecvBlockNotifier]receive block number notifier,group=group0,node=2f993327933ad58672518b6d4f63920cbc68b80f78f4d81192552ee6362f5cc81ee13bdc678ad65f06e76444cadb53b33694cfb3fc7679b8000411975fedd28a,blockNumber=2547
info|2023-07-09 05:27:16.178809|[WS]receive block notify,endpoint=127.0.0.1:20201,blk={
	"blockNumber" : 2547,
	"group" : "group0",
	"nodeName" : "2f993327933ad58672518b6d4f63920cbc68b80f78f4d81192552ee6362f5cc81ee13bdc678ad65f06e76444cadb53b33694cfb3fc7679b8000411975fedd28a"
}
info|2023-07-09 05:27:16.656354|[RPC][BLOCK][NUMBER][fromJson],group=group0,node=98a7f70ec883a722219d92253cf073a72605f4087aa3443c8e4aadc0af2dc3ac647d0fa1b5ac99cd6987abafe6d690ae71cd5fd2aeeabe7589bfb4748aabdfba,blockNumber=2548
info|2023-07-09 05:27:16.656401|[RPCWS][SERVICE][onRecvBlockNotifier]receive block number notifier,group=group0,node=98a7f70ec883a722219d92253cf073a72605f4087aa3443c8e4aadc0af2dc3ac647d0fa1b5ac99cd6987abafe6d690ae71cd5fd2aeeabe7589bfb4748aabdfba,blockNumber=2548
info|2023-07-09 05:27:16.656410|[RPCWS][SERVICE][updateGroupBlockNumber],groupID=group0,_blockNumber=2548
info|2023-07-09 05:27:16.656415|[RPCWS][SERVICE][onRecvBlockNotifier]block notifier callback,group=group0,node=98a7f70ec883a722219d92253cf073a72605f4087aa3443c8e4aadc0af2dc3ac647d0fa1b5ac99cd6987abafe6d690ae71cd5fd2aeeabe7589bfb4748aabdfba,blockNumber=2548
info|2023-07-09 05:27:16.656420|[WS]receive block notify,endpoint=127.0.0.1:20200,blk={
	"blockNumber" : 2548,
	"group" : "group0",
	"nodeName" : "98a7f70ec883a722219d92253cf073a72605f4087aa3443c8e4aadc0af2dc3ac647d0fa1b5ac99cd6987abafe6d690ae71cd5fd2aeeabe7589bfb4748aabdfba"
}
info|2023-07-09 05:27:16.679702|[RPC][BLOCK][NUMBER][fromJson],group=group0,node=2f993327933ad58672518b6d4f63920cbc68b80f78f4d81192552ee6362f5cc81ee13bdc678ad65f06e76444cadb53b33694cfb3fc7679b8000411975fedd28a,blockNumber=2548
info|2023-07-09 05:27:16.679748|[RPCWS][SERVICE][onRecvBlockNotifier]receive block number notifier,group=group0,node=2f993327933ad58672518b6d4f63920cbc68b80f78f4d81192552ee6362f5cc81ee13bdc678ad65f06e76444cadb53b33694cfb3fc7679b8000411975fedd28a,blockNumber=2548
info|2023-07-09 05:27:16.679756|[WS]receive block notify,endpoint=127.0.0.1:20201,blk={
	"blockNumber" : 2548,
	"group" : "group0",
	"nodeName" : "2f993327933ad58672518b6d4f63920cbc68b80f78f4d81192552ee6362f5cc81ee13bdc678ad65f06e76444cadb53b33694cfb3fc7679b8000411975fedd28a"
}
info|2023-07-09 05:27:17.195900|[RPC][BLOCK][NUMBER][fromJson],group=group0,node=98a7f70ec883a722219d92253cf073a72605f4087aa3443c8e4aadc0af2dc3ac647d0fa1b5ac99cd6987abafe6d690ae71cd5fd2aeeabe7589bfb4748aabdfba,blockNumber=2549
info|2023-07-09 05:27:17.195922|[RPCWS][SERVICE][onRecvBlockNotifier]receive block number notifier,group=group0,node=98a7f70ec883a722219d92253cf073a72605f4087aa3443c8e4aadc0af2dc3ac647d0fa1b5ac99cd6987abafe6d690ae71cd5fd2aeeabe7589bfb4748aabdfba,blockNumber=2549
info|2023-07-09 05:27:17.195927|[RPCWS][SERVICE][updateGroupBlockNumber],groupID=group0,_blockNumber=2549
info|2023-07-09 05:27:17.195931|[RPCWS][SERVICE][onRecvBlockNotifier]block notifier callback,group=group0,node=98a7f70ec883a722219d92253cf073a72605f4087aa3443c8e4aadc0af2dc3ac647d0fa1b5ac99cd6987abafe6d690ae71cd5fd2aeeabe7589bfb4748aabdfba,blockNumber=2549
info|2023-07-09 05:27:17.195934|[WS]receive block notify,endpoint=127.0.0.1:20200,blk={
	"blockNumber" : 2549,
	"group" : "group0",
	"nodeName" : "98a7f70ec883a722219d92253cf073a72605f4087aa3443c8e4aadc0af2dc3ac647d0fa1b5ac99cd6987abafe6d690ae71cd5fd2aeeabe7589bfb4748aabdfba"
}
info|2023-07-09 05:27:17.247491|[RPC][BLOCK][NUMBER][fromJson],group=group0,node=2f993327933ad58672518b6d4f63920cbc68b80f78f4d81192552ee6362f5cc81ee13bdc678ad65f06e76444cadb53b33694cfb3fc7679b8000411975fedd28a,blockNumber=2549
info|2023-07-09 05:27:17.247509|[RPCWS][SERVICE][onRecvBlockNotifier]receive block number notifier,group=group0,node=2f993327933ad58672518b6d4f63920cbc68b80f78f4d81192552ee6362f5cc81ee13bdc678ad65f06e76444cadb53b33694cfb3fc7679b8000411975fedd28a,blockNumber=2549
info|2023-07-09 05:27:17.247516|[WS]receive block notify,endpoint=127.0.0.1:20201,blk={
	"blockNumber" : 2549,
	"group" : "group0",
	"nodeName" : "2f993327933ad58672518b6d4f63920cbc68b80f78f4d81192552ee6362f5cc81ee13bdc678ad65f06e76444cadb53b33694cfb3fc7679b8000411975fedd28a"
}
info|2023-07-09 05:27:17.845409|[RPC][BLOCK][NUMBER][fromJson],group=group0,node=2f993327933ad58672518b6d4f63920cbc68b80f78f4d81192552ee6362f5cc81ee13bdc678ad65f06e76444cadb53b33694cfb3fc7679b8000411975fedd28a,blockNumber=2550
info|2023-07-09 05:27:17.845472|[RPCWS][SERVICE][onRecvBlockNotifier]receive block number notifier,group=group0,node=2f993327933ad58672518b6d4f63920cbc68b80f78f4d81192552ee6362f5cc81ee13bdc678ad65f06e76444cadb53b33694cfb3fc7679b8000411975fedd28a,blockNumber=2550
info|2023-07-09 05:27:17.845481|[RPCWS][SERVICE][updateGroupBlockNumber],groupID=group0,_blockNumber=2550
info|2023-07-09 05:27:17.845487|[RPCWS][SERVICE][onRecvBlockNotifier]block notifier callback,group=group0,node=2f993327933ad58672518b6d4f63920cbc68b80f78f4d81192552ee6362f5cc81ee13bdc678ad65f06e76444cadb53b33694cfb3fc7679b8000411975fedd28a,blockNumber=2550
info|2023-07-09 05:27:17.845491|[WS]receive block notify,endpoint=127.0.0.1:20201,blk={
	"blockNumber" : 2550,
	"group" : "group0",
	"nodeName" : "2f993327933ad58672518b6d4f63920cbc68b80f78f4d81192552ee6362f5cc81ee13bdc678ad65f06e76444cadb53b33694cfb3fc7679b8000411975fedd28a"
}
info|2023-07-09 05:27:17.848692|[RPC][BLOCK][NUMBER][fromJson],group=group0,node=98a7f70ec883a722219d92253cf073a72605f4087aa3443c8e4aadc0af2dc3ac647d0fa1b5ac99cd6987abafe6d690ae71cd5fd2aeeabe7589bfb4748aabdfba,blockNumber=2550
info|2023-07-09 05:27:17.848716|[RPCWS][SERVICE][onRecvBlockNotifier]receive block number notifier,group=group0,node=98a7f70ec883a722219d92253cf073a72605f4087aa3443c8e4aadc0af2dc3ac647d0fa1b5ac99cd6987abafe6d690ae71cd5fd2aeeabe7589bfb4748aabdfba,blockNumber=2550
info|2023-07-09 05:27:17.848724|[WS]receive block notify,endpoint=127.0.0.1:20200,blk={
	"blockNumber" : 2550,
	"group" : "group0",
	"nodeName" : "98a7f70ec883a722219d92253cf073a72605f4087aa3443c8e4aadc0af2dc3ac647d0fa1b5ac99cd6987abafe6d690ae71cd5fd2aeeabe7589bfb4748aabdfba"
}
info|2023-07-09 05:27:18.424872|[RPC][BLOCK][NUMBER][fromJson],group=group0,node=98a7f70ec883a722219d92253cf073a72605f4087aa3443c8e4aadc0af2dc3ac647d0fa1b5ac99cd6987abafe6d690ae71cd5fd2aeeabe7589bfb4748aabdfba,blockNumber=2551
info|2023-07-09 05:27:18.424916|[RPCWS][SERVICE][onRecvBlockNotifier]receive block number notifier,group=group0,node=98a7f70ec883a722219d92253cf073a72605f4087aa3443c8e4aadc0af2dc3ac647d0fa1b5ac99cd6987abafe6d690ae71cd5fd2aeeabe7589bfb4748aabdfba,blockNumber=2551
info|2023-07-09 05:27:18.424921|[RPCWS][SERVICE][updateGroupBlockNumber],groupID=group0,_blockNumber=2551
info|2023-07-09 05:27:18.424925|[RPCWS][SERVICE][onRecvBlockNotifier]block notifier callback,group=group0,node=98a7f70ec883a722219d92253cf073a72605f4087aa3443c8e4aadc0af2dc3ac647d0fa1b5ac99cd6987abafe6d690ae71cd5fd2aeeabe7589bfb4748aabdfba,blockNumber=2551
info|2023-07-09 05:27:18.424929|[WS]receive block notify,endpoint=127.0.0.1:20200,blk={
	"blockNumber" : 2551,
	"group" : "group0",
	"nodeName" : "98a7f70ec883a722219d92253cf073a72605f4087aa3443c8e4aadc0af2dc3ac647d0fa1b5ac99cd6987abafe6d690ae71cd5fd2aeeabe7589bfb4748aabdfba"
}
info|2023-07-09 05:27:18.467796|[RPC][BLOCK][NUMBER][fromJson],group=group0,node=2f993327933ad58672518b6d4f63920cbc68b80f78f4d81192552ee6362f5cc81ee13bdc678ad65f06e76444cadb53b33694cfb3fc7679b8000411975fedd28a,blockNumber=2551
info|2023-07-09 05:27:18.467815|[RPCWS][SERVICE][onRecvBlockNotifier]receive block number notifier,group=group0,node=2f993327933ad58672518b6d4f63920cbc68b80f78f4d81192552ee6362f5cc81ee13bdc678ad65f06e76444cadb53b33694cfb3fc7679b8000411975fedd28a,blockNumber=2551
info|2023-07-09 05:27:18.467822|[WS]receive block notify,endpoint=127.0.0.1:20201,blk={
	"blockNumber" : 2551,
	"group" : "group0",
	"nodeName" : "2f993327933ad58672518b6d4f63920cbc68b80f78f4d81192552ee6362f5cc81ee13bdc678ad65f06e76444cadb53b33694cfb3fc7679b8000411975fedd28a"
}
info|2023-07-09 05:27:18.940510|[RPC][BLOCK][NUMBER][fromJson],group=group0,node=98a7f70ec883a722219d92253cf073a72605f4087aa3443c8e4aadc0af2dc3ac647d0fa1b5ac99cd6987abafe6d690ae71cd5fd2aeeabe7589bfb4748aabdfba,blockNumber=2552
info|2023-07-09 05:27:18.940543|[RPCWS][SERVICE][onRecvBlockNotifier]receive block number notifier,group=group0,node=98a7f70ec883a722219d92253cf073a72605f4087aa3443c8e4aadc0af2dc3ac647d0fa1b5ac99cd6987abafe6d690ae71cd5fd2aeeabe7589bfb4748aabdfba,blockNumber=2552
info|2023-07-09 05:27:18.940550|[RPCWS][SERVICE][updateGroupBlockNumber],groupID=group0,_blockNumber=2552
info|2023-07-09 05:27:18.940554|[RPCWS][SERVICE][onRecvBlockNotifier]block notifier callback,group=group0,node=98a7f70ec883a722219d92253cf073a72605f4087aa3443c8e4aadc0af2dc3ac647d0fa1b5ac99cd6987abafe6d690ae71cd5fd2aeeabe7589bfb4748aabdfba,blockNumber=2552
info|2023-07-09 05:27:18.940557|[WS]receive block notify,endpoint=127.0.0.1:20200,blk={
	"blockNumber" : 2552,
	"group" : "group0",
	"nodeName" : "98a7f70ec883a722219d92253cf073a72605f4087aa3443c8e4aadc0af2dc3ac647d0fa1b5ac99cd6987abafe6d690ae71cd5fd2aeeabe7589bfb4748aabdfba"
}
info|2023-07-09 05:27:18.972438|[RPC][BLOCK][NUMBER][fromJson],group=group0,node=2f993327933ad58672518b6d4f63920cbc68b80f78f4d81192552ee6362f5cc81ee13bdc678ad65f06e76444cadb53b33694cfb3fc7679b8000411975fedd28a,blockNumber=2552
info|2023-07-09 05:27:18.972474|[RPCWS][SERVICE][onRecvBlockNotifier]receive block number notifier,group=group0,node=2f993327933ad58672518b6d4f63920cbc68b80f78f4d81192552ee6362f5cc81ee13bdc678ad65f06e76444cadb53b33694cfb3fc7679b8000411975fedd28a,blockNumber=2552
info|2023-07-09 05:27:18.972481|[WS]receive block notify,endpoint=127.0.0.1:20201,blk={
	"blockNumber" : 2552,
	"group" : "group0",
	"nodeName" : "2f993327933ad58672518b6d4f63920cbc68b80f78f4d81192552ee6362f5cc81ee13bdc678ad65f06e76444cadb53b33694cfb3fc7679b8000411975fedd28a"
}
info|2023-07-09 05:27:19.493569|[RPC][BLOCK][NUMBER][fromJson],group=group0,node=98a7f70ec883a722219d92253cf073a72605f4087aa3443c8e4aadc0af2dc3ac647d0fa1b5ac99cd6987abafe6d690ae71cd5fd2aeeabe7589bfb4748aabdfba,blockNumber=2553
info|2023-07-09 05:27:19.493591|[RPCWS][SERVICE][onRecvBlockNotifier]receive block number notifier,group=group0,node=98a7f70ec883a722219d92253cf073a72605f4087aa3443c8e4aadc0af2dc3ac647d0fa1b5ac99cd6987abafe6d690ae71cd5fd2aeeabe7589bfb4748aabdfba,blockNumber=2553
info|2023-07-09 05:27:19.493596|[RPCWS][SERVICE][updateGroupBlockNumber],groupID=group0,_blockNumber=2553
info|2023-07-09 05:27:19.493601|[RPCWS][SERVICE][onRecvBlockNotifier]block notifier callback,group=group0,node=98a7f70ec883a722219d92253cf073a72605f4087aa3443c8e4aadc0af2dc3ac647d0fa1b5ac99cd6987abafe6d690ae71cd5fd2aeeabe7589bfb4748aabdfba,blockNumber=2553
info|2023-07-09 05:27:19.493605|[WS]receive block notify,endpoint=127.0.0.1:20200,blk={
	"blockNumber" : 2553,
	"group" : "group0",
	"nodeName" : "98a7f70ec883a722219d92253cf073a72605f4087aa3443c8e4aadc0af2dc3ac647d0fa1b5ac99cd6987abafe6d690ae71cd5fd2aeeabe7589bfb4748aabdfba"
}
info|2023-07-09 05:27:19.530875|[RPC][BLOCK][NUMBER][fromJson],group=group0,node=2f993327933ad58672518b6d4f63920cbc68b80f78f4d81192552ee6362f5cc81ee13bdc678ad65f06e76444cadb53b33694cfb3fc7679b8000411975fedd28a,blockNumber=2553
info|2023-07-09 05:27:19.530894|[RPCWS][SERVICE][onRecvBlockNotifier]receive block number notifier,group=group0,node=2f993327933ad58672518b6d4f63920cbc68b80f78f4d81192552ee6362f5cc81ee13bdc678ad65f06e76444cadb53b33694cfb3fc7679b8000411975fedd28a,blockNumber=2553
info|2023-07-09 05:27:19.530901|[WS]receive block notify,endpoint=127.0.0.1:20201,blk={
	"blockNumber" : 2553,
	"group" : "group0",
	"nodeName" : "2f993327933ad58672518b6d4f63920cbc68b80f78f4d81192552ee6362f5cc81ee13bdc678ad65f06e76444cadb53b33694cfb3fc7679b8000411975fedd28a"
}
info|2023-07-09 05:27:20.085638|[RPC][BLOCK][NUMBER][fromJson],group=group0,node=98a7f70ec883a722219d92253cf073a72605f4087aa3443c8e4aadc0af2dc3ac647d0fa1b5ac99cd6987abafe6d690ae71cd5fd2aeeabe7589bfb4748aabdfba,blockNumber=2554
info|2023-07-09 05:27:20.085711|[RPCWS][SERVICE][onRecvBlockNotifier]receive block number notifier,group=group0,node=98a7f70ec883a722219d92253cf073a72605f4087aa3443c8e4aadc0af2dc3ac647d0fa1b5ac99cd6987abafe6d690ae71cd5fd2aeeabe7589bfb4748aabdfba,blockNumber=2554
info|2023-07-09 05:27:20.085749|[RPCWS][SERVICE][updateGroupBlockNumber],groupID=group0,_blockNumber=2554
info|2023-07-09 05:27:20.085756|[RPCWS][SERVICE][onRecvBlockNotifier]block notifier callback,group=group0,node=98a7f70ec883a722219d92253cf073a72605f4087aa3443c8e4aadc0af2dc3ac647d0fa1b5ac99cd6987abafe6d690ae71cd5fd2aeeabe7589bfb4748aabdfba,blockNumber=2554
info|2023-07-09 05:27:20.085761|[WS]receive block notify,endpoint=127.0.0.1:20200,blk={
	"blockNumber" : 2554,
	"group" : "group0",
	"nodeName" : "98a7f70ec883a722219d92253cf073a72605f4087aa3443c8e4aadc0af2dc3ac647d0fa1b5ac99cd6987abafe6d690ae71cd5fd2aeeabe7589bfb4748aabdfba"
}
info|2023-07-09 05:27:20.133000|[RPC][BLOCK][NUMBER][fromJson],group=group0,node=2f993327933ad58672518b6d4f63920cbc68b80f78f4d81192552ee6362f5cc81ee13bdc678ad65f06e76444cadb53b33694cfb3fc7679b8000411975fedd28a,blockNumber=2554
info|2023-07-09 05:27:20.133035|[RPCWS][SERVICE][onRecvBlockNotifier]receive block number notifier,group=group0,node=2f993327933ad58672518b6d4f63920cbc68b80f78f4d81192552ee6362f5cc81ee13bdc678ad65f06e76444cadb53b33694cfb3fc7679b8000411975fedd28a,blockNumber=2554
info|2023-07-09 05:27:20.133043|[WS]receive block notify,endpoint=127.0.0.1:20201,blk={
	"blockNumber" : 2554,
	"group" : "group0",
	"nodeName" : "2f993327933ad58672518b6d4f63920cbc68b80f78f4d81192552ee6362f5cc81ee13bdc678ad65f06e76444cadb53b33694cfb3fc7679b8000411975fedd28a"
}
info|2023-07-09 05:27:20.629890|[RPC][BLOCK][NUMBER][fromJson],group=group0,node=98a7f70ec883a722219d92253cf073a72605f4087aa3443c8e4aadc0af2dc3ac647d0fa1b5ac99cd6987abafe6d690ae71cd5fd2aeeabe7589bfb4748aabdfba,blockNumber=2555
info|2023-07-09 05:27:20.629914|[RPCWS][SERVICE][onRecvBlockNotifier]receive block number notifier,group=group0,node=98a7f70ec883a722219d92253cf073a72605f4087aa3443c8e4aadc0af2dc3ac647d0fa1b5ac99cd6987abafe6d690ae71cd5fd2aeeabe7589bfb4748aabdfba,blockNumber=2555
info|2023-07-09 05:27:20.629919|[RPCWS][SERVICE][updateGroupBlockNumber],groupID=group0,_blockNumber=2555
info|2023-07-09 05:27:20.629924|[RPCWS][SERVICE][onRecvBlockNotifier]block notifier callback,group=group0,node=98a7f70ec883a722219d92253cf073a72605f4087aa3443c8e4aadc0af2dc3ac647d0fa1b5ac99cd6987abafe6d690ae71cd5fd2aeeabe7589bfb4748aabdfba,blockNumber=2555
info|2023-07-09 05:27:20.629928|[WS]receive block notify,endpoint=127.0.0.1:20200,blk={
	"blockNumber" : 2555,
	"group" : "group0",
	"nodeName" : "98a7f70ec883a722219d92253cf073a72605f4087aa3443c8e4aadc0af2dc3ac647d0fa1b5ac99cd6987abafe6d690ae71cd5fd2aeeabe7589bfb4748aabdfba"
}
info|2023-07-09 05:27:20.675305|[RPC][BLOCK][NUMBER][fromJson],group=group0,node=2f993327933ad58672518b6d4f63920cbc68b80f78f4d81192552ee6362f5cc81ee13bdc678ad65f06e76444cadb53b33694cfb3fc7679b8000411975fedd28a,blockNumber=2555
info|2023-07-09 05:27:20.675324|[RPCWS][SERVICE][onRecvBlockNotifier]receive block number notifier,group=group0,node=2f993327933ad58672518b6d4f63920cbc68b80f78f4d81192552ee6362f5cc81ee13bdc678ad65f06e76444cadb53b33694cfb3fc7679b8000411975fedd28a,blockNumber=2555
info|2023-07-09 05:27:20.675331|[WS]receive block notify,endpoint=127.0.0.1:20201,blk={
	"blockNumber" : 2555,
	"group" : "group0",
	"nodeName" : "2f993327933ad58672518b6d4f63920cbc68b80f78f4d81192552ee6362f5cc81ee13bdc678ad65f06e76444cadb53b33694cfb3fc7679b8000411975fedd28a"
}
info|2023-07-09 05:27:21.187169|[RPC][BLOCK][NUMBER][fromJson],group=group0,node=98a7f70ec883a722219d92253cf073a72605f4087aa3443c8e4aadc0af2dc3ac647d0fa1b5ac99cd6987abafe6d690ae71cd5fd2aeeabe7589bfb4748aabdfba,blockNumber=2556
info|2023-07-09 05:27:21.187203|[RPCWS][SERVICE][onRecvBlockNotifier]receive block number notifier,group=group0,node=98a7f70ec883a722219d92253cf073a72605f4087aa3443c8e4aadc0af2dc3ac647d0fa1b5ac99cd6987abafe6d690ae71cd5fd2aeeabe7589bfb4748aabdfba,blockNumber=2556
info|2023-07-09 05:27:21.187210|[RPCWS][SERVICE][updateGroupBlockNumber],groupID=group0,_blockNumber=2556
info|2023-07-09 05:27:21.187215|[RPCWS][SERVICE][onRecvBlockNotifier]block notifier callback,group=group0,node=98a7f70ec883a722219d92253cf073a72605f4087aa3443c8e4aadc0af2dc3ac647d0fa1b5ac99cd6987abafe6d690ae71cd5fd2aeeabe7589bfb4748aabdfba,blockNumber=2556
info|2023-07-09 05:27:21.187218|[WS]receive block notify,endpoint=127.0.0.1:20200,blk={
	"blockNumber" : 2556,
	"group" : "group0",
	"nodeName" : "98a7f70ec883a722219d92253cf073a72605f4087aa3443c8e4aadc0af2dc3ac647d0fa1b5ac99cd6987abafe6d690ae71cd5fd2aeeabe7589bfb4748aabdfba"
}
info|2023-07-09 05:27:21.231289|[RPC][BLOCK][NUMBER][fromJson],group=group0,node=2f993327933ad58672518b6d4f63920cbc68b80f78f4d81192552ee6362f5cc81ee13bdc678ad65f06e76444cadb53b33694cfb3fc7679b8000411975fedd28a,blockNumber=2556
info|2023-07-09 05:27:21.231324|[RPCWS][SERVICE][onRecvBlockNotifier]receive block number notifier,group=group0,node=2f993327933ad58672518b6d4f63920cbc68b80f78f4d81192552ee6362f5cc81ee13bdc678ad65f06e76444cadb53b33694cfb3fc7679b8000411975fedd28a,blockNumber=2556
info|2023-07-09 05:27:21.231332|[WS]receive block notify,endpoint=127.0.0.1:20201,blk={
	"blockNumber" : 2556,
	"group" : "group0",
	"nodeName" : "2f993327933ad58672518b6d4f63920cbc68b80f78f4d81192552ee6362f5cc81ee13bdc678ad65f06e76444cadb53b33694cfb3fc7679b8000411975fedd28a"
}
info|2023-07-09 05:27:21.747647|[RPC][BLOCK][NUMBER][fromJson],group=group0,node=98a7f70ec883a722219d92253cf073a72605f4087aa3443c8e4aadc0af2dc3ac647d0fa1b5ac99cd6987abafe6d690ae71cd5fd2aeeabe7589bfb4748aabdfba,blockNumber=2557
info|2023-07-09 05:27:21.747668|[RPCWS][SERVICE][onRecvBlockNotifier]receive block number notifier,group=group0,node=98a7f70ec883a722219d92253cf073a72605f4087aa3443c8e4aadc0af2dc3ac647d0fa1b5ac99cd6987abafe6d690ae71cd5fd2aeeabe7589bfb4748aabdfba,blockNumber=2557
info|2023-07-09 05:27:21.747673|[RPCWS][SERVICE][updateGroupBlockNumber],groupID=group0,_blockNumber=2557
info|2023-07-09 05:27:21.747677|[RPCWS][SERVICE][onRecvBlockNotifier]block notifier callback,group=group0,node=98a7f70ec883a722219d92253cf073a72605f4087aa3443c8e4aadc0af2dc3ac647d0fa1b5ac99cd6987abafe6d690ae71cd5fd2aeeabe7589bfb4748aabdfba,blockNumber=2557
info|2023-07-09 05:27:21.747680|[WS]receive block notify,endpoint=127.0.0.1:20200,blk={
	"blockNumber" : 2557,
	"group" : "group0",
	"nodeName" : "98a7f70ec883a722219d92253cf073a72605f4087aa3443c8e4aadc0af2dc3ac647d0fa1b5ac99cd6987abafe6d690ae71cd5fd2aeeabe7589bfb4748aabdfba"
}
info|2023-07-09 05:27:21.782739|[RPC][BLOCK][NUMBER][fromJson],group=group0,node=2f993327933ad58672518b6d4f63920cbc68b80f78f4d81192552ee6362f5cc81ee13bdc678ad65f06e76444cadb53b33694cfb3fc7679b8000411975fedd28a,blockNumber=2557
info|2023-07-09 05:27:21.782762|[RPCWS][SERVICE][onRecvBlockNotifier]receive block number notifier,group=group0,node=2f993327933ad58672518b6d4f63920cbc68b80f78f4d81192552ee6362f5cc81ee13bdc678ad65f06e76444cadb53b33694cfb3fc7679b8000411975fedd28a,blockNumber=2557
info|2023-07-09 05:27:21.782770|[WS]receive block notify,endpoint=127.0.0.1:20201,blk={
	"blockNumber" : 2557,
	"group" : "group0",
	"nodeName" : "2f993327933ad58672518b6d4f63920cbc68b80f78f4d81192552ee6362f5cc81ee13bdc678ad65f06e76444cadb53b33694cfb3fc7679b8000411975fedd28a"
}
info|2023-07-09 05:27:22.335853|[RPC][BLOCK][NUMBER][fromJson],group=group0,node=98a7f70ec883a722219d92253cf073a72605f4087aa3443c8e4aadc0af2dc3ac647d0fa1b5ac99cd6987abafe6d690ae71cd5fd2aeeabe7589bfb4748aabdfba,blockNumber=2558
info|2023-07-09 05:27:22.335913|[RPCWS][SERVICE][onRecvBlockNotifier]receive block number notifier,group=group0,node=98a7f70ec883a722219d92253cf073a72605f4087aa3443c8e4aadc0af2dc3ac647d0fa1b5ac99cd6987abafe6d690ae71cd5fd2aeeabe7589bfb4748aabdfba,blockNumber=2558
info|2023-07-09 05:27:22.335940|[RPCWS][SERVICE][updateGroupBlockNumber],groupID=group0,_blockNumber=2558
info|2023-07-09 05:27:22.335945|[RPCWS][SERVICE][onRecvBlockNotifier]block notifier callback,group=group0,node=98a7f70ec883a722219d92253cf073a72605f4087aa3443c8e4aadc0af2dc3ac647d0fa1b5ac99cd6987abafe6d690ae71cd5fd2aeeabe7589bfb4748aabdfba,blockNumber=2558
info|2023-07-09 05:27:22.335948|[WS]receive block notify,endpoint=127.0.0.1:20200,blk={
	"blockNumber" : 2558,
	"group" : "group0",
	"nodeName" : "98a7f70ec883a722219d92253cf073a72605f4087aa3443c8e4aadc0af2dc3ac647d0fa1b5ac99cd6987abafe6d690ae71cd5fd2aeeabe7589bfb4748aabdfba"
}
info|2023-07-09 05:27:22.389828|[RPC][BLOCK][NUMBER][fromJson],group=group0,node=2f993327933ad58672518b6d4f63920cbc68b80f78f4d81192552ee6362f5cc81ee13bdc678ad65f06e76444cadb53b33694cfb3fc7679b8000411975fedd28a,blockNumber=2558
info|2023-07-09 05:27:22.389865|[RPCWS][SERVICE][onRecvBlockNotifier]receive block number notifier,group=group0,node=2f993327933ad58672518b6d4f63920cbc68b80f78f4d81192552ee6362f5cc81ee13bdc678ad65f06e76444cadb53b33694cfb3fc7679b8000411975fedd28a,blockNumber=2558
info|2023-07-09 05:27:22.389873|[WS]receive block notify,endpoint=127.0.0.1:20201,blk={
	"blockNumber" : 2558,
	"group" : "group0",
	"nodeName" : "2f993327933ad58672518b6d4f63920cbc68b80f78f4d81192552ee6362f5cc81ee13bdc678ad65f06e76444cadb53b33694cfb3fc7679b8000411975fedd28a"
}
info|2023-07-09 05:27:32.482300|[EVENT][SUB][doLoop]event sub tasks report,working event sub count=0,suspend event sub count=0
info|2023-07-09 05:27:32.493797|[SDK][WS][SERVICE]connected nodes,count=2
info|2023-07-09 05:27:52.482666|[EVENT][SUB][doLoop]event sub tasks report,working event sub count=0,suspend event sub count=0
info|2023-07-09 05:27:52.494310|[SDK][WS][SERVICE]connected nodes,count=2
info|2023-07-09 05:28:12.482717|[EVENT][SUB][doLoop]event sub tasks report,working event sub count=0,suspend event sub count=0
info|2023-07-09 05:28:12.494525|[SDK][WS][SERVICE]connected nodes,count=2
info|2023-07-09 05:28:32.483098|[EVENT][SUB][doLoop]event sub tasks report,working event sub count=0,suspend event sub count=0
info|2023-07-09 05:28:32.495073|[SDK][WS][SERVICE]connected nodes,count=2
info|2023-07-09 05:28:52.483321|[EVENT][SUB][doLoop]event sub tasks report,working event sub count=0,suspend event sub count=0
info|2023-07-09 05:28:52.495632|[SDK][WS][SERVICE]connected nodes,count=2
info|2023-07-09 05:29:12.483560|[EVENT][SUB][doLoop]event sub tasks report,working event sub count=0,suspend event sub count=0
info|2023-07-09 05:29:12.496194|[SDK][WS][SERVICE]connected nodes,count=2
info|2023-07-09 05:29:32.483722|[EVENT][SUB][doLoop]event sub tasks report,working event sub count=0,suspend event sub count=0
info|2023-07-09 05:29:32.496628|[SDK][WS][SERVICE]connected nodes,count=2
info|2023-07-09 05:29:52.483776|[EVENT][SUB][doLoop]event sub tasks report,working event sub count=0,suspend event sub count=0
info|2023-07-09 05:29:52.497137|[SDK][WS][SERVICE]connected nodes,count=2
info|2023-07-09 05:30:12.484049|[EVENT][SUB][doLoop]event sub tasks report,working event sub count=0,suspend event sub count=0
info|2023-07-09 05:30:12.497269|[SDK][WS][SERVICE]connected nodes,count=2
info|2023-07-09 05:30:32.484848|[EVENT][SUB][doLoop]event sub tasks report,working event sub count=0,suspend event sub count=0
info|2023-07-09 05:30:32.497558|[SDK][WS][SERVICE]connected nodes,count=2
info|2023-07-09 05:30:52.485635|[EVENT][SUB][doLoop]event sub tasks report,working event sub count=0,suspend event sub count=0
info|2023-07-09 05:30:52.497836|[SDK][WS][SERVICE]connected nodes,count=2
info|2023-07-09 05:31:12.486118|[EVENT][SUB][doLoop]event sub tasks report,working event sub count=0,suspend event sub count=0
info|2023-07-09 05:31:12.498516|[SDK][WS][SERVICE]connected nodes,count=2
info|2023-07-09 05:31:32.486448|[EVENT][SUB][doLoop]event sub tasks report,working event sub count=0,suspend event sub count=0
info|2023-07-09 05:31:32.498922|[SDK][WS][SERVICE]connected nodes,count=2
info|2023-07-09 05:31:52.486802|[EVENT][SUB][doLoop]event sub tasks report,working event sub count=0,suspend event sub count=0
info|2023-07-09 05:31:52.499299|[SDK][WS][SERVICE]connected nodes,count=2
info|2023-07-09 05:32:12.487226|[EVENT][SUB][doLoop]event sub tasks report,working event sub count=0,suspend event sub count=0
info|2023-07-09 05:32:12.499773|[SDK][WS][SERVICE]connected nodes,count=2
info|2023-07-09 05:32:32.487354|[EVENT][SUB][doLoop]event sub tasks report,working event sub count=0,suspend event sub count=0
info|2023-07-09 05:32:32.500263|[SDK][WS][SERVICE]connected nodes,count=2
info|2023-07-09 05:32:52.487519|[EVENT][SUB][doLoop]event sub tasks report,working event sub count=0,suspend event sub count=0
info|2023-07-09 05:32:52.500452|[SDK][WS][SERVICE]connected nodes,count=2
info|2023-07-09 05:33:12.487714|[EVENT][SUB][doLoop]event sub tasks report,working event sub count=0,suspend event sub count=0
info|2023-07-09 05:33:12.500896|[SDK][WS][SERVICE]connected nodes,count=2
info|2023-07-09 05:33:32.487957|[EVENT][SUB][doLoop]event sub tasks report,working event sub count=0,suspend event sub count=0
info|2023-07-09 05:33:32.501241|[SDK][WS][SERVICE]connected nodes,count=2
info|2023-07-09 05:33:52.488004|[EVENT][SUB][doLoop]event sub tasks report,working event sub count=0,suspend event sub count=0
info|2023-07-09 05:33:52.501857|[SDK][WS][SERVICE]connected nodes,count=2
info|2023-07-09 05:34:12.488232|[EVENT][SUB][doLoop]event sub tasks report,working event sub count=0,suspend event sub count=0
info|2023-07-09 05:34:12.502008|[SDK][WS][SERVICE]connected nodes,count=2
info|2023-07-09 05:34:32.488389|[EVENT][SUB][doLoop]event sub tasks report,working event sub count=0,suspend event sub count=0
info|2023-07-09 05:34:32.502152|[SDK][WS][SERVICE]connected nodes,count=2
info|2023-07-09 05:34:52.488496|[EVENT][SUB][doLoop]event sub tasks report,working event sub count=0,suspend event sub count=0
info|2023-07-09 05:34:52.502707|[SDK][WS][SERVICE]connected nodes,count=2
info|2023-07-09 05:35:12.488604|[EVENT][SUB][doLoop]event sub tasks report,working event sub count=0,suspend event sub count=0
info|2023-07-09 05:35:12.502822|[SDK][WS][SERVICE]connected nodes,count=2
info|2023-07-09 05:35:32.489145|[EVENT][SUB][doLoop]event sub tasks report,working event sub count=0,suspend event sub count=0
info|2023-07-09 05:35:32.503284|[SDK][WS][SERVICE]connected nodes,count=2
info|2023-07-09 05:35:52.489665|[EVENT][SUB][doLoop]event sub tasks report,working event sub count=0,suspend event sub count=0
info|2023-07-09 05:35:52.503436|[SDK][WS][SERVICE]connected nodes,count=2
info|2023-07-09 05:36:12.490188|[EVENT][SUB][doLoop]event sub tasks report,working event sub count=0,suspend event sub count=0
info|2023-07-09 05:36:12.503569|[SDK][WS][SERVICE]connected nodes,count=2
info|2023-07-09 05:36:32.490655|[EVENT][SUB][doLoop]event sub tasks report,working event sub count=0,suspend event sub count=0
info|2023-07-09 05:36:32.504444|[SDK][WS][SERVICE]connected nodes,count=2
info|2023-07-09 05:36:52.490812|[EVENT][SUB][doLoop]event sub tasks report,working event sub count=0,suspend event sub count=0
info|2023-07-09 05:36:52.505175|[SDK][WS][SERVICE]connected nodes,count=2
info|2023-07-09 05:37:12.491739|[EVENT][SUB][doLoop]event sub tasks report,working event sub count=0,suspend event sub count=0
info|2023-07-09 05:37:12.505529|[SDK][WS][SERVICE]connected nodes,count=2
info|2023-07-09 05:37:32.492031|[EVENT][SUB][doLoop]event sub tasks report,working event sub count=0,suspend event sub count=0
info|2023-07-09 05:37:32.505809|[SDK][WS][SERVICE]connected nodes,count=2
info|2023-07-09 05:37:52.492374|[EVENT][SUB][doLoop]event sub tasks report,working event sub count=0,suspend event sub count=0
info|2023-07-09 05:37:52.506028|[SDK][WS][SERVICE]connected nodes,count=2
info|2023-07-09 05:38:12.493062|[EVENT][SUB][doLoop]event sub tasks report,working event sub count=0,suspend event sub count=0
info|2023-07-09 05:38:12.506306|[SDK][WS][SERVICE]connected nodes,count=2
info|2023-07-09 05:38:32.493658|[EVENT][SUB][doLoop]event sub tasks report,working event sub count=0,suspend event sub count=0
info|2023-07-09 05:38:32.506942|[SDK][WS][SERVICE]connected nodes,count=2
info|2023-07-09 05:38:52.494122|[EVENT][SUB][doLoop]event sub tasks report,working event sub count=0,suspend event sub count=0
info|2023-07-09 05:38:52.507112|[SDK][WS][SERVICE]connected nodes,count=2
info|2023-07-09 05:39:12.494235|[EVENT][SUB][doLoop]event sub tasks report,working event sub count=0,suspend event sub count=0
info|2023-07-09 05:39:12.507616|[SDK][WS][SERVICE]connected nodes,count=2
info|2023-07-09 05:39:32.494378|[EVENT][SUB][doLoop]event sub tasks report,working event sub count=0,suspend event sub count=0
info|2023-07-09 05:39:32.507964|[SDK][WS][SERVICE]connected nodes,count=2
info|2023-07-09 05:39:52.494683|[EVENT][SUB][doLoop]event sub tasks report,working event sub count=0,suspend event sub count=0
info|2023-07-09 05:39:52.508412|[SDK][WS][SERVICE]connected nodes,count=2
info|2023-07-09 05:40:12.494828|[EVENT][SUB][doLoop]event sub tasks report,working event sub count=0,suspend event sub count=0
info|2023-07-09 05:40:12.508930|[SDK][WS][SERVICE]connected nodes,count=2
info|2023-07-09 05:40:32.495061|[EVENT][SUB][doLoop]event sub tasks report,working event sub count=0,suspend event sub count=0
info|2023-07-09 05:40:32.509110|[SDK][WS][SERVICE]connected nodes,count=2
info|2023-07-09 05:40:52.495759|[EVENT][SUB][doLoop]event sub tasks report,working event sub count=0,suspend event sub count=0
info|2023-07-09 05:40:52.509284|[SDK][WS][SERVICE]connected nodes,count=2
info|2023-07-09 05:41:12.496035|[EVENT][SUB][doLoop]event sub tasks report,working event sub count=0,suspend event sub count=0
info|2023-07-09 05:41:12.509588|[SDK][WS][SERVICE]connected nodes,count=2
info|2023-07-09 05:41:32.496436|[EVENT][SUB][doLoop]event sub tasks report,working event sub count=0,suspend event sub count=0
info|2023-07-09 05:41:32.509842|[SDK][WS][SERVICE]connected nodes,count=2
info|2023-07-09 05:41:52.496849|[EVENT][SUB][doLoop]event sub tasks report,working event sub count=0,suspend event sub count=0
info|2023-07-09 05:41:52.510602|[SDK][WS][SERVICE]connected nodes,count=2
info|2023-07-09 05:42:12.497539|[EVENT][SUB][doLoop]event sub tasks report,working event sub count=0,suspend event sub count=0
info|2023-07-09 05:42:12.510966|[SDK][WS][SERVICE]connected nodes,count=2
info|2023-07-09 05:42:32.497869|[EVENT][SUB][doLoop]event sub tasks report,working event sub count=0,suspend event sub count=0
info|2023-07-09 05:42:32.511246|[SDK][WS][SERVICE]connected nodes,count=2
info|2023-07-09 05:42:52.498669|[EVENT][SUB][doLoop]event sub tasks report,working event sub count=0,suspend event sub count=0
info|2023-07-09 05:42:52.511772|[SDK][WS][SERVICE]connected nodes,count=2
info|2023-07-09 05:43:12.499557|[EVENT][SUB][doLoop]event sub tasks report,working event sub count=0,suspend event sub count=0
info|2023-07-09 05:43:12.512033|[SDK][WS][SERVICE]connected nodes,count=2
info|2023-07-09 05:43:32.499665|[EVENT][SUB][doLoop]event sub tasks report,working event sub count=0,suspend event sub count=0
info|2023-07-09 05:43:32.512273|[SDK][WS][SERVICE]connected nodes,count=2
info|2023-07-09 05:43:52.499754|[EVENT][SUB][doLoop]event sub tasks report,working event sub count=0,suspend event sub count=0
info|2023-07-09 05:43:52.512552|[SDK][WS][SERVICE]connected nodes,count=2
info|2023-07-09 05:44:12.499928|[EVENT][SUB][doLoop]event sub tasks report,working event sub count=0,suspend event sub count=0
info|2023-07-09 05:44:12.513309|[SDK][WS][SERVICE]connected nodes,count=2
info|2023-07-09 05:44:32.500207|[EVENT][SUB][doLoop]event sub tasks report,working event sub count=0,suspend event sub count=0
info|2023-07-09 05:44:32.513612|[SDK][WS][SERVICE]connected nodes,count=2
info|2023-07-09 05:44:52.500795|[EVENT][SUB][doLoop]event sub tasks report,working event sub count=0,suspend event sub count=0
info|2023-07-09 05:44:52.513833|[SDK][WS][SERVICE]connected nodes,count=2
info|2023-07-09 05:45:12.500930|[EVENT][SUB][doLoop]event sub tasks report,working event sub count=0,suspend event sub count=0
info|2023-07-09 05:45:12.514242|[SDK][WS][SERVICE]connected nodes,count=2
info|2023-07-09 05:45:32.501207|[EVENT][SUB][doLoop]event sub tasks report,working event sub count=0,suspend event sub count=0
info|2023-07-09 05:45:32.514706|[SDK][WS][SERVICE]connected nodes,count=2
info|2023-07-09 05:45:52.501527|[EVENT][SUB][doLoop]event sub tasks report,working event sub count=0,suspend event sub count=0
info|2023-07-09 05:45:52.515068|[SDK][WS][SERVICE]connected nodes,count=2
info|2023-07-09 05:46:12.502157|[EVENT][SUB][doLoop]event sub tasks report,working event sub count=0,suspend event sub count=0
info|2023-07-09 05:46:12.515553|[SDK][WS][SERVICE]connected nodes,count=2
info|2023-07-09 05:46:32.502743|[EVENT][SUB][doLoop]event sub tasks report,working event sub count=0,suspend event sub count=0
info|2023-07-09 05:46:32.515926|[SDK][WS][SERVICE]connected nodes,count=2
info|2023-07-09 05:46:52.503265|[EVENT][SUB][doLoop]event sub tasks report,working event sub count=0,suspend event sub count=0
info|2023-07-09 05:46:52.516586|[SDK][WS][SERVICE]connected nodes,count=2
info|2023-07-09 05:47:12.503673|[EVENT][SUB][doLoop]event sub tasks report,working event sub count=0,suspend event sub count=0
info|2023-07-09 05:47:12.516902|[SDK][WS][SERVICE]connected nodes,count=2
info|2023-07-09 05:47:32.504079|[EVENT][SUB][doLoop]event sub tasks report,working event sub count=0,suspend event sub count=0
info|2023-07-09 05:47:32.517151|[SDK][WS][SERVICE]connected nodes,count=2
info|2023-07-09 05:47:52.504365|[EVENT][SUB][doLoop]event sub tasks report,working event sub count=0,suspend event sub count=0
info|2023-07-09 05:47:52.517859|[SDK][WS][SERVICE]connected nodes,count=2
info|2023-07-09 05:48:12.504868|[EVENT][SUB][doLoop]event sub tasks report,working event sub count=0,suspend event sub count=0
info|2023-07-09 05:48:12.518312|[SDK][WS][SERVICE]connected nodes,count=2
info|2023-07-09 05:48:32.504940|[EVENT][SUB][doLoop]event sub tasks report,working event sub count=0,suspend event sub count=0
info|2023-07-09 05:48:32.518568|[SDK][WS][SERVICE]connected nodes,count=2
info|2023-07-09 05:48:52.505200|[EVENT][SUB][doLoop]event sub tasks report,working event sub count=0,suspend event sub count=0
info|2023-07-09 05:48:52.518918|[SDK][WS][SERVICE]connected nodes,count=2
info|2023-07-09 05:49:12.505263|[EVENT][SUB][doLoop]event sub tasks report,working event sub count=0,suspend event sub count=0
info|2023-07-09 05:49:12.519732|[SDK][WS][SERVICE]connected nodes,count=2
info|2023-07-09 05:49:32.505346|[EVENT][SUB][doLoop]event sub tasks report,working event sub count=0,suspend event sub count=0
info|2023-07-09 05:49:32.520308|[SDK][WS][SERVICE]connected nodes,count=2
info|2023-07-09 05:49:52.505593|[EVENT][SUB][doLoop]event sub tasks report,working event sub count=0,suspend event sub count=0
info|2023-07-09 05:49:52.521802|[SDK][WS][SERVICE]connected nodes,count=2
info|2023-07-09 05:50:12.505918|[EVENT][SUB][doLoop]event sub tasks report,working event sub count=0,suspend event sub count=0
info|2023-07-09 05:50:12.522221|[SDK][WS][SERVICE]connected nodes,count=2
info|2023-07-09 05:50:32.506019|[EVENT][SUB][doLoop]event sub tasks report,working event sub count=0,suspend event sub count=0
info|2023-07-09 05:50:32.522420|[SDK][WS][SERVICE]connected nodes,count=2
info|2023-07-09 05:50:52.506617|[EVENT][SUB][doLoop]event sub tasks report,working event sub count=0,suspend event sub count=0
info|2023-07-09 05:50:52.522556|[SDK][WS][SERVICE]connected nodes,count=2
info|2023-07-09 05:51:12.506683|[EVENT][SUB][doLoop]event sub tasks report,working event sub count=0,suspend event sub count=0
info|2023-07-09 05:51:12.523054|[SDK][WS][SERVICE]connected nodes,count=2
info|2023-07-09 05:51:32.507316|[EVENT][SUB][doLoop]event sub tasks report,working event sub count=0,suspend event sub count=0
info|2023-07-09 05:51:32.523806|[SDK][WS][SERVICE]connected nodes,count=2
info|2023-07-09 05:51:52.507631|[EVENT][SUB][doLoop]event sub tasks report,working event sub count=0,suspend event sub count=0
info|2023-07-09 05:51:52.524145|[SDK][WS][SERVICE]connected nodes,count=2
info|2023-07-09 05:52:12.507829|[EVENT][SUB][doLoop]event sub tasks report,working event sub count=0,suspend event sub count=0
info|2023-07-09 05:52:12.524318|[SDK][WS][SERVICE]connected nodes,count=2
info|2023-07-09 05:52:32.508333|[EVENT][SUB][doLoop]event sub tasks report,working event sub count=0,suspend event sub count=0
info|2023-07-09 05:52:32.525014|[SDK][WS][SERVICE]connected nodes,count=2
info|2023-07-09 05:52:52.508833|[EVENT][SUB][doLoop]event sub tasks report,working event sub count=0,suspend event sub count=0
info|2023-07-09 05:52:52.525132|[SDK][WS][SERVICE]connected nodes,count=2
info|2023-07-09 05:53:12.509019|[EVENT][SUB][doLoop]event sub tasks report,working event sub count=0,suspend event sub count=0
info|2023-07-09 05:53:12.525571|[SDK][WS][SERVICE]connected nodes,count=2
info|2023-07-09 05:53:32.509164|[EVENT][SUB][doLoop]event sub tasks report,working event sub count=0,suspend event sub count=0
info|2023-07-09 05:53:32.526084|[SDK][WS][SERVICE]connected nodes,count=2
info|2023-07-09 05:53:52.509236|[EVENT][SUB][doLoop]event sub tasks report,working event sub count=0,suspend event sub count=0
info|2023-07-09 05:53:52.526746|[SDK][WS][SERVICE]connected nodes,count=2
info|2023-07-09 05:54:12.509376|[EVENT][SUB][doLoop]event sub tasks report,working event sub count=0,suspend event sub count=0
info|2023-07-09 05:54:12.527142|[SDK][WS][SERVICE]connected nodes,count=2
info|2023-07-09 05:54:32.509676|[EVENT][SUB][doLoop]event sub tasks report,working event sub count=0,suspend event sub count=0
info|2023-07-09 05:54:32.527341|[SDK][WS][SERVICE]connected nodes,count=2
info|2023-07-09 05:54:52.510391|[EVENT][SUB][doLoop]event sub tasks report,working event sub count=0,suspend event sub count=0
info|2023-07-09 05:54:52.527585|[SDK][WS][SERVICE]connected nodes,count=2
info|2023-07-09 05:55:12.510941|[EVENT][SUB][doLoop]event sub tasks report,working event sub count=0,suspend event sub count=0
info|2023-07-09 05:55:12.528130|[SDK][WS][SERVICE]connected nodes,count=2
info|2023-07-09 05:55:32.511256|[EVENT][SUB][doLoop]event sub tasks report,working event sub count=0,suspend event sub count=0
info|2023-07-09 05:55:32.528383|[SDK][WS][SERVICE]connected nodes,count=2
info|2023-07-09 05:55:52.511338|[EVENT][SUB][doLoop]event sub tasks report,working event sub count=0,suspend event sub count=0
info|2023-07-09 05:55:52.528525|[SDK][WS][SERVICE]connected nodes,count=2
info|2023-07-09 05:56:12.511619|[EVENT][SUB][doLoop]event sub tasks report,working event sub count=0,suspend event sub count=0
info|2023-07-09 05:56:12.528849|[SDK][WS][SERVICE]connected nodes,count=2
info|2023-07-09 05:56:32.512434|[EVENT][SUB][doLoop]event sub tasks report,working event sub count=0,suspend event sub count=0
info|2023-07-09 05:56:32.529292|[SDK][WS][SERVICE]connected nodes,count=2
info|2023-07-09 05:56:52.513045|[EVENT][SUB][doLoop]event sub tasks report,working event sub count=0,suspend event sub count=0
info|2023-07-09 05:56:52.529998|[SDK][WS][SERVICE]connected nodes,count=2
info|2023-07-09 05:57:12.513331|[EVENT][SUB][doLoop]event sub tasks report,working event sub count=0,suspend event sub count=0
info|2023-07-09 05:57:12.530541|[SDK][WS][SERVICE]connected nodes,count=2
info|2023-07-09 05:57:13.854187|[RPC][BLOCK][NUMBER][fromJson],group=group0,node=98a7f70ec883a722219d92253cf073a72605f4087aa3443c8e4aadc0af2dc3ac647d0fa1b5ac99cd6987abafe6d690ae71cd5fd2aeeabe7589bfb4748aabdfba,blockNumber=2559
info|2023-07-09 05:57:13.854221|[RPCWS][SERVICE][onRecvBlockNotifier]receive block number notifier,group=group0,node=98a7f70ec883a722219d92253cf073a72605f4087aa3443c8e4aadc0af2dc3ac647d0fa1b5ac99cd6987abafe6d690ae71cd5fd2aeeabe7589bfb4748aabdfba,blockNumber=2559
info|2023-07-09 05:57:13.854228|[RPCWS][SERVICE][updateGroupBlockNumber],groupID=group0,_blockNumber=2559
info|2023-07-09 05:57:13.854233|[RPCWS][SERVICE][onRecvBlockNotifier]block notifier callback,group=group0,node=98a7f70ec883a722219d92253cf073a72605f4087aa3443c8e4aadc0af2dc3ac647d0fa1b5ac99cd6987abafe6d690ae71cd5fd2aeeabe7589bfb4748aabdfba,blockNumber=2559
info|2023-07-09 05:57:13.854237|[WS]receive block notify,endpoint=127.0.0.1:20200,blk={
	"blockNumber" : 2559,
	"group" : "group0",
	"nodeName" : "98a7f70ec883a722219d92253cf073a72605f4087aa3443c8e4aadc0af2dc3ac647d0fa1b5ac99cd6987abafe6d690ae71cd5fd2aeeabe7589bfb4748aabdfba"
}
info|2023-07-09 05:57:13.886438|[RPC][BLOCK][NUMBER][fromJson],group=group0,node=2f993327933ad58672518b6d4f63920cbc68b80f78f4d81192552ee6362f5cc81ee13bdc678ad65f06e76444cadb53b33694cfb3fc7679b8000411975fedd28a,blockNumber=2559
info|2023-07-09 05:57:13.886458|[RPCWS][SERVICE][onRecvBlockNotifier]receive block number notifier,group=group0,node=2f993327933ad58672518b6d4f63920cbc68b80f78f4d81192552ee6362f5cc81ee13bdc678ad65f06e76444cadb53b33694cfb3fc7679b8000411975fedd28a,blockNumber=2559
info|2023-07-09 05:57:13.886465|[WS]receive block notify,endpoint=127.0.0.1:20201,blk={
	"blockNumber" : 2559,
	"group" : "group0",
	"nodeName" : "2f993327933ad58672518b6d4f63920cbc68b80f78f4d81192552ee6362f5cc81ee13bdc678ad65f06e76444cadb53b33694cfb3fc7679b8000411975fedd28a"
}
info|2023-07-09 05:57:14.411498|[RPC][BLOCK][NUMBER][fromJson],group=group0,node=98a7f70ec883a722219d92253cf073a72605f4087aa3443c8e4aadc0af2dc3ac647d0fa1b5ac99cd6987abafe6d690ae71cd5fd2aeeabe7589bfb4748aabdfba,blockNumber=2560
info|2023-07-09 05:57:14.411522|[RPCWS][SERVICE][onRecvBlockNotifier]receive block number notifier,group=group0,node=98a7f70ec883a722219d92253cf073a72605f4087aa3443c8e4aadc0af2dc3ac647d0fa1b5ac99cd6987abafe6d690ae71cd5fd2aeeabe7589bfb4748aabdfba,blockNumber=2560
info|2023-07-09 05:57:14.411529|[RPCWS][SERVICE][updateGroupBlockNumber],groupID=group0,_blockNumber=2560
info|2023-07-09 05:57:14.411534|[RPCWS][SERVICE][onRecvBlockNotifier]block notifier callback,group=group0,node=98a7f70ec883a722219d92253cf073a72605f4087aa3443c8e4aadc0af2dc3ac647d0fa1b5ac99cd6987abafe6d690ae71cd5fd2aeeabe7589bfb4748aabdfba,blockNumber=2560
info|2023-07-09 05:57:14.411538|[WS]receive block notify,endpoint=127.0.0.1:20200,blk={
	"blockNumber" : 2560,
	"group" : "group0",
	"nodeName" : "98a7f70ec883a722219d92253cf073a72605f4087aa3443c8e4aadc0af2dc3ac647d0fa1b5ac99cd6987abafe6d690ae71cd5fd2aeeabe7589bfb4748aabdfba"
}
info|2023-07-09 05:57:14.454577|[RPC][BLOCK][NUMBER][fromJson],group=group0,node=2f993327933ad58672518b6d4f63920cbc68b80f78f4d81192552ee6362f5cc81ee13bdc678ad65f06e76444cadb53b33694cfb3fc7679b8000411975fedd28a,blockNumber=2560
info|2023-07-09 05:57:14.454596|[RPCWS][SERVICE][onRecvBlockNotifier]receive block number notifier,group=group0,node=2f993327933ad58672518b6d4f63920cbc68b80f78f4d81192552ee6362f5cc81ee13bdc678ad65f06e76444cadb53b33694cfb3fc7679b8000411975fedd28a,blockNumber=2560
info|2023-07-09 05:57:14.454603|[WS]receive block notify,endpoint=127.0.0.1:20201,blk={
	"blockNumber" : 2560,
	"group" : "group0",
	"nodeName" : "2f993327933ad58672518b6d4f63920cbc68b80f78f4d81192552ee6362f5cc81ee13bdc678ad65f06e76444cadb53b33694cfb3fc7679b8000411975fedd28a"
}
info|2023-07-09 05:57:15.021720|[RPC][BLOCK][NUMBER][fromJson],group=group0,node=98a7f70ec883a722219d92253cf073a72605f4087aa3443c8e4aadc0af2dc3ac647d0fa1b5ac99cd6987abafe6d690ae71cd5fd2aeeabe7589bfb4748aabdfba,blockNumber=2561
info|2023-07-09 05:57:15.021748|[RPCWS][SERVICE][onRecvBlockNotifier]receive block number notifier,group=group0,node=98a7f70ec883a722219d92253cf073a72605f4087aa3443c8e4aadc0af2dc3ac647d0fa1b5ac99cd6987abafe6d690ae71cd5fd2aeeabe7589bfb4748aabdfba,blockNumber=2561
info|2023-07-09 05:57:15.021756|[RPCWS][SERVICE][updateGroupBlockNumber],groupID=group0,_blockNumber=2561
info|2023-07-09 05:57:15.021763|[RPCWS][SERVICE][onRecvBlockNotifier]block notifier callback,group=group0,node=98a7f70ec883a722219d92253cf073a72605f4087aa3443c8e4aadc0af2dc3ac647d0fa1b5ac99cd6987abafe6d690ae71cd5fd2aeeabe7589bfb4748aabdfba,blockNumber=2561
info|2023-07-09 05:57:15.021769|[WS]receive block notify,endpoint=127.0.0.1:20200,blk={
	"blockNumber" : 2561,
	"group" : "group0",
	"nodeName" : "98a7f70ec883a722219d92253cf073a72605f4087aa3443c8e4aadc0af2dc3ac647d0fa1b5ac99cd6987abafe6d690ae71cd5fd2aeeabe7589bfb4748aabdfba"
}
info|2023-07-09 05:57:15.039244|[RPC][BLOCK][NUMBER][fromJson],group=group0,node=2f993327933ad58672518b6d4f63920cbc68b80f78f4d81192552ee6362f5cc81ee13bdc678ad65f06e76444cadb53b33694cfb3fc7679b8000411975fedd28a,blockNumber=2561
info|2023-07-09 05:57:15.039266|[RPCWS][SERVICE][onRecvBlockNotifier]receive block number notifier,group=group0,node=2f993327933ad58672518b6d4f63920cbc68b80f78f4d81192552ee6362f5cc81ee13bdc678ad65f06e76444cadb53b33694cfb3fc7679b8000411975fedd28a,blockNumber=2561
info|2023-07-09 05:57:15.039273|[WS]receive block notify,endpoint=127.0.0.1:20201,blk={
	"blockNumber" : 2561,
	"group" : "group0",
	"nodeName" : "2f993327933ad58672518b6d4f63920cbc68b80f78f4d81192552ee6362f5cc81ee13bdc678ad65f06e76444cadb53b33694cfb3fc7679b8000411975fedd28a"
}
info|2023-07-09 05:57:15.664967|[RPC][BLOCK][NUMBER][fromJson],group=group0,node=98a7f70ec883a722219d92253cf073a72605f4087aa3443c8e4aadc0af2dc3ac647d0fa1b5ac99cd6987abafe6d690ae71cd5fd2aeeabe7589bfb4748aabdfba,blockNumber=2562
info|2023-07-09 05:57:15.665067|[RPCWS][SERVICE][onRecvBlockNotifier]receive block number notifier,group=group0,node=98a7f70ec883a722219d92253cf073a72605f4087aa3443c8e4aadc0af2dc3ac647d0fa1b5ac99cd6987abafe6d690ae71cd5fd2aeeabe7589bfb4748aabdfba,blockNumber=2562
info|2023-07-09 05:57:15.665083|[RPCWS][SERVICE][updateGroupBlockNumber],groupID=group0,_blockNumber=2562
info|2023-07-09 05:57:15.665092|[RPCWS][SERVICE][onRecvBlockNotifier]block notifier callback,group=group0,node=98a7f70ec883a722219d92253cf073a72605f4087aa3443c8e4aadc0af2dc3ac647d0fa1b5ac99cd6987abafe6d690ae71cd5fd2aeeabe7589bfb4748aabdfba,blockNumber=2562
info|2023-07-09 05:57:15.665100|[WS]receive block notify,endpoint=127.0.0.1:20200,blk={
	"blockNumber" : 2562,
	"group" : "group0",
	"nodeName" : "98a7f70ec883a722219d92253cf073a72605f4087aa3443c8e4aadc0af2dc3ac647d0fa1b5ac99cd6987abafe6d690ae71cd5fd2aeeabe7589bfb4748aabdfba"
}
info|2023-07-09 05:57:15.677945|[RPC][BLOCK][NUMBER][fromJson],group=group0,node=2f993327933ad58672518b6d4f63920cbc68b80f78f4d81192552ee6362f5cc81ee13bdc678ad65f06e76444cadb53b33694cfb3fc7679b8000411975fedd28a,blockNumber=2562
info|2023-07-09 05:57:15.678002|[RPCWS][SERVICE][onRecvBlockNotifier]receive block number notifier,group=group0,node=2f993327933ad58672518b6d4f63920cbc68b80f78f4d81192552ee6362f5cc81ee13bdc678ad65f06e76444cadb53b33694cfb3fc7679b8000411975fedd28a,blockNumber=2562
info|2023-07-09 05:57:15.678013|[WS]receive block notify,endpoint=127.0.0.1:20201,blk={
	"blockNumber" : 2562,
	"group" : "group0",
	"nodeName" : "2f993327933ad58672518b6d4f63920cbc68b80f78f4d81192552ee6362f5cc81ee13bdc678ad65f06e76444cadb53b33694cfb3fc7679b8000411975fedd28a"
}
info|2023-07-09 05:57:16.244802|[RPC][BLOCK][NUMBER][fromJson],group=group0,node=98a7f70ec883a722219d92253cf073a72605f4087aa3443c8e4aadc0af2dc3ac647d0fa1b5ac99cd6987abafe6d690ae71cd5fd2aeeabe7589bfb4748aabdfba,blockNumber=2563
info|2023-07-09 05:57:16.244841|[RPCWS][SERVICE][onRecvBlockNotifier]receive block number notifier,group=group0,node=98a7f70ec883a722219d92253cf073a72605f4087aa3443c8e4aadc0af2dc3ac647d0fa1b5ac99cd6987abafe6d690ae71cd5fd2aeeabe7589bfb4748aabdfba,blockNumber=2563
info|2023-07-09 05:57:16.244846|[RPCWS][SERVICE][updateGroupBlockNumber],groupID=group0,_blockNumber=2563
info|2023-07-09 05:57:16.244851|[RPCWS][SERVICE][onRecvBlockNotifier]block notifier callback,group=group0,node=98a7f70ec883a722219d92253cf073a72605f4087aa3443c8e4aadc0af2dc3ac647d0fa1b5ac99cd6987abafe6d690ae71cd5fd2aeeabe7589bfb4748aabdfba,blockNumber=2563
info|2023-07-09 05:57:16.244854|[WS]receive block notify,endpoint=127.0.0.1:20200,blk={
	"blockNumber" : 2563,
	"group" : "group0",
	"nodeName" : "98a7f70ec883a722219d92253cf073a72605f4087aa3443c8e4aadc0af2dc3ac647d0fa1b5ac99cd6987abafe6d690ae71cd5fd2aeeabe7589bfb4748aabdfba"
}
info|2023-07-09 05:57:16.297523|[RPC][BLOCK][NUMBER][fromJson],group=group0,node=2f993327933ad58672518b6d4f63920cbc68b80f78f4d81192552ee6362f5cc81ee13bdc678ad65f06e76444cadb53b33694cfb3fc7679b8000411975fedd28a,blockNumber=2563
info|2023-07-09 05:57:16.297629|[RPCWS][SERVICE][onRecvBlockNotifier]receive block number notifier,group=group0,node=2f993327933ad58672518b6d4f63920cbc68b80f78f4d81192552ee6362f5cc81ee13bdc678ad65f06e76444cadb53b33694cfb3fc7679b8000411975fedd28a,blockNumber=2563
info|2023-07-09 05:57:16.297648|[WS]receive block notify,endpoint=127.0.0.1:20201,blk={
	"blockNumber" : 2563,
	"group" : "group0",
	"nodeName" : "2f993327933ad58672518b6d4f63920cbc68b80f78f4d81192552ee6362f5cc81ee13bdc678ad65f06e76444cadb53b33694cfb3fc7679b8000411975fedd28a"
}
info|2023-07-09 05:57:16.831725|[RPC][BLOCK][NUMBER][fromJson],group=group0,node=98a7f70ec883a722219d92253cf073a72605f4087aa3443c8e4aadc0af2dc3ac647d0fa1b5ac99cd6987abafe6d690ae71cd5fd2aeeabe7589bfb4748aabdfba,blockNumber=2564
info|2023-07-09 05:57:16.831764|[RPCWS][SERVICE][onRecvBlockNotifier]receive block number notifier,group=group0,node=98a7f70ec883a722219d92253cf073a72605f4087aa3443c8e4aadc0af2dc3ac647d0fa1b5ac99cd6987abafe6d690ae71cd5fd2aeeabe7589bfb4748aabdfba,blockNumber=2564
info|2023-07-09 05:57:16.831775|[RPCWS][SERVICE][updateGroupBlockNumber],groupID=group0,_blockNumber=2564
info|2023-07-09 05:57:16.831783|[RPCWS][SERVICE][onRecvBlockNotifier]block notifier callback,group=group0,node=98a7f70ec883a722219d92253cf073a72605f4087aa3443c8e4aadc0af2dc3ac647d0fa1b5ac99cd6987abafe6d690ae71cd5fd2aeeabe7589bfb4748aabdfba,blockNumber=2564
info|2023-07-09 05:57:16.831792|[WS]receive block notify,endpoint=127.0.0.1:20200,blk={
	"blockNumber" : 2564,
	"group" : "group0",
	"nodeName" : "98a7f70ec883a722219d92253cf073a72605f4087aa3443c8e4aadc0af2dc3ac647d0fa1b5ac99cd6987abafe6d690ae71cd5fd2aeeabe7589bfb4748aabdfba"
}
info|2023-07-09 05:57:16.856081|[RPC][BLOCK][NUMBER][fromJson],group=group0,node=2f993327933ad58672518b6d4f63920cbc68b80f78f4d81192552ee6362f5cc81ee13bdc678ad65f06e76444cadb53b33694cfb3fc7679b8000411975fedd28a,blockNumber=2564
info|2023-07-09 05:57:16.856110|[RPCWS][SERVICE][onRecvBlockNotifier]receive block number notifier,group=group0,node=2f993327933ad58672518b6d4f63920cbc68b80f78f4d81192552ee6362f5cc81ee13bdc678ad65f06e76444cadb53b33694cfb3fc7679b8000411975fedd28a,blockNumber=2564
info|2023-07-09 05:57:16.856119|[WS]receive block notify,endpoint=127.0.0.1:20201,blk={
	"blockNumber" : 2564,
	"group" : "group0",
	"nodeName" : "2f993327933ad58672518b6d4f63920cbc68b80f78f4d81192552ee6362f5cc81ee13bdc678ad65f06e76444cadb53b33694cfb3fc7679b8000411975fedd28a"
}
info|2023-07-09 05:57:17.337861|[RPC][BLOCK][NUMBER][fromJson],group=group0,node=98a7f70ec883a722219d92253cf073a72605f4087aa3443c8e4aadc0af2dc3ac647d0fa1b5ac99cd6987abafe6d690ae71cd5fd2aeeabe7589bfb4748aabdfba,blockNumber=2565
info|2023-07-09 05:57:17.337944|[RPCWS][SERVICE][onRecvBlockNotifier]receive block number notifier,group=group0,node=98a7f70ec883a722219d92253cf073a72605f4087aa3443c8e4aadc0af2dc3ac647d0fa1b5ac99cd6987abafe6d690ae71cd5fd2aeeabe7589bfb4748aabdfba,blockNumber=2565
info|2023-07-09 05:57:17.337952|[RPCWS][SERVICE][updateGroupBlockNumber],groupID=group0,_blockNumber=2565
info|2023-07-09 05:57:17.337957|[RPCWS][SERVICE][onRecvBlockNotifier]block notifier callback,group=group0,node=98a7f70ec883a722219d92253cf073a72605f4087aa3443c8e4aadc0af2dc3ac647d0fa1b5ac99cd6987abafe6d690ae71cd5fd2aeeabe7589bfb4748aabdfba,blockNumber=2565
info|2023-07-09 05:57:17.337961|[WS]receive block notify,endpoint=127.0.0.1:20200,blk={
	"blockNumber" : 2565,
	"group" : "group0",
	"nodeName" : "98a7f70ec883a722219d92253cf073a72605f4087aa3443c8e4aadc0af2dc3ac647d0fa1b5ac99cd6987abafe6d690ae71cd5fd2aeeabe7589bfb4748aabdfba"
}
info|2023-07-09 05:57:17.408191|[RPC][BLOCK][NUMBER][fromJson],group=group0,node=2f993327933ad58672518b6d4f63920cbc68b80f78f4d81192552ee6362f5cc81ee13bdc678ad65f06e76444cadb53b33694cfb3fc7679b8000411975fedd28a,blockNumber=2565
info|2023-07-09 05:57:17.408216|[RPCWS][SERVICE][onRecvBlockNotifier]receive block number notifier,group=group0,node=2f993327933ad58672518b6d4f63920cbc68b80f78f4d81192552ee6362f5cc81ee13bdc678ad65f06e76444cadb53b33694cfb3fc7679b8000411975fedd28a,blockNumber=2565
info|2023-07-09 05:57:17.408222|[WS]receive block notify,endpoint=127.0.0.1:20201,blk={
	"blockNumber" : 2565,
	"group" : "group0",
	"nodeName" : "2f993327933ad58672518b6d4f63920cbc68b80f78f4d81192552ee6362f5cc81ee13bdc678ad65f06e76444cadb53b33694cfb3fc7679b8000411975fedd28a"
}
info|2023-07-09 05:57:17.972476|[RPC][BLOCK][NUMBER][fromJson],group=group0,node=98a7f70ec883a722219d92253cf073a72605f4087aa3443c8e4aadc0af2dc3ac647d0fa1b5ac99cd6987abafe6d690ae71cd5fd2aeeabe7589bfb4748aabdfba,blockNumber=2566
info|2023-07-09 05:57:17.972503|[RPCWS][SERVICE][onRecvBlockNotifier]receive block number notifier,group=group0,node=98a7f70ec883a722219d92253cf073a72605f4087aa3443c8e4aadc0af2dc3ac647d0fa1b5ac99cd6987abafe6d690ae71cd5fd2aeeabe7589bfb4748aabdfba,blockNumber=2566
info|2023-07-09 05:57:17.972511|[RPCWS][SERVICE][updateGroupBlockNumber],groupID=group0,_blockNumber=2566
info|2023-07-09 05:57:17.972516|[RPCWS][SERVICE][onRecvBlockNotifier]block notifier callback,group=group0,node=98a7f70ec883a722219d92253cf073a72605f4087aa3443c8e4aadc0af2dc3ac647d0fa1b5ac99cd6987abafe6d690ae71cd5fd2aeeabe7589bfb4748aabdfba,blockNumber=2566
info|2023-07-09 05:57:17.972522|[WS]receive block notify,endpoint=127.0.0.1:20200,blk={
	"blockNumber" : 2566,
	"group" : "group0",
	"nodeName" : "98a7f70ec883a722219d92253cf073a72605f4087aa3443c8e4aadc0af2dc3ac647d0fa1b5ac99cd6987abafe6d690ae71cd5fd2aeeabe7589bfb4748aabdfba"
}
info|2023-07-09 05:57:18.037145|[RPC][BLOCK][NUMBER][fromJson],group=group0,node=2f993327933ad58672518b6d4f63920cbc68b80f78f4d81192552ee6362f5cc81ee13bdc678ad65f06e76444cadb53b33694cfb3fc7679b8000411975fedd28a,blockNumber=2566
info|2023-07-09 05:57:18.037165|[RPCWS][SERVICE][onRecvBlockNotifier]receive block number notifier,group=group0,node=2f993327933ad58672518b6d4f63920cbc68b80f78f4d81192552ee6362f5cc81ee13bdc678ad65f06e76444cadb53b33694cfb3fc7679b8000411975fedd28a,blockNumber=2566
info|2023-07-09 05:57:18.037172|[WS]receive block notify,endpoint=127.0.0.1:20201,blk={
	"blockNumber" : 2566,
	"group" : "group0",
	"nodeName" : "2f993327933ad58672518b6d4f63920cbc68b80f78f4d81192552ee6362f5cc81ee13bdc678ad65f06e76444cadb53b33694cfb3fc7679b8000411975fedd28a"
}
info|2023-07-09 05:57:18.583389|[RPC][BLOCK][NUMBER][fromJson],group=group0,node=98a7f70ec883a722219d92253cf073a72605f4087aa3443c8e4aadc0af2dc3ac647d0fa1b5ac99cd6987abafe6d690ae71cd5fd2aeeabe7589bfb4748aabdfba,blockNumber=2567
info|2023-07-09 05:57:18.583417|[RPCWS][SERVICE][onRecvBlockNotifier]receive block number notifier,group=group0,node=98a7f70ec883a722219d92253cf073a72605f4087aa3443c8e4aadc0af2dc3ac647d0fa1b5ac99cd6987abafe6d690ae71cd5fd2aeeabe7589bfb4748aabdfba,blockNumber=2567
info|2023-07-09 05:57:18.583424|[RPCWS][SERVICE][updateGroupBlockNumber],groupID=group0,_blockNumber=2567
info|2023-07-09 05:57:18.583431|[RPCWS][SERVICE][onRecvBlockNotifier]block notifier callback,group=group0,node=98a7f70ec883a722219d92253cf073a72605f4087aa3443c8e4aadc0af2dc3ac647d0fa1b5ac99cd6987abafe6d690ae71cd5fd2aeeabe7589bfb4748aabdfba,blockNumber=2567
info|2023-07-09 05:57:18.583435|[WS]receive block notify,endpoint=127.0.0.1:20200,blk={
	"blockNumber" : 2567,
	"group" : "group0",
	"nodeName" : "98a7f70ec883a722219d92253cf073a72605f4087aa3443c8e4aadc0af2dc3ac647d0fa1b5ac99cd6987abafe6d690ae71cd5fd2aeeabe7589bfb4748aabdfba"
}
info|2023-07-09 05:57:18.613598|[RPC][BLOCK][NUMBER][fromJson],group=group0,node=2f993327933ad58672518b6d4f63920cbc68b80f78f4d81192552ee6362f5cc81ee13bdc678ad65f06e76444cadb53b33694cfb3fc7679b8000411975fedd28a,blockNumber=2567
info|2023-07-09 05:57:18.613622|[RPCWS][SERVICE][onRecvBlockNotifier]receive block number notifier,group=group0,node=2f993327933ad58672518b6d4f63920cbc68b80f78f4d81192552ee6362f5cc81ee13bdc678ad65f06e76444cadb53b33694cfb3fc7679b8000411975fedd28a,blockNumber=2567
info|2023-07-09 05:57:18.613632|[WS]receive block notify,endpoint=127.0.0.1:20201,blk={
	"blockNumber" : 2567,
	"group" : "group0",
	"nodeName" : "2f993327933ad58672518b6d4f63920cbc68b80f78f4d81192552ee6362f5cc81ee13bdc678ad65f06e76444cadb53b33694cfb3fc7679b8000411975fedd28a"
}
info|2023-07-09 05:57:19.138399|[RPC][BLOCK][NUMBER][fromJson],group=group0,node=98a7f70ec883a722219d92253cf073a72605f4087aa3443c8e4aadc0af2dc3ac647d0fa1b5ac99cd6987abafe6d690ae71cd5fd2aeeabe7589bfb4748aabdfba,blockNumber=2568
info|2023-07-09 05:57:19.138426|[RPCWS][SERVICE][onRecvBlockNotifier]receive block number notifier,group=group0,node=98a7f70ec883a722219d92253cf073a72605f4087aa3443c8e4aadc0af2dc3ac647d0fa1b5ac99cd6987abafe6d690ae71cd5fd2aeeabe7589bfb4748aabdfba,blockNumber=2568
info|2023-07-09 05:57:19.138433|[RPCWS][SERVICE][updateGroupBlockNumber],groupID=group0,_blockNumber=2568
info|2023-07-09 05:57:19.138438|[RPCWS][SERVICE][onRecvBlockNotifier]block notifier callback,group=group0,node=98a7f70ec883a722219d92253cf073a72605f4087aa3443c8e4aadc0af2dc3ac647d0fa1b5ac99cd6987abafe6d690ae71cd5fd2aeeabe7589bfb4748aabdfba,blockNumber=2568
info|2023-07-09 05:57:19.138442|[WS]receive block notify,endpoint=127.0.0.1:20200,blk={
	"blockNumber" : 2568,
	"group" : "group0",
	"nodeName" : "98a7f70ec883a722219d92253cf073a72605f4087aa3443c8e4aadc0af2dc3ac647d0fa1b5ac99cd6987abafe6d690ae71cd5fd2aeeabe7589bfb4748aabdfba"
}
info|2023-07-09 05:57:19.169453|[RPC][BLOCK][NUMBER][fromJson],group=group0,node=2f993327933ad58672518b6d4f63920cbc68b80f78f4d81192552ee6362f5cc81ee13bdc678ad65f06e76444cadb53b33694cfb3fc7679b8000411975fedd28a,blockNumber=2568
info|2023-07-09 05:57:19.169473|[RPCWS][SERVICE][onRecvBlockNotifier]receive block number notifier,group=group0,node=2f993327933ad58672518b6d4f63920cbc68b80f78f4d81192552ee6362f5cc81ee13bdc678ad65f06e76444cadb53b33694cfb3fc7679b8000411975fedd28a,blockNumber=2568
info|2023-07-09 05:57:19.169502|[WS]receive block notify,endpoint=127.0.0.1:20201,blk={
	"blockNumber" : 2568,
	"group" : "group0",
	"nodeName" : "2f993327933ad58672518b6d4f63920cbc68b80f78f4d81192552ee6362f5cc81ee13bdc678ad65f06e76444cadb53b33694cfb3fc7679b8000411975fedd28a"
}
info|2023-07-09 05:57:19.680630|[RPC][BLOCK][NUMBER][fromJson],group=group0,node=98a7f70ec883a722219d92253cf073a72605f4087aa3443c8e4aadc0af2dc3ac647d0fa1b5ac99cd6987abafe6d690ae71cd5fd2aeeabe7589bfb4748aabdfba,blockNumber=2569
info|2023-07-09 05:57:19.680654|[RPCWS][SERVICE][onRecvBlockNotifier]receive block number notifier,group=group0,node=98a7f70ec883a722219d92253cf073a72605f4087aa3443c8e4aadc0af2dc3ac647d0fa1b5ac99cd6987abafe6d690ae71cd5fd2aeeabe7589bfb4748aabdfba,blockNumber=2569
info|2023-07-09 05:57:19.680661|[RPCWS][SERVICE][updateGroupBlockNumber],groupID=group0,_blockNumber=2569
info|2023-07-09 05:57:19.680666|[RPCWS][SERVICE][onRecvBlockNotifier]block notifier callback,group=group0,node=98a7f70ec883a722219d92253cf073a72605f4087aa3443c8e4aadc0af2dc3ac647d0fa1b5ac99cd6987abafe6d690ae71cd5fd2aeeabe7589bfb4748aabdfba,blockNumber=2569
info|2023-07-09 05:57:19.680671|[WS]receive block notify,endpoint=127.0.0.1:20200,blk={
	"blockNumber" : 2569,
	"group" : "group0",
	"nodeName" : "98a7f70ec883a722219d92253cf073a72605f4087aa3443c8e4aadc0af2dc3ac647d0fa1b5ac99cd6987abafe6d690ae71cd5fd2aeeabe7589bfb4748aabdfba"
}
info|2023-07-09 05:57:19.775381|[RPC][BLOCK][NUMBER][fromJson],group=group0,node=2f993327933ad58672518b6d4f63920cbc68b80f78f4d81192552ee6362f5cc81ee13bdc678ad65f06e76444cadb53b33694cfb3fc7679b8000411975fedd28a,blockNumber=2569
info|2023-07-09 05:57:19.775404|[RPCWS][SERVICE][onRecvBlockNotifier]receive block number notifier,group=group0,node=2f993327933ad58672518b6d4f63920cbc68b80f78f4d81192552ee6362f5cc81ee13bdc678ad65f06e76444cadb53b33694cfb3fc7679b8000411975fedd28a,blockNumber=2569
info|2023-07-09 05:57:19.775412|[WS]receive block notify,endpoint=127.0.0.1:20201,blk={
	"blockNumber" : 2569,
	"group" : "group0",
	"nodeName" : "2f993327933ad58672518b6d4f63920cbc68b80f78f4d81192552ee6362f5cc81ee13bdc678ad65f06e76444cadb53b33694cfb3fc7679b8000411975fedd28a"
}
info|2023-07-09 05:57:20.323025|[RPC][BLOCK][NUMBER][fromJson],group=group0,node=98a7f70ec883a722219d92253cf073a72605f4087aa3443c8e4aadc0af2dc3ac647d0fa1b5ac99cd6987abafe6d690ae71cd5fd2aeeabe7589bfb4748aabdfba,blockNumber=2570
info|2023-07-09 05:57:20.323046|[RPCWS][SERVICE][onRecvBlockNotifier]receive block number notifier,group=group0,node=98a7f70ec883a722219d92253cf073a72605f4087aa3443c8e4aadc0af2dc3ac647d0fa1b5ac99cd6987abafe6d690ae71cd5fd2aeeabe7589bfb4748aabdfba,blockNumber=2570
info|2023-07-09 05:57:20.323051|[RPCWS][SERVICE][updateGroupBlockNumber],groupID=group0,_blockNumber=2570
info|2023-07-09 05:57:20.323055|[RPCWS][SERVICE][onRecvBlockNotifier]block notifier callback,group=group0,node=98a7f70ec883a722219d92253cf073a72605f4087aa3443c8e4aadc0af2dc3ac647d0fa1b5ac99cd6987abafe6d690ae71cd5fd2aeeabe7589bfb4748aabdfba,blockNumber=2570
info|2023-07-09 05:57:20.323059|[WS]receive block notify,endpoint=127.0.0.1:20200,blk={
	"blockNumber" : 2570,
	"group" : "group0",
	"nodeName" : "98a7f70ec883a722219d92253cf073a72605f4087aa3443c8e4aadc0af2dc3ac647d0fa1b5ac99cd6987abafe6d690ae71cd5fd2aeeabe7589bfb4748aabdfba"
}
info|2023-07-09 05:57:20.363315|[RPC][BLOCK][NUMBER][fromJson],group=group0,node=2f993327933ad58672518b6d4f63920cbc68b80f78f4d81192552ee6362f5cc81ee13bdc678ad65f06e76444cadb53b33694cfb3fc7679b8000411975fedd28a,blockNumber=2570
info|2023-07-09 05:57:20.363337|[RPCWS][SERVICE][onRecvBlockNotifier]receive block number notifier,group=group0,node=2f993327933ad58672518b6d4f63920cbc68b80f78f4d81192552ee6362f5cc81ee13bdc678ad65f06e76444cadb53b33694cfb3fc7679b8000411975fedd28a,blockNumber=2570
info|2023-07-09 05:57:20.363343|[WS]receive block notify,endpoint=127.0.0.1:20201,blk={
	"blockNumber" : 2570,
	"group" : "group0",
	"nodeName" : "2f993327933ad58672518b6d4f63920cbc68b80f78f4d81192552ee6362f5cc81ee13bdc678ad65f06e76444cadb53b33694cfb3fc7679b8000411975fedd28a"
}
info|2023-07-09 05:57:20.881247|[RPC][BLOCK][NUMBER][fromJson],group=group0,node=2f993327933ad58672518b6d4f63920cbc68b80f78f4d81192552ee6362f5cc81ee13bdc678ad65f06e76444cadb53b33694cfb3fc7679b8000411975fedd28a,blockNumber=2571
info|2023-07-09 05:57:20.881271|[RPCWS][SERVICE][onRecvBlockNotifier]receive block number notifier,group=group0,node=2f993327933ad58672518b6d4f63920cbc68b80f78f4d81192552ee6362f5cc81ee13bdc678ad65f06e76444cadb53b33694cfb3fc7679b8000411975fedd28a,blockNumber=2571
info|2023-07-09 05:57:20.881277|[RPCWS][SERVICE][updateGroupBlockNumber],groupID=group0,_blockNumber=2571
info|2023-07-09 05:57:20.881283|[RPCWS][SERVICE][onRecvBlockNotifier]block notifier callback,group=group0,node=2f993327933ad58672518b6d4f63920cbc68b80f78f4d81192552ee6362f5cc81ee13bdc678ad65f06e76444cadb53b33694cfb3fc7679b8000411975fedd28a,blockNumber=2571
info|2023-07-09 05:57:20.881287|[WS]receive block notify,endpoint=127.0.0.1:20201,blk={
	"blockNumber" : 2571,
	"group" : "group0",
	"nodeName" : "2f993327933ad58672518b6d4f63920cbc68b80f78f4d81192552ee6362f5cc81ee13bdc678ad65f06e76444cadb53b33694cfb3fc7679b8000411975fedd28a"
}
info|2023-07-09 05:57:20.883297|[RPC][BLOCK][NUMBER][fromJson],group=group0,node=98a7f70ec883a722219d92253cf073a72605f4087aa3443c8e4aadc0af2dc3ac647d0fa1b5ac99cd6987abafe6d690ae71cd5fd2aeeabe7589bfb4748aabdfba,blockNumber=2571
info|2023-07-09 05:57:20.883323|[RPCWS][SERVICE][onRecvBlockNotifier]receive block number notifier,group=group0,node=98a7f70ec883a722219d92253cf073a72605f4087aa3443c8e4aadc0af2dc3ac647d0fa1b5ac99cd6987abafe6d690ae71cd5fd2aeeabe7589bfb4748aabdfba,blockNumber=2571
info|2023-07-09 05:57:20.883332|[WS]receive block notify,endpoint=127.0.0.1:20200,blk={
	"blockNumber" : 2571,
	"group" : "group0",
	"nodeName" : "98a7f70ec883a722219d92253cf073a72605f4087aa3443c8e4aadc0af2dc3ac647d0fa1b5ac99cd6987abafe6d690ae71cd5fd2aeeabe7589bfb4748aabdfba"
}
info|2023-07-09 05:57:21.375487|[RPC][BLOCK][NUMBER][fromJson],group=group0,node=98a7f70ec883a722219d92253cf073a72605f4087aa3443c8e4aadc0af2dc3ac647d0fa1b5ac99cd6987abafe6d690ae71cd5fd2aeeabe7589bfb4748aabdfba,blockNumber=2572
info|2023-07-09 05:57:21.375513|[RPCWS][SERVICE][onRecvBlockNotifier]receive block number notifier,group=group0,node=98a7f70ec883a722219d92253cf073a72605f4087aa3443c8e4aadc0af2dc3ac647d0fa1b5ac99cd6987abafe6d690ae71cd5fd2aeeabe7589bfb4748aabdfba,blockNumber=2572
info|2023-07-09 05:57:21.375520|[RPCWS][SERVICE][updateGroupBlockNumber],groupID=group0,_blockNumber=2572
info|2023-07-09 05:57:21.375525|[RPCWS][SERVICE][onRecvBlockNotifier]block notifier callback,group=group0,node=98a7f70ec883a722219d92253cf073a72605f4087aa3443c8e4aadc0af2dc3ac647d0fa1b5ac99cd6987abafe6d690ae71cd5fd2aeeabe7589bfb4748aabdfba,blockNumber=2572
info|2023-07-09 05:57:21.375530|[WS]receive block notify,endpoint=127.0.0.1:20200,blk={
	"blockNumber" : 2572,
	"group" : "group0",
	"nodeName" : "98a7f70ec883a722219d92253cf073a72605f4087aa3443c8e4aadc0af2dc3ac647d0fa1b5ac99cd6987abafe6d690ae71cd5fd2aeeabe7589bfb4748aabdfba"
}
info|2023-07-09 05:57:21.390972|[RPC][BLOCK][NUMBER][fromJson],group=group0,node=2f993327933ad58672518b6d4f63920cbc68b80f78f4d81192552ee6362f5cc81ee13bdc678ad65f06e76444cadb53b33694cfb3fc7679b8000411975fedd28a,blockNumber=2572
info|2023-07-09 05:57:21.390993|[RPCWS][SERVICE][onRecvBlockNotifier]receive block number notifier,group=group0,node=2f993327933ad58672518b6d4f63920cbc68b80f78f4d81192552ee6362f5cc81ee13bdc678ad65f06e76444cadb53b33694cfb3fc7679b8000411975fedd28a,blockNumber=2572
info|2023-07-09 05:57:21.390999|[WS]receive block notify,endpoint=127.0.0.1:20201,blk={
	"blockNumber" : 2572,
	"group" : "group0",
	"nodeName" : "2f993327933ad58672518b6d4f63920cbc68b80f78f4d81192552ee6362f5cc81ee13bdc678ad65f06e76444cadb53b33694cfb3fc7679b8000411975fedd28a"
}
info|2023-07-09 05:57:21.929231|[RPC][BLOCK][NUMBER][fromJson],group=group0,node=98a7f70ec883a722219d92253cf073a72605f4087aa3443c8e4aadc0af2dc3ac647d0fa1b5ac99cd6987abafe6d690ae71cd5fd2aeeabe7589bfb4748aabdfba,blockNumber=2573
info|2023-07-09 05:57:21.929253|[RPCWS][SERVICE][onRecvBlockNotifier]receive block number notifier,group=group0,node=98a7f70ec883a722219d92253cf073a72605f4087aa3443c8e4aadc0af2dc3ac647d0fa1b5ac99cd6987abafe6d690ae71cd5fd2aeeabe7589bfb4748aabdfba,blockNumber=2573
info|2023-07-09 05:57:21.929303|[RPCWS][SERVICE][updateGroupBlockNumber],groupID=group0,_blockNumber=2573
info|2023-07-09 05:57:21.929315|[RPCWS][SERVICE][onRecvBlockNotifier]block notifier callback,group=group0,node=98a7f70ec883a722219d92253cf073a72605f4087aa3443c8e4aadc0af2dc3ac647d0fa1b5ac99cd6987abafe6d690ae71cd5fd2aeeabe7589bfb4748aabdfba,blockNumber=2573
info|2023-07-09 05:57:21.929320|[WS]receive block notify,endpoint=127.0.0.1:20200,blk={
	"blockNumber" : 2573,
	"group" : "group0",
	"nodeName" : "98a7f70ec883a722219d92253cf073a72605f4087aa3443c8e4aadc0af2dc3ac647d0fa1b5ac99cd6987abafe6d690ae71cd5fd2aeeabe7589bfb4748aabdfba"
}
info|2023-07-09 05:57:21.984809|[RPC][BLOCK][NUMBER][fromJson],group=group0,node=2f993327933ad58672518b6d4f63920cbc68b80f78f4d81192552ee6362f5cc81ee13bdc678ad65f06e76444cadb53b33694cfb3fc7679b8000411975fedd28a,blockNumber=2573
info|2023-07-09 05:57:21.984851|[RPCWS][SERVICE][onRecvBlockNotifier]receive block number notifier,group=group0,node=2f993327933ad58672518b6d4f63920cbc68b80f78f4d81192552ee6362f5cc81ee13bdc678ad65f06e76444cadb53b33694cfb3fc7679b8000411975fedd28a,blockNumber=2573
info|2023-07-09 05:57:21.984860|[WS]receive block notify,endpoint=127.0.0.1:20201,blk={
	"blockNumber" : 2573,
	"group" : "group0",
	"nodeName" : "2f993327933ad58672518b6d4f63920cbc68b80f78f4d81192552ee6362f5cc81ee13bdc678ad65f06e76444cadb53b33694cfb3fc7679b8000411975fedd28a"
}
info|2023-07-09 05:57:22.546114|[RPC][BLOCK][NUMBER][fromJson],group=group0,node=98a7f70ec883a722219d92253cf073a72605f4087aa3443c8e4aadc0af2dc3ac647d0fa1b5ac99cd6987abafe6d690ae71cd5fd2aeeabe7589bfb4748aabdfba,blockNumber=2574
info|2023-07-09 05:57:22.546147|[RPCWS][SERVICE][onRecvBlockNotifier]receive block number notifier,group=group0,node=98a7f70ec883a722219d92253cf073a72605f4087aa3443c8e4aadc0af2dc3ac647d0fa1b5ac99cd6987abafe6d690ae71cd5fd2aeeabe7589bfb4748aabdfba,blockNumber=2574
info|2023-07-09 05:57:22.546157|[RPCWS][SERVICE][updateGroupBlockNumber],groupID=group0,_blockNumber=2574
info|2023-07-09 05:57:22.546164|[RPCWS][SERVICE][onRecvBlockNotifier]block notifier callback,group=group0,node=98a7f70ec883a722219d92253cf073a72605f4087aa3443c8e4aadc0af2dc3ac647d0fa1b5ac99cd6987abafe6d690ae71cd5fd2aeeabe7589bfb4748aabdfba,blockNumber=2574
info|2023-07-09 05:57:22.546170|[WS]receive block notify,endpoint=127.0.0.1:20200,blk={
	"blockNumber" : 2574,
	"group" : "group0",
	"nodeName" : "98a7f70ec883a722219d92253cf073a72605f4087aa3443c8e4aadc0af2dc3ac647d0fa1b5ac99cd6987abafe6d690ae71cd5fd2aeeabe7589bfb4748aabdfba"
}
info|2023-07-09 05:57:22.564113|[RPC][BLOCK][NUMBER][fromJson],group=group0,node=2f993327933ad58672518b6d4f63920cbc68b80f78f4d81192552ee6362f5cc81ee13bdc678ad65f06e76444cadb53b33694cfb3fc7679b8000411975fedd28a,blockNumber=2574
info|2023-07-09 05:57:22.564136|[RPCWS][SERVICE][onRecvBlockNotifier]receive block number notifier,group=group0,node=2f993327933ad58672518b6d4f63920cbc68b80f78f4d81192552ee6362f5cc81ee13bdc678ad65f06e76444cadb53b33694cfb3fc7679b8000411975fedd28a,blockNumber=2574
info|2023-07-09 05:57:22.564177|[WS]receive block notify,endpoint=127.0.0.1:20201,blk={
	"blockNumber" : 2574,
	"group" : "group0",
	"nodeName" : "2f993327933ad58672518b6d4f63920cbc68b80f78f4d81192552ee6362f5cc81ee13bdc678ad65f06e76444cadb53b33694cfb3fc7679b8000411975fedd28a"
}
info|2023-07-09 05:57:32.513646|[EVENT][SUB][doLoop]event sub tasks report,working event sub count=0,suspend event sub count=0
info|2023-07-09 05:57:32.530715|[SDK][WS][SERVICE]connected nodes,count=2
info|2023-07-09 05:57:52.513861|[EVENT][SUB][doLoop]event sub tasks report,working event sub count=0,suspend event sub count=0
info|2023-07-09 05:57:52.531109|[SDK][WS][SERVICE]connected nodes,count=2
info|2023-07-09 05:58:12.514305|[EVENT][SUB][doLoop]event sub tasks report,working event sub count=0,suspend event sub count=0
info|2023-07-09 05:58:12.531789|[SDK][WS][SERVICE]connected nodes,count=2
info|2023-07-09 05:58:32.514603|[EVENT][SUB][doLoop]event sub tasks report,working event sub count=0,suspend event sub count=0
info|2023-07-09 05:58:32.532332|[SDK][WS][SERVICE]connected nodes,count=2
info|2023-07-09 05:58:52.515296|[EVENT][SUB][doLoop]event sub tasks report,working event sub count=0,suspend event sub count=0
info|2023-07-09 05:58:52.532559|[SDK][WS][SERVICE]connected nodes,count=2
info|2023-07-09 05:59:12.515742|[EVENT][SUB][doLoop]event sub tasks report,working event sub count=0,suspend event sub count=0
info|2023-07-09 05:59:12.532697|[SDK][WS][SERVICE]connected nodes,count=2
info|2023-07-09 05:59:32.516004|[EVENT][SUB][doLoop]event sub tasks report,working event sub count=0,suspend event sub count=0
info|2023-07-09 05:59:32.533445|[SDK][WS][SERVICE]connected nodes,count=2
info|2023-07-09 05:59:52.516170|[EVENT][SUB][doLoop]event sub tasks report,working event sub count=0,suspend event sub count=0
info|2023-07-09 05:59:52.533904|[SDK][WS][SERVICE]connected nodes,count=2
