info|2023-07-09 20:00:01.491465|[EVENT][SUB][doLoop]event sub tasks report,working event sub count=0,suspend event sub count=0
info|2023-07-09 20:00:02.330797|[SDK][WS][SERVICE]connected nodes,count=2
info|2023-07-09 20:00:21.491593|[EVENT][SUB][doLoop]event sub tasks report,working event sub count=0,suspend event sub count=0
info|2023-07-09 20:00:22.331344|[SDK][WS][SERVICE]connected nodes,count=2
info|2023-07-09 20:00:41.492046|[EVENT][SUB][doLoop]event sub tasks report,working event sub count=0,suspend event sub count=0
info|2023-07-09 20:00:42.331840|[SDK][WS][SERVICE]connected nodes,count=2
info|2023-07-09 20:01:01.492668|[EVENT][SUB][doLoop]event sub tasks report,working event sub count=0,suspend event sub count=0
info|2023-07-09 20:01:02.332204|[SDK][WS][SERVICE]connected nodes,count=2
info|2023-07-09 20:01:21.493341|[EVENT][SUB][doLoop]event sub tasks report,working event sub count=0,suspend event sub count=0
info|2023-07-09 20:01:22.332432|[SDK][WS][SERVICE]connected nodes,count=2
info|2023-07-09 20:01:41.493816|[EVENT][SUB][doLoop]event sub tasks report,working event sub count=0,suspend event sub count=0
info|2023-07-09 20:01:42.332845|[SDK][WS][SERVICE]connected nodes,count=2
info|2023-07-09 20:02:01.494006|[EVENT][SUB][doLoop]event sub tasks report,working event sub count=0,suspend event sub count=0
info|2023-07-09 20:02:02.333376|[SDK][WS][SERVICE]connected nodes,count=2
info|2023-07-09 20:02:21.494526|[EVENT][SUB][doLoop]event sub tasks report,working event sub count=0,suspend event sub count=0
info|2023-07-09 20:02:22.333908|[SDK][WS][SERVICE]connected nodes,count=2
info|2023-07-09 20:02:41.494890|[EVENT][SUB][doLoop]event sub tasks report,working event sub count=0,suspend event sub count=0
info|2023-07-09 20:02:42.334297|[SDK][WS][SERVICE]connected nodes,count=2
info|2023-07-09 20:03:01.495009|[EVENT][SUB][doLoop]event sub tasks report,working event sub count=0,suspend event sub count=0
info|2023-07-09 20:03:02.334579|[SDK][WS][SERVICE]connected nodes,count=2
info|2023-07-09 20:03:21.495333|[EVENT][SUB][doLoop]event sub tasks report,working event sub count=0,suspend event sub count=0
info|2023-07-09 20:03:22.334887|[SDK][WS][SERVICE]connected nodes,count=2
info|2023-07-09 20:03:41.495810|[EVENT][SUB][doLoop]event sub tasks report,working event sub count=0,suspend event sub count=0
info|2023-07-09 20:03:42.335209|[SDK][WS][SERVICE]connected nodes,count=2
info|2023-07-09 20:04:01.496375|[EVENT][SUB][doLoop]event sub tasks report,working event sub count=0,suspend event sub count=0
info|2023-07-09 20:04:02.335783|[SDK][WS][SERVICE]connected nodes,count=2
info|2023-07-09 20:04:21.496697|[EVENT][SUB][doLoop]event sub tasks report,working event sub count=0,suspend event sub count=0
info|2023-07-09 20:04:22.335945|[SDK][WS][SERVICE]connected nodes,count=2
info|2023-07-09 20:04:41.497473|[EVENT][SUB][doLoop]event sub tasks report,working event sub count=0,suspend event sub count=0
info|2023-07-09 20:04:42.336156|[SDK][WS][SERVICE]connected nodes,count=2
info|2023-07-09 20:05:01.497528|[EVENT][SUB][doLoop]event sub tasks report,working event sub count=0,suspend event sub count=0
info|2023-07-09 20:05:02.336302|[SDK][WS][SERVICE]connected nodes,count=2
info|2023-07-09 20:05:21.497803|[EVENT][SUB][doLoop]event sub tasks report,working event sub count=0,suspend event sub count=0
info|2023-07-09 20:05:22.337098|[SDK][WS][SERVICE]connected nodes,count=2
info|2023-07-09 20:05:41.497913|[EVENT][SUB][doLoop]event sub tasks report,working event sub count=0,suspend event sub count=0
info|2023-07-09 20:05:42.337257|[SDK][WS][SERVICE]connected nodes,count=2
info|2023-07-09 20:06:01.498138|[EVENT][SUB][doLoop]event sub tasks report,working event sub count=0,suspend event sub count=0
info|2023-07-09 20:06:02.337445|[SDK][WS][SERVICE]connected nodes,count=2
info|2023-07-09 20:06:21.498203|[EVENT][SUB][doLoop]event sub tasks report,working event sub count=0,suspend event sub count=0
info|2023-07-09 20:06:22.337753|[SDK][WS][SERVICE]connected nodes,count=2
info|2023-07-09 20:06:41.498511|[EVENT][SUB][doLoop]event sub tasks report,working event sub count=0,suspend event sub count=0
info|2023-07-09 20:06:42.337999|[SDK][WS][SERVICE]connected nodes,count=2
info|2023-07-09 20:07:01.498901|[EVENT][SUB][doLoop]event sub tasks report,working event sub count=0,suspend event sub count=0
info|2023-07-09 20:07:02.338136|[SDK][WS][SERVICE]connected nodes,count=2
info|2023-07-09 20:07:21.499001|[EVENT][SUB][doLoop]event sub tasks report,working event sub count=0,suspend event sub count=0
info|2023-07-09 20:07:22.338349|[SDK][WS][SERVICE]connected nodes,count=2
info|2023-07-09 20:07:41.499140|[EVENT][SUB][doLoop]event sub tasks report,working event sub count=0,suspend event sub count=0
info|2023-07-09 20:07:42.338569|[SDK][WS][SERVICE]connected nodes,count=2
info|2023-07-09 20:08:01.499461|[EVENT][SUB][doLoop]event sub tasks report,working event sub count=0,suspend event sub count=0
info|2023-07-09 20:08:02.338917|[SDK][WS][SERVICE]connected nodes,count=2
info|2023-07-09 20:08:21.499945|[EVENT][SUB][doLoop]event sub tasks report,working event sub count=0,suspend event sub count=0
info|2023-07-09 20:08:22.339087|[SDK][WS][SERVICE]connected nodes,count=2
info|2023-07-09 20:08:41.500229|[EVENT][SUB][doLoop]event sub tasks report,working event sub count=0,suspend event sub count=0
info|2023-07-09 20:08:42.339498|[SDK][WS][SERVICE]connected nodes,count=2
info|2023-07-09 20:09:01.500693|[EVENT][SUB][doLoop]event sub tasks report,working event sub count=0,suspend event sub count=0
info|2023-07-09 20:09:02.347891|[SDK][WS][SERVICE]connected nodes,count=2
info|2023-07-09 20:09:21.500880|[EVENT][SUB][doLoop]event sub tasks report,working event sub count=0,suspend event sub count=0
info|2023-07-09 20:09:22.348388|[SDK][WS][SERVICE]connected nodes,count=2
info|2023-07-09 20:09:41.500984|[EVENT][SUB][doLoop]event sub tasks report,working event sub count=0,suspend event sub count=0
info|2023-07-09 20:09:42.348978|[SDK][WS][SERVICE]connected nodes,count=2
info|2023-07-09 20:10:01.501604|[EVENT][SUB][doLoop]event sub tasks report,working event sub count=0,suspend event sub count=0
info|2023-07-09 20:10:02.349685|[SDK][WS][SERVICE]connected nodes,count=2
info|2023-07-09 20:10:21.501943|[EVENT][SUB][doLoop]event sub tasks report,working event sub count=0,suspend event sub count=0
info|2023-07-09 20:10:22.350562|[SDK][WS][SERVICE]connected nodes,count=2
info|2023-07-09 20:10:41.502038|[EVENT][SUB][doLoop]event sub tasks report,working event sub count=0,suspend event sub count=0
info|2023-07-09 20:10:42.350804|[SDK][WS][SERVICE]connected nodes,count=2
info|2023-07-09 20:11:01.502245|[EVENT][SUB][doLoop]event sub tasks report,working event sub count=0,suspend event sub count=0
info|2023-07-09 20:11:02.351176|[SDK][WS][SERVICE]connected nodes,count=2
info|2023-07-09 20:11:21.502298|[EVENT][SUB][doLoop]event sub tasks report,working event sub count=0,suspend event sub count=0
info|2023-07-09 20:11:22.351392|[SDK][WS][SERVICE]connected nodes,count=2
info|2023-07-09 20:11:41.502557|[EVENT][SUB][doLoop]event sub tasks report,working event sub count=0,suspend event sub count=0
info|2023-07-09 20:11:42.351967|[SDK][WS][SERVICE]connected nodes,count=2
info|2023-07-09 20:12:01.502751|[EVENT][SUB][doLoop]event sub tasks report,working event sub count=0,suspend event sub count=0
info|2023-07-09 20:12:02.353192|[SDK][WS][SERVICE]connected nodes,count=2
info|2023-07-09 20:12:21.502822|[EVENT][SUB][doLoop]event sub tasks report,working event sub count=0,suspend event sub count=0
info|2023-07-09 20:12:22.353807|[SDK][WS][SERVICE]connected nodes,count=2
info|2023-07-09 20:12:41.503209|[EVENT][SUB][doLoop]event sub tasks report,working event sub count=0,suspend event sub count=0
info|2023-07-09 20:12:42.354209|[SDK][WS][SERVICE]connected nodes,count=2
info|2023-07-09 20:13:01.503785|[EVENT][SUB][doLoop]event sub tasks report,working event sub count=0,suspend event sub count=0
info|2023-07-09 20:13:02.355084|[SDK][WS][SERVICE]connected nodes,count=2
info|2023-07-09 20:13:21.504279|[EVENT][SUB][doLoop]event sub tasks report,working event sub count=0,suspend event sub count=0
info|2023-07-09 20:13:22.355596|[SDK][WS][SERVICE]connected nodes,count=2
info|2023-07-09 20:13:41.504419|[EVENT][SUB][doLoop]event sub tasks report,working event sub count=0,suspend event sub count=0
info|2023-07-09 20:13:42.355730|[SDK][WS][SERVICE]connected nodes,count=2
info|2023-07-09 20:14:01.504746|[EVENT][SUB][doLoop]event sub tasks report,working event sub count=0,suspend event sub count=0
info|2023-07-09 20:14:02.355913|[SDK][WS][SERVICE]connected nodes,count=2
info|2023-07-09 20:14:21.505508|[EVENT][SUB][doLoop]event sub tasks report,working event sub count=0,suspend event sub count=0
info|2023-07-09 20:14:22.356036|[SDK][WS][SERVICE]connected nodes,count=2
info|2023-07-09 20:14:41.505538|[EVENT][SUB][doLoop]event sub tasks report,working event sub count=0,suspend event sub count=0
info|2023-07-09 20:14:42.356724|[SDK][WS][SERVICE]connected nodes,count=2
info|2023-07-09 20:15:01.510212|[EVENT][SUB][doLoop]event sub tasks report,working event sub count=0,suspend event sub count=0
info|2023-07-09 20:15:02.356925|[SDK][WS][SERVICE]connected nodes,count=2
info|2023-07-09 20:15:21.510338|[EVENT][SUB][doLoop]event sub tasks report,working event sub count=0,suspend event sub count=0
info|2023-07-09 20:15:22.357418|[SDK][WS][SERVICE]connected nodes,count=2
info|2023-07-09 20:15:41.510679|[EVENT][SUB][doLoop]event sub tasks report,working event sub count=0,suspend event sub count=0
info|2023-07-09 20:15:42.357723|[SDK][WS][SERVICE]connected nodes,count=2
info|2023-07-09 20:16:01.510760|[EVENT][SUB][doLoop]event sub tasks report,working event sub count=0,suspend event sub count=0
info|2023-07-09 20:16:02.358239|[SDK][WS][SERVICE]connected nodes,count=2
info|2023-07-09 20:16:21.510811|[EVENT][SUB][doLoop]event sub tasks report,working event sub count=0,suspend event sub count=0
info|2023-07-09 20:16:22.358644|[SDK][WS][SERVICE]connected nodes,count=2
info|2023-07-09 20:16:41.511043|[EVENT][SUB][doLoop]event sub tasks report,working event sub count=0,suspend event sub count=0
info|2023-07-09 20:16:42.359102|[SDK][WS][SERVICE]connected nodes,count=2
info|2023-07-09 20:17:01.511328|[EVENT][SUB][doLoop]event sub tasks report,working event sub count=0,suspend event sub count=0
info|2023-07-09 20:17:02.359250|[SDK][WS][SERVICE]connected nodes,count=2
info|2023-07-09 20:17:21.511399|[EVENT][SUB][doLoop]event sub tasks report,working event sub count=0,suspend event sub count=0
info|2023-07-09 20:17:22.359670|[SDK][WS][SERVICE]connected nodes,count=2
info|2023-07-09 20:17:41.511832|[EVENT][SUB][doLoop]event sub tasks report,working event sub count=0,suspend event sub count=0
info|2023-07-09 20:17:42.360089|[SDK][WS][SERVICE]connected nodes,count=2
info|2023-07-09 20:18:01.511956|[EVENT][SUB][doLoop]event sub tasks report,working event sub count=0,suspend event sub count=0
info|2023-07-09 20:18:02.360488|[SDK][WS][SERVICE]connected nodes,count=2
info|2023-07-09 20:18:21.512574|[EVENT][SUB][doLoop]event sub tasks report,working event sub count=0,suspend event sub count=0
info|2023-07-09 20:18:22.367221|[SDK][WS][SERVICE]connected nodes,count=2
info|2023-07-09 20:18:41.512801|[EVENT][SUB][doLoop]event sub tasks report,working event sub count=0,suspend event sub count=0
info|2023-07-09 20:18:42.367624|[SDK][WS][SERVICE]connected nodes,count=2
info|2023-07-09 20:19:01.512936|[EVENT][SUB][doLoop]event sub tasks report,working event sub count=0,suspend event sub count=0
info|2023-07-09 20:19:02.368100|[SDK][WS][SERVICE]connected nodes,count=2
info|2023-07-09 20:19:21.513199|[EVENT][SUB][doLoop]event sub tasks report,working event sub count=0,suspend event sub count=0
info|2023-07-09 20:19:22.368474|[SDK][WS][SERVICE]connected nodes,count=2
info|2023-07-09 20:19:41.513355|[EVENT][SUB][doLoop]event sub tasks report,working event sub count=0,suspend event sub count=0
info|2023-07-09 20:19:42.368612|[SDK][WS][SERVICE]connected nodes,count=2
info|2023-07-09 20:20:01.513565|[EVENT][SUB][doLoop]event sub tasks report,working event sub count=0,suspend event sub count=0
info|2023-07-09 20:20:02.368949|[SDK][WS][SERVICE]connected nodes,count=2
info|2023-07-09 20:20:21.513702|[EVENT][SUB][doLoop]event sub tasks report,working event sub count=0,suspend event sub count=0
info|2023-07-09 20:20:22.369258|[SDK][WS][SERVICE]connected nodes,count=2
info|2023-07-09 20:20:41.513784|[EVENT][SUB][doLoop]event sub tasks report,working event sub count=0,suspend event sub count=0
info|2023-07-09 20:20:42.369473|[SDK][WS][SERVICE]connected nodes,count=2
info|2023-07-09 20:21:01.514026|[EVENT][SUB][doLoop]event sub tasks report,working event sub count=0,suspend event sub count=0
info|2023-07-09 20:21:02.369696|[SDK][WS][SERVICE]connected nodes,count=2
info|2023-07-09 20:21:21.514318|[EVENT][SUB][doLoop]event sub tasks report,working event sub count=0,suspend event sub count=0
info|2023-07-09 20:21:22.369870|[SDK][WS][SERVICE]connected nodes,count=2
info|2023-07-09 20:21:41.514832|[EVENT][SUB][doLoop]event sub tasks report,working event sub count=0,suspend event sub count=0
info|2023-07-09 20:21:42.370315|[SDK][WS][SERVICE]connected nodes,count=2
info|2023-07-09 20:22:01.515762|[EVENT][SUB][doLoop]event sub tasks report,working event sub count=0,suspend event sub count=0
info|2023-07-09 20:22:02.370498|[SDK][WS][SERVICE]connected nodes,count=2
info|2023-07-09 20:22:21.515886|[EVENT][SUB][doLoop]event sub tasks report,working event sub count=0,suspend event sub count=0
info|2023-07-09 20:22:22.370929|[SDK][WS][SERVICE]connected nodes,count=2
info|2023-07-09 20:22:41.516347|[EVENT][SUB][doLoop]event sub tasks report,working event sub count=0,suspend event sub count=0
info|2023-07-09 20:22:42.371299|[SDK][WS][SERVICE]connected nodes,count=2
info|2023-07-09 20:23:01.516473|[EVENT][SUB][doLoop]event sub tasks report,working event sub count=0,suspend event sub count=0
info|2023-07-09 20:23:02.371669|[SDK][WS][SERVICE]connected nodes,count=2
info|2023-07-09 20:23:21.516547|[EVENT][SUB][doLoop]event sub tasks report,working event sub count=0,suspend event sub count=0
info|2023-07-09 20:23:22.372301|[SDK][WS][SERVICE]connected nodes,count=2
info|2023-07-09 20:23:41.516916|[EVENT][SUB][doLoop]event sub tasks report,working event sub count=0,suspend event sub count=0
info|2023-07-09 20:23:42.372893|[SDK][WS][SERVICE]connected nodes,count=2
info|2023-07-09 20:24:01.517485|[EVENT][SUB][doLoop]event sub tasks report,working event sub count=0,suspend event sub count=0
info|2023-07-09 20:24:02.381249|[SDK][WS][SERVICE]connected nodes,count=2
info|2023-07-09 20:24:21.517855|[EVENT][SUB][doLoop]event sub tasks report,working event sub count=0,suspend event sub count=0
info|2023-07-09 20:24:22.381772|[SDK][WS][SERVICE]connected nodes,count=2
info|2023-07-09 20:24:41.518491|[EVENT][SUB][doLoop]event sub tasks report,working event sub count=0,suspend event sub count=0
info|2023-07-09 20:24:42.382263|[SDK][WS][SERVICE]connected nodes,count=2
info|2023-07-09 20:25:01.519067|[EVENT][SUB][doLoop]event sub tasks report,working event sub count=0,suspend event sub count=0
info|2023-07-09 20:25:02.382585|[SDK][WS][SERVICE]connected nodes,count=2
info|2023-07-09 20:25:21.527940|[EVENT][SUB][doLoop]event sub tasks report,working event sub count=0,suspend event sub count=0
info|2023-07-09 20:25:22.382862|[SDK][WS][SERVICE]connected nodes,count=2
info|2023-07-09 20:25:41.528356|[EVENT][SUB][doLoop]event sub tasks report,working event sub count=0,suspend event sub count=0
info|2023-07-09 20:25:42.383071|[SDK][WS][SERVICE]connected nodes,count=2
info|2023-07-09 20:26:01.528511|[EVENT][SUB][doLoop]event sub tasks report,working event sub count=0,suspend event sub count=0
info|2023-07-09 20:26:02.383598|[SDK][WS][SERVICE]connected nodes,count=2
info|2023-07-09 20:26:21.528789|[EVENT][SUB][doLoop]event sub tasks report,working event sub count=0,suspend event sub count=0
info|2023-07-09 20:26:22.384180|[SDK][WS][SERVICE]connected nodes,count=2
info|2023-07-09 20:26:41.529167|[EVENT][SUB][doLoop]event sub tasks report,working event sub count=0,suspend event sub count=0
info|2023-07-09 20:26:42.384662|[SDK][WS][SERVICE]connected nodes,count=2
info|2023-07-09 20:27:01.529355|[EVENT][SUB][doLoop]event sub tasks report,working event sub count=0,suspend event sub count=0
info|2023-07-09 20:27:02.385196|[SDK][WS][SERVICE]connected nodes,count=2
info|2023-07-09 20:27:14.483416|[RPC][BLOCK][NUMBER][fromJson],group=group0,node=2f993327933ad58672518b6d4f63920cbc68b80f78f4d81192552ee6362f5cc81ee13bdc678ad65f06e76444cadb53b33694cfb3fc7679b8000411975fedd28a,blockNumber=3023
info|2023-07-09 20:27:14.483453|[RPCWS][SERVICE][onRecvBlockNotifier]receive block number notifier,group=group0,node=2f993327933ad58672518b6d4f63920cbc68b80f78f4d81192552ee6362f5cc81ee13bdc678ad65f06e76444cadb53b33694cfb3fc7679b8000411975fedd28a,blockNumber=3023
info|2023-07-09 20:27:14.483463|[RPCWS][SERVICE][updateGroupBlockNumber],groupID=group0,_blockNumber=3023
info|2023-07-09 20:27:14.483472|[RPCWS][SERVICE][onRecvBlockNotifier]block notifier callback,group=group0,node=2f993327933ad58672518b6d4f63920cbc68b80f78f4d81192552ee6362f5cc81ee13bdc678ad65f06e76444cadb53b33694cfb3fc7679b8000411975fedd28a,blockNumber=3023
info|2023-07-09 20:27:14.483478|[WS]receive block notify,endpoint=127.0.0.1:20201,blk={
	"blockNumber" : 3023,
	"group" : "group0",
	"nodeName" : "2f993327933ad58672518b6d4f63920cbc68b80f78f4d81192552ee6362f5cc81ee13bdc678ad65f06e76444cadb53b33694cfb3fc7679b8000411975fedd28a"
}
info|2023-07-09 20:27:14.485047|[RPC][BLOCK][NUMBER][fromJson],group=group0,node=98a7f70ec883a722219d92253cf073a72605f4087aa3443c8e4aadc0af2dc3ac647d0fa1b5ac99cd6987abafe6d690ae71cd5fd2aeeabe7589bfb4748aabdfba,blockNumber=3023
info|2023-07-09 20:27:14.485141|[RPCWS][SERVICE][onRecvBlockNotifier]receive block number notifier,group=group0,node=98a7f70ec883a722219d92253cf073a72605f4087aa3443c8e4aadc0af2dc3ac647d0fa1b5ac99cd6987abafe6d690ae71cd5fd2aeeabe7589bfb4748aabdfba,blockNumber=3023
info|2023-07-09 20:27:14.485155|[WS]receive block notify,endpoint=127.0.0.1:20200,blk={
	"blockNumber" : 3023,
	"group" : "group0",
	"nodeName" : "98a7f70ec883a722219d92253cf073a72605f4087aa3443c8e4aadc0af2dc3ac647d0fa1b5ac99cd6987abafe6d690ae71cd5fd2aeeabe7589bfb4748aabdfba"
}
info|2023-07-09 20:27:15.023325|[RPC][BLOCK][NUMBER][fromJson],group=group0,node=98a7f70ec883a722219d92253cf073a72605f4087aa3443c8e4aadc0af2dc3ac647d0fa1b5ac99cd6987abafe6d690ae71cd5fd2aeeabe7589bfb4748aabdfba,blockNumber=3024
info|2023-07-09 20:27:15.023347|[RPCWS][SERVICE][onRecvBlockNotifier]receive block number notifier,group=group0,node=98a7f70ec883a722219d92253cf073a72605f4087aa3443c8e4aadc0af2dc3ac647d0fa1b5ac99cd6987abafe6d690ae71cd5fd2aeeabe7589bfb4748aabdfba,blockNumber=3024
info|2023-07-09 20:27:15.023353|[RPCWS][SERVICE][updateGroupBlockNumber],groupID=group0,_blockNumber=3024
info|2023-07-09 20:27:15.023358|[RPCWS][SERVICE][onRecvBlockNotifier]block notifier callback,group=group0,node=98a7f70ec883a722219d92253cf073a72605f4087aa3443c8e4aadc0af2dc3ac647d0fa1b5ac99cd6987abafe6d690ae71cd5fd2aeeabe7589bfb4748aabdfba,blockNumber=3024
info|2023-07-09 20:27:15.023362|[WS]receive block notify,endpoint=127.0.0.1:20200,blk={
	"blockNumber" : 3024,
	"group" : "group0",
	"nodeName" : "98a7f70ec883a722219d92253cf073a72605f4087aa3443c8e4aadc0af2dc3ac647d0fa1b5ac99cd6987abafe6d690ae71cd5fd2aeeabe7589bfb4748aabdfba"
}
info|2023-07-09 20:27:15.042732|[RPC][BLOCK][NUMBER][fromJson],group=group0,node=2f993327933ad58672518b6d4f63920cbc68b80f78f4d81192552ee6362f5cc81ee13bdc678ad65f06e76444cadb53b33694cfb3fc7679b8000411975fedd28a,blockNumber=3024
info|2023-07-09 20:27:15.042756|[RPCWS][SERVICE][onRecvBlockNotifier]receive block number notifier,group=group0,node=2f993327933ad58672518b6d4f63920cbc68b80f78f4d81192552ee6362f5cc81ee13bdc678ad65f06e76444cadb53b33694cfb3fc7679b8000411975fedd28a,blockNumber=3024
info|2023-07-09 20:27:15.042764|[WS]receive block notify,endpoint=127.0.0.1:20201,blk={
	"blockNumber" : 3024,
	"group" : "group0",
	"nodeName" : "2f993327933ad58672518b6d4f63920cbc68b80f78f4d81192552ee6362f5cc81ee13bdc678ad65f06e76444cadb53b33694cfb3fc7679b8000411975fedd28a"
}
info|2023-07-09 20:27:15.576925|[RPC][BLOCK][NUMBER][fromJson],group=group0,node=98a7f70ec883a722219d92253cf073a72605f4087aa3443c8e4aadc0af2dc3ac647d0fa1b5ac99cd6987abafe6d690ae71cd5fd2aeeabe7589bfb4748aabdfba,blockNumber=3025
info|2023-07-09 20:27:15.576944|[RPCWS][SERVICE][onRecvBlockNotifier]receive block number notifier,group=group0,node=98a7f70ec883a722219d92253cf073a72605f4087aa3443c8e4aadc0af2dc3ac647d0fa1b5ac99cd6987abafe6d690ae71cd5fd2aeeabe7589bfb4748aabdfba,blockNumber=3025
info|2023-07-09 20:27:15.576974|[RPCWS][SERVICE][updateGroupBlockNumber],groupID=group0,_blockNumber=3025
info|2023-07-09 20:27:15.576982|[RPCWS][SERVICE][onRecvBlockNotifier]block notifier callback,group=group0,node=98a7f70ec883a722219d92253cf073a72605f4087aa3443c8e4aadc0af2dc3ac647d0fa1b5ac99cd6987abafe6d690ae71cd5fd2aeeabe7589bfb4748aabdfba,blockNumber=3025
info|2023-07-09 20:27:15.577003|[WS]receive block notify,endpoint=127.0.0.1:20200,blk={
	"blockNumber" : 3025,
	"group" : "group0",
	"nodeName" : "98a7f70ec883a722219d92253cf073a72605f4087aa3443c8e4aadc0af2dc3ac647d0fa1b5ac99cd6987abafe6d690ae71cd5fd2aeeabe7589bfb4748aabdfba"
}
info|2023-07-09 20:27:15.579302|[RPC][BLOCK][NUMBER][fromJson],group=group0,node=2f993327933ad58672518b6d4f63920cbc68b80f78f4d81192552ee6362f5cc81ee13bdc678ad65f06e76444cadb53b33694cfb3fc7679b8000411975fedd28a,blockNumber=3025
info|2023-07-09 20:27:15.579327|[RPCWS][SERVICE][onRecvBlockNotifier]receive block number notifier,group=group0,node=2f993327933ad58672518b6d4f63920cbc68b80f78f4d81192552ee6362f5cc81ee13bdc678ad65f06e76444cadb53b33694cfb3fc7679b8000411975fedd28a,blockNumber=3025
info|2023-07-09 20:27:15.579334|[WS]receive block notify,endpoint=127.0.0.1:20201,blk={
	"blockNumber" : 3025,
	"group" : "group0",
	"nodeName" : "2f993327933ad58672518b6d4f63920cbc68b80f78f4d81192552ee6362f5cc81ee13bdc678ad65f06e76444cadb53b33694cfb3fc7679b8000411975fedd28a"
}
info|2023-07-09 20:27:16.094866|[RPC][BLOCK][NUMBER][fromJson],group=group0,node=2f993327933ad58672518b6d4f63920cbc68b80f78f4d81192552ee6362f5cc81ee13bdc678ad65f06e76444cadb53b33694cfb3fc7679b8000411975fedd28a,blockNumber=3026
info|2023-07-09 20:27:16.094905|[RPCWS][SERVICE][onRecvBlockNotifier]receive block number notifier,group=group0,node=2f993327933ad58672518b6d4f63920cbc68b80f78f4d81192552ee6362f5cc81ee13bdc678ad65f06e76444cadb53b33694cfb3fc7679b8000411975fedd28a,blockNumber=3026
info|2023-07-09 20:27:16.094913|[RPCWS][SERVICE][updateGroupBlockNumber],groupID=group0,_blockNumber=3026
info|2023-07-09 20:27:16.094920|[RPCWS][SERVICE][onRecvBlockNotifier]block notifier callback,group=group0,node=2f993327933ad58672518b6d4f63920cbc68b80f78f4d81192552ee6362f5cc81ee13bdc678ad65f06e76444cadb53b33694cfb3fc7679b8000411975fedd28a,blockNumber=3026
info|2023-07-09 20:27:16.094925|[WS]receive block notify,endpoint=127.0.0.1:20201,blk={
	"blockNumber" : 3026,
	"group" : "group0",
	"nodeName" : "2f993327933ad58672518b6d4f63920cbc68b80f78f4d81192552ee6362f5cc81ee13bdc678ad65f06e76444cadb53b33694cfb3fc7679b8000411975fedd28a"
}
info|2023-07-09 20:27:16.105278|[RPC][BLOCK][NUMBER][fromJson],group=group0,node=98a7f70ec883a722219d92253cf073a72605f4087aa3443c8e4aadc0af2dc3ac647d0fa1b5ac99cd6987abafe6d690ae71cd5fd2aeeabe7589bfb4748aabdfba,blockNumber=3026
info|2023-07-09 20:27:16.105299|[RPCWS][SERVICE][onRecvBlockNotifier]receive block number notifier,group=group0,node=98a7f70ec883a722219d92253cf073a72605f4087aa3443c8e4aadc0af2dc3ac647d0fa1b5ac99cd6987abafe6d690ae71cd5fd2aeeabe7589bfb4748aabdfba,blockNumber=3026
info|2023-07-09 20:27:16.105307|[WS]receive block notify,endpoint=127.0.0.1:20200,blk={
	"blockNumber" : 3026,
	"group" : "group0",
	"nodeName" : "98a7f70ec883a722219d92253cf073a72605f4087aa3443c8e4aadc0af2dc3ac647d0fa1b5ac99cd6987abafe6d690ae71cd5fd2aeeabe7589bfb4748aabdfba"
}
info|2023-07-09 20:27:16.707109|[RPC][BLOCK][NUMBER][fromJson],group=group0,node=2f993327933ad58672518b6d4f63920cbc68b80f78f4d81192552ee6362f5cc81ee13bdc678ad65f06e76444cadb53b33694cfb3fc7679b8000411975fedd28a,blockNumber=3027
info|2023-07-09 20:27:16.707129|[RPCWS][SERVICE][onRecvBlockNotifier]receive block number notifier,group=group0,node=2f993327933ad58672518b6d4f63920cbc68b80f78f4d81192552ee6362f5cc81ee13bdc678ad65f06e76444cadb53b33694cfb3fc7679b8000411975fedd28a,blockNumber=3027
info|2023-07-09 20:27:16.707135|[RPCWS][SERVICE][updateGroupBlockNumber],groupID=group0,_blockNumber=3027
info|2023-07-09 20:27:16.707140|[RPCWS][SERVICE][onRecvBlockNotifier]block notifier callback,group=group0,node=2f993327933ad58672518b6d4f63920cbc68b80f78f4d81192552ee6362f5cc81ee13bdc678ad65f06e76444cadb53b33694cfb3fc7679b8000411975fedd28a,blockNumber=3027
info|2023-07-09 20:27:16.707143|[WS]receive block notify,endpoint=127.0.0.1:20201,blk={
	"blockNumber" : 3027,
	"group" : "group0",
	"nodeName" : "2f993327933ad58672518b6d4f63920cbc68b80f78f4d81192552ee6362f5cc81ee13bdc678ad65f06e76444cadb53b33694cfb3fc7679b8000411975fedd28a"
}
info|2023-07-09 20:27:16.709462|[RPC][BLOCK][NUMBER][fromJson],group=group0,node=98a7f70ec883a722219d92253cf073a72605f4087aa3443c8e4aadc0af2dc3ac647d0fa1b5ac99cd6987abafe6d690ae71cd5fd2aeeabe7589bfb4748aabdfba,blockNumber=3027
info|2023-07-09 20:27:16.709484|[RPCWS][SERVICE][onRecvBlockNotifier]receive block number notifier,group=group0,node=98a7f70ec883a722219d92253cf073a72605f4087aa3443c8e4aadc0af2dc3ac647d0fa1b5ac99cd6987abafe6d690ae71cd5fd2aeeabe7589bfb4748aabdfba,blockNumber=3027
info|2023-07-09 20:27:16.709491|[WS]receive block notify,endpoint=127.0.0.1:20200,blk={
	"blockNumber" : 3027,
	"group" : "group0",
	"nodeName" : "98a7f70ec883a722219d92253cf073a72605f4087aa3443c8e4aadc0af2dc3ac647d0fa1b5ac99cd6987abafe6d690ae71cd5fd2aeeabe7589bfb4748aabdfba"
}
info|2023-07-09 20:27:17.194658|[RPC][BLOCK][NUMBER][fromJson],group=group0,node=98a7f70ec883a722219d92253cf073a72605f4087aa3443c8e4aadc0af2dc3ac647d0fa1b5ac99cd6987abafe6d690ae71cd5fd2aeeabe7589bfb4748aabdfba,blockNumber=3028
info|2023-07-09 20:27:17.194683|[RPCWS][SERVICE][onRecvBlockNotifier]receive block number notifier,group=group0,node=98a7f70ec883a722219d92253cf073a72605f4087aa3443c8e4aadc0af2dc3ac647d0fa1b5ac99cd6987abafe6d690ae71cd5fd2aeeabe7589bfb4748aabdfba,blockNumber=3028
info|2023-07-09 20:27:17.194689|[RPCWS][SERVICE][updateGroupBlockNumber],groupID=group0,_blockNumber=3028
info|2023-07-09 20:27:17.194695|[RPCWS][SERVICE][onRecvBlockNotifier]block notifier callback,group=group0,node=98a7f70ec883a722219d92253cf073a72605f4087aa3443c8e4aadc0af2dc3ac647d0fa1b5ac99cd6987abafe6d690ae71cd5fd2aeeabe7589bfb4748aabdfba,blockNumber=3028
info|2023-07-09 20:27:17.194698|[WS]receive block notify,endpoint=127.0.0.1:20200,blk={
	"blockNumber" : 3028,
	"group" : "group0",
	"nodeName" : "98a7f70ec883a722219d92253cf073a72605f4087aa3443c8e4aadc0af2dc3ac647d0fa1b5ac99cd6987abafe6d690ae71cd5fd2aeeabe7589bfb4748aabdfba"
}
info|2023-07-09 20:27:17.230369|[RPC][BLOCK][NUMBER][fromJson],group=group0,node=2f993327933ad58672518b6d4f63920cbc68b80f78f4d81192552ee6362f5cc81ee13bdc678ad65f06e76444cadb53b33694cfb3fc7679b8000411975fedd28a,blockNumber=3028
info|2023-07-09 20:27:17.230393|[RPCWS][SERVICE][onRecvBlockNotifier]receive block number notifier,group=group0,node=2f993327933ad58672518b6d4f63920cbc68b80f78f4d81192552ee6362f5cc81ee13bdc678ad65f06e76444cadb53b33694cfb3fc7679b8000411975fedd28a,blockNumber=3028
info|2023-07-09 20:27:17.230400|[WS]receive block notify,endpoint=127.0.0.1:20201,blk={
	"blockNumber" : 3028,
	"group" : "group0",
	"nodeName" : "2f993327933ad58672518b6d4f63920cbc68b80f78f4d81192552ee6362f5cc81ee13bdc678ad65f06e76444cadb53b33694cfb3fc7679b8000411975fedd28a"
}
info|2023-07-09 20:27:17.812986|[RPC][BLOCK][NUMBER][fromJson],group=group0,node=98a7f70ec883a722219d92253cf073a72605f4087aa3443c8e4aadc0af2dc3ac647d0fa1b5ac99cd6987abafe6d690ae71cd5fd2aeeabe7589bfb4748aabdfba,blockNumber=3029
info|2023-07-09 20:27:17.813018|[RPCWS][SERVICE][onRecvBlockNotifier]receive block number notifier,group=group0,node=98a7f70ec883a722219d92253cf073a72605f4087aa3443c8e4aadc0af2dc3ac647d0fa1b5ac99cd6987abafe6d690ae71cd5fd2aeeabe7589bfb4748aabdfba,blockNumber=3029
info|2023-07-09 20:27:17.813025|[RPCWS][SERVICE][updateGroupBlockNumber],groupID=group0,_blockNumber=3029
info|2023-07-09 20:27:17.813031|[RPCWS][SERVICE][onRecvBlockNotifier]block notifier callback,group=group0,node=98a7f70ec883a722219d92253cf073a72605f4087aa3443c8e4aadc0af2dc3ac647d0fa1b5ac99cd6987abafe6d690ae71cd5fd2aeeabe7589bfb4748aabdfba,blockNumber=3029
info|2023-07-09 20:27:17.813035|[WS]receive block notify,endpoint=127.0.0.1:20200,blk={
	"blockNumber" : 3029,
	"group" : "group0",
	"nodeName" : "98a7f70ec883a722219d92253cf073a72605f4087aa3443c8e4aadc0af2dc3ac647d0fa1b5ac99cd6987abafe6d690ae71cd5fd2aeeabe7589bfb4748aabdfba"
}
info|2023-07-09 20:27:17.818731|[RPC][BLOCK][NUMBER][fromJson],group=group0,node=2f993327933ad58672518b6d4f63920cbc68b80f78f4d81192552ee6362f5cc81ee13bdc678ad65f06e76444cadb53b33694cfb3fc7679b8000411975fedd28a,blockNumber=3029
info|2023-07-09 20:27:17.818755|[RPCWS][SERVICE][onRecvBlockNotifier]receive block number notifier,group=group0,node=2f993327933ad58672518b6d4f63920cbc68b80f78f4d81192552ee6362f5cc81ee13bdc678ad65f06e76444cadb53b33694cfb3fc7679b8000411975fedd28a,blockNumber=3029
info|2023-07-09 20:27:17.818762|[WS]receive block notify,endpoint=127.0.0.1:20201,blk={
	"blockNumber" : 3029,
	"group" : "group0",
	"nodeName" : "2f993327933ad58672518b6d4f63920cbc68b80f78f4d81192552ee6362f5cc81ee13bdc678ad65f06e76444cadb53b33694cfb3fc7679b8000411975fedd28a"
}
info|2023-07-09 20:27:18.332124|[RPC][BLOCK][NUMBER][fromJson],group=group0,node=98a7f70ec883a722219d92253cf073a72605f4087aa3443c8e4aadc0af2dc3ac647d0fa1b5ac99cd6987abafe6d690ae71cd5fd2aeeabe7589bfb4748aabdfba,blockNumber=3030
info|2023-07-09 20:27:18.332145|[RPCWS][SERVICE][onRecvBlockNotifier]receive block number notifier,group=group0,node=98a7f70ec883a722219d92253cf073a72605f4087aa3443c8e4aadc0af2dc3ac647d0fa1b5ac99cd6987abafe6d690ae71cd5fd2aeeabe7589bfb4748aabdfba,blockNumber=3030
info|2023-07-09 20:27:18.332150|[RPCWS][SERVICE][updateGroupBlockNumber],groupID=group0,_blockNumber=3030
info|2023-07-09 20:27:18.332155|[RPCWS][SERVICE][onRecvBlockNotifier]block notifier callback,group=group0,node=98a7f70ec883a722219d92253cf073a72605f4087aa3443c8e4aadc0af2dc3ac647d0fa1b5ac99cd6987abafe6d690ae71cd5fd2aeeabe7589bfb4748aabdfba,blockNumber=3030
info|2023-07-09 20:27:18.332158|[WS]receive block notify,endpoint=127.0.0.1:20200,blk={
	"blockNumber" : 3030,
	"group" : "group0",
	"nodeName" : "98a7f70ec883a722219d92253cf073a72605f4087aa3443c8e4aadc0af2dc3ac647d0fa1b5ac99cd6987abafe6d690ae71cd5fd2aeeabe7589bfb4748aabdfba"
}
info|2023-07-09 20:27:18.414248|[RPC][BLOCK][NUMBER][fromJson],group=group0,node=2f993327933ad58672518b6d4f63920cbc68b80f78f4d81192552ee6362f5cc81ee13bdc678ad65f06e76444cadb53b33694cfb3fc7679b8000411975fedd28a,blockNumber=3030
info|2023-07-09 20:27:18.414285|[RPCWS][SERVICE][onRecvBlockNotifier]receive block number notifier,group=group0,node=2f993327933ad58672518b6d4f63920cbc68b80f78f4d81192552ee6362f5cc81ee13bdc678ad65f06e76444cadb53b33694cfb3fc7679b8000411975fedd28a,blockNumber=3030
info|2023-07-09 20:27:18.414295|[WS]receive block notify,endpoint=127.0.0.1:20201,blk={
	"blockNumber" : 3030,
	"group" : "group0",
	"nodeName" : "2f993327933ad58672518b6d4f63920cbc68b80f78f4d81192552ee6362f5cc81ee13bdc678ad65f06e76444cadb53b33694cfb3fc7679b8000411975fedd28a"
}
info|2023-07-09 20:27:18.900779|[RPC][BLOCK][NUMBER][fromJson],group=group0,node=98a7f70ec883a722219d92253cf073a72605f4087aa3443c8e4aadc0af2dc3ac647d0fa1b5ac99cd6987abafe6d690ae71cd5fd2aeeabe7589bfb4748aabdfba,blockNumber=3031
info|2023-07-09 20:27:18.900802|[RPCWS][SERVICE][onRecvBlockNotifier]receive block number notifier,group=group0,node=98a7f70ec883a722219d92253cf073a72605f4087aa3443c8e4aadc0af2dc3ac647d0fa1b5ac99cd6987abafe6d690ae71cd5fd2aeeabe7589bfb4748aabdfba,blockNumber=3031
info|2023-07-09 20:27:18.900808|[RPCWS][SERVICE][updateGroupBlockNumber],groupID=group0,_blockNumber=3031
info|2023-07-09 20:27:18.900813|[RPCWS][SERVICE][onRecvBlockNotifier]block notifier callback,group=group0,node=98a7f70ec883a722219d92253cf073a72605f4087aa3443c8e4aadc0af2dc3ac647d0fa1b5ac99cd6987abafe6d690ae71cd5fd2aeeabe7589bfb4748aabdfba,blockNumber=3031
info|2023-07-09 20:27:18.900818|[WS]receive block notify,endpoint=127.0.0.1:20200,blk={
	"blockNumber" : 3031,
	"group" : "group0",
	"nodeName" : "98a7f70ec883a722219d92253cf073a72605f4087aa3443c8e4aadc0af2dc3ac647d0fa1b5ac99cd6987abafe6d690ae71cd5fd2aeeabe7589bfb4748aabdfba"
}
info|2023-07-09 20:27:18.916768|[RPC][BLOCK][NUMBER][fromJson],group=group0,node=2f993327933ad58672518b6d4f63920cbc68b80f78f4d81192552ee6362f5cc81ee13bdc678ad65f06e76444cadb53b33694cfb3fc7679b8000411975fedd28a,blockNumber=3031
info|2023-07-09 20:27:18.916790|[RPCWS][SERVICE][onRecvBlockNotifier]receive block number notifier,group=group0,node=2f993327933ad58672518b6d4f63920cbc68b80f78f4d81192552ee6362f5cc81ee13bdc678ad65f06e76444cadb53b33694cfb3fc7679b8000411975fedd28a,blockNumber=3031
info|2023-07-09 20:27:18.916797|[WS]receive block notify,endpoint=127.0.0.1:20201,blk={
	"blockNumber" : 3031,
	"group" : "group0",
	"nodeName" : "2f993327933ad58672518b6d4f63920cbc68b80f78f4d81192552ee6362f5cc81ee13bdc678ad65f06e76444cadb53b33694cfb3fc7679b8000411975fedd28a"
}
info|2023-07-09 20:27:19.520891|[RPC][BLOCK][NUMBER][fromJson],group=group0,node=98a7f70ec883a722219d92253cf073a72605f4087aa3443c8e4aadc0af2dc3ac647d0fa1b5ac99cd6987abafe6d690ae71cd5fd2aeeabe7589bfb4748aabdfba,blockNumber=3032
info|2023-07-09 20:27:19.520913|[RPCWS][SERVICE][onRecvBlockNotifier]receive block number notifier,group=group0,node=98a7f70ec883a722219d92253cf073a72605f4087aa3443c8e4aadc0af2dc3ac647d0fa1b5ac99cd6987abafe6d690ae71cd5fd2aeeabe7589bfb4748aabdfba,blockNumber=3032
info|2023-07-09 20:27:19.520918|[RPCWS][SERVICE][updateGroupBlockNumber],groupID=group0,_blockNumber=3032
info|2023-07-09 20:27:19.520923|[RPCWS][SERVICE][onRecvBlockNotifier]block notifier callback,group=group0,node=98a7f70ec883a722219d92253cf073a72605f4087aa3443c8e4aadc0af2dc3ac647d0fa1b5ac99cd6987abafe6d690ae71cd5fd2aeeabe7589bfb4748aabdfba,blockNumber=3032
info|2023-07-09 20:27:19.520927|[WS]receive block notify,endpoint=127.0.0.1:20200,blk={
	"blockNumber" : 3032,
	"group" : "group0",
	"nodeName" : "98a7f70ec883a722219d92253cf073a72605f4087aa3443c8e4aadc0af2dc3ac647d0fa1b5ac99cd6987abafe6d690ae71cd5fd2aeeabe7589bfb4748aabdfba"
}
info|2023-07-09 20:27:19.554405|[RPC][BLOCK][NUMBER][fromJson],group=group0,node=2f993327933ad58672518b6d4f63920cbc68b80f78f4d81192552ee6362f5cc81ee13bdc678ad65f06e76444cadb53b33694cfb3fc7679b8000411975fedd28a,blockNumber=3032
info|2023-07-09 20:27:19.554427|[RPCWS][SERVICE][onRecvBlockNotifier]receive block number notifier,group=group0,node=2f993327933ad58672518b6d4f63920cbc68b80f78f4d81192552ee6362f5cc81ee13bdc678ad65f06e76444cadb53b33694cfb3fc7679b8000411975fedd28a,blockNumber=3032
info|2023-07-09 20:27:19.554433|[WS]receive block notify,endpoint=127.0.0.1:20201,blk={
	"blockNumber" : 3032,
	"group" : "group0",
	"nodeName" : "2f993327933ad58672518b6d4f63920cbc68b80f78f4d81192552ee6362f5cc81ee13bdc678ad65f06e76444cadb53b33694cfb3fc7679b8000411975fedd28a"
}
info|2023-07-09 20:27:20.131930|[RPC][BLOCK][NUMBER][fromJson],group=group0,node=2f993327933ad58672518b6d4f63920cbc68b80f78f4d81192552ee6362f5cc81ee13bdc678ad65f06e76444cadb53b33694cfb3fc7679b8000411975fedd28a,blockNumber=3033
info|2023-07-09 20:27:20.131965|[RPCWS][SERVICE][onRecvBlockNotifier]receive block number notifier,group=group0,node=2f993327933ad58672518b6d4f63920cbc68b80f78f4d81192552ee6362f5cc81ee13bdc678ad65f06e76444cadb53b33694cfb3fc7679b8000411975fedd28a,blockNumber=3033
info|2023-07-09 20:27:20.131972|[RPCWS][SERVICE][updateGroupBlockNumber],groupID=group0,_blockNumber=3033
info|2023-07-09 20:27:20.131978|[RPCWS][SERVICE][onRecvBlockNotifier]block notifier callback,group=group0,node=2f993327933ad58672518b6d4f63920cbc68b80f78f4d81192552ee6362f5cc81ee13bdc678ad65f06e76444cadb53b33694cfb3fc7679b8000411975fedd28a,blockNumber=3033
info|2023-07-09 20:27:20.131982|[WS]receive block notify,endpoint=127.0.0.1:20201,blk={
	"blockNumber" : 3033,
	"group" : "group0",
	"nodeName" : "2f993327933ad58672518b6d4f63920cbc68b80f78f4d81192552ee6362f5cc81ee13bdc678ad65f06e76444cadb53b33694cfb3fc7679b8000411975fedd28a"
}
info|2023-07-09 20:27:20.142876|[RPC][BLOCK][NUMBER][fromJson],group=group0,node=98a7f70ec883a722219d92253cf073a72605f4087aa3443c8e4aadc0af2dc3ac647d0fa1b5ac99cd6987abafe6d690ae71cd5fd2aeeabe7589bfb4748aabdfba,blockNumber=3033
info|2023-07-09 20:27:20.142921|[RPCWS][SERVICE][onRecvBlockNotifier]receive block number notifier,group=group0,node=98a7f70ec883a722219d92253cf073a72605f4087aa3443c8e4aadc0af2dc3ac647d0fa1b5ac99cd6987abafe6d690ae71cd5fd2aeeabe7589bfb4748aabdfba,blockNumber=3033
info|2023-07-09 20:27:20.142930|[WS]receive block notify,endpoint=127.0.0.1:20200,blk={
	"blockNumber" : 3033,
	"group" : "group0",
	"nodeName" : "98a7f70ec883a722219d92253cf073a72605f4087aa3443c8e4aadc0af2dc3ac647d0fa1b5ac99cd6987abafe6d690ae71cd5fd2aeeabe7589bfb4748aabdfba"
}
info|2023-07-09 20:27:20.627636|[RPC][BLOCK][NUMBER][fromJson],group=group0,node=98a7f70ec883a722219d92253cf073a72605f4087aa3443c8e4aadc0af2dc3ac647d0fa1b5ac99cd6987abafe6d690ae71cd5fd2aeeabe7589bfb4748aabdfba,blockNumber=3034
info|2023-07-09 20:27:20.627660|[RPCWS][SERVICE][onRecvBlockNotifier]receive block number notifier,group=group0,node=98a7f70ec883a722219d92253cf073a72605f4087aa3443c8e4aadc0af2dc3ac647d0fa1b5ac99cd6987abafe6d690ae71cd5fd2aeeabe7589bfb4748aabdfba,blockNumber=3034
info|2023-07-09 20:27:20.627665|[RPCWS][SERVICE][updateGroupBlockNumber],groupID=group0,_blockNumber=3034
info|2023-07-09 20:27:20.627670|[RPCWS][SERVICE][onRecvBlockNotifier]block notifier callback,group=group0,node=98a7f70ec883a722219d92253cf073a72605f4087aa3443c8e4aadc0af2dc3ac647d0fa1b5ac99cd6987abafe6d690ae71cd5fd2aeeabe7589bfb4748aabdfba,blockNumber=3034
info|2023-07-09 20:27:20.627674|[WS]receive block notify,endpoint=127.0.0.1:20200,blk={
	"blockNumber" : 3034,
	"group" : "group0",
	"nodeName" : "98a7f70ec883a722219d92253cf073a72605f4087aa3443c8e4aadc0af2dc3ac647d0fa1b5ac99cd6987abafe6d690ae71cd5fd2aeeabe7589bfb4748aabdfba"
}
info|2023-07-09 20:27:20.637101|[RPC][BLOCK][NUMBER][fromJson],group=group0,node=2f993327933ad58672518b6d4f63920cbc68b80f78f4d81192552ee6362f5cc81ee13bdc678ad65f06e76444cadb53b33694cfb3fc7679b8000411975fedd28a,blockNumber=3034
info|2023-07-09 20:27:20.637123|[RPCWS][SERVICE][onRecvBlockNotifier]receive block number notifier,group=group0,node=2f993327933ad58672518b6d4f63920cbc68b80f78f4d81192552ee6362f5cc81ee13bdc678ad65f06e76444cadb53b33694cfb3fc7679b8000411975fedd28a,blockNumber=3034
info|2023-07-09 20:27:20.637129|[WS]receive block notify,endpoint=127.0.0.1:20201,blk={
	"blockNumber" : 3034,
	"group" : "group0",
	"nodeName" : "2f993327933ad58672518b6d4f63920cbc68b80f78f4d81192552ee6362f5cc81ee13bdc678ad65f06e76444cadb53b33694cfb3fc7679b8000411975fedd28a"
}
info|2023-07-09 20:27:21.223345|[RPC][BLOCK][NUMBER][fromJson],group=group0,node=2f993327933ad58672518b6d4f63920cbc68b80f78f4d81192552ee6362f5cc81ee13bdc678ad65f06e76444cadb53b33694cfb3fc7679b8000411975fedd28a,blockNumber=3035
info|2023-07-09 20:27:21.223369|[RPCWS][SERVICE][onRecvBlockNotifier]receive block number notifier,group=group0,node=2f993327933ad58672518b6d4f63920cbc68b80f78f4d81192552ee6362f5cc81ee13bdc678ad65f06e76444cadb53b33694cfb3fc7679b8000411975fedd28a,blockNumber=3035
info|2023-07-09 20:27:21.223375|[RPCWS][SERVICE][updateGroupBlockNumber],groupID=group0,_blockNumber=3035
info|2023-07-09 20:27:21.223380|[RPCWS][SERVICE][onRecvBlockNotifier]block notifier callback,group=group0,node=2f993327933ad58672518b6d4f63920cbc68b80f78f4d81192552ee6362f5cc81ee13bdc678ad65f06e76444cadb53b33694cfb3fc7679b8000411975fedd28a,blockNumber=3035
info|2023-07-09 20:27:21.223383|[WS]receive block notify,endpoint=127.0.0.1:20201,blk={
	"blockNumber" : 3035,
	"group" : "group0",
	"nodeName" : "2f993327933ad58672518b6d4f63920cbc68b80f78f4d81192552ee6362f5cc81ee13bdc678ad65f06e76444cadb53b33694cfb3fc7679b8000411975fedd28a"
}
info|2023-07-09 20:27:21.235121|[RPC][BLOCK][NUMBER][fromJson],group=group0,node=98a7f70ec883a722219d92253cf073a72605f4087aa3443c8e4aadc0af2dc3ac647d0fa1b5ac99cd6987abafe6d690ae71cd5fd2aeeabe7589bfb4748aabdfba,blockNumber=3035
info|2023-07-09 20:27:21.235165|[RPCWS][SERVICE][onRecvBlockNotifier]receive block number notifier,group=group0,node=98a7f70ec883a722219d92253cf073a72605f4087aa3443c8e4aadc0af2dc3ac647d0fa1b5ac99cd6987abafe6d690ae71cd5fd2aeeabe7589bfb4748aabdfba,blockNumber=3035
info|2023-07-09 20:27:21.235172|[WS]receive block notify,endpoint=127.0.0.1:20200,blk={
	"blockNumber" : 3035,
	"group" : "group0",
	"nodeName" : "98a7f70ec883a722219d92253cf073a72605f4087aa3443c8e4aadc0af2dc3ac647d0fa1b5ac99cd6987abafe6d690ae71cd5fd2aeeabe7589bfb4748aabdfba"
}
info|2023-07-09 20:27:21.529487|[EVENT][SUB][doLoop]event sub tasks report,working event sub count=0,suspend event sub count=0
info|2023-07-09 20:27:21.719776|[RPC][BLOCK][NUMBER][fromJson],group=group0,node=2f993327933ad58672518b6d4f63920cbc68b80f78f4d81192552ee6362f5cc81ee13bdc678ad65f06e76444cadb53b33694cfb3fc7679b8000411975fedd28a,blockNumber=3036
info|2023-07-09 20:27:21.719801|[RPCWS][SERVICE][onRecvBlockNotifier]receive block number notifier,group=group0,node=2f993327933ad58672518b6d4f63920cbc68b80f78f4d81192552ee6362f5cc81ee13bdc678ad65f06e76444cadb53b33694cfb3fc7679b8000411975fedd28a,blockNumber=3036
info|2023-07-09 20:27:21.719806|[RPCWS][SERVICE][updateGroupBlockNumber],groupID=group0,_blockNumber=3036
info|2023-07-09 20:27:21.719811|[RPCWS][SERVICE][onRecvBlockNotifier]block notifier callback,group=group0,node=2f993327933ad58672518b6d4f63920cbc68b80f78f4d81192552ee6362f5cc81ee13bdc678ad65f06e76444cadb53b33694cfb3fc7679b8000411975fedd28a,blockNumber=3036
info|2023-07-09 20:27:21.719814|[WS]receive block notify,endpoint=127.0.0.1:20201,blk={
	"blockNumber" : 3036,
	"group" : "group0",
	"nodeName" : "2f993327933ad58672518b6d4f63920cbc68b80f78f4d81192552ee6362f5cc81ee13bdc678ad65f06e76444cadb53b33694cfb3fc7679b8000411975fedd28a"
}
info|2023-07-09 20:27:21.748448|[RPC][BLOCK][NUMBER][fromJson],group=group0,node=98a7f70ec883a722219d92253cf073a72605f4087aa3443c8e4aadc0af2dc3ac647d0fa1b5ac99cd6987abafe6d690ae71cd5fd2aeeabe7589bfb4748aabdfba,blockNumber=3036
info|2023-07-09 20:27:21.748471|[RPCWS][SERVICE][onRecvBlockNotifier]receive block number notifier,group=group0,node=98a7f70ec883a722219d92253cf073a72605f4087aa3443c8e4aadc0af2dc3ac647d0fa1b5ac99cd6987abafe6d690ae71cd5fd2aeeabe7589bfb4748aabdfba,blockNumber=3036
info|2023-07-09 20:27:21.748501|[WS]receive block notify,endpoint=127.0.0.1:20200,blk={
	"blockNumber" : 3036,
	"group" : "group0",
	"nodeName" : "98a7f70ec883a722219d92253cf073a72605f4087aa3443c8e4aadc0af2dc3ac647d0fa1b5ac99cd6987abafe6d690ae71cd5fd2aeeabe7589bfb4748aabdfba"
}
info|2023-07-09 20:27:22.385518|[SDK][WS][SERVICE]connected nodes,count=2
info|2023-07-09 20:27:22.614127|[RPC][BLOCK][NUMBER][fromJson],group=group0,node=98a7f70ec883a722219d92253cf073a72605f4087aa3443c8e4aadc0af2dc3ac647d0fa1b5ac99cd6987abafe6d690ae71cd5fd2aeeabe7589bfb4748aabdfba,blockNumber=3037
info|2023-07-09 20:27:22.614160|[RPCWS][SERVICE][onRecvBlockNotifier]receive block number notifier,group=group0,node=98a7f70ec883a722219d92253cf073a72605f4087aa3443c8e4aadc0af2dc3ac647d0fa1b5ac99cd6987abafe6d690ae71cd5fd2aeeabe7589bfb4748aabdfba,blockNumber=3037
info|2023-07-09 20:27:22.614167|[RPCWS][SERVICE][updateGroupBlockNumber],groupID=group0,_blockNumber=3037
info|2023-07-09 20:27:22.614173|[RPCWS][SERVICE][onRecvBlockNotifier]block notifier callback,group=group0,node=98a7f70ec883a722219d92253cf073a72605f4087aa3443c8e4aadc0af2dc3ac647d0fa1b5ac99cd6987abafe6d690ae71cd5fd2aeeabe7589bfb4748aabdfba,blockNumber=3037
info|2023-07-09 20:27:22.614177|[WS]receive block notify,endpoint=127.0.0.1:20200,blk={
	"blockNumber" : 3037,
	"group" : "group0",
	"nodeName" : "98a7f70ec883a722219d92253cf073a72605f4087aa3443c8e4aadc0af2dc3ac647d0fa1b5ac99cd6987abafe6d690ae71cd5fd2aeeabe7589bfb4748aabdfba"
}
info|2023-07-09 20:27:22.649120|[RPC][BLOCK][NUMBER][fromJson],group=group0,node=2f993327933ad58672518b6d4f63920cbc68b80f78f4d81192552ee6362f5cc81ee13bdc678ad65f06e76444cadb53b33694cfb3fc7679b8000411975fedd28a,blockNumber=3037
info|2023-07-09 20:27:22.649141|[RPCWS][SERVICE][onRecvBlockNotifier]receive block number notifier,group=group0,node=2f993327933ad58672518b6d4f63920cbc68b80f78f4d81192552ee6362f5cc81ee13bdc678ad65f06e76444cadb53b33694cfb3fc7679b8000411975fedd28a,blockNumber=3037
info|2023-07-09 20:27:22.649148|[WS]receive block notify,endpoint=127.0.0.1:20201,blk={
	"blockNumber" : 3037,
	"group" : "group0",
	"nodeName" : "2f993327933ad58672518b6d4f63920cbc68b80f78f4d81192552ee6362f5cc81ee13bdc678ad65f06e76444cadb53b33694cfb3fc7679b8000411975fedd28a"
}
info|2023-07-09 20:27:23.183712|[RPC][BLOCK][NUMBER][fromJson],group=group0,node=98a7f70ec883a722219d92253cf073a72605f4087aa3443c8e4aadc0af2dc3ac647d0fa1b5ac99cd6987abafe6d690ae71cd5fd2aeeabe7589bfb4748aabdfba,blockNumber=3038
info|2023-07-09 20:27:23.183732|[RPCWS][SERVICE][onRecvBlockNotifier]receive block number notifier,group=group0,node=98a7f70ec883a722219d92253cf073a72605f4087aa3443c8e4aadc0af2dc3ac647d0fa1b5ac99cd6987abafe6d690ae71cd5fd2aeeabe7589bfb4748aabdfba,blockNumber=3038
info|2023-07-09 20:27:23.183738|[RPCWS][SERVICE][updateGroupBlockNumber],groupID=group0,_blockNumber=3038
info|2023-07-09 20:27:23.183742|[RPCWS][SERVICE][onRecvBlockNotifier]block notifier callback,group=group0,node=98a7f70ec883a722219d92253cf073a72605f4087aa3443c8e4aadc0af2dc3ac647d0fa1b5ac99cd6987abafe6d690ae71cd5fd2aeeabe7589bfb4748aabdfba,blockNumber=3038
info|2023-07-09 20:27:23.183746|[WS]receive block notify,endpoint=127.0.0.1:20200,blk={
	"blockNumber" : 3038,
	"group" : "group0",
	"nodeName" : "98a7f70ec883a722219d92253cf073a72605f4087aa3443c8e4aadc0af2dc3ac647d0fa1b5ac99cd6987abafe6d690ae71cd5fd2aeeabe7589bfb4748aabdfba"
}
info|2023-07-09 20:27:23.203311|[RPC][BLOCK][NUMBER][fromJson],group=group0,node=2f993327933ad58672518b6d4f63920cbc68b80f78f4d81192552ee6362f5cc81ee13bdc678ad65f06e76444cadb53b33694cfb3fc7679b8000411975fedd28a,blockNumber=3038
info|2023-07-09 20:27:23.203335|[RPCWS][SERVICE][onRecvBlockNotifier]receive block number notifier,group=group0,node=2f993327933ad58672518b6d4f63920cbc68b80f78f4d81192552ee6362f5cc81ee13bdc678ad65f06e76444cadb53b33694cfb3fc7679b8000411975fedd28a,blockNumber=3038
info|2023-07-09 20:27:23.203342|[WS]receive block notify,endpoint=127.0.0.1:20201,blk={
	"blockNumber" : 3038,
	"group" : "group0",
	"nodeName" : "2f993327933ad58672518b6d4f63920cbc68b80f78f4d81192552ee6362f5cc81ee13bdc678ad65f06e76444cadb53b33694cfb3fc7679b8000411975fedd28a"
}
info|2023-07-09 20:27:41.529632|[EVENT][SUB][doLoop]event sub tasks report,working event sub count=0,suspend event sub count=0
info|2023-07-09 20:27:42.385710|[SDK][WS][SERVICE]connected nodes,count=2
info|2023-07-09 20:28:01.529780|[EVENT][SUB][doLoop]event sub tasks report,working event sub count=0,suspend event sub count=0
info|2023-07-09 20:28:02.385934|[SDK][WS][SERVICE]connected nodes,count=2
info|2023-07-09 20:28:21.530005|[EVENT][SUB][doLoop]event sub tasks report,working event sub count=0,suspend event sub count=0
info|2023-07-09 20:28:22.386356|[SDK][WS][SERVICE]connected nodes,count=2
info|2023-07-09 20:28:41.538999|[EVENT][SUB][doLoop]event sub tasks report,working event sub count=0,suspend event sub count=0
info|2023-07-09 20:28:42.386482|[SDK][WS][SERVICE]connected nodes,count=2
info|2023-07-09 20:29:01.539679|[EVENT][SUB][doLoop]event sub tasks report,working event sub count=0,suspend event sub count=0
info|2023-07-09 20:29:02.386842|[SDK][WS][SERVICE]connected nodes,count=2
info|2023-07-09 20:29:21.539940|[EVENT][SUB][doLoop]event sub tasks report,working event sub count=0,suspend event sub count=0
info|2023-07-09 20:29:22.387175|[SDK][WS][SERVICE]connected nodes,count=2
info|2023-07-09 20:29:41.540354|[EVENT][SUB][doLoop]event sub tasks report,working event sub count=0,suspend event sub count=0
info|2023-07-09 20:29:42.387326|[SDK][WS][SERVICE]connected nodes,count=2
info|2023-07-09 20:30:01.540478|[EVENT][SUB][doLoop]event sub tasks report,working event sub count=0,suspend event sub count=0
info|2023-07-09 20:30:02.387469|[SDK][WS][SERVICE]connected nodes,count=2
info|2023-07-09 20:30:21.540675|[EVENT][SUB][doLoop]event sub tasks report,working event sub count=0,suspend event sub count=0
info|2023-07-09 20:30:22.387697|[SDK][WS][SERVICE]connected nodes,count=2
info|2023-07-09 20:30:41.540823|[EVENT][SUB][doLoop]event sub tasks report,working event sub count=0,suspend event sub count=0
info|2023-07-09 20:30:42.387782|[SDK][WS][SERVICE]connected nodes,count=2
info|2023-07-09 20:31:01.541647|[EVENT][SUB][doLoop]event sub tasks report,working event sub count=0,suspend event sub count=0
info|2023-07-09 20:31:02.388033|[SDK][WS][SERVICE]connected nodes,count=2
info|2023-07-09 20:31:21.542047|[EVENT][SUB][doLoop]event sub tasks report,working event sub count=0,suspend event sub count=0
info|2023-07-09 20:31:22.388609|[SDK][WS][SERVICE]connected nodes,count=2
info|2023-07-09 20:31:41.542714|[EVENT][SUB][doLoop]event sub tasks report,working event sub count=0,suspend event sub count=0
info|2023-07-09 20:31:42.388774|[SDK][WS][SERVICE]connected nodes,count=2
info|2023-07-09 20:32:01.542829|[EVENT][SUB][doLoop]event sub tasks report,working event sub count=0,suspend event sub count=0
info|2023-07-09 20:32:02.388922|[SDK][WS][SERVICE]connected nodes,count=2
info|2023-07-09 20:32:21.543382|[EVENT][SUB][doLoop]event sub tasks report,working event sub count=0,suspend event sub count=0
info|2023-07-09 20:32:22.389393|[SDK][WS][SERVICE]connected nodes,count=2
info|2023-07-09 20:32:41.543679|[EVENT][SUB][doLoop]event sub tasks report,working event sub count=0,suspend event sub count=0
info|2023-07-09 20:32:42.389943|[SDK][WS][SERVICE]connected nodes,count=2
info|2023-07-09 20:33:01.543955|[EVENT][SUB][doLoop]event sub tasks report,working event sub count=0,suspend event sub count=0
info|2023-07-09 20:33:02.390441|[SDK][WS][SERVICE]connected nodes,count=2
info|2023-07-09 20:33:21.544630|[EVENT][SUB][doLoop]event sub tasks report,working event sub count=0,suspend event sub count=0
info|2023-07-09 20:33:22.390886|[SDK][WS][SERVICE]connected nodes,count=2
info|2023-07-09 20:33:41.544935|[EVENT][SUB][doLoop]event sub tasks report,working event sub count=0,suspend event sub count=0
info|2023-07-09 20:33:42.391310|[SDK][WS][SERVICE]connected nodes,count=2
info|2023-07-09 20:34:01.545405|[EVENT][SUB][doLoop]event sub tasks report,working event sub count=0,suspend event sub count=0
info|2023-07-09 20:34:02.392037|[SDK][WS][SERVICE]connected nodes,count=2
info|2023-07-09 20:34:21.545519|[EVENT][SUB][doLoop]event sub tasks report,working event sub count=0,suspend event sub count=0
info|2023-07-09 20:34:22.392476|[SDK][WS][SERVICE]connected nodes,count=2
info|2023-07-09 20:34:41.545962|[EVENT][SUB][doLoop]event sub tasks report,working event sub count=0,suspend event sub count=0
info|2023-07-09 20:34:42.392856|[SDK][WS][SERVICE]connected nodes,count=2
info|2023-07-09 20:35:01.546647|[EVENT][SUB][doLoop]event sub tasks report,working event sub count=0,suspend event sub count=0
info|2023-07-09 20:35:02.393265|[SDK][WS][SERVICE]connected nodes,count=2
info|2023-07-09 20:35:21.546750|[EVENT][SUB][doLoop]event sub tasks report,working event sub count=0,suspend event sub count=0
info|2023-07-09 20:35:22.393507|[SDK][WS][SERVICE]connected nodes,count=2
info|2023-07-09 20:35:41.546850|[EVENT][SUB][doLoop]event sub tasks report,working event sub count=0,suspend event sub count=0
info|2023-07-09 20:35:42.393902|[SDK][WS][SERVICE]connected nodes,count=2
info|2023-07-09 20:36:01.546890|[EVENT][SUB][doLoop]event sub tasks report,working event sub count=0,suspend event sub count=0
info|2023-07-09 20:36:02.394116|[SDK][WS][SERVICE]connected nodes,count=2
info|2023-07-09 20:36:21.547552|[EVENT][SUB][doLoop]event sub tasks report,working event sub count=0,suspend event sub count=0
info|2023-07-09 20:36:22.394599|[SDK][WS][SERVICE]connected nodes,count=2
info|2023-07-09 20:36:41.548318|[EVENT][SUB][doLoop]event sub tasks report,working event sub count=0,suspend event sub count=0
info|2023-07-09 20:36:42.394952|[SDK][WS][SERVICE]connected nodes,count=2
info|2023-07-09 20:37:01.548916|[EVENT][SUB][doLoop]event sub tasks report,working event sub count=0,suspend event sub count=0
info|2023-07-09 20:37:02.395361|[SDK][WS][SERVICE]connected nodes,count=2
info|2023-07-09 20:37:21.549134|[EVENT][SUB][doLoop]event sub tasks report,working event sub count=0,suspend event sub count=0
info|2023-07-09 20:37:22.396032|[SDK][WS][SERVICE]connected nodes,count=2
info|2023-07-09 20:37:41.549329|[EVENT][SUB][doLoop]event sub tasks report,working event sub count=0,suspend event sub count=0
info|2023-07-09 20:37:42.396791|[SDK][WS][SERVICE]connected nodes,count=2
info|2023-07-09 20:38:01.549400|[EVENT][SUB][doLoop]event sub tasks report,working event sub count=0,suspend event sub count=0
info|2023-07-09 20:38:02.396919|[SDK][WS][SERVICE]connected nodes,count=2
info|2023-07-09 20:38:21.549510|[EVENT][SUB][doLoop]event sub tasks report,working event sub count=0,suspend event sub count=0
info|2023-07-09 20:38:22.397688|[SDK][WS][SERVICE]connected nodes,count=2
info|2023-07-09 20:38:41.549934|[EVENT][SUB][doLoop]event sub tasks report,working event sub count=0,suspend event sub count=0
info|2023-07-09 20:38:42.397790|[SDK][WS][SERVICE]connected nodes,count=2
info|2023-07-09 20:39:01.550505|[EVENT][SUB][doLoop]event sub tasks report,working event sub count=0,suspend event sub count=0
info|2023-07-09 20:39:02.398112|[SDK][WS][SERVICE]connected nodes,count=2
info|2023-07-09 20:39:21.550958|[EVENT][SUB][doLoop]event sub tasks report,working event sub count=0,suspend event sub count=0
info|2023-07-09 20:39:22.398406|[SDK][WS][SERVICE]connected nodes,count=2
info|2023-07-09 20:39:41.551210|[EVENT][SUB][doLoop]event sub tasks report,working event sub count=0,suspend event sub count=0
info|2023-07-09 20:39:42.398705|[SDK][WS][SERVICE]connected nodes,count=2
info|2023-07-09 20:40:01.551610|[EVENT][SUB][doLoop]event sub tasks report,working event sub count=0,suspend event sub count=0
info|2023-07-09 20:40:02.399155|[SDK][WS][SERVICE]connected nodes,count=2
info|2023-07-09 20:40:21.552086|[EVENT][SUB][doLoop]event sub tasks report,working event sub count=0,suspend event sub count=0
info|2023-07-09 20:40:22.399304|[SDK][WS][SERVICE]connected nodes,count=2
info|2023-07-09 20:40:41.552264|[EVENT][SUB][doLoop]event sub tasks report,working event sub count=0,suspend event sub count=0
info|2023-07-09 20:40:42.399585|[SDK][WS][SERVICE]connected nodes,count=2
info|2023-07-09 20:41:01.552509|[EVENT][SUB][doLoop]event sub tasks report,working event sub count=0,suspend event sub count=0
info|2023-07-09 20:41:02.400065|[SDK][WS][SERVICE]connected nodes,count=2
info|2023-07-09 20:41:21.552538|[EVENT][SUB][doLoop]event sub tasks report,working event sub count=0,suspend event sub count=0
info|2023-07-09 20:41:22.400618|[SDK][WS][SERVICE]connected nodes,count=2
info|2023-07-09 20:41:41.552822|[EVENT][SUB][doLoop]event sub tasks report,working event sub count=0,suspend event sub count=0
info|2023-07-09 20:41:42.400819|[SDK][WS][SERVICE]connected nodes,count=2
info|2023-07-09 20:42:01.552857|[EVENT][SUB][doLoop]event sub tasks report,working event sub count=0,suspend event sub count=0
info|2023-07-09 20:42:02.401090|[SDK][WS][SERVICE]connected nodes,count=2
info|2023-07-09 20:42:21.553331|[EVENT][SUB][doLoop]event sub tasks report,working event sub count=0,suspend event sub count=0
info|2023-07-09 20:42:22.401598|[SDK][WS][SERVICE]connected nodes,count=2
info|2023-07-09 20:42:41.554380|[EVENT][SUB][doLoop]event sub tasks report,working event sub count=0,suspend event sub count=0
info|2023-07-09 20:42:42.402152|[SDK][WS][SERVICE]connected nodes,count=2
info|2023-07-09 20:43:01.554945|[EVENT][SUB][doLoop]event sub tasks report,working event sub count=0,suspend event sub count=0
info|2023-07-09 20:43:02.402436|[SDK][WS][SERVICE]connected nodes,count=2
info|2023-07-09 20:43:21.554976|[EVENT][SUB][doLoop]event sub tasks report,working event sub count=0,suspend event sub count=0
info|2023-07-09 20:43:22.402789|[SDK][WS][SERVICE]connected nodes,count=2
info|2023-07-09 20:43:41.555450|[EVENT][SUB][doLoop]event sub tasks report,working event sub count=0,suspend event sub count=0
info|2023-07-09 20:43:42.403219|[SDK][WS][SERVICE]connected nodes,count=2
info|2023-07-09 20:44:01.556240|[EVENT][SUB][doLoop]event sub tasks report,working event sub count=0,suspend event sub count=0
info|2023-07-09 20:44:02.403366|[SDK][WS][SERVICE]connected nodes,count=2
info|2023-07-09 20:44:21.556767|[EVENT][SUB][doLoop]event sub tasks report,working event sub count=0,suspend event sub count=0
info|2023-07-09 20:44:22.404033|[SDK][WS][SERVICE]connected nodes,count=2
info|2023-07-09 20:44:41.556898|[EVENT][SUB][doLoop]event sub tasks report,working event sub count=0,suspend event sub count=0
info|2023-07-09 20:44:42.404818|[SDK][WS][SERVICE]connected nodes,count=2
info|2023-07-09 20:45:01.557288|[EVENT][SUB][doLoop]event sub tasks report,working event sub count=0,suspend event sub count=0
info|2023-07-09 20:45:02.404991|[SDK][WS][SERVICE]connected nodes,count=2
info|2023-07-09 20:45:21.557861|[EVENT][SUB][doLoop]event sub tasks report,working event sub count=0,suspend event sub count=0
info|2023-07-09 20:45:22.405589|[SDK][WS][SERVICE]connected nodes,count=2
info|2023-07-09 20:45:41.557867|[EVENT][SUB][doLoop]event sub tasks report,working event sub count=0,suspend event sub count=0
info|2023-07-09 20:45:42.406021|[SDK][WS][SERVICE]connected nodes,count=2
info|2023-07-09 20:46:01.558162|[EVENT][SUB][doLoop]event sub tasks report,working event sub count=0,suspend event sub count=0
info|2023-07-09 20:46:02.406286|[SDK][WS][SERVICE]connected nodes,count=2
info|2023-07-09 20:46:21.558217|[EVENT][SUB][doLoop]event sub tasks report,working event sub count=0,suspend event sub count=0
info|2023-07-09 20:46:22.407172|[SDK][WS][SERVICE]connected nodes,count=2
info|2023-07-09 20:46:41.558482|[EVENT][SUB][doLoop]event sub tasks report,working event sub count=0,suspend event sub count=0
info|2023-07-09 20:46:42.407793|[SDK][WS][SERVICE]connected nodes,count=2
info|2023-07-09 20:47:01.559280|[EVENT][SUB][doLoop]event sub tasks report,working event sub count=0,suspend event sub count=0
info|2023-07-09 20:47:02.408219|[SDK][WS][SERVICE]connected nodes,count=2
info|2023-07-09 20:47:21.559347|[EVENT][SUB][doLoop]event sub tasks report,working event sub count=0,suspend event sub count=0
info|2023-07-09 20:47:22.408341|[SDK][WS][SERVICE]connected nodes,count=2
info|2023-07-09 20:47:41.559532|[EVENT][SUB][doLoop]event sub tasks report,working event sub count=0,suspend event sub count=0
info|2023-07-09 20:47:42.409020|[SDK][WS][SERVICE]connected nodes,count=2
info|2023-07-09 20:48:01.559673|[EVENT][SUB][doLoop]event sub tasks report,working event sub count=0,suspend event sub count=0
info|2023-07-09 20:48:02.409476|[SDK][WS][SERVICE]connected nodes,count=2
info|2023-07-09 20:48:21.560228|[EVENT][SUB][doLoop]event sub tasks report,working event sub count=0,suspend event sub count=0
info|2023-07-09 20:48:22.409575|[SDK][WS][SERVICE]connected nodes,count=2
info|2023-07-09 20:48:41.560322|[EVENT][SUB][doLoop]event sub tasks report,working event sub count=0,suspend event sub count=0
info|2023-07-09 20:48:42.410047|[SDK][WS][SERVICE]connected nodes,count=2
info|2023-07-09 20:49:01.569720|[EVENT][SUB][doLoop]event sub tasks report,working event sub count=0,suspend event sub count=0
info|2023-07-09 20:49:02.410588|[SDK][WS][SERVICE]connected nodes,count=2
info|2023-07-09 20:49:21.569966|[EVENT][SUB][doLoop]event sub tasks report,working event sub count=0,suspend event sub count=0
info|2023-07-09 20:49:22.411269|[SDK][WS][SERVICE]connected nodes,count=2
info|2023-07-09 20:49:41.570164|[EVENT][SUB][doLoop]event sub tasks report,working event sub count=0,suspend event sub count=0
info|2023-07-09 20:49:42.411612|[SDK][WS][SERVICE]connected nodes,count=2
info|2023-07-09 20:50:01.570651|[EVENT][SUB][doLoop]event sub tasks report,working event sub count=0,suspend event sub count=0
info|2023-07-09 20:50:02.412139|[SDK][WS][SERVICE]connected nodes,count=2
info|2023-07-09 20:50:21.570757|[EVENT][SUB][doLoop]event sub tasks report,working event sub count=0,suspend event sub count=0
info|2023-07-09 20:50:22.412885|[SDK][WS][SERVICE]connected nodes,count=2
info|2023-07-09 20:50:41.571174|[EVENT][SUB][doLoop]event sub tasks report,working event sub count=0,suspend event sub count=0
info|2023-07-09 20:50:42.413024|[SDK][WS][SERVICE]connected nodes,count=2
info|2023-07-09 20:51:01.571709|[EVENT][SUB][doLoop]event sub tasks report,working event sub count=0,suspend event sub count=0
info|2023-07-09 20:51:02.413355|[SDK][WS][SERVICE]connected nodes,count=2
info|2023-07-09 20:51:21.571968|[EVENT][SUB][doLoop]event sub tasks report,working event sub count=0,suspend event sub count=0
info|2023-07-09 20:51:22.413686|[SDK][WS][SERVICE]connected nodes,count=2
info|2023-07-09 20:51:41.572097|[EVENT][SUB][doLoop]event sub tasks report,working event sub count=0,suspend event sub count=0
info|2023-07-09 20:51:42.414344|[SDK][WS][SERVICE]connected nodes,count=2
info|2023-07-09 20:52:01.572459|[EVENT][SUB][doLoop]event sub tasks report,working event sub count=0,suspend event sub count=0
info|2023-07-09 20:52:02.414586|[SDK][WS][SERVICE]connected nodes,count=2
info|2023-07-09 20:52:21.572513|[EVENT][SUB][doLoop]event sub tasks report,working event sub count=0,suspend event sub count=0
info|2023-07-09 20:52:22.414859|[SDK][WS][SERVICE]connected nodes,count=2
info|2023-07-09 20:52:41.572907|[EVENT][SUB][doLoop]event sub tasks report,working event sub count=0,suspend event sub count=0
info|2023-07-09 20:52:42.415371|[SDK][WS][SERVICE]connected nodes,count=2
info|2023-07-09 20:53:01.573298|[EVENT][SUB][doLoop]event sub tasks report,working event sub count=0,suspend event sub count=0
info|2023-07-09 20:53:02.415841|[SDK][WS][SERVICE]connected nodes,count=2
info|2023-07-09 20:53:21.573590|[EVENT][SUB][doLoop]event sub tasks report,working event sub count=0,suspend event sub count=0
info|2023-07-09 20:53:22.416380|[SDK][WS][SERVICE]connected nodes,count=2
info|2023-07-09 20:53:41.573911|[EVENT][SUB][doLoop]event sub tasks report,working event sub count=0,suspend event sub count=0
info|2023-07-09 20:53:42.416932|[SDK][WS][SERVICE]connected nodes,count=2
info|2023-07-09 20:54:01.581923|[EVENT][SUB][doLoop]event sub tasks report,working event sub count=0,suspend event sub count=0
info|2023-07-09 20:54:02.417152|[SDK][WS][SERVICE]connected nodes,count=2
info|2023-07-09 20:54:21.582004|[EVENT][SUB][doLoop]event sub tasks report,working event sub count=0,suspend event sub count=0
info|2023-07-09 20:54:22.417624|[SDK][WS][SERVICE]connected nodes,count=2
info|2023-07-09 20:54:41.582519|[EVENT][SUB][doLoop]event sub tasks report,working event sub count=0,suspend event sub count=0
info|2023-07-09 20:54:42.417805|[SDK][WS][SERVICE]connected nodes,count=2
info|2023-07-09 20:55:01.582810|[EVENT][SUB][doLoop]event sub tasks report,working event sub count=0,suspend event sub count=0
info|2023-07-09 20:55:02.418036|[SDK][WS][SERVICE]connected nodes,count=2
info|2023-07-09 20:55:21.583241|[EVENT][SUB][doLoop]event sub tasks report,working event sub count=0,suspend event sub count=0
info|2023-07-09 20:55:22.418454|[SDK][WS][SERVICE]connected nodes,count=2
info|2023-07-09 20:55:41.583336|[EVENT][SUB][doLoop]event sub tasks report,working event sub count=0,suspend event sub count=0
info|2023-07-09 20:55:42.418873|[SDK][WS][SERVICE]connected nodes,count=2
info|2023-07-09 20:56:01.583690|[EVENT][SUB][doLoop]event sub tasks report,working event sub count=0,suspend event sub count=0
info|2023-07-09 20:56:02.419221|[SDK][WS][SERVICE]connected nodes,count=2
info|2023-07-09 20:56:21.584069|[EVENT][SUB][doLoop]event sub tasks report,working event sub count=0,suspend event sub count=0
info|2023-07-09 20:56:22.420493|[SDK][WS][SERVICE]connected nodes,count=2
info|2023-07-09 20:56:41.584272|[EVENT][SUB][doLoop]event sub tasks report,working event sub count=0,suspend event sub count=0
info|2023-07-09 20:56:42.420886|[SDK][WS][SERVICE]connected nodes,count=2
info|2023-07-09 20:57:01.584383|[EVENT][SUB][doLoop]event sub tasks report,working event sub count=0,suspend event sub count=0
info|2023-07-09 20:57:02.421293|[SDK][WS][SERVICE]connected nodes,count=2
info|2023-07-09 20:57:14.182491|[RPC][BLOCK][NUMBER][fromJson],group=group0,node=98a7f70ec883a722219d92253cf073a72605f4087aa3443c8e4aadc0af2dc3ac647d0fa1b5ac99cd6987abafe6d690ae71cd5fd2aeeabe7589bfb4748aabdfba,blockNumber=3039
info|2023-07-09 20:57:14.182516|[RPCWS][SERVICE][onRecvBlockNotifier]receive block number notifier,group=group0,node=98a7f70ec883a722219d92253cf073a72605f4087aa3443c8e4aadc0af2dc3ac647d0fa1b5ac99cd6987abafe6d690ae71cd5fd2aeeabe7589bfb4748aabdfba,blockNumber=3039
info|2023-07-09 20:57:14.182523|[RPCWS][SERVICE][updateGroupBlockNumber],groupID=group0,_blockNumber=3039
info|2023-07-09 20:57:14.182529|[RPCWS][SERVICE][onRecvBlockNotifier]block notifier callback,group=group0,node=98a7f70ec883a722219d92253cf073a72605f4087aa3443c8e4aadc0af2dc3ac647d0fa1b5ac99cd6987abafe6d690ae71cd5fd2aeeabe7589bfb4748aabdfba,blockNumber=3039
info|2023-07-09 20:57:14.182563|[WS]receive block notify,endpoint=127.0.0.1:20200,blk={
	"blockNumber" : 3039,
	"group" : "group0",
	"nodeName" : "98a7f70ec883a722219d92253cf073a72605f4087aa3443c8e4aadc0af2dc3ac647d0fa1b5ac99cd6987abafe6d690ae71cd5fd2aeeabe7589bfb4748aabdfba"
}
info|2023-07-09 20:57:14.200951|[RPC][BLOCK][NUMBER][fromJson],group=group0,node=2f993327933ad58672518b6d4f63920cbc68b80f78f4d81192552ee6362f5cc81ee13bdc678ad65f06e76444cadb53b33694cfb3fc7679b8000411975fedd28a,blockNumber=3039
info|2023-07-09 20:57:14.200986|[RPCWS][SERVICE][onRecvBlockNotifier]receive block number notifier,group=group0,node=2f993327933ad58672518b6d4f63920cbc68b80f78f4d81192552ee6362f5cc81ee13bdc678ad65f06e76444cadb53b33694cfb3fc7679b8000411975fedd28a,blockNumber=3039
info|2023-07-09 20:57:14.200997|[WS]receive block notify,endpoint=127.0.0.1:20201,blk={
	"blockNumber" : 3039,
	"group" : "group0",
	"nodeName" : "2f993327933ad58672518b6d4f63920cbc68b80f78f4d81192552ee6362f5cc81ee13bdc678ad65f06e76444cadb53b33694cfb3fc7679b8000411975fedd28a"
}
info|2023-07-09 20:57:14.786452|[RPC][BLOCK][NUMBER][fromJson],group=group0,node=98a7f70ec883a722219d92253cf073a72605f4087aa3443c8e4aadc0af2dc3ac647d0fa1b5ac99cd6987abafe6d690ae71cd5fd2aeeabe7589bfb4748aabdfba,blockNumber=3040
info|2023-07-09 20:57:14.786476|[RPCWS][SERVICE][onRecvBlockNotifier]receive block number notifier,group=group0,node=98a7f70ec883a722219d92253cf073a72605f4087aa3443c8e4aadc0af2dc3ac647d0fa1b5ac99cd6987abafe6d690ae71cd5fd2aeeabe7589bfb4748aabdfba,blockNumber=3040
info|2023-07-09 20:57:14.786483|[RPCWS][SERVICE][updateGroupBlockNumber],groupID=group0,_blockNumber=3040
info|2023-07-09 20:57:14.786489|[RPCWS][SERVICE][onRecvBlockNotifier]block notifier callback,group=group0,node=98a7f70ec883a722219d92253cf073a72605f4087aa3443c8e4aadc0af2dc3ac647d0fa1b5ac99cd6987abafe6d690ae71cd5fd2aeeabe7589bfb4748aabdfba,blockNumber=3040
info|2023-07-09 20:57:14.786493|[WS]receive block notify,endpoint=127.0.0.1:20200,blk={
	"blockNumber" : 3040,
	"group" : "group0",
	"nodeName" : "98a7f70ec883a722219d92253cf073a72605f4087aa3443c8e4aadc0af2dc3ac647d0fa1b5ac99cd6987abafe6d690ae71cd5fd2aeeabe7589bfb4748aabdfba"
}
info|2023-07-09 20:57:14.792326|[RPC][BLOCK][NUMBER][fromJson],group=group0,node=2f993327933ad58672518b6d4f63920cbc68b80f78f4d81192552ee6362f5cc81ee13bdc678ad65f06e76444cadb53b33694cfb3fc7679b8000411975fedd28a,blockNumber=3040
info|2023-07-09 20:57:14.792351|[RPCWS][SERVICE][onRecvBlockNotifier]receive block number notifier,group=group0,node=2f993327933ad58672518b6d4f63920cbc68b80f78f4d81192552ee6362f5cc81ee13bdc678ad65f06e76444cadb53b33694cfb3fc7679b8000411975fedd28a,blockNumber=3040
info|2023-07-09 20:57:14.792359|[WS]receive block notify,endpoint=127.0.0.1:20201,blk={
	"blockNumber" : 3040,
	"group" : "group0",
	"nodeName" : "2f993327933ad58672518b6d4f63920cbc68b80f78f4d81192552ee6362f5cc81ee13bdc678ad65f06e76444cadb53b33694cfb3fc7679b8000411975fedd28a"
}
info|2023-07-09 20:57:15.345732|[RPC][BLOCK][NUMBER][fromJson],group=group0,node=98a7f70ec883a722219d92253cf073a72605f4087aa3443c8e4aadc0af2dc3ac647d0fa1b5ac99cd6987abafe6d690ae71cd5fd2aeeabe7589bfb4748aabdfba,blockNumber=3041
info|2023-07-09 20:57:15.345752|[RPCWS][SERVICE][onRecvBlockNotifier]receive block number notifier,group=group0,node=98a7f70ec883a722219d92253cf073a72605f4087aa3443c8e4aadc0af2dc3ac647d0fa1b5ac99cd6987abafe6d690ae71cd5fd2aeeabe7589bfb4748aabdfba,blockNumber=3041
info|2023-07-09 20:57:15.345756|[RPCWS][SERVICE][updateGroupBlockNumber],groupID=group0,_blockNumber=3041
info|2023-07-09 20:57:15.345762|[RPCWS][SERVICE][onRecvBlockNotifier]block notifier callback,group=group0,node=98a7f70ec883a722219d92253cf073a72605f4087aa3443c8e4aadc0af2dc3ac647d0fa1b5ac99cd6987abafe6d690ae71cd5fd2aeeabe7589bfb4748aabdfba,blockNumber=3041
info|2023-07-09 20:57:15.345766|[WS]receive block notify,endpoint=127.0.0.1:20200,blk={
	"blockNumber" : 3041,
	"group" : "group0",
	"nodeName" : "98a7f70ec883a722219d92253cf073a72605f4087aa3443c8e4aadc0af2dc3ac647d0fa1b5ac99cd6987abafe6d690ae71cd5fd2aeeabe7589bfb4748aabdfba"
}
info|2023-07-09 20:57:15.352959|[RPC][BLOCK][NUMBER][fromJson],group=group0,node=2f993327933ad58672518b6d4f63920cbc68b80f78f4d81192552ee6362f5cc81ee13bdc678ad65f06e76444cadb53b33694cfb3fc7679b8000411975fedd28a,blockNumber=3041
info|2023-07-09 20:57:15.352977|[RPCWS][SERVICE][onRecvBlockNotifier]receive block number notifier,group=group0,node=2f993327933ad58672518b6d4f63920cbc68b80f78f4d81192552ee6362f5cc81ee13bdc678ad65f06e76444cadb53b33694cfb3fc7679b8000411975fedd28a,blockNumber=3041
info|2023-07-09 20:57:15.352985|[WS]receive block notify,endpoint=127.0.0.1:20201,blk={
	"blockNumber" : 3041,
	"group" : "group0",
	"nodeName" : "2f993327933ad58672518b6d4f63920cbc68b80f78f4d81192552ee6362f5cc81ee13bdc678ad65f06e76444cadb53b33694cfb3fc7679b8000411975fedd28a"
}
info|2023-07-09 20:57:15.883047|[RPC][BLOCK][NUMBER][fromJson],group=group0,node=2f993327933ad58672518b6d4f63920cbc68b80f78f4d81192552ee6362f5cc81ee13bdc678ad65f06e76444cadb53b33694cfb3fc7679b8000411975fedd28a,blockNumber=3042
info|2023-07-09 20:57:15.883070|[RPCWS][SERVICE][onRecvBlockNotifier]receive block number notifier,group=group0,node=2f993327933ad58672518b6d4f63920cbc68b80f78f4d81192552ee6362f5cc81ee13bdc678ad65f06e76444cadb53b33694cfb3fc7679b8000411975fedd28a,blockNumber=3042
info|2023-07-09 20:57:15.883076|[RPCWS][SERVICE][updateGroupBlockNumber],groupID=group0,_blockNumber=3042
info|2023-07-09 20:57:15.883081|[RPCWS][SERVICE][onRecvBlockNotifier]block notifier callback,group=group0,node=2f993327933ad58672518b6d4f63920cbc68b80f78f4d81192552ee6362f5cc81ee13bdc678ad65f06e76444cadb53b33694cfb3fc7679b8000411975fedd28a,blockNumber=3042
info|2023-07-09 20:57:15.883085|[WS]receive block notify,endpoint=127.0.0.1:20201,blk={
	"blockNumber" : 3042,
	"group" : "group0",
	"nodeName" : "2f993327933ad58672518b6d4f63920cbc68b80f78f4d81192552ee6362f5cc81ee13bdc678ad65f06e76444cadb53b33694cfb3fc7679b8000411975fedd28a"
}
info|2023-07-09 20:57:15.884617|[RPC][BLOCK][NUMBER][fromJson],group=group0,node=98a7f70ec883a722219d92253cf073a72605f4087aa3443c8e4aadc0af2dc3ac647d0fa1b5ac99cd6987abafe6d690ae71cd5fd2aeeabe7589bfb4748aabdfba,blockNumber=3042
info|2023-07-09 20:57:15.884639|[RPCWS][SERVICE][onRecvBlockNotifier]receive block number notifier,group=group0,node=98a7f70ec883a722219d92253cf073a72605f4087aa3443c8e4aadc0af2dc3ac647d0fa1b5ac99cd6987abafe6d690ae71cd5fd2aeeabe7589bfb4748aabdfba,blockNumber=3042
info|2023-07-09 20:57:15.884647|[WS]receive block notify,endpoint=127.0.0.1:20200,blk={
	"blockNumber" : 3042,
	"group" : "group0",
	"nodeName" : "98a7f70ec883a722219d92253cf073a72605f4087aa3443c8e4aadc0af2dc3ac647d0fa1b5ac99cd6987abafe6d690ae71cd5fd2aeeabe7589bfb4748aabdfba"
}
info|2023-07-09 20:57:16.412453|[RPC][BLOCK][NUMBER][fromJson],group=group0,node=2f993327933ad58672518b6d4f63920cbc68b80f78f4d81192552ee6362f5cc81ee13bdc678ad65f06e76444cadb53b33694cfb3fc7679b8000411975fedd28a,blockNumber=3043
info|2023-07-09 20:57:16.412719|[RPCWS][SERVICE][onRecvBlockNotifier]receive block number notifier,group=group0,node=2f993327933ad58672518b6d4f63920cbc68b80f78f4d81192552ee6362f5cc81ee13bdc678ad65f06e76444cadb53b33694cfb3fc7679b8000411975fedd28a,blockNumber=3043
info|2023-07-09 20:57:16.412731|[RPCWS][SERVICE][updateGroupBlockNumber],groupID=group0,_blockNumber=3043
info|2023-07-09 20:57:16.412736|[RPCWS][SERVICE][onRecvBlockNotifier]block notifier callback,group=group0,node=2f993327933ad58672518b6d4f63920cbc68b80f78f4d81192552ee6362f5cc81ee13bdc678ad65f06e76444cadb53b33694cfb3fc7679b8000411975fedd28a,blockNumber=3043
info|2023-07-09 20:57:16.412741|[WS]receive block notify,endpoint=127.0.0.1:20201,blk={
	"blockNumber" : 3043,
	"group" : "group0",
	"nodeName" : "2f993327933ad58672518b6d4f63920cbc68b80f78f4d81192552ee6362f5cc81ee13bdc678ad65f06e76444cadb53b33694cfb3fc7679b8000411975fedd28a"
}
info|2023-07-09 20:57:16.453627|[RPC][BLOCK][NUMBER][fromJson],group=group0,node=98a7f70ec883a722219d92253cf073a72605f4087aa3443c8e4aadc0af2dc3ac647d0fa1b5ac99cd6987abafe6d690ae71cd5fd2aeeabe7589bfb4748aabdfba,blockNumber=3043
info|2023-07-09 20:57:16.453699|[RPCWS][SERVICE][onRecvBlockNotifier]receive block number notifier,group=group0,node=98a7f70ec883a722219d92253cf073a72605f4087aa3443c8e4aadc0af2dc3ac647d0fa1b5ac99cd6987abafe6d690ae71cd5fd2aeeabe7589bfb4748aabdfba,blockNumber=3043
info|2023-07-09 20:57:16.453711|[WS]receive block notify,endpoint=127.0.0.1:20200,blk={
	"blockNumber" : 3043,
	"group" : "group0",
	"nodeName" : "98a7f70ec883a722219d92253cf073a72605f4087aa3443c8e4aadc0af2dc3ac647d0fa1b5ac99cd6987abafe6d690ae71cd5fd2aeeabe7589bfb4748aabdfba"
}
info|2023-07-09 20:57:16.919834|[RPC][BLOCK][NUMBER][fromJson],group=group0,node=2f993327933ad58672518b6d4f63920cbc68b80f78f4d81192552ee6362f5cc81ee13bdc678ad65f06e76444cadb53b33694cfb3fc7679b8000411975fedd28a,blockNumber=3044
info|2023-07-09 20:57:16.919856|[RPCWS][SERVICE][onRecvBlockNotifier]receive block number notifier,group=group0,node=2f993327933ad58672518b6d4f63920cbc68b80f78f4d81192552ee6362f5cc81ee13bdc678ad65f06e76444cadb53b33694cfb3fc7679b8000411975fedd28a,blockNumber=3044
info|2023-07-09 20:57:16.919862|[RPCWS][SERVICE][updateGroupBlockNumber],groupID=group0,_blockNumber=3044
info|2023-07-09 20:57:16.919867|[RPCWS][SERVICE][onRecvBlockNotifier]block notifier callback,group=group0,node=2f993327933ad58672518b6d4f63920cbc68b80f78f4d81192552ee6362f5cc81ee13bdc678ad65f06e76444cadb53b33694cfb3fc7679b8000411975fedd28a,blockNumber=3044
info|2023-07-09 20:57:16.919872|[WS]receive block notify,endpoint=127.0.0.1:20201,blk={
	"blockNumber" : 3044,
	"group" : "group0",
	"nodeName" : "2f993327933ad58672518b6d4f63920cbc68b80f78f4d81192552ee6362f5cc81ee13bdc678ad65f06e76444cadb53b33694cfb3fc7679b8000411975fedd28a"
}
info|2023-07-09 20:57:17.091124|[RPC][BLOCK][NUMBER][fromJson],group=group0,node=98a7f70ec883a722219d92253cf073a72605f4087aa3443c8e4aadc0af2dc3ac647d0fa1b5ac99cd6987abafe6d690ae71cd5fd2aeeabe7589bfb4748aabdfba,blockNumber=3044
info|2023-07-09 20:57:17.091148|[RPCWS][SERVICE][onRecvBlockNotifier]receive block number notifier,group=group0,node=98a7f70ec883a722219d92253cf073a72605f4087aa3443c8e4aadc0af2dc3ac647d0fa1b5ac99cd6987abafe6d690ae71cd5fd2aeeabe7589bfb4748aabdfba,blockNumber=3044
info|2023-07-09 20:57:17.091157|[WS]receive block notify,endpoint=127.0.0.1:20200,blk={
	"blockNumber" : 3044,
	"group" : "group0",
	"nodeName" : "98a7f70ec883a722219d92253cf073a72605f4087aa3443c8e4aadc0af2dc3ac647d0fa1b5ac99cd6987abafe6d690ae71cd5fd2aeeabe7589bfb4748aabdfba"
}
info|2023-07-09 20:57:17.733695|[RPC][BLOCK][NUMBER][fromJson],group=group0,node=2f993327933ad58672518b6d4f63920cbc68b80f78f4d81192552ee6362f5cc81ee13bdc678ad65f06e76444cadb53b33694cfb3fc7679b8000411975fedd28a,blockNumber=3045
info|2023-07-09 20:57:17.733714|[RPCWS][SERVICE][onRecvBlockNotifier]receive block number notifier,group=group0,node=2f993327933ad58672518b6d4f63920cbc68b80f78f4d81192552ee6362f5cc81ee13bdc678ad65f06e76444cadb53b33694cfb3fc7679b8000411975fedd28a,blockNumber=3045
info|2023-07-09 20:57:17.733720|[RPCWS][SERVICE][updateGroupBlockNumber],groupID=group0,_blockNumber=3045
info|2023-07-09 20:57:17.733725|[RPCWS][SERVICE][onRecvBlockNotifier]block notifier callback,group=group0,node=2f993327933ad58672518b6d4f63920cbc68b80f78f4d81192552ee6362f5cc81ee13bdc678ad65f06e76444cadb53b33694cfb3fc7679b8000411975fedd28a,blockNumber=3045
info|2023-07-09 20:57:17.733775|[WS]receive block notify,endpoint=127.0.0.1:20201,blk={
	"blockNumber" : 3045,
	"group" : "group0",
	"nodeName" : "2f993327933ad58672518b6d4f63920cbc68b80f78f4d81192552ee6362f5cc81ee13bdc678ad65f06e76444cadb53b33694cfb3fc7679b8000411975fedd28a"
}
info|2023-07-09 20:57:17.763779|[RPC][BLOCK][NUMBER][fromJson],group=group0,node=98a7f70ec883a722219d92253cf073a72605f4087aa3443c8e4aadc0af2dc3ac647d0fa1b5ac99cd6987abafe6d690ae71cd5fd2aeeabe7589bfb4748aabdfba,blockNumber=3045
info|2023-07-09 20:57:17.763820|[RPCWS][SERVICE][onRecvBlockNotifier]receive block number notifier,group=group0,node=98a7f70ec883a722219d92253cf073a72605f4087aa3443c8e4aadc0af2dc3ac647d0fa1b5ac99cd6987abafe6d690ae71cd5fd2aeeabe7589bfb4748aabdfba,blockNumber=3045
info|2023-07-09 20:57:17.763828|[WS]receive block notify,endpoint=127.0.0.1:20200,blk={
	"blockNumber" : 3045,
	"group" : "group0",
	"nodeName" : "98a7f70ec883a722219d92253cf073a72605f4087aa3443c8e4aadc0af2dc3ac647d0fa1b5ac99cd6987abafe6d690ae71cd5fd2aeeabe7589bfb4748aabdfba"
}
info|2023-07-09 20:57:18.307800|[RPC][BLOCK][NUMBER][fromJson],group=group0,node=2f993327933ad58672518b6d4f63920cbc68b80f78f4d81192552ee6362f5cc81ee13bdc678ad65f06e76444cadb53b33694cfb3fc7679b8000411975fedd28a,blockNumber=3046
info|2023-07-09 20:57:18.307845|[RPCWS][SERVICE][onRecvBlockNotifier]receive block number notifier,group=group0,node=2f993327933ad58672518b6d4f63920cbc68b80f78f4d81192552ee6362f5cc81ee13bdc678ad65f06e76444cadb53b33694cfb3fc7679b8000411975fedd28a,blockNumber=3046
info|2023-07-09 20:57:18.307852|[RPCWS][SERVICE][updateGroupBlockNumber],groupID=group0,_blockNumber=3046
info|2023-07-09 20:57:18.307856|[RPCWS][SERVICE][onRecvBlockNotifier]block notifier callback,group=group0,node=2f993327933ad58672518b6d4f63920cbc68b80f78f4d81192552ee6362f5cc81ee13bdc678ad65f06e76444cadb53b33694cfb3fc7679b8000411975fedd28a,blockNumber=3046
info|2023-07-09 20:57:18.307859|[WS]receive block notify,endpoint=127.0.0.1:20201,blk={
	"blockNumber" : 3046,
	"group" : "group0",
	"nodeName" : "2f993327933ad58672518b6d4f63920cbc68b80f78f4d81192552ee6362f5cc81ee13bdc678ad65f06e76444cadb53b33694cfb3fc7679b8000411975fedd28a"
}
info|2023-07-09 20:57:18.477844|[RPC][BLOCK][NUMBER][fromJson],group=group0,node=98a7f70ec883a722219d92253cf073a72605f4087aa3443c8e4aadc0af2dc3ac647d0fa1b5ac99cd6987abafe6d690ae71cd5fd2aeeabe7589bfb4748aabdfba,blockNumber=3046
info|2023-07-09 20:57:18.477880|[RPCWS][SERVICE][onRecvBlockNotifier]receive block number notifier,group=group0,node=98a7f70ec883a722219d92253cf073a72605f4087aa3443c8e4aadc0af2dc3ac647d0fa1b5ac99cd6987abafe6d690ae71cd5fd2aeeabe7589bfb4748aabdfba,blockNumber=3046
info|2023-07-09 20:57:18.477889|[WS]receive block notify,endpoint=127.0.0.1:20200,blk={
	"blockNumber" : 3046,
	"group" : "group0",
	"nodeName" : "98a7f70ec883a722219d92253cf073a72605f4087aa3443c8e4aadc0af2dc3ac647d0fa1b5ac99cd6987abafe6d690ae71cd5fd2aeeabe7589bfb4748aabdfba"
}
info|2023-07-09 20:57:19.701139|[RPC][BLOCK][NUMBER][fromJson],group=group0,node=98a7f70ec883a722219d92253cf073a72605f4087aa3443c8e4aadc0af2dc3ac647d0fa1b5ac99cd6987abafe6d690ae71cd5fd2aeeabe7589bfb4748aabdfba,blockNumber=3047
info|2023-07-09 20:57:19.701178|[RPCWS][SERVICE][onRecvBlockNotifier]receive block number notifier,group=group0,node=98a7f70ec883a722219d92253cf073a72605f4087aa3443c8e4aadc0af2dc3ac647d0fa1b5ac99cd6987abafe6d690ae71cd5fd2aeeabe7589bfb4748aabdfba,blockNumber=3047
info|2023-07-09 20:57:19.701185|[RPCWS][SERVICE][updateGroupBlockNumber],groupID=group0,_blockNumber=3047
info|2023-07-09 20:57:19.701190|[RPCWS][SERVICE][onRecvBlockNotifier]block notifier callback,group=group0,node=98a7f70ec883a722219d92253cf073a72605f4087aa3443c8e4aadc0af2dc3ac647d0fa1b5ac99cd6987abafe6d690ae71cd5fd2aeeabe7589bfb4748aabdfba,blockNumber=3047
info|2023-07-09 20:57:19.701194|[WS]receive block notify,endpoint=127.0.0.1:20200,blk={
	"blockNumber" : 3047,
	"group" : "group0",
	"nodeName" : "98a7f70ec883a722219d92253cf073a72605f4087aa3443c8e4aadc0af2dc3ac647d0fa1b5ac99cd6987abafe6d690ae71cd5fd2aeeabe7589bfb4748aabdfba"
}
info|2023-07-09 20:57:19.832408|[RPC][BLOCK][NUMBER][fromJson],group=group0,node=2f993327933ad58672518b6d4f63920cbc68b80f78f4d81192552ee6362f5cc81ee13bdc678ad65f06e76444cadb53b33694cfb3fc7679b8000411975fedd28a,blockNumber=3047
info|2023-07-09 20:57:19.832447|[RPCWS][SERVICE][onRecvBlockNotifier]receive block number notifier,group=group0,node=2f993327933ad58672518b6d4f63920cbc68b80f78f4d81192552ee6362f5cc81ee13bdc678ad65f06e76444cadb53b33694cfb3fc7679b8000411975fedd28a,blockNumber=3047
info|2023-07-09 20:57:19.832455|[WS]receive block notify,endpoint=127.0.0.1:20201,blk={
	"blockNumber" : 3047,
	"group" : "group0",
	"nodeName" : "2f993327933ad58672518b6d4f63920cbc68b80f78f4d81192552ee6362f5cc81ee13bdc678ad65f06e76444cadb53b33694cfb3fc7679b8000411975fedd28a"
}
info|2023-07-09 20:57:20.375939|[RPC][BLOCK][NUMBER][fromJson],group=group0,node=98a7f70ec883a722219d92253cf073a72605f4087aa3443c8e4aadc0af2dc3ac647d0fa1b5ac99cd6987abafe6d690ae71cd5fd2aeeabe7589bfb4748aabdfba,blockNumber=3048
info|2023-07-09 20:57:20.375994|[RPCWS][SERVICE][onRecvBlockNotifier]receive block number notifier,group=group0,node=98a7f70ec883a722219d92253cf073a72605f4087aa3443c8e4aadc0af2dc3ac647d0fa1b5ac99cd6987abafe6d690ae71cd5fd2aeeabe7589bfb4748aabdfba,blockNumber=3048
info|2023-07-09 20:57:20.376002|[RPCWS][SERVICE][updateGroupBlockNumber],groupID=group0,_blockNumber=3048
info|2023-07-09 20:57:20.376008|[RPCWS][SERVICE][onRecvBlockNotifier]block notifier callback,group=group0,node=98a7f70ec883a722219d92253cf073a72605f4087aa3443c8e4aadc0af2dc3ac647d0fa1b5ac99cd6987abafe6d690ae71cd5fd2aeeabe7589bfb4748aabdfba,blockNumber=3048
info|2023-07-09 20:57:20.376013|[WS]receive block notify,endpoint=127.0.0.1:20200,blk={
	"blockNumber" : 3048,
	"group" : "group0",
	"nodeName" : "98a7f70ec883a722219d92253cf073a72605f4087aa3443c8e4aadc0af2dc3ac647d0fa1b5ac99cd6987abafe6d690ae71cd5fd2aeeabe7589bfb4748aabdfba"
}
info|2023-07-09 20:57:20.419179|[RPC][BLOCK][NUMBER][fromJson],group=group0,node=2f993327933ad58672518b6d4f63920cbc68b80f78f4d81192552ee6362f5cc81ee13bdc678ad65f06e76444cadb53b33694cfb3fc7679b8000411975fedd28a,blockNumber=3048
info|2023-07-09 20:57:20.419200|[RPCWS][SERVICE][onRecvBlockNotifier]receive block number notifier,group=group0,node=2f993327933ad58672518b6d4f63920cbc68b80f78f4d81192552ee6362f5cc81ee13bdc678ad65f06e76444cadb53b33694cfb3fc7679b8000411975fedd28a,blockNumber=3048
info|2023-07-09 20:57:20.419208|[WS]receive block notify,endpoint=127.0.0.1:20201,blk={
	"blockNumber" : 3048,
	"group" : "group0",
	"nodeName" : "2f993327933ad58672518b6d4f63920cbc68b80f78f4d81192552ee6362f5cc81ee13bdc678ad65f06e76444cadb53b33694cfb3fc7679b8000411975fedd28a"
}
info|2023-07-09 20:57:21.180184|[RPC][BLOCK][NUMBER][fromJson],group=group0,node=98a7f70ec883a722219d92253cf073a72605f4087aa3443c8e4aadc0af2dc3ac647d0fa1b5ac99cd6987abafe6d690ae71cd5fd2aeeabe7589bfb4748aabdfba,blockNumber=3049
info|2023-07-09 20:57:21.180207|[RPCWS][SERVICE][onRecvBlockNotifier]receive block number notifier,group=group0,node=98a7f70ec883a722219d92253cf073a72605f4087aa3443c8e4aadc0af2dc3ac647d0fa1b5ac99cd6987abafe6d690ae71cd5fd2aeeabe7589bfb4748aabdfba,blockNumber=3049
info|2023-07-09 20:57:21.180214|[RPCWS][SERVICE][updateGroupBlockNumber],groupID=group0,_blockNumber=3049
info|2023-07-09 20:57:21.180218|[RPCWS][SERVICE][onRecvBlockNotifier]block notifier callback,group=group0,node=98a7f70ec883a722219d92253cf073a72605f4087aa3443c8e4aadc0af2dc3ac647d0fa1b5ac99cd6987abafe6d690ae71cd5fd2aeeabe7589bfb4748aabdfba,blockNumber=3049
info|2023-07-09 20:57:21.180222|[WS]receive block notify,endpoint=127.0.0.1:20200,blk={
	"blockNumber" : 3049,
	"group" : "group0",
	"nodeName" : "98a7f70ec883a722219d92253cf073a72605f4087aa3443c8e4aadc0af2dc3ac647d0fa1b5ac99cd6987abafe6d690ae71cd5fd2aeeabe7589bfb4748aabdfba"
}
info|2023-07-09 20:57:21.309581|[RPC][BLOCK][NUMBER][fromJson],group=group0,node=2f993327933ad58672518b6d4f63920cbc68b80f78f4d81192552ee6362f5cc81ee13bdc678ad65f06e76444cadb53b33694cfb3fc7679b8000411975fedd28a,blockNumber=3049
info|2023-07-09 20:57:21.309651|[RPCWS][SERVICE][onRecvBlockNotifier]receive block number notifier,group=group0,node=2f993327933ad58672518b6d4f63920cbc68b80f78f4d81192552ee6362f5cc81ee13bdc678ad65f06e76444cadb53b33694cfb3fc7679b8000411975fedd28a,blockNumber=3049
info|2023-07-09 20:57:21.309672|[WS]receive block notify,endpoint=127.0.0.1:20201,blk={
	"blockNumber" : 3049,
	"group" : "group0",
	"nodeName" : "2f993327933ad58672518b6d4f63920cbc68b80f78f4d81192552ee6362f5cc81ee13bdc678ad65f06e76444cadb53b33694cfb3fc7679b8000411975fedd28a"
}
info|2023-07-09 20:57:21.584497|[EVENT][SUB][doLoop]event sub tasks report,working event sub count=0,suspend event sub count=0
info|2023-07-09 20:57:21.811030|[RPC][BLOCK][NUMBER][fromJson],group=group0,node=2f993327933ad58672518b6d4f63920cbc68b80f78f4d81192552ee6362f5cc81ee13bdc678ad65f06e76444cadb53b33694cfb3fc7679b8000411975fedd28a,blockNumber=3050
info|2023-07-09 20:57:21.811142|[RPCWS][SERVICE][onRecvBlockNotifier]receive block number notifier,group=group0,node=2f993327933ad58672518b6d4f63920cbc68b80f78f4d81192552ee6362f5cc81ee13bdc678ad65f06e76444cadb53b33694cfb3fc7679b8000411975fedd28a,blockNumber=3050
info|2023-07-09 20:57:21.811166|[RPCWS][SERVICE][updateGroupBlockNumber],groupID=group0,_blockNumber=3050
info|2023-07-09 20:57:21.811179|[RPCWS][SERVICE][onRecvBlockNotifier]block notifier callback,group=group0,node=2f993327933ad58672518b6d4f63920cbc68b80f78f4d81192552ee6362f5cc81ee13bdc678ad65f06e76444cadb53b33694cfb3fc7679b8000411975fedd28a,blockNumber=3050
info|2023-07-09 20:57:21.811191|[WS]receive block notify,endpoint=127.0.0.1:20201,blk={
	"blockNumber" : 3050,
	"group" : "group0",
	"nodeName" : "2f993327933ad58672518b6d4f63920cbc68b80f78f4d81192552ee6362f5cc81ee13bdc678ad65f06e76444cadb53b33694cfb3fc7679b8000411975fedd28a"
}
info|2023-07-09 20:57:21.850068|[RPC][BLOCK][NUMBER][fromJson],group=group0,node=98a7f70ec883a722219d92253cf073a72605f4087aa3443c8e4aadc0af2dc3ac647d0fa1b5ac99cd6987abafe6d690ae71cd5fd2aeeabe7589bfb4748aabdfba,blockNumber=3050
info|2023-07-09 20:57:21.850119|[RPCWS][SERVICE][onRecvBlockNotifier]receive block number notifier,group=group0,node=98a7f70ec883a722219d92253cf073a72605f4087aa3443c8e4aadc0af2dc3ac647d0fa1b5ac99cd6987abafe6d690ae71cd5fd2aeeabe7589bfb4748aabdfba,blockNumber=3050
info|2023-07-09 20:57:21.850141|[WS]receive block notify,endpoint=127.0.0.1:20200,blk={
	"blockNumber" : 3050,
	"group" : "group0",
	"nodeName" : "98a7f70ec883a722219d92253cf073a72605f4087aa3443c8e4aadc0af2dc3ac647d0fa1b5ac99cd6987abafe6d690ae71cd5fd2aeeabe7589bfb4748aabdfba"
}
info|2023-07-09 20:57:22.421506|[SDK][WS][SERVICE]connected nodes,count=2
info|2023-07-09 20:57:22.429225|[RPC][BLOCK][NUMBER][fromJson],group=group0,node=98a7f70ec883a722219d92253cf073a72605f4087aa3443c8e4aadc0af2dc3ac647d0fa1b5ac99cd6987abafe6d690ae71cd5fd2aeeabe7589bfb4748aabdfba,blockNumber=3051
info|2023-07-09 20:57:22.429271|[RPCWS][SERVICE][onRecvBlockNotifier]receive block number notifier,group=group0,node=98a7f70ec883a722219d92253cf073a72605f4087aa3443c8e4aadc0af2dc3ac647d0fa1b5ac99cd6987abafe6d690ae71cd5fd2aeeabe7589bfb4748aabdfba,blockNumber=3051
info|2023-07-09 20:57:22.429279|[RPCWS][SERVICE][updateGroupBlockNumber],groupID=group0,_blockNumber=3051
info|2023-07-09 20:57:22.429285|[RPCWS][SERVICE][onRecvBlockNotifier]block notifier callback,group=group0,node=98a7f70ec883a722219d92253cf073a72605f4087aa3443c8e4aadc0af2dc3ac647d0fa1b5ac99cd6987abafe6d690ae71cd5fd2aeeabe7589bfb4748aabdfba,blockNumber=3051
info|2023-07-09 20:57:22.429289|[WS]receive block notify,endpoint=127.0.0.1:20200,blk={
	"blockNumber" : 3051,
	"group" : "group0",
	"nodeName" : "98a7f70ec883a722219d92253cf073a72605f4087aa3443c8e4aadc0af2dc3ac647d0fa1b5ac99cd6987abafe6d690ae71cd5fd2aeeabe7589bfb4748aabdfba"
}
info|2023-07-09 20:57:22.534167|[RPC][BLOCK][NUMBER][fromJson],group=group0,node=2f993327933ad58672518b6d4f63920cbc68b80f78f4d81192552ee6362f5cc81ee13bdc678ad65f06e76444cadb53b33694cfb3fc7679b8000411975fedd28a,blockNumber=3051
info|2023-07-09 20:57:22.534238|[RPCWS][SERVICE][onRecvBlockNotifier]receive block number notifier,group=group0,node=2f993327933ad58672518b6d4f63920cbc68b80f78f4d81192552ee6362f5cc81ee13bdc678ad65f06e76444cadb53b33694cfb3fc7679b8000411975fedd28a,blockNumber=3051
info|2023-07-09 20:57:22.534248|[WS]receive block notify,endpoint=127.0.0.1:20201,blk={
	"blockNumber" : 3051,
	"group" : "group0",
	"nodeName" : "2f993327933ad58672518b6d4f63920cbc68b80f78f4d81192552ee6362f5cc81ee13bdc678ad65f06e76444cadb53b33694cfb3fc7679b8000411975fedd28a"
}
info|2023-07-09 20:57:22.993973|[RPC][BLOCK][NUMBER][fromJson],group=group0,node=98a7f70ec883a722219d92253cf073a72605f4087aa3443c8e4aadc0af2dc3ac647d0fa1b5ac99cd6987abafe6d690ae71cd5fd2aeeabe7589bfb4748aabdfba,blockNumber=3052
info|2023-07-09 20:57:22.994011|[RPCWS][SERVICE][onRecvBlockNotifier]receive block number notifier,group=group0,node=98a7f70ec883a722219d92253cf073a72605f4087aa3443c8e4aadc0af2dc3ac647d0fa1b5ac99cd6987abafe6d690ae71cd5fd2aeeabe7589bfb4748aabdfba,blockNumber=3052
info|2023-07-09 20:57:22.994022|[RPCWS][SERVICE][updateGroupBlockNumber],groupID=group0,_blockNumber=3052
info|2023-07-09 20:57:22.994030|[RPCWS][SERVICE][onRecvBlockNotifier]block notifier callback,group=group0,node=98a7f70ec883a722219d92253cf073a72605f4087aa3443c8e4aadc0af2dc3ac647d0fa1b5ac99cd6987abafe6d690ae71cd5fd2aeeabe7589bfb4748aabdfba,blockNumber=3052
info|2023-07-09 20:57:22.994037|[WS]receive block notify,endpoint=127.0.0.1:20200,blk={
	"blockNumber" : 3052,
	"group" : "group0",
	"nodeName" : "98a7f70ec883a722219d92253cf073a72605f4087aa3443c8e4aadc0af2dc3ac647d0fa1b5ac99cd6987abafe6d690ae71cd5fd2aeeabe7589bfb4748aabdfba"
}
info|2023-07-09 20:57:22.996901|[RPC][BLOCK][NUMBER][fromJson],group=group0,node=2f993327933ad58672518b6d4f63920cbc68b80f78f4d81192552ee6362f5cc81ee13bdc678ad65f06e76444cadb53b33694cfb3fc7679b8000411975fedd28a,blockNumber=3052
info|2023-07-09 20:57:22.996939|[RPCWS][SERVICE][onRecvBlockNotifier]receive block number notifier,group=group0,node=2f993327933ad58672518b6d4f63920cbc68b80f78f4d81192552ee6362f5cc81ee13bdc678ad65f06e76444cadb53b33694cfb3fc7679b8000411975fedd28a,blockNumber=3052
info|2023-07-09 20:57:22.996951|[WS]receive block notify,endpoint=127.0.0.1:20201,blk={
	"blockNumber" : 3052,
	"group" : "group0",
	"nodeName" : "2f993327933ad58672518b6d4f63920cbc68b80f78f4d81192552ee6362f5cc81ee13bdc678ad65f06e76444cadb53b33694cfb3fc7679b8000411975fedd28a"
}
info|2023-07-09 20:57:23.671976|[RPC][BLOCK][NUMBER][fromJson],group=group0,node=98a7f70ec883a722219d92253cf073a72605f4087aa3443c8e4aadc0af2dc3ac647d0fa1b5ac99cd6987abafe6d690ae71cd5fd2aeeabe7589bfb4748aabdfba,blockNumber=3053
info|2023-07-09 20:57:23.672027|[RPCWS][SERVICE][onRecvBlockNotifier]receive block number notifier,group=group0,node=98a7f70ec883a722219d92253cf073a72605f4087aa3443c8e4aadc0af2dc3ac647d0fa1b5ac99cd6987abafe6d690ae71cd5fd2aeeabe7589bfb4748aabdfba,blockNumber=3053
info|2023-07-09 20:57:23.672037|[RPCWS][SERVICE][updateGroupBlockNumber],groupID=group0,_blockNumber=3053
info|2023-07-09 20:57:23.672044|[RPCWS][SERVICE][onRecvBlockNotifier]block notifier callback,group=group0,node=98a7f70ec883a722219d92253cf073a72605f4087aa3443c8e4aadc0af2dc3ac647d0fa1b5ac99cd6987abafe6d690ae71cd5fd2aeeabe7589bfb4748aabdfba,blockNumber=3053
info|2023-07-09 20:57:23.672050|[WS]receive block notify,endpoint=127.0.0.1:20200,blk={
	"blockNumber" : 3053,
	"group" : "group0",
	"nodeName" : "98a7f70ec883a722219d92253cf073a72605f4087aa3443c8e4aadc0af2dc3ac647d0fa1b5ac99cd6987abafe6d690ae71cd5fd2aeeabe7589bfb4748aabdfba"
}
info|2023-07-09 20:57:23.674093|[RPC][BLOCK][NUMBER][fromJson],group=group0,node=2f993327933ad58672518b6d4f63920cbc68b80f78f4d81192552ee6362f5cc81ee13bdc678ad65f06e76444cadb53b33694cfb3fc7679b8000411975fedd28a,blockNumber=3053
info|2023-07-09 20:57:23.674122|[RPCWS][SERVICE][onRecvBlockNotifier]receive block number notifier,group=group0,node=2f993327933ad58672518b6d4f63920cbc68b80f78f4d81192552ee6362f5cc81ee13bdc678ad65f06e76444cadb53b33694cfb3fc7679b8000411975fedd28a,blockNumber=3053
info|2023-07-09 20:57:23.674131|[WS]receive block notify,endpoint=127.0.0.1:20201,blk={
	"blockNumber" : 3053,
	"group" : "group0",
	"nodeName" : "2f993327933ad58672518b6d4f63920cbc68b80f78f4d81192552ee6362f5cc81ee13bdc678ad65f06e76444cadb53b33694cfb3fc7679b8000411975fedd28a"
}
info|2023-07-09 20:57:24.233362|[RPC][BLOCK][NUMBER][fromJson],group=group0,node=2f993327933ad58672518b6d4f63920cbc68b80f78f4d81192552ee6362f5cc81ee13bdc678ad65f06e76444cadb53b33694cfb3fc7679b8000411975fedd28a,blockNumber=3054
info|2023-07-09 20:57:24.233490|[RPCWS][SERVICE][onRecvBlockNotifier]receive block number notifier,group=group0,node=2f993327933ad58672518b6d4f63920cbc68b80f78f4d81192552ee6362f5cc81ee13bdc678ad65f06e76444cadb53b33694cfb3fc7679b8000411975fedd28a,blockNumber=3054
info|2023-07-09 20:57:24.233510|[RPCWS][SERVICE][updateGroupBlockNumber],groupID=group0,_blockNumber=3054
info|2023-07-09 20:57:24.233518|[RPCWS][SERVICE][onRecvBlockNotifier]block notifier callback,group=group0,node=2f993327933ad58672518b6d4f63920cbc68b80f78f4d81192552ee6362f5cc81ee13bdc678ad65f06e76444cadb53b33694cfb3fc7679b8000411975fedd28a,blockNumber=3054
info|2023-07-09 20:57:24.233523|[WS]receive block notify,endpoint=127.0.0.1:20201,blk={
	"blockNumber" : 3054,
	"group" : "group0",
	"nodeName" : "2f993327933ad58672518b6d4f63920cbc68b80f78f4d81192552ee6362f5cc81ee13bdc678ad65f06e76444cadb53b33694cfb3fc7679b8000411975fedd28a"
}
info|2023-07-09 20:57:24.236408|[RPC][BLOCK][NUMBER][fromJson],group=group0,node=98a7f70ec883a722219d92253cf073a72605f4087aa3443c8e4aadc0af2dc3ac647d0fa1b5ac99cd6987abafe6d690ae71cd5fd2aeeabe7589bfb4748aabdfba,blockNumber=3054
info|2023-07-09 20:57:24.236444|[RPCWS][SERVICE][onRecvBlockNotifier]receive block number notifier,group=group0,node=98a7f70ec883a722219d92253cf073a72605f4087aa3443c8e4aadc0af2dc3ac647d0fa1b5ac99cd6987abafe6d690ae71cd5fd2aeeabe7589bfb4748aabdfba,blockNumber=3054
info|2023-07-09 20:57:24.236455|[WS]receive block notify,endpoint=127.0.0.1:20200,blk={
	"blockNumber" : 3054,
	"group" : "group0",
	"nodeName" : "98a7f70ec883a722219d92253cf073a72605f4087aa3443c8e4aadc0af2dc3ac647d0fa1b5ac99cd6987abafe6d690ae71cd5fd2aeeabe7589bfb4748aabdfba"
}
info|2023-07-09 20:57:41.597286|[EVENT][SUB][doLoop]event sub tasks report,working event sub count=0,suspend event sub count=0
info|2023-07-09 20:57:42.444243|[SDK][WS][SERVICE]connected nodes,count=2
info|2023-07-09 20:58:01.622849|[EVENT][SUB][doLoop]event sub tasks report,working event sub count=0,suspend event sub count=0
info|2023-07-09 20:58:02.459199|[SDK][WS][SERVICE]connected nodes,count=2
info|2023-07-09 20:58:21.654578|[EVENT][SUB][doLoop]event sub tasks report,working event sub count=0,suspend event sub count=0
info|2023-07-09 20:58:22.459845|[SDK][WS][SERVICE]connected nodes,count=2
info|2023-07-09 20:58:41.675701|[EVENT][SUB][doLoop]event sub tasks report,working event sub count=0,suspend event sub count=0
info|2023-07-09 20:58:42.471113|[SDK][WS][SERVICE]connected nodes,count=2
info|2023-07-09 20:59:01.684168|[EVENT][SUB][doLoop]event sub tasks report,working event sub count=0,suspend event sub count=0
info|2023-07-09 20:59:02.472100|[SDK][WS][SERVICE]connected nodes,count=2
info|2023-07-09 20:59:21.685326|[EVENT][SUB][doLoop]event sub tasks report,working event sub count=0,suspend event sub count=0
info|2023-07-09 20:59:22.472308|[SDK][WS][SERVICE]connected nodes,count=2
info|2023-07-09 20:59:41.705987|[EVENT][SUB][doLoop]event sub tasks report,working event sub count=0,suspend event sub count=0
info|2023-07-09 20:59:42.609361|[SDK][WS][SERVICE]connected nodes,count=2
