info|2023-07-08 04:00:06.854659|[SDK][WS][SERVICE]connected nodes,count=2
info|2023-07-08 04:00:06.884841|[EVENT][SUB][doLoop]event sub tasks report,working event sub count=0,suspend event sub count=0
info|2023-07-08 04:00:26.855271|[SDK][WS][SERVICE]connected nodes,count=2
info|2023-07-08 04:00:26.885298|[EVENT][SUB][doLoop]event sub tasks report,working event sub count=0,suspend event sub count=0
info|2023-07-08 04:00:46.855459|[SDK][WS][SERVICE]connected nodes,count=2
info|2023-07-08 04:00:46.885900|[EVENT][SUB][doLoop]event sub tasks report,working event sub count=0,suspend event sub count=0
info|2023-07-08 04:01:06.856000|[SDK][WS][SERVICE]connected nodes,count=2
info|2023-07-08 04:01:06.886377|[EVENT][SUB][doLoop]event sub tasks report,working event sub count=0,suspend event sub count=0
info|2023-07-08 04:01:26.856427|[SDK][WS][SERVICE]connected nodes,count=2
info|2023-07-08 04:01:26.886472|[EVENT][SUB][doLoop]event sub tasks report,working event sub count=0,suspend event sub count=0
info|2023-07-08 04:01:46.856791|[SDK][WS][SERVICE]connected nodes,count=2
info|2023-07-08 04:01:46.886589|[EVENT][SUB][doLoop]event sub tasks report,working event sub count=0,suspend event sub count=0
info|2023-07-08 04:02:06.856932|[SDK][WS][SERVICE]connected nodes,count=2
info|2023-07-08 04:02:06.886664|[EVENT][SUB][doLoop]event sub tasks report,working event sub count=0,suspend event sub count=0
info|2023-07-08 04:02:26.857583|[SDK][WS][SERVICE]connected nodes,count=2
info|2023-07-08 04:02:26.886844|[EVENT][SUB][doLoop]event sub tasks report,working event sub count=0,suspend event sub count=0
info|2023-07-08 04:02:46.857754|[SDK][WS][SERVICE]connected nodes,count=2
info|2023-07-08 04:02:46.887208|[EVENT][SUB][doLoop]event sub tasks report,working event sub count=0,suspend event sub count=0
info|2023-07-08 04:03:06.858303|[SDK][WS][SERVICE]connected nodes,count=2
info|2023-07-08 04:03:06.887674|[EVENT][SUB][doLoop]event sub tasks report,working event sub count=0,suspend event sub count=0
info|2023-07-08 04:03:26.858450|[SDK][WS][SERVICE]connected nodes,count=2
info|2023-07-08 04:03:26.888159|[EVENT][SUB][doLoop]event sub tasks report,working event sub count=0,suspend event sub count=0
info|2023-07-08 04:03:46.858731|[SDK][WS][SERVICE]connected nodes,count=2
info|2023-07-08 04:03:46.888340|[EVENT][SUB][doLoop]event sub tasks report,working event sub count=0,suspend event sub count=0
info|2023-07-08 04:04:06.858895|[SDK][WS][SERVICE]connected nodes,count=2
info|2023-07-08 04:04:06.888863|[EVENT][SUB][doLoop]event sub tasks report,working event sub count=0,suspend event sub count=0
info|2023-07-08 04:04:26.859137|[SDK][WS][SERVICE]connected nodes,count=2
info|2023-07-08 04:04:26.889545|[EVENT][SUB][doLoop]event sub tasks report,working event sub count=0,suspend event sub count=0
info|2023-07-08 04:04:46.859410|[SDK][WS][SERVICE]connected nodes,count=2
info|2023-07-08 04:04:46.889908|[EVENT][SUB][doLoop]event sub tasks report,working event sub count=0,suspend event sub count=0
info|2023-07-08 04:05:06.859863|[SDK][WS][SERVICE]connected nodes,count=2
info|2023-07-08 04:05:06.890838|[EVENT][SUB][doLoop]event sub tasks report,working event sub count=0,suspend event sub count=0
info|2023-07-08 04:05:26.860121|[SDK][WS][SERVICE]connected nodes,count=2
info|2023-07-08 04:05:26.891277|[EVENT][SUB][doLoop]event sub tasks report,working event sub count=0,suspend event sub count=0
info|2023-07-08 04:05:46.860363|[SDK][WS][SERVICE]connected nodes,count=2
info|2023-07-08 04:05:46.891458|[EVENT][SUB][doLoop]event sub tasks report,working event sub count=0,suspend event sub count=0
info|2023-07-08 04:06:06.860582|[SDK][WS][SERVICE]connected nodes,count=2
info|2023-07-08 04:06:06.891764|[EVENT][SUB][doLoop]event sub tasks report,working event sub count=0,suspend event sub count=0
info|2023-07-08 04:06:26.860935|[SDK][WS][SERVICE]connected nodes,count=2
info|2023-07-08 04:06:26.892509|[EVENT][SUB][doLoop]event sub tasks report,working event sub count=0,suspend event sub count=0
info|2023-07-08 04:06:46.861469|[SDK][WS][SERVICE]connected nodes,count=2
info|2023-07-08 04:06:46.892585|[EVENT][SUB][doLoop]event sub tasks report,working event sub count=0,suspend event sub count=0
info|2023-07-08 04:07:06.862088|[SDK][WS][SERVICE]connected nodes,count=2
info|2023-07-08 04:07:06.892748|[EVENT][SUB][doLoop]event sub tasks report,working event sub count=0,suspend event sub count=0
info|2023-07-08 04:07:26.862357|[SDK][WS][SERVICE]connected nodes,count=2
info|2023-07-08 04:07:26.893139|[EVENT][SUB][doLoop]event sub tasks report,working event sub count=0,suspend event sub count=0
info|2023-07-08 04:07:46.862615|[SDK][WS][SERVICE]connected nodes,count=2
info|2023-07-08 04:07:46.893338|[EVENT][SUB][doLoop]event sub tasks report,working event sub count=0,suspend event sub count=0
info|2023-07-08 04:08:06.863191|[SDK][WS][SERVICE]connected nodes,count=2
info|2023-07-08 04:08:06.893800|[EVENT][SUB][doLoop]event sub tasks report,working event sub count=0,suspend event sub count=0
info|2023-07-08 04:08:26.863659|[SDK][WS][SERVICE]connected nodes,count=2
info|2023-07-08 04:08:26.893921|[EVENT][SUB][doLoop]event sub tasks report,working event sub count=0,suspend event sub count=0
info|2023-07-08 04:08:46.864074|[SDK][WS][SERVICE]connected nodes,count=2
info|2023-07-08 04:08:46.894478|[EVENT][SUB][doLoop]event sub tasks report,working event sub count=0,suspend event sub count=0
info|2023-07-08 04:09:06.864619|[SDK][WS][SERVICE]connected nodes,count=2
info|2023-07-08 04:09:06.895226|[EVENT][SUB][doLoop]event sub tasks report,working event sub count=0,suspend event sub count=0
info|2023-07-08 04:09:26.865020|[SDK][WS][SERVICE]connected nodes,count=2
info|2023-07-08 04:09:26.895334|[EVENT][SUB][doLoop]event sub tasks report,working event sub count=0,suspend event sub count=0
info|2023-07-08 04:09:46.865429|[SDK][WS][SERVICE]connected nodes,count=2
info|2023-07-08 04:09:46.895524|[EVENT][SUB][doLoop]event sub tasks report,working event sub count=0,suspend event sub count=0
info|2023-07-08 04:10:06.866024|[SDK][WS][SERVICE]connected nodes,count=2
info|2023-07-08 04:10:06.896068|[EVENT][SUB][doLoop]event sub tasks report,working event sub count=0,suspend event sub count=0
info|2023-07-08 04:10:26.866340|[SDK][WS][SERVICE]connected nodes,count=2
info|2023-07-08 04:10:26.896113|[EVENT][SUB][doLoop]event sub tasks report,working event sub count=0,suspend event sub count=0
info|2023-07-08 04:10:46.866708|[SDK][WS][SERVICE]connected nodes,count=2
info|2023-07-08 04:10:46.896348|[EVENT][SUB][doLoop]event sub tasks report,working event sub count=0,suspend event sub count=0
info|2023-07-08 04:11:06.867183|[SDK][WS][SERVICE]connected nodes,count=2
info|2023-07-08 04:11:06.896906|[EVENT][SUB][doLoop]event sub tasks report,working event sub count=0,suspend event sub count=0
info|2023-07-08 04:11:26.867796|[SDK][WS][SERVICE]connected nodes,count=2
info|2023-07-08 04:11:26.897578|[EVENT][SUB][doLoop]event sub tasks report,working event sub count=0,suspend event sub count=0
info|2023-07-08 04:11:46.868353|[SDK][WS][SERVICE]connected nodes,count=2
info|2023-07-08 04:11:46.897901|[EVENT][SUB][doLoop]event sub tasks report,working event sub count=0,suspend event sub count=0
info|2023-07-08 04:12:06.868512|[SDK][WS][SERVICE]connected nodes,count=2
info|2023-07-08 04:12:06.898097|[EVENT][SUB][doLoop]event sub tasks report,working event sub count=0,suspend event sub count=0
info|2023-07-08 04:12:26.868634|[SDK][WS][SERVICE]connected nodes,count=2
info|2023-07-08 04:12:26.898239|[EVENT][SUB][doLoop]event sub tasks report,working event sub count=0,suspend event sub count=0
info|2023-07-08 04:12:46.869366|[SDK][WS][SERVICE]connected nodes,count=2
info|2023-07-08 04:12:46.898512|[EVENT][SUB][doLoop]event sub tasks report,working event sub count=0,suspend event sub count=0
info|2023-07-08 04:13:06.869507|[SDK][WS][SERVICE]connected nodes,count=2
info|2023-07-08 04:13:06.898880|[EVENT][SUB][doLoop]event sub tasks report,working event sub count=0,suspend event sub count=0
info|2023-07-08 04:13:26.869890|[SDK][WS][SERVICE]connected nodes,count=2
info|2023-07-08 04:13:26.899229|[EVENT][SUB][doLoop]event sub tasks report,working event sub count=0,suspend event sub count=0
info|2023-07-08 04:13:46.870255|[SDK][WS][SERVICE]connected nodes,count=2
info|2023-07-08 04:13:46.899353|[EVENT][SUB][doLoop]event sub tasks report,working event sub count=0,suspend event sub count=0
info|2023-07-08 04:14:06.870943|[SDK][WS][SERVICE]connected nodes,count=2
info|2023-07-08 04:14:06.899582|[EVENT][SUB][doLoop]event sub tasks report,working event sub count=0,suspend event sub count=0
info|2023-07-08 04:14:26.871665|[SDK][WS][SERVICE]connected nodes,count=2
info|2023-07-08 04:14:26.900089|[EVENT][SUB][doLoop]event sub tasks report,working event sub count=0,suspend event sub count=0
info|2023-07-08 04:14:46.872105|[SDK][WS][SERVICE]connected nodes,count=2
info|2023-07-08 04:14:46.900468|[EVENT][SUB][doLoop]event sub tasks report,working event sub count=0,suspend event sub count=0
info|2023-07-08 04:15:06.872254|[SDK][WS][SERVICE]connected nodes,count=2
info|2023-07-08 04:15:06.900766|[EVENT][SUB][doLoop]event sub tasks report,working event sub count=0,suspend event sub count=0
info|2023-07-08 04:15:26.872908|[SDK][WS][SERVICE]connected nodes,count=2
info|2023-07-08 04:15:26.901048|[EVENT][SUB][doLoop]event sub tasks report,working event sub count=0,suspend event sub count=0
info|2023-07-08 04:15:46.873611|[SDK][WS][SERVICE]connected nodes,count=2
info|2023-07-08 04:15:46.901369|[EVENT][SUB][doLoop]event sub tasks report,working event sub count=0,suspend event sub count=0
info|2023-07-08 04:16:06.874161|[SDK][WS][SERVICE]connected nodes,count=2
info|2023-07-08 04:16:06.901503|[EVENT][SUB][doLoop]event sub tasks report,working event sub count=0,suspend event sub count=0
info|2023-07-08 04:16:26.874400|[SDK][WS][SERVICE]connected nodes,count=2
info|2023-07-08 04:16:26.901958|[EVENT][SUB][doLoop]event sub tasks report,working event sub count=0,suspend event sub count=0
info|2023-07-08 04:16:46.874853|[SDK][WS][SERVICE]connected nodes,count=2
info|2023-07-08 04:16:46.902224|[EVENT][SUB][doLoop]event sub tasks report,working event sub count=0,suspend event sub count=0
info|2023-07-08 04:17:06.875300|[SDK][WS][SERVICE]connected nodes,count=2
info|2023-07-08 04:17:06.902256|[EVENT][SUB][doLoop]event sub tasks report,working event sub count=0,suspend event sub count=0
info|2023-07-08 04:17:26.875567|[SDK][WS][SERVICE]connected nodes,count=2
info|2023-07-08 04:17:26.902451|[EVENT][SUB][doLoop]event sub tasks report,working event sub count=0,suspend event sub count=0
info|2023-07-08 04:17:46.876094|[SDK][WS][SERVICE]connected nodes,count=2
info|2023-07-08 04:17:46.902822|[EVENT][SUB][doLoop]event sub tasks report,working event sub count=0,suspend event sub count=0
info|2023-07-08 04:18:06.876757|[SDK][WS][SERVICE]connected nodes,count=2
info|2023-07-08 04:18:06.903471|[EVENT][SUB][doLoop]event sub tasks report,working event sub count=0,suspend event sub count=0
info|2023-07-08 04:18:26.877213|[SDK][WS][SERVICE]connected nodes,count=2
info|2023-07-08 04:18:26.903907|[EVENT][SUB][doLoop]event sub tasks report,working event sub count=0,suspend event sub count=0
info|2023-07-08 04:18:46.878297|[SDK][WS][SERVICE]connected nodes,count=2
info|2023-07-08 04:18:46.904086|[EVENT][SUB][doLoop]event sub tasks report,working event sub count=0,suspend event sub count=0
info|2023-07-08 04:19:06.879026|[SDK][WS][SERVICE]connected nodes,count=2
info|2023-07-08 04:19:06.904241|[EVENT][SUB][doLoop]event sub tasks report,working event sub count=0,suspend event sub count=0
info|2023-07-08 04:19:26.879391|[SDK][WS][SERVICE]connected nodes,count=2
info|2023-07-08 04:19:26.904423|[EVENT][SUB][doLoop]event sub tasks report,working event sub count=0,suspend event sub count=0
info|2023-07-08 04:19:46.879601|[SDK][WS][SERVICE]connected nodes,count=2
info|2023-07-08 04:19:46.904522|[EVENT][SUB][doLoop]event sub tasks report,working event sub count=0,suspend event sub count=0
info|2023-07-08 04:20:06.880273|[SDK][WS][SERVICE]connected nodes,count=2
info|2023-07-08 04:20:06.904646|[EVENT][SUB][doLoop]event sub tasks report,working event sub count=0,suspend event sub count=0
info|2023-07-08 04:20:26.881114|[SDK][WS][SERVICE]connected nodes,count=2
info|2023-07-08 04:20:26.905334|[EVENT][SUB][doLoop]event sub tasks report,working event sub count=0,suspend event sub count=0
info|2023-07-08 04:20:46.881703|[SDK][WS][SERVICE]connected nodes,count=2
info|2023-07-08 04:20:46.906159|[EVENT][SUB][doLoop]event sub tasks report,working event sub count=0,suspend event sub count=0
info|2023-07-08 04:21:06.881933|[SDK][WS][SERVICE]connected nodes,count=2
info|2023-07-08 04:21:06.906676|[EVENT][SUB][doLoop]event sub tasks report,working event sub count=0,suspend event sub count=0
info|2023-07-08 04:21:26.882449|[SDK][WS][SERVICE]connected nodes,count=2
info|2023-07-08 04:21:26.906904|[EVENT][SUB][doLoop]event sub tasks report,working event sub count=0,suspend event sub count=0
info|2023-07-08 04:21:46.882628|[SDK][WS][SERVICE]connected nodes,count=2
info|2023-07-08 04:21:46.907071|[EVENT][SUB][doLoop]event sub tasks report,working event sub count=0,suspend event sub count=0
info|2023-07-08 04:22:06.883143|[SDK][WS][SERVICE]connected nodes,count=2
info|2023-07-08 04:22:06.907251|[EVENT][SUB][doLoop]event sub tasks report,working event sub count=0,suspend event sub count=0
info|2023-07-08 04:22:26.883505|[SDK][WS][SERVICE]connected nodes,count=2
info|2023-07-08 04:22:26.907815|[EVENT][SUB][doLoop]event sub tasks report,working event sub count=0,suspend event sub count=0
info|2023-07-08 04:22:46.884073|[SDK][WS][SERVICE]connected nodes,count=2
info|2023-07-08 04:22:46.907897|[EVENT][SUB][doLoop]event sub tasks report,working event sub count=0,suspend event sub count=0
info|2023-07-08 04:23:06.884681|[SDK][WS][SERVICE]connected nodes,count=2
info|2023-07-08 04:23:06.908345|[EVENT][SUB][doLoop]event sub tasks report,working event sub count=0,suspend event sub count=0
info|2023-07-08 04:23:26.885358|[SDK][WS][SERVICE]connected nodes,count=2
info|2023-07-08 04:23:26.908806|[EVENT][SUB][doLoop]event sub tasks report,working event sub count=0,suspend event sub count=0
info|2023-07-08 04:23:46.885684|[SDK][WS][SERVICE]connected nodes,count=2
info|2023-07-08 04:23:46.908821|[EVENT][SUB][doLoop]event sub tasks report,working event sub count=0,suspend event sub count=0
info|2023-07-08 04:24:06.886268|[SDK][WS][SERVICE]connected nodes,count=2
info|2023-07-08 04:24:06.908980|[EVENT][SUB][doLoop]event sub tasks report,working event sub count=0,suspend event sub count=0
info|2023-07-08 04:24:26.886494|[SDK][WS][SERVICE]connected nodes,count=2
info|2023-07-08 04:24:26.909490|[EVENT][SUB][doLoop]event sub tasks report,working event sub count=0,suspend event sub count=0
info|2023-07-08 04:24:46.887110|[SDK][WS][SERVICE]connected nodes,count=2
info|2023-07-08 04:24:46.909704|[EVENT][SUB][doLoop]event sub tasks report,working event sub count=0,suspend event sub count=0
info|2023-07-08 04:25:06.887598|[SDK][WS][SERVICE]connected nodes,count=2
info|2023-07-08 04:25:06.910701|[EVENT][SUB][doLoop]event sub tasks report,working event sub count=0,suspend event sub count=0
info|2023-07-08 04:25:26.888458|[SDK][WS][SERVICE]connected nodes,count=2
info|2023-07-08 04:25:26.910721|[EVENT][SUB][doLoop]event sub tasks report,working event sub count=0,suspend event sub count=0
info|2023-07-08 04:25:46.888906|[SDK][WS][SERVICE]connected nodes,count=2
info|2023-07-08 04:25:46.914967|[EVENT][SUB][doLoop]event sub tasks report,working event sub count=0,suspend event sub count=0
info|2023-07-08 04:26:06.889341|[SDK][WS][SERVICE]connected nodes,count=2
info|2023-07-08 04:26:06.915077|[EVENT][SUB][doLoop]event sub tasks report,working event sub count=0,suspend event sub count=0
info|2023-07-08 04:26:26.889629|[SDK][WS][SERVICE]connected nodes,count=2
info|2023-07-08 04:26:26.915194|[EVENT][SUB][doLoop]event sub tasks report,working event sub count=0,suspend event sub count=0
info|2023-07-08 04:26:46.890357|[SDK][WS][SERVICE]connected nodes,count=2
info|2023-07-08 04:26:46.915730|[EVENT][SUB][doLoop]event sub tasks report,working event sub count=0,suspend event sub count=0
info|2023-07-08 04:27:06.890773|[SDK][WS][SERVICE]connected nodes,count=2
info|2023-07-08 04:27:06.915828|[EVENT][SUB][doLoop]event sub tasks report,working event sub count=0,suspend event sub count=0
info|2023-07-08 04:27:13.876558|[RPC][BLOCK][NUMBER][fromJson],group=group0,node=98a7f70ec883a722219d92253cf073a72605f4087aa3443c8e4aadc0af2dc3ac647d0fa1b5ac99cd6987abafe6d690ae71cd5fd2aeeabe7589bfb4748aabdfba,blockNumber=1743
info|2023-07-08 04:27:13.876617|[RPCWS][SERVICE][onRecvBlockNotifier]receive block number notifier,group=group0,node=98a7f70ec883a722219d92253cf073a72605f4087aa3443c8e4aadc0af2dc3ac647d0fa1b5ac99cd6987abafe6d690ae71cd5fd2aeeabe7589bfb4748aabdfba,blockNumber=1743
info|2023-07-08 04:27:13.876627|[RPCWS][SERVICE][updateGroupBlockNumber],groupID=group0,_blockNumber=1743
info|2023-07-08 04:27:13.876632|[RPCWS][SERVICE][onRecvBlockNotifier]block notifier callback,group=group0,node=98a7f70ec883a722219d92253cf073a72605f4087aa3443c8e4aadc0af2dc3ac647d0fa1b5ac99cd6987abafe6d690ae71cd5fd2aeeabe7589bfb4748aabdfba,blockNumber=1743
info|2023-07-08 04:27:13.876636|[WS]receive block notify,endpoint=127.0.0.1:20200,blk={
	"blockNumber" : 1743,
	"group" : "group0",
	"nodeName" : "98a7f70ec883a722219d92253cf073a72605f4087aa3443c8e4aadc0af2dc3ac647d0fa1b5ac99cd6987abafe6d690ae71cd5fd2aeeabe7589bfb4748aabdfba"
}
info|2023-07-08 04:27:13.898629|[RPC][BLOCK][NUMBER][fromJson],group=group0,node=2f993327933ad58672518b6d4f63920cbc68b80f78f4d81192552ee6362f5cc81ee13bdc678ad65f06e76444cadb53b33694cfb3fc7679b8000411975fedd28a,blockNumber=1743
info|2023-07-08 04:27:13.898667|[RPCWS][SERVICE][onRecvBlockNotifier]receive block number notifier,group=group0,node=2f993327933ad58672518b6d4f63920cbc68b80f78f4d81192552ee6362f5cc81ee13bdc678ad65f06e76444cadb53b33694cfb3fc7679b8000411975fedd28a,blockNumber=1743
info|2023-07-08 04:27:13.898675|[WS]receive block notify,endpoint=127.0.0.1:20201,blk={
	"blockNumber" : 1743,
	"group" : "group0",
	"nodeName" : "2f993327933ad58672518b6d4f63920cbc68b80f78f4d81192552ee6362f5cc81ee13bdc678ad65f06e76444cadb53b33694cfb3fc7679b8000411975fedd28a"
}
info|2023-07-08 04:27:14.407756|[RPC][BLOCK][NUMBER][fromJson],group=group0,node=98a7f70ec883a722219d92253cf073a72605f4087aa3443c8e4aadc0af2dc3ac647d0fa1b5ac99cd6987abafe6d690ae71cd5fd2aeeabe7589bfb4748aabdfba,blockNumber=1744
info|2023-07-08 04:27:14.407778|[RPCWS][SERVICE][onRecvBlockNotifier]receive block number notifier,group=group0,node=98a7f70ec883a722219d92253cf073a72605f4087aa3443c8e4aadc0af2dc3ac647d0fa1b5ac99cd6987abafe6d690ae71cd5fd2aeeabe7589bfb4748aabdfba,blockNumber=1744
info|2023-07-08 04:27:14.407782|[RPCWS][SERVICE][updateGroupBlockNumber],groupID=group0,_blockNumber=1744
info|2023-07-08 04:27:14.407804|[RPCWS][SERVICE][onRecvBlockNotifier]block notifier callback,group=group0,node=98a7f70ec883a722219d92253cf073a72605f4087aa3443c8e4aadc0af2dc3ac647d0fa1b5ac99cd6987abafe6d690ae71cd5fd2aeeabe7589bfb4748aabdfba,blockNumber=1744
info|2023-07-08 04:27:14.407808|[WS]receive block notify,endpoint=127.0.0.1:20200,blk={
	"blockNumber" : 1744,
	"group" : "group0",
	"nodeName" : "98a7f70ec883a722219d92253cf073a72605f4087aa3443c8e4aadc0af2dc3ac647d0fa1b5ac99cd6987abafe6d690ae71cd5fd2aeeabe7589bfb4748aabdfba"
}
info|2023-07-08 04:27:14.420107|[RPC][BLOCK][NUMBER][fromJson],group=group0,node=2f993327933ad58672518b6d4f63920cbc68b80f78f4d81192552ee6362f5cc81ee13bdc678ad65f06e76444cadb53b33694cfb3fc7679b8000411975fedd28a,blockNumber=1744
info|2023-07-08 04:27:14.420128|[RPCWS][SERVICE][onRecvBlockNotifier]receive block number notifier,group=group0,node=2f993327933ad58672518b6d4f63920cbc68b80f78f4d81192552ee6362f5cc81ee13bdc678ad65f06e76444cadb53b33694cfb3fc7679b8000411975fedd28a,blockNumber=1744
info|2023-07-08 04:27:14.420135|[WS]receive block notify,endpoint=127.0.0.1:20201,blk={
	"blockNumber" : 1744,
	"group" : "group0",
	"nodeName" : "2f993327933ad58672518b6d4f63920cbc68b80f78f4d81192552ee6362f5cc81ee13bdc678ad65f06e76444cadb53b33694cfb3fc7679b8000411975fedd28a"
}
info|2023-07-08 04:27:14.971235|[RPC][BLOCK][NUMBER][fromJson],group=group0,node=2f993327933ad58672518b6d4f63920cbc68b80f78f4d81192552ee6362f5cc81ee13bdc678ad65f06e76444cadb53b33694cfb3fc7679b8000411975fedd28a,blockNumber=1745
info|2023-07-08 04:27:14.971290|[RPCWS][SERVICE][onRecvBlockNotifier]receive block number notifier,group=group0,node=2f993327933ad58672518b6d4f63920cbc68b80f78f4d81192552ee6362f5cc81ee13bdc678ad65f06e76444cadb53b33694cfb3fc7679b8000411975fedd28a,blockNumber=1745
info|2023-07-08 04:27:14.971301|[RPCWS][SERVICE][updateGroupBlockNumber],groupID=group0,_blockNumber=1745
info|2023-07-08 04:27:14.971308|[RPCWS][SERVICE][onRecvBlockNotifier]block notifier callback,group=group0,node=2f993327933ad58672518b6d4f63920cbc68b80f78f4d81192552ee6362f5cc81ee13bdc678ad65f06e76444cadb53b33694cfb3fc7679b8000411975fedd28a,blockNumber=1745
info|2023-07-08 04:27:14.971314|[WS]receive block notify,endpoint=127.0.0.1:20201,blk={
	"blockNumber" : 1745,
	"group" : "group0",
	"nodeName" : "2f993327933ad58672518b6d4f63920cbc68b80f78f4d81192552ee6362f5cc81ee13bdc678ad65f06e76444cadb53b33694cfb3fc7679b8000411975fedd28a"
}
info|2023-07-08 04:27:14.976907|[RPC][BLOCK][NUMBER][fromJson],group=group0,node=98a7f70ec883a722219d92253cf073a72605f4087aa3443c8e4aadc0af2dc3ac647d0fa1b5ac99cd6987abafe6d690ae71cd5fd2aeeabe7589bfb4748aabdfba,blockNumber=1745
info|2023-07-08 04:27:14.976975|[RPCWS][SERVICE][onRecvBlockNotifier]receive block number notifier,group=group0,node=98a7f70ec883a722219d92253cf073a72605f4087aa3443c8e4aadc0af2dc3ac647d0fa1b5ac99cd6987abafe6d690ae71cd5fd2aeeabe7589bfb4748aabdfba,blockNumber=1745
info|2023-07-08 04:27:14.976987|[WS]receive block notify,endpoint=127.0.0.1:20200,blk={
	"blockNumber" : 1745,
	"group" : "group0",
	"nodeName" : "98a7f70ec883a722219d92253cf073a72605f4087aa3443c8e4aadc0af2dc3ac647d0fa1b5ac99cd6987abafe6d690ae71cd5fd2aeeabe7589bfb4748aabdfba"
}
info|2023-07-08 04:27:15.513433|[RPC][BLOCK][NUMBER][fromJson],group=group0,node=98a7f70ec883a722219d92253cf073a72605f4087aa3443c8e4aadc0af2dc3ac647d0fa1b5ac99cd6987abafe6d690ae71cd5fd2aeeabe7589bfb4748aabdfba,blockNumber=1746
info|2023-07-08 04:27:15.513481|[RPCWS][SERVICE][onRecvBlockNotifier]receive block number notifier,group=group0,node=98a7f70ec883a722219d92253cf073a72605f4087aa3443c8e4aadc0af2dc3ac647d0fa1b5ac99cd6987abafe6d690ae71cd5fd2aeeabe7589bfb4748aabdfba,blockNumber=1746
info|2023-07-08 04:27:15.513488|[RPCWS][SERVICE][updateGroupBlockNumber],groupID=group0,_blockNumber=1746
info|2023-07-08 04:27:15.513492|[RPCWS][SERVICE][onRecvBlockNotifier]block notifier callback,group=group0,node=98a7f70ec883a722219d92253cf073a72605f4087aa3443c8e4aadc0af2dc3ac647d0fa1b5ac99cd6987abafe6d690ae71cd5fd2aeeabe7589bfb4748aabdfba,blockNumber=1746
info|2023-07-08 04:27:15.513495|[WS]receive block notify,endpoint=127.0.0.1:20200,blk={
	"blockNumber" : 1746,
	"group" : "group0",
	"nodeName" : "98a7f70ec883a722219d92253cf073a72605f4087aa3443c8e4aadc0af2dc3ac647d0fa1b5ac99cd6987abafe6d690ae71cd5fd2aeeabe7589bfb4748aabdfba"
}
info|2023-07-08 04:27:15.621082|[RPC][BLOCK][NUMBER][fromJson],group=group0,node=2f993327933ad58672518b6d4f63920cbc68b80f78f4d81192552ee6362f5cc81ee13bdc678ad65f06e76444cadb53b33694cfb3fc7679b8000411975fedd28a,blockNumber=1746
info|2023-07-08 04:27:15.621117|[RPCWS][SERVICE][onRecvBlockNotifier]receive block number notifier,group=group0,node=2f993327933ad58672518b6d4f63920cbc68b80f78f4d81192552ee6362f5cc81ee13bdc678ad65f06e76444cadb53b33694cfb3fc7679b8000411975fedd28a,blockNumber=1746
info|2023-07-08 04:27:15.621125|[WS]receive block notify,endpoint=127.0.0.1:20201,blk={
	"blockNumber" : 1746,
	"group" : "group0",
	"nodeName" : "2f993327933ad58672518b6d4f63920cbc68b80f78f4d81192552ee6362f5cc81ee13bdc678ad65f06e76444cadb53b33694cfb3fc7679b8000411975fedd28a"
}
info|2023-07-08 04:27:16.111784|[RPC][BLOCK][NUMBER][fromJson],group=group0,node=98a7f70ec883a722219d92253cf073a72605f4087aa3443c8e4aadc0af2dc3ac647d0fa1b5ac99cd6987abafe6d690ae71cd5fd2aeeabe7589bfb4748aabdfba,blockNumber=1747
info|2023-07-08 04:27:16.111827|[RPCWS][SERVICE][onRecvBlockNotifier]receive block number notifier,group=group0,node=98a7f70ec883a722219d92253cf073a72605f4087aa3443c8e4aadc0af2dc3ac647d0fa1b5ac99cd6987abafe6d690ae71cd5fd2aeeabe7589bfb4748aabdfba,blockNumber=1747
info|2023-07-08 04:27:16.111835|[RPCWS][SERVICE][updateGroupBlockNumber],groupID=group0,_blockNumber=1747
info|2023-07-08 04:27:16.111841|[RPCWS][SERVICE][onRecvBlockNotifier]block notifier callback,group=group0,node=98a7f70ec883a722219d92253cf073a72605f4087aa3443c8e4aadc0af2dc3ac647d0fa1b5ac99cd6987abafe6d690ae71cd5fd2aeeabe7589bfb4748aabdfba,blockNumber=1747
info|2023-07-08 04:27:16.111846|[WS]receive block notify,endpoint=127.0.0.1:20200,blk={
	"blockNumber" : 1747,
	"group" : "group0",
	"nodeName" : "98a7f70ec883a722219d92253cf073a72605f4087aa3443c8e4aadc0af2dc3ac647d0fa1b5ac99cd6987abafe6d690ae71cd5fd2aeeabe7589bfb4748aabdfba"
}
info|2023-07-08 04:27:16.151710|[RPC][BLOCK][NUMBER][fromJson],group=group0,node=2f993327933ad58672518b6d4f63920cbc68b80f78f4d81192552ee6362f5cc81ee13bdc678ad65f06e76444cadb53b33694cfb3fc7679b8000411975fedd28a,blockNumber=1747
info|2023-07-08 04:27:16.151734|[RPCWS][SERVICE][onRecvBlockNotifier]receive block number notifier,group=group0,node=2f993327933ad58672518b6d4f63920cbc68b80f78f4d81192552ee6362f5cc81ee13bdc678ad65f06e76444cadb53b33694cfb3fc7679b8000411975fedd28a,blockNumber=1747
info|2023-07-08 04:27:16.151760|[WS]receive block notify,endpoint=127.0.0.1:20201,blk={
	"blockNumber" : 1747,
	"group" : "group0",
	"nodeName" : "2f993327933ad58672518b6d4f63920cbc68b80f78f4d81192552ee6362f5cc81ee13bdc678ad65f06e76444cadb53b33694cfb3fc7679b8000411975fedd28a"
}
info|2023-07-08 04:27:16.629604|[RPC][BLOCK][NUMBER][fromJson],group=group0,node=2f993327933ad58672518b6d4f63920cbc68b80f78f4d81192552ee6362f5cc81ee13bdc678ad65f06e76444cadb53b33694cfb3fc7679b8000411975fedd28a,blockNumber=1748
info|2023-07-08 04:27:16.629626|[RPCWS][SERVICE][onRecvBlockNotifier]receive block number notifier,group=group0,node=2f993327933ad58672518b6d4f63920cbc68b80f78f4d81192552ee6362f5cc81ee13bdc678ad65f06e76444cadb53b33694cfb3fc7679b8000411975fedd28a,blockNumber=1748
info|2023-07-08 04:27:16.629632|[RPCWS][SERVICE][updateGroupBlockNumber],groupID=group0,_blockNumber=1748
info|2023-07-08 04:27:16.629636|[RPCWS][SERVICE][onRecvBlockNotifier]block notifier callback,group=group0,node=2f993327933ad58672518b6d4f63920cbc68b80f78f4d81192552ee6362f5cc81ee13bdc678ad65f06e76444cadb53b33694cfb3fc7679b8000411975fedd28a,blockNumber=1748
info|2023-07-08 04:27:16.629640|[WS]receive block notify,endpoint=127.0.0.1:20201,blk={
	"blockNumber" : 1748,
	"group" : "group0",
	"nodeName" : "2f993327933ad58672518b6d4f63920cbc68b80f78f4d81192552ee6362f5cc81ee13bdc678ad65f06e76444cadb53b33694cfb3fc7679b8000411975fedd28a"
}
info|2023-07-08 04:27:16.631241|[RPC][BLOCK][NUMBER][fromJson],group=group0,node=98a7f70ec883a722219d92253cf073a72605f4087aa3443c8e4aadc0af2dc3ac647d0fa1b5ac99cd6987abafe6d690ae71cd5fd2aeeabe7589bfb4748aabdfba,blockNumber=1748
info|2023-07-08 04:27:16.631274|[RPCWS][SERVICE][onRecvBlockNotifier]receive block number notifier,group=group0,node=98a7f70ec883a722219d92253cf073a72605f4087aa3443c8e4aadc0af2dc3ac647d0fa1b5ac99cd6987abafe6d690ae71cd5fd2aeeabe7589bfb4748aabdfba,blockNumber=1748
info|2023-07-08 04:27:16.631282|[WS]receive block notify,endpoint=127.0.0.1:20200,blk={
	"blockNumber" : 1748,
	"group" : "group0",
	"nodeName" : "98a7f70ec883a722219d92253cf073a72605f4087aa3443c8e4aadc0af2dc3ac647d0fa1b5ac99cd6987abafe6d690ae71cd5fd2aeeabe7589bfb4748aabdfba"
}
info|2023-07-08 04:27:17.209557|[RPC][BLOCK][NUMBER][fromJson],group=group0,node=98a7f70ec883a722219d92253cf073a72605f4087aa3443c8e4aadc0af2dc3ac647d0fa1b5ac99cd6987abafe6d690ae71cd5fd2aeeabe7589bfb4748aabdfba,blockNumber=1749
info|2023-07-08 04:27:17.209609|[RPCWS][SERVICE][onRecvBlockNotifier]receive block number notifier,group=group0,node=98a7f70ec883a722219d92253cf073a72605f4087aa3443c8e4aadc0af2dc3ac647d0fa1b5ac99cd6987abafe6d690ae71cd5fd2aeeabe7589bfb4748aabdfba,blockNumber=1749
info|2023-07-08 04:27:17.209616|[RPCWS][SERVICE][updateGroupBlockNumber],groupID=group0,_blockNumber=1749
info|2023-07-08 04:27:17.209621|[RPCWS][SERVICE][onRecvBlockNotifier]block notifier callback,group=group0,node=98a7f70ec883a722219d92253cf073a72605f4087aa3443c8e4aadc0af2dc3ac647d0fa1b5ac99cd6987abafe6d690ae71cd5fd2aeeabe7589bfb4748aabdfba,blockNumber=1749
info|2023-07-08 04:27:17.209624|[WS]receive block notify,endpoint=127.0.0.1:20200,blk={
	"blockNumber" : 1749,
	"group" : "group0",
	"nodeName" : "98a7f70ec883a722219d92253cf073a72605f4087aa3443c8e4aadc0af2dc3ac647d0fa1b5ac99cd6987abafe6d690ae71cd5fd2aeeabe7589bfb4748aabdfba"
}
info|2023-07-08 04:27:17.218670|[RPC][BLOCK][NUMBER][fromJson],group=group0,node=2f993327933ad58672518b6d4f63920cbc68b80f78f4d81192552ee6362f5cc81ee13bdc678ad65f06e76444cadb53b33694cfb3fc7679b8000411975fedd28a,blockNumber=1749
info|2023-07-08 04:27:17.218692|[RPCWS][SERVICE][onRecvBlockNotifier]receive block number notifier,group=group0,node=2f993327933ad58672518b6d4f63920cbc68b80f78f4d81192552ee6362f5cc81ee13bdc678ad65f06e76444cadb53b33694cfb3fc7679b8000411975fedd28a,blockNumber=1749
info|2023-07-08 04:27:17.218699|[WS]receive block notify,endpoint=127.0.0.1:20201,blk={
	"blockNumber" : 1749,
	"group" : "group0",
	"nodeName" : "2f993327933ad58672518b6d4f63920cbc68b80f78f4d81192552ee6362f5cc81ee13bdc678ad65f06e76444cadb53b33694cfb3fc7679b8000411975fedd28a"
}
info|2023-07-08 04:27:17.797424|[RPC][BLOCK][NUMBER][fromJson],group=group0,node=98a7f70ec883a722219d92253cf073a72605f4087aa3443c8e4aadc0af2dc3ac647d0fa1b5ac99cd6987abafe6d690ae71cd5fd2aeeabe7589bfb4748aabdfba,blockNumber=1750
info|2023-07-08 04:27:17.797480|[RPCWS][SERVICE][onRecvBlockNotifier]receive block number notifier,group=group0,node=98a7f70ec883a722219d92253cf073a72605f4087aa3443c8e4aadc0af2dc3ac647d0fa1b5ac99cd6987abafe6d690ae71cd5fd2aeeabe7589bfb4748aabdfba,blockNumber=1750
info|2023-07-08 04:27:17.797491|[RPCWS][SERVICE][updateGroupBlockNumber],groupID=group0,_blockNumber=1750
info|2023-07-08 04:27:17.797498|[RPCWS][SERVICE][onRecvBlockNotifier]block notifier callback,group=group0,node=98a7f70ec883a722219d92253cf073a72605f4087aa3443c8e4aadc0af2dc3ac647d0fa1b5ac99cd6987abafe6d690ae71cd5fd2aeeabe7589bfb4748aabdfba,blockNumber=1750
info|2023-07-08 04:27:17.797505|[WS]receive block notify,endpoint=127.0.0.1:20200,blk={
	"blockNumber" : 1750,
	"group" : "group0",
	"nodeName" : "98a7f70ec883a722219d92253cf073a72605f4087aa3443c8e4aadc0af2dc3ac647d0fa1b5ac99cd6987abafe6d690ae71cd5fd2aeeabe7589bfb4748aabdfba"
}
info|2023-07-08 04:27:17.813869|[RPC][BLOCK][NUMBER][fromJson],group=group0,node=2f993327933ad58672518b6d4f63920cbc68b80f78f4d81192552ee6362f5cc81ee13bdc678ad65f06e76444cadb53b33694cfb3fc7679b8000411975fedd28a,blockNumber=1750
info|2023-07-08 04:27:17.813927|[RPCWS][SERVICE][onRecvBlockNotifier]receive block number notifier,group=group0,node=2f993327933ad58672518b6d4f63920cbc68b80f78f4d81192552ee6362f5cc81ee13bdc678ad65f06e76444cadb53b33694cfb3fc7679b8000411975fedd28a,blockNumber=1750
info|2023-07-08 04:27:17.813941|[WS]receive block notify,endpoint=127.0.0.1:20201,blk={
	"blockNumber" : 1750,
	"group" : "group0",
	"nodeName" : "2f993327933ad58672518b6d4f63920cbc68b80f78f4d81192552ee6362f5cc81ee13bdc678ad65f06e76444cadb53b33694cfb3fc7679b8000411975fedd28a"
}
info|2023-07-08 04:27:18.314577|[RPC][BLOCK][NUMBER][fromJson],group=group0,node=98a7f70ec883a722219d92253cf073a72605f4087aa3443c8e4aadc0af2dc3ac647d0fa1b5ac99cd6987abafe6d690ae71cd5fd2aeeabe7589bfb4748aabdfba,blockNumber=1751
info|2023-07-08 04:27:18.314605|[RPCWS][SERVICE][onRecvBlockNotifier]receive block number notifier,group=group0,node=98a7f70ec883a722219d92253cf073a72605f4087aa3443c8e4aadc0af2dc3ac647d0fa1b5ac99cd6987abafe6d690ae71cd5fd2aeeabe7589bfb4748aabdfba,blockNumber=1751
info|2023-07-08 04:27:18.314612|[RPCWS][SERVICE][updateGroupBlockNumber],groupID=group0,_blockNumber=1751
info|2023-07-08 04:27:18.314618|[RPCWS][SERVICE][onRecvBlockNotifier]block notifier callback,group=group0,node=98a7f70ec883a722219d92253cf073a72605f4087aa3443c8e4aadc0af2dc3ac647d0fa1b5ac99cd6987abafe6d690ae71cd5fd2aeeabe7589bfb4748aabdfba,blockNumber=1751
info|2023-07-08 04:27:18.314623|[WS]receive block notify,endpoint=127.0.0.1:20200,blk={
	"blockNumber" : 1751,
	"group" : "group0",
	"nodeName" : "98a7f70ec883a722219d92253cf073a72605f4087aa3443c8e4aadc0af2dc3ac647d0fa1b5ac99cd6987abafe6d690ae71cd5fd2aeeabe7589bfb4748aabdfba"
}
info|2023-07-08 04:27:18.436646|[RPC][BLOCK][NUMBER][fromJson],group=group0,node=2f993327933ad58672518b6d4f63920cbc68b80f78f4d81192552ee6362f5cc81ee13bdc678ad65f06e76444cadb53b33694cfb3fc7679b8000411975fedd28a,blockNumber=1751
info|2023-07-08 04:27:18.436699|[RPCWS][SERVICE][onRecvBlockNotifier]receive block number notifier,group=group0,node=2f993327933ad58672518b6d4f63920cbc68b80f78f4d81192552ee6362f5cc81ee13bdc678ad65f06e76444cadb53b33694cfb3fc7679b8000411975fedd28a,blockNumber=1751
info|2023-07-08 04:27:18.436717|[WS]receive block notify,endpoint=127.0.0.1:20201,blk={
	"blockNumber" : 1751,
	"group" : "group0",
	"nodeName" : "2f993327933ad58672518b6d4f63920cbc68b80f78f4d81192552ee6362f5cc81ee13bdc678ad65f06e76444cadb53b33694cfb3fc7679b8000411975fedd28a"
}
info|2023-07-08 04:27:18.911100|[RPC][BLOCK][NUMBER][fromJson],group=group0,node=2f993327933ad58672518b6d4f63920cbc68b80f78f4d81192552ee6362f5cc81ee13bdc678ad65f06e76444cadb53b33694cfb3fc7679b8000411975fedd28a,blockNumber=1752
info|2023-07-08 04:27:18.911177|[RPCWS][SERVICE][onRecvBlockNotifier]receive block number notifier,group=group0,node=2f993327933ad58672518b6d4f63920cbc68b80f78f4d81192552ee6362f5cc81ee13bdc678ad65f06e76444cadb53b33694cfb3fc7679b8000411975fedd28a,blockNumber=1752
info|2023-07-08 04:27:18.911193|[RPCWS][SERVICE][updateGroupBlockNumber],groupID=group0,_blockNumber=1752
info|2023-07-08 04:27:18.911202|[RPCWS][SERVICE][onRecvBlockNotifier]block notifier callback,group=group0,node=2f993327933ad58672518b6d4f63920cbc68b80f78f4d81192552ee6362f5cc81ee13bdc678ad65f06e76444cadb53b33694cfb3fc7679b8000411975fedd28a,blockNumber=1752
info|2023-07-08 04:27:18.911210|[WS]receive block notify,endpoint=127.0.0.1:20201,blk={
	"blockNumber" : 1752,
	"group" : "group0",
	"nodeName" : "2f993327933ad58672518b6d4f63920cbc68b80f78f4d81192552ee6362f5cc81ee13bdc678ad65f06e76444cadb53b33694cfb3fc7679b8000411975fedd28a"
}
info|2023-07-08 04:27:18.926368|[RPC][BLOCK][NUMBER][fromJson],group=group0,node=98a7f70ec883a722219d92253cf073a72605f4087aa3443c8e4aadc0af2dc3ac647d0fa1b5ac99cd6987abafe6d690ae71cd5fd2aeeabe7589bfb4748aabdfba,blockNumber=1752
info|2023-07-08 04:27:18.926398|[RPCWS][SERVICE][onRecvBlockNotifier]receive block number notifier,group=group0,node=98a7f70ec883a722219d92253cf073a72605f4087aa3443c8e4aadc0af2dc3ac647d0fa1b5ac99cd6987abafe6d690ae71cd5fd2aeeabe7589bfb4748aabdfba,blockNumber=1752
info|2023-07-08 04:27:18.926408|[WS]receive block notify,endpoint=127.0.0.1:20200,blk={
	"blockNumber" : 1752,
	"group" : "group0",
	"nodeName" : "98a7f70ec883a722219d92253cf073a72605f4087aa3443c8e4aadc0af2dc3ac647d0fa1b5ac99cd6987abafe6d690ae71cd5fd2aeeabe7589bfb4748aabdfba"
}
info|2023-07-08 04:27:19.466084|[RPC][BLOCK][NUMBER][fromJson],group=group0,node=98a7f70ec883a722219d92253cf073a72605f4087aa3443c8e4aadc0af2dc3ac647d0fa1b5ac99cd6987abafe6d690ae71cd5fd2aeeabe7589bfb4748aabdfba,blockNumber=1753
info|2023-07-08 04:27:19.466133|[RPCWS][SERVICE][onRecvBlockNotifier]receive block number notifier,group=group0,node=98a7f70ec883a722219d92253cf073a72605f4087aa3443c8e4aadc0af2dc3ac647d0fa1b5ac99cd6987abafe6d690ae71cd5fd2aeeabe7589bfb4748aabdfba,blockNumber=1753
info|2023-07-08 04:27:19.466143|[RPCWS][SERVICE][updateGroupBlockNumber],groupID=group0,_blockNumber=1753
info|2023-07-08 04:27:19.466150|[RPCWS][SERVICE][onRecvBlockNotifier]block notifier callback,group=group0,node=98a7f70ec883a722219d92253cf073a72605f4087aa3443c8e4aadc0af2dc3ac647d0fa1b5ac99cd6987abafe6d690ae71cd5fd2aeeabe7589bfb4748aabdfba,blockNumber=1753
info|2023-07-08 04:27:19.466156|[WS]receive block notify,endpoint=127.0.0.1:20200,blk={
	"blockNumber" : 1753,
	"group" : "group0",
	"nodeName" : "98a7f70ec883a722219d92253cf073a72605f4087aa3443c8e4aadc0af2dc3ac647d0fa1b5ac99cd6987abafe6d690ae71cd5fd2aeeabe7589bfb4748aabdfba"
}
info|2023-07-08 04:27:19.513146|[RPC][BLOCK][NUMBER][fromJson],group=group0,node=2f993327933ad58672518b6d4f63920cbc68b80f78f4d81192552ee6362f5cc81ee13bdc678ad65f06e76444cadb53b33694cfb3fc7679b8000411975fedd28a,blockNumber=1753
info|2023-07-08 04:27:19.513192|[RPCWS][SERVICE][onRecvBlockNotifier]receive block number notifier,group=group0,node=2f993327933ad58672518b6d4f63920cbc68b80f78f4d81192552ee6362f5cc81ee13bdc678ad65f06e76444cadb53b33694cfb3fc7679b8000411975fedd28a,blockNumber=1753
info|2023-07-08 04:27:19.513208|[WS]receive block notify,endpoint=127.0.0.1:20201,blk={
	"blockNumber" : 1753,
	"group" : "group0",
	"nodeName" : "2f993327933ad58672518b6d4f63920cbc68b80f78f4d81192552ee6362f5cc81ee13bdc678ad65f06e76444cadb53b33694cfb3fc7679b8000411975fedd28a"
}
info|2023-07-08 04:27:20.061997|[RPC][BLOCK][NUMBER][fromJson],group=group0,node=98a7f70ec883a722219d92253cf073a72605f4087aa3443c8e4aadc0af2dc3ac647d0fa1b5ac99cd6987abafe6d690ae71cd5fd2aeeabe7589bfb4748aabdfba,blockNumber=1754
info|2023-07-08 04:27:20.062025|[RPCWS][SERVICE][onRecvBlockNotifier]receive block number notifier,group=group0,node=98a7f70ec883a722219d92253cf073a72605f4087aa3443c8e4aadc0af2dc3ac647d0fa1b5ac99cd6987abafe6d690ae71cd5fd2aeeabe7589bfb4748aabdfba,blockNumber=1754
info|2023-07-08 04:27:20.062033|[RPCWS][SERVICE][updateGroupBlockNumber],groupID=group0,_blockNumber=1754
info|2023-07-08 04:27:20.062039|[RPCWS][SERVICE][onRecvBlockNotifier]block notifier callback,group=group0,node=98a7f70ec883a722219d92253cf073a72605f4087aa3443c8e4aadc0af2dc3ac647d0fa1b5ac99cd6987abafe6d690ae71cd5fd2aeeabe7589bfb4748aabdfba,blockNumber=1754
info|2023-07-08 04:27:20.062076|[WS]receive block notify,endpoint=127.0.0.1:20200,blk={
	"blockNumber" : 1754,
	"group" : "group0",
	"nodeName" : "98a7f70ec883a722219d92253cf073a72605f4087aa3443c8e4aadc0af2dc3ac647d0fa1b5ac99cd6987abafe6d690ae71cd5fd2aeeabe7589bfb4748aabdfba"
}
info|2023-07-08 04:27:20.114600|[RPC][BLOCK][NUMBER][fromJson],group=group0,node=2f993327933ad58672518b6d4f63920cbc68b80f78f4d81192552ee6362f5cc81ee13bdc678ad65f06e76444cadb53b33694cfb3fc7679b8000411975fedd28a,blockNumber=1754
info|2023-07-08 04:27:20.114638|[RPCWS][SERVICE][onRecvBlockNotifier]receive block number notifier,group=group0,node=2f993327933ad58672518b6d4f63920cbc68b80f78f4d81192552ee6362f5cc81ee13bdc678ad65f06e76444cadb53b33694cfb3fc7679b8000411975fedd28a,blockNumber=1754
info|2023-07-08 04:27:20.114713|[WS]receive block notify,endpoint=127.0.0.1:20201,blk={
	"blockNumber" : 1754,
	"group" : "group0",
	"nodeName" : "2f993327933ad58672518b6d4f63920cbc68b80f78f4d81192552ee6362f5cc81ee13bdc678ad65f06e76444cadb53b33694cfb3fc7679b8000411975fedd28a"
}
info|2023-07-08 04:27:20.601008|[RPC][BLOCK][NUMBER][fromJson],group=group0,node=2f993327933ad58672518b6d4f63920cbc68b80f78f4d81192552ee6362f5cc81ee13bdc678ad65f06e76444cadb53b33694cfb3fc7679b8000411975fedd28a,blockNumber=1755
info|2023-07-08 04:27:20.601057|[RPCWS][SERVICE][onRecvBlockNotifier]receive block number notifier,group=group0,node=2f993327933ad58672518b6d4f63920cbc68b80f78f4d81192552ee6362f5cc81ee13bdc678ad65f06e76444cadb53b33694cfb3fc7679b8000411975fedd28a,blockNumber=1755
info|2023-07-08 04:27:20.601066|[RPCWS][SERVICE][updateGroupBlockNumber],groupID=group0,_blockNumber=1755
info|2023-07-08 04:27:20.601072|[RPCWS][SERVICE][onRecvBlockNotifier]block notifier callback,group=group0,node=2f993327933ad58672518b6d4f63920cbc68b80f78f4d81192552ee6362f5cc81ee13bdc678ad65f06e76444cadb53b33694cfb3fc7679b8000411975fedd28a,blockNumber=1755
info|2023-07-08 04:27:20.601077|[WS]receive block notify,endpoint=127.0.0.1:20201,blk={
	"blockNumber" : 1755,
	"group" : "group0",
	"nodeName" : "2f993327933ad58672518b6d4f63920cbc68b80f78f4d81192552ee6362f5cc81ee13bdc678ad65f06e76444cadb53b33694cfb3fc7679b8000411975fedd28a"
}
info|2023-07-08 04:27:20.604386|[RPC][BLOCK][NUMBER][fromJson],group=group0,node=98a7f70ec883a722219d92253cf073a72605f4087aa3443c8e4aadc0af2dc3ac647d0fa1b5ac99cd6987abafe6d690ae71cd5fd2aeeabe7589bfb4748aabdfba,blockNumber=1755
info|2023-07-08 04:27:20.604410|[RPCWS][SERVICE][onRecvBlockNotifier]receive block number notifier,group=group0,node=98a7f70ec883a722219d92253cf073a72605f4087aa3443c8e4aadc0af2dc3ac647d0fa1b5ac99cd6987abafe6d690ae71cd5fd2aeeabe7589bfb4748aabdfba,blockNumber=1755
info|2023-07-08 04:27:20.604419|[WS]receive block notify,endpoint=127.0.0.1:20200,blk={
	"blockNumber" : 1755,
	"group" : "group0",
	"nodeName" : "98a7f70ec883a722219d92253cf073a72605f4087aa3443c8e4aadc0af2dc3ac647d0fa1b5ac99cd6987abafe6d690ae71cd5fd2aeeabe7589bfb4748aabdfba"
}
info|2023-07-08 04:27:21.163365|[RPC][BLOCK][NUMBER][fromJson],group=group0,node=98a7f70ec883a722219d92253cf073a72605f4087aa3443c8e4aadc0af2dc3ac647d0fa1b5ac99cd6987abafe6d690ae71cd5fd2aeeabe7589bfb4748aabdfba,blockNumber=1756
info|2023-07-08 04:27:21.163426|[RPCWS][SERVICE][onRecvBlockNotifier]receive block number notifier,group=group0,node=98a7f70ec883a722219d92253cf073a72605f4087aa3443c8e4aadc0af2dc3ac647d0fa1b5ac99cd6987abafe6d690ae71cd5fd2aeeabe7589bfb4748aabdfba,blockNumber=1756
info|2023-07-08 04:27:21.163435|[RPCWS][SERVICE][updateGroupBlockNumber],groupID=group0,_blockNumber=1756
info|2023-07-08 04:27:21.163441|[RPCWS][SERVICE][onRecvBlockNotifier]block notifier callback,group=group0,node=98a7f70ec883a722219d92253cf073a72605f4087aa3443c8e4aadc0af2dc3ac647d0fa1b5ac99cd6987abafe6d690ae71cd5fd2aeeabe7589bfb4748aabdfba,blockNumber=1756
info|2023-07-08 04:27:21.163447|[WS]receive block notify,endpoint=127.0.0.1:20200,blk={
	"blockNumber" : 1756,
	"group" : "group0",
	"nodeName" : "98a7f70ec883a722219d92253cf073a72605f4087aa3443c8e4aadc0af2dc3ac647d0fa1b5ac99cd6987abafe6d690ae71cd5fd2aeeabe7589bfb4748aabdfba"
}
info|2023-07-08 04:27:21.198574|[RPC][BLOCK][NUMBER][fromJson],group=group0,node=2f993327933ad58672518b6d4f63920cbc68b80f78f4d81192552ee6362f5cc81ee13bdc678ad65f06e76444cadb53b33694cfb3fc7679b8000411975fedd28a,blockNumber=1756
info|2023-07-08 04:27:21.198593|[RPCWS][SERVICE][onRecvBlockNotifier]receive block number notifier,group=group0,node=2f993327933ad58672518b6d4f63920cbc68b80f78f4d81192552ee6362f5cc81ee13bdc678ad65f06e76444cadb53b33694cfb3fc7679b8000411975fedd28a,blockNumber=1756
info|2023-07-08 04:27:21.198599|[WS]receive block notify,endpoint=127.0.0.1:20201,blk={
	"blockNumber" : 1756,
	"group" : "group0",
	"nodeName" : "2f993327933ad58672518b6d4f63920cbc68b80f78f4d81192552ee6362f5cc81ee13bdc678ad65f06e76444cadb53b33694cfb3fc7679b8000411975fedd28a"
}
info|2023-07-08 04:27:21.702186|[RPC][BLOCK][NUMBER][fromJson],group=group0,node=98a7f70ec883a722219d92253cf073a72605f4087aa3443c8e4aadc0af2dc3ac647d0fa1b5ac99cd6987abafe6d690ae71cd5fd2aeeabe7589bfb4748aabdfba,blockNumber=1757
info|2023-07-08 04:27:21.702236|[RPCWS][SERVICE][onRecvBlockNotifier]receive block number notifier,group=group0,node=98a7f70ec883a722219d92253cf073a72605f4087aa3443c8e4aadc0af2dc3ac647d0fa1b5ac99cd6987abafe6d690ae71cd5fd2aeeabe7589bfb4748aabdfba,blockNumber=1757
info|2023-07-08 04:27:21.702245|[RPCWS][SERVICE][updateGroupBlockNumber],groupID=group0,_blockNumber=1757
info|2023-07-08 04:27:21.702250|[RPCWS][SERVICE][onRecvBlockNotifier]block notifier callback,group=group0,node=98a7f70ec883a722219d92253cf073a72605f4087aa3443c8e4aadc0af2dc3ac647d0fa1b5ac99cd6987abafe6d690ae71cd5fd2aeeabe7589bfb4748aabdfba,blockNumber=1757
info|2023-07-08 04:27:21.702255|[WS]receive block notify,endpoint=127.0.0.1:20200,blk={
	"blockNumber" : 1757,
	"group" : "group0",
	"nodeName" : "98a7f70ec883a722219d92253cf073a72605f4087aa3443c8e4aadc0af2dc3ac647d0fa1b5ac99cd6987abafe6d690ae71cd5fd2aeeabe7589bfb4748aabdfba"
}
info|2023-07-08 04:27:21.710110|[RPC][BLOCK][NUMBER][fromJson],group=group0,node=2f993327933ad58672518b6d4f63920cbc68b80f78f4d81192552ee6362f5cc81ee13bdc678ad65f06e76444cadb53b33694cfb3fc7679b8000411975fedd28a,blockNumber=1757
info|2023-07-08 04:27:21.710182|[RPCWS][SERVICE][onRecvBlockNotifier]receive block number notifier,group=group0,node=2f993327933ad58672518b6d4f63920cbc68b80f78f4d81192552ee6362f5cc81ee13bdc678ad65f06e76444cadb53b33694cfb3fc7679b8000411975fedd28a,blockNumber=1757
info|2023-07-08 04:27:21.710192|[WS]receive block notify,endpoint=127.0.0.1:20201,blk={
	"blockNumber" : 1757,
	"group" : "group0",
	"nodeName" : "2f993327933ad58672518b6d4f63920cbc68b80f78f4d81192552ee6362f5cc81ee13bdc678ad65f06e76444cadb53b33694cfb3fc7679b8000411975fedd28a"
}
info|2023-07-08 04:27:22.306260|[RPC][BLOCK][NUMBER][fromJson],group=group0,node=98a7f70ec883a722219d92253cf073a72605f4087aa3443c8e4aadc0af2dc3ac647d0fa1b5ac99cd6987abafe6d690ae71cd5fd2aeeabe7589bfb4748aabdfba,blockNumber=1758
info|2023-07-08 04:27:22.306330|[RPCWS][SERVICE][onRecvBlockNotifier]receive block number notifier,group=group0,node=98a7f70ec883a722219d92253cf073a72605f4087aa3443c8e4aadc0af2dc3ac647d0fa1b5ac99cd6987abafe6d690ae71cd5fd2aeeabe7589bfb4748aabdfba,blockNumber=1758
info|2023-07-08 04:27:22.306372|[RPCWS][SERVICE][updateGroupBlockNumber],groupID=group0,_blockNumber=1758
info|2023-07-08 04:27:22.306380|[RPCWS][SERVICE][onRecvBlockNotifier]block notifier callback,group=group0,node=98a7f70ec883a722219d92253cf073a72605f4087aa3443c8e4aadc0af2dc3ac647d0fa1b5ac99cd6987abafe6d690ae71cd5fd2aeeabe7589bfb4748aabdfba,blockNumber=1758
info|2023-07-08 04:27:22.306386|[WS]receive block notify,endpoint=127.0.0.1:20200,blk={
	"blockNumber" : 1758,
	"group" : "group0",
	"nodeName" : "98a7f70ec883a722219d92253cf073a72605f4087aa3443c8e4aadc0af2dc3ac647d0fa1b5ac99cd6987abafe6d690ae71cd5fd2aeeabe7589bfb4748aabdfba"
}
info|2023-07-08 04:27:22.321965|[RPC][BLOCK][NUMBER][fromJson],group=group0,node=2f993327933ad58672518b6d4f63920cbc68b80f78f4d81192552ee6362f5cc81ee13bdc678ad65f06e76444cadb53b33694cfb3fc7679b8000411975fedd28a,blockNumber=1758
info|2023-07-08 04:27:22.322007|[RPCWS][SERVICE][onRecvBlockNotifier]receive block number notifier,group=group0,node=2f993327933ad58672518b6d4f63920cbc68b80f78f4d81192552ee6362f5cc81ee13bdc678ad65f06e76444cadb53b33694cfb3fc7679b8000411975fedd28a,blockNumber=1758
info|2023-07-08 04:27:22.322017|[WS]receive block notify,endpoint=127.0.0.1:20201,blk={
	"blockNumber" : 1758,
	"group" : "group0",
	"nodeName" : "2f993327933ad58672518b6d4f63920cbc68b80f78f4d81192552ee6362f5cc81ee13bdc678ad65f06e76444cadb53b33694cfb3fc7679b8000411975fedd28a"
}
info|2023-07-08 04:27:26.890994|[SDK][WS][SERVICE]connected nodes,count=2
info|2023-07-08 04:27:26.915896|[EVENT][SUB][doLoop]event sub tasks report,working event sub count=0,suspend event sub count=0
info|2023-07-08 04:27:46.891215|[SDK][WS][SERVICE]connected nodes,count=2
info|2023-07-08 04:27:46.916226|[EVENT][SUB][doLoop]event sub tasks report,working event sub count=0,suspend event sub count=0
info|2023-07-08 04:28:06.891873|[SDK][WS][SERVICE]connected nodes,count=2
info|2023-07-08 04:28:06.916341|[EVENT][SUB][doLoop]event sub tasks report,working event sub count=0,suspend event sub count=0
info|2023-07-08 04:28:26.892112|[SDK][WS][SERVICE]connected nodes,count=2
info|2023-07-08 04:28:26.916623|[EVENT][SUB][doLoop]event sub tasks report,working event sub count=0,suspend event sub count=0
info|2023-07-08 04:28:46.892770|[SDK][WS][SERVICE]connected nodes,count=2
info|2023-07-08 04:28:46.916949|[EVENT][SUB][doLoop]event sub tasks report,working event sub count=0,suspend event sub count=0
info|2023-07-08 04:29:06.893068|[SDK][WS][SERVICE]connected nodes,count=2
info|2023-07-08 04:29:06.917445|[EVENT][SUB][doLoop]event sub tasks report,working event sub count=0,suspend event sub count=0
info|2023-07-08 04:29:26.893190|[SDK][WS][SERVICE]connected nodes,count=2
info|2023-07-08 04:29:26.917551|[EVENT][SUB][doLoop]event sub tasks report,working event sub count=0,suspend event sub count=0
info|2023-07-08 04:29:46.893589|[SDK][WS][SERVICE]connected nodes,count=2
info|2023-07-08 04:29:46.918007|[EVENT][SUB][doLoop]event sub tasks report,working event sub count=0,suspend event sub count=0
info|2023-07-08 04:30:06.893791|[SDK][WS][SERVICE]connected nodes,count=2
info|2023-07-08 04:30:06.918082|[EVENT][SUB][doLoop]event sub tasks report,working event sub count=0,suspend event sub count=0
info|2023-07-08 04:30:26.894076|[SDK][WS][SERVICE]connected nodes,count=2
info|2023-07-08 04:30:26.918140|[EVENT][SUB][doLoop]event sub tasks report,working event sub count=0,suspend event sub count=0
info|2023-07-08 04:30:46.894661|[SDK][WS][SERVICE]connected nodes,count=2
info|2023-07-08 04:30:46.918260|[EVENT][SUB][doLoop]event sub tasks report,working event sub count=0,suspend event sub count=0
info|2023-07-08 04:31:06.894839|[SDK][WS][SERVICE]connected nodes,count=2
info|2023-07-08 04:31:06.918364|[EVENT][SUB][doLoop]event sub tasks report,working event sub count=0,suspend event sub count=0
info|2023-07-08 04:31:26.895326|[SDK][WS][SERVICE]connected nodes,count=2
info|2023-07-08 04:31:26.918605|[EVENT][SUB][doLoop]event sub tasks report,working event sub count=0,suspend event sub count=0
info|2023-07-08 04:31:46.895491|[SDK][WS][SERVICE]connected nodes,count=2
info|2023-07-08 04:31:46.918989|[EVENT][SUB][doLoop]event sub tasks report,working event sub count=0,suspend event sub count=0
info|2023-07-08 04:32:06.896159|[SDK][WS][SERVICE]connected nodes,count=2
info|2023-07-08 04:32:06.919577|[EVENT][SUB][doLoop]event sub tasks report,working event sub count=0,suspend event sub count=0
info|2023-07-08 04:32:26.896656|[SDK][WS][SERVICE]connected nodes,count=2
info|2023-07-08 04:32:26.920157|[EVENT][SUB][doLoop]event sub tasks report,working event sub count=0,suspend event sub count=0
info|2023-07-08 04:32:46.897393|[SDK][WS][SERVICE]connected nodes,count=2
info|2023-07-08 04:32:46.920674|[EVENT][SUB][doLoop]event sub tasks report,working event sub count=0,suspend event sub count=0
info|2023-07-08 04:33:06.897764|[SDK][WS][SERVICE]connected nodes,count=2
info|2023-07-08 04:33:06.920767|[EVENT][SUB][doLoop]event sub tasks report,working event sub count=0,suspend event sub count=0
info|2023-07-08 04:33:26.898188|[SDK][WS][SERVICE]connected nodes,count=2
info|2023-07-08 04:33:26.921293|[EVENT][SUB][doLoop]event sub tasks report,working event sub count=0,suspend event sub count=0
info|2023-07-08 04:33:46.898360|[SDK][WS][SERVICE]connected nodes,count=2
info|2023-07-08 04:33:46.921630|[EVENT][SUB][doLoop]event sub tasks report,working event sub count=0,suspend event sub count=0
info|2023-07-08 04:34:06.898673|[SDK][WS][SERVICE]connected nodes,count=2
info|2023-07-08 04:34:06.921981|[EVENT][SUB][doLoop]event sub tasks report,working event sub count=0,suspend event sub count=0
info|2023-07-08 04:34:26.899495|[SDK][WS][SERVICE]connected nodes,count=2
info|2023-07-08 04:34:26.922347|[EVENT][SUB][doLoop]event sub tasks report,working event sub count=0,suspend event sub count=0
info|2023-07-08 04:34:46.899761|[SDK][WS][SERVICE]connected nodes,count=2
info|2023-07-08 04:34:46.922829|[EVENT][SUB][doLoop]event sub tasks report,working event sub count=0,suspend event sub count=0
info|2023-07-08 04:35:06.900209|[SDK][WS][SERVICE]connected nodes,count=2
info|2023-07-08 04:35:06.923094|[EVENT][SUB][doLoop]event sub tasks report,working event sub count=0,suspend event sub count=0
info|2023-07-08 04:35:26.900409|[SDK][WS][SERVICE]connected nodes,count=2
info|2023-07-08 04:35:26.923718|[EVENT][SUB][doLoop]event sub tasks report,working event sub count=0,suspend event sub count=0
info|2023-07-08 04:35:46.901029|[SDK][WS][SERVICE]connected nodes,count=2
info|2023-07-08 04:35:46.924277|[EVENT][SUB][doLoop]event sub tasks report,working event sub count=0,suspend event sub count=0
info|2023-07-08 04:36:06.901799|[SDK][WS][SERVICE]connected nodes,count=2
info|2023-07-08 04:36:06.924367|[EVENT][SUB][doLoop]event sub tasks report,working event sub count=0,suspend event sub count=0
info|2023-07-08 04:36:26.902112|[SDK][WS][SERVICE]connected nodes,count=2
info|2023-07-08 04:36:26.924736|[EVENT][SUB][doLoop]event sub tasks report,working event sub count=0,suspend event sub count=0
info|2023-07-08 04:36:46.902464|[SDK][WS][SERVICE]connected nodes,count=2
info|2023-07-08 04:36:46.924949|[EVENT][SUB][doLoop]event sub tasks report,working event sub count=0,suspend event sub count=0
info|2023-07-08 04:37:06.902950|[SDK][WS][SERVICE]connected nodes,count=2
info|2023-07-08 04:37:06.925533|[EVENT][SUB][doLoop]event sub tasks report,working event sub count=0,suspend event sub count=0
info|2023-07-08 04:37:26.903180|[SDK][WS][SERVICE]connected nodes,count=2
info|2023-07-08 04:37:26.925598|[EVENT][SUB][doLoop]event sub tasks report,working event sub count=0,suspend event sub count=0
info|2023-07-08 04:37:46.903348|[SDK][WS][SERVICE]connected nodes,count=2
info|2023-07-08 04:37:46.926084|[EVENT][SUB][doLoop]event sub tasks report,working event sub count=0,suspend event sub count=0
info|2023-07-08 04:38:06.903909|[SDK][WS][SERVICE]connected nodes,count=2
info|2023-07-08 04:38:06.926223|[EVENT][SUB][doLoop]event sub tasks report,working event sub count=0,suspend event sub count=0
info|2023-07-08 04:38:26.904195|[SDK][WS][SERVICE]connected nodes,count=2
info|2023-07-08 04:38:26.926357|[EVENT][SUB][doLoop]event sub tasks report,working event sub count=0,suspend event sub count=0
info|2023-07-08 04:38:46.904481|[SDK][WS][SERVICE]connected nodes,count=2
info|2023-07-08 04:38:46.926929|[EVENT][SUB][doLoop]event sub tasks report,working event sub count=0,suspend event sub count=0
info|2023-07-08 04:39:06.904649|[SDK][WS][SERVICE]connected nodes,count=2
info|2023-07-08 04:39:06.927048|[EVENT][SUB][doLoop]event sub tasks report,working event sub count=0,suspend event sub count=0
info|2023-07-08 04:39:26.905135|[SDK][WS][SERVICE]connected nodes,count=2
info|2023-07-08 04:39:26.927716|[EVENT][SUB][doLoop]event sub tasks report,working event sub count=0,suspend event sub count=0
info|2023-07-08 04:39:46.905743|[SDK][WS][SERVICE]connected nodes,count=2
info|2023-07-08 04:39:46.927937|[EVENT][SUB][doLoop]event sub tasks report,working event sub count=0,suspend event sub count=0
info|2023-07-08 04:40:06.906109|[SDK][WS][SERVICE]connected nodes,count=2
info|2023-07-08 04:40:06.928374|[EVENT][SUB][doLoop]event sub tasks report,working event sub count=0,suspend event sub count=0
info|2023-07-08 04:40:26.906290|[SDK][WS][SERVICE]connected nodes,count=2
info|2023-07-08 04:40:26.928605|[EVENT][SUB][doLoop]event sub tasks report,working event sub count=0,suspend event sub count=0
info|2023-07-08 04:40:46.906403|[SDK][WS][SERVICE]connected nodes,count=2
info|2023-07-08 04:40:46.928697|[EVENT][SUB][doLoop]event sub tasks report,working event sub count=0,suspend event sub count=0
info|2023-07-08 04:41:06.906811|[SDK][WS][SERVICE]connected nodes,count=2
info|2023-07-08 04:41:06.929239|[EVENT][SUB][doLoop]event sub tasks report,working event sub count=0,suspend event sub count=0
info|2023-07-08 04:41:26.907042|[SDK][WS][SERVICE]connected nodes,count=2
info|2023-07-08 04:41:26.929860|[EVENT][SUB][doLoop]event sub tasks report,working event sub count=0,suspend event sub count=0
info|2023-07-08 04:41:46.907613|[SDK][WS][SERVICE]connected nodes,count=2
info|2023-07-08 04:41:46.930201|[EVENT][SUB][doLoop]event sub tasks report,working event sub count=0,suspend event sub count=0
info|2023-07-08 04:42:06.907893|[SDK][WS][SERVICE]connected nodes,count=2
info|2023-07-08 04:42:06.930311|[EVENT][SUB][doLoop]event sub tasks report,working event sub count=0,suspend event sub count=0
info|2023-07-08 04:42:26.908082|[SDK][WS][SERVICE]connected nodes,count=2
info|2023-07-08 04:42:26.930635|[EVENT][SUB][doLoop]event sub tasks report,working event sub count=0,suspend event sub count=0
info|2023-07-08 04:42:46.908630|[SDK][WS][SERVICE]connected nodes,count=2
info|2023-07-08 04:42:46.930830|[EVENT][SUB][doLoop]event sub tasks report,working event sub count=0,suspend event sub count=0
info|2023-07-08 04:43:06.909283|[SDK][WS][SERVICE]connected nodes,count=2
info|2023-07-08 04:43:06.931021|[EVENT][SUB][doLoop]event sub tasks report,working event sub count=0,suspend event sub count=0
info|2023-07-08 04:43:26.909795|[SDK][WS][SERVICE]connected nodes,count=2
info|2023-07-08 04:43:26.931787|[EVENT][SUB][doLoop]event sub tasks report,working event sub count=0,suspend event sub count=0
info|2023-07-08 04:43:46.909936|[SDK][WS][SERVICE]connected nodes,count=2
info|2023-07-08 04:43:46.931878|[EVENT][SUB][doLoop]event sub tasks report,working event sub count=0,suspend event sub count=0
info|2023-07-08 04:44:06.910081|[SDK][WS][SERVICE]connected nodes,count=2
info|2023-07-08 04:44:06.932256|[EVENT][SUB][doLoop]event sub tasks report,working event sub count=0,suspend event sub count=0
info|2023-07-08 04:44:26.910250|[SDK][WS][SERVICE]connected nodes,count=2
info|2023-07-08 04:44:26.932829|[EVENT][SUB][doLoop]event sub tasks report,working event sub count=0,suspend event sub count=0
info|2023-07-08 04:44:46.910756|[SDK][WS][SERVICE]connected nodes,count=2
info|2023-07-08 04:44:46.933078|[EVENT][SUB][doLoop]event sub tasks report,working event sub count=0,suspend event sub count=0
info|2023-07-08 04:45:06.910923|[SDK][WS][SERVICE]connected nodes,count=2
info|2023-07-08 04:45:06.933613|[EVENT][SUB][doLoop]event sub tasks report,working event sub count=0,suspend event sub count=0
info|2023-07-08 04:45:26.911049|[SDK][WS][SERVICE]connected nodes,count=2
info|2023-07-08 04:45:26.934675|[EVENT][SUB][doLoop]event sub tasks report,working event sub count=0,suspend event sub count=0
info|2023-07-08 04:45:46.911676|[SDK][WS][SERVICE]connected nodes,count=2
info|2023-07-08 04:45:46.935266|[EVENT][SUB][doLoop]event sub tasks report,working event sub count=0,suspend event sub count=0
info|2023-07-08 04:46:06.911963|[SDK][WS][SERVICE]connected nodes,count=2
info|2023-07-08 04:46:06.935660|[EVENT][SUB][doLoop]event sub tasks report,working event sub count=0,suspend event sub count=0
info|2023-07-08 04:46:26.912192|[SDK][WS][SERVICE]connected nodes,count=2
info|2023-07-08 04:46:26.935952|[EVENT][SUB][doLoop]event sub tasks report,working event sub count=0,suspend event sub count=0
info|2023-07-08 04:46:46.912340|[SDK][WS][SERVICE]connected nodes,count=2
info|2023-07-08 04:46:46.936001|[EVENT][SUB][doLoop]event sub tasks report,working event sub count=0,suspend event sub count=0
info|2023-07-08 04:47:06.912861|[SDK][WS][SERVICE]connected nodes,count=2
info|2023-07-08 04:47:06.936600|[EVENT][SUB][doLoop]event sub tasks report,working event sub count=0,suspend event sub count=0
info|2023-07-08 04:47:26.913294|[SDK][WS][SERVICE]connected nodes,count=2
info|2023-07-08 04:47:26.936707|[EVENT][SUB][doLoop]event sub tasks report,working event sub count=0,suspend event sub count=0
info|2023-07-08 04:47:46.913455|[SDK][WS][SERVICE]connected nodes,count=2
info|2023-07-08 04:47:46.936793|[EVENT][SUB][doLoop]event sub tasks report,working event sub count=0,suspend event sub count=0
info|2023-07-08 04:48:06.913842|[SDK][WS][SERVICE]connected nodes,count=2
info|2023-07-08 04:48:06.937020|[EVENT][SUB][doLoop]event sub tasks report,working event sub count=0,suspend event sub count=0
info|2023-07-08 04:48:26.914198|[SDK][WS][SERVICE]connected nodes,count=2
info|2023-07-08 04:48:26.937388|[EVENT][SUB][doLoop]event sub tasks report,working event sub count=0,suspend event sub count=0
info|2023-07-08 04:48:46.914612|[SDK][WS][SERVICE]connected nodes,count=2
info|2023-07-08 04:48:46.937901|[EVENT][SUB][doLoop]event sub tasks report,working event sub count=0,suspend event sub count=0
info|2023-07-08 04:49:06.914884|[SDK][WS][SERVICE]connected nodes,count=2
info|2023-07-08 04:49:06.937974|[EVENT][SUB][doLoop]event sub tasks report,working event sub count=0,suspend event sub count=0
info|2023-07-08 04:49:26.915038|[SDK][WS][SERVICE]connected nodes,count=2
info|2023-07-08 04:49:26.938424|[EVENT][SUB][doLoop]event sub tasks report,working event sub count=0,suspend event sub count=0
info|2023-07-08 04:49:46.915217|[SDK][WS][SERVICE]connected nodes,count=2
info|2023-07-08 04:49:46.938926|[EVENT][SUB][doLoop]event sub tasks report,working event sub count=0,suspend event sub count=0
info|2023-07-08 04:50:06.915384|[SDK][WS][SERVICE]connected nodes,count=2
info|2023-07-08 04:50:06.938985|[EVENT][SUB][doLoop]event sub tasks report,working event sub count=0,suspend event sub count=0
info|2023-07-08 04:50:26.915944|[SDK][WS][SERVICE]connected nodes,count=2
info|2023-07-08 04:50:26.939584|[EVENT][SUB][doLoop]event sub tasks report,working event sub count=0,suspend event sub count=0
info|2023-07-08 04:50:46.916482|[SDK][WS][SERVICE]connected nodes,count=2
info|2023-07-08 04:50:46.940308|[EVENT][SUB][doLoop]event sub tasks report,working event sub count=0,suspend event sub count=0
info|2023-07-08 04:51:06.917365|[SDK][WS][SERVICE]connected nodes,count=2
info|2023-07-08 04:51:06.940686|[EVENT][SUB][doLoop]event sub tasks report,working event sub count=0,suspend event sub count=0
info|2023-07-08 04:51:26.917684|[SDK][WS][SERVICE]connected nodes,count=2
info|2023-07-08 04:51:26.941266|[EVENT][SUB][doLoop]event sub tasks report,working event sub count=0,suspend event sub count=0
info|2023-07-08 04:51:46.918256|[SDK][WS][SERVICE]connected nodes,count=2
info|2023-07-08 04:51:46.941667|[EVENT][SUB][doLoop]event sub tasks report,working event sub count=0,suspend event sub count=0
info|2023-07-08 04:52:06.918367|[SDK][WS][SERVICE]connected nodes,count=2
info|2023-07-08 04:52:06.942121|[EVENT][SUB][doLoop]event sub tasks report,working event sub count=0,suspend event sub count=0
info|2023-07-08 04:52:26.918846|[SDK][WS][SERVICE]connected nodes,count=2
info|2023-07-08 04:52:26.942491|[EVENT][SUB][doLoop]event sub tasks report,working event sub count=0,suspend event sub count=0
info|2023-07-08 04:52:46.919266|[SDK][WS][SERVICE]connected nodes,count=2
info|2023-07-08 04:52:46.942575|[EVENT][SUB][doLoop]event sub tasks report,working event sub count=0,suspend event sub count=0
info|2023-07-08 04:53:06.919451|[SDK][WS][SERVICE]connected nodes,count=2
info|2023-07-08 04:53:06.942674|[EVENT][SUB][doLoop]event sub tasks report,working event sub count=0,suspend event sub count=0
info|2023-07-08 04:53:26.920131|[SDK][WS][SERVICE]connected nodes,count=2
info|2023-07-08 04:53:26.942720|[EVENT][SUB][doLoop]event sub tasks report,working event sub count=0,suspend event sub count=0
info|2023-07-08 04:53:46.920890|[SDK][WS][SERVICE]connected nodes,count=2
info|2023-07-08 04:53:46.942946|[EVENT][SUB][doLoop]event sub tasks report,working event sub count=0,suspend event sub count=0
info|2023-07-08 04:54:06.921040|[SDK][WS][SERVICE]connected nodes,count=2
info|2023-07-08 04:54:06.943109|[EVENT][SUB][doLoop]event sub tasks report,working event sub count=0,suspend event sub count=0
info|2023-07-08 04:54:26.921209|[SDK][WS][SERVICE]connected nodes,count=2
info|2023-07-08 04:54:26.943459|[EVENT][SUB][doLoop]event sub tasks report,working event sub count=0,suspend event sub count=0
info|2023-07-08 04:54:46.921473|[SDK][WS][SERVICE]connected nodes,count=2
info|2023-07-08 04:54:46.943597|[EVENT][SUB][doLoop]event sub tasks report,working event sub count=0,suspend event sub count=0
info|2023-07-08 04:55:06.921635|[SDK][WS][SERVICE]connected nodes,count=2
info|2023-07-08 04:55:06.943902|[EVENT][SUB][doLoop]event sub tasks report,working event sub count=0,suspend event sub count=0
info|2023-07-08 04:55:26.922068|[SDK][WS][SERVICE]connected nodes,count=2
info|2023-07-08 04:55:26.944122|[EVENT][SUB][doLoop]event sub tasks report,working event sub count=0,suspend event sub count=0
info|2023-07-08 04:55:46.922410|[SDK][WS][SERVICE]connected nodes,count=2
info|2023-07-08 04:55:46.944563|[EVENT][SUB][doLoop]event sub tasks report,working event sub count=0,suspend event sub count=0
info|2023-07-08 04:56:06.923096|[SDK][WS][SERVICE]connected nodes,count=2
info|2023-07-08 04:56:06.945219|[EVENT][SUB][doLoop]event sub tasks report,working event sub count=0,suspend event sub count=0
info|2023-07-08 04:56:26.923767|[SDK][WS][SERVICE]connected nodes,count=2
info|2023-07-08 04:56:26.945265|[EVENT][SUB][doLoop]event sub tasks report,working event sub count=0,suspend event sub count=0
info|2023-07-08 04:56:46.923876|[SDK][WS][SERVICE]connected nodes,count=2
info|2023-07-08 04:56:46.945884|[EVENT][SUB][doLoop]event sub tasks report,working event sub count=0,suspend event sub count=0
info|2023-07-08 04:57:06.924179|[SDK][WS][SERVICE]connected nodes,count=2
info|2023-07-08 04:57:06.946006|[EVENT][SUB][doLoop]event sub tasks report,working event sub count=0,suspend event sub count=0
info|2023-07-08 04:57:13.800110|[RPC][BLOCK][NUMBER][fromJson],group=group0,node=98a7f70ec883a722219d92253cf073a72605f4087aa3443c8e4aadc0af2dc3ac647d0fa1b5ac99cd6987abafe6d690ae71cd5fd2aeeabe7589bfb4748aabdfba,blockNumber=1759
info|2023-07-08 04:57:13.800150|[RPCWS][SERVICE][onRecvBlockNotifier]receive block number notifier,group=group0,node=98a7f70ec883a722219d92253cf073a72605f4087aa3443c8e4aadc0af2dc3ac647d0fa1b5ac99cd6987abafe6d690ae71cd5fd2aeeabe7589bfb4748aabdfba,blockNumber=1759
info|2023-07-08 04:57:13.800174|[RPCWS][SERVICE][updateGroupBlockNumber],groupID=group0,_blockNumber=1759
info|2023-07-08 04:57:13.800196|[RPCWS][SERVICE][onRecvBlockNotifier]block notifier callback,group=group0,node=98a7f70ec883a722219d92253cf073a72605f4087aa3443c8e4aadc0af2dc3ac647d0fa1b5ac99cd6987abafe6d690ae71cd5fd2aeeabe7589bfb4748aabdfba,blockNumber=1759
info|2023-07-08 04:57:13.800201|[WS]receive block notify,endpoint=127.0.0.1:20200,blk={
	"blockNumber" : 1759,
	"group" : "group0",
	"nodeName" : "98a7f70ec883a722219d92253cf073a72605f4087aa3443c8e4aadc0af2dc3ac647d0fa1b5ac99cd6987abafe6d690ae71cd5fd2aeeabe7589bfb4748aabdfba"
}
info|2023-07-08 04:57:13.853224|[RPC][BLOCK][NUMBER][fromJson],group=group0,node=2f993327933ad58672518b6d4f63920cbc68b80f78f4d81192552ee6362f5cc81ee13bdc678ad65f06e76444cadb53b33694cfb3fc7679b8000411975fedd28a,blockNumber=1759
info|2023-07-08 04:57:13.853246|[RPCWS][SERVICE][onRecvBlockNotifier]receive block number notifier,group=group0,node=2f993327933ad58672518b6d4f63920cbc68b80f78f4d81192552ee6362f5cc81ee13bdc678ad65f06e76444cadb53b33694cfb3fc7679b8000411975fedd28a,blockNumber=1759
info|2023-07-08 04:57:13.853253|[WS]receive block notify,endpoint=127.0.0.1:20201,blk={
	"blockNumber" : 1759,
	"group" : "group0",
	"nodeName" : "2f993327933ad58672518b6d4f63920cbc68b80f78f4d81192552ee6362f5cc81ee13bdc678ad65f06e76444cadb53b33694cfb3fc7679b8000411975fedd28a"
}
info|2023-07-08 04:57:14.345445|[RPC][BLOCK][NUMBER][fromJson],group=group0,node=98a7f70ec883a722219d92253cf073a72605f4087aa3443c8e4aadc0af2dc3ac647d0fa1b5ac99cd6987abafe6d690ae71cd5fd2aeeabe7589bfb4748aabdfba,blockNumber=1760
info|2023-07-08 04:57:14.345472|[RPCWS][SERVICE][onRecvBlockNotifier]receive block number notifier,group=group0,node=98a7f70ec883a722219d92253cf073a72605f4087aa3443c8e4aadc0af2dc3ac647d0fa1b5ac99cd6987abafe6d690ae71cd5fd2aeeabe7589bfb4748aabdfba,blockNumber=1760
info|2023-07-08 04:57:14.345478|[RPCWS][SERVICE][updateGroupBlockNumber],groupID=group0,_blockNumber=1760
info|2023-07-08 04:57:14.345484|[RPCWS][SERVICE][onRecvBlockNotifier]block notifier callback,group=group0,node=98a7f70ec883a722219d92253cf073a72605f4087aa3443c8e4aadc0af2dc3ac647d0fa1b5ac99cd6987abafe6d690ae71cd5fd2aeeabe7589bfb4748aabdfba,blockNumber=1760
info|2023-07-08 04:57:14.345488|[WS]receive block notify,endpoint=127.0.0.1:20200,blk={
	"blockNumber" : 1760,
	"group" : "group0",
	"nodeName" : "98a7f70ec883a722219d92253cf073a72605f4087aa3443c8e4aadc0af2dc3ac647d0fa1b5ac99cd6987abafe6d690ae71cd5fd2aeeabe7589bfb4748aabdfba"
}
info|2023-07-08 04:57:14.391357|[RPC][BLOCK][NUMBER][fromJson],group=group0,node=2f993327933ad58672518b6d4f63920cbc68b80f78f4d81192552ee6362f5cc81ee13bdc678ad65f06e76444cadb53b33694cfb3fc7679b8000411975fedd28a,blockNumber=1760
info|2023-07-08 04:57:14.391380|[RPCWS][SERVICE][onRecvBlockNotifier]receive block number notifier,group=group0,node=2f993327933ad58672518b6d4f63920cbc68b80f78f4d81192552ee6362f5cc81ee13bdc678ad65f06e76444cadb53b33694cfb3fc7679b8000411975fedd28a,blockNumber=1760
info|2023-07-08 04:57:14.391387|[WS]receive block notify,endpoint=127.0.0.1:20201,blk={
	"blockNumber" : 1760,
	"group" : "group0",
	"nodeName" : "2f993327933ad58672518b6d4f63920cbc68b80f78f4d81192552ee6362f5cc81ee13bdc678ad65f06e76444cadb53b33694cfb3fc7679b8000411975fedd28a"
}
info|2023-07-08 04:57:14.938494|[RPC][BLOCK][NUMBER][fromJson],group=group0,node=2f993327933ad58672518b6d4f63920cbc68b80f78f4d81192552ee6362f5cc81ee13bdc678ad65f06e76444cadb53b33694cfb3fc7679b8000411975fedd28a,blockNumber=1761
info|2023-07-08 04:57:14.938525|[RPCWS][SERVICE][onRecvBlockNotifier]receive block number notifier,group=group0,node=2f993327933ad58672518b6d4f63920cbc68b80f78f4d81192552ee6362f5cc81ee13bdc678ad65f06e76444cadb53b33694cfb3fc7679b8000411975fedd28a,blockNumber=1761
info|2023-07-08 04:57:14.938535|[RPCWS][SERVICE][updateGroupBlockNumber],groupID=group0,_blockNumber=1761
info|2023-07-08 04:57:14.938541|[RPCWS][SERVICE][onRecvBlockNotifier]block notifier callback,group=group0,node=2f993327933ad58672518b6d4f63920cbc68b80f78f4d81192552ee6362f5cc81ee13bdc678ad65f06e76444cadb53b33694cfb3fc7679b8000411975fedd28a,blockNumber=1761
info|2023-07-08 04:57:14.938546|[WS]receive block notify,endpoint=127.0.0.1:20201,blk={
	"blockNumber" : 1761,
	"group" : "group0",
	"nodeName" : "2f993327933ad58672518b6d4f63920cbc68b80f78f4d81192552ee6362f5cc81ee13bdc678ad65f06e76444cadb53b33694cfb3fc7679b8000411975fedd28a"
}
info|2023-07-08 04:57:14.949444|[RPC][BLOCK][NUMBER][fromJson],group=group0,node=98a7f70ec883a722219d92253cf073a72605f4087aa3443c8e4aadc0af2dc3ac647d0fa1b5ac99cd6987abafe6d690ae71cd5fd2aeeabe7589bfb4748aabdfba,blockNumber=1761
info|2023-07-08 04:57:14.949473|[RPCWS][SERVICE][onRecvBlockNotifier]receive block number notifier,group=group0,node=98a7f70ec883a722219d92253cf073a72605f4087aa3443c8e4aadc0af2dc3ac647d0fa1b5ac99cd6987abafe6d690ae71cd5fd2aeeabe7589bfb4748aabdfba,blockNumber=1761
info|2023-07-08 04:57:14.949483|[WS]receive block notify,endpoint=127.0.0.1:20200,blk={
	"blockNumber" : 1761,
	"group" : "group0",
	"nodeName" : "98a7f70ec883a722219d92253cf073a72605f4087aa3443c8e4aadc0af2dc3ac647d0fa1b5ac99cd6987abafe6d690ae71cd5fd2aeeabe7589bfb4748aabdfba"
}
info|2023-07-08 04:57:15.489339|[RPC][BLOCK][NUMBER][fromJson],group=group0,node=98a7f70ec883a722219d92253cf073a72605f4087aa3443c8e4aadc0af2dc3ac647d0fa1b5ac99cd6987abafe6d690ae71cd5fd2aeeabe7589bfb4748aabdfba,blockNumber=1762
info|2023-07-08 04:57:15.489366|[RPCWS][SERVICE][onRecvBlockNotifier]receive block number notifier,group=group0,node=98a7f70ec883a722219d92253cf073a72605f4087aa3443c8e4aadc0af2dc3ac647d0fa1b5ac99cd6987abafe6d690ae71cd5fd2aeeabe7589bfb4748aabdfba,blockNumber=1762
info|2023-07-08 04:57:15.489373|[RPCWS][SERVICE][updateGroupBlockNumber],groupID=group0,_blockNumber=1762
info|2023-07-08 04:57:15.489380|[RPCWS][SERVICE][onRecvBlockNotifier]block notifier callback,group=group0,node=98a7f70ec883a722219d92253cf073a72605f4087aa3443c8e4aadc0af2dc3ac647d0fa1b5ac99cd6987abafe6d690ae71cd5fd2aeeabe7589bfb4748aabdfba,blockNumber=1762
info|2023-07-08 04:57:15.489385|[WS]receive block notify,endpoint=127.0.0.1:20200,blk={
	"blockNumber" : 1762,
	"group" : "group0",
	"nodeName" : "98a7f70ec883a722219d92253cf073a72605f4087aa3443c8e4aadc0af2dc3ac647d0fa1b5ac99cd6987abafe6d690ae71cd5fd2aeeabe7589bfb4748aabdfba"
}
info|2023-07-08 04:57:15.611635|[RPC][BLOCK][NUMBER][fromJson],group=group0,node=2f993327933ad58672518b6d4f63920cbc68b80f78f4d81192552ee6362f5cc81ee13bdc678ad65f06e76444cadb53b33694cfb3fc7679b8000411975fedd28a,blockNumber=1762
info|2023-07-08 04:57:15.611688|[RPCWS][SERVICE][onRecvBlockNotifier]receive block number notifier,group=group0,node=2f993327933ad58672518b6d4f63920cbc68b80f78f4d81192552ee6362f5cc81ee13bdc678ad65f06e76444cadb53b33694cfb3fc7679b8000411975fedd28a,blockNumber=1762
info|2023-07-08 04:57:15.611700|[WS]receive block notify,endpoint=127.0.0.1:20201,blk={
	"blockNumber" : 1762,
	"group" : "group0",
	"nodeName" : "2f993327933ad58672518b6d4f63920cbc68b80f78f4d81192552ee6362f5cc81ee13bdc678ad65f06e76444cadb53b33694cfb3fc7679b8000411975fedd28a"
}
info|2023-07-08 04:57:16.046520|[RPC][BLOCK][NUMBER][fromJson],group=group0,node=98a7f70ec883a722219d92253cf073a72605f4087aa3443c8e4aadc0af2dc3ac647d0fa1b5ac99cd6987abafe6d690ae71cd5fd2aeeabe7589bfb4748aabdfba,blockNumber=1763
info|2023-07-08 04:57:16.046587|[RPCWS][SERVICE][onRecvBlockNotifier]receive block number notifier,group=group0,node=98a7f70ec883a722219d92253cf073a72605f4087aa3443c8e4aadc0af2dc3ac647d0fa1b5ac99cd6987abafe6d690ae71cd5fd2aeeabe7589bfb4748aabdfba,blockNumber=1763
info|2023-07-08 04:57:16.046601|[RPCWS][SERVICE][updateGroupBlockNumber],groupID=group0,_blockNumber=1763
info|2023-07-08 04:57:16.046610|[RPCWS][SERVICE][onRecvBlockNotifier]block notifier callback,group=group0,node=98a7f70ec883a722219d92253cf073a72605f4087aa3443c8e4aadc0af2dc3ac647d0fa1b5ac99cd6987abafe6d690ae71cd5fd2aeeabe7589bfb4748aabdfba,blockNumber=1763
info|2023-07-08 04:57:16.046618|[WS]receive block notify,endpoint=127.0.0.1:20200,blk={
	"blockNumber" : 1763,
	"group" : "group0",
	"nodeName" : "98a7f70ec883a722219d92253cf073a72605f4087aa3443c8e4aadc0af2dc3ac647d0fa1b5ac99cd6987abafe6d690ae71cd5fd2aeeabe7589bfb4748aabdfba"
}
info|2023-07-08 04:57:16.140311|[RPC][BLOCK][NUMBER][fromJson],group=group0,node=2f993327933ad58672518b6d4f63920cbc68b80f78f4d81192552ee6362f5cc81ee13bdc678ad65f06e76444cadb53b33694cfb3fc7679b8000411975fedd28a,blockNumber=1763
info|2023-07-08 04:57:16.140339|[RPCWS][SERVICE][onRecvBlockNotifier]receive block number notifier,group=group0,node=2f993327933ad58672518b6d4f63920cbc68b80f78f4d81192552ee6362f5cc81ee13bdc678ad65f06e76444cadb53b33694cfb3fc7679b8000411975fedd28a,blockNumber=1763
info|2023-07-08 04:57:16.140349|[WS]receive block notify,endpoint=127.0.0.1:20201,blk={
	"blockNumber" : 1763,
	"group" : "group0",
	"nodeName" : "2f993327933ad58672518b6d4f63920cbc68b80f78f4d81192552ee6362f5cc81ee13bdc678ad65f06e76444cadb53b33694cfb3fc7679b8000411975fedd28a"
}
info|2023-07-08 04:57:16.616547|[RPC][BLOCK][NUMBER][fromJson],group=group0,node=98a7f70ec883a722219d92253cf073a72605f4087aa3443c8e4aadc0af2dc3ac647d0fa1b5ac99cd6987abafe6d690ae71cd5fd2aeeabe7589bfb4748aabdfba,blockNumber=1764
info|2023-07-08 04:57:16.616577|[RPCWS][SERVICE][onRecvBlockNotifier]receive block number notifier,group=group0,node=98a7f70ec883a722219d92253cf073a72605f4087aa3443c8e4aadc0af2dc3ac647d0fa1b5ac99cd6987abafe6d690ae71cd5fd2aeeabe7589bfb4748aabdfba,blockNumber=1764
info|2023-07-08 04:57:16.616586|[RPCWS][SERVICE][updateGroupBlockNumber],groupID=group0,_blockNumber=1764
info|2023-07-08 04:57:16.616593|[RPCWS][SERVICE][onRecvBlockNotifier]block notifier callback,group=group0,node=98a7f70ec883a722219d92253cf073a72605f4087aa3443c8e4aadc0af2dc3ac647d0fa1b5ac99cd6987abafe6d690ae71cd5fd2aeeabe7589bfb4748aabdfba,blockNumber=1764
info|2023-07-08 04:57:16.616600|[WS]receive block notify,endpoint=127.0.0.1:20200,blk={
	"blockNumber" : 1764,
	"group" : "group0",
	"nodeName" : "98a7f70ec883a722219d92253cf073a72605f4087aa3443c8e4aadc0af2dc3ac647d0fa1b5ac99cd6987abafe6d690ae71cd5fd2aeeabe7589bfb4748aabdfba"
}
info|2023-07-08 04:57:16.629291|[RPC][BLOCK][NUMBER][fromJson],group=group0,node=2f993327933ad58672518b6d4f63920cbc68b80f78f4d81192552ee6362f5cc81ee13bdc678ad65f06e76444cadb53b33694cfb3fc7679b8000411975fedd28a,blockNumber=1764
info|2023-07-08 04:57:16.629335|[RPCWS][SERVICE][onRecvBlockNotifier]receive block number notifier,group=group0,node=2f993327933ad58672518b6d4f63920cbc68b80f78f4d81192552ee6362f5cc81ee13bdc678ad65f06e76444cadb53b33694cfb3fc7679b8000411975fedd28a,blockNumber=1764
info|2023-07-08 04:57:16.629344|[WS]receive block notify,endpoint=127.0.0.1:20201,blk={
	"blockNumber" : 1764,
	"group" : "group0",
	"nodeName" : "2f993327933ad58672518b6d4f63920cbc68b80f78f4d81192552ee6362f5cc81ee13bdc678ad65f06e76444cadb53b33694cfb3fc7679b8000411975fedd28a"
}
info|2023-07-08 04:57:17.174361|[RPC][BLOCK][NUMBER][fromJson],group=group0,node=98a7f70ec883a722219d92253cf073a72605f4087aa3443c8e4aadc0af2dc3ac647d0fa1b5ac99cd6987abafe6d690ae71cd5fd2aeeabe7589bfb4748aabdfba,blockNumber=1765
info|2023-07-08 04:57:17.174415|[RPCWS][SERVICE][onRecvBlockNotifier]receive block number notifier,group=group0,node=98a7f70ec883a722219d92253cf073a72605f4087aa3443c8e4aadc0af2dc3ac647d0fa1b5ac99cd6987abafe6d690ae71cd5fd2aeeabe7589bfb4748aabdfba,blockNumber=1765
info|2023-07-08 04:57:17.174425|[RPCWS][SERVICE][updateGroupBlockNumber],groupID=group0,_blockNumber=1765
info|2023-07-08 04:57:17.174432|[RPCWS][SERVICE][onRecvBlockNotifier]block notifier callback,group=group0,node=98a7f70ec883a722219d92253cf073a72605f4087aa3443c8e4aadc0af2dc3ac647d0fa1b5ac99cd6987abafe6d690ae71cd5fd2aeeabe7589bfb4748aabdfba,blockNumber=1765
info|2023-07-08 04:57:17.174442|[WS]receive block notify,endpoint=127.0.0.1:20200,blk={
	"blockNumber" : 1765,
	"group" : "group0",
	"nodeName" : "98a7f70ec883a722219d92253cf073a72605f4087aa3443c8e4aadc0af2dc3ac647d0fa1b5ac99cd6987abafe6d690ae71cd5fd2aeeabe7589bfb4748aabdfba"
}
info|2023-07-08 04:57:17.278708|[RPC][BLOCK][NUMBER][fromJson],group=group0,node=2f993327933ad58672518b6d4f63920cbc68b80f78f4d81192552ee6362f5cc81ee13bdc678ad65f06e76444cadb53b33694cfb3fc7679b8000411975fedd28a,blockNumber=1765
info|2023-07-08 04:57:17.278800|[RPCWS][SERVICE][onRecvBlockNotifier]receive block number notifier,group=group0,node=2f993327933ad58672518b6d4f63920cbc68b80f78f4d81192552ee6362f5cc81ee13bdc678ad65f06e76444cadb53b33694cfb3fc7679b8000411975fedd28a,blockNumber=1765
info|2023-07-08 04:57:17.278823|[WS]receive block notify,endpoint=127.0.0.1:20201,blk={
	"blockNumber" : 1765,
	"group" : "group0",
	"nodeName" : "2f993327933ad58672518b6d4f63920cbc68b80f78f4d81192552ee6362f5cc81ee13bdc678ad65f06e76444cadb53b33694cfb3fc7679b8000411975fedd28a"
}
info|2023-07-08 04:57:17.839014|[RPC][BLOCK][NUMBER][fromJson],group=group0,node=98a7f70ec883a722219d92253cf073a72605f4087aa3443c8e4aadc0af2dc3ac647d0fa1b5ac99cd6987abafe6d690ae71cd5fd2aeeabe7589bfb4748aabdfba,blockNumber=1766
info|2023-07-08 04:57:17.839044|[RPCWS][SERVICE][onRecvBlockNotifier]receive block number notifier,group=group0,node=98a7f70ec883a722219d92253cf073a72605f4087aa3443c8e4aadc0af2dc3ac647d0fa1b5ac99cd6987abafe6d690ae71cd5fd2aeeabe7589bfb4748aabdfba,blockNumber=1766
info|2023-07-08 04:57:17.839052|[RPCWS][SERVICE][updateGroupBlockNumber],groupID=group0,_blockNumber=1766
info|2023-07-08 04:57:17.839060|[RPCWS][SERVICE][onRecvBlockNotifier]block notifier callback,group=group0,node=98a7f70ec883a722219d92253cf073a72605f4087aa3443c8e4aadc0af2dc3ac647d0fa1b5ac99cd6987abafe6d690ae71cd5fd2aeeabe7589bfb4748aabdfba,blockNumber=1766
info|2023-07-08 04:57:17.839066|[WS]receive block notify,endpoint=127.0.0.1:20200,blk={
	"blockNumber" : 1766,
	"group" : "group0",
	"nodeName" : "98a7f70ec883a722219d92253cf073a72605f4087aa3443c8e4aadc0af2dc3ac647d0fa1b5ac99cd6987abafe6d690ae71cd5fd2aeeabe7589bfb4748aabdfba"
}
info|2023-07-08 04:57:17.908861|[RPC][BLOCK][NUMBER][fromJson],group=group0,node=2f993327933ad58672518b6d4f63920cbc68b80f78f4d81192552ee6362f5cc81ee13bdc678ad65f06e76444cadb53b33694cfb3fc7679b8000411975fedd28a,blockNumber=1766
info|2023-07-08 04:57:17.908904|[RPCWS][SERVICE][onRecvBlockNotifier]receive block number notifier,group=group0,node=2f993327933ad58672518b6d4f63920cbc68b80f78f4d81192552ee6362f5cc81ee13bdc678ad65f06e76444cadb53b33694cfb3fc7679b8000411975fedd28a,blockNumber=1766
info|2023-07-08 04:57:17.908919|[WS]receive block notify,endpoint=127.0.0.1:20201,blk={
	"blockNumber" : 1766,
	"group" : "group0",
	"nodeName" : "2f993327933ad58672518b6d4f63920cbc68b80f78f4d81192552ee6362f5cc81ee13bdc678ad65f06e76444cadb53b33694cfb3fc7679b8000411975fedd28a"
}
info|2023-07-08 04:57:18.421247|[RPC][BLOCK][NUMBER][fromJson],group=group0,node=98a7f70ec883a722219d92253cf073a72605f4087aa3443c8e4aadc0af2dc3ac647d0fa1b5ac99cd6987abafe6d690ae71cd5fd2aeeabe7589bfb4748aabdfba,blockNumber=1767
info|2023-07-08 04:57:18.421275|[RPCWS][SERVICE][onRecvBlockNotifier]receive block number notifier,group=group0,node=98a7f70ec883a722219d92253cf073a72605f4087aa3443c8e4aadc0af2dc3ac647d0fa1b5ac99cd6987abafe6d690ae71cd5fd2aeeabe7589bfb4748aabdfba,blockNumber=1767
info|2023-07-08 04:57:18.421314|[RPCWS][SERVICE][updateGroupBlockNumber],groupID=group0,_blockNumber=1767
info|2023-07-08 04:57:18.421324|[RPCWS][SERVICE][onRecvBlockNotifier]block notifier callback,group=group0,node=98a7f70ec883a722219d92253cf073a72605f4087aa3443c8e4aadc0af2dc3ac647d0fa1b5ac99cd6987abafe6d690ae71cd5fd2aeeabe7589bfb4748aabdfba,blockNumber=1767
info|2023-07-08 04:57:18.421357|[WS]receive block notify,endpoint=127.0.0.1:20200,blk={
	"blockNumber" : 1767,
	"group" : "group0",
	"nodeName" : "98a7f70ec883a722219d92253cf073a72605f4087aa3443c8e4aadc0af2dc3ac647d0fa1b5ac99cd6987abafe6d690ae71cd5fd2aeeabe7589bfb4748aabdfba"
}
info|2023-07-08 04:57:18.450187|[RPC][BLOCK][NUMBER][fromJson],group=group0,node=2f993327933ad58672518b6d4f63920cbc68b80f78f4d81192552ee6362f5cc81ee13bdc678ad65f06e76444cadb53b33694cfb3fc7679b8000411975fedd28a,blockNumber=1767
info|2023-07-08 04:57:18.450227|[RPCWS][SERVICE][onRecvBlockNotifier]receive block number notifier,group=group0,node=2f993327933ad58672518b6d4f63920cbc68b80f78f4d81192552ee6362f5cc81ee13bdc678ad65f06e76444cadb53b33694cfb3fc7679b8000411975fedd28a,blockNumber=1767
info|2023-07-08 04:57:18.450236|[WS]receive block notify,endpoint=127.0.0.1:20201,blk={
	"blockNumber" : 1767,
	"group" : "group0",
	"nodeName" : "2f993327933ad58672518b6d4f63920cbc68b80f78f4d81192552ee6362f5cc81ee13bdc678ad65f06e76444cadb53b33694cfb3fc7679b8000411975fedd28a"
}
info|2023-07-08 04:57:19.009023|[RPC][BLOCK][NUMBER][fromJson],group=group0,node=98a7f70ec883a722219d92253cf073a72605f4087aa3443c8e4aadc0af2dc3ac647d0fa1b5ac99cd6987abafe6d690ae71cd5fd2aeeabe7589bfb4748aabdfba,blockNumber=1768
info|2023-07-08 04:57:19.009058|[RPCWS][SERVICE][onRecvBlockNotifier]receive block number notifier,group=group0,node=98a7f70ec883a722219d92253cf073a72605f4087aa3443c8e4aadc0af2dc3ac647d0fa1b5ac99cd6987abafe6d690ae71cd5fd2aeeabe7589bfb4748aabdfba,blockNumber=1768
info|2023-07-08 04:57:19.009067|[RPCWS][SERVICE][updateGroupBlockNumber],groupID=group0,_blockNumber=1768
info|2023-07-08 04:57:19.009075|[RPCWS][SERVICE][onRecvBlockNotifier]block notifier callback,group=group0,node=98a7f70ec883a722219d92253cf073a72605f4087aa3443c8e4aadc0af2dc3ac647d0fa1b5ac99cd6987abafe6d690ae71cd5fd2aeeabe7589bfb4748aabdfba,blockNumber=1768
info|2023-07-08 04:57:19.009082|[WS]receive block notify,endpoint=127.0.0.1:20200,blk={
	"blockNumber" : 1768,
	"group" : "group0",
	"nodeName" : "98a7f70ec883a722219d92253cf073a72605f4087aa3443c8e4aadc0af2dc3ac647d0fa1b5ac99cd6987abafe6d690ae71cd5fd2aeeabe7589bfb4748aabdfba"
}
info|2023-07-08 04:57:19.031773|[RPC][BLOCK][NUMBER][fromJson],group=group0,node=2f993327933ad58672518b6d4f63920cbc68b80f78f4d81192552ee6362f5cc81ee13bdc678ad65f06e76444cadb53b33694cfb3fc7679b8000411975fedd28a,blockNumber=1768
info|2023-07-08 04:57:19.031797|[RPCWS][SERVICE][onRecvBlockNotifier]receive block number notifier,group=group0,node=2f993327933ad58672518b6d4f63920cbc68b80f78f4d81192552ee6362f5cc81ee13bdc678ad65f06e76444cadb53b33694cfb3fc7679b8000411975fedd28a,blockNumber=1768
info|2023-07-08 04:57:19.031804|[WS]receive block notify,endpoint=127.0.0.1:20201,blk={
	"blockNumber" : 1768,
	"group" : "group0",
	"nodeName" : "2f993327933ad58672518b6d4f63920cbc68b80f78f4d81192552ee6362f5cc81ee13bdc678ad65f06e76444cadb53b33694cfb3fc7679b8000411975fedd28a"
}
info|2023-07-08 04:57:19.528775|[RPC][BLOCK][NUMBER][fromJson],group=group0,node=98a7f70ec883a722219d92253cf073a72605f4087aa3443c8e4aadc0af2dc3ac647d0fa1b5ac99cd6987abafe6d690ae71cd5fd2aeeabe7589bfb4748aabdfba,blockNumber=1769
info|2023-07-08 04:57:19.528815|[RPCWS][SERVICE][onRecvBlockNotifier]receive block number notifier,group=group0,node=98a7f70ec883a722219d92253cf073a72605f4087aa3443c8e4aadc0af2dc3ac647d0fa1b5ac99cd6987abafe6d690ae71cd5fd2aeeabe7589bfb4748aabdfba,blockNumber=1769
info|2023-07-08 04:57:19.528823|[RPCWS][SERVICE][updateGroupBlockNumber],groupID=group0,_blockNumber=1769
info|2023-07-08 04:57:19.528828|[RPCWS][SERVICE][onRecvBlockNotifier]block notifier callback,group=group0,node=98a7f70ec883a722219d92253cf073a72605f4087aa3443c8e4aadc0af2dc3ac647d0fa1b5ac99cd6987abafe6d690ae71cd5fd2aeeabe7589bfb4748aabdfba,blockNumber=1769
info|2023-07-08 04:57:19.528833|[WS]receive block notify,endpoint=127.0.0.1:20200,blk={
	"blockNumber" : 1769,
	"group" : "group0",
	"nodeName" : "98a7f70ec883a722219d92253cf073a72605f4087aa3443c8e4aadc0af2dc3ac647d0fa1b5ac99cd6987abafe6d690ae71cd5fd2aeeabe7589bfb4748aabdfba"
}
info|2023-07-08 04:57:19.625166|[RPC][BLOCK][NUMBER][fromJson],group=group0,node=2f993327933ad58672518b6d4f63920cbc68b80f78f4d81192552ee6362f5cc81ee13bdc678ad65f06e76444cadb53b33694cfb3fc7679b8000411975fedd28a,blockNumber=1769
info|2023-07-08 04:57:19.625218|[RPCWS][SERVICE][onRecvBlockNotifier]receive block number notifier,group=group0,node=2f993327933ad58672518b6d4f63920cbc68b80f78f4d81192552ee6362f5cc81ee13bdc678ad65f06e76444cadb53b33694cfb3fc7679b8000411975fedd28a,blockNumber=1769
info|2023-07-08 04:57:19.625236|[WS]receive block notify,endpoint=127.0.0.1:20201,blk={
	"blockNumber" : 1769,
	"group" : "group0",
	"nodeName" : "2f993327933ad58672518b6d4f63920cbc68b80f78f4d81192552ee6362f5cc81ee13bdc678ad65f06e76444cadb53b33694cfb3fc7679b8000411975fedd28a"
}
info|2023-07-08 04:57:20.179865|[RPC][BLOCK][NUMBER][fromJson],group=group0,node=98a7f70ec883a722219d92253cf073a72605f4087aa3443c8e4aadc0af2dc3ac647d0fa1b5ac99cd6987abafe6d690ae71cd5fd2aeeabe7589bfb4748aabdfba,blockNumber=1770
info|2023-07-08 04:57:20.179899|[RPCWS][SERVICE][onRecvBlockNotifier]receive block number notifier,group=group0,node=98a7f70ec883a722219d92253cf073a72605f4087aa3443c8e4aadc0af2dc3ac647d0fa1b5ac99cd6987abafe6d690ae71cd5fd2aeeabe7589bfb4748aabdfba,blockNumber=1770
info|2023-07-08 04:57:20.179910|[RPCWS][SERVICE][updateGroupBlockNumber],groupID=group0,_blockNumber=1770
info|2023-07-08 04:57:20.179917|[RPCWS][SERVICE][onRecvBlockNotifier]block notifier callback,group=group0,node=98a7f70ec883a722219d92253cf073a72605f4087aa3443c8e4aadc0af2dc3ac647d0fa1b5ac99cd6987abafe6d690ae71cd5fd2aeeabe7589bfb4748aabdfba,blockNumber=1770
info|2023-07-08 04:57:20.179924|[WS]receive block notify,endpoint=127.0.0.1:20200,blk={
	"blockNumber" : 1770,
	"group" : "group0",
	"nodeName" : "98a7f70ec883a722219d92253cf073a72605f4087aa3443c8e4aadc0af2dc3ac647d0fa1b5ac99cd6987abafe6d690ae71cd5fd2aeeabe7589bfb4748aabdfba"
}
info|2023-07-08 04:57:20.285526|[RPC][BLOCK][NUMBER][fromJson],group=group0,node=2f993327933ad58672518b6d4f63920cbc68b80f78f4d81192552ee6362f5cc81ee13bdc678ad65f06e76444cadb53b33694cfb3fc7679b8000411975fedd28a,blockNumber=1770
info|2023-07-08 04:57:20.285576|[RPCWS][SERVICE][onRecvBlockNotifier]receive block number notifier,group=group0,node=2f993327933ad58672518b6d4f63920cbc68b80f78f4d81192552ee6362f5cc81ee13bdc678ad65f06e76444cadb53b33694cfb3fc7679b8000411975fedd28a,blockNumber=1770
info|2023-07-08 04:57:20.285586|[WS]receive block notify,endpoint=127.0.0.1:20201,blk={
	"blockNumber" : 1770,
	"group" : "group0",
	"nodeName" : "2f993327933ad58672518b6d4f63920cbc68b80f78f4d81192552ee6362f5cc81ee13bdc678ad65f06e76444cadb53b33694cfb3fc7679b8000411975fedd28a"
}
info|2023-07-08 04:57:20.791792|[RPC][BLOCK][NUMBER][fromJson],group=group0,node=98a7f70ec883a722219d92253cf073a72605f4087aa3443c8e4aadc0af2dc3ac647d0fa1b5ac99cd6987abafe6d690ae71cd5fd2aeeabe7589bfb4748aabdfba,blockNumber=1771
info|2023-07-08 04:57:20.791812|[RPCWS][SERVICE][onRecvBlockNotifier]receive block number notifier,group=group0,node=98a7f70ec883a722219d92253cf073a72605f4087aa3443c8e4aadc0af2dc3ac647d0fa1b5ac99cd6987abafe6d690ae71cd5fd2aeeabe7589bfb4748aabdfba,blockNumber=1771
info|2023-07-08 04:57:20.791837|[RPCWS][SERVICE][updateGroupBlockNumber],groupID=group0,_blockNumber=1771
info|2023-07-08 04:57:20.791843|[RPCWS][SERVICE][onRecvBlockNotifier]block notifier callback,group=group0,node=98a7f70ec883a722219d92253cf073a72605f4087aa3443c8e4aadc0af2dc3ac647d0fa1b5ac99cd6987abafe6d690ae71cd5fd2aeeabe7589bfb4748aabdfba,blockNumber=1771
info|2023-07-08 04:57:20.791847|[WS]receive block notify,endpoint=127.0.0.1:20200,blk={
	"blockNumber" : 1771,
	"group" : "group0",
	"nodeName" : "98a7f70ec883a722219d92253cf073a72605f4087aa3443c8e4aadc0af2dc3ac647d0fa1b5ac99cd6987abafe6d690ae71cd5fd2aeeabe7589bfb4748aabdfba"
}
info|2023-07-08 04:57:20.831781|[RPC][BLOCK][NUMBER][fromJson],group=group0,node=2f993327933ad58672518b6d4f63920cbc68b80f78f4d81192552ee6362f5cc81ee13bdc678ad65f06e76444cadb53b33694cfb3fc7679b8000411975fedd28a,blockNumber=1771
info|2023-07-08 04:57:20.831836|[RPCWS][SERVICE][onRecvBlockNotifier]receive block number notifier,group=group0,node=2f993327933ad58672518b6d4f63920cbc68b80f78f4d81192552ee6362f5cc81ee13bdc678ad65f06e76444cadb53b33694cfb3fc7679b8000411975fedd28a,blockNumber=1771
info|2023-07-08 04:57:20.831856|[WS]receive block notify,endpoint=127.0.0.1:20201,blk={
	"blockNumber" : 1771,
	"group" : "group0",
	"nodeName" : "2f993327933ad58672518b6d4f63920cbc68b80f78f4d81192552ee6362f5cc81ee13bdc678ad65f06e76444cadb53b33694cfb3fc7679b8000411975fedd28a"
}
info|2023-07-08 04:57:21.333657|[RPC][BLOCK][NUMBER][fromJson],group=group0,node=98a7f70ec883a722219d92253cf073a72605f4087aa3443c8e4aadc0af2dc3ac647d0fa1b5ac99cd6987abafe6d690ae71cd5fd2aeeabe7589bfb4748aabdfba,blockNumber=1772
info|2023-07-08 04:57:21.334427|[RPCWS][SERVICE][onRecvBlockNotifier]receive block number notifier,group=group0,node=98a7f70ec883a722219d92253cf073a72605f4087aa3443c8e4aadc0af2dc3ac647d0fa1b5ac99cd6987abafe6d690ae71cd5fd2aeeabe7589bfb4748aabdfba,blockNumber=1772
info|2023-07-08 04:57:21.334521|[RPCWS][SERVICE][updateGroupBlockNumber],groupID=group0,_blockNumber=1772
info|2023-07-08 04:57:21.334539|[RPCWS][SERVICE][onRecvBlockNotifier]block notifier callback,group=group0,node=98a7f70ec883a722219d92253cf073a72605f4087aa3443c8e4aadc0af2dc3ac647d0fa1b5ac99cd6987abafe6d690ae71cd5fd2aeeabe7589bfb4748aabdfba,blockNumber=1772
info|2023-07-08 04:57:21.334546|[WS]receive block notify,endpoint=127.0.0.1:20200,blk={
	"blockNumber" : 1772,
	"group" : "group0",
	"nodeName" : "98a7f70ec883a722219d92253cf073a72605f4087aa3443c8e4aadc0af2dc3ac647d0fa1b5ac99cd6987abafe6d690ae71cd5fd2aeeabe7589bfb4748aabdfba"
}
info|2023-07-08 04:57:21.348143|[RPC][BLOCK][NUMBER][fromJson],group=group0,node=2f993327933ad58672518b6d4f63920cbc68b80f78f4d81192552ee6362f5cc81ee13bdc678ad65f06e76444cadb53b33694cfb3fc7679b8000411975fedd28a,blockNumber=1772
info|2023-07-08 04:57:21.348177|[RPCWS][SERVICE][onRecvBlockNotifier]receive block number notifier,group=group0,node=2f993327933ad58672518b6d4f63920cbc68b80f78f4d81192552ee6362f5cc81ee13bdc678ad65f06e76444cadb53b33694cfb3fc7679b8000411975fedd28a,blockNumber=1772
info|2023-07-08 04:57:21.348188|[WS]receive block notify,endpoint=127.0.0.1:20201,blk={
	"blockNumber" : 1772,
	"group" : "group0",
	"nodeName" : "2f993327933ad58672518b6d4f63920cbc68b80f78f4d81192552ee6362f5cc81ee13bdc678ad65f06e76444cadb53b33694cfb3fc7679b8000411975fedd28a"
}
info|2023-07-08 04:57:21.835785|[RPC][BLOCK][NUMBER][fromJson],group=group0,node=98a7f70ec883a722219d92253cf073a72605f4087aa3443c8e4aadc0af2dc3ac647d0fa1b5ac99cd6987abafe6d690ae71cd5fd2aeeabe7589bfb4748aabdfba,blockNumber=1773
info|2023-07-08 04:57:21.835843|[RPCWS][SERVICE][onRecvBlockNotifier]receive block number notifier,group=group0,node=98a7f70ec883a722219d92253cf073a72605f4087aa3443c8e4aadc0af2dc3ac647d0fa1b5ac99cd6987abafe6d690ae71cd5fd2aeeabe7589bfb4748aabdfba,blockNumber=1773
info|2023-07-08 04:57:21.835851|[RPCWS][SERVICE][updateGroupBlockNumber],groupID=group0,_blockNumber=1773
info|2023-07-08 04:57:21.835858|[RPCWS][SERVICE][onRecvBlockNotifier]block notifier callback,group=group0,node=98a7f70ec883a722219d92253cf073a72605f4087aa3443c8e4aadc0af2dc3ac647d0fa1b5ac99cd6987abafe6d690ae71cd5fd2aeeabe7589bfb4748aabdfba,blockNumber=1773
info|2023-07-08 04:57:21.835863|[WS]receive block notify,endpoint=127.0.0.1:20200,blk={
	"blockNumber" : 1773,
	"group" : "group0",
	"nodeName" : "98a7f70ec883a722219d92253cf073a72605f4087aa3443c8e4aadc0af2dc3ac647d0fa1b5ac99cd6987abafe6d690ae71cd5fd2aeeabe7589bfb4748aabdfba"
}
info|2023-07-08 04:57:21.883764|[RPC][BLOCK][NUMBER][fromJson],group=group0,node=2f993327933ad58672518b6d4f63920cbc68b80f78f4d81192552ee6362f5cc81ee13bdc678ad65f06e76444cadb53b33694cfb3fc7679b8000411975fedd28a,blockNumber=1773
info|2023-07-08 04:57:21.883820|[RPCWS][SERVICE][onRecvBlockNotifier]receive block number notifier,group=group0,node=2f993327933ad58672518b6d4f63920cbc68b80f78f4d81192552ee6362f5cc81ee13bdc678ad65f06e76444cadb53b33694cfb3fc7679b8000411975fedd28a,blockNumber=1773
info|2023-07-08 04:57:21.883841|[WS]receive block notify,endpoint=127.0.0.1:20201,blk={
	"blockNumber" : 1773,
	"group" : "group0",
	"nodeName" : "2f993327933ad58672518b6d4f63920cbc68b80f78f4d81192552ee6362f5cc81ee13bdc678ad65f06e76444cadb53b33694cfb3fc7679b8000411975fedd28a"
}
info|2023-07-08 04:57:22.447946|[RPC][BLOCK][NUMBER][fromJson],group=group0,node=98a7f70ec883a722219d92253cf073a72605f4087aa3443c8e4aadc0af2dc3ac647d0fa1b5ac99cd6987abafe6d690ae71cd5fd2aeeabe7589bfb4748aabdfba,blockNumber=1774
info|2023-07-08 04:57:22.448001|[RPCWS][SERVICE][onRecvBlockNotifier]receive block number notifier,group=group0,node=98a7f70ec883a722219d92253cf073a72605f4087aa3443c8e4aadc0af2dc3ac647d0fa1b5ac99cd6987abafe6d690ae71cd5fd2aeeabe7589bfb4748aabdfba,blockNumber=1774
info|2023-07-08 04:57:22.448012|[RPCWS][SERVICE][updateGroupBlockNumber],groupID=group0,_blockNumber=1774
info|2023-07-08 04:57:22.448019|[RPCWS][SERVICE][onRecvBlockNotifier]block notifier callback,group=group0,node=98a7f70ec883a722219d92253cf073a72605f4087aa3443c8e4aadc0af2dc3ac647d0fa1b5ac99cd6987abafe6d690ae71cd5fd2aeeabe7589bfb4748aabdfba,blockNumber=1774
info|2023-07-08 04:57:22.448026|[WS]receive block notify,endpoint=127.0.0.1:20200,blk={
	"blockNumber" : 1774,
	"group" : "group0",
	"nodeName" : "98a7f70ec883a722219d92253cf073a72605f4087aa3443c8e4aadc0af2dc3ac647d0fa1b5ac99cd6987abafe6d690ae71cd5fd2aeeabe7589bfb4748aabdfba"
}
info|2023-07-08 04:57:22.595015|[RPC][BLOCK][NUMBER][fromJson],group=group0,node=2f993327933ad58672518b6d4f63920cbc68b80f78f4d81192552ee6362f5cc81ee13bdc678ad65f06e76444cadb53b33694cfb3fc7679b8000411975fedd28a,blockNumber=1774
info|2023-07-08 04:57:22.595046|[RPCWS][SERVICE][onRecvBlockNotifier]receive block number notifier,group=group0,node=2f993327933ad58672518b6d4f63920cbc68b80f78f4d81192552ee6362f5cc81ee13bdc678ad65f06e76444cadb53b33694cfb3fc7679b8000411975fedd28a,blockNumber=1774
info|2023-07-08 04:57:22.595058|[WS]receive block notify,endpoint=127.0.0.1:20201,blk={
	"blockNumber" : 1774,
	"group" : "group0",
	"nodeName" : "2f993327933ad58672518b6d4f63920cbc68b80f78f4d81192552ee6362f5cc81ee13bdc678ad65f06e76444cadb53b33694cfb3fc7679b8000411975fedd28a"
}
info|2023-07-08 04:57:26.924326|[SDK][WS][SERVICE]connected nodes,count=2
info|2023-07-08 04:57:26.946059|[EVENT][SUB][doLoop]event sub tasks report,working event sub count=0,suspend event sub count=0
info|2023-07-08 04:57:46.924538|[SDK][WS][SERVICE]connected nodes,count=2
info|2023-07-08 04:57:46.946331|[EVENT][SUB][doLoop]event sub tasks report,working event sub count=0,suspend event sub count=0
info|2023-07-08 04:58:06.924818|[SDK][WS][SERVICE]connected nodes,count=2
info|2023-07-08 04:58:06.946998|[EVENT][SUB][doLoop]event sub tasks report,working event sub count=0,suspend event sub count=0
info|2023-07-08 04:58:26.924931|[SDK][WS][SERVICE]connected nodes,count=2
info|2023-07-08 04:58:26.947122|[EVENT][SUB][doLoop]event sub tasks report,working event sub count=0,suspend event sub count=0
info|2023-07-08 04:58:46.925317|[SDK][WS][SERVICE]connected nodes,count=2
info|2023-07-08 04:58:46.947433|[EVENT][SUB][doLoop]event sub tasks report,working event sub count=0,suspend event sub count=0
info|2023-07-08 04:59:06.925867|[SDK][WS][SERVICE]connected nodes,count=2
info|2023-07-08 04:59:06.947730|[EVENT][SUB][doLoop]event sub tasks report,working event sub count=0,suspend event sub count=0
info|2023-07-08 04:59:26.926016|[SDK][WS][SERVICE]connected nodes,count=2
info|2023-07-08 04:59:26.947972|[EVENT][SUB][doLoop]event sub tasks report,working event sub count=0,suspend event sub count=0
info|2023-07-08 04:59:46.926177|[SDK][WS][SERVICE]connected nodes,count=2
info|2023-07-08 04:59:46.949108|[EVENT][SUB][doLoop]event sub tasks report,working event sub count=0,suspend event sub count=0
