info|2023-07-08 20:00:09.689830|[EVENT][SUB][doLoop]event sub tasks report,working event sub count=0,suspend event sub count=0
info|2023-07-08 20:00:10.162871|[SDK][WS][SERVICE]connected nodes,count=2
info|2023-07-08 20:00:29.689880|[EVENT][SUB][doLoop]event sub tasks report,working event sub count=0,suspend event sub count=0
info|2023-07-08 20:00:30.163027|[SDK][WS][SERVICE]connected nodes,count=2
info|2023-07-08 20:00:49.690020|[EVENT][SUB][doLoop]event sub tasks report,working event sub count=0,suspend event sub count=0
info|2023-07-08 20:00:50.163528|[SDK][WS][SERVICE]connected nodes,count=2
info|2023-07-08 20:01:09.690474|[EVENT][SUB][doLoop]event sub tasks report,working event sub count=0,suspend event sub count=0
info|2023-07-08 20:01:10.163649|[SDK][WS][SERVICE]connected nodes,count=2
info|2023-07-08 20:01:29.690689|[EVENT][SUB][doLoop]event sub tasks report,working event sub count=0,suspend event sub count=0
info|2023-07-08 20:01:30.164155|[SDK][WS][SERVICE]connected nodes,count=2
info|2023-07-08 20:01:49.691094|[EVENT][SUB][doLoop]event sub tasks report,working event sub count=0,suspend event sub count=0
info|2023-07-08 20:01:50.164345|[SDK][WS][SERVICE]connected nodes,count=2
info|2023-07-08 20:02:09.691290|[EVENT][SUB][doLoop]event sub tasks report,working event sub count=0,suspend event sub count=0
info|2023-07-08 20:02:10.164794|[SDK][WS][SERVICE]connected nodes,count=2
info|2023-07-08 20:02:29.691742|[EVENT][SUB][doLoop]event sub tasks report,working event sub count=0,suspend event sub count=0
info|2023-07-08 20:02:30.164934|[SDK][WS][SERVICE]connected nodes,count=2
info|2023-07-08 20:02:49.691905|[EVENT][SUB][doLoop]event sub tasks report,working event sub count=0,suspend event sub count=0
info|2023-07-08 20:02:50.165366|[SDK][WS][SERVICE]connected nodes,count=2
info|2023-07-08 20:03:09.692298|[EVENT][SUB][doLoop]event sub tasks report,working event sub count=0,suspend event sub count=0
info|2023-07-08 20:03:10.165531|[SDK][WS][SERVICE]connected nodes,count=2
info|2023-07-08 20:03:29.692589|[EVENT][SUB][doLoop]event sub tasks report,working event sub count=0,suspend event sub count=0
info|2023-07-08 20:03:30.166114|[SDK][WS][SERVICE]connected nodes,count=2
info|2023-07-08 20:03:49.692919|[EVENT][SUB][doLoop]event sub tasks report,working event sub count=0,suspend event sub count=0
info|2023-07-08 20:03:50.166499|[SDK][WS][SERVICE]connected nodes,count=2
info|2023-07-08 20:04:09.693009|[EVENT][SUB][doLoop]event sub tasks report,working event sub count=0,suspend event sub count=0
info|2023-07-08 20:04:10.167230|[SDK][WS][SERVICE]connected nodes,count=2
info|2023-07-08 20:04:29.693206|[EVENT][SUB][doLoop]event sub tasks report,working event sub count=0,suspend event sub count=0
info|2023-07-08 20:04:30.167840|[SDK][WS][SERVICE]connected nodes,count=2
info|2023-07-08 20:04:49.693685|[EVENT][SUB][doLoop]event sub tasks report,working event sub count=0,suspend event sub count=0
info|2023-07-08 20:04:50.168217|[SDK][WS][SERVICE]connected nodes,count=2
info|2023-07-08 20:05:09.694184|[EVENT][SUB][doLoop]event sub tasks report,working event sub count=0,suspend event sub count=0
info|2023-07-08 20:05:10.168387|[SDK][WS][SERVICE]connected nodes,count=2
info|2023-07-08 20:05:29.694260|[EVENT][SUB][doLoop]event sub tasks report,working event sub count=0,suspend event sub count=0
info|2023-07-08 20:05:30.168927|[SDK][WS][SERVICE]connected nodes,count=2
info|2023-07-08 20:05:49.694652|[EVENT][SUB][doLoop]event sub tasks report,working event sub count=0,suspend event sub count=0
info|2023-07-08 20:05:50.169169|[SDK][WS][SERVICE]connected nodes,count=2
info|2023-07-08 20:06:09.694807|[EVENT][SUB][doLoop]event sub tasks report,working event sub count=0,suspend event sub count=0
info|2023-07-08 20:06:10.169434|[SDK][WS][SERVICE]connected nodes,count=2
info|2023-07-08 20:06:29.695693|[EVENT][SUB][doLoop]event sub tasks report,working event sub count=0,suspend event sub count=0
info|2023-07-08 20:06:30.170267|[SDK][WS][SERVICE]connected nodes,count=2
info|2023-07-08 20:06:49.696205|[EVENT][SUB][doLoop]event sub tasks report,working event sub count=0,suspend event sub count=0
info|2023-07-08 20:06:50.170631|[SDK][WS][SERVICE]connected nodes,count=2
info|2023-07-08 20:07:09.696616|[EVENT][SUB][doLoop]event sub tasks report,working event sub count=0,suspend event sub count=0
info|2023-07-08 20:07:10.170917|[SDK][WS][SERVICE]connected nodes,count=2
info|2023-07-08 20:07:29.697301|[EVENT][SUB][doLoop]event sub tasks report,working event sub count=0,suspend event sub count=0
info|2023-07-08 20:07:30.171358|[SDK][WS][SERVICE]connected nodes,count=2
info|2023-07-08 20:07:49.697404|[EVENT][SUB][doLoop]event sub tasks report,working event sub count=0,suspend event sub count=0
info|2023-07-08 20:07:50.172128|[SDK][WS][SERVICE]connected nodes,count=2
info|2023-07-08 20:08:09.697474|[EVENT][SUB][doLoop]event sub tasks report,working event sub count=0,suspend event sub count=0
info|2023-07-08 20:08:10.172612|[SDK][WS][SERVICE]connected nodes,count=2
info|2023-07-08 20:08:29.697566|[EVENT][SUB][doLoop]event sub tasks report,working event sub count=0,suspend event sub count=0
info|2023-07-08 20:08:30.173120|[SDK][WS][SERVICE]connected nodes,count=2
info|2023-07-08 20:08:49.698121|[EVENT][SUB][doLoop]event sub tasks report,working event sub count=0,suspend event sub count=0
info|2023-07-08 20:08:50.173580|[SDK][WS][SERVICE]connected nodes,count=2
info|2023-07-08 20:09:09.698516|[EVENT][SUB][doLoop]event sub tasks report,working event sub count=0,suspend event sub count=0
info|2023-07-08 20:09:10.173911|[SDK][WS][SERVICE]connected nodes,count=2
info|2023-07-08 20:09:29.699211|[EVENT][SUB][doLoop]event sub tasks report,working event sub count=0,suspend event sub count=0
info|2023-07-08 20:09:30.174276|[SDK][WS][SERVICE]connected nodes,count=2
info|2023-07-08 20:09:49.699833|[EVENT][SUB][doLoop]event sub tasks report,working event sub count=0,suspend event sub count=0
info|2023-07-08 20:09:50.174899|[SDK][WS][SERVICE]connected nodes,count=2
info|2023-07-08 20:10:09.700009|[EVENT][SUB][doLoop]event sub tasks report,working event sub count=0,suspend event sub count=0
info|2023-07-08 20:10:10.175042|[SDK][WS][SERVICE]connected nodes,count=2
info|2023-07-08 20:10:29.700706|[EVENT][SUB][doLoop]event sub tasks report,working event sub count=0,suspend event sub count=0
info|2023-07-08 20:10:30.175581|[SDK][WS][SERVICE]connected nodes,count=2
info|2023-07-08 20:10:49.700871|[EVENT][SUB][doLoop]event sub tasks report,working event sub count=0,suspend event sub count=0
info|2023-07-08 20:10:50.176055|[SDK][WS][SERVICE]connected nodes,count=2
info|2023-07-08 20:11:09.701239|[EVENT][SUB][doLoop]event sub tasks report,working event sub count=0,suspend event sub count=0
info|2023-07-08 20:11:10.176712|[SDK][WS][SERVICE]connected nodes,count=2
info|2023-07-08 20:11:29.701709|[EVENT][SUB][doLoop]event sub tasks report,working event sub count=0,suspend event sub count=0
info|2023-07-08 20:11:30.176986|[SDK][WS][SERVICE]connected nodes,count=2
info|2023-07-08 20:11:49.702310|[EVENT][SUB][doLoop]event sub tasks report,working event sub count=0,suspend event sub count=0
info|2023-07-08 20:11:50.177213|[SDK][WS][SERVICE]connected nodes,count=2
info|2023-07-08 20:12:09.702593|[EVENT][SUB][doLoop]event sub tasks report,working event sub count=0,suspend event sub count=0
info|2023-07-08 20:12:10.177723|[SDK][WS][SERVICE]connected nodes,count=2
info|2023-07-08 20:12:29.703196|[EVENT][SUB][doLoop]event sub tasks report,working event sub count=0,suspend event sub count=0
info|2023-07-08 20:12:30.177870|[SDK][WS][SERVICE]connected nodes,count=2
info|2023-07-08 20:12:49.703556|[EVENT][SUB][doLoop]event sub tasks report,working event sub count=0,suspend event sub count=0
info|2023-07-08 20:12:50.177993|[SDK][WS][SERVICE]connected nodes,count=2
info|2023-07-08 20:13:09.704038|[EVENT][SUB][doLoop]event sub tasks report,working event sub count=0,suspend event sub count=0
info|2023-07-08 20:13:10.178633|[SDK][WS][SERVICE]connected nodes,count=2
info|2023-07-08 20:13:29.704413|[EVENT][SUB][doLoop]event sub tasks report,working event sub count=0,suspend event sub count=0
info|2023-07-08 20:13:30.179169|[SDK][WS][SERVICE]connected nodes,count=2
info|2023-07-08 20:13:49.704558|[EVENT][SUB][doLoop]event sub tasks report,working event sub count=0,suspend event sub count=0
info|2023-07-08 20:13:50.179442|[SDK][WS][SERVICE]connected nodes,count=2
info|2023-07-08 20:14:09.705272|[EVENT][SUB][doLoop]event sub tasks report,working event sub count=0,suspend event sub count=0
info|2023-07-08 20:14:10.179559|[SDK][WS][SERVICE]connected nodes,count=2
info|2023-07-08 20:14:29.705807|[EVENT][SUB][doLoop]event sub tasks report,working event sub count=0,suspend event sub count=0
info|2023-07-08 20:14:30.180217|[SDK][WS][SERVICE]connected nodes,count=2
info|2023-07-08 20:14:49.706308|[EVENT][SUB][doLoop]event sub tasks report,working event sub count=0,suspend event sub count=0
info|2023-07-08 20:14:50.180835|[SDK][WS][SERVICE]connected nodes,count=2
info|2023-07-08 20:15:09.706730|[EVENT][SUB][doLoop]event sub tasks report,working event sub count=0,suspend event sub count=0
info|2023-07-08 20:15:10.181164|[SDK][WS][SERVICE]connected nodes,count=2
info|2023-07-08 20:15:29.707047|[EVENT][SUB][doLoop]event sub tasks report,working event sub count=0,suspend event sub count=0
info|2023-07-08 20:15:30.181726|[SDK][WS][SERVICE]connected nodes,count=2
info|2023-07-08 20:15:49.707181|[EVENT][SUB][doLoop]event sub tasks report,working event sub count=0,suspend event sub count=0
info|2023-07-08 20:15:50.182016|[SDK][WS][SERVICE]connected nodes,count=2
info|2023-07-08 20:16:09.707249|[EVENT][SUB][doLoop]event sub tasks report,working event sub count=0,suspend event sub count=0
info|2023-07-08 20:16:10.182318|[SDK][WS][SERVICE]connected nodes,count=2
info|2023-07-08 20:16:29.708029|[EVENT][SUB][doLoop]event sub tasks report,working event sub count=0,suspend event sub count=0
info|2023-07-08 20:16:30.183204|[SDK][WS][SERVICE]connected nodes,count=2
info|2023-07-08 20:16:49.708165|[EVENT][SUB][doLoop]event sub tasks report,working event sub count=0,suspend event sub count=0
info|2023-07-08 20:16:50.183638|[SDK][WS][SERVICE]connected nodes,count=2
info|2023-07-08 20:17:09.708400|[EVENT][SUB][doLoop]event sub tasks report,working event sub count=0,suspend event sub count=0
info|2023-07-08 20:17:10.183767|[SDK][WS][SERVICE]connected nodes,count=2
info|2023-07-08 20:17:29.709021|[EVENT][SUB][doLoop]event sub tasks report,working event sub count=0,suspend event sub count=0
info|2023-07-08 20:17:30.183992|[SDK][WS][SERVICE]connected nodes,count=2
info|2023-07-08 20:17:49.709570|[EVENT][SUB][doLoop]event sub tasks report,working event sub count=0,suspend event sub count=0
info|2023-07-08 20:17:50.184385|[SDK][WS][SERVICE]connected nodes,count=2
info|2023-07-08 20:18:09.709882|[EVENT][SUB][doLoop]event sub tasks report,working event sub count=0,suspend event sub count=0
info|2023-07-08 20:18:10.184579|[SDK][WS][SERVICE]connected nodes,count=2
info|2023-07-08 20:18:29.710204|[EVENT][SUB][doLoop]event sub tasks report,working event sub count=0,suspend event sub count=0
info|2023-07-08 20:18:30.185026|[SDK][WS][SERVICE]connected nodes,count=2
info|2023-07-08 20:18:49.710491|[EVENT][SUB][doLoop]event sub tasks report,working event sub count=0,suspend event sub count=0
info|2023-07-08 20:18:50.185217|[SDK][WS][SERVICE]connected nodes,count=2
info|2023-07-08 20:19:09.711395|[EVENT][SUB][doLoop]event sub tasks report,working event sub count=0,suspend event sub count=0
info|2023-07-08 20:19:10.185816|[SDK][WS][SERVICE]connected nodes,count=2
info|2023-07-08 20:19:29.711453|[EVENT][SUB][doLoop]event sub tasks report,working event sub count=0,suspend event sub count=0
info|2023-07-08 20:19:30.186222|[SDK][WS][SERVICE]connected nodes,count=2
info|2023-07-08 20:19:49.711921|[EVENT][SUB][doLoop]event sub tasks report,working event sub count=0,suspend event sub count=0
info|2023-07-08 20:19:50.186662|[SDK][WS][SERVICE]connected nodes,count=2
info|2023-07-08 20:20:09.712023|[EVENT][SUB][doLoop]event sub tasks report,working event sub count=0,suspend event sub count=0
info|2023-07-08 20:20:10.187071|[SDK][WS][SERVICE]connected nodes,count=2
info|2023-07-08 20:20:29.712458|[EVENT][SUB][doLoop]event sub tasks report,working event sub count=0,suspend event sub count=0
info|2023-07-08 20:20:30.187903|[SDK][WS][SERVICE]connected nodes,count=2
info|2023-07-08 20:20:49.712639|[EVENT][SUB][doLoop]event sub tasks report,working event sub count=0,suspend event sub count=0
info|2023-07-08 20:20:50.188515|[SDK][WS][SERVICE]connected nodes,count=2
info|2023-07-08 20:21:09.712937|[EVENT][SUB][doLoop]event sub tasks report,working event sub count=0,suspend event sub count=0
info|2023-07-08 20:21:10.188704|[SDK][WS][SERVICE]connected nodes,count=2
info|2023-07-08 20:21:29.713128|[EVENT][SUB][doLoop]event sub tasks report,working event sub count=0,suspend event sub count=0
info|2023-07-08 20:21:30.189246|[SDK][WS][SERVICE]connected nodes,count=2
info|2023-07-08 20:21:49.713757|[EVENT][SUB][doLoop]event sub tasks report,working event sub count=0,suspend event sub count=0
info|2023-07-08 20:21:50.189519|[SDK][WS][SERVICE]connected nodes,count=2
info|2023-07-08 20:22:09.714567|[EVENT][SUB][doLoop]event sub tasks report,working event sub count=0,suspend event sub count=0
info|2023-07-08 20:22:10.189973|[SDK][WS][SERVICE]connected nodes,count=2
info|2023-07-08 20:22:29.714716|[EVENT][SUB][doLoop]event sub tasks report,working event sub count=0,suspend event sub count=0
info|2023-07-08 20:22:30.190760|[SDK][WS][SERVICE]connected nodes,count=2
info|2023-07-08 20:22:49.715245|[EVENT][SUB][doLoop]event sub tasks report,working event sub count=0,suspend event sub count=0
info|2023-07-08 20:22:50.191271|[SDK][WS][SERVICE]connected nodes,count=2
info|2023-07-08 20:23:09.715410|[EVENT][SUB][doLoop]event sub tasks report,working event sub count=0,suspend event sub count=0
info|2023-07-08 20:23:10.191531|[SDK][WS][SERVICE]connected nodes,count=2
info|2023-07-08 20:23:29.715653|[EVENT][SUB][doLoop]event sub tasks report,working event sub count=0,suspend event sub count=0
info|2023-07-08 20:23:30.192287|[SDK][WS][SERVICE]connected nodes,count=2
info|2023-07-08 20:23:49.715814|[EVENT][SUB][doLoop]event sub tasks report,working event sub count=0,suspend event sub count=0
info|2023-07-08 20:23:50.192578|[SDK][WS][SERVICE]connected nodes,count=2
info|2023-07-08 20:24:09.715901|[EVENT][SUB][doLoop]event sub tasks report,working event sub count=0,suspend event sub count=0
info|2023-07-08 20:24:10.192755|[SDK][WS][SERVICE]connected nodes,count=2
info|2023-07-08 20:24:29.716076|[EVENT][SUB][doLoop]event sub tasks report,working event sub count=0,suspend event sub count=0
info|2023-07-08 20:24:30.193214|[SDK][WS][SERVICE]connected nodes,count=2
info|2023-07-08 20:24:49.716457|[EVENT][SUB][doLoop]event sub tasks report,working event sub count=0,suspend event sub count=0
info|2023-07-08 20:24:50.193439|[SDK][WS][SERVICE]connected nodes,count=2
info|2023-07-08 20:25:09.716840|[EVENT][SUB][doLoop]event sub tasks report,working event sub count=0,suspend event sub count=0
info|2023-07-08 20:25:10.194416|[SDK][WS][SERVICE]connected nodes,count=2
info|2023-07-08 20:25:29.716980|[EVENT][SUB][doLoop]event sub tasks report,working event sub count=0,suspend event sub count=0
info|2023-07-08 20:25:30.194777|[SDK][WS][SERVICE]connected nodes,count=2
info|2023-07-08 20:25:49.717609|[EVENT][SUB][doLoop]event sub tasks report,working event sub count=0,suspend event sub count=0
info|2023-07-08 20:25:50.195108|[SDK][WS][SERVICE]connected nodes,count=2
info|2023-07-08 20:26:09.717766|[EVENT][SUB][doLoop]event sub tasks report,working event sub count=0,suspend event sub count=0
info|2023-07-08 20:26:10.196101|[SDK][WS][SERVICE]connected nodes,count=2
info|2023-07-08 20:26:29.718061|[EVENT][SUB][doLoop]event sub tasks report,working event sub count=0,suspend event sub count=0
info|2023-07-08 20:26:30.196516|[SDK][WS][SERVICE]connected nodes,count=2
info|2023-07-08 20:26:49.718111|[EVENT][SUB][doLoop]event sub tasks report,working event sub count=0,suspend event sub count=0
info|2023-07-08 20:26:50.196709|[SDK][WS][SERVICE]connected nodes,count=2
info|2023-07-08 20:27:09.718853|[EVENT][SUB][doLoop]event sub tasks report,working event sub count=0,suspend event sub count=0
info|2023-07-08 20:27:10.196927|[SDK][WS][SERVICE]connected nodes,count=2
info|2023-07-08 20:27:13.862754|[RPC][BLOCK][NUMBER][fromJson],group=group0,node=98a7f70ec883a722219d92253cf073a72605f4087aa3443c8e4aadc0af2dc3ac647d0fa1b5ac99cd6987abafe6d690ae71cd5fd2aeeabe7589bfb4748aabdfba,blockNumber=2255
info|2023-07-08 20:27:13.862801|[RPCWS][SERVICE][onRecvBlockNotifier]receive block number notifier,group=group0,node=98a7f70ec883a722219d92253cf073a72605f4087aa3443c8e4aadc0af2dc3ac647d0fa1b5ac99cd6987abafe6d690ae71cd5fd2aeeabe7589bfb4748aabdfba,blockNumber=2255
info|2023-07-08 20:27:13.862807|[RPCWS][SERVICE][updateGroupBlockNumber],groupID=group0,_blockNumber=2255
info|2023-07-08 20:27:13.862812|[RPCWS][SERVICE][onRecvBlockNotifier]block notifier callback,group=group0,node=98a7f70ec883a722219d92253cf073a72605f4087aa3443c8e4aadc0af2dc3ac647d0fa1b5ac99cd6987abafe6d690ae71cd5fd2aeeabe7589bfb4748aabdfba,blockNumber=2255
info|2023-07-08 20:27:13.862816|[WS]receive block notify,endpoint=127.0.0.1:20200,blk={
	"blockNumber" : 2255,
	"group" : "group0",
	"nodeName" : "98a7f70ec883a722219d92253cf073a72605f4087aa3443c8e4aadc0af2dc3ac647d0fa1b5ac99cd6987abafe6d690ae71cd5fd2aeeabe7589bfb4748aabdfba"
}
info|2023-07-08 20:27:13.884207|[RPC][BLOCK][NUMBER][fromJson],group=group0,node=2f993327933ad58672518b6d4f63920cbc68b80f78f4d81192552ee6362f5cc81ee13bdc678ad65f06e76444cadb53b33694cfb3fc7679b8000411975fedd28a,blockNumber=2255
info|2023-07-08 20:27:13.884246|[RPCWS][SERVICE][onRecvBlockNotifier]receive block number notifier,group=group0,node=2f993327933ad58672518b6d4f63920cbc68b80f78f4d81192552ee6362f5cc81ee13bdc678ad65f06e76444cadb53b33694cfb3fc7679b8000411975fedd28a,blockNumber=2255
info|2023-07-08 20:27:13.884253|[WS]receive block notify,endpoint=127.0.0.1:20201,blk={
	"blockNumber" : 2255,
	"group" : "group0",
	"nodeName" : "2f993327933ad58672518b6d4f63920cbc68b80f78f4d81192552ee6362f5cc81ee13bdc678ad65f06e76444cadb53b33694cfb3fc7679b8000411975fedd28a"
}
info|2023-07-08 20:27:14.391262|[RPC][BLOCK][NUMBER][fromJson],group=group0,node=98a7f70ec883a722219d92253cf073a72605f4087aa3443c8e4aadc0af2dc3ac647d0fa1b5ac99cd6987abafe6d690ae71cd5fd2aeeabe7589bfb4748aabdfba,blockNumber=2256
info|2023-07-08 20:27:14.391282|[RPCWS][SERVICE][onRecvBlockNotifier]receive block number notifier,group=group0,node=98a7f70ec883a722219d92253cf073a72605f4087aa3443c8e4aadc0af2dc3ac647d0fa1b5ac99cd6987abafe6d690ae71cd5fd2aeeabe7589bfb4748aabdfba,blockNumber=2256
info|2023-07-08 20:27:14.391287|[RPCWS][SERVICE][updateGroupBlockNumber],groupID=group0,_blockNumber=2256
info|2023-07-08 20:27:14.391291|[RPCWS][SERVICE][onRecvBlockNotifier]block notifier callback,group=group0,node=98a7f70ec883a722219d92253cf073a72605f4087aa3443c8e4aadc0af2dc3ac647d0fa1b5ac99cd6987abafe6d690ae71cd5fd2aeeabe7589bfb4748aabdfba,blockNumber=2256
info|2023-07-08 20:27:14.391295|[WS]receive block notify,endpoint=127.0.0.1:20200,blk={
	"blockNumber" : 2256,
	"group" : "group0",
	"nodeName" : "98a7f70ec883a722219d92253cf073a72605f4087aa3443c8e4aadc0af2dc3ac647d0fa1b5ac99cd6987abafe6d690ae71cd5fd2aeeabe7589bfb4748aabdfba"
}
info|2023-07-08 20:27:14.400015|[RPC][BLOCK][NUMBER][fromJson],group=group0,node=2f993327933ad58672518b6d4f63920cbc68b80f78f4d81192552ee6362f5cc81ee13bdc678ad65f06e76444cadb53b33694cfb3fc7679b8000411975fedd28a,blockNumber=2256
info|2023-07-08 20:27:14.400050|[RPCWS][SERVICE][onRecvBlockNotifier]receive block number notifier,group=group0,node=2f993327933ad58672518b6d4f63920cbc68b80f78f4d81192552ee6362f5cc81ee13bdc678ad65f06e76444cadb53b33694cfb3fc7679b8000411975fedd28a,blockNumber=2256
info|2023-07-08 20:27:14.400058|[WS]receive block notify,endpoint=127.0.0.1:20201,blk={
	"blockNumber" : 2256,
	"group" : "group0",
	"nodeName" : "2f993327933ad58672518b6d4f63920cbc68b80f78f4d81192552ee6362f5cc81ee13bdc678ad65f06e76444cadb53b33694cfb3fc7679b8000411975fedd28a"
}
info|2023-07-08 20:27:14.980658|[RPC][BLOCK][NUMBER][fromJson],group=group0,node=98a7f70ec883a722219d92253cf073a72605f4087aa3443c8e4aadc0af2dc3ac647d0fa1b5ac99cd6987abafe6d690ae71cd5fd2aeeabe7589bfb4748aabdfba,blockNumber=2257
info|2023-07-08 20:27:14.980695|[RPCWS][SERVICE][onRecvBlockNotifier]receive block number notifier,group=group0,node=98a7f70ec883a722219d92253cf073a72605f4087aa3443c8e4aadc0af2dc3ac647d0fa1b5ac99cd6987abafe6d690ae71cd5fd2aeeabe7589bfb4748aabdfba,blockNumber=2257
info|2023-07-08 20:27:14.980702|[RPCWS][SERVICE][updateGroupBlockNumber],groupID=group0,_blockNumber=2257
info|2023-07-08 20:27:14.980706|[RPCWS][SERVICE][onRecvBlockNotifier]block notifier callback,group=group0,node=98a7f70ec883a722219d92253cf073a72605f4087aa3443c8e4aadc0af2dc3ac647d0fa1b5ac99cd6987abafe6d690ae71cd5fd2aeeabe7589bfb4748aabdfba,blockNumber=2257
info|2023-07-08 20:27:14.980710|[WS]receive block notify,endpoint=127.0.0.1:20200,blk={
	"blockNumber" : 2257,
	"group" : "group0",
	"nodeName" : "98a7f70ec883a722219d92253cf073a72605f4087aa3443c8e4aadc0af2dc3ac647d0fa1b5ac99cd6987abafe6d690ae71cd5fd2aeeabe7589bfb4748aabdfba"
}
info|2023-07-08 20:27:14.999183|[RPC][BLOCK][NUMBER][fromJson],group=group0,node=2f993327933ad58672518b6d4f63920cbc68b80f78f4d81192552ee6362f5cc81ee13bdc678ad65f06e76444cadb53b33694cfb3fc7679b8000411975fedd28a,blockNumber=2257
info|2023-07-08 20:27:14.999218|[RPCWS][SERVICE][onRecvBlockNotifier]receive block number notifier,group=group0,node=2f993327933ad58672518b6d4f63920cbc68b80f78f4d81192552ee6362f5cc81ee13bdc678ad65f06e76444cadb53b33694cfb3fc7679b8000411975fedd28a,blockNumber=2257
info|2023-07-08 20:27:14.999227|[WS]receive block notify,endpoint=127.0.0.1:20201,blk={
	"blockNumber" : 2257,
	"group" : "group0",
	"nodeName" : "2f993327933ad58672518b6d4f63920cbc68b80f78f4d81192552ee6362f5cc81ee13bdc678ad65f06e76444cadb53b33694cfb3fc7679b8000411975fedd28a"
}
info|2023-07-08 20:27:15.558985|[RPC][BLOCK][NUMBER][fromJson],group=group0,node=98a7f70ec883a722219d92253cf073a72605f4087aa3443c8e4aadc0af2dc3ac647d0fa1b5ac99cd6987abafe6d690ae71cd5fd2aeeabe7589bfb4748aabdfba,blockNumber=2258
info|2023-07-08 20:27:15.559009|[RPCWS][SERVICE][onRecvBlockNotifier]receive block number notifier,group=group0,node=98a7f70ec883a722219d92253cf073a72605f4087aa3443c8e4aadc0af2dc3ac647d0fa1b5ac99cd6987abafe6d690ae71cd5fd2aeeabe7589bfb4748aabdfba,blockNumber=2258
info|2023-07-08 20:27:15.559015|[RPCWS][SERVICE][updateGroupBlockNumber],groupID=group0,_blockNumber=2258
info|2023-07-08 20:27:15.559020|[RPCWS][SERVICE][onRecvBlockNotifier]block notifier callback,group=group0,node=98a7f70ec883a722219d92253cf073a72605f4087aa3443c8e4aadc0af2dc3ac647d0fa1b5ac99cd6987abafe6d690ae71cd5fd2aeeabe7589bfb4748aabdfba,blockNumber=2258
info|2023-07-08 20:27:15.559025|[WS]receive block notify,endpoint=127.0.0.1:20200,blk={
	"blockNumber" : 2258,
	"group" : "group0",
	"nodeName" : "98a7f70ec883a722219d92253cf073a72605f4087aa3443c8e4aadc0af2dc3ac647d0fa1b5ac99cd6987abafe6d690ae71cd5fd2aeeabe7589bfb4748aabdfba"
}
info|2023-07-08 20:27:15.605192|[RPC][BLOCK][NUMBER][fromJson],group=group0,node=2f993327933ad58672518b6d4f63920cbc68b80f78f4d81192552ee6362f5cc81ee13bdc678ad65f06e76444cadb53b33694cfb3fc7679b8000411975fedd28a,blockNumber=2258
info|2023-07-08 20:27:15.605252|[RPCWS][SERVICE][onRecvBlockNotifier]receive block number notifier,group=group0,node=2f993327933ad58672518b6d4f63920cbc68b80f78f4d81192552ee6362f5cc81ee13bdc678ad65f06e76444cadb53b33694cfb3fc7679b8000411975fedd28a,blockNumber=2258
info|2023-07-08 20:27:15.605262|[WS]receive block notify,endpoint=127.0.0.1:20201,blk={
	"blockNumber" : 2258,
	"group" : "group0",
	"nodeName" : "2f993327933ad58672518b6d4f63920cbc68b80f78f4d81192552ee6362f5cc81ee13bdc678ad65f06e76444cadb53b33694cfb3fc7679b8000411975fedd28a"
}
info|2023-07-08 20:27:16.143897|[RPC][BLOCK][NUMBER][fromJson],group=group0,node=98a7f70ec883a722219d92253cf073a72605f4087aa3443c8e4aadc0af2dc3ac647d0fa1b5ac99cd6987abafe6d690ae71cd5fd2aeeabe7589bfb4748aabdfba,blockNumber=2259
info|2023-07-08 20:27:16.143930|[RPCWS][SERVICE][onRecvBlockNotifier]receive block number notifier,group=group0,node=98a7f70ec883a722219d92253cf073a72605f4087aa3443c8e4aadc0af2dc3ac647d0fa1b5ac99cd6987abafe6d690ae71cd5fd2aeeabe7589bfb4748aabdfba,blockNumber=2259
info|2023-07-08 20:27:16.143938|[RPCWS][SERVICE][updateGroupBlockNumber],groupID=group0,_blockNumber=2259
info|2023-07-08 20:27:16.143942|[RPCWS][SERVICE][onRecvBlockNotifier]block notifier callback,group=group0,node=98a7f70ec883a722219d92253cf073a72605f4087aa3443c8e4aadc0af2dc3ac647d0fa1b5ac99cd6987abafe6d690ae71cd5fd2aeeabe7589bfb4748aabdfba,blockNumber=2259
info|2023-07-08 20:27:16.143946|[WS]receive block notify,endpoint=127.0.0.1:20200,blk={
	"blockNumber" : 2259,
	"group" : "group0",
	"nodeName" : "98a7f70ec883a722219d92253cf073a72605f4087aa3443c8e4aadc0af2dc3ac647d0fa1b5ac99cd6987abafe6d690ae71cd5fd2aeeabe7589bfb4748aabdfba"
}
info|2023-07-08 20:27:16.184878|[RPC][BLOCK][NUMBER][fromJson],group=group0,node=2f993327933ad58672518b6d4f63920cbc68b80f78f4d81192552ee6362f5cc81ee13bdc678ad65f06e76444cadb53b33694cfb3fc7679b8000411975fedd28a,blockNumber=2259
info|2023-07-08 20:27:16.184901|[RPCWS][SERVICE][onRecvBlockNotifier]receive block number notifier,group=group0,node=2f993327933ad58672518b6d4f63920cbc68b80f78f4d81192552ee6362f5cc81ee13bdc678ad65f06e76444cadb53b33694cfb3fc7679b8000411975fedd28a,blockNumber=2259
info|2023-07-08 20:27:16.184908|[WS]receive block notify,endpoint=127.0.0.1:20201,blk={
	"blockNumber" : 2259,
	"group" : "group0",
	"nodeName" : "2f993327933ad58672518b6d4f63920cbc68b80f78f4d81192552ee6362f5cc81ee13bdc678ad65f06e76444cadb53b33694cfb3fc7679b8000411975fedd28a"
}
info|2023-07-08 20:27:16.720832|[RPC][BLOCK][NUMBER][fromJson],group=group0,node=98a7f70ec883a722219d92253cf073a72605f4087aa3443c8e4aadc0af2dc3ac647d0fa1b5ac99cd6987abafe6d690ae71cd5fd2aeeabe7589bfb4748aabdfba,blockNumber=2260
info|2023-07-08 20:27:16.720884|[RPCWS][SERVICE][onRecvBlockNotifier]receive block number notifier,group=group0,node=98a7f70ec883a722219d92253cf073a72605f4087aa3443c8e4aadc0af2dc3ac647d0fa1b5ac99cd6987abafe6d690ae71cd5fd2aeeabe7589bfb4748aabdfba,blockNumber=2260
info|2023-07-08 20:27:16.720892|[RPCWS][SERVICE][updateGroupBlockNumber],groupID=group0,_blockNumber=2260
info|2023-07-08 20:27:16.720897|[RPCWS][SERVICE][onRecvBlockNotifier]block notifier callback,group=group0,node=98a7f70ec883a722219d92253cf073a72605f4087aa3443c8e4aadc0af2dc3ac647d0fa1b5ac99cd6987abafe6d690ae71cd5fd2aeeabe7589bfb4748aabdfba,blockNumber=2260
info|2023-07-08 20:27:16.720901|[WS]receive block notify,endpoint=127.0.0.1:20200,blk={
	"blockNumber" : 2260,
	"group" : "group0",
	"nodeName" : "98a7f70ec883a722219d92253cf073a72605f4087aa3443c8e4aadc0af2dc3ac647d0fa1b5ac99cd6987abafe6d690ae71cd5fd2aeeabe7589bfb4748aabdfba"
}
info|2023-07-08 20:27:16.740918|[RPC][BLOCK][NUMBER][fromJson],group=group0,node=2f993327933ad58672518b6d4f63920cbc68b80f78f4d81192552ee6362f5cc81ee13bdc678ad65f06e76444cadb53b33694cfb3fc7679b8000411975fedd28a,blockNumber=2260
info|2023-07-08 20:27:16.740943|[RPCWS][SERVICE][onRecvBlockNotifier]receive block number notifier,group=group0,node=2f993327933ad58672518b6d4f63920cbc68b80f78f4d81192552ee6362f5cc81ee13bdc678ad65f06e76444cadb53b33694cfb3fc7679b8000411975fedd28a,blockNumber=2260
info|2023-07-08 20:27:16.740952|[WS]receive block notify,endpoint=127.0.0.1:20201,blk={
	"blockNumber" : 2260,
	"group" : "group0",
	"nodeName" : "2f993327933ad58672518b6d4f63920cbc68b80f78f4d81192552ee6362f5cc81ee13bdc678ad65f06e76444cadb53b33694cfb3fc7679b8000411975fedd28a"
}
info|2023-07-08 20:27:17.342441|[RPC][BLOCK][NUMBER][fromJson],group=group0,node=2f993327933ad58672518b6d4f63920cbc68b80f78f4d81192552ee6362f5cc81ee13bdc678ad65f06e76444cadb53b33694cfb3fc7679b8000411975fedd28a,blockNumber=2261
info|2023-07-08 20:27:17.342473|[RPCWS][SERVICE][onRecvBlockNotifier]receive block number notifier,group=group0,node=2f993327933ad58672518b6d4f63920cbc68b80f78f4d81192552ee6362f5cc81ee13bdc678ad65f06e76444cadb53b33694cfb3fc7679b8000411975fedd28a,blockNumber=2261
info|2023-07-08 20:27:17.342482|[RPCWS][SERVICE][updateGroupBlockNumber],groupID=group0,_blockNumber=2261
info|2023-07-08 20:27:17.342488|[RPCWS][SERVICE][onRecvBlockNotifier]block notifier callback,group=group0,node=2f993327933ad58672518b6d4f63920cbc68b80f78f4d81192552ee6362f5cc81ee13bdc678ad65f06e76444cadb53b33694cfb3fc7679b8000411975fedd28a,blockNumber=2261
info|2023-07-08 20:27:17.342494|[WS]receive block notify,endpoint=127.0.0.1:20201,blk={
	"blockNumber" : 2261,
	"group" : "group0",
	"nodeName" : "2f993327933ad58672518b6d4f63920cbc68b80f78f4d81192552ee6362f5cc81ee13bdc678ad65f06e76444cadb53b33694cfb3fc7679b8000411975fedd28a"
}
info|2023-07-08 20:27:17.358099|[RPC][BLOCK][NUMBER][fromJson],group=group0,node=98a7f70ec883a722219d92253cf073a72605f4087aa3443c8e4aadc0af2dc3ac647d0fa1b5ac99cd6987abafe6d690ae71cd5fd2aeeabe7589bfb4748aabdfba,blockNumber=2261
info|2023-07-08 20:27:17.358152|[RPCWS][SERVICE][onRecvBlockNotifier]receive block number notifier,group=group0,node=98a7f70ec883a722219d92253cf073a72605f4087aa3443c8e4aadc0af2dc3ac647d0fa1b5ac99cd6987abafe6d690ae71cd5fd2aeeabe7589bfb4748aabdfba,blockNumber=2261
info|2023-07-08 20:27:17.358164|[WS]receive block notify,endpoint=127.0.0.1:20200,blk={
	"blockNumber" : 2261,
	"group" : "group0",
	"nodeName" : "98a7f70ec883a722219d92253cf073a72605f4087aa3443c8e4aadc0af2dc3ac647d0fa1b5ac99cd6987abafe6d690ae71cd5fd2aeeabe7589bfb4748aabdfba"
}
info|2023-07-08 20:27:17.932153|[RPC][BLOCK][NUMBER][fromJson],group=group0,node=98a7f70ec883a722219d92253cf073a72605f4087aa3443c8e4aadc0af2dc3ac647d0fa1b5ac99cd6987abafe6d690ae71cd5fd2aeeabe7589bfb4748aabdfba,blockNumber=2262
info|2023-07-08 20:27:17.932183|[RPCWS][SERVICE][onRecvBlockNotifier]receive block number notifier,group=group0,node=98a7f70ec883a722219d92253cf073a72605f4087aa3443c8e4aadc0af2dc3ac647d0fa1b5ac99cd6987abafe6d690ae71cd5fd2aeeabe7589bfb4748aabdfba,blockNumber=2262
info|2023-07-08 20:27:17.932190|[RPCWS][SERVICE][updateGroupBlockNumber],groupID=group0,_blockNumber=2262
info|2023-07-08 20:27:17.932196|[RPCWS][SERVICE][onRecvBlockNotifier]block notifier callback,group=group0,node=98a7f70ec883a722219d92253cf073a72605f4087aa3443c8e4aadc0af2dc3ac647d0fa1b5ac99cd6987abafe6d690ae71cd5fd2aeeabe7589bfb4748aabdfba,blockNumber=2262
info|2023-07-08 20:27:17.932200|[WS]receive block notify,endpoint=127.0.0.1:20200,blk={
	"blockNumber" : 2262,
	"group" : "group0",
	"nodeName" : "98a7f70ec883a722219d92253cf073a72605f4087aa3443c8e4aadc0af2dc3ac647d0fa1b5ac99cd6987abafe6d690ae71cd5fd2aeeabe7589bfb4748aabdfba"
}
info|2023-07-08 20:27:17.941340|[RPC][BLOCK][NUMBER][fromJson],group=group0,node=2f993327933ad58672518b6d4f63920cbc68b80f78f4d81192552ee6362f5cc81ee13bdc678ad65f06e76444cadb53b33694cfb3fc7679b8000411975fedd28a,blockNumber=2262
info|2023-07-08 20:27:17.941403|[RPCWS][SERVICE][onRecvBlockNotifier]receive block number notifier,group=group0,node=2f993327933ad58672518b6d4f63920cbc68b80f78f4d81192552ee6362f5cc81ee13bdc678ad65f06e76444cadb53b33694cfb3fc7679b8000411975fedd28a,blockNumber=2262
info|2023-07-08 20:27:17.941415|[WS]receive block notify,endpoint=127.0.0.1:20201,blk={
	"blockNumber" : 2262,
	"group" : "group0",
	"nodeName" : "2f993327933ad58672518b6d4f63920cbc68b80f78f4d81192552ee6362f5cc81ee13bdc678ad65f06e76444cadb53b33694cfb3fc7679b8000411975fedd28a"
}
info|2023-07-08 20:27:18.515716|[RPC][BLOCK][NUMBER][fromJson],group=group0,node=2f993327933ad58672518b6d4f63920cbc68b80f78f4d81192552ee6362f5cc81ee13bdc678ad65f06e76444cadb53b33694cfb3fc7679b8000411975fedd28a,blockNumber=2263
info|2023-07-08 20:27:18.515739|[RPCWS][SERVICE][onRecvBlockNotifier]receive block number notifier,group=group0,node=2f993327933ad58672518b6d4f63920cbc68b80f78f4d81192552ee6362f5cc81ee13bdc678ad65f06e76444cadb53b33694cfb3fc7679b8000411975fedd28a,blockNumber=2263
info|2023-07-08 20:27:18.515745|[RPCWS][SERVICE][updateGroupBlockNumber],groupID=group0,_blockNumber=2263
info|2023-07-08 20:27:18.515750|[RPCWS][SERVICE][onRecvBlockNotifier]block notifier callback,group=group0,node=2f993327933ad58672518b6d4f63920cbc68b80f78f4d81192552ee6362f5cc81ee13bdc678ad65f06e76444cadb53b33694cfb3fc7679b8000411975fedd28a,blockNumber=2263
info|2023-07-08 20:27:18.515753|[WS]receive block notify,endpoint=127.0.0.1:20201,blk={
	"blockNumber" : 2263,
	"group" : "group0",
	"nodeName" : "2f993327933ad58672518b6d4f63920cbc68b80f78f4d81192552ee6362f5cc81ee13bdc678ad65f06e76444cadb53b33694cfb3fc7679b8000411975fedd28a"
}
info|2023-07-08 20:27:18.536849|[RPC][BLOCK][NUMBER][fromJson],group=group0,node=98a7f70ec883a722219d92253cf073a72605f4087aa3443c8e4aadc0af2dc3ac647d0fa1b5ac99cd6987abafe6d690ae71cd5fd2aeeabe7589bfb4748aabdfba,blockNumber=2263
info|2023-07-08 20:27:18.536882|[RPCWS][SERVICE][onRecvBlockNotifier]receive block number notifier,group=group0,node=98a7f70ec883a722219d92253cf073a72605f4087aa3443c8e4aadc0af2dc3ac647d0fa1b5ac99cd6987abafe6d690ae71cd5fd2aeeabe7589bfb4748aabdfba,blockNumber=2263
info|2023-07-08 20:27:18.536890|[WS]receive block notify,endpoint=127.0.0.1:20200,blk={
	"blockNumber" : 2263,
	"group" : "group0",
	"nodeName" : "98a7f70ec883a722219d92253cf073a72605f4087aa3443c8e4aadc0af2dc3ac647d0fa1b5ac99cd6987abafe6d690ae71cd5fd2aeeabe7589bfb4748aabdfba"
}
info|2023-07-08 20:27:19.025792|[RPC][BLOCK][NUMBER][fromJson],group=group0,node=98a7f70ec883a722219d92253cf073a72605f4087aa3443c8e4aadc0af2dc3ac647d0fa1b5ac99cd6987abafe6d690ae71cd5fd2aeeabe7589bfb4748aabdfba,blockNumber=2264
info|2023-07-08 20:27:19.025821|[RPCWS][SERVICE][onRecvBlockNotifier]receive block number notifier,group=group0,node=98a7f70ec883a722219d92253cf073a72605f4087aa3443c8e4aadc0af2dc3ac647d0fa1b5ac99cd6987abafe6d690ae71cd5fd2aeeabe7589bfb4748aabdfba,blockNumber=2264
info|2023-07-08 20:27:19.025829|[RPCWS][SERVICE][updateGroupBlockNumber],groupID=group0,_blockNumber=2264
info|2023-07-08 20:27:19.025835|[RPCWS][SERVICE][onRecvBlockNotifier]block notifier callback,group=group0,node=98a7f70ec883a722219d92253cf073a72605f4087aa3443c8e4aadc0af2dc3ac647d0fa1b5ac99cd6987abafe6d690ae71cd5fd2aeeabe7589bfb4748aabdfba,blockNumber=2264
info|2023-07-08 20:27:19.025841|[WS]receive block notify,endpoint=127.0.0.1:20200,blk={
	"blockNumber" : 2264,
	"group" : "group0",
	"nodeName" : "98a7f70ec883a722219d92253cf073a72605f4087aa3443c8e4aadc0af2dc3ac647d0fa1b5ac99cd6987abafe6d690ae71cd5fd2aeeabe7589bfb4748aabdfba"
}
info|2023-07-08 20:27:19.128194|[RPC][BLOCK][NUMBER][fromJson],group=group0,node=2f993327933ad58672518b6d4f63920cbc68b80f78f4d81192552ee6362f5cc81ee13bdc678ad65f06e76444cadb53b33694cfb3fc7679b8000411975fedd28a,blockNumber=2264
info|2023-07-08 20:27:19.128219|[RPCWS][SERVICE][onRecvBlockNotifier]receive block number notifier,group=group0,node=2f993327933ad58672518b6d4f63920cbc68b80f78f4d81192552ee6362f5cc81ee13bdc678ad65f06e76444cadb53b33694cfb3fc7679b8000411975fedd28a,blockNumber=2264
info|2023-07-08 20:27:19.128227|[WS]receive block notify,endpoint=127.0.0.1:20201,blk={
	"blockNumber" : 2264,
	"group" : "group0",
	"nodeName" : "2f993327933ad58672518b6d4f63920cbc68b80f78f4d81192552ee6362f5cc81ee13bdc678ad65f06e76444cadb53b33694cfb3fc7679b8000411975fedd28a"
}
info|2023-07-08 20:27:19.604353|[RPC][BLOCK][NUMBER][fromJson],group=group0,node=98a7f70ec883a722219d92253cf073a72605f4087aa3443c8e4aadc0af2dc3ac647d0fa1b5ac99cd6987abafe6d690ae71cd5fd2aeeabe7589bfb4748aabdfba,blockNumber=2265
info|2023-07-08 20:27:19.604374|[RPCWS][SERVICE][onRecvBlockNotifier]receive block number notifier,group=group0,node=98a7f70ec883a722219d92253cf073a72605f4087aa3443c8e4aadc0af2dc3ac647d0fa1b5ac99cd6987abafe6d690ae71cd5fd2aeeabe7589bfb4748aabdfba,blockNumber=2265
info|2023-07-08 20:27:19.604379|[RPCWS][SERVICE][updateGroupBlockNumber],groupID=group0,_blockNumber=2265
info|2023-07-08 20:27:19.604383|[RPCWS][SERVICE][onRecvBlockNotifier]block notifier callback,group=group0,node=98a7f70ec883a722219d92253cf073a72605f4087aa3443c8e4aadc0af2dc3ac647d0fa1b5ac99cd6987abafe6d690ae71cd5fd2aeeabe7589bfb4748aabdfba,blockNumber=2265
info|2023-07-08 20:27:19.604388|[WS]receive block notify,endpoint=127.0.0.1:20200,blk={
	"blockNumber" : 2265,
	"group" : "group0",
	"nodeName" : "98a7f70ec883a722219d92253cf073a72605f4087aa3443c8e4aadc0af2dc3ac647d0fa1b5ac99cd6987abafe6d690ae71cd5fd2aeeabe7589bfb4748aabdfba"
}
info|2023-07-08 20:27:19.624149|[RPC][BLOCK][NUMBER][fromJson],group=group0,node=2f993327933ad58672518b6d4f63920cbc68b80f78f4d81192552ee6362f5cc81ee13bdc678ad65f06e76444cadb53b33694cfb3fc7679b8000411975fedd28a,blockNumber=2265
info|2023-07-08 20:27:19.624193|[RPCWS][SERVICE][onRecvBlockNotifier]receive block number notifier,group=group0,node=2f993327933ad58672518b6d4f63920cbc68b80f78f4d81192552ee6362f5cc81ee13bdc678ad65f06e76444cadb53b33694cfb3fc7679b8000411975fedd28a,blockNumber=2265
info|2023-07-08 20:27:19.624202|[WS]receive block notify,endpoint=127.0.0.1:20201,blk={
	"blockNumber" : 2265,
	"group" : "group0",
	"nodeName" : "2f993327933ad58672518b6d4f63920cbc68b80f78f4d81192552ee6362f5cc81ee13bdc678ad65f06e76444cadb53b33694cfb3fc7679b8000411975fedd28a"
}
info|2023-07-08 20:27:20.152385|[RPC][BLOCK][NUMBER][fromJson],group=group0,node=98a7f70ec883a722219d92253cf073a72605f4087aa3443c8e4aadc0af2dc3ac647d0fa1b5ac99cd6987abafe6d690ae71cd5fd2aeeabe7589bfb4748aabdfba,blockNumber=2266
info|2023-07-08 20:27:20.152447|[RPCWS][SERVICE][onRecvBlockNotifier]receive block number notifier,group=group0,node=98a7f70ec883a722219d92253cf073a72605f4087aa3443c8e4aadc0af2dc3ac647d0fa1b5ac99cd6987abafe6d690ae71cd5fd2aeeabe7589bfb4748aabdfba,blockNumber=2266
info|2023-07-08 20:27:20.152459|[RPCWS][SERVICE][updateGroupBlockNumber],groupID=group0,_blockNumber=2266
info|2023-07-08 20:27:20.152462|[RPCWS][SERVICE][onRecvBlockNotifier]block notifier callback,group=group0,node=98a7f70ec883a722219d92253cf073a72605f4087aa3443c8e4aadc0af2dc3ac647d0fa1b5ac99cd6987abafe6d690ae71cd5fd2aeeabe7589bfb4748aabdfba,blockNumber=2266
info|2023-07-08 20:27:20.152466|[WS]receive block notify,endpoint=127.0.0.1:20200,blk={
	"blockNumber" : 2266,
	"group" : "group0",
	"nodeName" : "98a7f70ec883a722219d92253cf073a72605f4087aa3443c8e4aadc0af2dc3ac647d0fa1b5ac99cd6987abafe6d690ae71cd5fd2aeeabe7589bfb4748aabdfba"
}
info|2023-07-08 20:27:20.219870|[RPC][BLOCK][NUMBER][fromJson],group=group0,node=2f993327933ad58672518b6d4f63920cbc68b80f78f4d81192552ee6362f5cc81ee13bdc678ad65f06e76444cadb53b33694cfb3fc7679b8000411975fedd28a,blockNumber=2266
info|2023-07-08 20:27:20.219904|[RPCWS][SERVICE][onRecvBlockNotifier]receive block number notifier,group=group0,node=2f993327933ad58672518b6d4f63920cbc68b80f78f4d81192552ee6362f5cc81ee13bdc678ad65f06e76444cadb53b33694cfb3fc7679b8000411975fedd28a,blockNumber=2266
info|2023-07-08 20:27:20.219912|[WS]receive block notify,endpoint=127.0.0.1:20201,blk={
	"blockNumber" : 2266,
	"group" : "group0",
	"nodeName" : "2f993327933ad58672518b6d4f63920cbc68b80f78f4d81192552ee6362f5cc81ee13bdc678ad65f06e76444cadb53b33694cfb3fc7679b8000411975fedd28a"
}
info|2023-07-08 20:27:20.658213|[RPC][BLOCK][NUMBER][fromJson],group=group0,node=98a7f70ec883a722219d92253cf073a72605f4087aa3443c8e4aadc0af2dc3ac647d0fa1b5ac99cd6987abafe6d690ae71cd5fd2aeeabe7589bfb4748aabdfba,blockNumber=2267
info|2023-07-08 20:27:20.658233|[RPCWS][SERVICE][onRecvBlockNotifier]receive block number notifier,group=group0,node=98a7f70ec883a722219d92253cf073a72605f4087aa3443c8e4aadc0af2dc3ac647d0fa1b5ac99cd6987abafe6d690ae71cd5fd2aeeabe7589bfb4748aabdfba,blockNumber=2267
info|2023-07-08 20:27:20.658238|[RPCWS][SERVICE][updateGroupBlockNumber],groupID=group0,_blockNumber=2267
info|2023-07-08 20:27:20.658260|[RPCWS][SERVICE][onRecvBlockNotifier]block notifier callback,group=group0,node=98a7f70ec883a722219d92253cf073a72605f4087aa3443c8e4aadc0af2dc3ac647d0fa1b5ac99cd6987abafe6d690ae71cd5fd2aeeabe7589bfb4748aabdfba,blockNumber=2267
info|2023-07-08 20:27:20.658265|[WS]receive block notify,endpoint=127.0.0.1:20200,blk={
	"blockNumber" : 2267,
	"group" : "group0",
	"nodeName" : "98a7f70ec883a722219d92253cf073a72605f4087aa3443c8e4aadc0af2dc3ac647d0fa1b5ac99cd6987abafe6d690ae71cd5fd2aeeabe7589bfb4748aabdfba"
}
info|2023-07-08 20:27:20.693427|[RPC][BLOCK][NUMBER][fromJson],group=group0,node=2f993327933ad58672518b6d4f63920cbc68b80f78f4d81192552ee6362f5cc81ee13bdc678ad65f06e76444cadb53b33694cfb3fc7679b8000411975fedd28a,blockNumber=2267
info|2023-07-08 20:27:20.693449|[RPCWS][SERVICE][onRecvBlockNotifier]receive block number notifier,group=group0,node=2f993327933ad58672518b6d4f63920cbc68b80f78f4d81192552ee6362f5cc81ee13bdc678ad65f06e76444cadb53b33694cfb3fc7679b8000411975fedd28a,blockNumber=2267
info|2023-07-08 20:27:20.693456|[WS]receive block notify,endpoint=127.0.0.1:20201,blk={
	"blockNumber" : 2267,
	"group" : "group0",
	"nodeName" : "2f993327933ad58672518b6d4f63920cbc68b80f78f4d81192552ee6362f5cc81ee13bdc678ad65f06e76444cadb53b33694cfb3fc7679b8000411975fedd28a"
}
info|2023-07-08 20:27:21.201750|[RPC][BLOCK][NUMBER][fromJson],group=group0,node=98a7f70ec883a722219d92253cf073a72605f4087aa3443c8e4aadc0af2dc3ac647d0fa1b5ac99cd6987abafe6d690ae71cd5fd2aeeabe7589bfb4748aabdfba,blockNumber=2268
info|2023-07-08 20:27:21.201813|[RPCWS][SERVICE][onRecvBlockNotifier]receive block number notifier,group=group0,node=98a7f70ec883a722219d92253cf073a72605f4087aa3443c8e4aadc0af2dc3ac647d0fa1b5ac99cd6987abafe6d690ae71cd5fd2aeeabe7589bfb4748aabdfba,blockNumber=2268
info|2023-07-08 20:27:21.201843|[RPCWS][SERVICE][updateGroupBlockNumber],groupID=group0,_blockNumber=2268
info|2023-07-08 20:27:21.201849|[RPCWS][SERVICE][onRecvBlockNotifier]block notifier callback,group=group0,node=98a7f70ec883a722219d92253cf073a72605f4087aa3443c8e4aadc0af2dc3ac647d0fa1b5ac99cd6987abafe6d690ae71cd5fd2aeeabe7589bfb4748aabdfba,blockNumber=2268
info|2023-07-08 20:27:21.201852|[WS]receive block notify,endpoint=127.0.0.1:20200,blk={
	"blockNumber" : 2268,
	"group" : "group0",
	"nodeName" : "98a7f70ec883a722219d92253cf073a72605f4087aa3443c8e4aadc0af2dc3ac647d0fa1b5ac99cd6987abafe6d690ae71cd5fd2aeeabe7589bfb4748aabdfba"
}
info|2023-07-08 20:27:21.255017|[RPC][BLOCK][NUMBER][fromJson],group=group0,node=2f993327933ad58672518b6d4f63920cbc68b80f78f4d81192552ee6362f5cc81ee13bdc678ad65f06e76444cadb53b33694cfb3fc7679b8000411975fedd28a,blockNumber=2268
info|2023-07-08 20:27:21.255039|[RPCWS][SERVICE][onRecvBlockNotifier]receive block number notifier,group=group0,node=2f993327933ad58672518b6d4f63920cbc68b80f78f4d81192552ee6362f5cc81ee13bdc678ad65f06e76444cadb53b33694cfb3fc7679b8000411975fedd28a,blockNumber=2268
info|2023-07-08 20:27:21.255046|[WS]receive block notify,endpoint=127.0.0.1:20201,blk={
	"blockNumber" : 2268,
	"group" : "group0",
	"nodeName" : "2f993327933ad58672518b6d4f63920cbc68b80f78f4d81192552ee6362f5cc81ee13bdc678ad65f06e76444cadb53b33694cfb3fc7679b8000411975fedd28a"
}
info|2023-07-08 20:27:21.718608|[RPC][BLOCK][NUMBER][fromJson],group=group0,node=98a7f70ec883a722219d92253cf073a72605f4087aa3443c8e4aadc0af2dc3ac647d0fa1b5ac99cd6987abafe6d690ae71cd5fd2aeeabe7589bfb4748aabdfba,blockNumber=2269
info|2023-07-08 20:27:21.718629|[RPCWS][SERVICE][onRecvBlockNotifier]receive block number notifier,group=group0,node=98a7f70ec883a722219d92253cf073a72605f4087aa3443c8e4aadc0af2dc3ac647d0fa1b5ac99cd6987abafe6d690ae71cd5fd2aeeabe7589bfb4748aabdfba,blockNumber=2269
info|2023-07-08 20:27:21.718634|[RPCWS][SERVICE][updateGroupBlockNumber],groupID=group0,_blockNumber=2269
info|2023-07-08 20:27:21.718638|[RPCWS][SERVICE][onRecvBlockNotifier]block notifier callback,group=group0,node=98a7f70ec883a722219d92253cf073a72605f4087aa3443c8e4aadc0af2dc3ac647d0fa1b5ac99cd6987abafe6d690ae71cd5fd2aeeabe7589bfb4748aabdfba,blockNumber=2269
info|2023-07-08 20:27:21.718642|[WS]receive block notify,endpoint=127.0.0.1:20200,blk={
	"blockNumber" : 2269,
	"group" : "group0",
	"nodeName" : "98a7f70ec883a722219d92253cf073a72605f4087aa3443c8e4aadc0af2dc3ac647d0fa1b5ac99cd6987abafe6d690ae71cd5fd2aeeabe7589bfb4748aabdfba"
}
info|2023-07-08 20:27:21.740782|[RPC][BLOCK][NUMBER][fromJson],group=group0,node=2f993327933ad58672518b6d4f63920cbc68b80f78f4d81192552ee6362f5cc81ee13bdc678ad65f06e76444cadb53b33694cfb3fc7679b8000411975fedd28a,blockNumber=2269
info|2023-07-08 20:27:21.740817|[RPCWS][SERVICE][onRecvBlockNotifier]receive block number notifier,group=group0,node=2f993327933ad58672518b6d4f63920cbc68b80f78f4d81192552ee6362f5cc81ee13bdc678ad65f06e76444cadb53b33694cfb3fc7679b8000411975fedd28a,blockNumber=2269
info|2023-07-08 20:27:21.740824|[WS]receive block notify,endpoint=127.0.0.1:20201,blk={
	"blockNumber" : 2269,
	"group" : "group0",
	"nodeName" : "2f993327933ad58672518b6d4f63920cbc68b80f78f4d81192552ee6362f5cc81ee13bdc678ad65f06e76444cadb53b33694cfb3fc7679b8000411975fedd28a"
}
info|2023-07-08 20:27:22.297943|[RPC][BLOCK][NUMBER][fromJson],group=group0,node=98a7f70ec883a722219d92253cf073a72605f4087aa3443c8e4aadc0af2dc3ac647d0fa1b5ac99cd6987abafe6d690ae71cd5fd2aeeabe7589bfb4748aabdfba,blockNumber=2270
info|2023-07-08 20:27:22.297976|[RPCWS][SERVICE][onRecvBlockNotifier]receive block number notifier,group=group0,node=98a7f70ec883a722219d92253cf073a72605f4087aa3443c8e4aadc0af2dc3ac647d0fa1b5ac99cd6987abafe6d690ae71cd5fd2aeeabe7589bfb4748aabdfba,blockNumber=2270
info|2023-07-08 20:27:22.297981|[RPCWS][SERVICE][updateGroupBlockNumber],groupID=group0,_blockNumber=2270
info|2023-07-08 20:27:22.297986|[RPCWS][SERVICE][onRecvBlockNotifier]block notifier callback,group=group0,node=98a7f70ec883a722219d92253cf073a72605f4087aa3443c8e4aadc0af2dc3ac647d0fa1b5ac99cd6987abafe6d690ae71cd5fd2aeeabe7589bfb4748aabdfba,blockNumber=2270
info|2023-07-08 20:27:22.297990|[WS]receive block notify,endpoint=127.0.0.1:20200,blk={
	"blockNumber" : 2270,
	"group" : "group0",
	"nodeName" : "98a7f70ec883a722219d92253cf073a72605f4087aa3443c8e4aadc0af2dc3ac647d0fa1b5ac99cd6987abafe6d690ae71cd5fd2aeeabe7589bfb4748aabdfba"
}
info|2023-07-08 20:27:22.403184|[RPC][BLOCK][NUMBER][fromJson],group=group0,node=2f993327933ad58672518b6d4f63920cbc68b80f78f4d81192552ee6362f5cc81ee13bdc678ad65f06e76444cadb53b33694cfb3fc7679b8000411975fedd28a,blockNumber=2270
info|2023-07-08 20:27:22.403205|[RPCWS][SERVICE][onRecvBlockNotifier]receive block number notifier,group=group0,node=2f993327933ad58672518b6d4f63920cbc68b80f78f4d81192552ee6362f5cc81ee13bdc678ad65f06e76444cadb53b33694cfb3fc7679b8000411975fedd28a,blockNumber=2270
info|2023-07-08 20:27:22.403211|[WS]receive block notify,endpoint=127.0.0.1:20201,blk={
	"blockNumber" : 2270,
	"group" : "group0",
	"nodeName" : "2f993327933ad58672518b6d4f63920cbc68b80f78f4d81192552ee6362f5cc81ee13bdc678ad65f06e76444cadb53b33694cfb3fc7679b8000411975fedd28a"
}
info|2023-07-08 20:27:29.719417|[EVENT][SUB][doLoop]event sub tasks report,working event sub count=0,suspend event sub count=0
info|2023-07-08 20:27:30.197407|[SDK][WS][SERVICE]connected nodes,count=2
info|2023-07-08 20:27:49.719649|[EVENT][SUB][doLoop]event sub tasks report,working event sub count=0,suspend event sub count=0
info|2023-07-08 20:27:50.197679|[SDK][WS][SERVICE]connected nodes,count=2
info|2023-07-08 20:28:09.720260|[EVENT][SUB][doLoop]event sub tasks report,working event sub count=0,suspend event sub count=0
info|2023-07-08 20:28:10.198014|[SDK][WS][SERVICE]connected nodes,count=2
info|2023-07-08 20:28:29.720429|[EVENT][SUB][doLoop]event sub tasks report,working event sub count=0,suspend event sub count=0
info|2023-07-08 20:28:30.198449|[SDK][WS][SERVICE]connected nodes,count=2
info|2023-07-08 20:28:49.720523|[EVENT][SUB][doLoop]event sub tasks report,working event sub count=0,suspend event sub count=0
info|2023-07-08 20:28:50.198890|[SDK][WS][SERVICE]connected nodes,count=2
info|2023-07-08 20:29:09.720670|[EVENT][SUB][doLoop]event sub tasks report,working event sub count=0,suspend event sub count=0
info|2023-07-08 20:29:10.199071|[SDK][WS][SERVICE]connected nodes,count=2
info|2023-07-08 20:29:29.720854|[EVENT][SUB][doLoop]event sub tasks report,working event sub count=0,suspend event sub count=0
info|2023-07-08 20:29:30.199532|[SDK][WS][SERVICE]connected nodes,count=2
info|2023-07-08 20:29:49.720939|[EVENT][SUB][doLoop]event sub tasks report,working event sub count=0,suspend event sub count=0
info|2023-07-08 20:29:50.199704|[SDK][WS][SERVICE]connected nodes,count=2
info|2023-07-08 20:30:09.721167|[EVENT][SUB][doLoop]event sub tasks report,working event sub count=0,suspend event sub count=0
info|2023-07-08 20:30:10.200736|[SDK][WS][SERVICE]connected nodes,count=2
info|2023-07-08 20:30:29.721188|[EVENT][SUB][doLoop]event sub tasks report,working event sub count=0,suspend event sub count=0
info|2023-07-08 20:30:30.201128|[SDK][WS][SERVICE]connected nodes,count=2
info|2023-07-08 20:30:49.721465|[EVENT][SUB][doLoop]event sub tasks report,working event sub count=0,suspend event sub count=0
info|2023-07-08 20:30:50.201523|[SDK][WS][SERVICE]connected nodes,count=2
info|2023-07-08 20:31:09.721564|[EVENT][SUB][doLoop]event sub tasks report,working event sub count=0,suspend event sub count=0
info|2023-07-08 20:31:10.201659|[SDK][WS][SERVICE]connected nodes,count=2
info|2023-07-08 20:31:29.722264|[EVENT][SUB][doLoop]event sub tasks report,working event sub count=0,suspend event sub count=0
info|2023-07-08 20:31:30.201768|[SDK][WS][SERVICE]connected nodes,count=2
info|2023-07-08 20:31:49.722990|[EVENT][SUB][doLoop]event sub tasks report,working event sub count=0,suspend event sub count=0
info|2023-07-08 20:31:50.202488|[SDK][WS][SERVICE]connected nodes,count=2
info|2023-07-08 20:32:09.723639|[EVENT][SUB][doLoop]event sub tasks report,working event sub count=0,suspend event sub count=0
info|2023-07-08 20:32:10.202795|[SDK][WS][SERVICE]connected nodes,count=2
info|2023-07-08 20:32:29.723921|[EVENT][SUB][doLoop]event sub tasks report,working event sub count=0,suspend event sub count=0
info|2023-07-08 20:32:30.203251|[SDK][WS][SERVICE]connected nodes,count=2
info|2023-07-08 20:32:49.724655|[EVENT][SUB][doLoop]event sub tasks report,working event sub count=0,suspend event sub count=0
info|2023-07-08 20:32:50.203547|[SDK][WS][SERVICE]connected nodes,count=2
info|2023-07-08 20:33:09.724871|[EVENT][SUB][doLoop]event sub tasks report,working event sub count=0,suspend event sub count=0
info|2023-07-08 20:33:10.203751|[SDK][WS][SERVICE]connected nodes,count=2
info|2023-07-08 20:33:29.725029|[EVENT][SUB][doLoop]event sub tasks report,working event sub count=0,suspend event sub count=0
info|2023-07-08 20:33:30.204192|[SDK][WS][SERVICE]connected nodes,count=2
info|2023-07-08 20:33:49.725607|[EVENT][SUB][doLoop]event sub tasks report,working event sub count=0,suspend event sub count=0
info|2023-07-08 20:33:50.204928|[SDK][WS][SERVICE]connected nodes,count=2
info|2023-07-08 20:34:09.725846|[EVENT][SUB][doLoop]event sub tasks report,working event sub count=0,suspend event sub count=0
info|2023-07-08 20:34:10.205276|[SDK][WS][SERVICE]connected nodes,count=2
info|2023-07-08 20:34:29.725931|[EVENT][SUB][doLoop]event sub tasks report,working event sub count=0,suspend event sub count=0
info|2023-07-08 20:34:30.205775|[SDK][WS][SERVICE]connected nodes,count=2
info|2023-07-08 20:34:49.725999|[EVENT][SUB][doLoop]event sub tasks report,working event sub count=0,suspend event sub count=0
info|2023-07-08 20:34:50.206241|[SDK][WS][SERVICE]connected nodes,count=2
info|2023-07-08 20:35:09.726336|[EVENT][SUB][doLoop]event sub tasks report,working event sub count=0,suspend event sub count=0
info|2023-07-08 20:35:10.206944|[SDK][WS][SERVICE]connected nodes,count=2
info|2023-07-08 20:35:29.726459|[EVENT][SUB][doLoop]event sub tasks report,working event sub count=0,suspend event sub count=0
info|2023-07-08 20:35:30.207238|[SDK][WS][SERVICE]connected nodes,count=2
info|2023-07-08 20:35:49.726667|[EVENT][SUB][doLoop]event sub tasks report,working event sub count=0,suspend event sub count=0
info|2023-07-08 20:35:50.207869|[SDK][WS][SERVICE]connected nodes,count=2
info|2023-07-08 20:36:09.727954|[EVENT][SUB][doLoop]event sub tasks report,working event sub count=0,suspend event sub count=0
info|2023-07-08 20:36:10.208117|[SDK][WS][SERVICE]connected nodes,count=2
info|2023-07-08 20:36:29.728313|[EVENT][SUB][doLoop]event sub tasks report,working event sub count=0,suspend event sub count=0
info|2023-07-08 20:36:30.208551|[SDK][WS][SERVICE]connected nodes,count=2
info|2023-07-08 20:36:49.728997|[EVENT][SUB][doLoop]event sub tasks report,working event sub count=0,suspend event sub count=0
info|2023-07-08 20:36:50.208674|[SDK][WS][SERVICE]connected nodes,count=2
info|2023-07-08 20:37:09.729347|[EVENT][SUB][doLoop]event sub tasks report,working event sub count=0,suspend event sub count=0
info|2023-07-08 20:37:10.209027|[SDK][WS][SERVICE]connected nodes,count=2
info|2023-07-08 20:37:29.729731|[EVENT][SUB][doLoop]event sub tasks report,working event sub count=0,suspend event sub count=0
info|2023-07-08 20:37:30.209435|[SDK][WS][SERVICE]connected nodes,count=2
info|2023-07-08 20:37:49.730180|[EVENT][SUB][doLoop]event sub tasks report,working event sub count=0,suspend event sub count=0
info|2023-07-08 20:37:50.210090|[SDK][WS][SERVICE]connected nodes,count=2
info|2023-07-08 20:38:09.730308|[EVENT][SUB][doLoop]event sub tasks report,working event sub count=0,suspend event sub count=0
info|2023-07-08 20:38:10.210629|[SDK][WS][SERVICE]connected nodes,count=2
info|2023-07-08 20:38:29.730540|[EVENT][SUB][doLoop]event sub tasks report,working event sub count=0,suspend event sub count=0
info|2023-07-08 20:38:30.210828|[SDK][WS][SERVICE]connected nodes,count=2
info|2023-07-08 20:38:49.730786|[EVENT][SUB][doLoop]event sub tasks report,working event sub count=0,suspend event sub count=0
info|2023-07-08 20:38:50.211274|[SDK][WS][SERVICE]connected nodes,count=2
info|2023-07-08 20:39:09.731155|[EVENT][SUB][doLoop]event sub tasks report,working event sub count=0,suspend event sub count=0
info|2023-07-08 20:39:10.212031|[SDK][WS][SERVICE]connected nodes,count=2
info|2023-07-08 20:39:29.731288|[EVENT][SUB][doLoop]event sub tasks report,working event sub count=0,suspend event sub count=0
info|2023-07-08 20:39:30.212181|[SDK][WS][SERVICE]connected nodes,count=2
info|2023-07-08 20:39:49.731952|[EVENT][SUB][doLoop]event sub tasks report,working event sub count=0,suspend event sub count=0
info|2023-07-08 20:39:50.212969|[SDK][WS][SERVICE]connected nodes,count=2
info|2023-07-08 20:40:09.732062|[EVENT][SUB][doLoop]event sub tasks report,working event sub count=0,suspend event sub count=0
info|2023-07-08 20:40:10.213820|[SDK][WS][SERVICE]connected nodes,count=2
info|2023-07-08 20:40:29.732260|[EVENT][SUB][doLoop]event sub tasks report,working event sub count=0,suspend event sub count=0
info|2023-07-08 20:40:30.214122|[SDK][WS][SERVICE]connected nodes,count=2
info|2023-07-08 20:40:49.732769|[EVENT][SUB][doLoop]event sub tasks report,working event sub count=0,suspend event sub count=0
info|2023-07-08 20:40:50.214433|[SDK][WS][SERVICE]connected nodes,count=2
info|2023-07-08 20:41:09.732833|[EVENT][SUB][doLoop]event sub tasks report,working event sub count=0,suspend event sub count=0
info|2023-07-08 20:41:10.215141|[SDK][WS][SERVICE]connected nodes,count=2
info|2023-07-08 20:41:29.733474|[EVENT][SUB][doLoop]event sub tasks report,working event sub count=0,suspend event sub count=0
info|2023-07-08 20:41:30.216000|[SDK][WS][SERVICE]connected nodes,count=2
info|2023-07-08 20:41:49.733986|[EVENT][SUB][doLoop]event sub tasks report,working event sub count=0,suspend event sub count=0
info|2023-07-08 20:41:50.216148|[SDK][WS][SERVICE]connected nodes,count=2
info|2023-07-08 20:42:09.734048|[EVENT][SUB][doLoop]event sub tasks report,working event sub count=0,suspend event sub count=0
info|2023-07-08 20:42:10.216997|[SDK][WS][SERVICE]connected nodes,count=2
info|2023-07-08 20:42:29.734258|[EVENT][SUB][doLoop]event sub tasks report,working event sub count=0,suspend event sub count=0
info|2023-07-08 20:42:30.217748|[SDK][WS][SERVICE]connected nodes,count=2
info|2023-07-08 20:42:49.734574|[EVENT][SUB][doLoop]event sub tasks report,working event sub count=0,suspend event sub count=0
info|2023-07-08 20:42:50.217998|[SDK][WS][SERVICE]connected nodes,count=2
info|2023-07-08 20:43:09.734707|[EVENT][SUB][doLoop]event sub tasks report,working event sub count=0,suspend event sub count=0
info|2023-07-08 20:43:10.218525|[SDK][WS][SERVICE]connected nodes,count=2
info|2023-07-08 20:43:29.734869|[EVENT][SUB][doLoop]event sub tasks report,working event sub count=0,suspend event sub count=0
info|2023-07-08 20:43:30.219193|[SDK][WS][SERVICE]connected nodes,count=2
info|2023-07-08 20:43:49.735337|[EVENT][SUB][doLoop]event sub tasks report,working event sub count=0,suspend event sub count=0
info|2023-07-08 20:43:50.219779|[SDK][WS][SERVICE]connected nodes,count=2
info|2023-07-08 20:44:09.735496|[EVENT][SUB][doLoop]event sub tasks report,working event sub count=0,suspend event sub count=0
info|2023-07-08 20:44:10.220580|[SDK][WS][SERVICE]connected nodes,count=2
info|2023-07-08 20:44:29.735615|[EVENT][SUB][doLoop]event sub tasks report,working event sub count=0,suspend event sub count=0
info|2023-07-08 20:44:30.220738|[SDK][WS][SERVICE]connected nodes,count=2
info|2023-07-08 20:44:49.736289|[EVENT][SUB][doLoop]event sub tasks report,working event sub count=0,suspend event sub count=0
info|2023-07-08 20:44:50.220957|[SDK][WS][SERVICE]connected nodes,count=2
info|2023-07-08 20:45:09.736691|[EVENT][SUB][doLoop]event sub tasks report,working event sub count=0,suspend event sub count=0
info|2023-07-08 20:45:10.221148|[SDK][WS][SERVICE]connected nodes,count=2
info|2023-07-08 20:45:29.736917|[EVENT][SUB][doLoop]event sub tasks report,working event sub count=0,suspend event sub count=0
info|2023-07-08 20:45:30.221428|[SDK][WS][SERVICE]connected nodes,count=2
info|2023-07-08 20:45:49.737232|[EVENT][SUB][doLoop]event sub tasks report,working event sub count=0,suspend event sub count=0
info|2023-07-08 20:45:50.221961|[SDK][WS][SERVICE]connected nodes,count=2
info|2023-07-08 20:46:09.737290|[EVENT][SUB][doLoop]event sub tasks report,working event sub count=0,suspend event sub count=0
info|2023-07-08 20:46:10.222230|[SDK][WS][SERVICE]connected nodes,count=2
info|2023-07-08 20:46:29.737335|[EVENT][SUB][doLoop]event sub tasks report,working event sub count=0,suspend event sub count=0
info|2023-07-08 20:46:30.222459|[SDK][WS][SERVICE]connected nodes,count=2
info|2023-07-08 20:46:49.737422|[EVENT][SUB][doLoop]event sub tasks report,working event sub count=0,suspend event sub count=0
info|2023-07-08 20:46:50.223090|[SDK][WS][SERVICE]connected nodes,count=2
info|2023-07-08 20:47:09.738058|[EVENT][SUB][doLoop]event sub tasks report,working event sub count=0,suspend event sub count=0
info|2023-07-08 20:47:10.223543|[SDK][WS][SERVICE]connected nodes,count=2
info|2023-07-08 20:47:29.738191|[EVENT][SUB][doLoop]event sub tasks report,working event sub count=0,suspend event sub count=0
info|2023-07-08 20:47:30.223704|[SDK][WS][SERVICE]connected nodes,count=2
info|2023-07-08 20:47:49.738361|[EVENT][SUB][doLoop]event sub tasks report,working event sub count=0,suspend event sub count=0
info|2023-07-08 20:47:50.224396|[SDK][WS][SERVICE]connected nodes,count=2
info|2023-07-08 20:48:09.738617|[EVENT][SUB][doLoop]event sub tasks report,working event sub count=0,suspend event sub count=0
info|2023-07-08 20:48:10.224964|[SDK][WS][SERVICE]connected nodes,count=2
info|2023-07-08 20:48:29.739266|[EVENT][SUB][doLoop]event sub tasks report,working event sub count=0,suspend event sub count=0
info|2023-07-08 20:48:30.225155|[SDK][WS][SERVICE]connected nodes,count=2
info|2023-07-08 20:48:49.739700|[EVENT][SUB][doLoop]event sub tasks report,working event sub count=0,suspend event sub count=0
info|2023-07-08 20:48:50.225253|[SDK][WS][SERVICE]connected nodes,count=2
info|2023-07-08 20:49:09.740247|[EVENT][SUB][doLoop]event sub tasks report,working event sub count=0,suspend event sub count=0
info|2023-07-08 20:49:10.225457|[SDK][WS][SERVICE]connected nodes,count=2
info|2023-07-08 20:49:29.740884|[EVENT][SUB][doLoop]event sub tasks report,working event sub count=0,suspend event sub count=0
info|2023-07-08 20:49:30.225826|[SDK][WS][SERVICE]connected nodes,count=2
info|2023-07-08 20:49:49.740986|[EVENT][SUB][doLoop]event sub tasks report,working event sub count=0,suspend event sub count=0
info|2023-07-08 20:49:50.225965|[SDK][WS][SERVICE]connected nodes,count=2
info|2023-07-08 20:50:09.741047|[EVENT][SUB][doLoop]event sub tasks report,working event sub count=0,suspend event sub count=0
info|2023-07-08 20:50:10.226359|[SDK][WS][SERVICE]connected nodes,count=2
info|2023-07-08 20:50:29.741556|[EVENT][SUB][doLoop]event sub tasks report,working event sub count=0,suspend event sub count=0
info|2023-07-08 20:50:30.227238|[SDK][WS][SERVICE]connected nodes,count=2
info|2023-07-08 20:50:49.741831|[EVENT][SUB][doLoop]event sub tasks report,working event sub count=0,suspend event sub count=0
info|2023-07-08 20:50:50.227652|[SDK][WS][SERVICE]connected nodes,count=2
info|2023-07-08 20:51:09.742027|[EVENT][SUB][doLoop]event sub tasks report,working event sub count=0,suspend event sub count=0
info|2023-07-08 20:51:10.228288|[SDK][WS][SERVICE]connected nodes,count=2
info|2023-07-08 20:51:29.742392|[EVENT][SUB][doLoop]event sub tasks report,working event sub count=0,suspend event sub count=0
info|2023-07-08 20:51:30.228895|[SDK][WS][SERVICE]connected nodes,count=2
info|2023-07-08 20:51:49.742580|[EVENT][SUB][doLoop]event sub tasks report,working event sub count=0,suspend event sub count=0
info|2023-07-08 20:51:50.229068|[SDK][WS][SERVICE]connected nodes,count=2
info|2023-07-08 20:52:09.742661|[EVENT][SUB][doLoop]event sub tasks report,working event sub count=0,suspend event sub count=0
info|2023-07-08 20:52:10.229602|[SDK][WS][SERVICE]connected nodes,count=2
info|2023-07-08 20:52:29.743230|[EVENT][SUB][doLoop]event sub tasks report,working event sub count=0,suspend event sub count=0
info|2023-07-08 20:52:30.230132|[SDK][WS][SERVICE]connected nodes,count=2
info|2023-07-08 20:52:49.743540|[EVENT][SUB][doLoop]event sub tasks report,working event sub count=0,suspend event sub count=0
info|2023-07-08 20:52:50.234470|[SDK][WS][SERVICE]connected nodes,count=2
info|2023-07-08 20:53:09.744002|[EVENT][SUB][doLoop]event sub tasks report,working event sub count=0,suspend event sub count=0
info|2023-07-08 20:53:10.234642|[SDK][WS][SERVICE]connected nodes,count=2
info|2023-07-08 20:53:29.744155|[EVENT][SUB][doLoop]event sub tasks report,working event sub count=0,suspend event sub count=0
info|2023-07-08 20:53:30.234907|[SDK][WS][SERVICE]connected nodes,count=2
info|2023-07-08 20:53:49.744712|[EVENT][SUB][doLoop]event sub tasks report,working event sub count=0,suspend event sub count=0
info|2023-07-08 20:53:50.235056|[SDK][WS][SERVICE]connected nodes,count=2
info|2023-07-08 20:54:09.744748|[EVENT][SUB][doLoop]event sub tasks report,working event sub count=0,suspend event sub count=0
info|2023-07-08 20:54:10.235530|[SDK][WS][SERVICE]connected nodes,count=2
info|2023-07-08 20:54:29.745300|[EVENT][SUB][doLoop]event sub tasks report,working event sub count=0,suspend event sub count=0
info|2023-07-08 20:54:30.235659|[SDK][WS][SERVICE]connected nodes,count=2
info|2023-07-08 20:54:49.745451|[EVENT][SUB][doLoop]event sub tasks report,working event sub count=0,suspend event sub count=0
info|2023-07-08 20:54:50.236315|[SDK][WS][SERVICE]connected nodes,count=2
info|2023-07-08 20:55:09.745809|[EVENT][SUB][doLoop]event sub tasks report,working event sub count=0,suspend event sub count=0
info|2023-07-08 20:55:10.236793|[SDK][WS][SERVICE]connected nodes,count=2
info|2023-07-08 20:55:29.746120|[EVENT][SUB][doLoop]event sub tasks report,working event sub count=0,suspend event sub count=0
info|2023-07-08 20:55:30.237342|[SDK][WS][SERVICE]connected nodes,count=2
info|2023-07-08 20:55:49.746490|[EVENT][SUB][doLoop]event sub tasks report,working event sub count=0,suspend event sub count=0
info|2023-07-08 20:55:50.237730|[SDK][WS][SERVICE]connected nodes,count=2
info|2023-07-08 20:56:09.746596|[EVENT][SUB][doLoop]event sub tasks report,working event sub count=0,suspend event sub count=0
info|2023-07-08 20:56:10.238096|[SDK][WS][SERVICE]connected nodes,count=2
info|2023-07-08 20:56:29.747015|[EVENT][SUB][doLoop]event sub tasks report,working event sub count=0,suspend event sub count=0
info|2023-07-08 20:56:30.238802|[SDK][WS][SERVICE]connected nodes,count=2
info|2023-07-08 20:56:49.747320|[EVENT][SUB][doLoop]event sub tasks report,working event sub count=0,suspend event sub count=0
info|2023-07-08 20:56:50.238942|[SDK][WS][SERVICE]connected nodes,count=2
info|2023-07-08 20:57:09.747687|[EVENT][SUB][doLoop]event sub tasks report,working event sub count=0,suspend event sub count=0
info|2023-07-08 20:57:10.239463|[SDK][WS][SERVICE]connected nodes,count=2
info|2023-07-08 20:57:13.851951|[RPC][BLOCK][NUMBER][fromJson],group=group0,node=98a7f70ec883a722219d92253cf073a72605f4087aa3443c8e4aadc0af2dc3ac647d0fa1b5ac99cd6987abafe6d690ae71cd5fd2aeeabe7589bfb4748aabdfba,blockNumber=2271
info|2023-07-08 20:57:13.852000|[RPCWS][SERVICE][onRecvBlockNotifier]receive block number notifier,group=group0,node=98a7f70ec883a722219d92253cf073a72605f4087aa3443c8e4aadc0af2dc3ac647d0fa1b5ac99cd6987abafe6d690ae71cd5fd2aeeabe7589bfb4748aabdfba,blockNumber=2271
info|2023-07-08 20:57:13.852006|[RPCWS][SERVICE][updateGroupBlockNumber],groupID=group0,_blockNumber=2271
info|2023-07-08 20:57:13.852010|[RPCWS][SERVICE][onRecvBlockNotifier]block notifier callback,group=group0,node=98a7f70ec883a722219d92253cf073a72605f4087aa3443c8e4aadc0af2dc3ac647d0fa1b5ac99cd6987abafe6d690ae71cd5fd2aeeabe7589bfb4748aabdfba,blockNumber=2271
info|2023-07-08 20:57:13.852014|[WS]receive block notify,endpoint=127.0.0.1:20200,blk={
	"blockNumber" : 2271,
	"group" : "group0",
	"nodeName" : "98a7f70ec883a722219d92253cf073a72605f4087aa3443c8e4aadc0af2dc3ac647d0fa1b5ac99cd6987abafe6d690ae71cd5fd2aeeabe7589bfb4748aabdfba"
}
info|2023-07-08 20:57:13.860564|[RPC][BLOCK][NUMBER][fromJson],group=group0,node=2f993327933ad58672518b6d4f63920cbc68b80f78f4d81192552ee6362f5cc81ee13bdc678ad65f06e76444cadb53b33694cfb3fc7679b8000411975fedd28a,blockNumber=2271
info|2023-07-08 20:57:13.860586|[RPCWS][SERVICE][onRecvBlockNotifier]receive block number notifier,group=group0,node=2f993327933ad58672518b6d4f63920cbc68b80f78f4d81192552ee6362f5cc81ee13bdc678ad65f06e76444cadb53b33694cfb3fc7679b8000411975fedd28a,blockNumber=2271
info|2023-07-08 20:57:13.860592|[WS]receive block notify,endpoint=127.0.0.1:20201,blk={
	"blockNumber" : 2271,
	"group" : "group0",
	"nodeName" : "2f993327933ad58672518b6d4f63920cbc68b80f78f4d81192552ee6362f5cc81ee13bdc678ad65f06e76444cadb53b33694cfb3fc7679b8000411975fedd28a"
}
info|2023-07-08 20:57:14.435733|[RPC][BLOCK][NUMBER][fromJson],group=group0,node=98a7f70ec883a722219d92253cf073a72605f4087aa3443c8e4aadc0af2dc3ac647d0fa1b5ac99cd6987abafe6d690ae71cd5fd2aeeabe7589bfb4748aabdfba,blockNumber=2272
info|2023-07-08 20:57:14.435773|[RPCWS][SERVICE][onRecvBlockNotifier]receive block number notifier,group=group0,node=98a7f70ec883a722219d92253cf073a72605f4087aa3443c8e4aadc0af2dc3ac647d0fa1b5ac99cd6987abafe6d690ae71cd5fd2aeeabe7589bfb4748aabdfba,blockNumber=2272
info|2023-07-08 20:57:14.435779|[RPCWS][SERVICE][updateGroupBlockNumber],groupID=group0,_blockNumber=2272
info|2023-07-08 20:57:14.435784|[RPCWS][SERVICE][onRecvBlockNotifier]block notifier callback,group=group0,node=98a7f70ec883a722219d92253cf073a72605f4087aa3443c8e4aadc0af2dc3ac647d0fa1b5ac99cd6987abafe6d690ae71cd5fd2aeeabe7589bfb4748aabdfba,blockNumber=2272
info|2023-07-08 20:57:14.435866|[WS]receive block notify,endpoint=127.0.0.1:20200,blk={
	"blockNumber" : 2272,
	"group" : "group0",
	"nodeName" : "98a7f70ec883a722219d92253cf073a72605f4087aa3443c8e4aadc0af2dc3ac647d0fa1b5ac99cd6987abafe6d690ae71cd5fd2aeeabe7589bfb4748aabdfba"
}
info|2023-07-08 20:57:14.485396|[RPC][BLOCK][NUMBER][fromJson],group=group0,node=2f993327933ad58672518b6d4f63920cbc68b80f78f4d81192552ee6362f5cc81ee13bdc678ad65f06e76444cadb53b33694cfb3fc7679b8000411975fedd28a,blockNumber=2272
info|2023-07-08 20:57:14.485430|[RPCWS][SERVICE][onRecvBlockNotifier]receive block number notifier,group=group0,node=2f993327933ad58672518b6d4f63920cbc68b80f78f4d81192552ee6362f5cc81ee13bdc678ad65f06e76444cadb53b33694cfb3fc7679b8000411975fedd28a,blockNumber=2272
info|2023-07-08 20:57:14.485438|[WS]receive block notify,endpoint=127.0.0.1:20201,blk={
	"blockNumber" : 2272,
	"group" : "group0",
	"nodeName" : "2f993327933ad58672518b6d4f63920cbc68b80f78f4d81192552ee6362f5cc81ee13bdc678ad65f06e76444cadb53b33694cfb3fc7679b8000411975fedd28a"
}
info|2023-07-08 20:57:14.977062|[RPC][BLOCK][NUMBER][fromJson],group=group0,node=2f993327933ad58672518b6d4f63920cbc68b80f78f4d81192552ee6362f5cc81ee13bdc678ad65f06e76444cadb53b33694cfb3fc7679b8000411975fedd28a,blockNumber=2273
info|2023-07-08 20:57:14.977087|[RPCWS][SERVICE][onRecvBlockNotifier]receive block number notifier,group=group0,node=2f993327933ad58672518b6d4f63920cbc68b80f78f4d81192552ee6362f5cc81ee13bdc678ad65f06e76444cadb53b33694cfb3fc7679b8000411975fedd28a,blockNumber=2273
info|2023-07-08 20:57:14.977094|[RPCWS][SERVICE][updateGroupBlockNumber],groupID=group0,_blockNumber=2273
info|2023-07-08 20:57:14.977130|[RPCWS][SERVICE][onRecvBlockNotifier]block notifier callback,group=group0,node=2f993327933ad58672518b6d4f63920cbc68b80f78f4d81192552ee6362f5cc81ee13bdc678ad65f06e76444cadb53b33694cfb3fc7679b8000411975fedd28a,blockNumber=2273
info|2023-07-08 20:57:14.977138|[WS]receive block notify,endpoint=127.0.0.1:20201,blk={
	"blockNumber" : 2273,
	"group" : "group0",
	"nodeName" : "2f993327933ad58672518b6d4f63920cbc68b80f78f4d81192552ee6362f5cc81ee13bdc678ad65f06e76444cadb53b33694cfb3fc7679b8000411975fedd28a"
}
info|2023-07-08 20:57:14.980899|[RPC][BLOCK][NUMBER][fromJson],group=group0,node=98a7f70ec883a722219d92253cf073a72605f4087aa3443c8e4aadc0af2dc3ac647d0fa1b5ac99cd6987abafe6d690ae71cd5fd2aeeabe7589bfb4748aabdfba,blockNumber=2273
info|2023-07-08 20:57:14.980927|[RPCWS][SERVICE][onRecvBlockNotifier]receive block number notifier,group=group0,node=98a7f70ec883a722219d92253cf073a72605f4087aa3443c8e4aadc0af2dc3ac647d0fa1b5ac99cd6987abafe6d690ae71cd5fd2aeeabe7589bfb4748aabdfba,blockNumber=2273
info|2023-07-08 20:57:14.980935|[WS]receive block notify,endpoint=127.0.0.1:20200,blk={
	"blockNumber" : 2273,
	"group" : "group0",
	"nodeName" : "98a7f70ec883a722219d92253cf073a72605f4087aa3443c8e4aadc0af2dc3ac647d0fa1b5ac99cd6987abafe6d690ae71cd5fd2aeeabe7589bfb4748aabdfba"
}
info|2023-07-08 20:57:15.549978|[RPC][BLOCK][NUMBER][fromJson],group=group0,node=98a7f70ec883a722219d92253cf073a72605f4087aa3443c8e4aadc0af2dc3ac647d0fa1b5ac99cd6987abafe6d690ae71cd5fd2aeeabe7589bfb4748aabdfba,blockNumber=2274
info|2023-07-08 20:57:15.550009|[RPCWS][SERVICE][onRecvBlockNotifier]receive block number notifier,group=group0,node=98a7f70ec883a722219d92253cf073a72605f4087aa3443c8e4aadc0af2dc3ac647d0fa1b5ac99cd6987abafe6d690ae71cd5fd2aeeabe7589bfb4748aabdfba,blockNumber=2274
info|2023-07-08 20:57:15.550017|[RPCWS][SERVICE][updateGroupBlockNumber],groupID=group0,_blockNumber=2274
info|2023-07-08 20:57:15.550023|[RPCWS][SERVICE][onRecvBlockNotifier]block notifier callback,group=group0,node=98a7f70ec883a722219d92253cf073a72605f4087aa3443c8e4aadc0af2dc3ac647d0fa1b5ac99cd6987abafe6d690ae71cd5fd2aeeabe7589bfb4748aabdfba,blockNumber=2274
info|2023-07-08 20:57:15.550028|[WS]receive block notify,endpoint=127.0.0.1:20200,blk={
	"blockNumber" : 2274,
	"group" : "group0",
	"nodeName" : "98a7f70ec883a722219d92253cf073a72605f4087aa3443c8e4aadc0af2dc3ac647d0fa1b5ac99cd6987abafe6d690ae71cd5fd2aeeabe7589bfb4748aabdfba"
}
info|2023-07-08 20:57:15.581533|[RPC][BLOCK][NUMBER][fromJson],group=group0,node=2f993327933ad58672518b6d4f63920cbc68b80f78f4d81192552ee6362f5cc81ee13bdc678ad65f06e76444cadb53b33694cfb3fc7679b8000411975fedd28a,blockNumber=2274
info|2023-07-08 20:57:15.581639|[RPCWS][SERVICE][onRecvBlockNotifier]receive block number notifier,group=group0,node=2f993327933ad58672518b6d4f63920cbc68b80f78f4d81192552ee6362f5cc81ee13bdc678ad65f06e76444cadb53b33694cfb3fc7679b8000411975fedd28a,blockNumber=2274
info|2023-07-08 20:57:15.581656|[WS]receive block notify,endpoint=127.0.0.1:20201,blk={
	"blockNumber" : 2274,
	"group" : "group0",
	"nodeName" : "2f993327933ad58672518b6d4f63920cbc68b80f78f4d81192552ee6362f5cc81ee13bdc678ad65f06e76444cadb53b33694cfb3fc7679b8000411975fedd28a"
}
info|2023-07-08 20:57:16.074722|[RPC][BLOCK][NUMBER][fromJson],group=group0,node=98a7f70ec883a722219d92253cf073a72605f4087aa3443c8e4aadc0af2dc3ac647d0fa1b5ac99cd6987abafe6d690ae71cd5fd2aeeabe7589bfb4748aabdfba,blockNumber=2275
info|2023-07-08 20:57:16.074764|[RPCWS][SERVICE][onRecvBlockNotifier]receive block number notifier,group=group0,node=98a7f70ec883a722219d92253cf073a72605f4087aa3443c8e4aadc0af2dc3ac647d0fa1b5ac99cd6987abafe6d690ae71cd5fd2aeeabe7589bfb4748aabdfba,blockNumber=2275
info|2023-07-08 20:57:16.074773|[RPCWS][SERVICE][updateGroupBlockNumber],groupID=group0,_blockNumber=2275
info|2023-07-08 20:57:16.074778|[RPCWS][SERVICE][onRecvBlockNotifier]block notifier callback,group=group0,node=98a7f70ec883a722219d92253cf073a72605f4087aa3443c8e4aadc0af2dc3ac647d0fa1b5ac99cd6987abafe6d690ae71cd5fd2aeeabe7589bfb4748aabdfba,blockNumber=2275
info|2023-07-08 20:57:16.074783|[WS]receive block notify,endpoint=127.0.0.1:20200,blk={
	"blockNumber" : 2275,
	"group" : "group0",
	"nodeName" : "98a7f70ec883a722219d92253cf073a72605f4087aa3443c8e4aadc0af2dc3ac647d0fa1b5ac99cd6987abafe6d690ae71cd5fd2aeeabe7589bfb4748aabdfba"
}
info|2023-07-08 20:57:16.141360|[RPC][BLOCK][NUMBER][fromJson],group=group0,node=2f993327933ad58672518b6d4f63920cbc68b80f78f4d81192552ee6362f5cc81ee13bdc678ad65f06e76444cadb53b33694cfb3fc7679b8000411975fedd28a,blockNumber=2275
info|2023-07-08 20:57:16.141443|[RPCWS][SERVICE][onRecvBlockNotifier]receive block number notifier,group=group0,node=2f993327933ad58672518b6d4f63920cbc68b80f78f4d81192552ee6362f5cc81ee13bdc678ad65f06e76444cadb53b33694cfb3fc7679b8000411975fedd28a,blockNumber=2275
info|2023-07-08 20:57:16.141463|[WS]receive block notify,endpoint=127.0.0.1:20201,blk={
	"blockNumber" : 2275,
	"group" : "group0",
	"nodeName" : "2f993327933ad58672518b6d4f63920cbc68b80f78f4d81192552ee6362f5cc81ee13bdc678ad65f06e76444cadb53b33694cfb3fc7679b8000411975fedd28a"
}
info|2023-07-08 20:57:16.645158|[RPC][BLOCK][NUMBER][fromJson],group=group0,node=98a7f70ec883a722219d92253cf073a72605f4087aa3443c8e4aadc0af2dc3ac647d0fa1b5ac99cd6987abafe6d690ae71cd5fd2aeeabe7589bfb4748aabdfba,blockNumber=2276
info|2023-07-08 20:57:16.645186|[RPCWS][SERVICE][onRecvBlockNotifier]receive block number notifier,group=group0,node=98a7f70ec883a722219d92253cf073a72605f4087aa3443c8e4aadc0af2dc3ac647d0fa1b5ac99cd6987abafe6d690ae71cd5fd2aeeabe7589bfb4748aabdfba,blockNumber=2276
info|2023-07-08 20:57:16.645194|[RPCWS][SERVICE][updateGroupBlockNumber],groupID=group0,_blockNumber=2276
info|2023-07-08 20:57:16.645200|[RPCWS][SERVICE][onRecvBlockNotifier]block notifier callback,group=group0,node=98a7f70ec883a722219d92253cf073a72605f4087aa3443c8e4aadc0af2dc3ac647d0fa1b5ac99cd6987abafe6d690ae71cd5fd2aeeabe7589bfb4748aabdfba,blockNumber=2276
info|2023-07-08 20:57:16.645204|[WS]receive block notify,endpoint=127.0.0.1:20200,blk={
	"blockNumber" : 2276,
	"group" : "group0",
	"nodeName" : "98a7f70ec883a722219d92253cf073a72605f4087aa3443c8e4aadc0af2dc3ac647d0fa1b5ac99cd6987abafe6d690ae71cd5fd2aeeabe7589bfb4748aabdfba"
}
info|2023-07-08 20:57:16.704009|[RPC][BLOCK][NUMBER][fromJson],group=group0,node=2f993327933ad58672518b6d4f63920cbc68b80f78f4d81192552ee6362f5cc81ee13bdc678ad65f06e76444cadb53b33694cfb3fc7679b8000411975fedd28a,blockNumber=2276
info|2023-07-08 20:57:16.704112|[RPCWS][SERVICE][onRecvBlockNotifier]receive block number notifier,group=group0,node=2f993327933ad58672518b6d4f63920cbc68b80f78f4d81192552ee6362f5cc81ee13bdc678ad65f06e76444cadb53b33694cfb3fc7679b8000411975fedd28a,blockNumber=2276
info|2023-07-08 20:57:16.704138|[WS]receive block notify,endpoint=127.0.0.1:20201,blk={
	"blockNumber" : 2276,
	"group" : "group0",
	"nodeName" : "2f993327933ad58672518b6d4f63920cbc68b80f78f4d81192552ee6362f5cc81ee13bdc678ad65f06e76444cadb53b33694cfb3fc7679b8000411975fedd28a"
}
info|2023-07-08 20:57:17.210246|[RPC][BLOCK][NUMBER][fromJson],group=group0,node=98a7f70ec883a722219d92253cf073a72605f4087aa3443c8e4aadc0af2dc3ac647d0fa1b5ac99cd6987abafe6d690ae71cd5fd2aeeabe7589bfb4748aabdfba,blockNumber=2277
info|2023-07-08 20:57:17.210285|[RPCWS][SERVICE][onRecvBlockNotifier]receive block number notifier,group=group0,node=98a7f70ec883a722219d92253cf073a72605f4087aa3443c8e4aadc0af2dc3ac647d0fa1b5ac99cd6987abafe6d690ae71cd5fd2aeeabe7589bfb4748aabdfba,blockNumber=2277
info|2023-07-08 20:57:17.210296|[RPCWS][SERVICE][updateGroupBlockNumber],groupID=group0,_blockNumber=2277
info|2023-07-08 20:57:17.210304|[RPCWS][SERVICE][onRecvBlockNotifier]block notifier callback,group=group0,node=98a7f70ec883a722219d92253cf073a72605f4087aa3443c8e4aadc0af2dc3ac647d0fa1b5ac99cd6987abafe6d690ae71cd5fd2aeeabe7589bfb4748aabdfba,blockNumber=2277
info|2023-07-08 20:57:17.210312|[WS]receive block notify,endpoint=127.0.0.1:20200,blk={
	"blockNumber" : 2277,
	"group" : "group0",
	"nodeName" : "98a7f70ec883a722219d92253cf073a72605f4087aa3443c8e4aadc0af2dc3ac647d0fa1b5ac99cd6987abafe6d690ae71cd5fd2aeeabe7589bfb4748aabdfba"
}
info|2023-07-08 20:57:17.264618|[RPC][BLOCK][NUMBER][fromJson],group=group0,node=2f993327933ad58672518b6d4f63920cbc68b80f78f4d81192552ee6362f5cc81ee13bdc678ad65f06e76444cadb53b33694cfb3fc7679b8000411975fedd28a,blockNumber=2277
info|2023-07-08 20:57:17.264661|[RPCWS][SERVICE][onRecvBlockNotifier]receive block number notifier,group=group0,node=2f993327933ad58672518b6d4f63920cbc68b80f78f4d81192552ee6362f5cc81ee13bdc678ad65f06e76444cadb53b33694cfb3fc7679b8000411975fedd28a,blockNumber=2277
info|2023-07-08 20:57:17.264675|[WS]receive block notify,endpoint=127.0.0.1:20201,blk={
	"blockNumber" : 2277,
	"group" : "group0",
	"nodeName" : "2f993327933ad58672518b6d4f63920cbc68b80f78f4d81192552ee6362f5cc81ee13bdc678ad65f06e76444cadb53b33694cfb3fc7679b8000411975fedd28a"
}
info|2023-07-08 20:57:17.831851|[RPC][BLOCK][NUMBER][fromJson],group=group0,node=98a7f70ec883a722219d92253cf073a72605f4087aa3443c8e4aadc0af2dc3ac647d0fa1b5ac99cd6987abafe6d690ae71cd5fd2aeeabe7589bfb4748aabdfba,blockNumber=2278
info|2023-07-08 20:57:17.831877|[RPCWS][SERVICE][onRecvBlockNotifier]receive block number notifier,group=group0,node=98a7f70ec883a722219d92253cf073a72605f4087aa3443c8e4aadc0af2dc3ac647d0fa1b5ac99cd6987abafe6d690ae71cd5fd2aeeabe7589bfb4748aabdfba,blockNumber=2278
info|2023-07-08 20:57:17.831884|[RPCWS][SERVICE][updateGroupBlockNumber],groupID=group0,_blockNumber=2278
info|2023-07-08 20:57:17.831891|[RPCWS][SERVICE][onRecvBlockNotifier]block notifier callback,group=group0,node=98a7f70ec883a722219d92253cf073a72605f4087aa3443c8e4aadc0af2dc3ac647d0fa1b5ac99cd6987abafe6d690ae71cd5fd2aeeabe7589bfb4748aabdfba,blockNumber=2278
info|2023-07-08 20:57:17.831896|[WS]receive block notify,endpoint=127.0.0.1:20200,blk={
	"blockNumber" : 2278,
	"group" : "group0",
	"nodeName" : "98a7f70ec883a722219d92253cf073a72605f4087aa3443c8e4aadc0af2dc3ac647d0fa1b5ac99cd6987abafe6d690ae71cd5fd2aeeabe7589bfb4748aabdfba"
}
info|2023-07-08 20:57:17.842477|[RPC][BLOCK][NUMBER][fromJson],group=group0,node=2f993327933ad58672518b6d4f63920cbc68b80f78f4d81192552ee6362f5cc81ee13bdc678ad65f06e76444cadb53b33694cfb3fc7679b8000411975fedd28a,blockNumber=2278
info|2023-07-08 20:57:17.842500|[RPCWS][SERVICE][onRecvBlockNotifier]receive block number notifier,group=group0,node=2f993327933ad58672518b6d4f63920cbc68b80f78f4d81192552ee6362f5cc81ee13bdc678ad65f06e76444cadb53b33694cfb3fc7679b8000411975fedd28a,blockNumber=2278
info|2023-07-08 20:57:17.842507|[WS]receive block notify,endpoint=127.0.0.1:20201,blk={
	"blockNumber" : 2278,
	"group" : "group0",
	"nodeName" : "2f993327933ad58672518b6d4f63920cbc68b80f78f4d81192552ee6362f5cc81ee13bdc678ad65f06e76444cadb53b33694cfb3fc7679b8000411975fedd28a"
}
info|2023-07-08 20:57:18.428403|[RPC][BLOCK][NUMBER][fromJson],group=group0,node=98a7f70ec883a722219d92253cf073a72605f4087aa3443c8e4aadc0af2dc3ac647d0fa1b5ac99cd6987abafe6d690ae71cd5fd2aeeabe7589bfb4748aabdfba,blockNumber=2279
info|2023-07-08 20:57:18.428465|[RPCWS][SERVICE][onRecvBlockNotifier]receive block number notifier,group=group0,node=98a7f70ec883a722219d92253cf073a72605f4087aa3443c8e4aadc0af2dc3ac647d0fa1b5ac99cd6987abafe6d690ae71cd5fd2aeeabe7589bfb4748aabdfba,blockNumber=2279
info|2023-07-08 20:57:18.428508|[RPCWS][SERVICE][updateGroupBlockNumber],groupID=group0,_blockNumber=2279
info|2023-07-08 20:57:18.428521|[RPCWS][SERVICE][onRecvBlockNotifier]block notifier callback,group=group0,node=98a7f70ec883a722219d92253cf073a72605f4087aa3443c8e4aadc0af2dc3ac647d0fa1b5ac99cd6987abafe6d690ae71cd5fd2aeeabe7589bfb4748aabdfba,blockNumber=2279
info|2023-07-08 20:57:18.428528|[WS]receive block notify,endpoint=127.0.0.1:20200,blk={
	"blockNumber" : 2279,
	"group" : "group0",
	"nodeName" : "98a7f70ec883a722219d92253cf073a72605f4087aa3443c8e4aadc0af2dc3ac647d0fa1b5ac99cd6987abafe6d690ae71cd5fd2aeeabe7589bfb4748aabdfba"
}
info|2023-07-08 20:57:18.485437|[RPC][BLOCK][NUMBER][fromJson],group=group0,node=2f993327933ad58672518b6d4f63920cbc68b80f78f4d81192552ee6362f5cc81ee13bdc678ad65f06e76444cadb53b33694cfb3fc7679b8000411975fedd28a,blockNumber=2279
info|2023-07-08 20:57:18.485475|[RPCWS][SERVICE][onRecvBlockNotifier]receive block number notifier,group=group0,node=2f993327933ad58672518b6d4f63920cbc68b80f78f4d81192552ee6362f5cc81ee13bdc678ad65f06e76444cadb53b33694cfb3fc7679b8000411975fedd28a,blockNumber=2279
info|2023-07-08 20:57:18.485491|[WS]receive block notify,endpoint=127.0.0.1:20201,blk={
	"blockNumber" : 2279,
	"group" : "group0",
	"nodeName" : "2f993327933ad58672518b6d4f63920cbc68b80f78f4d81192552ee6362f5cc81ee13bdc678ad65f06e76444cadb53b33694cfb3fc7679b8000411975fedd28a"
}
info|2023-07-08 20:57:18.999519|[RPC][BLOCK][NUMBER][fromJson],group=group0,node=98a7f70ec883a722219d92253cf073a72605f4087aa3443c8e4aadc0af2dc3ac647d0fa1b5ac99cd6987abafe6d690ae71cd5fd2aeeabe7589bfb4748aabdfba,blockNumber=2280
info|2023-07-08 20:57:18.999609|[RPCWS][SERVICE][onRecvBlockNotifier]receive block number notifier,group=group0,node=98a7f70ec883a722219d92253cf073a72605f4087aa3443c8e4aadc0af2dc3ac647d0fa1b5ac99cd6987abafe6d690ae71cd5fd2aeeabe7589bfb4748aabdfba,blockNumber=2280
info|2023-07-08 20:57:18.999690|[RPCWS][SERVICE][updateGroupBlockNumber],groupID=group0,_blockNumber=2280
info|2023-07-08 20:57:18.999699|[RPCWS][SERVICE][onRecvBlockNotifier]block notifier callback,group=group0,node=98a7f70ec883a722219d92253cf073a72605f4087aa3443c8e4aadc0af2dc3ac647d0fa1b5ac99cd6987abafe6d690ae71cd5fd2aeeabe7589bfb4748aabdfba,blockNumber=2280
info|2023-07-08 20:57:18.999706|[WS]receive block notify,endpoint=127.0.0.1:20200,blk={
	"blockNumber" : 2280,
	"group" : "group0",
	"nodeName" : "98a7f70ec883a722219d92253cf073a72605f4087aa3443c8e4aadc0af2dc3ac647d0fa1b5ac99cd6987abafe6d690ae71cd5fd2aeeabe7589bfb4748aabdfba"
}
info|2023-07-08 20:57:19.038663|[RPC][BLOCK][NUMBER][fromJson],group=group0,node=2f993327933ad58672518b6d4f63920cbc68b80f78f4d81192552ee6362f5cc81ee13bdc678ad65f06e76444cadb53b33694cfb3fc7679b8000411975fedd28a,blockNumber=2280
info|2023-07-08 20:57:19.038698|[RPCWS][SERVICE][onRecvBlockNotifier]receive block number notifier,group=group0,node=2f993327933ad58672518b6d4f63920cbc68b80f78f4d81192552ee6362f5cc81ee13bdc678ad65f06e76444cadb53b33694cfb3fc7679b8000411975fedd28a,blockNumber=2280
info|2023-07-08 20:57:19.038706|[WS]receive block notify,endpoint=127.0.0.1:20201,blk={
	"blockNumber" : 2280,
	"group" : "group0",
	"nodeName" : "2f993327933ad58672518b6d4f63920cbc68b80f78f4d81192552ee6362f5cc81ee13bdc678ad65f06e76444cadb53b33694cfb3fc7679b8000411975fedd28a"
}
info|2023-07-08 20:57:19.547394|[RPC][BLOCK][NUMBER][fromJson],group=group0,node=98a7f70ec883a722219d92253cf073a72605f4087aa3443c8e4aadc0af2dc3ac647d0fa1b5ac99cd6987abafe6d690ae71cd5fd2aeeabe7589bfb4748aabdfba,blockNumber=2281
info|2023-07-08 20:57:19.547468|[RPCWS][SERVICE][onRecvBlockNotifier]receive block number notifier,group=group0,node=98a7f70ec883a722219d92253cf073a72605f4087aa3443c8e4aadc0af2dc3ac647d0fa1b5ac99cd6987abafe6d690ae71cd5fd2aeeabe7589bfb4748aabdfba,blockNumber=2281
info|2023-07-08 20:57:19.547484|[RPCWS][SERVICE][updateGroupBlockNumber],groupID=group0,_blockNumber=2281
info|2023-07-08 20:57:19.547493|[RPCWS][SERVICE][onRecvBlockNotifier]block notifier callback,group=group0,node=98a7f70ec883a722219d92253cf073a72605f4087aa3443c8e4aadc0af2dc3ac647d0fa1b5ac99cd6987abafe6d690ae71cd5fd2aeeabe7589bfb4748aabdfba,blockNumber=2281
info|2023-07-08 20:57:19.547502|[WS]receive block notify,endpoint=127.0.0.1:20200,blk={
	"blockNumber" : 2281,
	"group" : "group0",
	"nodeName" : "98a7f70ec883a722219d92253cf073a72605f4087aa3443c8e4aadc0af2dc3ac647d0fa1b5ac99cd6987abafe6d690ae71cd5fd2aeeabe7589bfb4748aabdfba"
}
info|2023-07-08 20:57:19.548230|[RPC][BLOCK][NUMBER][fromJson],group=group0,node=2f993327933ad58672518b6d4f63920cbc68b80f78f4d81192552ee6362f5cc81ee13bdc678ad65f06e76444cadb53b33694cfb3fc7679b8000411975fedd28a,blockNumber=2281
info|2023-07-08 20:57:19.548348|[RPCWS][SERVICE][onRecvBlockNotifier]receive block number notifier,group=group0,node=2f993327933ad58672518b6d4f63920cbc68b80f78f4d81192552ee6362f5cc81ee13bdc678ad65f06e76444cadb53b33694cfb3fc7679b8000411975fedd28a,blockNumber=2281
info|2023-07-08 20:57:19.548366|[WS]receive block notify,endpoint=127.0.0.1:20201,blk={
	"blockNumber" : 2281,
	"group" : "group0",
	"nodeName" : "2f993327933ad58672518b6d4f63920cbc68b80f78f4d81192552ee6362f5cc81ee13bdc678ad65f06e76444cadb53b33694cfb3fc7679b8000411975fedd28a"
}
info|2023-07-08 20:57:20.105923|[RPC][BLOCK][NUMBER][fromJson],group=group0,node=98a7f70ec883a722219d92253cf073a72605f4087aa3443c8e4aadc0af2dc3ac647d0fa1b5ac99cd6987abafe6d690ae71cd5fd2aeeabe7589bfb4748aabdfba,blockNumber=2282
info|2023-07-08 20:57:20.105967|[RPCWS][SERVICE][onRecvBlockNotifier]receive block number notifier,group=group0,node=98a7f70ec883a722219d92253cf073a72605f4087aa3443c8e4aadc0af2dc3ac647d0fa1b5ac99cd6987abafe6d690ae71cd5fd2aeeabe7589bfb4748aabdfba,blockNumber=2282
info|2023-07-08 20:57:20.105976|[RPCWS][SERVICE][updateGroupBlockNumber],groupID=group0,_blockNumber=2282
info|2023-07-08 20:57:20.105983|[RPCWS][SERVICE][onRecvBlockNotifier]block notifier callback,group=group0,node=98a7f70ec883a722219d92253cf073a72605f4087aa3443c8e4aadc0af2dc3ac647d0fa1b5ac99cd6987abafe6d690ae71cd5fd2aeeabe7589bfb4748aabdfba,blockNumber=2282
info|2023-07-08 20:57:20.105990|[WS]receive block notify,endpoint=127.0.0.1:20200,blk={
	"blockNumber" : 2282,
	"group" : "group0",
	"nodeName" : "98a7f70ec883a722219d92253cf073a72605f4087aa3443c8e4aadc0af2dc3ac647d0fa1b5ac99cd6987abafe6d690ae71cd5fd2aeeabe7589bfb4748aabdfba"
}
info|2023-07-08 20:57:20.222047|[RPC][BLOCK][NUMBER][fromJson],group=group0,node=2f993327933ad58672518b6d4f63920cbc68b80f78f4d81192552ee6362f5cc81ee13bdc678ad65f06e76444cadb53b33694cfb3fc7679b8000411975fedd28a,blockNumber=2282
info|2023-07-08 20:57:20.222154|[RPCWS][SERVICE][onRecvBlockNotifier]receive block number notifier,group=group0,node=2f993327933ad58672518b6d4f63920cbc68b80f78f4d81192552ee6362f5cc81ee13bdc678ad65f06e76444cadb53b33694cfb3fc7679b8000411975fedd28a,blockNumber=2282
info|2023-07-08 20:57:20.222180|[WS]receive block notify,endpoint=127.0.0.1:20201,blk={
	"blockNumber" : 2282,
	"group" : "group0",
	"nodeName" : "2f993327933ad58672518b6d4f63920cbc68b80f78f4d81192552ee6362f5cc81ee13bdc678ad65f06e76444cadb53b33694cfb3fc7679b8000411975fedd28a"
}
info|2023-07-08 20:57:20.684663|[RPC][BLOCK][NUMBER][fromJson],group=group0,node=98a7f70ec883a722219d92253cf073a72605f4087aa3443c8e4aadc0af2dc3ac647d0fa1b5ac99cd6987abafe6d690ae71cd5fd2aeeabe7589bfb4748aabdfba,blockNumber=2283
info|2023-07-08 20:57:20.684819|[RPCWS][SERVICE][onRecvBlockNotifier]receive block number notifier,group=group0,node=98a7f70ec883a722219d92253cf073a72605f4087aa3443c8e4aadc0af2dc3ac647d0fa1b5ac99cd6987abafe6d690ae71cd5fd2aeeabe7589bfb4748aabdfba,blockNumber=2283
info|2023-07-08 20:57:20.684842|[RPCWS][SERVICE][updateGroupBlockNumber],groupID=group0,_blockNumber=2283
info|2023-07-08 20:57:20.684855|[RPCWS][SERVICE][onRecvBlockNotifier]block notifier callback,group=group0,node=98a7f70ec883a722219d92253cf073a72605f4087aa3443c8e4aadc0af2dc3ac647d0fa1b5ac99cd6987abafe6d690ae71cd5fd2aeeabe7589bfb4748aabdfba,blockNumber=2283
info|2023-07-08 20:57:20.684867|[WS]receive block notify,endpoint=127.0.0.1:20200,blk={
	"blockNumber" : 2283,
	"group" : "group0",
	"nodeName" : "98a7f70ec883a722219d92253cf073a72605f4087aa3443c8e4aadc0af2dc3ac647d0fa1b5ac99cd6987abafe6d690ae71cd5fd2aeeabe7589bfb4748aabdfba"
}
info|2023-07-08 20:57:20.705824|[RPC][BLOCK][NUMBER][fromJson],group=group0,node=2f993327933ad58672518b6d4f63920cbc68b80f78f4d81192552ee6362f5cc81ee13bdc678ad65f06e76444cadb53b33694cfb3fc7679b8000411975fedd28a,blockNumber=2283
info|2023-07-08 20:57:20.705904|[RPCWS][SERVICE][onRecvBlockNotifier]receive block number notifier,group=group0,node=2f993327933ad58672518b6d4f63920cbc68b80f78f4d81192552ee6362f5cc81ee13bdc678ad65f06e76444cadb53b33694cfb3fc7679b8000411975fedd28a,blockNumber=2283
info|2023-07-08 20:57:20.705919|[WS]receive block notify,endpoint=127.0.0.1:20201,blk={
	"blockNumber" : 2283,
	"group" : "group0",
	"nodeName" : "2f993327933ad58672518b6d4f63920cbc68b80f78f4d81192552ee6362f5cc81ee13bdc678ad65f06e76444cadb53b33694cfb3fc7679b8000411975fedd28a"
}
info|2023-07-08 20:57:21.178069|[RPC][BLOCK][NUMBER][fromJson],group=group0,node=98a7f70ec883a722219d92253cf073a72605f4087aa3443c8e4aadc0af2dc3ac647d0fa1b5ac99cd6987abafe6d690ae71cd5fd2aeeabe7589bfb4748aabdfba,blockNumber=2284
info|2023-07-08 20:57:21.178097|[RPCWS][SERVICE][onRecvBlockNotifier]receive block number notifier,group=group0,node=98a7f70ec883a722219d92253cf073a72605f4087aa3443c8e4aadc0af2dc3ac647d0fa1b5ac99cd6987abafe6d690ae71cd5fd2aeeabe7589bfb4748aabdfba,blockNumber=2284
info|2023-07-08 20:57:21.178104|[RPCWS][SERVICE][updateGroupBlockNumber],groupID=group0,_blockNumber=2284
info|2023-07-08 20:57:21.178110|[RPCWS][SERVICE][onRecvBlockNotifier]block notifier callback,group=group0,node=98a7f70ec883a722219d92253cf073a72605f4087aa3443c8e4aadc0af2dc3ac647d0fa1b5ac99cd6987abafe6d690ae71cd5fd2aeeabe7589bfb4748aabdfba,blockNumber=2284
info|2023-07-08 20:57:21.178115|[WS]receive block notify,endpoint=127.0.0.1:20200,blk={
	"blockNumber" : 2284,
	"group" : "group0",
	"nodeName" : "98a7f70ec883a722219d92253cf073a72605f4087aa3443c8e4aadc0af2dc3ac647d0fa1b5ac99cd6987abafe6d690ae71cd5fd2aeeabe7589bfb4748aabdfba"
}
info|2023-07-08 20:57:21.249246|[RPC][BLOCK][NUMBER][fromJson],group=group0,node=2f993327933ad58672518b6d4f63920cbc68b80f78f4d81192552ee6362f5cc81ee13bdc678ad65f06e76444cadb53b33694cfb3fc7679b8000411975fedd28a,blockNumber=2284
info|2023-07-08 20:57:21.249286|[RPCWS][SERVICE][onRecvBlockNotifier]receive block number notifier,group=group0,node=2f993327933ad58672518b6d4f63920cbc68b80f78f4d81192552ee6362f5cc81ee13bdc678ad65f06e76444cadb53b33694cfb3fc7679b8000411975fedd28a,blockNumber=2284
info|2023-07-08 20:57:21.249299|[WS]receive block notify,endpoint=127.0.0.1:20201,blk={
	"blockNumber" : 2284,
	"group" : "group0",
	"nodeName" : "2f993327933ad58672518b6d4f63920cbc68b80f78f4d81192552ee6362f5cc81ee13bdc678ad65f06e76444cadb53b33694cfb3fc7679b8000411975fedd28a"
}
info|2023-07-08 20:57:21.740851|[RPC][BLOCK][NUMBER][fromJson],group=group0,node=98a7f70ec883a722219d92253cf073a72605f4087aa3443c8e4aadc0af2dc3ac647d0fa1b5ac99cd6987abafe6d690ae71cd5fd2aeeabe7589bfb4748aabdfba,blockNumber=2285
info|2023-07-08 20:57:21.740888|[RPCWS][SERVICE][onRecvBlockNotifier]receive block number notifier,group=group0,node=98a7f70ec883a722219d92253cf073a72605f4087aa3443c8e4aadc0af2dc3ac647d0fa1b5ac99cd6987abafe6d690ae71cd5fd2aeeabe7589bfb4748aabdfba,blockNumber=2285
info|2023-07-08 20:57:21.740897|[RPCWS][SERVICE][updateGroupBlockNumber],groupID=group0,_blockNumber=2285
info|2023-07-08 20:57:21.740904|[RPCWS][SERVICE][onRecvBlockNotifier]block notifier callback,group=group0,node=98a7f70ec883a722219d92253cf073a72605f4087aa3443c8e4aadc0af2dc3ac647d0fa1b5ac99cd6987abafe6d690ae71cd5fd2aeeabe7589bfb4748aabdfba,blockNumber=2285
info|2023-07-08 20:57:21.740949|[WS]receive block notify,endpoint=127.0.0.1:20200,blk={
	"blockNumber" : 2285,
	"group" : "group0",
	"nodeName" : "98a7f70ec883a722219d92253cf073a72605f4087aa3443c8e4aadc0af2dc3ac647d0fa1b5ac99cd6987abafe6d690ae71cd5fd2aeeabe7589bfb4748aabdfba"
}
info|2023-07-08 20:57:21.782337|[RPC][BLOCK][NUMBER][fromJson],group=group0,node=2f993327933ad58672518b6d4f63920cbc68b80f78f4d81192552ee6362f5cc81ee13bdc678ad65f06e76444cadb53b33694cfb3fc7679b8000411975fedd28a,blockNumber=2285
info|2023-07-08 20:57:21.782360|[RPCWS][SERVICE][onRecvBlockNotifier]receive block number notifier,group=group0,node=2f993327933ad58672518b6d4f63920cbc68b80f78f4d81192552ee6362f5cc81ee13bdc678ad65f06e76444cadb53b33694cfb3fc7679b8000411975fedd28a,blockNumber=2285
info|2023-07-08 20:57:21.782368|[WS]receive block notify,endpoint=127.0.0.1:20201,blk={
	"blockNumber" : 2285,
	"group" : "group0",
	"nodeName" : "2f993327933ad58672518b6d4f63920cbc68b80f78f4d81192552ee6362f5cc81ee13bdc678ad65f06e76444cadb53b33694cfb3fc7679b8000411975fedd28a"
}
info|2023-07-08 20:57:22.358655|[RPC][BLOCK][NUMBER][fromJson],group=group0,node=98a7f70ec883a722219d92253cf073a72605f4087aa3443c8e4aadc0af2dc3ac647d0fa1b5ac99cd6987abafe6d690ae71cd5fd2aeeabe7589bfb4748aabdfba,blockNumber=2286
info|2023-07-08 20:57:22.358682|[RPCWS][SERVICE][onRecvBlockNotifier]receive block number notifier,group=group0,node=98a7f70ec883a722219d92253cf073a72605f4087aa3443c8e4aadc0af2dc3ac647d0fa1b5ac99cd6987abafe6d690ae71cd5fd2aeeabe7589bfb4748aabdfba,blockNumber=2286
info|2023-07-08 20:57:22.358689|[RPCWS][SERVICE][updateGroupBlockNumber],groupID=group0,_blockNumber=2286
info|2023-07-08 20:57:22.358695|[RPCWS][SERVICE][onRecvBlockNotifier]block notifier callback,group=group0,node=98a7f70ec883a722219d92253cf073a72605f4087aa3443c8e4aadc0af2dc3ac647d0fa1b5ac99cd6987abafe6d690ae71cd5fd2aeeabe7589bfb4748aabdfba,blockNumber=2286
info|2023-07-08 20:57:22.358700|[WS]receive block notify,endpoint=127.0.0.1:20200,blk={
	"blockNumber" : 2286,
	"group" : "group0",
	"nodeName" : "98a7f70ec883a722219d92253cf073a72605f4087aa3443c8e4aadc0af2dc3ac647d0fa1b5ac99cd6987abafe6d690ae71cd5fd2aeeabe7589bfb4748aabdfba"
}
info|2023-07-08 20:57:22.413274|[RPC][BLOCK][NUMBER][fromJson],group=group0,node=2f993327933ad58672518b6d4f63920cbc68b80f78f4d81192552ee6362f5cc81ee13bdc678ad65f06e76444cadb53b33694cfb3fc7679b8000411975fedd28a,blockNumber=2286
info|2023-07-08 20:57:22.413312|[RPCWS][SERVICE][onRecvBlockNotifier]receive block number notifier,group=group0,node=2f993327933ad58672518b6d4f63920cbc68b80f78f4d81192552ee6362f5cc81ee13bdc678ad65f06e76444cadb53b33694cfb3fc7679b8000411975fedd28a,blockNumber=2286
info|2023-07-08 20:57:22.413326|[WS]receive block notify,endpoint=127.0.0.1:20201,blk={
	"blockNumber" : 2286,
	"group" : "group0",
	"nodeName" : "2f993327933ad58672518b6d4f63920cbc68b80f78f4d81192552ee6362f5cc81ee13bdc678ad65f06e76444cadb53b33694cfb3fc7679b8000411975fedd28a"
}
info|2023-07-08 20:57:29.748514|[EVENT][SUB][doLoop]event sub tasks report,working event sub count=0,suspend event sub count=0
info|2023-07-08 20:57:30.239784|[SDK][WS][SERVICE]connected nodes,count=2
info|2023-07-08 20:57:49.748677|[EVENT][SUB][doLoop]event sub tasks report,working event sub count=0,suspend event sub count=0
info|2023-07-08 20:57:50.240146|[SDK][WS][SERVICE]connected nodes,count=2
info|2023-07-08 20:58:09.749223|[EVENT][SUB][doLoop]event sub tasks report,working event sub count=0,suspend event sub count=0
info|2023-07-08 20:58:10.240739|[SDK][WS][SERVICE]connected nodes,count=2
info|2023-07-08 20:58:29.749449|[EVENT][SUB][doLoop]event sub tasks report,working event sub count=0,suspend event sub count=0
info|2023-07-08 20:58:30.241616|[SDK][WS][SERVICE]connected nodes,count=2
info|2023-07-08 20:58:49.749488|[EVENT][SUB][doLoop]event sub tasks report,working event sub count=0,suspend event sub count=0
info|2023-07-08 20:58:50.241856|[SDK][WS][SERVICE]connected nodes,count=2
info|2023-07-08 20:59:09.750350|[EVENT][SUB][doLoop]event sub tasks report,working event sub count=0,suspend event sub count=0
info|2023-07-08 20:59:10.242231|[SDK][WS][SERVICE]connected nodes,count=2
info|2023-07-08 20:59:29.751063|[EVENT][SUB][doLoop]event sub tasks report,working event sub count=0,suspend event sub count=0
info|2023-07-08 20:59:30.242650|[SDK][WS][SERVICE]connected nodes,count=2
info|2023-07-08 20:59:49.751200|[EVENT][SUB][doLoop]event sub tasks report,working event sub count=0,suspend event sub count=0
info|2023-07-08 20:59:50.243979|[SDK][WS][SERVICE]connected nodes,count=2
