info|2023-07-10 11:18:33.497969|[SDK][WS][SERVICE],[NEWOBJ][WsService]=0x7f0ae4a10b90
info|2023-07-10 11:18:33.498009|[RPCWS][SERVICE]init the local protocol,minVersion=1,maxVersion=1,module=2
info|2023-07-10 11:18:33.507226|[DEFAULT][WS][INITIALIZER][initWsService]start websocket service as client,connected size=2
info|2023-07-10 11:18:33.507376|[DEFAULT][WS][INITIALIZER][initWsService]initializer for websocket service,listenIP=,listenPort=0,disableSsl=false,server=false,client=true,threadPoolSize=2,maxMsgSize=33554432,msgTimeOut=-1,connected peers=2
info|2023-07-10 11:18:33.507491|[bcos_sdk_create][NEWOBJ],sdk=0x7f0ae4332260
info|2023-07-10 11:18:33.577755|[DEFAULT][WS][CONNECTOR][connectToWsServer]async_connect success,endpoint=127.0.0.1:20201
info|2023-07-10 11:18:33.577914|[DEFAULT][WS][STREAM],[NEWOBJ][WsStream]=0x7f0a98020de0
info|2023-07-10 11:18:33.578317|[DEFAULT][WS][CONNECTOR][connectToWsServer]async_connect success,endpoint=127.0.0.1:20200
info|2023-07-10 11:18:33.578442|[DEFAULT][WS][STREAM],[NEWOBJ][WsStream]=0x7f0aa40186f0
info|2023-07-10 11:18:34.861113|[DEFAULT][BOOSTSSL][NODEINFO][NEW]SSLContext pubHex: 3082010a0282010100983e3a6582955a60280a945a6370ea4708188c93cea0c7c02092e5dd15e628947b5a8a64bd1f5898899fbe947f040b2b1f20255d7557445767003a9ce2954044a17983c21f725ae10a0fce6723134a1c36d86cc1b6941c61402736b905dd852758c8edb622d7cf3cd9d6dbd81dc5d0cc2b1269149b645f433d1e051e3e75efe274a5905d57b18e356a090dad43b5c0a9f3af112a6d266963a009afaef9a6303bd7cd4b927ecb494d4c24babb763ae6a31fb2e19e0fa9ca4430fd03993fbe17a0517c80e2135b0fd1450bbc5cb4aaafa8a14e1c3917cb6f4fb16c2aaa15ba3974148d8a691fa99e301f61bedd48f40371f711968dbd36558e1e396c40fbaa1f970203010001
warning|2023-07-10 11:18:34.861235|[DEFAULT][BOOSTSSL][NODEINFO]Get ca basic failed
info|2023-07-10 11:18:34.861560|[DEFAULT][BOOSTSSL][NODEINFO][NEW]SSLContext pubHex: 3082010a0282010100c80733d1dab6f6619bb974fc94792d6de58bb7940862bbeb29bbc78a4ef1ec2d0166583980a9aa55ba9c9847588476e7d80a65ac1cfad98bdbca825ae9b0c59190f11f4879866cb9b587cc8e4948f8fb76ef3e9dda668dd24eb4503eb0df9879b1cd7aa82e6663f202415d11a00a9c1582ff5d90c9e848da37f68313ed78ae46c6658b090a0ea00259e58a161eaf9deac7c39d6c21d3f7031e9d9dab2234ef6eba85c7ce171537ab65a4794add086445e8a037ade9db7d3d0ea8edcd6b78b5bdcc572f25f070aae7a275860c53bea0ec2610ed850d6054d1f9694b625c783cfd6540023f0cc4dfd5fd676cb2693c3377b70ba6721f10a08032a1eadf00ff1d770203010001
info|2023-07-10 11:18:34.863867|[DEFAULT][BOOSTSSL][NODEINFO][NEW]SSLContext pubHex: 3082010a0282010100983e3a6582955a60280a945a6370ea4708188c93cea0c7c02092e5dd15e628947b5a8a64bd1f5898899fbe947f040b2b1f20255d7557445767003a9ce2954044a17983c21f725ae10a0fce6723134a1c36d86cc1b6941c61402736b905dd852758c8edb622d7cf3cd9d6dbd81dc5d0cc2b1269149b645f433d1e051e3e75efe274a5905d57b18e356a090dad43b5c0a9f3af112a6d266963a009afaef9a6303bd7cd4b927ecb494d4c24babb763ae6a31fb2e19e0fa9ca4430fd03993fbe17a0517c80e2135b0fd1450bbc5cb4aaafa8a14e1c3917cb6f4fb16c2aaa15ba3974148d8a691fa99e301f61bedd48f40371f711968dbd36558e1e396c40fbaa1f970203010001
warning|2023-07-10 11:18:34.863914|[DEFAULT][BOOSTSSL][NODEINFO]Get ca basic failed
info|2023-07-10 11:18:34.864117|[DEFAULT][BOOSTSSL][NODEINFO][NEW]SSLContext pubHex: 3082010a0282010100d3594f8132bd222b1ce596ef3cc16e60c244c11d377a58a32c60945ed05462caade15c0a72a66bd9cb279f71a7a60f5dc36bdff53eb5833805f5922f19b16253426cd1b714c8e1933a811a61f714229c0fc4f73d6ec02e3c7ab098c89899d27b76e10b978f6e7e5fe2eff9256c3fd6f843152ad26eb9022839810f034d8458d20a5914a39af678580aecebdc2cd5e810fc4347f6dfa02a42f898174e7824fb4f930aaf55d21790e2e2a24d12cb864d83e9a60a0772b5f1e312d299132b7723384cf36e0b0e1071f357382a72d0a57e23e8eed0093661654ae6bbb896bf72cf2d8637e6738ff5abd4fe79b1c44f7472ed5f8432f3183650598190fa1c6be6696d0203010001
info|2023-07-10 11:18:35.236435|[DEFAULT][WS][CONNECTOR][connectToWsServer]ssl async_handshake success,host=127.0.0.1,port=20200
info|2023-07-10 11:18:35.245180|[DEFAULT][WS][CONNECTOR][connectToWsServer]ssl async_handshake success,host=127.0.0.1,port=20201
info|2023-07-10 11:18:35.620499|[DEFAULT][WS][CONNECTOR][connectToWsServer]websocket handshake successfully,host=127.0.0.1,port=20200
info|2023-07-10 11:18:35.620569|[SDK][WS][SESSION],[NEWOBJ][WSSESSION]=0x7f0aa4026c90
info|2023-07-10 11:18:35.620574|[SDK][WS][SERVICE][newSession]start the session,endPoint=127.0.0.1:20200
info|2023-07-10 11:18:35.620582|[SDK][WS][SERVICE][addSession]add session to mapping,connectedEndPoint=127.0.0.1:20200,endPoint=127.0.0.1:20200,result=true
info|2023-07-10 11:18:35.620585|[SDK][WS][SERVICE][onConnect],endpoint=127.0.0.1:20200,connectedEndPoint=127.0.0.1:20200,refCount=6
info|2023-07-10 11:18:35.620655|[RPCWS][SERVICE][startHandshake],endpoint=127.0.0.1:20200
info|2023-07-10 11:18:35.620742|[SDK][WS][SESSION][startAsClient]websocket handshake successfully,endPoint=127.0.0.1:20200,session=0x7f0aa4026c90
info|2023-07-10 11:18:35.636099|[DEFAULT][WS][CONNECTOR][connectToWsServer]websocket handshake successfully,host=127.0.0.1,port=20201
info|2023-07-10 11:18:35.636159|[SDK][WS][SESSION],[NEWOBJ][WSSESSION]=0x7f0a9802efc0
info|2023-07-10 11:18:35.636165|[SDK][WS][SERVICE][newSession]start the session,endPoint=127.0.0.1:20201
info|2023-07-10 11:18:35.636170|[SDK][WS][SERVICE][addSession]add session to mapping,connectedEndPoint=127.0.0.1:20201,endPoint=127.0.0.1:20201,result=true
info|2023-07-10 11:18:35.636173|[SDK][WS][SERVICE][onConnect],endpoint=127.0.0.1:20201,connectedEndPoint=127.0.0.1:20201,refCount=6
info|2023-07-10 11:18:35.636222|[RPCWS][SERVICE][startHandshake],endpoint=127.0.0.1:20201
info|2023-07-10 11:18:35.636258|[SDK][WS][SESSION][startAsClient]websocket handshake successfully,endPoint=127.0.0.1:20201,session=0x7f0a9802efc0
info|2023-07-10 11:18:35.639689|[SDK][WS][SERVICE]connected nodes,count=2
info|2023-07-10 11:18:35.639712|[SDK][WS][SERVICE][start]start websocket service successfully,model=1,max msg size=33554432
info|2023-07-10 11:18:36.087267|[RPCWS][SERVICE][fromJson] new group info,groupInfo=,group=group0,chain=chain0,nodeSize=1
info|2023-07-10 11:18:36.087323|[RPCWS][SERVICE][fromJson]parser protocol version,protocolVersion=1,groupInfoList size=1,groupBlockNumber size=1
info|2023-07-10 11:18:36.087336|[RPCWS][SERVICE][updateGroupInfoByEp],endPoint=127.0.0.1:20200,group=group0,chainID=chain0,genesisConfig={"blockTxCountLimit":1000,"consensusLeaderPeriod":1,"consensusType":"pbft","sealerList":[{"nodeID":"2a25537264a65ff64501b43eb3126b0b8483b2b1506a9af27f14abec16621620b207c9f05e6b907bba9a388a956a5c021bfa631d9b30e4b3c8c9ef968f17f27f","weight":1},{"nodeID":"2f993327933ad58672518b6d4f63920cbc68b80f78f4d81192552ee6362f5cc81ee13bdc678ad65f06e76444cadb53b33694cfb3fc7679b8000411975fedd28a","weight":1},{"nodeID":"98a7f70ec883a722219d92253cf073a72605f4087aa3443c8e4aadc0af2dc3ac647d0fa1b5ac99cd6987abafe6d690ae71cd5fd2aeeabe7589bfb4748aabdfba","weight":1},{"nodeID":"f60eae99dead37bac092544d318211ed182bd0a3bce74622620a371a4c1338f62f738e9c6ced3fb63bbe2478ce6e74a12e5cbb3a8267878ab6b47069d8f99191","weight":1}],"txGasLimit":3000000000}
,iniConfig=,nodesNum=1
info|2023-07-10 11:18:36.087349|[RPCWS][SERVICE][updateGroupInfo],endPoint=127.0.0.1:20200,group=group0,chainID=chain0,nodesNum=1
info|2023-07-10 11:18:36.087356|[RPCWS][SERVICE][clearGroupInfoByEp],endPoint=127.0.0.1:20200,group=group0
info|2023-07-10 11:18:36.087371|[RPCWS][SERVICE][printGroupInfo],total count=1
info|2023-07-10 11:18:36.087374|[RPCWS][SERVICE][printGroupInfo]group list,group=group0,count=1
info|2023-07-10 11:18:36.087378|[RPCWS][SERVICE][printGroupInfo]node list,group=group0,node=98a7f70ec883a722219d92253cf073a72605f4087aa3443c8e4aadc0af2dc3ac647d0fa1b5ac99cd6987abafe6d690ae71cd5fd2aeeabe7589bfb4748aabdfba,count=1
info|2023-07-10 11:18:36.087386|[RPCWS][SERVICE][updateGroupBlockNumber],groupID=group0,_blockNumber=3054
info|2023-07-10 11:18:36.087473|[AMOP][CLIENT][updateTopicsToRemote]send subscribe message to server,endpoint=127.0.0.1:20200,topics={"topics":[]}
info|2023-07-10 11:18:36.087483|[RPCWS][SERVICE][startHandshake]handshake successfully,endPoint=127.0.0.1:20200,handshake version=1,groupInfoList size=1,groupBlockNumber size=1,handshake string={"groupBlockNumber":[{"group0":3054}],"groupInfoList":[{"chainID":"chain0","genesisConfig":"{\"blockTxCountLimit\":1000,\"consensusLeaderPeriod\":1,\"consensusType\":\"pbft\",\"sealerList\":[{\"nodeID\":\"2a25537264a65ff64501b43eb3126b0b8483b2b1506a9af27f14abec16621620b207c9f05e6b907bba9a388a956a5c021bfa631d9b30e4b3c8c9ef968f17f27f\",\"weight\":1},{\"nodeID\":\"2f993327933ad58672518b6d4f63920cbc68b80f78f4d81192552ee6362f5cc81ee13bdc678ad65f06e76444cadb53b33694cfb3fc7679b8000411975fedd28a\",\"weight\":1},{\"nodeID\":\"98a7f70ec883a722219d92253cf073a72605f4087aa3443c8e4aadc0af2dc3ac647d0fa1b5ac99cd6987abafe6d690ae71cd5fd2aeeabe7589bfb4748aabdfba\",\"weight\":1},{\"nodeID\":\"f60eae99dead37bac092544d318211ed182bd0a3bce74622620a371a4c1338f62f738e9c6ced3fb63bbe2478ce6e74a12e5cbb3a8267878ab6b47069d8f99191\",\"weight\":1}],\"txGasLimit\":3000000000}\n","groupID":"group0","iniConfig":"","nodeList":[{"iniConfig":"{\"binaryInfo\":{\"buildTime\":\"20230424 06:41:58\",\"gitCommitHash\":\"461459291f2f6bb49afbd827618fda2bc4dfdf24\",\"platform\":\"Linux/g++\",\"version\":\"3.3.0\"},\"chainID\":\"chain0\",\"gatewayServiceName\":\"\",\"groupID\":\"group0\",\"isAuthCheck\":false,\"isSerialExecute\":true,\"isWasm\":false,\"nodeID\":\"98a7f70ec883a722219d92253cf073a72605f4087aa3443c8e4aadc0af2dc3ac647d0fa1b5ac99cd6987abafe6d690ae71cd5fd2aeeabe7589bfb4748aabdfba\",\"nodeName\":\"98a7f70ec883a722219d92253cf073a72605f4087aa3443c8e4aadc0af2dc3ac647d0fa1b5ac99cd6987abafe6d690ae71cd5fd2aeeabe7589bfb4748aabdfba\",\"rpcServiceName\":\"\",\"smCryptoType\":false}\n","microService":false,"name":"98a7f70ec883a722219d92253cf073a72605f4087aa3443c8e4aadc0af2dc3ac647d0fa1b5ac99cd6987abafe6d690ae71cd5fd2aeeabe7589bfb4748aabdfba","nodeID":"98a7f70ec883a722219d92253cf073a72605f4087aa3443c8e4aadc0af2dc3ac647d0fa1b5ac99cd6987abafe6d690ae71cd5fd2aeeabe7589bfb4748aabdfba","protocol":{"compatibilityVersion":50528256,"maxSupportedVersion":1,"minSupportedVersion":0},"serviceInfo":[{"serviceName":"LedgerServiceObj","type":2},{"serviceName":"SchedulerServiceObj","type":3},{"serviceName":"FrontServiceObj","type":4},{"serviceName":"","type":6},{"serviceName":"","type":7},{"serviceName":"TxPoolServiceObj","type":8}],"type":0}]}],"protocolVersion":1}
info|2023-07-10 11:18:36.093216|[RPCWS][SERVICE][fromJson] new group info,groupInfo=,group=group0,chain=chain0,nodeSize=1
info|2023-07-10 11:18:36.093254|[RPCWS][SERVICE][fromJson]parser protocol version,protocolVersion=1,groupInfoList size=1,groupBlockNumber size=1
info|2023-07-10 11:18:36.093264|[RPCWS][SERVICE][updateGroupInfoByEp],endPoint=127.0.0.1:20201,group=group0,chainID=chain0,genesisConfig={"blockTxCountLimit":1000,"consensusLeaderPeriod":1,"consensusType":"pbft","sealerList":[{"nodeID":"2a25537264a65ff64501b43eb3126b0b8483b2b1506a9af27f14abec16621620b207c9f05e6b907bba9a388a956a5c021bfa631d9b30e4b3c8c9ef968f17f27f","weight":1},{"nodeID":"2f993327933ad58672518b6d4f63920cbc68b80f78f4d81192552ee6362f5cc81ee13bdc678ad65f06e76444cadb53b33694cfb3fc7679b8000411975fedd28a","weight":1},{"nodeID":"98a7f70ec883a722219d92253cf073a72605f4087aa3443c8e4aadc0af2dc3ac647d0fa1b5ac99cd6987abafe6d690ae71cd5fd2aeeabe7589bfb4748aabdfba","weight":1},{"nodeID":"f60eae99dead37bac092544d318211ed182bd0a3bce74622620a371a4c1338f62f738e9c6ced3fb63bbe2478ce6e74a12e5cbb3a8267878ab6b47069d8f99191","weight":1}],"txGasLimit":3000000000}
,iniConfig=,nodesNum=1
info|2023-07-10 11:18:36.093274|[RPCWS][SERVICE][updateGroupInfo],endPoint=127.0.0.1:20201,group=group0,chainID=chain0,nodesNum=1
info|2023-07-10 11:18:36.093280|[RPCWS][SERVICE][clearGroupInfoByEp],endPoint=127.0.0.1:20201,group=group0
info|2023-07-10 11:18:36.093292|[RPCWS][SERVICE][printGroupInfo],total count=1
info|2023-07-10 11:18:36.093296|[RPCWS][SERVICE][printGroupInfo]group list,group=group0,count=2
info|2023-07-10 11:18:36.093299|[RPCWS][SERVICE][printGroupInfo]node list,group=group0,node=2f993327933ad58672518b6d4f63920cbc68b80f78f4d81192552ee6362f5cc81ee13bdc678ad65f06e76444cadb53b33694cfb3fc7679b8000411975fedd28a,count=1
info|2023-07-10 11:18:36.093303|[RPCWS][SERVICE][printGroupInfo]node list,group=group0,node=98a7f70ec883a722219d92253cf073a72605f4087aa3443c8e4aadc0af2dc3ac647d0fa1b5ac99cd6987abafe6d690ae71cd5fd2aeeabe7589bfb4748aabdfba,count=1
info|2023-07-10 11:18:36.093361|[AMOP][CLIENT][updateTopicsToRemote]send subscribe message to server,endpoint=127.0.0.1:20201,topics={"topics":[]}
info|2023-07-10 11:18:36.093368|[RPCWS][SERVICE][startHandshake]handshake successfully,endPoint=127.0.0.1:20201,handshake version=1,groupInfoList size=1,groupBlockNumber size=1,handshake string={"groupBlockNumber":[{"group0":3054}],"groupInfoList":[{"chainID":"chain0","genesisConfig":"{\"blockTxCountLimit\":1000,\"consensusLeaderPeriod\":1,\"consensusType\":\"pbft\",\"sealerList\":[{\"nodeID\":\"2a25537264a65ff64501b43eb3126b0b8483b2b1506a9af27f14abec16621620b207c9f05e6b907bba9a388a956a5c021bfa631d9b30e4b3c8c9ef968f17f27f\",\"weight\":1},{\"nodeID\":\"2f993327933ad58672518b6d4f63920cbc68b80f78f4d81192552ee6362f5cc81ee13bdc678ad65f06e76444cadb53b33694cfb3fc7679b8000411975fedd28a\",\"weight\":1},{\"nodeID\":\"98a7f70ec883a722219d92253cf073a72605f4087aa3443c8e4aadc0af2dc3ac647d0fa1b5ac99cd6987abafe6d690ae71cd5fd2aeeabe7589bfb4748aabdfba\",\"weight\":1},{\"nodeID\":\"f60eae99dead37bac092544d318211ed182bd0a3bce74622620a371a4c1338f62f738e9c6ced3fb63bbe2478ce6e74a12e5cbb3a8267878ab6b47069d8f99191\",\"weight\":1}],\"txGasLimit\":3000000000}\n","groupID":"group0","iniConfig":"","nodeList":[{"iniConfig":"{\"binaryInfo\":{\"buildTime\":\"20230424 06:41:58\",\"gitCommitHash\":\"461459291f2f6bb49afbd827618fda2bc4dfdf24\",\"platform\":\"Linux/g++\",\"version\":\"3.3.0\"},\"chainID\":\"chain0\",\"gatewayServiceName\":\"\",\"groupID\":\"group0\",\"isAuthCheck\":false,\"isSerialExecute\":true,\"isWasm\":false,\"nodeID\":\"2f993327933ad58672518b6d4f63920cbc68b80f78f4d81192552ee6362f5cc81ee13bdc678ad65f06e76444cadb53b33694cfb3fc7679b8000411975fedd28a\",\"nodeName\":\"2f993327933ad58672518b6d4f63920cbc68b80f78f4d81192552ee6362f5cc81ee13bdc678ad65f06e76444cadb53b33694cfb3fc7679b8000411975fedd28a\",\"rpcServiceName\":\"\",\"smCryptoType\":false}\n","microService":false,"name":"2f993327933ad58672518b6d4f63920cbc68b80f78f4d81192552ee6362f5cc81ee13bdc678ad65f06e76444cadb53b33694cfb3fc7679b8000411975fedd28a","nodeID":"2f993327933ad58672518b6d4f63920cbc68b80f78f4d81192552ee6362f5cc81ee13bdc678ad65f06e76444cadb53b33694cfb3fc7679b8000411975fedd28a","protocol":{"compatibilityVersion":50528256,"maxSupportedVersion":1,"minSupportedVersion":0},"serviceInfo":[{"serviceName":"LedgerServiceObj","type":2},{"serviceName":"SchedulerServiceObj","type":3},{"serviceName":"FrontServiceObj","type":4},{"serviceName":"","type":6},{"serviceName":"","type":7},{"serviceName":"TxPoolServiceObj","type":8}],"type":0}]}],"protocolVersion":1}
info|2023-07-10 11:18:36.179168|[RPCWS][SERVICE][waitForConnectionEstablish]wait for websocket connection handshake success,suc count=2
info|2023-07-10 11:18:36.179236|[RPC][IMPL][start]start rpc
info|2023-07-10 11:18:36.179250|[SDK][WS][SERVICE][start]websocket service is running
info|2023-07-10 11:18:36.279745|[RPCWS][SERVICE][waitForConnectionEstablish]wait for websocket connection handshake success,suc count=2
info|2023-07-10 11:18:36.279861|[AMOP][CLIENT][start]start amop
info|2023-07-10 11:18:36.279870|[SDK][WS][SERVICE][start]websocket service is running
info|2023-07-10 11:18:36.380147|[RPCWS][SERVICE][waitForConnectionEstablish]wait for websocket connection handshake success,suc count=2
info|2023-07-10 11:18:36.380624|[EVENT][SUB][start]start event sub successfully,sendMsgTimeout=-1,reconnectPeriod=20000
info|2023-07-10 11:18:36.380654|[SDK][WS][SERVICE][start]websocket service is running
info|2023-07-10 11:18:36.481039|[RPCWS][SERVICE][waitForConnectionEstablish]wait for websocket connection handshake success,suc count=2
info|2023-07-10 11:18:36.481068|[bcos_sdk_start],sdk=0x7f0ae4332260
info|2023-07-10 11:18:36.571816|[findClass]add class to cache,fullClassName=org/fisco/bcos/sdk/jni/common/Response
info|2023-07-10 11:18:36.572014|[RPCWS][SERVICE][getGroupInfo],count=2
info|2023-07-10 11:18:36.573619|[RPC][IMPL][getGroupInfo][get group info from cache],hitCache=true,response={"id":1,"jsonrpc":"2.0","result":{"chainID":"chain0","genesisConfig":"{\"blockTxCountLimit\":1000,\"consensusLeaderPeriod\":1,\"consensusType\":\"pbft\",\"sealerList\":[{\"nodeID\":\"2a25537264a65ff64501b43eb3126b0b8483b2b1506a9af27f14abec16621620b207c9f05e6b907bba9a388a956a5c021bfa631d9b30e4b3c8c9ef968f17f27f\",\"weight\":1},{\"nodeID\":\"2f993327933ad58672518b6d4f63920cbc68b80f78f4d81192552ee6362f5cc81ee13bdc678ad65f06e76444cadb53b33694cfb3fc7679b8000411975fedd28a\",\"weight\":1},{\"nodeID\":\"98a7f70ec883a722219d92253cf073a72605f4087aa3443c8e4aadc0af2dc3ac647d0fa1b5ac99cd6987abafe6d690ae71cd5fd2aeeabe7589bfb4748aabdfba\",\"weight\":1},{\"nodeID\":\"f60eae99dead37bac092544d318211ed182bd0a3bce74622620a371a4c1338f62f738e9c6ced3fb63bbe2478ce6e74a12e5cbb3a8267878ab6b47069d8f99191\",\"weight\":1}],\"txGasLimit\":3000000000}\n","groupID":"group0","iniConfig":"","nodeList":[{"iniConfig":"{\"binaryInfo\":{\"buildTime\":\"20230424 06:41:58\",\"gitCommitHash\":\"461459291f2f6bb49afbd827618fda2bc4dfdf24\",\"platform\":\"Linux/g++\",\"version\":\"3.3.0\"},\"chainID\":\"chain0\",\"gatewayServiceName\":\"\",\"groupID\":\"group0\",\"isAuthCheck\":false,\"isSerialExecute\":true,\"isWasm\":false,\"nodeID\":\"2f993327933ad58672518b6d4f63920cbc68b80f78f4d81192552ee6362f5cc81ee13bdc678ad65f06e76444cadb53b33694cfb3fc7679b8000411975fedd28a\",\"nodeName\":\"2f993327933ad58672518b6d4f63920cbc68b80f78f4d81192552ee6362f5cc81ee13bdc678ad65f06e76444cadb53b33694cfb3fc7679b8000411975fedd28a\",\"rpcServiceName\":\"\",\"smCryptoType\":false}\n","name":"2f993327933ad58672518b6d4f63920cbc68b80f78f4d81192552ee6362f5cc81ee13bdc678ad65f06e76444cadb53b33694cfb3fc7679b8000411975fedd28a","protocol":{"compatibilityVersion":50528256,"maxSupportedVersion":1,"minSupportedVersion":0},"serviceInfo":[{"serviceName":"LedgerServiceObj","type":2},{"serviceName":"SchedulerServiceObj","type":3},{"serviceName":"FrontServiceObj","type":4},{"serviceName":"","type":6},{"serviceName":"","type":7},{"serviceName":"TxPoolServiceObj","type":8}],"type":0},{"iniConfig":"{\"binaryInfo\":{\"buildTime\":\"20230424 06:41:58\",\"gitCommitHash\":\"461459291f2f6bb49afbd827618fda2bc4dfdf24\",\"platform\":\"Linux/g++\",\"version\":\"3.3.0\"},\"chainID\":\"chain0\",\"gatewayServiceName\":\"\",\"groupID\":\"group0\",\"isAuthCheck\":false,\"isSerialExecute\":true,\"isWasm\":false,\"nodeID\":\"98a7f70ec883a722219d92253cf073a72605f4087aa3443c8e4aadc0af2dc3ac647d0fa1b5ac99cd6987abafe6d690ae71cd5fd2aeeabe7589bfb4748aabdfba\",\"nodeName\":\"98a7f70ec883a722219d92253cf073a72605f4087aa3443c8e4aadc0af2dc3ac647d0fa1b5ac99cd6987abafe6d690ae71cd5fd2aeeabe7589bfb4748aabdfba\",\"rpcServiceName\":\"\",\"smCryptoType\":false}\n","name":"98a7f70ec883a722219d92253cf073a72605f4087aa3443c8e4aadc0af2dc3ac647d0fa1b5ac99cd6987abafe6d690ae71cd5fd2aeeabe7589bfb4748aabdfba","protocol":{"compatibilityVersion":50528256,"maxSupportedVersion":1,"minSupportedVersion":0},"serviceInfo":[{"serviceName":"LedgerServiceObj","type":2},{"serviceName":"SchedulerServiceObj","type":3},{"serviceName":"FrontServiceObj","type":4},{"serviceName":"","type":6},{"serviceName":"","type":7},{"serviceName":"TxPoolServiceObj","type":8}],"type":0}],"smCryptoType":false,"wasm":false}}
info|2023-07-10 11:18:55.640205|[SDK][WS][SERVICE]connected nodes,count=2
info|2023-07-10 11:18:56.391569|[EVENT][SUB][doLoop]event sub tasks report,working event sub count=0,suspend event sub count=0
info|2023-07-10 11:19:15.642258|[SDK][WS][SERVICE]connected nodes,count=2
info|2023-07-10 11:19:16.403688|[EVENT][SUB][doLoop]event sub tasks report,working event sub count=0,suspend event sub count=0
info|2023-07-10 11:19:35.649060|[SDK][WS][SERVICE]connected nodes,count=2
info|2023-07-10 11:19:36.405111|[EVENT][SUB][doLoop]event sub tasks report,working event sub count=0,suspend event sub count=0
info|2023-07-10 11:19:55.660766|[SDK][WS][SERVICE]connected nodes,count=2
info|2023-07-10 11:19:56.404925|[EVENT][SUB][doLoop]event sub tasks report,working event sub count=0,suspend event sub count=0
info|2023-07-10 11:20:15.660876|[SDK][WS][SERVICE]connected nodes,count=2
info|2023-07-10 11:20:16.411391|[EVENT][SUB][doLoop]event sub tasks report,working event sub count=0,suspend event sub count=0
info|2023-07-10 11:20:35.666975|[SDK][WS][SERVICE]connected nodes,count=2
info|2023-07-10 11:20:36.414619|[EVENT][SUB][doLoop]event sub tasks report,working event sub count=0,suspend event sub count=0
info|2023-07-10 11:20:55.675170|[SDK][WS][SERVICE]connected nodes,count=2
info|2023-07-10 11:20:56.418794|[EVENT][SUB][doLoop]event sub tasks report,working event sub count=0,suspend event sub count=0
info|2023-07-10 11:21:15.675502|[SDK][WS][SERVICE]connected nodes,count=2
info|2023-07-10 11:21:16.418958|[EVENT][SUB][doLoop]event sub tasks report,working event sub count=0,suspend event sub count=0
info|2023-07-10 11:21:35.701236|[SDK][WS][SERVICE]connected nodes,count=2
info|2023-07-10 11:21:36.426710|[EVENT][SUB][doLoop]event sub tasks report,working event sub count=0,suspend event sub count=0
info|2023-07-10 11:21:55.703711|[SDK][WS][SERVICE]connected nodes,count=2
info|2023-07-10 11:21:56.428081|[EVENT][SUB][doLoop]event sub tasks report,working event sub count=0,suspend event sub count=0
info|2023-07-10 11:22:15.724809|[SDK][WS][SERVICE]connected nodes,count=2
info|2023-07-10 11:22:16.428301|[EVENT][SUB][doLoop]event sub tasks report,working event sub count=0,suspend event sub count=0
info|2023-07-10 11:22:35.745681|[SDK][WS][SERVICE]connected nodes,count=2
info|2023-07-10 11:22:36.428516|[EVENT][SUB][doLoop]event sub tasks report,working event sub count=0,suspend event sub count=0
info|2023-07-10 11:22:55.776030|[SDK][WS][SERVICE]connected nodes,count=2
info|2023-07-10 11:22:56.444241|[EVENT][SUB][doLoop]event sub tasks report,working event sub count=0,suspend event sub count=0
info|2023-07-10 11:23:15.776140|[SDK][WS][SERVICE]connected nodes,count=2
info|2023-07-10 11:23:16.463484|[EVENT][SUB][doLoop]event sub tasks report,working event sub count=0,suspend event sub count=0
info|2023-07-10 11:23:35.776502|[SDK][WS][SERVICE]connected nodes,count=2
info|2023-07-10 11:23:36.463512|[EVENT][SUB][doLoop]event sub tasks report,working event sub count=0,suspend event sub count=0
info|2023-07-10 11:23:55.776836|[SDK][WS][SERVICE]connected nodes,count=2
info|2023-07-10 11:23:56.468321|[EVENT][SUB][doLoop]event sub tasks report,working event sub count=0,suspend event sub count=0
info|2023-07-10 11:24:15.777028|[SDK][WS][SERVICE]connected nodes,count=2
info|2023-07-10 11:24:16.468411|[EVENT][SUB][doLoop]event sub tasks report,working event sub count=0,suspend event sub count=0
info|2023-07-10 11:24:36.270554|[SDK][WS][SERVICE]connected nodes,count=2
info|2023-07-10 11:24:36.848889|[EVENT][SUB][doLoop]event sub tasks report,working event sub count=0,suspend event sub count=0
info|2023-07-10 11:24:56.279466|[SDK][WS][SERVICE]connected nodes,count=2
info|2023-07-10 11:24:56.852186|[EVENT][SUB][doLoop]event sub tasks report,working event sub count=0,suspend event sub count=0
info|2023-07-10 11:25:16.280576|[SDK][WS][SERVICE]connected nodes,count=2
info|2023-07-10 11:25:16.852892|[EVENT][SUB][doLoop]event sub tasks report,working event sub count=0,suspend event sub count=0
info|2023-07-10 11:25:36.280962|[SDK][WS][SERVICE]connected nodes,count=2
info|2023-07-10 11:25:36.857670|[EVENT][SUB][doLoop]event sub tasks report,working event sub count=0,suspend event sub count=0
info|2023-07-10 11:25:56.281341|[SDK][WS][SERVICE]connected nodes,count=2
info|2023-07-10 11:25:56.857784|[EVENT][SUB][doLoop]event sub tasks report,working event sub count=0,suspend event sub count=0
info|2023-07-10 11:26:16.281442|[SDK][WS][SERVICE]connected nodes,count=2
info|2023-07-10 11:26:16.858496|[EVENT][SUB][doLoop]event sub tasks report,working event sub count=0,suspend event sub count=0
info|2023-07-10 11:26:36.281596|[SDK][WS][SERVICE]connected nodes,count=2
info|2023-07-10 11:26:36.858809|[EVENT][SUB][doLoop]event sub tasks report,working event sub count=0,suspend event sub count=0
info|2023-07-10 11:26:56.281928|[SDK][WS][SERVICE]connected nodes,count=2
info|2023-07-10 11:26:56.859162|[EVENT][SUB][doLoop]event sub tasks report,working event sub count=0,suspend event sub count=0
info|2023-07-10 11:27:16.288191|[SDK][WS][SERVICE]connected nodes,count=2
info|2023-07-10 11:27:16.859400|[EVENT][SUB][doLoop]event sub tasks report,working event sub count=0,suspend event sub count=0
info|2023-07-10 11:27:36.288830|[SDK][WS][SERVICE]connected nodes,count=2
info|2023-07-10 11:27:36.864198|[EVENT][SUB][doLoop]event sub tasks report,working event sub count=0,suspend event sub count=0
info|2023-07-10 11:27:56.289012|[SDK][WS][SERVICE]connected nodes,count=2
info|2023-07-10 11:27:56.864686|[EVENT][SUB][doLoop]event sub tasks report,working event sub count=0,suspend event sub count=0
info|2023-07-10 11:28:16.289086|[SDK][WS][SERVICE]connected nodes,count=2
info|2023-07-10 11:28:16.865078|[EVENT][SUB][doLoop]event sub tasks report,working event sub count=0,suspend event sub count=0
info|2023-07-10 11:28:36.289295|[SDK][WS][SERVICE]connected nodes,count=2
info|2023-07-10 11:28:36.865236|[EVENT][SUB][doLoop]event sub tasks report,working event sub count=0,suspend event sub count=0
info|2023-07-10 11:28:56.289421|[SDK][WS][SERVICE]connected nodes,count=2
info|2023-07-10 11:28:56.865560|[EVENT][SUB][doLoop]event sub tasks report,working event sub count=0,suspend event sub count=0
info|2023-07-10 11:29:16.289970|[SDK][WS][SERVICE]connected nodes,count=2
info|2023-07-10 11:29:16.865838|[EVENT][SUB][doLoop]event sub tasks report,working event sub count=0,suspend event sub count=0
info|2023-07-10 11:29:36.290179|[SDK][WS][SERVICE]connected nodes,count=2
info|2023-07-10 11:29:36.865869|[EVENT][SUB][doLoop]event sub tasks report,working event sub count=0,suspend event sub count=0
info|2023-07-10 11:29:56.290672|[SDK][WS][SERVICE]connected nodes,count=2
info|2023-07-10 11:29:56.866046|[EVENT][SUB][doLoop]event sub tasks report,working event sub count=0,suspend event sub count=0
info|2023-07-10 11:30:16.291270|[SDK][WS][SERVICE]connected nodes,count=2
info|2023-07-10 11:30:16.866270|[EVENT][SUB][doLoop]event sub tasks report,working event sub count=0,suspend event sub count=0
info|2023-07-10 11:30:36.292120|[SDK][WS][SERVICE]connected nodes,count=2
info|2023-07-10 11:30:36.870313|[EVENT][SUB][doLoop]event sub tasks report,working event sub count=0,suspend event sub count=0
info|2023-07-10 11:30:56.379972|[SDK][WS][SERVICE]connected nodes,count=2
info|2023-07-10 11:30:56.906425|[EVENT][SUB][doLoop]event sub tasks report,working event sub count=0,suspend event sub count=0
info|2023-07-10 11:31:16.380157|[SDK][WS][SERVICE]connected nodes,count=2
info|2023-07-10 11:31:16.907844|[EVENT][SUB][doLoop]event sub tasks report,working event sub count=0,suspend event sub count=0
info|2023-07-10 11:31:36.380787|[SDK][WS][SERVICE]connected nodes,count=2
info|2023-07-10 11:31:36.908378|[EVENT][SUB][doLoop]event sub tasks report,working event sub count=0,suspend event sub count=0
info|2023-07-10 11:31:56.381207|[SDK][WS][SERVICE]connected nodes,count=2
info|2023-07-10 11:31:56.908704|[EVENT][SUB][doLoop]event sub tasks report,working event sub count=0,suspend event sub count=0
info|2023-07-10 11:32:16.389631|[SDK][WS][SERVICE]connected nodes,count=2
info|2023-07-10 11:32:16.909306|[EVENT][SUB][doLoop]event sub tasks report,working event sub count=0,suspend event sub count=0
info|2023-07-10 11:32:36.389820|[SDK][WS][SERVICE]connected nodes,count=2
info|2023-07-10 11:32:36.909741|[EVENT][SUB][doLoop]event sub tasks report,working event sub count=0,suspend event sub count=0
info|2023-07-10 11:32:56.390011|[SDK][WS][SERVICE]connected nodes,count=2
info|2023-07-10 11:32:56.910341|[EVENT][SUB][doLoop]event sub tasks report,working event sub count=0,suspend event sub count=0
info|2023-07-10 11:33:16.390365|[SDK][WS][SERVICE]connected nodes,count=2
info|2023-07-10 11:33:16.911075|[EVENT][SUB][doLoop]event sub tasks report,working event sub count=0,suspend event sub count=0
info|2023-07-10 11:33:36.395731|[SDK][WS][SERVICE]connected nodes,count=2
info|2023-07-10 11:33:36.911584|[EVENT][SUB][doLoop]event sub tasks report,working event sub count=0,suspend event sub count=0
info|2023-07-10 11:33:56.420363|[SDK][WS][SERVICE]connected nodes,count=2
info|2023-07-10 11:33:56.911684|[EVENT][SUB][doLoop]event sub tasks report,working event sub count=0,suspend event sub count=0
info|2023-07-10 11:34:16.423664|[SDK][WS][SERVICE]connected nodes,count=2
info|2023-07-10 11:34:16.911991|[EVENT][SUB][doLoop]event sub tasks report,working event sub count=0,suspend event sub count=0
info|2023-07-10 11:34:36.438883|[SDK][WS][SERVICE]connected nodes,count=2
info|2023-07-10 11:34:36.912498|[EVENT][SUB][doLoop]event sub tasks report,working event sub count=0,suspend event sub count=0
info|2023-07-10 11:34:56.439111|[SDK][WS][SERVICE]connected nodes,count=2
info|2023-07-10 11:34:56.913012|[EVENT][SUB][doLoop]event sub tasks report,working event sub count=0,suspend event sub count=0
