info|2023-07-09 15:00:16.738690|[EVENT][SUB][doLoop]event sub tasks report,working event sub count=0,suspend event sub count=0
info|2023-07-09 15:00:17.504171|[SDK][WS][SERVICE]connected nodes,count=2
info|2023-07-09 15:00:36.738847|[EVENT][SUB][doLoop]event sub tasks report,working event sub count=0,suspend event sub count=0
info|2023-07-09 15:00:37.504336|[SDK][WS][SERVICE]connected nodes,count=2
info|2023-07-09 15:00:56.739442|[EVENT][SUB][doLoop]event sub tasks report,working event sub count=0,suspend event sub count=0
info|2023-07-09 15:00:57.504526|[SDK][WS][SERVICE]connected nodes,count=2
info|2023-07-09 15:01:16.739919|[EVENT][SUB][doLoop]event sub tasks report,working event sub count=0,suspend event sub count=0
info|2023-07-09 15:01:17.504904|[SDK][WS][SERVICE]connected nodes,count=2
info|2023-07-09 15:01:36.740595|[EVENT][SUB][doLoop]event sub tasks report,working event sub count=0,suspend event sub count=0
info|2023-07-09 15:01:37.505048|[SDK][WS][SERVICE]connected nodes,count=2
info|2023-07-09 15:01:56.741067|[EVENT][SUB][doLoop]event sub tasks report,working event sub count=0,suspend event sub count=0
info|2023-07-09 15:01:57.505715|[SDK][WS][SERVICE]connected nodes,count=2
info|2023-07-09 15:02:16.741468|[EVENT][SUB][doLoop]event sub tasks report,working event sub count=0,suspend event sub count=0
info|2023-07-09 15:02:17.505850|[SDK][WS][SERVICE]connected nodes,count=2
info|2023-07-09 15:02:36.741785|[EVENT][SUB][doLoop]event sub tasks report,working event sub count=0,suspend event sub count=0
info|2023-07-09 15:02:37.506065|[SDK][WS][SERVICE]connected nodes,count=2
info|2023-07-09 15:02:56.742051|[EVENT][SUB][doLoop]event sub tasks report,working event sub count=0,suspend event sub count=0
info|2023-07-09 15:02:57.506350|[SDK][WS][SERVICE]connected nodes,count=2
info|2023-07-09 15:03:16.742370|[EVENT][SUB][doLoop]event sub tasks report,working event sub count=0,suspend event sub count=0
info|2023-07-09 15:03:17.507178|[SDK][WS][SERVICE]connected nodes,count=2
info|2023-07-09 15:03:36.742444|[EVENT][SUB][doLoop]event sub tasks report,working event sub count=0,suspend event sub count=0
info|2023-07-09 15:03:37.507544|[SDK][WS][SERVICE]connected nodes,count=2
info|2023-07-09 15:03:56.743129|[EVENT][SUB][doLoop]event sub tasks report,working event sub count=0,suspend event sub count=0
info|2023-07-09 15:03:57.507681|[SDK][WS][SERVICE]connected nodes,count=2
info|2023-07-09 15:04:16.743892|[EVENT][SUB][doLoop]event sub tasks report,working event sub count=0,suspend event sub count=0
info|2023-07-09 15:04:17.507859|[SDK][WS][SERVICE]connected nodes,count=2
info|2023-07-09 15:04:36.744290|[EVENT][SUB][doLoop]event sub tasks report,working event sub count=0,suspend event sub count=0
info|2023-07-09 15:04:37.508311|[SDK][WS][SERVICE]connected nodes,count=2
info|2023-07-09 15:04:56.744708|[EVENT][SUB][doLoop]event sub tasks report,working event sub count=0,suspend event sub count=0
info|2023-07-09 15:04:57.508954|[SDK][WS][SERVICE]connected nodes,count=2
info|2023-07-09 15:05:16.744957|[EVENT][SUB][doLoop]event sub tasks report,working event sub count=0,suspend event sub count=0
info|2023-07-09 15:05:17.509085|[SDK][WS][SERVICE]connected nodes,count=2
info|2023-07-09 15:05:36.745446|[EVENT][SUB][doLoop]event sub tasks report,working event sub count=0,suspend event sub count=0
info|2023-07-09 15:05:37.509420|[SDK][WS][SERVICE]connected nodes,count=2
info|2023-07-09 15:05:56.745509|[EVENT][SUB][doLoop]event sub tasks report,working event sub count=0,suspend event sub count=0
info|2023-07-09 15:05:57.509853|[SDK][WS][SERVICE]connected nodes,count=2
info|2023-07-09 15:06:16.745697|[EVENT][SUB][doLoop]event sub tasks report,working event sub count=0,suspend event sub count=0
info|2023-07-09 15:06:17.510221|[SDK][WS][SERVICE]connected nodes,count=2
info|2023-07-09 15:06:36.745880|[EVENT][SUB][doLoop]event sub tasks report,working event sub count=0,suspend event sub count=0
info|2023-07-09 15:06:37.550654|[SDK][WS][SERVICE]connected nodes,count=2
info|2023-07-09 15:06:56.745895|[EVENT][SUB][doLoop]event sub tasks report,working event sub count=0,suspend event sub count=0
info|2023-07-09 15:06:57.570146|[SDK][WS][SERVICE]connected nodes,count=2
info|2023-07-09 15:07:16.751114|[EVENT][SUB][doLoop]event sub tasks report,working event sub count=0,suspend event sub count=0
info|2023-07-09 15:07:17.570950|[SDK][WS][SERVICE]connected nodes,count=2
info|2023-07-09 15:07:36.822788|[EVENT][SUB][doLoop]event sub tasks report,working event sub count=0,suspend event sub count=0
info|2023-07-09 15:07:37.571209|[SDK][WS][SERVICE]connected nodes,count=2
info|2023-07-09 15:07:56.823457|[EVENT][SUB][doLoop]event sub tasks report,working event sub count=0,suspend event sub count=0
info|2023-07-09 15:07:57.572236|[SDK][WS][SERVICE]connected nodes,count=2
info|2023-07-09 15:08:16.831095|[EVENT][SUB][doLoop]event sub tasks report,working event sub count=0,suspend event sub count=0
info|2023-07-09 15:08:17.603942|[SDK][WS][SERVICE]connected nodes,count=2
info|2023-07-09 15:08:36.831652|[EVENT][SUB][doLoop]event sub tasks report,working event sub count=0,suspend event sub count=0
info|2023-07-09 15:08:37.605625|[SDK][WS][SERVICE]connected nodes,count=2
info|2023-07-09 15:08:56.841791|[EVENT][SUB][doLoop]event sub tasks report,working event sub count=0,suspend event sub count=0
info|2023-07-09 15:08:57.627778|[SDK][WS][SERVICE]connected nodes,count=2
info|2023-07-09 15:09:16.842245|[EVENT][SUB][doLoop]event sub tasks report,working event sub count=0,suspend event sub count=0
info|2023-07-09 15:09:17.628771|[SDK][WS][SERVICE]connected nodes,count=2
info|2023-07-09 15:09:36.842827|[EVENT][SUB][doLoop]event sub tasks report,working event sub count=0,suspend event sub count=0
info|2023-07-09 15:09:37.629466|[SDK][WS][SERVICE]connected nodes,count=2
info|2023-07-09 15:09:56.843703|[EVENT][SUB][doLoop]event sub tasks report,working event sub count=0,suspend event sub count=0
info|2023-07-09 15:09:57.630043|[SDK][WS][SERVICE]connected nodes,count=2
info|2023-07-09 15:10:16.844480|[EVENT][SUB][doLoop]event sub tasks report,working event sub count=0,suspend event sub count=0
info|2023-07-09 15:10:17.667982|[SDK][WS][SERVICE]connected nodes,count=2
info|2023-07-09 15:10:36.865448|[EVENT][SUB][doLoop]event sub tasks report,working event sub count=0,suspend event sub count=0
info|2023-07-09 15:10:37.668078|[SDK][WS][SERVICE]connected nodes,count=2
info|2023-07-09 15:10:56.866055|[EVENT][SUB][doLoop]event sub tasks report,working event sub count=0,suspend event sub count=0
info|2023-07-09 15:10:57.673616|[SDK][WS][SERVICE]connected nodes,count=2
info|2023-07-09 15:11:16.866258|[EVENT][SUB][doLoop]event sub tasks report,working event sub count=0,suspend event sub count=0
info|2023-07-09 15:11:17.673853|[SDK][WS][SERVICE]connected nodes,count=2
info|2023-07-09 15:11:36.866693|[EVENT][SUB][doLoop]event sub tasks report,working event sub count=0,suspend event sub count=0
info|2023-07-09 15:11:37.674119|[SDK][WS][SERVICE]connected nodes,count=2
info|2023-07-09 15:11:56.867302|[EVENT][SUB][doLoop]event sub tasks report,working event sub count=0,suspend event sub count=0
info|2023-07-09 15:11:57.674234|[SDK][WS][SERVICE]connected nodes,count=2
info|2023-07-09 15:12:16.870891|[EVENT][SUB][doLoop]event sub tasks report,working event sub count=0,suspend event sub count=0
info|2023-07-09 15:12:17.674417|[SDK][WS][SERVICE]connected nodes,count=2
info|2023-07-09 15:12:36.871409|[EVENT][SUB][doLoop]event sub tasks report,working event sub count=0,suspend event sub count=0
info|2023-07-09 15:12:37.674905|[SDK][WS][SERVICE]connected nodes,count=2
info|2023-07-09 15:12:56.871546|[EVENT][SUB][doLoop]event sub tasks report,working event sub count=0,suspend event sub count=0
info|2023-07-09 15:12:57.675568|[SDK][WS][SERVICE]connected nodes,count=2
info|2023-07-09 15:13:16.871901|[EVENT][SUB][doLoop]event sub tasks report,working event sub count=0,suspend event sub count=0
info|2023-07-09 15:13:17.675698|[SDK][WS][SERVICE]connected nodes,count=2
info|2023-07-09 15:13:36.872584|[EVENT][SUB][doLoop]event sub tasks report,working event sub count=0,suspend event sub count=0
info|2023-07-09 15:13:37.676241|[SDK][WS][SERVICE]connected nodes,count=2
info|2023-07-09 15:13:56.872838|[EVENT][SUB][doLoop]event sub tasks report,working event sub count=0,suspend event sub count=0
info|2023-07-09 15:13:57.676864|[SDK][WS][SERVICE]connected nodes,count=2
info|2023-07-09 15:14:16.872945|[EVENT][SUB][doLoop]event sub tasks report,working event sub count=0,suspend event sub count=0
info|2023-07-09 15:14:17.677156|[SDK][WS][SERVICE]connected nodes,count=2
info|2023-07-09 15:14:36.873604|[EVENT][SUB][doLoop]event sub tasks report,working event sub count=0,suspend event sub count=0
info|2023-07-09 15:14:37.688816|[SDK][WS][SERVICE]connected nodes,count=2
info|2023-07-09 15:14:56.874052|[EVENT][SUB][doLoop]event sub tasks report,working event sub count=0,suspend event sub count=0
info|2023-07-09 15:14:57.689035|[SDK][WS][SERVICE]connected nodes,count=2
info|2023-07-09 15:15:16.874651|[EVENT][SUB][doLoop]event sub tasks report,working event sub count=0,suspend event sub count=0
info|2023-07-09 15:15:17.689677|[SDK][WS][SERVICE]connected nodes,count=2
info|2023-07-09 15:15:36.874879|[EVENT][SUB][doLoop]event sub tasks report,working event sub count=0,suspend event sub count=0
info|2023-07-09 15:15:37.690091|[SDK][WS][SERVICE]connected nodes,count=2
info|2023-07-09 15:15:56.878341|[EVENT][SUB][doLoop]event sub tasks report,working event sub count=0,suspend event sub count=0
info|2023-07-09 15:15:57.690422|[SDK][WS][SERVICE]connected nodes,count=2
info|2023-07-09 15:16:16.878787|[EVENT][SUB][doLoop]event sub tasks report,working event sub count=0,suspend event sub count=0
info|2023-07-09 15:16:17.690618|[SDK][WS][SERVICE]connected nodes,count=2
info|2023-07-09 15:16:36.880229|[EVENT][SUB][doLoop]event sub tasks report,working event sub count=0,suspend event sub count=0
info|2023-07-09 15:16:37.691833|[SDK][WS][SERVICE]connected nodes,count=2
info|2023-07-09 15:16:56.880329|[EVENT][SUB][doLoop]event sub tasks report,working event sub count=0,suspend event sub count=0
info|2023-07-09 15:16:57.692532|[SDK][WS][SERVICE]connected nodes,count=2
info|2023-07-09 15:17:16.880505|[EVENT][SUB][doLoop]event sub tasks report,working event sub count=0,suspend event sub count=0
info|2023-07-09 15:17:17.693336|[SDK][WS][SERVICE]connected nodes,count=2
info|2023-07-09 15:17:36.890963|[EVENT][SUB][doLoop]event sub tasks report,working event sub count=0,suspend event sub count=0
info|2023-07-09 15:17:37.693673|[SDK][WS][SERVICE]connected nodes,count=2
info|2023-07-09 15:17:56.891253|[EVENT][SUB][doLoop]event sub tasks report,working event sub count=0,suspend event sub count=0
info|2023-07-09 15:17:57.694191|[SDK][WS][SERVICE]connected nodes,count=2
info|2023-07-09 15:18:16.891397|[EVENT][SUB][doLoop]event sub tasks report,working event sub count=0,suspend event sub count=0
info|2023-07-09 15:18:17.694617|[SDK][WS][SERVICE]connected nodes,count=2
info|2023-07-09 15:18:36.891939|[EVENT][SUB][doLoop]event sub tasks report,working event sub count=0,suspend event sub count=0
info|2023-07-09 15:18:37.695204|[SDK][WS][SERVICE]connected nodes,count=2
info|2023-07-09 15:18:56.892314|[EVENT][SUB][doLoop]event sub tasks report,working event sub count=0,suspend event sub count=0
info|2023-07-09 15:18:57.695981|[SDK][WS][SERVICE]connected nodes,count=2
info|2023-07-09 15:19:16.905941|[EVENT][SUB][doLoop]event sub tasks report,working event sub count=0,suspend event sub count=0
info|2023-07-09 15:19:17.696404|[SDK][WS][SERVICE]connected nodes,count=2
info|2023-07-09 15:19:36.906393|[EVENT][SUB][doLoop]event sub tasks report,working event sub count=0,suspend event sub count=0
info|2023-07-09 15:19:37.697400|[SDK][WS][SERVICE]connected nodes,count=2
info|2023-07-09 15:19:56.907031|[EVENT][SUB][doLoop]event sub tasks report,working event sub count=0,suspend event sub count=0
info|2023-07-09 15:19:57.698144|[SDK][WS][SERVICE]connected nodes,count=2
info|2023-07-09 15:20:16.907117|[EVENT][SUB][doLoop]event sub tasks report,working event sub count=0,suspend event sub count=0
info|2023-07-09 15:20:17.713203|[SDK][WS][SERVICE]connected nodes,count=2
info|2023-07-09 15:20:36.922983|[EVENT][SUB][doLoop]event sub tasks report,working event sub count=0,suspend event sub count=0
info|2023-07-09 15:20:37.715674|[SDK][WS][SERVICE]connected nodes,count=2
info|2023-07-09 15:20:56.923435|[EVENT][SUB][doLoop]event sub tasks report,working event sub count=0,suspend event sub count=0
info|2023-07-09 15:20:57.735648|[SDK][WS][SERVICE]connected nodes,count=2
info|2023-07-09 15:21:16.923877|[EVENT][SUB][doLoop]event sub tasks report,working event sub count=0,suspend event sub count=0
info|2023-07-09 15:21:17.736196|[SDK][WS][SERVICE]connected nodes,count=2
info|2023-07-09 15:21:36.953138|[EVENT][SUB][doLoop]event sub tasks report,working event sub count=0,suspend event sub count=0
info|2023-07-09 15:21:37.737036|[SDK][WS][SERVICE]connected nodes,count=2
info|2023-07-09 15:21:56.954070|[EVENT][SUB][doLoop]event sub tasks report,working event sub count=0,suspend event sub count=0
info|2023-07-09 15:21:57.737682|[SDK][WS][SERVICE]connected nodes,count=2
info|2023-07-09 15:22:16.963984|[EVENT][SUB][doLoop]event sub tasks report,working event sub count=0,suspend event sub count=0
info|2023-07-09 15:22:17.738576|[SDK][WS][SERVICE]connected nodes,count=2
info|2023-07-09 15:22:36.964646|[EVENT][SUB][doLoop]event sub tasks report,working event sub count=0,suspend event sub count=0
info|2023-07-09 15:22:37.738696|[SDK][WS][SERVICE]connected nodes,count=2
info|2023-07-09 15:22:56.965395|[EVENT][SUB][doLoop]event sub tasks report,working event sub count=0,suspend event sub count=0
info|2023-07-09 15:22:57.738796|[SDK][WS][SERVICE]connected nodes,count=2
info|2023-07-09 15:23:16.972446|[EVENT][SUB][doLoop]event sub tasks report,working event sub count=0,suspend event sub count=0
info|2023-07-09 15:23:17.739317|[SDK][WS][SERVICE]connected nodes,count=2
info|2023-07-09 15:23:36.973351|[EVENT][SUB][doLoop]event sub tasks report,working event sub count=0,suspend event sub count=0
info|2023-07-09 15:23:37.740246|[SDK][WS][SERVICE]connected nodes,count=2
info|2023-07-09 15:23:56.973405|[EVENT][SUB][doLoop]event sub tasks report,working event sub count=0,suspend event sub count=0
info|2023-07-09 15:23:57.741322|[SDK][WS][SERVICE]connected nodes,count=2
info|2023-07-09 15:24:16.974126|[EVENT][SUB][doLoop]event sub tasks report,working event sub count=0,suspend event sub count=0
info|2023-07-09 15:24:17.741851|[SDK][WS][SERVICE]connected nodes,count=2
info|2023-07-09 15:24:36.989461|[EVENT][SUB][doLoop]event sub tasks report,working event sub count=0,suspend event sub count=0
info|2023-07-09 15:24:37.742739|[SDK][WS][SERVICE]connected nodes,count=2
info|2023-07-09 15:24:56.989961|[EVENT][SUB][doLoop]event sub tasks report,working event sub count=0,suspend event sub count=0
info|2023-07-09 15:24:57.743385|[SDK][WS][SERVICE]connected nodes,count=2
info|2023-07-09 15:25:16.990025|[EVENT][SUB][doLoop]event sub tasks report,working event sub count=0,suspend event sub count=0
info|2023-07-09 15:25:17.743574|[SDK][WS][SERVICE]connected nodes,count=2
info|2023-07-09 15:25:36.990235|[EVENT][SUB][doLoop]event sub tasks report,working event sub count=0,suspend event sub count=0
info|2023-07-09 15:25:37.743833|[SDK][WS][SERVICE]connected nodes,count=2
info|2023-07-09 15:25:56.990846|[EVENT][SUB][doLoop]event sub tasks report,working event sub count=0,suspend event sub count=0
info|2023-07-09 15:25:57.744377|[SDK][WS][SERVICE]connected nodes,count=2
info|2023-07-09 15:26:16.991439|[EVENT][SUB][doLoop]event sub tasks report,working event sub count=0,suspend event sub count=0
info|2023-07-09 15:26:17.744690|[SDK][WS][SERVICE]connected nodes,count=2
info|2023-07-09 15:26:36.991498|[EVENT][SUB][doLoop]event sub tasks report,working event sub count=0,suspend event sub count=0
info|2023-07-09 15:26:37.769467|[SDK][WS][SERVICE]connected nodes,count=2
info|2023-07-09 15:26:56.992408|[EVENT][SUB][doLoop]event sub tasks report,working event sub count=0,suspend event sub count=0
info|2023-07-09 15:26:57.770050|[SDK][WS][SERVICE]connected nodes,count=2
info|2023-07-09 15:27:15.492416|[RPC][BLOCK][NUMBER][fromJson],group=group0,node=98a7f70ec883a722219d92253cf073a72605f4087aa3443c8e4aadc0af2dc3ac647d0fa1b5ac99cd6987abafe6d690ae71cd5fd2aeeabe7589bfb4748aabdfba,blockNumber=2863
info|2023-07-09 15:27:15.492439|[RPCWS][SERVICE][onRecvBlockNotifier]receive block number notifier,group=group0,node=98a7f70ec883a722219d92253cf073a72605f4087aa3443c8e4aadc0af2dc3ac647d0fa1b5ac99cd6987abafe6d690ae71cd5fd2aeeabe7589bfb4748aabdfba,blockNumber=2863
info|2023-07-09 15:27:15.492444|[RPCWS][SERVICE][updateGroupBlockNumber],groupID=group0,_blockNumber=2863
info|2023-07-09 15:27:15.492448|[RPCWS][SERVICE][onRecvBlockNotifier]block notifier callback,group=group0,node=98a7f70ec883a722219d92253cf073a72605f4087aa3443c8e4aadc0af2dc3ac647d0fa1b5ac99cd6987abafe6d690ae71cd5fd2aeeabe7589bfb4748aabdfba,blockNumber=2863
info|2023-07-09 15:27:15.492452|[WS]receive block notify,endpoint=127.0.0.1:20200,blk={
	"blockNumber" : 2863,
	"group" : "group0",
	"nodeName" : "98a7f70ec883a722219d92253cf073a72605f4087aa3443c8e4aadc0af2dc3ac647d0fa1b5ac99cd6987abafe6d690ae71cd5fd2aeeabe7589bfb4748aabdfba"
}
info|2023-07-09 15:27:15.571410|[RPC][BLOCK][NUMBER][fromJson],group=group0,node=2f993327933ad58672518b6d4f63920cbc68b80f78f4d81192552ee6362f5cc81ee13bdc678ad65f06e76444cadb53b33694cfb3fc7679b8000411975fedd28a,blockNumber=2863
info|2023-07-09 15:27:15.571427|[RPCWS][SERVICE][onRecvBlockNotifier]receive block number notifier,group=group0,node=2f993327933ad58672518b6d4f63920cbc68b80f78f4d81192552ee6362f5cc81ee13bdc678ad65f06e76444cadb53b33694cfb3fc7679b8000411975fedd28a,blockNumber=2863
info|2023-07-09 15:27:15.571434|[WS]receive block notify,endpoint=127.0.0.1:20201,blk={
	"blockNumber" : 2863,
	"group" : "group0",
	"nodeName" : "2f993327933ad58672518b6d4f63920cbc68b80f78f4d81192552ee6362f5cc81ee13bdc678ad65f06e76444cadb53b33694cfb3fc7679b8000411975fedd28a"
}
info|2023-07-09 15:27:16.051914|[RPC][BLOCK][NUMBER][fromJson],group=group0,node=98a7f70ec883a722219d92253cf073a72605f4087aa3443c8e4aadc0af2dc3ac647d0fa1b5ac99cd6987abafe6d690ae71cd5fd2aeeabe7589bfb4748aabdfba,blockNumber=2864
info|2023-07-09 15:27:16.051934|[RPCWS][SERVICE][onRecvBlockNotifier]receive block number notifier,group=group0,node=98a7f70ec883a722219d92253cf073a72605f4087aa3443c8e4aadc0af2dc3ac647d0fa1b5ac99cd6987abafe6d690ae71cd5fd2aeeabe7589bfb4748aabdfba,blockNumber=2864
info|2023-07-09 15:27:16.051940|[RPCWS][SERVICE][updateGroupBlockNumber],groupID=group0,_blockNumber=2864
info|2023-07-09 15:27:16.051944|[RPCWS][SERVICE][onRecvBlockNotifier]block notifier callback,group=group0,node=98a7f70ec883a722219d92253cf073a72605f4087aa3443c8e4aadc0af2dc3ac647d0fa1b5ac99cd6987abafe6d690ae71cd5fd2aeeabe7589bfb4748aabdfba,blockNumber=2864
info|2023-07-09 15:27:16.051948|[WS]receive block notify,endpoint=127.0.0.1:20200,blk={
	"blockNumber" : 2864,
	"group" : "group0",
	"nodeName" : "98a7f70ec883a722219d92253cf073a72605f4087aa3443c8e4aadc0af2dc3ac647d0fa1b5ac99cd6987abafe6d690ae71cd5fd2aeeabe7589bfb4748aabdfba"
}
info|2023-07-09 15:27:16.266770|[RPC][BLOCK][NUMBER][fromJson],group=group0,node=2f993327933ad58672518b6d4f63920cbc68b80f78f4d81192552ee6362f5cc81ee13bdc678ad65f06e76444cadb53b33694cfb3fc7679b8000411975fedd28a,blockNumber=2864
info|2023-07-09 15:27:16.266794|[RPCWS][SERVICE][onRecvBlockNotifier]receive block number notifier,group=group0,node=2f993327933ad58672518b6d4f63920cbc68b80f78f4d81192552ee6362f5cc81ee13bdc678ad65f06e76444cadb53b33694cfb3fc7679b8000411975fedd28a,blockNumber=2864
info|2023-07-09 15:27:16.266802|[WS]receive block notify,endpoint=127.0.0.1:20201,blk={
	"blockNumber" : 2864,
	"group" : "group0",
	"nodeName" : "2f993327933ad58672518b6d4f63920cbc68b80f78f4d81192552ee6362f5cc81ee13bdc678ad65f06e76444cadb53b33694cfb3fc7679b8000411975fedd28a"
}
info|2023-07-09 15:27:16.584348|[RPC][BLOCK][NUMBER][fromJson],group=group0,node=98a7f70ec883a722219d92253cf073a72605f4087aa3443c8e4aadc0af2dc3ac647d0fa1b5ac99cd6987abafe6d690ae71cd5fd2aeeabe7589bfb4748aabdfba,blockNumber=2865
info|2023-07-09 15:27:16.584377|[RPCWS][SERVICE][onRecvBlockNotifier]receive block number notifier,group=group0,node=98a7f70ec883a722219d92253cf073a72605f4087aa3443c8e4aadc0af2dc3ac647d0fa1b5ac99cd6987abafe6d690ae71cd5fd2aeeabe7589bfb4748aabdfba,blockNumber=2865
info|2023-07-09 15:27:16.584383|[RPCWS][SERVICE][updateGroupBlockNumber],groupID=group0,_blockNumber=2865
info|2023-07-09 15:27:16.584387|[RPCWS][SERVICE][onRecvBlockNotifier]block notifier callback,group=group0,node=98a7f70ec883a722219d92253cf073a72605f4087aa3443c8e4aadc0af2dc3ac647d0fa1b5ac99cd6987abafe6d690ae71cd5fd2aeeabe7589bfb4748aabdfba,blockNumber=2865
info|2023-07-09 15:27:16.584391|[WS]receive block notify,endpoint=127.0.0.1:20200,blk={
	"blockNumber" : 2865,
	"group" : "group0",
	"nodeName" : "98a7f70ec883a722219d92253cf073a72605f4087aa3443c8e4aadc0af2dc3ac647d0fa1b5ac99cd6987abafe6d690ae71cd5fd2aeeabe7589bfb4748aabdfba"
}
info|2023-07-09 15:27:16.624943|[RPC][BLOCK][NUMBER][fromJson],group=group0,node=2f993327933ad58672518b6d4f63920cbc68b80f78f4d81192552ee6362f5cc81ee13bdc678ad65f06e76444cadb53b33694cfb3fc7679b8000411975fedd28a,blockNumber=2865
info|2023-07-09 15:27:16.624984|[RPCWS][SERVICE][onRecvBlockNotifier]receive block number notifier,group=group0,node=2f993327933ad58672518b6d4f63920cbc68b80f78f4d81192552ee6362f5cc81ee13bdc678ad65f06e76444cadb53b33694cfb3fc7679b8000411975fedd28a,blockNumber=2865
info|2023-07-09 15:27:16.624993|[WS]receive block notify,endpoint=127.0.0.1:20201,blk={
	"blockNumber" : 2865,
	"group" : "group0",
	"nodeName" : "2f993327933ad58672518b6d4f63920cbc68b80f78f4d81192552ee6362f5cc81ee13bdc678ad65f06e76444cadb53b33694cfb3fc7679b8000411975fedd28a"
}
info|2023-07-09 15:27:16.993091|[EVENT][SUB][doLoop]event sub tasks report,working event sub count=0,suspend event sub count=0
info|2023-07-09 15:27:17.219027|[RPC][BLOCK][NUMBER][fromJson],group=group0,node=98a7f70ec883a722219d92253cf073a72605f4087aa3443c8e4aadc0af2dc3ac647d0fa1b5ac99cd6987abafe6d690ae71cd5fd2aeeabe7589bfb4748aabdfba,blockNumber=2866
info|2023-07-09 15:27:17.219048|[RPCWS][SERVICE][onRecvBlockNotifier]receive block number notifier,group=group0,node=98a7f70ec883a722219d92253cf073a72605f4087aa3443c8e4aadc0af2dc3ac647d0fa1b5ac99cd6987abafe6d690ae71cd5fd2aeeabe7589bfb4748aabdfba,blockNumber=2866
info|2023-07-09 15:27:17.219054|[RPCWS][SERVICE][updateGroupBlockNumber],groupID=group0,_blockNumber=2866
info|2023-07-09 15:27:17.219058|[RPCWS][SERVICE][onRecvBlockNotifier]block notifier callback,group=group0,node=98a7f70ec883a722219d92253cf073a72605f4087aa3443c8e4aadc0af2dc3ac647d0fa1b5ac99cd6987abafe6d690ae71cd5fd2aeeabe7589bfb4748aabdfba,blockNumber=2866
info|2023-07-09 15:27:17.219061|[WS]receive block notify,endpoint=127.0.0.1:20200,blk={
	"blockNumber" : 2866,
	"group" : "group0",
	"nodeName" : "98a7f70ec883a722219d92253cf073a72605f4087aa3443c8e4aadc0af2dc3ac647d0fa1b5ac99cd6987abafe6d690ae71cd5fd2aeeabe7589bfb4748aabdfba"
}
info|2023-07-09 15:27:17.346715|[RPC][BLOCK][NUMBER][fromJson],group=group0,node=2f993327933ad58672518b6d4f63920cbc68b80f78f4d81192552ee6362f5cc81ee13bdc678ad65f06e76444cadb53b33694cfb3fc7679b8000411975fedd28a,blockNumber=2866
info|2023-07-09 15:27:17.346739|[RPCWS][SERVICE][onRecvBlockNotifier]receive block number notifier,group=group0,node=2f993327933ad58672518b6d4f63920cbc68b80f78f4d81192552ee6362f5cc81ee13bdc678ad65f06e76444cadb53b33694cfb3fc7679b8000411975fedd28a,blockNumber=2866
info|2023-07-09 15:27:17.346746|[WS]receive block notify,endpoint=127.0.0.1:20201,blk={
	"blockNumber" : 2866,
	"group" : "group0",
	"nodeName" : "2f993327933ad58672518b6d4f63920cbc68b80f78f4d81192552ee6362f5cc81ee13bdc678ad65f06e76444cadb53b33694cfb3fc7679b8000411975fedd28a"
}
info|2023-07-09 15:27:17.775253|[SDK][WS][SERVICE]connected nodes,count=2
info|2023-07-09 15:27:17.803581|[RPC][BLOCK][NUMBER][fromJson],group=group0,node=2f993327933ad58672518b6d4f63920cbc68b80f78f4d81192552ee6362f5cc81ee13bdc678ad65f06e76444cadb53b33694cfb3fc7679b8000411975fedd28a,blockNumber=2867
info|2023-07-09 15:27:17.803602|[RPCWS][SERVICE][onRecvBlockNotifier]receive block number notifier,group=group0,node=2f993327933ad58672518b6d4f63920cbc68b80f78f4d81192552ee6362f5cc81ee13bdc678ad65f06e76444cadb53b33694cfb3fc7679b8000411975fedd28a,blockNumber=2867
info|2023-07-09 15:27:17.803606|[RPCWS][SERVICE][updateGroupBlockNumber],groupID=group0,_blockNumber=2867
info|2023-07-09 15:27:17.803611|[RPCWS][SERVICE][onRecvBlockNotifier]block notifier callback,group=group0,node=2f993327933ad58672518b6d4f63920cbc68b80f78f4d81192552ee6362f5cc81ee13bdc678ad65f06e76444cadb53b33694cfb3fc7679b8000411975fedd28a,blockNumber=2867
info|2023-07-09 15:27:17.803613|[WS]receive block notify,endpoint=127.0.0.1:20201,blk={
	"blockNumber" : 2867,
	"group" : "group0",
	"nodeName" : "2f993327933ad58672518b6d4f63920cbc68b80f78f4d81192552ee6362f5cc81ee13bdc678ad65f06e76444cadb53b33694cfb3fc7679b8000411975fedd28a"
}
info|2023-07-09 15:27:17.804637|[RPC][BLOCK][NUMBER][fromJson],group=group0,node=98a7f70ec883a722219d92253cf073a72605f4087aa3443c8e4aadc0af2dc3ac647d0fa1b5ac99cd6987abafe6d690ae71cd5fd2aeeabe7589bfb4748aabdfba,blockNumber=2867
info|2023-07-09 15:27:17.804652|[RPCWS][SERVICE][onRecvBlockNotifier]receive block number notifier,group=group0,node=98a7f70ec883a722219d92253cf073a72605f4087aa3443c8e4aadc0af2dc3ac647d0fa1b5ac99cd6987abafe6d690ae71cd5fd2aeeabe7589bfb4748aabdfba,blockNumber=2867
info|2023-07-09 15:27:17.804657|[WS]receive block notify,endpoint=127.0.0.1:20200,blk={
	"blockNumber" : 2867,
	"group" : "group0",
	"nodeName" : "98a7f70ec883a722219d92253cf073a72605f4087aa3443c8e4aadc0af2dc3ac647d0fa1b5ac99cd6987abafe6d690ae71cd5fd2aeeabe7589bfb4748aabdfba"
}
info|2023-07-09 15:27:18.294780|[RPC][BLOCK][NUMBER][fromJson],group=group0,node=98a7f70ec883a722219d92253cf073a72605f4087aa3443c8e4aadc0af2dc3ac647d0fa1b5ac99cd6987abafe6d690ae71cd5fd2aeeabe7589bfb4748aabdfba,blockNumber=2868
info|2023-07-09 15:27:18.294802|[RPCWS][SERVICE][onRecvBlockNotifier]receive block number notifier,group=group0,node=98a7f70ec883a722219d92253cf073a72605f4087aa3443c8e4aadc0af2dc3ac647d0fa1b5ac99cd6987abafe6d690ae71cd5fd2aeeabe7589bfb4748aabdfba,blockNumber=2868
info|2023-07-09 15:27:18.294807|[RPCWS][SERVICE][updateGroupBlockNumber],groupID=group0,_blockNumber=2868
info|2023-07-09 15:27:18.294812|[RPCWS][SERVICE][onRecvBlockNotifier]block notifier callback,group=group0,node=98a7f70ec883a722219d92253cf073a72605f4087aa3443c8e4aadc0af2dc3ac647d0fa1b5ac99cd6987abafe6d690ae71cd5fd2aeeabe7589bfb4748aabdfba,blockNumber=2868
info|2023-07-09 15:27:18.294814|[WS]receive block notify,endpoint=127.0.0.1:20200,blk={
	"blockNumber" : 2868,
	"group" : "group0",
	"nodeName" : "98a7f70ec883a722219d92253cf073a72605f4087aa3443c8e4aadc0af2dc3ac647d0fa1b5ac99cd6987abafe6d690ae71cd5fd2aeeabe7589bfb4748aabdfba"
}
info|2023-07-09 15:27:18.327787|[RPC][BLOCK][NUMBER][fromJson],group=group0,node=2f993327933ad58672518b6d4f63920cbc68b80f78f4d81192552ee6362f5cc81ee13bdc678ad65f06e76444cadb53b33694cfb3fc7679b8000411975fedd28a,blockNumber=2868
info|2023-07-09 15:27:18.327808|[RPCWS][SERVICE][onRecvBlockNotifier]receive block number notifier,group=group0,node=2f993327933ad58672518b6d4f63920cbc68b80f78f4d81192552ee6362f5cc81ee13bdc678ad65f06e76444cadb53b33694cfb3fc7679b8000411975fedd28a,blockNumber=2868
info|2023-07-09 15:27:18.327815|[WS]receive block notify,endpoint=127.0.0.1:20201,blk={
	"blockNumber" : 2868,
	"group" : "group0",
	"nodeName" : "2f993327933ad58672518b6d4f63920cbc68b80f78f4d81192552ee6362f5cc81ee13bdc678ad65f06e76444cadb53b33694cfb3fc7679b8000411975fedd28a"
}
info|2023-07-09 15:27:19.720744|[RPC][BLOCK][NUMBER][fromJson],group=group0,node=98a7f70ec883a722219d92253cf073a72605f4087aa3443c8e4aadc0af2dc3ac647d0fa1b5ac99cd6987abafe6d690ae71cd5fd2aeeabe7589bfb4748aabdfba,blockNumber=2869
info|2023-07-09 15:27:19.720767|[RPCWS][SERVICE][onRecvBlockNotifier]receive block number notifier,group=group0,node=98a7f70ec883a722219d92253cf073a72605f4087aa3443c8e4aadc0af2dc3ac647d0fa1b5ac99cd6987abafe6d690ae71cd5fd2aeeabe7589bfb4748aabdfba,blockNumber=2869
info|2023-07-09 15:27:19.720772|[RPCWS][SERVICE][updateGroupBlockNumber],groupID=group0,_blockNumber=2869
info|2023-07-09 15:27:19.720777|[RPCWS][SERVICE][onRecvBlockNotifier]block notifier callback,group=group0,node=98a7f70ec883a722219d92253cf073a72605f4087aa3443c8e4aadc0af2dc3ac647d0fa1b5ac99cd6987abafe6d690ae71cd5fd2aeeabe7589bfb4748aabdfba,blockNumber=2869
info|2023-07-09 15:27:19.720781|[WS]receive block notify,endpoint=127.0.0.1:20200,blk={
	"blockNumber" : 2869,
	"group" : "group0",
	"nodeName" : "98a7f70ec883a722219d92253cf073a72605f4087aa3443c8e4aadc0af2dc3ac647d0fa1b5ac99cd6987abafe6d690ae71cd5fd2aeeabe7589bfb4748aabdfba"
}
info|2023-07-09 15:27:19.775284|[RPC][BLOCK][NUMBER][fromJson],group=group0,node=2f993327933ad58672518b6d4f63920cbc68b80f78f4d81192552ee6362f5cc81ee13bdc678ad65f06e76444cadb53b33694cfb3fc7679b8000411975fedd28a,blockNumber=2869
info|2023-07-09 15:27:19.775305|[RPCWS][SERVICE][onRecvBlockNotifier]receive block number notifier,group=group0,node=2f993327933ad58672518b6d4f63920cbc68b80f78f4d81192552ee6362f5cc81ee13bdc678ad65f06e76444cadb53b33694cfb3fc7679b8000411975fedd28a,blockNumber=2869
info|2023-07-09 15:27:19.775312|[WS]receive block notify,endpoint=127.0.0.1:20201,blk={
	"blockNumber" : 2869,
	"group" : "group0",
	"nodeName" : "2f993327933ad58672518b6d4f63920cbc68b80f78f4d81192552ee6362f5cc81ee13bdc678ad65f06e76444cadb53b33694cfb3fc7679b8000411975fedd28a"
}
info|2023-07-09 15:27:20.408331|[RPC][BLOCK][NUMBER][fromJson],group=group0,node=98a7f70ec883a722219d92253cf073a72605f4087aa3443c8e4aadc0af2dc3ac647d0fa1b5ac99cd6987abafe6d690ae71cd5fd2aeeabe7589bfb4748aabdfba,blockNumber=2870
info|2023-07-09 15:27:20.408353|[RPCWS][SERVICE][onRecvBlockNotifier]receive block number notifier,group=group0,node=98a7f70ec883a722219d92253cf073a72605f4087aa3443c8e4aadc0af2dc3ac647d0fa1b5ac99cd6987abafe6d690ae71cd5fd2aeeabe7589bfb4748aabdfba,blockNumber=2870
info|2023-07-09 15:27:20.408358|[RPCWS][SERVICE][updateGroupBlockNumber],groupID=group0,_blockNumber=2870
info|2023-07-09 15:27:20.408363|[RPCWS][SERVICE][onRecvBlockNotifier]block notifier callback,group=group0,node=98a7f70ec883a722219d92253cf073a72605f4087aa3443c8e4aadc0af2dc3ac647d0fa1b5ac99cd6987abafe6d690ae71cd5fd2aeeabe7589bfb4748aabdfba,blockNumber=2870
info|2023-07-09 15:27:20.408366|[WS]receive block notify,endpoint=127.0.0.1:20200,blk={
	"blockNumber" : 2870,
	"group" : "group0",
	"nodeName" : "98a7f70ec883a722219d92253cf073a72605f4087aa3443c8e4aadc0af2dc3ac647d0fa1b5ac99cd6987abafe6d690ae71cd5fd2aeeabe7589bfb4748aabdfba"
}
info|2023-07-09 15:27:20.521071|[RPC][BLOCK][NUMBER][fromJson],group=group0,node=2f993327933ad58672518b6d4f63920cbc68b80f78f4d81192552ee6362f5cc81ee13bdc678ad65f06e76444cadb53b33694cfb3fc7679b8000411975fedd28a,blockNumber=2870
info|2023-07-09 15:27:20.521093|[RPCWS][SERVICE][onRecvBlockNotifier]receive block number notifier,group=group0,node=2f993327933ad58672518b6d4f63920cbc68b80f78f4d81192552ee6362f5cc81ee13bdc678ad65f06e76444cadb53b33694cfb3fc7679b8000411975fedd28a,blockNumber=2870
info|2023-07-09 15:27:20.521100|[WS]receive block notify,endpoint=127.0.0.1:20201,blk={
	"blockNumber" : 2870,
	"group" : "group0",
	"nodeName" : "2f993327933ad58672518b6d4f63920cbc68b80f78f4d81192552ee6362f5cc81ee13bdc678ad65f06e76444cadb53b33694cfb3fc7679b8000411975fedd28a"
}
info|2023-07-09 15:27:21.090515|[RPC][BLOCK][NUMBER][fromJson],group=group0,node=2f993327933ad58672518b6d4f63920cbc68b80f78f4d81192552ee6362f5cc81ee13bdc678ad65f06e76444cadb53b33694cfb3fc7679b8000411975fedd28a,blockNumber=2871
info|2023-07-09 15:27:21.090538|[RPCWS][SERVICE][onRecvBlockNotifier]receive block number notifier,group=group0,node=2f993327933ad58672518b6d4f63920cbc68b80f78f4d81192552ee6362f5cc81ee13bdc678ad65f06e76444cadb53b33694cfb3fc7679b8000411975fedd28a,blockNumber=2871
info|2023-07-09 15:27:21.090542|[RPCWS][SERVICE][updateGroupBlockNumber],groupID=group0,_blockNumber=2871
info|2023-07-09 15:27:21.090545|[RPCWS][SERVICE][onRecvBlockNotifier]block notifier callback,group=group0,node=2f993327933ad58672518b6d4f63920cbc68b80f78f4d81192552ee6362f5cc81ee13bdc678ad65f06e76444cadb53b33694cfb3fc7679b8000411975fedd28a,blockNumber=2871
info|2023-07-09 15:27:21.090548|[WS]receive block notify,endpoint=127.0.0.1:20201,blk={
	"blockNumber" : 2871,
	"group" : "group0",
	"nodeName" : "2f993327933ad58672518b6d4f63920cbc68b80f78f4d81192552ee6362f5cc81ee13bdc678ad65f06e76444cadb53b33694cfb3fc7679b8000411975fedd28a"
}
info|2023-07-09 15:27:21.123922|[RPC][BLOCK][NUMBER][fromJson],group=group0,node=98a7f70ec883a722219d92253cf073a72605f4087aa3443c8e4aadc0af2dc3ac647d0fa1b5ac99cd6987abafe6d690ae71cd5fd2aeeabe7589bfb4748aabdfba,blockNumber=2871
info|2023-07-09 15:27:21.123946|[RPCWS][SERVICE][onRecvBlockNotifier]receive block number notifier,group=group0,node=98a7f70ec883a722219d92253cf073a72605f4087aa3443c8e4aadc0af2dc3ac647d0fa1b5ac99cd6987abafe6d690ae71cd5fd2aeeabe7589bfb4748aabdfba,blockNumber=2871
info|2023-07-09 15:27:21.123953|[WS]receive block notify,endpoint=127.0.0.1:20200,blk={
	"blockNumber" : 2871,
	"group" : "group0",
	"nodeName" : "98a7f70ec883a722219d92253cf073a72605f4087aa3443c8e4aadc0af2dc3ac647d0fa1b5ac99cd6987abafe6d690ae71cd5fd2aeeabe7589bfb4748aabdfba"
}
info|2023-07-09 15:27:21.591943|[RPC][BLOCK][NUMBER][fromJson],group=group0,node=98a7f70ec883a722219d92253cf073a72605f4087aa3443c8e4aadc0af2dc3ac647d0fa1b5ac99cd6987abafe6d690ae71cd5fd2aeeabe7589bfb4748aabdfba,blockNumber=2872
info|2023-07-09 15:27:21.591963|[RPCWS][SERVICE][onRecvBlockNotifier]receive block number notifier,group=group0,node=98a7f70ec883a722219d92253cf073a72605f4087aa3443c8e4aadc0af2dc3ac647d0fa1b5ac99cd6987abafe6d690ae71cd5fd2aeeabe7589bfb4748aabdfba,blockNumber=2872
info|2023-07-09 15:27:21.591968|[RPCWS][SERVICE][updateGroupBlockNumber],groupID=group0,_blockNumber=2872
info|2023-07-09 15:27:21.591972|[RPCWS][SERVICE][onRecvBlockNotifier]block notifier callback,group=group0,node=98a7f70ec883a722219d92253cf073a72605f4087aa3443c8e4aadc0af2dc3ac647d0fa1b5ac99cd6987abafe6d690ae71cd5fd2aeeabe7589bfb4748aabdfba,blockNumber=2872
info|2023-07-09 15:27:21.591976|[WS]receive block notify,endpoint=127.0.0.1:20200,blk={
	"blockNumber" : 2872,
	"group" : "group0",
	"nodeName" : "98a7f70ec883a722219d92253cf073a72605f4087aa3443c8e4aadc0af2dc3ac647d0fa1b5ac99cd6987abafe6d690ae71cd5fd2aeeabe7589bfb4748aabdfba"
}
info|2023-07-09 15:27:21.597942|[RPC][BLOCK][NUMBER][fromJson],group=group0,node=2f993327933ad58672518b6d4f63920cbc68b80f78f4d81192552ee6362f5cc81ee13bdc678ad65f06e76444cadb53b33694cfb3fc7679b8000411975fedd28a,blockNumber=2872
info|2023-07-09 15:27:21.597962|[RPCWS][SERVICE][onRecvBlockNotifier]receive block number notifier,group=group0,node=2f993327933ad58672518b6d4f63920cbc68b80f78f4d81192552ee6362f5cc81ee13bdc678ad65f06e76444cadb53b33694cfb3fc7679b8000411975fedd28a,blockNumber=2872
info|2023-07-09 15:27:21.597969|[WS]receive block notify,endpoint=127.0.0.1:20201,blk={
	"blockNumber" : 2872,
	"group" : "group0",
	"nodeName" : "2f993327933ad58672518b6d4f63920cbc68b80f78f4d81192552ee6362f5cc81ee13bdc678ad65f06e76444cadb53b33694cfb3fc7679b8000411975fedd28a"
}
info|2023-07-09 15:27:22.109864|[RPC][BLOCK][NUMBER][fromJson],group=group0,node=98a7f70ec883a722219d92253cf073a72605f4087aa3443c8e4aadc0af2dc3ac647d0fa1b5ac99cd6987abafe6d690ae71cd5fd2aeeabe7589bfb4748aabdfba,blockNumber=2873
info|2023-07-09 15:27:22.109885|[RPCWS][SERVICE][onRecvBlockNotifier]receive block number notifier,group=group0,node=98a7f70ec883a722219d92253cf073a72605f4087aa3443c8e4aadc0af2dc3ac647d0fa1b5ac99cd6987abafe6d690ae71cd5fd2aeeabe7589bfb4748aabdfba,blockNumber=2873
info|2023-07-09 15:27:22.109890|[RPCWS][SERVICE][updateGroupBlockNumber],groupID=group0,_blockNumber=2873
info|2023-07-09 15:27:22.109895|[RPCWS][SERVICE][onRecvBlockNotifier]block notifier callback,group=group0,node=98a7f70ec883a722219d92253cf073a72605f4087aa3443c8e4aadc0af2dc3ac647d0fa1b5ac99cd6987abafe6d690ae71cd5fd2aeeabe7589bfb4748aabdfba,blockNumber=2873
info|2023-07-09 15:27:22.109899|[WS]receive block notify,endpoint=127.0.0.1:20200,blk={
	"blockNumber" : 2873,
	"group" : "group0",
	"nodeName" : "98a7f70ec883a722219d92253cf073a72605f4087aa3443c8e4aadc0af2dc3ac647d0fa1b5ac99cd6987abafe6d690ae71cd5fd2aeeabe7589bfb4748aabdfba"
}
info|2023-07-09 15:27:22.202721|[RPC][BLOCK][NUMBER][fromJson],group=group0,node=2f993327933ad58672518b6d4f63920cbc68b80f78f4d81192552ee6362f5cc81ee13bdc678ad65f06e76444cadb53b33694cfb3fc7679b8000411975fedd28a,blockNumber=2873
info|2023-07-09 15:27:22.202742|[RPCWS][SERVICE][onRecvBlockNotifier]receive block number notifier,group=group0,node=2f993327933ad58672518b6d4f63920cbc68b80f78f4d81192552ee6362f5cc81ee13bdc678ad65f06e76444cadb53b33694cfb3fc7679b8000411975fedd28a,blockNumber=2873
info|2023-07-09 15:27:22.202749|[WS]receive block notify,endpoint=127.0.0.1:20201,blk={
	"blockNumber" : 2873,
	"group" : "group0",
	"nodeName" : "2f993327933ad58672518b6d4f63920cbc68b80f78f4d81192552ee6362f5cc81ee13bdc678ad65f06e76444cadb53b33694cfb3fc7679b8000411975fedd28a"
}
info|2023-07-09 15:27:22.715734|[RPC][BLOCK][NUMBER][fromJson],group=group0,node=98a7f70ec883a722219d92253cf073a72605f4087aa3443c8e4aadc0af2dc3ac647d0fa1b5ac99cd6987abafe6d690ae71cd5fd2aeeabe7589bfb4748aabdfba,blockNumber=2874
info|2023-07-09 15:27:22.715754|[RPCWS][SERVICE][onRecvBlockNotifier]receive block number notifier,group=group0,node=98a7f70ec883a722219d92253cf073a72605f4087aa3443c8e4aadc0af2dc3ac647d0fa1b5ac99cd6987abafe6d690ae71cd5fd2aeeabe7589bfb4748aabdfba,blockNumber=2874
info|2023-07-09 15:27:22.715759|[RPCWS][SERVICE][updateGroupBlockNumber],groupID=group0,_blockNumber=2874
info|2023-07-09 15:27:22.715763|[RPCWS][SERVICE][onRecvBlockNotifier]block notifier callback,group=group0,node=98a7f70ec883a722219d92253cf073a72605f4087aa3443c8e4aadc0af2dc3ac647d0fa1b5ac99cd6987abafe6d690ae71cd5fd2aeeabe7589bfb4748aabdfba,blockNumber=2874
info|2023-07-09 15:27:22.715767|[WS]receive block notify,endpoint=127.0.0.1:20200,blk={
	"blockNumber" : 2874,
	"group" : "group0",
	"nodeName" : "98a7f70ec883a722219d92253cf073a72605f4087aa3443c8e4aadc0af2dc3ac647d0fa1b5ac99cd6987abafe6d690ae71cd5fd2aeeabe7589bfb4748aabdfba"
}
info|2023-07-09 15:27:22.755946|[RPC][BLOCK][NUMBER][fromJson],group=group0,node=2f993327933ad58672518b6d4f63920cbc68b80f78f4d81192552ee6362f5cc81ee13bdc678ad65f06e76444cadb53b33694cfb3fc7679b8000411975fedd28a,blockNumber=2874
info|2023-07-09 15:27:22.755971|[RPCWS][SERVICE][onRecvBlockNotifier]receive block number notifier,group=group0,node=2f993327933ad58672518b6d4f63920cbc68b80f78f4d81192552ee6362f5cc81ee13bdc678ad65f06e76444cadb53b33694cfb3fc7679b8000411975fedd28a,blockNumber=2874
info|2023-07-09 15:27:22.755978|[WS]receive block notify,endpoint=127.0.0.1:20201,blk={
	"blockNumber" : 2874,
	"group" : "group0",
	"nodeName" : "2f993327933ad58672518b6d4f63920cbc68b80f78f4d81192552ee6362f5cc81ee13bdc678ad65f06e76444cadb53b33694cfb3fc7679b8000411975fedd28a"
}
info|2023-07-09 15:27:23.278835|[RPC][BLOCK][NUMBER][fromJson],group=group0,node=98a7f70ec883a722219d92253cf073a72605f4087aa3443c8e4aadc0af2dc3ac647d0fa1b5ac99cd6987abafe6d690ae71cd5fd2aeeabe7589bfb4748aabdfba,blockNumber=2875
info|2023-07-09 15:27:23.278856|[RPCWS][SERVICE][onRecvBlockNotifier]receive block number notifier,group=group0,node=98a7f70ec883a722219d92253cf073a72605f4087aa3443c8e4aadc0af2dc3ac647d0fa1b5ac99cd6987abafe6d690ae71cd5fd2aeeabe7589bfb4748aabdfba,blockNumber=2875
info|2023-07-09 15:27:23.278862|[RPCWS][SERVICE][updateGroupBlockNumber],groupID=group0,_blockNumber=2875
info|2023-07-09 15:27:23.278866|[RPCWS][SERVICE][onRecvBlockNotifier]block notifier callback,group=group0,node=98a7f70ec883a722219d92253cf073a72605f4087aa3443c8e4aadc0af2dc3ac647d0fa1b5ac99cd6987abafe6d690ae71cd5fd2aeeabe7589bfb4748aabdfba,blockNumber=2875
info|2023-07-09 15:27:23.278869|[WS]receive block notify,endpoint=127.0.0.1:20200,blk={
	"blockNumber" : 2875,
	"group" : "group0",
	"nodeName" : "98a7f70ec883a722219d92253cf073a72605f4087aa3443c8e4aadc0af2dc3ac647d0fa1b5ac99cd6987abafe6d690ae71cd5fd2aeeabe7589bfb4748aabdfba"
}
info|2023-07-09 15:27:23.340903|[RPC][BLOCK][NUMBER][fromJson],group=group0,node=2f993327933ad58672518b6d4f63920cbc68b80f78f4d81192552ee6362f5cc81ee13bdc678ad65f06e76444cadb53b33694cfb3fc7679b8000411975fedd28a,blockNumber=2875
info|2023-07-09 15:27:23.340930|[RPCWS][SERVICE][onRecvBlockNotifier]receive block number notifier,group=group0,node=2f993327933ad58672518b6d4f63920cbc68b80f78f4d81192552ee6362f5cc81ee13bdc678ad65f06e76444cadb53b33694cfb3fc7679b8000411975fedd28a,blockNumber=2875
info|2023-07-09 15:27:23.340937|[WS]receive block notify,endpoint=127.0.0.1:20201,blk={
	"blockNumber" : 2875,
	"group" : "group0",
	"nodeName" : "2f993327933ad58672518b6d4f63920cbc68b80f78f4d81192552ee6362f5cc81ee13bdc678ad65f06e76444cadb53b33694cfb3fc7679b8000411975fedd28a"
}
info|2023-07-09 15:27:23.852831|[RPC][BLOCK][NUMBER][fromJson],group=group0,node=98a7f70ec883a722219d92253cf073a72605f4087aa3443c8e4aadc0af2dc3ac647d0fa1b5ac99cd6987abafe6d690ae71cd5fd2aeeabe7589bfb4748aabdfba,blockNumber=2876
info|2023-07-09 15:27:23.852850|[RPCWS][SERVICE][onRecvBlockNotifier]receive block number notifier,group=group0,node=98a7f70ec883a722219d92253cf073a72605f4087aa3443c8e4aadc0af2dc3ac647d0fa1b5ac99cd6987abafe6d690ae71cd5fd2aeeabe7589bfb4748aabdfba,blockNumber=2876
info|2023-07-09 15:27:23.852855|[RPCWS][SERVICE][updateGroupBlockNumber],groupID=group0,_blockNumber=2876
info|2023-07-09 15:27:23.852859|[RPCWS][SERVICE][onRecvBlockNotifier]block notifier callback,group=group0,node=98a7f70ec883a722219d92253cf073a72605f4087aa3443c8e4aadc0af2dc3ac647d0fa1b5ac99cd6987abafe6d690ae71cd5fd2aeeabe7589bfb4748aabdfba,blockNumber=2876
info|2023-07-09 15:27:23.852863|[WS]receive block notify,endpoint=127.0.0.1:20200,blk={
	"blockNumber" : 2876,
	"group" : "group0",
	"nodeName" : "98a7f70ec883a722219d92253cf073a72605f4087aa3443c8e4aadc0af2dc3ac647d0fa1b5ac99cd6987abafe6d690ae71cd5fd2aeeabe7589bfb4748aabdfba"
}
info|2023-07-09 15:27:23.904195|[RPC][BLOCK][NUMBER][fromJson],group=group0,node=2f993327933ad58672518b6d4f63920cbc68b80f78f4d81192552ee6362f5cc81ee13bdc678ad65f06e76444cadb53b33694cfb3fc7679b8000411975fedd28a,blockNumber=2876
info|2023-07-09 15:27:23.904215|[RPCWS][SERVICE][onRecvBlockNotifier]receive block number notifier,group=group0,node=2f993327933ad58672518b6d4f63920cbc68b80f78f4d81192552ee6362f5cc81ee13bdc678ad65f06e76444cadb53b33694cfb3fc7679b8000411975fedd28a,blockNumber=2876
info|2023-07-09 15:27:23.904222|[WS]receive block notify,endpoint=127.0.0.1:20201,blk={
	"blockNumber" : 2876,
	"group" : "group0",
	"nodeName" : "2f993327933ad58672518b6d4f63920cbc68b80f78f4d81192552ee6362f5cc81ee13bdc678ad65f06e76444cadb53b33694cfb3fc7679b8000411975fedd28a"
}
info|2023-07-09 15:27:24.414915|[RPC][BLOCK][NUMBER][fromJson],group=group0,node=98a7f70ec883a722219d92253cf073a72605f4087aa3443c8e4aadc0af2dc3ac647d0fa1b5ac99cd6987abafe6d690ae71cd5fd2aeeabe7589bfb4748aabdfba,blockNumber=2877
info|2023-07-09 15:27:24.414934|[RPCWS][SERVICE][onRecvBlockNotifier]receive block number notifier,group=group0,node=98a7f70ec883a722219d92253cf073a72605f4087aa3443c8e4aadc0af2dc3ac647d0fa1b5ac99cd6987abafe6d690ae71cd5fd2aeeabe7589bfb4748aabdfba,blockNumber=2877
info|2023-07-09 15:27:24.414939|[RPCWS][SERVICE][updateGroupBlockNumber],groupID=group0,_blockNumber=2877
info|2023-07-09 15:27:24.414943|[RPCWS][SERVICE][onRecvBlockNotifier]block notifier callback,group=group0,node=98a7f70ec883a722219d92253cf073a72605f4087aa3443c8e4aadc0af2dc3ac647d0fa1b5ac99cd6987abafe6d690ae71cd5fd2aeeabe7589bfb4748aabdfba,blockNumber=2877
info|2023-07-09 15:27:24.414946|[WS]receive block notify,endpoint=127.0.0.1:20200,blk={
	"blockNumber" : 2877,
	"group" : "group0",
	"nodeName" : "98a7f70ec883a722219d92253cf073a72605f4087aa3443c8e4aadc0af2dc3ac647d0fa1b5ac99cd6987abafe6d690ae71cd5fd2aeeabe7589bfb4748aabdfba"
}
info|2023-07-09 15:27:24.455400|[RPC][BLOCK][NUMBER][fromJson],group=group0,node=2f993327933ad58672518b6d4f63920cbc68b80f78f4d81192552ee6362f5cc81ee13bdc678ad65f06e76444cadb53b33694cfb3fc7679b8000411975fedd28a,blockNumber=2877
info|2023-07-09 15:27:24.455421|[RPCWS][SERVICE][onRecvBlockNotifier]receive block number notifier,group=group0,node=2f993327933ad58672518b6d4f63920cbc68b80f78f4d81192552ee6362f5cc81ee13bdc678ad65f06e76444cadb53b33694cfb3fc7679b8000411975fedd28a,blockNumber=2877
info|2023-07-09 15:27:24.455428|[WS]receive block notify,endpoint=127.0.0.1:20201,blk={
	"blockNumber" : 2877,
	"group" : "group0",
	"nodeName" : "2f993327933ad58672518b6d4f63920cbc68b80f78f4d81192552ee6362f5cc81ee13bdc678ad65f06e76444cadb53b33694cfb3fc7679b8000411975fedd28a"
}
info|2023-07-09 15:27:25.045962|[RPC][BLOCK][NUMBER][fromJson],group=group0,node=98a7f70ec883a722219d92253cf073a72605f4087aa3443c8e4aadc0af2dc3ac647d0fa1b5ac99cd6987abafe6d690ae71cd5fd2aeeabe7589bfb4748aabdfba,blockNumber=2878
info|2023-07-09 15:27:25.046000|[RPCWS][SERVICE][onRecvBlockNotifier]receive block number notifier,group=group0,node=98a7f70ec883a722219d92253cf073a72605f4087aa3443c8e4aadc0af2dc3ac647d0fa1b5ac99cd6987abafe6d690ae71cd5fd2aeeabe7589bfb4748aabdfba,blockNumber=2878
info|2023-07-09 15:27:25.046007|[RPCWS][SERVICE][updateGroupBlockNumber],groupID=group0,_blockNumber=2878
info|2023-07-09 15:27:25.046011|[RPCWS][SERVICE][onRecvBlockNotifier]block notifier callback,group=group0,node=98a7f70ec883a722219d92253cf073a72605f4087aa3443c8e4aadc0af2dc3ac647d0fa1b5ac99cd6987abafe6d690ae71cd5fd2aeeabe7589bfb4748aabdfba,blockNumber=2878
info|2023-07-09 15:27:25.046035|[WS]receive block notify,endpoint=127.0.0.1:20200,blk={
	"blockNumber" : 2878,
	"group" : "group0",
	"nodeName" : "98a7f70ec883a722219d92253cf073a72605f4087aa3443c8e4aadc0af2dc3ac647d0fa1b5ac99cd6987abafe6d690ae71cd5fd2aeeabe7589bfb4748aabdfba"
}
info|2023-07-09 15:27:25.082178|[RPC][BLOCK][NUMBER][fromJson],group=group0,node=2f993327933ad58672518b6d4f63920cbc68b80f78f4d81192552ee6362f5cc81ee13bdc678ad65f06e76444cadb53b33694cfb3fc7679b8000411975fedd28a,blockNumber=2878
info|2023-07-09 15:27:25.082207|[RPCWS][SERVICE][onRecvBlockNotifier]receive block number notifier,group=group0,node=2f993327933ad58672518b6d4f63920cbc68b80f78f4d81192552ee6362f5cc81ee13bdc678ad65f06e76444cadb53b33694cfb3fc7679b8000411975fedd28a,blockNumber=2878
info|2023-07-09 15:27:25.082214|[WS]receive block notify,endpoint=127.0.0.1:20201,blk={
	"blockNumber" : 2878,
	"group" : "group0",
	"nodeName" : "2f993327933ad58672518b6d4f63920cbc68b80f78f4d81192552ee6362f5cc81ee13bdc678ad65f06e76444cadb53b33694cfb3fc7679b8000411975fedd28a"
}
info|2023-07-09 15:27:36.993987|[EVENT][SUB][doLoop]event sub tasks report,working event sub count=0,suspend event sub count=0
info|2023-07-09 15:27:37.775466|[SDK][WS][SERVICE]connected nodes,count=2
info|2023-07-09 15:27:56.994727|[EVENT][SUB][doLoop]event sub tasks report,working event sub count=0,suspend event sub count=0
info|2023-07-09 15:27:57.776111|[SDK][WS][SERVICE]connected nodes,count=2
info|2023-07-09 15:28:16.995047|[EVENT][SUB][doLoop]event sub tasks report,working event sub count=0,suspend event sub count=0
info|2023-07-09 15:28:17.776393|[SDK][WS][SERVICE]connected nodes,count=2
info|2023-07-09 15:28:36.995136|[EVENT][SUB][doLoop]event sub tasks report,working event sub count=0,suspend event sub count=0
info|2023-07-09 15:28:37.776576|[SDK][WS][SERVICE]connected nodes,count=2
info|2023-07-09 15:28:56.995187|[EVENT][SUB][doLoop]event sub tasks report,working event sub count=0,suspend event sub count=0
info|2023-07-09 15:28:57.783662|[SDK][WS][SERVICE]connected nodes,count=2
info|2023-07-09 15:29:16.995553|[EVENT][SUB][doLoop]event sub tasks report,working event sub count=0,suspend event sub count=0
info|2023-07-09 15:29:17.783997|[SDK][WS][SERVICE]connected nodes,count=2
info|2023-07-09 15:29:36.996061|[EVENT][SUB][doLoop]event sub tasks report,working event sub count=0,suspend event sub count=0
info|2023-07-09 15:29:37.784160|[SDK][WS][SERVICE]connected nodes,count=2
info|2023-07-09 15:29:56.996135|[EVENT][SUB][doLoop]event sub tasks report,working event sub count=0,suspend event sub count=0
info|2023-07-09 15:29:57.784620|[SDK][WS][SERVICE]connected nodes,count=2
info|2023-07-09 15:30:16.996681|[EVENT][SUB][doLoop]event sub tasks report,working event sub count=0,suspend event sub count=0
info|2023-07-09 15:30:17.785299|[SDK][WS][SERVICE]connected nodes,count=2
info|2023-07-09 15:30:36.997063|[EVENT][SUB][doLoop]event sub tasks report,working event sub count=0,suspend event sub count=0
info|2023-07-09 15:30:37.786203|[SDK][WS][SERVICE]connected nodes,count=2
info|2023-07-09 15:30:56.997248|[EVENT][SUB][doLoop]event sub tasks report,working event sub count=0,suspend event sub count=0
info|2023-07-09 15:30:57.787958|[SDK][WS][SERVICE]connected nodes,count=2
info|2023-07-09 15:31:17.012927|[EVENT][SUB][doLoop]event sub tasks report,working event sub count=0,suspend event sub count=0
info|2023-07-09 15:31:17.788987|[SDK][WS][SERVICE]connected nodes,count=2
info|2023-07-09 15:31:37.013393|[EVENT][SUB][doLoop]event sub tasks report,working event sub count=0,suspend event sub count=0
info|2023-07-09 15:31:37.789787|[SDK][WS][SERVICE]connected nodes,count=2
info|2023-07-09 15:31:57.013521|[EVENT][SUB][doLoop]event sub tasks report,working event sub count=0,suspend event sub count=0
info|2023-07-09 15:31:57.790265|[SDK][WS][SERVICE]connected nodes,count=2
info|2023-07-09 15:32:17.017650|[EVENT][SUB][doLoop]event sub tasks report,working event sub count=0,suspend event sub count=0
info|2023-07-09 15:32:18.115296|[SDK][WS][SERVICE]connected nodes,count=2
info|2023-07-09 15:32:37.017879|[EVENT][SUB][doLoop]event sub tasks report,working event sub count=0,suspend event sub count=0
info|2023-07-09 15:32:38.117276|[SDK][WS][SERVICE]connected nodes,count=2
info|2023-07-09 15:32:57.018342|[EVENT][SUB][doLoop]event sub tasks report,working event sub count=0,suspend event sub count=0
info|2023-07-09 15:32:58.117692|[SDK][WS][SERVICE]connected nodes,count=2
info|2023-07-09 15:33:17.018456|[EVENT][SUB][doLoop]event sub tasks report,working event sub count=0,suspend event sub count=0
info|2023-07-09 15:33:18.118237|[SDK][WS][SERVICE]connected nodes,count=2
info|2023-07-09 15:33:37.018880|[EVENT][SUB][doLoop]event sub tasks report,working event sub count=0,suspend event sub count=0
info|2023-07-09 15:33:38.120871|[SDK][WS][SERVICE]connected nodes,count=2
info|2023-07-09 15:33:57.019018|[EVENT][SUB][doLoop]event sub tasks report,working event sub count=0,suspend event sub count=0
info|2023-07-09 15:33:58.120976|[SDK][WS][SERVICE]connected nodes,count=2
info|2023-07-09 15:34:17.019772|[EVENT][SUB][doLoop]event sub tasks report,working event sub count=0,suspend event sub count=0
info|2023-07-09 15:34:18.121303|[SDK][WS][SERVICE]connected nodes,count=2
info|2023-07-09 15:34:37.020494|[EVENT][SUB][doLoop]event sub tasks report,working event sub count=0,suspend event sub count=0
info|2023-07-09 15:34:38.122337|[SDK][WS][SERVICE]connected nodes,count=2
info|2023-07-09 15:34:57.021127|[EVENT][SUB][doLoop]event sub tasks report,working event sub count=0,suspend event sub count=0
info|2023-07-09 15:34:58.122547|[SDK][WS][SERVICE]connected nodes,count=2
info|2023-07-09 15:35:17.026529|[EVENT][SUB][doLoop]event sub tasks report,working event sub count=0,suspend event sub count=0
info|2023-07-09 15:35:18.123053|[SDK][WS][SERVICE]connected nodes,count=2
info|2023-07-09 15:35:37.026671|[EVENT][SUB][doLoop]event sub tasks report,working event sub count=0,suspend event sub count=0
info|2023-07-09 15:35:38.123384|[SDK][WS][SERVICE]connected nodes,count=2
info|2023-07-09 15:35:57.026958|[EVENT][SUB][doLoop]event sub tasks report,working event sub count=0,suspend event sub count=0
info|2023-07-09 15:35:58.123849|[SDK][WS][SERVICE]connected nodes,count=2
info|2023-07-09 15:36:17.027471|[EVENT][SUB][doLoop]event sub tasks report,working event sub count=0,suspend event sub count=0
info|2023-07-09 15:36:18.124466|[SDK][WS][SERVICE]connected nodes,count=2
info|2023-07-09 15:36:37.050673|[EVENT][SUB][doLoop]event sub tasks report,working event sub count=0,suspend event sub count=0
info|2023-07-09 15:36:38.125066|[SDK][WS][SERVICE]connected nodes,count=2
info|2023-07-09 15:36:57.065811|[EVENT][SUB][doLoop]event sub tasks report,working event sub count=0,suspend event sub count=0
info|2023-07-09 15:36:58.125227|[SDK][WS][SERVICE]connected nodes,count=2
info|2023-07-09 15:37:17.077930|[EVENT][SUB][doLoop]event sub tasks report,working event sub count=0,suspend event sub count=0
info|2023-07-09 15:37:18.125593|[SDK][WS][SERVICE]connected nodes,count=2
info|2023-07-09 15:37:37.079584|[EVENT][SUB][doLoop]event sub tasks report,working event sub count=0,suspend event sub count=0
info|2023-07-09 15:37:38.125823|[SDK][WS][SERVICE]connected nodes,count=2
info|2023-07-09 15:37:57.079662|[EVENT][SUB][doLoop]event sub tasks report,working event sub count=0,suspend event sub count=0
info|2023-07-09 15:37:58.126485|[SDK][WS][SERVICE]connected nodes,count=2
info|2023-07-09 15:38:17.079981|[EVENT][SUB][doLoop]event sub tasks report,working event sub count=0,suspend event sub count=0
info|2023-07-09 15:38:18.126660|[SDK][WS][SERVICE]connected nodes,count=2
info|2023-07-09 15:38:37.080727|[EVENT][SUB][doLoop]event sub tasks report,working event sub count=0,suspend event sub count=0
info|2023-07-09 15:38:38.126812|[SDK][WS][SERVICE]connected nodes,count=2
info|2023-07-09 15:38:57.094774|[EVENT][SUB][doLoop]event sub tasks report,working event sub count=0,suspend event sub count=0
info|2023-07-09 15:38:58.127070|[SDK][WS][SERVICE]connected nodes,count=2
info|2023-07-09 15:39:17.095153|[EVENT][SUB][doLoop]event sub tasks report,working event sub count=0,suspend event sub count=0
info|2023-07-09 15:39:18.127210|[SDK][WS][SERVICE]connected nodes,count=2
info|2023-07-09 15:39:37.095294|[EVENT][SUB][doLoop]event sub tasks report,working event sub count=0,suspend event sub count=0
info|2023-07-09 15:39:38.128385|[SDK][WS][SERVICE]connected nodes,count=2
info|2023-07-09 15:39:57.095410|[EVENT][SUB][doLoop]event sub tasks report,working event sub count=0,suspend event sub count=0
info|2023-07-09 15:39:58.129713|[SDK][WS][SERVICE]connected nodes,count=2
info|2023-07-09 15:40:17.095872|[EVENT][SUB][doLoop]event sub tasks report,working event sub count=0,suspend event sub count=0
info|2023-07-09 15:40:18.130613|[SDK][WS][SERVICE]connected nodes,count=2
info|2023-07-09 15:40:37.096187|[EVENT][SUB][doLoop]event sub tasks report,working event sub count=0,suspend event sub count=0
info|2023-07-09 15:40:38.131272|[SDK][WS][SERVICE]connected nodes,count=2
info|2023-07-09 15:40:57.096468|[EVENT][SUB][doLoop]event sub tasks report,working event sub count=0,suspend event sub count=0
info|2023-07-09 15:40:58.131957|[SDK][WS][SERVICE]connected nodes,count=2
info|2023-07-09 15:41:17.096983|[EVENT][SUB][doLoop]event sub tasks report,working event sub count=0,suspend event sub count=0
info|2023-07-09 15:41:18.132116|[SDK][WS][SERVICE]connected nodes,count=2
info|2023-07-09 15:41:37.097029|[EVENT][SUB][doLoop]event sub tasks report,working event sub count=0,suspend event sub count=0
info|2023-07-09 15:41:38.132676|[SDK][WS][SERVICE]connected nodes,count=2
info|2023-07-09 15:41:57.097421|[EVENT][SUB][doLoop]event sub tasks report,working event sub count=0,suspend event sub count=0
info|2023-07-09 15:41:58.132784|[SDK][WS][SERVICE]connected nodes,count=2
info|2023-07-09 15:42:17.098226|[EVENT][SUB][doLoop]event sub tasks report,working event sub count=0,suspend event sub count=0
info|2023-07-09 15:42:18.133586|[SDK][WS][SERVICE]connected nodes,count=2
info|2023-07-09 15:42:37.098670|[EVENT][SUB][doLoop]event sub tasks report,working event sub count=0,suspend event sub count=0
info|2023-07-09 15:42:38.133921|[SDK][WS][SERVICE]connected nodes,count=2
info|2023-07-09 15:42:57.099377|[EVENT][SUB][doLoop]event sub tasks report,working event sub count=0,suspend event sub count=0
info|2023-07-09 15:42:58.134111|[SDK][WS][SERVICE]connected nodes,count=2
info|2023-07-09 15:43:17.099491|[EVENT][SUB][doLoop]event sub tasks report,working event sub count=0,suspend event sub count=0
info|2023-07-09 15:43:18.134377|[SDK][WS][SERVICE]connected nodes,count=2
info|2023-07-09 15:43:37.100085|[EVENT][SUB][doLoop]event sub tasks report,working event sub count=0,suspend event sub count=0
info|2023-07-09 15:43:38.134536|[SDK][WS][SERVICE]connected nodes,count=2
info|2023-07-09 15:43:57.100331|[EVENT][SUB][doLoop]event sub tasks report,working event sub count=0,suspend event sub count=0
info|2023-07-09 15:43:58.135142|[SDK][WS][SERVICE]connected nodes,count=2
info|2023-07-09 15:44:17.100983|[EVENT][SUB][doLoop]event sub tasks report,working event sub count=0,suspend event sub count=0
info|2023-07-09 15:44:18.135726|[SDK][WS][SERVICE]connected nodes,count=2
info|2023-07-09 15:44:37.101606|[EVENT][SUB][doLoop]event sub tasks report,working event sub count=0,suspend event sub count=0
info|2023-07-09 15:44:38.136424|[SDK][WS][SERVICE]connected nodes,count=2
info|2023-07-09 15:44:57.102179|[EVENT][SUB][doLoop]event sub tasks report,working event sub count=0,suspend event sub count=0
info|2023-07-09 15:44:58.136903|[SDK][WS][SERVICE]connected nodes,count=2
info|2023-07-09 15:45:17.102873|[EVENT][SUB][doLoop]event sub tasks report,working event sub count=0,suspend event sub count=0
info|2023-07-09 15:45:18.137700|[SDK][WS][SERVICE]connected nodes,count=2
info|2023-07-09 15:45:37.103240|[EVENT][SUB][doLoop]event sub tasks report,working event sub count=0,suspend event sub count=0
info|2023-07-09 15:45:38.137855|[SDK][WS][SERVICE]connected nodes,count=2
info|2023-07-09 15:45:57.103786|[EVENT][SUB][doLoop]event sub tasks report,working event sub count=0,suspend event sub count=0
info|2023-07-09 15:45:58.138373|[SDK][WS][SERVICE]connected nodes,count=2
info|2023-07-09 15:46:17.103867|[EVENT][SUB][doLoop]event sub tasks report,working event sub count=0,suspend event sub count=0
info|2023-07-09 15:46:18.138852|[SDK][WS][SERVICE]connected nodes,count=2
info|2023-07-09 15:46:37.104071|[EVENT][SUB][doLoop]event sub tasks report,working event sub count=0,suspend event sub count=0
info|2023-07-09 15:46:38.139520|[SDK][WS][SERVICE]connected nodes,count=2
info|2023-07-09 15:46:57.104652|[EVENT][SUB][doLoop]event sub tasks report,working event sub count=0,suspend event sub count=0
info|2023-07-09 15:46:58.139823|[SDK][WS][SERVICE]connected nodes,count=2
info|2023-07-09 15:47:17.105077|[EVENT][SUB][doLoop]event sub tasks report,working event sub count=0,suspend event sub count=0
info|2023-07-09 15:47:18.140281|[SDK][WS][SERVICE]connected nodes,count=2
info|2023-07-09 15:47:37.105395|[EVENT][SUB][doLoop]event sub tasks report,working event sub count=0,suspend event sub count=0
info|2023-07-09 15:47:38.140544|[SDK][WS][SERVICE]connected nodes,count=2
info|2023-07-09 15:47:57.105623|[EVENT][SUB][doLoop]event sub tasks report,working event sub count=0,suspend event sub count=0
info|2023-07-09 15:47:58.141223|[SDK][WS][SERVICE]connected nodes,count=2
info|2023-07-09 15:48:17.105718|[EVENT][SUB][doLoop]event sub tasks report,working event sub count=0,suspend event sub count=0
info|2023-07-09 15:48:18.141628|[SDK][WS][SERVICE]connected nodes,count=2
info|2023-07-09 15:48:37.106029|[EVENT][SUB][doLoop]event sub tasks report,working event sub count=0,suspend event sub count=0
info|2023-07-09 15:48:38.142110|[SDK][WS][SERVICE]connected nodes,count=2
info|2023-07-09 15:48:57.106624|[EVENT][SUB][doLoop]event sub tasks report,working event sub count=0,suspend event sub count=0
info|2023-07-09 15:48:58.142646|[SDK][WS][SERVICE]connected nodes,count=2
info|2023-07-09 15:49:17.106711|[EVENT][SUB][doLoop]event sub tasks report,working event sub count=0,suspend event sub count=0
info|2023-07-09 15:49:18.142871|[SDK][WS][SERVICE]connected nodes,count=2
info|2023-07-09 15:49:37.107467|[EVENT][SUB][doLoop]event sub tasks report,working event sub count=0,suspend event sub count=0
info|2023-07-09 15:49:38.143446|[SDK][WS][SERVICE]connected nodes,count=2
info|2023-07-09 15:49:57.107575|[EVENT][SUB][doLoop]event sub tasks report,working event sub count=0,suspend event sub count=0
info|2023-07-09 15:49:58.143773|[SDK][WS][SERVICE]connected nodes,count=2
info|2023-07-09 15:50:17.107659|[EVENT][SUB][doLoop]event sub tasks report,working event sub count=0,suspend event sub count=0
info|2023-07-09 15:50:18.144215|[SDK][WS][SERVICE]connected nodes,count=2
info|2023-07-09 15:50:37.108152|[EVENT][SUB][doLoop]event sub tasks report,working event sub count=0,suspend event sub count=0
info|2023-07-09 15:50:38.145058|[SDK][WS][SERVICE]connected nodes,count=2
info|2023-07-09 15:50:57.108832|[EVENT][SUB][doLoop]event sub tasks report,working event sub count=0,suspend event sub count=0
info|2023-07-09 15:50:58.145654|[SDK][WS][SERVICE]connected nodes,count=2
info|2023-07-09 15:51:17.109081|[EVENT][SUB][doLoop]event sub tasks report,working event sub count=0,suspend event sub count=0
info|2023-07-09 15:51:18.145765|[SDK][WS][SERVICE]connected nodes,count=2
info|2023-07-09 15:51:37.109621|[EVENT][SUB][doLoop]event sub tasks report,working event sub count=0,suspend event sub count=0
info|2023-07-09 15:51:38.145914|[SDK][WS][SERVICE]connected nodes,count=2
info|2023-07-09 15:51:57.109826|[EVENT][SUB][doLoop]event sub tasks report,working event sub count=0,suspend event sub count=0
info|2023-07-09 15:51:58.146631|[SDK][WS][SERVICE]connected nodes,count=2
info|2023-07-09 15:52:17.109893|[EVENT][SUB][doLoop]event sub tasks report,working event sub count=0,suspend event sub count=0
info|2023-07-09 15:52:18.150464|[SDK][WS][SERVICE]connected nodes,count=2
info|2023-07-09 15:52:37.109971|[EVENT][SUB][doLoop]event sub tasks report,working event sub count=0,suspend event sub count=0
info|2023-07-09 15:52:38.150620|[SDK][WS][SERVICE]connected nodes,count=2
info|2023-07-09 15:52:57.110033|[EVENT][SUB][doLoop]event sub tasks report,working event sub count=0,suspend event sub count=0
info|2023-07-09 15:52:58.151210|[SDK][WS][SERVICE]connected nodes,count=2
info|2023-07-09 15:53:17.110213|[EVENT][SUB][doLoop]event sub tasks report,working event sub count=0,suspend event sub count=0
info|2023-07-09 15:53:18.151330|[SDK][WS][SERVICE]connected nodes,count=2
info|2023-07-09 15:53:37.110274|[EVENT][SUB][doLoop]event sub tasks report,working event sub count=0,suspend event sub count=0
info|2023-07-09 15:53:38.151517|[SDK][WS][SERVICE]connected nodes,count=2
info|2023-07-09 15:53:57.110439|[EVENT][SUB][doLoop]event sub tasks report,working event sub count=0,suspend event sub count=0
info|2023-07-09 15:53:58.152029|[SDK][WS][SERVICE]connected nodes,count=2
info|2023-07-09 15:54:17.110923|[EVENT][SUB][doLoop]event sub tasks report,working event sub count=0,suspend event sub count=0
info|2023-07-09 15:54:18.152421|[SDK][WS][SERVICE]connected nodes,count=2
info|2023-07-09 15:54:37.111400|[EVENT][SUB][doLoop]event sub tasks report,working event sub count=0,suspend event sub count=0
info|2023-07-09 15:54:38.152639|[SDK][WS][SERVICE]connected nodes,count=2
info|2023-07-09 15:54:57.111867|[EVENT][SUB][doLoop]event sub tasks report,working event sub count=0,suspend event sub count=0
info|2023-07-09 15:54:58.152918|[SDK][WS][SERVICE]connected nodes,count=2
info|2023-07-09 15:55:17.112287|[EVENT][SUB][doLoop]event sub tasks report,working event sub count=0,suspend event sub count=0
info|2023-07-09 15:55:18.153424|[SDK][WS][SERVICE]connected nodes,count=2
info|2023-07-09 15:55:37.112507|[EVENT][SUB][doLoop]event sub tasks report,working event sub count=0,suspend event sub count=0
info|2023-07-09 15:55:38.153539|[SDK][WS][SERVICE]connected nodes,count=2
info|2023-07-09 15:55:57.112988|[EVENT][SUB][doLoop]event sub tasks report,working event sub count=0,suspend event sub count=0
info|2023-07-09 15:55:58.154178|[SDK][WS][SERVICE]connected nodes,count=2
info|2023-07-09 15:56:17.113161|[EVENT][SUB][doLoop]event sub tasks report,working event sub count=0,suspend event sub count=0
info|2023-07-09 15:56:18.154363|[SDK][WS][SERVICE]connected nodes,count=2
info|2023-07-09 15:56:37.113501|[EVENT][SUB][doLoop]event sub tasks report,working event sub count=0,suspend event sub count=0
info|2023-07-09 15:56:38.154549|[SDK][WS][SERVICE]connected nodes,count=2
info|2023-07-09 15:56:57.113876|[EVENT][SUB][doLoop]event sub tasks report,working event sub count=0,suspend event sub count=0
info|2023-07-09 15:56:58.154686|[SDK][WS][SERVICE]connected nodes,count=2
info|2023-07-09 15:57:15.748055|[RPC][BLOCK][NUMBER][fromJson],group=group0,node=98a7f70ec883a722219d92253cf073a72605f4087aa3443c8e4aadc0af2dc3ac647d0fa1b5ac99cd6987abafe6d690ae71cd5fd2aeeabe7589bfb4748aabdfba,blockNumber=2879
info|2023-07-09 15:57:15.748079|[RPCWS][SERVICE][onRecvBlockNotifier]receive block number notifier,group=group0,node=98a7f70ec883a722219d92253cf073a72605f4087aa3443c8e4aadc0af2dc3ac647d0fa1b5ac99cd6987abafe6d690ae71cd5fd2aeeabe7589bfb4748aabdfba,blockNumber=2879
info|2023-07-09 15:57:15.748085|[RPCWS][SERVICE][updateGroupBlockNumber],groupID=group0,_blockNumber=2879
info|2023-07-09 15:57:15.748091|[RPCWS][SERVICE][onRecvBlockNotifier]block notifier callback,group=group0,node=98a7f70ec883a722219d92253cf073a72605f4087aa3443c8e4aadc0af2dc3ac647d0fa1b5ac99cd6987abafe6d690ae71cd5fd2aeeabe7589bfb4748aabdfba,blockNumber=2879
info|2023-07-09 15:57:15.748094|[WS]receive block notify,endpoint=127.0.0.1:20200,blk={
	"blockNumber" : 2879,
	"group" : "group0",
	"nodeName" : "98a7f70ec883a722219d92253cf073a72605f4087aa3443c8e4aadc0af2dc3ac647d0fa1b5ac99cd6987abafe6d690ae71cd5fd2aeeabe7589bfb4748aabdfba"
}
info|2023-07-09 15:57:15.771564|[RPC][BLOCK][NUMBER][fromJson],group=group0,node=2f993327933ad58672518b6d4f63920cbc68b80f78f4d81192552ee6362f5cc81ee13bdc678ad65f06e76444cadb53b33694cfb3fc7679b8000411975fedd28a,blockNumber=2879
info|2023-07-09 15:57:15.771592|[RPCWS][SERVICE][onRecvBlockNotifier]receive block number notifier,group=group0,node=2f993327933ad58672518b6d4f63920cbc68b80f78f4d81192552ee6362f5cc81ee13bdc678ad65f06e76444cadb53b33694cfb3fc7679b8000411975fedd28a,blockNumber=2879
info|2023-07-09 15:57:15.771599|[WS]receive block notify,endpoint=127.0.0.1:20201,blk={
	"blockNumber" : 2879,
	"group" : "group0",
	"nodeName" : "2f993327933ad58672518b6d4f63920cbc68b80f78f4d81192552ee6362f5cc81ee13bdc678ad65f06e76444cadb53b33694cfb3fc7679b8000411975fedd28a"
}
info|2023-07-09 15:57:16.338791|[RPC][BLOCK][NUMBER][fromJson],group=group0,node=98a7f70ec883a722219d92253cf073a72605f4087aa3443c8e4aadc0af2dc3ac647d0fa1b5ac99cd6987abafe6d690ae71cd5fd2aeeabe7589bfb4748aabdfba,blockNumber=2880
info|2023-07-09 15:57:16.338812|[RPCWS][SERVICE][onRecvBlockNotifier]receive block number notifier,group=group0,node=98a7f70ec883a722219d92253cf073a72605f4087aa3443c8e4aadc0af2dc3ac647d0fa1b5ac99cd6987abafe6d690ae71cd5fd2aeeabe7589bfb4748aabdfba,blockNumber=2880
info|2023-07-09 15:57:16.338817|[RPCWS][SERVICE][updateGroupBlockNumber],groupID=group0,_blockNumber=2880
info|2023-07-09 15:57:16.338821|[RPCWS][SERVICE][onRecvBlockNotifier]block notifier callback,group=group0,node=98a7f70ec883a722219d92253cf073a72605f4087aa3443c8e4aadc0af2dc3ac647d0fa1b5ac99cd6987abafe6d690ae71cd5fd2aeeabe7589bfb4748aabdfba,blockNumber=2880
info|2023-07-09 15:57:16.338824|[WS]receive block notify,endpoint=127.0.0.1:20200,blk={
	"blockNumber" : 2880,
	"group" : "group0",
	"nodeName" : "98a7f70ec883a722219d92253cf073a72605f4087aa3443c8e4aadc0af2dc3ac647d0fa1b5ac99cd6987abafe6d690ae71cd5fd2aeeabe7589bfb4748aabdfba"
}
info|2023-07-09 15:57:16.343804|[RPC][BLOCK][NUMBER][fromJson],group=group0,node=2f993327933ad58672518b6d4f63920cbc68b80f78f4d81192552ee6362f5cc81ee13bdc678ad65f06e76444cadb53b33694cfb3fc7679b8000411975fedd28a,blockNumber=2880
info|2023-07-09 15:57:16.343824|[RPCWS][SERVICE][onRecvBlockNotifier]receive block number notifier,group=group0,node=2f993327933ad58672518b6d4f63920cbc68b80f78f4d81192552ee6362f5cc81ee13bdc678ad65f06e76444cadb53b33694cfb3fc7679b8000411975fedd28a,blockNumber=2880
info|2023-07-09 15:57:16.343830|[WS]receive block notify,endpoint=127.0.0.1:20201,blk={
	"blockNumber" : 2880,
	"group" : "group0",
	"nodeName" : "2f993327933ad58672518b6d4f63920cbc68b80f78f4d81192552ee6362f5cc81ee13bdc678ad65f06e76444cadb53b33694cfb3fc7679b8000411975fedd28a"
}
info|2023-07-09 15:57:16.829761|[RPC][BLOCK][NUMBER][fromJson],group=group0,node=98a7f70ec883a722219d92253cf073a72605f4087aa3443c8e4aadc0af2dc3ac647d0fa1b5ac99cd6987abafe6d690ae71cd5fd2aeeabe7589bfb4748aabdfba,blockNumber=2881
info|2023-07-09 15:57:16.829794|[RPCWS][SERVICE][onRecvBlockNotifier]receive block number notifier,group=group0,node=98a7f70ec883a722219d92253cf073a72605f4087aa3443c8e4aadc0af2dc3ac647d0fa1b5ac99cd6987abafe6d690ae71cd5fd2aeeabe7589bfb4748aabdfba,blockNumber=2881
info|2023-07-09 15:57:16.829800|[RPCWS][SERVICE][updateGroupBlockNumber],groupID=group0,_blockNumber=2881
info|2023-07-09 15:57:16.829805|[RPCWS][SERVICE][onRecvBlockNotifier]block notifier callback,group=group0,node=98a7f70ec883a722219d92253cf073a72605f4087aa3443c8e4aadc0af2dc3ac647d0fa1b5ac99cd6987abafe6d690ae71cd5fd2aeeabe7589bfb4748aabdfba,blockNumber=2881
info|2023-07-09 15:57:16.829809|[WS]receive block notify,endpoint=127.0.0.1:20200,blk={
	"blockNumber" : 2881,
	"group" : "group0",
	"nodeName" : "98a7f70ec883a722219d92253cf073a72605f4087aa3443c8e4aadc0af2dc3ac647d0fa1b5ac99cd6987abafe6d690ae71cd5fd2aeeabe7589bfb4748aabdfba"
}
info|2023-07-09 15:57:16.865946|[RPC][BLOCK][NUMBER][fromJson],group=group0,node=2f993327933ad58672518b6d4f63920cbc68b80f78f4d81192552ee6362f5cc81ee13bdc678ad65f06e76444cadb53b33694cfb3fc7679b8000411975fedd28a,blockNumber=2881
info|2023-07-09 15:57:16.865970|[RPCWS][SERVICE][onRecvBlockNotifier]receive block number notifier,group=group0,node=2f993327933ad58672518b6d4f63920cbc68b80f78f4d81192552ee6362f5cc81ee13bdc678ad65f06e76444cadb53b33694cfb3fc7679b8000411975fedd28a,blockNumber=2881
info|2023-07-09 15:57:16.865977|[WS]receive block notify,endpoint=127.0.0.1:20201,blk={
	"blockNumber" : 2881,
	"group" : "group0",
	"nodeName" : "2f993327933ad58672518b6d4f63920cbc68b80f78f4d81192552ee6362f5cc81ee13bdc678ad65f06e76444cadb53b33694cfb3fc7679b8000411975fedd28a"
}
info|2023-07-09 15:57:17.114113|[EVENT][SUB][doLoop]event sub tasks report,working event sub count=0,suspend event sub count=0
info|2023-07-09 15:57:17.482959|[RPC][BLOCK][NUMBER][fromJson],group=group0,node=98a7f70ec883a722219d92253cf073a72605f4087aa3443c8e4aadc0af2dc3ac647d0fa1b5ac99cd6987abafe6d690ae71cd5fd2aeeabe7589bfb4748aabdfba,blockNumber=2882
info|2023-07-09 15:57:17.482977|[RPCWS][SERVICE][onRecvBlockNotifier]receive block number notifier,group=group0,node=98a7f70ec883a722219d92253cf073a72605f4087aa3443c8e4aadc0af2dc3ac647d0fa1b5ac99cd6987abafe6d690ae71cd5fd2aeeabe7589bfb4748aabdfba,blockNumber=2882
info|2023-07-09 15:57:17.482982|[RPCWS][SERVICE][updateGroupBlockNumber],groupID=group0,_blockNumber=2882
info|2023-07-09 15:57:17.482986|[RPCWS][SERVICE][onRecvBlockNotifier]block notifier callback,group=group0,node=98a7f70ec883a722219d92253cf073a72605f4087aa3443c8e4aadc0af2dc3ac647d0fa1b5ac99cd6987abafe6d690ae71cd5fd2aeeabe7589bfb4748aabdfba,blockNumber=2882
info|2023-07-09 15:57:17.482990|[WS]receive block notify,endpoint=127.0.0.1:20200,blk={
	"blockNumber" : 2882,
	"group" : "group0",
	"nodeName" : "98a7f70ec883a722219d92253cf073a72605f4087aa3443c8e4aadc0af2dc3ac647d0fa1b5ac99cd6987abafe6d690ae71cd5fd2aeeabe7589bfb4748aabdfba"
}
info|2023-07-09 15:57:17.485988|[RPC][BLOCK][NUMBER][fromJson],group=group0,node=2f993327933ad58672518b6d4f63920cbc68b80f78f4d81192552ee6362f5cc81ee13bdc678ad65f06e76444cadb53b33694cfb3fc7679b8000411975fedd28a,blockNumber=2882
info|2023-07-09 15:57:17.486020|[RPCWS][SERVICE][onRecvBlockNotifier]receive block number notifier,group=group0,node=2f993327933ad58672518b6d4f63920cbc68b80f78f4d81192552ee6362f5cc81ee13bdc678ad65f06e76444cadb53b33694cfb3fc7679b8000411975fedd28a,blockNumber=2882
info|2023-07-09 15:57:17.486028|[WS]receive block notify,endpoint=127.0.0.1:20201,blk={
	"blockNumber" : 2882,
	"group" : "group0",
	"nodeName" : "2f993327933ad58672518b6d4f63920cbc68b80f78f4d81192552ee6362f5cc81ee13bdc678ad65f06e76444cadb53b33694cfb3fc7679b8000411975fedd28a"
}
info|2023-07-09 15:57:18.081814|[RPC][BLOCK][NUMBER][fromJson],group=group0,node=98a7f70ec883a722219d92253cf073a72605f4087aa3443c8e4aadc0af2dc3ac647d0fa1b5ac99cd6987abafe6d690ae71cd5fd2aeeabe7589bfb4748aabdfba,blockNumber=2883
info|2023-07-09 15:57:18.081847|[RPCWS][SERVICE][onRecvBlockNotifier]receive block number notifier,group=group0,node=98a7f70ec883a722219d92253cf073a72605f4087aa3443c8e4aadc0af2dc3ac647d0fa1b5ac99cd6987abafe6d690ae71cd5fd2aeeabe7589bfb4748aabdfba,blockNumber=2883
info|2023-07-09 15:57:18.081853|[RPCWS][SERVICE][updateGroupBlockNumber],groupID=group0,_blockNumber=2883
info|2023-07-09 15:57:18.081857|[RPCWS][SERVICE][onRecvBlockNotifier]block notifier callback,group=group0,node=98a7f70ec883a722219d92253cf073a72605f4087aa3443c8e4aadc0af2dc3ac647d0fa1b5ac99cd6987abafe6d690ae71cd5fd2aeeabe7589bfb4748aabdfba,blockNumber=2883
info|2023-07-09 15:57:18.081861|[WS]receive block notify,endpoint=127.0.0.1:20200,blk={
	"blockNumber" : 2883,
	"group" : "group0",
	"nodeName" : "98a7f70ec883a722219d92253cf073a72605f4087aa3443c8e4aadc0af2dc3ac647d0fa1b5ac99cd6987abafe6d690ae71cd5fd2aeeabe7589bfb4748aabdfba"
}
info|2023-07-09 15:57:18.100795|[RPC][BLOCK][NUMBER][fromJson],group=group0,node=2f993327933ad58672518b6d4f63920cbc68b80f78f4d81192552ee6362f5cc81ee13bdc678ad65f06e76444cadb53b33694cfb3fc7679b8000411975fedd28a,blockNumber=2883
info|2023-07-09 15:57:18.100817|[RPCWS][SERVICE][onRecvBlockNotifier]receive block number notifier,group=group0,node=2f993327933ad58672518b6d4f63920cbc68b80f78f4d81192552ee6362f5cc81ee13bdc678ad65f06e76444cadb53b33694cfb3fc7679b8000411975fedd28a,blockNumber=2883
info|2023-07-09 15:57:18.100824|[WS]receive block notify,endpoint=127.0.0.1:20201,blk={
	"blockNumber" : 2883,
	"group" : "group0",
	"nodeName" : "2f993327933ad58672518b6d4f63920cbc68b80f78f4d81192552ee6362f5cc81ee13bdc678ad65f06e76444cadb53b33694cfb3fc7679b8000411975fedd28a"
}
info|2023-07-09 15:57:18.155365|[SDK][WS][SERVICE]connected nodes,count=2
info|2023-07-09 15:57:18.581491|[RPC][BLOCK][NUMBER][fromJson],group=group0,node=98a7f70ec883a722219d92253cf073a72605f4087aa3443c8e4aadc0af2dc3ac647d0fa1b5ac99cd6987abafe6d690ae71cd5fd2aeeabe7589bfb4748aabdfba,blockNumber=2884
info|2023-07-09 15:57:18.581512|[RPCWS][SERVICE][onRecvBlockNotifier]receive block number notifier,group=group0,node=98a7f70ec883a722219d92253cf073a72605f4087aa3443c8e4aadc0af2dc3ac647d0fa1b5ac99cd6987abafe6d690ae71cd5fd2aeeabe7589bfb4748aabdfba,blockNumber=2884
info|2023-07-09 15:57:18.581517|[RPCWS][SERVICE][updateGroupBlockNumber],groupID=group0,_blockNumber=2884
info|2023-07-09 15:57:18.581522|[RPCWS][SERVICE][onRecvBlockNotifier]block notifier callback,group=group0,node=98a7f70ec883a722219d92253cf073a72605f4087aa3443c8e4aadc0af2dc3ac647d0fa1b5ac99cd6987abafe6d690ae71cd5fd2aeeabe7589bfb4748aabdfba,blockNumber=2884
info|2023-07-09 15:57:18.581526|[WS]receive block notify,endpoint=127.0.0.1:20200,blk={
	"blockNumber" : 2884,
	"group" : "group0",
	"nodeName" : "98a7f70ec883a722219d92253cf073a72605f4087aa3443c8e4aadc0af2dc3ac647d0fa1b5ac99cd6987abafe6d690ae71cd5fd2aeeabe7589bfb4748aabdfba"
}
info|2023-07-09 15:57:18.592107|[RPC][BLOCK][NUMBER][fromJson],group=group0,node=2f993327933ad58672518b6d4f63920cbc68b80f78f4d81192552ee6362f5cc81ee13bdc678ad65f06e76444cadb53b33694cfb3fc7679b8000411975fedd28a,blockNumber=2884
info|2023-07-09 15:57:18.592129|[RPCWS][SERVICE][onRecvBlockNotifier]receive block number notifier,group=group0,node=2f993327933ad58672518b6d4f63920cbc68b80f78f4d81192552ee6362f5cc81ee13bdc678ad65f06e76444cadb53b33694cfb3fc7679b8000411975fedd28a,blockNumber=2884
info|2023-07-09 15:57:18.592135|[WS]receive block notify,endpoint=127.0.0.1:20201,blk={
	"blockNumber" : 2884,
	"group" : "group0",
	"nodeName" : "2f993327933ad58672518b6d4f63920cbc68b80f78f4d81192552ee6362f5cc81ee13bdc678ad65f06e76444cadb53b33694cfb3fc7679b8000411975fedd28a"
}
info|2023-07-09 15:57:19.250283|[RPC][BLOCK][NUMBER][fromJson],group=group0,node=98a7f70ec883a722219d92253cf073a72605f4087aa3443c8e4aadc0af2dc3ac647d0fa1b5ac99cd6987abafe6d690ae71cd5fd2aeeabe7589bfb4748aabdfba,blockNumber=2885
info|2023-07-09 15:57:19.250336|[RPCWS][SERVICE][onRecvBlockNotifier]receive block number notifier,group=group0,node=98a7f70ec883a722219d92253cf073a72605f4087aa3443c8e4aadc0af2dc3ac647d0fa1b5ac99cd6987abafe6d690ae71cd5fd2aeeabe7589bfb4748aabdfba,blockNumber=2885
info|2023-07-09 15:57:19.250343|[RPCWS][SERVICE][updateGroupBlockNumber],groupID=group0,_blockNumber=2885
info|2023-07-09 15:57:19.250347|[RPCWS][SERVICE][onRecvBlockNotifier]block notifier callback,group=group0,node=98a7f70ec883a722219d92253cf073a72605f4087aa3443c8e4aadc0af2dc3ac647d0fa1b5ac99cd6987abafe6d690ae71cd5fd2aeeabe7589bfb4748aabdfba,blockNumber=2885
info|2023-07-09 15:57:19.250367|[WS]receive block notify,endpoint=127.0.0.1:20200,blk={
	"blockNumber" : 2885,
	"group" : "group0",
	"nodeName" : "98a7f70ec883a722219d92253cf073a72605f4087aa3443c8e4aadc0af2dc3ac647d0fa1b5ac99cd6987abafe6d690ae71cd5fd2aeeabe7589bfb4748aabdfba"
}
info|2023-07-09 15:57:19.300782|[RPC][BLOCK][NUMBER][fromJson],group=group0,node=2f993327933ad58672518b6d4f63920cbc68b80f78f4d81192552ee6362f5cc81ee13bdc678ad65f06e76444cadb53b33694cfb3fc7679b8000411975fedd28a,blockNumber=2885
info|2023-07-09 15:57:19.300818|[RPCWS][SERVICE][onRecvBlockNotifier]receive block number notifier,group=group0,node=2f993327933ad58672518b6d4f63920cbc68b80f78f4d81192552ee6362f5cc81ee13bdc678ad65f06e76444cadb53b33694cfb3fc7679b8000411975fedd28a,blockNumber=2885
info|2023-07-09 15:57:19.300825|[WS]receive block notify,endpoint=127.0.0.1:20201,blk={
	"blockNumber" : 2885,
	"group" : "group0",
	"nodeName" : "2f993327933ad58672518b6d4f63920cbc68b80f78f4d81192552ee6362f5cc81ee13bdc678ad65f06e76444cadb53b33694cfb3fc7679b8000411975fedd28a"
}
info|2023-07-09 15:57:19.859208|[RPC][BLOCK][NUMBER][fromJson],group=group0,node=98a7f70ec883a722219d92253cf073a72605f4087aa3443c8e4aadc0af2dc3ac647d0fa1b5ac99cd6987abafe6d690ae71cd5fd2aeeabe7589bfb4748aabdfba,blockNumber=2886
info|2023-07-09 15:57:19.859229|[RPCWS][SERVICE][onRecvBlockNotifier]receive block number notifier,group=group0,node=98a7f70ec883a722219d92253cf073a72605f4087aa3443c8e4aadc0af2dc3ac647d0fa1b5ac99cd6987abafe6d690ae71cd5fd2aeeabe7589bfb4748aabdfba,blockNumber=2886
info|2023-07-09 15:57:19.859234|[RPCWS][SERVICE][updateGroupBlockNumber],groupID=group0,_blockNumber=2886
info|2023-07-09 15:57:19.859238|[RPCWS][SERVICE][onRecvBlockNotifier]block notifier callback,group=group0,node=98a7f70ec883a722219d92253cf073a72605f4087aa3443c8e4aadc0af2dc3ac647d0fa1b5ac99cd6987abafe6d690ae71cd5fd2aeeabe7589bfb4748aabdfba,blockNumber=2886
info|2023-07-09 15:57:19.859241|[WS]receive block notify,endpoint=127.0.0.1:20200,blk={
	"blockNumber" : 2886,
	"group" : "group0",
	"nodeName" : "98a7f70ec883a722219d92253cf073a72605f4087aa3443c8e4aadc0af2dc3ac647d0fa1b5ac99cd6987abafe6d690ae71cd5fd2aeeabe7589bfb4748aabdfba"
}
info|2023-07-09 15:57:19.895495|[RPC][BLOCK][NUMBER][fromJson],group=group0,node=2f993327933ad58672518b6d4f63920cbc68b80f78f4d81192552ee6362f5cc81ee13bdc678ad65f06e76444cadb53b33694cfb3fc7679b8000411975fedd28a,blockNumber=2886
info|2023-07-09 15:57:19.895518|[RPCWS][SERVICE][onRecvBlockNotifier]receive block number notifier,group=group0,node=2f993327933ad58672518b6d4f63920cbc68b80f78f4d81192552ee6362f5cc81ee13bdc678ad65f06e76444cadb53b33694cfb3fc7679b8000411975fedd28a,blockNumber=2886
info|2023-07-09 15:57:19.895526|[WS]receive block notify,endpoint=127.0.0.1:20201,blk={
	"blockNumber" : 2886,
	"group" : "group0",
	"nodeName" : "2f993327933ad58672518b6d4f63920cbc68b80f78f4d81192552ee6362f5cc81ee13bdc678ad65f06e76444cadb53b33694cfb3fc7679b8000411975fedd28a"
}
info|2023-07-09 15:57:20.431897|[RPC][BLOCK][NUMBER][fromJson],group=group0,node=98a7f70ec883a722219d92253cf073a72605f4087aa3443c8e4aadc0af2dc3ac647d0fa1b5ac99cd6987abafe6d690ae71cd5fd2aeeabe7589bfb4748aabdfba,blockNumber=2887
info|2023-07-09 15:57:20.431998|[RPCWS][SERVICE][onRecvBlockNotifier]receive block number notifier,group=group0,node=98a7f70ec883a722219d92253cf073a72605f4087aa3443c8e4aadc0af2dc3ac647d0fa1b5ac99cd6987abafe6d690ae71cd5fd2aeeabe7589bfb4748aabdfba,blockNumber=2887
info|2023-07-09 15:57:20.432010|[RPCWS][SERVICE][updateGroupBlockNumber],groupID=group0,_blockNumber=2887
info|2023-07-09 15:57:20.432018|[RPCWS][SERVICE][onRecvBlockNotifier]block notifier callback,group=group0,node=98a7f70ec883a722219d92253cf073a72605f4087aa3443c8e4aadc0af2dc3ac647d0fa1b5ac99cd6987abafe6d690ae71cd5fd2aeeabe7589bfb4748aabdfba,blockNumber=2887
info|2023-07-09 15:57:20.432025|[WS]receive block notify,endpoint=127.0.0.1:20200,blk={
	"blockNumber" : 2887,
	"group" : "group0",
	"nodeName" : "98a7f70ec883a722219d92253cf073a72605f4087aa3443c8e4aadc0af2dc3ac647d0fa1b5ac99cd6987abafe6d690ae71cd5fd2aeeabe7589bfb4748aabdfba"
}
info|2023-07-09 15:57:20.486994|[RPC][BLOCK][NUMBER][fromJson],group=group0,node=2f993327933ad58672518b6d4f63920cbc68b80f78f4d81192552ee6362f5cc81ee13bdc678ad65f06e76444cadb53b33694cfb3fc7679b8000411975fedd28a,blockNumber=2887
info|2023-07-09 15:57:20.487115|[RPCWS][SERVICE][onRecvBlockNotifier]receive block number notifier,group=group0,node=2f993327933ad58672518b6d4f63920cbc68b80f78f4d81192552ee6362f5cc81ee13bdc678ad65f06e76444cadb53b33694cfb3fc7679b8000411975fedd28a,blockNumber=2887
info|2023-07-09 15:57:20.487135|[WS]receive block notify,endpoint=127.0.0.1:20201,blk={
	"blockNumber" : 2887,
	"group" : "group0",
	"nodeName" : "2f993327933ad58672518b6d4f63920cbc68b80f78f4d81192552ee6362f5cc81ee13bdc678ad65f06e76444cadb53b33694cfb3fc7679b8000411975fedd28a"
}
info|2023-07-09 15:57:20.991665|[RPC][BLOCK][NUMBER][fromJson],group=group0,node=98a7f70ec883a722219d92253cf073a72605f4087aa3443c8e4aadc0af2dc3ac647d0fa1b5ac99cd6987abafe6d690ae71cd5fd2aeeabe7589bfb4748aabdfba,blockNumber=2888
info|2023-07-09 15:57:20.991695|[RPCWS][SERVICE][onRecvBlockNotifier]receive block number notifier,group=group0,node=98a7f70ec883a722219d92253cf073a72605f4087aa3443c8e4aadc0af2dc3ac647d0fa1b5ac99cd6987abafe6d690ae71cd5fd2aeeabe7589bfb4748aabdfba,blockNumber=2888
info|2023-07-09 15:57:20.991703|[RPCWS][SERVICE][updateGroupBlockNumber],groupID=group0,_blockNumber=2888
info|2023-07-09 15:57:20.991709|[RPCWS][SERVICE][onRecvBlockNotifier]block notifier callback,group=group0,node=98a7f70ec883a722219d92253cf073a72605f4087aa3443c8e4aadc0af2dc3ac647d0fa1b5ac99cd6987abafe6d690ae71cd5fd2aeeabe7589bfb4748aabdfba,blockNumber=2888
info|2023-07-09 15:57:20.991714|[WS]receive block notify,endpoint=127.0.0.1:20200,blk={
	"blockNumber" : 2888,
	"group" : "group0",
	"nodeName" : "98a7f70ec883a722219d92253cf073a72605f4087aa3443c8e4aadc0af2dc3ac647d0fa1b5ac99cd6987abafe6d690ae71cd5fd2aeeabe7589bfb4748aabdfba"
}
info|2023-07-09 15:57:21.015487|[RPC][BLOCK][NUMBER][fromJson],group=group0,node=2f993327933ad58672518b6d4f63920cbc68b80f78f4d81192552ee6362f5cc81ee13bdc678ad65f06e76444cadb53b33694cfb3fc7679b8000411975fedd28a,blockNumber=2888
info|2023-07-09 15:57:21.015507|[RPCWS][SERVICE][onRecvBlockNotifier]receive block number notifier,group=group0,node=2f993327933ad58672518b6d4f63920cbc68b80f78f4d81192552ee6362f5cc81ee13bdc678ad65f06e76444cadb53b33694cfb3fc7679b8000411975fedd28a,blockNumber=2888
info|2023-07-09 15:57:21.015513|[WS]receive block notify,endpoint=127.0.0.1:20201,blk={
	"blockNumber" : 2888,
	"group" : "group0",
	"nodeName" : "2f993327933ad58672518b6d4f63920cbc68b80f78f4d81192552ee6362f5cc81ee13bdc678ad65f06e76444cadb53b33694cfb3fc7679b8000411975fedd28a"
}
info|2023-07-09 15:57:21.626416|[RPC][BLOCK][NUMBER][fromJson],group=group0,node=2f993327933ad58672518b6d4f63920cbc68b80f78f4d81192552ee6362f5cc81ee13bdc678ad65f06e76444cadb53b33694cfb3fc7679b8000411975fedd28a,blockNumber=2889
info|2023-07-09 15:57:21.626496|[RPCWS][SERVICE][onRecvBlockNotifier]receive block number notifier,group=group0,node=2f993327933ad58672518b6d4f63920cbc68b80f78f4d81192552ee6362f5cc81ee13bdc678ad65f06e76444cadb53b33694cfb3fc7679b8000411975fedd28a,blockNumber=2889
info|2023-07-09 15:57:21.626506|[RPCWS][SERVICE][updateGroupBlockNumber],groupID=group0,_blockNumber=2889
info|2023-07-09 15:57:21.626512|[RPCWS][SERVICE][onRecvBlockNotifier]block notifier callback,group=group0,node=2f993327933ad58672518b6d4f63920cbc68b80f78f4d81192552ee6362f5cc81ee13bdc678ad65f06e76444cadb53b33694cfb3fc7679b8000411975fedd28a,blockNumber=2889
info|2023-07-09 15:57:21.626518|[WS]receive block notify,endpoint=127.0.0.1:20201,blk={
	"blockNumber" : 2889,
	"group" : "group0",
	"nodeName" : "2f993327933ad58672518b6d4f63920cbc68b80f78f4d81192552ee6362f5cc81ee13bdc678ad65f06e76444cadb53b33694cfb3fc7679b8000411975fedd28a"
}
info|2023-07-09 15:57:21.628838|[RPC][BLOCK][NUMBER][fromJson],group=group0,node=98a7f70ec883a722219d92253cf073a72605f4087aa3443c8e4aadc0af2dc3ac647d0fa1b5ac99cd6987abafe6d690ae71cd5fd2aeeabe7589bfb4748aabdfba,blockNumber=2889
info|2023-07-09 15:57:21.628906|[RPCWS][SERVICE][onRecvBlockNotifier]receive block number notifier,group=group0,node=98a7f70ec883a722219d92253cf073a72605f4087aa3443c8e4aadc0af2dc3ac647d0fa1b5ac99cd6987abafe6d690ae71cd5fd2aeeabe7589bfb4748aabdfba,blockNumber=2889
info|2023-07-09 15:57:21.628922|[WS]receive block notify,endpoint=127.0.0.1:20200,blk={
	"blockNumber" : 2889,
	"group" : "group0",
	"nodeName" : "98a7f70ec883a722219d92253cf073a72605f4087aa3443c8e4aadc0af2dc3ac647d0fa1b5ac99cd6987abafe6d690ae71cd5fd2aeeabe7589bfb4748aabdfba"
}
info|2023-07-09 15:57:22.212478|[RPC][BLOCK][NUMBER][fromJson],group=group0,node=98a7f70ec883a722219d92253cf073a72605f4087aa3443c8e4aadc0af2dc3ac647d0fa1b5ac99cd6987abafe6d690ae71cd5fd2aeeabe7589bfb4748aabdfba,blockNumber=2890
info|2023-07-09 15:57:22.212515|[RPCWS][SERVICE][onRecvBlockNotifier]receive block number notifier,group=group0,node=98a7f70ec883a722219d92253cf073a72605f4087aa3443c8e4aadc0af2dc3ac647d0fa1b5ac99cd6987abafe6d690ae71cd5fd2aeeabe7589bfb4748aabdfba,blockNumber=2890
info|2023-07-09 15:57:22.212524|[RPCWS][SERVICE][updateGroupBlockNumber],groupID=group0,_blockNumber=2890
info|2023-07-09 15:57:22.212532|[RPCWS][SERVICE][onRecvBlockNotifier]block notifier callback,group=group0,node=98a7f70ec883a722219d92253cf073a72605f4087aa3443c8e4aadc0af2dc3ac647d0fa1b5ac99cd6987abafe6d690ae71cd5fd2aeeabe7589bfb4748aabdfba,blockNumber=2890
info|2023-07-09 15:57:22.212540|[WS]receive block notify,endpoint=127.0.0.1:20200,blk={
	"blockNumber" : 2890,
	"group" : "group0",
	"nodeName" : "98a7f70ec883a722219d92253cf073a72605f4087aa3443c8e4aadc0af2dc3ac647d0fa1b5ac99cd6987abafe6d690ae71cd5fd2aeeabe7589bfb4748aabdfba"
}
info|2023-07-09 15:57:22.249144|[RPC][BLOCK][NUMBER][fromJson],group=group0,node=2f993327933ad58672518b6d4f63920cbc68b80f78f4d81192552ee6362f5cc81ee13bdc678ad65f06e76444cadb53b33694cfb3fc7679b8000411975fedd28a,blockNumber=2890
info|2023-07-09 15:57:22.249188|[RPCWS][SERVICE][onRecvBlockNotifier]receive block number notifier,group=group0,node=2f993327933ad58672518b6d4f63920cbc68b80f78f4d81192552ee6362f5cc81ee13bdc678ad65f06e76444cadb53b33694cfb3fc7679b8000411975fedd28a,blockNumber=2890
info|2023-07-09 15:57:22.249204|[WS]receive block notify,endpoint=127.0.0.1:20201,blk={
	"blockNumber" : 2890,
	"group" : "group0",
	"nodeName" : "2f993327933ad58672518b6d4f63920cbc68b80f78f4d81192552ee6362f5cc81ee13bdc678ad65f06e76444cadb53b33694cfb3fc7679b8000411975fedd28a"
}
info|2023-07-09 15:57:22.792891|[RPC][BLOCK][NUMBER][fromJson],group=group0,node=98a7f70ec883a722219d92253cf073a72605f4087aa3443c8e4aadc0af2dc3ac647d0fa1b5ac99cd6987abafe6d690ae71cd5fd2aeeabe7589bfb4748aabdfba,blockNumber=2891
info|2023-07-09 15:57:22.792951|[RPCWS][SERVICE][onRecvBlockNotifier]receive block number notifier,group=group0,node=98a7f70ec883a722219d92253cf073a72605f4087aa3443c8e4aadc0af2dc3ac647d0fa1b5ac99cd6987abafe6d690ae71cd5fd2aeeabe7589bfb4748aabdfba,blockNumber=2891
info|2023-07-09 15:57:22.792968|[RPCWS][SERVICE][updateGroupBlockNumber],groupID=group0,_blockNumber=2891
info|2023-07-09 15:57:22.792982|[RPCWS][SERVICE][onRecvBlockNotifier]block notifier callback,group=group0,node=98a7f70ec883a722219d92253cf073a72605f4087aa3443c8e4aadc0af2dc3ac647d0fa1b5ac99cd6987abafe6d690ae71cd5fd2aeeabe7589bfb4748aabdfba,blockNumber=2891
info|2023-07-09 15:57:22.792993|[WS]receive block notify,endpoint=127.0.0.1:20200,blk={
	"blockNumber" : 2891,
	"group" : "group0",
	"nodeName" : "98a7f70ec883a722219d92253cf073a72605f4087aa3443c8e4aadc0af2dc3ac647d0fa1b5ac99cd6987abafe6d690ae71cd5fd2aeeabe7589bfb4748aabdfba"
}
info|2023-07-09 15:57:22.813367|[RPC][BLOCK][NUMBER][fromJson],group=group0,node=2f993327933ad58672518b6d4f63920cbc68b80f78f4d81192552ee6362f5cc81ee13bdc678ad65f06e76444cadb53b33694cfb3fc7679b8000411975fedd28a,blockNumber=2891
info|2023-07-09 15:57:22.813401|[RPCWS][SERVICE][onRecvBlockNotifier]receive block number notifier,group=group0,node=2f993327933ad58672518b6d4f63920cbc68b80f78f4d81192552ee6362f5cc81ee13bdc678ad65f06e76444cadb53b33694cfb3fc7679b8000411975fedd28a,blockNumber=2891
info|2023-07-09 15:57:22.813413|[WS]receive block notify,endpoint=127.0.0.1:20201,blk={
	"blockNumber" : 2891,
	"group" : "group0",
	"nodeName" : "2f993327933ad58672518b6d4f63920cbc68b80f78f4d81192552ee6362f5cc81ee13bdc678ad65f06e76444cadb53b33694cfb3fc7679b8000411975fedd28a"
}
info|2023-07-09 15:57:23.315070|[RPC][BLOCK][NUMBER][fromJson],group=group0,node=98a7f70ec883a722219d92253cf073a72605f4087aa3443c8e4aadc0af2dc3ac647d0fa1b5ac99cd6987abafe6d690ae71cd5fd2aeeabe7589bfb4748aabdfba,blockNumber=2892
info|2023-07-09 15:57:23.315094|[RPCWS][SERVICE][onRecvBlockNotifier]receive block number notifier,group=group0,node=98a7f70ec883a722219d92253cf073a72605f4087aa3443c8e4aadc0af2dc3ac647d0fa1b5ac99cd6987abafe6d690ae71cd5fd2aeeabe7589bfb4748aabdfba,blockNumber=2892
info|2023-07-09 15:57:23.315101|[RPCWS][SERVICE][updateGroupBlockNumber],groupID=group0,_blockNumber=2892
info|2023-07-09 15:57:23.315106|[RPCWS][SERVICE][onRecvBlockNotifier]block notifier callback,group=group0,node=98a7f70ec883a722219d92253cf073a72605f4087aa3443c8e4aadc0af2dc3ac647d0fa1b5ac99cd6987abafe6d690ae71cd5fd2aeeabe7589bfb4748aabdfba,blockNumber=2892
info|2023-07-09 15:57:23.315110|[WS]receive block notify,endpoint=127.0.0.1:20200,blk={
	"blockNumber" : 2892,
	"group" : "group0",
	"nodeName" : "98a7f70ec883a722219d92253cf073a72605f4087aa3443c8e4aadc0af2dc3ac647d0fa1b5ac99cd6987abafe6d690ae71cd5fd2aeeabe7589bfb4748aabdfba"
}
info|2023-07-09 15:57:23.326241|[RPC][BLOCK][NUMBER][fromJson],group=group0,node=2f993327933ad58672518b6d4f63920cbc68b80f78f4d81192552ee6362f5cc81ee13bdc678ad65f06e76444cadb53b33694cfb3fc7679b8000411975fedd28a,blockNumber=2892
info|2023-07-09 15:57:23.326284|[RPCWS][SERVICE][onRecvBlockNotifier]receive block number notifier,group=group0,node=2f993327933ad58672518b6d4f63920cbc68b80f78f4d81192552ee6362f5cc81ee13bdc678ad65f06e76444cadb53b33694cfb3fc7679b8000411975fedd28a,blockNumber=2892
info|2023-07-09 15:57:23.326294|[WS]receive block notify,endpoint=127.0.0.1:20201,blk={
	"blockNumber" : 2892,
	"group" : "group0",
	"nodeName" : "2f993327933ad58672518b6d4f63920cbc68b80f78f4d81192552ee6362f5cc81ee13bdc678ad65f06e76444cadb53b33694cfb3fc7679b8000411975fedd28a"
}
info|2023-07-09 15:57:23.870750|[RPC][BLOCK][NUMBER][fromJson],group=group0,node=98a7f70ec883a722219d92253cf073a72605f4087aa3443c8e4aadc0af2dc3ac647d0fa1b5ac99cd6987abafe6d690ae71cd5fd2aeeabe7589bfb4748aabdfba,blockNumber=2893
info|2023-07-09 15:57:23.870796|[RPCWS][SERVICE][onRecvBlockNotifier]receive block number notifier,group=group0,node=98a7f70ec883a722219d92253cf073a72605f4087aa3443c8e4aadc0af2dc3ac647d0fa1b5ac99cd6987abafe6d690ae71cd5fd2aeeabe7589bfb4748aabdfba,blockNumber=2893
info|2023-07-09 15:57:23.870808|[RPCWS][SERVICE][updateGroupBlockNumber],groupID=group0,_blockNumber=2893
info|2023-07-09 15:57:23.870817|[RPCWS][SERVICE][onRecvBlockNotifier]block notifier callback,group=group0,node=98a7f70ec883a722219d92253cf073a72605f4087aa3443c8e4aadc0af2dc3ac647d0fa1b5ac99cd6987abafe6d690ae71cd5fd2aeeabe7589bfb4748aabdfba,blockNumber=2893
info|2023-07-09 15:57:23.870827|[WS]receive block notify,endpoint=127.0.0.1:20200,blk={
	"blockNumber" : 2893,
	"group" : "group0",
	"nodeName" : "98a7f70ec883a722219d92253cf073a72605f4087aa3443c8e4aadc0af2dc3ac647d0fa1b5ac99cd6987abafe6d690ae71cd5fd2aeeabe7589bfb4748aabdfba"
}
info|2023-07-09 15:57:23.928986|[RPC][BLOCK][NUMBER][fromJson],group=group0,node=2f993327933ad58672518b6d4f63920cbc68b80f78f4d81192552ee6362f5cc81ee13bdc678ad65f06e76444cadb53b33694cfb3fc7679b8000411975fedd28a,blockNumber=2893
info|2023-07-09 15:57:23.929023|[RPCWS][SERVICE][onRecvBlockNotifier]receive block number notifier,group=group0,node=2f993327933ad58672518b6d4f63920cbc68b80f78f4d81192552ee6362f5cc81ee13bdc678ad65f06e76444cadb53b33694cfb3fc7679b8000411975fedd28a,blockNumber=2893
info|2023-07-09 15:57:23.929035|[WS]receive block notify,endpoint=127.0.0.1:20201,blk={
	"blockNumber" : 2893,
	"group" : "group0",
	"nodeName" : "2f993327933ad58672518b6d4f63920cbc68b80f78f4d81192552ee6362f5cc81ee13bdc678ad65f06e76444cadb53b33694cfb3fc7679b8000411975fedd28a"
}
info|2023-07-09 15:57:24.523924|[RPC][BLOCK][NUMBER][fromJson],group=group0,node=98a7f70ec883a722219d92253cf073a72605f4087aa3443c8e4aadc0af2dc3ac647d0fa1b5ac99cd6987abafe6d690ae71cd5fd2aeeabe7589bfb4748aabdfba,blockNumber=2894
info|2023-07-09 15:57:24.523950|[RPCWS][SERVICE][onRecvBlockNotifier]receive block number notifier,group=group0,node=98a7f70ec883a722219d92253cf073a72605f4087aa3443c8e4aadc0af2dc3ac647d0fa1b5ac99cd6987abafe6d690ae71cd5fd2aeeabe7589bfb4748aabdfba,blockNumber=2894
info|2023-07-09 15:57:24.523956|[RPCWS][SERVICE][updateGroupBlockNumber],groupID=group0,_blockNumber=2894
info|2023-07-09 15:57:24.523961|[RPCWS][SERVICE][onRecvBlockNotifier]block notifier callback,group=group0,node=98a7f70ec883a722219d92253cf073a72605f4087aa3443c8e4aadc0af2dc3ac647d0fa1b5ac99cd6987abafe6d690ae71cd5fd2aeeabe7589bfb4748aabdfba,blockNumber=2894
info|2023-07-09 15:57:24.523964|[WS]receive block notify,endpoint=127.0.0.1:20200,blk={
	"blockNumber" : 2894,
	"group" : "group0",
	"nodeName" : "98a7f70ec883a722219d92253cf073a72605f4087aa3443c8e4aadc0af2dc3ac647d0fa1b5ac99cd6987abafe6d690ae71cd5fd2aeeabe7589bfb4748aabdfba"
}
info|2023-07-09 15:57:24.537722|[RPC][BLOCK][NUMBER][fromJson],group=group0,node=2f993327933ad58672518b6d4f63920cbc68b80f78f4d81192552ee6362f5cc81ee13bdc678ad65f06e76444cadb53b33694cfb3fc7679b8000411975fedd28a,blockNumber=2894
info|2023-07-09 15:57:24.537772|[RPCWS][SERVICE][onRecvBlockNotifier]receive block number notifier,group=group0,node=2f993327933ad58672518b6d4f63920cbc68b80f78f4d81192552ee6362f5cc81ee13bdc678ad65f06e76444cadb53b33694cfb3fc7679b8000411975fedd28a,blockNumber=2894
info|2023-07-09 15:57:24.537788|[WS]receive block notify,endpoint=127.0.0.1:20201,blk={
	"blockNumber" : 2894,
	"group" : "group0",
	"nodeName" : "2f993327933ad58672518b6d4f63920cbc68b80f78f4d81192552ee6362f5cc81ee13bdc678ad65f06e76444cadb53b33694cfb3fc7679b8000411975fedd28a"
}
info|2023-07-09 15:57:37.114575|[EVENT][SUB][doLoop]event sub tasks report,working event sub count=0,suspend event sub count=0
info|2023-07-09 15:57:38.155825|[SDK][WS][SERVICE]connected nodes,count=2
info|2023-07-09 15:57:57.114848|[EVENT][SUB][doLoop]event sub tasks report,working event sub count=0,suspend event sub count=0
info|2023-07-09 15:57:58.156045|[SDK][WS][SERVICE]connected nodes,count=2
info|2023-07-09 15:58:17.115219|[EVENT][SUB][doLoop]event sub tasks report,working event sub count=0,suspend event sub count=0
info|2023-07-09 15:58:18.156535|[SDK][WS][SERVICE]connected nodes,count=2
info|2023-07-09 15:58:37.115992|[EVENT][SUB][doLoop]event sub tasks report,working event sub count=0,suspend event sub count=0
info|2023-07-09 15:58:38.157051|[SDK][WS][SERVICE]connected nodes,count=2
info|2023-07-09 15:58:57.117373|[EVENT][SUB][doLoop]event sub tasks report,working event sub count=0,suspend event sub count=0
info|2023-07-09 15:58:58.157216|[SDK][WS][SERVICE]connected nodes,count=2
info|2023-07-09 15:59:17.118077|[EVENT][SUB][doLoop]event sub tasks report,working event sub count=0,suspend event sub count=0
info|2023-07-09 15:59:18.157612|[SDK][WS][SERVICE]connected nodes,count=2
info|2023-07-09 15:59:37.118342|[EVENT][SUB][doLoop]event sub tasks report,working event sub count=0,suspend event sub count=0
info|2023-07-09 15:59:38.158266|[SDK][WS][SERVICE]connected nodes,count=2
info|2023-07-09 15:59:57.118639|[EVENT][SUB][doLoop]event sub tasks report,working event sub count=0,suspend event sub count=0
info|2023-07-09 15:59:58.158476|[SDK][WS][SERVICE]connected nodes,count=2
