info|2023-07-09 18:00:17.239151|[EVENT][SUB][doLoop]event sub tasks report,working event sub count=0,suspend event sub count=0
info|2023-07-09 18:00:18.364138|[SDK][WS][SERVICE]connected nodes,count=2
info|2023-07-09 18:00:37.239870|[EVENT][SUB][doLoop]event sub tasks report,working event sub count=0,suspend event sub count=0
info|2023-07-09 18:00:38.365414|[SDK][WS][SERVICE]connected nodes,count=2
info|2023-07-09 18:00:57.240672|[EVENT][SUB][doLoop]event sub tasks report,working event sub count=0,suspend event sub count=0
info|2023-07-09 18:00:58.366301|[SDK][WS][SERVICE]connected nodes,count=2
info|2023-07-09 18:01:17.241327|[EVENT][SUB][doLoop]event sub tasks report,working event sub count=0,suspend event sub count=0
info|2023-07-09 18:01:18.366573|[SDK][WS][SERVICE]connected nodes,count=2
info|2023-07-09 18:01:37.252905|[EVENT][SUB][doLoop]event sub tasks report,working event sub count=0,suspend event sub count=0
info|2023-07-09 18:01:38.366776|[SDK][WS][SERVICE]connected nodes,count=2
info|2023-07-09 18:01:57.262181|[EVENT][SUB][doLoop]event sub tasks report,working event sub count=0,suspend event sub count=0
info|2023-07-09 18:01:58.375322|[SDK][WS][SERVICE]connected nodes,count=2
info|2023-07-09 18:02:17.262410|[EVENT][SUB][doLoop]event sub tasks report,working event sub count=0,suspend event sub count=0
info|2023-07-09 18:02:18.375517|[SDK][WS][SERVICE]connected nodes,count=2
info|2023-07-09 18:02:37.262707|[EVENT][SUB][doLoop]event sub tasks report,working event sub count=0,suspend event sub count=0
info|2023-07-09 18:02:38.376853|[SDK][WS][SERVICE]connected nodes,count=2
info|2023-07-09 18:02:57.263534|[EVENT][SUB][doLoop]event sub tasks report,working event sub count=0,suspend event sub count=0
info|2023-07-09 18:02:58.377321|[SDK][WS][SERVICE]connected nodes,count=2
info|2023-07-09 18:03:17.263758|[EVENT][SUB][doLoop]event sub tasks report,working event sub count=0,suspend event sub count=0
info|2023-07-09 18:03:18.377679|[SDK][WS][SERVICE]connected nodes,count=2
info|2023-07-09 18:03:37.263907|[EVENT][SUB][doLoop]event sub tasks report,working event sub count=0,suspend event sub count=0
info|2023-07-09 18:03:38.378179|[SDK][WS][SERVICE]connected nodes,count=2
info|2023-07-09 18:03:57.264388|[EVENT][SUB][doLoop]event sub tasks report,working event sub count=0,suspend event sub count=0
info|2023-07-09 18:03:58.378564|[SDK][WS][SERVICE]connected nodes,count=2
info|2023-07-09 18:04:17.264511|[EVENT][SUB][doLoop]event sub tasks report,working event sub count=0,suspend event sub count=0
info|2023-07-09 18:04:18.379292|[SDK][WS][SERVICE]connected nodes,count=2
info|2023-07-09 18:04:37.264936|[EVENT][SUB][doLoop]event sub tasks report,working event sub count=0,suspend event sub count=0
info|2023-07-09 18:04:38.379657|[SDK][WS][SERVICE]connected nodes,count=2
info|2023-07-09 18:04:57.265380|[EVENT][SUB][doLoop]event sub tasks report,working event sub count=0,suspend event sub count=0
info|2023-07-09 18:04:58.379882|[SDK][WS][SERVICE]connected nodes,count=2
info|2023-07-09 18:05:17.265609|[EVENT][SUB][doLoop]event sub tasks report,working event sub count=0,suspend event sub count=0
info|2023-07-09 18:05:18.380185|[SDK][WS][SERVICE]connected nodes,count=2
info|2023-07-09 18:05:37.266060|[EVENT][SUB][doLoop]event sub tasks report,working event sub count=0,suspend event sub count=0
info|2023-07-09 18:05:38.380670|[SDK][WS][SERVICE]connected nodes,count=2
info|2023-07-09 18:05:57.266769|[EVENT][SUB][doLoop]event sub tasks report,working event sub count=0,suspend event sub count=0
info|2023-07-09 18:05:58.386581|[SDK][WS][SERVICE]connected nodes,count=2
info|2023-07-09 18:06:17.267069|[EVENT][SUB][doLoop]event sub tasks report,working event sub count=0,suspend event sub count=0
info|2023-07-09 18:06:18.386947|[SDK][WS][SERVICE]connected nodes,count=2
info|2023-07-09 18:06:37.267325|[EVENT][SUB][doLoop]event sub tasks report,working event sub count=0,suspend event sub count=0
info|2023-07-09 18:06:38.388097|[SDK][WS][SERVICE]connected nodes,count=2
info|2023-07-09 18:06:57.268471|[EVENT][SUB][doLoop]event sub tasks report,working event sub count=0,suspend event sub count=0
info|2023-07-09 18:06:58.388287|[SDK][WS][SERVICE]connected nodes,count=2
info|2023-07-09 18:07:17.285649|[EVENT][SUB][doLoop]event sub tasks report,working event sub count=0,suspend event sub count=0
info|2023-07-09 18:07:18.389177|[SDK][WS][SERVICE]connected nodes,count=2
info|2023-07-09 18:07:37.286110|[EVENT][SUB][doLoop]event sub tasks report,working event sub count=0,suspend event sub count=0
info|2023-07-09 18:07:38.389988|[SDK][WS][SERVICE]connected nodes,count=2
info|2023-07-09 18:07:57.286437|[EVENT][SUB][doLoop]event sub tasks report,working event sub count=0,suspend event sub count=0
info|2023-07-09 18:07:58.391773|[SDK][WS][SERVICE]connected nodes,count=2
info|2023-07-09 18:08:17.286557|[EVENT][SUB][doLoop]event sub tasks report,working event sub count=0,suspend event sub count=0
info|2023-07-09 18:08:18.392436|[SDK][WS][SERVICE]connected nodes,count=2
info|2023-07-09 18:08:37.286677|[EVENT][SUB][doLoop]event sub tasks report,working event sub count=0,suspend event sub count=0
info|2023-07-09 18:08:38.393395|[SDK][WS][SERVICE]connected nodes,count=2
info|2023-07-09 18:08:57.287429|[EVENT][SUB][doLoop]event sub tasks report,working event sub count=0,suspend event sub count=0
info|2023-07-09 18:08:58.393619|[SDK][WS][SERVICE]connected nodes,count=2
info|2023-07-09 18:09:17.287534|[EVENT][SUB][doLoop]event sub tasks report,working event sub count=0,suspend event sub count=0
info|2023-07-09 18:09:18.394056|[SDK][WS][SERVICE]connected nodes,count=2
info|2023-07-09 18:09:37.288351|[EVENT][SUB][doLoop]event sub tasks report,working event sub count=0,suspend event sub count=0
info|2023-07-09 18:09:38.394359|[SDK][WS][SERVICE]connected nodes,count=2
info|2023-07-09 18:09:57.288479|[EVENT][SUB][doLoop]event sub tasks report,working event sub count=0,suspend event sub count=0
info|2023-07-09 18:09:58.394699|[SDK][WS][SERVICE]connected nodes,count=2
info|2023-07-09 18:10:17.288924|[EVENT][SUB][doLoop]event sub tasks report,working event sub count=0,suspend event sub count=0
info|2023-07-09 18:10:18.396152|[SDK][WS][SERVICE]connected nodes,count=2
info|2023-07-09 18:10:37.289213|[EVENT][SUB][doLoop]event sub tasks report,working event sub count=0,suspend event sub count=0
info|2023-07-09 18:10:38.396366|[SDK][WS][SERVICE]connected nodes,count=2
info|2023-07-09 18:10:57.289809|[EVENT][SUB][doLoop]event sub tasks report,working event sub count=0,suspend event sub count=0
info|2023-07-09 18:10:58.397109|[SDK][WS][SERVICE]connected nodes,count=2
info|2023-07-09 18:11:17.295226|[EVENT][SUB][doLoop]event sub tasks report,working event sub count=0,suspend event sub count=0
info|2023-07-09 18:11:18.397492|[SDK][WS][SERVICE]connected nodes,count=2
info|2023-07-09 18:11:37.296492|[EVENT][SUB][doLoop]event sub tasks report,working event sub count=0,suspend event sub count=0
info|2023-07-09 18:11:38.406007|[SDK][WS][SERVICE]connected nodes,count=2
info|2023-07-09 18:11:57.311731|[EVENT][SUB][doLoop]event sub tasks report,working event sub count=0,suspend event sub count=0
info|2023-07-09 18:11:58.422671|[SDK][WS][SERVICE]connected nodes,count=2
info|2023-07-09 18:12:17.312372|[EVENT][SUB][doLoop]event sub tasks report,working event sub count=0,suspend event sub count=0
info|2023-07-09 18:12:18.423039|[SDK][WS][SERVICE]connected nodes,count=2
info|2023-07-09 18:12:37.312646|[EVENT][SUB][doLoop]event sub tasks report,working event sub count=0,suspend event sub count=0
info|2023-07-09 18:12:38.423663|[SDK][WS][SERVICE]connected nodes,count=2
info|2023-07-09 18:12:57.313409|[EVENT][SUB][doLoop]event sub tasks report,working event sub count=0,suspend event sub count=0
info|2023-07-09 18:12:58.423804|[SDK][WS][SERVICE]connected nodes,count=2
info|2023-07-09 18:13:17.313904|[EVENT][SUB][doLoop]event sub tasks report,working event sub count=0,suspend event sub count=0
info|2023-07-09 18:13:18.424552|[SDK][WS][SERVICE]connected nodes,count=2
info|2023-07-09 18:13:37.314151|[EVENT][SUB][doLoop]event sub tasks report,working event sub count=0,suspend event sub count=0
info|2023-07-09 18:13:38.425009|[SDK][WS][SERVICE]connected nodes,count=2
info|2023-07-09 18:13:57.314641|[EVENT][SUB][doLoop]event sub tasks report,working event sub count=0,suspend event sub count=0
info|2023-07-09 18:13:58.425703|[SDK][WS][SERVICE]connected nodes,count=2
info|2023-07-09 18:14:17.314703|[EVENT][SUB][doLoop]event sub tasks report,working event sub count=0,suspend event sub count=0
info|2023-07-09 18:14:18.426353|[SDK][WS][SERVICE]connected nodes,count=2
info|2023-07-09 18:14:37.314772|[EVENT][SUB][doLoop]event sub tasks report,working event sub count=0,suspend event sub count=0
info|2023-07-09 18:14:38.427096|[SDK][WS][SERVICE]connected nodes,count=2
info|2023-07-09 18:14:57.315411|[EVENT][SUB][doLoop]event sub tasks report,working event sub count=0,suspend event sub count=0
info|2023-07-09 18:14:58.427691|[SDK][WS][SERVICE]connected nodes,count=2
info|2023-07-09 18:15:17.315683|[EVENT][SUB][doLoop]event sub tasks report,working event sub count=0,suspend event sub count=0
info|2023-07-09 18:15:18.428559|[SDK][WS][SERVICE]connected nodes,count=2
info|2023-07-09 18:15:37.316011|[EVENT][SUB][doLoop]event sub tasks report,working event sub count=0,suspend event sub count=0
info|2023-07-09 18:15:38.428892|[SDK][WS][SERVICE]connected nodes,count=2
info|2023-07-09 18:15:57.316071|[EVENT][SUB][doLoop]event sub tasks report,working event sub count=0,suspend event sub count=0
info|2023-07-09 18:15:58.429509|[SDK][WS][SERVICE]connected nodes,count=2
info|2023-07-09 18:16:17.316739|[EVENT][SUB][doLoop]event sub tasks report,working event sub count=0,suspend event sub count=0
info|2023-07-09 18:16:18.429636|[SDK][WS][SERVICE]connected nodes,count=2
info|2023-07-09 18:16:37.317599|[EVENT][SUB][doLoop]event sub tasks report,working event sub count=0,suspend event sub count=0
info|2023-07-09 18:16:38.430734|[SDK][WS][SERVICE]connected nodes,count=2
info|2023-07-09 18:16:57.318222|[EVENT][SUB][doLoop]event sub tasks report,working event sub count=0,suspend event sub count=0
info|2023-07-09 18:16:58.430856|[SDK][WS][SERVICE]connected nodes,count=2
info|2023-07-09 18:17:17.318914|[EVENT][SUB][doLoop]event sub tasks report,working event sub count=0,suspend event sub count=0
info|2023-07-09 18:17:18.436316|[SDK][WS][SERVICE]connected nodes,count=2
info|2023-07-09 18:17:37.327006|[EVENT][SUB][doLoop]event sub tasks report,working event sub count=0,suspend event sub count=0
info|2023-07-09 18:17:38.438899|[SDK][WS][SERVICE]connected nodes,count=2
info|2023-07-09 18:17:57.327058|[EVENT][SUB][doLoop]event sub tasks report,working event sub count=0,suspend event sub count=0
info|2023-07-09 18:17:58.439910|[SDK][WS][SERVICE]connected nodes,count=2
info|2023-07-09 18:18:17.327143|[EVENT][SUB][doLoop]event sub tasks report,working event sub count=0,suspend event sub count=0
info|2023-07-09 18:18:18.441839|[SDK][WS][SERVICE]connected nodes,count=2
info|2023-07-09 18:18:37.327227|[EVENT][SUB][doLoop]event sub tasks report,working event sub count=0,suspend event sub count=0
info|2023-07-09 18:18:38.448244|[SDK][WS][SERVICE]connected nodes,count=2
info|2023-07-09 18:18:57.327767|[EVENT][SUB][doLoop]event sub tasks report,working event sub count=0,suspend event sub count=0
info|2023-07-09 18:18:58.465168|[SDK][WS][SERVICE]connected nodes,count=2
info|2023-07-09 18:19:17.328637|[EVENT][SUB][doLoop]event sub tasks report,working event sub count=0,suspend event sub count=0
info|2023-07-09 18:19:18.465766|[SDK][WS][SERVICE]connected nodes,count=2
info|2023-07-09 18:19:37.329107|[EVENT][SUB][doLoop]event sub tasks report,working event sub count=0,suspend event sub count=0
info|2023-07-09 18:19:38.465990|[SDK][WS][SERVICE]connected nodes,count=2
info|2023-07-09 18:19:57.329407|[EVENT][SUB][doLoop]event sub tasks report,working event sub count=0,suspend event sub count=0
info|2023-07-09 18:19:58.466189|[SDK][WS][SERVICE]connected nodes,count=2
info|2023-07-09 18:20:17.329651|[EVENT][SUB][doLoop]event sub tasks report,working event sub count=0,suspend event sub count=0
info|2023-07-09 18:20:18.466469|[SDK][WS][SERVICE]connected nodes,count=2
info|2023-07-09 18:20:37.329832|[EVENT][SUB][doLoop]event sub tasks report,working event sub count=0,suspend event sub count=0
info|2023-07-09 18:20:38.466804|[SDK][WS][SERVICE]connected nodes,count=2
info|2023-07-09 18:20:57.329997|[EVENT][SUB][doLoop]event sub tasks report,working event sub count=0,suspend event sub count=0
info|2023-07-09 18:20:58.467339|[SDK][WS][SERVICE]connected nodes,count=2
info|2023-07-09 18:21:17.330432|[EVENT][SUB][doLoop]event sub tasks report,working event sub count=0,suspend event sub count=0
info|2023-07-09 18:21:18.468684|[SDK][WS][SERVICE]connected nodes,count=2
info|2023-07-09 18:21:37.330606|[EVENT][SUB][doLoop]event sub tasks report,working event sub count=0,suspend event sub count=0
info|2023-07-09 18:21:38.469011|[SDK][WS][SERVICE]connected nodes,count=2
info|2023-07-09 18:21:57.331227|[EVENT][SUB][doLoop]event sub tasks report,working event sub count=0,suspend event sub count=0
info|2023-07-09 18:21:58.469764|[SDK][WS][SERVICE]connected nodes,count=2
info|2023-07-09 18:22:17.331963|[EVENT][SUB][doLoop]event sub tasks report,working event sub count=0,suspend event sub count=0
info|2023-07-09 18:22:18.470723|[SDK][WS][SERVICE]connected nodes,count=2
info|2023-07-09 18:22:37.332241|[EVENT][SUB][doLoop]event sub tasks report,working event sub count=0,suspend event sub count=0
info|2023-07-09 18:22:38.475841|[SDK][WS][SERVICE]connected nodes,count=2
info|2023-07-09 18:22:57.332457|[EVENT][SUB][doLoop]event sub tasks report,working event sub count=0,suspend event sub count=0
info|2023-07-09 18:22:58.477592|[SDK][WS][SERVICE]connected nodes,count=2
info|2023-07-09 18:23:17.332689|[EVENT][SUB][doLoop]event sub tasks report,working event sub count=0,suspend event sub count=0
info|2023-07-09 18:23:18.477853|[SDK][WS][SERVICE]connected nodes,count=2
info|2023-07-09 18:23:37.332768|[EVENT][SUB][doLoop]event sub tasks report,working event sub count=0,suspend event sub count=0
info|2023-07-09 18:23:38.481377|[SDK][WS][SERVICE]connected nodes,count=2
info|2023-07-09 18:23:57.333257|[EVENT][SUB][doLoop]event sub tasks report,working event sub count=0,suspend event sub count=0
info|2023-07-09 18:23:58.481655|[SDK][WS][SERVICE]connected nodes,count=2
info|2023-07-09 18:24:17.334294|[EVENT][SUB][doLoop]event sub tasks report,working event sub count=0,suspend event sub count=0
info|2023-07-09 18:24:18.485012|[SDK][WS][SERVICE]connected nodes,count=2
info|2023-07-09 18:24:37.345852|[EVENT][SUB][doLoop]event sub tasks report,working event sub count=0,suspend event sub count=0
info|2023-07-09 18:24:38.496615|[SDK][WS][SERVICE]connected nodes,count=2
info|2023-07-09 18:24:57.355939|[EVENT][SUB][doLoop]event sub tasks report,working event sub count=0,suspend event sub count=0
info|2023-07-09 18:24:58.501767|[SDK][WS][SERVICE]connected nodes,count=2
info|2023-07-09 18:25:17.356552|[EVENT][SUB][doLoop]event sub tasks report,working event sub count=0,suspend event sub count=0
info|2023-07-09 18:25:18.507943|[SDK][WS][SERVICE]connected nodes,count=2
info|2023-07-09 18:25:37.358075|[EVENT][SUB][doLoop]event sub tasks report,working event sub count=0,suspend event sub count=0
info|2023-07-09 18:25:38.526517|[SDK][WS][SERVICE]connected nodes,count=2
info|2023-07-09 18:25:57.359623|[EVENT][SUB][doLoop]event sub tasks report,working event sub count=0,suspend event sub count=0
info|2023-07-09 18:25:58.535288|[SDK][WS][SERVICE]connected nodes,count=2
info|2023-07-09 18:26:17.359747|[EVENT][SUB][doLoop]event sub tasks report,working event sub count=0,suspend event sub count=0
info|2023-07-09 18:26:18.535758|[SDK][WS][SERVICE]connected nodes,count=2
info|2023-07-09 18:26:37.360219|[EVENT][SUB][doLoop]event sub tasks report,working event sub count=0,suspend event sub count=0
info|2023-07-09 18:26:38.536796|[SDK][WS][SERVICE]connected nodes,count=2
info|2023-07-09 18:26:57.360716|[EVENT][SUB][doLoop]event sub tasks report,working event sub count=0,suspend event sub count=0
info|2023-07-09 18:26:58.537171|[SDK][WS][SERVICE]connected nodes,count=2
info|2023-07-09 18:27:14.139843|[RPC][BLOCK][NUMBER][fromJson],group=group0,node=2f993327933ad58672518b6d4f63920cbc68b80f78f4d81192552ee6362f5cc81ee13bdc678ad65f06e76444cadb53b33694cfb3fc7679b8000411975fedd28a,blockNumber=2959
info|2023-07-09 18:27:14.139862|[RPCWS][SERVICE][onRecvBlockNotifier]receive block number notifier,group=group0,node=2f993327933ad58672518b6d4f63920cbc68b80f78f4d81192552ee6362f5cc81ee13bdc678ad65f06e76444cadb53b33694cfb3fc7679b8000411975fedd28a,blockNumber=2959
info|2023-07-09 18:27:14.139867|[RPCWS][SERVICE][updateGroupBlockNumber],groupID=group0,_blockNumber=2959
info|2023-07-09 18:27:14.139871|[RPCWS][SERVICE][onRecvBlockNotifier]block notifier callback,group=group0,node=2f993327933ad58672518b6d4f63920cbc68b80f78f4d81192552ee6362f5cc81ee13bdc678ad65f06e76444cadb53b33694cfb3fc7679b8000411975fedd28a,blockNumber=2959
info|2023-07-09 18:27:14.139874|[WS]receive block notify,endpoint=127.0.0.1:20201,blk={
	"blockNumber" : 2959,
	"group" : "group0",
	"nodeName" : "2f993327933ad58672518b6d4f63920cbc68b80f78f4d81192552ee6362f5cc81ee13bdc678ad65f06e76444cadb53b33694cfb3fc7679b8000411975fedd28a"
}
info|2023-07-09 18:27:14.144182|[RPC][BLOCK][NUMBER][fromJson],group=group0,node=98a7f70ec883a722219d92253cf073a72605f4087aa3443c8e4aadc0af2dc3ac647d0fa1b5ac99cd6987abafe6d690ae71cd5fd2aeeabe7589bfb4748aabdfba,blockNumber=2959
info|2023-07-09 18:27:14.144204|[RPCWS][SERVICE][onRecvBlockNotifier]receive block number notifier,group=group0,node=98a7f70ec883a722219d92253cf073a72605f4087aa3443c8e4aadc0af2dc3ac647d0fa1b5ac99cd6987abafe6d690ae71cd5fd2aeeabe7589bfb4748aabdfba,blockNumber=2959
info|2023-07-09 18:27:14.144211|[WS]receive block notify,endpoint=127.0.0.1:20200,blk={
	"blockNumber" : 2959,
	"group" : "group0",
	"nodeName" : "98a7f70ec883a722219d92253cf073a72605f4087aa3443c8e4aadc0af2dc3ac647d0fa1b5ac99cd6987abafe6d690ae71cd5fd2aeeabe7589bfb4748aabdfba"
}
info|2023-07-09 18:27:14.692626|[RPC][BLOCK][NUMBER][fromJson],group=group0,node=2f993327933ad58672518b6d4f63920cbc68b80f78f4d81192552ee6362f5cc81ee13bdc678ad65f06e76444cadb53b33694cfb3fc7679b8000411975fedd28a,blockNumber=2960
info|2023-07-09 18:27:14.692651|[RPCWS][SERVICE][onRecvBlockNotifier]receive block number notifier,group=group0,node=2f993327933ad58672518b6d4f63920cbc68b80f78f4d81192552ee6362f5cc81ee13bdc678ad65f06e76444cadb53b33694cfb3fc7679b8000411975fedd28a,blockNumber=2960
info|2023-07-09 18:27:14.692656|[RPCWS][SERVICE][updateGroupBlockNumber],groupID=group0,_blockNumber=2960
info|2023-07-09 18:27:14.692661|[RPCWS][SERVICE][onRecvBlockNotifier]block notifier callback,group=group0,node=2f993327933ad58672518b6d4f63920cbc68b80f78f4d81192552ee6362f5cc81ee13bdc678ad65f06e76444cadb53b33694cfb3fc7679b8000411975fedd28a,blockNumber=2960
info|2023-07-09 18:27:14.692664|[WS]receive block notify,endpoint=127.0.0.1:20201,blk={
	"blockNumber" : 2960,
	"group" : "group0",
	"nodeName" : "2f993327933ad58672518b6d4f63920cbc68b80f78f4d81192552ee6362f5cc81ee13bdc678ad65f06e76444cadb53b33694cfb3fc7679b8000411975fedd28a"
}
info|2023-07-09 18:27:14.724020|[RPC][BLOCK][NUMBER][fromJson],group=group0,node=98a7f70ec883a722219d92253cf073a72605f4087aa3443c8e4aadc0af2dc3ac647d0fa1b5ac99cd6987abafe6d690ae71cd5fd2aeeabe7589bfb4748aabdfba,blockNumber=2960
info|2023-07-09 18:27:14.724043|[RPCWS][SERVICE][onRecvBlockNotifier]receive block number notifier,group=group0,node=98a7f70ec883a722219d92253cf073a72605f4087aa3443c8e4aadc0af2dc3ac647d0fa1b5ac99cd6987abafe6d690ae71cd5fd2aeeabe7589bfb4748aabdfba,blockNumber=2960
info|2023-07-09 18:27:14.724049|[WS]receive block notify,endpoint=127.0.0.1:20200,blk={
	"blockNumber" : 2960,
	"group" : "group0",
	"nodeName" : "98a7f70ec883a722219d92253cf073a72605f4087aa3443c8e4aadc0af2dc3ac647d0fa1b5ac99cd6987abafe6d690ae71cd5fd2aeeabe7589bfb4748aabdfba"
}
info|2023-07-09 18:27:15.368132|[RPC][BLOCK][NUMBER][fromJson],group=group0,node=98a7f70ec883a722219d92253cf073a72605f4087aa3443c8e4aadc0af2dc3ac647d0fa1b5ac99cd6987abafe6d690ae71cd5fd2aeeabe7589bfb4748aabdfba,blockNumber=2961
info|2023-07-09 18:27:15.368156|[RPCWS][SERVICE][onRecvBlockNotifier]receive block number notifier,group=group0,node=98a7f70ec883a722219d92253cf073a72605f4087aa3443c8e4aadc0af2dc3ac647d0fa1b5ac99cd6987abafe6d690ae71cd5fd2aeeabe7589bfb4748aabdfba,blockNumber=2961
info|2023-07-09 18:27:15.368161|[RPCWS][SERVICE][updateGroupBlockNumber],groupID=group0,_blockNumber=2961
info|2023-07-09 18:27:15.368165|[RPCWS][SERVICE][onRecvBlockNotifier]block notifier callback,group=group0,node=98a7f70ec883a722219d92253cf073a72605f4087aa3443c8e4aadc0af2dc3ac647d0fa1b5ac99cd6987abafe6d690ae71cd5fd2aeeabe7589bfb4748aabdfba,blockNumber=2961
info|2023-07-09 18:27:15.368168|[WS]receive block notify,endpoint=127.0.0.1:20200,blk={
	"blockNumber" : 2961,
	"group" : "group0",
	"nodeName" : "98a7f70ec883a722219d92253cf073a72605f4087aa3443c8e4aadc0af2dc3ac647d0fa1b5ac99cd6987abafe6d690ae71cd5fd2aeeabe7589bfb4748aabdfba"
}
info|2023-07-09 18:27:15.398849|[RPC][BLOCK][NUMBER][fromJson],group=group0,node=2f993327933ad58672518b6d4f63920cbc68b80f78f4d81192552ee6362f5cc81ee13bdc678ad65f06e76444cadb53b33694cfb3fc7679b8000411975fedd28a,blockNumber=2961
info|2023-07-09 18:27:15.398868|[RPCWS][SERVICE][onRecvBlockNotifier]receive block number notifier,group=group0,node=2f993327933ad58672518b6d4f63920cbc68b80f78f4d81192552ee6362f5cc81ee13bdc678ad65f06e76444cadb53b33694cfb3fc7679b8000411975fedd28a,blockNumber=2961
info|2023-07-09 18:27:15.398874|[WS]receive block notify,endpoint=127.0.0.1:20201,blk={
	"blockNumber" : 2961,
	"group" : "group0",
	"nodeName" : "2f993327933ad58672518b6d4f63920cbc68b80f78f4d81192552ee6362f5cc81ee13bdc678ad65f06e76444cadb53b33694cfb3fc7679b8000411975fedd28a"
}
info|2023-07-09 18:27:15.953590|[RPC][BLOCK][NUMBER][fromJson],group=group0,node=98a7f70ec883a722219d92253cf073a72605f4087aa3443c8e4aadc0af2dc3ac647d0fa1b5ac99cd6987abafe6d690ae71cd5fd2aeeabe7589bfb4748aabdfba,blockNumber=2962
info|2023-07-09 18:27:15.953616|[RPCWS][SERVICE][onRecvBlockNotifier]receive block number notifier,group=group0,node=98a7f70ec883a722219d92253cf073a72605f4087aa3443c8e4aadc0af2dc3ac647d0fa1b5ac99cd6987abafe6d690ae71cd5fd2aeeabe7589bfb4748aabdfba,blockNumber=2962
info|2023-07-09 18:27:15.953621|[RPCWS][SERVICE][updateGroupBlockNumber],groupID=group0,_blockNumber=2962
info|2023-07-09 18:27:15.953626|[RPCWS][SERVICE][onRecvBlockNotifier]block notifier callback,group=group0,node=98a7f70ec883a722219d92253cf073a72605f4087aa3443c8e4aadc0af2dc3ac647d0fa1b5ac99cd6987abafe6d690ae71cd5fd2aeeabe7589bfb4748aabdfba,blockNumber=2962
info|2023-07-09 18:27:15.953630|[WS]receive block notify,endpoint=127.0.0.1:20200,blk={
	"blockNumber" : 2962,
	"group" : "group0",
	"nodeName" : "98a7f70ec883a722219d92253cf073a72605f4087aa3443c8e4aadc0af2dc3ac647d0fa1b5ac99cd6987abafe6d690ae71cd5fd2aeeabe7589bfb4748aabdfba"
}
info|2023-07-09 18:27:16.039386|[RPC][BLOCK][NUMBER][fromJson],group=group0,node=2f993327933ad58672518b6d4f63920cbc68b80f78f4d81192552ee6362f5cc81ee13bdc678ad65f06e76444cadb53b33694cfb3fc7679b8000411975fedd28a,blockNumber=2962
info|2023-07-09 18:27:16.039405|[RPCWS][SERVICE][onRecvBlockNotifier]receive block number notifier,group=group0,node=2f993327933ad58672518b6d4f63920cbc68b80f78f4d81192552ee6362f5cc81ee13bdc678ad65f06e76444cadb53b33694cfb3fc7679b8000411975fedd28a,blockNumber=2962
info|2023-07-09 18:27:16.039411|[WS]receive block notify,endpoint=127.0.0.1:20201,blk={
	"blockNumber" : 2962,
	"group" : "group0",
	"nodeName" : "2f993327933ad58672518b6d4f63920cbc68b80f78f4d81192552ee6362f5cc81ee13bdc678ad65f06e76444cadb53b33694cfb3fc7679b8000411975fedd28a"
}
info|2023-07-09 18:27:16.499947|[RPC][BLOCK][NUMBER][fromJson],group=group0,node=98a7f70ec883a722219d92253cf073a72605f4087aa3443c8e4aadc0af2dc3ac647d0fa1b5ac99cd6987abafe6d690ae71cd5fd2aeeabe7589bfb4748aabdfba,blockNumber=2963
info|2023-07-09 18:27:16.499974|[RPCWS][SERVICE][onRecvBlockNotifier]receive block number notifier,group=group0,node=98a7f70ec883a722219d92253cf073a72605f4087aa3443c8e4aadc0af2dc3ac647d0fa1b5ac99cd6987abafe6d690ae71cd5fd2aeeabe7589bfb4748aabdfba,blockNumber=2963
info|2023-07-09 18:27:16.499997|[RPCWS][SERVICE][updateGroupBlockNumber],groupID=group0,_blockNumber=2963
info|2023-07-09 18:27:16.500003|[RPCWS][SERVICE][onRecvBlockNotifier]block notifier callback,group=group0,node=98a7f70ec883a722219d92253cf073a72605f4087aa3443c8e4aadc0af2dc3ac647d0fa1b5ac99cd6987abafe6d690ae71cd5fd2aeeabe7589bfb4748aabdfba,blockNumber=2963
info|2023-07-09 18:27:16.500007|[WS]receive block notify,endpoint=127.0.0.1:20200,blk={
	"blockNumber" : 2963,
	"group" : "group0",
	"nodeName" : "98a7f70ec883a722219d92253cf073a72605f4087aa3443c8e4aadc0af2dc3ac647d0fa1b5ac99cd6987abafe6d690ae71cd5fd2aeeabe7589bfb4748aabdfba"
}
info|2023-07-09 18:27:16.511290|[RPC][BLOCK][NUMBER][fromJson],group=group0,node=2f993327933ad58672518b6d4f63920cbc68b80f78f4d81192552ee6362f5cc81ee13bdc678ad65f06e76444cadb53b33694cfb3fc7679b8000411975fedd28a,blockNumber=2963
info|2023-07-09 18:27:16.511313|[RPCWS][SERVICE][onRecvBlockNotifier]receive block number notifier,group=group0,node=2f993327933ad58672518b6d4f63920cbc68b80f78f4d81192552ee6362f5cc81ee13bdc678ad65f06e76444cadb53b33694cfb3fc7679b8000411975fedd28a,blockNumber=2963
info|2023-07-09 18:27:16.511320|[WS]receive block notify,endpoint=127.0.0.1:20201,blk={
	"blockNumber" : 2963,
	"group" : "group0",
	"nodeName" : "2f993327933ad58672518b6d4f63920cbc68b80f78f4d81192552ee6362f5cc81ee13bdc678ad65f06e76444cadb53b33694cfb3fc7679b8000411975fedd28a"
}
info|2023-07-09 18:27:17.056291|[RPC][BLOCK][NUMBER][fromJson],group=group0,node=98a7f70ec883a722219d92253cf073a72605f4087aa3443c8e4aadc0af2dc3ac647d0fa1b5ac99cd6987abafe6d690ae71cd5fd2aeeabe7589bfb4748aabdfba,blockNumber=2964
info|2023-07-09 18:27:17.056600|[RPCWS][SERVICE][onRecvBlockNotifier]receive block number notifier,group=group0,node=98a7f70ec883a722219d92253cf073a72605f4087aa3443c8e4aadc0af2dc3ac647d0fa1b5ac99cd6987abafe6d690ae71cd5fd2aeeabe7589bfb4748aabdfba,blockNumber=2964
info|2023-07-09 18:27:17.056613|[RPCWS][SERVICE][updateGroupBlockNumber],groupID=group0,_blockNumber=2964
info|2023-07-09 18:27:17.056618|[RPCWS][SERVICE][onRecvBlockNotifier]block notifier callback,group=group0,node=98a7f70ec883a722219d92253cf073a72605f4087aa3443c8e4aadc0af2dc3ac647d0fa1b5ac99cd6987abafe6d690ae71cd5fd2aeeabe7589bfb4748aabdfba,blockNumber=2964
info|2023-07-09 18:27:17.056622|[WS]receive block notify,endpoint=127.0.0.1:20200,blk={
	"blockNumber" : 2964,
	"group" : "group0",
	"nodeName" : "98a7f70ec883a722219d92253cf073a72605f4087aa3443c8e4aadc0af2dc3ac647d0fa1b5ac99cd6987abafe6d690ae71cd5fd2aeeabe7589bfb4748aabdfba"
}
info|2023-07-09 18:27:17.056640|[RPC][BLOCK][NUMBER][fromJson],group=group0,node=2f993327933ad58672518b6d4f63920cbc68b80f78f4d81192552ee6362f5cc81ee13bdc678ad65f06e76444cadb53b33694cfb3fc7679b8000411975fedd28a,blockNumber=2964
info|2023-07-09 18:27:17.056657|[RPCWS][SERVICE][onRecvBlockNotifier]receive block number notifier,group=group0,node=2f993327933ad58672518b6d4f63920cbc68b80f78f4d81192552ee6362f5cc81ee13bdc678ad65f06e76444cadb53b33694cfb3fc7679b8000411975fedd28a,blockNumber=2964
info|2023-07-09 18:27:17.056663|[WS]receive block notify,endpoint=127.0.0.1:20201,blk={
	"blockNumber" : 2964,
	"group" : "group0",
	"nodeName" : "2f993327933ad58672518b6d4f63920cbc68b80f78f4d81192552ee6362f5cc81ee13bdc678ad65f06e76444cadb53b33694cfb3fc7679b8000411975fedd28a"
}
info|2023-07-09 18:27:17.430400|[EVENT][SUB][doLoop]event sub tasks report,working event sub count=0,suspend event sub count=0
info|2023-07-09 18:27:18.047146|[RPC][BLOCK][NUMBER][fromJson],group=group0,node=2f993327933ad58672518b6d4f63920cbc68b80f78f4d81192552ee6362f5cc81ee13bdc678ad65f06e76444cadb53b33694cfb3fc7679b8000411975fedd28a,blockNumber=2965
info|2023-07-09 18:27:18.047166|[RPCWS][SERVICE][onRecvBlockNotifier]receive block number notifier,group=group0,node=2f993327933ad58672518b6d4f63920cbc68b80f78f4d81192552ee6362f5cc81ee13bdc678ad65f06e76444cadb53b33694cfb3fc7679b8000411975fedd28a,blockNumber=2965
info|2023-07-09 18:27:18.047171|[RPCWS][SERVICE][updateGroupBlockNumber],groupID=group0,_blockNumber=2965
info|2023-07-09 18:27:18.047175|[RPCWS][SERVICE][onRecvBlockNotifier]block notifier callback,group=group0,node=2f993327933ad58672518b6d4f63920cbc68b80f78f4d81192552ee6362f5cc81ee13bdc678ad65f06e76444cadb53b33694cfb3fc7679b8000411975fedd28a,blockNumber=2965
info|2023-07-09 18:27:18.047179|[WS]receive block notify,endpoint=127.0.0.1:20201,blk={
	"blockNumber" : 2965,
	"group" : "group0",
	"nodeName" : "2f993327933ad58672518b6d4f63920cbc68b80f78f4d81192552ee6362f5cc81ee13bdc678ad65f06e76444cadb53b33694cfb3fc7679b8000411975fedd28a"
}
info|2023-07-09 18:27:18.057334|[RPC][BLOCK][NUMBER][fromJson],group=group0,node=98a7f70ec883a722219d92253cf073a72605f4087aa3443c8e4aadc0af2dc3ac647d0fa1b5ac99cd6987abafe6d690ae71cd5fd2aeeabe7589bfb4748aabdfba,blockNumber=2965
info|2023-07-09 18:27:18.057357|[RPCWS][SERVICE][onRecvBlockNotifier]receive block number notifier,group=group0,node=98a7f70ec883a722219d92253cf073a72605f4087aa3443c8e4aadc0af2dc3ac647d0fa1b5ac99cd6987abafe6d690ae71cd5fd2aeeabe7589bfb4748aabdfba,blockNumber=2965
info|2023-07-09 18:27:18.057363|[WS]receive block notify,endpoint=127.0.0.1:20200,blk={
	"blockNumber" : 2965,
	"group" : "group0",
	"nodeName" : "98a7f70ec883a722219d92253cf073a72605f4087aa3443c8e4aadc0af2dc3ac647d0fa1b5ac99cd6987abafe6d690ae71cd5fd2aeeabe7589bfb4748aabdfba"
}
info|2023-07-09 18:27:18.537622|[SDK][WS][SERVICE]connected nodes,count=2
info|2023-07-09 18:27:18.550843|[RPC][BLOCK][NUMBER][fromJson],group=group0,node=98a7f70ec883a722219d92253cf073a72605f4087aa3443c8e4aadc0af2dc3ac647d0fa1b5ac99cd6987abafe6d690ae71cd5fd2aeeabe7589bfb4748aabdfba,blockNumber=2966
info|2023-07-09 18:27:18.550866|[RPCWS][SERVICE][onRecvBlockNotifier]receive block number notifier,group=group0,node=98a7f70ec883a722219d92253cf073a72605f4087aa3443c8e4aadc0af2dc3ac647d0fa1b5ac99cd6987abafe6d690ae71cd5fd2aeeabe7589bfb4748aabdfba,blockNumber=2966
info|2023-07-09 18:27:18.550871|[RPCWS][SERVICE][updateGroupBlockNumber],groupID=group0,_blockNumber=2966
info|2023-07-09 18:27:18.550875|[RPCWS][SERVICE][onRecvBlockNotifier]block notifier callback,group=group0,node=98a7f70ec883a722219d92253cf073a72605f4087aa3443c8e4aadc0af2dc3ac647d0fa1b5ac99cd6987abafe6d690ae71cd5fd2aeeabe7589bfb4748aabdfba,blockNumber=2966
info|2023-07-09 18:27:18.550878|[WS]receive block notify,endpoint=127.0.0.1:20200,blk={
	"blockNumber" : 2966,
	"group" : "group0",
	"nodeName" : "98a7f70ec883a722219d92253cf073a72605f4087aa3443c8e4aadc0af2dc3ac647d0fa1b5ac99cd6987abafe6d690ae71cd5fd2aeeabe7589bfb4748aabdfba"
}
info|2023-07-09 18:27:18.655917|[RPC][BLOCK][NUMBER][fromJson],group=group0,node=2f993327933ad58672518b6d4f63920cbc68b80f78f4d81192552ee6362f5cc81ee13bdc678ad65f06e76444cadb53b33694cfb3fc7679b8000411975fedd28a,blockNumber=2966
info|2023-07-09 18:27:18.655941|[RPCWS][SERVICE][onRecvBlockNotifier]receive block number notifier,group=group0,node=2f993327933ad58672518b6d4f63920cbc68b80f78f4d81192552ee6362f5cc81ee13bdc678ad65f06e76444cadb53b33694cfb3fc7679b8000411975fedd28a,blockNumber=2966
info|2023-07-09 18:27:18.655947|[WS]receive block notify,endpoint=127.0.0.1:20201,blk={
	"blockNumber" : 2966,
	"group" : "group0",
	"nodeName" : "2f993327933ad58672518b6d4f63920cbc68b80f78f4d81192552ee6362f5cc81ee13bdc678ad65f06e76444cadb53b33694cfb3fc7679b8000411975fedd28a"
}
info|2023-07-09 18:27:19.102353|[RPC][BLOCK][NUMBER][fromJson],group=group0,node=98a7f70ec883a722219d92253cf073a72605f4087aa3443c8e4aadc0af2dc3ac647d0fa1b5ac99cd6987abafe6d690ae71cd5fd2aeeabe7589bfb4748aabdfba,blockNumber=2967
info|2023-07-09 18:27:19.102375|[RPCWS][SERVICE][onRecvBlockNotifier]receive block number notifier,group=group0,node=98a7f70ec883a722219d92253cf073a72605f4087aa3443c8e4aadc0af2dc3ac647d0fa1b5ac99cd6987abafe6d690ae71cd5fd2aeeabe7589bfb4748aabdfba,blockNumber=2967
info|2023-07-09 18:27:19.102379|[RPCWS][SERVICE][updateGroupBlockNumber],groupID=group0,_blockNumber=2967
info|2023-07-09 18:27:19.102384|[RPCWS][SERVICE][onRecvBlockNotifier]block notifier callback,group=group0,node=98a7f70ec883a722219d92253cf073a72605f4087aa3443c8e4aadc0af2dc3ac647d0fa1b5ac99cd6987abafe6d690ae71cd5fd2aeeabe7589bfb4748aabdfba,blockNumber=2967
info|2023-07-09 18:27:19.102387|[WS]receive block notify,endpoint=127.0.0.1:20200,blk={
	"blockNumber" : 2967,
	"group" : "group0",
	"nodeName" : "98a7f70ec883a722219d92253cf073a72605f4087aa3443c8e4aadc0af2dc3ac647d0fa1b5ac99cd6987abafe6d690ae71cd5fd2aeeabe7589bfb4748aabdfba"
}
info|2023-07-09 18:27:19.126084|[RPC][BLOCK][NUMBER][fromJson],group=group0,node=2f993327933ad58672518b6d4f63920cbc68b80f78f4d81192552ee6362f5cc81ee13bdc678ad65f06e76444cadb53b33694cfb3fc7679b8000411975fedd28a,blockNumber=2967
info|2023-07-09 18:27:19.126113|[RPCWS][SERVICE][onRecvBlockNotifier]receive block number notifier,group=group0,node=2f993327933ad58672518b6d4f63920cbc68b80f78f4d81192552ee6362f5cc81ee13bdc678ad65f06e76444cadb53b33694cfb3fc7679b8000411975fedd28a,blockNumber=2967
info|2023-07-09 18:27:19.126121|[WS]receive block notify,endpoint=127.0.0.1:20201,blk={
	"blockNumber" : 2967,
	"group" : "group0",
	"nodeName" : "2f993327933ad58672518b6d4f63920cbc68b80f78f4d81192552ee6362f5cc81ee13bdc678ad65f06e76444cadb53b33694cfb3fc7679b8000411975fedd28a"
}
info|2023-07-09 18:27:19.656411|[RPC][BLOCK][NUMBER][fromJson],group=group0,node=98a7f70ec883a722219d92253cf073a72605f4087aa3443c8e4aadc0af2dc3ac647d0fa1b5ac99cd6987abafe6d690ae71cd5fd2aeeabe7589bfb4748aabdfba,blockNumber=2968
info|2023-07-09 18:27:19.656438|[RPCWS][SERVICE][onRecvBlockNotifier]receive block number notifier,group=group0,node=98a7f70ec883a722219d92253cf073a72605f4087aa3443c8e4aadc0af2dc3ac647d0fa1b5ac99cd6987abafe6d690ae71cd5fd2aeeabe7589bfb4748aabdfba,blockNumber=2968
info|2023-07-09 18:27:19.656444|[RPCWS][SERVICE][updateGroupBlockNumber],groupID=group0,_blockNumber=2968
info|2023-07-09 18:27:19.656448|[RPCWS][SERVICE][onRecvBlockNotifier]block notifier callback,group=group0,node=98a7f70ec883a722219d92253cf073a72605f4087aa3443c8e4aadc0af2dc3ac647d0fa1b5ac99cd6987abafe6d690ae71cd5fd2aeeabe7589bfb4748aabdfba,blockNumber=2968
info|2023-07-09 18:27:19.656451|[WS]receive block notify,endpoint=127.0.0.1:20200,blk={
	"blockNumber" : 2968,
	"group" : "group0",
	"nodeName" : "98a7f70ec883a722219d92253cf073a72605f4087aa3443c8e4aadc0af2dc3ac647d0fa1b5ac99cd6987abafe6d690ae71cd5fd2aeeabe7589bfb4748aabdfba"
}
info|2023-07-09 18:27:19.696019|[RPC][BLOCK][NUMBER][fromJson],group=group0,node=2f993327933ad58672518b6d4f63920cbc68b80f78f4d81192552ee6362f5cc81ee13bdc678ad65f06e76444cadb53b33694cfb3fc7679b8000411975fedd28a,blockNumber=2968
info|2023-07-09 18:27:19.696038|[RPCWS][SERVICE][onRecvBlockNotifier]receive block number notifier,group=group0,node=2f993327933ad58672518b6d4f63920cbc68b80f78f4d81192552ee6362f5cc81ee13bdc678ad65f06e76444cadb53b33694cfb3fc7679b8000411975fedd28a,blockNumber=2968
info|2023-07-09 18:27:19.696044|[WS]receive block notify,endpoint=127.0.0.1:20201,blk={
	"blockNumber" : 2968,
	"group" : "group0",
	"nodeName" : "2f993327933ad58672518b6d4f63920cbc68b80f78f4d81192552ee6362f5cc81ee13bdc678ad65f06e76444cadb53b33694cfb3fc7679b8000411975fedd28a"
}
info|2023-07-09 18:27:20.210639|[RPC][BLOCK][NUMBER][fromJson],group=group0,node=98a7f70ec883a722219d92253cf073a72605f4087aa3443c8e4aadc0af2dc3ac647d0fa1b5ac99cd6987abafe6d690ae71cd5fd2aeeabe7589bfb4748aabdfba,blockNumber=2969
info|2023-07-09 18:27:20.210664|[RPCWS][SERVICE][onRecvBlockNotifier]receive block number notifier,group=group0,node=98a7f70ec883a722219d92253cf073a72605f4087aa3443c8e4aadc0af2dc3ac647d0fa1b5ac99cd6987abafe6d690ae71cd5fd2aeeabe7589bfb4748aabdfba,blockNumber=2969
info|2023-07-09 18:27:20.210669|[RPCWS][SERVICE][updateGroupBlockNumber],groupID=group0,_blockNumber=2969
info|2023-07-09 18:27:20.210673|[RPCWS][SERVICE][onRecvBlockNotifier]block notifier callback,group=group0,node=98a7f70ec883a722219d92253cf073a72605f4087aa3443c8e4aadc0af2dc3ac647d0fa1b5ac99cd6987abafe6d690ae71cd5fd2aeeabe7589bfb4748aabdfba,blockNumber=2969
info|2023-07-09 18:27:20.210676|[WS]receive block notify,endpoint=127.0.0.1:20200,blk={
	"blockNumber" : 2969,
	"group" : "group0",
	"nodeName" : "98a7f70ec883a722219d92253cf073a72605f4087aa3443c8e4aadc0af2dc3ac647d0fa1b5ac99cd6987abafe6d690ae71cd5fd2aeeabe7589bfb4748aabdfba"
}
info|2023-07-09 18:27:20.272936|[RPC][BLOCK][NUMBER][fromJson],group=group0,node=2f993327933ad58672518b6d4f63920cbc68b80f78f4d81192552ee6362f5cc81ee13bdc678ad65f06e76444cadb53b33694cfb3fc7679b8000411975fedd28a,blockNumber=2969
info|2023-07-09 18:27:20.272972|[RPCWS][SERVICE][onRecvBlockNotifier]receive block number notifier,group=group0,node=2f993327933ad58672518b6d4f63920cbc68b80f78f4d81192552ee6362f5cc81ee13bdc678ad65f06e76444cadb53b33694cfb3fc7679b8000411975fedd28a,blockNumber=2969
info|2023-07-09 18:27:20.272979|[WS]receive block notify,endpoint=127.0.0.1:20201,blk={
	"blockNumber" : 2969,
	"group" : "group0",
	"nodeName" : "2f993327933ad58672518b6d4f63920cbc68b80f78f4d81192552ee6362f5cc81ee13bdc678ad65f06e76444cadb53b33694cfb3fc7679b8000411975fedd28a"
}
info|2023-07-09 18:27:20.828584|[RPC][BLOCK][NUMBER][fromJson],group=group0,node=98a7f70ec883a722219d92253cf073a72605f4087aa3443c8e4aadc0af2dc3ac647d0fa1b5ac99cd6987abafe6d690ae71cd5fd2aeeabe7589bfb4748aabdfba,blockNumber=2970
info|2023-07-09 18:27:20.828606|[RPCWS][SERVICE][onRecvBlockNotifier]receive block number notifier,group=group0,node=98a7f70ec883a722219d92253cf073a72605f4087aa3443c8e4aadc0af2dc3ac647d0fa1b5ac99cd6987abafe6d690ae71cd5fd2aeeabe7589bfb4748aabdfba,blockNumber=2970
info|2023-07-09 18:27:20.828611|[RPCWS][SERVICE][updateGroupBlockNumber],groupID=group0,_blockNumber=2970
info|2023-07-09 18:27:20.828615|[RPCWS][SERVICE][onRecvBlockNotifier]block notifier callback,group=group0,node=98a7f70ec883a722219d92253cf073a72605f4087aa3443c8e4aadc0af2dc3ac647d0fa1b5ac99cd6987abafe6d690ae71cd5fd2aeeabe7589bfb4748aabdfba,blockNumber=2970
info|2023-07-09 18:27:20.828618|[WS]receive block notify,endpoint=127.0.0.1:20200,blk={
	"blockNumber" : 2970,
	"group" : "group0",
	"nodeName" : "98a7f70ec883a722219d92253cf073a72605f4087aa3443c8e4aadc0af2dc3ac647d0fa1b5ac99cd6987abafe6d690ae71cd5fd2aeeabe7589bfb4748aabdfba"
}
info|2023-07-09 18:27:20.935928|[RPC][BLOCK][NUMBER][fromJson],group=group0,node=2f993327933ad58672518b6d4f63920cbc68b80f78f4d81192552ee6362f5cc81ee13bdc678ad65f06e76444cadb53b33694cfb3fc7679b8000411975fedd28a,blockNumber=2970
info|2023-07-09 18:27:20.935978|[RPCWS][SERVICE][onRecvBlockNotifier]receive block number notifier,group=group0,node=2f993327933ad58672518b6d4f63920cbc68b80f78f4d81192552ee6362f5cc81ee13bdc678ad65f06e76444cadb53b33694cfb3fc7679b8000411975fedd28a,blockNumber=2970
info|2023-07-09 18:27:20.935988|[WS]receive block notify,endpoint=127.0.0.1:20201,blk={
	"blockNumber" : 2970,
	"group" : "group0",
	"nodeName" : "2f993327933ad58672518b6d4f63920cbc68b80f78f4d81192552ee6362f5cc81ee13bdc678ad65f06e76444cadb53b33694cfb3fc7679b8000411975fedd28a"
}
info|2023-07-09 18:27:21.507957|[RPC][BLOCK][NUMBER][fromJson],group=group0,node=98a7f70ec883a722219d92253cf073a72605f4087aa3443c8e4aadc0af2dc3ac647d0fa1b5ac99cd6987abafe6d690ae71cd5fd2aeeabe7589bfb4748aabdfba,blockNumber=2971
info|2023-07-09 18:27:21.507981|[RPCWS][SERVICE][onRecvBlockNotifier]receive block number notifier,group=group0,node=98a7f70ec883a722219d92253cf073a72605f4087aa3443c8e4aadc0af2dc3ac647d0fa1b5ac99cd6987abafe6d690ae71cd5fd2aeeabe7589bfb4748aabdfba,blockNumber=2971
info|2023-07-09 18:27:21.507986|[RPCWS][SERVICE][updateGroupBlockNumber],groupID=group0,_blockNumber=2971
info|2023-07-09 18:27:21.507992|[RPCWS][SERVICE][onRecvBlockNotifier]block notifier callback,group=group0,node=98a7f70ec883a722219d92253cf073a72605f4087aa3443c8e4aadc0af2dc3ac647d0fa1b5ac99cd6987abafe6d690ae71cd5fd2aeeabe7589bfb4748aabdfba,blockNumber=2971
info|2023-07-09 18:27:21.507995|[WS]receive block notify,endpoint=127.0.0.1:20200,blk={
	"blockNumber" : 2971,
	"group" : "group0",
	"nodeName" : "98a7f70ec883a722219d92253cf073a72605f4087aa3443c8e4aadc0af2dc3ac647d0fa1b5ac99cd6987abafe6d690ae71cd5fd2aeeabe7589bfb4748aabdfba"
}
info|2023-07-09 18:27:21.562359|[RPC][BLOCK][NUMBER][fromJson],group=group0,node=2f993327933ad58672518b6d4f63920cbc68b80f78f4d81192552ee6362f5cc81ee13bdc678ad65f06e76444cadb53b33694cfb3fc7679b8000411975fedd28a,blockNumber=2971
info|2023-07-09 18:27:21.562378|[RPCWS][SERVICE][onRecvBlockNotifier]receive block number notifier,group=group0,node=2f993327933ad58672518b6d4f63920cbc68b80f78f4d81192552ee6362f5cc81ee13bdc678ad65f06e76444cadb53b33694cfb3fc7679b8000411975fedd28a,blockNumber=2971
info|2023-07-09 18:27:21.562384|[WS]receive block notify,endpoint=127.0.0.1:20201,blk={
	"blockNumber" : 2971,
	"group" : "group0",
	"nodeName" : "2f993327933ad58672518b6d4f63920cbc68b80f78f4d81192552ee6362f5cc81ee13bdc678ad65f06e76444cadb53b33694cfb3fc7679b8000411975fedd28a"
}
info|2023-07-09 18:27:22.021249|[RPC][BLOCK][NUMBER][fromJson],group=group0,node=98a7f70ec883a722219d92253cf073a72605f4087aa3443c8e4aadc0af2dc3ac647d0fa1b5ac99cd6987abafe6d690ae71cd5fd2aeeabe7589bfb4748aabdfba,blockNumber=2972
info|2023-07-09 18:27:22.021280|[RPCWS][SERVICE][onRecvBlockNotifier]receive block number notifier,group=group0,node=98a7f70ec883a722219d92253cf073a72605f4087aa3443c8e4aadc0af2dc3ac647d0fa1b5ac99cd6987abafe6d690ae71cd5fd2aeeabe7589bfb4748aabdfba,blockNumber=2972
info|2023-07-09 18:27:22.021285|[RPCWS][SERVICE][updateGroupBlockNumber],groupID=group0,_blockNumber=2972
info|2023-07-09 18:27:22.021290|[RPCWS][SERVICE][onRecvBlockNotifier]block notifier callback,group=group0,node=98a7f70ec883a722219d92253cf073a72605f4087aa3443c8e4aadc0af2dc3ac647d0fa1b5ac99cd6987abafe6d690ae71cd5fd2aeeabe7589bfb4748aabdfba,blockNumber=2972
info|2023-07-09 18:27:22.021293|[WS]receive block notify,endpoint=127.0.0.1:20200,blk={
	"blockNumber" : 2972,
	"group" : "group0",
	"nodeName" : "98a7f70ec883a722219d92253cf073a72605f4087aa3443c8e4aadc0af2dc3ac647d0fa1b5ac99cd6987abafe6d690ae71cd5fd2aeeabe7589bfb4748aabdfba"
}
info|2023-07-09 18:27:22.251100|[RPC][BLOCK][NUMBER][fromJson],group=group0,node=2f993327933ad58672518b6d4f63920cbc68b80f78f4d81192552ee6362f5cc81ee13bdc678ad65f06e76444cadb53b33694cfb3fc7679b8000411975fedd28a,blockNumber=2972
info|2023-07-09 18:27:22.251125|[RPCWS][SERVICE][onRecvBlockNotifier]receive block number notifier,group=group0,node=2f993327933ad58672518b6d4f63920cbc68b80f78f4d81192552ee6362f5cc81ee13bdc678ad65f06e76444cadb53b33694cfb3fc7679b8000411975fedd28a,blockNumber=2972
info|2023-07-09 18:27:22.251131|[WS]receive block notify,endpoint=127.0.0.1:20201,blk={
	"blockNumber" : 2972,
	"group" : "group0",
	"nodeName" : "2f993327933ad58672518b6d4f63920cbc68b80f78f4d81192552ee6362f5cc81ee13bdc678ad65f06e76444cadb53b33694cfb3fc7679b8000411975fedd28a"
}
info|2023-07-09 18:27:22.723597|[RPC][BLOCK][NUMBER][fromJson],group=group0,node=98a7f70ec883a722219d92253cf073a72605f4087aa3443c8e4aadc0af2dc3ac647d0fa1b5ac99cd6987abafe6d690ae71cd5fd2aeeabe7589bfb4748aabdfba,blockNumber=2973
info|2023-07-09 18:27:22.723621|[RPCWS][SERVICE][onRecvBlockNotifier]receive block number notifier,group=group0,node=98a7f70ec883a722219d92253cf073a72605f4087aa3443c8e4aadc0af2dc3ac647d0fa1b5ac99cd6987abafe6d690ae71cd5fd2aeeabe7589bfb4748aabdfba,blockNumber=2973
info|2023-07-09 18:27:22.723627|[RPCWS][SERVICE][updateGroupBlockNumber],groupID=group0,_blockNumber=2973
info|2023-07-09 18:27:22.723631|[RPCWS][SERVICE][onRecvBlockNotifier]block notifier callback,group=group0,node=98a7f70ec883a722219d92253cf073a72605f4087aa3443c8e4aadc0af2dc3ac647d0fa1b5ac99cd6987abafe6d690ae71cd5fd2aeeabe7589bfb4748aabdfba,blockNumber=2973
info|2023-07-09 18:27:22.723634|[WS]receive block notify,endpoint=127.0.0.1:20200,blk={
	"blockNumber" : 2973,
	"group" : "group0",
	"nodeName" : "98a7f70ec883a722219d92253cf073a72605f4087aa3443c8e4aadc0af2dc3ac647d0fa1b5ac99cd6987abafe6d690ae71cd5fd2aeeabe7589bfb4748aabdfba"
}
info|2023-07-09 18:27:22.752587|[RPC][BLOCK][NUMBER][fromJson],group=group0,node=2f993327933ad58672518b6d4f63920cbc68b80f78f4d81192552ee6362f5cc81ee13bdc678ad65f06e76444cadb53b33694cfb3fc7679b8000411975fedd28a,blockNumber=2973
info|2023-07-09 18:27:22.752610|[RPCWS][SERVICE][onRecvBlockNotifier]receive block number notifier,group=group0,node=2f993327933ad58672518b6d4f63920cbc68b80f78f4d81192552ee6362f5cc81ee13bdc678ad65f06e76444cadb53b33694cfb3fc7679b8000411975fedd28a,blockNumber=2973
info|2023-07-09 18:27:22.752616|[WS]receive block notify,endpoint=127.0.0.1:20201,blk={
	"blockNumber" : 2973,
	"group" : "group0",
	"nodeName" : "2f993327933ad58672518b6d4f63920cbc68b80f78f4d81192552ee6362f5cc81ee13bdc678ad65f06e76444cadb53b33694cfb3fc7679b8000411975fedd28a"
}
info|2023-07-09 18:27:23.493645|[RPC][BLOCK][NUMBER][fromJson],group=group0,node=98a7f70ec883a722219d92253cf073a72605f4087aa3443c8e4aadc0af2dc3ac647d0fa1b5ac99cd6987abafe6d690ae71cd5fd2aeeabe7589bfb4748aabdfba,blockNumber=2974
info|2023-07-09 18:27:23.493674|[RPCWS][SERVICE][onRecvBlockNotifier]receive block number notifier,group=group0,node=98a7f70ec883a722219d92253cf073a72605f4087aa3443c8e4aadc0af2dc3ac647d0fa1b5ac99cd6987abafe6d690ae71cd5fd2aeeabe7589bfb4748aabdfba,blockNumber=2974
info|2023-07-09 18:27:23.493679|[RPCWS][SERVICE][updateGroupBlockNumber],groupID=group0,_blockNumber=2974
info|2023-07-09 18:27:23.493683|[RPCWS][SERVICE][onRecvBlockNotifier]block notifier callback,group=group0,node=98a7f70ec883a722219d92253cf073a72605f4087aa3443c8e4aadc0af2dc3ac647d0fa1b5ac99cd6987abafe6d690ae71cd5fd2aeeabe7589bfb4748aabdfba,blockNumber=2974
info|2023-07-09 18:27:23.493686|[WS]receive block notify,endpoint=127.0.0.1:20200,blk={
	"blockNumber" : 2974,
	"group" : "group0",
	"nodeName" : "98a7f70ec883a722219d92253cf073a72605f4087aa3443c8e4aadc0af2dc3ac647d0fa1b5ac99cd6987abafe6d690ae71cd5fd2aeeabe7589bfb4748aabdfba"
}
info|2023-07-09 18:27:23.594631|[RPC][BLOCK][NUMBER][fromJson],group=group0,node=2f993327933ad58672518b6d4f63920cbc68b80f78f4d81192552ee6362f5cc81ee13bdc678ad65f06e76444cadb53b33694cfb3fc7679b8000411975fedd28a,blockNumber=2974
info|2023-07-09 18:27:23.594669|[RPCWS][SERVICE][onRecvBlockNotifier]receive block number notifier,group=group0,node=2f993327933ad58672518b6d4f63920cbc68b80f78f4d81192552ee6362f5cc81ee13bdc678ad65f06e76444cadb53b33694cfb3fc7679b8000411975fedd28a,blockNumber=2974
info|2023-07-09 18:27:23.594680|[WS]receive block notify,endpoint=127.0.0.1:20201,blk={
	"blockNumber" : 2974,
	"group" : "group0",
	"nodeName" : "2f993327933ad58672518b6d4f63920cbc68b80f78f4d81192552ee6362f5cc81ee13bdc678ad65f06e76444cadb53b33694cfb3fc7679b8000411975fedd28a"
}
info|2023-07-09 18:27:37.433089|[EVENT][SUB][doLoop]event sub tasks report,working event sub count=0,suspend event sub count=0
info|2023-07-09 18:27:38.550317|[SDK][WS][SERVICE]connected nodes,count=2
info|2023-07-09 18:27:57.433230|[EVENT][SUB][doLoop]event sub tasks report,working event sub count=0,suspend event sub count=0
info|2023-07-09 18:27:58.551907|[SDK][WS][SERVICE]connected nodes,count=2
info|2023-07-09 18:28:17.444415|[EVENT][SUB][doLoop]event sub tasks report,working event sub count=0,suspend event sub count=0
info|2023-07-09 18:28:18.554543|[SDK][WS][SERVICE]connected nodes,count=2
info|2023-07-09 18:28:37.444646|[EVENT][SUB][doLoop]event sub tasks report,working event sub count=0,suspend event sub count=0
info|2023-07-09 18:28:38.555266|[SDK][WS][SERVICE]connected nodes,count=2
info|2023-07-09 18:28:57.444847|[EVENT][SUB][doLoop]event sub tasks report,working event sub count=0,suspend event sub count=0
info|2023-07-09 18:28:58.555681|[SDK][WS][SERVICE]connected nodes,count=2
info|2023-07-09 18:29:17.445062|[EVENT][SUB][doLoop]event sub tasks report,working event sub count=0,suspend event sub count=0
info|2023-07-09 18:29:18.556461|[SDK][WS][SERVICE]connected nodes,count=2
info|2023-07-09 18:29:37.445529|[EVENT][SUB][doLoop]event sub tasks report,working event sub count=0,suspend event sub count=0
info|2023-07-09 18:29:38.556586|[SDK][WS][SERVICE]connected nodes,count=2
info|2023-07-09 18:29:57.446380|[EVENT][SUB][doLoop]event sub tasks report,working event sub count=0,suspend event sub count=0
info|2023-07-09 18:29:58.556817|[SDK][WS][SERVICE]connected nodes,count=2
info|2023-07-09 18:30:17.446460|[EVENT][SUB][doLoop]event sub tasks report,working event sub count=0,suspend event sub count=0
info|2023-07-09 18:30:18.557719|[SDK][WS][SERVICE]connected nodes,count=2
info|2023-07-09 18:30:37.446625|[EVENT][SUB][doLoop]event sub tasks report,working event sub count=0,suspend event sub count=0
info|2023-07-09 18:30:38.558129|[SDK][WS][SERVICE]connected nodes,count=2
info|2023-07-09 18:30:57.446701|[EVENT][SUB][doLoop]event sub tasks report,working event sub count=0,suspend event sub count=0
info|2023-07-09 18:30:58.558728|[SDK][WS][SERVICE]connected nodes,count=2
info|2023-07-09 18:31:17.446961|[EVENT][SUB][doLoop]event sub tasks report,working event sub count=0,suspend event sub count=0
info|2023-07-09 18:31:18.559288|[SDK][WS][SERVICE]connected nodes,count=2
info|2023-07-09 18:31:37.447313|[EVENT][SUB][doLoop]event sub tasks report,working event sub count=0,suspend event sub count=0
info|2023-07-09 18:31:38.559849|[SDK][WS][SERVICE]connected nodes,count=2
info|2023-07-09 18:31:57.447775|[EVENT][SUB][doLoop]event sub tasks report,working event sub count=0,suspend event sub count=0
info|2023-07-09 18:31:58.560499|[SDK][WS][SERVICE]connected nodes,count=2
info|2023-07-09 18:32:17.448573|[EVENT][SUB][doLoop]event sub tasks report,working event sub count=0,suspend event sub count=0
info|2023-07-09 18:32:18.560658|[SDK][WS][SERVICE]connected nodes,count=2
info|2023-07-09 18:32:37.450120|[EVENT][SUB][doLoop]event sub tasks report,working event sub count=0,suspend event sub count=0
info|2023-07-09 18:32:38.562090|[SDK][WS][SERVICE]connected nodes,count=2
info|2023-07-09 18:32:57.450582|[EVENT][SUB][doLoop]event sub tasks report,working event sub count=0,suspend event sub count=0
info|2023-07-09 18:32:58.562485|[SDK][WS][SERVICE]connected nodes,count=2
info|2023-07-09 18:33:17.451291|[EVENT][SUB][doLoop]event sub tasks report,working event sub count=0,suspend event sub count=0
info|2023-07-09 18:33:18.562635|[SDK][WS][SERVICE]connected nodes,count=2
info|2023-07-09 18:33:37.451533|[EVENT][SUB][doLoop]event sub tasks report,working event sub count=0,suspend event sub count=0
info|2023-07-09 18:33:38.562721|[SDK][WS][SERVICE]connected nodes,count=2
info|2023-07-09 18:33:57.452378|[EVENT][SUB][doLoop]event sub tasks report,working event sub count=0,suspend event sub count=0
info|2023-07-09 18:33:58.563409|[SDK][WS][SERVICE]connected nodes,count=2
info|2023-07-09 18:34:17.453488|[EVENT][SUB][doLoop]event sub tasks report,working event sub count=0,suspend event sub count=0
info|2023-07-09 18:34:18.564584|[SDK][WS][SERVICE]connected nodes,count=2
info|2023-07-09 18:34:37.453853|[EVENT][SUB][doLoop]event sub tasks report,working event sub count=0,suspend event sub count=0
info|2023-07-09 18:34:38.565321|[SDK][WS][SERVICE]connected nodes,count=2
info|2023-07-09 18:34:57.454142|[EVENT][SUB][doLoop]event sub tasks report,working event sub count=0,suspend event sub count=0
info|2023-07-09 18:34:58.565944|[SDK][WS][SERVICE]connected nodes,count=2
info|2023-07-09 18:35:17.454740|[EVENT][SUB][doLoop]event sub tasks report,working event sub count=0,suspend event sub count=0
info|2023-07-09 18:35:18.566096|[SDK][WS][SERVICE]connected nodes,count=2
info|2023-07-09 18:35:37.455408|[EVENT][SUB][doLoop]event sub tasks report,working event sub count=0,suspend event sub count=0
info|2023-07-09 18:35:38.566455|[SDK][WS][SERVICE]connected nodes,count=2
info|2023-07-09 18:35:57.455746|[EVENT][SUB][doLoop]event sub tasks report,working event sub count=0,suspend event sub count=0
info|2023-07-09 18:35:58.567235|[SDK][WS][SERVICE]connected nodes,count=2
info|2023-07-09 18:36:17.456398|[EVENT][SUB][doLoop]event sub tasks report,working event sub count=0,suspend event sub count=0
info|2023-07-09 18:36:18.567719|[SDK][WS][SERVICE]connected nodes,count=2
info|2023-07-09 18:36:37.456750|[EVENT][SUB][doLoop]event sub tasks report,working event sub count=0,suspend event sub count=0
info|2023-07-09 18:36:38.583005|[SDK][WS][SERVICE]connected nodes,count=2
info|2023-07-09 18:36:57.456882|[EVENT][SUB][doLoop]event sub tasks report,working event sub count=0,suspend event sub count=0
info|2023-07-09 18:36:58.583621|[SDK][WS][SERVICE]connected nodes,count=2
info|2023-07-09 18:37:17.457650|[EVENT][SUB][doLoop]event sub tasks report,working event sub count=0,suspend event sub count=0
info|2023-07-09 18:37:18.583728|[SDK][WS][SERVICE]connected nodes,count=2
info|2023-07-09 18:37:37.460240|[EVENT][SUB][doLoop]event sub tasks report,working event sub count=0,suspend event sub count=0
info|2023-07-09 18:37:38.584246|[SDK][WS][SERVICE]connected nodes,count=2
info|2023-07-09 18:37:57.460743|[EVENT][SUB][doLoop]event sub tasks report,working event sub count=0,suspend event sub count=0
info|2023-07-09 18:37:58.584455|[SDK][WS][SERVICE]connected nodes,count=2
info|2023-07-09 18:38:17.461240|[EVENT][SUB][doLoop]event sub tasks report,working event sub count=0,suspend event sub count=0
info|2023-07-09 18:38:18.626939|[SDK][WS][SERVICE]connected nodes,count=2
info|2023-07-09 18:38:37.468089|[EVENT][SUB][doLoop]event sub tasks report,working event sub count=0,suspend event sub count=0
info|2023-07-09 18:38:38.629188|[SDK][WS][SERVICE]connected nodes,count=2
info|2023-07-09 18:38:57.469897|[EVENT][SUB][doLoop]event sub tasks report,working event sub count=0,suspend event sub count=0
info|2023-07-09 18:38:58.639320|[SDK][WS][SERVICE]connected nodes,count=2
info|2023-07-09 18:39:17.471973|[EVENT][SUB][doLoop]event sub tasks report,working event sub count=0,suspend event sub count=0
info|2023-07-09 18:39:18.669152|[SDK][WS][SERVICE]connected nodes,count=2
info|2023-07-09 18:39:37.472022|[EVENT][SUB][doLoop]event sub tasks report,working event sub count=0,suspend event sub count=0
info|2023-07-09 18:39:38.670913|[SDK][WS][SERVICE]connected nodes,count=2
info|2023-07-09 18:39:57.472250|[EVENT][SUB][doLoop]event sub tasks report,working event sub count=0,suspend event sub count=0
info|2023-07-09 18:39:58.671902|[SDK][WS][SERVICE]connected nodes,count=2
info|2023-07-09 18:40:17.472374|[EVENT][SUB][doLoop]event sub tasks report,working event sub count=0,suspend event sub count=0
info|2023-07-09 18:40:18.685803|[SDK][WS][SERVICE]connected nodes,count=2
info|2023-07-09 18:40:37.472499|[EVENT][SUB][doLoop]event sub tasks report,working event sub count=0,suspend event sub count=0
info|2023-07-09 18:40:38.686188|[SDK][WS][SERVICE]connected nodes,count=2
info|2023-07-09 18:40:57.473262|[EVENT][SUB][doLoop]event sub tasks report,working event sub count=0,suspend event sub count=0
info|2023-07-09 18:40:58.687320|[SDK][WS][SERVICE]connected nodes,count=2
info|2023-07-09 18:41:17.473510|[EVENT][SUB][doLoop]event sub tasks report,working event sub count=0,suspend event sub count=0
info|2023-07-09 18:41:18.687556|[SDK][WS][SERVICE]connected nodes,count=2
info|2023-07-09 18:41:37.473947|[EVENT][SUB][doLoop]event sub tasks report,working event sub count=0,suspend event sub count=0
info|2023-07-09 18:41:38.687910|[SDK][WS][SERVICE]connected nodes,count=2
info|2023-07-09 18:41:57.474281|[EVENT][SUB][doLoop]event sub tasks report,working event sub count=0,suspend event sub count=0
info|2023-07-09 18:41:58.688210|[SDK][WS][SERVICE]connected nodes,count=2
info|2023-07-09 18:42:17.474629|[EVENT][SUB][doLoop]event sub tasks report,working event sub count=0,suspend event sub count=0
info|2023-07-09 18:42:18.688626|[SDK][WS][SERVICE]connected nodes,count=2
info|2023-07-09 18:42:37.475424|[EVENT][SUB][doLoop]event sub tasks report,working event sub count=0,suspend event sub count=0
info|2023-07-09 18:42:38.688800|[SDK][WS][SERVICE]connected nodes,count=2
info|2023-07-09 18:42:57.475775|[EVENT][SUB][doLoop]event sub tasks report,working event sub count=0,suspend event sub count=0
info|2023-07-09 18:42:58.689500|[SDK][WS][SERVICE]connected nodes,count=2
info|2023-07-09 18:43:17.476269|[EVENT][SUB][doLoop]event sub tasks report,working event sub count=0,suspend event sub count=0
info|2023-07-09 18:43:18.718278|[SDK][WS][SERVICE]connected nodes,count=2
info|2023-07-09 18:43:37.476988|[EVENT][SUB][doLoop]event sub tasks report,working event sub count=0,suspend event sub count=0
info|2023-07-09 18:43:38.809975|[SDK][WS][SERVICE]connected nodes,count=2
info|2023-07-09 18:43:57.477456|[EVENT][SUB][doLoop]event sub tasks report,working event sub count=0,suspend event sub count=0
info|2023-07-09 18:43:58.810549|[SDK][WS][SERVICE]connected nodes,count=2
info|2023-07-09 18:44:17.477771|[EVENT][SUB][doLoop]event sub tasks report,working event sub count=0,suspend event sub count=0
info|2023-07-09 18:44:18.811332|[SDK][WS][SERVICE]connected nodes,count=2
info|2023-07-09 18:44:37.477941|[EVENT][SUB][doLoop]event sub tasks report,working event sub count=0,suspend event sub count=0
info|2023-07-09 18:44:38.811753|[SDK][WS][SERVICE]connected nodes,count=2
info|2023-07-09 18:44:57.478472|[EVENT][SUB][doLoop]event sub tasks report,working event sub count=0,suspend event sub count=0
info|2023-07-09 18:44:58.812337|[SDK][WS][SERVICE]connected nodes,count=2
info|2023-07-09 18:45:17.478784|[EVENT][SUB][doLoop]event sub tasks report,working event sub count=0,suspend event sub count=0
info|2023-07-09 18:45:18.812820|[SDK][WS][SERVICE]connected nodes,count=2
info|2023-07-09 18:45:37.479019|[EVENT][SUB][doLoop]event sub tasks report,working event sub count=0,suspend event sub count=0
info|2023-07-09 18:45:38.813058|[SDK][WS][SERVICE]connected nodes,count=2
info|2023-07-09 18:45:57.479068|[EVENT][SUB][doLoop]event sub tasks report,working event sub count=0,suspend event sub count=0
info|2023-07-09 18:45:58.813340|[SDK][WS][SERVICE]connected nodes,count=2
info|2023-07-09 18:46:17.479456|[EVENT][SUB][doLoop]event sub tasks report,working event sub count=0,suspend event sub count=0
info|2023-07-09 18:46:18.813737|[SDK][WS][SERVICE]connected nodes,count=2
info|2023-07-09 18:46:37.479631|[EVENT][SUB][doLoop]event sub tasks report,working event sub count=0,suspend event sub count=0
info|2023-07-09 18:46:38.813962|[SDK][WS][SERVICE]connected nodes,count=2
info|2023-07-09 18:46:57.480136|[EVENT][SUB][doLoop]event sub tasks report,working event sub count=0,suspend event sub count=0
info|2023-07-09 18:46:58.814215|[SDK][WS][SERVICE]connected nodes,count=2
info|2023-07-09 18:47:17.480562|[EVENT][SUB][doLoop]event sub tasks report,working event sub count=0,suspend event sub count=0
info|2023-07-09 18:47:18.814401|[SDK][WS][SERVICE]connected nodes,count=2
info|2023-07-09 18:47:37.480900|[EVENT][SUB][doLoop]event sub tasks report,working event sub count=0,suspend event sub count=0
info|2023-07-09 18:47:38.814962|[SDK][WS][SERVICE]connected nodes,count=2
info|2023-07-09 18:47:57.481310|[EVENT][SUB][doLoop]event sub tasks report,working event sub count=0,suspend event sub count=0
info|2023-07-09 18:47:58.815166|[SDK][WS][SERVICE]connected nodes,count=2
info|2023-07-09 18:48:17.481477|[EVENT][SUB][doLoop]event sub tasks report,working event sub count=0,suspend event sub count=0
info|2023-07-09 18:48:18.815625|[SDK][WS][SERVICE]connected nodes,count=2
info|2023-07-09 18:48:37.538253|[EVENT][SUB][doLoop]event sub tasks report,working event sub count=0,suspend event sub count=0
info|2023-07-09 18:48:38.821150|[SDK][WS][SERVICE]connected nodes,count=2
info|2023-07-09 18:48:57.538362|[EVENT][SUB][doLoop]event sub tasks report,working event sub count=0,suspend event sub count=0
info|2023-07-09 18:48:58.824174|[SDK][WS][SERVICE]connected nodes,count=2
info|2023-07-09 18:49:17.538856|[EVENT][SUB][doLoop]event sub tasks report,working event sub count=0,suspend event sub count=0
info|2023-07-09 18:49:18.832167|[SDK][WS][SERVICE]connected nodes,count=2
info|2023-07-09 18:49:37.538968|[EVENT][SUB][doLoop]event sub tasks report,working event sub count=0,suspend event sub count=0
info|2023-07-09 18:49:38.832436|[SDK][WS][SERVICE]connected nodes,count=2
info|2023-07-09 18:49:57.542419|[EVENT][SUB][doLoop]event sub tasks report,working event sub count=0,suspend event sub count=0
info|2023-07-09 18:49:58.833127|[SDK][WS][SERVICE]connected nodes,count=2
info|2023-07-09 18:50:17.547781|[EVENT][SUB][doLoop]event sub tasks report,working event sub count=0,suspend event sub count=0
info|2023-07-09 18:50:18.833596|[SDK][WS][SERVICE]connected nodes,count=2
info|2023-07-09 18:50:37.580268|[EVENT][SUB][doLoop]event sub tasks report,working event sub count=0,suspend event sub count=0
info|2023-07-09 18:50:38.833975|[SDK][WS][SERVICE]connected nodes,count=2
info|2023-07-09 18:50:57.990377|[EVENT][SUB][doLoop]event sub tasks report,working event sub count=0,suspend event sub count=0
info|2023-07-09 18:50:58.834070|[SDK][WS][SERVICE]connected nodes,count=2
info|2023-07-09 18:51:17.990862|[EVENT][SUB][doLoop]event sub tasks report,working event sub count=0,suspend event sub count=0
info|2023-07-09 18:51:18.836657|[SDK][WS][SERVICE]connected nodes,count=2
info|2023-07-09 18:51:38.021664|[EVENT][SUB][doLoop]event sub tasks report,working event sub count=0,suspend event sub count=0
info|2023-07-09 18:51:38.870691|[SDK][WS][SERVICE]connected nodes,count=2
info|2023-07-09 18:51:58.029932|[EVENT][SUB][doLoop]event sub tasks report,working event sub count=0,suspend event sub count=0
info|2023-07-09 18:51:58.888489|[SDK][WS][SERVICE]connected nodes,count=2
info|2023-07-09 18:52:18.030129|[EVENT][SUB][doLoop]event sub tasks report,working event sub count=0,suspend event sub count=0
info|2023-07-09 18:52:18.888870|[SDK][WS][SERVICE]connected nodes,count=2
info|2023-07-09 18:52:38.030188|[EVENT][SUB][doLoop]event sub tasks report,working event sub count=0,suspend event sub count=0
info|2023-07-09 18:52:38.930040|[SDK][WS][SERVICE]connected nodes,count=2
info|2023-07-09 18:52:58.030665|[EVENT][SUB][doLoop]event sub tasks report,working event sub count=0,suspend event sub count=0
info|2023-07-09 18:52:58.930546|[SDK][WS][SERVICE]connected nodes,count=2
info|2023-07-09 18:53:18.031115|[EVENT][SUB][doLoop]event sub tasks report,working event sub count=0,suspend event sub count=0
info|2023-07-09 18:53:18.931491|[SDK][WS][SERVICE]connected nodes,count=2
info|2023-07-09 18:53:38.031276|[EVENT][SUB][doLoop]event sub tasks report,working event sub count=0,suspend event sub count=0
info|2023-07-09 18:53:38.931952|[SDK][WS][SERVICE]connected nodes,count=2
info|2023-07-09 18:53:58.031924|[EVENT][SUB][doLoop]event sub tasks report,working event sub count=0,suspend event sub count=0
info|2023-07-09 18:53:58.932483|[SDK][WS][SERVICE]connected nodes,count=2
info|2023-07-09 18:54:18.032141|[EVENT][SUB][doLoop]event sub tasks report,working event sub count=0,suspend event sub count=0
info|2023-07-09 18:54:18.932765|[SDK][WS][SERVICE]connected nodes,count=2
info|2023-07-09 18:54:38.032316|[EVENT][SUB][doLoop]event sub tasks report,working event sub count=0,suspend event sub count=0
info|2023-07-09 18:54:38.932974|[SDK][WS][SERVICE]connected nodes,count=2
info|2023-07-09 18:54:58.033023|[EVENT][SUB][doLoop]event sub tasks report,working event sub count=0,suspend event sub count=0
info|2023-07-09 18:54:58.933338|[SDK][WS][SERVICE]connected nodes,count=2
info|2023-07-09 18:55:18.033169|[EVENT][SUB][doLoop]event sub tasks report,working event sub count=0,suspend event sub count=0
info|2023-07-09 18:55:18.933704|[SDK][WS][SERVICE]connected nodes,count=2
info|2023-07-09 18:55:38.033264|[EVENT][SUB][doLoop]event sub tasks report,working event sub count=0,suspend event sub count=0
info|2023-07-09 18:55:38.934102|[SDK][WS][SERVICE]connected nodes,count=2
info|2023-07-09 18:55:58.033349|[EVENT][SUB][doLoop]event sub tasks report,working event sub count=0,suspend event sub count=0
info|2023-07-09 18:55:58.934362|[SDK][WS][SERVICE]connected nodes,count=2
info|2023-07-09 18:56:18.033586|[EVENT][SUB][doLoop]event sub tasks report,working event sub count=0,suspend event sub count=0
info|2023-07-09 18:56:18.936347|[SDK][WS][SERVICE]connected nodes,count=2
info|2023-07-09 18:56:38.033812|[EVENT][SUB][doLoop]event sub tasks report,working event sub count=0,suspend event sub count=0
info|2023-07-09 18:56:38.936987|[SDK][WS][SERVICE]connected nodes,count=2
info|2023-07-09 18:56:58.099797|[EVENT][SUB][doLoop]event sub tasks report,working event sub count=0,suspend event sub count=0
info|2023-07-09 18:56:59.561920|[SDK][WS][SERVICE]connected nodes,count=2
info|2023-07-09 18:57:14.496018|[RPC][BLOCK][NUMBER][fromJson],group=group0,node=98a7f70ec883a722219d92253cf073a72605f4087aa3443c8e4aadc0af2dc3ac647d0fa1b5ac99cd6987abafe6d690ae71cd5fd2aeeabe7589bfb4748aabdfba,blockNumber=2975
info|2023-07-09 18:57:14.496043|[RPCWS][SERVICE][onRecvBlockNotifier]receive block number notifier,group=group0,node=98a7f70ec883a722219d92253cf073a72605f4087aa3443c8e4aadc0af2dc3ac647d0fa1b5ac99cd6987abafe6d690ae71cd5fd2aeeabe7589bfb4748aabdfba,blockNumber=2975
info|2023-07-09 18:57:14.496048|[RPCWS][SERVICE][updateGroupBlockNumber],groupID=group0,_blockNumber=2975
info|2023-07-09 18:57:14.496052|[RPCWS][SERVICE][onRecvBlockNotifier]block notifier callback,group=group0,node=98a7f70ec883a722219d92253cf073a72605f4087aa3443c8e4aadc0af2dc3ac647d0fa1b5ac99cd6987abafe6d690ae71cd5fd2aeeabe7589bfb4748aabdfba,blockNumber=2975
info|2023-07-09 18:57:14.496056|[WS]receive block notify,endpoint=127.0.0.1:20200,blk={
	"blockNumber" : 2975,
	"group" : "group0",
	"nodeName" : "98a7f70ec883a722219d92253cf073a72605f4087aa3443c8e4aadc0af2dc3ac647d0fa1b5ac99cd6987abafe6d690ae71cd5fd2aeeabe7589bfb4748aabdfba"
}
info|2023-07-09 18:57:14.516163|[RPC][BLOCK][NUMBER][fromJson],group=group0,node=2f993327933ad58672518b6d4f63920cbc68b80f78f4d81192552ee6362f5cc81ee13bdc678ad65f06e76444cadb53b33694cfb3fc7679b8000411975fedd28a,blockNumber=2975
info|2023-07-09 18:57:14.516367|[RPCWS][SERVICE][onRecvBlockNotifier]receive block number notifier,group=group0,node=2f993327933ad58672518b6d4f63920cbc68b80f78f4d81192552ee6362f5cc81ee13bdc678ad65f06e76444cadb53b33694cfb3fc7679b8000411975fedd28a,blockNumber=2975
info|2023-07-09 18:57:14.516377|[WS]receive block notify,endpoint=127.0.0.1:20201,blk={
	"blockNumber" : 2975,
	"group" : "group0",
	"nodeName" : "2f993327933ad58672518b6d4f63920cbc68b80f78f4d81192552ee6362f5cc81ee13bdc678ad65f06e76444cadb53b33694cfb3fc7679b8000411975fedd28a"
}
info|2023-07-09 18:57:14.958674|[RPC][BLOCK][NUMBER][fromJson],group=group0,node=98a7f70ec883a722219d92253cf073a72605f4087aa3443c8e4aadc0af2dc3ac647d0fa1b5ac99cd6987abafe6d690ae71cd5fd2aeeabe7589bfb4748aabdfba,blockNumber=2976
info|2023-07-09 18:57:14.958694|[RPCWS][SERVICE][onRecvBlockNotifier]receive block number notifier,group=group0,node=98a7f70ec883a722219d92253cf073a72605f4087aa3443c8e4aadc0af2dc3ac647d0fa1b5ac99cd6987abafe6d690ae71cd5fd2aeeabe7589bfb4748aabdfba,blockNumber=2976
info|2023-07-09 18:57:14.958699|[RPCWS][SERVICE][updateGroupBlockNumber],groupID=group0,_blockNumber=2976
info|2023-07-09 18:57:14.958704|[RPCWS][SERVICE][onRecvBlockNotifier]block notifier callback,group=group0,node=98a7f70ec883a722219d92253cf073a72605f4087aa3443c8e4aadc0af2dc3ac647d0fa1b5ac99cd6987abafe6d690ae71cd5fd2aeeabe7589bfb4748aabdfba,blockNumber=2976
info|2023-07-09 18:57:14.958708|[WS]receive block notify,endpoint=127.0.0.1:20200,blk={
	"blockNumber" : 2976,
	"group" : "group0",
	"nodeName" : "98a7f70ec883a722219d92253cf073a72605f4087aa3443c8e4aadc0af2dc3ac647d0fa1b5ac99cd6987abafe6d690ae71cd5fd2aeeabe7589bfb4748aabdfba"
}
info|2023-07-09 18:57:15.165734|[RPC][BLOCK][NUMBER][fromJson],group=group0,node=2f993327933ad58672518b6d4f63920cbc68b80f78f4d81192552ee6362f5cc81ee13bdc678ad65f06e76444cadb53b33694cfb3fc7679b8000411975fedd28a,blockNumber=2976
info|2023-07-09 18:57:15.165765|[RPCWS][SERVICE][onRecvBlockNotifier]receive block number notifier,group=group0,node=2f993327933ad58672518b6d4f63920cbc68b80f78f4d81192552ee6362f5cc81ee13bdc678ad65f06e76444cadb53b33694cfb3fc7679b8000411975fedd28a,blockNumber=2976
info|2023-07-09 18:57:15.165773|[WS]receive block notify,endpoint=127.0.0.1:20201,blk={
	"blockNumber" : 2976,
	"group" : "group0",
	"nodeName" : "2f993327933ad58672518b6d4f63920cbc68b80f78f4d81192552ee6362f5cc81ee13bdc678ad65f06e76444cadb53b33694cfb3fc7679b8000411975fedd28a"
}
info|2023-07-09 18:57:18.120691|[EVENT][SUB][doLoop]event sub tasks report,working event sub count=0,suspend event sub count=0
info|2023-07-09 18:57:19.578726|[SDK][WS][SERVICE]connected nodes,count=2
info|2023-07-09 18:57:38.270670|[EVENT][SUB][doLoop]event sub tasks report,working event sub count=0,suspend event sub count=0
info|2023-07-09 18:57:39.643977|[SDK][WS][SERVICE]connected nodes,count=2
info|2023-07-09 18:57:58.314727|[EVENT][SUB][doLoop]event sub tasks report,working event sub count=0,suspend event sub count=0
info|2023-07-09 18:57:59.690090|[SDK][WS][SERVICE]connected nodes,count=2
info|2023-07-09 18:58:18.317203|[EVENT][SUB][doLoop]event sub tasks report,working event sub count=0,suspend event sub count=0
info|2023-07-09 18:58:19.698624|[SDK][WS][SERVICE]connected nodes,count=2
info|2023-07-09 18:58:38.394993|[EVENT][SUB][doLoop]event sub tasks report,working event sub count=0,suspend event sub count=0
info|2023-07-09 18:58:39.702442|[SDK][WS][SERVICE]connected nodes,count=2
info|2023-07-09 18:58:53.650496|[RPC][BLOCK][NUMBER][fromJson],group=group0,node=98a7f70ec883a722219d92253cf073a72605f4087aa3443c8e4aadc0af2dc3ac647d0fa1b5ac99cd6987abafe6d690ae71cd5fd2aeeabe7589bfb4748aabdfba,blockNumber=2977
info|2023-07-09 18:58:53.650522|[RPCWS][SERVICE][onRecvBlockNotifier]receive block number notifier,group=group0,node=98a7f70ec883a722219d92253cf073a72605f4087aa3443c8e4aadc0af2dc3ac647d0fa1b5ac99cd6987abafe6d690ae71cd5fd2aeeabe7589bfb4748aabdfba,blockNumber=2977
info|2023-07-09 18:58:53.650528|[RPCWS][SERVICE][updateGroupBlockNumber],groupID=group0,_blockNumber=2977
info|2023-07-09 18:58:53.650533|[RPCWS][SERVICE][onRecvBlockNotifier]block notifier callback,group=group0,node=98a7f70ec883a722219d92253cf073a72605f4087aa3443c8e4aadc0af2dc3ac647d0fa1b5ac99cd6987abafe6d690ae71cd5fd2aeeabe7589bfb4748aabdfba,blockNumber=2977
info|2023-07-09 18:58:53.650536|[WS]receive block notify,endpoint=127.0.0.1:20200,blk={
	"blockNumber" : 2977,
	"group" : "group0",
	"nodeName" : "98a7f70ec883a722219d92253cf073a72605f4087aa3443c8e4aadc0af2dc3ac647d0fa1b5ac99cd6987abafe6d690ae71cd5fd2aeeabe7589bfb4748aabdfba"
}
info|2023-07-09 18:58:54.204119|[RPC][BLOCK][NUMBER][fromJson],group=group0,node=2f993327933ad58672518b6d4f63920cbc68b80f78f4d81192552ee6362f5cc81ee13bdc678ad65f06e76444cadb53b33694cfb3fc7679b8000411975fedd28a,blockNumber=2977
info|2023-07-09 18:58:54.204146|[RPCWS][SERVICE][onRecvBlockNotifier]receive block number notifier,group=group0,node=2f993327933ad58672518b6d4f63920cbc68b80f78f4d81192552ee6362f5cc81ee13bdc678ad65f06e76444cadb53b33694cfb3fc7679b8000411975fedd28a,blockNumber=2977
info|2023-07-09 18:58:54.204153|[WS]receive block notify,endpoint=127.0.0.1:20201,blk={
	"blockNumber" : 2977,
	"group" : "group0",
	"nodeName" : "2f993327933ad58672518b6d4f63920cbc68b80f78f4d81192552ee6362f5cc81ee13bdc678ad65f06e76444cadb53b33694cfb3fc7679b8000411975fedd28a"
}
info|2023-07-09 18:58:54.992932|[RPC][BLOCK][NUMBER][fromJson],group=group0,node=98a7f70ec883a722219d92253cf073a72605f4087aa3443c8e4aadc0af2dc3ac647d0fa1b5ac99cd6987abafe6d690ae71cd5fd2aeeabe7589bfb4748aabdfba,blockNumber=2978
info|2023-07-09 18:58:54.992952|[RPCWS][SERVICE][onRecvBlockNotifier]receive block number notifier,group=group0,node=98a7f70ec883a722219d92253cf073a72605f4087aa3443c8e4aadc0af2dc3ac647d0fa1b5ac99cd6987abafe6d690ae71cd5fd2aeeabe7589bfb4748aabdfba,blockNumber=2978
info|2023-07-09 18:58:54.992957|[RPCWS][SERVICE][updateGroupBlockNumber],groupID=group0,_blockNumber=2978
info|2023-07-09 18:58:54.992961|[RPCWS][SERVICE][onRecvBlockNotifier]block notifier callback,group=group0,node=98a7f70ec883a722219d92253cf073a72605f4087aa3443c8e4aadc0af2dc3ac647d0fa1b5ac99cd6987abafe6d690ae71cd5fd2aeeabe7589bfb4748aabdfba,blockNumber=2978
info|2023-07-09 18:58:54.992964|[WS]receive block notify,endpoint=127.0.0.1:20200,blk={
	"blockNumber" : 2978,
	"group" : "group0",
	"nodeName" : "98a7f70ec883a722219d92253cf073a72605f4087aa3443c8e4aadc0af2dc3ac647d0fa1b5ac99cd6987abafe6d690ae71cd5fd2aeeabe7589bfb4748aabdfba"
}
info|2023-07-09 18:58:56.224047|[RPC][BLOCK][NUMBER][fromJson],group=group0,node=2f993327933ad58672518b6d4f63920cbc68b80f78f4d81192552ee6362f5cc81ee13bdc678ad65f06e76444cadb53b33694cfb3fc7679b8000411975fedd28a,blockNumber=2978
info|2023-07-09 18:58:56.224073|[RPCWS][SERVICE][onRecvBlockNotifier]receive block number notifier,group=group0,node=2f993327933ad58672518b6d4f63920cbc68b80f78f4d81192552ee6362f5cc81ee13bdc678ad65f06e76444cadb53b33694cfb3fc7679b8000411975fedd28a,blockNumber=2978
info|2023-07-09 18:58:56.224081|[WS]receive block notify,endpoint=127.0.0.1:20201,blk={
	"blockNumber" : 2978,
	"group" : "group0",
	"nodeName" : "2f993327933ad58672518b6d4f63920cbc68b80f78f4d81192552ee6362f5cc81ee13bdc678ad65f06e76444cadb53b33694cfb3fc7679b8000411975fedd28a"
}
info|2023-07-09 18:58:58.410755|[EVENT][SUB][doLoop]event sub tasks report,working event sub count=0,suspend event sub count=0
info|2023-07-09 18:58:59.707009|[SDK][WS][SERVICE]connected nodes,count=2
info|2023-07-09 18:59:00.105054|[RPC][BLOCK][NUMBER][fromJson],group=group0,node=98a7f70ec883a722219d92253cf073a72605f4087aa3443c8e4aadc0af2dc3ac647d0fa1b5ac99cd6987abafe6d690ae71cd5fd2aeeabe7589bfb4748aabdfba,blockNumber=2979
info|2023-07-09 18:59:00.108325|[RPCWS][SERVICE][onRecvBlockNotifier]receive block number notifier,group=group0,node=98a7f70ec883a722219d92253cf073a72605f4087aa3443c8e4aadc0af2dc3ac647d0fa1b5ac99cd6987abafe6d690ae71cd5fd2aeeabe7589bfb4748aabdfba,blockNumber=2979
info|2023-07-09 18:59:00.108353|[RPCWS][SERVICE][updateGroupBlockNumber],groupID=group0,_blockNumber=2979
info|2023-07-09 18:59:00.108358|[RPCWS][SERVICE][onRecvBlockNotifier]block notifier callback,group=group0,node=98a7f70ec883a722219d92253cf073a72605f4087aa3443c8e4aadc0af2dc3ac647d0fa1b5ac99cd6987abafe6d690ae71cd5fd2aeeabe7589bfb4748aabdfba,blockNumber=2979
info|2023-07-09 18:59:00.108362|[WS]receive block notify,endpoint=127.0.0.1:20200,blk={
	"blockNumber" : 2979,
	"group" : "group0",
	"nodeName" : "98a7f70ec883a722219d92253cf073a72605f4087aa3443c8e4aadc0af2dc3ac647d0fa1b5ac99cd6987abafe6d690ae71cd5fd2aeeabe7589bfb4748aabdfba"
}
info|2023-07-09 18:59:00.530125|[RPC][BLOCK][NUMBER][fromJson],group=group0,node=2f993327933ad58672518b6d4f63920cbc68b80f78f4d81192552ee6362f5cc81ee13bdc678ad65f06e76444cadb53b33694cfb3fc7679b8000411975fedd28a,blockNumber=2979
info|2023-07-09 18:59:00.530152|[RPCWS][SERVICE][onRecvBlockNotifier]receive block number notifier,group=group0,node=2f993327933ad58672518b6d4f63920cbc68b80f78f4d81192552ee6362f5cc81ee13bdc678ad65f06e76444cadb53b33694cfb3fc7679b8000411975fedd28a,blockNumber=2979
info|2023-07-09 18:59:00.530159|[WS]receive block notify,endpoint=127.0.0.1:20201,blk={
	"blockNumber" : 2979,
	"group" : "group0",
	"nodeName" : "2f993327933ad58672518b6d4f63920cbc68b80f78f4d81192552ee6362f5cc81ee13bdc678ad65f06e76444cadb53b33694cfb3fc7679b8000411975fedd28a"
}
info|2023-07-09 18:59:00.588187|[RPC][BLOCK][NUMBER][fromJson],group=group0,node=98a7f70ec883a722219d92253cf073a72605f4087aa3443c8e4aadc0af2dc3ac647d0fa1b5ac99cd6987abafe6d690ae71cd5fd2aeeabe7589bfb4748aabdfba,blockNumber=2980
info|2023-07-09 18:59:00.588653|[RPCWS][SERVICE][onRecvBlockNotifier]receive block number notifier,group=group0,node=98a7f70ec883a722219d92253cf073a72605f4087aa3443c8e4aadc0af2dc3ac647d0fa1b5ac99cd6987abafe6d690ae71cd5fd2aeeabe7589bfb4748aabdfba,blockNumber=2980
info|2023-07-09 18:59:00.642017|[RPCWS][SERVICE][updateGroupBlockNumber],groupID=group0,_blockNumber=2980
info|2023-07-09 18:59:00.642038|[RPCWS][SERVICE][onRecvBlockNotifier]block notifier callback,group=group0,node=98a7f70ec883a722219d92253cf073a72605f4087aa3443c8e4aadc0af2dc3ac647d0fa1b5ac99cd6987abafe6d690ae71cd5fd2aeeabe7589bfb4748aabdfba,blockNumber=2980
info|2023-07-09 18:59:00.642044|[WS]receive block notify,endpoint=127.0.0.1:20200,blk={
	"blockNumber" : 2980,
	"group" : "group0",
	"nodeName" : "98a7f70ec883a722219d92253cf073a72605f4087aa3443c8e4aadc0af2dc3ac647d0fa1b5ac99cd6987abafe6d690ae71cd5fd2aeeabe7589bfb4748aabdfba"
}
info|2023-07-09 18:59:00.778629|[RPC][BLOCK][NUMBER][fromJson],group=group0,node=2f993327933ad58672518b6d4f63920cbc68b80f78f4d81192552ee6362f5cc81ee13bdc678ad65f06e76444cadb53b33694cfb3fc7679b8000411975fedd28a,blockNumber=2980
info|2023-07-09 18:59:00.778651|[RPCWS][SERVICE][onRecvBlockNotifier]receive block number notifier,group=group0,node=2f993327933ad58672518b6d4f63920cbc68b80f78f4d81192552ee6362f5cc81ee13bdc678ad65f06e76444cadb53b33694cfb3fc7679b8000411975fedd28a,blockNumber=2980
info|2023-07-09 18:59:00.778658|[WS]receive block notify,endpoint=127.0.0.1:20201,blk={
	"blockNumber" : 2980,
	"group" : "group0",
	"nodeName" : "2f993327933ad58672518b6d4f63920cbc68b80f78f4d81192552ee6362f5cc81ee13bdc678ad65f06e76444cadb53b33694cfb3fc7679b8000411975fedd28a"
}
info|2023-07-09 18:59:10.344903|[RPC][BLOCK][NUMBER][fromJson],group=group0,node=2f993327933ad58672518b6d4f63920cbc68b80f78f4d81192552ee6362f5cc81ee13bdc678ad65f06e76444cadb53b33694cfb3fc7679b8000411975fedd28a,blockNumber=2981
info|2023-07-09 18:59:10.344951|[RPCWS][SERVICE][onRecvBlockNotifier]receive block number notifier,group=group0,node=2f993327933ad58672518b6d4f63920cbc68b80f78f4d81192552ee6362f5cc81ee13bdc678ad65f06e76444cadb53b33694cfb3fc7679b8000411975fedd28a,blockNumber=2981
info|2023-07-09 18:59:10.344960|[RPCWS][SERVICE][updateGroupBlockNumber],groupID=group0,_blockNumber=2981
info|2023-07-09 18:59:10.344968|[RPCWS][SERVICE][onRecvBlockNotifier]block notifier callback,group=group0,node=2f993327933ad58672518b6d4f63920cbc68b80f78f4d81192552ee6362f5cc81ee13bdc678ad65f06e76444cadb53b33694cfb3fc7679b8000411975fedd28a,blockNumber=2981
info|2023-07-09 18:59:10.344975|[WS]receive block notify,endpoint=127.0.0.1:20201,blk={
	"blockNumber" : 2981,
	"group" : "group0",
	"nodeName" : "2f993327933ad58672518b6d4f63920cbc68b80f78f4d81192552ee6362f5cc81ee13bdc678ad65f06e76444cadb53b33694cfb3fc7679b8000411975fedd28a"
}
info|2023-07-09 18:59:10.464318|[RPC][BLOCK][NUMBER][fromJson],group=group0,node=98a7f70ec883a722219d92253cf073a72605f4087aa3443c8e4aadc0af2dc3ac647d0fa1b5ac99cd6987abafe6d690ae71cd5fd2aeeabe7589bfb4748aabdfba,blockNumber=2981
info|2023-07-09 18:59:10.464345|[RPCWS][SERVICE][onRecvBlockNotifier]receive block number notifier,group=group0,node=98a7f70ec883a722219d92253cf073a72605f4087aa3443c8e4aadc0af2dc3ac647d0fa1b5ac99cd6987abafe6d690ae71cd5fd2aeeabe7589bfb4748aabdfba,blockNumber=2981
info|2023-07-09 18:59:10.464352|[WS]receive block notify,endpoint=127.0.0.1:20200,blk={
	"blockNumber" : 2981,
	"group" : "group0",
	"nodeName" : "98a7f70ec883a722219d92253cf073a72605f4087aa3443c8e4aadc0af2dc3ac647d0fa1b5ac99cd6987abafe6d690ae71cd5fd2aeeabe7589bfb4748aabdfba"
}
info|2023-07-09 18:59:11.436578|[RPC][BLOCK][NUMBER][fromJson],group=group0,node=2f993327933ad58672518b6d4f63920cbc68b80f78f4d81192552ee6362f5cc81ee13bdc678ad65f06e76444cadb53b33694cfb3fc7679b8000411975fedd28a,blockNumber=2982
info|2023-07-09 18:59:11.436611|[RPCWS][SERVICE][onRecvBlockNotifier]receive block number notifier,group=group0,node=2f993327933ad58672518b6d4f63920cbc68b80f78f4d81192552ee6362f5cc81ee13bdc678ad65f06e76444cadb53b33694cfb3fc7679b8000411975fedd28a,blockNumber=2982
info|2023-07-09 18:59:11.436621|[RPCWS][SERVICE][updateGroupBlockNumber],groupID=group0,_blockNumber=2982
info|2023-07-09 18:59:11.436628|[RPCWS][SERVICE][onRecvBlockNotifier]block notifier callback,group=group0,node=2f993327933ad58672518b6d4f63920cbc68b80f78f4d81192552ee6362f5cc81ee13bdc678ad65f06e76444cadb53b33694cfb3fc7679b8000411975fedd28a,blockNumber=2982
info|2023-07-09 18:59:11.436634|[WS]receive block notify,endpoint=127.0.0.1:20201,blk={
	"blockNumber" : 2982,
	"group" : "group0",
	"nodeName" : "2f993327933ad58672518b6d4f63920cbc68b80f78f4d81192552ee6362f5cc81ee13bdc678ad65f06e76444cadb53b33694cfb3fc7679b8000411975fedd28a"
}
info|2023-07-09 18:59:11.542902|[RPC][BLOCK][NUMBER][fromJson],group=group0,node=98a7f70ec883a722219d92253cf073a72605f4087aa3443c8e4aadc0af2dc3ac647d0fa1b5ac99cd6987abafe6d690ae71cd5fd2aeeabe7589bfb4748aabdfba,blockNumber=2982
info|2023-07-09 18:59:11.543958|[RPCWS][SERVICE][onRecvBlockNotifier]receive block number notifier,group=group0,node=98a7f70ec883a722219d92253cf073a72605f4087aa3443c8e4aadc0af2dc3ac647d0fa1b5ac99cd6987abafe6d690ae71cd5fd2aeeabe7589bfb4748aabdfba,blockNumber=2982
info|2023-07-09 18:59:11.544119|[WS]receive block notify,endpoint=127.0.0.1:20200,blk={
	"blockNumber" : 2982,
	"group" : "group0",
	"nodeName" : "98a7f70ec883a722219d92253cf073a72605f4087aa3443c8e4aadc0af2dc3ac647d0fa1b5ac99cd6987abafe6d690ae71cd5fd2aeeabe7589bfb4748aabdfba"
}
info|2023-07-09 18:59:18.432827|[EVENT][SUB][doLoop]event sub tasks report,working event sub count=0,suspend event sub count=0
info|2023-07-09 18:59:19.796209|[SDK][WS][SERVICE]connected nodes,count=2
info|2023-07-09 18:59:22.768599|[RPC][BLOCK][NUMBER][fromJson],group=group0,node=98a7f70ec883a722219d92253cf073a72605f4087aa3443c8e4aadc0af2dc3ac647d0fa1b5ac99cd6987abafe6d690ae71cd5fd2aeeabe7589bfb4748aabdfba,blockNumber=2983
info|2023-07-09 18:59:22.768621|[RPCWS][SERVICE][onRecvBlockNotifier]receive block number notifier,group=group0,node=98a7f70ec883a722219d92253cf073a72605f4087aa3443c8e4aadc0af2dc3ac647d0fa1b5ac99cd6987abafe6d690ae71cd5fd2aeeabe7589bfb4748aabdfba,blockNumber=2983
info|2023-07-09 18:59:22.768625|[RPCWS][SERVICE][updateGroupBlockNumber],groupID=group0,_blockNumber=2983
info|2023-07-09 18:59:22.768629|[RPCWS][SERVICE][onRecvBlockNotifier]block notifier callback,group=group0,node=98a7f70ec883a722219d92253cf073a72605f4087aa3443c8e4aadc0af2dc3ac647d0fa1b5ac99cd6987abafe6d690ae71cd5fd2aeeabe7589bfb4748aabdfba,blockNumber=2983
info|2023-07-09 18:59:22.768633|[WS]receive block notify,endpoint=127.0.0.1:20200,blk={
	"blockNumber" : 2983,
	"group" : "group0",
	"nodeName" : "98a7f70ec883a722219d92253cf073a72605f4087aa3443c8e4aadc0af2dc3ac647d0fa1b5ac99cd6987abafe6d690ae71cd5fd2aeeabe7589bfb4748aabdfba"
}
info|2023-07-09 18:59:23.885046|[RPC][BLOCK][NUMBER][fromJson],group=group0,node=2f993327933ad58672518b6d4f63920cbc68b80f78f4d81192552ee6362f5cc81ee13bdc678ad65f06e76444cadb53b33694cfb3fc7679b8000411975fedd28a,blockNumber=2983
info|2023-07-09 18:59:23.885071|[RPCWS][SERVICE][onRecvBlockNotifier]receive block number notifier,group=group0,node=2f993327933ad58672518b6d4f63920cbc68b80f78f4d81192552ee6362f5cc81ee13bdc678ad65f06e76444cadb53b33694cfb3fc7679b8000411975fedd28a,blockNumber=2983
info|2023-07-09 18:59:23.885078|[WS]receive block notify,endpoint=127.0.0.1:20201,blk={
	"blockNumber" : 2983,
	"group" : "group0",
	"nodeName" : "2f993327933ad58672518b6d4f63920cbc68b80f78f4d81192552ee6362f5cc81ee13bdc678ad65f06e76444cadb53b33694cfb3fc7679b8000411975fedd28a"
}
info|2023-07-09 18:59:25.875974|[RPC][BLOCK][NUMBER][fromJson],group=group0,node=98a7f70ec883a722219d92253cf073a72605f4087aa3443c8e4aadc0af2dc3ac647d0fa1b5ac99cd6987abafe6d690ae71cd5fd2aeeabe7589bfb4748aabdfba,blockNumber=2984
info|2023-07-09 18:59:25.876001|[RPCWS][SERVICE][onRecvBlockNotifier]receive block number notifier,group=group0,node=98a7f70ec883a722219d92253cf073a72605f4087aa3443c8e4aadc0af2dc3ac647d0fa1b5ac99cd6987abafe6d690ae71cd5fd2aeeabe7589bfb4748aabdfba,blockNumber=2984
info|2023-07-09 18:59:25.876006|[RPCWS][SERVICE][updateGroupBlockNumber],groupID=group0,_blockNumber=2984
info|2023-07-09 18:59:25.876011|[RPCWS][SERVICE][onRecvBlockNotifier]block notifier callback,group=group0,node=98a7f70ec883a722219d92253cf073a72605f4087aa3443c8e4aadc0af2dc3ac647d0fa1b5ac99cd6987abafe6d690ae71cd5fd2aeeabe7589bfb4748aabdfba,blockNumber=2984
info|2023-07-09 18:59:25.876014|[WS]receive block notify,endpoint=127.0.0.1:20200,blk={
	"blockNumber" : 2984,
	"group" : "group0",
	"nodeName" : "98a7f70ec883a722219d92253cf073a72605f4087aa3443c8e4aadc0af2dc3ac647d0fa1b5ac99cd6987abafe6d690ae71cd5fd2aeeabe7589bfb4748aabdfba"
}
info|2023-07-09 18:59:25.910280|[RPC][BLOCK][NUMBER][fromJson],group=group0,node=2f993327933ad58672518b6d4f63920cbc68b80f78f4d81192552ee6362f5cc81ee13bdc678ad65f06e76444cadb53b33694cfb3fc7679b8000411975fedd28a,blockNumber=2984
info|2023-07-09 18:59:25.910302|[RPCWS][SERVICE][onRecvBlockNotifier]receive block number notifier,group=group0,node=2f993327933ad58672518b6d4f63920cbc68b80f78f4d81192552ee6362f5cc81ee13bdc678ad65f06e76444cadb53b33694cfb3fc7679b8000411975fedd28a,blockNumber=2984
info|2023-07-09 18:59:25.910309|[WS]receive block notify,endpoint=127.0.0.1:20201,blk={
	"blockNumber" : 2984,
	"group" : "group0",
	"nodeName" : "2f993327933ad58672518b6d4f63920cbc68b80f78f4d81192552ee6362f5cc81ee13bdc678ad65f06e76444cadb53b33694cfb3fc7679b8000411975fedd28a"
}
info|2023-07-09 18:59:38.451539|[EVENT][SUB][doLoop]event sub tasks report,working event sub count=0,suspend event sub count=0
info|2023-07-09 18:59:39.798442|[SDK][WS][SERVICE]connected nodes,count=2
info|2023-07-09 18:59:49.883003|[RPC][BLOCK][NUMBER][fromJson],group=group0,node=2f993327933ad58672518b6d4f63920cbc68b80f78f4d81192552ee6362f5cc81ee13bdc678ad65f06e76444cadb53b33694cfb3fc7679b8000411975fedd28a,blockNumber=2985
info|2023-07-09 18:59:49.883056|[RPCWS][SERVICE][onRecvBlockNotifier]receive block number notifier,group=group0,node=2f993327933ad58672518b6d4f63920cbc68b80f78f4d81192552ee6362f5cc81ee13bdc678ad65f06e76444cadb53b33694cfb3fc7679b8000411975fedd28a,blockNumber=2985
info|2023-07-09 18:59:49.883073|[RPCWS][SERVICE][updateGroupBlockNumber],groupID=group0,_blockNumber=2985
info|2023-07-09 18:59:49.883096|[RPCWS][SERVICE][onRecvBlockNotifier]block notifier callback,group=group0,node=2f993327933ad58672518b6d4f63920cbc68b80f78f4d81192552ee6362f5cc81ee13bdc678ad65f06e76444cadb53b33694cfb3fc7679b8000411975fedd28a,blockNumber=2985
info|2023-07-09 18:59:49.883104|[WS]receive block notify,endpoint=127.0.0.1:20201,blk={
	"blockNumber" : 2985,
	"group" : "group0",
	"nodeName" : "2f993327933ad58672518b6d4f63920cbc68b80f78f4d81192552ee6362f5cc81ee13bdc678ad65f06e76444cadb53b33694cfb3fc7679b8000411975fedd28a"
}
info|2023-07-09 18:59:49.883126|[RPC][BLOCK][NUMBER][fromJson],group=group0,node=98a7f70ec883a722219d92253cf073a72605f4087aa3443c8e4aadc0af2dc3ac647d0fa1b5ac99cd6987abafe6d690ae71cd5fd2aeeabe7589bfb4748aabdfba,blockNumber=2985
info|2023-07-09 18:59:49.883132|[RPCWS][SERVICE][onRecvBlockNotifier]receive block number notifier,group=group0,node=98a7f70ec883a722219d92253cf073a72605f4087aa3443c8e4aadc0af2dc3ac647d0fa1b5ac99cd6987abafe6d690ae71cd5fd2aeeabe7589bfb4748aabdfba,blockNumber=2985
info|2023-07-09 18:59:49.883138|[WS]receive block notify,endpoint=127.0.0.1:20200,blk={
	"blockNumber" : 2985,
	"group" : "group0",
	"nodeName" : "98a7f70ec883a722219d92253cf073a72605f4087aa3443c8e4aadc0af2dc3ac647d0fa1b5ac99cd6987abafe6d690ae71cd5fd2aeeabe7589bfb4748aabdfba"
}
info|2023-07-09 18:59:56.112098|[RPC][BLOCK][NUMBER][fromJson],group=group0,node=98a7f70ec883a722219d92253cf073a72605f4087aa3443c8e4aadc0af2dc3ac647d0fa1b5ac99cd6987abafe6d690ae71cd5fd2aeeabe7589bfb4748aabdfba,blockNumber=2986
info|2023-07-09 18:59:56.112119|[RPCWS][SERVICE][onRecvBlockNotifier]receive block number notifier,group=group0,node=98a7f70ec883a722219d92253cf073a72605f4087aa3443c8e4aadc0af2dc3ac647d0fa1b5ac99cd6987abafe6d690ae71cd5fd2aeeabe7589bfb4748aabdfba,blockNumber=2986
info|2023-07-09 18:59:56.112124|[RPCWS][SERVICE][updateGroupBlockNumber],groupID=group0,_blockNumber=2986
info|2023-07-09 18:59:56.112128|[RPCWS][SERVICE][onRecvBlockNotifier]block notifier callback,group=group0,node=98a7f70ec883a722219d92253cf073a72605f4087aa3443c8e4aadc0af2dc3ac647d0fa1b5ac99cd6987abafe6d690ae71cd5fd2aeeabe7589bfb4748aabdfba,blockNumber=2986
info|2023-07-09 18:59:56.112132|[WS]receive block notify,endpoint=127.0.0.1:20200,blk={
	"blockNumber" : 2986,
	"group" : "group0",
	"nodeName" : "98a7f70ec883a722219d92253cf073a72605f4087aa3443c8e4aadc0af2dc3ac647d0fa1b5ac99cd6987abafe6d690ae71cd5fd2aeeabe7589bfb4748aabdfba"
}
info|2023-07-09 18:59:57.186538|[RPC][BLOCK][NUMBER][fromJson],group=group0,node=2f993327933ad58672518b6d4f63920cbc68b80f78f4d81192552ee6362f5cc81ee13bdc678ad65f06e76444cadb53b33694cfb3fc7679b8000411975fedd28a,blockNumber=2986
info|2023-07-09 18:59:57.186575|[RPCWS][SERVICE][onRecvBlockNotifier]receive block number notifier,group=group0,node=2f993327933ad58672518b6d4f63920cbc68b80f78f4d81192552ee6362f5cc81ee13bdc678ad65f06e76444cadb53b33694cfb3fc7679b8000411975fedd28a,blockNumber=2986
info|2023-07-09 18:59:57.186587|[WS]receive block notify,endpoint=127.0.0.1:20201,blk={
	"blockNumber" : 2986,
	"group" : "group0",
	"nodeName" : "2f993327933ad58672518b6d4f63920cbc68b80f78f4d81192552ee6362f5cc81ee13bdc678ad65f06e76444cadb53b33694cfb3fc7679b8000411975fedd28a"
}
info|2023-07-09 18:59:58.469520|[EVENT][SUB][doLoop]event sub tasks report,working event sub count=0,suspend event sub count=0
info|2023-07-09 18:59:59.808035|[SDK][WS][SERVICE]connected nodes,count=2
