info|2023-07-08 22:00:09.814913|[EVENT][SUB][doLoop]event sub tasks report,working event sub count=0,suspend event sub count=0
info|2023-07-08 22:00:10.341228|[SDK][WS][SERVICE]connected nodes,count=2
info|2023-07-08 22:00:29.815243|[EVENT][SUB][doLoop]event sub tasks report,working event sub count=0,suspend event sub count=0
info|2023-07-08 22:00:30.341641|[SDK][WS][SERVICE]connected nodes,count=2
info|2023-07-08 22:00:49.815470|[EVENT][SUB][doLoop]event sub tasks report,working event sub count=0,suspend event sub count=0
info|2023-07-08 22:00:50.342107|[SDK][WS][SERVICE]connected nodes,count=2
info|2023-07-08 22:01:09.815813|[EVENT][SUB][doLoop]event sub tasks report,working event sub count=0,suspend event sub count=0
info|2023-07-08 22:01:10.342695|[SDK][WS][SERVICE]connected nodes,count=2
info|2023-07-08 22:01:29.816131|[EVENT][SUB][doLoop]event sub tasks report,working event sub count=0,suspend event sub count=0
info|2023-07-08 22:01:30.342861|[SDK][WS][SERVICE]connected nodes,count=2
info|2023-07-08 22:01:49.816214|[EVENT][SUB][doLoop]event sub tasks report,working event sub count=0,suspend event sub count=0
info|2023-07-08 22:01:50.343318|[SDK][WS][SERVICE]connected nodes,count=2
info|2023-07-08 22:02:09.816468|[EVENT][SUB][doLoop]event sub tasks report,working event sub count=0,suspend event sub count=0
info|2023-07-08 22:02:10.343462|[SDK][WS][SERVICE]connected nodes,count=2
info|2023-07-08 22:02:29.816973|[EVENT][SUB][doLoop]event sub tasks report,working event sub count=0,suspend event sub count=0
info|2023-07-08 22:02:30.343623|[SDK][WS][SERVICE]connected nodes,count=2
info|2023-07-08 22:02:49.817514|[EVENT][SUB][doLoop]event sub tasks report,working event sub count=0,suspend event sub count=0
info|2023-07-08 22:02:50.343953|[SDK][WS][SERVICE]connected nodes,count=2
info|2023-07-08 22:03:09.817932|[EVENT][SUB][doLoop]event sub tasks report,working event sub count=0,suspend event sub count=0
info|2023-07-08 22:03:10.344190|[SDK][WS][SERVICE]connected nodes,count=2
info|2023-07-08 22:03:29.818002|[EVENT][SUB][doLoop]event sub tasks report,working event sub count=0,suspend event sub count=0
info|2023-07-08 22:03:30.344782|[SDK][WS][SERVICE]connected nodes,count=2
info|2023-07-08 22:03:49.818743|[EVENT][SUB][doLoop]event sub tasks report,working event sub count=0,suspend event sub count=0
info|2023-07-08 22:03:50.345049|[SDK][WS][SERVICE]connected nodes,count=2
info|2023-07-08 22:04:09.818803|[EVENT][SUB][doLoop]event sub tasks report,working event sub count=0,suspend event sub count=0
info|2023-07-08 22:04:10.345570|[SDK][WS][SERVICE]connected nodes,count=2
info|2023-07-08 22:04:29.819446|[EVENT][SUB][doLoop]event sub tasks report,working event sub count=0,suspend event sub count=0
info|2023-07-08 22:04:30.345688|[SDK][WS][SERVICE]connected nodes,count=2
info|2023-07-08 22:04:49.819611|[EVENT][SUB][doLoop]event sub tasks report,working event sub count=0,suspend event sub count=0
info|2023-07-08 22:04:50.346401|[SDK][WS][SERVICE]connected nodes,count=2
info|2023-07-08 22:05:09.819753|[EVENT][SUB][doLoop]event sub tasks report,working event sub count=0,suspend event sub count=0
info|2023-07-08 22:05:10.346581|[SDK][WS][SERVICE]connected nodes,count=2
info|2023-07-08 22:05:29.819933|[EVENT][SUB][doLoop]event sub tasks report,working event sub count=0,suspend event sub count=0
info|2023-07-08 22:05:30.346887|[SDK][WS][SERVICE]connected nodes,count=2
info|2023-07-08 22:05:49.820426|[EVENT][SUB][doLoop]event sub tasks report,working event sub count=0,suspend event sub count=0
info|2023-07-08 22:05:50.347344|[SDK][WS][SERVICE]connected nodes,count=2
info|2023-07-08 22:06:09.820539|[EVENT][SUB][doLoop]event sub tasks report,working event sub count=0,suspend event sub count=0
info|2023-07-08 22:06:10.347661|[SDK][WS][SERVICE]connected nodes,count=2
info|2023-07-08 22:06:29.820729|[EVENT][SUB][doLoop]event sub tasks report,working event sub count=0,suspend event sub count=0
info|2023-07-08 22:06:30.347829|[SDK][WS][SERVICE]connected nodes,count=2
info|2023-07-08 22:06:49.820844|[EVENT][SUB][doLoop]event sub tasks report,working event sub count=0,suspend event sub count=0
info|2023-07-08 22:06:50.348541|[SDK][WS][SERVICE]connected nodes,count=2
info|2023-07-08 22:07:09.821073|[EVENT][SUB][doLoop]event sub tasks report,working event sub count=0,suspend event sub count=0
info|2023-07-08 22:07:10.348830|[SDK][WS][SERVICE]connected nodes,count=2
info|2023-07-08 22:07:29.821245|[EVENT][SUB][doLoop]event sub tasks report,working event sub count=0,suspend event sub count=0
info|2023-07-08 22:07:30.349705|[SDK][WS][SERVICE]connected nodes,count=2
info|2023-07-08 22:07:49.821744|[EVENT][SUB][doLoop]event sub tasks report,working event sub count=0,suspend event sub count=0
info|2023-07-08 22:07:50.349909|[SDK][WS][SERVICE]connected nodes,count=2
info|2023-07-08 22:08:09.822366|[EVENT][SUB][doLoop]event sub tasks report,working event sub count=0,suspend event sub count=0
info|2023-07-08 22:08:10.350180|[SDK][WS][SERVICE]connected nodes,count=2
info|2023-07-08 22:08:29.822961|[EVENT][SUB][doLoop]event sub tasks report,working event sub count=0,suspend event sub count=0
info|2023-07-08 22:08:30.350426|[SDK][WS][SERVICE]connected nodes,count=2
info|2023-07-08 22:08:49.823507|[EVENT][SUB][doLoop]event sub tasks report,working event sub count=0,suspend event sub count=0
info|2023-07-08 22:08:50.351027|[SDK][WS][SERVICE]connected nodes,count=2
info|2023-07-08 22:09:09.823798|[EVENT][SUB][doLoop]event sub tasks report,working event sub count=0,suspend event sub count=0
info|2023-07-08 22:09:10.351403|[SDK][WS][SERVICE]connected nodes,count=2
info|2023-07-08 22:09:29.824279|[EVENT][SUB][doLoop]event sub tasks report,working event sub count=0,suspend event sub count=0
info|2023-07-08 22:09:30.352389|[SDK][WS][SERVICE]connected nodes,count=2
info|2023-07-08 22:09:49.824512|[EVENT][SUB][doLoop]event sub tasks report,working event sub count=0,suspend event sub count=0
info|2023-07-08 22:09:50.353069|[SDK][WS][SERVICE]connected nodes,count=2
info|2023-07-08 22:10:09.825186|[EVENT][SUB][doLoop]event sub tasks report,working event sub count=0,suspend event sub count=0
info|2023-07-08 22:10:10.353348|[SDK][WS][SERVICE]connected nodes,count=2
info|2023-07-08 22:10:29.825202|[EVENT][SUB][doLoop]event sub tasks report,working event sub count=0,suspend event sub count=0
info|2023-07-08 22:10:30.353566|[SDK][WS][SERVICE]connected nodes,count=2
info|2023-07-08 22:10:49.825775|[EVENT][SUB][doLoop]event sub tasks report,working event sub count=0,suspend event sub count=0
info|2023-07-08 22:10:50.354325|[SDK][WS][SERVICE]connected nodes,count=2
info|2023-07-08 22:11:09.825944|[EVENT][SUB][doLoop]event sub tasks report,working event sub count=0,suspend event sub count=0
info|2023-07-08 22:11:10.354449|[SDK][WS][SERVICE]connected nodes,count=2
info|2023-07-08 22:11:29.826360|[EVENT][SUB][doLoop]event sub tasks report,working event sub count=0,suspend event sub count=0
info|2023-07-08 22:11:30.355043|[SDK][WS][SERVICE]connected nodes,count=2
info|2023-07-08 22:11:49.826501|[EVENT][SUB][doLoop]event sub tasks report,working event sub count=0,suspend event sub count=0
info|2023-07-08 22:11:50.355621|[SDK][WS][SERVICE]connected nodes,count=2
info|2023-07-08 22:12:09.826732|[EVENT][SUB][doLoop]event sub tasks report,working event sub count=0,suspend event sub count=0
info|2023-07-08 22:12:10.356019|[SDK][WS][SERVICE]connected nodes,count=2
info|2023-07-08 22:12:29.827096|[EVENT][SUB][doLoop]event sub tasks report,working event sub count=0,suspend event sub count=0
info|2023-07-08 22:12:30.356649|[SDK][WS][SERVICE]connected nodes,count=2
info|2023-07-08 22:12:49.827165|[EVENT][SUB][doLoop]event sub tasks report,working event sub count=0,suspend event sub count=0
info|2023-07-08 22:12:50.356867|[SDK][WS][SERVICE]connected nodes,count=2
info|2023-07-08 22:13:09.827509|[EVENT][SUB][doLoop]event sub tasks report,working event sub count=0,suspend event sub count=0
info|2023-07-08 22:13:10.357346|[SDK][WS][SERVICE]connected nodes,count=2
info|2023-07-08 22:13:29.827995|[EVENT][SUB][doLoop]event sub tasks report,working event sub count=0,suspend event sub count=0
info|2023-07-08 22:13:30.357813|[SDK][WS][SERVICE]connected nodes,count=2
info|2023-07-08 22:13:49.828835|[EVENT][SUB][doLoop]event sub tasks report,working event sub count=0,suspend event sub count=0
info|2023-07-08 22:13:50.358060|[SDK][WS][SERVICE]connected nodes,count=2
info|2023-07-08 22:14:09.829326|[EVENT][SUB][doLoop]event sub tasks report,working event sub count=0,suspend event sub count=0
info|2023-07-08 22:14:10.358478|[SDK][WS][SERVICE]connected nodes,count=2
info|2023-07-08 22:14:29.829686|[EVENT][SUB][doLoop]event sub tasks report,working event sub count=0,suspend event sub count=0
info|2023-07-08 22:14:30.358750|[SDK][WS][SERVICE]connected nodes,count=2
info|2023-07-08 22:14:49.830283|[EVENT][SUB][doLoop]event sub tasks report,working event sub count=0,suspend event sub count=0
info|2023-07-08 22:14:50.359143|[SDK][WS][SERVICE]connected nodes,count=2
info|2023-07-08 22:15:09.830381|[EVENT][SUB][doLoop]event sub tasks report,working event sub count=0,suspend event sub count=0
info|2023-07-08 22:15:10.359935|[SDK][WS][SERVICE]connected nodes,count=2
info|2023-07-08 22:15:29.830568|[EVENT][SUB][doLoop]event sub tasks report,working event sub count=0,suspend event sub count=0
info|2023-07-08 22:15:30.360161|[SDK][WS][SERVICE]connected nodes,count=2
info|2023-07-08 22:15:49.830725|[EVENT][SUB][doLoop]event sub tasks report,working event sub count=0,suspend event sub count=0
info|2023-07-08 22:15:50.360474|[SDK][WS][SERVICE]connected nodes,count=2
info|2023-07-08 22:16:09.830929|[EVENT][SUB][doLoop]event sub tasks report,working event sub count=0,suspend event sub count=0
info|2023-07-08 22:16:10.360615|[SDK][WS][SERVICE]connected nodes,count=2
info|2023-07-08 22:16:29.831358|[EVENT][SUB][doLoop]event sub tasks report,working event sub count=0,suspend event sub count=0
info|2023-07-08 22:16:30.360735|[SDK][WS][SERVICE]connected nodes,count=2
info|2023-07-08 22:16:49.831803|[EVENT][SUB][doLoop]event sub tasks report,working event sub count=0,suspend event sub count=0
info|2023-07-08 22:16:50.361312|[SDK][WS][SERVICE]connected nodes,count=2
info|2023-07-08 22:17:09.831907|[EVENT][SUB][doLoop]event sub tasks report,working event sub count=0,suspend event sub count=0
info|2023-07-08 22:17:10.361750|[SDK][WS][SERVICE]connected nodes,count=2
info|2023-07-08 22:17:29.832260|[EVENT][SUB][doLoop]event sub tasks report,working event sub count=0,suspend event sub count=0
info|2023-07-08 22:17:30.362081|[SDK][WS][SERVICE]connected nodes,count=2
info|2023-07-08 22:17:49.832503|[EVENT][SUB][doLoop]event sub tasks report,working event sub count=0,suspend event sub count=0
info|2023-07-08 22:17:50.362447|[SDK][WS][SERVICE]connected nodes,count=2
info|2023-07-08 22:18:09.832832|[EVENT][SUB][doLoop]event sub tasks report,working event sub count=0,suspend event sub count=0
info|2023-07-08 22:18:10.362953|[SDK][WS][SERVICE]connected nodes,count=2
info|2023-07-08 22:18:29.832981|[EVENT][SUB][doLoop]event sub tasks report,working event sub count=0,suspend event sub count=0
info|2023-07-08 22:18:30.363131|[SDK][WS][SERVICE]connected nodes,count=2
info|2023-07-08 22:18:49.833302|[EVENT][SUB][doLoop]event sub tasks report,working event sub count=0,suspend event sub count=0
info|2023-07-08 22:18:50.363670|[SDK][WS][SERVICE]connected nodes,count=2
info|2023-07-08 22:19:09.833629|[EVENT][SUB][doLoop]event sub tasks report,working event sub count=0,suspend event sub count=0
info|2023-07-08 22:19:10.363853|[SDK][WS][SERVICE]connected nodes,count=2
info|2023-07-08 22:19:29.834104|[EVENT][SUB][doLoop]event sub tasks report,working event sub count=0,suspend event sub count=0
info|2023-07-08 22:19:30.364108|[SDK][WS][SERVICE]connected nodes,count=2
info|2023-07-08 22:19:49.834154|[EVENT][SUB][doLoop]event sub tasks report,working event sub count=0,suspend event sub count=0
info|2023-07-08 22:19:50.364716|[SDK][WS][SERVICE]connected nodes,count=2
info|2023-07-08 22:20:09.834439|[EVENT][SUB][doLoop]event sub tasks report,working event sub count=0,suspend event sub count=0
info|2023-07-08 22:20:10.365034|[SDK][WS][SERVICE]connected nodes,count=2
info|2023-07-08 22:20:29.834919|[EVENT][SUB][doLoop]event sub tasks report,working event sub count=0,suspend event sub count=0
info|2023-07-08 22:20:30.365592|[SDK][WS][SERVICE]connected nodes,count=2
info|2023-07-08 22:20:49.835142|[EVENT][SUB][doLoop]event sub tasks report,working event sub count=0,suspend event sub count=0
info|2023-07-08 22:20:50.366019|[SDK][WS][SERVICE]connected nodes,count=2
info|2023-07-08 22:21:09.835336|[EVENT][SUB][doLoop]event sub tasks report,working event sub count=0,suspend event sub count=0
info|2023-07-08 22:21:10.366239|[SDK][WS][SERVICE]connected nodes,count=2
info|2023-07-08 22:21:29.835545|[EVENT][SUB][doLoop]event sub tasks report,working event sub count=0,suspend event sub count=0
info|2023-07-08 22:21:30.366846|[SDK][WS][SERVICE]connected nodes,count=2
info|2023-07-08 22:21:49.836245|[EVENT][SUB][doLoop]event sub tasks report,working event sub count=0,suspend event sub count=0
info|2023-07-08 22:21:50.367457|[SDK][WS][SERVICE]connected nodes,count=2
info|2023-07-08 22:22:09.836439|[EVENT][SUB][doLoop]event sub tasks report,working event sub count=0,suspend event sub count=0
info|2023-07-08 22:22:10.367868|[SDK][WS][SERVICE]connected nodes,count=2
info|2023-07-08 22:22:29.836782|[EVENT][SUB][doLoop]event sub tasks report,working event sub count=0,suspend event sub count=0
info|2023-07-08 22:22:30.368539|[SDK][WS][SERVICE]connected nodes,count=2
info|2023-07-08 22:22:49.836859|[EVENT][SUB][doLoop]event sub tasks report,working event sub count=0,suspend event sub count=0
info|2023-07-08 22:22:50.369014|[SDK][WS][SERVICE]connected nodes,count=2
info|2023-07-08 22:23:09.836999|[EVENT][SUB][doLoop]event sub tasks report,working event sub count=0,suspend event sub count=0
info|2023-07-08 22:23:10.369842|[SDK][WS][SERVICE]connected nodes,count=2
info|2023-07-08 22:23:29.837564|[EVENT][SUB][doLoop]event sub tasks report,working event sub count=0,suspend event sub count=0
info|2023-07-08 22:23:30.370135|[SDK][WS][SERVICE]connected nodes,count=2
info|2023-07-08 22:23:49.837868|[EVENT][SUB][doLoop]event sub tasks report,working event sub count=0,suspend event sub count=0
info|2023-07-08 22:23:50.370648|[SDK][WS][SERVICE]connected nodes,count=2
info|2023-07-08 22:24:09.838139|[EVENT][SUB][doLoop]event sub tasks report,working event sub count=0,suspend event sub count=0
info|2023-07-08 22:24:10.371161|[SDK][WS][SERVICE]connected nodes,count=2
info|2023-07-08 22:24:29.838321|[EVENT][SUB][doLoop]event sub tasks report,working event sub count=0,suspend event sub count=0
info|2023-07-08 22:24:30.371283|[SDK][WS][SERVICE]connected nodes,count=2
info|2023-07-08 22:24:49.838604|[EVENT][SUB][doLoop]event sub tasks report,working event sub count=0,suspend event sub count=0
info|2023-07-08 22:24:50.371622|[SDK][WS][SERVICE]connected nodes,count=2
info|2023-07-08 22:25:09.839174|[EVENT][SUB][doLoop]event sub tasks report,working event sub count=0,suspend event sub count=0
info|2023-07-08 22:25:10.371843|[SDK][WS][SERVICE]connected nodes,count=2
info|2023-07-08 22:25:29.839705|[EVENT][SUB][doLoop]event sub tasks report,working event sub count=0,suspend event sub count=0
info|2023-07-08 22:25:30.372529|[SDK][WS][SERVICE]connected nodes,count=2
info|2023-07-08 22:25:49.840534|[EVENT][SUB][doLoop]event sub tasks report,working event sub count=0,suspend event sub count=0
info|2023-07-08 22:25:50.372869|[SDK][WS][SERVICE]connected nodes,count=2
info|2023-07-08 22:26:09.840762|[EVENT][SUB][doLoop]event sub tasks report,working event sub count=0,suspend event sub count=0
info|2023-07-08 22:26:10.373471|[SDK][WS][SERVICE]connected nodes,count=2
info|2023-07-08 22:26:29.841456|[EVENT][SUB][doLoop]event sub tasks report,working event sub count=0,suspend event sub count=0
info|2023-07-08 22:26:30.373886|[SDK][WS][SERVICE]connected nodes,count=2
info|2023-07-08 22:26:49.841754|[EVENT][SUB][doLoop]event sub tasks report,working event sub count=0,suspend event sub count=0
info|2023-07-08 22:26:50.374385|[SDK][WS][SERVICE]connected nodes,count=2
info|2023-07-08 22:27:09.841802|[EVENT][SUB][doLoop]event sub tasks report,working event sub count=0,suspend event sub count=0
info|2023-07-08 22:27:10.374675|[SDK][WS][SERVICE]connected nodes,count=2
info|2023-07-08 22:27:13.856748|[RPC][BLOCK][NUMBER][fromJson],group=group0,node=98a7f70ec883a722219d92253cf073a72605f4087aa3443c8e4aadc0af2dc3ac647d0fa1b5ac99cd6987abafe6d690ae71cd5fd2aeeabe7589bfb4748aabdfba,blockNumber=2319
info|2023-07-08 22:27:13.856781|[RPCWS][SERVICE][onRecvBlockNotifier]receive block number notifier,group=group0,node=98a7f70ec883a722219d92253cf073a72605f4087aa3443c8e4aadc0af2dc3ac647d0fa1b5ac99cd6987abafe6d690ae71cd5fd2aeeabe7589bfb4748aabdfba,blockNumber=2319
info|2023-07-08 22:27:13.856788|[RPCWS][SERVICE][updateGroupBlockNumber],groupID=group0,_blockNumber=2319
info|2023-07-08 22:27:13.856792|[RPCWS][SERVICE][onRecvBlockNotifier]block notifier callback,group=group0,node=98a7f70ec883a722219d92253cf073a72605f4087aa3443c8e4aadc0af2dc3ac647d0fa1b5ac99cd6987abafe6d690ae71cd5fd2aeeabe7589bfb4748aabdfba,blockNumber=2319
info|2023-07-08 22:27:13.856795|[WS]receive block notify,endpoint=127.0.0.1:20200,blk={
	"blockNumber" : 2319,
	"group" : "group0",
	"nodeName" : "98a7f70ec883a722219d92253cf073a72605f4087aa3443c8e4aadc0af2dc3ac647d0fa1b5ac99cd6987abafe6d690ae71cd5fd2aeeabe7589bfb4748aabdfba"
}
info|2023-07-08 22:27:13.867356|[RPC][BLOCK][NUMBER][fromJson],group=group0,node=2f993327933ad58672518b6d4f63920cbc68b80f78f4d81192552ee6362f5cc81ee13bdc678ad65f06e76444cadb53b33694cfb3fc7679b8000411975fedd28a,blockNumber=2319
info|2023-07-08 22:27:13.867390|[RPCWS][SERVICE][onRecvBlockNotifier]receive block number notifier,group=group0,node=2f993327933ad58672518b6d4f63920cbc68b80f78f4d81192552ee6362f5cc81ee13bdc678ad65f06e76444cadb53b33694cfb3fc7679b8000411975fedd28a,blockNumber=2319
info|2023-07-08 22:27:13.867398|[WS]receive block notify,endpoint=127.0.0.1:20201,blk={
	"blockNumber" : 2319,
	"group" : "group0",
	"nodeName" : "2f993327933ad58672518b6d4f63920cbc68b80f78f4d81192552ee6362f5cc81ee13bdc678ad65f06e76444cadb53b33694cfb3fc7679b8000411975fedd28a"
}
info|2023-07-08 22:27:14.402156|[RPC][BLOCK][NUMBER][fromJson],group=group0,node=98a7f70ec883a722219d92253cf073a72605f4087aa3443c8e4aadc0af2dc3ac647d0fa1b5ac99cd6987abafe6d690ae71cd5fd2aeeabe7589bfb4748aabdfba,blockNumber=2320
info|2023-07-08 22:27:14.402199|[RPCWS][SERVICE][onRecvBlockNotifier]receive block number notifier,group=group0,node=98a7f70ec883a722219d92253cf073a72605f4087aa3443c8e4aadc0af2dc3ac647d0fa1b5ac99cd6987abafe6d690ae71cd5fd2aeeabe7589bfb4748aabdfba,blockNumber=2320
info|2023-07-08 22:27:14.402206|[RPCWS][SERVICE][updateGroupBlockNumber],groupID=group0,_blockNumber=2320
info|2023-07-08 22:27:14.402211|[RPCWS][SERVICE][onRecvBlockNotifier]block notifier callback,group=group0,node=98a7f70ec883a722219d92253cf073a72605f4087aa3443c8e4aadc0af2dc3ac647d0fa1b5ac99cd6987abafe6d690ae71cd5fd2aeeabe7589bfb4748aabdfba,blockNumber=2320
info|2023-07-08 22:27:14.402214|[WS]receive block notify,endpoint=127.0.0.1:20200,blk={
	"blockNumber" : 2320,
	"group" : "group0",
	"nodeName" : "98a7f70ec883a722219d92253cf073a72605f4087aa3443c8e4aadc0af2dc3ac647d0fa1b5ac99cd6987abafe6d690ae71cd5fd2aeeabe7589bfb4748aabdfba"
}
info|2023-07-08 22:27:14.477204|[RPC][BLOCK][NUMBER][fromJson],group=group0,node=2f993327933ad58672518b6d4f63920cbc68b80f78f4d81192552ee6362f5cc81ee13bdc678ad65f06e76444cadb53b33694cfb3fc7679b8000411975fedd28a,blockNumber=2320
info|2023-07-08 22:27:14.477236|[RPCWS][SERVICE][onRecvBlockNotifier]receive block number notifier,group=group0,node=2f993327933ad58672518b6d4f63920cbc68b80f78f4d81192552ee6362f5cc81ee13bdc678ad65f06e76444cadb53b33694cfb3fc7679b8000411975fedd28a,blockNumber=2320
info|2023-07-08 22:27:14.477243|[WS]receive block notify,endpoint=127.0.0.1:20201,blk={
	"blockNumber" : 2320,
	"group" : "group0",
	"nodeName" : "2f993327933ad58672518b6d4f63920cbc68b80f78f4d81192552ee6362f5cc81ee13bdc678ad65f06e76444cadb53b33694cfb3fc7679b8000411975fedd28a"
}
info|2023-07-08 22:27:14.974376|[RPC][BLOCK][NUMBER][fromJson],group=group0,node=98a7f70ec883a722219d92253cf073a72605f4087aa3443c8e4aadc0af2dc3ac647d0fa1b5ac99cd6987abafe6d690ae71cd5fd2aeeabe7589bfb4748aabdfba,blockNumber=2321
info|2023-07-08 22:27:14.974436|[RPCWS][SERVICE][onRecvBlockNotifier]receive block number notifier,group=group0,node=98a7f70ec883a722219d92253cf073a72605f4087aa3443c8e4aadc0af2dc3ac647d0fa1b5ac99cd6987abafe6d690ae71cd5fd2aeeabe7589bfb4748aabdfba,blockNumber=2321
info|2023-07-08 22:27:14.974447|[RPCWS][SERVICE][updateGroupBlockNumber],groupID=group0,_blockNumber=2321
info|2023-07-08 22:27:14.974451|[RPCWS][SERVICE][onRecvBlockNotifier]block notifier callback,group=group0,node=98a7f70ec883a722219d92253cf073a72605f4087aa3443c8e4aadc0af2dc3ac647d0fa1b5ac99cd6987abafe6d690ae71cd5fd2aeeabe7589bfb4748aabdfba,blockNumber=2321
info|2023-07-08 22:27:14.974455|[WS]receive block notify,endpoint=127.0.0.1:20200,blk={
	"blockNumber" : 2321,
	"group" : "group0",
	"nodeName" : "98a7f70ec883a722219d92253cf073a72605f4087aa3443c8e4aadc0af2dc3ac647d0fa1b5ac99cd6987abafe6d690ae71cd5fd2aeeabe7589bfb4748aabdfba"
}
info|2023-07-08 22:27:15.018428|[RPC][BLOCK][NUMBER][fromJson],group=group0,node=2f993327933ad58672518b6d4f63920cbc68b80f78f4d81192552ee6362f5cc81ee13bdc678ad65f06e76444cadb53b33694cfb3fc7679b8000411975fedd28a,blockNumber=2321
info|2023-07-08 22:27:15.018476|[RPCWS][SERVICE][onRecvBlockNotifier]receive block number notifier,group=group0,node=2f993327933ad58672518b6d4f63920cbc68b80f78f4d81192552ee6362f5cc81ee13bdc678ad65f06e76444cadb53b33694cfb3fc7679b8000411975fedd28a,blockNumber=2321
info|2023-07-08 22:27:15.018487|[WS]receive block notify,endpoint=127.0.0.1:20201,blk={
	"blockNumber" : 2321,
	"group" : "group0",
	"nodeName" : "2f993327933ad58672518b6d4f63920cbc68b80f78f4d81192552ee6362f5cc81ee13bdc678ad65f06e76444cadb53b33694cfb3fc7679b8000411975fedd28a"
}
info|2023-07-08 22:27:15.607921|[RPC][BLOCK][NUMBER][fromJson],group=group0,node=98a7f70ec883a722219d92253cf073a72605f4087aa3443c8e4aadc0af2dc3ac647d0fa1b5ac99cd6987abafe6d690ae71cd5fd2aeeabe7589bfb4748aabdfba,blockNumber=2322
info|2023-07-08 22:27:15.607957|[RPCWS][SERVICE][onRecvBlockNotifier]receive block number notifier,group=group0,node=98a7f70ec883a722219d92253cf073a72605f4087aa3443c8e4aadc0af2dc3ac647d0fa1b5ac99cd6987abafe6d690ae71cd5fd2aeeabe7589bfb4748aabdfba,blockNumber=2322
info|2023-07-08 22:27:15.607963|[RPCWS][SERVICE][updateGroupBlockNumber],groupID=group0,_blockNumber=2322
info|2023-07-08 22:27:15.607968|[RPCWS][SERVICE][onRecvBlockNotifier]block notifier callback,group=group0,node=98a7f70ec883a722219d92253cf073a72605f4087aa3443c8e4aadc0af2dc3ac647d0fa1b5ac99cd6987abafe6d690ae71cd5fd2aeeabe7589bfb4748aabdfba,blockNumber=2322
info|2023-07-08 22:27:15.607971|[WS]receive block notify,endpoint=127.0.0.1:20200,blk={
	"blockNumber" : 2322,
	"group" : "group0",
	"nodeName" : "98a7f70ec883a722219d92253cf073a72605f4087aa3443c8e4aadc0af2dc3ac647d0fa1b5ac99cd6987abafe6d690ae71cd5fd2aeeabe7589bfb4748aabdfba"
}
info|2023-07-08 22:27:15.614939|[RPC][BLOCK][NUMBER][fromJson],group=group0,node=2f993327933ad58672518b6d4f63920cbc68b80f78f4d81192552ee6362f5cc81ee13bdc678ad65f06e76444cadb53b33694cfb3fc7679b8000411975fedd28a,blockNumber=2322
info|2023-07-08 22:27:15.614982|[RPCWS][SERVICE][onRecvBlockNotifier]receive block number notifier,group=group0,node=2f993327933ad58672518b6d4f63920cbc68b80f78f4d81192552ee6362f5cc81ee13bdc678ad65f06e76444cadb53b33694cfb3fc7679b8000411975fedd28a,blockNumber=2322
info|2023-07-08 22:27:15.614992|[WS]receive block notify,endpoint=127.0.0.1:20201,blk={
	"blockNumber" : 2322,
	"group" : "group0",
	"nodeName" : "2f993327933ad58672518b6d4f63920cbc68b80f78f4d81192552ee6362f5cc81ee13bdc678ad65f06e76444cadb53b33694cfb3fc7679b8000411975fedd28a"
}
info|2023-07-08 22:27:16.101917|[RPC][BLOCK][NUMBER][fromJson],group=group0,node=98a7f70ec883a722219d92253cf073a72605f4087aa3443c8e4aadc0af2dc3ac647d0fa1b5ac99cd6987abafe6d690ae71cd5fd2aeeabe7589bfb4748aabdfba,blockNumber=2323
info|2023-07-08 22:27:16.101937|[RPCWS][SERVICE][onRecvBlockNotifier]receive block number notifier,group=group0,node=98a7f70ec883a722219d92253cf073a72605f4087aa3443c8e4aadc0af2dc3ac647d0fa1b5ac99cd6987abafe6d690ae71cd5fd2aeeabe7589bfb4748aabdfba,blockNumber=2323
info|2023-07-08 22:27:16.101942|[RPCWS][SERVICE][updateGroupBlockNumber],groupID=group0,_blockNumber=2323
info|2023-07-08 22:27:16.101946|[RPCWS][SERVICE][onRecvBlockNotifier]block notifier callback,group=group0,node=98a7f70ec883a722219d92253cf073a72605f4087aa3443c8e4aadc0af2dc3ac647d0fa1b5ac99cd6987abafe6d690ae71cd5fd2aeeabe7589bfb4748aabdfba,blockNumber=2323
info|2023-07-08 22:27:16.101949|[WS]receive block notify,endpoint=127.0.0.1:20200,blk={
	"blockNumber" : 2323,
	"group" : "group0",
	"nodeName" : "98a7f70ec883a722219d92253cf073a72605f4087aa3443c8e4aadc0af2dc3ac647d0fa1b5ac99cd6987abafe6d690ae71cd5fd2aeeabe7589bfb4748aabdfba"
}
info|2023-07-08 22:27:16.136889|[RPC][BLOCK][NUMBER][fromJson],group=group0,node=2f993327933ad58672518b6d4f63920cbc68b80f78f4d81192552ee6362f5cc81ee13bdc678ad65f06e76444cadb53b33694cfb3fc7679b8000411975fedd28a,blockNumber=2323
info|2023-07-08 22:27:16.136910|[RPCWS][SERVICE][onRecvBlockNotifier]receive block number notifier,group=group0,node=2f993327933ad58672518b6d4f63920cbc68b80f78f4d81192552ee6362f5cc81ee13bdc678ad65f06e76444cadb53b33694cfb3fc7679b8000411975fedd28a,blockNumber=2323
info|2023-07-08 22:27:16.136917|[WS]receive block notify,endpoint=127.0.0.1:20201,blk={
	"blockNumber" : 2323,
	"group" : "group0",
	"nodeName" : "2f993327933ad58672518b6d4f63920cbc68b80f78f4d81192552ee6362f5cc81ee13bdc678ad65f06e76444cadb53b33694cfb3fc7679b8000411975fedd28a"
}
info|2023-07-08 22:27:16.651401|[RPC][BLOCK][NUMBER][fromJson],group=group0,node=98a7f70ec883a722219d92253cf073a72605f4087aa3443c8e4aadc0af2dc3ac647d0fa1b5ac99cd6987abafe6d690ae71cd5fd2aeeabe7589bfb4748aabdfba,blockNumber=2324
info|2023-07-08 22:27:16.651421|[RPCWS][SERVICE][onRecvBlockNotifier]receive block number notifier,group=group0,node=98a7f70ec883a722219d92253cf073a72605f4087aa3443c8e4aadc0af2dc3ac647d0fa1b5ac99cd6987abafe6d690ae71cd5fd2aeeabe7589bfb4748aabdfba,blockNumber=2324
info|2023-07-08 22:27:16.651426|[RPCWS][SERVICE][updateGroupBlockNumber],groupID=group0,_blockNumber=2324
info|2023-07-08 22:27:16.651431|[RPCWS][SERVICE][onRecvBlockNotifier]block notifier callback,group=group0,node=98a7f70ec883a722219d92253cf073a72605f4087aa3443c8e4aadc0af2dc3ac647d0fa1b5ac99cd6987abafe6d690ae71cd5fd2aeeabe7589bfb4748aabdfba,blockNumber=2324
info|2023-07-08 22:27:16.651434|[WS]receive block notify,endpoint=127.0.0.1:20200,blk={
	"blockNumber" : 2324,
	"group" : "group0",
	"nodeName" : "98a7f70ec883a722219d92253cf073a72605f4087aa3443c8e4aadc0af2dc3ac647d0fa1b5ac99cd6987abafe6d690ae71cd5fd2aeeabe7589bfb4748aabdfba"
}
info|2023-07-08 22:27:16.735960|[RPC][BLOCK][NUMBER][fromJson],group=group0,node=2f993327933ad58672518b6d4f63920cbc68b80f78f4d81192552ee6362f5cc81ee13bdc678ad65f06e76444cadb53b33694cfb3fc7679b8000411975fedd28a,blockNumber=2324
info|2023-07-08 22:27:16.735982|[RPCWS][SERVICE][onRecvBlockNotifier]receive block number notifier,group=group0,node=2f993327933ad58672518b6d4f63920cbc68b80f78f4d81192552ee6362f5cc81ee13bdc678ad65f06e76444cadb53b33694cfb3fc7679b8000411975fedd28a,blockNumber=2324
info|2023-07-08 22:27:16.735988|[WS]receive block notify,endpoint=127.0.0.1:20201,blk={
	"blockNumber" : 2324,
	"group" : "group0",
	"nodeName" : "2f993327933ad58672518b6d4f63920cbc68b80f78f4d81192552ee6362f5cc81ee13bdc678ad65f06e76444cadb53b33694cfb3fc7679b8000411975fedd28a"
}
info|2023-07-08 22:27:17.211382|[RPC][BLOCK][NUMBER][fromJson],group=group0,node=98a7f70ec883a722219d92253cf073a72605f4087aa3443c8e4aadc0af2dc3ac647d0fa1b5ac99cd6987abafe6d690ae71cd5fd2aeeabe7589bfb4748aabdfba,blockNumber=2325
info|2023-07-08 22:27:17.211405|[RPCWS][SERVICE][onRecvBlockNotifier]receive block number notifier,group=group0,node=98a7f70ec883a722219d92253cf073a72605f4087aa3443c8e4aadc0af2dc3ac647d0fa1b5ac99cd6987abafe6d690ae71cd5fd2aeeabe7589bfb4748aabdfba,blockNumber=2325
info|2023-07-08 22:27:17.211411|[RPCWS][SERVICE][updateGroupBlockNumber],groupID=group0,_blockNumber=2325
info|2023-07-08 22:27:17.211415|[RPCWS][SERVICE][onRecvBlockNotifier]block notifier callback,group=group0,node=98a7f70ec883a722219d92253cf073a72605f4087aa3443c8e4aadc0af2dc3ac647d0fa1b5ac99cd6987abafe6d690ae71cd5fd2aeeabe7589bfb4748aabdfba,blockNumber=2325
info|2023-07-08 22:27:17.211419|[WS]receive block notify,endpoint=127.0.0.1:20200,blk={
	"blockNumber" : 2325,
	"group" : "group0",
	"nodeName" : "98a7f70ec883a722219d92253cf073a72605f4087aa3443c8e4aadc0af2dc3ac647d0fa1b5ac99cd6987abafe6d690ae71cd5fd2aeeabe7589bfb4748aabdfba"
}
info|2023-07-08 22:27:17.255889|[RPC][BLOCK][NUMBER][fromJson],group=group0,node=2f993327933ad58672518b6d4f63920cbc68b80f78f4d81192552ee6362f5cc81ee13bdc678ad65f06e76444cadb53b33694cfb3fc7679b8000411975fedd28a,blockNumber=2325
info|2023-07-08 22:27:17.255910|[RPCWS][SERVICE][onRecvBlockNotifier]receive block number notifier,group=group0,node=2f993327933ad58672518b6d4f63920cbc68b80f78f4d81192552ee6362f5cc81ee13bdc678ad65f06e76444cadb53b33694cfb3fc7679b8000411975fedd28a,blockNumber=2325
info|2023-07-08 22:27:17.255916|[WS]receive block notify,endpoint=127.0.0.1:20201,blk={
	"blockNumber" : 2325,
	"group" : "group0",
	"nodeName" : "2f993327933ad58672518b6d4f63920cbc68b80f78f4d81192552ee6362f5cc81ee13bdc678ad65f06e76444cadb53b33694cfb3fc7679b8000411975fedd28a"
}
info|2023-07-08 22:27:17.806973|[RPC][BLOCK][NUMBER][fromJson],group=group0,node=98a7f70ec883a722219d92253cf073a72605f4087aa3443c8e4aadc0af2dc3ac647d0fa1b5ac99cd6987abafe6d690ae71cd5fd2aeeabe7589bfb4748aabdfba,blockNumber=2326
info|2023-07-08 22:27:17.806992|[RPCWS][SERVICE][onRecvBlockNotifier]receive block number notifier,group=group0,node=98a7f70ec883a722219d92253cf073a72605f4087aa3443c8e4aadc0af2dc3ac647d0fa1b5ac99cd6987abafe6d690ae71cd5fd2aeeabe7589bfb4748aabdfba,blockNumber=2326
info|2023-07-08 22:27:17.806996|[RPCWS][SERVICE][updateGroupBlockNumber],groupID=group0,_blockNumber=2326
info|2023-07-08 22:27:17.807001|[RPCWS][SERVICE][onRecvBlockNotifier]block notifier callback,group=group0,node=98a7f70ec883a722219d92253cf073a72605f4087aa3443c8e4aadc0af2dc3ac647d0fa1b5ac99cd6987abafe6d690ae71cd5fd2aeeabe7589bfb4748aabdfba,blockNumber=2326
info|2023-07-08 22:27:17.807004|[WS]receive block notify,endpoint=127.0.0.1:20200,blk={
	"blockNumber" : 2326,
	"group" : "group0",
	"nodeName" : "98a7f70ec883a722219d92253cf073a72605f4087aa3443c8e4aadc0af2dc3ac647d0fa1b5ac99cd6987abafe6d690ae71cd5fd2aeeabe7589bfb4748aabdfba"
}
info|2023-07-08 22:27:17.896161|[RPC][BLOCK][NUMBER][fromJson],group=group0,node=2f993327933ad58672518b6d4f63920cbc68b80f78f4d81192552ee6362f5cc81ee13bdc678ad65f06e76444cadb53b33694cfb3fc7679b8000411975fedd28a,blockNumber=2326
info|2023-07-08 22:27:17.896184|[RPCWS][SERVICE][onRecvBlockNotifier]receive block number notifier,group=group0,node=2f993327933ad58672518b6d4f63920cbc68b80f78f4d81192552ee6362f5cc81ee13bdc678ad65f06e76444cadb53b33694cfb3fc7679b8000411975fedd28a,blockNumber=2326
info|2023-07-08 22:27:17.896190|[WS]receive block notify,endpoint=127.0.0.1:20201,blk={
	"blockNumber" : 2326,
	"group" : "group0",
	"nodeName" : "2f993327933ad58672518b6d4f63920cbc68b80f78f4d81192552ee6362f5cc81ee13bdc678ad65f06e76444cadb53b33694cfb3fc7679b8000411975fedd28a"
}
info|2023-07-08 22:27:18.390588|[RPC][BLOCK][NUMBER][fromJson],group=group0,node=98a7f70ec883a722219d92253cf073a72605f4087aa3443c8e4aadc0af2dc3ac647d0fa1b5ac99cd6987abafe6d690ae71cd5fd2aeeabe7589bfb4748aabdfba,blockNumber=2327
info|2023-07-08 22:27:18.390609|[RPCWS][SERVICE][onRecvBlockNotifier]receive block number notifier,group=group0,node=98a7f70ec883a722219d92253cf073a72605f4087aa3443c8e4aadc0af2dc3ac647d0fa1b5ac99cd6987abafe6d690ae71cd5fd2aeeabe7589bfb4748aabdfba,blockNumber=2327
info|2023-07-08 22:27:18.390614|[RPCWS][SERVICE][updateGroupBlockNumber],groupID=group0,_blockNumber=2327
info|2023-07-08 22:27:18.390618|[RPCWS][SERVICE][onRecvBlockNotifier]block notifier callback,group=group0,node=98a7f70ec883a722219d92253cf073a72605f4087aa3443c8e4aadc0af2dc3ac647d0fa1b5ac99cd6987abafe6d690ae71cd5fd2aeeabe7589bfb4748aabdfba,blockNumber=2327
info|2023-07-08 22:27:18.390622|[WS]receive block notify,endpoint=127.0.0.1:20200,blk={
	"blockNumber" : 2327,
	"group" : "group0",
	"nodeName" : "98a7f70ec883a722219d92253cf073a72605f4087aa3443c8e4aadc0af2dc3ac647d0fa1b5ac99cd6987abafe6d690ae71cd5fd2aeeabe7589bfb4748aabdfba"
}
info|2023-07-08 22:27:18.422821|[RPC][BLOCK][NUMBER][fromJson],group=group0,node=2f993327933ad58672518b6d4f63920cbc68b80f78f4d81192552ee6362f5cc81ee13bdc678ad65f06e76444cadb53b33694cfb3fc7679b8000411975fedd28a,blockNumber=2327
info|2023-07-08 22:27:18.422842|[RPCWS][SERVICE][onRecvBlockNotifier]receive block number notifier,group=group0,node=2f993327933ad58672518b6d4f63920cbc68b80f78f4d81192552ee6362f5cc81ee13bdc678ad65f06e76444cadb53b33694cfb3fc7679b8000411975fedd28a,blockNumber=2327
info|2023-07-08 22:27:18.422849|[WS]receive block notify,endpoint=127.0.0.1:20201,blk={
	"blockNumber" : 2327,
	"group" : "group0",
	"nodeName" : "2f993327933ad58672518b6d4f63920cbc68b80f78f4d81192552ee6362f5cc81ee13bdc678ad65f06e76444cadb53b33694cfb3fc7679b8000411975fedd28a"
}
info|2023-07-08 22:27:18.860717|[RPC][BLOCK][NUMBER][fromJson],group=group0,node=98a7f70ec883a722219d92253cf073a72605f4087aa3443c8e4aadc0af2dc3ac647d0fa1b5ac99cd6987abafe6d690ae71cd5fd2aeeabe7589bfb4748aabdfba,blockNumber=2328
info|2023-07-08 22:27:18.860737|[RPCWS][SERVICE][onRecvBlockNotifier]receive block number notifier,group=group0,node=98a7f70ec883a722219d92253cf073a72605f4087aa3443c8e4aadc0af2dc3ac647d0fa1b5ac99cd6987abafe6d690ae71cd5fd2aeeabe7589bfb4748aabdfba,blockNumber=2328
info|2023-07-08 22:27:18.860741|[RPCWS][SERVICE][updateGroupBlockNumber],groupID=group0,_blockNumber=2328
info|2023-07-08 22:27:18.860746|[RPCWS][SERVICE][onRecvBlockNotifier]block notifier callback,group=group0,node=98a7f70ec883a722219d92253cf073a72605f4087aa3443c8e4aadc0af2dc3ac647d0fa1b5ac99cd6987abafe6d690ae71cd5fd2aeeabe7589bfb4748aabdfba,blockNumber=2328
info|2023-07-08 22:27:18.860749|[WS]receive block notify,endpoint=127.0.0.1:20200,blk={
	"blockNumber" : 2328,
	"group" : "group0",
	"nodeName" : "98a7f70ec883a722219d92253cf073a72605f4087aa3443c8e4aadc0af2dc3ac647d0fa1b5ac99cd6987abafe6d690ae71cd5fd2aeeabe7589bfb4748aabdfba"
}
info|2023-07-08 22:27:18.902103|[RPC][BLOCK][NUMBER][fromJson],group=group0,node=2f993327933ad58672518b6d4f63920cbc68b80f78f4d81192552ee6362f5cc81ee13bdc678ad65f06e76444cadb53b33694cfb3fc7679b8000411975fedd28a,blockNumber=2328
info|2023-07-08 22:27:18.902123|[RPCWS][SERVICE][onRecvBlockNotifier]receive block number notifier,group=group0,node=2f993327933ad58672518b6d4f63920cbc68b80f78f4d81192552ee6362f5cc81ee13bdc678ad65f06e76444cadb53b33694cfb3fc7679b8000411975fedd28a,blockNumber=2328
info|2023-07-08 22:27:18.902129|[WS]receive block notify,endpoint=127.0.0.1:20201,blk={
	"blockNumber" : 2328,
	"group" : "group0",
	"nodeName" : "2f993327933ad58672518b6d4f63920cbc68b80f78f4d81192552ee6362f5cc81ee13bdc678ad65f06e76444cadb53b33694cfb3fc7679b8000411975fedd28a"
}
info|2023-07-08 22:27:19.410104|[RPC][BLOCK][NUMBER][fromJson],group=group0,node=98a7f70ec883a722219d92253cf073a72605f4087aa3443c8e4aadc0af2dc3ac647d0fa1b5ac99cd6987abafe6d690ae71cd5fd2aeeabe7589bfb4748aabdfba,blockNumber=2329
info|2023-07-08 22:27:19.410143|[RPCWS][SERVICE][onRecvBlockNotifier]receive block number notifier,group=group0,node=98a7f70ec883a722219d92253cf073a72605f4087aa3443c8e4aadc0af2dc3ac647d0fa1b5ac99cd6987abafe6d690ae71cd5fd2aeeabe7589bfb4748aabdfba,blockNumber=2329
info|2023-07-08 22:27:19.410149|[RPCWS][SERVICE][updateGroupBlockNumber],groupID=group0,_blockNumber=2329
info|2023-07-08 22:27:19.410153|[RPCWS][SERVICE][onRecvBlockNotifier]block notifier callback,group=group0,node=98a7f70ec883a722219d92253cf073a72605f4087aa3443c8e4aadc0af2dc3ac647d0fa1b5ac99cd6987abafe6d690ae71cd5fd2aeeabe7589bfb4748aabdfba,blockNumber=2329
info|2023-07-08 22:27:19.410157|[WS]receive block notify,endpoint=127.0.0.1:20200,blk={
	"blockNumber" : 2329,
	"group" : "group0",
	"nodeName" : "98a7f70ec883a722219d92253cf073a72605f4087aa3443c8e4aadc0af2dc3ac647d0fa1b5ac99cd6987abafe6d690ae71cd5fd2aeeabe7589bfb4748aabdfba"
}
info|2023-07-08 22:27:19.510843|[RPC][BLOCK][NUMBER][fromJson],group=group0,node=2f993327933ad58672518b6d4f63920cbc68b80f78f4d81192552ee6362f5cc81ee13bdc678ad65f06e76444cadb53b33694cfb3fc7679b8000411975fedd28a,blockNumber=2329
info|2023-07-08 22:27:19.510864|[RPCWS][SERVICE][onRecvBlockNotifier]receive block number notifier,group=group0,node=2f993327933ad58672518b6d4f63920cbc68b80f78f4d81192552ee6362f5cc81ee13bdc678ad65f06e76444cadb53b33694cfb3fc7679b8000411975fedd28a,blockNumber=2329
info|2023-07-08 22:27:19.510870|[WS]receive block notify,endpoint=127.0.0.1:20201,blk={
	"blockNumber" : 2329,
	"group" : "group0",
	"nodeName" : "2f993327933ad58672518b6d4f63920cbc68b80f78f4d81192552ee6362f5cc81ee13bdc678ad65f06e76444cadb53b33694cfb3fc7679b8000411975fedd28a"
}
info|2023-07-08 22:27:20.097581|[RPC][BLOCK][NUMBER][fromJson],group=group0,node=98a7f70ec883a722219d92253cf073a72605f4087aa3443c8e4aadc0af2dc3ac647d0fa1b5ac99cd6987abafe6d690ae71cd5fd2aeeabe7589bfb4748aabdfba,blockNumber=2330
info|2023-07-08 22:27:20.097599|[RPCWS][SERVICE][onRecvBlockNotifier]receive block number notifier,group=group0,node=98a7f70ec883a722219d92253cf073a72605f4087aa3443c8e4aadc0af2dc3ac647d0fa1b5ac99cd6987abafe6d690ae71cd5fd2aeeabe7589bfb4748aabdfba,blockNumber=2330
info|2023-07-08 22:27:20.097604|[RPCWS][SERVICE][updateGroupBlockNumber],groupID=group0,_blockNumber=2330
info|2023-07-08 22:27:20.097608|[RPCWS][SERVICE][onRecvBlockNotifier]block notifier callback,group=group0,node=98a7f70ec883a722219d92253cf073a72605f4087aa3443c8e4aadc0af2dc3ac647d0fa1b5ac99cd6987abafe6d690ae71cd5fd2aeeabe7589bfb4748aabdfba,blockNumber=2330
info|2023-07-08 22:27:20.097611|[WS]receive block notify,endpoint=127.0.0.1:20200,blk={
	"blockNumber" : 2330,
	"group" : "group0",
	"nodeName" : "98a7f70ec883a722219d92253cf073a72605f4087aa3443c8e4aadc0af2dc3ac647d0fa1b5ac99cd6987abafe6d690ae71cd5fd2aeeabe7589bfb4748aabdfba"
}
info|2023-07-08 22:27:20.108418|[RPC][BLOCK][NUMBER][fromJson],group=group0,node=2f993327933ad58672518b6d4f63920cbc68b80f78f4d81192552ee6362f5cc81ee13bdc678ad65f06e76444cadb53b33694cfb3fc7679b8000411975fedd28a,blockNumber=2330
info|2023-07-08 22:27:20.108439|[RPCWS][SERVICE][onRecvBlockNotifier]receive block number notifier,group=group0,node=2f993327933ad58672518b6d4f63920cbc68b80f78f4d81192552ee6362f5cc81ee13bdc678ad65f06e76444cadb53b33694cfb3fc7679b8000411975fedd28a,blockNumber=2330
info|2023-07-08 22:27:20.108446|[WS]receive block notify,endpoint=127.0.0.1:20201,blk={
	"blockNumber" : 2330,
	"group" : "group0",
	"nodeName" : "2f993327933ad58672518b6d4f63920cbc68b80f78f4d81192552ee6362f5cc81ee13bdc678ad65f06e76444cadb53b33694cfb3fc7679b8000411975fedd28a"
}
info|2023-07-08 22:27:20.648623|[RPC][BLOCK][NUMBER][fromJson],group=group0,node=98a7f70ec883a722219d92253cf073a72605f4087aa3443c8e4aadc0af2dc3ac647d0fa1b5ac99cd6987abafe6d690ae71cd5fd2aeeabe7589bfb4748aabdfba,blockNumber=2331
info|2023-07-08 22:27:20.648643|[RPCWS][SERVICE][onRecvBlockNotifier]receive block number notifier,group=group0,node=98a7f70ec883a722219d92253cf073a72605f4087aa3443c8e4aadc0af2dc3ac647d0fa1b5ac99cd6987abafe6d690ae71cd5fd2aeeabe7589bfb4748aabdfba,blockNumber=2331
info|2023-07-08 22:27:20.648648|[RPCWS][SERVICE][updateGroupBlockNumber],groupID=group0,_blockNumber=2331
info|2023-07-08 22:27:20.648652|[RPCWS][SERVICE][onRecvBlockNotifier]block notifier callback,group=group0,node=98a7f70ec883a722219d92253cf073a72605f4087aa3443c8e4aadc0af2dc3ac647d0fa1b5ac99cd6987abafe6d690ae71cd5fd2aeeabe7589bfb4748aabdfba,blockNumber=2331
info|2023-07-08 22:27:20.648656|[WS]receive block notify,endpoint=127.0.0.1:20200,blk={
	"blockNumber" : 2331,
	"group" : "group0",
	"nodeName" : "98a7f70ec883a722219d92253cf073a72605f4087aa3443c8e4aadc0af2dc3ac647d0fa1b5ac99cd6987abafe6d690ae71cd5fd2aeeabe7589bfb4748aabdfba"
}
info|2023-07-08 22:27:20.684350|[RPC][BLOCK][NUMBER][fromJson],group=group0,node=2f993327933ad58672518b6d4f63920cbc68b80f78f4d81192552ee6362f5cc81ee13bdc678ad65f06e76444cadb53b33694cfb3fc7679b8000411975fedd28a,blockNumber=2331
info|2023-07-08 22:27:20.684372|[RPCWS][SERVICE][onRecvBlockNotifier]receive block number notifier,group=group0,node=2f993327933ad58672518b6d4f63920cbc68b80f78f4d81192552ee6362f5cc81ee13bdc678ad65f06e76444cadb53b33694cfb3fc7679b8000411975fedd28a,blockNumber=2331
info|2023-07-08 22:27:20.684380|[WS]receive block notify,endpoint=127.0.0.1:20201,blk={
	"blockNumber" : 2331,
	"group" : "group0",
	"nodeName" : "2f993327933ad58672518b6d4f63920cbc68b80f78f4d81192552ee6362f5cc81ee13bdc678ad65f06e76444cadb53b33694cfb3fc7679b8000411975fedd28a"
}
info|2023-07-08 22:27:21.157802|[RPC][BLOCK][NUMBER][fromJson],group=group0,node=98a7f70ec883a722219d92253cf073a72605f4087aa3443c8e4aadc0af2dc3ac647d0fa1b5ac99cd6987abafe6d690ae71cd5fd2aeeabe7589bfb4748aabdfba,blockNumber=2332
info|2023-07-08 22:27:21.157842|[RPCWS][SERVICE][onRecvBlockNotifier]receive block number notifier,group=group0,node=98a7f70ec883a722219d92253cf073a72605f4087aa3443c8e4aadc0af2dc3ac647d0fa1b5ac99cd6987abafe6d690ae71cd5fd2aeeabe7589bfb4748aabdfba,blockNumber=2332
info|2023-07-08 22:27:21.157848|[RPCWS][SERVICE][updateGroupBlockNumber],groupID=group0,_blockNumber=2332
info|2023-07-08 22:27:21.157853|[RPCWS][SERVICE][onRecvBlockNotifier]block notifier callback,group=group0,node=98a7f70ec883a722219d92253cf073a72605f4087aa3443c8e4aadc0af2dc3ac647d0fa1b5ac99cd6987abafe6d690ae71cd5fd2aeeabe7589bfb4748aabdfba,blockNumber=2332
info|2023-07-08 22:27:21.157857|[WS]receive block notify,endpoint=127.0.0.1:20200,blk={
	"blockNumber" : 2332,
	"group" : "group0",
	"nodeName" : "98a7f70ec883a722219d92253cf073a72605f4087aa3443c8e4aadc0af2dc3ac647d0fa1b5ac99cd6987abafe6d690ae71cd5fd2aeeabe7589bfb4748aabdfba"
}
info|2023-07-08 22:27:21.195323|[RPC][BLOCK][NUMBER][fromJson],group=group0,node=2f993327933ad58672518b6d4f63920cbc68b80f78f4d81192552ee6362f5cc81ee13bdc678ad65f06e76444cadb53b33694cfb3fc7679b8000411975fedd28a,blockNumber=2332
info|2023-07-08 22:27:21.195344|[RPCWS][SERVICE][onRecvBlockNotifier]receive block number notifier,group=group0,node=2f993327933ad58672518b6d4f63920cbc68b80f78f4d81192552ee6362f5cc81ee13bdc678ad65f06e76444cadb53b33694cfb3fc7679b8000411975fedd28a,blockNumber=2332
info|2023-07-08 22:27:21.195350|[WS]receive block notify,endpoint=127.0.0.1:20201,blk={
	"blockNumber" : 2332,
	"group" : "group0",
	"nodeName" : "2f993327933ad58672518b6d4f63920cbc68b80f78f4d81192552ee6362f5cc81ee13bdc678ad65f06e76444cadb53b33694cfb3fc7679b8000411975fedd28a"
}
info|2023-07-08 22:27:21.707212|[RPC][BLOCK][NUMBER][fromJson],group=group0,node=98a7f70ec883a722219d92253cf073a72605f4087aa3443c8e4aadc0af2dc3ac647d0fa1b5ac99cd6987abafe6d690ae71cd5fd2aeeabe7589bfb4748aabdfba,blockNumber=2333
info|2023-07-08 22:27:21.707233|[RPCWS][SERVICE][onRecvBlockNotifier]receive block number notifier,group=group0,node=98a7f70ec883a722219d92253cf073a72605f4087aa3443c8e4aadc0af2dc3ac647d0fa1b5ac99cd6987abafe6d690ae71cd5fd2aeeabe7589bfb4748aabdfba,blockNumber=2333
info|2023-07-08 22:27:21.707238|[RPCWS][SERVICE][updateGroupBlockNumber],groupID=group0,_blockNumber=2333
info|2023-07-08 22:27:21.707242|[RPCWS][SERVICE][onRecvBlockNotifier]block notifier callback,group=group0,node=98a7f70ec883a722219d92253cf073a72605f4087aa3443c8e4aadc0af2dc3ac647d0fa1b5ac99cd6987abafe6d690ae71cd5fd2aeeabe7589bfb4748aabdfba,blockNumber=2333
info|2023-07-08 22:27:21.707246|[WS]receive block notify,endpoint=127.0.0.1:20200,blk={
	"blockNumber" : 2333,
	"group" : "group0",
	"nodeName" : "98a7f70ec883a722219d92253cf073a72605f4087aa3443c8e4aadc0af2dc3ac647d0fa1b5ac99cd6987abafe6d690ae71cd5fd2aeeabe7589bfb4748aabdfba"
}
info|2023-07-08 22:27:21.744538|[RPC][BLOCK][NUMBER][fromJson],group=group0,node=2f993327933ad58672518b6d4f63920cbc68b80f78f4d81192552ee6362f5cc81ee13bdc678ad65f06e76444cadb53b33694cfb3fc7679b8000411975fedd28a,blockNumber=2333
info|2023-07-08 22:27:21.744559|[RPCWS][SERVICE][onRecvBlockNotifier]receive block number notifier,group=group0,node=2f993327933ad58672518b6d4f63920cbc68b80f78f4d81192552ee6362f5cc81ee13bdc678ad65f06e76444cadb53b33694cfb3fc7679b8000411975fedd28a,blockNumber=2333
info|2023-07-08 22:27:21.744566|[WS]receive block notify,endpoint=127.0.0.1:20201,blk={
	"blockNumber" : 2333,
	"group" : "group0",
	"nodeName" : "2f993327933ad58672518b6d4f63920cbc68b80f78f4d81192552ee6362f5cc81ee13bdc678ad65f06e76444cadb53b33694cfb3fc7679b8000411975fedd28a"
}
info|2023-07-08 22:27:22.303242|[RPC][BLOCK][NUMBER][fromJson],group=group0,node=98a7f70ec883a722219d92253cf073a72605f4087aa3443c8e4aadc0af2dc3ac647d0fa1b5ac99cd6987abafe6d690ae71cd5fd2aeeabe7589bfb4748aabdfba,blockNumber=2334
info|2023-07-08 22:27:22.303261|[RPCWS][SERVICE][onRecvBlockNotifier]receive block number notifier,group=group0,node=98a7f70ec883a722219d92253cf073a72605f4087aa3443c8e4aadc0af2dc3ac647d0fa1b5ac99cd6987abafe6d690ae71cd5fd2aeeabe7589bfb4748aabdfba,blockNumber=2334
info|2023-07-08 22:27:22.303266|[RPCWS][SERVICE][updateGroupBlockNumber],groupID=group0,_blockNumber=2334
info|2023-07-08 22:27:22.303270|[RPCWS][SERVICE][onRecvBlockNotifier]block notifier callback,group=group0,node=98a7f70ec883a722219d92253cf073a72605f4087aa3443c8e4aadc0af2dc3ac647d0fa1b5ac99cd6987abafe6d690ae71cd5fd2aeeabe7589bfb4748aabdfba,blockNumber=2334
info|2023-07-08 22:27:22.303274|[WS]receive block notify,endpoint=127.0.0.1:20200,blk={
	"blockNumber" : 2334,
	"group" : "group0",
	"nodeName" : "98a7f70ec883a722219d92253cf073a72605f4087aa3443c8e4aadc0af2dc3ac647d0fa1b5ac99cd6987abafe6d690ae71cd5fd2aeeabe7589bfb4748aabdfba"
}
info|2023-07-08 22:27:22.359043|[RPC][BLOCK][NUMBER][fromJson],group=group0,node=2f993327933ad58672518b6d4f63920cbc68b80f78f4d81192552ee6362f5cc81ee13bdc678ad65f06e76444cadb53b33694cfb3fc7679b8000411975fedd28a,blockNumber=2334
info|2023-07-08 22:27:22.359065|[RPCWS][SERVICE][onRecvBlockNotifier]receive block number notifier,group=group0,node=2f993327933ad58672518b6d4f63920cbc68b80f78f4d81192552ee6362f5cc81ee13bdc678ad65f06e76444cadb53b33694cfb3fc7679b8000411975fedd28a,blockNumber=2334
info|2023-07-08 22:27:22.359071|[WS]receive block notify,endpoint=127.0.0.1:20201,blk={
	"blockNumber" : 2334,
	"group" : "group0",
	"nodeName" : "2f993327933ad58672518b6d4f63920cbc68b80f78f4d81192552ee6362f5cc81ee13bdc678ad65f06e76444cadb53b33694cfb3fc7679b8000411975fedd28a"
}
info|2023-07-08 22:27:29.842018|[EVENT][SUB][doLoop]event sub tasks report,working event sub count=0,suspend event sub count=0
info|2023-07-08 22:27:30.374930|[SDK][WS][SERVICE]connected nodes,count=2
info|2023-07-08 22:27:49.844189|[EVENT][SUB][doLoop]event sub tasks report,working event sub count=0,suspend event sub count=0
info|2023-07-08 22:27:50.375128|[SDK][WS][SERVICE]connected nodes,count=2
info|2023-07-08 22:28:09.844610|[EVENT][SUB][doLoop]event sub tasks report,working event sub count=0,suspend event sub count=0
info|2023-07-08 22:28:10.375332|[SDK][WS][SERVICE]connected nodes,count=2
info|2023-07-08 22:28:29.845096|[EVENT][SUB][doLoop]event sub tasks report,working event sub count=0,suspend event sub count=0
info|2023-07-08 22:28:30.375811|[SDK][WS][SERVICE]connected nodes,count=2
info|2023-07-08 22:28:49.845404|[EVENT][SUB][doLoop]event sub tasks report,working event sub count=0,suspend event sub count=0
info|2023-07-08 22:28:50.376115|[SDK][WS][SERVICE]connected nodes,count=2
info|2023-07-08 22:29:09.845626|[EVENT][SUB][doLoop]event sub tasks report,working event sub count=0,suspend event sub count=0
info|2023-07-08 22:29:10.376432|[SDK][WS][SERVICE]connected nodes,count=2
info|2023-07-08 22:29:29.846255|[EVENT][SUB][doLoop]event sub tasks report,working event sub count=0,suspend event sub count=0
info|2023-07-08 22:29:30.376686|[SDK][WS][SERVICE]connected nodes,count=2
info|2023-07-08 22:29:49.846544|[EVENT][SUB][doLoop]event sub tasks report,working event sub count=0,suspend event sub count=0
info|2023-07-08 22:29:50.377016|[SDK][WS][SERVICE]connected nodes,count=2
info|2023-07-08 22:30:09.847035|[EVENT][SUB][doLoop]event sub tasks report,working event sub count=0,suspend event sub count=0
info|2023-07-08 22:30:10.377379|[SDK][WS][SERVICE]connected nodes,count=2
info|2023-07-08 22:30:29.847427|[EVENT][SUB][doLoop]event sub tasks report,working event sub count=0,suspend event sub count=0
info|2023-07-08 22:30:30.377664|[SDK][WS][SERVICE]connected nodes,count=2
info|2023-07-08 22:30:49.847913|[EVENT][SUB][doLoop]event sub tasks report,working event sub count=0,suspend event sub count=0
info|2023-07-08 22:30:50.377889|[SDK][WS][SERVICE]connected nodes,count=2
info|2023-07-08 22:31:09.847988|[EVENT][SUB][doLoop]event sub tasks report,working event sub count=0,suspend event sub count=0
info|2023-07-08 22:31:10.378190|[SDK][WS][SERVICE]connected nodes,count=2
info|2023-07-08 22:31:29.848057|[EVENT][SUB][doLoop]event sub tasks report,working event sub count=0,suspend event sub count=0
info|2023-07-08 22:31:30.378312|[SDK][WS][SERVICE]connected nodes,count=2
info|2023-07-08 22:31:49.848461|[EVENT][SUB][doLoop]event sub tasks report,working event sub count=0,suspend event sub count=0
info|2023-07-08 22:31:50.378655|[SDK][WS][SERVICE]connected nodes,count=2
info|2023-07-08 22:32:09.848506|[EVENT][SUB][doLoop]event sub tasks report,working event sub count=0,suspend event sub count=0
info|2023-07-08 22:32:10.378839|[SDK][WS][SERVICE]connected nodes,count=2
info|2023-07-08 22:32:29.848839|[EVENT][SUB][doLoop]event sub tasks report,working event sub count=0,suspend event sub count=0
info|2023-07-08 22:32:30.379038|[SDK][WS][SERVICE]connected nodes,count=2
info|2023-07-08 22:32:49.849202|[EVENT][SUB][doLoop]event sub tasks report,working event sub count=0,suspend event sub count=0
info|2023-07-08 22:32:50.379350|[SDK][WS][SERVICE]connected nodes,count=2
info|2023-07-08 22:33:09.849403|[EVENT][SUB][doLoop]event sub tasks report,working event sub count=0,suspend event sub count=0
info|2023-07-08 22:33:10.379695|[SDK][WS][SERVICE]connected nodes,count=2
info|2023-07-08 22:33:29.849883|[EVENT][SUB][doLoop]event sub tasks report,working event sub count=0,suspend event sub count=0
info|2023-07-08 22:33:30.379824|[SDK][WS][SERVICE]connected nodes,count=2
info|2023-07-08 22:33:49.849947|[EVENT][SUB][doLoop]event sub tasks report,working event sub count=0,suspend event sub count=0
info|2023-07-08 22:33:50.379987|[SDK][WS][SERVICE]connected nodes,count=2
info|2023-07-08 22:34:09.850094|[EVENT][SUB][doLoop]event sub tasks report,working event sub count=0,suspend event sub count=0
info|2023-07-08 22:34:10.380169|[SDK][WS][SERVICE]connected nodes,count=2
info|2023-07-08 22:34:29.850264|[EVENT][SUB][doLoop]event sub tasks report,working event sub count=0,suspend event sub count=0
info|2023-07-08 22:34:30.380486|[SDK][WS][SERVICE]connected nodes,count=2
info|2023-07-08 22:34:49.850744|[EVENT][SUB][doLoop]event sub tasks report,working event sub count=0,suspend event sub count=0
info|2023-07-08 22:34:50.380834|[SDK][WS][SERVICE]connected nodes,count=2
info|2023-07-08 22:35:09.851552|[EVENT][SUB][doLoop]event sub tasks report,working event sub count=0,suspend event sub count=0
info|2023-07-08 22:35:10.381495|[SDK][WS][SERVICE]connected nodes,count=2
info|2023-07-08 22:35:29.851616|[EVENT][SUB][doLoop]event sub tasks report,working event sub count=0,suspend event sub count=0
info|2023-07-08 22:35:30.382178|[SDK][WS][SERVICE]connected nodes,count=2
info|2023-07-08 22:35:49.852321|[EVENT][SUB][doLoop]event sub tasks report,working event sub count=0,suspend event sub count=0
info|2023-07-08 22:35:50.382667|[SDK][WS][SERVICE]connected nodes,count=2
info|2023-07-08 22:36:09.852595|[EVENT][SUB][doLoop]event sub tasks report,working event sub count=0,suspend event sub count=0
info|2023-07-08 22:36:10.383258|[SDK][WS][SERVICE]connected nodes,count=2
info|2023-07-08 22:36:29.852731|[EVENT][SUB][doLoop]event sub tasks report,working event sub count=0,suspend event sub count=0
info|2023-07-08 22:36:30.383464|[SDK][WS][SERVICE]connected nodes,count=2
info|2023-07-08 22:36:49.853251|[EVENT][SUB][doLoop]event sub tasks report,working event sub count=0,suspend event sub count=0
info|2023-07-08 22:36:50.383896|[SDK][WS][SERVICE]connected nodes,count=2
info|2023-07-08 22:37:09.853506|[EVENT][SUB][doLoop]event sub tasks report,working event sub count=0,suspend event sub count=0
info|2023-07-08 22:37:10.384115|[SDK][WS][SERVICE]connected nodes,count=2
info|2023-07-08 22:37:29.853965|[EVENT][SUB][doLoop]event sub tasks report,working event sub count=0,suspend event sub count=0
info|2023-07-08 22:37:30.384250|[SDK][WS][SERVICE]connected nodes,count=2
info|2023-07-08 22:37:49.854200|[EVENT][SUB][doLoop]event sub tasks report,working event sub count=0,suspend event sub count=0
info|2023-07-08 22:37:50.384453|[SDK][WS][SERVICE]connected nodes,count=2
info|2023-07-08 22:38:09.854756|[EVENT][SUB][doLoop]event sub tasks report,working event sub count=0,suspend event sub count=0
info|2023-07-08 22:38:10.384789|[SDK][WS][SERVICE]connected nodes,count=2
info|2023-07-08 22:38:29.855083|[EVENT][SUB][doLoop]event sub tasks report,working event sub count=0,suspend event sub count=0
info|2023-07-08 22:38:30.385120|[SDK][WS][SERVICE]connected nodes,count=2
info|2023-07-08 22:38:49.855495|[EVENT][SUB][doLoop]event sub tasks report,working event sub count=0,suspend event sub count=0
info|2023-07-08 22:38:50.385576|[SDK][WS][SERVICE]connected nodes,count=2
info|2023-07-08 22:39:09.855622|[EVENT][SUB][doLoop]event sub tasks report,working event sub count=0,suspend event sub count=0
info|2023-07-08 22:39:10.385920|[SDK][WS][SERVICE]connected nodes,count=2
info|2023-07-08 22:39:29.855823|[EVENT][SUB][doLoop]event sub tasks report,working event sub count=0,suspend event sub count=0
info|2023-07-08 22:39:30.386056|[SDK][WS][SERVICE]connected nodes,count=2
info|2023-07-08 22:39:49.856061|[EVENT][SUB][doLoop]event sub tasks report,working event sub count=0,suspend event sub count=0
info|2023-07-08 22:39:50.386386|[SDK][WS][SERVICE]connected nodes,count=2
info|2023-07-08 22:40:09.856187|[EVENT][SUB][doLoop]event sub tasks report,working event sub count=0,suspend event sub count=0
info|2023-07-08 22:40:10.386719|[SDK][WS][SERVICE]connected nodes,count=2
info|2023-07-08 22:40:29.856586|[EVENT][SUB][doLoop]event sub tasks report,working event sub count=0,suspend event sub count=0
info|2023-07-08 22:40:30.387241|[SDK][WS][SERVICE]connected nodes,count=2
info|2023-07-08 22:40:49.856911|[EVENT][SUB][doLoop]event sub tasks report,working event sub count=0,suspend event sub count=0
info|2023-07-08 22:40:50.387548|[SDK][WS][SERVICE]connected nodes,count=2
info|2023-07-08 22:41:09.857571|[EVENT][SUB][doLoop]event sub tasks report,working event sub count=0,suspend event sub count=0
info|2023-07-08 22:41:10.387843|[SDK][WS][SERVICE]connected nodes,count=2
info|2023-07-08 22:41:29.857980|[EVENT][SUB][doLoop]event sub tasks report,working event sub count=0,suspend event sub count=0
info|2023-07-08 22:41:30.388139|[SDK][WS][SERVICE]connected nodes,count=2
info|2023-07-08 22:41:49.858087|[EVENT][SUB][doLoop]event sub tasks report,working event sub count=0,suspend event sub count=0
info|2023-07-08 22:41:50.388460|[SDK][WS][SERVICE]connected nodes,count=2
info|2023-07-08 22:42:09.858403|[EVENT][SUB][doLoop]event sub tasks report,working event sub count=0,suspend event sub count=0
info|2023-07-08 22:42:10.388633|[SDK][WS][SERVICE]connected nodes,count=2
info|2023-07-08 22:42:29.858495|[EVENT][SUB][doLoop]event sub tasks report,working event sub count=0,suspend event sub count=0
info|2023-07-08 22:42:30.389046|[SDK][WS][SERVICE]connected nodes,count=2
info|2023-07-08 22:42:49.858657|[EVENT][SUB][doLoop]event sub tasks report,working event sub count=0,suspend event sub count=0
info|2023-07-08 22:42:50.389295|[SDK][WS][SERVICE]connected nodes,count=2
info|2023-07-08 22:43:09.858978|[EVENT][SUB][doLoop]event sub tasks report,working event sub count=0,suspend event sub count=0
info|2023-07-08 22:43:10.389876|[SDK][WS][SERVICE]connected nodes,count=2
info|2023-07-08 22:43:29.859240|[EVENT][SUB][doLoop]event sub tasks report,working event sub count=0,suspend event sub count=0
info|2023-07-08 22:43:30.390058|[SDK][WS][SERVICE]connected nodes,count=2
info|2023-07-08 22:43:49.859511|[EVENT][SUB][doLoop]event sub tasks report,working event sub count=0,suspend event sub count=0
info|2023-07-08 22:43:50.390305|[SDK][WS][SERVICE]connected nodes,count=2
info|2023-07-08 22:44:09.860094|[EVENT][SUB][doLoop]event sub tasks report,working event sub count=0,suspend event sub count=0
info|2023-07-08 22:44:10.390546|[SDK][WS][SERVICE]connected nodes,count=2
info|2023-07-08 22:44:29.860200|[EVENT][SUB][doLoop]event sub tasks report,working event sub count=0,suspend event sub count=0
info|2023-07-08 22:44:30.390830|[SDK][WS][SERVICE]connected nodes,count=2
info|2023-07-08 22:44:49.860388|[EVENT][SUB][doLoop]event sub tasks report,working event sub count=0,suspend event sub count=0
info|2023-07-08 22:44:50.391311|[SDK][WS][SERVICE]connected nodes,count=2
info|2023-07-08 22:45:09.861007|[EVENT][SUB][doLoop]event sub tasks report,working event sub count=0,suspend event sub count=0
info|2023-07-08 22:45:10.391542|[SDK][WS][SERVICE]connected nodes,count=2
info|2023-07-08 22:45:29.861662|[EVENT][SUB][doLoop]event sub tasks report,working event sub count=0,suspend event sub count=0
info|2023-07-08 22:45:30.391752|[SDK][WS][SERVICE]connected nodes,count=2
info|2023-07-08 22:45:49.861985|[EVENT][SUB][doLoop]event sub tasks report,working event sub count=0,suspend event sub count=0
info|2023-07-08 22:45:50.392217|[SDK][WS][SERVICE]connected nodes,count=2
info|2023-07-08 22:46:09.862052|[EVENT][SUB][doLoop]event sub tasks report,working event sub count=0,suspend event sub count=0
info|2023-07-08 22:46:10.392514|[SDK][WS][SERVICE]connected nodes,count=2
info|2023-07-08 22:46:29.862486|[EVENT][SUB][doLoop]event sub tasks report,working event sub count=0,suspend event sub count=0
info|2023-07-08 22:46:30.392803|[SDK][WS][SERVICE]connected nodes,count=2
info|2023-07-08 22:46:49.862907|[EVENT][SUB][doLoop]event sub tasks report,working event sub count=0,suspend event sub count=0
info|2023-07-08 22:46:50.393110|[SDK][WS][SERVICE]connected nodes,count=2
info|2023-07-08 22:47:09.863706|[EVENT][SUB][doLoop]event sub tasks report,working event sub count=0,suspend event sub count=0
info|2023-07-08 22:47:10.393435|[SDK][WS][SERVICE]connected nodes,count=2
info|2023-07-08 22:47:29.863842|[EVENT][SUB][doLoop]event sub tasks report,working event sub count=0,suspend event sub count=0
info|2023-07-08 22:47:30.393684|[SDK][WS][SERVICE]connected nodes,count=2
info|2023-07-08 22:47:49.864396|[EVENT][SUB][doLoop]event sub tasks report,working event sub count=0,suspend event sub count=0
info|2023-07-08 22:47:50.394210|[SDK][WS][SERVICE]connected nodes,count=2
info|2023-07-08 22:48:09.864493|[EVENT][SUB][doLoop]event sub tasks report,working event sub count=0,suspend event sub count=0
info|2023-07-08 22:48:10.394329|[SDK][WS][SERVICE]connected nodes,count=2
info|2023-07-08 22:48:29.864813|[EVENT][SUB][doLoop]event sub tasks report,working event sub count=0,suspend event sub count=0
info|2023-07-08 22:48:30.394858|[SDK][WS][SERVICE]connected nodes,count=2
info|2023-07-08 22:48:49.865491|[EVENT][SUB][doLoop]event sub tasks report,working event sub count=0,suspend event sub count=0
info|2023-07-08 22:48:50.395326|[SDK][WS][SERVICE]connected nodes,count=2
info|2023-07-08 22:49:09.865939|[EVENT][SUB][doLoop]event sub tasks report,working event sub count=0,suspend event sub count=0
info|2023-07-08 22:49:10.396242|[SDK][WS][SERVICE]connected nodes,count=2
info|2023-07-08 22:49:29.866058|[EVENT][SUB][doLoop]event sub tasks report,working event sub count=0,suspend event sub count=0
info|2023-07-08 22:49:30.396628|[SDK][WS][SERVICE]connected nodes,count=2
info|2023-07-08 22:49:49.866867|[EVENT][SUB][doLoop]event sub tasks report,working event sub count=0,suspend event sub count=0
info|2023-07-08 22:49:50.396865|[SDK][WS][SERVICE]connected nodes,count=2
info|2023-07-08 22:50:09.867331|[EVENT][SUB][doLoop]event sub tasks report,working event sub count=0,suspend event sub count=0
info|2023-07-08 22:50:10.397131|[SDK][WS][SERVICE]connected nodes,count=2
info|2023-07-08 22:50:29.867470|[EVENT][SUB][doLoop]event sub tasks report,working event sub count=0,suspend event sub count=0
info|2023-07-08 22:50:30.397846|[SDK][WS][SERVICE]connected nodes,count=2
info|2023-07-08 22:50:49.867603|[EVENT][SUB][doLoop]event sub tasks report,working event sub count=0,suspend event sub count=0
info|2023-07-08 22:50:50.398130|[SDK][WS][SERVICE]connected nodes,count=2
info|2023-07-08 22:51:09.867976|[EVENT][SUB][doLoop]event sub tasks report,working event sub count=0,suspend event sub count=0
info|2023-07-08 22:51:10.398528|[SDK][WS][SERVICE]connected nodes,count=2
info|2023-07-08 22:51:29.868268|[EVENT][SUB][doLoop]event sub tasks report,working event sub count=0,suspend event sub count=0
info|2023-07-08 22:51:30.399166|[SDK][WS][SERVICE]connected nodes,count=2
info|2023-07-08 22:51:49.868447|[EVENT][SUB][doLoop]event sub tasks report,working event sub count=0,suspend event sub count=0
info|2023-07-08 22:51:50.399551|[SDK][WS][SERVICE]connected nodes,count=2
info|2023-07-08 22:52:09.868651|[EVENT][SUB][doLoop]event sub tasks report,working event sub count=0,suspend event sub count=0
info|2023-07-08 22:52:10.399853|[SDK][WS][SERVICE]connected nodes,count=2
info|2023-07-08 22:52:29.869459|[EVENT][SUB][doLoop]event sub tasks report,working event sub count=0,suspend event sub count=0
info|2023-07-08 22:52:30.400626|[SDK][WS][SERVICE]connected nodes,count=2
info|2023-07-08 22:52:49.869674|[EVENT][SUB][doLoop]event sub tasks report,working event sub count=0,suspend event sub count=0
info|2023-07-08 22:52:50.400815|[SDK][WS][SERVICE]connected nodes,count=2
info|2023-07-08 22:53:09.870160|[EVENT][SUB][doLoop]event sub tasks report,working event sub count=0,suspend event sub count=0
info|2023-07-08 22:53:10.401655|[SDK][WS][SERVICE]connected nodes,count=2
info|2023-07-08 22:53:29.870656|[EVENT][SUB][doLoop]event sub tasks report,working event sub count=0,suspend event sub count=0
info|2023-07-08 22:53:30.402044|[SDK][WS][SERVICE]connected nodes,count=2
info|2023-07-08 22:53:49.870880|[EVENT][SUB][doLoop]event sub tasks report,working event sub count=0,suspend event sub count=0
info|2023-07-08 22:53:50.402692|[SDK][WS][SERVICE]connected nodes,count=2
info|2023-07-08 22:54:09.871402|[EVENT][SUB][doLoop]event sub tasks report,working event sub count=0,suspend event sub count=0
info|2023-07-08 22:54:10.402802|[SDK][WS][SERVICE]connected nodes,count=2
info|2023-07-08 22:54:29.871480|[EVENT][SUB][doLoop]event sub tasks report,working event sub count=0,suspend event sub count=0
info|2023-07-08 22:54:30.403233|[SDK][WS][SERVICE]connected nodes,count=2
info|2023-07-08 22:54:49.875064|[EVENT][SUB][doLoop]event sub tasks report,working event sub count=0,suspend event sub count=0
info|2023-07-08 22:54:50.403454|[SDK][WS][SERVICE]connected nodes,count=2
info|2023-07-08 22:55:09.875375|[EVENT][SUB][doLoop]event sub tasks report,working event sub count=0,suspend event sub count=0
info|2023-07-08 22:55:10.403673|[SDK][WS][SERVICE]connected nodes,count=2
info|2023-07-08 22:55:29.875465|[EVENT][SUB][doLoop]event sub tasks report,working event sub count=0,suspend event sub count=0
info|2023-07-08 22:55:30.404112|[SDK][WS][SERVICE]connected nodes,count=2
info|2023-07-08 22:55:49.875572|[EVENT][SUB][doLoop]event sub tasks report,working event sub count=0,suspend event sub count=0
info|2023-07-08 22:55:50.404373|[SDK][WS][SERVICE]connected nodes,count=2
info|2023-07-08 22:56:09.875678|[EVENT][SUB][doLoop]event sub tasks report,working event sub count=0,suspend event sub count=0
info|2023-07-08 22:56:10.404505|[SDK][WS][SERVICE]connected nodes,count=2
info|2023-07-08 22:56:29.875981|[EVENT][SUB][doLoop]event sub tasks report,working event sub count=0,suspend event sub count=0
info|2023-07-08 22:56:30.404950|[SDK][WS][SERVICE]connected nodes,count=2
info|2023-07-08 22:56:49.876451|[EVENT][SUB][doLoop]event sub tasks report,working event sub count=0,suspend event sub count=0
info|2023-07-08 22:56:50.407131|[SDK][WS][SERVICE]connected nodes,count=2
info|2023-07-08 22:57:09.877071|[EVENT][SUB][doLoop]event sub tasks report,working event sub count=0,suspend event sub count=0
info|2023-07-08 22:57:10.407378|[SDK][WS][SERVICE]connected nodes,count=2
info|2023-07-08 22:57:13.880214|[RPC][BLOCK][NUMBER][fromJson],group=group0,node=98a7f70ec883a722219d92253cf073a72605f4087aa3443c8e4aadc0af2dc3ac647d0fa1b5ac99cd6987abafe6d690ae71cd5fd2aeeabe7589bfb4748aabdfba,blockNumber=2335
info|2023-07-08 22:57:13.880236|[RPCWS][SERVICE][onRecvBlockNotifier]receive block number notifier,group=group0,node=98a7f70ec883a722219d92253cf073a72605f4087aa3443c8e4aadc0af2dc3ac647d0fa1b5ac99cd6987abafe6d690ae71cd5fd2aeeabe7589bfb4748aabdfba,blockNumber=2335
info|2023-07-08 22:57:13.880240|[RPCWS][SERVICE][updateGroupBlockNumber],groupID=group0,_blockNumber=2335
info|2023-07-08 22:57:13.880244|[RPCWS][SERVICE][onRecvBlockNotifier]block notifier callback,group=group0,node=98a7f70ec883a722219d92253cf073a72605f4087aa3443c8e4aadc0af2dc3ac647d0fa1b5ac99cd6987abafe6d690ae71cd5fd2aeeabe7589bfb4748aabdfba,blockNumber=2335
info|2023-07-08 22:57:13.880248|[WS]receive block notify,endpoint=127.0.0.1:20200,blk={
	"blockNumber" : 2335,
	"group" : "group0",
	"nodeName" : "98a7f70ec883a722219d92253cf073a72605f4087aa3443c8e4aadc0af2dc3ac647d0fa1b5ac99cd6987abafe6d690ae71cd5fd2aeeabe7589bfb4748aabdfba"
}
info|2023-07-08 22:57:13.923172|[RPC][BLOCK][NUMBER][fromJson],group=group0,node=2f993327933ad58672518b6d4f63920cbc68b80f78f4d81192552ee6362f5cc81ee13bdc678ad65f06e76444cadb53b33694cfb3fc7679b8000411975fedd28a,blockNumber=2335
info|2023-07-08 22:57:13.923196|[RPCWS][SERVICE][onRecvBlockNotifier]receive block number notifier,group=group0,node=2f993327933ad58672518b6d4f63920cbc68b80f78f4d81192552ee6362f5cc81ee13bdc678ad65f06e76444cadb53b33694cfb3fc7679b8000411975fedd28a,blockNumber=2335
info|2023-07-08 22:57:13.923234|[WS]receive block notify,endpoint=127.0.0.1:20201,blk={
	"blockNumber" : 2335,
	"group" : "group0",
	"nodeName" : "2f993327933ad58672518b6d4f63920cbc68b80f78f4d81192552ee6362f5cc81ee13bdc678ad65f06e76444cadb53b33694cfb3fc7679b8000411975fedd28a"
}
info|2023-07-08 22:57:14.420576|[RPC][BLOCK][NUMBER][fromJson],group=group0,node=98a7f70ec883a722219d92253cf073a72605f4087aa3443c8e4aadc0af2dc3ac647d0fa1b5ac99cd6987abafe6d690ae71cd5fd2aeeabe7589bfb4748aabdfba,blockNumber=2336
info|2023-07-08 22:57:14.420600|[RPCWS][SERVICE][onRecvBlockNotifier]receive block number notifier,group=group0,node=98a7f70ec883a722219d92253cf073a72605f4087aa3443c8e4aadc0af2dc3ac647d0fa1b5ac99cd6987abafe6d690ae71cd5fd2aeeabe7589bfb4748aabdfba,blockNumber=2336
info|2023-07-08 22:57:14.420629|[RPCWS][SERVICE][updateGroupBlockNumber],groupID=group0,_blockNumber=2336
info|2023-07-08 22:57:14.420636|[RPCWS][SERVICE][onRecvBlockNotifier]block notifier callback,group=group0,node=98a7f70ec883a722219d92253cf073a72605f4087aa3443c8e4aadc0af2dc3ac647d0fa1b5ac99cd6987abafe6d690ae71cd5fd2aeeabe7589bfb4748aabdfba,blockNumber=2336
info|2023-07-08 22:57:14.420641|[WS]receive block notify,endpoint=127.0.0.1:20200,blk={
	"blockNumber" : 2336,
	"group" : "group0",
	"nodeName" : "98a7f70ec883a722219d92253cf073a72605f4087aa3443c8e4aadc0af2dc3ac647d0fa1b5ac99cd6987abafe6d690ae71cd5fd2aeeabe7589bfb4748aabdfba"
}
info|2023-07-08 22:57:14.506008|[RPC][BLOCK][NUMBER][fromJson],group=group0,node=2f993327933ad58672518b6d4f63920cbc68b80f78f4d81192552ee6362f5cc81ee13bdc678ad65f06e76444cadb53b33694cfb3fc7679b8000411975fedd28a,blockNumber=2336
info|2023-07-08 22:57:14.506026|[RPCWS][SERVICE][onRecvBlockNotifier]receive block number notifier,group=group0,node=2f993327933ad58672518b6d4f63920cbc68b80f78f4d81192552ee6362f5cc81ee13bdc678ad65f06e76444cadb53b33694cfb3fc7679b8000411975fedd28a,blockNumber=2336
info|2023-07-08 22:57:14.506032|[WS]receive block notify,endpoint=127.0.0.1:20201,blk={
	"blockNumber" : 2336,
	"group" : "group0",
	"nodeName" : "2f993327933ad58672518b6d4f63920cbc68b80f78f4d81192552ee6362f5cc81ee13bdc678ad65f06e76444cadb53b33694cfb3fc7679b8000411975fedd28a"
}
info|2023-07-08 22:57:14.977495|[RPC][BLOCK][NUMBER][fromJson],group=group0,node=98a7f70ec883a722219d92253cf073a72605f4087aa3443c8e4aadc0af2dc3ac647d0fa1b5ac99cd6987abafe6d690ae71cd5fd2aeeabe7589bfb4748aabdfba,blockNumber=2337
info|2023-07-08 22:57:14.977529|[RPCWS][SERVICE][onRecvBlockNotifier]receive block number notifier,group=group0,node=98a7f70ec883a722219d92253cf073a72605f4087aa3443c8e4aadc0af2dc3ac647d0fa1b5ac99cd6987abafe6d690ae71cd5fd2aeeabe7589bfb4748aabdfba,blockNumber=2337
info|2023-07-08 22:57:14.977537|[RPCWS][SERVICE][updateGroupBlockNumber],groupID=group0,_blockNumber=2337
info|2023-07-08 22:57:14.977541|[RPCWS][SERVICE][onRecvBlockNotifier]block notifier callback,group=group0,node=98a7f70ec883a722219d92253cf073a72605f4087aa3443c8e4aadc0af2dc3ac647d0fa1b5ac99cd6987abafe6d690ae71cd5fd2aeeabe7589bfb4748aabdfba,blockNumber=2337
info|2023-07-08 22:57:14.977544|[WS]receive block notify,endpoint=127.0.0.1:20200,blk={
	"blockNumber" : 2337,
	"group" : "group0",
	"nodeName" : "98a7f70ec883a722219d92253cf073a72605f4087aa3443c8e4aadc0af2dc3ac647d0fa1b5ac99cd6987abafe6d690ae71cd5fd2aeeabe7589bfb4748aabdfba"
}
info|2023-07-08 22:57:15.010622|[RPC][BLOCK][NUMBER][fromJson],group=group0,node=2f993327933ad58672518b6d4f63920cbc68b80f78f4d81192552ee6362f5cc81ee13bdc678ad65f06e76444cadb53b33694cfb3fc7679b8000411975fedd28a,blockNumber=2337
info|2023-07-08 22:57:15.010643|[RPCWS][SERVICE][onRecvBlockNotifier]receive block number notifier,group=group0,node=2f993327933ad58672518b6d4f63920cbc68b80f78f4d81192552ee6362f5cc81ee13bdc678ad65f06e76444cadb53b33694cfb3fc7679b8000411975fedd28a,blockNumber=2337
info|2023-07-08 22:57:15.010649|[WS]receive block notify,endpoint=127.0.0.1:20201,blk={
	"blockNumber" : 2337,
	"group" : "group0",
	"nodeName" : "2f993327933ad58672518b6d4f63920cbc68b80f78f4d81192552ee6362f5cc81ee13bdc678ad65f06e76444cadb53b33694cfb3fc7679b8000411975fedd28a"
}
info|2023-07-08 22:57:15.578998|[RPC][BLOCK][NUMBER][fromJson],group=group0,node=98a7f70ec883a722219d92253cf073a72605f4087aa3443c8e4aadc0af2dc3ac647d0fa1b5ac99cd6987abafe6d690ae71cd5fd2aeeabe7589bfb4748aabdfba,blockNumber=2338
info|2023-07-08 22:57:15.579018|[RPCWS][SERVICE][onRecvBlockNotifier]receive block number notifier,group=group0,node=98a7f70ec883a722219d92253cf073a72605f4087aa3443c8e4aadc0af2dc3ac647d0fa1b5ac99cd6987abafe6d690ae71cd5fd2aeeabe7589bfb4748aabdfba,blockNumber=2338
info|2023-07-08 22:57:15.579023|[RPCWS][SERVICE][updateGroupBlockNumber],groupID=group0,_blockNumber=2338
info|2023-07-08 22:57:15.579027|[RPCWS][SERVICE][onRecvBlockNotifier]block notifier callback,group=group0,node=98a7f70ec883a722219d92253cf073a72605f4087aa3443c8e4aadc0af2dc3ac647d0fa1b5ac99cd6987abafe6d690ae71cd5fd2aeeabe7589bfb4748aabdfba,blockNumber=2338
info|2023-07-08 22:57:15.579031|[WS]receive block notify,endpoint=127.0.0.1:20200,blk={
	"blockNumber" : 2338,
	"group" : "group0",
	"nodeName" : "98a7f70ec883a722219d92253cf073a72605f4087aa3443c8e4aadc0af2dc3ac647d0fa1b5ac99cd6987abafe6d690ae71cd5fd2aeeabe7589bfb4748aabdfba"
}
info|2023-07-08 22:57:15.613736|[RPC][BLOCK][NUMBER][fromJson],group=group0,node=2f993327933ad58672518b6d4f63920cbc68b80f78f4d81192552ee6362f5cc81ee13bdc678ad65f06e76444cadb53b33694cfb3fc7679b8000411975fedd28a,blockNumber=2338
info|2023-07-08 22:57:15.613758|[RPCWS][SERVICE][onRecvBlockNotifier]receive block number notifier,group=group0,node=2f993327933ad58672518b6d4f63920cbc68b80f78f4d81192552ee6362f5cc81ee13bdc678ad65f06e76444cadb53b33694cfb3fc7679b8000411975fedd28a,blockNumber=2338
info|2023-07-08 22:57:15.613764|[WS]receive block notify,endpoint=127.0.0.1:20201,blk={
	"blockNumber" : 2338,
	"group" : "group0",
	"nodeName" : "2f993327933ad58672518b6d4f63920cbc68b80f78f4d81192552ee6362f5cc81ee13bdc678ad65f06e76444cadb53b33694cfb3fc7679b8000411975fedd28a"
}
info|2023-07-08 22:57:16.127814|[RPC][BLOCK][NUMBER][fromJson],group=group0,node=98a7f70ec883a722219d92253cf073a72605f4087aa3443c8e4aadc0af2dc3ac647d0fa1b5ac99cd6987abafe6d690ae71cd5fd2aeeabe7589bfb4748aabdfba,blockNumber=2339
info|2023-07-08 22:57:16.127839|[RPCWS][SERVICE][onRecvBlockNotifier]receive block number notifier,group=group0,node=98a7f70ec883a722219d92253cf073a72605f4087aa3443c8e4aadc0af2dc3ac647d0fa1b5ac99cd6987abafe6d690ae71cd5fd2aeeabe7589bfb4748aabdfba,blockNumber=2339
info|2023-07-08 22:57:16.127844|[RPCWS][SERVICE][updateGroupBlockNumber],groupID=group0,_blockNumber=2339
info|2023-07-08 22:57:16.127848|[RPCWS][SERVICE][onRecvBlockNotifier]block notifier callback,group=group0,node=98a7f70ec883a722219d92253cf073a72605f4087aa3443c8e4aadc0af2dc3ac647d0fa1b5ac99cd6987abafe6d690ae71cd5fd2aeeabe7589bfb4748aabdfba,blockNumber=2339
info|2023-07-08 22:57:16.127853|[WS]receive block notify,endpoint=127.0.0.1:20200,blk={
	"blockNumber" : 2339,
	"group" : "group0",
	"nodeName" : "98a7f70ec883a722219d92253cf073a72605f4087aa3443c8e4aadc0af2dc3ac647d0fa1b5ac99cd6987abafe6d690ae71cd5fd2aeeabe7589bfb4748aabdfba"
}
info|2023-07-08 22:57:16.247118|[RPC][BLOCK][NUMBER][fromJson],group=group0,node=2f993327933ad58672518b6d4f63920cbc68b80f78f4d81192552ee6362f5cc81ee13bdc678ad65f06e76444cadb53b33694cfb3fc7679b8000411975fedd28a,blockNumber=2339
info|2023-07-08 22:57:16.247146|[RPCWS][SERVICE][onRecvBlockNotifier]receive block number notifier,group=group0,node=2f993327933ad58672518b6d4f63920cbc68b80f78f4d81192552ee6362f5cc81ee13bdc678ad65f06e76444cadb53b33694cfb3fc7679b8000411975fedd28a,blockNumber=2339
info|2023-07-08 22:57:16.247153|[WS]receive block notify,endpoint=127.0.0.1:20201,blk={
	"blockNumber" : 2339,
	"group" : "group0",
	"nodeName" : "2f993327933ad58672518b6d4f63920cbc68b80f78f4d81192552ee6362f5cc81ee13bdc678ad65f06e76444cadb53b33694cfb3fc7679b8000411975fedd28a"
}
info|2023-07-08 22:57:16.714784|[RPC][BLOCK][NUMBER][fromJson],group=group0,node=98a7f70ec883a722219d92253cf073a72605f4087aa3443c8e4aadc0af2dc3ac647d0fa1b5ac99cd6987abafe6d690ae71cd5fd2aeeabe7589bfb4748aabdfba,blockNumber=2340
info|2023-07-08 22:57:16.714828|[RPCWS][SERVICE][onRecvBlockNotifier]receive block number notifier,group=group0,node=98a7f70ec883a722219d92253cf073a72605f4087aa3443c8e4aadc0af2dc3ac647d0fa1b5ac99cd6987abafe6d690ae71cd5fd2aeeabe7589bfb4748aabdfba,blockNumber=2340
info|2023-07-08 22:57:16.714836|[RPCWS][SERVICE][updateGroupBlockNumber],groupID=group0,_blockNumber=2340
info|2023-07-08 22:57:16.714840|[RPCWS][SERVICE][onRecvBlockNotifier]block notifier callback,group=group0,node=98a7f70ec883a722219d92253cf073a72605f4087aa3443c8e4aadc0af2dc3ac647d0fa1b5ac99cd6987abafe6d690ae71cd5fd2aeeabe7589bfb4748aabdfba,blockNumber=2340
info|2023-07-08 22:57:16.714844|[WS]receive block notify,endpoint=127.0.0.1:20200,blk={
	"blockNumber" : 2340,
	"group" : "group0",
	"nodeName" : "98a7f70ec883a722219d92253cf073a72605f4087aa3443c8e4aadc0af2dc3ac647d0fa1b5ac99cd6987abafe6d690ae71cd5fd2aeeabe7589bfb4748aabdfba"
}
info|2023-07-08 22:57:16.755533|[RPC][BLOCK][NUMBER][fromJson],group=group0,node=2f993327933ad58672518b6d4f63920cbc68b80f78f4d81192552ee6362f5cc81ee13bdc678ad65f06e76444cadb53b33694cfb3fc7679b8000411975fedd28a,blockNumber=2340
info|2023-07-08 22:57:16.755554|[RPCWS][SERVICE][onRecvBlockNotifier]receive block number notifier,group=group0,node=2f993327933ad58672518b6d4f63920cbc68b80f78f4d81192552ee6362f5cc81ee13bdc678ad65f06e76444cadb53b33694cfb3fc7679b8000411975fedd28a,blockNumber=2340
info|2023-07-08 22:57:16.755560|[WS]receive block notify,endpoint=127.0.0.1:20201,blk={
	"blockNumber" : 2340,
	"group" : "group0",
	"nodeName" : "2f993327933ad58672518b6d4f63920cbc68b80f78f4d81192552ee6362f5cc81ee13bdc678ad65f06e76444cadb53b33694cfb3fc7679b8000411975fedd28a"
}
info|2023-07-08 22:57:17.231888|[RPC][BLOCK][NUMBER][fromJson],group=group0,node=98a7f70ec883a722219d92253cf073a72605f4087aa3443c8e4aadc0af2dc3ac647d0fa1b5ac99cd6987abafe6d690ae71cd5fd2aeeabe7589bfb4748aabdfba,blockNumber=2341
info|2023-07-08 22:57:17.231911|[RPCWS][SERVICE][onRecvBlockNotifier]receive block number notifier,group=group0,node=98a7f70ec883a722219d92253cf073a72605f4087aa3443c8e4aadc0af2dc3ac647d0fa1b5ac99cd6987abafe6d690ae71cd5fd2aeeabe7589bfb4748aabdfba,blockNumber=2341
info|2023-07-08 22:57:17.231917|[RPCWS][SERVICE][updateGroupBlockNumber],groupID=group0,_blockNumber=2341
info|2023-07-08 22:57:17.231922|[RPCWS][SERVICE][onRecvBlockNotifier]block notifier callback,group=group0,node=98a7f70ec883a722219d92253cf073a72605f4087aa3443c8e4aadc0af2dc3ac647d0fa1b5ac99cd6987abafe6d690ae71cd5fd2aeeabe7589bfb4748aabdfba,blockNumber=2341
info|2023-07-08 22:57:17.231944|[WS]receive block notify,endpoint=127.0.0.1:20200,blk={
	"blockNumber" : 2341,
	"group" : "group0",
	"nodeName" : "98a7f70ec883a722219d92253cf073a72605f4087aa3443c8e4aadc0af2dc3ac647d0fa1b5ac99cd6987abafe6d690ae71cd5fd2aeeabe7589bfb4748aabdfba"
}
info|2023-07-08 22:57:17.352393|[RPC][BLOCK][NUMBER][fromJson],group=group0,node=2f993327933ad58672518b6d4f63920cbc68b80f78f4d81192552ee6362f5cc81ee13bdc678ad65f06e76444cadb53b33694cfb3fc7679b8000411975fedd28a,blockNumber=2341
info|2023-07-08 22:57:17.352416|[RPCWS][SERVICE][onRecvBlockNotifier]receive block number notifier,group=group0,node=2f993327933ad58672518b6d4f63920cbc68b80f78f4d81192552ee6362f5cc81ee13bdc678ad65f06e76444cadb53b33694cfb3fc7679b8000411975fedd28a,blockNumber=2341
info|2023-07-08 22:57:17.352423|[WS]receive block notify,endpoint=127.0.0.1:20201,blk={
	"blockNumber" : 2341,
	"group" : "group0",
	"nodeName" : "2f993327933ad58672518b6d4f63920cbc68b80f78f4d81192552ee6362f5cc81ee13bdc678ad65f06e76444cadb53b33694cfb3fc7679b8000411975fedd28a"
}
info|2023-07-08 22:57:17.902580|[RPC][BLOCK][NUMBER][fromJson],group=group0,node=98a7f70ec883a722219d92253cf073a72605f4087aa3443c8e4aadc0af2dc3ac647d0fa1b5ac99cd6987abafe6d690ae71cd5fd2aeeabe7589bfb4748aabdfba,blockNumber=2342
info|2023-07-08 22:57:17.902602|[RPCWS][SERVICE][onRecvBlockNotifier]receive block number notifier,group=group0,node=98a7f70ec883a722219d92253cf073a72605f4087aa3443c8e4aadc0af2dc3ac647d0fa1b5ac99cd6987abafe6d690ae71cd5fd2aeeabe7589bfb4748aabdfba,blockNumber=2342
info|2023-07-08 22:57:17.902607|[RPCWS][SERVICE][updateGroupBlockNumber],groupID=group0,_blockNumber=2342
info|2023-07-08 22:57:17.902612|[RPCWS][SERVICE][onRecvBlockNotifier]block notifier callback,group=group0,node=98a7f70ec883a722219d92253cf073a72605f4087aa3443c8e4aadc0af2dc3ac647d0fa1b5ac99cd6987abafe6d690ae71cd5fd2aeeabe7589bfb4748aabdfba,blockNumber=2342
info|2023-07-08 22:57:17.902616|[WS]receive block notify,endpoint=127.0.0.1:20200,blk={
	"blockNumber" : 2342,
	"group" : "group0",
	"nodeName" : "98a7f70ec883a722219d92253cf073a72605f4087aa3443c8e4aadc0af2dc3ac647d0fa1b5ac99cd6987abafe6d690ae71cd5fd2aeeabe7589bfb4748aabdfba"
}
info|2023-07-08 22:57:17.958954|[RPC][BLOCK][NUMBER][fromJson],group=group0,node=2f993327933ad58672518b6d4f63920cbc68b80f78f4d81192552ee6362f5cc81ee13bdc678ad65f06e76444cadb53b33694cfb3fc7679b8000411975fedd28a,blockNumber=2342
info|2023-07-08 22:57:17.958974|[RPCWS][SERVICE][onRecvBlockNotifier]receive block number notifier,group=group0,node=2f993327933ad58672518b6d4f63920cbc68b80f78f4d81192552ee6362f5cc81ee13bdc678ad65f06e76444cadb53b33694cfb3fc7679b8000411975fedd28a,blockNumber=2342
info|2023-07-08 22:57:17.958999|[WS]receive block notify,endpoint=127.0.0.1:20201,blk={
	"blockNumber" : 2342,
	"group" : "group0",
	"nodeName" : "2f993327933ad58672518b6d4f63920cbc68b80f78f4d81192552ee6362f5cc81ee13bdc678ad65f06e76444cadb53b33694cfb3fc7679b8000411975fedd28a"
}
info|2023-07-08 22:57:18.413886|[RPC][BLOCK][NUMBER][fromJson],group=group0,node=98a7f70ec883a722219d92253cf073a72605f4087aa3443c8e4aadc0af2dc3ac647d0fa1b5ac99cd6987abafe6d690ae71cd5fd2aeeabe7589bfb4748aabdfba,blockNumber=2343
info|2023-07-08 22:57:18.413910|[RPCWS][SERVICE][onRecvBlockNotifier]receive block number notifier,group=group0,node=98a7f70ec883a722219d92253cf073a72605f4087aa3443c8e4aadc0af2dc3ac647d0fa1b5ac99cd6987abafe6d690ae71cd5fd2aeeabe7589bfb4748aabdfba,blockNumber=2343
info|2023-07-08 22:57:18.413916|[RPCWS][SERVICE][updateGroupBlockNumber],groupID=group0,_blockNumber=2343
info|2023-07-08 22:57:18.413921|[RPCWS][SERVICE][onRecvBlockNotifier]block notifier callback,group=group0,node=98a7f70ec883a722219d92253cf073a72605f4087aa3443c8e4aadc0af2dc3ac647d0fa1b5ac99cd6987abafe6d690ae71cd5fd2aeeabe7589bfb4748aabdfba,blockNumber=2343
info|2023-07-08 22:57:18.413925|[WS]receive block notify,endpoint=127.0.0.1:20200,blk={
	"blockNumber" : 2343,
	"group" : "group0",
	"nodeName" : "98a7f70ec883a722219d92253cf073a72605f4087aa3443c8e4aadc0af2dc3ac647d0fa1b5ac99cd6987abafe6d690ae71cd5fd2aeeabe7589bfb4748aabdfba"
}
info|2023-07-08 22:57:18.426025|[RPC][BLOCK][NUMBER][fromJson],group=group0,node=2f993327933ad58672518b6d4f63920cbc68b80f78f4d81192552ee6362f5cc81ee13bdc678ad65f06e76444cadb53b33694cfb3fc7679b8000411975fedd28a,blockNumber=2343
info|2023-07-08 22:57:18.426049|[RPCWS][SERVICE][onRecvBlockNotifier]receive block number notifier,group=group0,node=2f993327933ad58672518b6d4f63920cbc68b80f78f4d81192552ee6362f5cc81ee13bdc678ad65f06e76444cadb53b33694cfb3fc7679b8000411975fedd28a,blockNumber=2343
info|2023-07-08 22:57:18.426056|[WS]receive block notify,endpoint=127.0.0.1:20201,blk={
	"blockNumber" : 2343,
	"group" : "group0",
	"nodeName" : "2f993327933ad58672518b6d4f63920cbc68b80f78f4d81192552ee6362f5cc81ee13bdc678ad65f06e76444cadb53b33694cfb3fc7679b8000411975fedd28a"
}
info|2023-07-08 22:57:18.969461|[RPC][BLOCK][NUMBER][fromJson],group=group0,node=98a7f70ec883a722219d92253cf073a72605f4087aa3443c8e4aadc0af2dc3ac647d0fa1b5ac99cd6987abafe6d690ae71cd5fd2aeeabe7589bfb4748aabdfba,blockNumber=2344
info|2023-07-08 22:57:18.969485|[RPCWS][SERVICE][onRecvBlockNotifier]receive block number notifier,group=group0,node=98a7f70ec883a722219d92253cf073a72605f4087aa3443c8e4aadc0af2dc3ac647d0fa1b5ac99cd6987abafe6d690ae71cd5fd2aeeabe7589bfb4748aabdfba,blockNumber=2344
info|2023-07-08 22:57:18.969490|[RPCWS][SERVICE][updateGroupBlockNumber],groupID=group0,_blockNumber=2344
info|2023-07-08 22:57:18.969496|[RPCWS][SERVICE][onRecvBlockNotifier]block notifier callback,group=group0,node=98a7f70ec883a722219d92253cf073a72605f4087aa3443c8e4aadc0af2dc3ac647d0fa1b5ac99cd6987abafe6d690ae71cd5fd2aeeabe7589bfb4748aabdfba,blockNumber=2344
info|2023-07-08 22:57:18.969500|[WS]receive block notify,endpoint=127.0.0.1:20200,blk={
	"blockNumber" : 2344,
	"group" : "group0",
	"nodeName" : "98a7f70ec883a722219d92253cf073a72605f4087aa3443c8e4aadc0af2dc3ac647d0fa1b5ac99cd6987abafe6d690ae71cd5fd2aeeabe7589bfb4748aabdfba"
}
info|2023-07-08 22:57:19.014611|[RPC][BLOCK][NUMBER][fromJson],group=group0,node=2f993327933ad58672518b6d4f63920cbc68b80f78f4d81192552ee6362f5cc81ee13bdc678ad65f06e76444cadb53b33694cfb3fc7679b8000411975fedd28a,blockNumber=2344
info|2023-07-08 22:57:19.014634|[RPCWS][SERVICE][onRecvBlockNotifier]receive block number notifier,group=group0,node=2f993327933ad58672518b6d4f63920cbc68b80f78f4d81192552ee6362f5cc81ee13bdc678ad65f06e76444cadb53b33694cfb3fc7679b8000411975fedd28a,blockNumber=2344
info|2023-07-08 22:57:19.014641|[WS]receive block notify,endpoint=127.0.0.1:20201,blk={
	"blockNumber" : 2344,
	"group" : "group0",
	"nodeName" : "2f993327933ad58672518b6d4f63920cbc68b80f78f4d81192552ee6362f5cc81ee13bdc678ad65f06e76444cadb53b33694cfb3fc7679b8000411975fedd28a"
}
info|2023-07-08 22:57:19.513622|[RPC][BLOCK][NUMBER][fromJson],group=group0,node=98a7f70ec883a722219d92253cf073a72605f4087aa3443c8e4aadc0af2dc3ac647d0fa1b5ac99cd6987abafe6d690ae71cd5fd2aeeabe7589bfb4748aabdfba,blockNumber=2345
info|2023-07-08 22:57:19.513647|[RPCWS][SERVICE][onRecvBlockNotifier]receive block number notifier,group=group0,node=98a7f70ec883a722219d92253cf073a72605f4087aa3443c8e4aadc0af2dc3ac647d0fa1b5ac99cd6987abafe6d690ae71cd5fd2aeeabe7589bfb4748aabdfba,blockNumber=2345
info|2023-07-08 22:57:19.513654|[RPCWS][SERVICE][updateGroupBlockNumber],groupID=group0,_blockNumber=2345
info|2023-07-08 22:57:19.513660|[RPCWS][SERVICE][onRecvBlockNotifier]block notifier callback,group=group0,node=98a7f70ec883a722219d92253cf073a72605f4087aa3443c8e4aadc0af2dc3ac647d0fa1b5ac99cd6987abafe6d690ae71cd5fd2aeeabe7589bfb4748aabdfba,blockNumber=2345
info|2023-07-08 22:57:19.513665|[WS]receive block notify,endpoint=127.0.0.1:20200,blk={
	"blockNumber" : 2345,
	"group" : "group0",
	"nodeName" : "98a7f70ec883a722219d92253cf073a72605f4087aa3443c8e4aadc0af2dc3ac647d0fa1b5ac99cd6987abafe6d690ae71cd5fd2aeeabe7589bfb4748aabdfba"
}
info|2023-07-08 22:57:19.551409|[RPC][BLOCK][NUMBER][fromJson],group=group0,node=2f993327933ad58672518b6d4f63920cbc68b80f78f4d81192552ee6362f5cc81ee13bdc678ad65f06e76444cadb53b33694cfb3fc7679b8000411975fedd28a,blockNumber=2345
info|2023-07-08 22:57:19.551623|[RPCWS][SERVICE][onRecvBlockNotifier]receive block number notifier,group=group0,node=2f993327933ad58672518b6d4f63920cbc68b80f78f4d81192552ee6362f5cc81ee13bdc678ad65f06e76444cadb53b33694cfb3fc7679b8000411975fedd28a,blockNumber=2345
info|2023-07-08 22:57:19.551633|[WS]receive block notify,endpoint=127.0.0.1:20201,blk={
	"blockNumber" : 2345,
	"group" : "group0",
	"nodeName" : "2f993327933ad58672518b6d4f63920cbc68b80f78f4d81192552ee6362f5cc81ee13bdc678ad65f06e76444cadb53b33694cfb3fc7679b8000411975fedd28a"
}
info|2023-07-08 22:57:20.108185|[RPC][BLOCK][NUMBER][fromJson],group=group0,node=98a7f70ec883a722219d92253cf073a72605f4087aa3443c8e4aadc0af2dc3ac647d0fa1b5ac99cd6987abafe6d690ae71cd5fd2aeeabe7589bfb4748aabdfba,blockNumber=2346
info|2023-07-08 22:57:20.108207|[RPCWS][SERVICE][onRecvBlockNotifier]receive block number notifier,group=group0,node=98a7f70ec883a722219d92253cf073a72605f4087aa3443c8e4aadc0af2dc3ac647d0fa1b5ac99cd6987abafe6d690ae71cd5fd2aeeabe7589bfb4748aabdfba,blockNumber=2346
info|2023-07-08 22:57:20.108213|[RPCWS][SERVICE][updateGroupBlockNumber],groupID=group0,_blockNumber=2346
info|2023-07-08 22:57:20.108217|[RPCWS][SERVICE][onRecvBlockNotifier]block notifier callback,group=group0,node=98a7f70ec883a722219d92253cf073a72605f4087aa3443c8e4aadc0af2dc3ac647d0fa1b5ac99cd6987abafe6d690ae71cd5fd2aeeabe7589bfb4748aabdfba,blockNumber=2346
info|2023-07-08 22:57:20.108221|[WS]receive block notify,endpoint=127.0.0.1:20200,blk={
	"blockNumber" : 2346,
	"group" : "group0",
	"nodeName" : "98a7f70ec883a722219d92253cf073a72605f4087aa3443c8e4aadc0af2dc3ac647d0fa1b5ac99cd6987abafe6d690ae71cd5fd2aeeabe7589bfb4748aabdfba"
}
info|2023-07-08 22:57:20.165666|[RPC][BLOCK][NUMBER][fromJson],group=group0,node=2f993327933ad58672518b6d4f63920cbc68b80f78f4d81192552ee6362f5cc81ee13bdc678ad65f06e76444cadb53b33694cfb3fc7679b8000411975fedd28a,blockNumber=2346
info|2023-07-08 22:57:20.165779|[RPCWS][SERVICE][onRecvBlockNotifier]receive block number notifier,group=group0,node=2f993327933ad58672518b6d4f63920cbc68b80f78f4d81192552ee6362f5cc81ee13bdc678ad65f06e76444cadb53b33694cfb3fc7679b8000411975fedd28a,blockNumber=2346
info|2023-07-08 22:57:20.165786|[WS]receive block notify,endpoint=127.0.0.1:20201,blk={
	"blockNumber" : 2346,
	"group" : "group0",
	"nodeName" : "2f993327933ad58672518b6d4f63920cbc68b80f78f4d81192552ee6362f5cc81ee13bdc678ad65f06e76444cadb53b33694cfb3fc7679b8000411975fedd28a"
}
info|2023-07-08 22:57:20.638662|[RPC][BLOCK][NUMBER][fromJson],group=group0,node=98a7f70ec883a722219d92253cf073a72605f4087aa3443c8e4aadc0af2dc3ac647d0fa1b5ac99cd6987abafe6d690ae71cd5fd2aeeabe7589bfb4748aabdfba,blockNumber=2347
info|2023-07-08 22:57:20.638682|[RPCWS][SERVICE][onRecvBlockNotifier]receive block number notifier,group=group0,node=98a7f70ec883a722219d92253cf073a72605f4087aa3443c8e4aadc0af2dc3ac647d0fa1b5ac99cd6987abafe6d690ae71cd5fd2aeeabe7589bfb4748aabdfba,blockNumber=2347
info|2023-07-08 22:57:20.638687|[RPCWS][SERVICE][updateGroupBlockNumber],groupID=group0,_blockNumber=2347
info|2023-07-08 22:57:20.638690|[RPCWS][SERVICE][onRecvBlockNotifier]block notifier callback,group=group0,node=98a7f70ec883a722219d92253cf073a72605f4087aa3443c8e4aadc0af2dc3ac647d0fa1b5ac99cd6987abafe6d690ae71cd5fd2aeeabe7589bfb4748aabdfba,blockNumber=2347
info|2023-07-08 22:57:20.638694|[WS]receive block notify,endpoint=127.0.0.1:20200,blk={
	"blockNumber" : 2347,
	"group" : "group0",
	"nodeName" : "98a7f70ec883a722219d92253cf073a72605f4087aa3443c8e4aadc0af2dc3ac647d0fa1b5ac99cd6987abafe6d690ae71cd5fd2aeeabe7589bfb4748aabdfba"
}
info|2023-07-08 22:57:20.682149|[RPC][BLOCK][NUMBER][fromJson],group=group0,node=2f993327933ad58672518b6d4f63920cbc68b80f78f4d81192552ee6362f5cc81ee13bdc678ad65f06e76444cadb53b33694cfb3fc7679b8000411975fedd28a,blockNumber=2347
info|2023-07-08 22:57:20.682169|[RPCWS][SERVICE][onRecvBlockNotifier]receive block number notifier,group=group0,node=2f993327933ad58672518b6d4f63920cbc68b80f78f4d81192552ee6362f5cc81ee13bdc678ad65f06e76444cadb53b33694cfb3fc7679b8000411975fedd28a,blockNumber=2347
info|2023-07-08 22:57:20.682175|[WS]receive block notify,endpoint=127.0.0.1:20201,blk={
	"blockNumber" : 2347,
	"group" : "group0",
	"nodeName" : "2f993327933ad58672518b6d4f63920cbc68b80f78f4d81192552ee6362f5cc81ee13bdc678ad65f06e76444cadb53b33694cfb3fc7679b8000411975fedd28a"
}
info|2023-07-08 22:57:21.175922|[RPC][BLOCK][NUMBER][fromJson],group=group0,node=98a7f70ec883a722219d92253cf073a72605f4087aa3443c8e4aadc0af2dc3ac647d0fa1b5ac99cd6987abafe6d690ae71cd5fd2aeeabe7589bfb4748aabdfba,blockNumber=2348
info|2023-07-08 22:57:21.175944|[RPCWS][SERVICE][onRecvBlockNotifier]receive block number notifier,group=group0,node=98a7f70ec883a722219d92253cf073a72605f4087aa3443c8e4aadc0af2dc3ac647d0fa1b5ac99cd6987abafe6d690ae71cd5fd2aeeabe7589bfb4748aabdfba,blockNumber=2348
info|2023-07-08 22:57:21.175978|[RPCWS][SERVICE][updateGroupBlockNumber],groupID=group0,_blockNumber=2348
info|2023-07-08 22:57:21.175988|[RPCWS][SERVICE][onRecvBlockNotifier]block notifier callback,group=group0,node=98a7f70ec883a722219d92253cf073a72605f4087aa3443c8e4aadc0af2dc3ac647d0fa1b5ac99cd6987abafe6d690ae71cd5fd2aeeabe7589bfb4748aabdfba,blockNumber=2348
info|2023-07-08 22:57:21.175992|[WS]receive block notify,endpoint=127.0.0.1:20200,blk={
	"blockNumber" : 2348,
	"group" : "group0",
	"nodeName" : "98a7f70ec883a722219d92253cf073a72605f4087aa3443c8e4aadc0af2dc3ac647d0fa1b5ac99cd6987abafe6d690ae71cd5fd2aeeabe7589bfb4748aabdfba"
}
info|2023-07-08 22:57:21.227805|[RPC][BLOCK][NUMBER][fromJson],group=group0,node=2f993327933ad58672518b6d4f63920cbc68b80f78f4d81192552ee6362f5cc81ee13bdc678ad65f06e76444cadb53b33694cfb3fc7679b8000411975fedd28a,blockNumber=2348
info|2023-07-08 22:57:21.227826|[RPCWS][SERVICE][onRecvBlockNotifier]receive block number notifier,group=group0,node=2f993327933ad58672518b6d4f63920cbc68b80f78f4d81192552ee6362f5cc81ee13bdc678ad65f06e76444cadb53b33694cfb3fc7679b8000411975fedd28a,blockNumber=2348
info|2023-07-08 22:57:21.227833|[WS]receive block notify,endpoint=127.0.0.1:20201,blk={
	"blockNumber" : 2348,
	"group" : "group0",
	"nodeName" : "2f993327933ad58672518b6d4f63920cbc68b80f78f4d81192552ee6362f5cc81ee13bdc678ad65f06e76444cadb53b33694cfb3fc7679b8000411975fedd28a"
}
info|2023-07-08 22:57:21.765875|[RPC][BLOCK][NUMBER][fromJson],group=group0,node=98a7f70ec883a722219d92253cf073a72605f4087aa3443c8e4aadc0af2dc3ac647d0fa1b5ac99cd6987abafe6d690ae71cd5fd2aeeabe7589bfb4748aabdfba,blockNumber=2349
info|2023-07-08 22:57:21.765903|[RPCWS][SERVICE][onRecvBlockNotifier]receive block number notifier,group=group0,node=98a7f70ec883a722219d92253cf073a72605f4087aa3443c8e4aadc0af2dc3ac647d0fa1b5ac99cd6987abafe6d690ae71cd5fd2aeeabe7589bfb4748aabdfba,blockNumber=2349
info|2023-07-08 22:57:21.765911|[RPCWS][SERVICE][updateGroupBlockNumber],groupID=group0,_blockNumber=2349
info|2023-07-08 22:57:21.765917|[RPCWS][SERVICE][onRecvBlockNotifier]block notifier callback,group=group0,node=98a7f70ec883a722219d92253cf073a72605f4087aa3443c8e4aadc0af2dc3ac647d0fa1b5ac99cd6987abafe6d690ae71cd5fd2aeeabe7589bfb4748aabdfba,blockNumber=2349
info|2023-07-08 22:57:21.765922|[WS]receive block notify,endpoint=127.0.0.1:20200,blk={
	"blockNumber" : 2349,
	"group" : "group0",
	"nodeName" : "98a7f70ec883a722219d92253cf073a72605f4087aa3443c8e4aadc0af2dc3ac647d0fa1b5ac99cd6987abafe6d690ae71cd5fd2aeeabe7589bfb4748aabdfba"
}
info|2023-07-08 22:57:21.782425|[RPC][BLOCK][NUMBER][fromJson],group=group0,node=2f993327933ad58672518b6d4f63920cbc68b80f78f4d81192552ee6362f5cc81ee13bdc678ad65f06e76444cadb53b33694cfb3fc7679b8000411975fedd28a,blockNumber=2349
info|2023-07-08 22:57:21.782454|[RPCWS][SERVICE][onRecvBlockNotifier]receive block number notifier,group=group0,node=2f993327933ad58672518b6d4f63920cbc68b80f78f4d81192552ee6362f5cc81ee13bdc678ad65f06e76444cadb53b33694cfb3fc7679b8000411975fedd28a,blockNumber=2349
info|2023-07-08 22:57:21.782495|[WS]receive block notify,endpoint=127.0.0.1:20201,blk={
	"blockNumber" : 2349,
	"group" : "group0",
	"nodeName" : "2f993327933ad58672518b6d4f63920cbc68b80f78f4d81192552ee6362f5cc81ee13bdc678ad65f06e76444cadb53b33694cfb3fc7679b8000411975fedd28a"
}
info|2023-07-08 22:57:22.357135|[RPC][BLOCK][NUMBER][fromJson],group=group0,node=98a7f70ec883a722219d92253cf073a72605f4087aa3443c8e4aadc0af2dc3ac647d0fa1b5ac99cd6987abafe6d690ae71cd5fd2aeeabe7589bfb4748aabdfba,blockNumber=2350
info|2023-07-08 22:57:22.357160|[RPCWS][SERVICE][onRecvBlockNotifier]receive block number notifier,group=group0,node=98a7f70ec883a722219d92253cf073a72605f4087aa3443c8e4aadc0af2dc3ac647d0fa1b5ac99cd6987abafe6d690ae71cd5fd2aeeabe7589bfb4748aabdfba,blockNumber=2350
info|2023-07-08 22:57:22.357166|[RPCWS][SERVICE][updateGroupBlockNumber],groupID=group0,_blockNumber=2350
info|2023-07-08 22:57:22.357171|[RPCWS][SERVICE][onRecvBlockNotifier]block notifier callback,group=group0,node=98a7f70ec883a722219d92253cf073a72605f4087aa3443c8e4aadc0af2dc3ac647d0fa1b5ac99cd6987abafe6d690ae71cd5fd2aeeabe7589bfb4748aabdfba,blockNumber=2350
info|2023-07-08 22:57:22.357176|[WS]receive block notify,endpoint=127.0.0.1:20200,blk={
	"blockNumber" : 2350,
	"group" : "group0",
	"nodeName" : "98a7f70ec883a722219d92253cf073a72605f4087aa3443c8e4aadc0af2dc3ac647d0fa1b5ac99cd6987abafe6d690ae71cd5fd2aeeabe7589bfb4748aabdfba"
}
info|2023-07-08 22:57:22.370276|[RPC][BLOCK][NUMBER][fromJson],group=group0,node=2f993327933ad58672518b6d4f63920cbc68b80f78f4d81192552ee6362f5cc81ee13bdc678ad65f06e76444cadb53b33694cfb3fc7679b8000411975fedd28a,blockNumber=2350
info|2023-07-08 22:57:22.370299|[RPCWS][SERVICE][onRecvBlockNotifier]receive block number notifier,group=group0,node=2f993327933ad58672518b6d4f63920cbc68b80f78f4d81192552ee6362f5cc81ee13bdc678ad65f06e76444cadb53b33694cfb3fc7679b8000411975fedd28a,blockNumber=2350
info|2023-07-08 22:57:22.370306|[WS]receive block notify,endpoint=127.0.0.1:20201,blk={
	"blockNumber" : 2350,
	"group" : "group0",
	"nodeName" : "2f993327933ad58672518b6d4f63920cbc68b80f78f4d81192552ee6362f5cc81ee13bdc678ad65f06e76444cadb53b33694cfb3fc7679b8000411975fedd28a"
}
info|2023-07-08 22:57:29.877180|[EVENT][SUB][doLoop]event sub tasks report,working event sub count=0,suspend event sub count=0
info|2023-07-08 22:57:30.407676|[SDK][WS][SERVICE]connected nodes,count=2
info|2023-07-08 22:57:49.877474|[EVENT][SUB][doLoop]event sub tasks report,working event sub count=0,suspend event sub count=0
info|2023-07-08 22:57:50.408323|[SDK][WS][SERVICE]connected nodes,count=2
info|2023-07-08 22:58:09.877832|[EVENT][SUB][doLoop]event sub tasks report,working event sub count=0,suspend event sub count=0
info|2023-07-08 22:58:10.408489|[SDK][WS][SERVICE]connected nodes,count=2
info|2023-07-08 22:58:29.878222|[EVENT][SUB][doLoop]event sub tasks report,working event sub count=0,suspend event sub count=0
info|2023-07-08 22:58:30.408706|[SDK][WS][SERVICE]connected nodes,count=2
info|2023-07-08 22:58:49.878645|[EVENT][SUB][doLoop]event sub tasks report,working event sub count=0,suspend event sub count=0
info|2023-07-08 22:58:50.409126|[SDK][WS][SERVICE]connected nodes,count=2
info|2023-07-08 22:59:09.879213|[EVENT][SUB][doLoop]event sub tasks report,working event sub count=0,suspend event sub count=0
info|2023-07-08 22:59:10.409274|[SDK][WS][SERVICE]connected nodes,count=2
info|2023-07-08 22:59:29.879416|[EVENT][SUB][doLoop]event sub tasks report,working event sub count=0,suspend event sub count=0
info|2023-07-08 22:59:30.409755|[SDK][WS][SERVICE]connected nodes,count=2
info|2023-07-08 22:59:49.879624|[EVENT][SUB][doLoop]event sub tasks report,working event sub count=0,suspend event sub count=0
info|2023-07-08 22:59:50.410014|[SDK][WS][SERVICE]connected nodes,count=2
