info|2023-07-09 12:00:13.107293|[EVENT][SUB][doLoop]event sub tasks report,working event sub count=0,suspend event sub count=0
info|2023-07-09 12:00:13.151908|[SDK][WS][SERVICE]connected nodes,count=2
info|2023-07-09 12:00:33.107921|[EVENT][SUB][doLoop]event sub tasks report,working event sub count=0,suspend event sub count=0
info|2023-07-09 12:00:33.152266|[SDK][WS][SERVICE]connected nodes,count=2
info|2023-07-09 12:00:53.108522|[EVENT][SUB][doLoop]event sub tasks report,working event sub count=0,suspend event sub count=0
info|2023-07-09 12:00:53.152828|[SDK][WS][SERVICE]connected nodes,count=2
info|2023-07-09 12:01:13.108652|[EVENT][SUB][doLoop]event sub tasks report,working event sub count=0,suspend event sub count=0
info|2023-07-09 12:01:13.153394|[SDK][WS][SERVICE]connected nodes,count=2
info|2023-07-09 12:01:33.133935|[EVENT][SUB][doLoop]event sub tasks report,working event sub count=0,suspend event sub count=0
info|2023-07-09 12:01:33.155454|[SDK][WS][SERVICE]connected nodes,count=2
info|2023-07-09 12:01:53.134143|[EVENT][SUB][doLoop]event sub tasks report,working event sub count=0,suspend event sub count=0
info|2023-07-09 12:01:53.157286|[SDK][WS][SERVICE]connected nodes,count=2
info|2023-07-09 12:02:13.136462|[EVENT][SUB][doLoop]event sub tasks report,working event sub count=0,suspend event sub count=0
info|2023-07-09 12:02:13.166474|[SDK][WS][SERVICE]connected nodes,count=2
info|2023-07-09 12:02:33.137015|[EVENT][SUB][doLoop]event sub tasks report,working event sub count=0,suspend event sub count=0
info|2023-07-09 12:02:33.185943|[SDK][WS][SERVICE]connected nodes,count=2
info|2023-07-09 12:02:53.137772|[EVENT][SUB][doLoop]event sub tasks report,working event sub count=0,suspend event sub count=0
info|2023-07-09 12:02:53.186539|[SDK][WS][SERVICE]connected nodes,count=2
info|2023-07-09 12:03:13.138328|[EVENT][SUB][doLoop]event sub tasks report,working event sub count=0,suspend event sub count=0
info|2023-07-09 12:03:13.186809|[SDK][WS][SERVICE]connected nodes,count=2
info|2023-07-09 12:03:33.138351|[EVENT][SUB][doLoop]event sub tasks report,working event sub count=0,suspend event sub count=0
info|2023-07-09 12:03:33.190552|[SDK][WS][SERVICE]connected nodes,count=2
info|2023-07-09 12:03:53.138568|[EVENT][SUB][doLoop]event sub tasks report,working event sub count=0,suspend event sub count=0
info|2023-07-09 12:03:53.191069|[SDK][WS][SERVICE]connected nodes,count=2
info|2023-07-09 12:04:13.138767|[EVENT][SUB][doLoop]event sub tasks report,working event sub count=0,suspend event sub count=0
info|2023-07-09 12:04:13.191423|[SDK][WS][SERVICE]connected nodes,count=2
info|2023-07-09 12:04:33.139148|[EVENT][SUB][doLoop]event sub tasks report,working event sub count=0,suspend event sub count=0
info|2023-07-09 12:04:33.192056|[SDK][WS][SERVICE]connected nodes,count=2
info|2023-07-09 12:04:53.139694|[EVENT][SUB][doLoop]event sub tasks report,working event sub count=0,suspend event sub count=0
info|2023-07-09 12:04:53.192595|[SDK][WS][SERVICE]connected nodes,count=2
info|2023-07-09 12:05:13.139782|[EVENT][SUB][doLoop]event sub tasks report,working event sub count=0,suspend event sub count=0
info|2023-07-09 12:05:13.208770|[SDK][WS][SERVICE]connected nodes,count=2
info|2023-07-09 12:05:33.140369|[EVENT][SUB][doLoop]event sub tasks report,working event sub count=0,suspend event sub count=0
info|2023-07-09 12:05:33.209049|[SDK][WS][SERVICE]connected nodes,count=2
info|2023-07-09 12:05:53.140709|[EVENT][SUB][doLoop]event sub tasks report,working event sub count=0,suspend event sub count=0
info|2023-07-09 12:05:53.209629|[SDK][WS][SERVICE]connected nodes,count=2
info|2023-07-09 12:06:13.147501|[EVENT][SUB][doLoop]event sub tasks report,working event sub count=0,suspend event sub count=0
info|2023-07-09 12:06:13.212089|[SDK][WS][SERVICE]connected nodes,count=2
info|2023-07-09 12:06:33.148120|[EVENT][SUB][doLoop]event sub tasks report,working event sub count=0,suspend event sub count=0
info|2023-07-09 12:06:33.213627|[SDK][WS][SERVICE]connected nodes,count=2
info|2023-07-09 12:06:53.148622|[EVENT][SUB][doLoop]event sub tasks report,working event sub count=0,suspend event sub count=0
info|2023-07-09 12:06:53.214295|[SDK][WS][SERVICE]connected nodes,count=2
info|2023-07-09 12:07:13.149109|[EVENT][SUB][doLoop]event sub tasks report,working event sub count=0,suspend event sub count=0
info|2023-07-09 12:07:13.214815|[SDK][WS][SERVICE]connected nodes,count=2
info|2023-07-09 12:07:33.149467|[EVENT][SUB][doLoop]event sub tasks report,working event sub count=0,suspend event sub count=0
info|2023-07-09 12:07:33.215205|[SDK][WS][SERVICE]connected nodes,count=2
info|2023-07-09 12:07:53.149571|[EVENT][SUB][doLoop]event sub tasks report,working event sub count=0,suspend event sub count=0
info|2023-07-09 12:07:53.215446|[SDK][WS][SERVICE]connected nodes,count=2
info|2023-07-09 12:08:13.149936|[EVENT][SUB][doLoop]event sub tasks report,working event sub count=0,suspend event sub count=0
info|2023-07-09 12:08:13.215811|[SDK][WS][SERVICE]connected nodes,count=2
info|2023-07-09 12:08:33.150085|[EVENT][SUB][doLoop]event sub tasks report,working event sub count=0,suspend event sub count=0
info|2023-07-09 12:08:33.215938|[SDK][WS][SERVICE]connected nodes,count=2
info|2023-07-09 12:08:53.150188|[EVENT][SUB][doLoop]event sub tasks report,working event sub count=0,suspend event sub count=0
info|2023-07-09 12:08:53.216460|[SDK][WS][SERVICE]connected nodes,count=2
info|2023-07-09 12:09:13.150496|[EVENT][SUB][doLoop]event sub tasks report,working event sub count=0,suspend event sub count=0
info|2023-07-09 12:09:13.217024|[SDK][WS][SERVICE]connected nodes,count=2
info|2023-07-09 12:09:33.150944|[EVENT][SUB][doLoop]event sub tasks report,working event sub count=0,suspend event sub count=0
info|2023-07-09 12:09:33.218364|[SDK][WS][SERVICE]connected nodes,count=2
info|2023-07-09 12:09:53.151150|[EVENT][SUB][doLoop]event sub tasks report,working event sub count=0,suspend event sub count=0
info|2023-07-09 12:09:53.219061|[SDK][WS][SERVICE]connected nodes,count=2
info|2023-07-09 12:10:13.178161|[EVENT][SUB][doLoop]event sub tasks report,working event sub count=0,suspend event sub count=0
info|2023-07-09 12:10:13.219574|[SDK][WS][SERVICE]connected nodes,count=2
info|2023-07-09 12:10:33.178223|[EVENT][SUB][doLoop]event sub tasks report,working event sub count=0,suspend event sub count=0
info|2023-07-09 12:10:33.219830|[SDK][WS][SERVICE]connected nodes,count=2
info|2023-07-09 12:10:53.178352|[EVENT][SUB][doLoop]event sub tasks report,working event sub count=0,suspend event sub count=0
info|2023-07-09 12:10:53.220200|[SDK][WS][SERVICE]connected nodes,count=2
info|2023-07-09 12:11:13.178641|[EVENT][SUB][doLoop]event sub tasks report,working event sub count=0,suspend event sub count=0
info|2023-07-09 12:11:13.220303|[SDK][WS][SERVICE]connected nodes,count=2
info|2023-07-09 12:11:33.178960|[EVENT][SUB][doLoop]event sub tasks report,working event sub count=0,suspend event sub count=0
info|2023-07-09 12:11:33.220580|[SDK][WS][SERVICE]connected nodes,count=2
info|2023-07-09 12:11:53.179230|[EVENT][SUB][doLoop]event sub tasks report,working event sub count=0,suspend event sub count=0
info|2023-07-09 12:11:53.221063|[SDK][WS][SERVICE]connected nodes,count=2
info|2023-07-09 12:12:13.180335|[EVENT][SUB][doLoop]event sub tasks report,working event sub count=0,suspend event sub count=0
info|2023-07-09 12:12:13.222251|[SDK][WS][SERVICE]connected nodes,count=2
info|2023-07-09 12:12:33.183135|[EVENT][SUB][doLoop]event sub tasks report,working event sub count=0,suspend event sub count=0
info|2023-07-09 12:12:33.222560|[SDK][WS][SERVICE]connected nodes,count=2
info|2023-07-09 12:12:53.183321|[EVENT][SUB][doLoop]event sub tasks report,working event sub count=0,suspend event sub count=0
info|2023-07-09 12:12:53.223226|[SDK][WS][SERVICE]connected nodes,count=2
info|2023-07-09 12:13:13.183522|[EVENT][SUB][doLoop]event sub tasks report,working event sub count=0,suspend event sub count=0
info|2023-07-09 12:13:13.223506|[SDK][WS][SERVICE]connected nodes,count=2
info|2023-07-09 12:13:33.183566|[EVENT][SUB][doLoop]event sub tasks report,working event sub count=0,suspend event sub count=0
info|2023-07-09 12:13:33.223726|[SDK][WS][SERVICE]connected nodes,count=2
info|2023-07-09 12:13:53.183637|[EVENT][SUB][doLoop]event sub tasks report,working event sub count=0,suspend event sub count=0
info|2023-07-09 12:13:53.223852|[SDK][WS][SERVICE]connected nodes,count=2
info|2023-07-09 12:14:13.184005|[EVENT][SUB][doLoop]event sub tasks report,working event sub count=0,suspend event sub count=0
info|2023-07-09 12:14:13.224032|[SDK][WS][SERVICE]connected nodes,count=2
info|2023-07-09 12:14:33.184308|[EVENT][SUB][doLoop]event sub tasks report,working event sub count=0,suspend event sub count=0
info|2023-07-09 12:14:33.224297|[SDK][WS][SERVICE]connected nodes,count=2
info|2023-07-09 12:14:53.184893|[EVENT][SUB][doLoop]event sub tasks report,working event sub count=0,suspend event sub count=0
info|2023-07-09 12:14:53.224769|[SDK][WS][SERVICE]connected nodes,count=2
info|2023-07-09 12:15:13.185456|[EVENT][SUB][doLoop]event sub tasks report,working event sub count=0,suspend event sub count=0
info|2023-07-09 12:15:13.225008|[SDK][WS][SERVICE]connected nodes,count=2
info|2023-07-09 12:15:33.185736|[EVENT][SUB][doLoop]event sub tasks report,working event sub count=0,suspend event sub count=0
info|2023-07-09 12:15:33.229561|[SDK][WS][SERVICE]connected nodes,count=2
info|2023-07-09 12:15:53.185905|[EVENT][SUB][doLoop]event sub tasks report,working event sub count=0,suspend event sub count=0
info|2023-07-09 12:15:53.231205|[SDK][WS][SERVICE]connected nodes,count=2
info|2023-07-09 12:16:13.186323|[EVENT][SUB][doLoop]event sub tasks report,working event sub count=0,suspend event sub count=0
info|2023-07-09 12:16:13.231521|[SDK][WS][SERVICE]connected nodes,count=2
info|2023-07-09 12:16:33.189107|[EVENT][SUB][doLoop]event sub tasks report,working event sub count=0,suspend event sub count=0
info|2023-07-09 12:16:33.232433|[SDK][WS][SERVICE]connected nodes,count=2
info|2023-07-09 12:16:53.189542|[EVENT][SUB][doLoop]event sub tasks report,working event sub count=0,suspend event sub count=0
info|2023-07-09 12:16:53.233121|[SDK][WS][SERVICE]connected nodes,count=2
info|2023-07-09 12:17:13.189876|[EVENT][SUB][doLoop]event sub tasks report,working event sub count=0,suspend event sub count=0
info|2023-07-09 12:17:13.233731|[SDK][WS][SERVICE]connected nodes,count=2
info|2023-07-09 12:17:33.190015|[EVENT][SUB][doLoop]event sub tasks report,working event sub count=0,suspend event sub count=0
info|2023-07-09 12:17:33.234060|[SDK][WS][SERVICE]connected nodes,count=2
info|2023-07-09 12:17:53.190130|[EVENT][SUB][doLoop]event sub tasks report,working event sub count=0,suspend event sub count=0
info|2023-07-09 12:17:53.234296|[SDK][WS][SERVICE]connected nodes,count=2
info|2023-07-09 12:18:13.190940|[EVENT][SUB][doLoop]event sub tasks report,working event sub count=0,suspend event sub count=0
info|2023-07-09 12:18:13.235055|[SDK][WS][SERVICE]connected nodes,count=2
info|2023-07-09 12:18:33.191077|[EVENT][SUB][doLoop]event sub tasks report,working event sub count=0,suspend event sub count=0
info|2023-07-09 12:18:33.236413|[SDK][WS][SERVICE]connected nodes,count=2
info|2023-07-09 12:18:53.191691|[EVENT][SUB][doLoop]event sub tasks report,working event sub count=0,suspend event sub count=0
info|2023-07-09 12:18:53.237042|[SDK][WS][SERVICE]connected nodes,count=2
info|2023-07-09 12:19:13.191802|[EVENT][SUB][doLoop]event sub tasks report,working event sub count=0,suspend event sub count=0
info|2023-07-09 12:19:13.237729|[SDK][WS][SERVICE]connected nodes,count=2
info|2023-07-09 12:19:33.191988|[EVENT][SUB][doLoop]event sub tasks report,working event sub count=0,suspend event sub count=0
info|2023-07-09 12:19:33.238036|[SDK][WS][SERVICE]connected nodes,count=2
info|2023-07-09 12:19:53.193026|[EVENT][SUB][doLoop]event sub tasks report,working event sub count=0,suspend event sub count=0
info|2023-07-09 12:19:53.238296|[SDK][WS][SERVICE]connected nodes,count=2
info|2023-07-09 12:20:13.193429|[EVENT][SUB][doLoop]event sub tasks report,working event sub count=0,suspend event sub count=0
info|2023-07-09 12:20:13.238681|[SDK][WS][SERVICE]connected nodes,count=2
info|2023-07-09 12:20:33.193704|[EVENT][SUB][doLoop]event sub tasks report,working event sub count=0,suspend event sub count=0
info|2023-07-09 12:20:33.240944|[SDK][WS][SERVICE]connected nodes,count=2
info|2023-07-09 12:20:53.194012|[EVENT][SUB][doLoop]event sub tasks report,working event sub count=0,suspend event sub count=0
info|2023-07-09 12:20:53.241463|[SDK][WS][SERVICE]connected nodes,count=2
info|2023-07-09 12:21:13.194182|[EVENT][SUB][doLoop]event sub tasks report,working event sub count=0,suspend event sub count=0
info|2023-07-09 12:21:13.241741|[SDK][WS][SERVICE]connected nodes,count=2
info|2023-07-09 12:21:33.194792|[EVENT][SUB][doLoop]event sub tasks report,working event sub count=0,suspend event sub count=0
info|2023-07-09 12:21:33.241949|[SDK][WS][SERVICE]connected nodes,count=2
info|2023-07-09 12:21:53.194998|[EVENT][SUB][doLoop]event sub tasks report,working event sub count=0,suspend event sub count=0
info|2023-07-09 12:21:53.242831|[SDK][WS][SERVICE]connected nodes,count=2
info|2023-07-09 12:22:13.195528|[EVENT][SUB][doLoop]event sub tasks report,working event sub count=0,suspend event sub count=0
info|2023-07-09 12:22:13.243110|[SDK][WS][SERVICE]connected nodes,count=2
info|2023-07-09 12:22:33.195823|[EVENT][SUB][doLoop]event sub tasks report,working event sub count=0,suspend event sub count=0
info|2023-07-09 12:22:33.243398|[SDK][WS][SERVICE]connected nodes,count=2
info|2023-07-09 12:22:53.196615|[EVENT][SUB][doLoop]event sub tasks report,working event sub count=0,suspend event sub count=0
info|2023-07-09 12:22:53.243503|[SDK][WS][SERVICE]connected nodes,count=2
info|2023-07-09 12:23:13.196692|[EVENT][SUB][doLoop]event sub tasks report,working event sub count=0,suspend event sub count=0
info|2023-07-09 12:23:13.243920|[SDK][WS][SERVICE]connected nodes,count=2
info|2023-07-09 12:23:33.196964|[EVENT][SUB][doLoop]event sub tasks report,working event sub count=0,suspend event sub count=0
info|2023-07-09 12:23:33.244406|[SDK][WS][SERVICE]connected nodes,count=2
info|2023-07-09 12:23:53.197096|[EVENT][SUB][doLoop]event sub tasks report,working event sub count=0,suspend event sub count=0
info|2023-07-09 12:23:53.244772|[SDK][WS][SERVICE]connected nodes,count=2
info|2023-07-09 12:24:13.197603|[EVENT][SUB][doLoop]event sub tasks report,working event sub count=0,suspend event sub count=0
info|2023-07-09 12:24:13.245158|[SDK][WS][SERVICE]connected nodes,count=2
info|2023-07-09 12:24:33.197679|[EVENT][SUB][doLoop]event sub tasks report,working event sub count=0,suspend event sub count=0
info|2023-07-09 12:24:33.245359|[SDK][WS][SERVICE]connected nodes,count=2
info|2023-07-09 12:24:53.197938|[EVENT][SUB][doLoop]event sub tasks report,working event sub count=0,suspend event sub count=0
info|2023-07-09 12:24:53.245849|[SDK][WS][SERVICE]connected nodes,count=2
info|2023-07-09 12:25:13.198010|[EVENT][SUB][doLoop]event sub tasks report,working event sub count=0,suspend event sub count=0
info|2023-07-09 12:25:13.246337|[SDK][WS][SERVICE]connected nodes,count=2
info|2023-07-09 12:25:33.198041|[EVENT][SUB][doLoop]event sub tasks report,working event sub count=0,suspend event sub count=0
info|2023-07-09 12:25:33.247077|[SDK][WS][SERVICE]connected nodes,count=2
info|2023-07-09 12:25:53.198367|[EVENT][SUB][doLoop]event sub tasks report,working event sub count=0,suspend event sub count=0
info|2023-07-09 12:25:53.247429|[SDK][WS][SERVICE]connected nodes,count=2
info|2023-07-09 12:26:13.199049|[EVENT][SUB][doLoop]event sub tasks report,working event sub count=0,suspend event sub count=0
info|2023-07-09 12:26:13.248157|[SDK][WS][SERVICE]connected nodes,count=2
info|2023-07-09 12:26:33.199295|[EVENT][SUB][doLoop]event sub tasks report,working event sub count=0,suspend event sub count=0
info|2023-07-09 12:26:33.248361|[SDK][WS][SERVICE]connected nodes,count=2
info|2023-07-09 12:26:53.199797|[EVENT][SUB][doLoop]event sub tasks report,working event sub count=0,suspend event sub count=0
info|2023-07-09 12:26:53.248904|[SDK][WS][SERVICE]connected nodes,count=2
info|2023-07-09 12:27:13.199924|[EVENT][SUB][doLoop]event sub tasks report,working event sub count=0,suspend event sub count=0
info|2023-07-09 12:27:13.249218|[SDK][WS][SERVICE]connected nodes,count=2
info|2023-07-09 12:27:13.864991|[RPC][BLOCK][NUMBER][fromJson],group=group0,node=98a7f70ec883a722219d92253cf073a72605f4087aa3443c8e4aadc0af2dc3ac647d0fa1b5ac99cd6987abafe6d690ae71cd5fd2aeeabe7589bfb4748aabdfba,blockNumber=2767
info|2023-07-09 12:27:13.865035|[RPCWS][SERVICE][onRecvBlockNotifier]receive block number notifier,group=group0,node=98a7f70ec883a722219d92253cf073a72605f4087aa3443c8e4aadc0af2dc3ac647d0fa1b5ac99cd6987abafe6d690ae71cd5fd2aeeabe7589bfb4748aabdfba,blockNumber=2767
info|2023-07-09 12:27:13.865041|[RPCWS][SERVICE][updateGroupBlockNumber],groupID=group0,_blockNumber=2767
info|2023-07-09 12:27:13.865046|[RPCWS][SERVICE][onRecvBlockNotifier]block notifier callback,group=group0,node=98a7f70ec883a722219d92253cf073a72605f4087aa3443c8e4aadc0af2dc3ac647d0fa1b5ac99cd6987abafe6d690ae71cd5fd2aeeabe7589bfb4748aabdfba,blockNumber=2767
info|2023-07-09 12:27:13.865070|[WS]receive block notify,endpoint=127.0.0.1:20200,blk={
	"blockNumber" : 2767,
	"group" : "group0",
	"nodeName" : "98a7f70ec883a722219d92253cf073a72605f4087aa3443c8e4aadc0af2dc3ac647d0fa1b5ac99cd6987abafe6d690ae71cd5fd2aeeabe7589bfb4748aabdfba"
}
info|2023-07-09 12:27:13.971591|[RPC][BLOCK][NUMBER][fromJson],group=group0,node=2f993327933ad58672518b6d4f63920cbc68b80f78f4d81192552ee6362f5cc81ee13bdc678ad65f06e76444cadb53b33694cfb3fc7679b8000411975fedd28a,blockNumber=2767
info|2023-07-09 12:27:13.971611|[RPCWS][SERVICE][onRecvBlockNotifier]receive block number notifier,group=group0,node=2f993327933ad58672518b6d4f63920cbc68b80f78f4d81192552ee6362f5cc81ee13bdc678ad65f06e76444cadb53b33694cfb3fc7679b8000411975fedd28a,blockNumber=2767
info|2023-07-09 12:27:13.971617|[WS]receive block notify,endpoint=127.0.0.1:20201,blk={
	"blockNumber" : 2767,
	"group" : "group0",
	"nodeName" : "2f993327933ad58672518b6d4f63920cbc68b80f78f4d81192552ee6362f5cc81ee13bdc678ad65f06e76444cadb53b33694cfb3fc7679b8000411975fedd28a"
}
info|2023-07-09 12:27:14.457611|[RPC][BLOCK][NUMBER][fromJson],group=group0,node=98a7f70ec883a722219d92253cf073a72605f4087aa3443c8e4aadc0af2dc3ac647d0fa1b5ac99cd6987abafe6d690ae71cd5fd2aeeabe7589bfb4748aabdfba,blockNumber=2768
info|2023-07-09 12:27:14.457632|[RPCWS][SERVICE][onRecvBlockNotifier]receive block number notifier,group=group0,node=98a7f70ec883a722219d92253cf073a72605f4087aa3443c8e4aadc0af2dc3ac647d0fa1b5ac99cd6987abafe6d690ae71cd5fd2aeeabe7589bfb4748aabdfba,blockNumber=2768
info|2023-07-09 12:27:14.457636|[RPCWS][SERVICE][updateGroupBlockNumber],groupID=group0,_blockNumber=2768
info|2023-07-09 12:27:14.457641|[RPCWS][SERVICE][onRecvBlockNotifier]block notifier callback,group=group0,node=98a7f70ec883a722219d92253cf073a72605f4087aa3443c8e4aadc0af2dc3ac647d0fa1b5ac99cd6987abafe6d690ae71cd5fd2aeeabe7589bfb4748aabdfba,blockNumber=2768
info|2023-07-09 12:27:14.457664|[WS]receive block notify,endpoint=127.0.0.1:20200,blk={
	"blockNumber" : 2768,
	"group" : "group0",
	"nodeName" : "98a7f70ec883a722219d92253cf073a72605f4087aa3443c8e4aadc0af2dc3ac647d0fa1b5ac99cd6987abafe6d690ae71cd5fd2aeeabe7589bfb4748aabdfba"
}
info|2023-07-09 12:27:14.495902|[RPC][BLOCK][NUMBER][fromJson],group=group0,node=2f993327933ad58672518b6d4f63920cbc68b80f78f4d81192552ee6362f5cc81ee13bdc678ad65f06e76444cadb53b33694cfb3fc7679b8000411975fedd28a,blockNumber=2768
info|2023-07-09 12:27:14.495923|[RPCWS][SERVICE][onRecvBlockNotifier]receive block number notifier,group=group0,node=2f993327933ad58672518b6d4f63920cbc68b80f78f4d81192552ee6362f5cc81ee13bdc678ad65f06e76444cadb53b33694cfb3fc7679b8000411975fedd28a,blockNumber=2768
info|2023-07-09 12:27:14.495930|[WS]receive block notify,endpoint=127.0.0.1:20201,blk={
	"blockNumber" : 2768,
	"group" : "group0",
	"nodeName" : "2f993327933ad58672518b6d4f63920cbc68b80f78f4d81192552ee6362f5cc81ee13bdc678ad65f06e76444cadb53b33694cfb3fc7679b8000411975fedd28a"
}
info|2023-07-09 12:27:15.004513|[RPC][BLOCK][NUMBER][fromJson],group=group0,node=98a7f70ec883a722219d92253cf073a72605f4087aa3443c8e4aadc0af2dc3ac647d0fa1b5ac99cd6987abafe6d690ae71cd5fd2aeeabe7589bfb4748aabdfba,blockNumber=2769
info|2023-07-09 12:27:15.004532|[RPCWS][SERVICE][onRecvBlockNotifier]receive block number notifier,group=group0,node=98a7f70ec883a722219d92253cf073a72605f4087aa3443c8e4aadc0af2dc3ac647d0fa1b5ac99cd6987abafe6d690ae71cd5fd2aeeabe7589bfb4748aabdfba,blockNumber=2769
info|2023-07-09 12:27:15.004537|[RPCWS][SERVICE][updateGroupBlockNumber],groupID=group0,_blockNumber=2769
info|2023-07-09 12:27:15.004542|[RPCWS][SERVICE][onRecvBlockNotifier]block notifier callback,group=group0,node=98a7f70ec883a722219d92253cf073a72605f4087aa3443c8e4aadc0af2dc3ac647d0fa1b5ac99cd6987abafe6d690ae71cd5fd2aeeabe7589bfb4748aabdfba,blockNumber=2769
info|2023-07-09 12:27:15.004545|[WS]receive block notify,endpoint=127.0.0.1:20200,blk={
	"blockNumber" : 2769,
	"group" : "group0",
	"nodeName" : "98a7f70ec883a722219d92253cf073a72605f4087aa3443c8e4aadc0af2dc3ac647d0fa1b5ac99cd6987abafe6d690ae71cd5fd2aeeabe7589bfb4748aabdfba"
}
info|2023-07-09 12:27:15.020222|[RPC][BLOCK][NUMBER][fromJson],group=group0,node=2f993327933ad58672518b6d4f63920cbc68b80f78f4d81192552ee6362f5cc81ee13bdc678ad65f06e76444cadb53b33694cfb3fc7679b8000411975fedd28a,blockNumber=2769
info|2023-07-09 12:27:15.020247|[RPCWS][SERVICE][onRecvBlockNotifier]receive block number notifier,group=group0,node=2f993327933ad58672518b6d4f63920cbc68b80f78f4d81192552ee6362f5cc81ee13bdc678ad65f06e76444cadb53b33694cfb3fc7679b8000411975fedd28a,blockNumber=2769
info|2023-07-09 12:27:15.020254|[WS]receive block notify,endpoint=127.0.0.1:20201,blk={
	"blockNumber" : 2769,
	"group" : "group0",
	"nodeName" : "2f993327933ad58672518b6d4f63920cbc68b80f78f4d81192552ee6362f5cc81ee13bdc678ad65f06e76444cadb53b33694cfb3fc7679b8000411975fedd28a"
}
info|2023-07-09 12:27:15.567332|[RPC][BLOCK][NUMBER][fromJson],group=group0,node=98a7f70ec883a722219d92253cf073a72605f4087aa3443c8e4aadc0af2dc3ac647d0fa1b5ac99cd6987abafe6d690ae71cd5fd2aeeabe7589bfb4748aabdfba,blockNumber=2770
info|2023-07-09 12:27:15.567352|[RPCWS][SERVICE][onRecvBlockNotifier]receive block number notifier,group=group0,node=98a7f70ec883a722219d92253cf073a72605f4087aa3443c8e4aadc0af2dc3ac647d0fa1b5ac99cd6987abafe6d690ae71cd5fd2aeeabe7589bfb4748aabdfba,blockNumber=2770
info|2023-07-09 12:27:15.567357|[RPCWS][SERVICE][updateGroupBlockNumber],groupID=group0,_blockNumber=2770
info|2023-07-09 12:27:15.567361|[RPCWS][SERVICE][onRecvBlockNotifier]block notifier callback,group=group0,node=98a7f70ec883a722219d92253cf073a72605f4087aa3443c8e4aadc0af2dc3ac647d0fa1b5ac99cd6987abafe6d690ae71cd5fd2aeeabe7589bfb4748aabdfba,blockNumber=2770
info|2023-07-09 12:27:15.567365|[WS]receive block notify,endpoint=127.0.0.1:20200,blk={
	"blockNumber" : 2770,
	"group" : "group0",
	"nodeName" : "98a7f70ec883a722219d92253cf073a72605f4087aa3443c8e4aadc0af2dc3ac647d0fa1b5ac99cd6987abafe6d690ae71cd5fd2aeeabe7589bfb4748aabdfba"
}
info|2023-07-09 12:27:15.656486|[RPC][BLOCK][NUMBER][fromJson],group=group0,node=2f993327933ad58672518b6d4f63920cbc68b80f78f4d81192552ee6362f5cc81ee13bdc678ad65f06e76444cadb53b33694cfb3fc7679b8000411975fedd28a,blockNumber=2770
info|2023-07-09 12:27:15.656509|[RPCWS][SERVICE][onRecvBlockNotifier]receive block number notifier,group=group0,node=2f993327933ad58672518b6d4f63920cbc68b80f78f4d81192552ee6362f5cc81ee13bdc678ad65f06e76444cadb53b33694cfb3fc7679b8000411975fedd28a,blockNumber=2770
info|2023-07-09 12:27:15.656515|[WS]receive block notify,endpoint=127.0.0.1:20201,blk={
	"blockNumber" : 2770,
	"group" : "group0",
	"nodeName" : "2f993327933ad58672518b6d4f63920cbc68b80f78f4d81192552ee6362f5cc81ee13bdc678ad65f06e76444cadb53b33694cfb3fc7679b8000411975fedd28a"
}
info|2023-07-09 12:27:16.121997|[RPC][BLOCK][NUMBER][fromJson],group=group0,node=98a7f70ec883a722219d92253cf073a72605f4087aa3443c8e4aadc0af2dc3ac647d0fa1b5ac99cd6987abafe6d690ae71cd5fd2aeeabe7589bfb4748aabdfba,blockNumber=2771
info|2023-07-09 12:27:16.122039|[RPCWS][SERVICE][onRecvBlockNotifier]receive block number notifier,group=group0,node=98a7f70ec883a722219d92253cf073a72605f4087aa3443c8e4aadc0af2dc3ac647d0fa1b5ac99cd6987abafe6d690ae71cd5fd2aeeabe7589bfb4748aabdfba,blockNumber=2771
info|2023-07-09 12:27:16.122045|[RPCWS][SERVICE][updateGroupBlockNumber],groupID=group0,_blockNumber=2771
info|2023-07-09 12:27:16.122050|[RPCWS][SERVICE][onRecvBlockNotifier]block notifier callback,group=group0,node=98a7f70ec883a722219d92253cf073a72605f4087aa3443c8e4aadc0af2dc3ac647d0fa1b5ac99cd6987abafe6d690ae71cd5fd2aeeabe7589bfb4748aabdfba,blockNumber=2771
info|2023-07-09 12:27:16.122053|[WS]receive block notify,endpoint=127.0.0.1:20200,blk={
	"blockNumber" : 2771,
	"group" : "group0",
	"nodeName" : "98a7f70ec883a722219d92253cf073a72605f4087aa3443c8e4aadc0af2dc3ac647d0fa1b5ac99cd6987abafe6d690ae71cd5fd2aeeabe7589bfb4748aabdfba"
}
info|2023-07-09 12:27:16.159662|[RPC][BLOCK][NUMBER][fromJson],group=group0,node=2f993327933ad58672518b6d4f63920cbc68b80f78f4d81192552ee6362f5cc81ee13bdc678ad65f06e76444cadb53b33694cfb3fc7679b8000411975fedd28a,blockNumber=2771
info|2023-07-09 12:27:16.159682|[RPCWS][SERVICE][onRecvBlockNotifier]receive block number notifier,group=group0,node=2f993327933ad58672518b6d4f63920cbc68b80f78f4d81192552ee6362f5cc81ee13bdc678ad65f06e76444cadb53b33694cfb3fc7679b8000411975fedd28a,blockNumber=2771
info|2023-07-09 12:27:16.159688|[WS]receive block notify,endpoint=127.0.0.1:20201,blk={
	"blockNumber" : 2771,
	"group" : "group0",
	"nodeName" : "2f993327933ad58672518b6d4f63920cbc68b80f78f4d81192552ee6362f5cc81ee13bdc678ad65f06e76444cadb53b33694cfb3fc7679b8000411975fedd28a"
}
info|2023-07-09 12:27:16.702441|[RPC][BLOCK][NUMBER][fromJson],group=group0,node=98a7f70ec883a722219d92253cf073a72605f4087aa3443c8e4aadc0af2dc3ac647d0fa1b5ac99cd6987abafe6d690ae71cd5fd2aeeabe7589bfb4748aabdfba,blockNumber=2772
info|2023-07-09 12:27:16.702465|[RPCWS][SERVICE][onRecvBlockNotifier]receive block number notifier,group=group0,node=98a7f70ec883a722219d92253cf073a72605f4087aa3443c8e4aadc0af2dc3ac647d0fa1b5ac99cd6987abafe6d690ae71cd5fd2aeeabe7589bfb4748aabdfba,blockNumber=2772
info|2023-07-09 12:27:16.702470|[RPCWS][SERVICE][updateGroupBlockNumber],groupID=group0,_blockNumber=2772
info|2023-07-09 12:27:16.702474|[RPCWS][SERVICE][onRecvBlockNotifier]block notifier callback,group=group0,node=98a7f70ec883a722219d92253cf073a72605f4087aa3443c8e4aadc0af2dc3ac647d0fa1b5ac99cd6987abafe6d690ae71cd5fd2aeeabe7589bfb4748aabdfba,blockNumber=2772
info|2023-07-09 12:27:16.702478|[WS]receive block notify,endpoint=127.0.0.1:20200,blk={
	"blockNumber" : 2772,
	"group" : "group0",
	"nodeName" : "98a7f70ec883a722219d92253cf073a72605f4087aa3443c8e4aadc0af2dc3ac647d0fa1b5ac99cd6987abafe6d690ae71cd5fd2aeeabe7589bfb4748aabdfba"
}
info|2023-07-09 12:27:16.711023|[RPC][BLOCK][NUMBER][fromJson],group=group0,node=2f993327933ad58672518b6d4f63920cbc68b80f78f4d81192552ee6362f5cc81ee13bdc678ad65f06e76444cadb53b33694cfb3fc7679b8000411975fedd28a,blockNumber=2772
info|2023-07-09 12:27:16.711043|[RPCWS][SERVICE][onRecvBlockNotifier]receive block number notifier,group=group0,node=2f993327933ad58672518b6d4f63920cbc68b80f78f4d81192552ee6362f5cc81ee13bdc678ad65f06e76444cadb53b33694cfb3fc7679b8000411975fedd28a,blockNumber=2772
info|2023-07-09 12:27:16.711050|[WS]receive block notify,endpoint=127.0.0.1:20201,blk={
	"blockNumber" : 2772,
	"group" : "group0",
	"nodeName" : "2f993327933ad58672518b6d4f63920cbc68b80f78f4d81192552ee6362f5cc81ee13bdc678ad65f06e76444cadb53b33694cfb3fc7679b8000411975fedd28a"
}
info|2023-07-09 12:27:17.179750|[RPC][BLOCK][NUMBER][fromJson],group=group0,node=98a7f70ec883a722219d92253cf073a72605f4087aa3443c8e4aadc0af2dc3ac647d0fa1b5ac99cd6987abafe6d690ae71cd5fd2aeeabe7589bfb4748aabdfba,blockNumber=2773
info|2023-07-09 12:27:17.179769|[RPCWS][SERVICE][onRecvBlockNotifier]receive block number notifier,group=group0,node=98a7f70ec883a722219d92253cf073a72605f4087aa3443c8e4aadc0af2dc3ac647d0fa1b5ac99cd6987abafe6d690ae71cd5fd2aeeabe7589bfb4748aabdfba,blockNumber=2773
info|2023-07-09 12:27:17.179774|[RPCWS][SERVICE][updateGroupBlockNumber],groupID=group0,_blockNumber=2773
info|2023-07-09 12:27:17.179778|[RPCWS][SERVICE][onRecvBlockNotifier]block notifier callback,group=group0,node=98a7f70ec883a722219d92253cf073a72605f4087aa3443c8e4aadc0af2dc3ac647d0fa1b5ac99cd6987abafe6d690ae71cd5fd2aeeabe7589bfb4748aabdfba,blockNumber=2773
info|2023-07-09 12:27:17.179782|[WS]receive block notify,endpoint=127.0.0.1:20200,blk={
	"blockNumber" : 2773,
	"group" : "group0",
	"nodeName" : "98a7f70ec883a722219d92253cf073a72605f4087aa3443c8e4aadc0af2dc3ac647d0fa1b5ac99cd6987abafe6d690ae71cd5fd2aeeabe7589bfb4748aabdfba"
}
info|2023-07-09 12:27:17.276804|[RPC][BLOCK][NUMBER][fromJson],group=group0,node=2f993327933ad58672518b6d4f63920cbc68b80f78f4d81192552ee6362f5cc81ee13bdc678ad65f06e76444cadb53b33694cfb3fc7679b8000411975fedd28a,blockNumber=2773
info|2023-07-09 12:27:17.276826|[RPCWS][SERVICE][onRecvBlockNotifier]receive block number notifier,group=group0,node=2f993327933ad58672518b6d4f63920cbc68b80f78f4d81192552ee6362f5cc81ee13bdc678ad65f06e76444cadb53b33694cfb3fc7679b8000411975fedd28a,blockNumber=2773
info|2023-07-09 12:27:17.276833|[WS]receive block notify,endpoint=127.0.0.1:20201,blk={
	"blockNumber" : 2773,
	"group" : "group0",
	"nodeName" : "2f993327933ad58672518b6d4f63920cbc68b80f78f4d81192552ee6362f5cc81ee13bdc678ad65f06e76444cadb53b33694cfb3fc7679b8000411975fedd28a"
}
info|2023-07-09 12:27:17.879673|[RPC][BLOCK][NUMBER][fromJson],group=group0,node=98a7f70ec883a722219d92253cf073a72605f4087aa3443c8e4aadc0af2dc3ac647d0fa1b5ac99cd6987abafe6d690ae71cd5fd2aeeabe7589bfb4748aabdfba,blockNumber=2774
info|2023-07-09 12:27:17.879693|[RPCWS][SERVICE][onRecvBlockNotifier]receive block number notifier,group=group0,node=98a7f70ec883a722219d92253cf073a72605f4087aa3443c8e4aadc0af2dc3ac647d0fa1b5ac99cd6987abafe6d690ae71cd5fd2aeeabe7589bfb4748aabdfba,blockNumber=2774
info|2023-07-09 12:27:17.879698|[RPCWS][SERVICE][updateGroupBlockNumber],groupID=group0,_blockNumber=2774
info|2023-07-09 12:27:17.879703|[RPCWS][SERVICE][onRecvBlockNotifier]block notifier callback,group=group0,node=98a7f70ec883a722219d92253cf073a72605f4087aa3443c8e4aadc0af2dc3ac647d0fa1b5ac99cd6987abafe6d690ae71cd5fd2aeeabe7589bfb4748aabdfba,blockNumber=2774
info|2023-07-09 12:27:17.879706|[WS]receive block notify,endpoint=127.0.0.1:20200,blk={
	"blockNumber" : 2774,
	"group" : "group0",
	"nodeName" : "98a7f70ec883a722219d92253cf073a72605f4087aa3443c8e4aadc0af2dc3ac647d0fa1b5ac99cd6987abafe6d690ae71cd5fd2aeeabe7589bfb4748aabdfba"
}
info|2023-07-09 12:27:17.885787|[RPC][BLOCK][NUMBER][fromJson],group=group0,node=2f993327933ad58672518b6d4f63920cbc68b80f78f4d81192552ee6362f5cc81ee13bdc678ad65f06e76444cadb53b33694cfb3fc7679b8000411975fedd28a,blockNumber=2774
info|2023-07-09 12:27:17.885825|[RPCWS][SERVICE][onRecvBlockNotifier]receive block number notifier,group=group0,node=2f993327933ad58672518b6d4f63920cbc68b80f78f4d81192552ee6362f5cc81ee13bdc678ad65f06e76444cadb53b33694cfb3fc7679b8000411975fedd28a,blockNumber=2774
info|2023-07-09 12:27:17.885834|[WS]receive block notify,endpoint=127.0.0.1:20201,blk={
	"blockNumber" : 2774,
	"group" : "group0",
	"nodeName" : "2f993327933ad58672518b6d4f63920cbc68b80f78f4d81192552ee6362f5cc81ee13bdc678ad65f06e76444cadb53b33694cfb3fc7679b8000411975fedd28a"
}
info|2023-07-09 12:27:18.353597|[RPC][BLOCK][NUMBER][fromJson],group=group0,node=98a7f70ec883a722219d92253cf073a72605f4087aa3443c8e4aadc0af2dc3ac647d0fa1b5ac99cd6987abafe6d690ae71cd5fd2aeeabe7589bfb4748aabdfba,blockNumber=2775
info|2023-07-09 12:27:18.353616|[RPCWS][SERVICE][onRecvBlockNotifier]receive block number notifier,group=group0,node=98a7f70ec883a722219d92253cf073a72605f4087aa3443c8e4aadc0af2dc3ac647d0fa1b5ac99cd6987abafe6d690ae71cd5fd2aeeabe7589bfb4748aabdfba,blockNumber=2775
info|2023-07-09 12:27:18.353621|[RPCWS][SERVICE][updateGroupBlockNumber],groupID=group0,_blockNumber=2775
info|2023-07-09 12:27:18.353626|[RPCWS][SERVICE][onRecvBlockNotifier]block notifier callback,group=group0,node=98a7f70ec883a722219d92253cf073a72605f4087aa3443c8e4aadc0af2dc3ac647d0fa1b5ac99cd6987abafe6d690ae71cd5fd2aeeabe7589bfb4748aabdfba,blockNumber=2775
info|2023-07-09 12:27:18.353629|[WS]receive block notify,endpoint=127.0.0.1:20200,blk={
	"blockNumber" : 2775,
	"group" : "group0",
	"nodeName" : "98a7f70ec883a722219d92253cf073a72605f4087aa3443c8e4aadc0af2dc3ac647d0fa1b5ac99cd6987abafe6d690ae71cd5fd2aeeabe7589bfb4748aabdfba"
}
info|2023-07-09 12:27:18.462543|[RPC][BLOCK][NUMBER][fromJson],group=group0,node=2f993327933ad58672518b6d4f63920cbc68b80f78f4d81192552ee6362f5cc81ee13bdc678ad65f06e76444cadb53b33694cfb3fc7679b8000411975fedd28a,blockNumber=2775
info|2023-07-09 12:27:18.462563|[RPCWS][SERVICE][onRecvBlockNotifier]receive block number notifier,group=group0,node=2f993327933ad58672518b6d4f63920cbc68b80f78f4d81192552ee6362f5cc81ee13bdc678ad65f06e76444cadb53b33694cfb3fc7679b8000411975fedd28a,blockNumber=2775
info|2023-07-09 12:27:18.462569|[WS]receive block notify,endpoint=127.0.0.1:20201,blk={
	"blockNumber" : 2775,
	"group" : "group0",
	"nodeName" : "2f993327933ad58672518b6d4f63920cbc68b80f78f4d81192552ee6362f5cc81ee13bdc678ad65f06e76444cadb53b33694cfb3fc7679b8000411975fedd28a"
}
info|2023-07-09 12:27:18.940751|[RPC][BLOCK][NUMBER][fromJson],group=group0,node=2f993327933ad58672518b6d4f63920cbc68b80f78f4d81192552ee6362f5cc81ee13bdc678ad65f06e76444cadb53b33694cfb3fc7679b8000411975fedd28a,blockNumber=2776
info|2023-07-09 12:27:18.940771|[RPCWS][SERVICE][onRecvBlockNotifier]receive block number notifier,group=group0,node=2f993327933ad58672518b6d4f63920cbc68b80f78f4d81192552ee6362f5cc81ee13bdc678ad65f06e76444cadb53b33694cfb3fc7679b8000411975fedd28a,blockNumber=2776
info|2023-07-09 12:27:18.940776|[RPCWS][SERVICE][updateGroupBlockNumber],groupID=group0,_blockNumber=2776
info|2023-07-09 12:27:18.940781|[RPCWS][SERVICE][onRecvBlockNotifier]block notifier callback,group=group0,node=2f993327933ad58672518b6d4f63920cbc68b80f78f4d81192552ee6362f5cc81ee13bdc678ad65f06e76444cadb53b33694cfb3fc7679b8000411975fedd28a,blockNumber=2776
info|2023-07-09 12:27:18.940784|[WS]receive block notify,endpoint=127.0.0.1:20201,blk={
	"blockNumber" : 2776,
	"group" : "group0",
	"nodeName" : "2f993327933ad58672518b6d4f63920cbc68b80f78f4d81192552ee6362f5cc81ee13bdc678ad65f06e76444cadb53b33694cfb3fc7679b8000411975fedd28a"
}
info|2023-07-09 12:27:18.949615|[RPC][BLOCK][NUMBER][fromJson],group=group0,node=98a7f70ec883a722219d92253cf073a72605f4087aa3443c8e4aadc0af2dc3ac647d0fa1b5ac99cd6987abafe6d690ae71cd5fd2aeeabe7589bfb4748aabdfba,blockNumber=2776
info|2023-07-09 12:27:18.949635|[RPCWS][SERVICE][onRecvBlockNotifier]receive block number notifier,group=group0,node=98a7f70ec883a722219d92253cf073a72605f4087aa3443c8e4aadc0af2dc3ac647d0fa1b5ac99cd6987abafe6d690ae71cd5fd2aeeabe7589bfb4748aabdfba,blockNumber=2776
info|2023-07-09 12:27:18.949643|[WS]receive block notify,endpoint=127.0.0.1:20200,blk={
	"blockNumber" : 2776,
	"group" : "group0",
	"nodeName" : "98a7f70ec883a722219d92253cf073a72605f4087aa3443c8e4aadc0af2dc3ac647d0fa1b5ac99cd6987abafe6d690ae71cd5fd2aeeabe7589bfb4748aabdfba"
}
info|2023-07-09 12:27:19.429700|[RPC][BLOCK][NUMBER][fromJson],group=group0,node=98a7f70ec883a722219d92253cf073a72605f4087aa3443c8e4aadc0af2dc3ac647d0fa1b5ac99cd6987abafe6d690ae71cd5fd2aeeabe7589bfb4748aabdfba,blockNumber=2777
info|2023-07-09 12:27:19.429719|[RPCWS][SERVICE][onRecvBlockNotifier]receive block number notifier,group=group0,node=98a7f70ec883a722219d92253cf073a72605f4087aa3443c8e4aadc0af2dc3ac647d0fa1b5ac99cd6987abafe6d690ae71cd5fd2aeeabe7589bfb4748aabdfba,blockNumber=2777
info|2023-07-09 12:27:19.429725|[RPCWS][SERVICE][updateGroupBlockNumber],groupID=group0,_blockNumber=2777
info|2023-07-09 12:27:19.429730|[RPCWS][SERVICE][onRecvBlockNotifier]block notifier callback,group=group0,node=98a7f70ec883a722219d92253cf073a72605f4087aa3443c8e4aadc0af2dc3ac647d0fa1b5ac99cd6987abafe6d690ae71cd5fd2aeeabe7589bfb4748aabdfba,blockNumber=2777
info|2023-07-09 12:27:19.429733|[WS]receive block notify,endpoint=127.0.0.1:20200,blk={
	"blockNumber" : 2777,
	"group" : "group0",
	"nodeName" : "98a7f70ec883a722219d92253cf073a72605f4087aa3443c8e4aadc0af2dc3ac647d0fa1b5ac99cd6987abafe6d690ae71cd5fd2aeeabe7589bfb4748aabdfba"
}
info|2023-07-09 12:27:19.481861|[RPC][BLOCK][NUMBER][fromJson],group=group0,node=2f993327933ad58672518b6d4f63920cbc68b80f78f4d81192552ee6362f5cc81ee13bdc678ad65f06e76444cadb53b33694cfb3fc7679b8000411975fedd28a,blockNumber=2777
info|2023-07-09 12:27:19.481881|[RPCWS][SERVICE][onRecvBlockNotifier]receive block number notifier,group=group0,node=2f993327933ad58672518b6d4f63920cbc68b80f78f4d81192552ee6362f5cc81ee13bdc678ad65f06e76444cadb53b33694cfb3fc7679b8000411975fedd28a,blockNumber=2777
info|2023-07-09 12:27:19.481888|[WS]receive block notify,endpoint=127.0.0.1:20201,blk={
	"blockNumber" : 2777,
	"group" : "group0",
	"nodeName" : "2f993327933ad58672518b6d4f63920cbc68b80f78f4d81192552ee6362f5cc81ee13bdc678ad65f06e76444cadb53b33694cfb3fc7679b8000411975fedd28a"
}
info|2023-07-09 12:27:20.058144|[RPC][BLOCK][NUMBER][fromJson],group=group0,node=98a7f70ec883a722219d92253cf073a72605f4087aa3443c8e4aadc0af2dc3ac647d0fa1b5ac99cd6987abafe6d690ae71cd5fd2aeeabe7589bfb4748aabdfba,blockNumber=2778
info|2023-07-09 12:27:20.058163|[RPCWS][SERVICE][onRecvBlockNotifier]receive block number notifier,group=group0,node=98a7f70ec883a722219d92253cf073a72605f4087aa3443c8e4aadc0af2dc3ac647d0fa1b5ac99cd6987abafe6d690ae71cd5fd2aeeabe7589bfb4748aabdfba,blockNumber=2778
info|2023-07-09 12:27:20.058168|[RPCWS][SERVICE][updateGroupBlockNumber],groupID=group0,_blockNumber=2778
info|2023-07-09 12:27:20.058172|[RPCWS][SERVICE][onRecvBlockNotifier]block notifier callback,group=group0,node=98a7f70ec883a722219d92253cf073a72605f4087aa3443c8e4aadc0af2dc3ac647d0fa1b5ac99cd6987abafe6d690ae71cd5fd2aeeabe7589bfb4748aabdfba,blockNumber=2778
info|2023-07-09 12:27:20.058175|[WS]receive block notify,endpoint=127.0.0.1:20200,blk={
	"blockNumber" : 2778,
	"group" : "group0",
	"nodeName" : "98a7f70ec883a722219d92253cf073a72605f4087aa3443c8e4aadc0af2dc3ac647d0fa1b5ac99cd6987abafe6d690ae71cd5fd2aeeabe7589bfb4748aabdfba"
}
info|2023-07-09 12:27:20.118836|[RPC][BLOCK][NUMBER][fromJson],group=group0,node=2f993327933ad58672518b6d4f63920cbc68b80f78f4d81192552ee6362f5cc81ee13bdc678ad65f06e76444cadb53b33694cfb3fc7679b8000411975fedd28a,blockNumber=2778
info|2023-07-09 12:27:20.118857|[RPCWS][SERVICE][onRecvBlockNotifier]receive block number notifier,group=group0,node=2f993327933ad58672518b6d4f63920cbc68b80f78f4d81192552ee6362f5cc81ee13bdc678ad65f06e76444cadb53b33694cfb3fc7679b8000411975fedd28a,blockNumber=2778
info|2023-07-09 12:27:20.118863|[WS]receive block notify,endpoint=127.0.0.1:20201,blk={
	"blockNumber" : 2778,
	"group" : "group0",
	"nodeName" : "2f993327933ad58672518b6d4f63920cbc68b80f78f4d81192552ee6362f5cc81ee13bdc678ad65f06e76444cadb53b33694cfb3fc7679b8000411975fedd28a"
}
info|2023-07-09 12:27:20.610561|[RPC][BLOCK][NUMBER][fromJson],group=group0,node=98a7f70ec883a722219d92253cf073a72605f4087aa3443c8e4aadc0af2dc3ac647d0fa1b5ac99cd6987abafe6d690ae71cd5fd2aeeabe7589bfb4748aabdfba,blockNumber=2779
info|2023-07-09 12:27:20.610618|[RPCWS][SERVICE][onRecvBlockNotifier]receive block number notifier,group=group0,node=98a7f70ec883a722219d92253cf073a72605f4087aa3443c8e4aadc0af2dc3ac647d0fa1b5ac99cd6987abafe6d690ae71cd5fd2aeeabe7589bfb4748aabdfba,blockNumber=2779
info|2023-07-09 12:27:20.610625|[RPCWS][SERVICE][updateGroupBlockNumber],groupID=group0,_blockNumber=2779
info|2023-07-09 12:27:20.610629|[RPCWS][SERVICE][onRecvBlockNotifier]block notifier callback,group=group0,node=98a7f70ec883a722219d92253cf073a72605f4087aa3443c8e4aadc0af2dc3ac647d0fa1b5ac99cd6987abafe6d690ae71cd5fd2aeeabe7589bfb4748aabdfba,blockNumber=2779
info|2023-07-09 12:27:20.610632|[WS]receive block notify,endpoint=127.0.0.1:20200,blk={
	"blockNumber" : 2779,
	"group" : "group0",
	"nodeName" : "98a7f70ec883a722219d92253cf073a72605f4087aa3443c8e4aadc0af2dc3ac647d0fa1b5ac99cd6987abafe6d690ae71cd5fd2aeeabe7589bfb4748aabdfba"
}
info|2023-07-09 12:27:20.728355|[RPC][BLOCK][NUMBER][fromJson],group=group0,node=2f993327933ad58672518b6d4f63920cbc68b80f78f4d81192552ee6362f5cc81ee13bdc678ad65f06e76444cadb53b33694cfb3fc7679b8000411975fedd28a,blockNumber=2779
info|2023-07-09 12:27:20.728374|[RPCWS][SERVICE][onRecvBlockNotifier]receive block number notifier,group=group0,node=2f993327933ad58672518b6d4f63920cbc68b80f78f4d81192552ee6362f5cc81ee13bdc678ad65f06e76444cadb53b33694cfb3fc7679b8000411975fedd28a,blockNumber=2779
info|2023-07-09 12:27:20.728381|[WS]receive block notify,endpoint=127.0.0.1:20201,blk={
	"blockNumber" : 2779,
	"group" : "group0",
	"nodeName" : "2f993327933ad58672518b6d4f63920cbc68b80f78f4d81192552ee6362f5cc81ee13bdc678ad65f06e76444cadb53b33694cfb3fc7679b8000411975fedd28a"
}
info|2023-07-09 12:27:21.157216|[RPC][BLOCK][NUMBER][fromJson],group=group0,node=98a7f70ec883a722219d92253cf073a72605f4087aa3443c8e4aadc0af2dc3ac647d0fa1b5ac99cd6987abafe6d690ae71cd5fd2aeeabe7589bfb4748aabdfba,blockNumber=2780
info|2023-07-09 12:27:21.157238|[RPCWS][SERVICE][onRecvBlockNotifier]receive block number notifier,group=group0,node=98a7f70ec883a722219d92253cf073a72605f4087aa3443c8e4aadc0af2dc3ac647d0fa1b5ac99cd6987abafe6d690ae71cd5fd2aeeabe7589bfb4748aabdfba,blockNumber=2780
info|2023-07-09 12:27:21.157243|[RPCWS][SERVICE][updateGroupBlockNumber],groupID=group0,_blockNumber=2780
info|2023-07-09 12:27:21.157247|[RPCWS][SERVICE][onRecvBlockNotifier]block notifier callback,group=group0,node=98a7f70ec883a722219d92253cf073a72605f4087aa3443c8e4aadc0af2dc3ac647d0fa1b5ac99cd6987abafe6d690ae71cd5fd2aeeabe7589bfb4748aabdfba,blockNumber=2780
info|2023-07-09 12:27:21.157251|[WS]receive block notify,endpoint=127.0.0.1:20200,blk={
	"blockNumber" : 2780,
	"group" : "group0",
	"nodeName" : "98a7f70ec883a722219d92253cf073a72605f4087aa3443c8e4aadc0af2dc3ac647d0fa1b5ac99cd6987abafe6d690ae71cd5fd2aeeabe7589bfb4748aabdfba"
}
info|2023-07-09 12:27:21.197501|[RPC][BLOCK][NUMBER][fromJson],group=group0,node=2f993327933ad58672518b6d4f63920cbc68b80f78f4d81192552ee6362f5cc81ee13bdc678ad65f06e76444cadb53b33694cfb3fc7679b8000411975fedd28a,blockNumber=2780
info|2023-07-09 12:27:21.197520|[RPCWS][SERVICE][onRecvBlockNotifier]receive block number notifier,group=group0,node=2f993327933ad58672518b6d4f63920cbc68b80f78f4d81192552ee6362f5cc81ee13bdc678ad65f06e76444cadb53b33694cfb3fc7679b8000411975fedd28a,blockNumber=2780
info|2023-07-09 12:27:21.197527|[WS]receive block notify,endpoint=127.0.0.1:20201,blk={
	"blockNumber" : 2780,
	"group" : "group0",
	"nodeName" : "2f993327933ad58672518b6d4f63920cbc68b80f78f4d81192552ee6362f5cc81ee13bdc678ad65f06e76444cadb53b33694cfb3fc7679b8000411975fedd28a"
}
info|2023-07-09 12:27:21.711406|[RPC][BLOCK][NUMBER][fromJson],group=group0,node=98a7f70ec883a722219d92253cf073a72605f4087aa3443c8e4aadc0af2dc3ac647d0fa1b5ac99cd6987abafe6d690ae71cd5fd2aeeabe7589bfb4748aabdfba,blockNumber=2781
info|2023-07-09 12:27:21.711425|[RPCWS][SERVICE][onRecvBlockNotifier]receive block number notifier,group=group0,node=98a7f70ec883a722219d92253cf073a72605f4087aa3443c8e4aadc0af2dc3ac647d0fa1b5ac99cd6987abafe6d690ae71cd5fd2aeeabe7589bfb4748aabdfba,blockNumber=2781
info|2023-07-09 12:27:21.711429|[RPCWS][SERVICE][updateGroupBlockNumber],groupID=group0,_blockNumber=2781
info|2023-07-09 12:27:21.711434|[RPCWS][SERVICE][onRecvBlockNotifier]block notifier callback,group=group0,node=98a7f70ec883a722219d92253cf073a72605f4087aa3443c8e4aadc0af2dc3ac647d0fa1b5ac99cd6987abafe6d690ae71cd5fd2aeeabe7589bfb4748aabdfba,blockNumber=2781
info|2023-07-09 12:27:21.711437|[WS]receive block notify,endpoint=127.0.0.1:20200,blk={
	"blockNumber" : 2781,
	"group" : "group0",
	"nodeName" : "98a7f70ec883a722219d92253cf073a72605f4087aa3443c8e4aadc0af2dc3ac647d0fa1b5ac99cd6987abafe6d690ae71cd5fd2aeeabe7589bfb4748aabdfba"
}
info|2023-07-09 12:27:21.747893|[RPC][BLOCK][NUMBER][fromJson],group=group0,node=2f993327933ad58672518b6d4f63920cbc68b80f78f4d81192552ee6362f5cc81ee13bdc678ad65f06e76444cadb53b33694cfb3fc7679b8000411975fedd28a,blockNumber=2781
info|2023-07-09 12:27:21.747913|[RPCWS][SERVICE][onRecvBlockNotifier]receive block number notifier,group=group0,node=2f993327933ad58672518b6d4f63920cbc68b80f78f4d81192552ee6362f5cc81ee13bdc678ad65f06e76444cadb53b33694cfb3fc7679b8000411975fedd28a,blockNumber=2781
info|2023-07-09 12:27:21.747920|[WS]receive block notify,endpoint=127.0.0.1:20201,blk={
	"blockNumber" : 2781,
	"group" : "group0",
	"nodeName" : "2f993327933ad58672518b6d4f63920cbc68b80f78f4d81192552ee6362f5cc81ee13bdc678ad65f06e76444cadb53b33694cfb3fc7679b8000411975fedd28a"
}
info|2023-07-09 12:27:22.305405|[RPC][BLOCK][NUMBER][fromJson],group=group0,node=98a7f70ec883a722219d92253cf073a72605f4087aa3443c8e4aadc0af2dc3ac647d0fa1b5ac99cd6987abafe6d690ae71cd5fd2aeeabe7589bfb4748aabdfba,blockNumber=2782
info|2023-07-09 12:27:22.305429|[RPCWS][SERVICE][onRecvBlockNotifier]receive block number notifier,group=group0,node=98a7f70ec883a722219d92253cf073a72605f4087aa3443c8e4aadc0af2dc3ac647d0fa1b5ac99cd6987abafe6d690ae71cd5fd2aeeabe7589bfb4748aabdfba,blockNumber=2782
info|2023-07-09 12:27:22.305434|[RPCWS][SERVICE][updateGroupBlockNumber],groupID=group0,_blockNumber=2782
info|2023-07-09 12:27:22.305439|[RPCWS][SERVICE][onRecvBlockNotifier]block notifier callback,group=group0,node=98a7f70ec883a722219d92253cf073a72605f4087aa3443c8e4aadc0af2dc3ac647d0fa1b5ac99cd6987abafe6d690ae71cd5fd2aeeabe7589bfb4748aabdfba,blockNumber=2782
info|2023-07-09 12:27:22.305442|[WS]receive block notify,endpoint=127.0.0.1:20200,blk={
	"blockNumber" : 2782,
	"group" : "group0",
	"nodeName" : "98a7f70ec883a722219d92253cf073a72605f4087aa3443c8e4aadc0af2dc3ac647d0fa1b5ac99cd6987abafe6d690ae71cd5fd2aeeabe7589bfb4748aabdfba"
}
info|2023-07-09 12:27:22.445144|[RPC][BLOCK][NUMBER][fromJson],group=group0,node=2f993327933ad58672518b6d4f63920cbc68b80f78f4d81192552ee6362f5cc81ee13bdc678ad65f06e76444cadb53b33694cfb3fc7679b8000411975fedd28a,blockNumber=2782
info|2023-07-09 12:27:22.445164|[RPCWS][SERVICE][onRecvBlockNotifier]receive block number notifier,group=group0,node=2f993327933ad58672518b6d4f63920cbc68b80f78f4d81192552ee6362f5cc81ee13bdc678ad65f06e76444cadb53b33694cfb3fc7679b8000411975fedd28a,blockNumber=2782
info|2023-07-09 12:27:22.445171|[WS]receive block notify,endpoint=127.0.0.1:20201,blk={
	"blockNumber" : 2782,
	"group" : "group0",
	"nodeName" : "2f993327933ad58672518b6d4f63920cbc68b80f78f4d81192552ee6362f5cc81ee13bdc678ad65f06e76444cadb53b33694cfb3fc7679b8000411975fedd28a"
}
info|2023-07-09 12:27:33.199963|[EVENT][SUB][doLoop]event sub tasks report,working event sub count=0,suspend event sub count=0
info|2023-07-09 12:27:33.249465|[SDK][WS][SERVICE]connected nodes,count=2
info|2023-07-09 12:27:53.200058|[EVENT][SUB][doLoop]event sub tasks report,working event sub count=0,suspend event sub count=0
info|2023-07-09 12:27:53.249692|[SDK][WS][SERVICE]connected nodes,count=2
info|2023-07-09 12:28:13.200214|[EVENT][SUB][doLoop]event sub tasks report,working event sub count=0,suspend event sub count=0
info|2023-07-09 12:28:13.249845|[SDK][WS][SERVICE]connected nodes,count=2
info|2023-07-09 12:28:33.200784|[EVENT][SUB][doLoop]event sub tasks report,working event sub count=0,suspend event sub count=0
info|2023-07-09 12:28:33.250309|[SDK][WS][SERVICE]connected nodes,count=2
info|2023-07-09 12:28:53.200894|[EVENT][SUB][doLoop]event sub tasks report,working event sub count=0,suspend event sub count=0
info|2023-07-09 12:28:53.250719|[SDK][WS][SERVICE]connected nodes,count=2
info|2023-07-09 12:29:13.201013|[EVENT][SUB][doLoop]event sub tasks report,working event sub count=0,suspend event sub count=0
info|2023-07-09 12:29:13.250943|[SDK][WS][SERVICE]connected nodes,count=2
info|2023-07-09 12:29:33.201389|[EVENT][SUB][doLoop]event sub tasks report,working event sub count=0,suspend event sub count=0
info|2023-07-09 12:29:33.251072|[SDK][WS][SERVICE]connected nodes,count=2
info|2023-07-09 12:29:53.201983|[EVENT][SUB][doLoop]event sub tasks report,working event sub count=0,suspend event sub count=0
info|2023-07-09 12:29:53.251187|[SDK][WS][SERVICE]connected nodes,count=2
info|2023-07-09 12:30:13.202028|[EVENT][SUB][doLoop]event sub tasks report,working event sub count=0,suspend event sub count=0
info|2023-07-09 12:30:13.251553|[SDK][WS][SERVICE]connected nodes,count=2
info|2023-07-09 12:30:33.202224|[EVENT][SUB][doLoop]event sub tasks report,working event sub count=0,suspend event sub count=0
info|2023-07-09 12:30:33.252112|[SDK][WS][SERVICE]connected nodes,count=2
info|2023-07-09 12:30:53.202433|[EVENT][SUB][doLoop]event sub tasks report,working event sub count=0,suspend event sub count=0
info|2023-07-09 12:30:53.252619|[SDK][WS][SERVICE]connected nodes,count=2
info|2023-07-09 12:31:13.202760|[EVENT][SUB][doLoop]event sub tasks report,working event sub count=0,suspend event sub count=0
info|2023-07-09 12:31:13.253095|[SDK][WS][SERVICE]connected nodes,count=2
info|2023-07-09 12:31:33.203041|[EVENT][SUB][doLoop]event sub tasks report,working event sub count=0,suspend event sub count=0
info|2023-07-09 12:31:33.255841|[SDK][WS][SERVICE]connected nodes,count=2
info|2023-07-09 12:31:53.203114|[EVENT][SUB][doLoop]event sub tasks report,working event sub count=0,suspend event sub count=0
info|2023-07-09 12:31:53.256310|[SDK][WS][SERVICE]connected nodes,count=2
info|2023-07-09 12:32:13.203627|[EVENT][SUB][doLoop]event sub tasks report,working event sub count=0,suspend event sub count=0
info|2023-07-09 12:32:13.256591|[SDK][WS][SERVICE]connected nodes,count=2
info|2023-07-09 12:32:33.203871|[EVENT][SUB][doLoop]event sub tasks report,working event sub count=0,suspend event sub count=0
info|2023-07-09 12:32:33.256726|[SDK][WS][SERVICE]connected nodes,count=2
info|2023-07-09 12:32:53.204253|[EVENT][SUB][doLoop]event sub tasks report,working event sub count=0,suspend event sub count=0
info|2023-07-09 12:32:53.257529|[SDK][WS][SERVICE]connected nodes,count=2
info|2023-07-09 12:33:13.204606|[EVENT][SUB][doLoop]event sub tasks report,working event sub count=0,suspend event sub count=0
info|2023-07-09 12:33:13.257656|[SDK][WS][SERVICE]connected nodes,count=2
info|2023-07-09 12:33:33.204706|[EVENT][SUB][doLoop]event sub tasks report,working event sub count=0,suspend event sub count=0
info|2023-07-09 12:33:33.258026|[SDK][WS][SERVICE]connected nodes,count=2
info|2023-07-09 12:33:53.205153|[EVENT][SUB][doLoop]event sub tasks report,working event sub count=0,suspend event sub count=0
info|2023-07-09 12:33:53.258447|[SDK][WS][SERVICE]connected nodes,count=2
info|2023-07-09 12:34:13.205844|[EVENT][SUB][doLoop]event sub tasks report,working event sub count=0,suspend event sub count=0
info|2023-07-09 12:34:13.258761|[SDK][WS][SERVICE]connected nodes,count=2
info|2023-07-09 12:34:33.205944|[EVENT][SUB][doLoop]event sub tasks report,working event sub count=0,suspend event sub count=0
info|2023-07-09 12:34:33.259354|[SDK][WS][SERVICE]connected nodes,count=2
info|2023-07-09 12:34:53.206557|[EVENT][SUB][doLoop]event sub tasks report,working event sub count=0,suspend event sub count=0
info|2023-07-09 12:34:53.259918|[SDK][WS][SERVICE]connected nodes,count=2
info|2023-07-09 12:35:13.207271|[EVENT][SUB][doLoop]event sub tasks report,working event sub count=0,suspend event sub count=0
info|2023-07-09 12:35:13.260375|[SDK][WS][SERVICE]connected nodes,count=2
info|2023-07-09 12:35:33.207404|[EVENT][SUB][doLoop]event sub tasks report,working event sub count=0,suspend event sub count=0
info|2023-07-09 12:35:33.260671|[SDK][WS][SERVICE]connected nodes,count=2
info|2023-07-09 12:35:53.208159|[EVENT][SUB][doLoop]event sub tasks report,working event sub count=0,suspend event sub count=0
info|2023-07-09 12:35:53.261003|[SDK][WS][SERVICE]connected nodes,count=2
info|2023-07-09 12:36:13.208243|[EVENT][SUB][doLoop]event sub tasks report,working event sub count=0,suspend event sub count=0
info|2023-07-09 12:36:13.261278|[SDK][WS][SERVICE]connected nodes,count=2
info|2023-07-09 12:36:33.208459|[EVENT][SUB][doLoop]event sub tasks report,working event sub count=0,suspend event sub count=0
info|2023-07-09 12:36:33.261943|[SDK][WS][SERVICE]connected nodes,count=2
info|2023-07-09 12:36:53.208923|[EVENT][SUB][doLoop]event sub tasks report,working event sub count=0,suspend event sub count=0
info|2023-07-09 12:36:53.262100|[SDK][WS][SERVICE]connected nodes,count=2
info|2023-07-09 12:37:13.209558|[EVENT][SUB][doLoop]event sub tasks report,working event sub count=0,suspend event sub count=0
info|2023-07-09 12:37:13.262445|[SDK][WS][SERVICE]connected nodes,count=2
info|2023-07-09 12:37:33.210041|[EVENT][SUB][doLoop]event sub tasks report,working event sub count=0,suspend event sub count=0
info|2023-07-09 12:37:33.262720|[SDK][WS][SERVICE]connected nodes,count=2
info|2023-07-09 12:37:53.210264|[EVENT][SUB][doLoop]event sub tasks report,working event sub count=0,suspend event sub count=0
info|2023-07-09 12:37:53.264389|[SDK][WS][SERVICE]connected nodes,count=2
info|2023-07-09 12:38:13.210905|[EVENT][SUB][doLoop]event sub tasks report,working event sub count=0,suspend event sub count=0
info|2023-07-09 12:38:13.264962|[SDK][WS][SERVICE]connected nodes,count=2
info|2023-07-09 12:38:33.211331|[EVENT][SUB][doLoop]event sub tasks report,working event sub count=0,suspend event sub count=0
info|2023-07-09 12:38:33.265296|[SDK][WS][SERVICE]connected nodes,count=2
info|2023-07-09 12:38:53.211505|[EVENT][SUB][doLoop]event sub tasks report,working event sub count=0,suspend event sub count=0
info|2023-07-09 12:38:53.265537|[SDK][WS][SERVICE]connected nodes,count=2
info|2023-07-09 12:39:13.211648|[EVENT][SUB][doLoop]event sub tasks report,working event sub count=0,suspend event sub count=0
info|2023-07-09 12:39:13.265771|[SDK][WS][SERVICE]connected nodes,count=2
info|2023-07-09 12:39:33.211917|[EVENT][SUB][doLoop]event sub tasks report,working event sub count=0,suspend event sub count=0
info|2023-07-09 12:39:33.266468|[SDK][WS][SERVICE]connected nodes,count=2
info|2023-07-09 12:39:53.212012|[EVENT][SUB][doLoop]event sub tasks report,working event sub count=0,suspend event sub count=0
info|2023-07-09 12:39:53.266654|[SDK][WS][SERVICE]connected nodes,count=2
info|2023-07-09 12:40:13.212625|[EVENT][SUB][doLoop]event sub tasks report,working event sub count=0,suspend event sub count=0
info|2023-07-09 12:40:13.267250|[SDK][WS][SERVICE]connected nodes,count=2
info|2023-07-09 12:40:33.213019|[EVENT][SUB][doLoop]event sub tasks report,working event sub count=0,suspend event sub count=0
info|2023-07-09 12:40:33.267529|[SDK][WS][SERVICE]connected nodes,count=2
info|2023-07-09 12:40:53.213638|[EVENT][SUB][doLoop]event sub tasks report,working event sub count=0,suspend event sub count=0
info|2023-07-09 12:40:53.268108|[SDK][WS][SERVICE]connected nodes,count=2
info|2023-07-09 12:41:13.213784|[EVENT][SUB][doLoop]event sub tasks report,working event sub count=0,suspend event sub count=0
info|2023-07-09 12:41:13.268297|[SDK][WS][SERVICE]connected nodes,count=2
info|2023-07-09 12:41:33.214207|[EVENT][SUB][doLoop]event sub tasks report,working event sub count=0,suspend event sub count=0
info|2023-07-09 12:41:33.268974|[SDK][WS][SERVICE]connected nodes,count=2
info|2023-07-09 12:41:53.214381|[EVENT][SUB][doLoop]event sub tasks report,working event sub count=0,suspend event sub count=0
info|2023-07-09 12:41:53.269306|[SDK][WS][SERVICE]connected nodes,count=2
info|2023-07-09 12:42:13.214653|[EVENT][SUB][doLoop]event sub tasks report,working event sub count=0,suspend event sub count=0
info|2023-07-09 12:42:13.270182|[SDK][WS][SERVICE]connected nodes,count=2
info|2023-07-09 12:42:33.215303|[EVENT][SUB][doLoop]event sub tasks report,working event sub count=0,suspend event sub count=0
info|2023-07-09 12:42:33.270525|[SDK][WS][SERVICE]connected nodes,count=2
info|2023-07-09 12:42:53.215426|[EVENT][SUB][doLoop]event sub tasks report,working event sub count=0,suspend event sub count=0
info|2023-07-09 12:42:53.270643|[SDK][WS][SERVICE]connected nodes,count=2
info|2023-07-09 12:43:13.216318|[EVENT][SUB][doLoop]event sub tasks report,working event sub count=0,suspend event sub count=0
info|2023-07-09 12:43:13.271242|[SDK][WS][SERVICE]connected nodes,count=2
info|2023-07-09 12:43:33.216740|[EVENT][SUB][doLoop]event sub tasks report,working event sub count=0,suspend event sub count=0
info|2023-07-09 12:43:33.271763|[SDK][WS][SERVICE]connected nodes,count=2
info|2023-07-09 12:43:53.217010|[EVENT][SUB][doLoop]event sub tasks report,working event sub count=0,suspend event sub count=0
info|2023-07-09 12:43:53.272414|[SDK][WS][SERVICE]connected nodes,count=2
info|2023-07-09 12:44:13.217205|[EVENT][SUB][doLoop]event sub tasks report,working event sub count=0,suspend event sub count=0
info|2023-07-09 12:44:13.272597|[SDK][WS][SERVICE]connected nodes,count=2
info|2023-07-09 12:44:33.217714|[EVENT][SUB][doLoop]event sub tasks report,working event sub count=0,suspend event sub count=0
info|2023-07-09 12:44:33.272984|[SDK][WS][SERVICE]connected nodes,count=2
info|2023-07-09 12:44:53.218146|[EVENT][SUB][doLoop]event sub tasks report,working event sub count=0,suspend event sub count=0
info|2023-07-09 12:44:53.273427|[SDK][WS][SERVICE]connected nodes,count=2
info|2023-07-09 12:45:13.218224|[EVENT][SUB][doLoop]event sub tasks report,working event sub count=0,suspend event sub count=0
info|2023-07-09 12:45:13.274156|[SDK][WS][SERVICE]connected nodes,count=2
info|2023-07-09 12:45:33.218357|[EVENT][SUB][doLoop]event sub tasks report,working event sub count=0,suspend event sub count=0
info|2023-07-09 12:45:33.274435|[SDK][WS][SERVICE]connected nodes,count=2
info|2023-07-09 12:45:53.218755|[EVENT][SUB][doLoop]event sub tasks report,working event sub count=0,suspend event sub count=0
info|2023-07-09 12:45:53.274714|[SDK][WS][SERVICE]connected nodes,count=2
info|2023-07-09 12:46:13.219186|[EVENT][SUB][doLoop]event sub tasks report,working event sub count=0,suspend event sub count=0
info|2023-07-09 12:46:13.275206|[SDK][WS][SERVICE]connected nodes,count=2
info|2023-07-09 12:46:33.219453|[EVENT][SUB][doLoop]event sub tasks report,working event sub count=0,suspend event sub count=0
info|2023-07-09 12:46:33.275817|[SDK][WS][SERVICE]connected nodes,count=2
info|2023-07-09 12:46:53.220030|[EVENT][SUB][doLoop]event sub tasks report,working event sub count=0,suspend event sub count=0
info|2023-07-09 12:46:53.276541|[SDK][WS][SERVICE]connected nodes,count=2
info|2023-07-09 12:47:13.220338|[EVENT][SUB][doLoop]event sub tasks report,working event sub count=0,suspend event sub count=0
info|2023-07-09 12:47:13.276881|[SDK][WS][SERVICE]connected nodes,count=2
info|2023-07-09 12:47:33.220400|[EVENT][SUB][doLoop]event sub tasks report,working event sub count=0,suspend event sub count=0
info|2023-07-09 12:47:33.277034|[SDK][WS][SERVICE]connected nodes,count=2
info|2023-07-09 12:47:53.220705|[EVENT][SUB][doLoop]event sub tasks report,working event sub count=0,suspend event sub count=0
info|2023-07-09 12:47:53.277593|[SDK][WS][SERVICE]connected nodes,count=2
info|2023-07-09 12:48:13.220826|[EVENT][SUB][doLoop]event sub tasks report,working event sub count=0,suspend event sub count=0
info|2023-07-09 12:48:13.278289|[SDK][WS][SERVICE]connected nodes,count=2
info|2023-07-09 12:48:33.221342|[EVENT][SUB][doLoop]event sub tasks report,working event sub count=0,suspend event sub count=0
info|2023-07-09 12:48:33.278527|[SDK][WS][SERVICE]connected nodes,count=2
info|2023-07-09 12:48:53.221927|[EVENT][SUB][doLoop]event sub tasks report,working event sub count=0,suspend event sub count=0
info|2023-07-09 12:48:53.278676|[SDK][WS][SERVICE]connected nodes,count=2
info|2023-07-09 12:49:13.221994|[EVENT][SUB][doLoop]event sub tasks report,working event sub count=0,suspend event sub count=0
info|2023-07-09 12:49:13.279160|[SDK][WS][SERVICE]connected nodes,count=2
info|2023-07-09 12:49:33.222395|[EVENT][SUB][doLoop]event sub tasks report,working event sub count=0,suspend event sub count=0
info|2023-07-09 12:49:33.279888|[SDK][WS][SERVICE]connected nodes,count=2
info|2023-07-09 12:49:53.222492|[EVENT][SUB][doLoop]event sub tasks report,working event sub count=0,suspend event sub count=0
info|2023-07-09 12:49:53.280666|[SDK][WS][SERVICE]connected nodes,count=2
info|2023-07-09 12:50:13.222637|[EVENT][SUB][doLoop]event sub tasks report,working event sub count=0,suspend event sub count=0
info|2023-07-09 12:50:13.281007|[SDK][WS][SERVICE]connected nodes,count=2
info|2023-07-09 12:50:33.223015|[EVENT][SUB][doLoop]event sub tasks report,working event sub count=0,suspend event sub count=0
info|2023-07-09 12:50:33.281899|[SDK][WS][SERVICE]connected nodes,count=2
info|2023-07-09 12:50:53.223081|[EVENT][SUB][doLoop]event sub tasks report,working event sub count=0,suspend event sub count=0
info|2023-07-09 12:50:53.282044|[SDK][WS][SERVICE]connected nodes,count=2
info|2023-07-09 12:51:13.223707|[EVENT][SUB][doLoop]event sub tasks report,working event sub count=0,suspend event sub count=0
info|2023-07-09 12:51:13.282406|[SDK][WS][SERVICE]connected nodes,count=2
info|2023-07-09 12:51:33.223811|[EVENT][SUB][doLoop]event sub tasks report,working event sub count=0,suspend event sub count=0
info|2023-07-09 12:51:33.282864|[SDK][WS][SERVICE]connected nodes,count=2
info|2023-07-09 12:51:53.224351|[EVENT][SUB][doLoop]event sub tasks report,working event sub count=0,suspend event sub count=0
info|2023-07-09 12:51:53.283047|[SDK][WS][SERVICE]connected nodes,count=2
info|2023-07-09 12:52:13.224452|[EVENT][SUB][doLoop]event sub tasks report,working event sub count=0,suspend event sub count=0
info|2023-07-09 12:52:13.283384|[SDK][WS][SERVICE]connected nodes,count=2
info|2023-07-09 12:52:33.224842|[EVENT][SUB][doLoop]event sub tasks report,working event sub count=0,suspend event sub count=0
info|2023-07-09 12:52:33.283925|[SDK][WS][SERVICE]connected nodes,count=2
info|2023-07-09 12:52:53.225411|[EVENT][SUB][doLoop]event sub tasks report,working event sub count=0,suspend event sub count=0
info|2023-07-09 12:52:53.284319|[SDK][WS][SERVICE]connected nodes,count=2
info|2023-07-09 12:53:13.225638|[EVENT][SUB][doLoop]event sub tasks report,working event sub count=0,suspend event sub count=0
info|2023-07-09 12:53:13.284445|[SDK][WS][SERVICE]connected nodes,count=2
info|2023-07-09 12:53:33.225915|[EVENT][SUB][doLoop]event sub tasks report,working event sub count=0,suspend event sub count=0
info|2023-07-09 12:53:33.284940|[SDK][WS][SERVICE]connected nodes,count=2
info|2023-07-09 12:53:53.225986|[EVENT][SUB][doLoop]event sub tasks report,working event sub count=0,suspend event sub count=0
info|2023-07-09 12:53:53.285245|[SDK][WS][SERVICE]connected nodes,count=2
info|2023-07-09 12:54:13.226243|[EVENT][SUB][doLoop]event sub tasks report,working event sub count=0,suspend event sub count=0
info|2023-07-09 12:54:13.285654|[SDK][WS][SERVICE]connected nodes,count=2
info|2023-07-09 12:54:33.226397|[EVENT][SUB][doLoop]event sub tasks report,working event sub count=0,suspend event sub count=0
info|2023-07-09 12:54:33.285837|[SDK][WS][SERVICE]connected nodes,count=2
info|2023-07-09 12:54:53.226802|[EVENT][SUB][doLoop]event sub tasks report,working event sub count=0,suspend event sub count=0
info|2023-07-09 12:54:53.286187|[SDK][WS][SERVICE]connected nodes,count=2
info|2023-07-09 12:55:13.227060|[EVENT][SUB][doLoop]event sub tasks report,working event sub count=0,suspend event sub count=0
info|2023-07-09 12:55:13.286928|[SDK][WS][SERVICE]connected nodes,count=2
info|2023-07-09 12:55:33.227553|[EVENT][SUB][doLoop]event sub tasks report,working event sub count=0,suspend event sub count=0
info|2023-07-09 12:55:33.287500|[SDK][WS][SERVICE]connected nodes,count=2
info|2023-07-09 12:55:53.227593|[EVENT][SUB][doLoop]event sub tasks report,working event sub count=0,suspend event sub count=0
info|2023-07-09 12:55:53.288093|[SDK][WS][SERVICE]connected nodes,count=2
info|2023-07-09 12:56:13.227949|[EVENT][SUB][doLoop]event sub tasks report,working event sub count=0,suspend event sub count=0
info|2023-07-09 12:56:13.288406|[SDK][WS][SERVICE]connected nodes,count=2
info|2023-07-09 12:56:33.228067|[EVENT][SUB][doLoop]event sub tasks report,working event sub count=0,suspend event sub count=0
info|2023-07-09 12:56:33.288962|[SDK][WS][SERVICE]connected nodes,count=2
info|2023-07-09 12:56:53.228245|[EVENT][SUB][doLoop]event sub tasks report,working event sub count=0,suspend event sub count=0
info|2023-07-09 12:56:53.289075|[SDK][WS][SERVICE]connected nodes,count=2
info|2023-07-09 12:57:13.228296|[EVENT][SUB][doLoop]event sub tasks report,working event sub count=0,suspend event sub count=0
info|2023-07-09 12:57:13.289634|[SDK][WS][SERVICE]connected nodes,count=2
info|2023-07-09 12:57:13.878490|[RPC][BLOCK][NUMBER][fromJson],group=group0,node=98a7f70ec883a722219d92253cf073a72605f4087aa3443c8e4aadc0af2dc3ac647d0fa1b5ac99cd6987abafe6d690ae71cd5fd2aeeabe7589bfb4748aabdfba,blockNumber=2783
info|2023-07-09 12:57:13.878513|[RPCWS][SERVICE][onRecvBlockNotifier]receive block number notifier,group=group0,node=98a7f70ec883a722219d92253cf073a72605f4087aa3443c8e4aadc0af2dc3ac647d0fa1b5ac99cd6987abafe6d690ae71cd5fd2aeeabe7589bfb4748aabdfba,blockNumber=2783
info|2023-07-09 12:57:13.878518|[RPCWS][SERVICE][updateGroupBlockNumber],groupID=group0,_blockNumber=2783
info|2023-07-09 12:57:13.878540|[RPCWS][SERVICE][onRecvBlockNotifier]block notifier callback,group=group0,node=98a7f70ec883a722219d92253cf073a72605f4087aa3443c8e4aadc0af2dc3ac647d0fa1b5ac99cd6987abafe6d690ae71cd5fd2aeeabe7589bfb4748aabdfba,blockNumber=2783
info|2023-07-09 12:57:13.878544|[WS]receive block notify,endpoint=127.0.0.1:20200,blk={
	"blockNumber" : 2783,
	"group" : "group0",
	"nodeName" : "98a7f70ec883a722219d92253cf073a72605f4087aa3443c8e4aadc0af2dc3ac647d0fa1b5ac99cd6987abafe6d690ae71cd5fd2aeeabe7589bfb4748aabdfba"
}
info|2023-07-09 12:57:13.952807|[RPC][BLOCK][NUMBER][fromJson],group=group0,node=2f993327933ad58672518b6d4f63920cbc68b80f78f4d81192552ee6362f5cc81ee13bdc678ad65f06e76444cadb53b33694cfb3fc7679b8000411975fedd28a,blockNumber=2783
info|2023-07-09 12:57:13.952850|[RPCWS][SERVICE][onRecvBlockNotifier]receive block number notifier,group=group0,node=2f993327933ad58672518b6d4f63920cbc68b80f78f4d81192552ee6362f5cc81ee13bdc678ad65f06e76444cadb53b33694cfb3fc7679b8000411975fedd28a,blockNumber=2783
info|2023-07-09 12:57:13.952859|[WS]receive block notify,endpoint=127.0.0.1:20201,blk={
	"blockNumber" : 2783,
	"group" : "group0",
	"nodeName" : "2f993327933ad58672518b6d4f63920cbc68b80f78f4d81192552ee6362f5cc81ee13bdc678ad65f06e76444cadb53b33694cfb3fc7679b8000411975fedd28a"
}
info|2023-07-09 12:57:14.451282|[RPC][BLOCK][NUMBER][fromJson],group=group0,node=98a7f70ec883a722219d92253cf073a72605f4087aa3443c8e4aadc0af2dc3ac647d0fa1b5ac99cd6987abafe6d690ae71cd5fd2aeeabe7589bfb4748aabdfba,blockNumber=2784
info|2023-07-09 12:57:14.451307|[RPCWS][SERVICE][onRecvBlockNotifier]receive block number notifier,group=group0,node=98a7f70ec883a722219d92253cf073a72605f4087aa3443c8e4aadc0af2dc3ac647d0fa1b5ac99cd6987abafe6d690ae71cd5fd2aeeabe7589bfb4748aabdfba,blockNumber=2784
info|2023-07-09 12:57:14.451313|[RPCWS][SERVICE][updateGroupBlockNumber],groupID=group0,_blockNumber=2784
info|2023-07-09 12:57:14.451318|[RPCWS][SERVICE][onRecvBlockNotifier]block notifier callback,group=group0,node=98a7f70ec883a722219d92253cf073a72605f4087aa3443c8e4aadc0af2dc3ac647d0fa1b5ac99cd6987abafe6d690ae71cd5fd2aeeabe7589bfb4748aabdfba,blockNumber=2784
info|2023-07-09 12:57:14.451322|[WS]receive block notify,endpoint=127.0.0.1:20200,blk={
	"blockNumber" : 2784,
	"group" : "group0",
	"nodeName" : "98a7f70ec883a722219d92253cf073a72605f4087aa3443c8e4aadc0af2dc3ac647d0fa1b5ac99cd6987abafe6d690ae71cd5fd2aeeabe7589bfb4748aabdfba"
}
info|2023-07-09 12:57:14.457469|[RPC][BLOCK][NUMBER][fromJson],group=group0,node=2f993327933ad58672518b6d4f63920cbc68b80f78f4d81192552ee6362f5cc81ee13bdc678ad65f06e76444cadb53b33694cfb3fc7679b8000411975fedd28a,blockNumber=2784
info|2023-07-09 12:57:14.457492|[RPCWS][SERVICE][onRecvBlockNotifier]receive block number notifier,group=group0,node=2f993327933ad58672518b6d4f63920cbc68b80f78f4d81192552ee6362f5cc81ee13bdc678ad65f06e76444cadb53b33694cfb3fc7679b8000411975fedd28a,blockNumber=2784
info|2023-07-09 12:57:14.457499|[WS]receive block notify,endpoint=127.0.0.1:20201,blk={
	"blockNumber" : 2784,
	"group" : "group0",
	"nodeName" : "2f993327933ad58672518b6d4f63920cbc68b80f78f4d81192552ee6362f5cc81ee13bdc678ad65f06e76444cadb53b33694cfb3fc7679b8000411975fedd28a"
}
info|2023-07-09 12:57:14.982840|[RPC][BLOCK][NUMBER][fromJson],group=group0,node=98a7f70ec883a722219d92253cf073a72605f4087aa3443c8e4aadc0af2dc3ac647d0fa1b5ac99cd6987abafe6d690ae71cd5fd2aeeabe7589bfb4748aabdfba,blockNumber=2785
info|2023-07-09 12:57:14.982877|[RPCWS][SERVICE][onRecvBlockNotifier]receive block number notifier,group=group0,node=98a7f70ec883a722219d92253cf073a72605f4087aa3443c8e4aadc0af2dc3ac647d0fa1b5ac99cd6987abafe6d690ae71cd5fd2aeeabe7589bfb4748aabdfba,blockNumber=2785
info|2023-07-09 12:57:14.982887|[RPCWS][SERVICE][updateGroupBlockNumber],groupID=group0,_blockNumber=2785
info|2023-07-09 12:57:14.982896|[RPCWS][SERVICE][onRecvBlockNotifier]block notifier callback,group=group0,node=98a7f70ec883a722219d92253cf073a72605f4087aa3443c8e4aadc0af2dc3ac647d0fa1b5ac99cd6987abafe6d690ae71cd5fd2aeeabe7589bfb4748aabdfba,blockNumber=2785
info|2023-07-09 12:57:14.982904|[WS]receive block notify,endpoint=127.0.0.1:20200,blk={
	"blockNumber" : 2785,
	"group" : "group0",
	"nodeName" : "98a7f70ec883a722219d92253cf073a72605f4087aa3443c8e4aadc0af2dc3ac647d0fa1b5ac99cd6987abafe6d690ae71cd5fd2aeeabe7589bfb4748aabdfba"
}
info|2023-07-09 12:57:15.090275|[RPC][BLOCK][NUMBER][fromJson],group=group0,node=2f993327933ad58672518b6d4f63920cbc68b80f78f4d81192552ee6362f5cc81ee13bdc678ad65f06e76444cadb53b33694cfb3fc7679b8000411975fedd28a,blockNumber=2785
info|2023-07-09 12:57:15.090313|[RPCWS][SERVICE][onRecvBlockNotifier]receive block number notifier,group=group0,node=2f993327933ad58672518b6d4f63920cbc68b80f78f4d81192552ee6362f5cc81ee13bdc678ad65f06e76444cadb53b33694cfb3fc7679b8000411975fedd28a,blockNumber=2785
info|2023-07-09 12:57:15.090324|[WS]receive block notify,endpoint=127.0.0.1:20201,blk={
	"blockNumber" : 2785,
	"group" : "group0",
	"nodeName" : "2f993327933ad58672518b6d4f63920cbc68b80f78f4d81192552ee6362f5cc81ee13bdc678ad65f06e76444cadb53b33694cfb3fc7679b8000411975fedd28a"
}
info|2023-07-09 12:57:15.665403|[RPC][BLOCK][NUMBER][fromJson],group=group0,node=98a7f70ec883a722219d92253cf073a72605f4087aa3443c8e4aadc0af2dc3ac647d0fa1b5ac99cd6987abafe6d690ae71cd5fd2aeeabe7589bfb4748aabdfba,blockNumber=2786
info|2023-07-09 12:57:15.665438|[RPCWS][SERVICE][onRecvBlockNotifier]receive block number notifier,group=group0,node=98a7f70ec883a722219d92253cf073a72605f4087aa3443c8e4aadc0af2dc3ac647d0fa1b5ac99cd6987abafe6d690ae71cd5fd2aeeabe7589bfb4748aabdfba,blockNumber=2786
info|2023-07-09 12:57:15.665448|[RPCWS][SERVICE][updateGroupBlockNumber],groupID=group0,_blockNumber=2786
info|2023-07-09 12:57:15.665456|[RPCWS][SERVICE][onRecvBlockNotifier]block notifier callback,group=group0,node=98a7f70ec883a722219d92253cf073a72605f4087aa3443c8e4aadc0af2dc3ac647d0fa1b5ac99cd6987abafe6d690ae71cd5fd2aeeabe7589bfb4748aabdfba,blockNumber=2786
info|2023-07-09 12:57:15.665463|[WS]receive block notify,endpoint=127.0.0.1:20200,blk={
	"blockNumber" : 2786,
	"group" : "group0",
	"nodeName" : "98a7f70ec883a722219d92253cf073a72605f4087aa3443c8e4aadc0af2dc3ac647d0fa1b5ac99cd6987abafe6d690ae71cd5fd2aeeabe7589bfb4748aabdfba"
}
info|2023-07-09 12:57:15.722224|[RPC][BLOCK][NUMBER][fromJson],group=group0,node=2f993327933ad58672518b6d4f63920cbc68b80f78f4d81192552ee6362f5cc81ee13bdc678ad65f06e76444cadb53b33694cfb3fc7679b8000411975fedd28a,blockNumber=2786
info|2023-07-09 12:57:15.722668|[RPCWS][SERVICE][onRecvBlockNotifier]receive block number notifier,group=group0,node=2f993327933ad58672518b6d4f63920cbc68b80f78f4d81192552ee6362f5cc81ee13bdc678ad65f06e76444cadb53b33694cfb3fc7679b8000411975fedd28a,blockNumber=2786
info|2023-07-09 12:57:15.722743|[WS]receive block notify,endpoint=127.0.0.1:20201,blk={
	"blockNumber" : 2786,
	"group" : "group0",
	"nodeName" : "2f993327933ad58672518b6d4f63920cbc68b80f78f4d81192552ee6362f5cc81ee13bdc678ad65f06e76444cadb53b33694cfb3fc7679b8000411975fedd28a"
}
info|2023-07-09 12:57:16.241534|[RPC][BLOCK][NUMBER][fromJson],group=group0,node=98a7f70ec883a722219d92253cf073a72605f4087aa3443c8e4aadc0af2dc3ac647d0fa1b5ac99cd6987abafe6d690ae71cd5fd2aeeabe7589bfb4748aabdfba,blockNumber=2787
info|2023-07-09 12:57:16.241561|[RPCWS][SERVICE][onRecvBlockNotifier]receive block number notifier,group=group0,node=98a7f70ec883a722219d92253cf073a72605f4087aa3443c8e4aadc0af2dc3ac647d0fa1b5ac99cd6987abafe6d690ae71cd5fd2aeeabe7589bfb4748aabdfba,blockNumber=2787
info|2023-07-09 12:57:16.241567|[RPCWS][SERVICE][updateGroupBlockNumber],groupID=group0,_blockNumber=2787
info|2023-07-09 12:57:16.241573|[RPCWS][SERVICE][onRecvBlockNotifier]block notifier callback,group=group0,node=98a7f70ec883a722219d92253cf073a72605f4087aa3443c8e4aadc0af2dc3ac647d0fa1b5ac99cd6987abafe6d690ae71cd5fd2aeeabe7589bfb4748aabdfba,blockNumber=2787
info|2023-07-09 12:57:16.241578|[WS]receive block notify,endpoint=127.0.0.1:20200,blk={
	"blockNumber" : 2787,
	"group" : "group0",
	"nodeName" : "98a7f70ec883a722219d92253cf073a72605f4087aa3443c8e4aadc0af2dc3ac647d0fa1b5ac99cd6987abafe6d690ae71cd5fd2aeeabe7589bfb4748aabdfba"
}
info|2023-07-09 12:57:16.255484|[RPC][BLOCK][NUMBER][fromJson],group=group0,node=2f993327933ad58672518b6d4f63920cbc68b80f78f4d81192552ee6362f5cc81ee13bdc678ad65f06e76444cadb53b33694cfb3fc7679b8000411975fedd28a,blockNumber=2787
info|2023-07-09 12:57:16.255583|[RPCWS][SERVICE][onRecvBlockNotifier]receive block number notifier,group=group0,node=2f993327933ad58672518b6d4f63920cbc68b80f78f4d81192552ee6362f5cc81ee13bdc678ad65f06e76444cadb53b33694cfb3fc7679b8000411975fedd28a,blockNumber=2787
info|2023-07-09 12:57:16.255595|[WS]receive block notify,endpoint=127.0.0.1:20201,blk={
	"blockNumber" : 2787,
	"group" : "group0",
	"nodeName" : "2f993327933ad58672518b6d4f63920cbc68b80f78f4d81192552ee6362f5cc81ee13bdc678ad65f06e76444cadb53b33694cfb3fc7679b8000411975fedd28a"
}
info|2023-07-09 12:57:16.818439|[RPC][BLOCK][NUMBER][fromJson],group=group0,node=2f993327933ad58672518b6d4f63920cbc68b80f78f4d81192552ee6362f5cc81ee13bdc678ad65f06e76444cadb53b33694cfb3fc7679b8000411975fedd28a,blockNumber=2788
info|2023-07-09 12:57:16.818499|[RPCWS][SERVICE][onRecvBlockNotifier]receive block number notifier,group=group0,node=2f993327933ad58672518b6d4f63920cbc68b80f78f4d81192552ee6362f5cc81ee13bdc678ad65f06e76444cadb53b33694cfb3fc7679b8000411975fedd28a,blockNumber=2788
info|2023-07-09 12:57:16.818511|[RPCWS][SERVICE][updateGroupBlockNumber],groupID=group0,_blockNumber=2788
info|2023-07-09 12:57:16.818518|[RPCWS][SERVICE][onRecvBlockNotifier]block notifier callback,group=group0,node=2f993327933ad58672518b6d4f63920cbc68b80f78f4d81192552ee6362f5cc81ee13bdc678ad65f06e76444cadb53b33694cfb3fc7679b8000411975fedd28a,blockNumber=2788
info|2023-07-09 12:57:16.818525|[WS]receive block notify,endpoint=127.0.0.1:20201,blk={
	"blockNumber" : 2788,
	"group" : "group0",
	"nodeName" : "2f993327933ad58672518b6d4f63920cbc68b80f78f4d81192552ee6362f5cc81ee13bdc678ad65f06e76444cadb53b33694cfb3fc7679b8000411975fedd28a"
}
info|2023-07-09 12:57:16.823607|[RPC][BLOCK][NUMBER][fromJson],group=group0,node=98a7f70ec883a722219d92253cf073a72605f4087aa3443c8e4aadc0af2dc3ac647d0fa1b5ac99cd6987abafe6d690ae71cd5fd2aeeabe7589bfb4748aabdfba,blockNumber=2788
info|2023-07-09 12:57:16.823637|[RPCWS][SERVICE][onRecvBlockNotifier]receive block number notifier,group=group0,node=98a7f70ec883a722219d92253cf073a72605f4087aa3443c8e4aadc0af2dc3ac647d0fa1b5ac99cd6987abafe6d690ae71cd5fd2aeeabe7589bfb4748aabdfba,blockNumber=2788
info|2023-07-09 12:57:16.823646|[WS]receive block notify,endpoint=127.0.0.1:20200,blk={
	"blockNumber" : 2788,
	"group" : "group0",
	"nodeName" : "98a7f70ec883a722219d92253cf073a72605f4087aa3443c8e4aadc0af2dc3ac647d0fa1b5ac99cd6987abafe6d690ae71cd5fd2aeeabe7589bfb4748aabdfba"
}
info|2023-07-09 12:57:17.338842|[RPC][BLOCK][NUMBER][fromJson],group=group0,node=98a7f70ec883a722219d92253cf073a72605f4087aa3443c8e4aadc0af2dc3ac647d0fa1b5ac99cd6987abafe6d690ae71cd5fd2aeeabe7589bfb4748aabdfba,blockNumber=2789
info|2023-07-09 12:57:17.338877|[RPCWS][SERVICE][onRecvBlockNotifier]receive block number notifier,group=group0,node=98a7f70ec883a722219d92253cf073a72605f4087aa3443c8e4aadc0af2dc3ac647d0fa1b5ac99cd6987abafe6d690ae71cd5fd2aeeabe7589bfb4748aabdfba,blockNumber=2789
info|2023-07-09 12:57:17.338886|[RPCWS][SERVICE][updateGroupBlockNumber],groupID=group0,_blockNumber=2789
info|2023-07-09 12:57:17.338894|[RPCWS][SERVICE][onRecvBlockNotifier]block notifier callback,group=group0,node=98a7f70ec883a722219d92253cf073a72605f4087aa3443c8e4aadc0af2dc3ac647d0fa1b5ac99cd6987abafe6d690ae71cd5fd2aeeabe7589bfb4748aabdfba,blockNumber=2789
info|2023-07-09 12:57:17.338900|[WS]receive block notify,endpoint=127.0.0.1:20200,blk={
	"blockNumber" : 2789,
	"group" : "group0",
	"nodeName" : "98a7f70ec883a722219d92253cf073a72605f4087aa3443c8e4aadc0af2dc3ac647d0fa1b5ac99cd6987abafe6d690ae71cd5fd2aeeabe7589bfb4748aabdfba"
}
info|2023-07-09 12:57:17.375412|[RPC][BLOCK][NUMBER][fromJson],group=group0,node=2f993327933ad58672518b6d4f63920cbc68b80f78f4d81192552ee6362f5cc81ee13bdc678ad65f06e76444cadb53b33694cfb3fc7679b8000411975fedd28a,blockNumber=2789
info|2023-07-09 12:57:17.375437|[RPCWS][SERVICE][onRecvBlockNotifier]receive block number notifier,group=group0,node=2f993327933ad58672518b6d4f63920cbc68b80f78f4d81192552ee6362f5cc81ee13bdc678ad65f06e76444cadb53b33694cfb3fc7679b8000411975fedd28a,blockNumber=2789
info|2023-07-09 12:57:17.375444|[WS]receive block notify,endpoint=127.0.0.1:20201,blk={
	"blockNumber" : 2789,
	"group" : "group0",
	"nodeName" : "2f993327933ad58672518b6d4f63920cbc68b80f78f4d81192552ee6362f5cc81ee13bdc678ad65f06e76444cadb53b33694cfb3fc7679b8000411975fedd28a"
}
info|2023-07-09 12:57:17.973254|[RPC][BLOCK][NUMBER][fromJson],group=group0,node=98a7f70ec883a722219d92253cf073a72605f4087aa3443c8e4aadc0af2dc3ac647d0fa1b5ac99cd6987abafe6d690ae71cd5fd2aeeabe7589bfb4748aabdfba,blockNumber=2790
info|2023-07-09 12:57:17.973286|[RPCWS][SERVICE][onRecvBlockNotifier]receive block number notifier,group=group0,node=98a7f70ec883a722219d92253cf073a72605f4087aa3443c8e4aadc0af2dc3ac647d0fa1b5ac99cd6987abafe6d690ae71cd5fd2aeeabe7589bfb4748aabdfba,blockNumber=2790
info|2023-07-09 12:57:17.973295|[RPCWS][SERVICE][updateGroupBlockNumber],groupID=group0,_blockNumber=2790
info|2023-07-09 12:57:17.973302|[RPCWS][SERVICE][onRecvBlockNotifier]block notifier callback,group=group0,node=98a7f70ec883a722219d92253cf073a72605f4087aa3443c8e4aadc0af2dc3ac647d0fa1b5ac99cd6987abafe6d690ae71cd5fd2aeeabe7589bfb4748aabdfba,blockNumber=2790
info|2023-07-09 12:57:17.973308|[WS]receive block notify,endpoint=127.0.0.1:20200,blk={
	"blockNumber" : 2790,
	"group" : "group0",
	"nodeName" : "98a7f70ec883a722219d92253cf073a72605f4087aa3443c8e4aadc0af2dc3ac647d0fa1b5ac99cd6987abafe6d690ae71cd5fd2aeeabe7589bfb4748aabdfba"
}
info|2023-07-09 12:57:18.000877|[RPC][BLOCK][NUMBER][fromJson],group=group0,node=2f993327933ad58672518b6d4f63920cbc68b80f78f4d81192552ee6362f5cc81ee13bdc678ad65f06e76444cadb53b33694cfb3fc7679b8000411975fedd28a,blockNumber=2790
info|2023-07-09 12:57:18.000904|[RPCWS][SERVICE][onRecvBlockNotifier]receive block number notifier,group=group0,node=2f993327933ad58672518b6d4f63920cbc68b80f78f4d81192552ee6362f5cc81ee13bdc678ad65f06e76444cadb53b33694cfb3fc7679b8000411975fedd28a,blockNumber=2790
info|2023-07-09 12:57:18.000913|[WS]receive block notify,endpoint=127.0.0.1:20201,blk={
	"blockNumber" : 2790,
	"group" : "group0",
	"nodeName" : "2f993327933ad58672518b6d4f63920cbc68b80f78f4d81192552ee6362f5cc81ee13bdc678ad65f06e76444cadb53b33694cfb3fc7679b8000411975fedd28a"
}
info|2023-07-09 12:57:18.563107|[RPC][BLOCK][NUMBER][fromJson],group=group0,node=98a7f70ec883a722219d92253cf073a72605f4087aa3443c8e4aadc0af2dc3ac647d0fa1b5ac99cd6987abafe6d690ae71cd5fd2aeeabe7589bfb4748aabdfba,blockNumber=2791
info|2023-07-09 12:57:18.563128|[RPCWS][SERVICE][onRecvBlockNotifier]receive block number notifier,group=group0,node=98a7f70ec883a722219d92253cf073a72605f4087aa3443c8e4aadc0af2dc3ac647d0fa1b5ac99cd6987abafe6d690ae71cd5fd2aeeabe7589bfb4748aabdfba,blockNumber=2791
info|2023-07-09 12:57:18.563133|[RPCWS][SERVICE][updateGroupBlockNumber],groupID=group0,_blockNumber=2791
info|2023-07-09 12:57:18.563138|[RPCWS][SERVICE][onRecvBlockNotifier]block notifier callback,group=group0,node=98a7f70ec883a722219d92253cf073a72605f4087aa3443c8e4aadc0af2dc3ac647d0fa1b5ac99cd6987abafe6d690ae71cd5fd2aeeabe7589bfb4748aabdfba,blockNumber=2791
info|2023-07-09 12:57:18.563141|[WS]receive block notify,endpoint=127.0.0.1:20200,blk={
	"blockNumber" : 2791,
	"group" : "group0",
	"nodeName" : "98a7f70ec883a722219d92253cf073a72605f4087aa3443c8e4aadc0af2dc3ac647d0fa1b5ac99cd6987abafe6d690ae71cd5fd2aeeabe7589bfb4748aabdfba"
}
info|2023-07-09 12:57:18.578032|[RPC][BLOCK][NUMBER][fromJson],group=group0,node=2f993327933ad58672518b6d4f63920cbc68b80f78f4d81192552ee6362f5cc81ee13bdc678ad65f06e76444cadb53b33694cfb3fc7679b8000411975fedd28a,blockNumber=2791
info|2023-07-09 12:57:18.578053|[RPCWS][SERVICE][onRecvBlockNotifier]receive block number notifier,group=group0,node=2f993327933ad58672518b6d4f63920cbc68b80f78f4d81192552ee6362f5cc81ee13bdc678ad65f06e76444cadb53b33694cfb3fc7679b8000411975fedd28a,blockNumber=2791
info|2023-07-09 12:57:18.578060|[WS]receive block notify,endpoint=127.0.0.1:20201,blk={
	"blockNumber" : 2791,
	"group" : "group0",
	"nodeName" : "2f993327933ad58672518b6d4f63920cbc68b80f78f4d81192552ee6362f5cc81ee13bdc678ad65f06e76444cadb53b33694cfb3fc7679b8000411975fedd28a"
}
info|2023-07-09 12:57:19.126152|[RPC][BLOCK][NUMBER][fromJson],group=group0,node=98a7f70ec883a722219d92253cf073a72605f4087aa3443c8e4aadc0af2dc3ac647d0fa1b5ac99cd6987abafe6d690ae71cd5fd2aeeabe7589bfb4748aabdfba,blockNumber=2792
info|2023-07-09 12:57:19.126224|[RPCWS][SERVICE][onRecvBlockNotifier]receive block number notifier,group=group0,node=98a7f70ec883a722219d92253cf073a72605f4087aa3443c8e4aadc0af2dc3ac647d0fa1b5ac99cd6987abafe6d690ae71cd5fd2aeeabe7589bfb4748aabdfba,blockNumber=2792
info|2023-07-09 12:57:19.126239|[RPCWS][SERVICE][updateGroupBlockNumber],groupID=group0,_blockNumber=2792
info|2023-07-09 12:57:19.126248|[RPCWS][SERVICE][onRecvBlockNotifier]block notifier callback,group=group0,node=98a7f70ec883a722219d92253cf073a72605f4087aa3443c8e4aadc0af2dc3ac647d0fa1b5ac99cd6987abafe6d690ae71cd5fd2aeeabe7589bfb4748aabdfba,blockNumber=2792
info|2023-07-09 12:57:19.126256|[WS]receive block notify,endpoint=127.0.0.1:20200,blk={
	"blockNumber" : 2792,
	"group" : "group0",
	"nodeName" : "98a7f70ec883a722219d92253cf073a72605f4087aa3443c8e4aadc0af2dc3ac647d0fa1b5ac99cd6987abafe6d690ae71cd5fd2aeeabe7589bfb4748aabdfba"
}
info|2023-07-09 12:57:19.145884|[RPC][BLOCK][NUMBER][fromJson],group=group0,node=2f993327933ad58672518b6d4f63920cbc68b80f78f4d81192552ee6362f5cc81ee13bdc678ad65f06e76444cadb53b33694cfb3fc7679b8000411975fedd28a,blockNumber=2792
info|2023-07-09 12:57:19.145990|[RPCWS][SERVICE][onRecvBlockNotifier]receive block number notifier,group=group0,node=2f993327933ad58672518b6d4f63920cbc68b80f78f4d81192552ee6362f5cc81ee13bdc678ad65f06e76444cadb53b33694cfb3fc7679b8000411975fedd28a,blockNumber=2792
info|2023-07-09 12:57:19.146002|[WS]receive block notify,endpoint=127.0.0.1:20201,blk={
	"blockNumber" : 2792,
	"group" : "group0",
	"nodeName" : "2f993327933ad58672518b6d4f63920cbc68b80f78f4d81192552ee6362f5cc81ee13bdc678ad65f06e76444cadb53b33694cfb3fc7679b8000411975fedd28a"
}
info|2023-07-09 12:57:19.670498|[RPC][BLOCK][NUMBER][fromJson],group=group0,node=98a7f70ec883a722219d92253cf073a72605f4087aa3443c8e4aadc0af2dc3ac647d0fa1b5ac99cd6987abafe6d690ae71cd5fd2aeeabe7589bfb4748aabdfba,blockNumber=2793
info|2023-07-09 12:57:19.670580|[RPCWS][SERVICE][onRecvBlockNotifier]receive block number notifier,group=group0,node=98a7f70ec883a722219d92253cf073a72605f4087aa3443c8e4aadc0af2dc3ac647d0fa1b5ac99cd6987abafe6d690ae71cd5fd2aeeabe7589bfb4748aabdfba,blockNumber=2793
info|2023-07-09 12:57:19.670594|[RPCWS][SERVICE][updateGroupBlockNumber],groupID=group0,_blockNumber=2793
info|2023-07-09 12:57:19.670603|[RPCWS][SERVICE][onRecvBlockNotifier]block notifier callback,group=group0,node=98a7f70ec883a722219d92253cf073a72605f4087aa3443c8e4aadc0af2dc3ac647d0fa1b5ac99cd6987abafe6d690ae71cd5fd2aeeabe7589bfb4748aabdfba,blockNumber=2793
info|2023-07-09 12:57:19.670611|[WS]receive block notify,endpoint=127.0.0.1:20200,blk={
	"blockNumber" : 2793,
	"group" : "group0",
	"nodeName" : "98a7f70ec883a722219d92253cf073a72605f4087aa3443c8e4aadc0af2dc3ac647d0fa1b5ac99cd6987abafe6d690ae71cd5fd2aeeabe7589bfb4748aabdfba"
}
info|2023-07-09 12:57:19.714615|[RPC][BLOCK][NUMBER][fromJson],group=group0,node=2f993327933ad58672518b6d4f63920cbc68b80f78f4d81192552ee6362f5cc81ee13bdc678ad65f06e76444cadb53b33694cfb3fc7679b8000411975fedd28a,blockNumber=2793
info|2023-07-09 12:57:19.714659|[RPCWS][SERVICE][onRecvBlockNotifier]receive block number notifier,group=group0,node=2f993327933ad58672518b6d4f63920cbc68b80f78f4d81192552ee6362f5cc81ee13bdc678ad65f06e76444cadb53b33694cfb3fc7679b8000411975fedd28a,blockNumber=2793
info|2023-07-09 12:57:19.714675|[WS]receive block notify,endpoint=127.0.0.1:20201,blk={
	"blockNumber" : 2793,
	"group" : "group0",
	"nodeName" : "2f993327933ad58672518b6d4f63920cbc68b80f78f4d81192552ee6362f5cc81ee13bdc678ad65f06e76444cadb53b33694cfb3fc7679b8000411975fedd28a"
}
info|2023-07-09 12:57:20.293104|[RPC][BLOCK][NUMBER][fromJson],group=group0,node=98a7f70ec883a722219d92253cf073a72605f4087aa3443c8e4aadc0af2dc3ac647d0fa1b5ac99cd6987abafe6d690ae71cd5fd2aeeabe7589bfb4748aabdfba,blockNumber=2794
info|2023-07-09 12:57:20.293174|[RPCWS][SERVICE][onRecvBlockNotifier]receive block number notifier,group=group0,node=98a7f70ec883a722219d92253cf073a72605f4087aa3443c8e4aadc0af2dc3ac647d0fa1b5ac99cd6987abafe6d690ae71cd5fd2aeeabe7589bfb4748aabdfba,blockNumber=2794
info|2023-07-09 12:57:20.293186|[RPCWS][SERVICE][updateGroupBlockNumber],groupID=group0,_blockNumber=2794
info|2023-07-09 12:57:20.293193|[RPCWS][SERVICE][onRecvBlockNotifier]block notifier callback,group=group0,node=98a7f70ec883a722219d92253cf073a72605f4087aa3443c8e4aadc0af2dc3ac647d0fa1b5ac99cd6987abafe6d690ae71cd5fd2aeeabe7589bfb4748aabdfba,blockNumber=2794
info|2023-07-09 12:57:20.293232|[WS]receive block notify,endpoint=127.0.0.1:20200,blk={
	"blockNumber" : 2794,
	"group" : "group0",
	"nodeName" : "98a7f70ec883a722219d92253cf073a72605f4087aa3443c8e4aadc0af2dc3ac647d0fa1b5ac99cd6987abafe6d690ae71cd5fd2aeeabe7589bfb4748aabdfba"
}
info|2023-07-09 12:57:20.308096|[RPC][BLOCK][NUMBER][fromJson],group=group0,node=2f993327933ad58672518b6d4f63920cbc68b80f78f4d81192552ee6362f5cc81ee13bdc678ad65f06e76444cadb53b33694cfb3fc7679b8000411975fedd28a,blockNumber=2794
info|2023-07-09 12:57:20.308122|[RPCWS][SERVICE][onRecvBlockNotifier]receive block number notifier,group=group0,node=2f993327933ad58672518b6d4f63920cbc68b80f78f4d81192552ee6362f5cc81ee13bdc678ad65f06e76444cadb53b33694cfb3fc7679b8000411975fedd28a,blockNumber=2794
info|2023-07-09 12:57:20.308130|[WS]receive block notify,endpoint=127.0.0.1:20201,blk={
	"blockNumber" : 2794,
	"group" : "group0",
	"nodeName" : "2f993327933ad58672518b6d4f63920cbc68b80f78f4d81192552ee6362f5cc81ee13bdc678ad65f06e76444cadb53b33694cfb3fc7679b8000411975fedd28a"
}
info|2023-07-09 12:57:20.821658|[RPC][BLOCK][NUMBER][fromJson],group=group0,node=98a7f70ec883a722219d92253cf073a72605f4087aa3443c8e4aadc0af2dc3ac647d0fa1b5ac99cd6987abafe6d690ae71cd5fd2aeeabe7589bfb4748aabdfba,blockNumber=2795
info|2023-07-09 12:57:20.821682|[RPCWS][SERVICE][onRecvBlockNotifier]receive block number notifier,group=group0,node=98a7f70ec883a722219d92253cf073a72605f4087aa3443c8e4aadc0af2dc3ac647d0fa1b5ac99cd6987abafe6d690ae71cd5fd2aeeabe7589bfb4748aabdfba,blockNumber=2795
info|2023-07-09 12:57:20.821687|[RPCWS][SERVICE][updateGroupBlockNumber],groupID=group0,_blockNumber=2795
info|2023-07-09 12:57:20.821692|[RPCWS][SERVICE][onRecvBlockNotifier]block notifier callback,group=group0,node=98a7f70ec883a722219d92253cf073a72605f4087aa3443c8e4aadc0af2dc3ac647d0fa1b5ac99cd6987abafe6d690ae71cd5fd2aeeabe7589bfb4748aabdfba,blockNumber=2795
info|2023-07-09 12:57:20.821696|[WS]receive block notify,endpoint=127.0.0.1:20200,blk={
	"blockNumber" : 2795,
	"group" : "group0",
	"nodeName" : "98a7f70ec883a722219d92253cf073a72605f4087aa3443c8e4aadc0af2dc3ac647d0fa1b5ac99cd6987abafe6d690ae71cd5fd2aeeabe7589bfb4748aabdfba"
}
info|2023-07-09 12:57:20.875907|[RPC][BLOCK][NUMBER][fromJson],group=group0,node=2f993327933ad58672518b6d4f63920cbc68b80f78f4d81192552ee6362f5cc81ee13bdc678ad65f06e76444cadb53b33694cfb3fc7679b8000411975fedd28a,blockNumber=2795
info|2023-07-09 12:57:20.875968|[RPCWS][SERVICE][onRecvBlockNotifier]receive block number notifier,group=group0,node=2f993327933ad58672518b6d4f63920cbc68b80f78f4d81192552ee6362f5cc81ee13bdc678ad65f06e76444cadb53b33694cfb3fc7679b8000411975fedd28a,blockNumber=2795
info|2023-07-09 12:57:20.875989|[WS]receive block notify,endpoint=127.0.0.1:20201,blk={
	"blockNumber" : 2795,
	"group" : "group0",
	"nodeName" : "2f993327933ad58672518b6d4f63920cbc68b80f78f4d81192552ee6362f5cc81ee13bdc678ad65f06e76444cadb53b33694cfb3fc7679b8000411975fedd28a"
}
info|2023-07-09 12:57:21.389550|[RPC][BLOCK][NUMBER][fromJson],group=group0,node=98a7f70ec883a722219d92253cf073a72605f4087aa3443c8e4aadc0af2dc3ac647d0fa1b5ac99cd6987abafe6d690ae71cd5fd2aeeabe7589bfb4748aabdfba,blockNumber=2796
info|2023-07-09 12:57:21.389647|[RPCWS][SERVICE][onRecvBlockNotifier]receive block number notifier,group=group0,node=98a7f70ec883a722219d92253cf073a72605f4087aa3443c8e4aadc0af2dc3ac647d0fa1b5ac99cd6987abafe6d690ae71cd5fd2aeeabe7589bfb4748aabdfba,blockNumber=2796
info|2023-07-09 12:57:21.390011|[RPCWS][SERVICE][updateGroupBlockNumber],groupID=group0,_blockNumber=2796
info|2023-07-09 12:57:21.390027|[RPCWS][SERVICE][onRecvBlockNotifier]block notifier callback,group=group0,node=98a7f70ec883a722219d92253cf073a72605f4087aa3443c8e4aadc0af2dc3ac647d0fa1b5ac99cd6987abafe6d690ae71cd5fd2aeeabe7589bfb4748aabdfba,blockNumber=2796
info|2023-07-09 12:57:21.390034|[WS]receive block notify,endpoint=127.0.0.1:20200,blk={
	"blockNumber" : 2796,
	"group" : "group0",
	"nodeName" : "98a7f70ec883a722219d92253cf073a72605f4087aa3443c8e4aadc0af2dc3ac647d0fa1b5ac99cd6987abafe6d690ae71cd5fd2aeeabe7589bfb4748aabdfba"
}
info|2023-07-09 12:57:21.417889|[RPC][BLOCK][NUMBER][fromJson],group=group0,node=2f993327933ad58672518b6d4f63920cbc68b80f78f4d81192552ee6362f5cc81ee13bdc678ad65f06e76444cadb53b33694cfb3fc7679b8000411975fedd28a,blockNumber=2796
info|2023-07-09 12:57:21.418104|[RPCWS][SERVICE][onRecvBlockNotifier]receive block number notifier,group=group0,node=2f993327933ad58672518b6d4f63920cbc68b80f78f4d81192552ee6362f5cc81ee13bdc678ad65f06e76444cadb53b33694cfb3fc7679b8000411975fedd28a,blockNumber=2796
info|2023-07-09 12:57:21.418161|[WS]receive block notify,endpoint=127.0.0.1:20201,blk={
	"blockNumber" : 2796,
	"group" : "group0",
	"nodeName" : "2f993327933ad58672518b6d4f63920cbc68b80f78f4d81192552ee6362f5cc81ee13bdc678ad65f06e76444cadb53b33694cfb3fc7679b8000411975fedd28a"
}
info|2023-07-09 12:57:21.966562|[RPC][BLOCK][NUMBER][fromJson],group=group0,node=98a7f70ec883a722219d92253cf073a72605f4087aa3443c8e4aadc0af2dc3ac647d0fa1b5ac99cd6987abafe6d690ae71cd5fd2aeeabe7589bfb4748aabdfba,blockNumber=2797
info|2023-07-09 12:57:21.966591|[RPCWS][SERVICE][onRecvBlockNotifier]receive block number notifier,group=group0,node=98a7f70ec883a722219d92253cf073a72605f4087aa3443c8e4aadc0af2dc3ac647d0fa1b5ac99cd6987abafe6d690ae71cd5fd2aeeabe7589bfb4748aabdfba,blockNumber=2797
info|2023-07-09 12:57:21.966599|[RPCWS][SERVICE][updateGroupBlockNumber],groupID=group0,_blockNumber=2797
info|2023-07-09 12:57:21.966604|[RPCWS][SERVICE][onRecvBlockNotifier]block notifier callback,group=group0,node=98a7f70ec883a722219d92253cf073a72605f4087aa3443c8e4aadc0af2dc3ac647d0fa1b5ac99cd6987abafe6d690ae71cd5fd2aeeabe7589bfb4748aabdfba,blockNumber=2797
info|2023-07-09 12:57:21.966609|[WS]receive block notify,endpoint=127.0.0.1:20200,blk={
	"blockNumber" : 2797,
	"group" : "group0",
	"nodeName" : "98a7f70ec883a722219d92253cf073a72605f4087aa3443c8e4aadc0af2dc3ac647d0fa1b5ac99cd6987abafe6d690ae71cd5fd2aeeabe7589bfb4748aabdfba"
}
info|2023-07-09 12:57:21.984635|[RPC][BLOCK][NUMBER][fromJson],group=group0,node=2f993327933ad58672518b6d4f63920cbc68b80f78f4d81192552ee6362f5cc81ee13bdc678ad65f06e76444cadb53b33694cfb3fc7679b8000411975fedd28a,blockNumber=2797
info|2023-07-09 12:57:21.984661|[RPCWS][SERVICE][onRecvBlockNotifier]receive block number notifier,group=group0,node=2f993327933ad58672518b6d4f63920cbc68b80f78f4d81192552ee6362f5cc81ee13bdc678ad65f06e76444cadb53b33694cfb3fc7679b8000411975fedd28a,blockNumber=2797
info|2023-07-09 12:57:21.984671|[WS]receive block notify,endpoint=127.0.0.1:20201,blk={
	"blockNumber" : 2797,
	"group" : "group0",
	"nodeName" : "2f993327933ad58672518b6d4f63920cbc68b80f78f4d81192552ee6362f5cc81ee13bdc678ad65f06e76444cadb53b33694cfb3fc7679b8000411975fedd28a"
}
info|2023-07-09 12:57:22.567941|[RPC][BLOCK][NUMBER][fromJson],group=group0,node=98a7f70ec883a722219d92253cf073a72605f4087aa3443c8e4aadc0af2dc3ac647d0fa1b5ac99cd6987abafe6d690ae71cd5fd2aeeabe7589bfb4748aabdfba,blockNumber=2798
info|2023-07-09 12:57:22.567999|[RPCWS][SERVICE][onRecvBlockNotifier]receive block number notifier,group=group0,node=98a7f70ec883a722219d92253cf073a72605f4087aa3443c8e4aadc0af2dc3ac647d0fa1b5ac99cd6987abafe6d690ae71cd5fd2aeeabe7589bfb4748aabdfba,blockNumber=2798
info|2023-07-09 12:57:22.568009|[RPCWS][SERVICE][updateGroupBlockNumber],groupID=group0,_blockNumber=2798
info|2023-07-09 12:57:22.568014|[RPCWS][SERVICE][onRecvBlockNotifier]block notifier callback,group=group0,node=98a7f70ec883a722219d92253cf073a72605f4087aa3443c8e4aadc0af2dc3ac647d0fa1b5ac99cd6987abafe6d690ae71cd5fd2aeeabe7589bfb4748aabdfba,blockNumber=2798
info|2023-07-09 12:57:22.568020|[WS]receive block notify,endpoint=127.0.0.1:20200,blk={
	"blockNumber" : 2798,
	"group" : "group0",
	"nodeName" : "98a7f70ec883a722219d92253cf073a72605f4087aa3443c8e4aadc0af2dc3ac647d0fa1b5ac99cd6987abafe6d690ae71cd5fd2aeeabe7589bfb4748aabdfba"
}
info|2023-07-09 12:57:22.630943|[RPC][BLOCK][NUMBER][fromJson],group=group0,node=2f993327933ad58672518b6d4f63920cbc68b80f78f4d81192552ee6362f5cc81ee13bdc678ad65f06e76444cadb53b33694cfb3fc7679b8000411975fedd28a,blockNumber=2798
info|2023-07-09 12:57:22.630991|[RPCWS][SERVICE][onRecvBlockNotifier]receive block number notifier,group=group0,node=2f993327933ad58672518b6d4f63920cbc68b80f78f4d81192552ee6362f5cc81ee13bdc678ad65f06e76444cadb53b33694cfb3fc7679b8000411975fedd28a,blockNumber=2798
info|2023-07-09 12:57:22.631000|[WS]receive block notify,endpoint=127.0.0.1:20201,blk={
	"blockNumber" : 2798,
	"group" : "group0",
	"nodeName" : "2f993327933ad58672518b6d4f63920cbc68b80f78f4d81192552ee6362f5cc81ee13bdc678ad65f06e76444cadb53b33694cfb3fc7679b8000411975fedd28a"
}
info|2023-07-09 12:57:33.228577|[EVENT][SUB][doLoop]event sub tasks report,working event sub count=0,suspend event sub count=0
info|2023-07-09 12:57:33.290320|[SDK][WS][SERVICE]connected nodes,count=2
info|2023-07-09 12:57:53.228663|[EVENT][SUB][doLoop]event sub tasks report,working event sub count=0,suspend event sub count=0
info|2023-07-09 12:57:53.290632|[SDK][WS][SERVICE]connected nodes,count=2
info|2023-07-09 12:58:13.229362|[EVENT][SUB][doLoop]event sub tasks report,working event sub count=0,suspend event sub count=0
info|2023-07-09 12:58:13.291119|[SDK][WS][SERVICE]connected nodes,count=2
info|2023-07-09 12:58:33.229961|[EVENT][SUB][doLoop]event sub tasks report,working event sub count=0,suspend event sub count=0
info|2023-07-09 12:58:33.291345|[SDK][WS][SERVICE]connected nodes,count=2
info|2023-07-09 12:58:53.230424|[EVENT][SUB][doLoop]event sub tasks report,working event sub count=0,suspend event sub count=0
info|2023-07-09 12:58:53.292164|[SDK][WS][SERVICE]connected nodes,count=2
info|2023-07-09 12:59:13.230540|[EVENT][SUB][doLoop]event sub tasks report,working event sub count=0,suspend event sub count=0
info|2023-07-09 12:59:13.292653|[SDK][WS][SERVICE]connected nodes,count=2
info|2023-07-09 12:59:33.231069|[EVENT][SUB][doLoop]event sub tasks report,working event sub count=0,suspend event sub count=0
info|2023-07-09 12:59:33.292950|[SDK][WS][SERVICE]connected nodes,count=2
info|2023-07-09 12:59:53.231623|[EVENT][SUB][doLoop]event sub tasks report,working event sub count=0,suspend event sub count=0
info|2023-07-09 12:59:53.293417|[SDK][WS][SERVICE]connected nodes,count=2
