info|2023-07-08 10:00:07.267765|[EVENT][SUB][doLoop]event sub tasks report,working event sub count=0,suspend event sub count=0
info|2023-07-08 10:00:07.321382|[SDK][WS][SERVICE]connected nodes,count=2
info|2023-07-08 10:00:27.268776|[EVENT][SUB][doLoop]event sub tasks report,working event sub count=0,suspend event sub count=0
info|2023-07-08 10:00:27.321666|[SDK][WS][SERVICE]connected nodes,count=2
info|2023-07-08 10:00:47.269664|[EVENT][SUB][doLoop]event sub tasks report,working event sub count=0,suspend event sub count=0
info|2023-07-08 10:00:47.326530|[SDK][WS][SERVICE]connected nodes,count=2
info|2023-07-08 10:01:07.270442|[EVENT][SUB][doLoop]event sub tasks report,working event sub count=0,suspend event sub count=0
info|2023-07-08 10:01:07.327595|[SDK][WS][SERVICE]connected nodes,count=2
info|2023-07-08 10:01:27.271791|[EVENT][SUB][doLoop]event sub tasks report,working event sub count=0,suspend event sub count=0
info|2023-07-08 10:01:27.328311|[SDK][WS][SERVICE]connected nodes,count=2
info|2023-07-08 10:01:47.273455|[EVENT][SUB][doLoop]event sub tasks report,working event sub count=0,suspend event sub count=0
info|2023-07-08 10:01:47.328918|[SDK][WS][SERVICE]connected nodes,count=2
info|2023-07-08 10:02:07.273793|[EVENT][SUB][doLoop]event sub tasks report,working event sub count=0,suspend event sub count=0
info|2023-07-08 10:02:07.329398|[SDK][WS][SERVICE]connected nodes,count=2
info|2023-07-08 10:02:27.278533|[EVENT][SUB][doLoop]event sub tasks report,working event sub count=0,suspend event sub count=0
info|2023-07-08 10:02:27.330343|[SDK][WS][SERVICE]connected nodes,count=2
info|2023-07-08 10:02:47.283506|[EVENT][SUB][doLoop]event sub tasks report,working event sub count=0,suspend event sub count=0
info|2023-07-08 10:02:47.331612|[SDK][WS][SERVICE]connected nodes,count=2
info|2023-07-08 10:03:07.286042|[EVENT][SUB][doLoop]event sub tasks report,working event sub count=0,suspend event sub count=0
info|2023-07-08 10:03:07.332209|[SDK][WS][SERVICE]connected nodes,count=2
info|2023-07-08 10:03:27.286294|[EVENT][SUB][doLoop]event sub tasks report,working event sub count=0,suspend event sub count=0
info|2023-07-08 10:03:27.333078|[SDK][WS][SERVICE]connected nodes,count=2
info|2023-07-08 10:03:47.286371|[EVENT][SUB][doLoop]event sub tasks report,working event sub count=0,suspend event sub count=0
info|2023-07-08 10:03:47.333429|[SDK][WS][SERVICE]connected nodes,count=2
info|2023-07-08 10:04:07.286783|[EVENT][SUB][doLoop]event sub tasks report,working event sub count=0,suspend event sub count=0
info|2023-07-08 10:04:07.334739|[SDK][WS][SERVICE]connected nodes,count=2
info|2023-07-08 10:04:27.293065|[EVENT][SUB][doLoop]event sub tasks report,working event sub count=0,suspend event sub count=0
info|2023-07-08 10:04:27.354877|[SDK][WS][SERVICE]connected nodes,count=2
info|2023-07-08 10:04:47.293382|[EVENT][SUB][doLoop]event sub tasks report,working event sub count=0,suspend event sub count=0
info|2023-07-08 10:04:47.363645|[SDK][WS][SERVICE]connected nodes,count=2
info|2023-07-08 10:05:07.293686|[EVENT][SUB][doLoop]event sub tasks report,working event sub count=0,suspend event sub count=0
info|2023-07-08 10:05:07.364026|[SDK][WS][SERVICE]connected nodes,count=2
info|2023-07-08 10:05:27.294785|[EVENT][SUB][doLoop]event sub tasks report,working event sub count=0,suspend event sub count=0
info|2023-07-08 10:05:27.368908|[SDK][WS][SERVICE]connected nodes,count=2
info|2023-07-08 10:05:47.298113|[EVENT][SUB][doLoop]event sub tasks report,working event sub count=0,suspend event sub count=0
info|2023-07-08 10:05:47.370079|[SDK][WS][SERVICE]connected nodes,count=2
info|2023-07-08 10:06:07.335265|[EVENT][SUB][doLoop]event sub tasks report,working event sub count=0,suspend event sub count=0
info|2023-07-08 10:06:07.370309|[SDK][WS][SERVICE]connected nodes,count=2
info|2023-07-08 10:06:27.336114|[EVENT][SUB][doLoop]event sub tasks report,working event sub count=0,suspend event sub count=0
info|2023-07-08 10:06:27.370743|[SDK][WS][SERVICE]connected nodes,count=2
info|2023-07-08 10:06:47.336683|[EVENT][SUB][doLoop]event sub tasks report,working event sub count=0,suspend event sub count=0
info|2023-07-08 10:06:47.370977|[SDK][WS][SERVICE]connected nodes,count=2
info|2023-07-08 10:07:07.337306|[EVENT][SUB][doLoop]event sub tasks report,working event sub count=0,suspend event sub count=0
info|2023-07-08 10:07:07.371858|[SDK][WS][SERVICE]connected nodes,count=2
info|2023-07-08 10:07:27.338094|[EVENT][SUB][doLoop]event sub tasks report,working event sub count=0,suspend event sub count=0
info|2023-07-08 10:07:27.376212|[SDK][WS][SERVICE]connected nodes,count=2
info|2023-07-08 10:07:47.338879|[EVENT][SUB][doLoop]event sub tasks report,working event sub count=0,suspend event sub count=0
info|2023-07-08 10:07:47.377278|[SDK][WS][SERVICE]connected nodes,count=2
info|2023-07-08 10:08:07.338933|[EVENT][SUB][doLoop]event sub tasks report,working event sub count=0,suspend event sub count=0
info|2023-07-08 10:08:07.377606|[SDK][WS][SERVICE]connected nodes,count=2
info|2023-07-08 10:08:27.339459|[EVENT][SUB][doLoop]event sub tasks report,working event sub count=0,suspend event sub count=0
info|2023-07-08 10:08:27.378011|[SDK][WS][SERVICE]connected nodes,count=2
info|2023-07-08 10:08:47.346705|[EVENT][SUB][doLoop]event sub tasks report,working event sub count=0,suspend event sub count=0
info|2023-07-08 10:08:47.378468|[SDK][WS][SERVICE]connected nodes,count=2
info|2023-07-08 10:09:07.347010|[EVENT][SUB][doLoop]event sub tasks report,working event sub count=0,suspend event sub count=0
info|2023-07-08 10:09:07.378827|[SDK][WS][SERVICE]connected nodes,count=2
info|2023-07-08 10:09:27.347609|[EVENT][SUB][doLoop]event sub tasks report,working event sub count=0,suspend event sub count=0
info|2023-07-08 10:09:27.379001|[SDK][WS][SERVICE]connected nodes,count=2
info|2023-07-08 10:09:47.348639|[EVENT][SUB][doLoop]event sub tasks report,working event sub count=0,suspend event sub count=0
info|2023-07-08 10:09:47.379486|[SDK][WS][SERVICE]connected nodes,count=2
info|2023-07-08 10:10:07.349398|[EVENT][SUB][doLoop]event sub tasks report,working event sub count=0,suspend event sub count=0
info|2023-07-08 10:10:07.380385|[SDK][WS][SERVICE]connected nodes,count=2
info|2023-07-08 10:10:27.351967|[EVENT][SUB][doLoop]event sub tasks report,working event sub count=0,suspend event sub count=0
info|2023-07-08 10:10:27.382725|[SDK][WS][SERVICE]connected nodes,count=2
info|2023-07-08 10:10:47.352249|[EVENT][SUB][doLoop]event sub tasks report,working event sub count=0,suspend event sub count=0
info|2023-07-08 10:10:47.383829|[SDK][WS][SERVICE]connected nodes,count=2
info|2023-07-08 10:11:07.352514|[EVENT][SUB][doLoop]event sub tasks report,working event sub count=0,suspend event sub count=0
info|2023-07-08 10:11:07.384100|[SDK][WS][SERVICE]connected nodes,count=2
info|2023-07-08 10:11:27.356708|[EVENT][SUB][doLoop]event sub tasks report,working event sub count=0,suspend event sub count=0
info|2023-07-08 10:11:27.385931|[SDK][WS][SERVICE]connected nodes,count=2
info|2023-07-08 10:11:47.356839|[EVENT][SUB][doLoop]event sub tasks report,working event sub count=0,suspend event sub count=0
info|2023-07-08 10:11:47.388043|[SDK][WS][SERVICE]connected nodes,count=2
info|2023-07-08 10:12:07.357867|[EVENT][SUB][doLoop]event sub tasks report,working event sub count=0,suspend event sub count=0
info|2023-07-08 10:12:07.388807|[SDK][WS][SERVICE]connected nodes,count=2
info|2023-07-08 10:12:27.357993|[EVENT][SUB][doLoop]event sub tasks report,working event sub count=0,suspend event sub count=0
info|2023-07-08 10:12:27.388993|[SDK][WS][SERVICE]connected nodes,count=2
info|2023-07-08 10:12:47.364749|[EVENT][SUB][doLoop]event sub tasks report,working event sub count=0,suspend event sub count=0
info|2023-07-08 10:12:47.389251|[SDK][WS][SERVICE]connected nodes,count=2
info|2023-07-08 10:13:07.366876|[EVENT][SUB][doLoop]event sub tasks report,working event sub count=0,suspend event sub count=0
info|2023-07-08 10:13:07.409851|[SDK][WS][SERVICE]connected nodes,count=2
info|2023-07-08 10:13:27.367806|[EVENT][SUB][doLoop]event sub tasks report,working event sub count=0,suspend event sub count=0
info|2023-07-08 10:13:27.410486|[SDK][WS][SERVICE]connected nodes,count=2
info|2023-07-08 10:13:47.368283|[EVENT][SUB][doLoop]event sub tasks report,working event sub count=0,suspend event sub count=0
info|2023-07-08 10:13:47.415130|[SDK][WS][SERVICE]connected nodes,count=2
info|2023-07-08 10:14:07.387902|[EVENT][SUB][doLoop]event sub tasks report,working event sub count=0,suspend event sub count=0
info|2023-07-08 10:14:07.417893|[SDK][WS][SERVICE]connected nodes,count=2
info|2023-07-08 10:14:27.409167|[EVENT][SUB][doLoop]event sub tasks report,working event sub count=0,suspend event sub count=0
info|2023-07-08 10:14:27.420010|[SDK][WS][SERVICE]connected nodes,count=2
info|2023-07-08 10:14:47.409229|[EVENT][SUB][doLoop]event sub tasks report,working event sub count=0,suspend event sub count=0
info|2023-07-08 10:14:47.421569|[SDK][WS][SERVICE]connected nodes,count=2
info|2023-07-08 10:15:07.409318|[EVENT][SUB][doLoop]event sub tasks report,working event sub count=0,suspend event sub count=0
info|2023-07-08 10:15:07.422597|[SDK][WS][SERVICE]connected nodes,count=2
info|2023-07-08 10:15:27.414113|[EVENT][SUB][doLoop]event sub tasks report,working event sub count=0,suspend event sub count=0
info|2023-07-08 10:15:27.429623|[SDK][WS][SERVICE]connected nodes,count=2
info|2023-07-08 10:15:47.414656|[EVENT][SUB][doLoop]event sub tasks report,working event sub count=0,suspend event sub count=0
info|2023-07-08 10:15:47.430489|[SDK][WS][SERVICE]connected nodes,count=2
info|2023-07-08 10:16:07.415747|[EVENT][SUB][doLoop]event sub tasks report,working event sub count=0,suspend event sub count=0
info|2023-07-08 10:16:07.435976|[SDK][WS][SERVICE]connected nodes,count=2
info|2023-07-08 10:16:27.423986|[EVENT][SUB][doLoop]event sub tasks report,working event sub count=0,suspend event sub count=0
info|2023-07-08 10:16:27.469049|[SDK][WS][SERVICE]connected nodes,count=2
info|2023-07-08 10:16:47.424602|[EVENT][SUB][doLoop]event sub tasks report,working event sub count=0,suspend event sub count=0
info|2023-07-08 10:16:47.469545|[SDK][WS][SERVICE]connected nodes,count=2
info|2023-07-08 10:17:07.431542|[EVENT][SUB][doLoop]event sub tasks report,working event sub count=0,suspend event sub count=0
info|2023-07-08 10:17:07.493375|[SDK][WS][SERVICE]connected nodes,count=2
info|2023-07-08 10:17:27.431177|[EVENT][SUB][doLoop]event sub tasks report,working event sub count=0,suspend event sub count=0
info|2023-07-08 10:17:27.494361|[SDK][WS][SERVICE]connected nodes,count=2
info|2023-07-08 10:17:47.431567|[EVENT][SUB][doLoop]event sub tasks report,working event sub count=0,suspend event sub count=0
info|2023-07-08 10:17:47.514922|[SDK][WS][SERVICE]connected nodes,count=2
info|2023-07-08 10:18:07.432245|[EVENT][SUB][doLoop]event sub tasks report,working event sub count=0,suspend event sub count=0
info|2023-07-08 10:18:07.515341|[SDK][WS][SERVICE]connected nodes,count=2
info|2023-07-08 10:18:27.436117|[EVENT][SUB][doLoop]event sub tasks report,working event sub count=0,suspend event sub count=0
info|2023-07-08 10:18:27.518965|[SDK][WS][SERVICE]connected nodes,count=2
info|2023-07-08 10:18:47.446020|[EVENT][SUB][doLoop]event sub tasks report,working event sub count=0,suspend event sub count=0
info|2023-07-08 10:18:47.542387|[SDK][WS][SERVICE]connected nodes,count=2
info|2023-07-08 10:19:07.446128|[EVENT][SUB][doLoop]event sub tasks report,working event sub count=0,suspend event sub count=0
info|2023-07-08 10:19:07.543381|[SDK][WS][SERVICE]connected nodes,count=2
info|2023-07-08 10:19:27.446430|[EVENT][SUB][doLoop]event sub tasks report,working event sub count=0,suspend event sub count=0
info|2023-07-08 10:19:27.543965|[SDK][WS][SERVICE]connected nodes,count=2
info|2023-07-08 10:19:47.446498|[EVENT][SUB][doLoop]event sub tasks report,working event sub count=0,suspend event sub count=0
info|2023-07-08 10:19:47.544882|[SDK][WS][SERVICE]connected nodes,count=2
info|2023-07-08 10:20:07.446608|[EVENT][SUB][doLoop]event sub tasks report,working event sub count=0,suspend event sub count=0
info|2023-07-08 10:20:07.545313|[SDK][WS][SERVICE]connected nodes,count=2
info|2023-07-08 10:20:27.446852|[EVENT][SUB][doLoop]event sub tasks report,working event sub count=0,suspend event sub count=0
info|2023-07-08 10:20:27.545877|[SDK][WS][SERVICE]connected nodes,count=2
info|2023-07-08 10:20:47.447513|[EVENT][SUB][doLoop]event sub tasks report,working event sub count=0,suspend event sub count=0
info|2023-07-08 10:20:47.546148|[SDK][WS][SERVICE]connected nodes,count=2
info|2023-07-08 10:21:07.448027|[EVENT][SUB][doLoop]event sub tasks report,working event sub count=0,suspend event sub count=0
info|2023-07-08 10:21:07.546406|[SDK][WS][SERVICE]connected nodes,count=2
info|2023-07-08 10:21:27.448126|[EVENT][SUB][doLoop]event sub tasks report,working event sub count=0,suspend event sub count=0
info|2023-07-08 10:21:27.546821|[SDK][WS][SERVICE]connected nodes,count=2
info|2023-07-08 10:21:47.448561|[EVENT][SUB][doLoop]event sub tasks report,working event sub count=0,suspend event sub count=0
info|2023-07-08 10:21:47.547375|[SDK][WS][SERVICE]connected nodes,count=2
info|2023-07-08 10:22:07.448904|[EVENT][SUB][doLoop]event sub tasks report,working event sub count=0,suspend event sub count=0
info|2023-07-08 10:22:07.547619|[SDK][WS][SERVICE]connected nodes,count=2
info|2023-07-08 10:22:27.450055|[EVENT][SUB][doLoop]event sub tasks report,working event sub count=0,suspend event sub count=0
info|2023-07-08 10:22:27.548544|[SDK][WS][SERVICE]connected nodes,count=2
info|2023-07-08 10:22:47.451457|[EVENT][SUB][doLoop]event sub tasks report,working event sub count=0,suspend event sub count=0
info|2023-07-08 10:22:47.548753|[SDK][WS][SERVICE]connected nodes,count=2
info|2023-07-08 10:23:07.451867|[EVENT][SUB][doLoop]event sub tasks report,working event sub count=0,suspend event sub count=0
info|2023-07-08 10:23:07.549171|[SDK][WS][SERVICE]connected nodes,count=2
info|2023-07-08 10:23:27.451923|[EVENT][SUB][doLoop]event sub tasks report,working event sub count=0,suspend event sub count=0
info|2023-07-08 10:23:27.549316|[SDK][WS][SERVICE]connected nodes,count=2
info|2023-07-08 10:23:47.452201|[EVENT][SUB][doLoop]event sub tasks report,working event sub count=0,suspend event sub count=0
info|2023-07-08 10:23:47.549479|[SDK][WS][SERVICE]connected nodes,count=2
info|2023-07-08 10:24:07.452871|[EVENT][SUB][doLoop]event sub tasks report,working event sub count=0,suspend event sub count=0
info|2023-07-08 10:24:07.549970|[SDK][WS][SERVICE]connected nodes,count=2
info|2023-07-08 10:24:27.454341|[EVENT][SUB][doLoop]event sub tasks report,working event sub count=0,suspend event sub count=0
info|2023-07-08 10:24:27.560252|[SDK][WS][SERVICE]connected nodes,count=2
info|2023-07-08 10:24:47.461899|[EVENT][SUB][doLoop]event sub tasks report,working event sub count=0,suspend event sub count=0
info|2023-07-08 10:24:47.560605|[SDK][WS][SERVICE]connected nodes,count=2
info|2023-07-08 10:25:07.462928|[EVENT][SUB][doLoop]event sub tasks report,working event sub count=0,suspend event sub count=0
info|2023-07-08 10:25:07.560885|[SDK][WS][SERVICE]connected nodes,count=2
info|2023-07-08 10:25:27.463325|[EVENT][SUB][doLoop]event sub tasks report,working event sub count=0,suspend event sub count=0
info|2023-07-08 10:25:27.561092|[SDK][WS][SERVICE]connected nodes,count=2
info|2023-07-08 10:25:47.466002|[EVENT][SUB][doLoop]event sub tasks report,working event sub count=0,suspend event sub count=0
info|2023-07-08 10:25:47.561495|[SDK][WS][SERVICE]connected nodes,count=2
info|2023-07-08 10:26:07.466459|[EVENT][SUB][doLoop]event sub tasks report,working event sub count=0,suspend event sub count=0
info|2023-07-08 10:26:07.561826|[SDK][WS][SERVICE]connected nodes,count=2
info|2023-07-08 10:26:27.466874|[EVENT][SUB][doLoop]event sub tasks report,working event sub count=0,suspend event sub count=0
info|2023-07-08 10:26:27.562133|[SDK][WS][SERVICE]connected nodes,count=2
info|2023-07-08 10:26:47.467024|[EVENT][SUB][doLoop]event sub tasks report,working event sub count=0,suspend event sub count=0
info|2023-07-08 10:26:47.562414|[SDK][WS][SERVICE]connected nodes,count=2
info|2023-07-08 10:27:07.467867|[EVENT][SUB][doLoop]event sub tasks report,working event sub count=0,suspend event sub count=0
info|2023-07-08 10:27:07.563052|[SDK][WS][SERVICE]connected nodes,count=2
info|2023-07-08 10:27:13.921413|[RPC][BLOCK][NUMBER][fromJson],group=group0,node=98a7f70ec883a722219d92253cf073a72605f4087aa3443c8e4aadc0af2dc3ac647d0fa1b5ac99cd6987abafe6d690ae71cd5fd2aeeabe7589bfb4748aabdfba,blockNumber=1935
info|2023-07-08 10:27:13.921550|[RPCWS][SERVICE][onRecvBlockNotifier]receive block number notifier,group=group0,node=98a7f70ec883a722219d92253cf073a72605f4087aa3443c8e4aadc0af2dc3ac647d0fa1b5ac99cd6987abafe6d690ae71cd5fd2aeeabe7589bfb4748aabdfba,blockNumber=1935
info|2023-07-08 10:27:13.921594|[RPCWS][SERVICE][updateGroupBlockNumber],groupID=group0,_blockNumber=1935
info|2023-07-08 10:27:13.921638|[RPCWS][SERVICE][onRecvBlockNotifier]block notifier callback,group=group0,node=98a7f70ec883a722219d92253cf073a72605f4087aa3443c8e4aadc0af2dc3ac647d0fa1b5ac99cd6987abafe6d690ae71cd5fd2aeeabe7589bfb4748aabdfba,blockNumber=1935
info|2023-07-08 10:27:13.921702|[WS]receive block notify,endpoint=127.0.0.1:20200,blk={
	"blockNumber" : 1935,
	"group" : "group0",
	"nodeName" : "98a7f70ec883a722219d92253cf073a72605f4087aa3443c8e4aadc0af2dc3ac647d0fa1b5ac99cd6987abafe6d690ae71cd5fd2aeeabe7589bfb4748aabdfba"
}
info|2023-07-08 10:27:13.931905|[RPC][BLOCK][NUMBER][fromJson],group=group0,node=2f993327933ad58672518b6d4f63920cbc68b80f78f4d81192552ee6362f5cc81ee13bdc678ad65f06e76444cadb53b33694cfb3fc7679b8000411975fedd28a,blockNumber=1935
info|2023-07-08 10:27:13.931954|[RPCWS][SERVICE][onRecvBlockNotifier]receive block number notifier,group=group0,node=2f993327933ad58672518b6d4f63920cbc68b80f78f4d81192552ee6362f5cc81ee13bdc678ad65f06e76444cadb53b33694cfb3fc7679b8000411975fedd28a,blockNumber=1935
info|2023-07-08 10:27:13.931967|[WS]receive block notify,endpoint=127.0.0.1:20201,blk={
	"blockNumber" : 1935,
	"group" : "group0",
	"nodeName" : "2f993327933ad58672518b6d4f63920cbc68b80f78f4d81192552ee6362f5cc81ee13bdc678ad65f06e76444cadb53b33694cfb3fc7679b8000411975fedd28a"
}
info|2023-07-08 10:27:14.471649|[RPC][BLOCK][NUMBER][fromJson],group=group0,node=98a7f70ec883a722219d92253cf073a72605f4087aa3443c8e4aadc0af2dc3ac647d0fa1b5ac99cd6987abafe6d690ae71cd5fd2aeeabe7589bfb4748aabdfba,blockNumber=1936
info|2023-07-08 10:27:14.471668|[RPCWS][SERVICE][onRecvBlockNotifier]receive block number notifier,group=group0,node=98a7f70ec883a722219d92253cf073a72605f4087aa3443c8e4aadc0af2dc3ac647d0fa1b5ac99cd6987abafe6d690ae71cd5fd2aeeabe7589bfb4748aabdfba,blockNumber=1936
info|2023-07-08 10:27:14.471673|[RPCWS][SERVICE][updateGroupBlockNumber],groupID=group0,_blockNumber=1936
info|2023-07-08 10:27:14.471678|[RPCWS][SERVICE][onRecvBlockNotifier]block notifier callback,group=group0,node=98a7f70ec883a722219d92253cf073a72605f4087aa3443c8e4aadc0af2dc3ac647d0fa1b5ac99cd6987abafe6d690ae71cd5fd2aeeabe7589bfb4748aabdfba,blockNumber=1936
info|2023-07-08 10:27:14.471681|[WS]receive block notify,endpoint=127.0.0.1:20200,blk={
	"blockNumber" : 1936,
	"group" : "group0",
	"nodeName" : "98a7f70ec883a722219d92253cf073a72605f4087aa3443c8e4aadc0af2dc3ac647d0fa1b5ac99cd6987abafe6d690ae71cd5fd2aeeabe7589bfb4748aabdfba"
}
info|2023-07-08 10:27:14.508571|[RPC][BLOCK][NUMBER][fromJson],group=group0,node=2f993327933ad58672518b6d4f63920cbc68b80f78f4d81192552ee6362f5cc81ee13bdc678ad65f06e76444cadb53b33694cfb3fc7679b8000411975fedd28a,blockNumber=1936
info|2023-07-08 10:27:14.508592|[RPCWS][SERVICE][onRecvBlockNotifier]receive block number notifier,group=group0,node=2f993327933ad58672518b6d4f63920cbc68b80f78f4d81192552ee6362f5cc81ee13bdc678ad65f06e76444cadb53b33694cfb3fc7679b8000411975fedd28a,blockNumber=1936
info|2023-07-08 10:27:14.508599|[WS]receive block notify,endpoint=127.0.0.1:20201,blk={
	"blockNumber" : 1936,
	"group" : "group0",
	"nodeName" : "2f993327933ad58672518b6d4f63920cbc68b80f78f4d81192552ee6362f5cc81ee13bdc678ad65f06e76444cadb53b33694cfb3fc7679b8000411975fedd28a"
}
info|2023-07-08 10:27:15.061431|[RPC][BLOCK][NUMBER][fromJson],group=group0,node=98a7f70ec883a722219d92253cf073a72605f4087aa3443c8e4aadc0af2dc3ac647d0fa1b5ac99cd6987abafe6d690ae71cd5fd2aeeabe7589bfb4748aabdfba,blockNumber=1937
info|2023-07-08 10:27:15.061452|[RPCWS][SERVICE][onRecvBlockNotifier]receive block number notifier,group=group0,node=98a7f70ec883a722219d92253cf073a72605f4087aa3443c8e4aadc0af2dc3ac647d0fa1b5ac99cd6987abafe6d690ae71cd5fd2aeeabe7589bfb4748aabdfba,blockNumber=1937
info|2023-07-08 10:27:15.061457|[RPCWS][SERVICE][updateGroupBlockNumber],groupID=group0,_blockNumber=1937
info|2023-07-08 10:27:15.061482|[RPCWS][SERVICE][onRecvBlockNotifier]block notifier callback,group=group0,node=98a7f70ec883a722219d92253cf073a72605f4087aa3443c8e4aadc0af2dc3ac647d0fa1b5ac99cd6987abafe6d690ae71cd5fd2aeeabe7589bfb4748aabdfba,blockNumber=1937
info|2023-07-08 10:27:15.061486|[WS]receive block notify,endpoint=127.0.0.1:20200,blk={
	"blockNumber" : 1937,
	"group" : "group0",
	"nodeName" : "98a7f70ec883a722219d92253cf073a72605f4087aa3443c8e4aadc0af2dc3ac647d0fa1b5ac99cd6987abafe6d690ae71cd5fd2aeeabe7589bfb4748aabdfba"
}
info|2023-07-08 10:27:15.065609|[RPC][BLOCK][NUMBER][fromJson],group=group0,node=2f993327933ad58672518b6d4f63920cbc68b80f78f4d81192552ee6362f5cc81ee13bdc678ad65f06e76444cadb53b33694cfb3fc7679b8000411975fedd28a,blockNumber=1937
info|2023-07-08 10:27:15.065632|[RPCWS][SERVICE][onRecvBlockNotifier]receive block number notifier,group=group0,node=2f993327933ad58672518b6d4f63920cbc68b80f78f4d81192552ee6362f5cc81ee13bdc678ad65f06e76444cadb53b33694cfb3fc7679b8000411975fedd28a,blockNumber=1937
info|2023-07-08 10:27:15.065639|[WS]receive block notify,endpoint=127.0.0.1:20201,blk={
	"blockNumber" : 1937,
	"group" : "group0",
	"nodeName" : "2f993327933ad58672518b6d4f63920cbc68b80f78f4d81192552ee6362f5cc81ee13bdc678ad65f06e76444cadb53b33694cfb3fc7679b8000411975fedd28a"
}
info|2023-07-08 10:27:15.628324|[RPC][BLOCK][NUMBER][fromJson],group=group0,node=98a7f70ec883a722219d92253cf073a72605f4087aa3443c8e4aadc0af2dc3ac647d0fa1b5ac99cd6987abafe6d690ae71cd5fd2aeeabe7589bfb4748aabdfba,blockNumber=1938
info|2023-07-08 10:27:15.628348|[RPCWS][SERVICE][onRecvBlockNotifier]receive block number notifier,group=group0,node=98a7f70ec883a722219d92253cf073a72605f4087aa3443c8e4aadc0af2dc3ac647d0fa1b5ac99cd6987abafe6d690ae71cd5fd2aeeabe7589bfb4748aabdfba,blockNumber=1938
info|2023-07-08 10:27:15.628354|[RPCWS][SERVICE][updateGroupBlockNumber],groupID=group0,_blockNumber=1938
info|2023-07-08 10:27:15.628359|[RPCWS][SERVICE][onRecvBlockNotifier]block notifier callback,group=group0,node=98a7f70ec883a722219d92253cf073a72605f4087aa3443c8e4aadc0af2dc3ac647d0fa1b5ac99cd6987abafe6d690ae71cd5fd2aeeabe7589bfb4748aabdfba,blockNumber=1938
info|2023-07-08 10:27:15.628363|[WS]receive block notify,endpoint=127.0.0.1:20200,blk={
	"blockNumber" : 1938,
	"group" : "group0",
	"nodeName" : "98a7f70ec883a722219d92253cf073a72605f4087aa3443c8e4aadc0af2dc3ac647d0fa1b5ac99cd6987abafe6d690ae71cd5fd2aeeabe7589bfb4748aabdfba"
}
info|2023-07-08 10:27:15.742342|[RPC][BLOCK][NUMBER][fromJson],group=group0,node=2f993327933ad58672518b6d4f63920cbc68b80f78f4d81192552ee6362f5cc81ee13bdc678ad65f06e76444cadb53b33694cfb3fc7679b8000411975fedd28a,blockNumber=1938
info|2023-07-08 10:27:15.742362|[RPCWS][SERVICE][onRecvBlockNotifier]receive block number notifier,group=group0,node=2f993327933ad58672518b6d4f63920cbc68b80f78f4d81192552ee6362f5cc81ee13bdc678ad65f06e76444cadb53b33694cfb3fc7679b8000411975fedd28a,blockNumber=1938
info|2023-07-08 10:27:15.742370|[WS]receive block notify,endpoint=127.0.0.1:20201,blk={
	"blockNumber" : 1938,
	"group" : "group0",
	"nodeName" : "2f993327933ad58672518b6d4f63920cbc68b80f78f4d81192552ee6362f5cc81ee13bdc678ad65f06e76444cadb53b33694cfb3fc7679b8000411975fedd28a"
}
info|2023-07-08 10:27:16.133827|[RPC][BLOCK][NUMBER][fromJson],group=group0,node=98a7f70ec883a722219d92253cf073a72605f4087aa3443c8e4aadc0af2dc3ac647d0fa1b5ac99cd6987abafe6d690ae71cd5fd2aeeabe7589bfb4748aabdfba,blockNumber=1939
info|2023-07-08 10:27:16.133851|[RPCWS][SERVICE][onRecvBlockNotifier]receive block number notifier,group=group0,node=98a7f70ec883a722219d92253cf073a72605f4087aa3443c8e4aadc0af2dc3ac647d0fa1b5ac99cd6987abafe6d690ae71cd5fd2aeeabe7589bfb4748aabdfba,blockNumber=1939
info|2023-07-08 10:27:16.133854|[RPCWS][SERVICE][updateGroupBlockNumber],groupID=group0,_blockNumber=1939
info|2023-07-08 10:27:16.133858|[RPCWS][SERVICE][onRecvBlockNotifier]block notifier callback,group=group0,node=98a7f70ec883a722219d92253cf073a72605f4087aa3443c8e4aadc0af2dc3ac647d0fa1b5ac99cd6987abafe6d690ae71cd5fd2aeeabe7589bfb4748aabdfba,blockNumber=1939
info|2023-07-08 10:27:16.133862|[WS]receive block notify,endpoint=127.0.0.1:20200,blk={
	"blockNumber" : 1939,
	"group" : "group0",
	"nodeName" : "98a7f70ec883a722219d92253cf073a72605f4087aa3443c8e4aadc0af2dc3ac647d0fa1b5ac99cd6987abafe6d690ae71cd5fd2aeeabe7589bfb4748aabdfba"
}
info|2023-07-08 10:27:16.214148|[RPC][BLOCK][NUMBER][fromJson],group=group0,node=2f993327933ad58672518b6d4f63920cbc68b80f78f4d81192552ee6362f5cc81ee13bdc678ad65f06e76444cadb53b33694cfb3fc7679b8000411975fedd28a,blockNumber=1939
info|2023-07-08 10:27:16.214171|[RPCWS][SERVICE][onRecvBlockNotifier]receive block number notifier,group=group0,node=2f993327933ad58672518b6d4f63920cbc68b80f78f4d81192552ee6362f5cc81ee13bdc678ad65f06e76444cadb53b33694cfb3fc7679b8000411975fedd28a,blockNumber=1939
info|2023-07-08 10:27:16.214177|[WS]receive block notify,endpoint=127.0.0.1:20201,blk={
	"blockNumber" : 1939,
	"group" : "group0",
	"nodeName" : "2f993327933ad58672518b6d4f63920cbc68b80f78f4d81192552ee6362f5cc81ee13bdc678ad65f06e76444cadb53b33694cfb3fc7679b8000411975fedd28a"
}
info|2023-07-08 10:27:16.717199|[RPC][BLOCK][NUMBER][fromJson],group=group0,node=98a7f70ec883a722219d92253cf073a72605f4087aa3443c8e4aadc0af2dc3ac647d0fa1b5ac99cd6987abafe6d690ae71cd5fd2aeeabe7589bfb4748aabdfba,blockNumber=1940
info|2023-07-08 10:27:16.717226|[RPCWS][SERVICE][onRecvBlockNotifier]receive block number notifier,group=group0,node=98a7f70ec883a722219d92253cf073a72605f4087aa3443c8e4aadc0af2dc3ac647d0fa1b5ac99cd6987abafe6d690ae71cd5fd2aeeabe7589bfb4748aabdfba,blockNumber=1940
info|2023-07-08 10:27:16.717232|[RPCWS][SERVICE][updateGroupBlockNumber],groupID=group0,_blockNumber=1940
info|2023-07-08 10:27:16.717236|[RPCWS][SERVICE][onRecvBlockNotifier]block notifier callback,group=group0,node=98a7f70ec883a722219d92253cf073a72605f4087aa3443c8e4aadc0af2dc3ac647d0fa1b5ac99cd6987abafe6d690ae71cd5fd2aeeabe7589bfb4748aabdfba,blockNumber=1940
info|2023-07-08 10:27:16.717239|[WS]receive block notify,endpoint=127.0.0.1:20200,blk={
	"blockNumber" : 1940,
	"group" : "group0",
	"nodeName" : "98a7f70ec883a722219d92253cf073a72605f4087aa3443c8e4aadc0af2dc3ac647d0fa1b5ac99cd6987abafe6d690ae71cd5fd2aeeabe7589bfb4748aabdfba"
}
info|2023-07-08 10:27:16.743758|[RPC][BLOCK][NUMBER][fromJson],group=group0,node=2f993327933ad58672518b6d4f63920cbc68b80f78f4d81192552ee6362f5cc81ee13bdc678ad65f06e76444cadb53b33694cfb3fc7679b8000411975fedd28a,blockNumber=1940
info|2023-07-08 10:27:16.743781|[RPCWS][SERVICE][onRecvBlockNotifier]receive block number notifier,group=group0,node=2f993327933ad58672518b6d4f63920cbc68b80f78f4d81192552ee6362f5cc81ee13bdc678ad65f06e76444cadb53b33694cfb3fc7679b8000411975fedd28a,blockNumber=1940
info|2023-07-08 10:27:16.743788|[WS]receive block notify,endpoint=127.0.0.1:20201,blk={
	"blockNumber" : 1940,
	"group" : "group0",
	"nodeName" : "2f993327933ad58672518b6d4f63920cbc68b80f78f4d81192552ee6362f5cc81ee13bdc678ad65f06e76444cadb53b33694cfb3fc7679b8000411975fedd28a"
}
info|2023-07-08 10:27:17.280615|[RPC][BLOCK][NUMBER][fromJson],group=group0,node=98a7f70ec883a722219d92253cf073a72605f4087aa3443c8e4aadc0af2dc3ac647d0fa1b5ac99cd6987abafe6d690ae71cd5fd2aeeabe7589bfb4748aabdfba,blockNumber=1941
info|2023-07-08 10:27:17.280635|[RPCWS][SERVICE][onRecvBlockNotifier]receive block number notifier,group=group0,node=98a7f70ec883a722219d92253cf073a72605f4087aa3443c8e4aadc0af2dc3ac647d0fa1b5ac99cd6987abafe6d690ae71cd5fd2aeeabe7589bfb4748aabdfba,blockNumber=1941
info|2023-07-08 10:27:17.280641|[RPCWS][SERVICE][updateGroupBlockNumber],groupID=group0,_blockNumber=1941
info|2023-07-08 10:27:17.280645|[RPCWS][SERVICE][onRecvBlockNotifier]block notifier callback,group=group0,node=98a7f70ec883a722219d92253cf073a72605f4087aa3443c8e4aadc0af2dc3ac647d0fa1b5ac99cd6987abafe6d690ae71cd5fd2aeeabe7589bfb4748aabdfba,blockNumber=1941
info|2023-07-08 10:27:17.280649|[WS]receive block notify,endpoint=127.0.0.1:20200,blk={
	"blockNumber" : 1941,
	"group" : "group0",
	"nodeName" : "98a7f70ec883a722219d92253cf073a72605f4087aa3443c8e4aadc0af2dc3ac647d0fa1b5ac99cd6987abafe6d690ae71cd5fd2aeeabe7589bfb4748aabdfba"
}
info|2023-07-08 10:27:17.288123|[RPC][BLOCK][NUMBER][fromJson],group=group0,node=2f993327933ad58672518b6d4f63920cbc68b80f78f4d81192552ee6362f5cc81ee13bdc678ad65f06e76444cadb53b33694cfb3fc7679b8000411975fedd28a,blockNumber=1941
info|2023-07-08 10:27:17.288145|[RPCWS][SERVICE][onRecvBlockNotifier]receive block number notifier,group=group0,node=2f993327933ad58672518b6d4f63920cbc68b80f78f4d81192552ee6362f5cc81ee13bdc678ad65f06e76444cadb53b33694cfb3fc7679b8000411975fedd28a,blockNumber=1941
info|2023-07-08 10:27:17.288152|[WS]receive block notify,endpoint=127.0.0.1:20201,blk={
	"blockNumber" : 1941,
	"group" : "group0",
	"nodeName" : "2f993327933ad58672518b6d4f63920cbc68b80f78f4d81192552ee6362f5cc81ee13bdc678ad65f06e76444cadb53b33694cfb3fc7679b8000411975fedd28a"
}
info|2023-07-08 10:27:17.839635|[RPC][BLOCK][NUMBER][fromJson],group=group0,node=98a7f70ec883a722219d92253cf073a72605f4087aa3443c8e4aadc0af2dc3ac647d0fa1b5ac99cd6987abafe6d690ae71cd5fd2aeeabe7589bfb4748aabdfba,blockNumber=1942
info|2023-07-08 10:27:17.839655|[RPCWS][SERVICE][onRecvBlockNotifier]receive block number notifier,group=group0,node=98a7f70ec883a722219d92253cf073a72605f4087aa3443c8e4aadc0af2dc3ac647d0fa1b5ac99cd6987abafe6d690ae71cd5fd2aeeabe7589bfb4748aabdfba,blockNumber=1942
info|2023-07-08 10:27:17.839660|[RPCWS][SERVICE][updateGroupBlockNumber],groupID=group0,_blockNumber=1942
info|2023-07-08 10:27:17.839664|[RPCWS][SERVICE][onRecvBlockNotifier]block notifier callback,group=group0,node=98a7f70ec883a722219d92253cf073a72605f4087aa3443c8e4aadc0af2dc3ac647d0fa1b5ac99cd6987abafe6d690ae71cd5fd2aeeabe7589bfb4748aabdfba,blockNumber=1942
info|2023-07-08 10:27:17.839667|[WS]receive block notify,endpoint=127.0.0.1:20200,blk={
	"blockNumber" : 1942,
	"group" : "group0",
	"nodeName" : "98a7f70ec883a722219d92253cf073a72605f4087aa3443c8e4aadc0af2dc3ac647d0fa1b5ac99cd6987abafe6d690ae71cd5fd2aeeabe7589bfb4748aabdfba"
}
info|2023-07-08 10:27:17.885188|[RPC][BLOCK][NUMBER][fromJson],group=group0,node=2f993327933ad58672518b6d4f63920cbc68b80f78f4d81192552ee6362f5cc81ee13bdc678ad65f06e76444cadb53b33694cfb3fc7679b8000411975fedd28a,blockNumber=1942
info|2023-07-08 10:27:17.885223|[RPCWS][SERVICE][onRecvBlockNotifier]receive block number notifier,group=group0,node=2f993327933ad58672518b6d4f63920cbc68b80f78f4d81192552ee6362f5cc81ee13bdc678ad65f06e76444cadb53b33694cfb3fc7679b8000411975fedd28a,blockNumber=1942
info|2023-07-08 10:27:17.885236|[WS]receive block notify,endpoint=127.0.0.1:20201,blk={
	"blockNumber" : 1942,
	"group" : "group0",
	"nodeName" : "2f993327933ad58672518b6d4f63920cbc68b80f78f4d81192552ee6362f5cc81ee13bdc678ad65f06e76444cadb53b33694cfb3fc7679b8000411975fedd28a"
}
info|2023-07-08 10:27:18.391183|[RPC][BLOCK][NUMBER][fromJson],group=group0,node=98a7f70ec883a722219d92253cf073a72605f4087aa3443c8e4aadc0af2dc3ac647d0fa1b5ac99cd6987abafe6d690ae71cd5fd2aeeabe7589bfb4748aabdfba,blockNumber=1943
info|2023-07-08 10:27:18.391219|[RPCWS][SERVICE][onRecvBlockNotifier]receive block number notifier,group=group0,node=98a7f70ec883a722219d92253cf073a72605f4087aa3443c8e4aadc0af2dc3ac647d0fa1b5ac99cd6987abafe6d690ae71cd5fd2aeeabe7589bfb4748aabdfba,blockNumber=1943
info|2023-07-08 10:27:18.391230|[RPCWS][SERVICE][updateGroupBlockNumber],groupID=group0,_blockNumber=1943
info|2023-07-08 10:27:18.391238|[RPCWS][SERVICE][onRecvBlockNotifier]block notifier callback,group=group0,node=98a7f70ec883a722219d92253cf073a72605f4087aa3443c8e4aadc0af2dc3ac647d0fa1b5ac99cd6987abafe6d690ae71cd5fd2aeeabe7589bfb4748aabdfba,blockNumber=1943
info|2023-07-08 10:27:18.391246|[WS]receive block notify,endpoint=127.0.0.1:20200,blk={
	"blockNumber" : 1943,
	"group" : "group0",
	"nodeName" : "98a7f70ec883a722219d92253cf073a72605f4087aa3443c8e4aadc0af2dc3ac647d0fa1b5ac99cd6987abafe6d690ae71cd5fd2aeeabe7589bfb4748aabdfba"
}
info|2023-07-08 10:27:18.403126|[RPC][BLOCK][NUMBER][fromJson],group=group0,node=2f993327933ad58672518b6d4f63920cbc68b80f78f4d81192552ee6362f5cc81ee13bdc678ad65f06e76444cadb53b33694cfb3fc7679b8000411975fedd28a,blockNumber=1943
info|2023-07-08 10:27:18.403158|[RPCWS][SERVICE][onRecvBlockNotifier]receive block number notifier,group=group0,node=2f993327933ad58672518b6d4f63920cbc68b80f78f4d81192552ee6362f5cc81ee13bdc678ad65f06e76444cadb53b33694cfb3fc7679b8000411975fedd28a,blockNumber=1943
info|2023-07-08 10:27:18.403169|[WS]receive block notify,endpoint=127.0.0.1:20201,blk={
	"blockNumber" : 1943,
	"group" : "group0",
	"nodeName" : "2f993327933ad58672518b6d4f63920cbc68b80f78f4d81192552ee6362f5cc81ee13bdc678ad65f06e76444cadb53b33694cfb3fc7679b8000411975fedd28a"
}
info|2023-07-08 10:27:18.953582|[RPC][BLOCK][NUMBER][fromJson],group=group0,node=98a7f70ec883a722219d92253cf073a72605f4087aa3443c8e4aadc0af2dc3ac647d0fa1b5ac99cd6987abafe6d690ae71cd5fd2aeeabe7589bfb4748aabdfba,blockNumber=1944
info|2023-07-08 10:27:18.953608|[RPCWS][SERVICE][onRecvBlockNotifier]receive block number notifier,group=group0,node=98a7f70ec883a722219d92253cf073a72605f4087aa3443c8e4aadc0af2dc3ac647d0fa1b5ac99cd6987abafe6d690ae71cd5fd2aeeabe7589bfb4748aabdfba,blockNumber=1944
info|2023-07-08 10:27:18.953615|[RPCWS][SERVICE][updateGroupBlockNumber],groupID=group0,_blockNumber=1944
info|2023-07-08 10:27:18.953620|[RPCWS][SERVICE][onRecvBlockNotifier]block notifier callback,group=group0,node=98a7f70ec883a722219d92253cf073a72605f4087aa3443c8e4aadc0af2dc3ac647d0fa1b5ac99cd6987abafe6d690ae71cd5fd2aeeabe7589bfb4748aabdfba,blockNumber=1944
info|2023-07-08 10:27:18.953624|[WS]receive block notify,endpoint=127.0.0.1:20200,blk={
	"blockNumber" : 1944,
	"group" : "group0",
	"nodeName" : "98a7f70ec883a722219d92253cf073a72605f4087aa3443c8e4aadc0af2dc3ac647d0fa1b5ac99cd6987abafe6d690ae71cd5fd2aeeabe7589bfb4748aabdfba"
}
info|2023-07-08 10:27:18.970645|[RPC][BLOCK][NUMBER][fromJson],group=group0,node=2f993327933ad58672518b6d4f63920cbc68b80f78f4d81192552ee6362f5cc81ee13bdc678ad65f06e76444cadb53b33694cfb3fc7679b8000411975fedd28a,blockNumber=1944
info|2023-07-08 10:27:18.970666|[RPCWS][SERVICE][onRecvBlockNotifier]receive block number notifier,group=group0,node=2f993327933ad58672518b6d4f63920cbc68b80f78f4d81192552ee6362f5cc81ee13bdc678ad65f06e76444cadb53b33694cfb3fc7679b8000411975fedd28a,blockNumber=1944
info|2023-07-08 10:27:18.970673|[WS]receive block notify,endpoint=127.0.0.1:20201,blk={
	"blockNumber" : 1944,
	"group" : "group0",
	"nodeName" : "2f993327933ad58672518b6d4f63920cbc68b80f78f4d81192552ee6362f5cc81ee13bdc678ad65f06e76444cadb53b33694cfb3fc7679b8000411975fedd28a"
}
info|2023-07-08 10:27:19.454268|[RPC][BLOCK][NUMBER][fromJson],group=group0,node=98a7f70ec883a722219d92253cf073a72605f4087aa3443c8e4aadc0af2dc3ac647d0fa1b5ac99cd6987abafe6d690ae71cd5fd2aeeabe7589bfb4748aabdfba,blockNumber=1945
info|2023-07-08 10:27:19.454288|[RPCWS][SERVICE][onRecvBlockNotifier]receive block number notifier,group=group0,node=98a7f70ec883a722219d92253cf073a72605f4087aa3443c8e4aadc0af2dc3ac647d0fa1b5ac99cd6987abafe6d690ae71cd5fd2aeeabe7589bfb4748aabdfba,blockNumber=1945
info|2023-07-08 10:27:19.454294|[RPCWS][SERVICE][updateGroupBlockNumber],groupID=group0,_blockNumber=1945
info|2023-07-08 10:27:19.454299|[RPCWS][SERVICE][onRecvBlockNotifier]block notifier callback,group=group0,node=98a7f70ec883a722219d92253cf073a72605f4087aa3443c8e4aadc0af2dc3ac647d0fa1b5ac99cd6987abafe6d690ae71cd5fd2aeeabe7589bfb4748aabdfba,blockNumber=1945
info|2023-07-08 10:27:19.454303|[WS]receive block notify,endpoint=127.0.0.1:20200,blk={
	"blockNumber" : 1945,
	"group" : "group0",
	"nodeName" : "98a7f70ec883a722219d92253cf073a72605f4087aa3443c8e4aadc0af2dc3ac647d0fa1b5ac99cd6987abafe6d690ae71cd5fd2aeeabe7589bfb4748aabdfba"
}
info|2023-07-08 10:27:19.567040|[RPC][BLOCK][NUMBER][fromJson],group=group0,node=2f993327933ad58672518b6d4f63920cbc68b80f78f4d81192552ee6362f5cc81ee13bdc678ad65f06e76444cadb53b33694cfb3fc7679b8000411975fedd28a,blockNumber=1945
info|2023-07-08 10:27:19.567064|[RPCWS][SERVICE][onRecvBlockNotifier]receive block number notifier,group=group0,node=2f993327933ad58672518b6d4f63920cbc68b80f78f4d81192552ee6362f5cc81ee13bdc678ad65f06e76444cadb53b33694cfb3fc7679b8000411975fedd28a,blockNumber=1945
info|2023-07-08 10:27:19.567071|[WS]receive block notify,endpoint=127.0.0.1:20201,blk={
	"blockNumber" : 1945,
	"group" : "group0",
	"nodeName" : "2f993327933ad58672518b6d4f63920cbc68b80f78f4d81192552ee6362f5cc81ee13bdc678ad65f06e76444cadb53b33694cfb3fc7679b8000411975fedd28a"
}
info|2023-07-08 10:27:20.080740|[RPC][BLOCK][NUMBER][fromJson],group=group0,node=98a7f70ec883a722219d92253cf073a72605f4087aa3443c8e4aadc0af2dc3ac647d0fa1b5ac99cd6987abafe6d690ae71cd5fd2aeeabe7589bfb4748aabdfba,blockNumber=1946
info|2023-07-08 10:27:20.080759|[RPCWS][SERVICE][onRecvBlockNotifier]receive block number notifier,group=group0,node=98a7f70ec883a722219d92253cf073a72605f4087aa3443c8e4aadc0af2dc3ac647d0fa1b5ac99cd6987abafe6d690ae71cd5fd2aeeabe7589bfb4748aabdfba,blockNumber=1946
info|2023-07-08 10:27:20.080764|[RPCWS][SERVICE][updateGroupBlockNumber],groupID=group0,_blockNumber=1946
info|2023-07-08 10:27:20.080768|[RPCWS][SERVICE][onRecvBlockNotifier]block notifier callback,group=group0,node=98a7f70ec883a722219d92253cf073a72605f4087aa3443c8e4aadc0af2dc3ac647d0fa1b5ac99cd6987abafe6d690ae71cd5fd2aeeabe7589bfb4748aabdfba,blockNumber=1946
info|2023-07-08 10:27:20.080771|[WS]receive block notify,endpoint=127.0.0.1:20200,blk={
	"blockNumber" : 1946,
	"group" : "group0",
	"nodeName" : "98a7f70ec883a722219d92253cf073a72605f4087aa3443c8e4aadc0af2dc3ac647d0fa1b5ac99cd6987abafe6d690ae71cd5fd2aeeabe7589bfb4748aabdfba"
}
info|2023-07-08 10:27:20.146999|[RPC][BLOCK][NUMBER][fromJson],group=group0,node=2f993327933ad58672518b6d4f63920cbc68b80f78f4d81192552ee6362f5cc81ee13bdc678ad65f06e76444cadb53b33694cfb3fc7679b8000411975fedd28a,blockNumber=1946
info|2023-07-08 10:27:20.147074|[RPCWS][SERVICE][onRecvBlockNotifier]receive block number notifier,group=group0,node=2f993327933ad58672518b6d4f63920cbc68b80f78f4d81192552ee6362f5cc81ee13bdc678ad65f06e76444cadb53b33694cfb3fc7679b8000411975fedd28a,blockNumber=1946
info|2023-07-08 10:27:20.147089|[WS]receive block notify,endpoint=127.0.0.1:20201,blk={
	"blockNumber" : 1946,
	"group" : "group0",
	"nodeName" : "2f993327933ad58672518b6d4f63920cbc68b80f78f4d81192552ee6362f5cc81ee13bdc678ad65f06e76444cadb53b33694cfb3fc7679b8000411975fedd28a"
}
info|2023-07-08 10:27:20.685997|[RPC][BLOCK][NUMBER][fromJson],group=group0,node=98a7f70ec883a722219d92253cf073a72605f4087aa3443c8e4aadc0af2dc3ac647d0fa1b5ac99cd6987abafe6d690ae71cd5fd2aeeabe7589bfb4748aabdfba,blockNumber=1947
info|2023-07-08 10:27:20.686014|[RPCWS][SERVICE][onRecvBlockNotifier]receive block number notifier,group=group0,node=98a7f70ec883a722219d92253cf073a72605f4087aa3443c8e4aadc0af2dc3ac647d0fa1b5ac99cd6987abafe6d690ae71cd5fd2aeeabe7589bfb4748aabdfba,blockNumber=1947
info|2023-07-08 10:27:20.686019|[RPCWS][SERVICE][updateGroupBlockNumber],groupID=group0,_blockNumber=1947
info|2023-07-08 10:27:20.686023|[RPCWS][SERVICE][onRecvBlockNotifier]block notifier callback,group=group0,node=98a7f70ec883a722219d92253cf073a72605f4087aa3443c8e4aadc0af2dc3ac647d0fa1b5ac99cd6987abafe6d690ae71cd5fd2aeeabe7589bfb4748aabdfba,blockNumber=1947
info|2023-07-08 10:27:20.686027|[WS]receive block notify,endpoint=127.0.0.1:20200,blk={
	"blockNumber" : 1947,
	"group" : "group0",
	"nodeName" : "98a7f70ec883a722219d92253cf073a72605f4087aa3443c8e4aadc0af2dc3ac647d0fa1b5ac99cd6987abafe6d690ae71cd5fd2aeeabe7589bfb4748aabdfba"
}
info|2023-07-08 10:27:20.690818|[RPC][BLOCK][NUMBER][fromJson],group=group0,node=2f993327933ad58672518b6d4f63920cbc68b80f78f4d81192552ee6362f5cc81ee13bdc678ad65f06e76444cadb53b33694cfb3fc7679b8000411975fedd28a,blockNumber=1947
info|2023-07-08 10:27:20.690839|[RPCWS][SERVICE][onRecvBlockNotifier]receive block number notifier,group=group0,node=2f993327933ad58672518b6d4f63920cbc68b80f78f4d81192552ee6362f5cc81ee13bdc678ad65f06e76444cadb53b33694cfb3fc7679b8000411975fedd28a,blockNumber=1947
info|2023-07-08 10:27:20.690846|[WS]receive block notify,endpoint=127.0.0.1:20201,blk={
	"blockNumber" : 1947,
	"group" : "group0",
	"nodeName" : "2f993327933ad58672518b6d4f63920cbc68b80f78f4d81192552ee6362f5cc81ee13bdc678ad65f06e76444cadb53b33694cfb3fc7679b8000411975fedd28a"
}
info|2023-07-08 10:27:21.274196|[RPC][BLOCK][NUMBER][fromJson],group=group0,node=98a7f70ec883a722219d92253cf073a72605f4087aa3443c8e4aadc0af2dc3ac647d0fa1b5ac99cd6987abafe6d690ae71cd5fd2aeeabe7589bfb4748aabdfba,blockNumber=1948
info|2023-07-08 10:27:21.274258|[RPCWS][SERVICE][onRecvBlockNotifier]receive block number notifier,group=group0,node=98a7f70ec883a722219d92253cf073a72605f4087aa3443c8e4aadc0af2dc3ac647d0fa1b5ac99cd6987abafe6d690ae71cd5fd2aeeabe7589bfb4748aabdfba,blockNumber=1948
info|2023-07-08 10:27:21.274269|[RPCWS][SERVICE][updateGroupBlockNumber],groupID=group0,_blockNumber=1948
info|2023-07-08 10:27:21.274276|[RPCWS][SERVICE][onRecvBlockNotifier]block notifier callback,group=group0,node=98a7f70ec883a722219d92253cf073a72605f4087aa3443c8e4aadc0af2dc3ac647d0fa1b5ac99cd6987abafe6d690ae71cd5fd2aeeabe7589bfb4748aabdfba,blockNumber=1948
info|2023-07-08 10:27:21.274282|[WS]receive block notify,endpoint=127.0.0.1:20200,blk={
	"blockNumber" : 1948,
	"group" : "group0",
	"nodeName" : "98a7f70ec883a722219d92253cf073a72605f4087aa3443c8e4aadc0af2dc3ac647d0fa1b5ac99cd6987abafe6d690ae71cd5fd2aeeabe7589bfb4748aabdfba"
}
info|2023-07-08 10:27:21.289822|[RPC][BLOCK][NUMBER][fromJson],group=group0,node=2f993327933ad58672518b6d4f63920cbc68b80f78f4d81192552ee6362f5cc81ee13bdc678ad65f06e76444cadb53b33694cfb3fc7679b8000411975fedd28a,blockNumber=1948
info|2023-07-08 10:27:21.289847|[RPCWS][SERVICE][onRecvBlockNotifier]receive block number notifier,group=group0,node=2f993327933ad58672518b6d4f63920cbc68b80f78f4d81192552ee6362f5cc81ee13bdc678ad65f06e76444cadb53b33694cfb3fc7679b8000411975fedd28a,blockNumber=1948
info|2023-07-08 10:27:21.289854|[WS]receive block notify,endpoint=127.0.0.1:20201,blk={
	"blockNumber" : 1948,
	"group" : "group0",
	"nodeName" : "2f993327933ad58672518b6d4f63920cbc68b80f78f4d81192552ee6362f5cc81ee13bdc678ad65f06e76444cadb53b33694cfb3fc7679b8000411975fedd28a"
}
info|2023-07-08 10:27:21.772557|[RPC][BLOCK][NUMBER][fromJson],group=group0,node=98a7f70ec883a722219d92253cf073a72605f4087aa3443c8e4aadc0af2dc3ac647d0fa1b5ac99cd6987abafe6d690ae71cd5fd2aeeabe7589bfb4748aabdfba,blockNumber=1949
info|2023-07-08 10:27:21.772580|[RPCWS][SERVICE][onRecvBlockNotifier]receive block number notifier,group=group0,node=98a7f70ec883a722219d92253cf073a72605f4087aa3443c8e4aadc0af2dc3ac647d0fa1b5ac99cd6987abafe6d690ae71cd5fd2aeeabe7589bfb4748aabdfba,blockNumber=1949
info|2023-07-08 10:27:21.772585|[RPCWS][SERVICE][updateGroupBlockNumber],groupID=group0,_blockNumber=1949
info|2023-07-08 10:27:21.772590|[RPCWS][SERVICE][onRecvBlockNotifier]block notifier callback,group=group0,node=98a7f70ec883a722219d92253cf073a72605f4087aa3443c8e4aadc0af2dc3ac647d0fa1b5ac99cd6987abafe6d690ae71cd5fd2aeeabe7589bfb4748aabdfba,blockNumber=1949
info|2023-07-08 10:27:21.772594|[WS]receive block notify,endpoint=127.0.0.1:20200,blk={
	"blockNumber" : 1949,
	"group" : "group0",
	"nodeName" : "98a7f70ec883a722219d92253cf073a72605f4087aa3443c8e4aadc0af2dc3ac647d0fa1b5ac99cd6987abafe6d690ae71cd5fd2aeeabe7589bfb4748aabdfba"
}
info|2023-07-08 10:27:21.844489|[RPC][BLOCK][NUMBER][fromJson],group=group0,node=2f993327933ad58672518b6d4f63920cbc68b80f78f4d81192552ee6362f5cc81ee13bdc678ad65f06e76444cadb53b33694cfb3fc7679b8000411975fedd28a,blockNumber=1949
info|2023-07-08 10:27:21.844512|[RPCWS][SERVICE][onRecvBlockNotifier]receive block number notifier,group=group0,node=2f993327933ad58672518b6d4f63920cbc68b80f78f4d81192552ee6362f5cc81ee13bdc678ad65f06e76444cadb53b33694cfb3fc7679b8000411975fedd28a,blockNumber=1949
info|2023-07-08 10:27:21.844519|[WS]receive block notify,endpoint=127.0.0.1:20201,blk={
	"blockNumber" : 1949,
	"group" : "group0",
	"nodeName" : "2f993327933ad58672518b6d4f63920cbc68b80f78f4d81192552ee6362f5cc81ee13bdc678ad65f06e76444cadb53b33694cfb3fc7679b8000411975fedd28a"
}
info|2023-07-08 10:27:22.402453|[RPC][BLOCK][NUMBER][fromJson],group=group0,node=98a7f70ec883a722219d92253cf073a72605f4087aa3443c8e4aadc0af2dc3ac647d0fa1b5ac99cd6987abafe6d690ae71cd5fd2aeeabe7589bfb4748aabdfba,blockNumber=1950
info|2023-07-08 10:27:22.402481|[RPCWS][SERVICE][onRecvBlockNotifier]receive block number notifier,group=group0,node=98a7f70ec883a722219d92253cf073a72605f4087aa3443c8e4aadc0af2dc3ac647d0fa1b5ac99cd6987abafe6d690ae71cd5fd2aeeabe7589bfb4748aabdfba,blockNumber=1950
info|2023-07-08 10:27:22.402487|[RPCWS][SERVICE][updateGroupBlockNumber],groupID=group0,_blockNumber=1950
info|2023-07-08 10:27:22.402491|[RPCWS][SERVICE][onRecvBlockNotifier]block notifier callback,group=group0,node=98a7f70ec883a722219d92253cf073a72605f4087aa3443c8e4aadc0af2dc3ac647d0fa1b5ac99cd6987abafe6d690ae71cd5fd2aeeabe7589bfb4748aabdfba,blockNumber=1950
info|2023-07-08 10:27:22.402494|[WS]receive block notify,endpoint=127.0.0.1:20200,blk={
	"blockNumber" : 1950,
	"group" : "group0",
	"nodeName" : "98a7f70ec883a722219d92253cf073a72605f4087aa3443c8e4aadc0af2dc3ac647d0fa1b5ac99cd6987abafe6d690ae71cd5fd2aeeabe7589bfb4748aabdfba"
}
info|2023-07-08 10:27:22.479118|[RPC][BLOCK][NUMBER][fromJson],group=group0,node=2f993327933ad58672518b6d4f63920cbc68b80f78f4d81192552ee6362f5cc81ee13bdc678ad65f06e76444cadb53b33694cfb3fc7679b8000411975fedd28a,blockNumber=1950
info|2023-07-08 10:27:22.479153|[RPCWS][SERVICE][onRecvBlockNotifier]receive block number notifier,group=group0,node=2f993327933ad58672518b6d4f63920cbc68b80f78f4d81192552ee6362f5cc81ee13bdc678ad65f06e76444cadb53b33694cfb3fc7679b8000411975fedd28a,blockNumber=1950
info|2023-07-08 10:27:22.479197|[WS]receive block notify,endpoint=127.0.0.1:20201,blk={
	"blockNumber" : 1950,
	"group" : "group0",
	"nodeName" : "2f993327933ad58672518b6d4f63920cbc68b80f78f4d81192552ee6362f5cc81ee13bdc678ad65f06e76444cadb53b33694cfb3fc7679b8000411975fedd28a"
}
info|2023-07-08 10:27:27.473267|[EVENT][SUB][doLoop]event sub tasks report,working event sub count=0,suspend event sub count=0
info|2023-07-08 10:27:27.563293|[SDK][WS][SERVICE]connected nodes,count=2
info|2023-07-08 10:27:47.474084|[EVENT][SUB][doLoop]event sub tasks report,working event sub count=0,suspend event sub count=0
info|2023-07-08 10:27:47.564505|[SDK][WS][SERVICE]connected nodes,count=2
info|2023-07-08 10:28:07.474264|[EVENT][SUB][doLoop]event sub tasks report,working event sub count=0,suspend event sub count=0
info|2023-07-08 10:28:07.564823|[SDK][WS][SERVICE]connected nodes,count=2
info|2023-07-08 10:28:27.474953|[EVENT][SUB][doLoop]event sub tasks report,working event sub count=0,suspend event sub count=0
info|2023-07-08 10:28:27.565697|[SDK][WS][SERVICE]connected nodes,count=2
info|2023-07-08 10:28:47.477600|[EVENT][SUB][doLoop]event sub tasks report,working event sub count=0,suspend event sub count=0
info|2023-07-08 10:28:47.566117|[SDK][WS][SERVICE]connected nodes,count=2
info|2023-07-08 10:29:07.478072|[EVENT][SUB][doLoop]event sub tasks report,working event sub count=0,suspend event sub count=0
info|2023-07-08 10:29:07.566369|[SDK][WS][SERVICE]connected nodes,count=2
info|2023-07-08 10:29:27.478315|[EVENT][SUB][doLoop]event sub tasks report,working event sub count=0,suspend event sub count=0
info|2023-07-08 10:29:27.566539|[SDK][WS][SERVICE]connected nodes,count=2
info|2023-07-08 10:29:47.478924|[EVENT][SUB][doLoop]event sub tasks report,working event sub count=0,suspend event sub count=0
info|2023-07-08 10:29:47.566894|[SDK][WS][SERVICE]connected nodes,count=2
info|2023-07-08 10:30:07.479451|[EVENT][SUB][doLoop]event sub tasks report,working event sub count=0,suspend event sub count=0
info|2023-07-08 10:30:07.567158|[SDK][WS][SERVICE]connected nodes,count=2
info|2023-07-08 10:30:27.480138|[EVENT][SUB][doLoop]event sub tasks report,working event sub count=0,suspend event sub count=0
info|2023-07-08 10:30:27.567437|[SDK][WS][SERVICE]connected nodes,count=2
info|2023-07-08 10:30:47.480198|[EVENT][SUB][doLoop]event sub tasks report,working event sub count=0,suspend event sub count=0
info|2023-07-08 10:30:47.567753|[SDK][WS][SERVICE]connected nodes,count=2
info|2023-07-08 10:31:07.480972|[EVENT][SUB][doLoop]event sub tasks report,working event sub count=0,suspend event sub count=0
info|2023-07-08 10:31:07.568131|[SDK][WS][SERVICE]connected nodes,count=2
info|2023-07-08 10:31:27.481226|[EVENT][SUB][doLoop]event sub tasks report,working event sub count=0,suspend event sub count=0
info|2023-07-08 10:31:27.568262|[SDK][WS][SERVICE]connected nodes,count=2
info|2023-07-08 10:31:47.481631|[EVENT][SUB][doLoop]event sub tasks report,working event sub count=0,suspend event sub count=0
info|2023-07-08 10:31:47.568466|[SDK][WS][SERVICE]connected nodes,count=2
info|2023-07-08 10:32:07.481818|[EVENT][SUB][doLoop]event sub tasks report,working event sub count=0,suspend event sub count=0
info|2023-07-08 10:32:07.568814|[SDK][WS][SERVICE]connected nodes,count=2
info|2023-07-08 10:32:27.482217|[EVENT][SUB][doLoop]event sub tasks report,working event sub count=0,suspend event sub count=0
info|2023-07-08 10:32:27.569249|[SDK][WS][SERVICE]connected nodes,count=2
info|2023-07-08 10:32:47.482609|[EVENT][SUB][doLoop]event sub tasks report,working event sub count=0,suspend event sub count=0
info|2023-07-08 10:32:47.569453|[SDK][WS][SERVICE]connected nodes,count=2
info|2023-07-08 10:33:07.483021|[EVENT][SUB][doLoop]event sub tasks report,working event sub count=0,suspend event sub count=0
info|2023-07-08 10:33:07.569872|[SDK][WS][SERVICE]connected nodes,count=2
info|2023-07-08 10:33:27.483621|[EVENT][SUB][doLoop]event sub tasks report,working event sub count=0,suspend event sub count=0
info|2023-07-08 10:33:27.570445|[SDK][WS][SERVICE]connected nodes,count=2
info|2023-07-08 10:33:47.483854|[EVENT][SUB][doLoop]event sub tasks report,working event sub count=0,suspend event sub count=0
info|2023-07-08 10:33:47.578782|[SDK][WS][SERVICE]connected nodes,count=2
info|2023-07-08 10:34:07.483941|[EVENT][SUB][doLoop]event sub tasks report,working event sub count=0,suspend event sub count=0
info|2023-07-08 10:34:07.578918|[SDK][WS][SERVICE]connected nodes,count=2
info|2023-07-08 10:34:27.484133|[EVENT][SUB][doLoop]event sub tasks report,working event sub count=0,suspend event sub count=0
info|2023-07-08 10:34:27.579045|[SDK][WS][SERVICE]connected nodes,count=2
info|2023-07-08 10:34:47.484181|[EVENT][SUB][doLoop]event sub tasks report,working event sub count=0,suspend event sub count=0
info|2023-07-08 10:34:47.579746|[SDK][WS][SERVICE]connected nodes,count=2
info|2023-07-08 10:35:07.484311|[EVENT][SUB][doLoop]event sub tasks report,working event sub count=0,suspend event sub count=0
info|2023-07-08 10:35:07.580845|[SDK][WS][SERVICE]connected nodes,count=2
info|2023-07-08 10:35:27.485503|[EVENT][SUB][doLoop]event sub tasks report,working event sub count=0,suspend event sub count=0
info|2023-07-08 10:35:27.581359|[SDK][WS][SERVICE]connected nodes,count=2
info|2023-07-08 10:35:47.486809|[EVENT][SUB][doLoop]event sub tasks report,working event sub count=0,suspend event sub count=0
info|2023-07-08 10:35:47.581887|[SDK][WS][SERVICE]connected nodes,count=2
info|2023-07-08 10:36:07.488546|[EVENT][SUB][doLoop]event sub tasks report,working event sub count=0,suspend event sub count=0
info|2023-07-08 10:36:07.582203|[SDK][WS][SERVICE]connected nodes,count=2
info|2023-07-08 10:36:27.488672|[EVENT][SUB][doLoop]event sub tasks report,working event sub count=0,suspend event sub count=0
info|2023-07-08 10:36:27.582820|[SDK][WS][SERVICE]connected nodes,count=2
info|2023-07-08 10:36:47.489081|[EVENT][SUB][doLoop]event sub tasks report,working event sub count=0,suspend event sub count=0
info|2023-07-08 10:36:47.583424|[SDK][WS][SERVICE]connected nodes,count=2
info|2023-07-08 10:37:07.489466|[EVENT][SUB][doLoop]event sub tasks report,working event sub count=0,suspend event sub count=0
info|2023-07-08 10:37:07.584111|[SDK][WS][SERVICE]connected nodes,count=2
info|2023-07-08 10:37:27.489683|[EVENT][SUB][doLoop]event sub tasks report,working event sub count=0,suspend event sub count=0
info|2023-07-08 10:37:27.584890|[SDK][WS][SERVICE]connected nodes,count=2
info|2023-07-08 10:37:47.490046|[EVENT][SUB][doLoop]event sub tasks report,working event sub count=0,suspend event sub count=0
info|2023-07-08 10:37:47.585054|[SDK][WS][SERVICE]connected nodes,count=2
info|2023-07-08 10:38:07.490319|[EVENT][SUB][doLoop]event sub tasks report,working event sub count=0,suspend event sub count=0
info|2023-07-08 10:38:07.585914|[SDK][WS][SERVICE]connected nodes,count=2
info|2023-07-08 10:38:27.490940|[EVENT][SUB][doLoop]event sub tasks report,working event sub count=0,suspend event sub count=0
info|2023-07-08 10:38:27.586158|[SDK][WS][SERVICE]connected nodes,count=2
info|2023-07-08 10:38:47.496235|[EVENT][SUB][doLoop]event sub tasks report,working event sub count=0,suspend event sub count=0
info|2023-07-08 10:38:47.586284|[SDK][WS][SERVICE]connected nodes,count=2
info|2023-07-08 10:39:07.496495|[EVENT][SUB][doLoop]event sub tasks report,working event sub count=0,suspend event sub count=0
info|2023-07-08 10:39:07.591418|[SDK][WS][SERVICE]connected nodes,count=2
info|2023-07-08 10:39:27.517087|[EVENT][SUB][doLoop]event sub tasks report,working event sub count=0,suspend event sub count=0
info|2023-07-08 10:39:27.592048|[SDK][WS][SERVICE]connected nodes,count=2
info|2023-07-08 10:39:47.517406|[EVENT][SUB][doLoop]event sub tasks report,working event sub count=0,suspend event sub count=0
info|2023-07-08 10:39:47.592365|[SDK][WS][SERVICE]connected nodes,count=2
info|2023-07-08 10:40:07.518430|[EVENT][SUB][doLoop]event sub tasks report,working event sub count=0,suspend event sub count=0
info|2023-07-08 10:40:07.592647|[SDK][WS][SERVICE]connected nodes,count=2
info|2023-07-08 10:40:27.518588|[EVENT][SUB][doLoop]event sub tasks report,working event sub count=0,suspend event sub count=0
info|2023-07-08 10:40:27.592972|[SDK][WS][SERVICE]connected nodes,count=2
info|2023-07-08 10:40:47.518823|[EVENT][SUB][doLoop]event sub tasks report,working event sub count=0,suspend event sub count=0
info|2023-07-08 10:40:47.594271|[SDK][WS][SERVICE]connected nodes,count=2
info|2023-07-08 10:41:07.558556|[EVENT][SUB][doLoop]event sub tasks report,working event sub count=0,suspend event sub count=0
info|2023-07-08 10:41:07.595069|[SDK][WS][SERVICE]connected nodes,count=2
info|2023-07-08 10:41:27.563182|[EVENT][SUB][doLoop]event sub tasks report,working event sub count=0,suspend event sub count=0
info|2023-07-08 10:41:27.595673|[SDK][WS][SERVICE]connected nodes,count=2
info|2023-07-08 10:41:47.563707|[EVENT][SUB][doLoop]event sub tasks report,working event sub count=0,suspend event sub count=0
info|2023-07-08 10:41:47.596060|[SDK][WS][SERVICE]connected nodes,count=2
info|2023-07-08 10:42:07.583231|[EVENT][SUB][doLoop]event sub tasks report,working event sub count=0,suspend event sub count=0
info|2023-07-08 10:42:07.623608|[SDK][WS][SERVICE]connected nodes,count=2
info|2023-07-08 10:42:27.583508|[EVENT][SUB][doLoop]event sub tasks report,working event sub count=0,suspend event sub count=0
info|2023-07-08 10:42:27.624726|[SDK][WS][SERVICE]connected nodes,count=2
info|2023-07-08 10:42:47.583956|[EVENT][SUB][doLoop]event sub tasks report,working event sub count=0,suspend event sub count=0
info|2023-07-08 10:42:47.625217|[SDK][WS][SERVICE]connected nodes,count=2
info|2023-07-08 10:43:07.585361|[EVENT][SUB][doLoop]event sub tasks report,working event sub count=0,suspend event sub count=0
info|2023-07-08 10:43:07.674459|[SDK][WS][SERVICE]connected nodes,count=2
info|2023-07-08 10:43:27.585420|[EVENT][SUB][doLoop]event sub tasks report,working event sub count=0,suspend event sub count=0
info|2023-07-08 10:43:27.674580|[SDK][WS][SERVICE]connected nodes,count=2
info|2023-07-08 10:43:47.585834|[EVENT][SUB][doLoop]event sub tasks report,working event sub count=0,suspend event sub count=0
info|2023-07-08 10:43:47.674965|[SDK][WS][SERVICE]connected nodes,count=2
info|2023-07-08 10:44:07.586186|[EVENT][SUB][doLoop]event sub tasks report,working event sub count=0,suspend event sub count=0
info|2023-07-08 10:44:07.675306|[SDK][WS][SERVICE]connected nodes,count=2
info|2023-07-08 10:44:27.586709|[EVENT][SUB][doLoop]event sub tasks report,working event sub count=0,suspend event sub count=0
info|2023-07-08 10:44:27.676410|[SDK][WS][SERVICE]connected nodes,count=2
info|2023-07-08 10:44:47.587126|[EVENT][SUB][doLoop]event sub tasks report,working event sub count=0,suspend event sub count=0
info|2023-07-08 10:44:47.676689|[SDK][WS][SERVICE]connected nodes,count=2
info|2023-07-08 10:45:07.587257|[EVENT][SUB][doLoop]event sub tasks report,working event sub count=0,suspend event sub count=0
info|2023-07-08 10:45:07.677021|[SDK][WS][SERVICE]connected nodes,count=2
info|2023-07-08 10:45:27.596627|[EVENT][SUB][doLoop]event sub tasks report,working event sub count=0,suspend event sub count=0
info|2023-07-08 10:45:27.719764|[SDK][WS][SERVICE]connected nodes,count=2
info|2023-07-08 10:45:47.617268|[EVENT][SUB][doLoop]event sub tasks report,working event sub count=0,suspend event sub count=0
info|2023-07-08 10:45:47.739078|[SDK][WS][SERVICE]connected nodes,count=2
info|2023-07-08 10:46:07.618940|[EVENT][SUB][doLoop]event sub tasks report,working event sub count=0,suspend event sub count=0
info|2023-07-08 10:46:07.739379|[SDK][WS][SERVICE]connected nodes,count=2
info|2023-07-08 10:46:27.634589|[EVENT][SUB][doLoop]event sub tasks report,working event sub count=0,suspend event sub count=0
info|2023-07-08 10:46:27.755466|[SDK][WS][SERVICE]connected nodes,count=2
info|2023-07-08 10:46:47.634827|[EVENT][SUB][doLoop]event sub tasks report,working event sub count=0,suspend event sub count=0
info|2023-07-08 10:46:47.756017|[SDK][WS][SERVICE]connected nodes,count=2
info|2023-07-08 10:47:07.636712|[EVENT][SUB][doLoop]event sub tasks report,working event sub count=0,suspend event sub count=0
info|2023-07-08 10:47:07.757084|[SDK][WS][SERVICE]connected nodes,count=2
info|2023-07-08 10:47:27.637351|[EVENT][SUB][doLoop]event sub tasks report,working event sub count=0,suspend event sub count=0
info|2023-07-08 10:47:27.758590|[SDK][WS][SERVICE]connected nodes,count=2
info|2023-07-08 10:47:47.637720|[EVENT][SUB][doLoop]event sub tasks report,working event sub count=0,suspend event sub count=0
info|2023-07-08 10:47:47.758813|[SDK][WS][SERVICE]connected nodes,count=2
info|2023-07-08 10:48:07.637852|[EVENT][SUB][doLoop]event sub tasks report,working event sub count=0,suspend event sub count=0
info|2023-07-08 10:48:07.759067|[SDK][WS][SERVICE]connected nodes,count=2
info|2023-07-08 10:48:27.668705|[EVENT][SUB][doLoop]event sub tasks report,working event sub count=0,suspend event sub count=0
info|2023-07-08 10:48:27.759150|[SDK][WS][SERVICE]connected nodes,count=2
info|2023-07-08 10:48:47.668782|[EVENT][SUB][doLoop]event sub tasks report,working event sub count=0,suspend event sub count=0
info|2023-07-08 10:48:47.759428|[SDK][WS][SERVICE]connected nodes,count=2
info|2023-07-08 10:49:07.669288|[EVENT][SUB][doLoop]event sub tasks report,working event sub count=0,suspend event sub count=0
info|2023-07-08 10:49:07.759832|[SDK][WS][SERVICE]connected nodes,count=2
info|2023-07-08 10:49:27.673666|[EVENT][SUB][doLoop]event sub tasks report,working event sub count=0,suspend event sub count=0
info|2023-07-08 10:49:27.760571|[SDK][WS][SERVICE]connected nodes,count=2
info|2023-07-08 10:49:47.674226|[EVENT][SUB][doLoop]event sub tasks report,working event sub count=0,suspend event sub count=0
info|2023-07-08 10:49:47.761177|[SDK][WS][SERVICE]connected nodes,count=2
info|2023-07-08 10:50:07.674476|[EVENT][SUB][doLoop]event sub tasks report,working event sub count=0,suspend event sub count=0
info|2023-07-08 10:50:07.762758|[SDK][WS][SERVICE]connected nodes,count=2
info|2023-07-08 10:50:27.674860|[EVENT][SUB][doLoop]event sub tasks report,working event sub count=0,suspend event sub count=0
info|2023-07-08 10:50:27.762982|[SDK][WS][SERVICE]connected nodes,count=2
info|2023-07-08 10:50:47.675498|[EVENT][SUB][doLoop]event sub tasks report,working event sub count=0,suspend event sub count=0
info|2023-07-08 10:50:47.867500|[SDK][WS][SERVICE]connected nodes,count=2
info|2023-07-08 10:51:07.675702|[EVENT][SUB][doLoop]event sub tasks report,working event sub count=0,suspend event sub count=0
info|2023-07-08 10:51:07.867746|[SDK][WS][SERVICE]connected nodes,count=2
info|2023-07-08 10:51:27.675740|[EVENT][SUB][doLoop]event sub tasks report,working event sub count=0,suspend event sub count=0
info|2023-07-08 10:51:27.868229|[SDK][WS][SERVICE]connected nodes,count=2
info|2023-07-08 10:51:47.676137|[EVENT][SUB][doLoop]event sub tasks report,working event sub count=0,suspend event sub count=0
info|2023-07-08 10:51:47.869030|[SDK][WS][SERVICE]connected nodes,count=2
info|2023-07-08 10:52:07.676220|[EVENT][SUB][doLoop]event sub tasks report,working event sub count=0,suspend event sub count=0
info|2023-07-08 10:52:07.869835|[SDK][WS][SERVICE]connected nodes,count=2
info|2023-07-08 10:52:27.676654|[EVENT][SUB][doLoop]event sub tasks report,working event sub count=0,suspend event sub count=0
info|2023-07-08 10:52:27.870348|[SDK][WS][SERVICE]connected nodes,count=2
info|2023-07-08 10:52:47.676820|[EVENT][SUB][doLoop]event sub tasks report,working event sub count=0,suspend event sub count=0
info|2023-07-08 10:52:47.870962|[SDK][WS][SERVICE]connected nodes,count=2
info|2023-07-08 10:53:07.677943|[EVENT][SUB][doLoop]event sub tasks report,working event sub count=0,suspend event sub count=0
info|2023-07-08 10:53:07.928096|[SDK][WS][SERVICE]connected nodes,count=2
info|2023-07-08 10:53:27.678061|[EVENT][SUB][doLoop]event sub tasks report,working event sub count=0,suspend event sub count=0
info|2023-07-08 10:53:27.928272|[SDK][WS][SERVICE]connected nodes,count=2
info|2023-07-08 10:53:47.679027|[EVENT][SUB][doLoop]event sub tasks report,working event sub count=0,suspend event sub count=0
info|2023-07-08 10:53:47.928639|[SDK][WS][SERVICE]connected nodes,count=2
info|2023-07-08 10:54:07.679940|[EVENT][SUB][doLoop]event sub tasks report,working event sub count=0,suspend event sub count=0
info|2023-07-08 10:54:07.929414|[SDK][WS][SERVICE]connected nodes,count=2
info|2023-07-08 10:54:27.679759|[EVENT][SUB][doLoop]event sub tasks report,working event sub count=0,suspend event sub count=0
info|2023-07-08 10:54:27.929766|[SDK][WS][SERVICE]connected nodes,count=2
info|2023-07-08 10:54:47.682792|[EVENT][SUB][doLoop]event sub tasks report,working event sub count=0,suspend event sub count=0
info|2023-07-08 10:54:47.929989|[SDK][WS][SERVICE]connected nodes,count=2
info|2023-07-08 10:55:07.683816|[EVENT][SUB][doLoop]event sub tasks report,working event sub count=0,suspend event sub count=0
info|2023-07-08 10:55:07.930675|[SDK][WS][SERVICE]connected nodes,count=2
info|2023-07-08 10:55:27.683937|[EVENT][SUB][doLoop]event sub tasks report,working event sub count=0,suspend event sub count=0
info|2023-07-08 10:55:27.930933|[SDK][WS][SERVICE]connected nodes,count=2
info|2023-07-08 10:55:47.684075|[EVENT][SUB][doLoop]event sub tasks report,working event sub count=0,suspend event sub count=0
info|2023-07-08 10:55:47.931406|[SDK][WS][SERVICE]connected nodes,count=2
info|2023-07-08 10:56:07.684397|[EVENT][SUB][doLoop]event sub tasks report,working event sub count=0,suspend event sub count=0
info|2023-07-08 10:56:07.931744|[SDK][WS][SERVICE]connected nodes,count=2
info|2023-07-08 10:56:27.684655|[EVENT][SUB][doLoop]event sub tasks report,working event sub count=0,suspend event sub count=0
info|2023-07-08 10:56:27.932550|[SDK][WS][SERVICE]connected nodes,count=2
info|2023-07-08 10:56:47.684943|[EVENT][SUB][doLoop]event sub tasks report,working event sub count=0,suspend event sub count=0
info|2023-07-08 10:56:47.933430|[SDK][WS][SERVICE]connected nodes,count=2
info|2023-07-08 10:57:07.685263|[EVENT][SUB][doLoop]event sub tasks report,working event sub count=0,suspend event sub count=0
info|2023-07-08 10:57:07.934258|[SDK][WS][SERVICE]connected nodes,count=2
info|2023-07-08 10:57:13.968470|[RPC][BLOCK][NUMBER][fromJson],group=group0,node=98a7f70ec883a722219d92253cf073a72605f4087aa3443c8e4aadc0af2dc3ac647d0fa1b5ac99cd6987abafe6d690ae71cd5fd2aeeabe7589bfb4748aabdfba,blockNumber=1951
info|2023-07-08 10:57:13.968511|[RPCWS][SERVICE][onRecvBlockNotifier]receive block number notifier,group=group0,node=98a7f70ec883a722219d92253cf073a72605f4087aa3443c8e4aadc0af2dc3ac647d0fa1b5ac99cd6987abafe6d690ae71cd5fd2aeeabe7589bfb4748aabdfba,blockNumber=1951
info|2023-07-08 10:57:13.968519|[RPCWS][SERVICE][updateGroupBlockNumber],groupID=group0,_blockNumber=1951
info|2023-07-08 10:57:13.968525|[RPCWS][SERVICE][onRecvBlockNotifier]block notifier callback,group=group0,node=98a7f70ec883a722219d92253cf073a72605f4087aa3443c8e4aadc0af2dc3ac647d0fa1b5ac99cd6987abafe6d690ae71cd5fd2aeeabe7589bfb4748aabdfba,blockNumber=1951
info|2023-07-08 10:57:13.968550|[WS]receive block notify,endpoint=127.0.0.1:20200,blk={
	"blockNumber" : 1951,
	"group" : "group0",
	"nodeName" : "98a7f70ec883a722219d92253cf073a72605f4087aa3443c8e4aadc0af2dc3ac647d0fa1b5ac99cd6987abafe6d690ae71cd5fd2aeeabe7589bfb4748aabdfba"
}
info|2023-07-08 10:57:13.997308|[RPC][BLOCK][NUMBER][fromJson],group=group0,node=2f993327933ad58672518b6d4f63920cbc68b80f78f4d81192552ee6362f5cc81ee13bdc678ad65f06e76444cadb53b33694cfb3fc7679b8000411975fedd28a,blockNumber=1951
info|2023-07-08 10:57:13.997341|[RPCWS][SERVICE][onRecvBlockNotifier]receive block number notifier,group=group0,node=2f993327933ad58672518b6d4f63920cbc68b80f78f4d81192552ee6362f5cc81ee13bdc678ad65f06e76444cadb53b33694cfb3fc7679b8000411975fedd28a,blockNumber=1951
info|2023-07-08 10:57:13.997350|[WS]receive block notify,endpoint=127.0.0.1:20201,blk={
	"blockNumber" : 1951,
	"group" : "group0",
	"nodeName" : "2f993327933ad58672518b6d4f63920cbc68b80f78f4d81192552ee6362f5cc81ee13bdc678ad65f06e76444cadb53b33694cfb3fc7679b8000411975fedd28a"
}
info|2023-07-08 10:57:14.539629|[RPC][BLOCK][NUMBER][fromJson],group=group0,node=98a7f70ec883a722219d92253cf073a72605f4087aa3443c8e4aadc0af2dc3ac647d0fa1b5ac99cd6987abafe6d690ae71cd5fd2aeeabe7589bfb4748aabdfba,blockNumber=1952
info|2023-07-08 10:57:14.539789|[RPCWS][SERVICE][onRecvBlockNotifier]receive block number notifier,group=group0,node=98a7f70ec883a722219d92253cf073a72605f4087aa3443c8e4aadc0af2dc3ac647d0fa1b5ac99cd6987abafe6d690ae71cd5fd2aeeabe7589bfb4748aabdfba,blockNumber=1952
info|2023-07-08 10:57:14.539809|[RPCWS][SERVICE][updateGroupBlockNumber],groupID=group0,_blockNumber=1952
info|2023-07-08 10:57:14.539858|[RPCWS][SERVICE][onRecvBlockNotifier]block notifier callback,group=group0,node=98a7f70ec883a722219d92253cf073a72605f4087aa3443c8e4aadc0af2dc3ac647d0fa1b5ac99cd6987abafe6d690ae71cd5fd2aeeabe7589bfb4748aabdfba,blockNumber=1952
info|2023-07-08 10:57:14.539865|[WS]receive block notify,endpoint=127.0.0.1:20200,blk={
	"blockNumber" : 1952,
	"group" : "group0",
	"nodeName" : "98a7f70ec883a722219d92253cf073a72605f4087aa3443c8e4aadc0af2dc3ac647d0fa1b5ac99cd6987abafe6d690ae71cd5fd2aeeabe7589bfb4748aabdfba"
}
info|2023-07-08 10:57:14.645266|[RPC][BLOCK][NUMBER][fromJson],group=group0,node=2f993327933ad58672518b6d4f63920cbc68b80f78f4d81192552ee6362f5cc81ee13bdc678ad65f06e76444cadb53b33694cfb3fc7679b8000411975fedd28a,blockNumber=1952
info|2023-07-08 10:57:14.645382|[RPCWS][SERVICE][onRecvBlockNotifier]receive block number notifier,group=group0,node=2f993327933ad58672518b6d4f63920cbc68b80f78f4d81192552ee6362f5cc81ee13bdc678ad65f06e76444cadb53b33694cfb3fc7679b8000411975fedd28a,blockNumber=1952
info|2023-07-08 10:57:14.645409|[WS]receive block notify,endpoint=127.0.0.1:20201,blk={
	"blockNumber" : 1952,
	"group" : "group0",
	"nodeName" : "2f993327933ad58672518b6d4f63920cbc68b80f78f4d81192552ee6362f5cc81ee13bdc678ad65f06e76444cadb53b33694cfb3fc7679b8000411975fedd28a"
}
info|2023-07-08 10:57:15.156576|[RPC][BLOCK][NUMBER][fromJson],group=group0,node=2f993327933ad58672518b6d4f63920cbc68b80f78f4d81192552ee6362f5cc81ee13bdc678ad65f06e76444cadb53b33694cfb3fc7679b8000411975fedd28a,blockNumber=1953
info|2023-07-08 10:57:15.156618|[RPCWS][SERVICE][onRecvBlockNotifier]receive block number notifier,group=group0,node=2f993327933ad58672518b6d4f63920cbc68b80f78f4d81192552ee6362f5cc81ee13bdc678ad65f06e76444cadb53b33694cfb3fc7679b8000411975fedd28a,blockNumber=1953
info|2023-07-08 10:57:15.156626|[RPCWS][SERVICE][updateGroupBlockNumber],groupID=group0,_blockNumber=1953
info|2023-07-08 10:57:15.156632|[RPCWS][SERVICE][onRecvBlockNotifier]block notifier callback,group=group0,node=2f993327933ad58672518b6d4f63920cbc68b80f78f4d81192552ee6362f5cc81ee13bdc678ad65f06e76444cadb53b33694cfb3fc7679b8000411975fedd28a,blockNumber=1953
info|2023-07-08 10:57:15.156639|[WS]receive block notify,endpoint=127.0.0.1:20201,blk={
	"blockNumber" : 1953,
	"group" : "group0",
	"nodeName" : "2f993327933ad58672518b6d4f63920cbc68b80f78f4d81192552ee6362f5cc81ee13bdc678ad65f06e76444cadb53b33694cfb3fc7679b8000411975fedd28a"
}
info|2023-07-08 10:57:15.158740|[RPC][BLOCK][NUMBER][fromJson],group=group0,node=98a7f70ec883a722219d92253cf073a72605f4087aa3443c8e4aadc0af2dc3ac647d0fa1b5ac99cd6987abafe6d690ae71cd5fd2aeeabe7589bfb4748aabdfba,blockNumber=1953
info|2023-07-08 10:57:15.158826|[RPCWS][SERVICE][onRecvBlockNotifier]receive block number notifier,group=group0,node=98a7f70ec883a722219d92253cf073a72605f4087aa3443c8e4aadc0af2dc3ac647d0fa1b5ac99cd6987abafe6d690ae71cd5fd2aeeabe7589bfb4748aabdfba,blockNumber=1953
info|2023-07-08 10:57:15.158836|[WS]receive block notify,endpoint=127.0.0.1:20200,blk={
	"blockNumber" : 1953,
	"group" : "group0",
	"nodeName" : "98a7f70ec883a722219d92253cf073a72605f4087aa3443c8e4aadc0af2dc3ac647d0fa1b5ac99cd6987abafe6d690ae71cd5fd2aeeabe7589bfb4748aabdfba"
}
info|2023-07-08 10:57:15.705826|[RPC][BLOCK][NUMBER][fromJson],group=group0,node=98a7f70ec883a722219d92253cf073a72605f4087aa3443c8e4aadc0af2dc3ac647d0fa1b5ac99cd6987abafe6d690ae71cd5fd2aeeabe7589bfb4748aabdfba,blockNumber=1954
info|2023-07-08 10:57:15.705898|[RPCWS][SERVICE][onRecvBlockNotifier]receive block number notifier,group=group0,node=98a7f70ec883a722219d92253cf073a72605f4087aa3443c8e4aadc0af2dc3ac647d0fa1b5ac99cd6987abafe6d690ae71cd5fd2aeeabe7589bfb4748aabdfba,blockNumber=1954
info|2023-07-08 10:57:15.705908|[RPCWS][SERVICE][updateGroupBlockNumber],groupID=group0,_blockNumber=1954
info|2023-07-08 10:57:15.705914|[RPCWS][SERVICE][onRecvBlockNotifier]block notifier callback,group=group0,node=98a7f70ec883a722219d92253cf073a72605f4087aa3443c8e4aadc0af2dc3ac647d0fa1b5ac99cd6987abafe6d690ae71cd5fd2aeeabe7589bfb4748aabdfba,blockNumber=1954
info|2023-07-08 10:57:15.705920|[WS]receive block notify,endpoint=127.0.0.1:20200,blk={
	"blockNumber" : 1954,
	"group" : "group0",
	"nodeName" : "98a7f70ec883a722219d92253cf073a72605f4087aa3443c8e4aadc0af2dc3ac647d0fa1b5ac99cd6987abafe6d690ae71cd5fd2aeeabe7589bfb4748aabdfba"
}
info|2023-07-08 10:57:15.759355|[RPC][BLOCK][NUMBER][fromJson],group=group0,node=2f993327933ad58672518b6d4f63920cbc68b80f78f4d81192552ee6362f5cc81ee13bdc678ad65f06e76444cadb53b33694cfb3fc7679b8000411975fedd28a,blockNumber=1954
info|2023-07-08 10:57:15.759436|[RPCWS][SERVICE][onRecvBlockNotifier]receive block number notifier,group=group0,node=2f993327933ad58672518b6d4f63920cbc68b80f78f4d81192552ee6362f5cc81ee13bdc678ad65f06e76444cadb53b33694cfb3fc7679b8000411975fedd28a,blockNumber=1954
info|2023-07-08 10:57:15.759451|[WS]receive block notify,endpoint=127.0.0.1:20201,blk={
	"blockNumber" : 1954,
	"group" : "group0",
	"nodeName" : "2f993327933ad58672518b6d4f63920cbc68b80f78f4d81192552ee6362f5cc81ee13bdc678ad65f06e76444cadb53b33694cfb3fc7679b8000411975fedd28a"
}
info|2023-07-08 10:57:16.262033|[RPC][BLOCK][NUMBER][fromJson],group=group0,node=98a7f70ec883a722219d92253cf073a72605f4087aa3443c8e4aadc0af2dc3ac647d0fa1b5ac99cd6987abafe6d690ae71cd5fd2aeeabe7589bfb4748aabdfba,blockNumber=1955
info|2023-07-08 10:57:16.262074|[RPCWS][SERVICE][onRecvBlockNotifier]receive block number notifier,group=group0,node=98a7f70ec883a722219d92253cf073a72605f4087aa3443c8e4aadc0af2dc3ac647d0fa1b5ac99cd6987abafe6d690ae71cd5fd2aeeabe7589bfb4748aabdfba,blockNumber=1955
info|2023-07-08 10:57:16.262082|[RPCWS][SERVICE][updateGroupBlockNumber],groupID=group0,_blockNumber=1955
info|2023-07-08 10:57:16.262088|[RPCWS][SERVICE][onRecvBlockNotifier]block notifier callback,group=group0,node=98a7f70ec883a722219d92253cf073a72605f4087aa3443c8e4aadc0af2dc3ac647d0fa1b5ac99cd6987abafe6d690ae71cd5fd2aeeabe7589bfb4748aabdfba,blockNumber=1955
info|2023-07-08 10:57:16.262095|[WS]receive block notify,endpoint=127.0.0.1:20200,blk={
	"blockNumber" : 1955,
	"group" : "group0",
	"nodeName" : "98a7f70ec883a722219d92253cf073a72605f4087aa3443c8e4aadc0af2dc3ac647d0fa1b5ac99cd6987abafe6d690ae71cd5fd2aeeabe7589bfb4748aabdfba"
}
info|2023-07-08 10:57:16.308799|[RPC][BLOCK][NUMBER][fromJson],group=group0,node=2f993327933ad58672518b6d4f63920cbc68b80f78f4d81192552ee6362f5cc81ee13bdc678ad65f06e76444cadb53b33694cfb3fc7679b8000411975fedd28a,blockNumber=1955
info|2023-07-08 10:57:16.308891|[RPCWS][SERVICE][onRecvBlockNotifier]receive block number notifier,group=group0,node=2f993327933ad58672518b6d4f63920cbc68b80f78f4d81192552ee6362f5cc81ee13bdc678ad65f06e76444cadb53b33694cfb3fc7679b8000411975fedd28a,blockNumber=1955
info|2023-07-08 10:57:16.308912|[WS]receive block notify,endpoint=127.0.0.1:20201,blk={
	"blockNumber" : 1955,
	"group" : "group0",
	"nodeName" : "2f993327933ad58672518b6d4f63920cbc68b80f78f4d81192552ee6362f5cc81ee13bdc678ad65f06e76444cadb53b33694cfb3fc7679b8000411975fedd28a"
}
info|2023-07-08 10:57:16.824742|[RPC][BLOCK][NUMBER][fromJson],group=group0,node=98a7f70ec883a722219d92253cf073a72605f4087aa3443c8e4aadc0af2dc3ac647d0fa1b5ac99cd6987abafe6d690ae71cd5fd2aeeabe7589bfb4748aabdfba,blockNumber=1956
info|2023-07-08 10:57:16.824999|[RPCWS][SERVICE][onRecvBlockNotifier]receive block number notifier,group=group0,node=98a7f70ec883a722219d92253cf073a72605f4087aa3443c8e4aadc0af2dc3ac647d0fa1b5ac99cd6987abafe6d690ae71cd5fd2aeeabe7589bfb4748aabdfba,blockNumber=1956
info|2023-07-08 10:57:16.825019|[RPCWS][SERVICE][updateGroupBlockNumber],groupID=group0,_blockNumber=1956
info|2023-07-08 10:57:16.825028|[RPCWS][SERVICE][onRecvBlockNotifier]block notifier callback,group=group0,node=98a7f70ec883a722219d92253cf073a72605f4087aa3443c8e4aadc0af2dc3ac647d0fa1b5ac99cd6987abafe6d690ae71cd5fd2aeeabe7589bfb4748aabdfba,blockNumber=1956
info|2023-07-08 10:57:16.825042|[WS]receive block notify,endpoint=127.0.0.1:20200,blk={
	"blockNumber" : 1956,
	"group" : "group0",
	"nodeName" : "98a7f70ec883a722219d92253cf073a72605f4087aa3443c8e4aadc0af2dc3ac647d0fa1b5ac99cd6987abafe6d690ae71cd5fd2aeeabe7589bfb4748aabdfba"
}
info|2023-07-08 10:57:16.853422|[RPC][BLOCK][NUMBER][fromJson],group=group0,node=2f993327933ad58672518b6d4f63920cbc68b80f78f4d81192552ee6362f5cc81ee13bdc678ad65f06e76444cadb53b33694cfb3fc7679b8000411975fedd28a,blockNumber=1956
info|2023-07-08 10:57:16.853488|[RPCWS][SERVICE][onRecvBlockNotifier]receive block number notifier,group=group0,node=2f993327933ad58672518b6d4f63920cbc68b80f78f4d81192552ee6362f5cc81ee13bdc678ad65f06e76444cadb53b33694cfb3fc7679b8000411975fedd28a,blockNumber=1956
info|2023-07-08 10:57:16.853503|[WS]receive block notify,endpoint=127.0.0.1:20201,blk={
	"blockNumber" : 1956,
	"group" : "group0",
	"nodeName" : "2f993327933ad58672518b6d4f63920cbc68b80f78f4d81192552ee6362f5cc81ee13bdc678ad65f06e76444cadb53b33694cfb3fc7679b8000411975fedd28a"
}
info|2023-07-08 10:57:17.361031|[RPC][BLOCK][NUMBER][fromJson],group=group0,node=98a7f70ec883a722219d92253cf073a72605f4087aa3443c8e4aadc0af2dc3ac647d0fa1b5ac99cd6987abafe6d690ae71cd5fd2aeeabe7589bfb4748aabdfba,blockNumber=1957
info|2023-07-08 10:57:17.361053|[RPCWS][SERVICE][onRecvBlockNotifier]receive block number notifier,group=group0,node=98a7f70ec883a722219d92253cf073a72605f4087aa3443c8e4aadc0af2dc3ac647d0fa1b5ac99cd6987abafe6d690ae71cd5fd2aeeabe7589bfb4748aabdfba,blockNumber=1957
info|2023-07-08 10:57:17.361058|[RPCWS][SERVICE][updateGroupBlockNumber],groupID=group0,_blockNumber=1957
info|2023-07-08 10:57:17.361062|[RPCWS][SERVICE][onRecvBlockNotifier]block notifier callback,group=group0,node=98a7f70ec883a722219d92253cf073a72605f4087aa3443c8e4aadc0af2dc3ac647d0fa1b5ac99cd6987abafe6d690ae71cd5fd2aeeabe7589bfb4748aabdfba,blockNumber=1957
info|2023-07-08 10:57:17.361065|[WS]receive block notify,endpoint=127.0.0.1:20200,blk={
	"blockNumber" : 1957,
	"group" : "group0",
	"nodeName" : "98a7f70ec883a722219d92253cf073a72605f4087aa3443c8e4aadc0af2dc3ac647d0fa1b5ac99cd6987abafe6d690ae71cd5fd2aeeabe7589bfb4748aabdfba"
}
info|2023-07-08 10:57:17.412518|[RPC][BLOCK][NUMBER][fromJson],group=group0,node=2f993327933ad58672518b6d4f63920cbc68b80f78f4d81192552ee6362f5cc81ee13bdc678ad65f06e76444cadb53b33694cfb3fc7679b8000411975fedd28a,blockNumber=1957
info|2023-07-08 10:57:17.412539|[RPCWS][SERVICE][onRecvBlockNotifier]receive block number notifier,group=group0,node=2f993327933ad58672518b6d4f63920cbc68b80f78f4d81192552ee6362f5cc81ee13bdc678ad65f06e76444cadb53b33694cfb3fc7679b8000411975fedd28a,blockNumber=1957
info|2023-07-08 10:57:17.412545|[WS]receive block notify,endpoint=127.0.0.1:20201,blk={
	"blockNumber" : 1957,
	"group" : "group0",
	"nodeName" : "2f993327933ad58672518b6d4f63920cbc68b80f78f4d81192552ee6362f5cc81ee13bdc678ad65f06e76444cadb53b33694cfb3fc7679b8000411975fedd28a"
}
info|2023-07-08 10:57:17.963940|[RPC][BLOCK][NUMBER][fromJson],group=group0,node=98a7f70ec883a722219d92253cf073a72605f4087aa3443c8e4aadc0af2dc3ac647d0fa1b5ac99cd6987abafe6d690ae71cd5fd2aeeabe7589bfb4748aabdfba,blockNumber=1958
info|2023-07-08 10:57:17.963984|[RPCWS][SERVICE][onRecvBlockNotifier]receive block number notifier,group=group0,node=98a7f70ec883a722219d92253cf073a72605f4087aa3443c8e4aadc0af2dc3ac647d0fa1b5ac99cd6987abafe6d690ae71cd5fd2aeeabe7589bfb4748aabdfba,blockNumber=1958
info|2023-07-08 10:57:17.963993|[RPCWS][SERVICE][updateGroupBlockNumber],groupID=group0,_blockNumber=1958
info|2023-07-08 10:57:17.963998|[RPCWS][SERVICE][onRecvBlockNotifier]block notifier callback,group=group0,node=98a7f70ec883a722219d92253cf073a72605f4087aa3443c8e4aadc0af2dc3ac647d0fa1b5ac99cd6987abafe6d690ae71cd5fd2aeeabe7589bfb4748aabdfba,blockNumber=1958
info|2023-07-08 10:57:17.964003|[WS]receive block notify,endpoint=127.0.0.1:20200,blk={
	"blockNumber" : 1958,
	"group" : "group0",
	"nodeName" : "98a7f70ec883a722219d92253cf073a72605f4087aa3443c8e4aadc0af2dc3ac647d0fa1b5ac99cd6987abafe6d690ae71cd5fd2aeeabe7589bfb4748aabdfba"
}
info|2023-07-08 10:57:18.014542|[RPC][BLOCK][NUMBER][fromJson],group=group0,node=2f993327933ad58672518b6d4f63920cbc68b80f78f4d81192552ee6362f5cc81ee13bdc678ad65f06e76444cadb53b33694cfb3fc7679b8000411975fedd28a,blockNumber=1958
info|2023-07-08 10:57:18.014611|[RPCWS][SERVICE][onRecvBlockNotifier]receive block number notifier,group=group0,node=2f993327933ad58672518b6d4f63920cbc68b80f78f4d81192552ee6362f5cc81ee13bdc678ad65f06e76444cadb53b33694cfb3fc7679b8000411975fedd28a,blockNumber=1958
info|2023-07-08 10:57:18.014655|[WS]receive block notify,endpoint=127.0.0.1:20201,blk={
	"blockNumber" : 1958,
	"group" : "group0",
	"nodeName" : "2f993327933ad58672518b6d4f63920cbc68b80f78f4d81192552ee6362f5cc81ee13bdc678ad65f06e76444cadb53b33694cfb3fc7679b8000411975fedd28a"
}
info|2023-07-08 10:57:18.533969|[RPC][BLOCK][NUMBER][fromJson],group=group0,node=98a7f70ec883a722219d92253cf073a72605f4087aa3443c8e4aadc0af2dc3ac647d0fa1b5ac99cd6987abafe6d690ae71cd5fd2aeeabe7589bfb4748aabdfba,blockNumber=1959
info|2023-07-08 10:57:18.534013|[RPCWS][SERVICE][onRecvBlockNotifier]receive block number notifier,group=group0,node=98a7f70ec883a722219d92253cf073a72605f4087aa3443c8e4aadc0af2dc3ac647d0fa1b5ac99cd6987abafe6d690ae71cd5fd2aeeabe7589bfb4748aabdfba,blockNumber=1959
info|2023-07-08 10:57:18.534022|[RPCWS][SERVICE][updateGroupBlockNumber],groupID=group0,_blockNumber=1959
info|2023-07-08 10:57:18.534028|[RPCWS][SERVICE][onRecvBlockNotifier]block notifier callback,group=group0,node=98a7f70ec883a722219d92253cf073a72605f4087aa3443c8e4aadc0af2dc3ac647d0fa1b5ac99cd6987abafe6d690ae71cd5fd2aeeabe7589bfb4748aabdfba,blockNumber=1959
info|2023-07-08 10:57:18.534033|[WS]receive block notify,endpoint=127.0.0.1:20200,blk={
	"blockNumber" : 1959,
	"group" : "group0",
	"nodeName" : "98a7f70ec883a722219d92253cf073a72605f4087aa3443c8e4aadc0af2dc3ac647d0fa1b5ac99cd6987abafe6d690ae71cd5fd2aeeabe7589bfb4748aabdfba"
}
info|2023-07-08 10:57:18.554690|[RPC][BLOCK][NUMBER][fromJson],group=group0,node=2f993327933ad58672518b6d4f63920cbc68b80f78f4d81192552ee6362f5cc81ee13bdc678ad65f06e76444cadb53b33694cfb3fc7679b8000411975fedd28a,blockNumber=1959
info|2023-07-08 10:57:18.554719|[RPCWS][SERVICE][onRecvBlockNotifier]receive block number notifier,group=group0,node=2f993327933ad58672518b6d4f63920cbc68b80f78f4d81192552ee6362f5cc81ee13bdc678ad65f06e76444cadb53b33694cfb3fc7679b8000411975fedd28a,blockNumber=1959
info|2023-07-08 10:57:18.554728|[WS]receive block notify,endpoint=127.0.0.1:20201,blk={
	"blockNumber" : 1959,
	"group" : "group0",
	"nodeName" : "2f993327933ad58672518b6d4f63920cbc68b80f78f4d81192552ee6362f5cc81ee13bdc678ad65f06e76444cadb53b33694cfb3fc7679b8000411975fedd28a"
}
info|2023-07-08 10:57:19.042300|[RPC][BLOCK][NUMBER][fromJson],group=group0,node=98a7f70ec883a722219d92253cf073a72605f4087aa3443c8e4aadc0af2dc3ac647d0fa1b5ac99cd6987abafe6d690ae71cd5fd2aeeabe7589bfb4748aabdfba,blockNumber=1960
info|2023-07-08 10:57:19.042324|[RPCWS][SERVICE][onRecvBlockNotifier]receive block number notifier,group=group0,node=98a7f70ec883a722219d92253cf073a72605f4087aa3443c8e4aadc0af2dc3ac647d0fa1b5ac99cd6987abafe6d690ae71cd5fd2aeeabe7589bfb4748aabdfba,blockNumber=1960
info|2023-07-08 10:57:19.042330|[RPCWS][SERVICE][updateGroupBlockNumber],groupID=group0,_blockNumber=1960
info|2023-07-08 10:57:19.042334|[RPCWS][SERVICE][onRecvBlockNotifier]block notifier callback,group=group0,node=98a7f70ec883a722219d92253cf073a72605f4087aa3443c8e4aadc0af2dc3ac647d0fa1b5ac99cd6987abafe6d690ae71cd5fd2aeeabe7589bfb4748aabdfba,blockNumber=1960
info|2023-07-08 10:57:19.042339|[WS]receive block notify,endpoint=127.0.0.1:20200,blk={
	"blockNumber" : 1960,
	"group" : "group0",
	"nodeName" : "98a7f70ec883a722219d92253cf073a72605f4087aa3443c8e4aadc0af2dc3ac647d0fa1b5ac99cd6987abafe6d690ae71cd5fd2aeeabe7589bfb4748aabdfba"
}
info|2023-07-08 10:57:19.065656|[RPC][BLOCK][NUMBER][fromJson],group=group0,node=2f993327933ad58672518b6d4f63920cbc68b80f78f4d81192552ee6362f5cc81ee13bdc678ad65f06e76444cadb53b33694cfb3fc7679b8000411975fedd28a,blockNumber=1960
info|2023-07-08 10:57:19.065679|[RPCWS][SERVICE][onRecvBlockNotifier]receive block number notifier,group=group0,node=2f993327933ad58672518b6d4f63920cbc68b80f78f4d81192552ee6362f5cc81ee13bdc678ad65f06e76444cadb53b33694cfb3fc7679b8000411975fedd28a,blockNumber=1960
info|2023-07-08 10:57:19.065685|[WS]receive block notify,endpoint=127.0.0.1:20201,blk={
	"blockNumber" : 1960,
	"group" : "group0",
	"nodeName" : "2f993327933ad58672518b6d4f63920cbc68b80f78f4d81192552ee6362f5cc81ee13bdc678ad65f06e76444cadb53b33694cfb3fc7679b8000411975fedd28a"
}
info|2023-07-08 10:57:19.641109|[RPC][BLOCK][NUMBER][fromJson],group=group0,node=98a7f70ec883a722219d92253cf073a72605f4087aa3443c8e4aadc0af2dc3ac647d0fa1b5ac99cd6987abafe6d690ae71cd5fd2aeeabe7589bfb4748aabdfba,blockNumber=1961
info|2023-07-08 10:57:19.641141|[RPCWS][SERVICE][onRecvBlockNotifier]receive block number notifier,group=group0,node=98a7f70ec883a722219d92253cf073a72605f4087aa3443c8e4aadc0af2dc3ac647d0fa1b5ac99cd6987abafe6d690ae71cd5fd2aeeabe7589bfb4748aabdfba,blockNumber=1961
info|2023-07-08 10:57:19.641151|[RPCWS][SERVICE][updateGroupBlockNumber],groupID=group0,_blockNumber=1961
info|2023-07-08 10:57:19.641190|[RPCWS][SERVICE][onRecvBlockNotifier]block notifier callback,group=group0,node=98a7f70ec883a722219d92253cf073a72605f4087aa3443c8e4aadc0af2dc3ac647d0fa1b5ac99cd6987abafe6d690ae71cd5fd2aeeabe7589bfb4748aabdfba,blockNumber=1961
info|2023-07-08 10:57:19.641201|[WS]receive block notify,endpoint=127.0.0.1:20200,blk={
	"blockNumber" : 1961,
	"group" : "group0",
	"nodeName" : "98a7f70ec883a722219d92253cf073a72605f4087aa3443c8e4aadc0af2dc3ac647d0fa1b5ac99cd6987abafe6d690ae71cd5fd2aeeabe7589bfb4748aabdfba"
}
info|2023-07-08 10:57:19.651205|[RPC][BLOCK][NUMBER][fromJson],group=group0,node=2f993327933ad58672518b6d4f63920cbc68b80f78f4d81192552ee6362f5cc81ee13bdc678ad65f06e76444cadb53b33694cfb3fc7679b8000411975fedd28a,blockNumber=1961
info|2023-07-08 10:57:19.651234|[RPCWS][SERVICE][onRecvBlockNotifier]receive block number notifier,group=group0,node=2f993327933ad58672518b6d4f63920cbc68b80f78f4d81192552ee6362f5cc81ee13bdc678ad65f06e76444cadb53b33694cfb3fc7679b8000411975fedd28a,blockNumber=1961
info|2023-07-08 10:57:19.651244|[WS]receive block notify,endpoint=127.0.0.1:20201,blk={
	"blockNumber" : 1961,
	"group" : "group0",
	"nodeName" : "2f993327933ad58672518b6d4f63920cbc68b80f78f4d81192552ee6362f5cc81ee13bdc678ad65f06e76444cadb53b33694cfb3fc7679b8000411975fedd28a"
}
info|2023-07-08 10:57:20.252727|[RPC][BLOCK][NUMBER][fromJson],group=group0,node=98a7f70ec883a722219d92253cf073a72605f4087aa3443c8e4aadc0af2dc3ac647d0fa1b5ac99cd6987abafe6d690ae71cd5fd2aeeabe7589bfb4748aabdfba,blockNumber=1962
info|2023-07-08 10:57:20.252758|[RPCWS][SERVICE][onRecvBlockNotifier]receive block number notifier,group=group0,node=98a7f70ec883a722219d92253cf073a72605f4087aa3443c8e4aadc0af2dc3ac647d0fa1b5ac99cd6987abafe6d690ae71cd5fd2aeeabe7589bfb4748aabdfba,blockNumber=1962
info|2023-07-08 10:57:20.252766|[RPCWS][SERVICE][updateGroupBlockNumber],groupID=group0,_blockNumber=1962
info|2023-07-08 10:57:20.252772|[RPCWS][SERVICE][onRecvBlockNotifier]block notifier callback,group=group0,node=98a7f70ec883a722219d92253cf073a72605f4087aa3443c8e4aadc0af2dc3ac647d0fa1b5ac99cd6987abafe6d690ae71cd5fd2aeeabe7589bfb4748aabdfba,blockNumber=1962
info|2023-07-08 10:57:20.252777|[WS]receive block notify,endpoint=127.0.0.1:20200,blk={
	"blockNumber" : 1962,
	"group" : "group0",
	"nodeName" : "98a7f70ec883a722219d92253cf073a72605f4087aa3443c8e4aadc0af2dc3ac647d0fa1b5ac99cd6987abafe6d690ae71cd5fd2aeeabe7589bfb4748aabdfba"
}
info|2023-07-08 10:57:20.299870|[RPC][BLOCK][NUMBER][fromJson],group=group0,node=2f993327933ad58672518b6d4f63920cbc68b80f78f4d81192552ee6362f5cc81ee13bdc678ad65f06e76444cadb53b33694cfb3fc7679b8000411975fedd28a,blockNumber=1962
info|2023-07-08 10:57:20.299926|[RPCWS][SERVICE][onRecvBlockNotifier]receive block number notifier,group=group0,node=2f993327933ad58672518b6d4f63920cbc68b80f78f4d81192552ee6362f5cc81ee13bdc678ad65f06e76444cadb53b33694cfb3fc7679b8000411975fedd28a,blockNumber=1962
info|2023-07-08 10:57:20.299948|[WS]receive block notify,endpoint=127.0.0.1:20201,blk={
	"blockNumber" : 1962,
	"group" : "group0",
	"nodeName" : "2f993327933ad58672518b6d4f63920cbc68b80f78f4d81192552ee6362f5cc81ee13bdc678ad65f06e76444cadb53b33694cfb3fc7679b8000411975fedd28a"
}
info|2023-07-08 10:57:20.783007|[RPC][BLOCK][NUMBER][fromJson],group=group0,node=98a7f70ec883a722219d92253cf073a72605f4087aa3443c8e4aadc0af2dc3ac647d0fa1b5ac99cd6987abafe6d690ae71cd5fd2aeeabe7589bfb4748aabdfba,blockNumber=1963
info|2023-07-08 10:57:20.783065|[RPCWS][SERVICE][onRecvBlockNotifier]receive block number notifier,group=group0,node=98a7f70ec883a722219d92253cf073a72605f4087aa3443c8e4aadc0af2dc3ac647d0fa1b5ac99cd6987abafe6d690ae71cd5fd2aeeabe7589bfb4748aabdfba,blockNumber=1963
info|2023-07-08 10:57:20.783074|[RPCWS][SERVICE][updateGroupBlockNumber],groupID=group0,_blockNumber=1963
info|2023-07-08 10:57:20.783081|[RPCWS][SERVICE][onRecvBlockNotifier]block notifier callback,group=group0,node=98a7f70ec883a722219d92253cf073a72605f4087aa3443c8e4aadc0af2dc3ac647d0fa1b5ac99cd6987abafe6d690ae71cd5fd2aeeabe7589bfb4748aabdfba,blockNumber=1963
info|2023-07-08 10:57:20.783086|[WS]receive block notify,endpoint=127.0.0.1:20200,blk={
	"blockNumber" : 1963,
	"group" : "group0",
	"nodeName" : "98a7f70ec883a722219d92253cf073a72605f4087aa3443c8e4aadc0af2dc3ac647d0fa1b5ac99cd6987abafe6d690ae71cd5fd2aeeabe7589bfb4748aabdfba"
}
info|2023-07-08 10:57:20.789259|[RPC][BLOCK][NUMBER][fromJson],group=group0,node=2f993327933ad58672518b6d4f63920cbc68b80f78f4d81192552ee6362f5cc81ee13bdc678ad65f06e76444cadb53b33694cfb3fc7679b8000411975fedd28a,blockNumber=1963
info|2023-07-08 10:57:20.789284|[RPCWS][SERVICE][onRecvBlockNotifier]receive block number notifier,group=group0,node=2f993327933ad58672518b6d4f63920cbc68b80f78f4d81192552ee6362f5cc81ee13bdc678ad65f06e76444cadb53b33694cfb3fc7679b8000411975fedd28a,blockNumber=1963
info|2023-07-08 10:57:20.789292|[WS]receive block notify,endpoint=127.0.0.1:20201,blk={
	"blockNumber" : 1963,
	"group" : "group0",
	"nodeName" : "2f993327933ad58672518b6d4f63920cbc68b80f78f4d81192552ee6362f5cc81ee13bdc678ad65f06e76444cadb53b33694cfb3fc7679b8000411975fedd28a"
}
info|2023-07-08 10:57:21.309064|[RPC][BLOCK][NUMBER][fromJson],group=group0,node=98a7f70ec883a722219d92253cf073a72605f4087aa3443c8e4aadc0af2dc3ac647d0fa1b5ac99cd6987abafe6d690ae71cd5fd2aeeabe7589bfb4748aabdfba,blockNumber=1964
info|2023-07-08 10:57:21.309166|[RPCWS][SERVICE][onRecvBlockNotifier]receive block number notifier,group=group0,node=98a7f70ec883a722219d92253cf073a72605f4087aa3443c8e4aadc0af2dc3ac647d0fa1b5ac99cd6987abafe6d690ae71cd5fd2aeeabe7589bfb4748aabdfba,blockNumber=1964
info|2023-07-08 10:57:21.309188|[RPCWS][SERVICE][updateGroupBlockNumber],groupID=group0,_blockNumber=1964
info|2023-07-08 10:57:21.309201|[RPCWS][SERVICE][onRecvBlockNotifier]block notifier callback,group=group0,node=98a7f70ec883a722219d92253cf073a72605f4087aa3443c8e4aadc0af2dc3ac647d0fa1b5ac99cd6987abafe6d690ae71cd5fd2aeeabe7589bfb4748aabdfba,blockNumber=1964
info|2023-07-08 10:57:21.309214|[WS]receive block notify,endpoint=127.0.0.1:20200,blk={
	"blockNumber" : 1964,
	"group" : "group0",
	"nodeName" : "98a7f70ec883a722219d92253cf073a72605f4087aa3443c8e4aadc0af2dc3ac647d0fa1b5ac99cd6987abafe6d690ae71cd5fd2aeeabe7589bfb4748aabdfba"
}
info|2023-07-08 10:57:21.325481|[RPC][BLOCK][NUMBER][fromJson],group=group0,node=2f993327933ad58672518b6d4f63920cbc68b80f78f4d81192552ee6362f5cc81ee13bdc678ad65f06e76444cadb53b33694cfb3fc7679b8000411975fedd28a,blockNumber=1964
info|2023-07-08 10:57:21.325538|[RPCWS][SERVICE][onRecvBlockNotifier]receive block number notifier,group=group0,node=2f993327933ad58672518b6d4f63920cbc68b80f78f4d81192552ee6362f5cc81ee13bdc678ad65f06e76444cadb53b33694cfb3fc7679b8000411975fedd28a,blockNumber=1964
info|2023-07-08 10:57:21.325587|[WS]receive block notify,endpoint=127.0.0.1:20201,blk={
	"blockNumber" : 1964,
	"group" : "group0",
	"nodeName" : "2f993327933ad58672518b6d4f63920cbc68b80f78f4d81192552ee6362f5cc81ee13bdc678ad65f06e76444cadb53b33694cfb3fc7679b8000411975fedd28a"
}
info|2023-07-08 10:57:21.899939|[RPC][BLOCK][NUMBER][fromJson],group=group0,node=98a7f70ec883a722219d92253cf073a72605f4087aa3443c8e4aadc0af2dc3ac647d0fa1b5ac99cd6987abafe6d690ae71cd5fd2aeeabe7589bfb4748aabdfba,blockNumber=1965
info|2023-07-08 10:57:21.900021|[RPCWS][SERVICE][onRecvBlockNotifier]receive block number notifier,group=group0,node=98a7f70ec883a722219d92253cf073a72605f4087aa3443c8e4aadc0af2dc3ac647d0fa1b5ac99cd6987abafe6d690ae71cd5fd2aeeabe7589bfb4748aabdfba,blockNumber=1965
info|2023-07-08 10:57:21.900037|[RPCWS][SERVICE][updateGroupBlockNumber],groupID=group0,_blockNumber=1965
info|2023-07-08 10:57:21.900046|[RPCWS][SERVICE][onRecvBlockNotifier]block notifier callback,group=group0,node=98a7f70ec883a722219d92253cf073a72605f4087aa3443c8e4aadc0af2dc3ac647d0fa1b5ac99cd6987abafe6d690ae71cd5fd2aeeabe7589bfb4748aabdfba,blockNumber=1965
info|2023-07-08 10:57:21.900054|[WS]receive block notify,endpoint=127.0.0.1:20200,blk={
	"blockNumber" : 1965,
	"group" : "group0",
	"nodeName" : "98a7f70ec883a722219d92253cf073a72605f4087aa3443c8e4aadc0af2dc3ac647d0fa1b5ac99cd6987abafe6d690ae71cd5fd2aeeabe7589bfb4748aabdfba"
}
info|2023-07-08 10:57:21.914970|[RPC][BLOCK][NUMBER][fromJson],group=group0,node=2f993327933ad58672518b6d4f63920cbc68b80f78f4d81192552ee6362f5cc81ee13bdc678ad65f06e76444cadb53b33694cfb3fc7679b8000411975fedd28a,blockNumber=1965
info|2023-07-08 10:57:21.914997|[RPCWS][SERVICE][onRecvBlockNotifier]receive block number notifier,group=group0,node=2f993327933ad58672518b6d4f63920cbc68b80f78f4d81192552ee6362f5cc81ee13bdc678ad65f06e76444cadb53b33694cfb3fc7679b8000411975fedd28a,blockNumber=1965
info|2023-07-08 10:57:21.915006|[WS]receive block notify,endpoint=127.0.0.1:20201,blk={
	"blockNumber" : 1965,
	"group" : "group0",
	"nodeName" : "2f993327933ad58672518b6d4f63920cbc68b80f78f4d81192552ee6362f5cc81ee13bdc678ad65f06e76444cadb53b33694cfb3fc7679b8000411975fedd28a"
}
info|2023-07-08 10:57:22.506773|[RPC][BLOCK][NUMBER][fromJson],group=group0,node=98a7f70ec883a722219d92253cf073a72605f4087aa3443c8e4aadc0af2dc3ac647d0fa1b5ac99cd6987abafe6d690ae71cd5fd2aeeabe7589bfb4748aabdfba,blockNumber=1966
info|2023-07-08 10:57:22.506833|[RPCWS][SERVICE][onRecvBlockNotifier]receive block number notifier,group=group0,node=98a7f70ec883a722219d92253cf073a72605f4087aa3443c8e4aadc0af2dc3ac647d0fa1b5ac99cd6987abafe6d690ae71cd5fd2aeeabe7589bfb4748aabdfba,blockNumber=1966
info|2023-07-08 10:57:22.506842|[RPCWS][SERVICE][updateGroupBlockNumber],groupID=group0,_blockNumber=1966
info|2023-07-08 10:57:22.506848|[RPCWS][SERVICE][onRecvBlockNotifier]block notifier callback,group=group0,node=98a7f70ec883a722219d92253cf073a72605f4087aa3443c8e4aadc0af2dc3ac647d0fa1b5ac99cd6987abafe6d690ae71cd5fd2aeeabe7589bfb4748aabdfba,blockNumber=1966
info|2023-07-08 10:57:22.506881|[WS]receive block notify,endpoint=127.0.0.1:20200,blk={
	"blockNumber" : 1966,
	"group" : "group0",
	"nodeName" : "98a7f70ec883a722219d92253cf073a72605f4087aa3443c8e4aadc0af2dc3ac647d0fa1b5ac99cd6987abafe6d690ae71cd5fd2aeeabe7589bfb4748aabdfba"
}
info|2023-07-08 10:57:22.563717|[RPC][BLOCK][NUMBER][fromJson],group=group0,node=2f993327933ad58672518b6d4f63920cbc68b80f78f4d81192552ee6362f5cc81ee13bdc678ad65f06e76444cadb53b33694cfb3fc7679b8000411975fedd28a,blockNumber=1966
info|2023-07-08 10:57:22.563817|[RPCWS][SERVICE][onRecvBlockNotifier]receive block number notifier,group=group0,node=2f993327933ad58672518b6d4f63920cbc68b80f78f4d81192552ee6362f5cc81ee13bdc678ad65f06e76444cadb53b33694cfb3fc7679b8000411975fedd28a,blockNumber=1966
info|2023-07-08 10:57:22.563865|[WS]receive block notify,endpoint=127.0.0.1:20201,blk={
	"blockNumber" : 1966,
	"group" : "group0",
	"nodeName" : "2f993327933ad58672518b6d4f63920cbc68b80f78f4d81192552ee6362f5cc81ee13bdc678ad65f06e76444cadb53b33694cfb3fc7679b8000411975fedd28a"
}
info|2023-07-08 10:57:27.685361|[EVENT][SUB][doLoop]event sub tasks report,working event sub count=0,suspend event sub count=0
info|2023-07-08 10:57:27.934614|[SDK][WS][SERVICE]connected nodes,count=2
info|2023-07-08 10:57:47.686016|[EVENT][SUB][doLoop]event sub tasks report,working event sub count=0,suspend event sub count=0
info|2023-07-08 10:57:47.935133|[SDK][WS][SERVICE]connected nodes,count=2
info|2023-07-08 10:58:07.686118|[EVENT][SUB][doLoop]event sub tasks report,working event sub count=0,suspend event sub count=0
info|2023-07-08 10:58:07.935548|[SDK][WS][SERVICE]connected nodes,count=2
info|2023-07-08 10:58:27.686787|[EVENT][SUB][doLoop]event sub tasks report,working event sub count=0,suspend event sub count=0
info|2023-07-08 10:58:27.935872|[SDK][WS][SERVICE]connected nodes,count=2
info|2023-07-08 10:58:47.687121|[EVENT][SUB][doLoop]event sub tasks report,working event sub count=0,suspend event sub count=0
info|2023-07-08 10:58:47.936114|[SDK][WS][SERVICE]connected nodes,count=2
info|2023-07-08 10:59:07.687612|[EVENT][SUB][doLoop]event sub tasks report,working event sub count=0,suspend event sub count=0
info|2023-07-08 10:59:07.936741|[SDK][WS][SERVICE]connected nodes,count=2
info|2023-07-08 10:59:27.688302|[EVENT][SUB][doLoop]event sub tasks report,working event sub count=0,suspend event sub count=0
info|2023-07-08 10:59:27.936915|[SDK][WS][SERVICE]connected nodes,count=2
info|2023-07-08 10:59:47.688639|[EVENT][SUB][doLoop]event sub tasks report,working event sub count=0,suspend event sub count=0
info|2023-07-08 10:59:47.937218|[SDK][WS][SERVICE]connected nodes,count=2
