info|2023-07-30 20:43:11.142684|[SDK][WS][SERVICE],[NEWOBJ][WsService]=0x7f0fac1bbf30
info|2023-07-30 20:43:11.142718|[RPCWS][SERVICE]init the local protocol,minVersion=1,maxVersion=1,module=2
info|2023-07-30 20:43:11.146924|[DEFAULT][WS][INITIALIZER][initWsService]start websocket service as client,connected size=2
info|2023-07-30 20:43:11.146968|[DEFAULT][WS][INITIALIZER][initWsService]initializer for websocket service,listenIP=,listenPort=0,disableSsl=false,server=false,client=true,threadPoolSize=2,maxMsgSize=33554432,msgTimeOut=-1,connected peers=2
info|2023-07-30 20:43:11.147017|[bcos_sdk_create][NEWOBJ],sdk=0x7f0facc72d40
info|2023-07-30 20:43:11.163171|[DEFAULT][WS][CONNECTOR][connectToWsServer]async_connect success,endpoint=127.0.0.1:20201
info|2023-07-30 20:43:11.163289|[DEFAULT][WS][STREAM],[NEWOBJ][WsStream]=0x7f0f6401b460
info|2023-07-30 20:43:11.165986|[DEFAULT][BOOSTSSL][NODEINFO][NEW]SSLContext pubHex: 3082010a0282010100983e3a6582955a60280a945a6370ea4708188c93cea0c7c02092e5dd15e628947b5a8a64bd1f5898899fbe947f040b2b1f20255d7557445767003a9ce2954044a17983c21f725ae10a0fce6723134a1c36d86cc1b6941c61402736b905dd852758c8edb622d7cf3cd9d6dbd81dc5d0cc2b1269149b645f433d1e051e3e75efe274a5905d57b18e356a090dad43b5c0a9f3af112a6d266963a009afaef9a6303bd7cd4b927ecb494d4c24babb763ae6a31fb2e19e0fa9ca4430fd03993fbe17a0517c80e2135b0fd1450bbc5cb4aaafa8a14e1c3917cb6f4fb16c2aaa15ba3974148d8a691fa99e301f61bedd48f40371f711968dbd36558e1e396c40fbaa1f970203010001
warning|2023-07-30 20:43:11.166059|[DEFAULT][BOOSTSSL][NODEINFO]Get ca basic failed
info|2023-07-30 20:43:11.166747|[DEFAULT][BOOSTSSL][NODEINFO][NEW]SSLContext pubHex: 3082010a0282010100d3594f8132bd222b1ce596ef3cc16e60c244c11d377a58a32c60945ed05462caade15c0a72a66bd9cb279f71a7a60f5dc36bdff53eb5833805f5922f19b16253426cd1b714c8e1933a811a61f714229c0fc4f73d6ec02e3c7ab098c89899d27b76e10b978f6e7e5fe2eff9256c3fd6f843152ad26eb9022839810f034d8458d20a5914a39af678580aecebdc2cd5e810fc4347f6dfa02a42f898174e7824fb4f930aaf55d21790e2e2a24d12cb864d83e9a60a0772b5f1e312d299132b7723384cf36e0b0e1071f357382a72d0a57e23e8eed0093661654ae6bbb896bf72cf2d8637e6738ff5abd4fe79b1c44f7472ed5f8432f3183650598190fa1c6be6696d0203010001
info|2023-07-30 20:43:11.168047|[DEFAULT][WS][CONNECTOR][connectToWsServer]async_connect success,endpoint=127.0.0.1:20200
info|2023-07-30 20:43:11.168167|[DEFAULT][WS][STREAM],[NEWOBJ][WsStream]=0x7f0f680184d0
info|2023-07-30 20:43:11.170419|[DEFAULT][WS][CONNECTOR][connectToWsServer]ssl async_handshake success,host=127.0.0.1,port=20201
info|2023-07-30 20:43:11.171679|[DEFAULT][BOOSTSSL][NODEINFO][NEW]SSLContext pubHex: 3082010a0282010100983e3a6582955a60280a945a6370ea4708188c93cea0c7c02092e5dd15e628947b5a8a64bd1f5898899fbe947f040b2b1f20255d7557445767003a9ce2954044a17983c21f725ae10a0fce6723134a1c36d86cc1b6941c61402736b905dd852758c8edb622d7cf3cd9d6dbd81dc5d0cc2b1269149b645f433d1e051e3e75efe274a5905d57b18e356a090dad43b5c0a9f3af112a6d266963a009afaef9a6303bd7cd4b927ecb494d4c24babb763ae6a31fb2e19e0fa9ca4430fd03993fbe17a0517c80e2135b0fd1450bbc5cb4aaafa8a14e1c3917cb6f4fb16c2aaa15ba3974148d8a691fa99e301f61bedd48f40371f711968dbd36558e1e396c40fbaa1f970203010001
warning|2023-07-30 20:43:11.171773|[DEFAULT][BOOSTSSL][NODEINFO]Get ca basic failed
info|2023-07-30 20:43:11.171839|[DEFAULT][BOOSTSSL][NODEINFO][NEW]SSLContext pubHex: 3082010a0282010100c80733d1dab6f6619bb974fc94792d6de58bb7940862bbeb29bbc78a4ef1ec2d0166583980a9aa55ba9c9847588476e7d80a65ac1cfad98bdbca825ae9b0c59190f11f4879866cb9b587cc8e4948f8fb76ef3e9dda668dd24eb4503eb0df9879b1cd7aa82e6663f202415d11a00a9c1582ff5d90c9e848da37f68313ed78ae46c6658b090a0ea00259e58a161eaf9deac7c39d6c21d3f7031e9d9dab2234ef6eba85c7ce171537ab65a4794add086445e8a037ade9db7d3d0ea8edcd6b78b5bdcc572f25f070aae7a275860c53bea0ec2610ed850d6054d1f9694b625c783cfd6540023f0cc4dfd5fd676cb2693c3377b70ba6721f10a08032a1eadf00ff1d770203010001
info|2023-07-30 20:43:11.175248|[DEFAULT][WS][CONNECTOR][connectToWsServer]ssl async_handshake success,host=127.0.0.1,port=20200
info|2023-07-30 20:43:11.224100|[DEFAULT][WS][CONNECTOR][connectToWsServer]websocket handshake successfully,host=127.0.0.1,port=20201
info|2023-07-30 20:43:11.224167|[SDK][WS][SESSION],[NEWOBJ][WSSESSION]=0x7f0f64029f00
info|2023-07-30 20:43:11.224174|[SDK][WS][SERVICE][newSession]start the session,endPoint=127.0.0.1:20201
info|2023-07-30 20:43:11.224182|[SDK][WS][SERVICE][addSession]add session to mapping,connectedEndPoint=127.0.0.1:20201,endPoint=127.0.0.1:20201,result=true
info|2023-07-30 20:43:11.224185|[SDK][WS][SERVICE][onConnect],endpoint=127.0.0.1:20201,connectedEndPoint=127.0.0.1:20201,refCount=6
info|2023-07-30 20:43:11.224249|[RPCWS][SERVICE][startHandshake],endpoint=127.0.0.1:20201
info|2023-07-30 20:43:11.224379|[SDK][WS][SESSION][startAsClient]websocket handshake successfully,endPoint=127.0.0.1:20201,session=0x7f0f64029f00
info|2023-07-30 20:43:11.224489|[DEFAULT][WS][CONNECTOR][connectToWsServer]websocket handshake successfully,host=127.0.0.1,port=20200
info|2023-07-30 20:43:11.224606|[SDK][WS][SERVICE]connected nodes,count=1
info|2023-07-30 20:43:11.224638|[SDK][WS][SERVICE][start]start websocket service successfully,model=1,max msg size=33554432
info|2023-07-30 20:43:11.224690|[SDK][WS][SESSION],[NEWOBJ][WSSESSION]=0x7f0f68027080
info|2023-07-30 20:43:11.224711|[SDK][WS][SERVICE][newSession]start the session,endPoint=127.0.0.1:20200
info|2023-07-30 20:43:11.224716|[SDK][WS][SERVICE][addSession]add session to mapping,connectedEndPoint=127.0.0.1:20200,endPoint=127.0.0.1:20200,result=true
info|2023-07-30 20:43:11.224718|[SDK][WS][SERVICE][onConnect],endpoint=127.0.0.1:20200,connectedEndPoint=127.0.0.1:20200,refCount=6
info|2023-07-30 20:43:11.224747|[RPCWS][SERVICE][startHandshake],endpoint=127.0.0.1:20200
info|2023-07-30 20:43:11.224774|[SDK][WS][SESSION][startAsClient]websocket handshake successfully,endPoint=127.0.0.1:20200,session=0x7f0f68027080
info|2023-07-30 20:43:11.229459|[RPCWS][SERVICE][fromJson] new group info,groupInfo=,group=group0,chain=chain0,nodeSize=1
info|2023-07-30 20:43:11.229628|[RPCWS][SERVICE][fromJson]parser protocol version,protocolVersion=1,groupInfoList size=1,groupBlockNumber size=1
info|2023-07-30 20:43:11.229647|[RPCWS][SERVICE][updateGroupInfoByEp],endPoint=127.0.0.1:20201,group=group0,chainID=chain0,genesisConfig={"blockTxCountLimit":1000,"consensusLeaderPeriod":1,"consensusType":"pbft","sealerList":[{"nodeID":"2a25537264a65ff64501b43eb3126b0b8483b2b1506a9af27f14abec16621620b207c9f05e6b907bba9a388a956a5c021bfa631d9b30e4b3c8c9ef968f17f27f","weight":1},{"nodeID":"2f993327933ad58672518b6d4f63920cbc68b80f78f4d81192552ee6362f5cc81ee13bdc678ad65f06e76444cadb53b33694cfb3fc7679b8000411975fedd28a","weight":1},{"nodeID":"98a7f70ec883a722219d92253cf073a72605f4087aa3443c8e4aadc0af2dc3ac647d0fa1b5ac99cd6987abafe6d690ae71cd5fd2aeeabe7589bfb4748aabdfba","weight":1},{"nodeID":"f60eae99dead37bac092544d318211ed182bd0a3bce74622620a371a4c1338f62f738e9c6ced3fb63bbe2478ce6e74a12e5cbb3a8267878ab6b47069d8f99191","weight":1}],"txGasLimit":3000000000}
,iniConfig=,nodesNum=1
info|2023-07-30 20:43:11.229656|[RPCWS][SERVICE][updateGroupInfo],endPoint=127.0.0.1:20201,group=group0,chainID=chain0,nodesNum=1
info|2023-07-30 20:43:11.229660|[RPCWS][SERVICE][clearGroupInfoByEp],endPoint=127.0.0.1:20201,group=group0
info|2023-07-30 20:43:11.229670|[RPCWS][SERVICE][printGroupInfo],total count=1
info|2023-07-30 20:43:11.229672|[RPCWS][SERVICE][printGroupInfo]group list,group=group0,count=1
info|2023-07-30 20:43:11.229674|[RPCWS][SERVICE][printGroupInfo]node list,group=group0,node=2f993327933ad58672518b6d4f63920cbc68b80f78f4d81192552ee6362f5cc81ee13bdc678ad65f06e76444cadb53b33694cfb3fc7679b8000411975fedd28a,count=1
info|2023-07-30 20:43:11.229678|[RPCWS][SERVICE][updateGroupBlockNumber],groupID=group0,_blockNumber=3154
info|2023-07-30 20:43:11.229740|[AMOP][CLIENT][updateTopicsToRemote]send subscribe message to server,endpoint=127.0.0.1:20201,topics={"topics":[]}
info|2023-07-30 20:43:11.229747|[RPCWS][SERVICE][startHandshake]handshake successfully,endPoint=127.0.0.1:20201,handshake version=1,groupInfoList size=1,groupBlockNumber size=1,handshake string={"groupBlockNumber":[{"group0":3154}],"groupInfoList":[{"chainID":"chain0","genesisConfig":"{\"blockTxCountLimit\":1000,\"consensusLeaderPeriod\":1,\"consensusType\":\"pbft\",\"sealerList\":[{\"nodeID\":\"2a25537264a65ff64501b43eb3126b0b8483b2b1506a9af27f14abec16621620b207c9f05e6b907bba9a388a956a5c021bfa631d9b30e4b3c8c9ef968f17f27f\",\"weight\":1},{\"nodeID\":\"2f993327933ad58672518b6d4f63920cbc68b80f78f4d81192552ee6362f5cc81ee13bdc678ad65f06e76444cadb53b33694cfb3fc7679b8000411975fedd28a\",\"weight\":1},{\"nodeID\":\"98a7f70ec883a722219d92253cf073a72605f4087aa3443c8e4aadc0af2dc3ac647d0fa1b5ac99cd6987abafe6d690ae71cd5fd2aeeabe7589bfb4748aabdfba\",\"weight\":1},{\"nodeID\":\"f60eae99dead37bac092544d318211ed182bd0a3bce74622620a371a4c1338f62f738e9c6ced3fb63bbe2478ce6e74a12e5cbb3a8267878ab6b47069d8f99191\",\"weight\":1}],\"txGasLimit\":3000000000}\n","groupID":"group0","iniConfig":"","nodeList":[{"iniConfig":"{\"binaryInfo\":{\"buildTime\":\"20230424 06:41:58\",\"gitCommitHash\":\"461459291f2f6bb49afbd827618fda2bc4dfdf24\",\"platform\":\"Linux/g++\",\"version\":\"3.3.0\"},\"chainID\":\"chain0\",\"gatewayServiceName\":\"\",\"groupID\":\"group0\",\"isAuthCheck\":false,\"isSerialExecute\":true,\"isWasm\":false,\"nodeID\":\"2f993327933ad58672518b6d4f63920cbc68b80f78f4d81192552ee6362f5cc81ee13bdc678ad65f06e76444cadb53b33694cfb3fc7679b8000411975fedd28a\",\"nodeName\":\"2f993327933ad58672518b6d4f63920cbc68b80f78f4d81192552ee6362f5cc81ee13bdc678ad65f06e76444cadb53b33694cfb3fc7679b8000411975fedd28a\",\"rpcServiceName\":\"\",\"smCryptoType\":false}\n","microService":false,"name":"2f993327933ad58672518b6d4f63920cbc68b80f78f4d81192552ee6362f5cc81ee13bdc678ad65f06e76444cadb53b33694cfb3fc7679b8000411975fedd28a","nodeID":"2f993327933ad58672518b6d4f63920cbc68b80f78f4d81192552ee6362f5cc81ee13bdc678ad65f06e76444cadb53b33694cfb3fc7679b8000411975fedd28a","protocol":{"compatibilityVersion":50528256,"maxSupportedVersion":1,"minSupportedVersion":0},"serviceInfo":[{"serviceName":"LedgerServiceObj","type":2},{"serviceName":"SchedulerServiceObj","type":3},{"serviceName":"FrontServiceObj","type":4},{"serviceName":"","type":6},{"serviceName":"","type":7},{"serviceName":"TxPoolServiceObj","type":8}],"type":0}]}],"protocolVersion":1}
info|2023-07-30 20:43:11.230444|[RPCWS][SERVICE][fromJson] new group info,groupInfo=,group=group0,chain=chain0,nodeSize=1
info|2023-07-30 20:43:11.230468|[RPCWS][SERVICE][fromJson]parser protocol version,protocolVersion=1,groupInfoList size=1,groupBlockNumber size=1
info|2023-07-30 20:43:11.230476|[RPCWS][SERVICE][updateGroupInfoByEp],endPoint=127.0.0.1:20200,group=group0,chainID=chain0,genesisConfig={"blockTxCountLimit":1000,"consensusLeaderPeriod":1,"consensusType":"pbft","sealerList":[{"nodeID":"2a25537264a65ff64501b43eb3126b0b8483b2b1506a9af27f14abec16621620b207c9f05e6b907bba9a388a956a5c021bfa631d9b30e4b3c8c9ef968f17f27f","weight":1},{"nodeID":"2f993327933ad58672518b6d4f63920cbc68b80f78f4d81192552ee6362f5cc81ee13bdc678ad65f06e76444cadb53b33694cfb3fc7679b8000411975fedd28a","weight":1},{"nodeID":"98a7f70ec883a722219d92253cf073a72605f4087aa3443c8e4aadc0af2dc3ac647d0fa1b5ac99cd6987abafe6d690ae71cd5fd2aeeabe7589bfb4748aabdfba","weight":1},{"nodeID":"f60eae99dead37bac092544d318211ed182bd0a3bce74622620a371a4c1338f62f738e9c6ced3fb63bbe2478ce6e74a12e5cbb3a8267878ab6b47069d8f99191","weight":1}],"txGasLimit":3000000000}
,iniConfig=,nodesNum=1
info|2023-07-30 20:43:11.230483|[RPCWS][SERVICE][updateGroupInfo],endPoint=127.0.0.1:20200,group=group0,chainID=chain0,nodesNum=1
info|2023-07-30 20:43:11.230486|[RPCWS][SERVICE][clearGroupInfoByEp],endPoint=127.0.0.1:20200,group=group0
info|2023-07-30 20:43:11.230493|[RPCWS][SERVICE][printGroupInfo],total count=1
info|2023-07-30 20:43:11.230495|[RPCWS][SERVICE][printGroupInfo]group list,group=group0,count=2
info|2023-07-30 20:43:11.230497|[RPCWS][SERVICE][printGroupInfo]node list,group=group0,node=98a7f70ec883a722219d92253cf073a72605f4087aa3443c8e4aadc0af2dc3ac647d0fa1b5ac99cd6987abafe6d690ae71cd5fd2aeeabe7589bfb4748aabdfba,count=1
info|2023-07-30 20:43:11.230500|[RPCWS][SERVICE][printGroupInfo]node list,group=group0,node=2f993327933ad58672518b6d4f63920cbc68b80f78f4d81192552ee6362f5cc81ee13bdc678ad65f06e76444cadb53b33694cfb3fc7679b8000411975fedd28a,count=1
info|2023-07-30 20:43:11.230558|[AMOP][CLIENT][updateTopicsToRemote]send subscribe message to server,endpoint=127.0.0.1:20200,topics={"topics":[]}
info|2023-07-30 20:43:11.230564|[RPCWS][SERVICE][startHandshake]handshake successfully,endPoint=127.0.0.1:20200,handshake version=1,groupInfoList size=1,groupBlockNumber size=1,handshake string={"groupBlockNumber":[{"group0":3154}],"groupInfoList":[{"chainID":"chain0","genesisConfig":"{\"blockTxCountLimit\":1000,\"consensusLeaderPeriod\":1,\"consensusType\":\"pbft\",\"sealerList\":[{\"nodeID\":\"2a25537264a65ff64501b43eb3126b0b8483b2b1506a9af27f14abec16621620b207c9f05e6b907bba9a388a956a5c021bfa631d9b30e4b3c8c9ef968f17f27f\",\"weight\":1},{\"nodeID\":\"2f993327933ad58672518b6d4f63920cbc68b80f78f4d81192552ee6362f5cc81ee13bdc678ad65f06e76444cadb53b33694cfb3fc7679b8000411975fedd28a\",\"weight\":1},{\"nodeID\":\"98a7f70ec883a722219d92253cf073a72605f4087aa3443c8e4aadc0af2dc3ac647d0fa1b5ac99cd6987abafe6d690ae71cd5fd2aeeabe7589bfb4748aabdfba\",\"weight\":1},{\"nodeID\":\"f60eae99dead37bac092544d318211ed182bd0a3bce74622620a371a4c1338f62f738e9c6ced3fb63bbe2478ce6e74a12e5cbb3a8267878ab6b47069d8f99191\",\"weight\":1}],\"txGasLimit\":3000000000}\n","groupID":"group0","iniConfig":"","nodeList":[{"iniConfig":"{\"binaryInfo\":{\"buildTime\":\"20230424 06:41:58\",\"gitCommitHash\":\"461459291f2f6bb49afbd827618fda2bc4dfdf24\",\"platform\":\"Linux/g++\",\"version\":\"3.3.0\"},\"chainID\":\"chain0\",\"gatewayServiceName\":\"\",\"groupID\":\"group0\",\"isAuthCheck\":false,\"isSerialExecute\":true,\"isWasm\":false,\"nodeID\":\"98a7f70ec883a722219d92253cf073a72605f4087aa3443c8e4aadc0af2dc3ac647d0fa1b5ac99cd6987abafe6d690ae71cd5fd2aeeabe7589bfb4748aabdfba\",\"nodeName\":\"98a7f70ec883a722219d92253cf073a72605f4087aa3443c8e4aadc0af2dc3ac647d0fa1b5ac99cd6987abafe6d690ae71cd5fd2aeeabe7589bfb4748aabdfba\",\"rpcServiceName\":\"\",\"smCryptoType\":false}\n","microService":false,"name":"98a7f70ec883a722219d92253cf073a72605f4087aa3443c8e4aadc0af2dc3ac647d0fa1b5ac99cd6987abafe6d690ae71cd5fd2aeeabe7589bfb4748aabdfba","nodeID":"98a7f70ec883a722219d92253cf073a72605f4087aa3443c8e4aadc0af2dc3ac647d0fa1b5ac99cd6987abafe6d690ae71cd5fd2aeeabe7589bfb4748aabdfba","protocol":{"compatibilityVersion":50528256,"maxSupportedVersion":1,"minSupportedVersion":0},"serviceInfo":[{"serviceName":"LedgerServiceObj","type":2},{"serviceName":"SchedulerServiceObj","type":3},{"serviceName":"FrontServiceObj","type":4},{"serviceName":"","type":6},{"serviceName":"","type":7},{"serviceName":"TxPoolServiceObj","type":8}],"type":0}]}],"protocolVersion":1}
info|2023-07-30 20:43:11.325268|[RPCWS][SERVICE][waitForConnectionEstablish]wait for websocket connection handshake success,suc count=2
info|2023-07-30 20:43:11.325396|[RPC][IMPL][start]start rpc
info|2023-07-30 20:43:11.325413|[SDK][WS][SERVICE][start]websocket service is running
info|2023-07-30 20:43:11.425536|[RPCWS][SERVICE][waitForConnectionEstablish]wait for websocket connection handshake success,suc count=2
info|2023-07-30 20:43:11.425619|[AMOP][CLIENT][start]start amop
info|2023-07-30 20:43:11.425634|[SDK][WS][SERVICE][start]websocket service is running
info|2023-07-30 20:43:11.526244|[RPCWS][SERVICE][waitForConnectionEstablish]wait for websocket connection handshake success,suc count=2
info|2023-07-30 20:43:11.526576|[EVENT][SUB][start]start event sub successfully,sendMsgTimeout=-1,reconnectPeriod=20000
info|2023-07-30 20:43:11.526643|[SDK][WS][SERVICE][start]websocket service is running
info|2023-07-30 20:43:11.627175|[RPCWS][SERVICE][waitForConnectionEstablish]wait for websocket connection handshake success,suc count=2
info|2023-07-30 20:43:11.627264|[bcos_sdk_start],sdk=0x7f0facc72d40
info|2023-07-30 20:43:11.637650|[findClass]add class to cache,fullClassName=org/fisco/bcos/sdk/jni/common/Response
info|2023-07-30 20:43:11.638093|[RPCWS][SERVICE][getGroupInfo],count=2
info|2023-07-30 20:43:11.639513|[RPC][IMPL][getGroupInfo][get group info from cache],hitCache=true,response={"id":1,"jsonrpc":"2.0","result":{"chainID":"chain0","genesisConfig":"{\"blockTxCountLimit\":1000,\"consensusLeaderPeriod\":1,\"consensusType\":\"pbft\",\"sealerList\":[{\"nodeID\":\"2a25537264a65ff64501b43eb3126b0b8483b2b1506a9af27f14abec16621620b207c9f05e6b907bba9a388a956a5c021bfa631d9b30e4b3c8c9ef968f17f27f\",\"weight\":1},{\"nodeID\":\"2f993327933ad58672518b6d4f63920cbc68b80f78f4d81192552ee6362f5cc81ee13bdc678ad65f06e76444cadb53b33694cfb3fc7679b8000411975fedd28a\",\"weight\":1},{\"nodeID\":\"98a7f70ec883a722219d92253cf073a72605f4087aa3443c8e4aadc0af2dc3ac647d0fa1b5ac99cd6987abafe6d690ae71cd5fd2aeeabe7589bfb4748aabdfba\",\"weight\":1},{\"nodeID\":\"f60eae99dead37bac092544d318211ed182bd0a3bce74622620a371a4c1338f62f738e9c6ced3fb63bbe2478ce6e74a12e5cbb3a8267878ab6b47069d8f99191\",\"weight\":1}],\"txGasLimit\":3000000000}\n","groupID":"group0","iniConfig":"","nodeList":[{"iniConfig":"{\"binaryInfo\":{\"buildTime\":\"20230424 06:41:58\",\"gitCommitHash\":\"461459291f2f6bb49afbd827618fda2bc4dfdf24\",\"platform\":\"Linux/g++\",\"version\":\"3.3.0\"},\"chainID\":\"chain0\",\"gatewayServiceName\":\"\",\"groupID\":\"group0\",\"isAuthCheck\":false,\"isSerialExecute\":true,\"isWasm\":false,\"nodeID\":\"2f993327933ad58672518b6d4f63920cbc68b80f78f4d81192552ee6362f5cc81ee13bdc678ad65f06e76444cadb53b33694cfb3fc7679b8000411975fedd28a\",\"nodeName\":\"2f993327933ad58672518b6d4f63920cbc68b80f78f4d81192552ee6362f5cc81ee13bdc678ad65f06e76444cadb53b33694cfb3fc7679b8000411975fedd28a\",\"rpcServiceName\":\"\",\"smCryptoType\":false}\n","name":"2f993327933ad58672518b6d4f63920cbc68b80f78f4d81192552ee6362f5cc81ee13bdc678ad65f06e76444cadb53b33694cfb3fc7679b8000411975fedd28a","protocol":{"compatibilityVersion":50528256,"maxSupportedVersion":1,"minSupportedVersion":0},"serviceInfo":[{"serviceName":"LedgerServiceObj","type":2},{"serviceName":"SchedulerServiceObj","type":3},{"serviceName":"FrontServiceObj","type":4},{"serviceName":"","type":6},{"serviceName":"","type":7},{"serviceName":"TxPoolServiceObj","type":8}],"type":0},{"iniConfig":"{\"binaryInfo\":{\"buildTime\":\"20230424 06:41:58\",\"gitCommitHash\":\"461459291f2f6bb49afbd827618fda2bc4dfdf24\",\"platform\":\"Linux/g++\",\"version\":\"3.3.0\"},\"chainID\":\"chain0\",\"gatewayServiceName\":\"\",\"groupID\":\"group0\",\"isAuthCheck\":false,\"isSerialExecute\":true,\"isWasm\":false,\"nodeID\":\"98a7f70ec883a722219d92253cf073a72605f4087aa3443c8e4aadc0af2dc3ac647d0fa1b5ac99cd6987abafe6d690ae71cd5fd2aeeabe7589bfb4748aabdfba\",\"nodeName\":\"98a7f70ec883a722219d92253cf073a72605f4087aa3443c8e4aadc0af2dc3ac647d0fa1b5ac99cd6987abafe6d690ae71cd5fd2aeeabe7589bfb4748aabdfba\",\"rpcServiceName\":\"\",\"smCryptoType\":false}\n","name":"98a7f70ec883a722219d92253cf073a72605f4087aa3443c8e4aadc0af2dc3ac647d0fa1b5ac99cd6987abafe6d690ae71cd5fd2aeeabe7589bfb4748aabdfba","protocol":{"compatibilityVersion":50528256,"maxSupportedVersion":1,"minSupportedVersion":0},"serviceInfo":[{"serviceName":"LedgerServiceObj","type":2},{"serviceName":"SchedulerServiceObj","type":3},{"serviceName":"FrontServiceObj","type":4},{"serviceName":"","type":6},{"serviceName":"","type":7},{"serviceName":"TxPoolServiceObj","type":8}],"type":0}],"smCryptoType":false,"wasm":false}}
info|2023-07-30 20:43:31.225042|[SDK][WS][SERVICE]connected nodes,count=2
info|2023-07-30 20:43:31.526765|[EVENT][SUB][doLoop]event sub tasks report,working event sub count=0,suspend event sub count=0
info|2023-07-30 20:43:51.225726|[SDK][WS][SERVICE]connected nodes,count=2
info|2023-07-30 20:43:51.527791|[EVENT][SUB][doLoop]event sub tasks report,working event sub count=0,suspend event sub count=0
info|2023-07-30 20:44:11.225875|[SDK][WS][SERVICE]connected nodes,count=2
info|2023-07-30 20:44:11.529167|[EVENT][SUB][doLoop]event sub tasks report,working event sub count=0,suspend event sub count=0
info|2023-07-30 20:44:31.233564|[SDK][WS][SERVICE]connected nodes,count=2
info|2023-07-30 20:44:31.530136|[EVENT][SUB][doLoop]event sub tasks report,working event sub count=0,suspend event sub count=0
info|2023-07-30 20:44:51.250890|[SDK][WS][SERVICE]connected nodes,count=2
info|2023-07-30 20:44:51.530177|[EVENT][SUB][doLoop]event sub tasks report,working event sub count=0,suspend event sub count=0
info|2023-07-30 20:45:11.251631|[SDK][WS][SERVICE]connected nodes,count=2
info|2023-07-30 20:45:11.530743|[EVENT][SUB][doLoop]event sub tasks report,working event sub count=0,suspend event sub count=0
info|2023-07-30 20:45:31.271969|[SDK][WS][SERVICE]connected nodes,count=2
info|2023-07-30 20:45:31.531286|[EVENT][SUB][doLoop]event sub tasks report,working event sub count=0,suspend event sub count=0
info|2023-07-30 20:45:51.272434|[SDK][WS][SERVICE]connected nodes,count=2
info|2023-07-30 20:45:51.531693|[EVENT][SUB][doLoop]event sub tasks report,working event sub count=0,suspend event sub count=0
info|2023-07-30 20:46:11.273329|[SDK][WS][SERVICE]connected nodes,count=2
info|2023-07-30 20:46:11.533188|[EVENT][SUB][doLoop]event sub tasks report,working event sub count=0,suspend event sub count=0
info|2023-07-30 20:46:31.273698|[SDK][WS][SERVICE]connected nodes,count=2
info|2023-07-30 20:46:31.551852|[EVENT][SUB][doLoop]event sub tasks report,working event sub count=0,suspend event sub count=0
info|2023-07-30 20:46:51.275484|[SDK][WS][SERVICE]connected nodes,count=2
info|2023-07-30 20:46:51.552727|[EVENT][SUB][doLoop]event sub tasks report,working event sub count=0,suspend event sub count=0
info|2023-07-30 20:47:11.276293|[SDK][WS][SERVICE]connected nodes,count=2
info|2023-07-30 20:47:11.554229|[EVENT][SUB][doLoop]event sub tasks report,working event sub count=0,suspend event sub count=0
info|2023-07-30 20:47:31.277733|[SDK][WS][SERVICE]connected nodes,count=2
info|2023-07-30 20:47:31.556353|[EVENT][SUB][doLoop]event sub tasks report,working event sub count=0,suspend event sub count=0
info|2023-07-30 20:47:51.278799|[SDK][WS][SERVICE]connected nodes,count=2
info|2023-07-30 20:47:51.556394|[EVENT][SUB][doLoop]event sub tasks report,working event sub count=0,suspend event sub count=0
info|2023-07-30 20:48:11.279377|[SDK][WS][SERVICE]connected nodes,count=2
info|2023-07-30 20:48:11.556808|[EVENT][SUB][doLoop]event sub tasks report,working event sub count=0,suspend event sub count=0
info|2023-07-30 20:48:31.286979|[SDK][WS][SERVICE]connected nodes,count=2
info|2023-07-30 20:48:31.558032|[EVENT][SUB][doLoop]event sub tasks report,working event sub count=0,suspend event sub count=0
info|2023-07-30 20:48:53.067153|[SDK][WS][SERVICE]connected nodes,count=2
info|2023-07-30 20:48:53.067241|[EVENT][SUB][doLoop]event sub tasks report,working event sub count=0,suspend event sub count=0
info|2023-07-30 20:49:13.067416|[SDK][WS][SERVICE]connected nodes,count=2
info|2023-07-30 20:49:13.067515|[EVENT][SUB][doLoop]event sub tasks report,working event sub count=0,suspend event sub count=0
info|2023-07-30 20:49:33.068118|[SDK][WS][SERVICE]connected nodes,count=2
info|2023-07-30 20:49:33.068185|[EVENT][SUB][doLoop]event sub tasks report,working event sub count=0,suspend event sub count=0
info|2023-07-30 20:49:53.090229|[SDK][WS][SERVICE]connected nodes,count=2
info|2023-07-30 20:49:53.090485|[EVENT][SUB][doLoop]event sub tasks report,working event sub count=0,suspend event sub count=0
info|2023-07-30 20:50:13.090693|[EVENT][SUB][doLoop]event sub tasks report,working event sub count=0,suspend event sub count=0
info|2023-07-30 20:50:13.090825|[SDK][WS][SERVICE]connected nodes,count=2
info|2023-07-30 20:50:33.090784|[EVENT][SUB][doLoop]event sub tasks report,working event sub count=0,suspend event sub count=0
info|2023-07-30 20:50:33.091165|[SDK][WS][SERVICE]connected nodes,count=2
info|2023-07-30 20:50:53.090898|[EVENT][SUB][doLoop]event sub tasks report,working event sub count=0,suspend event sub count=0
info|2023-07-30 20:50:53.093477|[SDK][WS][SERVICE]connected nodes,count=2
info|2023-07-30 20:51:13.091653|[EVENT][SUB][doLoop]event sub tasks report,working event sub count=0,suspend event sub count=0
info|2023-07-30 20:51:13.093903|[SDK][WS][SERVICE]connected nodes,count=2
info|2023-07-30 20:51:33.092130|[EVENT][SUB][doLoop]event sub tasks report,working event sub count=0,suspend event sub count=0
info|2023-07-30 20:51:33.094326|[SDK][WS][SERVICE]connected nodes,count=2
info|2023-07-30 20:51:53.092601|[EVENT][SUB][doLoop]event sub tasks report,working event sub count=0,suspend event sub count=0
info|2023-07-30 20:51:53.094454|[SDK][WS][SERVICE]connected nodes,count=2
info|2023-07-30 20:52:13.093067|[EVENT][SUB][doLoop]event sub tasks report,working event sub count=0,suspend event sub count=0
info|2023-07-30 20:52:13.094967|[SDK][WS][SERVICE]connected nodes,count=2
info|2023-07-30 20:52:33.093160|[EVENT][SUB][doLoop]event sub tasks report,working event sub count=0,suspend event sub count=0
info|2023-07-30 20:52:33.095465|[SDK][WS][SERVICE]connected nodes,count=2
info|2023-07-30 20:52:53.093250|[EVENT][SUB][doLoop]event sub tasks report,working event sub count=0,suspend event sub count=0
info|2023-07-30 20:52:53.095670|[SDK][WS][SERVICE]connected nodes,count=2
info|2023-07-30 20:53:13.093696|[EVENT][SUB][doLoop]event sub tasks report,working event sub count=0,suspend event sub count=0
info|2023-07-30 20:53:13.095964|[SDK][WS][SERVICE]connected nodes,count=2
info|2023-07-30 20:53:33.093762|[EVENT][SUB][doLoop]event sub tasks report,working event sub count=0,suspend event sub count=0
info|2023-07-30 20:53:33.096204|[SDK][WS][SERVICE]connected nodes,count=2
info|2023-07-30 20:53:53.094020|[EVENT][SUB][doLoop]event sub tasks report,working event sub count=0,suspend event sub count=0
info|2023-07-30 20:53:53.097987|[SDK][WS][SERVICE]connected nodes,count=2
info|2023-07-30 20:54:13.094497|[EVENT][SUB][doLoop]event sub tasks report,working event sub count=0,suspend event sub count=0
info|2023-07-30 20:54:13.098703|[SDK][WS][SERVICE]connected nodes,count=2
info|2023-07-30 20:54:33.096289|[EVENT][SUB][doLoop]event sub tasks report,working event sub count=0,suspend event sub count=0
info|2023-07-30 20:54:33.099816|[SDK][WS][SERVICE]connected nodes,count=2
info|2023-07-30 20:54:53.096793|[EVENT][SUB][doLoop]event sub tasks report,working event sub count=0,suspend event sub count=0
info|2023-07-30 20:54:53.100204|[SDK][WS][SERVICE]connected nodes,count=2
info|2023-07-30 20:55:13.097021|[EVENT][SUB][doLoop]event sub tasks report,working event sub count=0,suspend event sub count=0
info|2023-07-30 20:55:13.101023|[SDK][WS][SERVICE]connected nodes,count=2
info|2023-07-30 20:55:33.097453|[EVENT][SUB][doLoop]event sub tasks report,working event sub count=0,suspend event sub count=0
info|2023-07-30 20:55:33.101240|[SDK][WS][SERVICE]connected nodes,count=2
info|2023-07-30 20:55:53.097754|[EVENT][SUB][doLoop]event sub tasks report,working event sub count=0,suspend event sub count=0
info|2023-07-30 20:55:53.103303|[SDK][WS][SERVICE]connected nodes,count=2
info|2023-07-30 20:56:13.098118|[EVENT][SUB][doLoop]event sub tasks report,working event sub count=0,suspend event sub count=0
info|2023-07-30 20:56:13.103474|[SDK][WS][SERVICE]connected nodes,count=2
info|2023-07-30 20:56:33.098416|[EVENT][SUB][doLoop]event sub tasks report,working event sub count=0,suspend event sub count=0
info|2023-07-30 20:56:33.103884|[SDK][WS][SERVICE]connected nodes,count=2
info|2023-07-30 20:56:53.098653|[EVENT][SUB][doLoop]event sub tasks report,working event sub count=0,suspend event sub count=0
info|2023-07-30 20:56:53.104191|[SDK][WS][SERVICE]connected nodes,count=2
