info|2023-07-09 00:00:09.945980|[EVENT][SUB][doLoop]event sub tasks report,working event sub count=0,suspend event sub count=0
info|2023-07-09 00:00:10.497874|[SDK][WS][SERVICE]connected nodes,count=2
info|2023-07-09 00:00:29.946268|[EVENT][SUB][doLoop]event sub tasks report,working event sub count=0,suspend event sub count=0
info|2023-07-09 00:00:30.498314|[SDK][WS][SERVICE]connected nodes,count=2
info|2023-07-09 00:00:49.946410|[EVENT][SUB][doLoop]event sub tasks report,working event sub count=0,suspend event sub count=0
info|2023-07-09 00:00:50.498522|[SDK][WS][SERVICE]connected nodes,count=2
info|2023-07-09 00:01:09.946731|[EVENT][SUB][doLoop]event sub tasks report,working event sub count=0,suspend event sub count=0
info|2023-07-09 00:01:10.498633|[SDK][WS][SERVICE]connected nodes,count=2
info|2023-07-09 00:01:29.946994|[EVENT][SUB][doLoop]event sub tasks report,working event sub count=0,suspend event sub count=0
info|2023-07-09 00:01:30.499334|[SDK][WS][SERVICE]connected nodes,count=2
info|2023-07-09 00:01:49.947381|[EVENT][SUB][doLoop]event sub tasks report,working event sub count=0,suspend event sub count=0
info|2023-07-09 00:01:50.500111|[SDK][WS][SERVICE]connected nodes,count=2
info|2023-07-09 00:02:09.947580|[EVENT][SUB][doLoop]event sub tasks report,working event sub count=0,suspend event sub count=0
info|2023-07-09 00:02:10.500257|[SDK][WS][SERVICE]connected nodes,count=2
info|2023-07-09 00:02:29.947729|[EVENT][SUB][doLoop]event sub tasks report,working event sub count=0,suspend event sub count=0
info|2023-07-09 00:02:30.500444|[SDK][WS][SERVICE]connected nodes,count=2
info|2023-07-09 00:02:49.947918|[EVENT][SUB][doLoop]event sub tasks report,working event sub count=0,suspend event sub count=0
info|2023-07-09 00:02:50.500885|[SDK][WS][SERVICE]connected nodes,count=2
info|2023-07-09 00:03:09.948221|[EVENT][SUB][doLoop]event sub tasks report,working event sub count=0,suspend event sub count=0
info|2023-07-09 00:03:10.501185|[SDK][WS][SERVICE]connected nodes,count=2
info|2023-07-09 00:03:29.948930|[EVENT][SUB][doLoop]event sub tasks report,working event sub count=0,suspend event sub count=0
info|2023-07-09 00:03:30.501464|[SDK][WS][SERVICE]connected nodes,count=2
info|2023-07-09 00:03:49.949558|[EVENT][SUB][doLoop]event sub tasks report,working event sub count=0,suspend event sub count=0
info|2023-07-09 00:03:50.501821|[SDK][WS][SERVICE]connected nodes,count=2
info|2023-07-09 00:04:09.949783|[EVENT][SUB][doLoop]event sub tasks report,working event sub count=0,suspend event sub count=0
info|2023-07-09 00:04:10.502476|[SDK][WS][SERVICE]connected nodes,count=2
info|2023-07-09 00:04:29.949949|[EVENT][SUB][doLoop]event sub tasks report,working event sub count=0,suspend event sub count=0
info|2023-07-09 00:04:30.503089|[SDK][WS][SERVICE]connected nodes,count=2
info|2023-07-09 00:04:49.950197|[EVENT][SUB][doLoop]event sub tasks report,working event sub count=0,suspend event sub count=0
info|2023-07-09 00:04:50.503548|[SDK][WS][SERVICE]connected nodes,count=2
info|2023-07-09 00:05:09.950434|[EVENT][SUB][doLoop]event sub tasks report,working event sub count=0,suspend event sub count=0
info|2023-07-09 00:05:10.503744|[SDK][WS][SERVICE]connected nodes,count=2
info|2023-07-09 00:05:29.950589|[EVENT][SUB][doLoop]event sub tasks report,working event sub count=0,suspend event sub count=0
info|2023-07-09 00:05:30.504193|[SDK][WS][SERVICE]connected nodes,count=2
info|2023-07-09 00:05:49.950837|[EVENT][SUB][doLoop]event sub tasks report,working event sub count=0,suspend event sub count=0
info|2023-07-09 00:05:50.504927|[SDK][WS][SERVICE]connected nodes,count=2
info|2023-07-09 00:06:09.950948|[EVENT][SUB][doLoop]event sub tasks report,working event sub count=0,suspend event sub count=0
info|2023-07-09 00:06:10.505677|[SDK][WS][SERVICE]connected nodes,count=2
info|2023-07-09 00:06:29.951361|[EVENT][SUB][doLoop]event sub tasks report,working event sub count=0,suspend event sub count=0
info|2023-07-09 00:06:30.506005|[SDK][WS][SERVICE]connected nodes,count=2
info|2023-07-09 00:06:49.951951|[EVENT][SUB][doLoop]event sub tasks report,working event sub count=0,suspend event sub count=0
info|2023-07-09 00:06:50.506433|[SDK][WS][SERVICE]connected nodes,count=2
info|2023-07-09 00:07:09.952490|[EVENT][SUB][doLoop]event sub tasks report,working event sub count=0,suspend event sub count=0
info|2023-07-09 00:07:10.506798|[SDK][WS][SERVICE]connected nodes,count=2
info|2023-07-09 00:07:29.952752|[EVENT][SUB][doLoop]event sub tasks report,working event sub count=0,suspend event sub count=0
info|2023-07-09 00:07:30.507554|[SDK][WS][SERVICE]connected nodes,count=2
info|2023-07-09 00:07:49.952998|[EVENT][SUB][doLoop]event sub tasks report,working event sub count=0,suspend event sub count=0
info|2023-07-09 00:07:50.507874|[SDK][WS][SERVICE]connected nodes,count=2
info|2023-07-09 00:08:09.953178|[EVENT][SUB][doLoop]event sub tasks report,working event sub count=0,suspend event sub count=0
info|2023-07-09 00:08:10.508336|[SDK][WS][SERVICE]connected nodes,count=2
info|2023-07-09 00:08:29.953710|[EVENT][SUB][doLoop]event sub tasks report,working event sub count=0,suspend event sub count=0
info|2023-07-09 00:08:30.509113|[SDK][WS][SERVICE]connected nodes,count=2
info|2023-07-09 00:08:49.954452|[EVENT][SUB][doLoop]event sub tasks report,working event sub count=0,suspend event sub count=0
info|2023-07-09 00:08:50.510255|[SDK][WS][SERVICE]connected nodes,count=2
info|2023-07-09 00:09:09.954619|[EVENT][SUB][doLoop]event sub tasks report,working event sub count=0,suspend event sub count=0
info|2023-07-09 00:09:10.514727|[SDK][WS][SERVICE]connected nodes,count=2
info|2023-07-09 00:09:29.954672|[EVENT][SUB][doLoop]event sub tasks report,working event sub count=0,suspend event sub count=0
info|2023-07-09 00:09:30.515250|[SDK][WS][SERVICE]connected nodes,count=2
info|2023-07-09 00:09:49.955051|[EVENT][SUB][doLoop]event sub tasks report,working event sub count=0,suspend event sub count=0
info|2023-07-09 00:09:50.515436|[SDK][WS][SERVICE]connected nodes,count=2
info|2023-07-09 00:10:09.955662|[EVENT][SUB][doLoop]event sub tasks report,working event sub count=0,suspend event sub count=0
info|2023-07-09 00:10:10.515720|[SDK][WS][SERVICE]connected nodes,count=2
info|2023-07-09 00:10:29.955710|[EVENT][SUB][doLoop]event sub tasks report,working event sub count=0,suspend event sub count=0
info|2023-07-09 00:10:30.517403|[SDK][WS][SERVICE]connected nodes,count=2
info|2023-07-09 00:10:49.956011|[EVENT][SUB][doLoop]event sub tasks report,working event sub count=0,suspend event sub count=0
info|2023-07-09 00:10:50.518058|[SDK][WS][SERVICE]connected nodes,count=2
info|2023-07-09 00:11:09.956306|[EVENT][SUB][doLoop]event sub tasks report,working event sub count=0,suspend event sub count=0
info|2023-07-09 00:11:10.518232|[SDK][WS][SERVICE]connected nodes,count=2
info|2023-07-09 00:11:29.956840|[EVENT][SUB][doLoop]event sub tasks report,working event sub count=0,suspend event sub count=0
info|2023-07-09 00:11:30.518655|[SDK][WS][SERVICE]connected nodes,count=2
info|2023-07-09 00:11:49.957276|[EVENT][SUB][doLoop]event sub tasks report,working event sub count=0,suspend event sub count=0
info|2023-07-09 00:11:50.518912|[SDK][WS][SERVICE]connected nodes,count=2
info|2023-07-09 00:12:09.957789|[EVENT][SUB][doLoop]event sub tasks report,working event sub count=0,suspend event sub count=0
info|2023-07-09 00:12:10.519355|[SDK][WS][SERVICE]connected nodes,count=2
info|2023-07-09 00:12:29.958229|[EVENT][SUB][doLoop]event sub tasks report,working event sub count=0,suspend event sub count=0
info|2023-07-09 00:12:30.519686|[SDK][WS][SERVICE]connected nodes,count=2
info|2023-07-09 00:12:49.958486|[EVENT][SUB][doLoop]event sub tasks report,working event sub count=0,suspend event sub count=0
info|2023-07-09 00:12:50.520280|[SDK][WS][SERVICE]connected nodes,count=2
info|2023-07-09 00:13:09.959109|[EVENT][SUB][doLoop]event sub tasks report,working event sub count=0,suspend event sub count=0
info|2023-07-09 00:13:10.520847|[SDK][WS][SERVICE]connected nodes,count=2
info|2023-07-09 00:13:29.959299|[EVENT][SUB][doLoop]event sub tasks report,working event sub count=0,suspend event sub count=0
info|2023-07-09 00:13:30.521245|[SDK][WS][SERVICE]connected nodes,count=2
info|2023-07-09 00:13:49.959878|[EVENT][SUB][doLoop]event sub tasks report,working event sub count=0,suspend event sub count=0
info|2023-07-09 00:13:50.521755|[SDK][WS][SERVICE]connected nodes,count=2
info|2023-07-09 00:14:09.959971|[EVENT][SUB][doLoop]event sub tasks report,working event sub count=0,suspend event sub count=0
info|2023-07-09 00:14:10.522315|[SDK][WS][SERVICE]connected nodes,count=2
info|2023-07-09 00:14:29.960238|[EVENT][SUB][doLoop]event sub tasks report,working event sub count=0,suspend event sub count=0
info|2023-07-09 00:14:30.522700|[SDK][WS][SERVICE]connected nodes,count=2
info|2023-07-09 00:14:49.960684|[EVENT][SUB][doLoop]event sub tasks report,working event sub count=0,suspend event sub count=0
info|2023-07-09 00:14:50.523217|[SDK][WS][SERVICE]connected nodes,count=2
info|2023-07-09 00:15:09.960963|[EVENT][SUB][doLoop]event sub tasks report,working event sub count=0,suspend event sub count=0
info|2023-07-09 00:15:10.523402|[SDK][WS][SERVICE]connected nodes,count=2
info|2023-07-09 00:15:29.961144|[EVENT][SUB][doLoop]event sub tasks report,working event sub count=0,suspend event sub count=0
info|2023-07-09 00:15:30.523614|[SDK][WS][SERVICE]connected nodes,count=2
info|2023-07-09 00:15:49.961895|[EVENT][SUB][doLoop]event sub tasks report,working event sub count=0,suspend event sub count=0
info|2023-07-09 00:15:50.523777|[SDK][WS][SERVICE]connected nodes,count=2
info|2023-07-09 00:16:09.962157|[EVENT][SUB][doLoop]event sub tasks report,working event sub count=0,suspend event sub count=0
info|2023-07-09 00:16:10.524254|[SDK][WS][SERVICE]connected nodes,count=2
info|2023-07-09 00:16:29.962382|[EVENT][SUB][doLoop]event sub tasks report,working event sub count=0,suspend event sub count=0
info|2023-07-09 00:16:30.524791|[SDK][WS][SERVICE]connected nodes,count=2
info|2023-07-09 00:16:49.962796|[EVENT][SUB][doLoop]event sub tasks report,working event sub count=0,suspend event sub count=0
info|2023-07-09 00:16:50.525101|[SDK][WS][SERVICE]connected nodes,count=2
info|2023-07-09 00:17:09.963239|[EVENT][SUB][doLoop]event sub tasks report,working event sub count=0,suspend event sub count=0
info|2023-07-09 00:17:10.525524|[SDK][WS][SERVICE]connected nodes,count=2
info|2023-07-09 00:17:29.963491|[EVENT][SUB][doLoop]event sub tasks report,working event sub count=0,suspend event sub count=0
info|2023-07-09 00:17:30.525699|[SDK][WS][SERVICE]connected nodes,count=2
info|2023-07-09 00:17:49.964057|[EVENT][SUB][doLoop]event sub tasks report,working event sub count=0,suspend event sub count=0
info|2023-07-09 00:17:50.526359|[SDK][WS][SERVICE]connected nodes,count=2
info|2023-07-09 00:18:09.964523|[EVENT][SUB][doLoop]event sub tasks report,working event sub count=0,suspend event sub count=0
info|2023-07-09 00:18:10.526523|[SDK][WS][SERVICE]connected nodes,count=2
info|2023-07-09 00:18:29.964924|[EVENT][SUB][doLoop]event sub tasks report,working event sub count=0,suspend event sub count=0
info|2023-07-09 00:18:30.526998|[SDK][WS][SERVICE]connected nodes,count=2
info|2023-07-09 00:18:49.965302|[EVENT][SUB][doLoop]event sub tasks report,working event sub count=0,suspend event sub count=0
info|2023-07-09 00:18:50.527197|[SDK][WS][SERVICE]connected nodes,count=2
info|2023-07-09 00:19:09.965573|[EVENT][SUB][doLoop]event sub tasks report,working event sub count=0,suspend event sub count=0
info|2023-07-09 00:19:10.527565|[SDK][WS][SERVICE]connected nodes,count=2
info|2023-07-09 00:19:29.965856|[EVENT][SUB][doLoop]event sub tasks report,working event sub count=0,suspend event sub count=0
info|2023-07-09 00:19:30.527772|[SDK][WS][SERVICE]connected nodes,count=2
info|2023-07-09 00:19:49.966440|[EVENT][SUB][doLoop]event sub tasks report,working event sub count=0,suspend event sub count=0
info|2023-07-09 00:19:50.528215|[SDK][WS][SERVICE]connected nodes,count=2
info|2023-07-09 00:20:09.966907|[EVENT][SUB][doLoop]event sub tasks report,working event sub count=0,suspend event sub count=0
info|2023-07-09 00:20:10.528461|[SDK][WS][SERVICE]connected nodes,count=2
info|2023-07-09 00:20:29.966970|[EVENT][SUB][doLoop]event sub tasks report,working event sub count=0,suspend event sub count=0
info|2023-07-09 00:20:30.528610|[SDK][WS][SERVICE]connected nodes,count=2
info|2023-07-09 00:20:49.967064|[EVENT][SUB][doLoop]event sub tasks report,working event sub count=0,suspend event sub count=0
info|2023-07-09 00:20:50.529282|[SDK][WS][SERVICE]connected nodes,count=2
info|2023-07-09 00:21:09.967192|[EVENT][SUB][doLoop]event sub tasks report,working event sub count=0,suspend event sub count=0
info|2023-07-09 00:21:10.530041|[SDK][WS][SERVICE]connected nodes,count=2
info|2023-07-09 00:21:29.967851|[EVENT][SUB][doLoop]event sub tasks report,working event sub count=0,suspend event sub count=0
info|2023-07-09 00:21:30.530181|[SDK][WS][SERVICE]connected nodes,count=2
info|2023-07-09 00:21:49.968303|[EVENT][SUB][doLoop]event sub tasks report,working event sub count=0,suspend event sub count=0
info|2023-07-09 00:21:50.530917|[SDK][WS][SERVICE]connected nodes,count=2
info|2023-07-09 00:22:09.968507|[EVENT][SUB][doLoop]event sub tasks report,working event sub count=0,suspend event sub count=0
info|2023-07-09 00:22:10.531325|[SDK][WS][SERVICE]connected nodes,count=2
info|2023-07-09 00:22:29.969208|[EVENT][SUB][doLoop]event sub tasks report,working event sub count=0,suspend event sub count=0
info|2023-07-09 00:22:30.531810|[SDK][WS][SERVICE]connected nodes,count=2
info|2023-07-09 00:22:49.970099|[EVENT][SUB][doLoop]event sub tasks report,working event sub count=0,suspend event sub count=0
info|2023-07-09 00:22:50.532053|[SDK][WS][SERVICE]connected nodes,count=2
info|2023-07-09 00:23:09.970782|[EVENT][SUB][doLoop]event sub tasks report,working event sub count=0,suspend event sub count=0
info|2023-07-09 00:23:10.532528|[SDK][WS][SERVICE]connected nodes,count=2
info|2023-07-09 00:23:29.971543|[EVENT][SUB][doLoop]event sub tasks report,working event sub count=0,suspend event sub count=0
info|2023-07-09 00:23:30.533184|[SDK][WS][SERVICE]connected nodes,count=2
info|2023-07-09 00:23:49.972110|[EVENT][SUB][doLoop]event sub tasks report,working event sub count=0,suspend event sub count=0
info|2023-07-09 00:23:50.533649|[SDK][WS][SERVICE]connected nodes,count=2
info|2023-07-09 00:24:09.972702|[EVENT][SUB][doLoop]event sub tasks report,working event sub count=0,suspend event sub count=0
info|2023-07-09 00:24:10.533786|[SDK][WS][SERVICE]connected nodes,count=2
info|2023-07-09 00:24:29.972852|[EVENT][SUB][doLoop]event sub tasks report,working event sub count=0,suspend event sub count=0
info|2023-07-09 00:24:30.534794|[SDK][WS][SERVICE]connected nodes,count=2
info|2023-07-09 00:24:49.973232|[EVENT][SUB][doLoop]event sub tasks report,working event sub count=0,suspend event sub count=0
info|2023-07-09 00:24:50.534937|[SDK][WS][SERVICE]connected nodes,count=2
info|2023-07-09 00:25:09.973459|[EVENT][SUB][doLoop]event sub tasks report,working event sub count=0,suspend event sub count=0
info|2023-07-09 00:25:10.535070|[SDK][WS][SERVICE]connected nodes,count=2
info|2023-07-09 00:25:29.973541|[EVENT][SUB][doLoop]event sub tasks report,working event sub count=0,suspend event sub count=0
info|2023-07-09 00:25:30.535336|[SDK][WS][SERVICE]connected nodes,count=2
info|2023-07-09 00:25:49.973913|[EVENT][SUB][doLoop]event sub tasks report,working event sub count=0,suspend event sub count=0
info|2023-07-09 00:25:50.535505|[SDK][WS][SERVICE]connected nodes,count=2
info|2023-07-09 00:26:09.974333|[EVENT][SUB][doLoop]event sub tasks report,working event sub count=0,suspend event sub count=0
info|2023-07-09 00:26:10.535948|[SDK][WS][SERVICE]connected nodes,count=2
info|2023-07-09 00:26:29.974743|[EVENT][SUB][doLoop]event sub tasks report,working event sub count=0,suspend event sub count=0
info|2023-07-09 00:26:30.536222|[SDK][WS][SERVICE]connected nodes,count=2
info|2023-07-09 00:26:49.974874|[EVENT][SUB][doLoop]event sub tasks report,working event sub count=0,suspend event sub count=0
info|2023-07-09 00:26:50.536471|[SDK][WS][SERVICE]connected nodes,count=2
info|2023-07-09 00:27:09.974988|[EVENT][SUB][doLoop]event sub tasks report,working event sub count=0,suspend event sub count=0
info|2023-07-09 00:27:10.536797|[SDK][WS][SERVICE]connected nodes,count=2
info|2023-07-09 00:27:13.832264|[RPC][BLOCK][NUMBER][fromJson],group=group0,node=98a7f70ec883a722219d92253cf073a72605f4087aa3443c8e4aadc0af2dc3ac647d0fa1b5ac99cd6987abafe6d690ae71cd5fd2aeeabe7589bfb4748aabdfba,blockNumber=2383
info|2023-07-09 00:27:13.832298|[RPCWS][SERVICE][onRecvBlockNotifier]receive block number notifier,group=group0,node=98a7f70ec883a722219d92253cf073a72605f4087aa3443c8e4aadc0af2dc3ac647d0fa1b5ac99cd6987abafe6d690ae71cd5fd2aeeabe7589bfb4748aabdfba,blockNumber=2383
info|2023-07-09 00:27:13.832305|[RPCWS][SERVICE][updateGroupBlockNumber],groupID=group0,_blockNumber=2383
info|2023-07-09 00:27:13.832310|[RPCWS][SERVICE][onRecvBlockNotifier]block notifier callback,group=group0,node=98a7f70ec883a722219d92253cf073a72605f4087aa3443c8e4aadc0af2dc3ac647d0fa1b5ac99cd6987abafe6d690ae71cd5fd2aeeabe7589bfb4748aabdfba,blockNumber=2383
info|2023-07-09 00:27:13.832313|[WS]receive block notify,endpoint=127.0.0.1:20200,blk={
	"blockNumber" : 2383,
	"group" : "group0",
	"nodeName" : "98a7f70ec883a722219d92253cf073a72605f4087aa3443c8e4aadc0af2dc3ac647d0fa1b5ac99cd6987abafe6d690ae71cd5fd2aeeabe7589bfb4748aabdfba"
}
info|2023-07-09 00:27:13.857094|[RPC][BLOCK][NUMBER][fromJson],group=group0,node=2f993327933ad58672518b6d4f63920cbc68b80f78f4d81192552ee6362f5cc81ee13bdc678ad65f06e76444cadb53b33694cfb3fc7679b8000411975fedd28a,blockNumber=2383
info|2023-07-09 00:27:13.857115|[RPCWS][SERVICE][onRecvBlockNotifier]receive block number notifier,group=group0,node=2f993327933ad58672518b6d4f63920cbc68b80f78f4d81192552ee6362f5cc81ee13bdc678ad65f06e76444cadb53b33694cfb3fc7679b8000411975fedd28a,blockNumber=2383
info|2023-07-09 00:27:13.857122|[WS]receive block notify,endpoint=127.0.0.1:20201,blk={
	"blockNumber" : 2383,
	"group" : "group0",
	"nodeName" : "2f993327933ad58672518b6d4f63920cbc68b80f78f4d81192552ee6362f5cc81ee13bdc678ad65f06e76444cadb53b33694cfb3fc7679b8000411975fedd28a"
}
info|2023-07-09 00:27:14.389830|[RPC][BLOCK][NUMBER][fromJson],group=group0,node=98a7f70ec883a722219d92253cf073a72605f4087aa3443c8e4aadc0af2dc3ac647d0fa1b5ac99cd6987abafe6d690ae71cd5fd2aeeabe7589bfb4748aabdfba,blockNumber=2384
info|2023-07-09 00:27:14.389852|[RPCWS][SERVICE][onRecvBlockNotifier]receive block number notifier,group=group0,node=98a7f70ec883a722219d92253cf073a72605f4087aa3443c8e4aadc0af2dc3ac647d0fa1b5ac99cd6987abafe6d690ae71cd5fd2aeeabe7589bfb4748aabdfba,blockNumber=2384
info|2023-07-09 00:27:14.389857|[RPCWS][SERVICE][updateGroupBlockNumber],groupID=group0,_blockNumber=2384
info|2023-07-09 00:27:14.389862|[RPCWS][SERVICE][onRecvBlockNotifier]block notifier callback,group=group0,node=98a7f70ec883a722219d92253cf073a72605f4087aa3443c8e4aadc0af2dc3ac647d0fa1b5ac99cd6987abafe6d690ae71cd5fd2aeeabe7589bfb4748aabdfba,blockNumber=2384
info|2023-07-09 00:27:14.389866|[WS]receive block notify,endpoint=127.0.0.1:20200,blk={
	"blockNumber" : 2384,
	"group" : "group0",
	"nodeName" : "98a7f70ec883a722219d92253cf073a72605f4087aa3443c8e4aadc0af2dc3ac647d0fa1b5ac99cd6987abafe6d690ae71cd5fd2aeeabe7589bfb4748aabdfba"
}
info|2023-07-09 00:27:14.426184|[RPC][BLOCK][NUMBER][fromJson],group=group0,node=2f993327933ad58672518b6d4f63920cbc68b80f78f4d81192552ee6362f5cc81ee13bdc678ad65f06e76444cadb53b33694cfb3fc7679b8000411975fedd28a,blockNumber=2384
info|2023-07-09 00:27:14.426224|[RPCWS][SERVICE][onRecvBlockNotifier]receive block number notifier,group=group0,node=2f993327933ad58672518b6d4f63920cbc68b80f78f4d81192552ee6362f5cc81ee13bdc678ad65f06e76444cadb53b33694cfb3fc7679b8000411975fedd28a,blockNumber=2384
info|2023-07-09 00:27:14.426234|[WS]receive block notify,endpoint=127.0.0.1:20201,blk={
	"blockNumber" : 2384,
	"group" : "group0",
	"nodeName" : "2f993327933ad58672518b6d4f63920cbc68b80f78f4d81192552ee6362f5cc81ee13bdc678ad65f06e76444cadb53b33694cfb3fc7679b8000411975fedd28a"
}
info|2023-07-09 00:27:14.935058|[RPC][BLOCK][NUMBER][fromJson],group=group0,node=98a7f70ec883a722219d92253cf073a72605f4087aa3443c8e4aadc0af2dc3ac647d0fa1b5ac99cd6987abafe6d690ae71cd5fd2aeeabe7589bfb4748aabdfba,blockNumber=2385
info|2023-07-09 00:27:14.935102|[RPCWS][SERVICE][onRecvBlockNotifier]receive block number notifier,group=group0,node=98a7f70ec883a722219d92253cf073a72605f4087aa3443c8e4aadc0af2dc3ac647d0fa1b5ac99cd6987abafe6d690ae71cd5fd2aeeabe7589bfb4748aabdfba,blockNumber=2385
info|2023-07-09 00:27:14.935109|[RPCWS][SERVICE][updateGroupBlockNumber],groupID=group0,_blockNumber=2385
info|2023-07-09 00:27:14.935113|[RPCWS][SERVICE][onRecvBlockNotifier]block notifier callback,group=group0,node=98a7f70ec883a722219d92253cf073a72605f4087aa3443c8e4aadc0af2dc3ac647d0fa1b5ac99cd6987abafe6d690ae71cd5fd2aeeabe7589bfb4748aabdfba,blockNumber=2385
info|2023-07-09 00:27:14.935116|[WS]receive block notify,endpoint=127.0.0.1:20200,blk={
	"blockNumber" : 2385,
	"group" : "group0",
	"nodeName" : "98a7f70ec883a722219d92253cf073a72605f4087aa3443c8e4aadc0af2dc3ac647d0fa1b5ac99cd6987abafe6d690ae71cd5fd2aeeabe7589bfb4748aabdfba"
}
info|2023-07-09 00:27:14.967950|[RPC][BLOCK][NUMBER][fromJson],group=group0,node=2f993327933ad58672518b6d4f63920cbc68b80f78f4d81192552ee6362f5cc81ee13bdc678ad65f06e76444cadb53b33694cfb3fc7679b8000411975fedd28a,blockNumber=2385
info|2023-07-09 00:27:14.967990|[RPCWS][SERVICE][onRecvBlockNotifier]receive block number notifier,group=group0,node=2f993327933ad58672518b6d4f63920cbc68b80f78f4d81192552ee6362f5cc81ee13bdc678ad65f06e76444cadb53b33694cfb3fc7679b8000411975fedd28a,blockNumber=2385
info|2023-07-09 00:27:14.967998|[WS]receive block notify,endpoint=127.0.0.1:20201,blk={
	"blockNumber" : 2385,
	"group" : "group0",
	"nodeName" : "2f993327933ad58672518b6d4f63920cbc68b80f78f4d81192552ee6362f5cc81ee13bdc678ad65f06e76444cadb53b33694cfb3fc7679b8000411975fedd28a"
}
info|2023-07-09 00:27:15.555819|[RPC][BLOCK][NUMBER][fromJson],group=group0,node=98a7f70ec883a722219d92253cf073a72605f4087aa3443c8e4aadc0af2dc3ac647d0fa1b5ac99cd6987abafe6d690ae71cd5fd2aeeabe7589bfb4748aabdfba,blockNumber=2386
info|2023-07-09 00:27:15.555852|[RPCWS][SERVICE][onRecvBlockNotifier]receive block number notifier,group=group0,node=98a7f70ec883a722219d92253cf073a72605f4087aa3443c8e4aadc0af2dc3ac647d0fa1b5ac99cd6987abafe6d690ae71cd5fd2aeeabe7589bfb4748aabdfba,blockNumber=2386
info|2023-07-09 00:27:15.555859|[RPCWS][SERVICE][updateGroupBlockNumber],groupID=group0,_blockNumber=2386
info|2023-07-09 00:27:15.555863|[RPCWS][SERVICE][onRecvBlockNotifier]block notifier callback,group=group0,node=98a7f70ec883a722219d92253cf073a72605f4087aa3443c8e4aadc0af2dc3ac647d0fa1b5ac99cd6987abafe6d690ae71cd5fd2aeeabe7589bfb4748aabdfba,blockNumber=2386
info|2023-07-09 00:27:15.555866|[WS]receive block notify,endpoint=127.0.0.1:20200,blk={
	"blockNumber" : 2386,
	"group" : "group0",
	"nodeName" : "98a7f70ec883a722219d92253cf073a72605f4087aa3443c8e4aadc0af2dc3ac647d0fa1b5ac99cd6987abafe6d690ae71cd5fd2aeeabe7589bfb4748aabdfba"
}
info|2023-07-09 00:27:15.600821|[RPC][BLOCK][NUMBER][fromJson],group=group0,node=2f993327933ad58672518b6d4f63920cbc68b80f78f4d81192552ee6362f5cc81ee13bdc678ad65f06e76444cadb53b33694cfb3fc7679b8000411975fedd28a,blockNumber=2386
info|2023-07-09 00:27:15.600844|[RPCWS][SERVICE][onRecvBlockNotifier]receive block number notifier,group=group0,node=2f993327933ad58672518b6d4f63920cbc68b80f78f4d81192552ee6362f5cc81ee13bdc678ad65f06e76444cadb53b33694cfb3fc7679b8000411975fedd28a,blockNumber=2386
info|2023-07-09 00:27:15.600850|[WS]receive block notify,endpoint=127.0.0.1:20201,blk={
	"blockNumber" : 2386,
	"group" : "group0",
	"nodeName" : "2f993327933ad58672518b6d4f63920cbc68b80f78f4d81192552ee6362f5cc81ee13bdc678ad65f06e76444cadb53b33694cfb3fc7679b8000411975fedd28a"
}
info|2023-07-09 00:27:16.067664|[RPC][BLOCK][NUMBER][fromJson],group=group0,node=2f993327933ad58672518b6d4f63920cbc68b80f78f4d81192552ee6362f5cc81ee13bdc678ad65f06e76444cadb53b33694cfb3fc7679b8000411975fedd28a,blockNumber=2387
info|2023-07-09 00:27:16.067687|[RPCWS][SERVICE][onRecvBlockNotifier]receive block number notifier,group=group0,node=2f993327933ad58672518b6d4f63920cbc68b80f78f4d81192552ee6362f5cc81ee13bdc678ad65f06e76444cadb53b33694cfb3fc7679b8000411975fedd28a,blockNumber=2387
info|2023-07-09 00:27:16.067710|[RPCWS][SERVICE][updateGroupBlockNumber],groupID=group0,_blockNumber=2387
info|2023-07-09 00:27:16.067716|[RPCWS][SERVICE][onRecvBlockNotifier]block notifier callback,group=group0,node=2f993327933ad58672518b6d4f63920cbc68b80f78f4d81192552ee6362f5cc81ee13bdc678ad65f06e76444cadb53b33694cfb3fc7679b8000411975fedd28a,blockNumber=2387
info|2023-07-09 00:27:16.067732|[WS]receive block notify,endpoint=127.0.0.1:20201,blk={
	"blockNumber" : 2387,
	"group" : "group0",
	"nodeName" : "2f993327933ad58672518b6d4f63920cbc68b80f78f4d81192552ee6362f5cc81ee13bdc678ad65f06e76444cadb53b33694cfb3fc7679b8000411975fedd28a"
}
info|2023-07-09 00:27:16.091966|[RPC][BLOCK][NUMBER][fromJson],group=group0,node=98a7f70ec883a722219d92253cf073a72605f4087aa3443c8e4aadc0af2dc3ac647d0fa1b5ac99cd6987abafe6d690ae71cd5fd2aeeabe7589bfb4748aabdfba,blockNumber=2387
info|2023-07-09 00:27:16.092022|[RPCWS][SERVICE][onRecvBlockNotifier]receive block number notifier,group=group0,node=98a7f70ec883a722219d92253cf073a72605f4087aa3443c8e4aadc0af2dc3ac647d0fa1b5ac99cd6987abafe6d690ae71cd5fd2aeeabe7589bfb4748aabdfba,blockNumber=2387
info|2023-07-09 00:27:16.092031|[WS]receive block notify,endpoint=127.0.0.1:20200,blk={
	"blockNumber" : 2387,
	"group" : "group0",
	"nodeName" : "98a7f70ec883a722219d92253cf073a72605f4087aa3443c8e4aadc0af2dc3ac647d0fa1b5ac99cd6987abafe6d690ae71cd5fd2aeeabe7589bfb4748aabdfba"
}
info|2023-07-09 00:27:16.638623|[RPC][BLOCK][NUMBER][fromJson],group=group0,node=98a7f70ec883a722219d92253cf073a72605f4087aa3443c8e4aadc0af2dc3ac647d0fa1b5ac99cd6987abafe6d690ae71cd5fd2aeeabe7589bfb4748aabdfba,blockNumber=2388
info|2023-07-09 00:27:16.638660|[RPCWS][SERVICE][onRecvBlockNotifier]receive block number notifier,group=group0,node=98a7f70ec883a722219d92253cf073a72605f4087aa3443c8e4aadc0af2dc3ac647d0fa1b5ac99cd6987abafe6d690ae71cd5fd2aeeabe7589bfb4748aabdfba,blockNumber=2388
info|2023-07-09 00:27:16.638666|[RPCWS][SERVICE][updateGroupBlockNumber],groupID=group0,_blockNumber=2388
info|2023-07-09 00:27:16.638671|[RPCWS][SERVICE][onRecvBlockNotifier]block notifier callback,group=group0,node=98a7f70ec883a722219d92253cf073a72605f4087aa3443c8e4aadc0af2dc3ac647d0fa1b5ac99cd6987abafe6d690ae71cd5fd2aeeabe7589bfb4748aabdfba,blockNumber=2388
info|2023-07-09 00:27:16.638675|[WS]receive block notify,endpoint=127.0.0.1:20200,blk={
	"blockNumber" : 2388,
	"group" : "group0",
	"nodeName" : "98a7f70ec883a722219d92253cf073a72605f4087aa3443c8e4aadc0af2dc3ac647d0fa1b5ac99cd6987abafe6d690ae71cd5fd2aeeabe7589bfb4748aabdfba"
}
info|2023-07-09 00:27:16.652563|[RPC][BLOCK][NUMBER][fromJson],group=group0,node=2f993327933ad58672518b6d4f63920cbc68b80f78f4d81192552ee6362f5cc81ee13bdc678ad65f06e76444cadb53b33694cfb3fc7679b8000411975fedd28a,blockNumber=2388
info|2023-07-09 00:27:16.652584|[RPCWS][SERVICE][onRecvBlockNotifier]receive block number notifier,group=group0,node=2f993327933ad58672518b6d4f63920cbc68b80f78f4d81192552ee6362f5cc81ee13bdc678ad65f06e76444cadb53b33694cfb3fc7679b8000411975fedd28a,blockNumber=2388
info|2023-07-09 00:27:16.652605|[WS]receive block notify,endpoint=127.0.0.1:20201,blk={
	"blockNumber" : 2388,
	"group" : "group0",
	"nodeName" : "2f993327933ad58672518b6d4f63920cbc68b80f78f4d81192552ee6362f5cc81ee13bdc678ad65f06e76444cadb53b33694cfb3fc7679b8000411975fedd28a"
}
info|2023-07-09 00:27:17.148440|[RPC][BLOCK][NUMBER][fromJson],group=group0,node=98a7f70ec883a722219d92253cf073a72605f4087aa3443c8e4aadc0af2dc3ac647d0fa1b5ac99cd6987abafe6d690ae71cd5fd2aeeabe7589bfb4748aabdfba,blockNumber=2389
info|2023-07-09 00:27:17.148475|[RPCWS][SERVICE][onRecvBlockNotifier]receive block number notifier,group=group0,node=98a7f70ec883a722219d92253cf073a72605f4087aa3443c8e4aadc0af2dc3ac647d0fa1b5ac99cd6987abafe6d690ae71cd5fd2aeeabe7589bfb4748aabdfba,blockNumber=2389
info|2023-07-09 00:27:17.148481|[RPCWS][SERVICE][updateGroupBlockNumber],groupID=group0,_blockNumber=2389
info|2023-07-09 00:27:17.148485|[RPCWS][SERVICE][onRecvBlockNotifier]block notifier callback,group=group0,node=98a7f70ec883a722219d92253cf073a72605f4087aa3443c8e4aadc0af2dc3ac647d0fa1b5ac99cd6987abafe6d690ae71cd5fd2aeeabe7589bfb4748aabdfba,blockNumber=2389
info|2023-07-09 00:27:17.148489|[WS]receive block notify,endpoint=127.0.0.1:20200,blk={
	"blockNumber" : 2389,
	"group" : "group0",
	"nodeName" : "98a7f70ec883a722219d92253cf073a72605f4087aa3443c8e4aadc0af2dc3ac647d0fa1b5ac99cd6987abafe6d690ae71cd5fd2aeeabe7589bfb4748aabdfba"
}
info|2023-07-09 00:27:17.190107|[RPC][BLOCK][NUMBER][fromJson],group=group0,node=2f993327933ad58672518b6d4f63920cbc68b80f78f4d81192552ee6362f5cc81ee13bdc678ad65f06e76444cadb53b33694cfb3fc7679b8000411975fedd28a,blockNumber=2389
info|2023-07-09 00:27:17.190154|[RPCWS][SERVICE][onRecvBlockNotifier]receive block number notifier,group=group0,node=2f993327933ad58672518b6d4f63920cbc68b80f78f4d81192552ee6362f5cc81ee13bdc678ad65f06e76444cadb53b33694cfb3fc7679b8000411975fedd28a,blockNumber=2389
info|2023-07-09 00:27:17.190162|[WS]receive block notify,endpoint=127.0.0.1:20201,blk={
	"blockNumber" : 2389,
	"group" : "group0",
	"nodeName" : "2f993327933ad58672518b6d4f63920cbc68b80f78f4d81192552ee6362f5cc81ee13bdc678ad65f06e76444cadb53b33694cfb3fc7679b8000411975fedd28a"
}
info|2023-07-09 00:27:17.761804|[RPC][BLOCK][NUMBER][fromJson],group=group0,node=98a7f70ec883a722219d92253cf073a72605f4087aa3443c8e4aadc0af2dc3ac647d0fa1b5ac99cd6987abafe6d690ae71cd5fd2aeeabe7589bfb4748aabdfba,blockNumber=2390
info|2023-07-09 00:27:17.761825|[RPCWS][SERVICE][onRecvBlockNotifier]receive block number notifier,group=group0,node=98a7f70ec883a722219d92253cf073a72605f4087aa3443c8e4aadc0af2dc3ac647d0fa1b5ac99cd6987abafe6d690ae71cd5fd2aeeabe7589bfb4748aabdfba,blockNumber=2390
info|2023-07-09 00:27:17.761830|[RPCWS][SERVICE][updateGroupBlockNumber],groupID=group0,_blockNumber=2390
info|2023-07-09 00:27:17.761834|[RPCWS][SERVICE][onRecvBlockNotifier]block notifier callback,group=group0,node=98a7f70ec883a722219d92253cf073a72605f4087aa3443c8e4aadc0af2dc3ac647d0fa1b5ac99cd6987abafe6d690ae71cd5fd2aeeabe7589bfb4748aabdfba,blockNumber=2390
info|2023-07-09 00:27:17.761838|[WS]receive block notify,endpoint=127.0.0.1:20200,blk={
	"blockNumber" : 2390,
	"group" : "group0",
	"nodeName" : "98a7f70ec883a722219d92253cf073a72605f4087aa3443c8e4aadc0af2dc3ac647d0fa1b5ac99cd6987abafe6d690ae71cd5fd2aeeabe7589bfb4748aabdfba"
}
info|2023-07-09 00:27:17.809844|[RPC][BLOCK][NUMBER][fromJson],group=group0,node=2f993327933ad58672518b6d4f63920cbc68b80f78f4d81192552ee6362f5cc81ee13bdc678ad65f06e76444cadb53b33694cfb3fc7679b8000411975fedd28a,blockNumber=2390
info|2023-07-09 00:27:17.809878|[RPCWS][SERVICE][onRecvBlockNotifier]receive block number notifier,group=group0,node=2f993327933ad58672518b6d4f63920cbc68b80f78f4d81192552ee6362f5cc81ee13bdc678ad65f06e76444cadb53b33694cfb3fc7679b8000411975fedd28a,blockNumber=2390
info|2023-07-09 00:27:17.809886|[WS]receive block notify,endpoint=127.0.0.1:20201,blk={
	"blockNumber" : 2390,
	"group" : "group0",
	"nodeName" : "2f993327933ad58672518b6d4f63920cbc68b80f78f4d81192552ee6362f5cc81ee13bdc678ad65f06e76444cadb53b33694cfb3fc7679b8000411975fedd28a"
}
info|2023-07-09 00:27:18.286275|[RPC][BLOCK][NUMBER][fromJson],group=group0,node=98a7f70ec883a722219d92253cf073a72605f4087aa3443c8e4aadc0af2dc3ac647d0fa1b5ac99cd6987abafe6d690ae71cd5fd2aeeabe7589bfb4748aabdfba,blockNumber=2391
info|2023-07-09 00:27:18.286296|[RPCWS][SERVICE][onRecvBlockNotifier]receive block number notifier,group=group0,node=98a7f70ec883a722219d92253cf073a72605f4087aa3443c8e4aadc0af2dc3ac647d0fa1b5ac99cd6987abafe6d690ae71cd5fd2aeeabe7589bfb4748aabdfba,blockNumber=2391
info|2023-07-09 00:27:18.286301|[RPCWS][SERVICE][updateGroupBlockNumber],groupID=group0,_blockNumber=2391
info|2023-07-09 00:27:18.286305|[RPCWS][SERVICE][onRecvBlockNotifier]block notifier callback,group=group0,node=98a7f70ec883a722219d92253cf073a72605f4087aa3443c8e4aadc0af2dc3ac647d0fa1b5ac99cd6987abafe6d690ae71cd5fd2aeeabe7589bfb4748aabdfba,blockNumber=2391
info|2023-07-09 00:27:18.286308|[WS]receive block notify,endpoint=127.0.0.1:20200,blk={
	"blockNumber" : 2391,
	"group" : "group0",
	"nodeName" : "98a7f70ec883a722219d92253cf073a72605f4087aa3443c8e4aadc0af2dc3ac647d0fa1b5ac99cd6987abafe6d690ae71cd5fd2aeeabe7589bfb4748aabdfba"
}
info|2023-07-09 00:27:18.407423|[RPC][BLOCK][NUMBER][fromJson],group=group0,node=2f993327933ad58672518b6d4f63920cbc68b80f78f4d81192552ee6362f5cc81ee13bdc678ad65f06e76444cadb53b33694cfb3fc7679b8000411975fedd28a,blockNumber=2391
info|2023-07-09 00:27:18.407443|[RPCWS][SERVICE][onRecvBlockNotifier]receive block number notifier,group=group0,node=2f993327933ad58672518b6d4f63920cbc68b80f78f4d81192552ee6362f5cc81ee13bdc678ad65f06e76444cadb53b33694cfb3fc7679b8000411975fedd28a,blockNumber=2391
info|2023-07-09 00:27:18.407449|[WS]receive block notify,endpoint=127.0.0.1:20201,blk={
	"blockNumber" : 2391,
	"group" : "group0",
	"nodeName" : "2f993327933ad58672518b6d4f63920cbc68b80f78f4d81192552ee6362f5cc81ee13bdc678ad65f06e76444cadb53b33694cfb3fc7679b8000411975fedd28a"
}
info|2023-07-09 00:27:18.835863|[RPC][BLOCK][NUMBER][fromJson],group=group0,node=98a7f70ec883a722219d92253cf073a72605f4087aa3443c8e4aadc0af2dc3ac647d0fa1b5ac99cd6987abafe6d690ae71cd5fd2aeeabe7589bfb4748aabdfba,blockNumber=2392
info|2023-07-09 00:27:18.835885|[RPCWS][SERVICE][onRecvBlockNotifier]receive block number notifier,group=group0,node=98a7f70ec883a722219d92253cf073a72605f4087aa3443c8e4aadc0af2dc3ac647d0fa1b5ac99cd6987abafe6d690ae71cd5fd2aeeabe7589bfb4748aabdfba,blockNumber=2392
info|2023-07-09 00:27:18.835890|[RPCWS][SERVICE][updateGroupBlockNumber],groupID=group0,_blockNumber=2392
info|2023-07-09 00:27:18.835895|[RPCWS][SERVICE][onRecvBlockNotifier]block notifier callback,group=group0,node=98a7f70ec883a722219d92253cf073a72605f4087aa3443c8e4aadc0af2dc3ac647d0fa1b5ac99cd6987abafe6d690ae71cd5fd2aeeabe7589bfb4748aabdfba,blockNumber=2392
info|2023-07-09 00:27:18.835898|[WS]receive block notify,endpoint=127.0.0.1:20200,blk={
	"blockNumber" : 2392,
	"group" : "group0",
	"nodeName" : "98a7f70ec883a722219d92253cf073a72605f4087aa3443c8e4aadc0af2dc3ac647d0fa1b5ac99cd6987abafe6d690ae71cd5fd2aeeabe7589bfb4748aabdfba"
}
info|2023-07-09 00:27:18.873434|[RPC][BLOCK][NUMBER][fromJson],group=group0,node=2f993327933ad58672518b6d4f63920cbc68b80f78f4d81192552ee6362f5cc81ee13bdc678ad65f06e76444cadb53b33694cfb3fc7679b8000411975fedd28a,blockNumber=2392
info|2023-07-09 00:27:18.873453|[RPCWS][SERVICE][onRecvBlockNotifier]receive block number notifier,group=group0,node=2f993327933ad58672518b6d4f63920cbc68b80f78f4d81192552ee6362f5cc81ee13bdc678ad65f06e76444cadb53b33694cfb3fc7679b8000411975fedd28a,blockNumber=2392
info|2023-07-09 00:27:18.873459|[WS]receive block notify,endpoint=127.0.0.1:20201,blk={
	"blockNumber" : 2392,
	"group" : "group0",
	"nodeName" : "2f993327933ad58672518b6d4f63920cbc68b80f78f4d81192552ee6362f5cc81ee13bdc678ad65f06e76444cadb53b33694cfb3fc7679b8000411975fedd28a"
}
info|2023-07-09 00:27:19.377280|[RPC][BLOCK][NUMBER][fromJson],group=group0,node=98a7f70ec883a722219d92253cf073a72605f4087aa3443c8e4aadc0af2dc3ac647d0fa1b5ac99cd6987abafe6d690ae71cd5fd2aeeabe7589bfb4748aabdfba,blockNumber=2393
info|2023-07-09 00:27:19.377327|[RPCWS][SERVICE][onRecvBlockNotifier]receive block number notifier,group=group0,node=98a7f70ec883a722219d92253cf073a72605f4087aa3443c8e4aadc0af2dc3ac647d0fa1b5ac99cd6987abafe6d690ae71cd5fd2aeeabe7589bfb4748aabdfba,blockNumber=2393
info|2023-07-09 00:27:19.377337|[RPCWS][SERVICE][updateGroupBlockNumber],groupID=group0,_blockNumber=2393
info|2023-07-09 00:27:19.377342|[RPCWS][SERVICE][onRecvBlockNotifier]block notifier callback,group=group0,node=98a7f70ec883a722219d92253cf073a72605f4087aa3443c8e4aadc0af2dc3ac647d0fa1b5ac99cd6987abafe6d690ae71cd5fd2aeeabe7589bfb4748aabdfba,blockNumber=2393
info|2023-07-09 00:27:19.377348|[WS]receive block notify,endpoint=127.0.0.1:20200,blk={
	"blockNumber" : 2393,
	"group" : "group0",
	"nodeName" : "98a7f70ec883a722219d92253cf073a72605f4087aa3443c8e4aadc0af2dc3ac647d0fa1b5ac99cd6987abafe6d690ae71cd5fd2aeeabe7589bfb4748aabdfba"
}
info|2023-07-09 00:27:19.423612|[RPC][BLOCK][NUMBER][fromJson],group=group0,node=2f993327933ad58672518b6d4f63920cbc68b80f78f4d81192552ee6362f5cc81ee13bdc678ad65f06e76444cadb53b33694cfb3fc7679b8000411975fedd28a,blockNumber=2393
info|2023-07-09 00:27:19.423655|[RPCWS][SERVICE][onRecvBlockNotifier]receive block number notifier,group=group0,node=2f993327933ad58672518b6d4f63920cbc68b80f78f4d81192552ee6362f5cc81ee13bdc678ad65f06e76444cadb53b33694cfb3fc7679b8000411975fedd28a,blockNumber=2393
info|2023-07-09 00:27:19.423665|[WS]receive block notify,endpoint=127.0.0.1:20201,blk={
	"blockNumber" : 2393,
	"group" : "group0",
	"nodeName" : "2f993327933ad58672518b6d4f63920cbc68b80f78f4d81192552ee6362f5cc81ee13bdc678ad65f06e76444cadb53b33694cfb3fc7679b8000411975fedd28a"
}
info|2023-07-09 00:27:19.979922|[RPC][BLOCK][NUMBER][fromJson],group=group0,node=98a7f70ec883a722219d92253cf073a72605f4087aa3443c8e4aadc0af2dc3ac647d0fa1b5ac99cd6987abafe6d690ae71cd5fd2aeeabe7589bfb4748aabdfba,blockNumber=2394
info|2023-07-09 00:27:19.979971|[RPCWS][SERVICE][onRecvBlockNotifier]receive block number notifier,group=group0,node=98a7f70ec883a722219d92253cf073a72605f4087aa3443c8e4aadc0af2dc3ac647d0fa1b5ac99cd6987abafe6d690ae71cd5fd2aeeabe7589bfb4748aabdfba,blockNumber=2394
info|2023-07-09 00:27:19.979976|[RPCWS][SERVICE][updateGroupBlockNumber],groupID=group0,_blockNumber=2394
info|2023-07-09 00:27:19.979982|[RPCWS][SERVICE][onRecvBlockNotifier]block notifier callback,group=group0,node=98a7f70ec883a722219d92253cf073a72605f4087aa3443c8e4aadc0af2dc3ac647d0fa1b5ac99cd6987abafe6d690ae71cd5fd2aeeabe7589bfb4748aabdfba,blockNumber=2394
info|2023-07-09 00:27:19.979987|[WS]receive block notify,endpoint=127.0.0.1:20200,blk={
	"blockNumber" : 2394,
	"group" : "group0",
	"nodeName" : "98a7f70ec883a722219d92253cf073a72605f4087aa3443c8e4aadc0af2dc3ac647d0fa1b5ac99cd6987abafe6d690ae71cd5fd2aeeabe7589bfb4748aabdfba"
}
info|2023-07-09 00:27:20.017449|[RPC][BLOCK][NUMBER][fromJson],group=group0,node=2f993327933ad58672518b6d4f63920cbc68b80f78f4d81192552ee6362f5cc81ee13bdc678ad65f06e76444cadb53b33694cfb3fc7679b8000411975fedd28a,blockNumber=2394
info|2023-07-09 00:27:20.017469|[RPCWS][SERVICE][onRecvBlockNotifier]receive block number notifier,group=group0,node=2f993327933ad58672518b6d4f63920cbc68b80f78f4d81192552ee6362f5cc81ee13bdc678ad65f06e76444cadb53b33694cfb3fc7679b8000411975fedd28a,blockNumber=2394
info|2023-07-09 00:27:20.017476|[WS]receive block notify,endpoint=127.0.0.1:20201,blk={
	"blockNumber" : 2394,
	"group" : "group0",
	"nodeName" : "2f993327933ad58672518b6d4f63920cbc68b80f78f4d81192552ee6362f5cc81ee13bdc678ad65f06e76444cadb53b33694cfb3fc7679b8000411975fedd28a"
}
info|2023-07-09 00:27:20.495219|[RPC][BLOCK][NUMBER][fromJson],group=group0,node=98a7f70ec883a722219d92253cf073a72605f4087aa3443c8e4aadc0af2dc3ac647d0fa1b5ac99cd6987abafe6d690ae71cd5fd2aeeabe7589bfb4748aabdfba,blockNumber=2395
info|2023-07-09 00:27:20.495272|[RPCWS][SERVICE][onRecvBlockNotifier]receive block number notifier,group=group0,node=98a7f70ec883a722219d92253cf073a72605f4087aa3443c8e4aadc0af2dc3ac647d0fa1b5ac99cd6987abafe6d690ae71cd5fd2aeeabe7589bfb4748aabdfba,blockNumber=2395
info|2023-07-09 00:27:20.495282|[RPCWS][SERVICE][updateGroupBlockNumber],groupID=group0,_blockNumber=2395
info|2023-07-09 00:27:20.495286|[RPCWS][SERVICE][onRecvBlockNotifier]block notifier callback,group=group0,node=98a7f70ec883a722219d92253cf073a72605f4087aa3443c8e4aadc0af2dc3ac647d0fa1b5ac99cd6987abafe6d690ae71cd5fd2aeeabe7589bfb4748aabdfba,blockNumber=2395
info|2023-07-09 00:27:20.495290|[WS]receive block notify,endpoint=127.0.0.1:20200,blk={
	"blockNumber" : 2395,
	"group" : "group0",
	"nodeName" : "98a7f70ec883a722219d92253cf073a72605f4087aa3443c8e4aadc0af2dc3ac647d0fa1b5ac99cd6987abafe6d690ae71cd5fd2aeeabe7589bfb4748aabdfba"
}
info|2023-07-09 00:27:20.618572|[RPC][BLOCK][NUMBER][fromJson],group=group0,node=2f993327933ad58672518b6d4f63920cbc68b80f78f4d81192552ee6362f5cc81ee13bdc678ad65f06e76444cadb53b33694cfb3fc7679b8000411975fedd28a,blockNumber=2395
info|2023-07-09 00:27:20.618647|[RPCWS][SERVICE][onRecvBlockNotifier]receive block number notifier,group=group0,node=2f993327933ad58672518b6d4f63920cbc68b80f78f4d81192552ee6362f5cc81ee13bdc678ad65f06e76444cadb53b33694cfb3fc7679b8000411975fedd28a,blockNumber=2395
info|2023-07-09 00:27:20.618660|[WS]receive block notify,endpoint=127.0.0.1:20201,blk={
	"blockNumber" : 2395,
	"group" : "group0",
	"nodeName" : "2f993327933ad58672518b6d4f63920cbc68b80f78f4d81192552ee6362f5cc81ee13bdc678ad65f06e76444cadb53b33694cfb3fc7679b8000411975fedd28a"
}
info|2023-07-09 00:27:21.053584|[RPC][BLOCK][NUMBER][fromJson],group=group0,node=98a7f70ec883a722219d92253cf073a72605f4087aa3443c8e4aadc0af2dc3ac647d0fa1b5ac99cd6987abafe6d690ae71cd5fd2aeeabe7589bfb4748aabdfba,blockNumber=2396
info|2023-07-09 00:27:21.053605|[RPCWS][SERVICE][onRecvBlockNotifier]receive block number notifier,group=group0,node=98a7f70ec883a722219d92253cf073a72605f4087aa3443c8e4aadc0af2dc3ac647d0fa1b5ac99cd6987abafe6d690ae71cd5fd2aeeabe7589bfb4748aabdfba,blockNumber=2396
info|2023-07-09 00:27:21.053611|[RPCWS][SERVICE][updateGroupBlockNumber],groupID=group0,_blockNumber=2396
info|2023-07-09 00:27:21.053615|[RPCWS][SERVICE][onRecvBlockNotifier]block notifier callback,group=group0,node=98a7f70ec883a722219d92253cf073a72605f4087aa3443c8e4aadc0af2dc3ac647d0fa1b5ac99cd6987abafe6d690ae71cd5fd2aeeabe7589bfb4748aabdfba,blockNumber=2396
info|2023-07-09 00:27:21.053620|[WS]receive block notify,endpoint=127.0.0.1:20200,blk={
	"blockNumber" : 2396,
	"group" : "group0",
	"nodeName" : "98a7f70ec883a722219d92253cf073a72605f4087aa3443c8e4aadc0af2dc3ac647d0fa1b5ac99cd6987abafe6d690ae71cd5fd2aeeabe7589bfb4748aabdfba"
}
info|2023-07-09 00:27:21.085961|[RPC][BLOCK][NUMBER][fromJson],group=group0,node=2f993327933ad58672518b6d4f63920cbc68b80f78f4d81192552ee6362f5cc81ee13bdc678ad65f06e76444cadb53b33694cfb3fc7679b8000411975fedd28a,blockNumber=2396
info|2023-07-09 00:27:21.085981|[RPCWS][SERVICE][onRecvBlockNotifier]receive block number notifier,group=group0,node=2f993327933ad58672518b6d4f63920cbc68b80f78f4d81192552ee6362f5cc81ee13bdc678ad65f06e76444cadb53b33694cfb3fc7679b8000411975fedd28a,blockNumber=2396
info|2023-07-09 00:27:21.085988|[WS]receive block notify,endpoint=127.0.0.1:20201,blk={
	"blockNumber" : 2396,
	"group" : "group0",
	"nodeName" : "2f993327933ad58672518b6d4f63920cbc68b80f78f4d81192552ee6362f5cc81ee13bdc678ad65f06e76444cadb53b33694cfb3fc7679b8000411975fedd28a"
}
info|2023-07-09 00:27:21.628396|[RPC][BLOCK][NUMBER][fromJson],group=group0,node=98a7f70ec883a722219d92253cf073a72605f4087aa3443c8e4aadc0af2dc3ac647d0fa1b5ac99cd6987abafe6d690ae71cd5fd2aeeabe7589bfb4748aabdfba,blockNumber=2397
info|2023-07-09 00:27:21.628443|[RPCWS][SERVICE][onRecvBlockNotifier]receive block number notifier,group=group0,node=98a7f70ec883a722219d92253cf073a72605f4087aa3443c8e4aadc0af2dc3ac647d0fa1b5ac99cd6987abafe6d690ae71cd5fd2aeeabe7589bfb4748aabdfba,blockNumber=2397
info|2023-07-09 00:27:21.628451|[RPCWS][SERVICE][updateGroupBlockNumber],groupID=group0,_blockNumber=2397
info|2023-07-09 00:27:21.628474|[RPCWS][SERVICE][onRecvBlockNotifier]block notifier callback,group=group0,node=98a7f70ec883a722219d92253cf073a72605f4087aa3443c8e4aadc0af2dc3ac647d0fa1b5ac99cd6987abafe6d690ae71cd5fd2aeeabe7589bfb4748aabdfba,blockNumber=2397
info|2023-07-09 00:27:21.628479|[WS]receive block notify,endpoint=127.0.0.1:20200,blk={
	"blockNumber" : 2397,
	"group" : "group0",
	"nodeName" : "98a7f70ec883a722219d92253cf073a72605f4087aa3443c8e4aadc0af2dc3ac647d0fa1b5ac99cd6987abafe6d690ae71cd5fd2aeeabe7589bfb4748aabdfba"
}
info|2023-07-09 00:27:21.659723|[RPC][BLOCK][NUMBER][fromJson],group=group0,node=2f993327933ad58672518b6d4f63920cbc68b80f78f4d81192552ee6362f5cc81ee13bdc678ad65f06e76444cadb53b33694cfb3fc7679b8000411975fedd28a,blockNumber=2397
info|2023-07-09 00:27:21.659759|[RPCWS][SERVICE][onRecvBlockNotifier]receive block number notifier,group=group0,node=2f993327933ad58672518b6d4f63920cbc68b80f78f4d81192552ee6362f5cc81ee13bdc678ad65f06e76444cadb53b33694cfb3fc7679b8000411975fedd28a,blockNumber=2397
info|2023-07-09 00:27:21.659767|[WS]receive block notify,endpoint=127.0.0.1:20201,blk={
	"blockNumber" : 2397,
	"group" : "group0",
	"nodeName" : "2f993327933ad58672518b6d4f63920cbc68b80f78f4d81192552ee6362f5cc81ee13bdc678ad65f06e76444cadb53b33694cfb3fc7679b8000411975fedd28a"
}
info|2023-07-09 00:27:22.223249|[RPC][BLOCK][NUMBER][fromJson],group=group0,node=98a7f70ec883a722219d92253cf073a72605f4087aa3443c8e4aadc0af2dc3ac647d0fa1b5ac99cd6987abafe6d690ae71cd5fd2aeeabe7589bfb4748aabdfba,blockNumber=2398
info|2023-07-09 00:27:22.223303|[RPCWS][SERVICE][onRecvBlockNotifier]receive block number notifier,group=group0,node=98a7f70ec883a722219d92253cf073a72605f4087aa3443c8e4aadc0af2dc3ac647d0fa1b5ac99cd6987abafe6d690ae71cd5fd2aeeabe7589bfb4748aabdfba,blockNumber=2398
info|2023-07-09 00:27:22.223309|[RPCWS][SERVICE][updateGroupBlockNumber],groupID=group0,_blockNumber=2398
info|2023-07-09 00:27:22.223315|[RPCWS][SERVICE][onRecvBlockNotifier]block notifier callback,group=group0,node=98a7f70ec883a722219d92253cf073a72605f4087aa3443c8e4aadc0af2dc3ac647d0fa1b5ac99cd6987abafe6d690ae71cd5fd2aeeabe7589bfb4748aabdfba,blockNumber=2398
info|2023-07-09 00:27:22.223319|[WS]receive block notify,endpoint=127.0.0.1:20200,blk={
	"blockNumber" : 2398,
	"group" : "group0",
	"nodeName" : "98a7f70ec883a722219d92253cf073a72605f4087aa3443c8e4aadc0af2dc3ac647d0fa1b5ac99cd6987abafe6d690ae71cd5fd2aeeabe7589bfb4748aabdfba"
}
info|2023-07-09 00:27:22.258487|[RPC][BLOCK][NUMBER][fromJson],group=group0,node=2f993327933ad58672518b6d4f63920cbc68b80f78f4d81192552ee6362f5cc81ee13bdc678ad65f06e76444cadb53b33694cfb3fc7679b8000411975fedd28a,blockNumber=2398
info|2023-07-09 00:27:22.258534|[RPCWS][SERVICE][onRecvBlockNotifier]receive block number notifier,group=group0,node=2f993327933ad58672518b6d4f63920cbc68b80f78f4d81192552ee6362f5cc81ee13bdc678ad65f06e76444cadb53b33694cfb3fc7679b8000411975fedd28a,blockNumber=2398
info|2023-07-09 00:27:22.258543|[WS]receive block notify,endpoint=127.0.0.1:20201,blk={
	"blockNumber" : 2398,
	"group" : "group0",
	"nodeName" : "2f993327933ad58672518b6d4f63920cbc68b80f78f4d81192552ee6362f5cc81ee13bdc678ad65f06e76444cadb53b33694cfb3fc7679b8000411975fedd28a"
}
info|2023-07-09 00:27:29.975085|[EVENT][SUB][doLoop]event sub tasks report,working event sub count=0,suspend event sub count=0
info|2023-07-09 00:27:30.537091|[SDK][WS][SERVICE]connected nodes,count=2
info|2023-07-09 00:27:49.975611|[EVENT][SUB][doLoop]event sub tasks report,working event sub count=0,suspend event sub count=0
info|2023-07-09 00:27:50.537312|[SDK][WS][SERVICE]connected nodes,count=2
info|2023-07-09 00:28:09.978498|[EVENT][SUB][doLoop]event sub tasks report,working event sub count=0,suspend event sub count=0
info|2023-07-09 00:28:10.537583|[SDK][WS][SERVICE]connected nodes,count=2
info|2023-07-09 00:28:29.978722|[EVENT][SUB][doLoop]event sub tasks report,working event sub count=0,suspend event sub count=0
info|2023-07-09 00:28:30.538265|[SDK][WS][SERVICE]connected nodes,count=2
info|2023-07-09 00:28:49.979156|[EVENT][SUB][doLoop]event sub tasks report,working event sub count=0,suspend event sub count=0
info|2023-07-09 00:28:50.538877|[SDK][WS][SERVICE]connected nodes,count=2
info|2023-07-09 00:29:09.979444|[EVENT][SUB][doLoop]event sub tasks report,working event sub count=0,suspend event sub count=0
info|2023-07-09 00:29:10.539103|[SDK][WS][SERVICE]connected nodes,count=2
info|2023-07-09 00:29:29.979630|[EVENT][SUB][doLoop]event sub tasks report,working event sub count=0,suspend event sub count=0
info|2023-07-09 00:29:30.539256|[SDK][WS][SERVICE]connected nodes,count=2
info|2023-07-09 00:29:49.979763|[EVENT][SUB][doLoop]event sub tasks report,working event sub count=0,suspend event sub count=0
info|2023-07-09 00:29:50.539913|[SDK][WS][SERVICE]connected nodes,count=2
info|2023-07-09 00:30:09.980524|[EVENT][SUB][doLoop]event sub tasks report,working event sub count=0,suspend event sub count=0
info|2023-07-09 00:30:10.540329|[SDK][WS][SERVICE]connected nodes,count=2
info|2023-07-09 00:30:29.980923|[EVENT][SUB][doLoop]event sub tasks report,working event sub count=0,suspend event sub count=0
info|2023-07-09 00:30:30.540495|[SDK][WS][SERVICE]connected nodes,count=2
info|2023-07-09 00:30:49.981479|[EVENT][SUB][doLoop]event sub tasks report,working event sub count=0,suspend event sub count=0
info|2023-07-09 00:30:50.541026|[SDK][WS][SERVICE]connected nodes,count=2
info|2023-07-09 00:31:09.981586|[EVENT][SUB][doLoop]event sub tasks report,working event sub count=0,suspend event sub count=0
info|2023-07-09 00:31:10.541403|[SDK][WS][SERVICE]connected nodes,count=2
info|2023-07-09 00:31:29.982603|[EVENT][SUB][doLoop]event sub tasks report,working event sub count=0,suspend event sub count=0
info|2023-07-09 00:31:30.541591|[SDK][WS][SERVICE]connected nodes,count=2
info|2023-07-09 00:31:49.982793|[EVENT][SUB][doLoop]event sub tasks report,working event sub count=0,suspend event sub count=0
info|2023-07-09 00:31:50.543771|[SDK][WS][SERVICE]connected nodes,count=2
info|2023-07-09 00:32:09.983436|[EVENT][SUB][doLoop]event sub tasks report,working event sub count=0,suspend event sub count=0
info|2023-07-09 00:32:10.544234|[SDK][WS][SERVICE]connected nodes,count=2
info|2023-07-09 00:32:29.983745|[EVENT][SUB][doLoop]event sub tasks report,working event sub count=0,suspend event sub count=0
info|2023-07-09 00:32:30.544737|[SDK][WS][SERVICE]connected nodes,count=2
info|2023-07-09 00:32:49.983801|[EVENT][SUB][doLoop]event sub tasks report,working event sub count=0,suspend event sub count=0
info|2023-07-09 00:32:50.545124|[SDK][WS][SERVICE]connected nodes,count=2
info|2023-07-09 00:33:09.983921|[EVENT][SUB][doLoop]event sub tasks report,working event sub count=0,suspend event sub count=0
info|2023-07-09 00:33:10.545693|[SDK][WS][SERVICE]connected nodes,count=2
info|2023-07-09 00:33:29.984071|[EVENT][SUB][doLoop]event sub tasks report,working event sub count=0,suspend event sub count=0
info|2023-07-09 00:33:30.546181|[SDK][WS][SERVICE]connected nodes,count=2
info|2023-07-09 00:33:49.984312|[EVENT][SUB][doLoop]event sub tasks report,working event sub count=0,suspend event sub count=0
info|2023-07-09 00:33:50.546773|[SDK][WS][SERVICE]connected nodes,count=2
info|2023-07-09 00:34:09.984415|[EVENT][SUB][doLoop]event sub tasks report,working event sub count=0,suspend event sub count=0
info|2023-07-09 00:34:10.547045|[SDK][WS][SERVICE]connected nodes,count=2
info|2023-07-09 00:34:29.984967|[EVENT][SUB][doLoop]event sub tasks report,working event sub count=0,suspend event sub count=0
info|2023-07-09 00:34:30.547271|[SDK][WS][SERVICE]connected nodes,count=2
info|2023-07-09 00:34:49.986357|[EVENT][SUB][doLoop]event sub tasks report,working event sub count=0,suspend event sub count=0
info|2023-07-09 00:34:50.547497|[SDK][WS][SERVICE]connected nodes,count=2
info|2023-07-09 00:35:09.986775|[EVENT][SUB][doLoop]event sub tasks report,working event sub count=0,suspend event sub count=0
info|2023-07-09 00:35:10.548120|[SDK][WS][SERVICE]connected nodes,count=2
info|2023-07-09 00:35:29.987368|[EVENT][SUB][doLoop]event sub tasks report,working event sub count=0,suspend event sub count=0
info|2023-07-09 00:35:30.548397|[SDK][WS][SERVICE]connected nodes,count=2
info|2023-07-09 00:35:49.987767|[EVENT][SUB][doLoop]event sub tasks report,working event sub count=0,suspend event sub count=0
info|2023-07-09 00:35:50.548652|[SDK][WS][SERVICE]connected nodes,count=2
info|2023-07-09 00:36:09.988445|[EVENT][SUB][doLoop]event sub tasks report,working event sub count=0,suspend event sub count=0
info|2023-07-09 00:36:10.548961|[SDK][WS][SERVICE]connected nodes,count=2
info|2023-07-09 00:36:29.988756|[EVENT][SUB][doLoop]event sub tasks report,working event sub count=0,suspend event sub count=0
info|2023-07-09 00:36:30.549325|[SDK][WS][SERVICE]connected nodes,count=2
info|2023-07-09 00:36:49.989362|[EVENT][SUB][doLoop]event sub tasks report,working event sub count=0,suspend event sub count=0
info|2023-07-09 00:36:50.549720|[SDK][WS][SERVICE]connected nodes,count=2
info|2023-07-09 00:37:09.989958|[EVENT][SUB][doLoop]event sub tasks report,working event sub count=0,suspend event sub count=0
info|2023-07-09 00:37:10.549819|[SDK][WS][SERVICE]connected nodes,count=2
info|2023-07-09 00:37:29.990603|[EVENT][SUB][doLoop]event sub tasks report,working event sub count=0,suspend event sub count=0
info|2023-07-09 00:37:30.550288|[SDK][WS][SERVICE]connected nodes,count=2
info|2023-07-09 00:37:49.991332|[EVENT][SUB][doLoop]event sub tasks report,working event sub count=0,suspend event sub count=0
info|2023-07-09 00:37:50.550812|[SDK][WS][SERVICE]connected nodes,count=2
info|2023-07-09 00:38:09.991885|[EVENT][SUB][doLoop]event sub tasks report,working event sub count=0,suspend event sub count=0
info|2023-07-09 00:38:10.551389|[SDK][WS][SERVICE]connected nodes,count=2
info|2023-07-09 00:38:29.992061|[EVENT][SUB][doLoop]event sub tasks report,working event sub count=0,suspend event sub count=0
info|2023-07-09 00:38:30.551946|[SDK][WS][SERVICE]connected nodes,count=2
info|2023-07-09 00:38:49.992413|[EVENT][SUB][doLoop]event sub tasks report,working event sub count=0,suspend event sub count=0
info|2023-07-09 00:38:50.552684|[SDK][WS][SERVICE]connected nodes,count=2
info|2023-07-09 00:39:09.993068|[EVENT][SUB][doLoop]event sub tasks report,working event sub count=0,suspend event sub count=0
info|2023-07-09 00:39:10.552836|[SDK][WS][SERVICE]connected nodes,count=2
info|2023-07-09 00:39:29.993123|[EVENT][SUB][doLoop]event sub tasks report,working event sub count=0,suspend event sub count=0
info|2023-07-09 00:39:30.553283|[SDK][WS][SERVICE]connected nodes,count=2
info|2023-07-09 00:39:49.993419|[EVENT][SUB][doLoop]event sub tasks report,working event sub count=0,suspend event sub count=0
info|2023-07-09 00:39:50.553428|[SDK][WS][SERVICE]connected nodes,count=2
info|2023-07-09 00:40:09.993652|[EVENT][SUB][doLoop]event sub tasks report,working event sub count=0,suspend event sub count=0
info|2023-07-09 00:40:10.553992|[SDK][WS][SERVICE]connected nodes,count=2
info|2023-07-09 00:40:29.994131|[EVENT][SUB][doLoop]event sub tasks report,working event sub count=0,suspend event sub count=0
info|2023-07-09 00:40:30.554673|[SDK][WS][SERVICE]connected nodes,count=2
info|2023-07-09 00:40:49.994639|[EVENT][SUB][doLoop]event sub tasks report,working event sub count=0,suspend event sub count=0
info|2023-07-09 00:40:50.555184|[SDK][WS][SERVICE]connected nodes,count=2
info|2023-07-09 00:41:09.995121|[EVENT][SUB][doLoop]event sub tasks report,working event sub count=0,suspend event sub count=0
info|2023-07-09 00:41:10.555737|[SDK][WS][SERVICE]connected nodes,count=2
info|2023-07-09 00:41:29.995416|[EVENT][SUB][doLoop]event sub tasks report,working event sub count=0,suspend event sub count=0
info|2023-07-09 00:41:30.556541|[SDK][WS][SERVICE]connected nodes,count=2
info|2023-07-09 00:41:49.995988|[EVENT][SUB][doLoop]event sub tasks report,working event sub count=0,suspend event sub count=0
info|2023-07-09 00:41:50.556653|[SDK][WS][SERVICE]connected nodes,count=2
info|2023-07-09 00:42:09.996120|[EVENT][SUB][doLoop]event sub tasks report,working event sub count=0,suspend event sub count=0
info|2023-07-09 00:42:10.556767|[SDK][WS][SERVICE]connected nodes,count=2
info|2023-07-09 00:42:29.996173|[EVENT][SUB][doLoop]event sub tasks report,working event sub count=0,suspend event sub count=0
info|2023-07-09 00:42:30.557534|[SDK][WS][SERVICE]connected nodes,count=2
info|2023-07-09 00:42:49.996464|[EVENT][SUB][doLoop]event sub tasks report,working event sub count=0,suspend event sub count=0
info|2023-07-09 00:42:50.557663|[SDK][WS][SERVICE]connected nodes,count=2
info|2023-07-09 00:43:09.996616|[EVENT][SUB][doLoop]event sub tasks report,working event sub count=0,suspend event sub count=0
info|2023-07-09 00:43:10.558269|[SDK][WS][SERVICE]connected nodes,count=2
info|2023-07-09 00:43:29.997172|[EVENT][SUB][doLoop]event sub tasks report,working event sub count=0,suspend event sub count=0
info|2023-07-09 00:43:30.558467|[SDK][WS][SERVICE]connected nodes,count=2
info|2023-07-09 00:43:49.997761|[EVENT][SUB][doLoop]event sub tasks report,working event sub count=0,suspend event sub count=0
info|2023-07-09 00:43:50.559141|[SDK][WS][SERVICE]connected nodes,count=2
info|2023-07-09 00:44:09.998136|[EVENT][SUB][doLoop]event sub tasks report,working event sub count=0,suspend event sub count=0
info|2023-07-09 00:44:10.559513|[SDK][WS][SERVICE]connected nodes,count=2
info|2023-07-09 00:44:29.998351|[EVENT][SUB][doLoop]event sub tasks report,working event sub count=0,suspend event sub count=0
info|2023-07-09 00:44:30.559961|[SDK][WS][SERVICE]connected nodes,count=2
info|2023-07-09 00:44:49.998597|[EVENT][SUB][doLoop]event sub tasks report,working event sub count=0,suspend event sub count=0
info|2023-07-09 00:44:50.560420|[SDK][WS][SERVICE]connected nodes,count=2
info|2023-07-09 00:45:09.998723|[EVENT][SUB][doLoop]event sub tasks report,working event sub count=0,suspend event sub count=0
info|2023-07-09 00:45:10.562036|[SDK][WS][SERVICE]connected nodes,count=2
info|2023-07-09 00:45:29.998998|[EVENT][SUB][doLoop]event sub tasks report,working event sub count=0,suspend event sub count=0
info|2023-07-09 00:45:30.562172|[SDK][WS][SERVICE]connected nodes,count=2
info|2023-07-09 00:45:49.999080|[EVENT][SUB][doLoop]event sub tasks report,working event sub count=0,suspend event sub count=0
info|2023-07-09 00:45:50.562443|[SDK][WS][SERVICE]connected nodes,count=2
info|2023-07-09 00:46:09.999353|[EVENT][SUB][doLoop]event sub tasks report,working event sub count=0,suspend event sub count=0
info|2023-07-09 00:46:10.562655|[SDK][WS][SERVICE]connected nodes,count=2
info|2023-07-09 00:46:29.999669|[EVENT][SUB][doLoop]event sub tasks report,working event sub count=0,suspend event sub count=0
info|2023-07-09 00:46:30.563443|[SDK][WS][SERVICE]connected nodes,count=2
info|2023-07-09 00:46:50.000211|[EVENT][SUB][doLoop]event sub tasks report,working event sub count=0,suspend event sub count=0
info|2023-07-09 00:46:50.564186|[SDK][WS][SERVICE]connected nodes,count=2
info|2023-07-09 00:47:10.000651|[EVENT][SUB][doLoop]event sub tasks report,working event sub count=0,suspend event sub count=0
info|2023-07-09 00:47:10.564303|[SDK][WS][SERVICE]connected nodes,count=2
info|2023-07-09 00:47:30.000884|[EVENT][SUB][doLoop]event sub tasks report,working event sub count=0,suspend event sub count=0
info|2023-07-09 00:47:30.564474|[SDK][WS][SERVICE]connected nodes,count=2
info|2023-07-09 00:47:50.001246|[EVENT][SUB][doLoop]event sub tasks report,working event sub count=0,suspend event sub count=0
info|2023-07-09 00:47:50.564602|[SDK][WS][SERVICE]connected nodes,count=2
info|2023-07-09 00:48:10.001559|[EVENT][SUB][doLoop]event sub tasks report,working event sub count=0,suspend event sub count=0
info|2023-07-09 00:48:10.564752|[SDK][WS][SERVICE]connected nodes,count=2
info|2023-07-09 00:48:30.001712|[EVENT][SUB][doLoop]event sub tasks report,working event sub count=0,suspend event sub count=0
info|2023-07-09 00:48:30.565376|[SDK][WS][SERVICE]connected nodes,count=2
info|2023-07-09 00:48:50.001819|[EVENT][SUB][doLoop]event sub tasks report,working event sub count=0,suspend event sub count=0
info|2023-07-09 00:48:50.565850|[SDK][WS][SERVICE]connected nodes,count=2
info|2023-07-09 00:49:10.001876|[EVENT][SUB][doLoop]event sub tasks report,working event sub count=0,suspend event sub count=0
info|2023-07-09 00:49:10.566212|[SDK][WS][SERVICE]connected nodes,count=2
info|2023-07-09 00:49:30.002515|[EVENT][SUB][doLoop]event sub tasks report,working event sub count=0,suspend event sub count=0
info|2023-07-09 00:49:30.566908|[SDK][WS][SERVICE]connected nodes,count=2
info|2023-07-09 00:49:50.003035|[EVENT][SUB][doLoop]event sub tasks report,working event sub count=0,suspend event sub count=0
info|2023-07-09 00:49:50.567449|[SDK][WS][SERVICE]connected nodes,count=2
info|2023-07-09 00:50:10.003806|[EVENT][SUB][doLoop]event sub tasks report,working event sub count=0,suspend event sub count=0
info|2023-07-09 00:50:10.567919|[SDK][WS][SERVICE]connected nodes,count=2
info|2023-07-09 00:50:30.003873|[EVENT][SUB][doLoop]event sub tasks report,working event sub count=0,suspend event sub count=0
info|2023-07-09 00:50:30.568511|[SDK][WS][SERVICE]connected nodes,count=2
info|2023-07-09 00:50:50.004085|[EVENT][SUB][doLoop]event sub tasks report,working event sub count=0,suspend event sub count=0
info|2023-07-09 00:50:50.569158|[SDK][WS][SERVICE]connected nodes,count=2
info|2023-07-09 00:51:10.004377|[EVENT][SUB][doLoop]event sub tasks report,working event sub count=0,suspend event sub count=0
info|2023-07-09 00:51:10.569458|[SDK][WS][SERVICE]connected nodes,count=2
info|2023-07-09 00:51:30.005089|[EVENT][SUB][doLoop]event sub tasks report,working event sub count=0,suspend event sub count=0
info|2023-07-09 00:51:30.569884|[SDK][WS][SERVICE]connected nodes,count=2
info|2023-07-09 00:51:50.005524|[EVENT][SUB][doLoop]event sub tasks report,working event sub count=0,suspend event sub count=0
info|2023-07-09 00:51:50.570074|[SDK][WS][SERVICE]connected nodes,count=2
info|2023-07-09 00:52:10.005605|[EVENT][SUB][doLoop]event sub tasks report,working event sub count=0,suspend event sub count=0
info|2023-07-09 00:52:10.570491|[SDK][WS][SERVICE]connected nodes,count=2
info|2023-07-09 00:52:30.005920|[EVENT][SUB][doLoop]event sub tasks report,working event sub count=0,suspend event sub count=0
info|2023-07-09 00:52:30.571272|[SDK][WS][SERVICE]connected nodes,count=2
info|2023-07-09 00:52:50.006391|[EVENT][SUB][doLoop]event sub tasks report,working event sub count=0,suspend event sub count=0
info|2023-07-09 00:52:50.571493|[SDK][WS][SERVICE]connected nodes,count=2
info|2023-07-09 00:53:10.006642|[EVENT][SUB][doLoop]event sub tasks report,working event sub count=0,suspend event sub count=0
info|2023-07-09 00:53:10.571762|[SDK][WS][SERVICE]connected nodes,count=2
info|2023-07-09 00:53:30.007157|[EVENT][SUB][doLoop]event sub tasks report,working event sub count=0,suspend event sub count=0
info|2023-07-09 00:53:30.572744|[SDK][WS][SERVICE]connected nodes,count=2
info|2023-07-09 00:53:50.007504|[EVENT][SUB][doLoop]event sub tasks report,working event sub count=0,suspend event sub count=0
info|2023-07-09 00:53:50.573391|[SDK][WS][SERVICE]connected nodes,count=2
info|2023-07-09 00:54:10.007658|[EVENT][SUB][doLoop]event sub tasks report,working event sub count=0,suspend event sub count=0
info|2023-07-09 00:54:10.573595|[SDK][WS][SERVICE]connected nodes,count=2
info|2023-07-09 00:54:30.007935|[EVENT][SUB][doLoop]event sub tasks report,working event sub count=0,suspend event sub count=0
info|2023-07-09 00:54:30.573795|[SDK][WS][SERVICE]connected nodes,count=2
info|2023-07-09 00:54:50.008108|[EVENT][SUB][doLoop]event sub tasks report,working event sub count=0,suspend event sub count=0
info|2023-07-09 00:54:50.574323|[SDK][WS][SERVICE]connected nodes,count=2
info|2023-07-09 00:55:10.008496|[EVENT][SUB][doLoop]event sub tasks report,working event sub count=0,suspend event sub count=0
info|2023-07-09 00:55:10.574507|[SDK][WS][SERVICE]connected nodes,count=2
info|2023-07-09 00:55:30.008718|[EVENT][SUB][doLoop]event sub tasks report,working event sub count=0,suspend event sub count=0
info|2023-07-09 00:55:30.575213|[SDK][WS][SERVICE]connected nodes,count=2
info|2023-07-09 00:55:50.009073|[EVENT][SUB][doLoop]event sub tasks report,working event sub count=0,suspend event sub count=0
info|2023-07-09 00:55:50.575427|[SDK][WS][SERVICE]connected nodes,count=2
info|2023-07-09 00:56:10.009412|[EVENT][SUB][doLoop]event sub tasks report,working event sub count=0,suspend event sub count=0
info|2023-07-09 00:56:10.576037|[SDK][WS][SERVICE]connected nodes,count=2
info|2023-07-09 00:56:30.009897|[EVENT][SUB][doLoop]event sub tasks report,working event sub count=0,suspend event sub count=0
info|2023-07-09 00:56:30.576368|[SDK][WS][SERVICE]connected nodes,count=2
info|2023-07-09 00:56:50.010185|[EVENT][SUB][doLoop]event sub tasks report,working event sub count=0,suspend event sub count=0
info|2023-07-09 00:56:50.576942|[SDK][WS][SERVICE]connected nodes,count=2
info|2023-07-09 00:57:10.010877|[EVENT][SUB][doLoop]event sub tasks report,working event sub count=0,suspend event sub count=0
info|2023-07-09 00:57:10.577122|[SDK][WS][SERVICE]connected nodes,count=2
info|2023-07-09 00:57:13.865488|[RPC][BLOCK][NUMBER][fromJson],group=group0,node=98a7f70ec883a722219d92253cf073a72605f4087aa3443c8e4aadc0af2dc3ac647d0fa1b5ac99cd6987abafe6d690ae71cd5fd2aeeabe7589bfb4748aabdfba,blockNumber=2399
info|2023-07-09 00:57:13.865526|[RPCWS][SERVICE][onRecvBlockNotifier]receive block number notifier,group=group0,node=98a7f70ec883a722219d92253cf073a72605f4087aa3443c8e4aadc0af2dc3ac647d0fa1b5ac99cd6987abafe6d690ae71cd5fd2aeeabe7589bfb4748aabdfba,blockNumber=2399
info|2023-07-09 00:57:13.865549|[RPCWS][SERVICE][updateGroupBlockNumber],groupID=group0,_blockNumber=2399
info|2023-07-09 00:57:13.865556|[RPCWS][SERVICE][onRecvBlockNotifier]block notifier callback,group=group0,node=98a7f70ec883a722219d92253cf073a72605f4087aa3443c8e4aadc0af2dc3ac647d0fa1b5ac99cd6987abafe6d690ae71cd5fd2aeeabe7589bfb4748aabdfba,blockNumber=2399
info|2023-07-09 00:57:13.865561|[WS]receive block notify,endpoint=127.0.0.1:20200,blk={
	"blockNumber" : 2399,
	"group" : "group0",
	"nodeName" : "98a7f70ec883a722219d92253cf073a72605f4087aa3443c8e4aadc0af2dc3ac647d0fa1b5ac99cd6987abafe6d690ae71cd5fd2aeeabe7589bfb4748aabdfba"
}
info|2023-07-09 00:57:13.954868|[RPC][BLOCK][NUMBER][fromJson],group=group0,node=2f993327933ad58672518b6d4f63920cbc68b80f78f4d81192552ee6362f5cc81ee13bdc678ad65f06e76444cadb53b33694cfb3fc7679b8000411975fedd28a,blockNumber=2399
info|2023-07-09 00:57:13.954893|[RPCWS][SERVICE][onRecvBlockNotifier]receive block number notifier,group=group0,node=2f993327933ad58672518b6d4f63920cbc68b80f78f4d81192552ee6362f5cc81ee13bdc678ad65f06e76444cadb53b33694cfb3fc7679b8000411975fedd28a,blockNumber=2399
info|2023-07-09 00:57:13.954900|[WS]receive block notify,endpoint=127.0.0.1:20201,blk={
	"blockNumber" : 2399,
	"group" : "group0",
	"nodeName" : "2f993327933ad58672518b6d4f63920cbc68b80f78f4d81192552ee6362f5cc81ee13bdc678ad65f06e76444cadb53b33694cfb3fc7679b8000411975fedd28a"
}
info|2023-07-09 00:57:14.417714|[RPC][BLOCK][NUMBER][fromJson],group=group0,node=98a7f70ec883a722219d92253cf073a72605f4087aa3443c8e4aadc0af2dc3ac647d0fa1b5ac99cd6987abafe6d690ae71cd5fd2aeeabe7589bfb4748aabdfba,blockNumber=2400
info|2023-07-09 00:57:14.417735|[RPCWS][SERVICE][onRecvBlockNotifier]receive block number notifier,group=group0,node=98a7f70ec883a722219d92253cf073a72605f4087aa3443c8e4aadc0af2dc3ac647d0fa1b5ac99cd6987abafe6d690ae71cd5fd2aeeabe7589bfb4748aabdfba,blockNumber=2400
info|2023-07-09 00:57:14.417741|[RPCWS][SERVICE][updateGroupBlockNumber],groupID=group0,_blockNumber=2400
info|2023-07-09 00:57:14.417746|[RPCWS][SERVICE][onRecvBlockNotifier]block notifier callback,group=group0,node=98a7f70ec883a722219d92253cf073a72605f4087aa3443c8e4aadc0af2dc3ac647d0fa1b5ac99cd6987abafe6d690ae71cd5fd2aeeabe7589bfb4748aabdfba,blockNumber=2400
info|2023-07-09 00:57:14.417750|[WS]receive block notify,endpoint=127.0.0.1:20200,blk={
	"blockNumber" : 2400,
	"group" : "group0",
	"nodeName" : "98a7f70ec883a722219d92253cf073a72605f4087aa3443c8e4aadc0af2dc3ac647d0fa1b5ac99cd6987abafe6d690ae71cd5fd2aeeabe7589bfb4748aabdfba"
}
info|2023-07-09 00:57:14.452263|[RPC][BLOCK][NUMBER][fromJson],group=group0,node=2f993327933ad58672518b6d4f63920cbc68b80f78f4d81192552ee6362f5cc81ee13bdc678ad65f06e76444cadb53b33694cfb3fc7679b8000411975fedd28a,blockNumber=2400
info|2023-07-09 00:57:14.452298|[RPCWS][SERVICE][onRecvBlockNotifier]receive block number notifier,group=group0,node=2f993327933ad58672518b6d4f63920cbc68b80f78f4d81192552ee6362f5cc81ee13bdc678ad65f06e76444cadb53b33694cfb3fc7679b8000411975fedd28a,blockNumber=2400
info|2023-07-09 00:57:14.452306|[WS]receive block notify,endpoint=127.0.0.1:20201,blk={
	"blockNumber" : 2400,
	"group" : "group0",
	"nodeName" : "2f993327933ad58672518b6d4f63920cbc68b80f78f4d81192552ee6362f5cc81ee13bdc678ad65f06e76444cadb53b33694cfb3fc7679b8000411975fedd28a"
}
info|2023-07-09 00:57:14.975191|[RPC][BLOCK][NUMBER][fromJson],group=group0,node=98a7f70ec883a722219d92253cf073a72605f4087aa3443c8e4aadc0af2dc3ac647d0fa1b5ac99cd6987abafe6d690ae71cd5fd2aeeabe7589bfb4748aabdfba,blockNumber=2401
info|2023-07-09 00:57:14.975219|[RPCWS][SERVICE][onRecvBlockNotifier]receive block number notifier,group=group0,node=98a7f70ec883a722219d92253cf073a72605f4087aa3443c8e4aadc0af2dc3ac647d0fa1b5ac99cd6987abafe6d690ae71cd5fd2aeeabe7589bfb4748aabdfba,blockNumber=2401
info|2023-07-09 00:57:14.975226|[RPCWS][SERVICE][updateGroupBlockNumber],groupID=group0,_blockNumber=2401
info|2023-07-09 00:57:14.975230|[RPCWS][SERVICE][onRecvBlockNotifier]block notifier callback,group=group0,node=98a7f70ec883a722219d92253cf073a72605f4087aa3443c8e4aadc0af2dc3ac647d0fa1b5ac99cd6987abafe6d690ae71cd5fd2aeeabe7589bfb4748aabdfba,blockNumber=2401
info|2023-07-09 00:57:14.975235|[WS]receive block notify,endpoint=127.0.0.1:20200,blk={
	"blockNumber" : 2401,
	"group" : "group0",
	"nodeName" : "98a7f70ec883a722219d92253cf073a72605f4087aa3443c8e4aadc0af2dc3ac647d0fa1b5ac99cd6987abafe6d690ae71cd5fd2aeeabe7589bfb4748aabdfba"
}
info|2023-07-09 00:57:15.015914|[RPC][BLOCK][NUMBER][fromJson],group=group0,node=2f993327933ad58672518b6d4f63920cbc68b80f78f4d81192552ee6362f5cc81ee13bdc678ad65f06e76444cadb53b33694cfb3fc7679b8000411975fedd28a,blockNumber=2401
info|2023-07-09 00:57:15.015935|[RPCWS][SERVICE][onRecvBlockNotifier]receive block number notifier,group=group0,node=2f993327933ad58672518b6d4f63920cbc68b80f78f4d81192552ee6362f5cc81ee13bdc678ad65f06e76444cadb53b33694cfb3fc7679b8000411975fedd28a,blockNumber=2401
info|2023-07-09 00:57:15.015942|[WS]receive block notify,endpoint=127.0.0.1:20201,blk={
	"blockNumber" : 2401,
	"group" : "group0",
	"nodeName" : "2f993327933ad58672518b6d4f63920cbc68b80f78f4d81192552ee6362f5cc81ee13bdc678ad65f06e76444cadb53b33694cfb3fc7679b8000411975fedd28a"
}
info|2023-07-09 00:57:15.577336|[RPC][BLOCK][NUMBER][fromJson],group=group0,node=98a7f70ec883a722219d92253cf073a72605f4087aa3443c8e4aadc0af2dc3ac647d0fa1b5ac99cd6987abafe6d690ae71cd5fd2aeeabe7589bfb4748aabdfba,blockNumber=2402
info|2023-07-09 00:57:15.577366|[RPCWS][SERVICE][onRecvBlockNotifier]receive block number notifier,group=group0,node=98a7f70ec883a722219d92253cf073a72605f4087aa3443c8e4aadc0af2dc3ac647d0fa1b5ac99cd6987abafe6d690ae71cd5fd2aeeabe7589bfb4748aabdfba,blockNumber=2402
info|2023-07-09 00:57:15.577403|[RPCWS][SERVICE][updateGroupBlockNumber],groupID=group0,_blockNumber=2402
info|2023-07-09 00:57:15.577415|[RPCWS][SERVICE][onRecvBlockNotifier]block notifier callback,group=group0,node=98a7f70ec883a722219d92253cf073a72605f4087aa3443c8e4aadc0af2dc3ac647d0fa1b5ac99cd6987abafe6d690ae71cd5fd2aeeabe7589bfb4748aabdfba,blockNumber=2402
info|2023-07-09 00:57:15.577422|[WS]receive block notify,endpoint=127.0.0.1:20200,blk={
	"blockNumber" : 2402,
	"group" : "group0",
	"nodeName" : "98a7f70ec883a722219d92253cf073a72605f4087aa3443c8e4aadc0af2dc3ac647d0fa1b5ac99cd6987abafe6d690ae71cd5fd2aeeabe7589bfb4748aabdfba"
}
info|2023-07-09 00:57:15.655535|[RPC][BLOCK][NUMBER][fromJson],group=group0,node=2f993327933ad58672518b6d4f63920cbc68b80f78f4d81192552ee6362f5cc81ee13bdc678ad65f06e76444cadb53b33694cfb3fc7679b8000411975fedd28a,blockNumber=2402
info|2023-07-09 00:57:15.655557|[RPCWS][SERVICE][onRecvBlockNotifier]receive block number notifier,group=group0,node=2f993327933ad58672518b6d4f63920cbc68b80f78f4d81192552ee6362f5cc81ee13bdc678ad65f06e76444cadb53b33694cfb3fc7679b8000411975fedd28a,blockNumber=2402
info|2023-07-09 00:57:15.655564|[WS]receive block notify,endpoint=127.0.0.1:20201,blk={
	"blockNumber" : 2402,
	"group" : "group0",
	"nodeName" : "2f993327933ad58672518b6d4f63920cbc68b80f78f4d81192552ee6362f5cc81ee13bdc678ad65f06e76444cadb53b33694cfb3fc7679b8000411975fedd28a"
}
info|2023-07-09 00:57:16.135995|[RPC][BLOCK][NUMBER][fromJson],group=group0,node=98a7f70ec883a722219d92253cf073a72605f4087aa3443c8e4aadc0af2dc3ac647d0fa1b5ac99cd6987abafe6d690ae71cd5fd2aeeabe7589bfb4748aabdfba,blockNumber=2403
info|2023-07-09 00:57:16.136045|[RPCWS][SERVICE][onRecvBlockNotifier]receive block number notifier,group=group0,node=98a7f70ec883a722219d92253cf073a72605f4087aa3443c8e4aadc0af2dc3ac647d0fa1b5ac99cd6987abafe6d690ae71cd5fd2aeeabe7589bfb4748aabdfba,blockNumber=2403
info|2023-07-09 00:57:16.136054|[RPCWS][SERVICE][updateGroupBlockNumber],groupID=group0,_blockNumber=2403
info|2023-07-09 00:57:16.136060|[RPCWS][SERVICE][onRecvBlockNotifier]block notifier callback,group=group0,node=98a7f70ec883a722219d92253cf073a72605f4087aa3443c8e4aadc0af2dc3ac647d0fa1b5ac99cd6987abafe6d690ae71cd5fd2aeeabe7589bfb4748aabdfba,blockNumber=2403
info|2023-07-09 00:57:16.136097|[WS]receive block notify,endpoint=127.0.0.1:20200,blk={
	"blockNumber" : 2403,
	"group" : "group0",
	"nodeName" : "98a7f70ec883a722219d92253cf073a72605f4087aa3443c8e4aadc0af2dc3ac647d0fa1b5ac99cd6987abafe6d690ae71cd5fd2aeeabe7589bfb4748aabdfba"
}
info|2023-07-09 00:57:16.180071|[RPC][BLOCK][NUMBER][fromJson],group=group0,node=2f993327933ad58672518b6d4f63920cbc68b80f78f4d81192552ee6362f5cc81ee13bdc678ad65f06e76444cadb53b33694cfb3fc7679b8000411975fedd28a,blockNumber=2403
info|2023-07-09 00:57:16.180136|[RPCWS][SERVICE][onRecvBlockNotifier]receive block number notifier,group=group0,node=2f993327933ad58672518b6d4f63920cbc68b80f78f4d81192552ee6362f5cc81ee13bdc678ad65f06e76444cadb53b33694cfb3fc7679b8000411975fedd28a,blockNumber=2403
info|2023-07-09 00:57:16.180154|[WS]receive block notify,endpoint=127.0.0.1:20201,blk={
	"blockNumber" : 2403,
	"group" : "group0",
	"nodeName" : "2f993327933ad58672518b6d4f63920cbc68b80f78f4d81192552ee6362f5cc81ee13bdc678ad65f06e76444cadb53b33694cfb3fc7679b8000411975fedd28a"
}
info|2023-07-09 00:57:16.673091|[RPC][BLOCK][NUMBER][fromJson],group=group0,node=98a7f70ec883a722219d92253cf073a72605f4087aa3443c8e4aadc0af2dc3ac647d0fa1b5ac99cd6987abafe6d690ae71cd5fd2aeeabe7589bfb4748aabdfba,blockNumber=2404
info|2023-07-09 00:57:16.673122|[RPCWS][SERVICE][onRecvBlockNotifier]receive block number notifier,group=group0,node=98a7f70ec883a722219d92253cf073a72605f4087aa3443c8e4aadc0af2dc3ac647d0fa1b5ac99cd6987abafe6d690ae71cd5fd2aeeabe7589bfb4748aabdfba,blockNumber=2404
info|2023-07-09 00:57:16.673152|[RPCWS][SERVICE][updateGroupBlockNumber],groupID=group0,_blockNumber=2404
info|2023-07-09 00:57:16.673161|[RPCWS][SERVICE][onRecvBlockNotifier]block notifier callback,group=group0,node=98a7f70ec883a722219d92253cf073a72605f4087aa3443c8e4aadc0af2dc3ac647d0fa1b5ac99cd6987abafe6d690ae71cd5fd2aeeabe7589bfb4748aabdfba,blockNumber=2404
info|2023-07-09 00:57:16.673166|[WS]receive block notify,endpoint=127.0.0.1:20200,blk={
	"blockNumber" : 2404,
	"group" : "group0",
	"nodeName" : "98a7f70ec883a722219d92253cf073a72605f4087aa3443c8e4aadc0af2dc3ac647d0fa1b5ac99cd6987abafe6d690ae71cd5fd2aeeabe7589bfb4748aabdfba"
}
info|2023-07-09 00:57:16.709032|[RPC][BLOCK][NUMBER][fromJson],group=group0,node=2f993327933ad58672518b6d4f63920cbc68b80f78f4d81192552ee6362f5cc81ee13bdc678ad65f06e76444cadb53b33694cfb3fc7679b8000411975fedd28a,blockNumber=2404
info|2023-07-09 00:57:16.709053|[RPCWS][SERVICE][onRecvBlockNotifier]receive block number notifier,group=group0,node=2f993327933ad58672518b6d4f63920cbc68b80f78f4d81192552ee6362f5cc81ee13bdc678ad65f06e76444cadb53b33694cfb3fc7679b8000411975fedd28a,blockNumber=2404
info|2023-07-09 00:57:16.709059|[WS]receive block notify,endpoint=127.0.0.1:20201,blk={
	"blockNumber" : 2404,
	"group" : "group0",
	"nodeName" : "2f993327933ad58672518b6d4f63920cbc68b80f78f4d81192552ee6362f5cc81ee13bdc678ad65f06e76444cadb53b33694cfb3fc7679b8000411975fedd28a"
}
info|2023-07-09 00:57:17.228922|[RPC][BLOCK][NUMBER][fromJson],group=group0,node=98a7f70ec883a722219d92253cf073a72605f4087aa3443c8e4aadc0af2dc3ac647d0fa1b5ac99cd6987abafe6d690ae71cd5fd2aeeabe7589bfb4748aabdfba,blockNumber=2405
info|2023-07-09 00:57:17.228944|[RPCWS][SERVICE][onRecvBlockNotifier]receive block number notifier,group=group0,node=98a7f70ec883a722219d92253cf073a72605f4087aa3443c8e4aadc0af2dc3ac647d0fa1b5ac99cd6987abafe6d690ae71cd5fd2aeeabe7589bfb4748aabdfba,blockNumber=2405
info|2023-07-09 00:57:17.228949|[RPCWS][SERVICE][updateGroupBlockNumber],groupID=group0,_blockNumber=2405
info|2023-07-09 00:57:17.228954|[RPCWS][SERVICE][onRecvBlockNotifier]block notifier callback,group=group0,node=98a7f70ec883a722219d92253cf073a72605f4087aa3443c8e4aadc0af2dc3ac647d0fa1b5ac99cd6987abafe6d690ae71cd5fd2aeeabe7589bfb4748aabdfba,blockNumber=2405
info|2023-07-09 00:57:17.228958|[WS]receive block notify,endpoint=127.0.0.1:20200,blk={
	"blockNumber" : 2405,
	"group" : "group0",
	"nodeName" : "98a7f70ec883a722219d92253cf073a72605f4087aa3443c8e4aadc0af2dc3ac647d0fa1b5ac99cd6987abafe6d690ae71cd5fd2aeeabe7589bfb4748aabdfba"
}
info|2023-07-09 00:57:17.256017|[RPC][BLOCK][NUMBER][fromJson],group=group0,node=2f993327933ad58672518b6d4f63920cbc68b80f78f4d81192552ee6362f5cc81ee13bdc678ad65f06e76444cadb53b33694cfb3fc7679b8000411975fedd28a,blockNumber=2405
info|2023-07-09 00:57:17.256038|[RPCWS][SERVICE][onRecvBlockNotifier]receive block number notifier,group=group0,node=2f993327933ad58672518b6d4f63920cbc68b80f78f4d81192552ee6362f5cc81ee13bdc678ad65f06e76444cadb53b33694cfb3fc7679b8000411975fedd28a,blockNumber=2405
info|2023-07-09 00:57:17.256046|[WS]receive block notify,endpoint=127.0.0.1:20201,blk={
	"blockNumber" : 2405,
	"group" : "group0",
	"nodeName" : "2f993327933ad58672518b6d4f63920cbc68b80f78f4d81192552ee6362f5cc81ee13bdc678ad65f06e76444cadb53b33694cfb3fc7679b8000411975fedd28a"
}
info|2023-07-09 00:57:17.855285|[RPC][BLOCK][NUMBER][fromJson],group=group0,node=98a7f70ec883a722219d92253cf073a72605f4087aa3443c8e4aadc0af2dc3ac647d0fa1b5ac99cd6987abafe6d690ae71cd5fd2aeeabe7589bfb4748aabdfba,blockNumber=2406
info|2023-07-09 00:57:17.855329|[RPCWS][SERVICE][onRecvBlockNotifier]receive block number notifier,group=group0,node=98a7f70ec883a722219d92253cf073a72605f4087aa3443c8e4aadc0af2dc3ac647d0fa1b5ac99cd6987abafe6d690ae71cd5fd2aeeabe7589bfb4748aabdfba,blockNumber=2406
info|2023-07-09 00:57:17.855339|[RPCWS][SERVICE][updateGroupBlockNumber],groupID=group0,_blockNumber=2406
info|2023-07-09 00:57:17.855344|[RPCWS][SERVICE][onRecvBlockNotifier]block notifier callback,group=group0,node=98a7f70ec883a722219d92253cf073a72605f4087aa3443c8e4aadc0af2dc3ac647d0fa1b5ac99cd6987abafe6d690ae71cd5fd2aeeabe7589bfb4748aabdfba,blockNumber=2406
info|2023-07-09 00:57:17.855348|[WS]receive block notify,endpoint=127.0.0.1:20200,blk={
	"blockNumber" : 2406,
	"group" : "group0",
	"nodeName" : "98a7f70ec883a722219d92253cf073a72605f4087aa3443c8e4aadc0af2dc3ac647d0fa1b5ac99cd6987abafe6d690ae71cd5fd2aeeabe7589bfb4748aabdfba"
}
info|2023-07-09 00:57:17.877266|[RPC][BLOCK][NUMBER][fromJson],group=group0,node=2f993327933ad58672518b6d4f63920cbc68b80f78f4d81192552ee6362f5cc81ee13bdc678ad65f06e76444cadb53b33694cfb3fc7679b8000411975fedd28a,blockNumber=2406
info|2023-07-09 00:57:17.877300|[RPCWS][SERVICE][onRecvBlockNotifier]receive block number notifier,group=group0,node=2f993327933ad58672518b6d4f63920cbc68b80f78f4d81192552ee6362f5cc81ee13bdc678ad65f06e76444cadb53b33694cfb3fc7679b8000411975fedd28a,blockNumber=2406
info|2023-07-09 00:57:17.877310|[WS]receive block notify,endpoint=127.0.0.1:20201,blk={
	"blockNumber" : 2406,
	"group" : "group0",
	"nodeName" : "2f993327933ad58672518b6d4f63920cbc68b80f78f4d81192552ee6362f5cc81ee13bdc678ad65f06e76444cadb53b33694cfb3fc7679b8000411975fedd28a"
}
info|2023-07-09 00:57:18.397196|[RPC][BLOCK][NUMBER][fromJson],group=group0,node=98a7f70ec883a722219d92253cf073a72605f4087aa3443c8e4aadc0af2dc3ac647d0fa1b5ac99cd6987abafe6d690ae71cd5fd2aeeabe7589bfb4748aabdfba,blockNumber=2407
info|2023-07-09 00:57:18.397227|[RPCWS][SERVICE][onRecvBlockNotifier]receive block number notifier,group=group0,node=98a7f70ec883a722219d92253cf073a72605f4087aa3443c8e4aadc0af2dc3ac647d0fa1b5ac99cd6987abafe6d690ae71cd5fd2aeeabe7589bfb4748aabdfba,blockNumber=2407
info|2023-07-09 00:57:18.397236|[RPCWS][SERVICE][updateGroupBlockNumber],groupID=group0,_blockNumber=2407
info|2023-07-09 00:57:18.397243|[RPCWS][SERVICE][onRecvBlockNotifier]block notifier callback,group=group0,node=98a7f70ec883a722219d92253cf073a72605f4087aa3443c8e4aadc0af2dc3ac647d0fa1b5ac99cd6987abafe6d690ae71cd5fd2aeeabe7589bfb4748aabdfba,blockNumber=2407
info|2023-07-09 00:57:18.397251|[WS]receive block notify,endpoint=127.0.0.1:20200,blk={
	"blockNumber" : 2407,
	"group" : "group0",
	"nodeName" : "98a7f70ec883a722219d92253cf073a72605f4087aa3443c8e4aadc0af2dc3ac647d0fa1b5ac99cd6987abafe6d690ae71cd5fd2aeeabe7589bfb4748aabdfba"
}
info|2023-07-09 00:57:18.444975|[RPC][BLOCK][NUMBER][fromJson],group=group0,node=2f993327933ad58672518b6d4f63920cbc68b80f78f4d81192552ee6362f5cc81ee13bdc678ad65f06e76444cadb53b33694cfb3fc7679b8000411975fedd28a,blockNumber=2407
info|2023-07-09 00:57:18.445015|[RPCWS][SERVICE][onRecvBlockNotifier]receive block number notifier,group=group0,node=2f993327933ad58672518b6d4f63920cbc68b80f78f4d81192552ee6362f5cc81ee13bdc678ad65f06e76444cadb53b33694cfb3fc7679b8000411975fedd28a,blockNumber=2407
info|2023-07-09 00:57:18.445027|[WS]receive block notify,endpoint=127.0.0.1:20201,blk={
	"blockNumber" : 2407,
	"group" : "group0",
	"nodeName" : "2f993327933ad58672518b6d4f63920cbc68b80f78f4d81192552ee6362f5cc81ee13bdc678ad65f06e76444cadb53b33694cfb3fc7679b8000411975fedd28a"
}
info|2023-07-09 00:57:18.915440|[RPC][BLOCK][NUMBER][fromJson],group=group0,node=98a7f70ec883a722219d92253cf073a72605f4087aa3443c8e4aadc0af2dc3ac647d0fa1b5ac99cd6987abafe6d690ae71cd5fd2aeeabe7589bfb4748aabdfba,blockNumber=2408
info|2023-07-09 00:57:18.915475|[RPCWS][SERVICE][onRecvBlockNotifier]receive block number notifier,group=group0,node=98a7f70ec883a722219d92253cf073a72605f4087aa3443c8e4aadc0af2dc3ac647d0fa1b5ac99cd6987abafe6d690ae71cd5fd2aeeabe7589bfb4748aabdfba,blockNumber=2408
info|2023-07-09 00:57:18.915484|[RPCWS][SERVICE][updateGroupBlockNumber],groupID=group0,_blockNumber=2408
info|2023-07-09 00:57:18.915492|[RPCWS][SERVICE][onRecvBlockNotifier]block notifier callback,group=group0,node=98a7f70ec883a722219d92253cf073a72605f4087aa3443c8e4aadc0af2dc3ac647d0fa1b5ac99cd6987abafe6d690ae71cd5fd2aeeabe7589bfb4748aabdfba,blockNumber=2408
info|2023-07-09 00:57:18.915499|[WS]receive block notify,endpoint=127.0.0.1:20200,blk={
	"blockNumber" : 2408,
	"group" : "group0",
	"nodeName" : "98a7f70ec883a722219d92253cf073a72605f4087aa3443c8e4aadc0af2dc3ac647d0fa1b5ac99cd6987abafe6d690ae71cd5fd2aeeabe7589bfb4748aabdfba"
}
info|2023-07-09 00:57:18.997906|[RPC][BLOCK][NUMBER][fromJson],group=group0,node=2f993327933ad58672518b6d4f63920cbc68b80f78f4d81192552ee6362f5cc81ee13bdc678ad65f06e76444cadb53b33694cfb3fc7679b8000411975fedd28a,blockNumber=2408
info|2023-07-09 00:57:18.997935|[RPCWS][SERVICE][onRecvBlockNotifier]receive block number notifier,group=group0,node=2f993327933ad58672518b6d4f63920cbc68b80f78f4d81192552ee6362f5cc81ee13bdc678ad65f06e76444cadb53b33694cfb3fc7679b8000411975fedd28a,blockNumber=2408
info|2023-07-09 00:57:18.997944|[WS]receive block notify,endpoint=127.0.0.1:20201,blk={
	"blockNumber" : 2408,
	"group" : "group0",
	"nodeName" : "2f993327933ad58672518b6d4f63920cbc68b80f78f4d81192552ee6362f5cc81ee13bdc678ad65f06e76444cadb53b33694cfb3fc7679b8000411975fedd28a"
}
info|2023-07-09 00:57:19.450943|[RPC][BLOCK][NUMBER][fromJson],group=group0,node=98a7f70ec883a722219d92253cf073a72605f4087aa3443c8e4aadc0af2dc3ac647d0fa1b5ac99cd6987abafe6d690ae71cd5fd2aeeabe7589bfb4748aabdfba,blockNumber=2409
info|2023-07-09 00:57:19.450991|[RPCWS][SERVICE][onRecvBlockNotifier]receive block number notifier,group=group0,node=98a7f70ec883a722219d92253cf073a72605f4087aa3443c8e4aadc0af2dc3ac647d0fa1b5ac99cd6987abafe6d690ae71cd5fd2aeeabe7589bfb4748aabdfba,blockNumber=2409
info|2023-07-09 00:57:19.451001|[RPCWS][SERVICE][updateGroupBlockNumber],groupID=group0,_blockNumber=2409
info|2023-07-09 00:57:19.451007|[RPCWS][SERVICE][onRecvBlockNotifier]block notifier callback,group=group0,node=98a7f70ec883a722219d92253cf073a72605f4087aa3443c8e4aadc0af2dc3ac647d0fa1b5ac99cd6987abafe6d690ae71cd5fd2aeeabe7589bfb4748aabdfba,blockNumber=2409
info|2023-07-09 00:57:19.451013|[WS]receive block notify,endpoint=127.0.0.1:20200,blk={
	"blockNumber" : 2409,
	"group" : "group0",
	"nodeName" : "98a7f70ec883a722219d92253cf073a72605f4087aa3443c8e4aadc0af2dc3ac647d0fa1b5ac99cd6987abafe6d690ae71cd5fd2aeeabe7589bfb4748aabdfba"
}
info|2023-07-09 00:57:19.528698|[RPC][BLOCK][NUMBER][fromJson],group=group0,node=2f993327933ad58672518b6d4f63920cbc68b80f78f4d81192552ee6362f5cc81ee13bdc678ad65f06e76444cadb53b33694cfb3fc7679b8000411975fedd28a,blockNumber=2409
info|2023-07-09 00:57:19.528725|[RPCWS][SERVICE][onRecvBlockNotifier]receive block number notifier,group=group0,node=2f993327933ad58672518b6d4f63920cbc68b80f78f4d81192552ee6362f5cc81ee13bdc678ad65f06e76444cadb53b33694cfb3fc7679b8000411975fedd28a,blockNumber=2409
info|2023-07-09 00:57:19.528735|[WS]receive block notify,endpoint=127.0.0.1:20201,blk={
	"blockNumber" : 2409,
	"group" : "group0",
	"nodeName" : "2f993327933ad58672518b6d4f63920cbc68b80f78f4d81192552ee6362f5cc81ee13bdc678ad65f06e76444cadb53b33694cfb3fc7679b8000411975fedd28a"
}
info|2023-07-09 00:57:20.105037|[RPC][BLOCK][NUMBER][fromJson],group=group0,node=98a7f70ec883a722219d92253cf073a72605f4087aa3443c8e4aadc0af2dc3ac647d0fa1b5ac99cd6987abafe6d690ae71cd5fd2aeeabe7589bfb4748aabdfba,blockNumber=2410
info|2023-07-09 00:57:20.105070|[RPCWS][SERVICE][onRecvBlockNotifier]receive block number notifier,group=group0,node=98a7f70ec883a722219d92253cf073a72605f4087aa3443c8e4aadc0af2dc3ac647d0fa1b5ac99cd6987abafe6d690ae71cd5fd2aeeabe7589bfb4748aabdfba,blockNumber=2410
info|2023-07-09 00:57:20.105078|[RPCWS][SERVICE][updateGroupBlockNumber],groupID=group0,_blockNumber=2410
info|2023-07-09 00:57:20.105086|[RPCWS][SERVICE][onRecvBlockNotifier]block notifier callback,group=group0,node=98a7f70ec883a722219d92253cf073a72605f4087aa3443c8e4aadc0af2dc3ac647d0fa1b5ac99cd6987abafe6d690ae71cd5fd2aeeabe7589bfb4748aabdfba,blockNumber=2410
info|2023-07-09 00:57:20.105092|[WS]receive block notify,endpoint=127.0.0.1:20200,blk={
	"blockNumber" : 2410,
	"group" : "group0",
	"nodeName" : "98a7f70ec883a722219d92253cf073a72605f4087aa3443c8e4aadc0af2dc3ac647d0fa1b5ac99cd6987abafe6d690ae71cd5fd2aeeabe7589bfb4748aabdfba"
}
info|2023-07-09 00:57:20.177798|[RPC][BLOCK][NUMBER][fromJson],group=group0,node=2f993327933ad58672518b6d4f63920cbc68b80f78f4d81192552ee6362f5cc81ee13bdc678ad65f06e76444cadb53b33694cfb3fc7679b8000411975fedd28a,blockNumber=2410
info|2023-07-09 00:57:20.177869|[RPCWS][SERVICE][onRecvBlockNotifier]receive block number notifier,group=group0,node=2f993327933ad58672518b6d4f63920cbc68b80f78f4d81192552ee6362f5cc81ee13bdc678ad65f06e76444cadb53b33694cfb3fc7679b8000411975fedd28a,blockNumber=2410
info|2023-07-09 00:57:20.177876|[WS]receive block notify,endpoint=127.0.0.1:20201,blk={
	"blockNumber" : 2410,
	"group" : "group0",
	"nodeName" : "2f993327933ad58672518b6d4f63920cbc68b80f78f4d81192552ee6362f5cc81ee13bdc678ad65f06e76444cadb53b33694cfb3fc7679b8000411975fedd28a"
}
info|2023-07-09 00:57:20.641799|[RPC][BLOCK][NUMBER][fromJson],group=group0,node=98a7f70ec883a722219d92253cf073a72605f4087aa3443c8e4aadc0af2dc3ac647d0fa1b5ac99cd6987abafe6d690ae71cd5fd2aeeabe7589bfb4748aabdfba,blockNumber=2411
info|2023-07-09 00:57:20.641888|[RPCWS][SERVICE][onRecvBlockNotifier]receive block number notifier,group=group0,node=98a7f70ec883a722219d92253cf073a72605f4087aa3443c8e4aadc0af2dc3ac647d0fa1b5ac99cd6987abafe6d690ae71cd5fd2aeeabe7589bfb4748aabdfba,blockNumber=2411
info|2023-07-09 00:57:20.641902|[RPCWS][SERVICE][updateGroupBlockNumber],groupID=group0,_blockNumber=2411
info|2023-07-09 00:57:20.641909|[RPCWS][SERVICE][onRecvBlockNotifier]block notifier callback,group=group0,node=98a7f70ec883a722219d92253cf073a72605f4087aa3443c8e4aadc0af2dc3ac647d0fa1b5ac99cd6987abafe6d690ae71cd5fd2aeeabe7589bfb4748aabdfba,blockNumber=2411
info|2023-07-09 00:57:20.641919|[WS]receive block notify,endpoint=127.0.0.1:20200,blk={
	"blockNumber" : 2411,
	"group" : "group0",
	"nodeName" : "98a7f70ec883a722219d92253cf073a72605f4087aa3443c8e4aadc0af2dc3ac647d0fa1b5ac99cd6987abafe6d690ae71cd5fd2aeeabe7589bfb4748aabdfba"
}
info|2023-07-09 00:57:20.689302|[RPC][BLOCK][NUMBER][fromJson],group=group0,node=2f993327933ad58672518b6d4f63920cbc68b80f78f4d81192552ee6362f5cc81ee13bdc678ad65f06e76444cadb53b33694cfb3fc7679b8000411975fedd28a,blockNumber=2411
info|2023-07-09 00:57:20.689354|[RPCWS][SERVICE][onRecvBlockNotifier]receive block number notifier,group=group0,node=2f993327933ad58672518b6d4f63920cbc68b80f78f4d81192552ee6362f5cc81ee13bdc678ad65f06e76444cadb53b33694cfb3fc7679b8000411975fedd28a,blockNumber=2411
info|2023-07-09 00:57:20.689366|[WS]receive block notify,endpoint=127.0.0.1:20201,blk={
	"blockNumber" : 2411,
	"group" : "group0",
	"nodeName" : "2f993327933ad58672518b6d4f63920cbc68b80f78f4d81192552ee6362f5cc81ee13bdc678ad65f06e76444cadb53b33694cfb3fc7679b8000411975fedd28a"
}
info|2023-07-09 00:57:21.222359|[RPC][BLOCK][NUMBER][fromJson],group=group0,node=98a7f70ec883a722219d92253cf073a72605f4087aa3443c8e4aadc0af2dc3ac647d0fa1b5ac99cd6987abafe6d690ae71cd5fd2aeeabe7589bfb4748aabdfba,blockNumber=2412
info|2023-07-09 00:57:21.222431|[RPCWS][SERVICE][onRecvBlockNotifier]receive block number notifier,group=group0,node=98a7f70ec883a722219d92253cf073a72605f4087aa3443c8e4aadc0af2dc3ac647d0fa1b5ac99cd6987abafe6d690ae71cd5fd2aeeabe7589bfb4748aabdfba,blockNumber=2412
info|2023-07-09 00:57:21.222440|[RPCWS][SERVICE][updateGroupBlockNumber],groupID=group0,_blockNumber=2412
info|2023-07-09 00:57:21.222475|[RPCWS][SERVICE][onRecvBlockNotifier]block notifier callback,group=group0,node=98a7f70ec883a722219d92253cf073a72605f4087aa3443c8e4aadc0af2dc3ac647d0fa1b5ac99cd6987abafe6d690ae71cd5fd2aeeabe7589bfb4748aabdfba,blockNumber=2412
info|2023-07-09 00:57:21.222485|[WS]receive block notify,endpoint=127.0.0.1:20200,blk={
	"blockNumber" : 2412,
	"group" : "group0",
	"nodeName" : "98a7f70ec883a722219d92253cf073a72605f4087aa3443c8e4aadc0af2dc3ac647d0fa1b5ac99cd6987abafe6d690ae71cd5fd2aeeabe7589bfb4748aabdfba"
}
info|2023-07-09 00:57:21.275109|[RPC][BLOCK][NUMBER][fromJson],group=group0,node=2f993327933ad58672518b6d4f63920cbc68b80f78f4d81192552ee6362f5cc81ee13bdc678ad65f06e76444cadb53b33694cfb3fc7679b8000411975fedd28a,blockNumber=2412
info|2023-07-09 00:57:21.275224|[RPCWS][SERVICE][onRecvBlockNotifier]receive block number notifier,group=group0,node=2f993327933ad58672518b6d4f63920cbc68b80f78f4d81192552ee6362f5cc81ee13bdc678ad65f06e76444cadb53b33694cfb3fc7679b8000411975fedd28a,blockNumber=2412
info|2023-07-09 00:57:21.275250|[WS]receive block notify,endpoint=127.0.0.1:20201,blk={
	"blockNumber" : 2412,
	"group" : "group0",
	"nodeName" : "2f993327933ad58672518b6d4f63920cbc68b80f78f4d81192552ee6362f5cc81ee13bdc678ad65f06e76444cadb53b33694cfb3fc7679b8000411975fedd28a"
}
info|2023-07-09 00:57:21.722296|[RPC][BLOCK][NUMBER][fromJson],group=group0,node=2f993327933ad58672518b6d4f63920cbc68b80f78f4d81192552ee6362f5cc81ee13bdc678ad65f06e76444cadb53b33694cfb3fc7679b8000411975fedd28a,blockNumber=2413
info|2023-07-09 00:57:21.722379|[RPCWS][SERVICE][onRecvBlockNotifier]receive block number notifier,group=group0,node=2f993327933ad58672518b6d4f63920cbc68b80f78f4d81192552ee6362f5cc81ee13bdc678ad65f06e76444cadb53b33694cfb3fc7679b8000411975fedd28a,blockNumber=2413
info|2023-07-09 00:57:21.722392|[RPCWS][SERVICE][updateGroupBlockNumber],groupID=group0,_blockNumber=2413
info|2023-07-09 00:57:21.722398|[RPCWS][SERVICE][onRecvBlockNotifier]block notifier callback,group=group0,node=2f993327933ad58672518b6d4f63920cbc68b80f78f4d81192552ee6362f5cc81ee13bdc678ad65f06e76444cadb53b33694cfb3fc7679b8000411975fedd28a,blockNumber=2413
info|2023-07-09 00:57:21.722402|[WS]receive block notify,endpoint=127.0.0.1:20201,blk={
	"blockNumber" : 2413,
	"group" : "group0",
	"nodeName" : "2f993327933ad58672518b6d4f63920cbc68b80f78f4d81192552ee6362f5cc81ee13bdc678ad65f06e76444cadb53b33694cfb3fc7679b8000411975fedd28a"
}
info|2023-07-09 00:57:21.726235|[RPC][BLOCK][NUMBER][fromJson],group=group0,node=98a7f70ec883a722219d92253cf073a72605f4087aa3443c8e4aadc0af2dc3ac647d0fa1b5ac99cd6987abafe6d690ae71cd5fd2aeeabe7589bfb4748aabdfba,blockNumber=2413
info|2023-07-09 00:57:21.726258|[RPCWS][SERVICE][onRecvBlockNotifier]receive block number notifier,group=group0,node=98a7f70ec883a722219d92253cf073a72605f4087aa3443c8e4aadc0af2dc3ac647d0fa1b5ac99cd6987abafe6d690ae71cd5fd2aeeabe7589bfb4748aabdfba,blockNumber=2413
info|2023-07-09 00:57:21.726267|[WS]receive block notify,endpoint=127.0.0.1:20200,blk={
	"blockNumber" : 2413,
	"group" : "group0",
	"nodeName" : "98a7f70ec883a722219d92253cf073a72605f4087aa3443c8e4aadc0af2dc3ac647d0fa1b5ac99cd6987abafe6d690ae71cd5fd2aeeabe7589bfb4748aabdfba"
}
info|2023-07-09 00:57:22.299772|[RPC][BLOCK][NUMBER][fromJson],group=group0,node=98a7f70ec883a722219d92253cf073a72605f4087aa3443c8e4aadc0af2dc3ac647d0fa1b5ac99cd6987abafe6d690ae71cd5fd2aeeabe7589bfb4748aabdfba,blockNumber=2414
info|2023-07-09 00:57:22.299799|[RPCWS][SERVICE][onRecvBlockNotifier]receive block number notifier,group=group0,node=98a7f70ec883a722219d92253cf073a72605f4087aa3443c8e4aadc0af2dc3ac647d0fa1b5ac99cd6987abafe6d690ae71cd5fd2aeeabe7589bfb4748aabdfba,blockNumber=2414
info|2023-07-09 00:57:22.299807|[RPCWS][SERVICE][updateGroupBlockNumber],groupID=group0,_blockNumber=2414
info|2023-07-09 00:57:22.299814|[RPCWS][SERVICE][onRecvBlockNotifier]block notifier callback,group=group0,node=98a7f70ec883a722219d92253cf073a72605f4087aa3443c8e4aadc0af2dc3ac647d0fa1b5ac99cd6987abafe6d690ae71cd5fd2aeeabe7589bfb4748aabdfba,blockNumber=2414
info|2023-07-09 00:57:22.299820|[WS]receive block notify,endpoint=127.0.0.1:20200,blk={
	"blockNumber" : 2414,
	"group" : "group0",
	"nodeName" : "98a7f70ec883a722219d92253cf073a72605f4087aa3443c8e4aadc0af2dc3ac647d0fa1b5ac99cd6987abafe6d690ae71cd5fd2aeeabe7589bfb4748aabdfba"
}
info|2023-07-09 00:57:22.329291|[RPC][BLOCK][NUMBER][fromJson],group=group0,node=2f993327933ad58672518b6d4f63920cbc68b80f78f4d81192552ee6362f5cc81ee13bdc678ad65f06e76444cadb53b33694cfb3fc7679b8000411975fedd28a,blockNumber=2414
info|2023-07-09 00:57:22.329331|[RPCWS][SERVICE][onRecvBlockNotifier]receive block number notifier,group=group0,node=2f993327933ad58672518b6d4f63920cbc68b80f78f4d81192552ee6362f5cc81ee13bdc678ad65f06e76444cadb53b33694cfb3fc7679b8000411975fedd28a,blockNumber=2414
info|2023-07-09 00:57:22.329340|[WS]receive block notify,endpoint=127.0.0.1:20201,blk={
	"blockNumber" : 2414,
	"group" : "group0",
	"nodeName" : "2f993327933ad58672518b6d4f63920cbc68b80f78f4d81192552ee6362f5cc81ee13bdc678ad65f06e76444cadb53b33694cfb3fc7679b8000411975fedd28a"
}
info|2023-07-09 00:57:30.011231|[EVENT][SUB][doLoop]event sub tasks report,working event sub count=0,suspend event sub count=0
info|2023-07-09 00:57:30.577480|[SDK][WS][SERVICE]connected nodes,count=2
info|2023-07-09 00:57:50.011466|[EVENT][SUB][doLoop]event sub tasks report,working event sub count=0,suspend event sub count=0
info|2023-07-09 00:57:50.577606|[SDK][WS][SERVICE]connected nodes,count=2
info|2023-07-09 00:58:10.012240|[EVENT][SUB][doLoop]event sub tasks report,working event sub count=0,suspend event sub count=0
info|2023-07-09 00:58:10.577759|[SDK][WS][SERVICE]connected nodes,count=2
info|2023-07-09 00:58:30.012652|[EVENT][SUB][doLoop]event sub tasks report,working event sub count=0,suspend event sub count=0
info|2023-07-09 00:58:30.578473|[SDK][WS][SERVICE]connected nodes,count=2
info|2023-07-09 00:58:50.013149|[EVENT][SUB][doLoop]event sub tasks report,working event sub count=0,suspend event sub count=0
info|2023-07-09 00:58:50.578720|[SDK][WS][SERVICE]connected nodes,count=2
info|2023-07-09 00:59:10.013400|[EVENT][SUB][doLoop]event sub tasks report,working event sub count=0,suspend event sub count=0
info|2023-07-09 00:59:10.579008|[SDK][WS][SERVICE]connected nodes,count=2
info|2023-07-09 00:59:30.013608|[EVENT][SUB][doLoop]event sub tasks report,working event sub count=0,suspend event sub count=0
info|2023-07-09 00:59:30.579453|[SDK][WS][SERVICE]connected nodes,count=2
info|2023-07-09 00:59:50.013712|[EVENT][SUB][doLoop]event sub tasks report,working event sub count=0,suspend event sub count=0
info|2023-07-09 00:59:50.579578|[SDK][WS][SERVICE]connected nodes,count=2
