info|2023-07-08 08:00:07.134188|[EVENT][SUB][doLoop]event sub tasks report,working event sub count=0,suspend event sub count=0
info|2023-07-08 08:00:07.159214|[SDK][WS][SERVICE]connected nodes,count=2
info|2023-07-08 08:00:27.134367|[EVENT][SUB][doLoop]event sub tasks report,working event sub count=0,suspend event sub count=0
info|2023-07-08 08:00:27.159685|[SDK][WS][SERVICE]connected nodes,count=2
info|2023-07-08 08:00:47.135296|[EVENT][SUB][doLoop]event sub tasks report,working event sub count=0,suspend event sub count=0
info|2023-07-08 08:00:47.160200|[SDK][WS][SERVICE]connected nodes,count=2
info|2023-07-08 08:01:07.135527|[EVENT][SUB][doLoop]event sub tasks report,working event sub count=0,suspend event sub count=0
info|2023-07-08 08:01:07.160635|[SDK][WS][SERVICE]connected nodes,count=2
info|2023-07-08 08:01:27.135592|[EVENT][SUB][doLoop]event sub tasks report,working event sub count=0,suspend event sub count=0
info|2023-07-08 08:01:27.161119|[SDK][WS][SERVICE]connected nodes,count=2
info|2023-07-08 08:01:47.136204|[EVENT][SUB][doLoop]event sub tasks report,working event sub count=0,suspend event sub count=0
info|2023-07-08 08:01:47.161623|[SDK][WS][SERVICE]connected nodes,count=2
info|2023-07-08 08:02:07.136909|[EVENT][SUB][doLoop]event sub tasks report,working event sub count=0,suspend event sub count=0
info|2023-07-08 08:02:07.162050|[SDK][WS][SERVICE]connected nodes,count=2
info|2023-07-08 08:02:27.137280|[EVENT][SUB][doLoop]event sub tasks report,working event sub count=0,suspend event sub count=0
info|2023-07-08 08:02:27.162410|[SDK][WS][SERVICE]connected nodes,count=2
info|2023-07-08 08:02:47.137883|[EVENT][SUB][doLoop]event sub tasks report,working event sub count=0,suspend event sub count=0
info|2023-07-08 08:02:47.163102|[SDK][WS][SERVICE]connected nodes,count=2
info|2023-07-08 08:03:07.138531|[EVENT][SUB][doLoop]event sub tasks report,working event sub count=0,suspend event sub count=0
info|2023-07-08 08:03:07.163451|[SDK][WS][SERVICE]connected nodes,count=2
info|2023-07-08 08:03:27.139146|[EVENT][SUB][doLoop]event sub tasks report,working event sub count=0,suspend event sub count=0
info|2023-07-08 08:03:27.163569|[SDK][WS][SERVICE]connected nodes,count=2
info|2023-07-08 08:03:47.139297|[EVENT][SUB][doLoop]event sub tasks report,working event sub count=0,suspend event sub count=0
info|2023-07-08 08:03:47.163772|[SDK][WS][SERVICE]connected nodes,count=2
info|2023-07-08 08:04:07.139631|[EVENT][SUB][doLoop]event sub tasks report,working event sub count=0,suspend event sub count=0
info|2023-07-08 08:04:07.164273|[SDK][WS][SERVICE]connected nodes,count=2
info|2023-07-08 08:04:27.139773|[EVENT][SUB][doLoop]event sub tasks report,working event sub count=0,suspend event sub count=0
info|2023-07-08 08:04:27.164540|[SDK][WS][SERVICE]connected nodes,count=2
info|2023-07-08 08:04:47.139942|[EVENT][SUB][doLoop]event sub tasks report,working event sub count=0,suspend event sub count=0
info|2023-07-08 08:04:47.164969|[SDK][WS][SERVICE]connected nodes,count=2
info|2023-07-08 08:05:07.140144|[EVENT][SUB][doLoop]event sub tasks report,working event sub count=0,suspend event sub count=0
info|2023-07-08 08:05:07.165451|[SDK][WS][SERVICE]connected nodes,count=2
info|2023-07-08 08:05:27.140618|[EVENT][SUB][doLoop]event sub tasks report,working event sub count=0,suspend event sub count=0
info|2023-07-08 08:05:27.166377|[SDK][WS][SERVICE]connected nodes,count=2
info|2023-07-08 08:05:47.140917|[EVENT][SUB][doLoop]event sub tasks report,working event sub count=0,suspend event sub count=0
info|2023-07-08 08:05:47.167052|[SDK][WS][SERVICE]connected nodes,count=2
info|2023-07-08 08:06:07.141743|[EVENT][SUB][doLoop]event sub tasks report,working event sub count=0,suspend event sub count=0
info|2023-07-08 08:06:07.167445|[SDK][WS][SERVICE]connected nodes,count=2
info|2023-07-08 08:06:27.141807|[EVENT][SUB][doLoop]event sub tasks report,working event sub count=0,suspend event sub count=0
info|2023-07-08 08:06:27.167624|[SDK][WS][SERVICE]connected nodes,count=2
info|2023-07-08 08:06:47.142479|[EVENT][SUB][doLoop]event sub tasks report,working event sub count=0,suspend event sub count=0
info|2023-07-08 08:06:47.167864|[SDK][WS][SERVICE]connected nodes,count=2
info|2023-07-08 08:07:07.142751|[EVENT][SUB][doLoop]event sub tasks report,working event sub count=0,suspend event sub count=0
info|2023-07-08 08:07:07.168223|[SDK][WS][SERVICE]connected nodes,count=2
info|2023-07-08 08:07:27.143002|[EVENT][SUB][doLoop]event sub tasks report,working event sub count=0,suspend event sub count=0
info|2023-07-08 08:07:27.176412|[SDK][WS][SERVICE]connected nodes,count=2
info|2023-07-08 08:07:47.143256|[EVENT][SUB][doLoop]event sub tasks report,working event sub count=0,suspend event sub count=0
info|2023-07-08 08:07:47.177056|[SDK][WS][SERVICE]connected nodes,count=2
info|2023-07-08 08:08:07.143866|[EVENT][SUB][doLoop]event sub tasks report,working event sub count=0,suspend event sub count=0
info|2023-07-08 08:08:07.177254|[SDK][WS][SERVICE]connected nodes,count=2
info|2023-07-08 08:08:27.143984|[EVENT][SUB][doLoop]event sub tasks report,working event sub count=0,suspend event sub count=0
info|2023-07-08 08:08:27.177654|[SDK][WS][SERVICE]connected nodes,count=2
info|2023-07-08 08:08:47.144355|[EVENT][SUB][doLoop]event sub tasks report,working event sub count=0,suspend event sub count=0
info|2023-07-08 08:08:47.178207|[SDK][WS][SERVICE]connected nodes,count=2
info|2023-07-08 08:09:07.145098|[EVENT][SUB][doLoop]event sub tasks report,working event sub count=0,suspend event sub count=0
info|2023-07-08 08:09:07.178615|[SDK][WS][SERVICE]connected nodes,count=2
info|2023-07-08 08:09:27.145445|[EVENT][SUB][doLoop]event sub tasks report,working event sub count=0,suspend event sub count=0
info|2023-07-08 08:09:27.178915|[SDK][WS][SERVICE]connected nodes,count=2
info|2023-07-08 08:09:47.145521|[EVENT][SUB][doLoop]event sub tasks report,working event sub count=0,suspend event sub count=0
info|2023-07-08 08:09:47.179325|[SDK][WS][SERVICE]connected nodes,count=2
info|2023-07-08 08:10:07.145699|[EVENT][SUB][doLoop]event sub tasks report,working event sub count=0,suspend event sub count=0
info|2023-07-08 08:10:07.179547|[SDK][WS][SERVICE]connected nodes,count=2
info|2023-07-08 08:10:27.146118|[EVENT][SUB][doLoop]event sub tasks report,working event sub count=0,suspend event sub count=0
info|2023-07-08 08:10:27.179912|[SDK][WS][SERVICE]connected nodes,count=2
info|2023-07-08 08:10:47.146775|[EVENT][SUB][doLoop]event sub tasks report,working event sub count=0,suspend event sub count=0
info|2023-07-08 08:10:47.180079|[SDK][WS][SERVICE]connected nodes,count=2
info|2023-07-08 08:11:07.147358|[EVENT][SUB][doLoop]event sub tasks report,working event sub count=0,suspend event sub count=0
info|2023-07-08 08:11:07.180447|[SDK][WS][SERVICE]connected nodes,count=2
info|2023-07-08 08:11:27.147491|[EVENT][SUB][doLoop]event sub tasks report,working event sub count=0,suspend event sub count=0
info|2023-07-08 08:11:27.180789|[SDK][WS][SERVICE]connected nodes,count=2
info|2023-07-08 08:11:47.147715|[EVENT][SUB][doLoop]event sub tasks report,working event sub count=0,suspend event sub count=0
info|2023-07-08 08:11:47.180958|[SDK][WS][SERVICE]connected nodes,count=2
info|2023-07-08 08:12:07.147766|[EVENT][SUB][doLoop]event sub tasks report,working event sub count=0,suspend event sub count=0
info|2023-07-08 08:12:07.181554|[SDK][WS][SERVICE]connected nodes,count=2
info|2023-07-08 08:12:27.147801|[EVENT][SUB][doLoop]event sub tasks report,working event sub count=0,suspend event sub count=0
info|2023-07-08 08:12:27.181765|[SDK][WS][SERVICE]connected nodes,count=2
info|2023-07-08 08:12:47.147898|[EVENT][SUB][doLoop]event sub tasks report,working event sub count=0,suspend event sub count=0
info|2023-07-08 08:12:47.182016|[SDK][WS][SERVICE]connected nodes,count=2
info|2023-07-08 08:13:07.148088|[EVENT][SUB][doLoop]event sub tasks report,working event sub count=0,suspend event sub count=0
info|2023-07-08 08:13:07.182500|[SDK][WS][SERVICE]connected nodes,count=2
info|2023-07-08 08:13:27.148365|[EVENT][SUB][doLoop]event sub tasks report,working event sub count=0,suspend event sub count=0
info|2023-07-08 08:13:27.184283|[SDK][WS][SERVICE]connected nodes,count=2
info|2023-07-08 08:13:47.148656|[EVENT][SUB][doLoop]event sub tasks report,working event sub count=0,suspend event sub count=0
info|2023-07-08 08:13:47.184543|[SDK][WS][SERVICE]connected nodes,count=2
info|2023-07-08 08:14:07.148721|[EVENT][SUB][doLoop]event sub tasks report,working event sub count=0,suspend event sub count=0
info|2023-07-08 08:14:07.185375|[SDK][WS][SERVICE]connected nodes,count=2
info|2023-07-08 08:14:27.148972|[EVENT][SUB][doLoop]event sub tasks report,working event sub count=0,suspend event sub count=0
info|2023-07-08 08:14:27.186120|[SDK][WS][SERVICE]connected nodes,count=2
info|2023-07-08 08:14:47.149006|[EVENT][SUB][doLoop]event sub tasks report,working event sub count=0,suspend event sub count=0
info|2023-07-08 08:14:47.186411|[SDK][WS][SERVICE]connected nodes,count=2
info|2023-07-08 08:15:07.149429|[EVENT][SUB][doLoop]event sub tasks report,working event sub count=0,suspend event sub count=0
info|2023-07-08 08:15:07.186570|[SDK][WS][SERVICE]connected nodes,count=2
info|2023-07-08 08:15:27.150012|[EVENT][SUB][doLoop]event sub tasks report,working event sub count=0,suspend event sub count=0
info|2023-07-08 08:15:27.187152|[SDK][WS][SERVICE]connected nodes,count=2
info|2023-07-08 08:15:47.150700|[EVENT][SUB][doLoop]event sub tasks report,working event sub count=0,suspend event sub count=0
info|2023-07-08 08:15:47.187314|[SDK][WS][SERVICE]connected nodes,count=2
info|2023-07-08 08:16:07.151216|[EVENT][SUB][doLoop]event sub tasks report,working event sub count=0,suspend event sub count=0
info|2023-07-08 08:16:07.187873|[SDK][WS][SERVICE]connected nodes,count=2
info|2023-07-08 08:16:27.151817|[EVENT][SUB][doLoop]event sub tasks report,working event sub count=0,suspend event sub count=0
info|2023-07-08 08:16:27.188154|[SDK][WS][SERVICE]connected nodes,count=2
info|2023-07-08 08:16:47.152154|[EVENT][SUB][doLoop]event sub tasks report,working event sub count=0,suspend event sub count=0
info|2023-07-08 08:16:47.188391|[SDK][WS][SERVICE]connected nodes,count=2
info|2023-07-08 08:17:07.152342|[EVENT][SUB][doLoop]event sub tasks report,working event sub count=0,suspend event sub count=0
info|2023-07-08 08:17:07.188534|[SDK][WS][SERVICE]connected nodes,count=2
info|2023-07-08 08:17:27.152723|[EVENT][SUB][doLoop]event sub tasks report,working event sub count=0,suspend event sub count=0
info|2023-07-08 08:17:27.188873|[SDK][WS][SERVICE]connected nodes,count=2
info|2023-07-08 08:17:47.152965|[EVENT][SUB][doLoop]event sub tasks report,working event sub count=0,suspend event sub count=0
info|2023-07-08 08:17:47.189302|[SDK][WS][SERVICE]connected nodes,count=2
info|2023-07-08 08:18:07.153075|[EVENT][SUB][doLoop]event sub tasks report,working event sub count=0,suspend event sub count=0
info|2023-07-08 08:18:07.189527|[SDK][WS][SERVICE]connected nodes,count=2
info|2023-07-08 08:18:27.153714|[EVENT][SUB][doLoop]event sub tasks report,working event sub count=0,suspend event sub count=0
info|2023-07-08 08:18:27.189810|[SDK][WS][SERVICE]connected nodes,count=2
info|2023-07-08 08:18:47.153894|[EVENT][SUB][doLoop]event sub tasks report,working event sub count=0,suspend event sub count=0
info|2023-07-08 08:18:47.189943|[SDK][WS][SERVICE]connected nodes,count=2
info|2023-07-08 08:19:07.154180|[EVENT][SUB][doLoop]event sub tasks report,working event sub count=0,suspend event sub count=0
info|2023-07-08 08:19:07.190077|[SDK][WS][SERVICE]connected nodes,count=2
info|2023-07-08 08:19:27.154546|[EVENT][SUB][doLoop]event sub tasks report,working event sub count=0,suspend event sub count=0
info|2023-07-08 08:19:27.190203|[SDK][WS][SERVICE]connected nodes,count=2
info|2023-07-08 08:19:47.154604|[EVENT][SUB][doLoop]event sub tasks report,working event sub count=0,suspend event sub count=0
info|2023-07-08 08:19:47.190655|[SDK][WS][SERVICE]connected nodes,count=2
info|2023-07-08 08:20:07.154734|[EVENT][SUB][doLoop]event sub tasks report,working event sub count=0,suspend event sub count=0
info|2023-07-08 08:20:07.191087|[SDK][WS][SERVICE]connected nodes,count=2
info|2023-07-08 08:20:27.155408|[EVENT][SUB][doLoop]event sub tasks report,working event sub count=0,suspend event sub count=0
info|2023-07-08 08:20:27.191816|[SDK][WS][SERVICE]connected nodes,count=2
info|2023-07-08 08:20:47.155875|[EVENT][SUB][doLoop]event sub tasks report,working event sub count=0,suspend event sub count=0
info|2023-07-08 08:20:47.191973|[SDK][WS][SERVICE]connected nodes,count=2
info|2023-07-08 08:21:07.156179|[EVENT][SUB][doLoop]event sub tasks report,working event sub count=0,suspend event sub count=0
info|2023-07-08 08:21:07.192130|[SDK][WS][SERVICE]connected nodes,count=2
info|2023-07-08 08:21:27.156653|[EVENT][SUB][doLoop]event sub tasks report,working event sub count=0,suspend event sub count=0
info|2023-07-08 08:21:27.192619|[SDK][WS][SERVICE]connected nodes,count=2
info|2023-07-08 08:21:47.156865|[EVENT][SUB][doLoop]event sub tasks report,working event sub count=0,suspend event sub count=0
info|2023-07-08 08:21:47.193279|[SDK][WS][SERVICE]connected nodes,count=2
info|2023-07-08 08:22:07.156958|[EVENT][SUB][doLoop]event sub tasks report,working event sub count=0,suspend event sub count=0
info|2023-07-08 08:22:07.193515|[SDK][WS][SERVICE]connected nodes,count=2
info|2023-07-08 08:22:27.157440|[EVENT][SUB][doLoop]event sub tasks report,working event sub count=0,suspend event sub count=0
info|2023-07-08 08:22:27.193687|[SDK][WS][SERVICE]connected nodes,count=2
info|2023-07-08 08:22:47.157646|[EVENT][SUB][doLoop]event sub tasks report,working event sub count=0,suspend event sub count=0
info|2023-07-08 08:22:47.194068|[SDK][WS][SERVICE]connected nodes,count=2
info|2023-07-08 08:23:07.158014|[EVENT][SUB][doLoop]event sub tasks report,working event sub count=0,suspend event sub count=0
info|2023-07-08 08:23:07.194610|[SDK][WS][SERVICE]connected nodes,count=2
info|2023-07-08 08:23:27.158080|[EVENT][SUB][doLoop]event sub tasks report,working event sub count=0,suspend event sub count=0
info|2023-07-08 08:23:27.195511|[SDK][WS][SERVICE]connected nodes,count=2
info|2023-07-08 08:23:47.158166|[EVENT][SUB][doLoop]event sub tasks report,working event sub count=0,suspend event sub count=0
info|2023-07-08 08:23:47.195848|[SDK][WS][SERVICE]connected nodes,count=2
info|2023-07-08 08:24:07.158308|[EVENT][SUB][doLoop]event sub tasks report,working event sub count=0,suspend event sub count=0
info|2023-07-08 08:24:07.195999|[SDK][WS][SERVICE]connected nodes,count=2
info|2023-07-08 08:24:27.158586|[EVENT][SUB][doLoop]event sub tasks report,working event sub count=0,suspend event sub count=0
info|2023-07-08 08:24:27.196756|[SDK][WS][SERVICE]connected nodes,count=2
info|2023-07-08 08:24:47.158704|[EVENT][SUB][doLoop]event sub tasks report,working event sub count=0,suspend event sub count=0
info|2023-07-08 08:24:47.197396|[SDK][WS][SERVICE]connected nodes,count=2
info|2023-07-08 08:25:07.159043|[EVENT][SUB][doLoop]event sub tasks report,working event sub count=0,suspend event sub count=0
info|2023-07-08 08:25:07.197882|[SDK][WS][SERVICE]connected nodes,count=2
info|2023-07-08 08:25:27.159494|[EVENT][SUB][doLoop]event sub tasks report,working event sub count=0,suspend event sub count=0
info|2023-07-08 08:25:27.198053|[SDK][WS][SERVICE]connected nodes,count=2
info|2023-07-08 08:25:47.159990|[EVENT][SUB][doLoop]event sub tasks report,working event sub count=0,suspend event sub count=0
info|2023-07-08 08:25:47.198230|[SDK][WS][SERVICE]connected nodes,count=2
info|2023-07-08 08:26:07.160092|[EVENT][SUB][doLoop]event sub tasks report,working event sub count=0,suspend event sub count=0
info|2023-07-08 08:26:07.198911|[SDK][WS][SERVICE]connected nodes,count=2
info|2023-07-08 08:26:27.160559|[EVENT][SUB][doLoop]event sub tasks report,working event sub count=0,suspend event sub count=0
info|2023-07-08 08:26:27.201881|[SDK][WS][SERVICE]connected nodes,count=2
info|2023-07-08 08:26:47.160699|[EVENT][SUB][doLoop]event sub tasks report,working event sub count=0,suspend event sub count=0
info|2023-07-08 08:26:47.202450|[SDK][WS][SERVICE]connected nodes,count=2
info|2023-07-08 08:27:07.160962|[EVENT][SUB][doLoop]event sub tasks report,working event sub count=0,suspend event sub count=0
info|2023-07-08 08:27:07.202836|[SDK][WS][SERVICE]connected nodes,count=2
info|2023-07-08 08:27:13.869960|[RPC][BLOCK][NUMBER][fromJson],group=group0,node=98a7f70ec883a722219d92253cf073a72605f4087aa3443c8e4aadc0af2dc3ac647d0fa1b5ac99cd6987abafe6d690ae71cd5fd2aeeabe7589bfb4748aabdfba,blockNumber=1871
info|2023-07-08 08:27:13.869996|[RPCWS][SERVICE][onRecvBlockNotifier]receive block number notifier,group=group0,node=98a7f70ec883a722219d92253cf073a72605f4087aa3443c8e4aadc0af2dc3ac647d0fa1b5ac99cd6987abafe6d690ae71cd5fd2aeeabe7589bfb4748aabdfba,blockNumber=1871
info|2023-07-08 08:27:13.870002|[RPCWS][SERVICE][updateGroupBlockNumber],groupID=group0,_blockNumber=1871
info|2023-07-08 08:27:13.870007|[RPCWS][SERVICE][onRecvBlockNotifier]block notifier callback,group=group0,node=98a7f70ec883a722219d92253cf073a72605f4087aa3443c8e4aadc0af2dc3ac647d0fa1b5ac99cd6987abafe6d690ae71cd5fd2aeeabe7589bfb4748aabdfba,blockNumber=1871
info|2023-07-08 08:27:13.870011|[WS]receive block notify,endpoint=127.0.0.1:20200,blk={
	"blockNumber" : 1871,
	"group" : "group0",
	"nodeName" : "98a7f70ec883a722219d92253cf073a72605f4087aa3443c8e4aadc0af2dc3ac647d0fa1b5ac99cd6987abafe6d690ae71cd5fd2aeeabe7589bfb4748aabdfba"
}
info|2023-07-08 08:27:13.925648|[RPC][BLOCK][NUMBER][fromJson],group=group0,node=2f993327933ad58672518b6d4f63920cbc68b80f78f4d81192552ee6362f5cc81ee13bdc678ad65f06e76444cadb53b33694cfb3fc7679b8000411975fedd28a,blockNumber=1871
info|2023-07-08 08:27:13.925732|[RPCWS][SERVICE][onRecvBlockNotifier]receive block number notifier,group=group0,node=2f993327933ad58672518b6d4f63920cbc68b80f78f4d81192552ee6362f5cc81ee13bdc678ad65f06e76444cadb53b33694cfb3fc7679b8000411975fedd28a,blockNumber=1871
info|2023-07-08 08:27:13.925740|[WS]receive block notify,endpoint=127.0.0.1:20201,blk={
	"blockNumber" : 1871,
	"group" : "group0",
	"nodeName" : "2f993327933ad58672518b6d4f63920cbc68b80f78f4d81192552ee6362f5cc81ee13bdc678ad65f06e76444cadb53b33694cfb3fc7679b8000411975fedd28a"
}
info|2023-07-08 08:27:14.395704|[RPC][BLOCK][NUMBER][fromJson],group=group0,node=98a7f70ec883a722219d92253cf073a72605f4087aa3443c8e4aadc0af2dc3ac647d0fa1b5ac99cd6987abafe6d690ae71cd5fd2aeeabe7589bfb4748aabdfba,blockNumber=1872
info|2023-07-08 08:27:14.395753|[RPCWS][SERVICE][onRecvBlockNotifier]receive block number notifier,group=group0,node=98a7f70ec883a722219d92253cf073a72605f4087aa3443c8e4aadc0af2dc3ac647d0fa1b5ac99cd6987abafe6d690ae71cd5fd2aeeabe7589bfb4748aabdfba,blockNumber=1872
info|2023-07-08 08:27:14.395760|[RPCWS][SERVICE][updateGroupBlockNumber],groupID=group0,_blockNumber=1872
info|2023-07-08 08:27:14.395765|[RPCWS][SERVICE][onRecvBlockNotifier]block notifier callback,group=group0,node=98a7f70ec883a722219d92253cf073a72605f4087aa3443c8e4aadc0af2dc3ac647d0fa1b5ac99cd6987abafe6d690ae71cd5fd2aeeabe7589bfb4748aabdfba,blockNumber=1872
info|2023-07-08 08:27:14.395770|[WS]receive block notify,endpoint=127.0.0.1:20200,blk={
	"blockNumber" : 1872,
	"group" : "group0",
	"nodeName" : "98a7f70ec883a722219d92253cf073a72605f4087aa3443c8e4aadc0af2dc3ac647d0fa1b5ac99cd6987abafe6d690ae71cd5fd2aeeabe7589bfb4748aabdfba"
}
info|2023-07-08 08:27:14.417445|[RPC][BLOCK][NUMBER][fromJson],group=group0,node=2f993327933ad58672518b6d4f63920cbc68b80f78f4d81192552ee6362f5cc81ee13bdc678ad65f06e76444cadb53b33694cfb3fc7679b8000411975fedd28a,blockNumber=1872
info|2023-07-08 08:27:14.417467|[RPCWS][SERVICE][onRecvBlockNotifier]receive block number notifier,group=group0,node=2f993327933ad58672518b6d4f63920cbc68b80f78f4d81192552ee6362f5cc81ee13bdc678ad65f06e76444cadb53b33694cfb3fc7679b8000411975fedd28a,blockNumber=1872
info|2023-07-08 08:27:14.417474|[WS]receive block notify,endpoint=127.0.0.1:20201,blk={
	"blockNumber" : 1872,
	"group" : "group0",
	"nodeName" : "2f993327933ad58672518b6d4f63920cbc68b80f78f4d81192552ee6362f5cc81ee13bdc678ad65f06e76444cadb53b33694cfb3fc7679b8000411975fedd28a"
}
info|2023-07-08 08:27:15.004789|[RPC][BLOCK][NUMBER][fromJson],group=group0,node=98a7f70ec883a722219d92253cf073a72605f4087aa3443c8e4aadc0af2dc3ac647d0fa1b5ac99cd6987abafe6d690ae71cd5fd2aeeabe7589bfb4748aabdfba,blockNumber=1873
info|2023-07-08 08:27:15.004819|[RPCWS][SERVICE][onRecvBlockNotifier]receive block number notifier,group=group0,node=98a7f70ec883a722219d92253cf073a72605f4087aa3443c8e4aadc0af2dc3ac647d0fa1b5ac99cd6987abafe6d690ae71cd5fd2aeeabe7589bfb4748aabdfba,blockNumber=1873
info|2023-07-08 08:27:15.004828|[RPCWS][SERVICE][updateGroupBlockNumber],groupID=group0,_blockNumber=1873
info|2023-07-08 08:27:15.004835|[RPCWS][SERVICE][onRecvBlockNotifier]block notifier callback,group=group0,node=98a7f70ec883a722219d92253cf073a72605f4087aa3443c8e4aadc0af2dc3ac647d0fa1b5ac99cd6987abafe6d690ae71cd5fd2aeeabe7589bfb4748aabdfba,blockNumber=1873
info|2023-07-08 08:27:15.004865|[WS]receive block notify,endpoint=127.0.0.1:20200,blk={
	"blockNumber" : 1873,
	"group" : "group0",
	"nodeName" : "98a7f70ec883a722219d92253cf073a72605f4087aa3443c8e4aadc0af2dc3ac647d0fa1b5ac99cd6987abafe6d690ae71cd5fd2aeeabe7589bfb4748aabdfba"
}
info|2023-07-08 08:27:15.005174|[RPC][BLOCK][NUMBER][fromJson],group=group0,node=2f993327933ad58672518b6d4f63920cbc68b80f78f4d81192552ee6362f5cc81ee13bdc678ad65f06e76444cadb53b33694cfb3fc7679b8000411975fedd28a,blockNumber=1873
info|2023-07-08 08:27:15.005225|[RPCWS][SERVICE][onRecvBlockNotifier]receive block number notifier,group=group0,node=2f993327933ad58672518b6d4f63920cbc68b80f78f4d81192552ee6362f5cc81ee13bdc678ad65f06e76444cadb53b33694cfb3fc7679b8000411975fedd28a,blockNumber=1873
info|2023-07-08 08:27:15.005257|[WS]receive block notify,endpoint=127.0.0.1:20201,blk={
	"blockNumber" : 1873,
	"group" : "group0",
	"nodeName" : "2f993327933ad58672518b6d4f63920cbc68b80f78f4d81192552ee6362f5cc81ee13bdc678ad65f06e76444cadb53b33694cfb3fc7679b8000411975fedd28a"
}
info|2023-07-08 08:27:15.589302|[RPC][BLOCK][NUMBER][fromJson],group=group0,node=98a7f70ec883a722219d92253cf073a72605f4087aa3443c8e4aadc0af2dc3ac647d0fa1b5ac99cd6987abafe6d690ae71cd5fd2aeeabe7589bfb4748aabdfba,blockNumber=1874
info|2023-07-08 08:27:15.589392|[RPCWS][SERVICE][onRecvBlockNotifier]receive block number notifier,group=group0,node=98a7f70ec883a722219d92253cf073a72605f4087aa3443c8e4aadc0af2dc3ac647d0fa1b5ac99cd6987abafe6d690ae71cd5fd2aeeabe7589bfb4748aabdfba,blockNumber=1874
info|2023-07-08 08:27:15.589403|[RPCWS][SERVICE][updateGroupBlockNumber],groupID=group0,_blockNumber=1874
info|2023-07-08 08:27:15.589410|[RPCWS][SERVICE][onRecvBlockNotifier]block notifier callback,group=group0,node=98a7f70ec883a722219d92253cf073a72605f4087aa3443c8e4aadc0af2dc3ac647d0fa1b5ac99cd6987abafe6d690ae71cd5fd2aeeabe7589bfb4748aabdfba,blockNumber=1874
info|2023-07-08 08:27:15.589416|[WS]receive block notify,endpoint=127.0.0.1:20200,blk={
	"blockNumber" : 1874,
	"group" : "group0",
	"nodeName" : "98a7f70ec883a722219d92253cf073a72605f4087aa3443c8e4aadc0af2dc3ac647d0fa1b5ac99cd6987abafe6d690ae71cd5fd2aeeabe7589bfb4748aabdfba"
}
info|2023-07-08 08:27:15.621721|[RPC][BLOCK][NUMBER][fromJson],group=group0,node=2f993327933ad58672518b6d4f63920cbc68b80f78f4d81192552ee6362f5cc81ee13bdc678ad65f06e76444cadb53b33694cfb3fc7679b8000411975fedd28a,blockNumber=1874
info|2023-07-08 08:27:15.621762|[RPCWS][SERVICE][onRecvBlockNotifier]receive block number notifier,group=group0,node=2f993327933ad58672518b6d4f63920cbc68b80f78f4d81192552ee6362f5cc81ee13bdc678ad65f06e76444cadb53b33694cfb3fc7679b8000411975fedd28a,blockNumber=1874
info|2023-07-08 08:27:15.621769|[WS]receive block notify,endpoint=127.0.0.1:20201,blk={
	"blockNumber" : 1874,
	"group" : "group0",
	"nodeName" : "2f993327933ad58672518b6d4f63920cbc68b80f78f4d81192552ee6362f5cc81ee13bdc678ad65f06e76444cadb53b33694cfb3fc7679b8000411975fedd28a"
}
info|2023-07-08 08:27:16.172953|[RPC][BLOCK][NUMBER][fromJson],group=group0,node=98a7f70ec883a722219d92253cf073a72605f4087aa3443c8e4aadc0af2dc3ac647d0fa1b5ac99cd6987abafe6d690ae71cd5fd2aeeabe7589bfb4748aabdfba,blockNumber=1875
info|2023-07-08 08:27:16.172982|[RPCWS][SERVICE][onRecvBlockNotifier]receive block number notifier,group=group0,node=98a7f70ec883a722219d92253cf073a72605f4087aa3443c8e4aadc0af2dc3ac647d0fa1b5ac99cd6987abafe6d690ae71cd5fd2aeeabe7589bfb4748aabdfba,blockNumber=1875
info|2023-07-08 08:27:16.172989|[RPCWS][SERVICE][updateGroupBlockNumber],groupID=group0,_blockNumber=1875
info|2023-07-08 08:27:16.172994|[RPCWS][SERVICE][onRecvBlockNotifier]block notifier callback,group=group0,node=98a7f70ec883a722219d92253cf073a72605f4087aa3443c8e4aadc0af2dc3ac647d0fa1b5ac99cd6987abafe6d690ae71cd5fd2aeeabe7589bfb4748aabdfba,blockNumber=1875
info|2023-07-08 08:27:16.173000|[WS]receive block notify,endpoint=127.0.0.1:20200,blk={
	"blockNumber" : 1875,
	"group" : "group0",
	"nodeName" : "98a7f70ec883a722219d92253cf073a72605f4087aa3443c8e4aadc0af2dc3ac647d0fa1b5ac99cd6987abafe6d690ae71cd5fd2aeeabe7589bfb4748aabdfba"
}
info|2023-07-08 08:27:16.188859|[RPC][BLOCK][NUMBER][fromJson],group=group0,node=2f993327933ad58672518b6d4f63920cbc68b80f78f4d81192552ee6362f5cc81ee13bdc678ad65f06e76444cadb53b33694cfb3fc7679b8000411975fedd28a,blockNumber=1875
info|2023-07-08 08:27:16.188899|[RPCWS][SERVICE][onRecvBlockNotifier]receive block number notifier,group=group0,node=2f993327933ad58672518b6d4f63920cbc68b80f78f4d81192552ee6362f5cc81ee13bdc678ad65f06e76444cadb53b33694cfb3fc7679b8000411975fedd28a,blockNumber=1875
info|2023-07-08 08:27:16.188907|[WS]receive block notify,endpoint=127.0.0.1:20201,blk={
	"blockNumber" : 1875,
	"group" : "group0",
	"nodeName" : "2f993327933ad58672518b6d4f63920cbc68b80f78f4d81192552ee6362f5cc81ee13bdc678ad65f06e76444cadb53b33694cfb3fc7679b8000411975fedd28a"
}
info|2023-07-08 08:27:16.769660|[RPC][BLOCK][NUMBER][fromJson],group=group0,node=98a7f70ec883a722219d92253cf073a72605f4087aa3443c8e4aadc0af2dc3ac647d0fa1b5ac99cd6987abafe6d690ae71cd5fd2aeeabe7589bfb4748aabdfba,blockNumber=1876
info|2023-07-08 08:27:16.769688|[RPCWS][SERVICE][onRecvBlockNotifier]receive block number notifier,group=group0,node=98a7f70ec883a722219d92253cf073a72605f4087aa3443c8e4aadc0af2dc3ac647d0fa1b5ac99cd6987abafe6d690ae71cd5fd2aeeabe7589bfb4748aabdfba,blockNumber=1876
info|2023-07-08 08:27:16.769695|[RPCWS][SERVICE][updateGroupBlockNumber],groupID=group0,_blockNumber=1876
info|2023-07-08 08:27:16.769701|[RPCWS][SERVICE][onRecvBlockNotifier]block notifier callback,group=group0,node=98a7f70ec883a722219d92253cf073a72605f4087aa3443c8e4aadc0af2dc3ac647d0fa1b5ac99cd6987abafe6d690ae71cd5fd2aeeabe7589bfb4748aabdfba,blockNumber=1876
info|2023-07-08 08:27:16.769705|[WS]receive block notify,endpoint=127.0.0.1:20200,blk={
	"blockNumber" : 1876,
	"group" : "group0",
	"nodeName" : "98a7f70ec883a722219d92253cf073a72605f4087aa3443c8e4aadc0af2dc3ac647d0fa1b5ac99cd6987abafe6d690ae71cd5fd2aeeabe7589bfb4748aabdfba"
}
info|2023-07-08 08:27:16.773406|[RPC][BLOCK][NUMBER][fromJson],group=group0,node=2f993327933ad58672518b6d4f63920cbc68b80f78f4d81192552ee6362f5cc81ee13bdc678ad65f06e76444cadb53b33694cfb3fc7679b8000411975fedd28a,blockNumber=1876
info|2023-07-08 08:27:16.773468|[RPCWS][SERVICE][onRecvBlockNotifier]receive block number notifier,group=group0,node=2f993327933ad58672518b6d4f63920cbc68b80f78f4d81192552ee6362f5cc81ee13bdc678ad65f06e76444cadb53b33694cfb3fc7679b8000411975fedd28a,blockNumber=1876
info|2023-07-08 08:27:16.773481|[WS]receive block notify,endpoint=127.0.0.1:20201,blk={
	"blockNumber" : 1876,
	"group" : "group0",
	"nodeName" : "2f993327933ad58672518b6d4f63920cbc68b80f78f4d81192552ee6362f5cc81ee13bdc678ad65f06e76444cadb53b33694cfb3fc7679b8000411975fedd28a"
}
info|2023-07-08 08:27:17.309926|[RPC][BLOCK][NUMBER][fromJson],group=group0,node=98a7f70ec883a722219d92253cf073a72605f4087aa3443c8e4aadc0af2dc3ac647d0fa1b5ac99cd6987abafe6d690ae71cd5fd2aeeabe7589bfb4748aabdfba,blockNumber=1877
info|2023-07-08 08:27:17.309952|[RPCWS][SERVICE][onRecvBlockNotifier]receive block number notifier,group=group0,node=98a7f70ec883a722219d92253cf073a72605f4087aa3443c8e4aadc0af2dc3ac647d0fa1b5ac99cd6987abafe6d690ae71cd5fd2aeeabe7589bfb4748aabdfba,blockNumber=1877
info|2023-07-08 08:27:17.309959|[RPCWS][SERVICE][updateGroupBlockNumber],groupID=group0,_blockNumber=1877
info|2023-07-08 08:27:17.309964|[RPCWS][SERVICE][onRecvBlockNotifier]block notifier callback,group=group0,node=98a7f70ec883a722219d92253cf073a72605f4087aa3443c8e4aadc0af2dc3ac647d0fa1b5ac99cd6987abafe6d690ae71cd5fd2aeeabe7589bfb4748aabdfba,blockNumber=1877
info|2023-07-08 08:27:17.309991|[WS]receive block notify,endpoint=127.0.0.1:20200,blk={
	"blockNumber" : 1877,
	"group" : "group0",
	"nodeName" : "98a7f70ec883a722219d92253cf073a72605f4087aa3443c8e4aadc0af2dc3ac647d0fa1b5ac99cd6987abafe6d690ae71cd5fd2aeeabe7589bfb4748aabdfba"
}
info|2023-07-08 08:27:17.361438|[RPC][BLOCK][NUMBER][fromJson],group=group0,node=2f993327933ad58672518b6d4f63920cbc68b80f78f4d81192552ee6362f5cc81ee13bdc678ad65f06e76444cadb53b33694cfb3fc7679b8000411975fedd28a,blockNumber=1877
info|2023-07-08 08:27:17.361497|[RPCWS][SERVICE][onRecvBlockNotifier]receive block number notifier,group=group0,node=2f993327933ad58672518b6d4f63920cbc68b80f78f4d81192552ee6362f5cc81ee13bdc678ad65f06e76444cadb53b33694cfb3fc7679b8000411975fedd28a,blockNumber=1877
info|2023-07-08 08:27:17.361519|[WS]receive block notify,endpoint=127.0.0.1:20201,blk={
	"blockNumber" : 1877,
	"group" : "group0",
	"nodeName" : "2f993327933ad58672518b6d4f63920cbc68b80f78f4d81192552ee6362f5cc81ee13bdc678ad65f06e76444cadb53b33694cfb3fc7679b8000411975fedd28a"
}
info|2023-07-08 08:27:17.959121|[RPC][BLOCK][NUMBER][fromJson],group=group0,node=98a7f70ec883a722219d92253cf073a72605f4087aa3443c8e4aadc0af2dc3ac647d0fa1b5ac99cd6987abafe6d690ae71cd5fd2aeeabe7589bfb4748aabdfba,blockNumber=1878
info|2023-07-08 08:27:17.959181|[RPCWS][SERVICE][onRecvBlockNotifier]receive block number notifier,group=group0,node=98a7f70ec883a722219d92253cf073a72605f4087aa3443c8e4aadc0af2dc3ac647d0fa1b5ac99cd6987abafe6d690ae71cd5fd2aeeabe7589bfb4748aabdfba,blockNumber=1878
info|2023-07-08 08:27:17.959193|[RPCWS][SERVICE][updateGroupBlockNumber],groupID=group0,_blockNumber=1878
info|2023-07-08 08:27:17.959200|[RPCWS][SERVICE][onRecvBlockNotifier]block notifier callback,group=group0,node=98a7f70ec883a722219d92253cf073a72605f4087aa3443c8e4aadc0af2dc3ac647d0fa1b5ac99cd6987abafe6d690ae71cd5fd2aeeabe7589bfb4748aabdfba,blockNumber=1878
info|2023-07-08 08:27:17.959208|[WS]receive block notify,endpoint=127.0.0.1:20200,blk={
	"blockNumber" : 1878,
	"group" : "group0",
	"nodeName" : "98a7f70ec883a722219d92253cf073a72605f4087aa3443c8e4aadc0af2dc3ac647d0fa1b5ac99cd6987abafe6d690ae71cd5fd2aeeabe7589bfb4748aabdfba"
}
info|2023-07-08 08:27:17.970755|[RPC][BLOCK][NUMBER][fromJson],group=group0,node=2f993327933ad58672518b6d4f63920cbc68b80f78f4d81192552ee6362f5cc81ee13bdc678ad65f06e76444cadb53b33694cfb3fc7679b8000411975fedd28a,blockNumber=1878
info|2023-07-08 08:27:17.970807|[RPCWS][SERVICE][onRecvBlockNotifier]receive block number notifier,group=group0,node=2f993327933ad58672518b6d4f63920cbc68b80f78f4d81192552ee6362f5cc81ee13bdc678ad65f06e76444cadb53b33694cfb3fc7679b8000411975fedd28a,blockNumber=1878
info|2023-07-08 08:27:17.970819|[WS]receive block notify,endpoint=127.0.0.1:20201,blk={
	"blockNumber" : 1878,
	"group" : "group0",
	"nodeName" : "2f993327933ad58672518b6d4f63920cbc68b80f78f4d81192552ee6362f5cc81ee13bdc678ad65f06e76444cadb53b33694cfb3fc7679b8000411975fedd28a"
}
info|2023-07-08 08:27:18.469053|[RPC][BLOCK][NUMBER][fromJson],group=group0,node=98a7f70ec883a722219d92253cf073a72605f4087aa3443c8e4aadc0af2dc3ac647d0fa1b5ac99cd6987abafe6d690ae71cd5fd2aeeabe7589bfb4748aabdfba,blockNumber=1879
info|2023-07-08 08:27:18.469104|[RPCWS][SERVICE][onRecvBlockNotifier]receive block number notifier,group=group0,node=98a7f70ec883a722219d92253cf073a72605f4087aa3443c8e4aadc0af2dc3ac647d0fa1b5ac99cd6987abafe6d690ae71cd5fd2aeeabe7589bfb4748aabdfba,blockNumber=1879
info|2023-07-08 08:27:18.469113|[RPCWS][SERVICE][updateGroupBlockNumber],groupID=group0,_blockNumber=1879
info|2023-07-08 08:27:18.469118|[RPCWS][SERVICE][onRecvBlockNotifier]block notifier callback,group=group0,node=98a7f70ec883a722219d92253cf073a72605f4087aa3443c8e4aadc0af2dc3ac647d0fa1b5ac99cd6987abafe6d690ae71cd5fd2aeeabe7589bfb4748aabdfba,blockNumber=1879
info|2023-07-08 08:27:18.469123|[WS]receive block notify,endpoint=127.0.0.1:20200,blk={
	"blockNumber" : 1879,
	"group" : "group0",
	"nodeName" : "98a7f70ec883a722219d92253cf073a72605f4087aa3443c8e4aadc0af2dc3ac647d0fa1b5ac99cd6987abafe6d690ae71cd5fd2aeeabe7589bfb4748aabdfba"
}
info|2023-07-08 08:27:18.589096|[RPC][BLOCK][NUMBER][fromJson],group=group0,node=2f993327933ad58672518b6d4f63920cbc68b80f78f4d81192552ee6362f5cc81ee13bdc678ad65f06e76444cadb53b33694cfb3fc7679b8000411975fedd28a,blockNumber=1879
info|2023-07-08 08:27:18.589151|[RPCWS][SERVICE][onRecvBlockNotifier]receive block number notifier,group=group0,node=2f993327933ad58672518b6d4f63920cbc68b80f78f4d81192552ee6362f5cc81ee13bdc678ad65f06e76444cadb53b33694cfb3fc7679b8000411975fedd28a,blockNumber=1879
info|2023-07-08 08:27:18.589170|[WS]receive block notify,endpoint=127.0.0.1:20201,blk={
	"blockNumber" : 1879,
	"group" : "group0",
	"nodeName" : "2f993327933ad58672518b6d4f63920cbc68b80f78f4d81192552ee6362f5cc81ee13bdc678ad65f06e76444cadb53b33694cfb3fc7679b8000411975fedd28a"
}
info|2023-07-08 08:27:19.065394|[RPC][BLOCK][NUMBER][fromJson],group=group0,node=98a7f70ec883a722219d92253cf073a72605f4087aa3443c8e4aadc0af2dc3ac647d0fa1b5ac99cd6987abafe6d690ae71cd5fd2aeeabe7589bfb4748aabdfba,blockNumber=1880
info|2023-07-08 08:27:19.065468|[RPCWS][SERVICE][onRecvBlockNotifier]receive block number notifier,group=group0,node=98a7f70ec883a722219d92253cf073a72605f4087aa3443c8e4aadc0af2dc3ac647d0fa1b5ac99cd6987abafe6d690ae71cd5fd2aeeabe7589bfb4748aabdfba,blockNumber=1880
info|2023-07-08 08:27:19.065484|[RPCWS][SERVICE][updateGroupBlockNumber],groupID=group0,_blockNumber=1880
info|2023-07-08 08:27:19.065493|[RPCWS][SERVICE][onRecvBlockNotifier]block notifier callback,group=group0,node=98a7f70ec883a722219d92253cf073a72605f4087aa3443c8e4aadc0af2dc3ac647d0fa1b5ac99cd6987abafe6d690ae71cd5fd2aeeabe7589bfb4748aabdfba,blockNumber=1880
info|2023-07-08 08:27:19.065501|[WS]receive block notify,endpoint=127.0.0.1:20200,blk={
	"blockNumber" : 1880,
	"group" : "group0",
	"nodeName" : "98a7f70ec883a722219d92253cf073a72605f4087aa3443c8e4aadc0af2dc3ac647d0fa1b5ac99cd6987abafe6d690ae71cd5fd2aeeabe7589bfb4748aabdfba"
}
info|2023-07-08 08:27:19.077324|[RPC][BLOCK][NUMBER][fromJson],group=group0,node=2f993327933ad58672518b6d4f63920cbc68b80f78f4d81192552ee6362f5cc81ee13bdc678ad65f06e76444cadb53b33694cfb3fc7679b8000411975fedd28a,blockNumber=1880
info|2023-07-08 08:27:19.077376|[RPCWS][SERVICE][onRecvBlockNotifier]receive block number notifier,group=group0,node=2f993327933ad58672518b6d4f63920cbc68b80f78f4d81192552ee6362f5cc81ee13bdc678ad65f06e76444cadb53b33694cfb3fc7679b8000411975fedd28a,blockNumber=1880
info|2023-07-08 08:27:19.077388|[WS]receive block notify,endpoint=127.0.0.1:20201,blk={
	"blockNumber" : 1880,
	"group" : "group0",
	"nodeName" : "2f993327933ad58672518b6d4f63920cbc68b80f78f4d81192552ee6362f5cc81ee13bdc678ad65f06e76444cadb53b33694cfb3fc7679b8000411975fedd28a"
}
info|2023-07-08 08:27:19.565275|[RPC][BLOCK][NUMBER][fromJson],group=group0,node=98a7f70ec883a722219d92253cf073a72605f4087aa3443c8e4aadc0af2dc3ac647d0fa1b5ac99cd6987abafe6d690ae71cd5fd2aeeabe7589bfb4748aabdfba,blockNumber=1881
info|2023-07-08 08:27:19.565302|[RPCWS][SERVICE][onRecvBlockNotifier]receive block number notifier,group=group0,node=98a7f70ec883a722219d92253cf073a72605f4087aa3443c8e4aadc0af2dc3ac647d0fa1b5ac99cd6987abafe6d690ae71cd5fd2aeeabe7589bfb4748aabdfba,blockNumber=1881
info|2023-07-08 08:27:19.565309|[RPCWS][SERVICE][updateGroupBlockNumber],groupID=group0,_blockNumber=1881
info|2023-07-08 08:27:19.565315|[RPCWS][SERVICE][onRecvBlockNotifier]block notifier callback,group=group0,node=98a7f70ec883a722219d92253cf073a72605f4087aa3443c8e4aadc0af2dc3ac647d0fa1b5ac99cd6987abafe6d690ae71cd5fd2aeeabe7589bfb4748aabdfba,blockNumber=1881
info|2023-07-08 08:27:19.565320|[WS]receive block notify,endpoint=127.0.0.1:20200,blk={
	"blockNumber" : 1881,
	"group" : "group0",
	"nodeName" : "98a7f70ec883a722219d92253cf073a72605f4087aa3443c8e4aadc0af2dc3ac647d0fa1b5ac99cd6987abafe6d690ae71cd5fd2aeeabe7589bfb4748aabdfba"
}
info|2023-07-08 08:27:19.579069|[RPC][BLOCK][NUMBER][fromJson],group=group0,node=2f993327933ad58672518b6d4f63920cbc68b80f78f4d81192552ee6362f5cc81ee13bdc678ad65f06e76444cadb53b33694cfb3fc7679b8000411975fedd28a,blockNumber=1881
info|2023-07-08 08:27:19.579092|[RPCWS][SERVICE][onRecvBlockNotifier]receive block number notifier,group=group0,node=2f993327933ad58672518b6d4f63920cbc68b80f78f4d81192552ee6362f5cc81ee13bdc678ad65f06e76444cadb53b33694cfb3fc7679b8000411975fedd28a,blockNumber=1881
info|2023-07-08 08:27:19.579100|[WS]receive block notify,endpoint=127.0.0.1:20201,blk={
	"blockNumber" : 1881,
	"group" : "group0",
	"nodeName" : "2f993327933ad58672518b6d4f63920cbc68b80f78f4d81192552ee6362f5cc81ee13bdc678ad65f06e76444cadb53b33694cfb3fc7679b8000411975fedd28a"
}
info|2023-07-08 08:27:20.138423|[RPC][BLOCK][NUMBER][fromJson],group=group0,node=98a7f70ec883a722219d92253cf073a72605f4087aa3443c8e4aadc0af2dc3ac647d0fa1b5ac99cd6987abafe6d690ae71cd5fd2aeeabe7589bfb4748aabdfba,blockNumber=1882
info|2023-07-08 08:27:20.138455|[RPCWS][SERVICE][onRecvBlockNotifier]receive block number notifier,group=group0,node=98a7f70ec883a722219d92253cf073a72605f4087aa3443c8e4aadc0af2dc3ac647d0fa1b5ac99cd6987abafe6d690ae71cd5fd2aeeabe7589bfb4748aabdfba,blockNumber=1882
info|2023-07-08 08:27:20.138464|[RPCWS][SERVICE][updateGroupBlockNumber],groupID=group0,_blockNumber=1882
info|2023-07-08 08:27:20.138471|[RPCWS][SERVICE][onRecvBlockNotifier]block notifier callback,group=group0,node=98a7f70ec883a722219d92253cf073a72605f4087aa3443c8e4aadc0af2dc3ac647d0fa1b5ac99cd6987abafe6d690ae71cd5fd2aeeabe7589bfb4748aabdfba,blockNumber=1882
info|2023-07-08 08:27:20.138477|[WS]receive block notify,endpoint=127.0.0.1:20200,blk={
	"blockNumber" : 1882,
	"group" : "group0",
	"nodeName" : "98a7f70ec883a722219d92253cf073a72605f4087aa3443c8e4aadc0af2dc3ac647d0fa1b5ac99cd6987abafe6d690ae71cd5fd2aeeabe7589bfb4748aabdfba"
}
info|2023-07-08 08:27:20.255503|[RPC][BLOCK][NUMBER][fromJson],group=group0,node=2f993327933ad58672518b6d4f63920cbc68b80f78f4d81192552ee6362f5cc81ee13bdc678ad65f06e76444cadb53b33694cfb3fc7679b8000411975fedd28a,blockNumber=1882
info|2023-07-08 08:27:20.255528|[RPCWS][SERVICE][onRecvBlockNotifier]receive block number notifier,group=group0,node=2f993327933ad58672518b6d4f63920cbc68b80f78f4d81192552ee6362f5cc81ee13bdc678ad65f06e76444cadb53b33694cfb3fc7679b8000411975fedd28a,blockNumber=1882
info|2023-07-08 08:27:20.255535|[WS]receive block notify,endpoint=127.0.0.1:20201,blk={
	"blockNumber" : 1882,
	"group" : "group0",
	"nodeName" : "2f993327933ad58672518b6d4f63920cbc68b80f78f4d81192552ee6362f5cc81ee13bdc678ad65f06e76444cadb53b33694cfb3fc7679b8000411975fedd28a"
}
info|2023-07-08 08:27:20.676915|[RPC][BLOCK][NUMBER][fromJson],group=group0,node=98a7f70ec883a722219d92253cf073a72605f4087aa3443c8e4aadc0af2dc3ac647d0fa1b5ac99cd6987abafe6d690ae71cd5fd2aeeabe7589bfb4748aabdfba,blockNumber=1883
info|2023-07-08 08:27:20.676942|[RPCWS][SERVICE][onRecvBlockNotifier]receive block number notifier,group=group0,node=98a7f70ec883a722219d92253cf073a72605f4087aa3443c8e4aadc0af2dc3ac647d0fa1b5ac99cd6987abafe6d690ae71cd5fd2aeeabe7589bfb4748aabdfba,blockNumber=1883
info|2023-07-08 08:27:20.676949|[RPCWS][SERVICE][updateGroupBlockNumber],groupID=group0,_blockNumber=1883
info|2023-07-08 08:27:20.676955|[RPCWS][SERVICE][onRecvBlockNotifier]block notifier callback,group=group0,node=98a7f70ec883a722219d92253cf073a72605f4087aa3443c8e4aadc0af2dc3ac647d0fa1b5ac99cd6987abafe6d690ae71cd5fd2aeeabe7589bfb4748aabdfba,blockNumber=1883
info|2023-07-08 08:27:20.676961|[WS]receive block notify,endpoint=127.0.0.1:20200,blk={
	"blockNumber" : 1883,
	"group" : "group0",
	"nodeName" : "98a7f70ec883a722219d92253cf073a72605f4087aa3443c8e4aadc0af2dc3ac647d0fa1b5ac99cd6987abafe6d690ae71cd5fd2aeeabe7589bfb4748aabdfba"
}
info|2023-07-08 08:27:20.799760|[RPC][BLOCK][NUMBER][fromJson],group=group0,node=2f993327933ad58672518b6d4f63920cbc68b80f78f4d81192552ee6362f5cc81ee13bdc678ad65f06e76444cadb53b33694cfb3fc7679b8000411975fedd28a,blockNumber=1883
info|2023-07-08 08:27:20.799801|[RPCWS][SERVICE][onRecvBlockNotifier]receive block number notifier,group=group0,node=2f993327933ad58672518b6d4f63920cbc68b80f78f4d81192552ee6362f5cc81ee13bdc678ad65f06e76444cadb53b33694cfb3fc7679b8000411975fedd28a,blockNumber=1883
info|2023-07-08 08:27:20.799810|[WS]receive block notify,endpoint=127.0.0.1:20201,blk={
	"blockNumber" : 1883,
	"group" : "group0",
	"nodeName" : "2f993327933ad58672518b6d4f63920cbc68b80f78f4d81192552ee6362f5cc81ee13bdc678ad65f06e76444cadb53b33694cfb3fc7679b8000411975fedd28a"
}
info|2023-07-08 08:27:21.239262|[RPC][BLOCK][NUMBER][fromJson],group=group0,node=98a7f70ec883a722219d92253cf073a72605f4087aa3443c8e4aadc0af2dc3ac647d0fa1b5ac99cd6987abafe6d690ae71cd5fd2aeeabe7589bfb4748aabdfba,blockNumber=1884
info|2023-07-08 08:27:21.239285|[RPCWS][SERVICE][onRecvBlockNotifier]receive block number notifier,group=group0,node=98a7f70ec883a722219d92253cf073a72605f4087aa3443c8e4aadc0af2dc3ac647d0fa1b5ac99cd6987abafe6d690ae71cd5fd2aeeabe7589bfb4748aabdfba,blockNumber=1884
info|2023-07-08 08:27:21.239292|[RPCWS][SERVICE][updateGroupBlockNumber],groupID=group0,_blockNumber=1884
info|2023-07-08 08:27:21.239296|[RPCWS][SERVICE][onRecvBlockNotifier]block notifier callback,group=group0,node=98a7f70ec883a722219d92253cf073a72605f4087aa3443c8e4aadc0af2dc3ac647d0fa1b5ac99cd6987abafe6d690ae71cd5fd2aeeabe7589bfb4748aabdfba,blockNumber=1884
info|2023-07-08 08:27:21.239301|[WS]receive block notify,endpoint=127.0.0.1:20200,blk={
	"blockNumber" : 1884,
	"group" : "group0",
	"nodeName" : "98a7f70ec883a722219d92253cf073a72605f4087aa3443c8e4aadc0af2dc3ac647d0fa1b5ac99cd6987abafe6d690ae71cd5fd2aeeabe7589bfb4748aabdfba"
}
info|2023-07-08 08:27:21.265807|[RPC][BLOCK][NUMBER][fromJson],group=group0,node=2f993327933ad58672518b6d4f63920cbc68b80f78f4d81192552ee6362f5cc81ee13bdc678ad65f06e76444cadb53b33694cfb3fc7679b8000411975fedd28a,blockNumber=1884
info|2023-07-08 08:27:21.265841|[RPCWS][SERVICE][onRecvBlockNotifier]receive block number notifier,group=group0,node=2f993327933ad58672518b6d4f63920cbc68b80f78f4d81192552ee6362f5cc81ee13bdc678ad65f06e76444cadb53b33694cfb3fc7679b8000411975fedd28a,blockNumber=1884
info|2023-07-08 08:27:21.265849|[WS]receive block notify,endpoint=127.0.0.1:20201,blk={
	"blockNumber" : 1884,
	"group" : "group0",
	"nodeName" : "2f993327933ad58672518b6d4f63920cbc68b80f78f4d81192552ee6362f5cc81ee13bdc678ad65f06e76444cadb53b33694cfb3fc7679b8000411975fedd28a"
}
info|2023-07-08 08:27:21.830942|[RPC][BLOCK][NUMBER][fromJson],group=group0,node=98a7f70ec883a722219d92253cf073a72605f4087aa3443c8e4aadc0af2dc3ac647d0fa1b5ac99cd6987abafe6d690ae71cd5fd2aeeabe7589bfb4748aabdfba,blockNumber=1885
info|2023-07-08 08:27:21.830998|[RPCWS][SERVICE][onRecvBlockNotifier]receive block number notifier,group=group0,node=98a7f70ec883a722219d92253cf073a72605f4087aa3443c8e4aadc0af2dc3ac647d0fa1b5ac99cd6987abafe6d690ae71cd5fd2aeeabe7589bfb4748aabdfba,blockNumber=1885
info|2023-07-08 08:27:21.831008|[RPCWS][SERVICE][updateGroupBlockNumber],groupID=group0,_blockNumber=1885
info|2023-07-08 08:27:21.831013|[RPCWS][SERVICE][onRecvBlockNotifier]block notifier callback,group=group0,node=98a7f70ec883a722219d92253cf073a72605f4087aa3443c8e4aadc0af2dc3ac647d0fa1b5ac99cd6987abafe6d690ae71cd5fd2aeeabe7589bfb4748aabdfba,blockNumber=1885
info|2023-07-08 08:27:21.831019|[WS]receive block notify,endpoint=127.0.0.1:20200,blk={
	"blockNumber" : 1885,
	"group" : "group0",
	"nodeName" : "98a7f70ec883a722219d92253cf073a72605f4087aa3443c8e4aadc0af2dc3ac647d0fa1b5ac99cd6987abafe6d690ae71cd5fd2aeeabe7589bfb4748aabdfba"
}
info|2023-07-08 08:27:21.851873|[RPC][BLOCK][NUMBER][fromJson],group=group0,node=2f993327933ad58672518b6d4f63920cbc68b80f78f4d81192552ee6362f5cc81ee13bdc678ad65f06e76444cadb53b33694cfb3fc7679b8000411975fedd28a,blockNumber=1885
info|2023-07-08 08:27:21.851899|[RPCWS][SERVICE][onRecvBlockNotifier]receive block number notifier,group=group0,node=2f993327933ad58672518b6d4f63920cbc68b80f78f4d81192552ee6362f5cc81ee13bdc678ad65f06e76444cadb53b33694cfb3fc7679b8000411975fedd28a,blockNumber=1885
info|2023-07-08 08:27:21.851932|[WS]receive block notify,endpoint=127.0.0.1:20201,blk={
	"blockNumber" : 1885,
	"group" : "group0",
	"nodeName" : "2f993327933ad58672518b6d4f63920cbc68b80f78f4d81192552ee6362f5cc81ee13bdc678ad65f06e76444cadb53b33694cfb3fc7679b8000411975fedd28a"
}
info|2023-07-08 08:27:22.380200|[RPC][BLOCK][NUMBER][fromJson],group=group0,node=98a7f70ec883a722219d92253cf073a72605f4087aa3443c8e4aadc0af2dc3ac647d0fa1b5ac99cd6987abafe6d690ae71cd5fd2aeeabe7589bfb4748aabdfba,blockNumber=1886
info|2023-07-08 08:27:22.380227|[RPCWS][SERVICE][onRecvBlockNotifier]receive block number notifier,group=group0,node=98a7f70ec883a722219d92253cf073a72605f4087aa3443c8e4aadc0af2dc3ac647d0fa1b5ac99cd6987abafe6d690ae71cd5fd2aeeabe7589bfb4748aabdfba,blockNumber=1886
info|2023-07-08 08:27:22.380234|[RPCWS][SERVICE][updateGroupBlockNumber],groupID=group0,_blockNumber=1886
info|2023-07-08 08:27:22.380239|[RPCWS][SERVICE][onRecvBlockNotifier]block notifier callback,group=group0,node=98a7f70ec883a722219d92253cf073a72605f4087aa3443c8e4aadc0af2dc3ac647d0fa1b5ac99cd6987abafe6d690ae71cd5fd2aeeabe7589bfb4748aabdfba,blockNumber=1886
info|2023-07-08 08:27:22.380244|[WS]receive block notify,endpoint=127.0.0.1:20200,blk={
	"blockNumber" : 1886,
	"group" : "group0",
	"nodeName" : "98a7f70ec883a722219d92253cf073a72605f4087aa3443c8e4aadc0af2dc3ac647d0fa1b5ac99cd6987abafe6d690ae71cd5fd2aeeabe7589bfb4748aabdfba"
}
info|2023-07-08 08:27:22.444840|[RPC][BLOCK][NUMBER][fromJson],group=group0,node=2f993327933ad58672518b6d4f63920cbc68b80f78f4d81192552ee6362f5cc81ee13bdc678ad65f06e76444cadb53b33694cfb3fc7679b8000411975fedd28a,blockNumber=1886
info|2023-07-08 08:27:22.444877|[RPCWS][SERVICE][onRecvBlockNotifier]receive block number notifier,group=group0,node=2f993327933ad58672518b6d4f63920cbc68b80f78f4d81192552ee6362f5cc81ee13bdc678ad65f06e76444cadb53b33694cfb3fc7679b8000411975fedd28a,blockNumber=1886
info|2023-07-08 08:27:22.444885|[WS]receive block notify,endpoint=127.0.0.1:20201,blk={
	"blockNumber" : 1886,
	"group" : "group0",
	"nodeName" : "2f993327933ad58672518b6d4f63920cbc68b80f78f4d81192552ee6362f5cc81ee13bdc678ad65f06e76444cadb53b33694cfb3fc7679b8000411975fedd28a"
}
info|2023-07-08 08:27:27.161296|[EVENT][SUB][doLoop]event sub tasks report,working event sub count=0,suspend event sub count=0
info|2023-07-08 08:27:27.203296|[SDK][WS][SERVICE]connected nodes,count=2
info|2023-07-08 08:27:47.161476|[EVENT][SUB][doLoop]event sub tasks report,working event sub count=0,suspend event sub count=0
info|2023-07-08 08:27:47.203937|[SDK][WS][SERVICE]connected nodes,count=2
info|2023-07-08 08:28:07.161926|[EVENT][SUB][doLoop]event sub tasks report,working event sub count=0,suspend event sub count=0
info|2023-07-08 08:28:07.204233|[SDK][WS][SERVICE]connected nodes,count=2
info|2023-07-08 08:28:27.162308|[EVENT][SUB][doLoop]event sub tasks report,working event sub count=0,suspend event sub count=0
info|2023-07-08 08:28:27.204356|[SDK][WS][SERVICE]connected nodes,count=2
info|2023-07-08 08:28:47.162810|[EVENT][SUB][doLoop]event sub tasks report,working event sub count=0,suspend event sub count=0
info|2023-07-08 08:28:47.204819|[SDK][WS][SERVICE]connected nodes,count=2
info|2023-07-08 08:29:07.162951|[EVENT][SUB][doLoop]event sub tasks report,working event sub count=0,suspend event sub count=0
info|2023-07-08 08:29:07.205356|[SDK][WS][SERVICE]connected nodes,count=2
info|2023-07-08 08:29:27.163303|[EVENT][SUB][doLoop]event sub tasks report,working event sub count=0,suspend event sub count=0
info|2023-07-08 08:29:27.206090|[SDK][WS][SERVICE]connected nodes,count=2
info|2023-07-08 08:29:47.163759|[EVENT][SUB][doLoop]event sub tasks report,working event sub count=0,suspend event sub count=0
info|2023-07-08 08:29:47.206593|[SDK][WS][SERVICE]connected nodes,count=2
info|2023-07-08 08:30:07.164162|[EVENT][SUB][doLoop]event sub tasks report,working event sub count=0,suspend event sub count=0
info|2023-07-08 08:30:07.207045|[SDK][WS][SERVICE]connected nodes,count=2
info|2023-07-08 08:30:27.164347|[EVENT][SUB][doLoop]event sub tasks report,working event sub count=0,suspend event sub count=0
info|2023-07-08 08:30:27.207426|[SDK][WS][SERVICE]connected nodes,count=2
info|2023-07-08 08:30:47.164602|[EVENT][SUB][doLoop]event sub tasks report,working event sub count=0,suspend event sub count=0
info|2023-07-08 08:30:47.207677|[SDK][WS][SERVICE]connected nodes,count=2
info|2023-07-08 08:31:07.165140|[EVENT][SUB][doLoop]event sub tasks report,working event sub count=0,suspend event sub count=0
info|2023-07-08 08:31:07.208351|[SDK][WS][SERVICE]connected nodes,count=2
info|2023-07-08 08:31:27.165663|[EVENT][SUB][doLoop]event sub tasks report,working event sub count=0,suspend event sub count=0
info|2023-07-08 08:31:27.208822|[SDK][WS][SERVICE]connected nodes,count=2
info|2023-07-08 08:31:47.165982|[EVENT][SUB][doLoop]event sub tasks report,working event sub count=0,suspend event sub count=0
info|2023-07-08 08:31:47.208966|[SDK][WS][SERVICE]connected nodes,count=2
info|2023-07-08 08:32:07.166459|[EVENT][SUB][doLoop]event sub tasks report,working event sub count=0,suspend event sub count=0
info|2023-07-08 08:32:07.209358|[SDK][WS][SERVICE]connected nodes,count=2
info|2023-07-08 08:32:27.166902|[EVENT][SUB][doLoop]event sub tasks report,working event sub count=0,suspend event sub count=0
info|2023-07-08 08:32:27.209549|[SDK][WS][SERVICE]connected nodes,count=2
info|2023-07-08 08:32:47.167135|[EVENT][SUB][doLoop]event sub tasks report,working event sub count=0,suspend event sub count=0
info|2023-07-08 08:32:47.210363|[SDK][WS][SERVICE]connected nodes,count=2
info|2023-07-08 08:33:07.167817|[EVENT][SUB][doLoop]event sub tasks report,working event sub count=0,suspend event sub count=0
info|2023-07-08 08:33:07.210829|[SDK][WS][SERVICE]connected nodes,count=2
info|2023-07-08 08:33:27.167910|[EVENT][SUB][doLoop]event sub tasks report,working event sub count=0,suspend event sub count=0
info|2023-07-08 08:33:27.211023|[SDK][WS][SERVICE]connected nodes,count=2
info|2023-07-08 08:33:47.168307|[EVENT][SUB][doLoop]event sub tasks report,working event sub count=0,suspend event sub count=0
info|2023-07-08 08:33:47.211568|[SDK][WS][SERVICE]connected nodes,count=2
info|2023-07-08 08:34:07.169120|[EVENT][SUB][doLoop]event sub tasks report,working event sub count=0,suspend event sub count=0
info|2023-07-08 08:34:07.211839|[SDK][WS][SERVICE]connected nodes,count=2
info|2023-07-08 08:34:27.169493|[EVENT][SUB][doLoop]event sub tasks report,working event sub count=0,suspend event sub count=0
info|2023-07-08 08:34:27.212188|[SDK][WS][SERVICE]connected nodes,count=2
info|2023-07-08 08:34:47.170076|[EVENT][SUB][doLoop]event sub tasks report,working event sub count=0,suspend event sub count=0
info|2023-07-08 08:34:47.212368|[SDK][WS][SERVICE]connected nodes,count=2
info|2023-07-08 08:35:07.170657|[EVENT][SUB][doLoop]event sub tasks report,working event sub count=0,suspend event sub count=0
info|2023-07-08 08:35:07.212635|[SDK][WS][SERVICE]connected nodes,count=2
info|2023-07-08 08:35:27.170869|[EVENT][SUB][doLoop]event sub tasks report,working event sub count=0,suspend event sub count=0
info|2023-07-08 08:35:27.213060|[SDK][WS][SERVICE]connected nodes,count=2
info|2023-07-08 08:35:47.171448|[EVENT][SUB][doLoop]event sub tasks report,working event sub count=0,suspend event sub count=0
info|2023-07-08 08:35:47.213479|[SDK][WS][SERVICE]connected nodes,count=2
info|2023-07-08 08:36:07.171543|[EVENT][SUB][doLoop]event sub tasks report,working event sub count=0,suspend event sub count=0
info|2023-07-08 08:36:07.214007|[SDK][WS][SERVICE]connected nodes,count=2
info|2023-07-08 08:36:27.171728|[EVENT][SUB][doLoop]event sub tasks report,working event sub count=0,suspend event sub count=0
info|2023-07-08 08:36:27.214514|[SDK][WS][SERVICE]connected nodes,count=2
info|2023-07-08 08:36:47.171765|[EVENT][SUB][doLoop]event sub tasks report,working event sub count=0,suspend event sub count=0
info|2023-07-08 08:36:47.215227|[SDK][WS][SERVICE]connected nodes,count=2
info|2023-07-08 08:37:07.172325|[EVENT][SUB][doLoop]event sub tasks report,working event sub count=0,suspend event sub count=0
info|2023-07-08 08:37:07.215496|[SDK][WS][SERVICE]connected nodes,count=2
info|2023-07-08 08:37:27.172908|[EVENT][SUB][doLoop]event sub tasks report,working event sub count=0,suspend event sub count=0
info|2023-07-08 08:37:27.216251|[SDK][WS][SERVICE]connected nodes,count=2
info|2023-07-08 08:37:47.173331|[EVENT][SUB][doLoop]event sub tasks report,working event sub count=0,suspend event sub count=0
info|2023-07-08 08:37:47.216616|[SDK][WS][SERVICE]connected nodes,count=2
info|2023-07-08 08:38:07.173619|[EVENT][SUB][doLoop]event sub tasks report,working event sub count=0,suspend event sub count=0
info|2023-07-08 08:38:07.216969|[SDK][WS][SERVICE]connected nodes,count=2
info|2023-07-08 08:38:27.174327|[EVENT][SUB][doLoop]event sub tasks report,working event sub count=0,suspend event sub count=0
info|2023-07-08 08:38:27.217214|[SDK][WS][SERVICE]connected nodes,count=2
info|2023-07-08 08:38:47.174838|[EVENT][SUB][doLoop]event sub tasks report,working event sub count=0,suspend event sub count=0
info|2023-07-08 08:38:47.217378|[SDK][WS][SERVICE]connected nodes,count=2
info|2023-07-08 08:39:07.174929|[EVENT][SUB][doLoop]event sub tasks report,working event sub count=0,suspend event sub count=0
info|2023-07-08 08:39:07.217840|[SDK][WS][SERVICE]connected nodes,count=2
info|2023-07-08 08:39:27.175507|[EVENT][SUB][doLoop]event sub tasks report,working event sub count=0,suspend event sub count=0
info|2023-07-08 08:39:27.218458|[SDK][WS][SERVICE]connected nodes,count=2
info|2023-07-08 08:39:47.175640|[EVENT][SUB][doLoop]event sub tasks report,working event sub count=0,suspend event sub count=0
info|2023-07-08 08:39:47.219034|[SDK][WS][SERVICE]connected nodes,count=2
info|2023-07-08 08:40:07.175815|[EVENT][SUB][doLoop]event sub tasks report,working event sub count=0,suspend event sub count=0
info|2023-07-08 08:40:07.219579|[SDK][WS][SERVICE]connected nodes,count=2
info|2023-07-08 08:40:27.176520|[EVENT][SUB][doLoop]event sub tasks report,working event sub count=0,suspend event sub count=0
info|2023-07-08 08:40:27.219740|[SDK][WS][SERVICE]connected nodes,count=2
info|2023-07-08 08:40:47.176586|[EVENT][SUB][doLoop]event sub tasks report,working event sub count=0,suspend event sub count=0
info|2023-07-08 08:40:47.220024|[SDK][WS][SERVICE]connected nodes,count=2
info|2023-07-08 08:41:07.176827|[EVENT][SUB][doLoop]event sub tasks report,working event sub count=0,suspend event sub count=0
info|2023-07-08 08:41:07.220146|[SDK][WS][SERVICE]connected nodes,count=2
info|2023-07-08 08:41:27.177219|[EVENT][SUB][doLoop]event sub tasks report,working event sub count=0,suspend event sub count=0
info|2023-07-08 08:41:27.220261|[SDK][WS][SERVICE]connected nodes,count=2
info|2023-07-08 08:41:47.177977|[EVENT][SUB][doLoop]event sub tasks report,working event sub count=0,suspend event sub count=0
info|2023-07-08 08:41:47.220458|[SDK][WS][SERVICE]connected nodes,count=2
info|2023-07-08 08:42:07.178261|[EVENT][SUB][doLoop]event sub tasks report,working event sub count=0,suspend event sub count=0
info|2023-07-08 08:42:07.220913|[SDK][WS][SERVICE]connected nodes,count=2
info|2023-07-08 08:42:27.178371|[EVENT][SUB][doLoop]event sub tasks report,working event sub count=0,suspend event sub count=0
info|2023-07-08 08:42:27.221251|[SDK][WS][SERVICE]connected nodes,count=2
info|2023-07-08 08:42:47.179148|[EVENT][SUB][doLoop]event sub tasks report,working event sub count=0,suspend event sub count=0
info|2023-07-08 08:42:47.221451|[SDK][WS][SERVICE]connected nodes,count=2
info|2023-07-08 08:43:07.179867|[EVENT][SUB][doLoop]event sub tasks report,working event sub count=0,suspend event sub count=0
info|2023-07-08 08:43:07.221740|[SDK][WS][SERVICE]connected nodes,count=2
info|2023-07-08 08:43:27.180074|[EVENT][SUB][doLoop]event sub tasks report,working event sub count=0,suspend event sub count=0
info|2023-07-08 08:43:27.222332|[SDK][WS][SERVICE]connected nodes,count=2
info|2023-07-08 08:43:47.180788|[EVENT][SUB][doLoop]event sub tasks report,working event sub count=0,suspend event sub count=0
info|2023-07-08 08:43:47.222795|[SDK][WS][SERVICE]connected nodes,count=2
info|2023-07-08 08:44:07.181092|[EVENT][SUB][doLoop]event sub tasks report,working event sub count=0,suspend event sub count=0
info|2023-07-08 08:44:07.223108|[SDK][WS][SERVICE]connected nodes,count=2
info|2023-07-08 08:44:27.181390|[EVENT][SUB][doLoop]event sub tasks report,working event sub count=0,suspend event sub count=0
info|2023-07-08 08:44:27.223766|[SDK][WS][SERVICE]connected nodes,count=2
info|2023-07-08 08:44:47.181666|[EVENT][SUB][doLoop]event sub tasks report,working event sub count=0,suspend event sub count=0
info|2023-07-08 08:44:47.224130|[SDK][WS][SERVICE]connected nodes,count=2
info|2023-07-08 08:45:07.182078|[EVENT][SUB][doLoop]event sub tasks report,working event sub count=0,suspend event sub count=0
info|2023-07-08 08:45:07.224650|[SDK][WS][SERVICE]connected nodes,count=2
info|2023-07-08 08:45:27.182591|[EVENT][SUB][doLoop]event sub tasks report,working event sub count=0,suspend event sub count=0
info|2023-07-08 08:45:27.225114|[SDK][WS][SERVICE]connected nodes,count=2
info|2023-07-08 08:45:47.183075|[EVENT][SUB][doLoop]event sub tasks report,working event sub count=0,suspend event sub count=0
info|2023-07-08 08:45:47.225551|[SDK][WS][SERVICE]connected nodes,count=2
info|2023-07-08 08:46:07.183652|[EVENT][SUB][doLoop]event sub tasks report,working event sub count=0,suspend event sub count=0
info|2023-07-08 08:46:07.226506|[SDK][WS][SERVICE]connected nodes,count=2
info|2023-07-08 08:46:27.184182|[EVENT][SUB][doLoop]event sub tasks report,working event sub count=0,suspend event sub count=0
info|2023-07-08 08:46:27.226853|[SDK][WS][SERVICE]connected nodes,count=2
info|2023-07-08 08:46:47.184269|[EVENT][SUB][doLoop]event sub tasks report,working event sub count=0,suspend event sub count=0
info|2023-07-08 08:46:47.227529|[SDK][WS][SERVICE]connected nodes,count=2
info|2023-07-08 08:47:07.184639|[EVENT][SUB][doLoop]event sub tasks report,working event sub count=0,suspend event sub count=0
info|2023-07-08 08:47:07.227957|[SDK][WS][SERVICE]connected nodes,count=2
info|2023-07-08 08:47:27.185188|[EVENT][SUB][doLoop]event sub tasks report,working event sub count=0,suspend event sub count=0
info|2023-07-08 08:47:27.228544|[SDK][WS][SERVICE]connected nodes,count=2
info|2023-07-08 08:47:47.185283|[EVENT][SUB][doLoop]event sub tasks report,working event sub count=0,suspend event sub count=0
info|2023-07-08 08:47:47.228729|[SDK][WS][SERVICE]connected nodes,count=2
info|2023-07-08 08:48:07.185381|[EVENT][SUB][doLoop]event sub tasks report,working event sub count=0,suspend event sub count=0
info|2023-07-08 08:48:07.229451|[SDK][WS][SERVICE]connected nodes,count=2
info|2023-07-08 08:48:27.185468|[EVENT][SUB][doLoop]event sub tasks report,working event sub count=0,suspend event sub count=0
info|2023-07-08 08:48:27.229580|[SDK][WS][SERVICE]connected nodes,count=2
info|2023-07-08 08:48:47.185702|[EVENT][SUB][doLoop]event sub tasks report,working event sub count=0,suspend event sub count=0
info|2023-07-08 08:48:47.229893|[SDK][WS][SERVICE]connected nodes,count=2
info|2023-07-08 08:49:07.186219|[EVENT][SUB][doLoop]event sub tasks report,working event sub count=0,suspend event sub count=0
info|2023-07-08 08:49:07.230160|[SDK][WS][SERVICE]connected nodes,count=2
info|2023-07-08 08:49:27.186612|[EVENT][SUB][doLoop]event sub tasks report,working event sub count=0,suspend event sub count=0
info|2023-07-08 08:49:27.230700|[SDK][WS][SERVICE]connected nodes,count=2
info|2023-07-08 08:49:47.187111|[EVENT][SUB][doLoop]event sub tasks report,working event sub count=0,suspend event sub count=0
info|2023-07-08 08:49:47.231511|[SDK][WS][SERVICE]connected nodes,count=2
info|2023-07-08 08:50:07.187631|[EVENT][SUB][doLoop]event sub tasks report,working event sub count=0,suspend event sub count=0
info|2023-07-08 08:50:07.231694|[SDK][WS][SERVICE]connected nodes,count=2
info|2023-07-08 08:50:27.187991|[EVENT][SUB][doLoop]event sub tasks report,working event sub count=0,suspend event sub count=0
info|2023-07-08 08:50:27.231987|[SDK][WS][SERVICE]connected nodes,count=2
info|2023-07-08 08:50:47.188581|[EVENT][SUB][doLoop]event sub tasks report,working event sub count=0,suspend event sub count=0
info|2023-07-08 08:50:47.232129|[SDK][WS][SERVICE]connected nodes,count=2
info|2023-07-08 08:51:07.188740|[EVENT][SUB][doLoop]event sub tasks report,working event sub count=0,suspend event sub count=0
info|2023-07-08 08:51:07.232887|[SDK][WS][SERVICE]connected nodes,count=2
info|2023-07-08 08:51:27.188799|[EVENT][SUB][doLoop]event sub tasks report,working event sub count=0,suspend event sub count=0
info|2023-07-08 08:51:27.233216|[SDK][WS][SERVICE]connected nodes,count=2
info|2023-07-08 08:51:47.189158|[EVENT][SUB][doLoop]event sub tasks report,working event sub count=0,suspend event sub count=0
info|2023-07-08 08:51:47.233440|[SDK][WS][SERVICE]connected nodes,count=2
info|2023-07-08 08:52:07.189594|[EVENT][SUB][doLoop]event sub tasks report,working event sub count=0,suspend event sub count=0
info|2023-07-08 08:52:07.234103|[SDK][WS][SERVICE]connected nodes,count=2
info|2023-07-08 08:52:27.189662|[EVENT][SUB][doLoop]event sub tasks report,working event sub count=0,suspend event sub count=0
info|2023-07-08 08:52:27.234604|[SDK][WS][SERVICE]connected nodes,count=2
info|2023-07-08 08:52:47.189962|[EVENT][SUB][doLoop]event sub tasks report,working event sub count=0,suspend event sub count=0
info|2023-07-08 08:52:47.234907|[SDK][WS][SERVICE]connected nodes,count=2
info|2023-07-08 08:53:07.190498|[EVENT][SUB][doLoop]event sub tasks report,working event sub count=0,suspend event sub count=0
info|2023-07-08 08:53:07.235583|[SDK][WS][SERVICE]connected nodes,count=2
info|2023-07-08 08:53:27.191105|[EVENT][SUB][doLoop]event sub tasks report,working event sub count=0,suspend event sub count=0
info|2023-07-08 08:53:27.236345|[SDK][WS][SERVICE]connected nodes,count=2
info|2023-07-08 08:53:47.191547|[EVENT][SUB][doLoop]event sub tasks report,working event sub count=0,suspend event sub count=0
info|2023-07-08 08:53:47.236845|[SDK][WS][SERVICE]connected nodes,count=2
info|2023-07-08 08:54:07.191785|[EVENT][SUB][doLoop]event sub tasks report,working event sub count=0,suspend event sub count=0
info|2023-07-08 08:54:07.237110|[SDK][WS][SERVICE]connected nodes,count=2
info|2023-07-08 08:54:27.192586|[EVENT][SUB][doLoop]event sub tasks report,working event sub count=0,suspend event sub count=0
info|2023-07-08 08:54:27.237820|[SDK][WS][SERVICE]connected nodes,count=2
info|2023-07-08 08:54:47.192758|[EVENT][SUB][doLoop]event sub tasks report,working event sub count=0,suspend event sub count=0
info|2023-07-08 08:54:47.237919|[SDK][WS][SERVICE]connected nodes,count=2
info|2023-07-08 08:55:07.192954|[EVENT][SUB][doLoop]event sub tasks report,working event sub count=0,suspend event sub count=0
info|2023-07-08 08:55:07.238214|[SDK][WS][SERVICE]connected nodes,count=2
info|2023-07-08 08:55:27.193092|[EVENT][SUB][doLoop]event sub tasks report,working event sub count=0,suspend event sub count=0
info|2023-07-08 08:55:27.238446|[SDK][WS][SERVICE]connected nodes,count=2
info|2023-07-08 08:55:47.193281|[EVENT][SUB][doLoop]event sub tasks report,working event sub count=0,suspend event sub count=0
info|2023-07-08 08:55:47.238858|[SDK][WS][SERVICE]connected nodes,count=2
info|2023-07-08 08:56:07.193569|[EVENT][SUB][doLoop]event sub tasks report,working event sub count=0,suspend event sub count=0
info|2023-07-08 08:56:07.239024|[SDK][WS][SERVICE]connected nodes,count=2
info|2023-07-08 08:56:27.193946|[EVENT][SUB][doLoop]event sub tasks report,working event sub count=0,suspend event sub count=0
info|2023-07-08 08:56:27.239738|[SDK][WS][SERVICE]connected nodes,count=2
info|2023-07-08 08:56:47.194121|[EVENT][SUB][doLoop]event sub tasks report,working event sub count=0,suspend event sub count=0
info|2023-07-08 08:56:47.239867|[SDK][WS][SERVICE]connected nodes,count=2
info|2023-07-08 08:57:07.194166|[EVENT][SUB][doLoop]event sub tasks report,working event sub count=0,suspend event sub count=0
info|2023-07-08 08:57:07.240307|[SDK][WS][SERVICE]connected nodes,count=2
info|2023-07-08 08:57:13.830829|[RPC][BLOCK][NUMBER][fromJson],group=group0,node=98a7f70ec883a722219d92253cf073a72605f4087aa3443c8e4aadc0af2dc3ac647d0fa1b5ac99cd6987abafe6d690ae71cd5fd2aeeabe7589bfb4748aabdfba,blockNumber=1887
info|2023-07-08 08:57:13.830852|[RPCWS][SERVICE][onRecvBlockNotifier]receive block number notifier,group=group0,node=98a7f70ec883a722219d92253cf073a72605f4087aa3443c8e4aadc0af2dc3ac647d0fa1b5ac99cd6987abafe6d690ae71cd5fd2aeeabe7589bfb4748aabdfba,blockNumber=1887
info|2023-07-08 08:57:13.830857|[RPCWS][SERVICE][updateGroupBlockNumber],groupID=group0,_blockNumber=1887
info|2023-07-08 08:57:13.830861|[RPCWS][SERVICE][onRecvBlockNotifier]block notifier callback,group=group0,node=98a7f70ec883a722219d92253cf073a72605f4087aa3443c8e4aadc0af2dc3ac647d0fa1b5ac99cd6987abafe6d690ae71cd5fd2aeeabe7589bfb4748aabdfba,blockNumber=1887
info|2023-07-08 08:57:13.830865|[WS]receive block notify,endpoint=127.0.0.1:20200,blk={
	"blockNumber" : 1887,
	"group" : "group0",
	"nodeName" : "98a7f70ec883a722219d92253cf073a72605f4087aa3443c8e4aadc0af2dc3ac647d0fa1b5ac99cd6987abafe6d690ae71cd5fd2aeeabe7589bfb4748aabdfba"
}
info|2023-07-08 08:57:13.947353|[RPC][BLOCK][NUMBER][fromJson],group=group0,node=2f993327933ad58672518b6d4f63920cbc68b80f78f4d81192552ee6362f5cc81ee13bdc678ad65f06e76444cadb53b33694cfb3fc7679b8000411975fedd28a,blockNumber=1887
info|2023-07-08 08:57:13.947372|[RPCWS][SERVICE][onRecvBlockNotifier]receive block number notifier,group=group0,node=2f993327933ad58672518b6d4f63920cbc68b80f78f4d81192552ee6362f5cc81ee13bdc678ad65f06e76444cadb53b33694cfb3fc7679b8000411975fedd28a,blockNumber=1887
info|2023-07-08 08:57:13.947379|[WS]receive block notify,endpoint=127.0.0.1:20201,blk={
	"blockNumber" : 1887,
	"group" : "group0",
	"nodeName" : "2f993327933ad58672518b6d4f63920cbc68b80f78f4d81192552ee6362f5cc81ee13bdc678ad65f06e76444cadb53b33694cfb3fc7679b8000411975fedd28a"
}
info|2023-07-08 08:57:14.398402|[RPC][BLOCK][NUMBER][fromJson],group=group0,node=98a7f70ec883a722219d92253cf073a72605f4087aa3443c8e4aadc0af2dc3ac647d0fa1b5ac99cd6987abafe6d690ae71cd5fd2aeeabe7589bfb4748aabdfba,blockNumber=1888
info|2023-07-08 08:57:14.398434|[RPCWS][SERVICE][onRecvBlockNotifier]receive block number notifier,group=group0,node=98a7f70ec883a722219d92253cf073a72605f4087aa3443c8e4aadc0af2dc3ac647d0fa1b5ac99cd6987abafe6d690ae71cd5fd2aeeabe7589bfb4748aabdfba,blockNumber=1888
info|2023-07-08 08:57:14.398440|[RPCWS][SERVICE][updateGroupBlockNumber],groupID=group0,_blockNumber=1888
info|2023-07-08 08:57:14.398445|[RPCWS][SERVICE][onRecvBlockNotifier]block notifier callback,group=group0,node=98a7f70ec883a722219d92253cf073a72605f4087aa3443c8e4aadc0af2dc3ac647d0fa1b5ac99cd6987abafe6d690ae71cd5fd2aeeabe7589bfb4748aabdfba,blockNumber=1888
info|2023-07-08 08:57:14.398448|[WS]receive block notify,endpoint=127.0.0.1:20200,blk={
	"blockNumber" : 1888,
	"group" : "group0",
	"nodeName" : "98a7f70ec883a722219d92253cf073a72605f4087aa3443c8e4aadc0af2dc3ac647d0fa1b5ac99cd6987abafe6d690ae71cd5fd2aeeabe7589bfb4748aabdfba"
}
info|2023-07-08 08:57:14.414430|[RPC][BLOCK][NUMBER][fromJson],group=group0,node=2f993327933ad58672518b6d4f63920cbc68b80f78f4d81192552ee6362f5cc81ee13bdc678ad65f06e76444cadb53b33694cfb3fc7679b8000411975fedd28a,blockNumber=1888
info|2023-07-08 08:57:14.414450|[RPCWS][SERVICE][onRecvBlockNotifier]receive block number notifier,group=group0,node=2f993327933ad58672518b6d4f63920cbc68b80f78f4d81192552ee6362f5cc81ee13bdc678ad65f06e76444cadb53b33694cfb3fc7679b8000411975fedd28a,blockNumber=1888
info|2023-07-08 08:57:14.414456|[WS]receive block notify,endpoint=127.0.0.1:20201,blk={
	"blockNumber" : 1888,
	"group" : "group0",
	"nodeName" : "2f993327933ad58672518b6d4f63920cbc68b80f78f4d81192552ee6362f5cc81ee13bdc678ad65f06e76444cadb53b33694cfb3fc7679b8000411975fedd28a"
}
info|2023-07-08 08:57:14.956264|[RPC][BLOCK][NUMBER][fromJson],group=group0,node=98a7f70ec883a722219d92253cf073a72605f4087aa3443c8e4aadc0af2dc3ac647d0fa1b5ac99cd6987abafe6d690ae71cd5fd2aeeabe7589bfb4748aabdfba,blockNumber=1889
info|2023-07-08 08:57:14.956299|[RPCWS][SERVICE][onRecvBlockNotifier]receive block number notifier,group=group0,node=98a7f70ec883a722219d92253cf073a72605f4087aa3443c8e4aadc0af2dc3ac647d0fa1b5ac99cd6987abafe6d690ae71cd5fd2aeeabe7589bfb4748aabdfba,blockNumber=1889
info|2023-07-08 08:57:14.956306|[RPCWS][SERVICE][updateGroupBlockNumber],groupID=group0,_blockNumber=1889
info|2023-07-08 08:57:14.956310|[RPCWS][SERVICE][onRecvBlockNotifier]block notifier callback,group=group0,node=98a7f70ec883a722219d92253cf073a72605f4087aa3443c8e4aadc0af2dc3ac647d0fa1b5ac99cd6987abafe6d690ae71cd5fd2aeeabe7589bfb4748aabdfba,blockNumber=1889
info|2023-07-08 08:57:14.956313|[WS]receive block notify,endpoint=127.0.0.1:20200,blk={
	"blockNumber" : 1889,
	"group" : "group0",
	"nodeName" : "98a7f70ec883a722219d92253cf073a72605f4087aa3443c8e4aadc0af2dc3ac647d0fa1b5ac99cd6987abafe6d690ae71cd5fd2aeeabe7589bfb4748aabdfba"
}
info|2023-07-08 08:57:14.988347|[RPC][BLOCK][NUMBER][fromJson],group=group0,node=2f993327933ad58672518b6d4f63920cbc68b80f78f4d81192552ee6362f5cc81ee13bdc678ad65f06e76444cadb53b33694cfb3fc7679b8000411975fedd28a,blockNumber=1889
info|2023-07-08 08:57:14.988369|[RPCWS][SERVICE][onRecvBlockNotifier]receive block number notifier,group=group0,node=2f993327933ad58672518b6d4f63920cbc68b80f78f4d81192552ee6362f5cc81ee13bdc678ad65f06e76444cadb53b33694cfb3fc7679b8000411975fedd28a,blockNumber=1889
info|2023-07-08 08:57:14.988375|[WS]receive block notify,endpoint=127.0.0.1:20201,blk={
	"blockNumber" : 1889,
	"group" : "group0",
	"nodeName" : "2f993327933ad58672518b6d4f63920cbc68b80f78f4d81192552ee6362f5cc81ee13bdc678ad65f06e76444cadb53b33694cfb3fc7679b8000411975fedd28a"
}
info|2023-07-08 08:57:15.541832|[RPC][BLOCK][NUMBER][fromJson],group=group0,node=98a7f70ec883a722219d92253cf073a72605f4087aa3443c8e4aadc0af2dc3ac647d0fa1b5ac99cd6987abafe6d690ae71cd5fd2aeeabe7589bfb4748aabdfba,blockNumber=1890
info|2023-07-08 08:57:15.541850|[RPCWS][SERVICE][onRecvBlockNotifier]receive block number notifier,group=group0,node=98a7f70ec883a722219d92253cf073a72605f4087aa3443c8e4aadc0af2dc3ac647d0fa1b5ac99cd6987abafe6d690ae71cd5fd2aeeabe7589bfb4748aabdfba,blockNumber=1890
info|2023-07-08 08:57:15.541855|[RPCWS][SERVICE][updateGroupBlockNumber],groupID=group0,_blockNumber=1890
info|2023-07-08 08:57:15.541859|[RPCWS][SERVICE][onRecvBlockNotifier]block notifier callback,group=group0,node=98a7f70ec883a722219d92253cf073a72605f4087aa3443c8e4aadc0af2dc3ac647d0fa1b5ac99cd6987abafe6d690ae71cd5fd2aeeabe7589bfb4748aabdfba,blockNumber=1890
info|2023-07-08 08:57:15.541884|[WS]receive block notify,endpoint=127.0.0.1:20200,blk={
	"blockNumber" : 1890,
	"group" : "group0",
	"nodeName" : "98a7f70ec883a722219d92253cf073a72605f4087aa3443c8e4aadc0af2dc3ac647d0fa1b5ac99cd6987abafe6d690ae71cd5fd2aeeabe7589bfb4748aabdfba"
}
info|2023-07-08 08:57:15.603202|[RPC][BLOCK][NUMBER][fromJson],group=group0,node=2f993327933ad58672518b6d4f63920cbc68b80f78f4d81192552ee6362f5cc81ee13bdc678ad65f06e76444cadb53b33694cfb3fc7679b8000411975fedd28a,blockNumber=1890
info|2023-07-08 08:57:15.603231|[RPCWS][SERVICE][onRecvBlockNotifier]receive block number notifier,group=group0,node=2f993327933ad58672518b6d4f63920cbc68b80f78f4d81192552ee6362f5cc81ee13bdc678ad65f06e76444cadb53b33694cfb3fc7679b8000411975fedd28a,blockNumber=1890
info|2023-07-08 08:57:15.603237|[WS]receive block notify,endpoint=127.0.0.1:20201,blk={
	"blockNumber" : 1890,
	"group" : "group0",
	"nodeName" : "2f993327933ad58672518b6d4f63920cbc68b80f78f4d81192552ee6362f5cc81ee13bdc678ad65f06e76444cadb53b33694cfb3fc7679b8000411975fedd28a"
}
info|2023-07-08 08:57:16.102636|[RPC][BLOCK][NUMBER][fromJson],group=group0,node=98a7f70ec883a722219d92253cf073a72605f4087aa3443c8e4aadc0af2dc3ac647d0fa1b5ac99cd6987abafe6d690ae71cd5fd2aeeabe7589bfb4748aabdfba,blockNumber=1891
info|2023-07-08 08:57:16.102659|[RPCWS][SERVICE][onRecvBlockNotifier]receive block number notifier,group=group0,node=98a7f70ec883a722219d92253cf073a72605f4087aa3443c8e4aadc0af2dc3ac647d0fa1b5ac99cd6987abafe6d690ae71cd5fd2aeeabe7589bfb4748aabdfba,blockNumber=1891
info|2023-07-08 08:57:16.102664|[RPCWS][SERVICE][updateGroupBlockNumber],groupID=group0,_blockNumber=1891
info|2023-07-08 08:57:16.102668|[RPCWS][SERVICE][onRecvBlockNotifier]block notifier callback,group=group0,node=98a7f70ec883a722219d92253cf073a72605f4087aa3443c8e4aadc0af2dc3ac647d0fa1b5ac99cd6987abafe6d690ae71cd5fd2aeeabe7589bfb4748aabdfba,blockNumber=1891
info|2023-07-08 08:57:16.102672|[WS]receive block notify,endpoint=127.0.0.1:20200,blk={
	"blockNumber" : 1891,
	"group" : "group0",
	"nodeName" : "98a7f70ec883a722219d92253cf073a72605f4087aa3443c8e4aadc0af2dc3ac647d0fa1b5ac99cd6987abafe6d690ae71cd5fd2aeeabe7589bfb4748aabdfba"
}
info|2023-07-08 08:57:16.143440|[RPC][BLOCK][NUMBER][fromJson],group=group0,node=2f993327933ad58672518b6d4f63920cbc68b80f78f4d81192552ee6362f5cc81ee13bdc678ad65f06e76444cadb53b33694cfb3fc7679b8000411975fedd28a,blockNumber=1891
info|2023-07-08 08:57:16.143461|[RPCWS][SERVICE][onRecvBlockNotifier]receive block number notifier,group=group0,node=2f993327933ad58672518b6d4f63920cbc68b80f78f4d81192552ee6362f5cc81ee13bdc678ad65f06e76444cadb53b33694cfb3fc7679b8000411975fedd28a,blockNumber=1891
info|2023-07-08 08:57:16.143468|[WS]receive block notify,endpoint=127.0.0.1:20201,blk={
	"blockNumber" : 1891,
	"group" : "group0",
	"nodeName" : "2f993327933ad58672518b6d4f63920cbc68b80f78f4d81192552ee6362f5cc81ee13bdc678ad65f06e76444cadb53b33694cfb3fc7679b8000411975fedd28a"
}
info|2023-07-08 08:57:16.626449|[RPC][BLOCK][NUMBER][fromJson],group=group0,node=98a7f70ec883a722219d92253cf073a72605f4087aa3443c8e4aadc0af2dc3ac647d0fa1b5ac99cd6987abafe6d690ae71cd5fd2aeeabe7589bfb4748aabdfba,blockNumber=1892
info|2023-07-08 08:57:16.626470|[RPCWS][SERVICE][onRecvBlockNotifier]receive block number notifier,group=group0,node=98a7f70ec883a722219d92253cf073a72605f4087aa3443c8e4aadc0af2dc3ac647d0fa1b5ac99cd6987abafe6d690ae71cd5fd2aeeabe7589bfb4748aabdfba,blockNumber=1892
info|2023-07-08 08:57:16.626475|[RPCWS][SERVICE][updateGroupBlockNumber],groupID=group0,_blockNumber=1892
info|2023-07-08 08:57:16.626480|[RPCWS][SERVICE][onRecvBlockNotifier]block notifier callback,group=group0,node=98a7f70ec883a722219d92253cf073a72605f4087aa3443c8e4aadc0af2dc3ac647d0fa1b5ac99cd6987abafe6d690ae71cd5fd2aeeabe7589bfb4748aabdfba,blockNumber=1892
info|2023-07-08 08:57:16.626484|[WS]receive block notify,endpoint=127.0.0.1:20200,blk={
	"blockNumber" : 1892,
	"group" : "group0",
	"nodeName" : "98a7f70ec883a722219d92253cf073a72605f4087aa3443c8e4aadc0af2dc3ac647d0fa1b5ac99cd6987abafe6d690ae71cd5fd2aeeabe7589bfb4748aabdfba"
}
info|2023-07-08 08:57:16.631610|[RPC][BLOCK][NUMBER][fromJson],group=group0,node=2f993327933ad58672518b6d4f63920cbc68b80f78f4d81192552ee6362f5cc81ee13bdc678ad65f06e76444cadb53b33694cfb3fc7679b8000411975fedd28a,blockNumber=1892
info|2023-07-08 08:57:16.631631|[RPCWS][SERVICE][onRecvBlockNotifier]receive block number notifier,group=group0,node=2f993327933ad58672518b6d4f63920cbc68b80f78f4d81192552ee6362f5cc81ee13bdc678ad65f06e76444cadb53b33694cfb3fc7679b8000411975fedd28a,blockNumber=1892
info|2023-07-08 08:57:16.631660|[WS]receive block notify,endpoint=127.0.0.1:20201,blk={
	"blockNumber" : 1892,
	"group" : "group0",
	"nodeName" : "2f993327933ad58672518b6d4f63920cbc68b80f78f4d81192552ee6362f5cc81ee13bdc678ad65f06e76444cadb53b33694cfb3fc7679b8000411975fedd28a"
}
info|2023-07-08 08:57:17.167318|[RPC][BLOCK][NUMBER][fromJson],group=group0,node=98a7f70ec883a722219d92253cf073a72605f4087aa3443c8e4aadc0af2dc3ac647d0fa1b5ac99cd6987abafe6d690ae71cd5fd2aeeabe7589bfb4748aabdfba,blockNumber=1893
info|2023-07-08 08:57:17.167369|[RPCWS][SERVICE][onRecvBlockNotifier]receive block number notifier,group=group0,node=98a7f70ec883a722219d92253cf073a72605f4087aa3443c8e4aadc0af2dc3ac647d0fa1b5ac99cd6987abafe6d690ae71cd5fd2aeeabe7589bfb4748aabdfba,blockNumber=1893
info|2023-07-08 08:57:17.167379|[RPCWS][SERVICE][updateGroupBlockNumber],groupID=group0,_blockNumber=1893
info|2023-07-08 08:57:17.167385|[RPCWS][SERVICE][onRecvBlockNotifier]block notifier callback,group=group0,node=98a7f70ec883a722219d92253cf073a72605f4087aa3443c8e4aadc0af2dc3ac647d0fa1b5ac99cd6987abafe6d690ae71cd5fd2aeeabe7589bfb4748aabdfba,blockNumber=1893
info|2023-07-08 08:57:17.167391|[WS]receive block notify,endpoint=127.0.0.1:20200,blk={
	"blockNumber" : 1893,
	"group" : "group0",
	"nodeName" : "98a7f70ec883a722219d92253cf073a72605f4087aa3443c8e4aadc0af2dc3ac647d0fa1b5ac99cd6987abafe6d690ae71cd5fd2aeeabe7589bfb4748aabdfba"
}
info|2023-07-08 08:57:17.206840|[RPC][BLOCK][NUMBER][fromJson],group=group0,node=2f993327933ad58672518b6d4f63920cbc68b80f78f4d81192552ee6362f5cc81ee13bdc678ad65f06e76444cadb53b33694cfb3fc7679b8000411975fedd28a,blockNumber=1893
info|2023-07-08 08:57:17.206882|[RPCWS][SERVICE][onRecvBlockNotifier]receive block number notifier,group=group0,node=2f993327933ad58672518b6d4f63920cbc68b80f78f4d81192552ee6362f5cc81ee13bdc678ad65f06e76444cadb53b33694cfb3fc7679b8000411975fedd28a,blockNumber=1893
info|2023-07-08 08:57:17.206889|[WS]receive block notify,endpoint=127.0.0.1:20201,blk={
	"blockNumber" : 1893,
	"group" : "group0",
	"nodeName" : "2f993327933ad58672518b6d4f63920cbc68b80f78f4d81192552ee6362f5cc81ee13bdc678ad65f06e76444cadb53b33694cfb3fc7679b8000411975fedd28a"
}
info|2023-07-08 08:57:17.784856|[RPC][BLOCK][NUMBER][fromJson],group=group0,node=98a7f70ec883a722219d92253cf073a72605f4087aa3443c8e4aadc0af2dc3ac647d0fa1b5ac99cd6987abafe6d690ae71cd5fd2aeeabe7589bfb4748aabdfba,blockNumber=1894
info|2023-07-08 08:57:17.784890|[RPCWS][SERVICE][onRecvBlockNotifier]receive block number notifier,group=group0,node=98a7f70ec883a722219d92253cf073a72605f4087aa3443c8e4aadc0af2dc3ac647d0fa1b5ac99cd6987abafe6d690ae71cd5fd2aeeabe7589bfb4748aabdfba,blockNumber=1894
info|2023-07-08 08:57:17.784899|[RPCWS][SERVICE][updateGroupBlockNumber],groupID=group0,_blockNumber=1894
info|2023-07-08 08:57:17.784907|[RPCWS][SERVICE][onRecvBlockNotifier]block notifier callback,group=group0,node=98a7f70ec883a722219d92253cf073a72605f4087aa3443c8e4aadc0af2dc3ac647d0fa1b5ac99cd6987abafe6d690ae71cd5fd2aeeabe7589bfb4748aabdfba,blockNumber=1894
info|2023-07-08 08:57:17.784913|[WS]receive block notify,endpoint=127.0.0.1:20200,blk={
	"blockNumber" : 1894,
	"group" : "group0",
	"nodeName" : "98a7f70ec883a722219d92253cf073a72605f4087aa3443c8e4aadc0af2dc3ac647d0fa1b5ac99cd6987abafe6d690ae71cd5fd2aeeabe7589bfb4748aabdfba"
}
info|2023-07-08 08:57:17.813760|[RPC][BLOCK][NUMBER][fromJson],group=group0,node=2f993327933ad58672518b6d4f63920cbc68b80f78f4d81192552ee6362f5cc81ee13bdc678ad65f06e76444cadb53b33694cfb3fc7679b8000411975fedd28a,blockNumber=1894
info|2023-07-08 08:57:17.813834|[RPCWS][SERVICE][onRecvBlockNotifier]receive block number notifier,group=group0,node=2f993327933ad58672518b6d4f63920cbc68b80f78f4d81192552ee6362f5cc81ee13bdc678ad65f06e76444cadb53b33694cfb3fc7679b8000411975fedd28a,blockNumber=1894
info|2023-07-08 08:57:17.813849|[WS]receive block notify,endpoint=127.0.0.1:20201,blk={
	"blockNumber" : 1894,
	"group" : "group0",
	"nodeName" : "2f993327933ad58672518b6d4f63920cbc68b80f78f4d81192552ee6362f5cc81ee13bdc678ad65f06e76444cadb53b33694cfb3fc7679b8000411975fedd28a"
}
info|2023-07-08 08:57:18.332361|[RPC][BLOCK][NUMBER][fromJson],group=group0,node=98a7f70ec883a722219d92253cf073a72605f4087aa3443c8e4aadc0af2dc3ac647d0fa1b5ac99cd6987abafe6d690ae71cd5fd2aeeabe7589bfb4748aabdfba,blockNumber=1895
info|2023-07-08 08:57:18.332420|[RPCWS][SERVICE][onRecvBlockNotifier]receive block number notifier,group=group0,node=98a7f70ec883a722219d92253cf073a72605f4087aa3443c8e4aadc0af2dc3ac647d0fa1b5ac99cd6987abafe6d690ae71cd5fd2aeeabe7589bfb4748aabdfba,blockNumber=1895
info|2023-07-08 08:57:18.332431|[RPCWS][SERVICE][updateGroupBlockNumber],groupID=group0,_blockNumber=1895
info|2023-07-08 08:57:18.332437|[RPCWS][SERVICE][onRecvBlockNotifier]block notifier callback,group=group0,node=98a7f70ec883a722219d92253cf073a72605f4087aa3443c8e4aadc0af2dc3ac647d0fa1b5ac99cd6987abafe6d690ae71cd5fd2aeeabe7589bfb4748aabdfba,blockNumber=1895
info|2023-07-08 08:57:18.332442|[WS]receive block notify,endpoint=127.0.0.1:20200,blk={
	"blockNumber" : 1895,
	"group" : "group0",
	"nodeName" : "98a7f70ec883a722219d92253cf073a72605f4087aa3443c8e4aadc0af2dc3ac647d0fa1b5ac99cd6987abafe6d690ae71cd5fd2aeeabe7589bfb4748aabdfba"
}
info|2023-07-08 08:57:18.394333|[RPC][BLOCK][NUMBER][fromJson],group=group0,node=2f993327933ad58672518b6d4f63920cbc68b80f78f4d81192552ee6362f5cc81ee13bdc678ad65f06e76444cadb53b33694cfb3fc7679b8000411975fedd28a,blockNumber=1895
info|2023-07-08 08:57:18.394373|[RPCWS][SERVICE][onRecvBlockNotifier]receive block number notifier,group=group0,node=2f993327933ad58672518b6d4f63920cbc68b80f78f4d81192552ee6362f5cc81ee13bdc678ad65f06e76444cadb53b33694cfb3fc7679b8000411975fedd28a,blockNumber=1895
info|2023-07-08 08:57:18.394387|[WS]receive block notify,endpoint=127.0.0.1:20201,blk={
	"blockNumber" : 1895,
	"group" : "group0",
	"nodeName" : "2f993327933ad58672518b6d4f63920cbc68b80f78f4d81192552ee6362f5cc81ee13bdc678ad65f06e76444cadb53b33694cfb3fc7679b8000411975fedd28a"
}
info|2023-07-08 08:57:18.885727|[RPC][BLOCK][NUMBER][fromJson],group=group0,node=98a7f70ec883a722219d92253cf073a72605f4087aa3443c8e4aadc0af2dc3ac647d0fa1b5ac99cd6987abafe6d690ae71cd5fd2aeeabe7589bfb4748aabdfba,blockNumber=1896
info|2023-07-08 08:57:18.885897|[RPCWS][SERVICE][onRecvBlockNotifier]receive block number notifier,group=group0,node=98a7f70ec883a722219d92253cf073a72605f4087aa3443c8e4aadc0af2dc3ac647d0fa1b5ac99cd6987abafe6d690ae71cd5fd2aeeabe7589bfb4748aabdfba,blockNumber=1896
info|2023-07-08 08:57:18.885978|[RPCWS][SERVICE][updateGroupBlockNumber],groupID=group0,_blockNumber=1896
info|2023-07-08 08:57:18.885988|[RPCWS][SERVICE][onRecvBlockNotifier]block notifier callback,group=group0,node=98a7f70ec883a722219d92253cf073a72605f4087aa3443c8e4aadc0af2dc3ac647d0fa1b5ac99cd6987abafe6d690ae71cd5fd2aeeabe7589bfb4748aabdfba,blockNumber=1896
info|2023-07-08 08:57:18.885997|[WS]receive block notify,endpoint=127.0.0.1:20200,blk={
	"blockNumber" : 1896,
	"group" : "group0",
	"nodeName" : "98a7f70ec883a722219d92253cf073a72605f4087aa3443c8e4aadc0af2dc3ac647d0fa1b5ac99cd6987abafe6d690ae71cd5fd2aeeabe7589bfb4748aabdfba"
}
info|2023-07-08 08:57:18.951890|[RPC][BLOCK][NUMBER][fromJson],group=group0,node=2f993327933ad58672518b6d4f63920cbc68b80f78f4d81192552ee6362f5cc81ee13bdc678ad65f06e76444cadb53b33694cfb3fc7679b8000411975fedd28a,blockNumber=1896
info|2023-07-08 08:57:18.951934|[RPCWS][SERVICE][onRecvBlockNotifier]receive block number notifier,group=group0,node=2f993327933ad58672518b6d4f63920cbc68b80f78f4d81192552ee6362f5cc81ee13bdc678ad65f06e76444cadb53b33694cfb3fc7679b8000411975fedd28a,blockNumber=1896
info|2023-07-08 08:57:18.951949|[WS]receive block notify,endpoint=127.0.0.1:20201,blk={
	"blockNumber" : 1896,
	"group" : "group0",
	"nodeName" : "2f993327933ad58672518b6d4f63920cbc68b80f78f4d81192552ee6362f5cc81ee13bdc678ad65f06e76444cadb53b33694cfb3fc7679b8000411975fedd28a"
}
info|2023-07-08 08:57:19.426939|[RPC][BLOCK][NUMBER][fromJson],group=group0,node=98a7f70ec883a722219d92253cf073a72605f4087aa3443c8e4aadc0af2dc3ac647d0fa1b5ac99cd6987abafe6d690ae71cd5fd2aeeabe7589bfb4748aabdfba,blockNumber=1897
info|2023-07-08 08:57:19.426977|[RPCWS][SERVICE][onRecvBlockNotifier]receive block number notifier,group=group0,node=98a7f70ec883a722219d92253cf073a72605f4087aa3443c8e4aadc0af2dc3ac647d0fa1b5ac99cd6987abafe6d690ae71cd5fd2aeeabe7589bfb4748aabdfba,blockNumber=1897
info|2023-07-08 08:57:19.426983|[RPCWS][SERVICE][updateGroupBlockNumber],groupID=group0,_blockNumber=1897
info|2023-07-08 08:57:19.426987|[RPCWS][SERVICE][onRecvBlockNotifier]block notifier callback,group=group0,node=98a7f70ec883a722219d92253cf073a72605f4087aa3443c8e4aadc0af2dc3ac647d0fa1b5ac99cd6987abafe6d690ae71cd5fd2aeeabe7589bfb4748aabdfba,blockNumber=1897
info|2023-07-08 08:57:19.426991|[WS]receive block notify,endpoint=127.0.0.1:20200,blk={
	"blockNumber" : 1897,
	"group" : "group0",
	"nodeName" : "98a7f70ec883a722219d92253cf073a72605f4087aa3443c8e4aadc0af2dc3ac647d0fa1b5ac99cd6987abafe6d690ae71cd5fd2aeeabe7589bfb4748aabdfba"
}
info|2023-07-08 08:57:19.444615|[RPC][BLOCK][NUMBER][fromJson],group=group0,node=2f993327933ad58672518b6d4f63920cbc68b80f78f4d81192552ee6362f5cc81ee13bdc678ad65f06e76444cadb53b33694cfb3fc7679b8000411975fedd28a,blockNumber=1897
info|2023-07-08 08:57:19.444637|[RPCWS][SERVICE][onRecvBlockNotifier]receive block number notifier,group=group0,node=2f993327933ad58672518b6d4f63920cbc68b80f78f4d81192552ee6362f5cc81ee13bdc678ad65f06e76444cadb53b33694cfb3fc7679b8000411975fedd28a,blockNumber=1897
info|2023-07-08 08:57:19.444644|[WS]receive block notify,endpoint=127.0.0.1:20201,blk={
	"blockNumber" : 1897,
	"group" : "group0",
	"nodeName" : "2f993327933ad58672518b6d4f63920cbc68b80f78f4d81192552ee6362f5cc81ee13bdc678ad65f06e76444cadb53b33694cfb3fc7679b8000411975fedd28a"
}
info|2023-07-08 08:57:20.012465|[RPC][BLOCK][NUMBER][fromJson],group=group0,node=98a7f70ec883a722219d92253cf073a72605f4087aa3443c8e4aadc0af2dc3ac647d0fa1b5ac99cd6987abafe6d690ae71cd5fd2aeeabe7589bfb4748aabdfba,blockNumber=1898
info|2023-07-08 08:57:20.012491|[RPCWS][SERVICE][onRecvBlockNotifier]receive block number notifier,group=group0,node=98a7f70ec883a722219d92253cf073a72605f4087aa3443c8e4aadc0af2dc3ac647d0fa1b5ac99cd6987abafe6d690ae71cd5fd2aeeabe7589bfb4748aabdfba,blockNumber=1898
info|2023-07-08 08:57:20.012498|[RPCWS][SERVICE][updateGroupBlockNumber],groupID=group0,_blockNumber=1898
info|2023-07-08 08:57:20.012504|[RPCWS][SERVICE][onRecvBlockNotifier]block notifier callback,group=group0,node=98a7f70ec883a722219d92253cf073a72605f4087aa3443c8e4aadc0af2dc3ac647d0fa1b5ac99cd6987abafe6d690ae71cd5fd2aeeabe7589bfb4748aabdfba,blockNumber=1898
info|2023-07-08 08:57:20.012509|[WS]receive block notify,endpoint=127.0.0.1:20200,blk={
	"blockNumber" : 1898,
	"group" : "group0",
	"nodeName" : "98a7f70ec883a722219d92253cf073a72605f4087aa3443c8e4aadc0af2dc3ac647d0fa1b5ac99cd6987abafe6d690ae71cd5fd2aeeabe7589bfb4748aabdfba"
}
info|2023-07-08 08:57:20.046277|[RPC][BLOCK][NUMBER][fromJson],group=group0,node=2f993327933ad58672518b6d4f63920cbc68b80f78f4d81192552ee6362f5cc81ee13bdc678ad65f06e76444cadb53b33694cfb3fc7679b8000411975fedd28a,blockNumber=1898
info|2023-07-08 08:57:20.046297|[RPCWS][SERVICE][onRecvBlockNotifier]receive block number notifier,group=group0,node=2f993327933ad58672518b6d4f63920cbc68b80f78f4d81192552ee6362f5cc81ee13bdc678ad65f06e76444cadb53b33694cfb3fc7679b8000411975fedd28a,blockNumber=1898
info|2023-07-08 08:57:20.046304|[WS]receive block notify,endpoint=127.0.0.1:20201,blk={
	"blockNumber" : 1898,
	"group" : "group0",
	"nodeName" : "2f993327933ad58672518b6d4f63920cbc68b80f78f4d81192552ee6362f5cc81ee13bdc678ad65f06e76444cadb53b33694cfb3fc7679b8000411975fedd28a"
}
info|2023-07-08 08:57:20.568799|[RPC][BLOCK][NUMBER][fromJson],group=group0,node=98a7f70ec883a722219d92253cf073a72605f4087aa3443c8e4aadc0af2dc3ac647d0fa1b5ac99cd6987abafe6d690ae71cd5fd2aeeabe7589bfb4748aabdfba,blockNumber=1899
info|2023-07-08 08:57:20.568823|[RPCWS][SERVICE][onRecvBlockNotifier]receive block number notifier,group=group0,node=98a7f70ec883a722219d92253cf073a72605f4087aa3443c8e4aadc0af2dc3ac647d0fa1b5ac99cd6987abafe6d690ae71cd5fd2aeeabe7589bfb4748aabdfba,blockNumber=1899
info|2023-07-08 08:57:20.568828|[RPCWS][SERVICE][updateGroupBlockNumber],groupID=group0,_blockNumber=1899
info|2023-07-08 08:57:20.568833|[RPCWS][SERVICE][onRecvBlockNotifier]block notifier callback,group=group0,node=98a7f70ec883a722219d92253cf073a72605f4087aa3443c8e4aadc0af2dc3ac647d0fa1b5ac99cd6987abafe6d690ae71cd5fd2aeeabe7589bfb4748aabdfba,blockNumber=1899
info|2023-07-08 08:57:20.568837|[WS]receive block notify,endpoint=127.0.0.1:20200,blk={
	"blockNumber" : 1899,
	"group" : "group0",
	"nodeName" : "98a7f70ec883a722219d92253cf073a72605f4087aa3443c8e4aadc0af2dc3ac647d0fa1b5ac99cd6987abafe6d690ae71cd5fd2aeeabe7589bfb4748aabdfba"
}
info|2023-07-08 08:57:20.630430|[RPC][BLOCK][NUMBER][fromJson],group=group0,node=2f993327933ad58672518b6d4f63920cbc68b80f78f4d81192552ee6362f5cc81ee13bdc678ad65f06e76444cadb53b33694cfb3fc7679b8000411975fedd28a,blockNumber=1899
info|2023-07-08 08:57:20.630454|[RPCWS][SERVICE][onRecvBlockNotifier]receive block number notifier,group=group0,node=2f993327933ad58672518b6d4f63920cbc68b80f78f4d81192552ee6362f5cc81ee13bdc678ad65f06e76444cadb53b33694cfb3fc7679b8000411975fedd28a,blockNumber=1899
info|2023-07-08 08:57:20.630460|[WS]receive block notify,endpoint=127.0.0.1:20201,blk={
	"blockNumber" : 1899,
	"group" : "group0",
	"nodeName" : "2f993327933ad58672518b6d4f63920cbc68b80f78f4d81192552ee6362f5cc81ee13bdc678ad65f06e76444cadb53b33694cfb3fc7679b8000411975fedd28a"
}
info|2023-07-08 08:57:21.115409|[RPC][BLOCK][NUMBER][fromJson],group=group0,node=98a7f70ec883a722219d92253cf073a72605f4087aa3443c8e4aadc0af2dc3ac647d0fa1b5ac99cd6987abafe6d690ae71cd5fd2aeeabe7589bfb4748aabdfba,blockNumber=1900
info|2023-07-08 08:57:21.115461|[RPCWS][SERVICE][onRecvBlockNotifier]receive block number notifier,group=group0,node=98a7f70ec883a722219d92253cf073a72605f4087aa3443c8e4aadc0af2dc3ac647d0fa1b5ac99cd6987abafe6d690ae71cd5fd2aeeabe7589bfb4748aabdfba,blockNumber=1900
info|2023-07-08 08:57:21.115467|[RPCWS][SERVICE][updateGroupBlockNumber],groupID=group0,_blockNumber=1900
info|2023-07-08 08:57:21.115471|[RPCWS][SERVICE][onRecvBlockNotifier]block notifier callback,group=group0,node=98a7f70ec883a722219d92253cf073a72605f4087aa3443c8e4aadc0af2dc3ac647d0fa1b5ac99cd6987abafe6d690ae71cd5fd2aeeabe7589bfb4748aabdfba,blockNumber=1900
info|2023-07-08 08:57:21.115475|[WS]receive block notify,endpoint=127.0.0.1:20200,blk={
	"blockNumber" : 1900,
	"group" : "group0",
	"nodeName" : "98a7f70ec883a722219d92253cf073a72605f4087aa3443c8e4aadc0af2dc3ac647d0fa1b5ac99cd6987abafe6d690ae71cd5fd2aeeabe7589bfb4748aabdfba"
}
info|2023-07-08 08:57:21.151981|[RPC][BLOCK][NUMBER][fromJson],group=group0,node=2f993327933ad58672518b6d4f63920cbc68b80f78f4d81192552ee6362f5cc81ee13bdc678ad65f06e76444cadb53b33694cfb3fc7679b8000411975fedd28a,blockNumber=1900
info|2023-07-08 08:57:21.152001|[RPCWS][SERVICE][onRecvBlockNotifier]receive block number notifier,group=group0,node=2f993327933ad58672518b6d4f63920cbc68b80f78f4d81192552ee6362f5cc81ee13bdc678ad65f06e76444cadb53b33694cfb3fc7679b8000411975fedd28a,blockNumber=1900
info|2023-07-08 08:57:21.152008|[WS]receive block notify,endpoint=127.0.0.1:20201,blk={
	"blockNumber" : 1900,
	"group" : "group0",
	"nodeName" : "2f993327933ad58672518b6d4f63920cbc68b80f78f4d81192552ee6362f5cc81ee13bdc678ad65f06e76444cadb53b33694cfb3fc7679b8000411975fedd28a"
}
info|2023-07-08 08:57:21.639539|[RPC][BLOCK][NUMBER][fromJson],group=group0,node=98a7f70ec883a722219d92253cf073a72605f4087aa3443c8e4aadc0af2dc3ac647d0fa1b5ac99cd6987abafe6d690ae71cd5fd2aeeabe7589bfb4748aabdfba,blockNumber=1901
info|2023-07-08 08:57:21.639583|[RPCWS][SERVICE][onRecvBlockNotifier]receive block number notifier,group=group0,node=98a7f70ec883a722219d92253cf073a72605f4087aa3443c8e4aadc0af2dc3ac647d0fa1b5ac99cd6987abafe6d690ae71cd5fd2aeeabe7589bfb4748aabdfba,blockNumber=1901
info|2023-07-08 08:57:21.639591|[RPCWS][SERVICE][updateGroupBlockNumber],groupID=group0,_blockNumber=1901
info|2023-07-08 08:57:21.639595|[RPCWS][SERVICE][onRecvBlockNotifier]block notifier callback,group=group0,node=98a7f70ec883a722219d92253cf073a72605f4087aa3443c8e4aadc0af2dc3ac647d0fa1b5ac99cd6987abafe6d690ae71cd5fd2aeeabe7589bfb4748aabdfba,blockNumber=1901
info|2023-07-08 08:57:21.639599|[WS]receive block notify,endpoint=127.0.0.1:20200,blk={
	"blockNumber" : 1901,
	"group" : "group0",
	"nodeName" : "98a7f70ec883a722219d92253cf073a72605f4087aa3443c8e4aadc0af2dc3ac647d0fa1b5ac99cd6987abafe6d690ae71cd5fd2aeeabe7589bfb4748aabdfba"
}
info|2023-07-08 08:57:21.699430|[RPC][BLOCK][NUMBER][fromJson],group=group0,node=2f993327933ad58672518b6d4f63920cbc68b80f78f4d81192552ee6362f5cc81ee13bdc678ad65f06e76444cadb53b33694cfb3fc7679b8000411975fedd28a,blockNumber=1901
info|2023-07-08 08:57:21.699456|[RPCWS][SERVICE][onRecvBlockNotifier]receive block number notifier,group=group0,node=2f993327933ad58672518b6d4f63920cbc68b80f78f4d81192552ee6362f5cc81ee13bdc678ad65f06e76444cadb53b33694cfb3fc7679b8000411975fedd28a,blockNumber=1901
info|2023-07-08 08:57:21.699464|[WS]receive block notify,endpoint=127.0.0.1:20201,blk={
	"blockNumber" : 1901,
	"group" : "group0",
	"nodeName" : "2f993327933ad58672518b6d4f63920cbc68b80f78f4d81192552ee6362f5cc81ee13bdc678ad65f06e76444cadb53b33694cfb3fc7679b8000411975fedd28a"
}
info|2023-07-08 08:57:22.253838|[RPC][BLOCK][NUMBER][fromJson],group=group0,node=98a7f70ec883a722219d92253cf073a72605f4087aa3443c8e4aadc0af2dc3ac647d0fa1b5ac99cd6987abafe6d690ae71cd5fd2aeeabe7589bfb4748aabdfba,blockNumber=1902
info|2023-07-08 08:57:22.253861|[RPCWS][SERVICE][onRecvBlockNotifier]receive block number notifier,group=group0,node=98a7f70ec883a722219d92253cf073a72605f4087aa3443c8e4aadc0af2dc3ac647d0fa1b5ac99cd6987abafe6d690ae71cd5fd2aeeabe7589bfb4748aabdfba,blockNumber=1902
info|2023-07-08 08:57:22.253867|[RPCWS][SERVICE][updateGroupBlockNumber],groupID=group0,_blockNumber=1902
info|2023-07-08 08:57:22.253871|[RPCWS][SERVICE][onRecvBlockNotifier]block notifier callback,group=group0,node=98a7f70ec883a722219d92253cf073a72605f4087aa3443c8e4aadc0af2dc3ac647d0fa1b5ac99cd6987abafe6d690ae71cd5fd2aeeabe7589bfb4748aabdfba,blockNumber=1902
info|2023-07-08 08:57:22.253875|[WS]receive block notify,endpoint=127.0.0.1:20200,blk={
	"blockNumber" : 1902,
	"group" : "group0",
	"nodeName" : "98a7f70ec883a722219d92253cf073a72605f4087aa3443c8e4aadc0af2dc3ac647d0fa1b5ac99cd6987abafe6d690ae71cd5fd2aeeabe7589bfb4748aabdfba"
}
info|2023-07-08 08:57:22.307134|[RPC][BLOCK][NUMBER][fromJson],group=group0,node=2f993327933ad58672518b6d4f63920cbc68b80f78f4d81192552ee6362f5cc81ee13bdc678ad65f06e76444cadb53b33694cfb3fc7679b8000411975fedd28a,blockNumber=1902
info|2023-07-08 08:57:22.307155|[RPCWS][SERVICE][onRecvBlockNotifier]receive block number notifier,group=group0,node=2f993327933ad58672518b6d4f63920cbc68b80f78f4d81192552ee6362f5cc81ee13bdc678ad65f06e76444cadb53b33694cfb3fc7679b8000411975fedd28a,blockNumber=1902
info|2023-07-08 08:57:22.307162|[WS]receive block notify,endpoint=127.0.0.1:20201,blk={
	"blockNumber" : 1902,
	"group" : "group0",
	"nodeName" : "2f993327933ad58672518b6d4f63920cbc68b80f78f4d81192552ee6362f5cc81ee13bdc678ad65f06e76444cadb53b33694cfb3fc7679b8000411975fedd28a"
}
info|2023-07-08 08:57:27.194647|[EVENT][SUB][doLoop]event sub tasks report,working event sub count=0,suspend event sub count=0
info|2023-07-08 08:57:27.240457|[SDK][WS][SERVICE]connected nodes,count=2
info|2023-07-08 08:57:47.195119|[EVENT][SUB][doLoop]event sub tasks report,working event sub count=0,suspend event sub count=0
info|2023-07-08 08:57:47.241219|[SDK][WS][SERVICE]connected nodes,count=2
info|2023-07-08 08:58:07.195676|[EVENT][SUB][doLoop]event sub tasks report,working event sub count=0,suspend event sub count=0
info|2023-07-08 08:58:07.241477|[SDK][WS][SERVICE]connected nodes,count=2
info|2023-07-08 08:58:27.196215|[EVENT][SUB][doLoop]event sub tasks report,working event sub count=0,suspend event sub count=0
info|2023-07-08 08:58:27.241991|[SDK][WS][SERVICE]connected nodes,count=2
info|2023-07-08 08:58:47.196429|[EVENT][SUB][doLoop]event sub tasks report,working event sub count=0,suspend event sub count=0
info|2023-07-08 08:58:47.242429|[SDK][WS][SERVICE]connected nodes,count=2
info|2023-07-08 08:59:07.197098|[EVENT][SUB][doLoop]event sub tasks report,working event sub count=0,suspend event sub count=0
info|2023-07-08 08:59:07.243484|[SDK][WS][SERVICE]connected nodes,count=2
info|2023-07-08 08:59:27.197533|[EVENT][SUB][doLoop]event sub tasks report,working event sub count=0,suspend event sub count=0
info|2023-07-08 08:59:27.243834|[SDK][WS][SERVICE]connected nodes,count=2
info|2023-07-08 08:59:47.197619|[EVENT][SUB][doLoop]event sub tasks report,working event sub count=0,suspend event sub count=0
info|2023-07-08 08:59:47.244219|[SDK][WS][SERVICE]connected nodes,count=2
