info|2023-07-08 23:00:09.880105|[EVENT][SUB][doLoop]event sub tasks report,working event sub count=0,suspend event sub count=0
info|2023-07-08 23:00:10.410834|[SDK][WS][SERVICE]connected nodes,count=2
info|2023-07-08 23:00:29.880226|[EVENT][SUB][doLoop]event sub tasks report,working event sub count=0,suspend event sub count=0
info|2023-07-08 23:00:30.411257|[SDK][WS][SERVICE]connected nodes,count=2
info|2023-07-08 23:00:49.880652|[EVENT][SUB][doLoop]event sub tasks report,working event sub count=0,suspend event sub count=0
info|2023-07-08 23:00:50.411632|[SDK][WS][SERVICE]connected nodes,count=2
info|2023-07-08 23:01:09.881299|[EVENT][SUB][doLoop]event sub tasks report,working event sub count=0,suspend event sub count=0
info|2023-07-08 23:01:10.412279|[SDK][WS][SERVICE]connected nodes,count=2
info|2023-07-08 23:01:29.881755|[EVENT][SUB][doLoop]event sub tasks report,working event sub count=0,suspend event sub count=0
info|2023-07-08 23:01:30.412396|[SDK][WS][SERVICE]connected nodes,count=2
info|2023-07-08 23:01:49.881866|[EVENT][SUB][doLoop]event sub tasks report,working event sub count=0,suspend event sub count=0
info|2023-07-08 23:01:50.412613|[SDK][WS][SERVICE]connected nodes,count=2
info|2023-07-08 23:02:09.881978|[EVENT][SUB][doLoop]event sub tasks report,working event sub count=0,suspend event sub count=0
info|2023-07-08 23:02:10.413246|[SDK][WS][SERVICE]connected nodes,count=2
info|2023-07-08 23:02:29.882388|[EVENT][SUB][doLoop]event sub tasks report,working event sub count=0,suspend event sub count=0
info|2023-07-08 23:02:30.413992|[SDK][WS][SERVICE]connected nodes,count=2
info|2023-07-08 23:02:49.882605|[EVENT][SUB][doLoop]event sub tasks report,working event sub count=0,suspend event sub count=0
info|2023-07-08 23:02:50.414194|[SDK][WS][SERVICE]connected nodes,count=2
info|2023-07-08 23:03:09.883347|[EVENT][SUB][doLoop]event sub tasks report,working event sub count=0,suspend event sub count=0
info|2023-07-08 23:03:10.414467|[SDK][WS][SERVICE]connected nodes,count=2
info|2023-07-08 23:03:29.883412|[EVENT][SUB][doLoop]event sub tasks report,working event sub count=0,suspend event sub count=0
info|2023-07-08 23:03:30.415048|[SDK][WS][SERVICE]connected nodes,count=2
info|2023-07-08 23:03:49.883732|[EVENT][SUB][doLoop]event sub tasks report,working event sub count=0,suspend event sub count=0
info|2023-07-08 23:03:50.415490|[SDK][WS][SERVICE]connected nodes,count=2
info|2023-07-08 23:04:09.883819|[EVENT][SUB][doLoop]event sub tasks report,working event sub count=0,suspend event sub count=0
info|2023-07-08 23:04:10.415812|[SDK][WS][SERVICE]connected nodes,count=2
info|2023-07-08 23:04:29.883897|[EVENT][SUB][doLoop]event sub tasks report,working event sub count=0,suspend event sub count=0
info|2023-07-08 23:04:30.416397|[SDK][WS][SERVICE]connected nodes,count=2
info|2023-07-08 23:04:49.884538|[EVENT][SUB][doLoop]event sub tasks report,working event sub count=0,suspend event sub count=0
info|2023-07-08 23:04:50.417190|[SDK][WS][SERVICE]connected nodes,count=2
info|2023-07-08 23:05:09.884637|[EVENT][SUB][doLoop]event sub tasks report,working event sub count=0,suspend event sub count=0
info|2023-07-08 23:05:10.417946|[SDK][WS][SERVICE]connected nodes,count=2
info|2023-07-08 23:05:29.884853|[EVENT][SUB][doLoop]event sub tasks report,working event sub count=0,suspend event sub count=0
info|2023-07-08 23:05:30.418527|[SDK][WS][SERVICE]connected nodes,count=2
info|2023-07-08 23:05:49.885964|[EVENT][SUB][doLoop]event sub tasks report,working event sub count=0,suspend event sub count=0
info|2023-07-08 23:05:50.419736|[SDK][WS][SERVICE]connected nodes,count=2
info|2023-07-08 23:06:09.886303|[EVENT][SUB][doLoop]event sub tasks report,working event sub count=0,suspend event sub count=0
info|2023-07-08 23:06:10.420479|[SDK][WS][SERVICE]connected nodes,count=2
info|2023-07-08 23:06:29.886892|[EVENT][SUB][doLoop]event sub tasks report,working event sub count=0,suspend event sub count=0
info|2023-07-08 23:06:30.420569|[SDK][WS][SERVICE]connected nodes,count=2
info|2023-07-08 23:06:49.887208|[EVENT][SUB][doLoop]event sub tasks report,working event sub count=0,suspend event sub count=0
info|2023-07-08 23:06:50.421644|[SDK][WS][SERVICE]connected nodes,count=2
info|2023-07-08 23:07:09.887752|[EVENT][SUB][doLoop]event sub tasks report,working event sub count=0,suspend event sub count=0
info|2023-07-08 23:07:10.422041|[SDK][WS][SERVICE]connected nodes,count=2
info|2023-07-08 23:07:29.887885|[EVENT][SUB][doLoop]event sub tasks report,working event sub count=0,suspend event sub count=0
info|2023-07-08 23:07:30.422490|[SDK][WS][SERVICE]connected nodes,count=2
info|2023-07-08 23:07:49.887931|[EVENT][SUB][doLoop]event sub tasks report,working event sub count=0,suspend event sub count=0
info|2023-07-08 23:07:50.422878|[SDK][WS][SERVICE]connected nodes,count=2
info|2023-07-08 23:08:09.888000|[EVENT][SUB][doLoop]event sub tasks report,working event sub count=0,suspend event sub count=0
info|2023-07-08 23:08:10.423627|[SDK][WS][SERVICE]connected nodes,count=2
info|2023-07-08 23:08:29.888146|[EVENT][SUB][doLoop]event sub tasks report,working event sub count=0,suspend event sub count=0
info|2023-07-08 23:08:30.423751|[SDK][WS][SERVICE]connected nodes,count=2
info|2023-07-08 23:08:49.888249|[EVENT][SUB][doLoop]event sub tasks report,working event sub count=0,suspend event sub count=0
info|2023-07-08 23:08:50.423919|[SDK][WS][SERVICE]connected nodes,count=2
info|2023-07-08 23:09:09.888782|[EVENT][SUB][doLoop]event sub tasks report,working event sub count=0,suspend event sub count=0
info|2023-07-08 23:09:10.424411|[SDK][WS][SERVICE]connected nodes,count=2
info|2023-07-08 23:09:29.888971|[EVENT][SUB][doLoop]event sub tasks report,working event sub count=0,suspend event sub count=0
info|2023-07-08 23:09:30.424966|[SDK][WS][SERVICE]connected nodes,count=2
info|2023-07-08 23:09:49.889133|[EVENT][SUB][doLoop]event sub tasks report,working event sub count=0,suspend event sub count=0
info|2023-07-08 23:09:50.425293|[SDK][WS][SERVICE]connected nodes,count=2
info|2023-07-08 23:10:09.889727|[EVENT][SUB][doLoop]event sub tasks report,working event sub count=0,suspend event sub count=0
info|2023-07-08 23:10:10.425691|[SDK][WS][SERVICE]connected nodes,count=2
info|2023-07-08 23:10:29.890151|[EVENT][SUB][doLoop]event sub tasks report,working event sub count=0,suspend event sub count=0
info|2023-07-08 23:10:30.425987|[SDK][WS][SERVICE]connected nodes,count=2
info|2023-07-08 23:10:49.890207|[EVENT][SUB][doLoop]event sub tasks report,working event sub count=0,suspend event sub count=0
info|2023-07-08 23:10:50.426473|[SDK][WS][SERVICE]connected nodes,count=2
info|2023-07-08 23:11:09.890343|[EVENT][SUB][doLoop]event sub tasks report,working event sub count=0,suspend event sub count=0
info|2023-07-08 23:11:10.427070|[SDK][WS][SERVICE]connected nodes,count=2
info|2023-07-08 23:11:29.890887|[EVENT][SUB][doLoop]event sub tasks report,working event sub count=0,suspend event sub count=0
info|2023-07-08 23:11:30.427374|[SDK][WS][SERVICE]connected nodes,count=2
info|2023-07-08 23:11:49.891026|[EVENT][SUB][doLoop]event sub tasks report,working event sub count=0,suspend event sub count=0
info|2023-07-08 23:11:50.428113|[SDK][WS][SERVICE]connected nodes,count=2
info|2023-07-08 23:12:09.891677|[EVENT][SUB][doLoop]event sub tasks report,working event sub count=0,suspend event sub count=0
info|2023-07-08 23:12:10.428286|[SDK][WS][SERVICE]connected nodes,count=2
info|2023-07-08 23:12:29.891975|[EVENT][SUB][doLoop]event sub tasks report,working event sub count=0,suspend event sub count=0
info|2023-07-08 23:12:30.428432|[SDK][WS][SERVICE]connected nodes,count=2
info|2023-07-08 23:12:49.892345|[EVENT][SUB][doLoop]event sub tasks report,working event sub count=0,suspend event sub count=0
info|2023-07-08 23:12:50.428620|[SDK][WS][SERVICE]connected nodes,count=2
info|2023-07-08 23:13:09.892806|[EVENT][SUB][doLoop]event sub tasks report,working event sub count=0,suspend event sub count=0
info|2023-07-08 23:13:10.428880|[SDK][WS][SERVICE]connected nodes,count=2
info|2023-07-08 23:13:29.893224|[EVENT][SUB][doLoop]event sub tasks report,working event sub count=0,suspend event sub count=0
info|2023-07-08 23:13:30.429371|[SDK][WS][SERVICE]connected nodes,count=2
info|2023-07-08 23:13:49.893707|[EVENT][SUB][doLoop]event sub tasks report,working event sub count=0,suspend event sub count=0
info|2023-07-08 23:13:50.430177|[SDK][WS][SERVICE]connected nodes,count=2
info|2023-07-08 23:14:09.893743|[EVENT][SUB][doLoop]event sub tasks report,working event sub count=0,suspend event sub count=0
info|2023-07-08 23:14:10.430756|[SDK][WS][SERVICE]connected nodes,count=2
info|2023-07-08 23:14:29.894141|[EVENT][SUB][doLoop]event sub tasks report,working event sub count=0,suspend event sub count=0
info|2023-07-08 23:14:30.431138|[SDK][WS][SERVICE]connected nodes,count=2
info|2023-07-08 23:14:49.894338|[EVENT][SUB][doLoop]event sub tasks report,working event sub count=0,suspend event sub count=0
info|2023-07-08 23:14:50.431628|[SDK][WS][SERVICE]connected nodes,count=2
info|2023-07-08 23:15:09.894625|[EVENT][SUB][doLoop]event sub tasks report,working event sub count=0,suspend event sub count=0
info|2023-07-08 23:15:10.432075|[SDK][WS][SERVICE]connected nodes,count=2
info|2023-07-08 23:15:29.894919|[EVENT][SUB][doLoop]event sub tasks report,working event sub count=0,suspend event sub count=0
info|2023-07-08 23:15:30.432455|[SDK][WS][SERVICE]connected nodes,count=2
info|2023-07-08 23:15:49.895414|[EVENT][SUB][doLoop]event sub tasks report,working event sub count=0,suspend event sub count=0
info|2023-07-08 23:15:50.432982|[SDK][WS][SERVICE]connected nodes,count=2
info|2023-07-08 23:16:09.895566|[EVENT][SUB][doLoop]event sub tasks report,working event sub count=0,suspend event sub count=0
info|2023-07-08 23:16:10.433275|[SDK][WS][SERVICE]connected nodes,count=2
info|2023-07-08 23:16:29.895842|[EVENT][SUB][doLoop]event sub tasks report,working event sub count=0,suspend event sub count=0
info|2023-07-08 23:16:30.434079|[SDK][WS][SERVICE]connected nodes,count=2
info|2023-07-08 23:16:49.896005|[EVENT][SUB][doLoop]event sub tasks report,working event sub count=0,suspend event sub count=0
info|2023-07-08 23:16:50.434544|[SDK][WS][SERVICE]connected nodes,count=2
info|2023-07-08 23:17:09.896519|[EVENT][SUB][doLoop]event sub tasks report,working event sub count=0,suspend event sub count=0
info|2023-07-08 23:17:10.435296|[SDK][WS][SERVICE]connected nodes,count=2
info|2023-07-08 23:17:29.896771|[EVENT][SUB][doLoop]event sub tasks report,working event sub count=0,suspend event sub count=0
info|2023-07-08 23:17:30.435504|[SDK][WS][SERVICE]connected nodes,count=2
info|2023-07-08 23:17:49.896952|[EVENT][SUB][doLoop]event sub tasks report,working event sub count=0,suspend event sub count=0
info|2023-07-08 23:17:50.435908|[SDK][WS][SERVICE]connected nodes,count=2
info|2023-07-08 23:18:09.897411|[EVENT][SUB][doLoop]event sub tasks report,working event sub count=0,suspend event sub count=0
info|2023-07-08 23:18:10.436519|[SDK][WS][SERVICE]connected nodes,count=2
info|2023-07-08 23:18:29.897583|[EVENT][SUB][doLoop]event sub tasks report,working event sub count=0,suspend event sub count=0
info|2023-07-08 23:18:30.436899|[SDK][WS][SERVICE]connected nodes,count=2
info|2023-07-08 23:18:49.898020|[EVENT][SUB][doLoop]event sub tasks report,working event sub count=0,suspend event sub count=0
info|2023-07-08 23:18:50.437140|[SDK][WS][SERVICE]connected nodes,count=2
info|2023-07-08 23:19:09.898067|[EVENT][SUB][doLoop]event sub tasks report,working event sub count=0,suspend event sub count=0
info|2023-07-08 23:19:10.437564|[SDK][WS][SERVICE]connected nodes,count=2
info|2023-07-08 23:19:29.898261|[EVENT][SUB][doLoop]event sub tasks report,working event sub count=0,suspend event sub count=0
info|2023-07-08 23:19:30.438247|[SDK][WS][SERVICE]connected nodes,count=2
info|2023-07-08 23:19:49.898754|[EVENT][SUB][doLoop]event sub tasks report,working event sub count=0,suspend event sub count=0
info|2023-07-08 23:19:50.438876|[SDK][WS][SERVICE]connected nodes,count=2
info|2023-07-08 23:20:09.898895|[EVENT][SUB][doLoop]event sub tasks report,working event sub count=0,suspend event sub count=0
info|2023-07-08 23:20:10.439702|[SDK][WS][SERVICE]connected nodes,count=2
info|2023-07-08 23:20:29.899402|[EVENT][SUB][doLoop]event sub tasks report,working event sub count=0,suspend event sub count=0
info|2023-07-08 23:20:30.439835|[SDK][WS][SERVICE]connected nodes,count=2
info|2023-07-08 23:20:49.899709|[EVENT][SUB][doLoop]event sub tasks report,working event sub count=0,suspend event sub count=0
info|2023-07-08 23:20:50.440688|[SDK][WS][SERVICE]connected nodes,count=2
info|2023-07-08 23:21:09.899749|[EVENT][SUB][doLoop]event sub tasks report,working event sub count=0,suspend event sub count=0
info|2023-07-08 23:21:10.441281|[SDK][WS][SERVICE]connected nodes,count=2
info|2023-07-08 23:21:29.900208|[EVENT][SUB][doLoop]event sub tasks report,working event sub count=0,suspend event sub count=0
info|2023-07-08 23:21:30.441749|[SDK][WS][SERVICE]connected nodes,count=2
info|2023-07-08 23:21:49.900340|[EVENT][SUB][doLoop]event sub tasks report,working event sub count=0,suspend event sub count=0
info|2023-07-08 23:21:50.442370|[SDK][WS][SERVICE]connected nodes,count=2
info|2023-07-08 23:22:09.900687|[EVENT][SUB][doLoop]event sub tasks report,working event sub count=0,suspend event sub count=0
info|2023-07-08 23:22:10.442714|[SDK][WS][SERVICE]connected nodes,count=2
info|2023-07-08 23:22:29.900752|[EVENT][SUB][doLoop]event sub tasks report,working event sub count=0,suspend event sub count=0
info|2023-07-08 23:22:30.443071|[SDK][WS][SERVICE]connected nodes,count=2
info|2023-07-08 23:22:49.901204|[EVENT][SUB][doLoop]event sub tasks report,working event sub count=0,suspend event sub count=0
info|2023-07-08 23:22:50.443304|[SDK][WS][SERVICE]connected nodes,count=2
info|2023-07-08 23:23:09.901674|[EVENT][SUB][doLoop]event sub tasks report,working event sub count=0,suspend event sub count=0
info|2023-07-08 23:23:10.443943|[SDK][WS][SERVICE]connected nodes,count=2
info|2023-07-08 23:23:29.902049|[EVENT][SUB][doLoop]event sub tasks report,working event sub count=0,suspend event sub count=0
info|2023-07-08 23:23:30.444463|[SDK][WS][SERVICE]connected nodes,count=2
info|2023-07-08 23:23:49.902539|[EVENT][SUB][doLoop]event sub tasks report,working event sub count=0,suspend event sub count=0
info|2023-07-08 23:23:50.445144|[SDK][WS][SERVICE]connected nodes,count=2
info|2023-07-08 23:24:09.903103|[EVENT][SUB][doLoop]event sub tasks report,working event sub count=0,suspend event sub count=0
info|2023-07-08 23:24:10.445819|[SDK][WS][SERVICE]connected nodes,count=2
info|2023-07-08 23:24:29.903449|[EVENT][SUB][doLoop]event sub tasks report,working event sub count=0,suspend event sub count=0
info|2023-07-08 23:24:30.445955|[SDK][WS][SERVICE]connected nodes,count=2
info|2023-07-08 23:24:49.903540|[EVENT][SUB][doLoop]event sub tasks report,working event sub count=0,suspend event sub count=0
info|2023-07-08 23:24:50.446189|[SDK][WS][SERVICE]connected nodes,count=2
info|2023-07-08 23:25:09.903581|[EVENT][SUB][doLoop]event sub tasks report,working event sub count=0,suspend event sub count=0
info|2023-07-08 23:25:10.446555|[SDK][WS][SERVICE]connected nodes,count=2
info|2023-07-08 23:25:29.904055|[EVENT][SUB][doLoop]event sub tasks report,working event sub count=0,suspend event sub count=0
info|2023-07-08 23:25:30.446978|[SDK][WS][SERVICE]connected nodes,count=2
info|2023-07-08 23:25:49.904180|[EVENT][SUB][doLoop]event sub tasks report,working event sub count=0,suspend event sub count=0
info|2023-07-08 23:25:50.447402|[SDK][WS][SERVICE]connected nodes,count=2
info|2023-07-08 23:26:09.904515|[EVENT][SUB][doLoop]event sub tasks report,working event sub count=0,suspend event sub count=0
info|2023-07-08 23:26:10.448025|[SDK][WS][SERVICE]connected nodes,count=2
info|2023-07-08 23:26:29.904551|[EVENT][SUB][doLoop]event sub tasks report,working event sub count=0,suspend event sub count=0
info|2023-07-08 23:26:30.448186|[SDK][WS][SERVICE]connected nodes,count=2
info|2023-07-08 23:26:49.904655|[EVENT][SUB][doLoop]event sub tasks report,working event sub count=0,suspend event sub count=0
info|2023-07-08 23:26:50.448276|[SDK][WS][SERVICE]connected nodes,count=2
info|2023-07-08 23:27:09.905143|[EVENT][SUB][doLoop]event sub tasks report,working event sub count=0,suspend event sub count=0
info|2023-07-08 23:27:10.448723|[SDK][WS][SERVICE]connected nodes,count=2
info|2023-07-08 23:27:13.952852|[RPC][BLOCK][NUMBER][fromJson],group=group0,node=98a7f70ec883a722219d92253cf073a72605f4087aa3443c8e4aadc0af2dc3ac647d0fa1b5ac99cd6987abafe6d690ae71cd5fd2aeeabe7589bfb4748aabdfba,blockNumber=2351
info|2023-07-08 23:27:13.952971|[RPCWS][SERVICE][onRecvBlockNotifier]receive block number notifier,group=group0,node=98a7f70ec883a722219d92253cf073a72605f4087aa3443c8e4aadc0af2dc3ac647d0fa1b5ac99cd6987abafe6d690ae71cd5fd2aeeabe7589bfb4748aabdfba,blockNumber=2351
info|2023-07-08 23:27:13.952988|[RPCWS][SERVICE][updateGroupBlockNumber],groupID=group0,_blockNumber=2351
info|2023-07-08 23:27:13.952997|[RPCWS][SERVICE][onRecvBlockNotifier]block notifier callback,group=group0,node=98a7f70ec883a722219d92253cf073a72605f4087aa3443c8e4aadc0af2dc3ac647d0fa1b5ac99cd6987abafe6d690ae71cd5fd2aeeabe7589bfb4748aabdfba,blockNumber=2351
info|2023-07-08 23:27:13.953007|[WS]receive block notify,endpoint=127.0.0.1:20200,blk={
	"blockNumber" : 2351,
	"group" : "group0",
	"nodeName" : "98a7f70ec883a722219d92253cf073a72605f4087aa3443c8e4aadc0af2dc3ac647d0fa1b5ac99cd6987abafe6d690ae71cd5fd2aeeabe7589bfb4748aabdfba"
}
info|2023-07-08 23:27:14.031169|[RPC][BLOCK][NUMBER][fromJson],group=group0,node=2f993327933ad58672518b6d4f63920cbc68b80f78f4d81192552ee6362f5cc81ee13bdc678ad65f06e76444cadb53b33694cfb3fc7679b8000411975fedd28a,blockNumber=2351
info|2023-07-08 23:27:14.031239|[RPCWS][SERVICE][onRecvBlockNotifier]receive block number notifier,group=group0,node=2f993327933ad58672518b6d4f63920cbc68b80f78f4d81192552ee6362f5cc81ee13bdc678ad65f06e76444cadb53b33694cfb3fc7679b8000411975fedd28a,blockNumber=2351
info|2023-07-08 23:27:14.031289|[WS]receive block notify,endpoint=127.0.0.1:20201,blk={
	"blockNumber" : 2351,
	"group" : "group0",
	"nodeName" : "2f993327933ad58672518b6d4f63920cbc68b80f78f4d81192552ee6362f5cc81ee13bdc678ad65f06e76444cadb53b33694cfb3fc7679b8000411975fedd28a"
}
info|2023-07-08 23:27:14.531446|[RPC][BLOCK][NUMBER][fromJson],group=group0,node=98a7f70ec883a722219d92253cf073a72605f4087aa3443c8e4aadc0af2dc3ac647d0fa1b5ac99cd6987abafe6d690ae71cd5fd2aeeabe7589bfb4748aabdfba,blockNumber=2352
info|2023-07-08 23:27:14.531544|[RPCWS][SERVICE][onRecvBlockNotifier]receive block number notifier,group=group0,node=98a7f70ec883a722219d92253cf073a72605f4087aa3443c8e4aadc0af2dc3ac647d0fa1b5ac99cd6987abafe6d690ae71cd5fd2aeeabe7589bfb4748aabdfba,blockNumber=2352
info|2023-07-08 23:27:14.531554|[RPCWS][SERVICE][updateGroupBlockNumber],groupID=group0,_blockNumber=2352
info|2023-07-08 23:27:14.531561|[RPCWS][SERVICE][onRecvBlockNotifier]block notifier callback,group=group0,node=98a7f70ec883a722219d92253cf073a72605f4087aa3443c8e4aadc0af2dc3ac647d0fa1b5ac99cd6987abafe6d690ae71cd5fd2aeeabe7589bfb4748aabdfba,blockNumber=2352
info|2023-07-08 23:27:14.531567|[WS]receive block notify,endpoint=127.0.0.1:20200,blk={
	"blockNumber" : 2352,
	"group" : "group0",
	"nodeName" : "98a7f70ec883a722219d92253cf073a72605f4087aa3443c8e4aadc0af2dc3ac647d0fa1b5ac99cd6987abafe6d690ae71cd5fd2aeeabe7589bfb4748aabdfba"
}
info|2023-07-08 23:27:14.588909|[RPC][BLOCK][NUMBER][fromJson],group=group0,node=2f993327933ad58672518b6d4f63920cbc68b80f78f4d81192552ee6362f5cc81ee13bdc678ad65f06e76444cadb53b33694cfb3fc7679b8000411975fedd28a,blockNumber=2352
info|2023-07-08 23:27:14.588963|[RPCWS][SERVICE][onRecvBlockNotifier]receive block number notifier,group=group0,node=2f993327933ad58672518b6d4f63920cbc68b80f78f4d81192552ee6362f5cc81ee13bdc678ad65f06e76444cadb53b33694cfb3fc7679b8000411975fedd28a,blockNumber=2352
info|2023-07-08 23:27:14.588983|[WS]receive block notify,endpoint=127.0.0.1:20201,blk={
	"blockNumber" : 2352,
	"group" : "group0",
	"nodeName" : "2f993327933ad58672518b6d4f63920cbc68b80f78f4d81192552ee6362f5cc81ee13bdc678ad65f06e76444cadb53b33694cfb3fc7679b8000411975fedd28a"
}
info|2023-07-08 23:27:15.041689|[RPC][BLOCK][NUMBER][fromJson],group=group0,node=98a7f70ec883a722219d92253cf073a72605f4087aa3443c8e4aadc0af2dc3ac647d0fa1b5ac99cd6987abafe6d690ae71cd5fd2aeeabe7589bfb4748aabdfba,blockNumber=2353
info|2023-07-08 23:27:15.041753|[RPCWS][SERVICE][onRecvBlockNotifier]receive block number notifier,group=group0,node=98a7f70ec883a722219d92253cf073a72605f4087aa3443c8e4aadc0af2dc3ac647d0fa1b5ac99cd6987abafe6d690ae71cd5fd2aeeabe7589bfb4748aabdfba,blockNumber=2353
info|2023-07-08 23:27:15.041760|[RPCWS][SERVICE][updateGroupBlockNumber],groupID=group0,_blockNumber=2353
info|2023-07-08 23:27:15.041764|[RPCWS][SERVICE][onRecvBlockNotifier]block notifier callback,group=group0,node=98a7f70ec883a722219d92253cf073a72605f4087aa3443c8e4aadc0af2dc3ac647d0fa1b5ac99cd6987abafe6d690ae71cd5fd2aeeabe7589bfb4748aabdfba,blockNumber=2353
info|2023-07-08 23:27:15.041769|[WS]receive block notify,endpoint=127.0.0.1:20200,blk={
	"blockNumber" : 2353,
	"group" : "group0",
	"nodeName" : "98a7f70ec883a722219d92253cf073a72605f4087aa3443c8e4aadc0af2dc3ac647d0fa1b5ac99cd6987abafe6d690ae71cd5fd2aeeabe7589bfb4748aabdfba"
}
info|2023-07-08 23:27:15.113495|[RPC][BLOCK][NUMBER][fromJson],group=group0,node=2f993327933ad58672518b6d4f63920cbc68b80f78f4d81192552ee6362f5cc81ee13bdc678ad65f06e76444cadb53b33694cfb3fc7679b8000411975fedd28a,blockNumber=2353
info|2023-07-08 23:27:15.113548|[RPCWS][SERVICE][onRecvBlockNotifier]receive block number notifier,group=group0,node=2f993327933ad58672518b6d4f63920cbc68b80f78f4d81192552ee6362f5cc81ee13bdc678ad65f06e76444cadb53b33694cfb3fc7679b8000411975fedd28a,blockNumber=2353
info|2023-07-08 23:27:15.113568|[WS]receive block notify,endpoint=127.0.0.1:20201,blk={
	"blockNumber" : 2353,
	"group" : "group0",
	"nodeName" : "2f993327933ad58672518b6d4f63920cbc68b80f78f4d81192552ee6362f5cc81ee13bdc678ad65f06e76444cadb53b33694cfb3fc7679b8000411975fedd28a"
}
info|2023-07-08 23:27:15.701703|[RPC][BLOCK][NUMBER][fromJson],group=group0,node=98a7f70ec883a722219d92253cf073a72605f4087aa3443c8e4aadc0af2dc3ac647d0fa1b5ac99cd6987abafe6d690ae71cd5fd2aeeabe7589bfb4748aabdfba,blockNumber=2354
info|2023-07-08 23:27:15.701758|[RPCWS][SERVICE][onRecvBlockNotifier]receive block number notifier,group=group0,node=98a7f70ec883a722219d92253cf073a72605f4087aa3443c8e4aadc0af2dc3ac647d0fa1b5ac99cd6987abafe6d690ae71cd5fd2aeeabe7589bfb4748aabdfba,blockNumber=2354
info|2023-07-08 23:27:15.701776|[RPCWS][SERVICE][updateGroupBlockNumber],groupID=group0,_blockNumber=2354
info|2023-07-08 23:27:15.701878|[RPCWS][SERVICE][onRecvBlockNotifier]block notifier callback,group=group0,node=98a7f70ec883a722219d92253cf073a72605f4087aa3443c8e4aadc0af2dc3ac647d0fa1b5ac99cd6987abafe6d690ae71cd5fd2aeeabe7589bfb4748aabdfba,blockNumber=2354
info|2023-07-08 23:27:15.701895|[WS]receive block notify,endpoint=127.0.0.1:20200,blk={
	"blockNumber" : 2354,
	"group" : "group0",
	"nodeName" : "98a7f70ec883a722219d92253cf073a72605f4087aa3443c8e4aadc0af2dc3ac647d0fa1b5ac99cd6987abafe6d690ae71cd5fd2aeeabe7589bfb4748aabdfba"
}
info|2023-07-08 23:27:15.727292|[RPC][BLOCK][NUMBER][fromJson],group=group0,node=2f993327933ad58672518b6d4f63920cbc68b80f78f4d81192552ee6362f5cc81ee13bdc678ad65f06e76444cadb53b33694cfb3fc7679b8000411975fedd28a,blockNumber=2354
info|2023-07-08 23:27:15.727323|[RPCWS][SERVICE][onRecvBlockNotifier]receive block number notifier,group=group0,node=2f993327933ad58672518b6d4f63920cbc68b80f78f4d81192552ee6362f5cc81ee13bdc678ad65f06e76444cadb53b33694cfb3fc7679b8000411975fedd28a,blockNumber=2354
info|2023-07-08 23:27:15.727332|[WS]receive block notify,endpoint=127.0.0.1:20201,blk={
	"blockNumber" : 2354,
	"group" : "group0",
	"nodeName" : "2f993327933ad58672518b6d4f63920cbc68b80f78f4d81192552ee6362f5cc81ee13bdc678ad65f06e76444cadb53b33694cfb3fc7679b8000411975fedd28a"
}
info|2023-07-08 23:27:16.272298|[RPC][BLOCK][NUMBER][fromJson],group=group0,node=98a7f70ec883a722219d92253cf073a72605f4087aa3443c8e4aadc0af2dc3ac647d0fa1b5ac99cd6987abafe6d690ae71cd5fd2aeeabe7589bfb4748aabdfba,blockNumber=2355
info|2023-07-08 23:27:16.272328|[RPCWS][SERVICE][onRecvBlockNotifier]receive block number notifier,group=group0,node=98a7f70ec883a722219d92253cf073a72605f4087aa3443c8e4aadc0af2dc3ac647d0fa1b5ac99cd6987abafe6d690ae71cd5fd2aeeabe7589bfb4748aabdfba,blockNumber=2355
info|2023-07-08 23:27:16.272335|[RPCWS][SERVICE][updateGroupBlockNumber],groupID=group0,_blockNumber=2355
info|2023-07-08 23:27:16.272374|[RPCWS][SERVICE][onRecvBlockNotifier]block notifier callback,group=group0,node=98a7f70ec883a722219d92253cf073a72605f4087aa3443c8e4aadc0af2dc3ac647d0fa1b5ac99cd6987abafe6d690ae71cd5fd2aeeabe7589bfb4748aabdfba,blockNumber=2355
info|2023-07-08 23:27:16.272382|[WS]receive block notify,endpoint=127.0.0.1:20200,blk={
	"blockNumber" : 2355,
	"group" : "group0",
	"nodeName" : "98a7f70ec883a722219d92253cf073a72605f4087aa3443c8e4aadc0af2dc3ac647d0fa1b5ac99cd6987abafe6d690ae71cd5fd2aeeabe7589bfb4748aabdfba"
}
info|2023-07-08 23:27:16.385807|[RPC][BLOCK][NUMBER][fromJson],group=group0,node=2f993327933ad58672518b6d4f63920cbc68b80f78f4d81192552ee6362f5cc81ee13bdc678ad65f06e76444cadb53b33694cfb3fc7679b8000411975fedd28a,blockNumber=2355
info|2023-07-08 23:27:16.385860|[RPCWS][SERVICE][onRecvBlockNotifier]receive block number notifier,group=group0,node=2f993327933ad58672518b6d4f63920cbc68b80f78f4d81192552ee6362f5cc81ee13bdc678ad65f06e76444cadb53b33694cfb3fc7679b8000411975fedd28a,blockNumber=2355
info|2023-07-08 23:27:16.385880|[WS]receive block notify,endpoint=127.0.0.1:20201,blk={
	"blockNumber" : 2355,
	"group" : "group0",
	"nodeName" : "2f993327933ad58672518b6d4f63920cbc68b80f78f4d81192552ee6362f5cc81ee13bdc678ad65f06e76444cadb53b33694cfb3fc7679b8000411975fedd28a"
}
info|2023-07-08 23:27:16.826666|[RPC][BLOCK][NUMBER][fromJson],group=group0,node=98a7f70ec883a722219d92253cf073a72605f4087aa3443c8e4aadc0af2dc3ac647d0fa1b5ac99cd6987abafe6d690ae71cd5fd2aeeabe7589bfb4748aabdfba,blockNumber=2356
info|2023-07-08 23:27:16.826690|[RPCWS][SERVICE][onRecvBlockNotifier]receive block number notifier,group=group0,node=98a7f70ec883a722219d92253cf073a72605f4087aa3443c8e4aadc0af2dc3ac647d0fa1b5ac99cd6987abafe6d690ae71cd5fd2aeeabe7589bfb4748aabdfba,blockNumber=2356
info|2023-07-08 23:27:16.826696|[RPCWS][SERVICE][updateGroupBlockNumber],groupID=group0,_blockNumber=2356
info|2023-07-08 23:27:16.826701|[RPCWS][SERVICE][onRecvBlockNotifier]block notifier callback,group=group0,node=98a7f70ec883a722219d92253cf073a72605f4087aa3443c8e4aadc0af2dc3ac647d0fa1b5ac99cd6987abafe6d690ae71cd5fd2aeeabe7589bfb4748aabdfba,blockNumber=2356
info|2023-07-08 23:27:16.826705|[WS]receive block notify,endpoint=127.0.0.1:20200,blk={
	"blockNumber" : 2356,
	"group" : "group0",
	"nodeName" : "98a7f70ec883a722219d92253cf073a72605f4087aa3443c8e4aadc0af2dc3ac647d0fa1b5ac99cd6987abafe6d690ae71cd5fd2aeeabe7589bfb4748aabdfba"
}
info|2023-07-08 23:27:16.867372|[RPC][BLOCK][NUMBER][fromJson],group=group0,node=2f993327933ad58672518b6d4f63920cbc68b80f78f4d81192552ee6362f5cc81ee13bdc678ad65f06e76444cadb53b33694cfb3fc7679b8000411975fedd28a,blockNumber=2356
info|2023-07-08 23:27:16.867394|[RPCWS][SERVICE][onRecvBlockNotifier]receive block number notifier,group=group0,node=2f993327933ad58672518b6d4f63920cbc68b80f78f4d81192552ee6362f5cc81ee13bdc678ad65f06e76444cadb53b33694cfb3fc7679b8000411975fedd28a,blockNumber=2356
info|2023-07-08 23:27:16.867400|[WS]receive block notify,endpoint=127.0.0.1:20201,blk={
	"blockNumber" : 2356,
	"group" : "group0",
	"nodeName" : "2f993327933ad58672518b6d4f63920cbc68b80f78f4d81192552ee6362f5cc81ee13bdc678ad65f06e76444cadb53b33694cfb3fc7679b8000411975fedd28a"
}
info|2023-07-08 23:27:17.372163|[RPC][BLOCK][NUMBER][fromJson],group=group0,node=98a7f70ec883a722219d92253cf073a72605f4087aa3443c8e4aadc0af2dc3ac647d0fa1b5ac99cd6987abafe6d690ae71cd5fd2aeeabe7589bfb4748aabdfba,blockNumber=2357
info|2023-07-08 23:27:17.372220|[RPCWS][SERVICE][onRecvBlockNotifier]receive block number notifier,group=group0,node=98a7f70ec883a722219d92253cf073a72605f4087aa3443c8e4aadc0af2dc3ac647d0fa1b5ac99cd6987abafe6d690ae71cd5fd2aeeabe7589bfb4748aabdfba,blockNumber=2357
info|2023-07-08 23:27:17.372229|[RPCWS][SERVICE][updateGroupBlockNumber],groupID=group0,_blockNumber=2357
info|2023-07-08 23:27:17.372234|[RPCWS][SERVICE][onRecvBlockNotifier]block notifier callback,group=group0,node=98a7f70ec883a722219d92253cf073a72605f4087aa3443c8e4aadc0af2dc3ac647d0fa1b5ac99cd6987abafe6d690ae71cd5fd2aeeabe7589bfb4748aabdfba,blockNumber=2357
info|2023-07-08 23:27:17.372239|[WS]receive block notify,endpoint=127.0.0.1:20200,blk={
	"blockNumber" : 2357,
	"group" : "group0",
	"nodeName" : "98a7f70ec883a722219d92253cf073a72605f4087aa3443c8e4aadc0af2dc3ac647d0fa1b5ac99cd6987abafe6d690ae71cd5fd2aeeabe7589bfb4748aabdfba"
}
info|2023-07-08 23:27:17.441628|[RPC][BLOCK][NUMBER][fromJson],group=group0,node=2f993327933ad58672518b6d4f63920cbc68b80f78f4d81192552ee6362f5cc81ee13bdc678ad65f06e76444cadb53b33694cfb3fc7679b8000411975fedd28a,blockNumber=2357
info|2023-07-08 23:27:17.441672|[RPCWS][SERVICE][onRecvBlockNotifier]receive block number notifier,group=group0,node=2f993327933ad58672518b6d4f63920cbc68b80f78f4d81192552ee6362f5cc81ee13bdc678ad65f06e76444cadb53b33694cfb3fc7679b8000411975fedd28a,blockNumber=2357
info|2023-07-08 23:27:17.441686|[WS]receive block notify,endpoint=127.0.0.1:20201,blk={
	"blockNumber" : 2357,
	"group" : "group0",
	"nodeName" : "2f993327933ad58672518b6d4f63920cbc68b80f78f4d81192552ee6362f5cc81ee13bdc678ad65f06e76444cadb53b33694cfb3fc7679b8000411975fedd28a"
}
info|2023-07-08 23:27:17.984095|[RPC][BLOCK][NUMBER][fromJson],group=group0,node=98a7f70ec883a722219d92253cf073a72605f4087aa3443c8e4aadc0af2dc3ac647d0fa1b5ac99cd6987abafe6d690ae71cd5fd2aeeabe7589bfb4748aabdfba,blockNumber=2358
info|2023-07-08 23:27:17.984121|[RPCWS][SERVICE][onRecvBlockNotifier]receive block number notifier,group=group0,node=98a7f70ec883a722219d92253cf073a72605f4087aa3443c8e4aadc0af2dc3ac647d0fa1b5ac99cd6987abafe6d690ae71cd5fd2aeeabe7589bfb4748aabdfba,blockNumber=2358
info|2023-07-08 23:27:17.984128|[RPCWS][SERVICE][updateGroupBlockNumber],groupID=group0,_blockNumber=2358
info|2023-07-08 23:27:17.984133|[RPCWS][SERVICE][onRecvBlockNotifier]block notifier callback,group=group0,node=98a7f70ec883a722219d92253cf073a72605f4087aa3443c8e4aadc0af2dc3ac647d0fa1b5ac99cd6987abafe6d690ae71cd5fd2aeeabe7589bfb4748aabdfba,blockNumber=2358
info|2023-07-08 23:27:17.984137|[WS]receive block notify,endpoint=127.0.0.1:20200,blk={
	"blockNumber" : 2358,
	"group" : "group0",
	"nodeName" : "98a7f70ec883a722219d92253cf073a72605f4087aa3443c8e4aadc0af2dc3ac647d0fa1b5ac99cd6987abafe6d690ae71cd5fd2aeeabe7589bfb4748aabdfba"
}
info|2023-07-08 23:27:17.999045|[RPC][BLOCK][NUMBER][fromJson],group=group0,node=2f993327933ad58672518b6d4f63920cbc68b80f78f4d81192552ee6362f5cc81ee13bdc678ad65f06e76444cadb53b33694cfb3fc7679b8000411975fedd28a,blockNumber=2358
info|2023-07-08 23:27:17.999064|[RPCWS][SERVICE][onRecvBlockNotifier]receive block number notifier,group=group0,node=2f993327933ad58672518b6d4f63920cbc68b80f78f4d81192552ee6362f5cc81ee13bdc678ad65f06e76444cadb53b33694cfb3fc7679b8000411975fedd28a,blockNumber=2358
info|2023-07-08 23:27:17.999071|[WS]receive block notify,endpoint=127.0.0.1:20201,blk={
	"blockNumber" : 2358,
	"group" : "group0",
	"nodeName" : "2f993327933ad58672518b6d4f63920cbc68b80f78f4d81192552ee6362f5cc81ee13bdc678ad65f06e76444cadb53b33694cfb3fc7679b8000411975fedd28a"
}
info|2023-07-08 23:27:18.579018|[RPC][BLOCK][NUMBER][fromJson],group=group0,node=98a7f70ec883a722219d92253cf073a72605f4087aa3443c8e4aadc0af2dc3ac647d0fa1b5ac99cd6987abafe6d690ae71cd5fd2aeeabe7589bfb4748aabdfba,blockNumber=2359
info|2023-07-08 23:27:18.579050|[RPCWS][SERVICE][onRecvBlockNotifier]receive block number notifier,group=group0,node=98a7f70ec883a722219d92253cf073a72605f4087aa3443c8e4aadc0af2dc3ac647d0fa1b5ac99cd6987abafe6d690ae71cd5fd2aeeabe7589bfb4748aabdfba,blockNumber=2359
info|2023-07-08 23:27:18.579057|[RPCWS][SERVICE][updateGroupBlockNumber],groupID=group0,_blockNumber=2359
info|2023-07-08 23:27:18.579063|[RPCWS][SERVICE][onRecvBlockNotifier]block notifier callback,group=group0,node=98a7f70ec883a722219d92253cf073a72605f4087aa3443c8e4aadc0af2dc3ac647d0fa1b5ac99cd6987abafe6d690ae71cd5fd2aeeabe7589bfb4748aabdfba,blockNumber=2359
info|2023-07-08 23:27:18.579068|[WS]receive block notify,endpoint=127.0.0.1:20200,blk={
	"blockNumber" : 2359,
	"group" : "group0",
	"nodeName" : "98a7f70ec883a722219d92253cf073a72605f4087aa3443c8e4aadc0af2dc3ac647d0fa1b5ac99cd6987abafe6d690ae71cd5fd2aeeabe7589bfb4748aabdfba"
}
info|2023-07-08 23:27:18.660383|[RPC][BLOCK][NUMBER][fromJson],group=group0,node=2f993327933ad58672518b6d4f63920cbc68b80f78f4d81192552ee6362f5cc81ee13bdc678ad65f06e76444cadb53b33694cfb3fc7679b8000411975fedd28a,blockNumber=2359
info|2023-07-08 23:27:18.660440|[RPCWS][SERVICE][onRecvBlockNotifier]receive block number notifier,group=group0,node=2f993327933ad58672518b6d4f63920cbc68b80f78f4d81192552ee6362f5cc81ee13bdc678ad65f06e76444cadb53b33694cfb3fc7679b8000411975fedd28a,blockNumber=2359
info|2023-07-08 23:27:18.660460|[WS]receive block notify,endpoint=127.0.0.1:20201,blk={
	"blockNumber" : 2359,
	"group" : "group0",
	"nodeName" : "2f993327933ad58672518b6d4f63920cbc68b80f78f4d81192552ee6362f5cc81ee13bdc678ad65f06e76444cadb53b33694cfb3fc7679b8000411975fedd28a"
}
info|2023-07-08 23:27:19.172304|[RPC][BLOCK][NUMBER][fromJson],group=group0,node=2f993327933ad58672518b6d4f63920cbc68b80f78f4d81192552ee6362f5cc81ee13bdc678ad65f06e76444cadb53b33694cfb3fc7679b8000411975fedd28a,blockNumber=2360
info|2023-07-08 23:27:19.172424|[RPCWS][SERVICE][onRecvBlockNotifier]receive block number notifier,group=group0,node=2f993327933ad58672518b6d4f63920cbc68b80f78f4d81192552ee6362f5cc81ee13bdc678ad65f06e76444cadb53b33694cfb3fc7679b8000411975fedd28a,blockNumber=2360
info|2023-07-08 23:27:19.172442|[RPCWS][SERVICE][updateGroupBlockNumber],groupID=group0,_blockNumber=2360
info|2023-07-08 23:27:19.172452|[RPCWS][SERVICE][onRecvBlockNotifier]block notifier callback,group=group0,node=2f993327933ad58672518b6d4f63920cbc68b80f78f4d81192552ee6362f5cc81ee13bdc678ad65f06e76444cadb53b33694cfb3fc7679b8000411975fedd28a,blockNumber=2360
info|2023-07-08 23:27:19.172460|[WS]receive block notify,endpoint=127.0.0.1:20201,blk={
	"blockNumber" : 2360,
	"group" : "group0",
	"nodeName" : "2f993327933ad58672518b6d4f63920cbc68b80f78f4d81192552ee6362f5cc81ee13bdc678ad65f06e76444cadb53b33694cfb3fc7679b8000411975fedd28a"
}
info|2023-07-08 23:27:19.179747|[RPC][BLOCK][NUMBER][fromJson],group=group0,node=98a7f70ec883a722219d92253cf073a72605f4087aa3443c8e4aadc0af2dc3ac647d0fa1b5ac99cd6987abafe6d690ae71cd5fd2aeeabe7589bfb4748aabdfba,blockNumber=2360
info|2023-07-08 23:27:19.179810|[RPCWS][SERVICE][onRecvBlockNotifier]receive block number notifier,group=group0,node=98a7f70ec883a722219d92253cf073a72605f4087aa3443c8e4aadc0af2dc3ac647d0fa1b5ac99cd6987abafe6d690ae71cd5fd2aeeabe7589bfb4748aabdfba,blockNumber=2360
info|2023-07-08 23:27:19.179824|[WS]receive block notify,endpoint=127.0.0.1:20200,blk={
	"blockNumber" : 2360,
	"group" : "group0",
	"nodeName" : "98a7f70ec883a722219d92253cf073a72605f4087aa3443c8e4aadc0af2dc3ac647d0fa1b5ac99cd6987abafe6d690ae71cd5fd2aeeabe7589bfb4748aabdfba"
}
info|2023-07-08 23:27:19.700895|[RPC][BLOCK][NUMBER][fromJson],group=group0,node=98a7f70ec883a722219d92253cf073a72605f4087aa3443c8e4aadc0af2dc3ac647d0fa1b5ac99cd6987abafe6d690ae71cd5fd2aeeabe7589bfb4748aabdfba,blockNumber=2361
info|2023-07-08 23:27:19.700943|[RPCWS][SERVICE][onRecvBlockNotifier]receive block number notifier,group=group0,node=98a7f70ec883a722219d92253cf073a72605f4087aa3443c8e4aadc0af2dc3ac647d0fa1b5ac99cd6987abafe6d690ae71cd5fd2aeeabe7589bfb4748aabdfba,blockNumber=2361
info|2023-07-08 23:27:19.700954|[RPCWS][SERVICE][updateGroupBlockNumber],groupID=group0,_blockNumber=2361
info|2023-07-08 23:27:19.700960|[RPCWS][SERVICE][onRecvBlockNotifier]block notifier callback,group=group0,node=98a7f70ec883a722219d92253cf073a72605f4087aa3443c8e4aadc0af2dc3ac647d0fa1b5ac99cd6987abafe6d690ae71cd5fd2aeeabe7589bfb4748aabdfba,blockNumber=2361
info|2023-07-08 23:27:19.700967|[WS]receive block notify,endpoint=127.0.0.1:20200,blk={
	"blockNumber" : 2361,
	"group" : "group0",
	"nodeName" : "98a7f70ec883a722219d92253cf073a72605f4087aa3443c8e4aadc0af2dc3ac647d0fa1b5ac99cd6987abafe6d690ae71cd5fd2aeeabe7589bfb4748aabdfba"
}
info|2023-07-08 23:27:19.722948|[RPC][BLOCK][NUMBER][fromJson],group=group0,node=2f993327933ad58672518b6d4f63920cbc68b80f78f4d81192552ee6362f5cc81ee13bdc678ad65f06e76444cadb53b33694cfb3fc7679b8000411975fedd28a,blockNumber=2361
info|2023-07-08 23:27:19.723309|[RPCWS][SERVICE][onRecvBlockNotifier]receive block number notifier,group=group0,node=2f993327933ad58672518b6d4f63920cbc68b80f78f4d81192552ee6362f5cc81ee13bdc678ad65f06e76444cadb53b33694cfb3fc7679b8000411975fedd28a,blockNumber=2361
info|2023-07-08 23:27:19.723371|[WS]receive block notify,endpoint=127.0.0.1:20201,blk={
	"blockNumber" : 2361,
	"group" : "group0",
	"nodeName" : "2f993327933ad58672518b6d4f63920cbc68b80f78f4d81192552ee6362f5cc81ee13bdc678ad65f06e76444cadb53b33694cfb3fc7679b8000411975fedd28a"
}
info|2023-07-08 23:27:20.312608|[RPC][BLOCK][NUMBER][fromJson],group=group0,node=98a7f70ec883a722219d92253cf073a72605f4087aa3443c8e4aadc0af2dc3ac647d0fa1b5ac99cd6987abafe6d690ae71cd5fd2aeeabe7589bfb4748aabdfba,blockNumber=2362
info|2023-07-08 23:27:20.312680|[RPCWS][SERVICE][onRecvBlockNotifier]receive block number notifier,group=group0,node=98a7f70ec883a722219d92253cf073a72605f4087aa3443c8e4aadc0af2dc3ac647d0fa1b5ac99cd6987abafe6d690ae71cd5fd2aeeabe7589bfb4748aabdfba,blockNumber=2362
info|2023-07-08 23:27:20.312695|[RPCWS][SERVICE][updateGroupBlockNumber],groupID=group0,_blockNumber=2362
info|2023-07-08 23:27:20.312704|[RPCWS][SERVICE][onRecvBlockNotifier]block notifier callback,group=group0,node=98a7f70ec883a722219d92253cf073a72605f4087aa3443c8e4aadc0af2dc3ac647d0fa1b5ac99cd6987abafe6d690ae71cd5fd2aeeabe7589bfb4748aabdfba,blockNumber=2362
info|2023-07-08 23:27:20.312714|[WS]receive block notify,endpoint=127.0.0.1:20200,blk={
	"blockNumber" : 2362,
	"group" : "group0",
	"nodeName" : "98a7f70ec883a722219d92253cf073a72605f4087aa3443c8e4aadc0af2dc3ac647d0fa1b5ac99cd6987abafe6d690ae71cd5fd2aeeabe7589bfb4748aabdfba"
}
info|2023-07-08 23:27:20.326473|[RPC][BLOCK][NUMBER][fromJson],group=group0,node=2f993327933ad58672518b6d4f63920cbc68b80f78f4d81192552ee6362f5cc81ee13bdc678ad65f06e76444cadb53b33694cfb3fc7679b8000411975fedd28a,blockNumber=2362
info|2023-07-08 23:27:20.326541|[RPCWS][SERVICE][onRecvBlockNotifier]receive block number notifier,group=group0,node=2f993327933ad58672518b6d4f63920cbc68b80f78f4d81192552ee6362f5cc81ee13bdc678ad65f06e76444cadb53b33694cfb3fc7679b8000411975fedd28a,blockNumber=2362
info|2023-07-08 23:27:20.326554|[WS]receive block notify,endpoint=127.0.0.1:20201,blk={
	"blockNumber" : 2362,
	"group" : "group0",
	"nodeName" : "2f993327933ad58672518b6d4f63920cbc68b80f78f4d81192552ee6362f5cc81ee13bdc678ad65f06e76444cadb53b33694cfb3fc7679b8000411975fedd28a"
}
info|2023-07-08 23:27:20.831741|[RPC][BLOCK][NUMBER][fromJson],group=group0,node=98a7f70ec883a722219d92253cf073a72605f4087aa3443c8e4aadc0af2dc3ac647d0fa1b5ac99cd6987abafe6d690ae71cd5fd2aeeabe7589bfb4748aabdfba,blockNumber=2363
info|2023-07-08 23:27:20.831819|[RPCWS][SERVICE][onRecvBlockNotifier]receive block number notifier,group=group0,node=98a7f70ec883a722219d92253cf073a72605f4087aa3443c8e4aadc0af2dc3ac647d0fa1b5ac99cd6987abafe6d690ae71cd5fd2aeeabe7589bfb4748aabdfba,blockNumber=2363
info|2023-07-08 23:27:20.831830|[RPCWS][SERVICE][updateGroupBlockNumber],groupID=group0,_blockNumber=2363
info|2023-07-08 23:27:20.831836|[RPCWS][SERVICE][onRecvBlockNotifier]block notifier callback,group=group0,node=98a7f70ec883a722219d92253cf073a72605f4087aa3443c8e4aadc0af2dc3ac647d0fa1b5ac99cd6987abafe6d690ae71cd5fd2aeeabe7589bfb4748aabdfba,blockNumber=2363
info|2023-07-08 23:27:20.831841|[WS]receive block notify,endpoint=127.0.0.1:20200,blk={
	"blockNumber" : 2363,
	"group" : "group0",
	"nodeName" : "98a7f70ec883a722219d92253cf073a72605f4087aa3443c8e4aadc0af2dc3ac647d0fa1b5ac99cd6987abafe6d690ae71cd5fd2aeeabe7589bfb4748aabdfba"
}
info|2023-07-08 23:27:20.891029|[RPC][BLOCK][NUMBER][fromJson],group=group0,node=2f993327933ad58672518b6d4f63920cbc68b80f78f4d81192552ee6362f5cc81ee13bdc678ad65f06e76444cadb53b33694cfb3fc7679b8000411975fedd28a,blockNumber=2363
info|2023-07-08 23:27:20.891137|[RPCWS][SERVICE][onRecvBlockNotifier]receive block number notifier,group=group0,node=2f993327933ad58672518b6d4f63920cbc68b80f78f4d81192552ee6362f5cc81ee13bdc678ad65f06e76444cadb53b33694cfb3fc7679b8000411975fedd28a,blockNumber=2363
info|2023-07-08 23:27:20.891164|[WS]receive block notify,endpoint=127.0.0.1:20201,blk={
	"blockNumber" : 2363,
	"group" : "group0",
	"nodeName" : "2f993327933ad58672518b6d4f63920cbc68b80f78f4d81192552ee6362f5cc81ee13bdc678ad65f06e76444cadb53b33694cfb3fc7679b8000411975fedd28a"
}
info|2023-07-08 23:27:21.384232|[RPC][BLOCK][NUMBER][fromJson],group=group0,node=98a7f70ec883a722219d92253cf073a72605f4087aa3443c8e4aadc0af2dc3ac647d0fa1b5ac99cd6987abafe6d690ae71cd5fd2aeeabe7589bfb4748aabdfba,blockNumber=2364
info|2023-07-08 23:27:21.384263|[RPCWS][SERVICE][onRecvBlockNotifier]receive block number notifier,group=group0,node=98a7f70ec883a722219d92253cf073a72605f4087aa3443c8e4aadc0af2dc3ac647d0fa1b5ac99cd6987abafe6d690ae71cd5fd2aeeabe7589bfb4748aabdfba,blockNumber=2364
info|2023-07-08 23:27:21.384272|[RPCWS][SERVICE][updateGroupBlockNumber],groupID=group0,_blockNumber=2364
info|2023-07-08 23:27:21.384279|[RPCWS][SERVICE][onRecvBlockNotifier]block notifier callback,group=group0,node=98a7f70ec883a722219d92253cf073a72605f4087aa3443c8e4aadc0af2dc3ac647d0fa1b5ac99cd6987abafe6d690ae71cd5fd2aeeabe7589bfb4748aabdfba,blockNumber=2364
info|2023-07-08 23:27:21.384284|[WS]receive block notify,endpoint=127.0.0.1:20200,blk={
	"blockNumber" : 2364,
	"group" : "group0",
	"nodeName" : "98a7f70ec883a722219d92253cf073a72605f4087aa3443c8e4aadc0af2dc3ac647d0fa1b5ac99cd6987abafe6d690ae71cd5fd2aeeabe7589bfb4748aabdfba"
}
info|2023-07-08 23:27:21.460706|[RPC][BLOCK][NUMBER][fromJson],group=group0,node=2f993327933ad58672518b6d4f63920cbc68b80f78f4d81192552ee6362f5cc81ee13bdc678ad65f06e76444cadb53b33694cfb3fc7679b8000411975fedd28a,blockNumber=2364
info|2023-07-08 23:27:21.460819|[RPCWS][SERVICE][onRecvBlockNotifier]receive block number notifier,group=group0,node=2f993327933ad58672518b6d4f63920cbc68b80f78f4d81192552ee6362f5cc81ee13bdc678ad65f06e76444cadb53b33694cfb3fc7679b8000411975fedd28a,blockNumber=2364
info|2023-07-08 23:27:21.460843|[WS]receive block notify,endpoint=127.0.0.1:20201,blk={
	"blockNumber" : 2364,
	"group" : "group0",
	"nodeName" : "2f993327933ad58672518b6d4f63920cbc68b80f78f4d81192552ee6362f5cc81ee13bdc678ad65f06e76444cadb53b33694cfb3fc7679b8000411975fedd28a"
}
info|2023-07-08 23:27:22.000623|[RPC][BLOCK][NUMBER][fromJson],group=group0,node=98a7f70ec883a722219d92253cf073a72605f4087aa3443c8e4aadc0af2dc3ac647d0fa1b5ac99cd6987abafe6d690ae71cd5fd2aeeabe7589bfb4748aabdfba,blockNumber=2365
info|2023-07-08 23:27:22.000691|[RPCWS][SERVICE][onRecvBlockNotifier]receive block number notifier,group=group0,node=98a7f70ec883a722219d92253cf073a72605f4087aa3443c8e4aadc0af2dc3ac647d0fa1b5ac99cd6987abafe6d690ae71cd5fd2aeeabe7589bfb4748aabdfba,blockNumber=2365
info|2023-07-08 23:27:22.000705|[RPCWS][SERVICE][updateGroupBlockNumber],groupID=group0,_blockNumber=2365
info|2023-07-08 23:27:22.000714|[RPCWS][SERVICE][onRecvBlockNotifier]block notifier callback,group=group0,node=98a7f70ec883a722219d92253cf073a72605f4087aa3443c8e4aadc0af2dc3ac647d0fa1b5ac99cd6987abafe6d690ae71cd5fd2aeeabe7589bfb4748aabdfba,blockNumber=2365
info|2023-07-08 23:27:22.000722|[WS]receive block notify,endpoint=127.0.0.1:20200,blk={
	"blockNumber" : 2365,
	"group" : "group0",
	"nodeName" : "98a7f70ec883a722219d92253cf073a72605f4087aa3443c8e4aadc0af2dc3ac647d0fa1b5ac99cd6987abafe6d690ae71cd5fd2aeeabe7589bfb4748aabdfba"
}
info|2023-07-08 23:27:22.003829|[RPC][BLOCK][NUMBER][fromJson],group=group0,node=2f993327933ad58672518b6d4f63920cbc68b80f78f4d81192552ee6362f5cc81ee13bdc678ad65f06e76444cadb53b33694cfb3fc7679b8000411975fedd28a,blockNumber=2365
info|2023-07-08 23:27:22.003863|[RPCWS][SERVICE][onRecvBlockNotifier]receive block number notifier,group=group0,node=2f993327933ad58672518b6d4f63920cbc68b80f78f4d81192552ee6362f5cc81ee13bdc678ad65f06e76444cadb53b33694cfb3fc7679b8000411975fedd28a,blockNumber=2365
info|2023-07-08 23:27:22.003876|[WS]receive block notify,endpoint=127.0.0.1:20201,blk={
	"blockNumber" : 2365,
	"group" : "group0",
	"nodeName" : "2f993327933ad58672518b6d4f63920cbc68b80f78f4d81192552ee6362f5cc81ee13bdc678ad65f06e76444cadb53b33694cfb3fc7679b8000411975fedd28a"
}
info|2023-07-08 23:27:22.565241|[RPC][BLOCK][NUMBER][fromJson],group=group0,node=98a7f70ec883a722219d92253cf073a72605f4087aa3443c8e4aadc0af2dc3ac647d0fa1b5ac99cd6987abafe6d690ae71cd5fd2aeeabe7589bfb4748aabdfba,blockNumber=2366
info|2023-07-08 23:27:22.565273|[RPCWS][SERVICE][onRecvBlockNotifier]receive block number notifier,group=group0,node=98a7f70ec883a722219d92253cf073a72605f4087aa3443c8e4aadc0af2dc3ac647d0fa1b5ac99cd6987abafe6d690ae71cd5fd2aeeabe7589bfb4748aabdfba,blockNumber=2366
info|2023-07-08 23:27:22.565280|[RPCWS][SERVICE][updateGroupBlockNumber],groupID=group0,_blockNumber=2366
info|2023-07-08 23:27:22.565286|[RPCWS][SERVICE][onRecvBlockNotifier]block notifier callback,group=group0,node=98a7f70ec883a722219d92253cf073a72605f4087aa3443c8e4aadc0af2dc3ac647d0fa1b5ac99cd6987abafe6d690ae71cd5fd2aeeabe7589bfb4748aabdfba,blockNumber=2366
info|2023-07-08 23:27:22.565291|[WS]receive block notify,endpoint=127.0.0.1:20200,blk={
	"blockNumber" : 2366,
	"group" : "group0",
	"nodeName" : "98a7f70ec883a722219d92253cf073a72605f4087aa3443c8e4aadc0af2dc3ac647d0fa1b5ac99cd6987abafe6d690ae71cd5fd2aeeabe7589bfb4748aabdfba"
}
info|2023-07-08 23:27:22.606692|[RPC][BLOCK][NUMBER][fromJson],group=group0,node=2f993327933ad58672518b6d4f63920cbc68b80f78f4d81192552ee6362f5cc81ee13bdc678ad65f06e76444cadb53b33694cfb3fc7679b8000411975fedd28a,blockNumber=2366
info|2023-07-08 23:27:22.606723|[RPCWS][SERVICE][onRecvBlockNotifier]receive block number notifier,group=group0,node=2f993327933ad58672518b6d4f63920cbc68b80f78f4d81192552ee6362f5cc81ee13bdc678ad65f06e76444cadb53b33694cfb3fc7679b8000411975fedd28a,blockNumber=2366
info|2023-07-08 23:27:22.606734|[WS]receive block notify,endpoint=127.0.0.1:20201,blk={
	"blockNumber" : 2366,
	"group" : "group0",
	"nodeName" : "2f993327933ad58672518b6d4f63920cbc68b80f78f4d81192552ee6362f5cc81ee13bdc678ad65f06e76444cadb53b33694cfb3fc7679b8000411975fedd28a"
}
info|2023-07-08 23:27:29.905286|[EVENT][SUB][doLoop]event sub tasks report,working event sub count=0,suspend event sub count=0
info|2023-07-08 23:27:30.449363|[SDK][WS][SERVICE]connected nodes,count=2
info|2023-07-08 23:27:49.905353|[EVENT][SUB][doLoop]event sub tasks report,working event sub count=0,suspend event sub count=0
info|2023-07-08 23:27:50.449933|[SDK][WS][SERVICE]connected nodes,count=2
info|2023-07-08 23:28:09.905985|[EVENT][SUB][doLoop]event sub tasks report,working event sub count=0,suspend event sub count=0
info|2023-07-08 23:28:10.450331|[SDK][WS][SERVICE]connected nodes,count=2
info|2023-07-08 23:28:29.906153|[EVENT][SUB][doLoop]event sub tasks report,working event sub count=0,suspend event sub count=0
info|2023-07-08 23:28:30.450453|[SDK][WS][SERVICE]connected nodes,count=2
info|2023-07-08 23:28:49.906650|[EVENT][SUB][doLoop]event sub tasks report,working event sub count=0,suspend event sub count=0
info|2023-07-08 23:28:50.450976|[SDK][WS][SERVICE]connected nodes,count=2
info|2023-07-08 23:29:09.907008|[EVENT][SUB][doLoop]event sub tasks report,working event sub count=0,suspend event sub count=0
info|2023-07-08 23:29:10.451574|[SDK][WS][SERVICE]connected nodes,count=2
info|2023-07-08 23:29:29.907161|[EVENT][SUB][doLoop]event sub tasks report,working event sub count=0,suspend event sub count=0
info|2023-07-08 23:29:30.451823|[SDK][WS][SERVICE]connected nodes,count=2
info|2023-07-08 23:29:49.907622|[EVENT][SUB][doLoop]event sub tasks report,working event sub count=0,suspend event sub count=0
info|2023-07-08 23:29:50.452305|[SDK][WS][SERVICE]connected nodes,count=2
info|2023-07-08 23:30:09.907740|[EVENT][SUB][doLoop]event sub tasks report,working event sub count=0,suspend event sub count=0
info|2023-07-08 23:30:10.452681|[SDK][WS][SERVICE]connected nodes,count=2
info|2023-07-08 23:30:29.908164|[EVENT][SUB][doLoop]event sub tasks report,working event sub count=0,suspend event sub count=0
info|2023-07-08 23:30:30.452792|[SDK][WS][SERVICE]connected nodes,count=2
info|2023-07-08 23:30:49.908636|[EVENT][SUB][doLoop]event sub tasks report,working event sub count=0,suspend event sub count=0
info|2023-07-08 23:30:50.453697|[SDK][WS][SERVICE]connected nodes,count=2
info|2023-07-08 23:31:09.908783|[EVENT][SUB][doLoop]event sub tasks report,working event sub count=0,suspend event sub count=0
info|2023-07-08 23:31:10.453985|[SDK][WS][SERVICE]connected nodes,count=2
info|2023-07-08 23:31:29.908876|[EVENT][SUB][doLoop]event sub tasks report,working event sub count=0,suspend event sub count=0
info|2023-07-08 23:31:30.454283|[SDK][WS][SERVICE]connected nodes,count=2
info|2023-07-08 23:31:49.909217|[EVENT][SUB][doLoop]event sub tasks report,working event sub count=0,suspend event sub count=0
info|2023-07-08 23:31:50.454531|[SDK][WS][SERVICE]connected nodes,count=2
info|2023-07-08 23:32:09.909522|[EVENT][SUB][doLoop]event sub tasks report,working event sub count=0,suspend event sub count=0
info|2023-07-08 23:32:10.455019|[SDK][WS][SERVICE]connected nodes,count=2
info|2023-07-08 23:32:29.909728|[EVENT][SUB][doLoop]event sub tasks report,working event sub count=0,suspend event sub count=0
info|2023-07-08 23:32:30.455415|[SDK][WS][SERVICE]connected nodes,count=2
info|2023-07-08 23:32:49.909922|[EVENT][SUB][doLoop]event sub tasks report,working event sub count=0,suspend event sub count=0
info|2023-07-08 23:32:50.455584|[SDK][WS][SERVICE]connected nodes,count=2
info|2023-07-08 23:33:09.910662|[EVENT][SUB][doLoop]event sub tasks report,working event sub count=0,suspend event sub count=0
info|2023-07-08 23:33:10.455884|[SDK][WS][SERVICE]connected nodes,count=2
info|2023-07-08 23:33:29.910879|[EVENT][SUB][doLoop]event sub tasks report,working event sub count=0,suspend event sub count=0
info|2023-07-08 23:33:30.456104|[SDK][WS][SERVICE]connected nodes,count=2
info|2023-07-08 23:33:49.911068|[EVENT][SUB][doLoop]event sub tasks report,working event sub count=0,suspend event sub count=0
info|2023-07-08 23:33:50.456257|[SDK][WS][SERVICE]connected nodes,count=2
info|2023-07-08 23:34:09.911448|[EVENT][SUB][doLoop]event sub tasks report,working event sub count=0,suspend event sub count=0
info|2023-07-08 23:34:10.456445|[SDK][WS][SERVICE]connected nodes,count=2
info|2023-07-08 23:34:29.911752|[EVENT][SUB][doLoop]event sub tasks report,working event sub count=0,suspend event sub count=0
info|2023-07-08 23:34:30.456863|[SDK][WS][SERVICE]connected nodes,count=2
info|2023-07-08 23:34:49.911952|[EVENT][SUB][doLoop]event sub tasks report,working event sub count=0,suspend event sub count=0
info|2023-07-08 23:34:50.457477|[SDK][WS][SERVICE]connected nodes,count=2
info|2023-07-08 23:35:09.912154|[EVENT][SUB][doLoop]event sub tasks report,working event sub count=0,suspend event sub count=0
info|2023-07-08 23:35:10.457721|[SDK][WS][SERVICE]connected nodes,count=2
info|2023-07-08 23:35:29.912353|[EVENT][SUB][doLoop]event sub tasks report,working event sub count=0,suspend event sub count=0
info|2023-07-08 23:35:30.458095|[SDK][WS][SERVICE]connected nodes,count=2
info|2023-07-08 23:35:49.912528|[EVENT][SUB][doLoop]event sub tasks report,working event sub count=0,suspend event sub count=0
info|2023-07-08 23:35:50.458245|[SDK][WS][SERVICE]connected nodes,count=2
info|2023-07-08 23:36:09.912943|[EVENT][SUB][doLoop]event sub tasks report,working event sub count=0,suspend event sub count=0
info|2023-07-08 23:36:10.458858|[SDK][WS][SERVICE]connected nodes,count=2
info|2023-07-08 23:36:29.913228|[EVENT][SUB][doLoop]event sub tasks report,working event sub count=0,suspend event sub count=0
info|2023-07-08 23:36:30.459265|[SDK][WS][SERVICE]connected nodes,count=2
info|2023-07-08 23:36:49.913399|[EVENT][SUB][doLoop]event sub tasks report,working event sub count=0,suspend event sub count=0
info|2023-07-08 23:36:50.459799|[SDK][WS][SERVICE]connected nodes,count=2
info|2023-07-08 23:37:09.913725|[EVENT][SUB][doLoop]event sub tasks report,working event sub count=0,suspend event sub count=0
info|2023-07-08 23:37:10.460511|[SDK][WS][SERVICE]connected nodes,count=2
info|2023-07-08 23:37:29.914171|[EVENT][SUB][doLoop]event sub tasks report,working event sub count=0,suspend event sub count=0
info|2023-07-08 23:37:30.461312|[SDK][WS][SERVICE]connected nodes,count=2
info|2023-07-08 23:37:49.914689|[EVENT][SUB][doLoop]event sub tasks report,working event sub count=0,suspend event sub count=0
info|2023-07-08 23:37:50.461493|[SDK][WS][SERVICE]connected nodes,count=2
info|2023-07-08 23:38:09.914871|[EVENT][SUB][doLoop]event sub tasks report,working event sub count=0,suspend event sub count=0
info|2023-07-08 23:38:10.461946|[SDK][WS][SERVICE]connected nodes,count=2
info|2023-07-08 23:38:29.915350|[EVENT][SUB][doLoop]event sub tasks report,working event sub count=0,suspend event sub count=0
info|2023-07-08 23:38:30.462638|[SDK][WS][SERVICE]connected nodes,count=2
info|2023-07-08 23:38:49.915635|[EVENT][SUB][doLoop]event sub tasks report,working event sub count=0,suspend event sub count=0
info|2023-07-08 23:38:50.462874|[SDK][WS][SERVICE]connected nodes,count=2
info|2023-07-08 23:39:09.915857|[EVENT][SUB][doLoop]event sub tasks report,working event sub count=0,suspend event sub count=0
info|2023-07-08 23:39:10.463222|[SDK][WS][SERVICE]connected nodes,count=2
info|2023-07-08 23:39:29.916399|[EVENT][SUB][doLoop]event sub tasks report,working event sub count=0,suspend event sub count=0
info|2023-07-08 23:39:30.463486|[SDK][WS][SERVICE]connected nodes,count=2
info|2023-07-08 23:39:49.916821|[EVENT][SUB][doLoop]event sub tasks report,working event sub count=0,suspend event sub count=0
info|2023-07-08 23:39:50.463914|[SDK][WS][SERVICE]connected nodes,count=2
info|2023-07-08 23:40:09.916940|[EVENT][SUB][doLoop]event sub tasks report,working event sub count=0,suspend event sub count=0
info|2023-07-08 23:40:10.464513|[SDK][WS][SERVICE]connected nodes,count=2
info|2023-07-08 23:40:29.917315|[EVENT][SUB][doLoop]event sub tasks report,working event sub count=0,suspend event sub count=0
info|2023-07-08 23:40:30.465074|[SDK][WS][SERVICE]connected nodes,count=2
info|2023-07-08 23:40:49.917808|[EVENT][SUB][doLoop]event sub tasks report,working event sub count=0,suspend event sub count=0
info|2023-07-08 23:40:50.465234|[SDK][WS][SERVICE]connected nodes,count=2
info|2023-07-08 23:41:09.918228|[EVENT][SUB][doLoop]event sub tasks report,working event sub count=0,suspend event sub count=0
info|2023-07-08 23:41:10.465666|[SDK][WS][SERVICE]connected nodes,count=2
info|2023-07-08 23:41:29.918804|[EVENT][SUB][doLoop]event sub tasks report,working event sub count=0,suspend event sub count=0
info|2023-07-08 23:41:30.466135|[SDK][WS][SERVICE]connected nodes,count=2
info|2023-07-08 23:41:49.918970|[EVENT][SUB][doLoop]event sub tasks report,working event sub count=0,suspend event sub count=0
info|2023-07-08 23:41:50.466470|[SDK][WS][SERVICE]connected nodes,count=2
info|2023-07-08 23:42:09.919256|[EVENT][SUB][doLoop]event sub tasks report,working event sub count=0,suspend event sub count=0
info|2023-07-08 23:42:10.466702|[SDK][WS][SERVICE]connected nodes,count=2
info|2023-07-08 23:42:29.919532|[EVENT][SUB][doLoop]event sub tasks report,working event sub count=0,suspend event sub count=0
info|2023-07-08 23:42:30.467645|[SDK][WS][SERVICE]connected nodes,count=2
info|2023-07-08 23:42:49.920148|[EVENT][SUB][doLoop]event sub tasks report,working event sub count=0,suspend event sub count=0
info|2023-07-08 23:42:50.467940|[SDK][WS][SERVICE]connected nodes,count=2
info|2023-07-08 23:43:09.920875|[EVENT][SUB][doLoop]event sub tasks report,working event sub count=0,suspend event sub count=0
info|2023-07-08 23:43:10.468371|[SDK][WS][SERVICE]connected nodes,count=2
info|2023-07-08 23:43:29.921280|[EVENT][SUB][doLoop]event sub tasks report,working event sub count=0,suspend event sub count=0
info|2023-07-08 23:43:30.468655|[SDK][WS][SERVICE]connected nodes,count=2
info|2023-07-08 23:43:49.921527|[EVENT][SUB][doLoop]event sub tasks report,working event sub count=0,suspend event sub count=0
info|2023-07-08 23:43:50.468931|[SDK][WS][SERVICE]connected nodes,count=2
info|2023-07-08 23:44:09.922107|[EVENT][SUB][doLoop]event sub tasks report,working event sub count=0,suspend event sub count=0
info|2023-07-08 23:44:10.469251|[SDK][WS][SERVICE]connected nodes,count=2
info|2023-07-08 23:44:29.922428|[EVENT][SUB][doLoop]event sub tasks report,working event sub count=0,suspend event sub count=0
info|2023-07-08 23:44:30.469706|[SDK][WS][SERVICE]connected nodes,count=2
info|2023-07-08 23:44:49.922914|[EVENT][SUB][doLoop]event sub tasks report,working event sub count=0,suspend event sub count=0
info|2023-07-08 23:44:50.470258|[SDK][WS][SERVICE]connected nodes,count=2
info|2023-07-08 23:45:09.923181|[EVENT][SUB][doLoop]event sub tasks report,working event sub count=0,suspend event sub count=0
info|2023-07-08 23:45:10.470812|[SDK][WS][SERVICE]connected nodes,count=2
info|2023-07-08 23:45:29.923371|[EVENT][SUB][doLoop]event sub tasks report,working event sub count=0,suspend event sub count=0
info|2023-07-08 23:45:30.471324|[SDK][WS][SERVICE]connected nodes,count=2
info|2023-07-08 23:45:49.923556|[EVENT][SUB][doLoop]event sub tasks report,working event sub count=0,suspend event sub count=0
info|2023-07-08 23:45:50.471588|[SDK][WS][SERVICE]connected nodes,count=2
info|2023-07-08 23:46:09.923867|[EVENT][SUB][doLoop]event sub tasks report,working event sub count=0,suspend event sub count=0
info|2023-07-08 23:46:10.472038|[SDK][WS][SERVICE]connected nodes,count=2
info|2023-07-08 23:46:29.924150|[EVENT][SUB][doLoop]event sub tasks report,working event sub count=0,suspend event sub count=0
info|2023-07-08 23:46:30.472390|[SDK][WS][SERVICE]connected nodes,count=2
info|2023-07-08 23:46:49.924517|[EVENT][SUB][doLoop]event sub tasks report,working event sub count=0,suspend event sub count=0
info|2023-07-08 23:46:50.473145|[SDK][WS][SERVICE]connected nodes,count=2
info|2023-07-08 23:47:09.924940|[EVENT][SUB][doLoop]event sub tasks report,working event sub count=0,suspend event sub count=0
info|2023-07-08 23:47:10.473257|[SDK][WS][SERVICE]connected nodes,count=2
info|2023-07-08 23:47:29.925531|[EVENT][SUB][doLoop]event sub tasks report,working event sub count=0,suspend event sub count=0
info|2023-07-08 23:47:30.473690|[SDK][WS][SERVICE]connected nodes,count=2
info|2023-07-08 23:47:49.926153|[EVENT][SUB][doLoop]event sub tasks report,working event sub count=0,suspend event sub count=0
info|2023-07-08 23:47:50.474009|[SDK][WS][SERVICE]connected nodes,count=2
info|2023-07-08 23:48:09.926223|[EVENT][SUB][doLoop]event sub tasks report,working event sub count=0,suspend event sub count=0
info|2023-07-08 23:48:10.474338|[SDK][WS][SERVICE]connected nodes,count=2
info|2023-07-08 23:48:29.932389|[EVENT][SUB][doLoop]event sub tasks report,working event sub count=0,suspend event sub count=0
info|2023-07-08 23:48:30.474712|[SDK][WS][SERVICE]connected nodes,count=2
info|2023-07-08 23:48:49.932657|[EVENT][SUB][doLoop]event sub tasks report,working event sub count=0,suspend event sub count=0
info|2023-07-08 23:48:50.475021|[SDK][WS][SERVICE]connected nodes,count=2
info|2023-07-08 23:49:09.933225|[EVENT][SUB][doLoop]event sub tasks report,working event sub count=0,suspend event sub count=0
info|2023-07-08 23:49:10.475416|[SDK][WS][SERVICE]connected nodes,count=2
info|2023-07-08 23:49:29.933622|[EVENT][SUB][doLoop]event sub tasks report,working event sub count=0,suspend event sub count=0
info|2023-07-08 23:49:30.475782|[SDK][WS][SERVICE]connected nodes,count=2
info|2023-07-08 23:49:49.933687|[EVENT][SUB][doLoop]event sub tasks report,working event sub count=0,suspend event sub count=0
info|2023-07-08 23:49:50.476593|[SDK][WS][SERVICE]connected nodes,count=2
info|2023-07-08 23:50:09.933912|[EVENT][SUB][doLoop]event sub tasks report,working event sub count=0,suspend event sub count=0
info|2023-07-08 23:50:10.476782|[SDK][WS][SERVICE]connected nodes,count=2
info|2023-07-08 23:50:29.934030|[EVENT][SUB][doLoop]event sub tasks report,working event sub count=0,suspend event sub count=0
info|2023-07-08 23:50:30.477450|[SDK][WS][SERVICE]connected nodes,count=2
info|2023-07-08 23:50:49.934070|[EVENT][SUB][doLoop]event sub tasks report,working event sub count=0,suspend event sub count=0
info|2023-07-08 23:50:50.477782|[SDK][WS][SERVICE]connected nodes,count=2
info|2023-07-08 23:51:09.934522|[EVENT][SUB][doLoop]event sub tasks report,working event sub count=0,suspend event sub count=0
info|2023-07-08 23:51:10.478661|[SDK][WS][SERVICE]connected nodes,count=2
info|2023-07-08 23:51:29.934684|[EVENT][SUB][doLoop]event sub tasks report,working event sub count=0,suspend event sub count=0
info|2023-07-08 23:51:30.478827|[SDK][WS][SERVICE]connected nodes,count=2
info|2023-07-08 23:51:49.934840|[EVENT][SUB][doLoop]event sub tasks report,working event sub count=0,suspend event sub count=0
info|2023-07-08 23:51:50.479017|[SDK][WS][SERVICE]connected nodes,count=2
info|2023-07-08 23:52:09.935505|[EVENT][SUB][doLoop]event sub tasks report,working event sub count=0,suspend event sub count=0
info|2023-07-08 23:52:10.480876|[SDK][WS][SERVICE]connected nodes,count=2
info|2023-07-08 23:52:29.935663|[EVENT][SUB][doLoop]event sub tasks report,working event sub count=0,suspend event sub count=0
info|2023-07-08 23:52:30.481640|[SDK][WS][SERVICE]connected nodes,count=2
info|2023-07-08 23:52:49.936050|[EVENT][SUB][doLoop]event sub tasks report,working event sub count=0,suspend event sub count=0
info|2023-07-08 23:52:50.482224|[SDK][WS][SERVICE]connected nodes,count=2
info|2023-07-08 23:53:09.936803|[EVENT][SUB][doLoop]event sub tasks report,working event sub count=0,suspend event sub count=0
info|2023-07-08 23:53:10.482846|[SDK][WS][SERVICE]connected nodes,count=2
info|2023-07-08 23:53:29.936921|[EVENT][SUB][doLoop]event sub tasks report,working event sub count=0,suspend event sub count=0
info|2023-07-08 23:53:30.483393|[SDK][WS][SERVICE]connected nodes,count=2
info|2023-07-08 23:53:49.937186|[EVENT][SUB][doLoop]event sub tasks report,working event sub count=0,suspend event sub count=0
info|2023-07-08 23:53:50.484040|[SDK][WS][SERVICE]connected nodes,count=2
info|2023-07-08 23:54:09.937322|[EVENT][SUB][doLoop]event sub tasks report,working event sub count=0,suspend event sub count=0
info|2023-07-08 23:54:10.484232|[SDK][WS][SERVICE]connected nodes,count=2
info|2023-07-08 23:54:29.937401|[EVENT][SUB][doLoop]event sub tasks report,working event sub count=0,suspend event sub count=0
info|2023-07-08 23:54:30.484546|[SDK][WS][SERVICE]connected nodes,count=2
info|2023-07-08 23:54:49.937766|[EVENT][SUB][doLoop]event sub tasks report,working event sub count=0,suspend event sub count=0
info|2023-07-08 23:54:50.484865|[SDK][WS][SERVICE]connected nodes,count=2
info|2023-07-08 23:55:09.937925|[EVENT][SUB][doLoop]event sub tasks report,working event sub count=0,suspend event sub count=0
info|2023-07-08 23:55:10.485404|[SDK][WS][SERVICE]connected nodes,count=2
info|2023-07-08 23:55:29.938017|[EVENT][SUB][doLoop]event sub tasks report,working event sub count=0,suspend event sub count=0
info|2023-07-08 23:55:30.486112|[SDK][WS][SERVICE]connected nodes,count=2
info|2023-07-08 23:55:49.938396|[EVENT][SUB][doLoop]event sub tasks report,working event sub count=0,suspend event sub count=0
info|2023-07-08 23:55:50.486654|[SDK][WS][SERVICE]connected nodes,count=2
info|2023-07-08 23:56:09.938817|[EVENT][SUB][doLoop]event sub tasks report,working event sub count=0,suspend event sub count=0
info|2023-07-08 23:56:10.487219|[SDK][WS][SERVICE]connected nodes,count=2
info|2023-07-08 23:56:29.938894|[EVENT][SUB][doLoop]event sub tasks report,working event sub count=0,suspend event sub count=0
info|2023-07-08 23:56:30.487456|[SDK][WS][SERVICE]connected nodes,count=2
info|2023-07-08 23:56:49.939103|[EVENT][SUB][doLoop]event sub tasks report,working event sub count=0,suspend event sub count=0
info|2023-07-08 23:56:50.487956|[SDK][WS][SERVICE]connected nodes,count=2
info|2023-07-08 23:57:09.939611|[EVENT][SUB][doLoop]event sub tasks report,working event sub count=0,suspend event sub count=0
info|2023-07-08 23:57:10.488525|[SDK][WS][SERVICE]connected nodes,count=2
info|2023-07-08 23:57:13.839982|[RPC][BLOCK][NUMBER][fromJson],group=group0,node=98a7f70ec883a722219d92253cf073a72605f4087aa3443c8e4aadc0af2dc3ac647d0fa1b5ac99cd6987abafe6d690ae71cd5fd2aeeabe7589bfb4748aabdfba,blockNumber=2367
info|2023-07-08 23:57:13.840021|[RPCWS][SERVICE][onRecvBlockNotifier]receive block number notifier,group=group0,node=98a7f70ec883a722219d92253cf073a72605f4087aa3443c8e4aadc0af2dc3ac647d0fa1b5ac99cd6987abafe6d690ae71cd5fd2aeeabe7589bfb4748aabdfba,blockNumber=2367
info|2023-07-08 23:57:13.840027|[RPCWS][SERVICE][updateGroupBlockNumber],groupID=group0,_blockNumber=2367
info|2023-07-08 23:57:13.840032|[RPCWS][SERVICE][onRecvBlockNotifier]block notifier callback,group=group0,node=98a7f70ec883a722219d92253cf073a72605f4087aa3443c8e4aadc0af2dc3ac647d0fa1b5ac99cd6987abafe6d690ae71cd5fd2aeeabe7589bfb4748aabdfba,blockNumber=2367
info|2023-07-08 23:57:13.840036|[WS]receive block notify,endpoint=127.0.0.1:20200,blk={
	"blockNumber" : 2367,
	"group" : "group0",
	"nodeName" : "98a7f70ec883a722219d92253cf073a72605f4087aa3443c8e4aadc0af2dc3ac647d0fa1b5ac99cd6987abafe6d690ae71cd5fd2aeeabe7589bfb4748aabdfba"
}
info|2023-07-08 23:57:13.887568|[RPC][BLOCK][NUMBER][fromJson],group=group0,node=2f993327933ad58672518b6d4f63920cbc68b80f78f4d81192552ee6362f5cc81ee13bdc678ad65f06e76444cadb53b33694cfb3fc7679b8000411975fedd28a,blockNumber=2367
info|2023-07-08 23:57:13.887587|[RPCWS][SERVICE][onRecvBlockNotifier]receive block number notifier,group=group0,node=2f993327933ad58672518b6d4f63920cbc68b80f78f4d81192552ee6362f5cc81ee13bdc678ad65f06e76444cadb53b33694cfb3fc7679b8000411975fedd28a,blockNumber=2367
info|2023-07-08 23:57:13.887594|[WS]receive block notify,endpoint=127.0.0.1:20201,blk={
	"blockNumber" : 2367,
	"group" : "group0",
	"nodeName" : "2f993327933ad58672518b6d4f63920cbc68b80f78f4d81192552ee6362f5cc81ee13bdc678ad65f06e76444cadb53b33694cfb3fc7679b8000411975fedd28a"
}
info|2023-07-08 23:57:14.405998|[RPC][BLOCK][NUMBER][fromJson],group=group0,node=98a7f70ec883a722219d92253cf073a72605f4087aa3443c8e4aadc0af2dc3ac647d0fa1b5ac99cd6987abafe6d690ae71cd5fd2aeeabe7589bfb4748aabdfba,blockNumber=2368
info|2023-07-08 23:57:14.406026|[RPCWS][SERVICE][onRecvBlockNotifier]receive block number notifier,group=group0,node=98a7f70ec883a722219d92253cf073a72605f4087aa3443c8e4aadc0af2dc3ac647d0fa1b5ac99cd6987abafe6d690ae71cd5fd2aeeabe7589bfb4748aabdfba,blockNumber=2368
info|2023-07-08 23:57:14.406034|[RPCWS][SERVICE][updateGroupBlockNumber],groupID=group0,_blockNumber=2368
info|2023-07-08 23:57:14.406039|[RPCWS][SERVICE][onRecvBlockNotifier]block notifier callback,group=group0,node=98a7f70ec883a722219d92253cf073a72605f4087aa3443c8e4aadc0af2dc3ac647d0fa1b5ac99cd6987abafe6d690ae71cd5fd2aeeabe7589bfb4748aabdfba,blockNumber=2368
info|2023-07-08 23:57:14.406046|[WS]receive block notify,endpoint=127.0.0.1:20200,blk={
	"blockNumber" : 2368,
	"group" : "group0",
	"nodeName" : "98a7f70ec883a722219d92253cf073a72605f4087aa3443c8e4aadc0af2dc3ac647d0fa1b5ac99cd6987abafe6d690ae71cd5fd2aeeabe7589bfb4748aabdfba"
}
info|2023-07-08 23:57:14.452553|[RPC][BLOCK][NUMBER][fromJson],group=group0,node=2f993327933ad58672518b6d4f63920cbc68b80f78f4d81192552ee6362f5cc81ee13bdc678ad65f06e76444cadb53b33694cfb3fc7679b8000411975fedd28a,blockNumber=2368
info|2023-07-08 23:57:14.452585|[RPCWS][SERVICE][onRecvBlockNotifier]receive block number notifier,group=group0,node=2f993327933ad58672518b6d4f63920cbc68b80f78f4d81192552ee6362f5cc81ee13bdc678ad65f06e76444cadb53b33694cfb3fc7679b8000411975fedd28a,blockNumber=2368
info|2023-07-08 23:57:14.452592|[WS]receive block notify,endpoint=127.0.0.1:20201,blk={
	"blockNumber" : 2368,
	"group" : "group0",
	"nodeName" : "2f993327933ad58672518b6d4f63920cbc68b80f78f4d81192552ee6362f5cc81ee13bdc678ad65f06e76444cadb53b33694cfb3fc7679b8000411975fedd28a"
}
info|2023-07-08 23:57:14.927615|[RPC][BLOCK][NUMBER][fromJson],group=group0,node=98a7f70ec883a722219d92253cf073a72605f4087aa3443c8e4aadc0af2dc3ac647d0fa1b5ac99cd6987abafe6d690ae71cd5fd2aeeabe7589bfb4748aabdfba,blockNumber=2369
info|2023-07-08 23:57:14.927639|[RPCWS][SERVICE][onRecvBlockNotifier]receive block number notifier,group=group0,node=98a7f70ec883a722219d92253cf073a72605f4087aa3443c8e4aadc0af2dc3ac647d0fa1b5ac99cd6987abafe6d690ae71cd5fd2aeeabe7589bfb4748aabdfba,blockNumber=2369
info|2023-07-08 23:57:14.927645|[RPCWS][SERVICE][updateGroupBlockNumber],groupID=group0,_blockNumber=2369
info|2023-07-08 23:57:14.927650|[RPCWS][SERVICE][onRecvBlockNotifier]block notifier callback,group=group0,node=98a7f70ec883a722219d92253cf073a72605f4087aa3443c8e4aadc0af2dc3ac647d0fa1b5ac99cd6987abafe6d690ae71cd5fd2aeeabe7589bfb4748aabdfba,blockNumber=2369
info|2023-07-08 23:57:14.927655|[WS]receive block notify,endpoint=127.0.0.1:20200,blk={
	"blockNumber" : 2369,
	"group" : "group0",
	"nodeName" : "98a7f70ec883a722219d92253cf073a72605f4087aa3443c8e4aadc0af2dc3ac647d0fa1b5ac99cd6987abafe6d690ae71cd5fd2aeeabe7589bfb4748aabdfba"
}
info|2023-07-08 23:57:15.047921|[RPC][BLOCK][NUMBER][fromJson],group=group0,node=2f993327933ad58672518b6d4f63920cbc68b80f78f4d81192552ee6362f5cc81ee13bdc678ad65f06e76444cadb53b33694cfb3fc7679b8000411975fedd28a,blockNumber=2369
info|2023-07-08 23:57:15.047961|[RPCWS][SERVICE][onRecvBlockNotifier]receive block number notifier,group=group0,node=2f993327933ad58672518b6d4f63920cbc68b80f78f4d81192552ee6362f5cc81ee13bdc678ad65f06e76444cadb53b33694cfb3fc7679b8000411975fedd28a,blockNumber=2369
info|2023-07-08 23:57:15.047968|[WS]receive block notify,endpoint=127.0.0.1:20201,blk={
	"blockNumber" : 2369,
	"group" : "group0",
	"nodeName" : "2f993327933ad58672518b6d4f63920cbc68b80f78f4d81192552ee6362f5cc81ee13bdc678ad65f06e76444cadb53b33694cfb3fc7679b8000411975fedd28a"
}
info|2023-07-08 23:57:15.607328|[RPC][BLOCK][NUMBER][fromJson],group=group0,node=98a7f70ec883a722219d92253cf073a72605f4087aa3443c8e4aadc0af2dc3ac647d0fa1b5ac99cd6987abafe6d690ae71cd5fd2aeeabe7589bfb4748aabdfba,blockNumber=2370
info|2023-07-08 23:57:15.607366|[RPCWS][SERVICE][onRecvBlockNotifier]receive block number notifier,group=group0,node=98a7f70ec883a722219d92253cf073a72605f4087aa3443c8e4aadc0af2dc3ac647d0fa1b5ac99cd6987abafe6d690ae71cd5fd2aeeabe7589bfb4748aabdfba,blockNumber=2370
info|2023-07-08 23:57:15.607375|[RPCWS][SERVICE][updateGroupBlockNumber],groupID=group0,_blockNumber=2370
info|2023-07-08 23:57:15.607382|[RPCWS][SERVICE][onRecvBlockNotifier]block notifier callback,group=group0,node=98a7f70ec883a722219d92253cf073a72605f4087aa3443c8e4aadc0af2dc3ac647d0fa1b5ac99cd6987abafe6d690ae71cd5fd2aeeabe7589bfb4748aabdfba,blockNumber=2370
info|2023-07-08 23:57:15.607388|[WS]receive block notify,endpoint=127.0.0.1:20200,blk={
	"blockNumber" : 2370,
	"group" : "group0",
	"nodeName" : "98a7f70ec883a722219d92253cf073a72605f4087aa3443c8e4aadc0af2dc3ac647d0fa1b5ac99cd6987abafe6d690ae71cd5fd2aeeabe7589bfb4748aabdfba"
}
info|2023-07-08 23:57:15.713411|[RPC][BLOCK][NUMBER][fromJson],group=group0,node=2f993327933ad58672518b6d4f63920cbc68b80f78f4d81192552ee6362f5cc81ee13bdc678ad65f06e76444cadb53b33694cfb3fc7679b8000411975fedd28a,blockNumber=2370
info|2023-07-08 23:57:15.713434|[RPCWS][SERVICE][onRecvBlockNotifier]receive block number notifier,group=group0,node=2f993327933ad58672518b6d4f63920cbc68b80f78f4d81192552ee6362f5cc81ee13bdc678ad65f06e76444cadb53b33694cfb3fc7679b8000411975fedd28a,blockNumber=2370
info|2023-07-08 23:57:15.713442|[WS]receive block notify,endpoint=127.0.0.1:20201,blk={
	"blockNumber" : 2370,
	"group" : "group0",
	"nodeName" : "2f993327933ad58672518b6d4f63920cbc68b80f78f4d81192552ee6362f5cc81ee13bdc678ad65f06e76444cadb53b33694cfb3fc7679b8000411975fedd28a"
}
info|2023-07-08 23:57:16.128531|[RPC][BLOCK][NUMBER][fromJson],group=group0,node=98a7f70ec883a722219d92253cf073a72605f4087aa3443c8e4aadc0af2dc3ac647d0fa1b5ac99cd6987abafe6d690ae71cd5fd2aeeabe7589bfb4748aabdfba,blockNumber=2371
info|2023-07-08 23:57:16.128556|[RPCWS][SERVICE][onRecvBlockNotifier]receive block number notifier,group=group0,node=98a7f70ec883a722219d92253cf073a72605f4087aa3443c8e4aadc0af2dc3ac647d0fa1b5ac99cd6987abafe6d690ae71cd5fd2aeeabe7589bfb4748aabdfba,blockNumber=2371
info|2023-07-08 23:57:16.128563|[RPCWS][SERVICE][updateGroupBlockNumber],groupID=group0,_blockNumber=2371
info|2023-07-08 23:57:16.128569|[RPCWS][SERVICE][onRecvBlockNotifier]block notifier callback,group=group0,node=98a7f70ec883a722219d92253cf073a72605f4087aa3443c8e4aadc0af2dc3ac647d0fa1b5ac99cd6987abafe6d690ae71cd5fd2aeeabe7589bfb4748aabdfba,blockNumber=2371
info|2023-07-08 23:57:16.128575|[WS]receive block notify,endpoint=127.0.0.1:20200,blk={
	"blockNumber" : 2371,
	"group" : "group0",
	"nodeName" : "98a7f70ec883a722219d92253cf073a72605f4087aa3443c8e4aadc0af2dc3ac647d0fa1b5ac99cd6987abafe6d690ae71cd5fd2aeeabe7589bfb4748aabdfba"
}
info|2023-07-08 23:57:16.247275|[RPC][BLOCK][NUMBER][fromJson],group=group0,node=2f993327933ad58672518b6d4f63920cbc68b80f78f4d81192552ee6362f5cc81ee13bdc678ad65f06e76444cadb53b33694cfb3fc7679b8000411975fedd28a,blockNumber=2371
info|2023-07-08 23:57:16.247298|[RPCWS][SERVICE][onRecvBlockNotifier]receive block number notifier,group=group0,node=2f993327933ad58672518b6d4f63920cbc68b80f78f4d81192552ee6362f5cc81ee13bdc678ad65f06e76444cadb53b33694cfb3fc7679b8000411975fedd28a,blockNumber=2371
info|2023-07-08 23:57:16.247305|[WS]receive block notify,endpoint=127.0.0.1:20201,blk={
	"blockNumber" : 2371,
	"group" : "group0",
	"nodeName" : "2f993327933ad58672518b6d4f63920cbc68b80f78f4d81192552ee6362f5cc81ee13bdc678ad65f06e76444cadb53b33694cfb3fc7679b8000411975fedd28a"
}
info|2023-07-08 23:57:16.687883|[RPC][BLOCK][NUMBER][fromJson],group=group0,node=98a7f70ec883a722219d92253cf073a72605f4087aa3443c8e4aadc0af2dc3ac647d0fa1b5ac99cd6987abafe6d690ae71cd5fd2aeeabe7589bfb4748aabdfba,blockNumber=2372
info|2023-07-08 23:57:16.687906|[RPCWS][SERVICE][onRecvBlockNotifier]receive block number notifier,group=group0,node=98a7f70ec883a722219d92253cf073a72605f4087aa3443c8e4aadc0af2dc3ac647d0fa1b5ac99cd6987abafe6d690ae71cd5fd2aeeabe7589bfb4748aabdfba,blockNumber=2372
info|2023-07-08 23:57:16.687912|[RPCWS][SERVICE][updateGroupBlockNumber],groupID=group0,_blockNumber=2372
info|2023-07-08 23:57:16.687918|[RPCWS][SERVICE][onRecvBlockNotifier]block notifier callback,group=group0,node=98a7f70ec883a722219d92253cf073a72605f4087aa3443c8e4aadc0af2dc3ac647d0fa1b5ac99cd6987abafe6d690ae71cd5fd2aeeabe7589bfb4748aabdfba,blockNumber=2372
info|2023-07-08 23:57:16.687922|[WS]receive block notify,endpoint=127.0.0.1:20200,blk={
	"blockNumber" : 2372,
	"group" : "group0",
	"nodeName" : "98a7f70ec883a722219d92253cf073a72605f4087aa3443c8e4aadc0af2dc3ac647d0fa1b5ac99cd6987abafe6d690ae71cd5fd2aeeabe7589bfb4748aabdfba"
}
info|2023-07-08 23:57:16.718335|[RPC][BLOCK][NUMBER][fromJson],group=group0,node=2f993327933ad58672518b6d4f63920cbc68b80f78f4d81192552ee6362f5cc81ee13bdc678ad65f06e76444cadb53b33694cfb3fc7679b8000411975fedd28a,blockNumber=2372
info|2023-07-08 23:57:16.718357|[RPCWS][SERVICE][onRecvBlockNotifier]receive block number notifier,group=group0,node=2f993327933ad58672518b6d4f63920cbc68b80f78f4d81192552ee6362f5cc81ee13bdc678ad65f06e76444cadb53b33694cfb3fc7679b8000411975fedd28a,blockNumber=2372
info|2023-07-08 23:57:16.718364|[WS]receive block notify,endpoint=127.0.0.1:20201,blk={
	"blockNumber" : 2372,
	"group" : "group0",
	"nodeName" : "2f993327933ad58672518b6d4f63920cbc68b80f78f4d81192552ee6362f5cc81ee13bdc678ad65f06e76444cadb53b33694cfb3fc7679b8000411975fedd28a"
}
info|2023-07-08 23:57:17.244175|[RPC][BLOCK][NUMBER][fromJson],group=group0,node=98a7f70ec883a722219d92253cf073a72605f4087aa3443c8e4aadc0af2dc3ac647d0fa1b5ac99cd6987abafe6d690ae71cd5fd2aeeabe7589bfb4748aabdfba,blockNumber=2373
info|2023-07-08 23:57:17.244220|[RPCWS][SERVICE][onRecvBlockNotifier]receive block number notifier,group=group0,node=98a7f70ec883a722219d92253cf073a72605f4087aa3443c8e4aadc0af2dc3ac647d0fa1b5ac99cd6987abafe6d690ae71cd5fd2aeeabe7589bfb4748aabdfba,blockNumber=2373
info|2023-07-08 23:57:17.244228|[RPCWS][SERVICE][updateGroupBlockNumber],groupID=group0,_blockNumber=2373
info|2023-07-08 23:57:17.244233|[RPCWS][SERVICE][onRecvBlockNotifier]block notifier callback,group=group0,node=98a7f70ec883a722219d92253cf073a72605f4087aa3443c8e4aadc0af2dc3ac647d0fa1b5ac99cd6987abafe6d690ae71cd5fd2aeeabe7589bfb4748aabdfba,blockNumber=2373
info|2023-07-08 23:57:17.244238|[WS]receive block notify,endpoint=127.0.0.1:20200,blk={
	"blockNumber" : 2373,
	"group" : "group0",
	"nodeName" : "98a7f70ec883a722219d92253cf073a72605f4087aa3443c8e4aadc0af2dc3ac647d0fa1b5ac99cd6987abafe6d690ae71cd5fd2aeeabe7589bfb4748aabdfba"
}
info|2023-07-08 23:57:17.274717|[RPC][BLOCK][NUMBER][fromJson],group=group0,node=2f993327933ad58672518b6d4f63920cbc68b80f78f4d81192552ee6362f5cc81ee13bdc678ad65f06e76444cadb53b33694cfb3fc7679b8000411975fedd28a,blockNumber=2373
info|2023-07-08 23:57:17.274740|[RPCWS][SERVICE][onRecvBlockNotifier]receive block number notifier,group=group0,node=2f993327933ad58672518b6d4f63920cbc68b80f78f4d81192552ee6362f5cc81ee13bdc678ad65f06e76444cadb53b33694cfb3fc7679b8000411975fedd28a,blockNumber=2373
info|2023-07-08 23:57:17.274748|[WS]receive block notify,endpoint=127.0.0.1:20201,blk={
	"blockNumber" : 2373,
	"group" : "group0",
	"nodeName" : "2f993327933ad58672518b6d4f63920cbc68b80f78f4d81192552ee6362f5cc81ee13bdc678ad65f06e76444cadb53b33694cfb3fc7679b8000411975fedd28a"
}
info|2023-07-08 23:57:17.841791|[RPC][BLOCK][NUMBER][fromJson],group=group0,node=98a7f70ec883a722219d92253cf073a72605f4087aa3443c8e4aadc0af2dc3ac647d0fa1b5ac99cd6987abafe6d690ae71cd5fd2aeeabe7589bfb4748aabdfba,blockNumber=2374
info|2023-07-08 23:57:17.841834|[RPCWS][SERVICE][onRecvBlockNotifier]receive block number notifier,group=group0,node=98a7f70ec883a722219d92253cf073a72605f4087aa3443c8e4aadc0af2dc3ac647d0fa1b5ac99cd6987abafe6d690ae71cd5fd2aeeabe7589bfb4748aabdfba,blockNumber=2374
info|2023-07-08 23:57:17.841845|[RPCWS][SERVICE][updateGroupBlockNumber],groupID=group0,_blockNumber=2374
info|2023-07-08 23:57:17.841856|[RPCWS][SERVICE][onRecvBlockNotifier]block notifier callback,group=group0,node=98a7f70ec883a722219d92253cf073a72605f4087aa3443c8e4aadc0af2dc3ac647d0fa1b5ac99cd6987abafe6d690ae71cd5fd2aeeabe7589bfb4748aabdfba,blockNumber=2374
info|2023-07-08 23:57:17.841865|[WS]receive block notify,endpoint=127.0.0.1:20200,blk={
	"blockNumber" : 2374,
	"group" : "group0",
	"nodeName" : "98a7f70ec883a722219d92253cf073a72605f4087aa3443c8e4aadc0af2dc3ac647d0fa1b5ac99cd6987abafe6d690ae71cd5fd2aeeabe7589bfb4748aabdfba"
}
info|2023-07-08 23:57:17.876902|[RPC][BLOCK][NUMBER][fromJson],group=group0,node=2f993327933ad58672518b6d4f63920cbc68b80f78f4d81192552ee6362f5cc81ee13bdc678ad65f06e76444cadb53b33694cfb3fc7679b8000411975fedd28a,blockNumber=2374
info|2023-07-08 23:57:17.876925|[RPCWS][SERVICE][onRecvBlockNotifier]receive block number notifier,group=group0,node=2f993327933ad58672518b6d4f63920cbc68b80f78f4d81192552ee6362f5cc81ee13bdc678ad65f06e76444cadb53b33694cfb3fc7679b8000411975fedd28a,blockNumber=2374
info|2023-07-08 23:57:17.876933|[WS]receive block notify,endpoint=127.0.0.1:20201,blk={
	"blockNumber" : 2374,
	"group" : "group0",
	"nodeName" : "2f993327933ad58672518b6d4f63920cbc68b80f78f4d81192552ee6362f5cc81ee13bdc678ad65f06e76444cadb53b33694cfb3fc7679b8000411975fedd28a"
}
info|2023-07-08 23:57:18.390859|[RPC][BLOCK][NUMBER][fromJson],group=group0,node=98a7f70ec883a722219d92253cf073a72605f4087aa3443c8e4aadc0af2dc3ac647d0fa1b5ac99cd6987abafe6d690ae71cd5fd2aeeabe7589bfb4748aabdfba,blockNumber=2375
info|2023-07-08 23:57:18.390890|[RPCWS][SERVICE][onRecvBlockNotifier]receive block number notifier,group=group0,node=98a7f70ec883a722219d92253cf073a72605f4087aa3443c8e4aadc0af2dc3ac647d0fa1b5ac99cd6987abafe6d690ae71cd5fd2aeeabe7589bfb4748aabdfba,blockNumber=2375
info|2023-07-08 23:57:18.390897|[RPCWS][SERVICE][updateGroupBlockNumber],groupID=group0,_blockNumber=2375
info|2023-07-08 23:57:18.390905|[RPCWS][SERVICE][onRecvBlockNotifier]block notifier callback,group=group0,node=98a7f70ec883a722219d92253cf073a72605f4087aa3443c8e4aadc0af2dc3ac647d0fa1b5ac99cd6987abafe6d690ae71cd5fd2aeeabe7589bfb4748aabdfba,blockNumber=2375
info|2023-07-08 23:57:18.390911|[WS]receive block notify,endpoint=127.0.0.1:20200,blk={
	"blockNumber" : 2375,
	"group" : "group0",
	"nodeName" : "98a7f70ec883a722219d92253cf073a72605f4087aa3443c8e4aadc0af2dc3ac647d0fa1b5ac99cd6987abafe6d690ae71cd5fd2aeeabe7589bfb4748aabdfba"
}
info|2023-07-08 23:57:18.405548|[RPC][BLOCK][NUMBER][fromJson],group=group0,node=2f993327933ad58672518b6d4f63920cbc68b80f78f4d81192552ee6362f5cc81ee13bdc678ad65f06e76444cadb53b33694cfb3fc7679b8000411975fedd28a,blockNumber=2375
info|2023-07-08 23:57:18.405580|[RPCWS][SERVICE][onRecvBlockNotifier]receive block number notifier,group=group0,node=2f993327933ad58672518b6d4f63920cbc68b80f78f4d81192552ee6362f5cc81ee13bdc678ad65f06e76444cadb53b33694cfb3fc7679b8000411975fedd28a,blockNumber=2375
info|2023-07-08 23:57:18.405611|[WS]receive block notify,endpoint=127.0.0.1:20201,blk={
	"blockNumber" : 2375,
	"group" : "group0",
	"nodeName" : "2f993327933ad58672518b6d4f63920cbc68b80f78f4d81192552ee6362f5cc81ee13bdc678ad65f06e76444cadb53b33694cfb3fc7679b8000411975fedd28a"
}
info|2023-07-08 23:57:18.979049|[RPC][BLOCK][NUMBER][fromJson],group=group0,node=98a7f70ec883a722219d92253cf073a72605f4087aa3443c8e4aadc0af2dc3ac647d0fa1b5ac99cd6987abafe6d690ae71cd5fd2aeeabe7589bfb4748aabdfba,blockNumber=2376
info|2023-07-08 23:57:18.979124|[RPCWS][SERVICE][onRecvBlockNotifier]receive block number notifier,group=group0,node=98a7f70ec883a722219d92253cf073a72605f4087aa3443c8e4aadc0af2dc3ac647d0fa1b5ac99cd6987abafe6d690ae71cd5fd2aeeabe7589bfb4748aabdfba,blockNumber=2376
info|2023-07-08 23:57:18.979137|[RPCWS][SERVICE][updateGroupBlockNumber],groupID=group0,_blockNumber=2376
info|2023-07-08 23:57:18.979145|[RPCWS][SERVICE][onRecvBlockNotifier]block notifier callback,group=group0,node=98a7f70ec883a722219d92253cf073a72605f4087aa3443c8e4aadc0af2dc3ac647d0fa1b5ac99cd6987abafe6d690ae71cd5fd2aeeabe7589bfb4748aabdfba,blockNumber=2376
info|2023-07-08 23:57:18.979153|[WS]receive block notify,endpoint=127.0.0.1:20200,blk={
	"blockNumber" : 2376,
	"group" : "group0",
	"nodeName" : "98a7f70ec883a722219d92253cf073a72605f4087aa3443c8e4aadc0af2dc3ac647d0fa1b5ac99cd6987abafe6d690ae71cd5fd2aeeabe7589bfb4748aabdfba"
}
info|2023-07-08 23:57:19.003695|[RPC][BLOCK][NUMBER][fromJson],group=group0,node=2f993327933ad58672518b6d4f63920cbc68b80f78f4d81192552ee6362f5cc81ee13bdc678ad65f06e76444cadb53b33694cfb3fc7679b8000411975fedd28a,blockNumber=2376
info|2023-07-08 23:57:19.003717|[RPCWS][SERVICE][onRecvBlockNotifier]receive block number notifier,group=group0,node=2f993327933ad58672518b6d4f63920cbc68b80f78f4d81192552ee6362f5cc81ee13bdc678ad65f06e76444cadb53b33694cfb3fc7679b8000411975fedd28a,blockNumber=2376
info|2023-07-08 23:57:19.003750|[WS]receive block notify,endpoint=127.0.0.1:20201,blk={
	"blockNumber" : 2376,
	"group" : "group0",
	"nodeName" : "2f993327933ad58672518b6d4f63920cbc68b80f78f4d81192552ee6362f5cc81ee13bdc678ad65f06e76444cadb53b33694cfb3fc7679b8000411975fedd28a"
}
info|2023-07-08 23:57:19.552945|[RPC][BLOCK][NUMBER][fromJson],group=group0,node=2f993327933ad58672518b6d4f63920cbc68b80f78f4d81192552ee6362f5cc81ee13bdc678ad65f06e76444cadb53b33694cfb3fc7679b8000411975fedd28a,blockNumber=2377
info|2023-07-08 23:57:19.552980|[RPCWS][SERVICE][onRecvBlockNotifier]receive block number notifier,group=group0,node=2f993327933ad58672518b6d4f63920cbc68b80f78f4d81192552ee6362f5cc81ee13bdc678ad65f06e76444cadb53b33694cfb3fc7679b8000411975fedd28a,blockNumber=2377
info|2023-07-08 23:57:19.552990|[RPCWS][SERVICE][updateGroupBlockNumber],groupID=group0,_blockNumber=2377
info|2023-07-08 23:57:19.552998|[RPCWS][SERVICE][onRecvBlockNotifier]block notifier callback,group=group0,node=2f993327933ad58672518b6d4f63920cbc68b80f78f4d81192552ee6362f5cc81ee13bdc678ad65f06e76444cadb53b33694cfb3fc7679b8000411975fedd28a,blockNumber=2377
info|2023-07-08 23:57:19.553006|[WS]receive block notify,endpoint=127.0.0.1:20201,blk={
	"blockNumber" : 2377,
	"group" : "group0",
	"nodeName" : "2f993327933ad58672518b6d4f63920cbc68b80f78f4d81192552ee6362f5cc81ee13bdc678ad65f06e76444cadb53b33694cfb3fc7679b8000411975fedd28a"
}
info|2023-07-08 23:57:19.560452|[RPC][BLOCK][NUMBER][fromJson],group=group0,node=98a7f70ec883a722219d92253cf073a72605f4087aa3443c8e4aadc0af2dc3ac647d0fa1b5ac99cd6987abafe6d690ae71cd5fd2aeeabe7589bfb4748aabdfba,blockNumber=2377
info|2023-07-08 23:57:19.560480|[RPCWS][SERVICE][onRecvBlockNotifier]receive block number notifier,group=group0,node=98a7f70ec883a722219d92253cf073a72605f4087aa3443c8e4aadc0af2dc3ac647d0fa1b5ac99cd6987abafe6d690ae71cd5fd2aeeabe7589bfb4748aabdfba,blockNumber=2377
info|2023-07-08 23:57:19.560491|[WS]receive block notify,endpoint=127.0.0.1:20200,blk={
	"blockNumber" : 2377,
	"group" : "group0",
	"nodeName" : "98a7f70ec883a722219d92253cf073a72605f4087aa3443c8e4aadc0af2dc3ac647d0fa1b5ac99cd6987abafe6d690ae71cd5fd2aeeabe7589bfb4748aabdfba"
}
info|2023-07-08 23:57:20.153953|[RPC][BLOCK][NUMBER][fromJson],group=group0,node=2f993327933ad58672518b6d4f63920cbc68b80f78f4d81192552ee6362f5cc81ee13bdc678ad65f06e76444cadb53b33694cfb3fc7679b8000411975fedd28a,blockNumber=2378
info|2023-07-08 23:57:20.154004|[RPCWS][SERVICE][onRecvBlockNotifier]receive block number notifier,group=group0,node=2f993327933ad58672518b6d4f63920cbc68b80f78f4d81192552ee6362f5cc81ee13bdc678ad65f06e76444cadb53b33694cfb3fc7679b8000411975fedd28a,blockNumber=2378
info|2023-07-08 23:57:20.154016|[RPCWS][SERVICE][updateGroupBlockNumber],groupID=group0,_blockNumber=2378
info|2023-07-08 23:57:20.154026|[RPCWS][SERVICE][onRecvBlockNotifier]block notifier callback,group=group0,node=2f993327933ad58672518b6d4f63920cbc68b80f78f4d81192552ee6362f5cc81ee13bdc678ad65f06e76444cadb53b33694cfb3fc7679b8000411975fedd28a,blockNumber=2378
info|2023-07-08 23:57:20.154034|[WS]receive block notify,endpoint=127.0.0.1:20201,blk={
	"blockNumber" : 2378,
	"group" : "group0",
	"nodeName" : "2f993327933ad58672518b6d4f63920cbc68b80f78f4d81192552ee6362f5cc81ee13bdc678ad65f06e76444cadb53b33694cfb3fc7679b8000411975fedd28a"
}
info|2023-07-08 23:57:20.169763|[RPC][BLOCK][NUMBER][fromJson],group=group0,node=98a7f70ec883a722219d92253cf073a72605f4087aa3443c8e4aadc0af2dc3ac647d0fa1b5ac99cd6987abafe6d690ae71cd5fd2aeeabe7589bfb4748aabdfba,blockNumber=2378
info|2023-07-08 23:57:20.169792|[RPCWS][SERVICE][onRecvBlockNotifier]receive block number notifier,group=group0,node=98a7f70ec883a722219d92253cf073a72605f4087aa3443c8e4aadc0af2dc3ac647d0fa1b5ac99cd6987abafe6d690ae71cd5fd2aeeabe7589bfb4748aabdfba,blockNumber=2378
info|2023-07-08 23:57:20.169832|[WS]receive block notify,endpoint=127.0.0.1:20200,blk={
	"blockNumber" : 2378,
	"group" : "group0",
	"nodeName" : "98a7f70ec883a722219d92253cf073a72605f4087aa3443c8e4aadc0af2dc3ac647d0fa1b5ac99cd6987abafe6d690ae71cd5fd2aeeabe7589bfb4748aabdfba"
}
info|2023-07-08 23:57:20.721201|[RPC][BLOCK][NUMBER][fromJson],group=group0,node=98a7f70ec883a722219d92253cf073a72605f4087aa3443c8e4aadc0af2dc3ac647d0fa1b5ac99cd6987abafe6d690ae71cd5fd2aeeabe7589bfb4748aabdfba,blockNumber=2379
info|2023-07-08 23:57:20.721232|[RPCWS][SERVICE][onRecvBlockNotifier]receive block number notifier,group=group0,node=98a7f70ec883a722219d92253cf073a72605f4087aa3443c8e4aadc0af2dc3ac647d0fa1b5ac99cd6987abafe6d690ae71cd5fd2aeeabe7589bfb4748aabdfba,blockNumber=2379
info|2023-07-08 23:57:20.721240|[RPCWS][SERVICE][updateGroupBlockNumber],groupID=group0,_blockNumber=2379
info|2023-07-08 23:57:20.721248|[RPCWS][SERVICE][onRecvBlockNotifier]block notifier callback,group=group0,node=98a7f70ec883a722219d92253cf073a72605f4087aa3443c8e4aadc0af2dc3ac647d0fa1b5ac99cd6987abafe6d690ae71cd5fd2aeeabe7589bfb4748aabdfba,blockNumber=2379
info|2023-07-08 23:57:20.721254|[WS]receive block notify,endpoint=127.0.0.1:20200,blk={
	"blockNumber" : 2379,
	"group" : "group0",
	"nodeName" : "98a7f70ec883a722219d92253cf073a72605f4087aa3443c8e4aadc0af2dc3ac647d0fa1b5ac99cd6987abafe6d690ae71cd5fd2aeeabe7589bfb4748aabdfba"
}
info|2023-07-08 23:57:20.745161|[RPC][BLOCK][NUMBER][fromJson],group=group0,node=2f993327933ad58672518b6d4f63920cbc68b80f78f4d81192552ee6362f5cc81ee13bdc678ad65f06e76444cadb53b33694cfb3fc7679b8000411975fedd28a,blockNumber=2379
info|2023-07-08 23:57:20.745206|[RPCWS][SERVICE][onRecvBlockNotifier]receive block number notifier,group=group0,node=2f993327933ad58672518b6d4f63920cbc68b80f78f4d81192552ee6362f5cc81ee13bdc678ad65f06e76444cadb53b33694cfb3fc7679b8000411975fedd28a,blockNumber=2379
info|2023-07-08 23:57:20.745217|[WS]receive block notify,endpoint=127.0.0.1:20201,blk={
	"blockNumber" : 2379,
	"group" : "group0",
	"nodeName" : "2f993327933ad58672518b6d4f63920cbc68b80f78f4d81192552ee6362f5cc81ee13bdc678ad65f06e76444cadb53b33694cfb3fc7679b8000411975fedd28a"
}
info|2023-07-08 23:57:21.273720|[RPC][BLOCK][NUMBER][fromJson],group=group0,node=98a7f70ec883a722219d92253cf073a72605f4087aa3443c8e4aadc0af2dc3ac647d0fa1b5ac99cd6987abafe6d690ae71cd5fd2aeeabe7589bfb4748aabdfba,blockNumber=2380
info|2023-07-08 23:57:21.273898|[RPCWS][SERVICE][onRecvBlockNotifier]receive block number notifier,group=group0,node=98a7f70ec883a722219d92253cf073a72605f4087aa3443c8e4aadc0af2dc3ac647d0fa1b5ac99cd6987abafe6d690ae71cd5fd2aeeabe7589bfb4748aabdfba,blockNumber=2380
info|2023-07-08 23:57:21.273913|[RPCWS][SERVICE][updateGroupBlockNumber],groupID=group0,_blockNumber=2380
info|2023-07-08 23:57:21.273922|[RPCWS][SERVICE][onRecvBlockNotifier]block notifier callback,group=group0,node=98a7f70ec883a722219d92253cf073a72605f4087aa3443c8e4aadc0af2dc3ac647d0fa1b5ac99cd6987abafe6d690ae71cd5fd2aeeabe7589bfb4748aabdfba,blockNumber=2380
info|2023-07-08 23:57:21.273929|[WS]receive block notify,endpoint=127.0.0.1:20200,blk={
	"blockNumber" : 2380,
	"group" : "group0",
	"nodeName" : "98a7f70ec883a722219d92253cf073a72605f4087aa3443c8e4aadc0af2dc3ac647d0fa1b5ac99cd6987abafe6d690ae71cd5fd2aeeabe7589bfb4748aabdfba"
}
info|2023-07-08 23:57:21.340527|[RPC][BLOCK][NUMBER][fromJson],group=group0,node=2f993327933ad58672518b6d4f63920cbc68b80f78f4d81192552ee6362f5cc81ee13bdc678ad65f06e76444cadb53b33694cfb3fc7679b8000411975fedd28a,blockNumber=2380
info|2023-07-08 23:57:21.340572|[RPCWS][SERVICE][onRecvBlockNotifier]receive block number notifier,group=group0,node=2f993327933ad58672518b6d4f63920cbc68b80f78f4d81192552ee6362f5cc81ee13bdc678ad65f06e76444cadb53b33694cfb3fc7679b8000411975fedd28a,blockNumber=2380
info|2023-07-08 23:57:21.340588|[WS]receive block notify,endpoint=127.0.0.1:20201,blk={
	"blockNumber" : 2380,
	"group" : "group0",
	"nodeName" : "2f993327933ad58672518b6d4f63920cbc68b80f78f4d81192552ee6362f5cc81ee13bdc678ad65f06e76444cadb53b33694cfb3fc7679b8000411975fedd28a"
}
info|2023-07-08 23:57:21.839467|[RPC][BLOCK][NUMBER][fromJson],group=group0,node=98a7f70ec883a722219d92253cf073a72605f4087aa3443c8e4aadc0af2dc3ac647d0fa1b5ac99cd6987abafe6d690ae71cd5fd2aeeabe7589bfb4748aabdfba,blockNumber=2381
info|2023-07-08 23:57:21.839501|[RPCWS][SERVICE][onRecvBlockNotifier]receive block number notifier,group=group0,node=98a7f70ec883a722219d92253cf073a72605f4087aa3443c8e4aadc0af2dc3ac647d0fa1b5ac99cd6987abafe6d690ae71cd5fd2aeeabe7589bfb4748aabdfba,blockNumber=2381
info|2023-07-08 23:57:21.839510|[RPCWS][SERVICE][updateGroupBlockNumber],groupID=group0,_blockNumber=2381
info|2023-07-08 23:57:21.839518|[RPCWS][SERVICE][onRecvBlockNotifier]block notifier callback,group=group0,node=98a7f70ec883a722219d92253cf073a72605f4087aa3443c8e4aadc0af2dc3ac647d0fa1b5ac99cd6987abafe6d690ae71cd5fd2aeeabe7589bfb4748aabdfba,blockNumber=2381
info|2023-07-08 23:57:21.839524|[WS]receive block notify,endpoint=127.0.0.1:20200,blk={
	"blockNumber" : 2381,
	"group" : "group0",
	"nodeName" : "98a7f70ec883a722219d92253cf073a72605f4087aa3443c8e4aadc0af2dc3ac647d0fa1b5ac99cd6987abafe6d690ae71cd5fd2aeeabe7589bfb4748aabdfba"
}
info|2023-07-08 23:57:21.909457|[RPC][BLOCK][NUMBER][fromJson],group=group0,node=2f993327933ad58672518b6d4f63920cbc68b80f78f4d81192552ee6362f5cc81ee13bdc678ad65f06e76444cadb53b33694cfb3fc7679b8000411975fedd28a,blockNumber=2381
info|2023-07-08 23:57:21.909511|[RPCWS][SERVICE][onRecvBlockNotifier]receive block number notifier,group=group0,node=2f993327933ad58672518b6d4f63920cbc68b80f78f4d81192552ee6362f5cc81ee13bdc678ad65f06e76444cadb53b33694cfb3fc7679b8000411975fedd28a,blockNumber=2381
info|2023-07-08 23:57:21.909533|[WS]receive block notify,endpoint=127.0.0.1:20201,blk={
	"blockNumber" : 2381,
	"group" : "group0",
	"nodeName" : "2f993327933ad58672518b6d4f63920cbc68b80f78f4d81192552ee6362f5cc81ee13bdc678ad65f06e76444cadb53b33694cfb3fc7679b8000411975fedd28a"
}
info|2023-07-08 23:57:22.453602|[RPC][BLOCK][NUMBER][fromJson],group=group0,node=98a7f70ec883a722219d92253cf073a72605f4087aa3443c8e4aadc0af2dc3ac647d0fa1b5ac99cd6987abafe6d690ae71cd5fd2aeeabe7589bfb4748aabdfba,blockNumber=2382
info|2023-07-08 23:57:22.453659|[RPCWS][SERVICE][onRecvBlockNotifier]receive block number notifier,group=group0,node=98a7f70ec883a722219d92253cf073a72605f4087aa3443c8e4aadc0af2dc3ac647d0fa1b5ac99cd6987abafe6d690ae71cd5fd2aeeabe7589bfb4748aabdfba,blockNumber=2382
info|2023-07-08 23:57:22.453671|[RPCWS][SERVICE][updateGroupBlockNumber],groupID=group0,_blockNumber=2382
info|2023-07-08 23:57:22.453678|[RPCWS][SERVICE][onRecvBlockNotifier]block notifier callback,group=group0,node=98a7f70ec883a722219d92253cf073a72605f4087aa3443c8e4aadc0af2dc3ac647d0fa1b5ac99cd6987abafe6d690ae71cd5fd2aeeabe7589bfb4748aabdfba,blockNumber=2382
info|2023-07-08 23:57:22.453683|[WS]receive block notify,endpoint=127.0.0.1:20200,blk={
	"blockNumber" : 2382,
	"group" : "group0",
	"nodeName" : "98a7f70ec883a722219d92253cf073a72605f4087aa3443c8e4aadc0af2dc3ac647d0fa1b5ac99cd6987abafe6d690ae71cd5fd2aeeabe7589bfb4748aabdfba"
}
info|2023-07-08 23:57:22.520030|[RPC][BLOCK][NUMBER][fromJson],group=group0,node=2f993327933ad58672518b6d4f63920cbc68b80f78f4d81192552ee6362f5cc81ee13bdc678ad65f06e76444cadb53b33694cfb3fc7679b8000411975fedd28a,blockNumber=2382
info|2023-07-08 23:57:22.520140|[RPCWS][SERVICE][onRecvBlockNotifier]receive block number notifier,group=group0,node=2f993327933ad58672518b6d4f63920cbc68b80f78f4d81192552ee6362f5cc81ee13bdc678ad65f06e76444cadb53b33694cfb3fc7679b8000411975fedd28a,blockNumber=2382
info|2023-07-08 23:57:22.520167|[WS]receive block notify,endpoint=127.0.0.1:20201,blk={
	"blockNumber" : 2382,
	"group" : "group0",
	"nodeName" : "2f993327933ad58672518b6d4f63920cbc68b80f78f4d81192552ee6362f5cc81ee13bdc678ad65f06e76444cadb53b33694cfb3fc7679b8000411975fedd28a"
}
info|2023-07-08 23:57:29.939932|[EVENT][SUB][doLoop]event sub tasks report,working event sub count=0,suspend event sub count=0
info|2023-07-08 23:57:30.488673|[SDK][WS][SERVICE]connected nodes,count=2
info|2023-07-08 23:57:49.940610|[EVENT][SUB][doLoop]event sub tasks report,working event sub count=0,suspend event sub count=0
info|2023-07-08 23:57:50.488895|[SDK][WS][SERVICE]connected nodes,count=2
info|2023-07-08 23:58:09.941075|[EVENT][SUB][doLoop]event sub tasks report,working event sub count=0,suspend event sub count=0
info|2023-07-08 23:58:10.489066|[SDK][WS][SERVICE]connected nodes,count=2
info|2023-07-08 23:58:29.941493|[EVENT][SUB][doLoop]event sub tasks report,working event sub count=0,suspend event sub count=0
info|2023-07-08 23:58:30.489750|[SDK][WS][SERVICE]connected nodes,count=2
info|2023-07-08 23:58:49.941767|[EVENT][SUB][doLoop]event sub tasks report,working event sub count=0,suspend event sub count=0
info|2023-07-08 23:58:50.490029|[SDK][WS][SERVICE]connected nodes,count=2
info|2023-07-08 23:59:09.941998|[EVENT][SUB][doLoop]event sub tasks report,working event sub count=0,suspend event sub count=0
info|2023-07-08 23:59:10.490369|[SDK][WS][SERVICE]connected nodes,count=2
info|2023-07-08 23:59:29.942701|[EVENT][SUB][doLoop]event sub tasks report,working event sub count=0,suspend event sub count=0
info|2023-07-08 23:59:30.490694|[SDK][WS][SERVICE]connected nodes,count=2
info|2023-07-08 23:59:49.943086|[EVENT][SUB][doLoop]event sub tasks report,working event sub count=0,suspend event sub count=0
info|2023-07-08 23:59:50.491130|[SDK][WS][SERVICE]connected nodes,count=2
