info|2023-07-07 22:00:05.697555|[SDK][WS][SERVICE]connected nodes,count=2
info|2023-07-07 22:00:06.016103|[EVENT][SUB][doLoop]event sub tasks report,working event sub count=0,suspend event sub count=0
info|2023-07-07 22:00:25.697715|[SDK][WS][SERVICE]connected nodes,count=2
info|2023-07-07 22:00:26.016585|[EVENT][SUB][doLoop]event sub tasks report,working event sub count=0,suspend event sub count=0
info|2023-07-07 22:00:45.698600|[SDK][WS][SERVICE]connected nodes,count=2
info|2023-07-07 22:00:46.016957|[EVENT][SUB][doLoop]event sub tasks report,working event sub count=0,suspend event sub count=0
info|2023-07-07 22:01:05.698798|[SDK][WS][SERVICE]connected nodes,count=2
info|2023-07-07 22:01:06.017391|[EVENT][SUB][doLoop]event sub tasks report,working event sub count=0,suspend event sub count=0
info|2023-07-07 22:01:25.699047|[SDK][WS][SERVICE]connected nodes,count=2
info|2023-07-07 22:01:26.017780|[EVENT][SUB][doLoop]event sub tasks report,working event sub count=0,suspend event sub count=0
info|2023-07-07 22:01:45.699286|[SDK][WS][SERVICE]connected nodes,count=2
info|2023-07-07 22:01:46.018204|[EVENT][SUB][doLoop]event sub tasks report,working event sub count=0,suspend event sub count=0
info|2023-07-07 22:02:05.699965|[SDK][WS][SERVICE]connected nodes,count=2
info|2023-07-07 22:02:06.018681|[EVENT][SUB][doLoop]event sub tasks report,working event sub count=0,suspend event sub count=0
info|2023-07-07 22:02:25.700636|[SDK][WS][SERVICE]connected nodes,count=2
info|2023-07-07 22:02:26.018958|[EVENT][SUB][doLoop]event sub tasks report,working event sub count=0,suspend event sub count=0
info|2023-07-07 22:02:45.700961|[SDK][WS][SERVICE]connected nodes,count=2
info|2023-07-07 22:02:46.019122|[EVENT][SUB][doLoop]event sub tasks report,working event sub count=0,suspend event sub count=0
info|2023-07-07 22:03:05.701424|[SDK][WS][SERVICE]connected nodes,count=2
info|2023-07-07 22:03:06.019208|[EVENT][SUB][doLoop]event sub tasks report,working event sub count=0,suspend event sub count=0
info|2023-07-07 22:03:25.701885|[SDK][WS][SERVICE]connected nodes,count=2
info|2023-07-07 22:03:26.019680|[EVENT][SUB][doLoop]event sub tasks report,working event sub count=0,suspend event sub count=0
info|2023-07-07 22:03:45.702031|[SDK][WS][SERVICE]connected nodes,count=2
info|2023-07-07 22:03:46.020043|[EVENT][SUB][doLoop]event sub tasks report,working event sub count=0,suspend event sub count=0
info|2023-07-07 22:04:05.702350|[SDK][WS][SERVICE]connected nodes,count=2
info|2023-07-07 22:04:06.020094|[EVENT][SUB][doLoop]event sub tasks report,working event sub count=0,suspend event sub count=0
info|2023-07-07 22:04:25.702906|[SDK][WS][SERVICE]connected nodes,count=2
info|2023-07-07 22:04:26.020570|[EVENT][SUB][doLoop]event sub tasks report,working event sub count=0,suspend event sub count=0
info|2023-07-07 22:04:45.703287|[SDK][WS][SERVICE]connected nodes,count=2
info|2023-07-07 22:04:46.020879|[EVENT][SUB][doLoop]event sub tasks report,working event sub count=0,suspend event sub count=0
info|2023-07-07 22:05:05.703513|[SDK][WS][SERVICE]connected nodes,count=2
info|2023-07-07 22:05:06.021117|[EVENT][SUB][doLoop]event sub tasks report,working event sub count=0,suspend event sub count=0
info|2023-07-07 22:05:25.704022|[SDK][WS][SERVICE]connected nodes,count=2
info|2023-07-07 22:05:26.021583|[EVENT][SUB][doLoop]event sub tasks report,working event sub count=0,suspend event sub count=0
info|2023-07-07 22:05:45.704293|[SDK][WS][SERVICE]connected nodes,count=2
info|2023-07-07 22:05:46.021642|[EVENT][SUB][doLoop]event sub tasks report,working event sub count=0,suspend event sub count=0
info|2023-07-07 22:06:05.704951|[SDK][WS][SERVICE]connected nodes,count=2
info|2023-07-07 22:06:06.021814|[EVENT][SUB][doLoop]event sub tasks report,working event sub count=0,suspend event sub count=0
info|2023-07-07 22:06:25.705098|[SDK][WS][SERVICE]connected nodes,count=2
info|2023-07-07 22:06:26.021927|[EVENT][SUB][doLoop]event sub tasks report,working event sub count=0,suspend event sub count=0
info|2023-07-07 22:06:45.705190|[SDK][WS][SERVICE]connected nodes,count=2
info|2023-07-07 22:06:46.022497|[EVENT][SUB][doLoop]event sub tasks report,working event sub count=0,suspend event sub count=0
info|2023-07-07 22:07:05.705363|[SDK][WS][SERVICE]connected nodes,count=2
info|2023-07-07 22:07:06.022812|[EVENT][SUB][doLoop]event sub tasks report,working event sub count=0,suspend event sub count=0
info|2023-07-07 22:07:25.706049|[SDK][WS][SERVICE]connected nodes,count=2
info|2023-07-07 22:07:26.023066|[EVENT][SUB][doLoop]event sub tasks report,working event sub count=0,suspend event sub count=0
info|2023-07-07 22:07:45.706238|[SDK][WS][SERVICE]connected nodes,count=2
info|2023-07-07 22:07:46.023219|[EVENT][SUB][doLoop]event sub tasks report,working event sub count=0,suspend event sub count=0
info|2023-07-07 22:08:05.706749|[SDK][WS][SERVICE]connected nodes,count=2
info|2023-07-07 22:08:06.023673|[EVENT][SUB][doLoop]event sub tasks report,working event sub count=0,suspend event sub count=0
info|2023-07-07 22:08:25.706900|[SDK][WS][SERVICE]connected nodes,count=2
info|2023-07-07 22:08:26.023953|[EVENT][SUB][doLoop]event sub tasks report,working event sub count=0,suspend event sub count=0
info|2023-07-07 22:08:45.707189|[SDK][WS][SERVICE]connected nodes,count=2
info|2023-07-07 22:08:46.024581|[EVENT][SUB][doLoop]event sub tasks report,working event sub count=0,suspend event sub count=0
info|2023-07-07 22:09:05.707558|[SDK][WS][SERVICE]connected nodes,count=2
info|2023-07-07 22:09:06.025162|[EVENT][SUB][doLoop]event sub tasks report,working event sub count=0,suspend event sub count=0
info|2023-07-07 22:09:25.707724|[SDK][WS][SERVICE]connected nodes,count=2
info|2023-07-07 22:09:26.025284|[EVENT][SUB][doLoop]event sub tasks report,working event sub count=0,suspend event sub count=0
info|2023-07-07 22:09:45.707885|[SDK][WS][SERVICE]connected nodes,count=2
info|2023-07-07 22:09:46.025541|[EVENT][SUB][doLoop]event sub tasks report,working event sub count=0,suspend event sub count=0
info|2023-07-07 22:10:05.708525|[SDK][WS][SERVICE]connected nodes,count=2
info|2023-07-07 22:10:06.025677|[EVENT][SUB][doLoop]event sub tasks report,working event sub count=0,suspend event sub count=0
info|2023-07-07 22:10:25.709229|[SDK][WS][SERVICE]connected nodes,count=2
info|2023-07-07 22:10:26.025758|[EVENT][SUB][doLoop]event sub tasks report,working event sub count=0,suspend event sub count=0
info|2023-07-07 22:10:45.709315|[SDK][WS][SERVICE]connected nodes,count=2
info|2023-07-07 22:10:46.026085|[EVENT][SUB][doLoop]event sub tasks report,working event sub count=0,suspend event sub count=0
info|2023-07-07 22:11:05.709571|[SDK][WS][SERVICE]connected nodes,count=2
info|2023-07-07 22:11:06.026252|[EVENT][SUB][doLoop]event sub tasks report,working event sub count=0,suspend event sub count=0
info|2023-07-07 22:11:25.709843|[SDK][WS][SERVICE]connected nodes,count=2
info|2023-07-07 22:11:26.026847|[EVENT][SUB][doLoop]event sub tasks report,working event sub count=0,suspend event sub count=0
info|2023-07-07 22:11:45.710188|[SDK][WS][SERVICE]connected nodes,count=2
info|2023-07-07 22:11:46.026967|[EVENT][SUB][doLoop]event sub tasks report,working event sub count=0,suspend event sub count=0
info|2023-07-07 22:12:05.710661|[SDK][WS][SERVICE]connected nodes,count=2
info|2023-07-07 22:12:06.027376|[EVENT][SUB][doLoop]event sub tasks report,working event sub count=0,suspend event sub count=0
info|2023-07-07 22:12:25.710969|[SDK][WS][SERVICE]connected nodes,count=2
info|2023-07-07 22:12:26.027518|[EVENT][SUB][doLoop]event sub tasks report,working event sub count=0,suspend event sub count=0
info|2023-07-07 22:12:45.711183|[SDK][WS][SERVICE]connected nodes,count=2
info|2023-07-07 22:12:46.027618|[EVENT][SUB][doLoop]event sub tasks report,working event sub count=0,suspend event sub count=0
info|2023-07-07 22:13:05.711303|[SDK][WS][SERVICE]connected nodes,count=2
info|2023-07-07 22:13:06.027868|[EVENT][SUB][doLoop]event sub tasks report,working event sub count=0,suspend event sub count=0
info|2023-07-07 22:13:25.711725|[SDK][WS][SERVICE]connected nodes,count=2
info|2023-07-07 22:13:26.028132|[EVENT][SUB][doLoop]event sub tasks report,working event sub count=0,suspend event sub count=0
info|2023-07-07 22:13:45.712051|[SDK][WS][SERVICE]connected nodes,count=2
info|2023-07-07 22:13:46.028566|[EVENT][SUB][doLoop]event sub tasks report,working event sub count=0,suspend event sub count=0
info|2023-07-07 22:14:05.712194|[SDK][WS][SERVICE]connected nodes,count=2
info|2023-07-07 22:14:06.029232|[EVENT][SUB][doLoop]event sub tasks report,working event sub count=0,suspend event sub count=0
info|2023-07-07 22:14:25.712552|[SDK][WS][SERVICE]connected nodes,count=2
info|2023-07-07 22:14:26.029424|[EVENT][SUB][doLoop]event sub tasks report,working event sub count=0,suspend event sub count=0
info|2023-07-07 22:14:45.712833|[SDK][WS][SERVICE]connected nodes,count=2
info|2023-07-07 22:14:46.029582|[EVENT][SUB][doLoop]event sub tasks report,working event sub count=0,suspend event sub count=0
info|2023-07-07 22:15:05.713057|[SDK][WS][SERVICE]connected nodes,count=2
info|2023-07-07 22:15:06.030295|[EVENT][SUB][doLoop]event sub tasks report,working event sub count=0,suspend event sub count=0
info|2023-07-07 22:15:25.713315|[SDK][WS][SERVICE]connected nodes,count=2
info|2023-07-07 22:15:26.033175|[EVENT][SUB][doLoop]event sub tasks report,working event sub count=0,suspend event sub count=0
info|2023-07-07 22:15:45.713464|[SDK][WS][SERVICE]connected nodes,count=2
info|2023-07-07 22:15:46.033667|[EVENT][SUB][doLoop]event sub tasks report,working event sub count=0,suspend event sub count=0
info|2023-07-07 22:16:05.713803|[SDK][WS][SERVICE]connected nodes,count=2
info|2023-07-07 22:16:06.033774|[EVENT][SUB][doLoop]event sub tasks report,working event sub count=0,suspend event sub count=0
info|2023-07-07 22:16:25.713885|[SDK][WS][SERVICE]connected nodes,count=2
info|2023-07-07 22:16:26.034206|[EVENT][SUB][doLoop]event sub tasks report,working event sub count=0,suspend event sub count=0
info|2023-07-07 22:16:45.714108|[SDK][WS][SERVICE]connected nodes,count=2
info|2023-07-07 22:16:46.034957|[EVENT][SUB][doLoop]event sub tasks report,working event sub count=0,suspend event sub count=0
info|2023-07-07 22:17:05.714584|[SDK][WS][SERVICE]connected nodes,count=2
info|2023-07-07 22:17:06.035253|[EVENT][SUB][doLoop]event sub tasks report,working event sub count=0,suspend event sub count=0
info|2023-07-07 22:17:25.715023|[SDK][WS][SERVICE]connected nodes,count=2
info|2023-07-07 22:17:26.035678|[EVENT][SUB][doLoop]event sub tasks report,working event sub count=0,suspend event sub count=0
info|2023-07-07 22:17:45.715463|[SDK][WS][SERVICE]connected nodes,count=2
info|2023-07-07 22:17:46.036062|[EVENT][SUB][doLoop]event sub tasks report,working event sub count=0,suspend event sub count=0
info|2023-07-07 22:18:05.715779|[SDK][WS][SERVICE]connected nodes,count=2
info|2023-07-07 22:18:06.036150|[EVENT][SUB][doLoop]event sub tasks report,working event sub count=0,suspend event sub count=0
info|2023-07-07 22:18:25.716031|[SDK][WS][SERVICE]connected nodes,count=2
info|2023-07-07 22:18:26.036812|[EVENT][SUB][doLoop]event sub tasks report,working event sub count=0,suspend event sub count=0
info|2023-07-07 22:18:45.716748|[SDK][WS][SERVICE]connected nodes,count=2
info|2023-07-07 22:18:46.037022|[EVENT][SUB][doLoop]event sub tasks report,working event sub count=0,suspend event sub count=0
info|2023-07-07 22:19:05.716835|[SDK][WS][SERVICE]connected nodes,count=2
info|2023-07-07 22:19:06.037766|[EVENT][SUB][doLoop]event sub tasks report,working event sub count=0,suspend event sub count=0
info|2023-07-07 22:19:25.717474|[SDK][WS][SERVICE]connected nodes,count=2
info|2023-07-07 22:19:26.037990|[EVENT][SUB][doLoop]event sub tasks report,working event sub count=0,suspend event sub count=0
info|2023-07-07 22:19:45.717987|[SDK][WS][SERVICE]connected nodes,count=2
info|2023-07-07 22:19:46.038553|[EVENT][SUB][doLoop]event sub tasks report,working event sub count=0,suspend event sub count=0
info|2023-07-07 22:20:05.718111|[SDK][WS][SERVICE]connected nodes,count=2
info|2023-07-07 22:20:06.038646|[EVENT][SUB][doLoop]event sub tasks report,working event sub count=0,suspend event sub count=0
info|2023-07-07 22:20:25.718423|[SDK][WS][SERVICE]connected nodes,count=2
info|2023-07-07 22:20:26.039165|[EVENT][SUB][doLoop]event sub tasks report,working event sub count=0,suspend event sub count=0
info|2023-07-07 22:20:45.719245|[SDK][WS][SERVICE]connected nodes,count=2
info|2023-07-07 22:20:46.039485|[EVENT][SUB][doLoop]event sub tasks report,working event sub count=0,suspend event sub count=0
info|2023-07-07 22:21:05.719378|[SDK][WS][SERVICE]connected nodes,count=2
info|2023-07-07 22:21:06.039811|[EVENT][SUB][doLoop]event sub tasks report,working event sub count=0,suspend event sub count=0
info|2023-07-07 22:21:25.719772|[SDK][WS][SERVICE]connected nodes,count=2
info|2023-07-07 22:21:26.040127|[EVENT][SUB][doLoop]event sub tasks report,working event sub count=0,suspend event sub count=0
info|2023-07-07 22:21:45.720498|[SDK][WS][SERVICE]connected nodes,count=2
info|2023-07-07 22:21:46.040238|[EVENT][SUB][doLoop]event sub tasks report,working event sub count=0,suspend event sub count=0
info|2023-07-07 22:22:05.722416|[SDK][WS][SERVICE]connected nodes,count=2
info|2023-07-07 22:22:06.040704|[EVENT][SUB][doLoop]event sub tasks report,working event sub count=0,suspend event sub count=0
info|2023-07-07 22:22:25.722535|[SDK][WS][SERVICE]connected nodes,count=2
info|2023-07-07 22:22:26.041122|[EVENT][SUB][doLoop]event sub tasks report,working event sub count=0,suspend event sub count=0
info|2023-07-07 22:22:45.722970|[SDK][WS][SERVICE]connected nodes,count=2
info|2023-07-07 22:22:46.041576|[EVENT][SUB][doLoop]event sub tasks report,working event sub count=0,suspend event sub count=0
info|2023-07-07 22:23:05.723571|[SDK][WS][SERVICE]connected nodes,count=2
info|2023-07-07 22:23:06.042110|[EVENT][SUB][doLoop]event sub tasks report,working event sub count=0,suspend event sub count=0
info|2023-07-07 22:23:25.723851|[SDK][WS][SERVICE]connected nodes,count=2
info|2023-07-07 22:23:26.042826|[EVENT][SUB][doLoop]event sub tasks report,working event sub count=0,suspend event sub count=0
info|2023-07-07 22:23:45.724214|[SDK][WS][SERVICE]connected nodes,count=2
info|2023-07-07 22:23:46.043078|[EVENT][SUB][doLoop]event sub tasks report,working event sub count=0,suspend event sub count=0
info|2023-07-07 22:24:05.724632|[SDK][WS][SERVICE]connected nodes,count=2
info|2023-07-07 22:24:06.043227|[EVENT][SUB][doLoop]event sub tasks report,working event sub count=0,suspend event sub count=0
info|2023-07-07 22:24:25.725079|[SDK][WS][SERVICE]connected nodes,count=2
info|2023-07-07 22:24:26.043996|[EVENT][SUB][doLoop]event sub tasks report,working event sub count=0,suspend event sub count=0
info|2023-07-07 22:24:45.725544|[SDK][WS][SERVICE]connected nodes,count=2
info|2023-07-07 22:24:46.044496|[EVENT][SUB][doLoop]event sub tasks report,working event sub count=0,suspend event sub count=0
info|2023-07-07 22:25:05.726111|[SDK][WS][SERVICE]connected nodes,count=2
info|2023-07-07 22:25:06.044562|[EVENT][SUB][doLoop]event sub tasks report,working event sub count=0,suspend event sub count=0
info|2023-07-07 22:25:25.726334|[SDK][WS][SERVICE]connected nodes,count=2
info|2023-07-07 22:25:26.044956|[EVENT][SUB][doLoop]event sub tasks report,working event sub count=0,suspend event sub count=0
info|2023-07-07 22:25:45.726840|[SDK][WS][SERVICE]connected nodes,count=2
info|2023-07-07 22:25:46.045280|[EVENT][SUB][doLoop]event sub tasks report,working event sub count=0,suspend event sub count=0
info|2023-07-07 22:26:05.727277|[SDK][WS][SERVICE]connected nodes,count=2
info|2023-07-07 22:26:06.045670|[EVENT][SUB][doLoop]event sub tasks report,working event sub count=0,suspend event sub count=0
info|2023-07-07 22:26:25.727750|[SDK][WS][SERVICE]connected nodes,count=2
info|2023-07-07 22:26:26.045969|[EVENT][SUB][doLoop]event sub tasks report,working event sub count=0,suspend event sub count=0
info|2023-07-07 22:26:45.727901|[SDK][WS][SERVICE]connected nodes,count=2
info|2023-07-07 22:26:46.046265|[EVENT][SUB][doLoop]event sub tasks report,working event sub count=0,suspend event sub count=0
info|2023-07-07 22:27:05.728028|[SDK][WS][SERVICE]connected nodes,count=2
info|2023-07-07 22:27:06.046963|[EVENT][SUB][doLoop]event sub tasks report,working event sub count=0,suspend event sub count=0
info|2023-07-07 22:27:13.831550|[RPC][BLOCK][NUMBER][fromJson],group=group0,node=98a7f70ec883a722219d92253cf073a72605f4087aa3443c8e4aadc0af2dc3ac647d0fa1b5ac99cd6987abafe6d690ae71cd5fd2aeeabe7589bfb4748aabdfba,blockNumber=1551
info|2023-07-07 22:27:13.831588|[RPCWS][SERVICE][onRecvBlockNotifier]receive block number notifier,group=group0,node=98a7f70ec883a722219d92253cf073a72605f4087aa3443c8e4aadc0af2dc3ac647d0fa1b5ac99cd6987abafe6d690ae71cd5fd2aeeabe7589bfb4748aabdfba,blockNumber=1551
info|2023-07-07 22:27:13.831595|[RPCWS][SERVICE][updateGroupBlockNumber],groupID=group0,_blockNumber=1551
info|2023-07-07 22:27:13.831599|[RPCWS][SERVICE][onRecvBlockNotifier]block notifier callback,group=group0,node=98a7f70ec883a722219d92253cf073a72605f4087aa3443c8e4aadc0af2dc3ac647d0fa1b5ac99cd6987abafe6d690ae71cd5fd2aeeabe7589bfb4748aabdfba,blockNumber=1551
info|2023-07-07 22:27:13.831604|[WS]receive block notify,endpoint=127.0.0.1:20200,blk={
	"blockNumber" : 1551,
	"group" : "group0",
	"nodeName" : "98a7f70ec883a722219d92253cf073a72605f4087aa3443c8e4aadc0af2dc3ac647d0fa1b5ac99cd6987abafe6d690ae71cd5fd2aeeabe7589bfb4748aabdfba"
}
info|2023-07-07 22:27:13.943486|[RPC][BLOCK][NUMBER][fromJson],group=group0,node=2f993327933ad58672518b6d4f63920cbc68b80f78f4d81192552ee6362f5cc81ee13bdc678ad65f06e76444cadb53b33694cfb3fc7679b8000411975fedd28a,blockNumber=1551
info|2023-07-07 22:27:13.943537|[RPCWS][SERVICE][onRecvBlockNotifier]receive block number notifier,group=group0,node=2f993327933ad58672518b6d4f63920cbc68b80f78f4d81192552ee6362f5cc81ee13bdc678ad65f06e76444cadb53b33694cfb3fc7679b8000411975fedd28a,blockNumber=1551
info|2023-07-07 22:27:13.943545|[WS]receive block notify,endpoint=127.0.0.1:20201,blk={
	"blockNumber" : 1551,
	"group" : "group0",
	"nodeName" : "2f993327933ad58672518b6d4f63920cbc68b80f78f4d81192552ee6362f5cc81ee13bdc678ad65f06e76444cadb53b33694cfb3fc7679b8000411975fedd28a"
}
info|2023-07-07 22:27:14.392551|[RPC][BLOCK][NUMBER][fromJson],group=group0,node=98a7f70ec883a722219d92253cf073a72605f4087aa3443c8e4aadc0af2dc3ac647d0fa1b5ac99cd6987abafe6d690ae71cd5fd2aeeabe7589bfb4748aabdfba,blockNumber=1552
info|2023-07-07 22:27:14.392579|[RPCWS][SERVICE][onRecvBlockNotifier]receive block number notifier,group=group0,node=98a7f70ec883a722219d92253cf073a72605f4087aa3443c8e4aadc0af2dc3ac647d0fa1b5ac99cd6987abafe6d690ae71cd5fd2aeeabe7589bfb4748aabdfba,blockNumber=1552
info|2023-07-07 22:27:14.392585|[RPCWS][SERVICE][updateGroupBlockNumber],groupID=group0,_blockNumber=1552
info|2023-07-07 22:27:14.392590|[RPCWS][SERVICE][onRecvBlockNotifier]block notifier callback,group=group0,node=98a7f70ec883a722219d92253cf073a72605f4087aa3443c8e4aadc0af2dc3ac647d0fa1b5ac99cd6987abafe6d690ae71cd5fd2aeeabe7589bfb4748aabdfba,blockNumber=1552
info|2023-07-07 22:27:14.392595|[WS]receive block notify,endpoint=127.0.0.1:20200,blk={
	"blockNumber" : 1552,
	"group" : "group0",
	"nodeName" : "98a7f70ec883a722219d92253cf073a72605f4087aa3443c8e4aadc0af2dc3ac647d0fa1b5ac99cd6987abafe6d690ae71cd5fd2aeeabe7589bfb4748aabdfba"
}
info|2023-07-07 22:27:14.414895|[RPC][BLOCK][NUMBER][fromJson],group=group0,node=2f993327933ad58672518b6d4f63920cbc68b80f78f4d81192552ee6362f5cc81ee13bdc678ad65f06e76444cadb53b33694cfb3fc7679b8000411975fedd28a,blockNumber=1552
info|2023-07-07 22:27:14.414934|[RPCWS][SERVICE][onRecvBlockNotifier]receive block number notifier,group=group0,node=2f993327933ad58672518b6d4f63920cbc68b80f78f4d81192552ee6362f5cc81ee13bdc678ad65f06e76444cadb53b33694cfb3fc7679b8000411975fedd28a,blockNumber=1552
info|2023-07-07 22:27:14.414943|[WS]receive block notify,endpoint=127.0.0.1:20201,blk={
	"blockNumber" : 1552,
	"group" : "group0",
	"nodeName" : "2f993327933ad58672518b6d4f63920cbc68b80f78f4d81192552ee6362f5cc81ee13bdc678ad65f06e76444cadb53b33694cfb3fc7679b8000411975fedd28a"
}
info|2023-07-07 22:27:14.923321|[RPC][BLOCK][NUMBER][fromJson],group=group0,node=98a7f70ec883a722219d92253cf073a72605f4087aa3443c8e4aadc0af2dc3ac647d0fa1b5ac99cd6987abafe6d690ae71cd5fd2aeeabe7589bfb4748aabdfba,blockNumber=1553
info|2023-07-07 22:27:14.923375|[RPCWS][SERVICE][onRecvBlockNotifier]receive block number notifier,group=group0,node=98a7f70ec883a722219d92253cf073a72605f4087aa3443c8e4aadc0af2dc3ac647d0fa1b5ac99cd6987abafe6d690ae71cd5fd2aeeabe7589bfb4748aabdfba,blockNumber=1553
info|2023-07-07 22:27:14.923384|[RPCWS][SERVICE][updateGroupBlockNumber],groupID=group0,_blockNumber=1553
info|2023-07-07 22:27:14.923388|[RPCWS][SERVICE][onRecvBlockNotifier]block notifier callback,group=group0,node=98a7f70ec883a722219d92253cf073a72605f4087aa3443c8e4aadc0af2dc3ac647d0fa1b5ac99cd6987abafe6d690ae71cd5fd2aeeabe7589bfb4748aabdfba,blockNumber=1553
info|2023-07-07 22:27:14.923392|[WS]receive block notify,endpoint=127.0.0.1:20200,blk={
	"blockNumber" : 1553,
	"group" : "group0",
	"nodeName" : "98a7f70ec883a722219d92253cf073a72605f4087aa3443c8e4aadc0af2dc3ac647d0fa1b5ac99cd6987abafe6d690ae71cd5fd2aeeabe7589bfb4748aabdfba"
}
info|2023-07-07 22:27:14.963416|[RPC][BLOCK][NUMBER][fromJson],group=group0,node=2f993327933ad58672518b6d4f63920cbc68b80f78f4d81192552ee6362f5cc81ee13bdc678ad65f06e76444cadb53b33694cfb3fc7679b8000411975fedd28a,blockNumber=1553
info|2023-07-07 22:27:14.963462|[RPCWS][SERVICE][onRecvBlockNotifier]receive block number notifier,group=group0,node=2f993327933ad58672518b6d4f63920cbc68b80f78f4d81192552ee6362f5cc81ee13bdc678ad65f06e76444cadb53b33694cfb3fc7679b8000411975fedd28a,blockNumber=1553
info|2023-07-07 22:27:14.963470|[WS]receive block notify,endpoint=127.0.0.1:20201,blk={
	"blockNumber" : 1553,
	"group" : "group0",
	"nodeName" : "2f993327933ad58672518b6d4f63920cbc68b80f78f4d81192552ee6362f5cc81ee13bdc678ad65f06e76444cadb53b33694cfb3fc7679b8000411975fedd28a"
}
info|2023-07-07 22:27:15.522018|[RPC][BLOCK][NUMBER][fromJson],group=group0,node=98a7f70ec883a722219d92253cf073a72605f4087aa3443c8e4aadc0af2dc3ac647d0fa1b5ac99cd6987abafe6d690ae71cd5fd2aeeabe7589bfb4748aabdfba,blockNumber=1554
info|2023-07-07 22:27:15.522087|[RPCWS][SERVICE][onRecvBlockNotifier]receive block number notifier,group=group0,node=98a7f70ec883a722219d92253cf073a72605f4087aa3443c8e4aadc0af2dc3ac647d0fa1b5ac99cd6987abafe6d690ae71cd5fd2aeeabe7589bfb4748aabdfba,blockNumber=1554
info|2023-07-07 22:27:15.522094|[RPCWS][SERVICE][updateGroupBlockNumber],groupID=group0,_blockNumber=1554
info|2023-07-07 22:27:15.522099|[RPCWS][SERVICE][onRecvBlockNotifier]block notifier callback,group=group0,node=98a7f70ec883a722219d92253cf073a72605f4087aa3443c8e4aadc0af2dc3ac647d0fa1b5ac99cd6987abafe6d690ae71cd5fd2aeeabe7589bfb4748aabdfba,blockNumber=1554
info|2023-07-07 22:27:15.522105|[WS]receive block notify,endpoint=127.0.0.1:20200,blk={
	"blockNumber" : 1554,
	"group" : "group0",
	"nodeName" : "98a7f70ec883a722219d92253cf073a72605f4087aa3443c8e4aadc0af2dc3ac647d0fa1b5ac99cd6987abafe6d690ae71cd5fd2aeeabe7589bfb4748aabdfba"
}
info|2023-07-07 22:27:15.617415|[RPC][BLOCK][NUMBER][fromJson],group=group0,node=2f993327933ad58672518b6d4f63920cbc68b80f78f4d81192552ee6362f5cc81ee13bdc678ad65f06e76444cadb53b33694cfb3fc7679b8000411975fedd28a,blockNumber=1554
info|2023-07-07 22:27:15.617439|[RPCWS][SERVICE][onRecvBlockNotifier]receive block number notifier,group=group0,node=2f993327933ad58672518b6d4f63920cbc68b80f78f4d81192552ee6362f5cc81ee13bdc678ad65f06e76444cadb53b33694cfb3fc7679b8000411975fedd28a,blockNumber=1554
info|2023-07-07 22:27:15.617446|[WS]receive block notify,endpoint=127.0.0.1:20201,blk={
	"blockNumber" : 1554,
	"group" : "group0",
	"nodeName" : "2f993327933ad58672518b6d4f63920cbc68b80f78f4d81192552ee6362f5cc81ee13bdc678ad65f06e76444cadb53b33694cfb3fc7679b8000411975fedd28a"
}
info|2023-07-07 22:27:16.069637|[RPC][BLOCK][NUMBER][fromJson],group=group0,node=98a7f70ec883a722219d92253cf073a72605f4087aa3443c8e4aadc0af2dc3ac647d0fa1b5ac99cd6987abafe6d690ae71cd5fd2aeeabe7589bfb4748aabdfba,blockNumber=1555
info|2023-07-07 22:27:16.069655|[RPCWS][SERVICE][onRecvBlockNotifier]receive block number notifier,group=group0,node=98a7f70ec883a722219d92253cf073a72605f4087aa3443c8e4aadc0af2dc3ac647d0fa1b5ac99cd6987abafe6d690ae71cd5fd2aeeabe7589bfb4748aabdfba,blockNumber=1555
info|2023-07-07 22:27:16.069660|[RPCWS][SERVICE][updateGroupBlockNumber],groupID=group0,_blockNumber=1555
info|2023-07-07 22:27:16.069664|[RPCWS][SERVICE][onRecvBlockNotifier]block notifier callback,group=group0,node=98a7f70ec883a722219d92253cf073a72605f4087aa3443c8e4aadc0af2dc3ac647d0fa1b5ac99cd6987abafe6d690ae71cd5fd2aeeabe7589bfb4748aabdfba,blockNumber=1555
info|2023-07-07 22:27:16.069667|[WS]receive block notify,endpoint=127.0.0.1:20200,blk={
	"blockNumber" : 1555,
	"group" : "group0",
	"nodeName" : "98a7f70ec883a722219d92253cf073a72605f4087aa3443c8e4aadc0af2dc3ac647d0fa1b5ac99cd6987abafe6d690ae71cd5fd2aeeabe7589bfb4748aabdfba"
}
info|2023-07-07 22:27:16.178956|[RPC][BLOCK][NUMBER][fromJson],group=group0,node=2f993327933ad58672518b6d4f63920cbc68b80f78f4d81192552ee6362f5cc81ee13bdc678ad65f06e76444cadb53b33694cfb3fc7679b8000411975fedd28a,blockNumber=1555
info|2023-07-07 22:27:16.179004|[RPCWS][SERVICE][onRecvBlockNotifier]receive block number notifier,group=group0,node=2f993327933ad58672518b6d4f63920cbc68b80f78f4d81192552ee6362f5cc81ee13bdc678ad65f06e76444cadb53b33694cfb3fc7679b8000411975fedd28a,blockNumber=1555
info|2023-07-07 22:27:16.179011|[WS]receive block notify,endpoint=127.0.0.1:20201,blk={
	"blockNumber" : 1555,
	"group" : "group0",
	"nodeName" : "2f993327933ad58672518b6d4f63920cbc68b80f78f4d81192552ee6362f5cc81ee13bdc678ad65f06e76444cadb53b33694cfb3fc7679b8000411975fedd28a"
}
info|2023-07-07 22:27:16.611549|[RPC][BLOCK][NUMBER][fromJson],group=group0,node=98a7f70ec883a722219d92253cf073a72605f4087aa3443c8e4aadc0af2dc3ac647d0fa1b5ac99cd6987abafe6d690ae71cd5fd2aeeabe7589bfb4748aabdfba,blockNumber=1556
info|2023-07-07 22:27:16.611571|[RPCWS][SERVICE][onRecvBlockNotifier]receive block number notifier,group=group0,node=98a7f70ec883a722219d92253cf073a72605f4087aa3443c8e4aadc0af2dc3ac647d0fa1b5ac99cd6987abafe6d690ae71cd5fd2aeeabe7589bfb4748aabdfba,blockNumber=1556
info|2023-07-07 22:27:16.611576|[RPCWS][SERVICE][updateGroupBlockNumber],groupID=group0,_blockNumber=1556
info|2023-07-07 22:27:16.611580|[RPCWS][SERVICE][onRecvBlockNotifier]block notifier callback,group=group0,node=98a7f70ec883a722219d92253cf073a72605f4087aa3443c8e4aadc0af2dc3ac647d0fa1b5ac99cd6987abafe6d690ae71cd5fd2aeeabe7589bfb4748aabdfba,blockNumber=1556
info|2023-07-07 22:27:16.611584|[WS]receive block notify,endpoint=127.0.0.1:20200,blk={
	"blockNumber" : 1556,
	"group" : "group0",
	"nodeName" : "98a7f70ec883a722219d92253cf073a72605f4087aa3443c8e4aadc0af2dc3ac647d0fa1b5ac99cd6987abafe6d690ae71cd5fd2aeeabe7589bfb4748aabdfba"
}
info|2023-07-07 22:27:16.668947|[RPC][BLOCK][NUMBER][fromJson],group=group0,node=2f993327933ad58672518b6d4f63920cbc68b80f78f4d81192552ee6362f5cc81ee13bdc678ad65f06e76444cadb53b33694cfb3fc7679b8000411975fedd28a,blockNumber=1556
info|2023-07-07 22:27:16.668967|[RPCWS][SERVICE][onRecvBlockNotifier]receive block number notifier,group=group0,node=2f993327933ad58672518b6d4f63920cbc68b80f78f4d81192552ee6362f5cc81ee13bdc678ad65f06e76444cadb53b33694cfb3fc7679b8000411975fedd28a,blockNumber=1556
info|2023-07-07 22:27:16.668974|[WS]receive block notify,endpoint=127.0.0.1:20201,blk={
	"blockNumber" : 1556,
	"group" : "group0",
	"nodeName" : "2f993327933ad58672518b6d4f63920cbc68b80f78f4d81192552ee6362f5cc81ee13bdc678ad65f06e76444cadb53b33694cfb3fc7679b8000411975fedd28a"
}
info|2023-07-07 22:27:17.177420|[RPC][BLOCK][NUMBER][fromJson],group=group0,node=98a7f70ec883a722219d92253cf073a72605f4087aa3443c8e4aadc0af2dc3ac647d0fa1b5ac99cd6987abafe6d690ae71cd5fd2aeeabe7589bfb4748aabdfba,blockNumber=1557
info|2023-07-07 22:27:17.177439|[RPCWS][SERVICE][onRecvBlockNotifier]receive block number notifier,group=group0,node=98a7f70ec883a722219d92253cf073a72605f4087aa3443c8e4aadc0af2dc3ac647d0fa1b5ac99cd6987abafe6d690ae71cd5fd2aeeabe7589bfb4748aabdfba,blockNumber=1557
info|2023-07-07 22:27:17.177444|[RPCWS][SERVICE][updateGroupBlockNumber],groupID=group0,_blockNumber=1557
info|2023-07-07 22:27:17.177448|[RPCWS][SERVICE][onRecvBlockNotifier]block notifier callback,group=group0,node=98a7f70ec883a722219d92253cf073a72605f4087aa3443c8e4aadc0af2dc3ac647d0fa1b5ac99cd6987abafe6d690ae71cd5fd2aeeabe7589bfb4748aabdfba,blockNumber=1557
info|2023-07-07 22:27:17.177452|[WS]receive block notify,endpoint=127.0.0.1:20200,blk={
	"blockNumber" : 1557,
	"group" : "group0",
	"nodeName" : "98a7f70ec883a722219d92253cf073a72605f4087aa3443c8e4aadc0af2dc3ac647d0fa1b5ac99cd6987abafe6d690ae71cd5fd2aeeabe7589bfb4748aabdfba"
}
info|2023-07-07 22:27:17.195189|[RPC][BLOCK][NUMBER][fromJson],group=group0,node=2f993327933ad58672518b6d4f63920cbc68b80f78f4d81192552ee6362f5cc81ee13bdc678ad65f06e76444cadb53b33694cfb3fc7679b8000411975fedd28a,blockNumber=1557
info|2023-07-07 22:27:17.195230|[RPCWS][SERVICE][onRecvBlockNotifier]receive block number notifier,group=group0,node=2f993327933ad58672518b6d4f63920cbc68b80f78f4d81192552ee6362f5cc81ee13bdc678ad65f06e76444cadb53b33694cfb3fc7679b8000411975fedd28a,blockNumber=1557
info|2023-07-07 22:27:17.195238|[WS]receive block notify,endpoint=127.0.0.1:20201,blk={
	"blockNumber" : 1557,
	"group" : "group0",
	"nodeName" : "2f993327933ad58672518b6d4f63920cbc68b80f78f4d81192552ee6362f5cc81ee13bdc678ad65f06e76444cadb53b33694cfb3fc7679b8000411975fedd28a"
}
info|2023-07-07 22:27:17.738748|[RPC][BLOCK][NUMBER][fromJson],group=group0,node=98a7f70ec883a722219d92253cf073a72605f4087aa3443c8e4aadc0af2dc3ac647d0fa1b5ac99cd6987abafe6d690ae71cd5fd2aeeabe7589bfb4748aabdfba,blockNumber=1558
info|2023-07-07 22:27:17.738767|[RPCWS][SERVICE][onRecvBlockNotifier]receive block number notifier,group=group0,node=98a7f70ec883a722219d92253cf073a72605f4087aa3443c8e4aadc0af2dc3ac647d0fa1b5ac99cd6987abafe6d690ae71cd5fd2aeeabe7589bfb4748aabdfba,blockNumber=1558
info|2023-07-07 22:27:17.738772|[RPCWS][SERVICE][updateGroupBlockNumber],groupID=group0,_blockNumber=1558
info|2023-07-07 22:27:17.738777|[RPCWS][SERVICE][onRecvBlockNotifier]block notifier callback,group=group0,node=98a7f70ec883a722219d92253cf073a72605f4087aa3443c8e4aadc0af2dc3ac647d0fa1b5ac99cd6987abafe6d690ae71cd5fd2aeeabe7589bfb4748aabdfba,blockNumber=1558
info|2023-07-07 22:27:17.738780|[WS]receive block notify,endpoint=127.0.0.1:20200,blk={
	"blockNumber" : 1558,
	"group" : "group0",
	"nodeName" : "98a7f70ec883a722219d92253cf073a72605f4087aa3443c8e4aadc0af2dc3ac647d0fa1b5ac99cd6987abafe6d690ae71cd5fd2aeeabe7589bfb4748aabdfba"
}
info|2023-07-07 22:27:17.777011|[RPC][BLOCK][NUMBER][fromJson],group=group0,node=2f993327933ad58672518b6d4f63920cbc68b80f78f4d81192552ee6362f5cc81ee13bdc678ad65f06e76444cadb53b33694cfb3fc7679b8000411975fedd28a,blockNumber=1558
info|2023-07-07 22:27:17.777032|[RPCWS][SERVICE][onRecvBlockNotifier]receive block number notifier,group=group0,node=2f993327933ad58672518b6d4f63920cbc68b80f78f4d81192552ee6362f5cc81ee13bdc678ad65f06e76444cadb53b33694cfb3fc7679b8000411975fedd28a,blockNumber=1558
info|2023-07-07 22:27:17.777038|[WS]receive block notify,endpoint=127.0.0.1:20201,blk={
	"blockNumber" : 1558,
	"group" : "group0",
	"nodeName" : "2f993327933ad58672518b6d4f63920cbc68b80f78f4d81192552ee6362f5cc81ee13bdc678ad65f06e76444cadb53b33694cfb3fc7679b8000411975fedd28a"
}
info|2023-07-07 22:27:18.344885|[RPC][BLOCK][NUMBER][fromJson],group=group0,node=98a7f70ec883a722219d92253cf073a72605f4087aa3443c8e4aadc0af2dc3ac647d0fa1b5ac99cd6987abafe6d690ae71cd5fd2aeeabe7589bfb4748aabdfba,blockNumber=1559
info|2023-07-07 22:27:18.344912|[RPCWS][SERVICE][onRecvBlockNotifier]receive block number notifier,group=group0,node=98a7f70ec883a722219d92253cf073a72605f4087aa3443c8e4aadc0af2dc3ac647d0fa1b5ac99cd6987abafe6d690ae71cd5fd2aeeabe7589bfb4748aabdfba,blockNumber=1559
info|2023-07-07 22:27:18.344948|[RPCWS][SERVICE][updateGroupBlockNumber],groupID=group0,_blockNumber=1559
info|2023-07-07 22:27:18.344955|[RPCWS][SERVICE][onRecvBlockNotifier]block notifier callback,group=group0,node=98a7f70ec883a722219d92253cf073a72605f4087aa3443c8e4aadc0af2dc3ac647d0fa1b5ac99cd6987abafe6d690ae71cd5fd2aeeabe7589bfb4748aabdfba,blockNumber=1559
info|2023-07-07 22:27:18.344959|[WS]receive block notify,endpoint=127.0.0.1:20200,blk={
	"blockNumber" : 1559,
	"group" : "group0",
	"nodeName" : "98a7f70ec883a722219d92253cf073a72605f4087aa3443c8e4aadc0af2dc3ac647d0fa1b5ac99cd6987abafe6d690ae71cd5fd2aeeabe7589bfb4748aabdfba"
}
info|2023-07-07 22:27:18.352278|[RPC][BLOCK][NUMBER][fromJson],group=group0,node=2f993327933ad58672518b6d4f63920cbc68b80f78f4d81192552ee6362f5cc81ee13bdc678ad65f06e76444cadb53b33694cfb3fc7679b8000411975fedd28a,blockNumber=1559
info|2023-07-07 22:27:18.352302|[RPCWS][SERVICE][onRecvBlockNotifier]receive block number notifier,group=group0,node=2f993327933ad58672518b6d4f63920cbc68b80f78f4d81192552ee6362f5cc81ee13bdc678ad65f06e76444cadb53b33694cfb3fc7679b8000411975fedd28a,blockNumber=1559
info|2023-07-07 22:27:18.352331|[WS]receive block notify,endpoint=127.0.0.1:20201,blk={
	"blockNumber" : 1559,
	"group" : "group0",
	"nodeName" : "2f993327933ad58672518b6d4f63920cbc68b80f78f4d81192552ee6362f5cc81ee13bdc678ad65f06e76444cadb53b33694cfb3fc7679b8000411975fedd28a"
}
info|2023-07-07 22:27:18.868524|[RPC][BLOCK][NUMBER][fromJson],group=group0,node=98a7f70ec883a722219d92253cf073a72605f4087aa3443c8e4aadc0af2dc3ac647d0fa1b5ac99cd6987abafe6d690ae71cd5fd2aeeabe7589bfb4748aabdfba,blockNumber=1560
info|2023-07-07 22:27:18.868547|[RPCWS][SERVICE][onRecvBlockNotifier]receive block number notifier,group=group0,node=98a7f70ec883a722219d92253cf073a72605f4087aa3443c8e4aadc0af2dc3ac647d0fa1b5ac99cd6987abafe6d690ae71cd5fd2aeeabe7589bfb4748aabdfba,blockNumber=1560
info|2023-07-07 22:27:18.868553|[RPCWS][SERVICE][updateGroupBlockNumber],groupID=group0,_blockNumber=1560
info|2023-07-07 22:27:18.868559|[RPCWS][SERVICE][onRecvBlockNotifier]block notifier callback,group=group0,node=98a7f70ec883a722219d92253cf073a72605f4087aa3443c8e4aadc0af2dc3ac647d0fa1b5ac99cd6987abafe6d690ae71cd5fd2aeeabe7589bfb4748aabdfba,blockNumber=1560
info|2023-07-07 22:27:18.868564|[WS]receive block notify,endpoint=127.0.0.1:20200,blk={
	"blockNumber" : 1560,
	"group" : "group0",
	"nodeName" : "98a7f70ec883a722219d92253cf073a72605f4087aa3443c8e4aadc0af2dc3ac647d0fa1b5ac99cd6987abafe6d690ae71cd5fd2aeeabe7589bfb4748aabdfba"
}
info|2023-07-07 22:27:18.927369|[RPC][BLOCK][NUMBER][fromJson],group=group0,node=2f993327933ad58672518b6d4f63920cbc68b80f78f4d81192552ee6362f5cc81ee13bdc678ad65f06e76444cadb53b33694cfb3fc7679b8000411975fedd28a,blockNumber=1560
info|2023-07-07 22:27:18.927426|[RPCWS][SERVICE][onRecvBlockNotifier]receive block number notifier,group=group0,node=2f993327933ad58672518b6d4f63920cbc68b80f78f4d81192552ee6362f5cc81ee13bdc678ad65f06e76444cadb53b33694cfb3fc7679b8000411975fedd28a,blockNumber=1560
info|2023-07-07 22:27:18.927445|[WS]receive block notify,endpoint=127.0.0.1:20201,blk={
	"blockNumber" : 1560,
	"group" : "group0",
	"nodeName" : "2f993327933ad58672518b6d4f63920cbc68b80f78f4d81192552ee6362f5cc81ee13bdc678ad65f06e76444cadb53b33694cfb3fc7679b8000411975fedd28a"
}
info|2023-07-07 22:27:19.386984|[RPC][BLOCK][NUMBER][fromJson],group=group0,node=98a7f70ec883a722219d92253cf073a72605f4087aa3443c8e4aadc0af2dc3ac647d0fa1b5ac99cd6987abafe6d690ae71cd5fd2aeeabe7589bfb4748aabdfba,blockNumber=1561
info|2023-07-07 22:27:19.387007|[RPCWS][SERVICE][onRecvBlockNotifier]receive block number notifier,group=group0,node=98a7f70ec883a722219d92253cf073a72605f4087aa3443c8e4aadc0af2dc3ac647d0fa1b5ac99cd6987abafe6d690ae71cd5fd2aeeabe7589bfb4748aabdfba,blockNumber=1561
info|2023-07-07 22:27:19.387013|[RPCWS][SERVICE][updateGroupBlockNumber],groupID=group0,_blockNumber=1561
info|2023-07-07 22:27:19.387018|[RPCWS][SERVICE][onRecvBlockNotifier]block notifier callback,group=group0,node=98a7f70ec883a722219d92253cf073a72605f4087aa3443c8e4aadc0af2dc3ac647d0fa1b5ac99cd6987abafe6d690ae71cd5fd2aeeabe7589bfb4748aabdfba,blockNumber=1561
info|2023-07-07 22:27:19.387022|[WS]receive block notify,endpoint=127.0.0.1:20200,blk={
	"blockNumber" : 1561,
	"group" : "group0",
	"nodeName" : "98a7f70ec883a722219d92253cf073a72605f4087aa3443c8e4aadc0af2dc3ac647d0fa1b5ac99cd6987abafe6d690ae71cd5fd2aeeabe7589bfb4748aabdfba"
}
info|2023-07-07 22:27:19.472280|[RPC][BLOCK][NUMBER][fromJson],group=group0,node=2f993327933ad58672518b6d4f63920cbc68b80f78f4d81192552ee6362f5cc81ee13bdc678ad65f06e76444cadb53b33694cfb3fc7679b8000411975fedd28a,blockNumber=1561
info|2023-07-07 22:27:19.472389|[RPCWS][SERVICE][onRecvBlockNotifier]receive block number notifier,group=group0,node=2f993327933ad58672518b6d4f63920cbc68b80f78f4d81192552ee6362f5cc81ee13bdc678ad65f06e76444cadb53b33694cfb3fc7679b8000411975fedd28a,blockNumber=1561
info|2023-07-07 22:27:19.472412|[WS]receive block notify,endpoint=127.0.0.1:20201,blk={
	"blockNumber" : 1561,
	"group" : "group0",
	"nodeName" : "2f993327933ad58672518b6d4f63920cbc68b80f78f4d81192552ee6362f5cc81ee13bdc678ad65f06e76444cadb53b33694cfb3fc7679b8000411975fedd28a"
}
info|2023-07-07 22:27:20.030153|[RPC][BLOCK][NUMBER][fromJson],group=group0,node=98a7f70ec883a722219d92253cf073a72605f4087aa3443c8e4aadc0af2dc3ac647d0fa1b5ac99cd6987abafe6d690ae71cd5fd2aeeabe7589bfb4748aabdfba,blockNumber=1562
info|2023-07-07 22:27:20.030178|[RPCWS][SERVICE][onRecvBlockNotifier]receive block number notifier,group=group0,node=98a7f70ec883a722219d92253cf073a72605f4087aa3443c8e4aadc0af2dc3ac647d0fa1b5ac99cd6987abafe6d690ae71cd5fd2aeeabe7589bfb4748aabdfba,blockNumber=1562
info|2023-07-07 22:27:20.030185|[RPCWS][SERVICE][updateGroupBlockNumber],groupID=group0,_blockNumber=1562
info|2023-07-07 22:27:20.030190|[RPCWS][SERVICE][onRecvBlockNotifier]block notifier callback,group=group0,node=98a7f70ec883a722219d92253cf073a72605f4087aa3443c8e4aadc0af2dc3ac647d0fa1b5ac99cd6987abafe6d690ae71cd5fd2aeeabe7589bfb4748aabdfba,blockNumber=1562
info|2023-07-07 22:27:20.030195|[WS]receive block notify,endpoint=127.0.0.1:20200,blk={
	"blockNumber" : 1562,
	"group" : "group0",
	"nodeName" : "98a7f70ec883a722219d92253cf073a72605f4087aa3443c8e4aadc0af2dc3ac647d0fa1b5ac99cd6987abafe6d690ae71cd5fd2aeeabe7589bfb4748aabdfba"
}
info|2023-07-07 22:27:20.078166|[RPC][BLOCK][NUMBER][fromJson],group=group0,node=2f993327933ad58672518b6d4f63920cbc68b80f78f4d81192552ee6362f5cc81ee13bdc678ad65f06e76444cadb53b33694cfb3fc7679b8000411975fedd28a,blockNumber=1562
info|2023-07-07 22:27:20.078325|[RPCWS][SERVICE][onRecvBlockNotifier]receive block number notifier,group=group0,node=2f993327933ad58672518b6d4f63920cbc68b80f78f4d81192552ee6362f5cc81ee13bdc678ad65f06e76444cadb53b33694cfb3fc7679b8000411975fedd28a,blockNumber=1562
info|2023-07-07 22:27:20.078354|[WS]receive block notify,endpoint=127.0.0.1:20201,blk={
	"blockNumber" : 1562,
	"group" : "group0",
	"nodeName" : "2f993327933ad58672518b6d4f63920cbc68b80f78f4d81192552ee6362f5cc81ee13bdc678ad65f06e76444cadb53b33694cfb3fc7679b8000411975fedd28a"
}
info|2023-07-07 22:27:20.631446|[RPC][BLOCK][NUMBER][fromJson],group=group0,node=98a7f70ec883a722219d92253cf073a72605f4087aa3443c8e4aadc0af2dc3ac647d0fa1b5ac99cd6987abafe6d690ae71cd5fd2aeeabe7589bfb4748aabdfba,blockNumber=1563
info|2023-07-07 22:27:20.631479|[RPCWS][SERVICE][onRecvBlockNotifier]receive block number notifier,group=group0,node=98a7f70ec883a722219d92253cf073a72605f4087aa3443c8e4aadc0af2dc3ac647d0fa1b5ac99cd6987abafe6d690ae71cd5fd2aeeabe7589bfb4748aabdfba,blockNumber=1563
info|2023-07-07 22:27:20.631488|[RPCWS][SERVICE][updateGroupBlockNumber],groupID=group0,_blockNumber=1563
info|2023-07-07 22:27:20.631495|[RPCWS][SERVICE][onRecvBlockNotifier]block notifier callback,group=group0,node=98a7f70ec883a722219d92253cf073a72605f4087aa3443c8e4aadc0af2dc3ac647d0fa1b5ac99cd6987abafe6d690ae71cd5fd2aeeabe7589bfb4748aabdfba,blockNumber=1563
info|2023-07-07 22:27:20.631501|[WS]receive block notify,endpoint=127.0.0.1:20200,blk={
	"blockNumber" : 1563,
	"group" : "group0",
	"nodeName" : "98a7f70ec883a722219d92253cf073a72605f4087aa3443c8e4aadc0af2dc3ac647d0fa1b5ac99cd6987abafe6d690ae71cd5fd2aeeabe7589bfb4748aabdfba"
}
info|2023-07-07 22:27:20.642283|[RPC][BLOCK][NUMBER][fromJson],group=group0,node=2f993327933ad58672518b6d4f63920cbc68b80f78f4d81192552ee6362f5cc81ee13bdc678ad65f06e76444cadb53b33694cfb3fc7679b8000411975fedd28a,blockNumber=1563
info|2023-07-07 22:27:20.642308|[RPCWS][SERVICE][onRecvBlockNotifier]receive block number notifier,group=group0,node=2f993327933ad58672518b6d4f63920cbc68b80f78f4d81192552ee6362f5cc81ee13bdc678ad65f06e76444cadb53b33694cfb3fc7679b8000411975fedd28a,blockNumber=1563
info|2023-07-07 22:27:20.642317|[WS]receive block notify,endpoint=127.0.0.1:20201,blk={
	"blockNumber" : 1563,
	"group" : "group0",
	"nodeName" : "2f993327933ad58672518b6d4f63920cbc68b80f78f4d81192552ee6362f5cc81ee13bdc678ad65f06e76444cadb53b33694cfb3fc7679b8000411975fedd28a"
}
info|2023-07-07 22:27:21.118982|[RPC][BLOCK][NUMBER][fromJson],group=group0,node=98a7f70ec883a722219d92253cf073a72605f4087aa3443c8e4aadc0af2dc3ac647d0fa1b5ac99cd6987abafe6d690ae71cd5fd2aeeabe7589bfb4748aabdfba,blockNumber=1564
info|2023-07-07 22:27:21.119008|[RPCWS][SERVICE][onRecvBlockNotifier]receive block number notifier,group=group0,node=98a7f70ec883a722219d92253cf073a72605f4087aa3443c8e4aadc0af2dc3ac647d0fa1b5ac99cd6987abafe6d690ae71cd5fd2aeeabe7589bfb4748aabdfba,blockNumber=1564
info|2023-07-07 22:27:21.119013|[RPCWS][SERVICE][updateGroupBlockNumber],groupID=group0,_blockNumber=1564
info|2023-07-07 22:27:21.119018|[RPCWS][SERVICE][onRecvBlockNotifier]block notifier callback,group=group0,node=98a7f70ec883a722219d92253cf073a72605f4087aa3443c8e4aadc0af2dc3ac647d0fa1b5ac99cd6987abafe6d690ae71cd5fd2aeeabe7589bfb4748aabdfba,blockNumber=1564
info|2023-07-07 22:27:21.119022|[WS]receive block notify,endpoint=127.0.0.1:20200,blk={
	"blockNumber" : 1564,
	"group" : "group0",
	"nodeName" : "98a7f70ec883a722219d92253cf073a72605f4087aa3443c8e4aadc0af2dc3ac647d0fa1b5ac99cd6987abafe6d690ae71cd5fd2aeeabe7589bfb4748aabdfba"
}
info|2023-07-07 22:27:21.152962|[RPC][BLOCK][NUMBER][fromJson],group=group0,node=2f993327933ad58672518b6d4f63920cbc68b80f78f4d81192552ee6362f5cc81ee13bdc678ad65f06e76444cadb53b33694cfb3fc7679b8000411975fedd28a,blockNumber=1564
info|2023-07-07 22:27:21.152983|[RPCWS][SERVICE][onRecvBlockNotifier]receive block number notifier,group=group0,node=2f993327933ad58672518b6d4f63920cbc68b80f78f4d81192552ee6362f5cc81ee13bdc678ad65f06e76444cadb53b33694cfb3fc7679b8000411975fedd28a,blockNumber=1564
info|2023-07-07 22:27:21.152989|[WS]receive block notify,endpoint=127.0.0.1:20201,blk={
	"blockNumber" : 1564,
	"group" : "group0",
	"nodeName" : "2f993327933ad58672518b6d4f63920cbc68b80f78f4d81192552ee6362f5cc81ee13bdc678ad65f06e76444cadb53b33694cfb3fc7679b8000411975fedd28a"
}
info|2023-07-07 22:27:21.629954|[RPC][BLOCK][NUMBER][fromJson],group=group0,node=98a7f70ec883a722219d92253cf073a72605f4087aa3443c8e4aadc0af2dc3ac647d0fa1b5ac99cd6987abafe6d690ae71cd5fd2aeeabe7589bfb4748aabdfba,blockNumber=1565
info|2023-07-07 22:27:21.629997|[RPCWS][SERVICE][onRecvBlockNotifier]receive block number notifier,group=group0,node=98a7f70ec883a722219d92253cf073a72605f4087aa3443c8e4aadc0af2dc3ac647d0fa1b5ac99cd6987abafe6d690ae71cd5fd2aeeabe7589bfb4748aabdfba,blockNumber=1565
info|2023-07-07 22:27:21.630006|[RPCWS][SERVICE][updateGroupBlockNumber],groupID=group0,_blockNumber=1565
info|2023-07-07 22:27:21.630011|[RPCWS][SERVICE][onRecvBlockNotifier]block notifier callback,group=group0,node=98a7f70ec883a722219d92253cf073a72605f4087aa3443c8e4aadc0af2dc3ac647d0fa1b5ac99cd6987abafe6d690ae71cd5fd2aeeabe7589bfb4748aabdfba,blockNumber=1565
info|2023-07-07 22:27:21.630016|[WS]receive block notify,endpoint=127.0.0.1:20200,blk={
	"blockNumber" : 1565,
	"group" : "group0",
	"nodeName" : "98a7f70ec883a722219d92253cf073a72605f4087aa3443c8e4aadc0af2dc3ac647d0fa1b5ac99cd6987abafe6d690ae71cd5fd2aeeabe7589bfb4748aabdfba"
}
info|2023-07-07 22:27:21.675150|[RPC][BLOCK][NUMBER][fromJson],group=group0,node=2f993327933ad58672518b6d4f63920cbc68b80f78f4d81192552ee6362f5cc81ee13bdc678ad65f06e76444cadb53b33694cfb3fc7679b8000411975fedd28a,blockNumber=1565
info|2023-07-07 22:27:21.675185|[RPCWS][SERVICE][onRecvBlockNotifier]receive block number notifier,group=group0,node=2f993327933ad58672518b6d4f63920cbc68b80f78f4d81192552ee6362f5cc81ee13bdc678ad65f06e76444cadb53b33694cfb3fc7679b8000411975fedd28a,blockNumber=1565
info|2023-07-07 22:27:21.675193|[WS]receive block notify,endpoint=127.0.0.1:20201,blk={
	"blockNumber" : 1565,
	"group" : "group0",
	"nodeName" : "2f993327933ad58672518b6d4f63920cbc68b80f78f4d81192552ee6362f5cc81ee13bdc678ad65f06e76444cadb53b33694cfb3fc7679b8000411975fedd28a"
}
info|2023-07-07 22:27:22.233013|[RPC][BLOCK][NUMBER][fromJson],group=group0,node=98a7f70ec883a722219d92253cf073a72605f4087aa3443c8e4aadc0af2dc3ac647d0fa1b5ac99cd6987abafe6d690ae71cd5fd2aeeabe7589bfb4748aabdfba,blockNumber=1566
info|2023-07-07 22:27:22.233035|[RPCWS][SERVICE][onRecvBlockNotifier]receive block number notifier,group=group0,node=98a7f70ec883a722219d92253cf073a72605f4087aa3443c8e4aadc0af2dc3ac647d0fa1b5ac99cd6987abafe6d690ae71cd5fd2aeeabe7589bfb4748aabdfba,blockNumber=1566
info|2023-07-07 22:27:22.233041|[RPCWS][SERVICE][updateGroupBlockNumber],groupID=group0,_blockNumber=1566
info|2023-07-07 22:27:22.233046|[RPCWS][SERVICE][onRecvBlockNotifier]block notifier callback,group=group0,node=98a7f70ec883a722219d92253cf073a72605f4087aa3443c8e4aadc0af2dc3ac647d0fa1b5ac99cd6987abafe6d690ae71cd5fd2aeeabe7589bfb4748aabdfba,blockNumber=1566
info|2023-07-07 22:27:22.233050|[WS]receive block notify,endpoint=127.0.0.1:20200,blk={
	"blockNumber" : 1566,
	"group" : "group0",
	"nodeName" : "98a7f70ec883a722219d92253cf073a72605f4087aa3443c8e4aadc0af2dc3ac647d0fa1b5ac99cd6987abafe6d690ae71cd5fd2aeeabe7589bfb4748aabdfba"
}
info|2023-07-07 22:27:22.287727|[RPC][BLOCK][NUMBER][fromJson],group=group0,node=2f993327933ad58672518b6d4f63920cbc68b80f78f4d81192552ee6362f5cc81ee13bdc678ad65f06e76444cadb53b33694cfb3fc7679b8000411975fedd28a,blockNumber=1566
info|2023-07-07 22:27:22.287748|[RPCWS][SERVICE][onRecvBlockNotifier]receive block number notifier,group=group0,node=2f993327933ad58672518b6d4f63920cbc68b80f78f4d81192552ee6362f5cc81ee13bdc678ad65f06e76444cadb53b33694cfb3fc7679b8000411975fedd28a,blockNumber=1566
info|2023-07-07 22:27:22.287755|[WS]receive block notify,endpoint=127.0.0.1:20201,blk={
	"blockNumber" : 1566,
	"group" : "group0",
	"nodeName" : "2f993327933ad58672518b6d4f63920cbc68b80f78f4d81192552ee6362f5cc81ee13bdc678ad65f06e76444cadb53b33694cfb3fc7679b8000411975fedd28a"
}
info|2023-07-07 22:27:25.728873|[SDK][WS][SERVICE]connected nodes,count=2
info|2023-07-07 22:27:26.047085|[EVENT][SUB][doLoop]event sub tasks report,working event sub count=0,suspend event sub count=0
info|2023-07-07 22:27:45.729271|[SDK][WS][SERVICE]connected nodes,count=2
info|2023-07-07 22:27:46.047171|[EVENT][SUB][doLoop]event sub tasks report,working event sub count=0,suspend event sub count=0
info|2023-07-07 22:28:05.729360|[SDK][WS][SERVICE]connected nodes,count=2
info|2023-07-07 22:28:06.047613|[EVENT][SUB][doLoop]event sub tasks report,working event sub count=0,suspend event sub count=0
info|2023-07-07 22:28:25.729847|[SDK][WS][SERVICE]connected nodes,count=2
info|2023-07-07 22:28:26.048109|[EVENT][SUB][doLoop]event sub tasks report,working event sub count=0,suspend event sub count=0
info|2023-07-07 22:28:45.730332|[SDK][WS][SERVICE]connected nodes,count=2
info|2023-07-07 22:28:46.048424|[EVENT][SUB][doLoop]event sub tasks report,working event sub count=0,suspend event sub count=0
info|2023-07-07 22:29:05.730860|[SDK][WS][SERVICE]connected nodes,count=2
info|2023-07-07 22:29:06.048776|[EVENT][SUB][doLoop]event sub tasks report,working event sub count=0,suspend event sub count=0
info|2023-07-07 22:29:25.731220|[SDK][WS][SERVICE]connected nodes,count=2
info|2023-07-07 22:29:26.049331|[EVENT][SUB][doLoop]event sub tasks report,working event sub count=0,suspend event sub count=0
info|2023-07-07 22:29:45.731766|[SDK][WS][SERVICE]connected nodes,count=2
info|2023-07-07 22:29:46.049890|[EVENT][SUB][doLoop]event sub tasks report,working event sub count=0,suspend event sub count=0
info|2023-07-07 22:30:05.732480|[SDK][WS][SERVICE]connected nodes,count=2
info|2023-07-07 22:30:06.050214|[EVENT][SUB][doLoop]event sub tasks report,working event sub count=0,suspend event sub count=0
info|2023-07-07 22:30:25.733084|[SDK][WS][SERVICE]connected nodes,count=2
info|2023-07-07 22:30:26.050347|[EVENT][SUB][doLoop]event sub tasks report,working event sub count=0,suspend event sub count=0
info|2023-07-07 22:30:45.733186|[SDK][WS][SERVICE]connected nodes,count=2
info|2023-07-07 22:30:46.050502|[EVENT][SUB][doLoop]event sub tasks report,working event sub count=0,suspend event sub count=0
info|2023-07-07 22:31:05.733831|[SDK][WS][SERVICE]connected nodes,count=2
info|2023-07-07 22:31:06.050694|[EVENT][SUB][doLoop]event sub tasks report,working event sub count=0,suspend event sub count=0
info|2023-07-07 22:31:25.734321|[SDK][WS][SERVICE]connected nodes,count=2
info|2023-07-07 22:31:26.050814|[EVENT][SUB][doLoop]event sub tasks report,working event sub count=0,suspend event sub count=0
info|2023-07-07 22:31:45.734513|[SDK][WS][SERVICE]connected nodes,count=2
info|2023-07-07 22:31:46.051224|[EVENT][SUB][doLoop]event sub tasks report,working event sub count=0,suspend event sub count=0
info|2023-07-07 22:32:05.735081|[SDK][WS][SERVICE]connected nodes,count=2
info|2023-07-07 22:32:06.051704|[EVENT][SUB][doLoop]event sub tasks report,working event sub count=0,suspend event sub count=0
info|2023-07-07 22:32:25.735713|[SDK][WS][SERVICE]connected nodes,count=2
info|2023-07-07 22:32:26.051945|[EVENT][SUB][doLoop]event sub tasks report,working event sub count=0,suspend event sub count=0
info|2023-07-07 22:32:45.735964|[SDK][WS][SERVICE]connected nodes,count=2
info|2023-07-07 22:32:46.051985|[EVENT][SUB][doLoop]event sub tasks report,working event sub count=0,suspend event sub count=0
info|2023-07-07 22:33:05.736267|[SDK][WS][SERVICE]connected nodes,count=2
info|2023-07-07 22:33:06.052631|[EVENT][SUB][doLoop]event sub tasks report,working event sub count=0,suspend event sub count=0
info|2023-07-07 22:33:25.736512|[SDK][WS][SERVICE]connected nodes,count=2
info|2023-07-07 22:33:26.052800|[EVENT][SUB][doLoop]event sub tasks report,working event sub count=0,suspend event sub count=0
info|2023-07-07 22:33:45.736812|[SDK][WS][SERVICE]connected nodes,count=2
info|2023-07-07 22:33:46.052862|[EVENT][SUB][doLoop]event sub tasks report,working event sub count=0,suspend event sub count=0
info|2023-07-07 22:34:05.737025|[SDK][WS][SERVICE]connected nodes,count=2
info|2023-07-07 22:34:06.052984|[EVENT][SUB][doLoop]event sub tasks report,working event sub count=0,suspend event sub count=0
info|2023-07-07 22:34:25.737532|[SDK][WS][SERVICE]connected nodes,count=2
info|2023-07-07 22:34:26.053680|[EVENT][SUB][doLoop]event sub tasks report,working event sub count=0,suspend event sub count=0
info|2023-07-07 22:34:45.737878|[SDK][WS][SERVICE]connected nodes,count=2
info|2023-07-07 22:34:46.053886|[EVENT][SUB][doLoop]event sub tasks report,working event sub count=0,suspend event sub count=0
info|2023-07-07 22:35:05.737977|[SDK][WS][SERVICE]connected nodes,count=2
info|2023-07-07 22:35:06.054105|[EVENT][SUB][doLoop]event sub tasks report,working event sub count=0,suspend event sub count=0
info|2023-07-07 22:35:25.738180|[SDK][WS][SERVICE]connected nodes,count=2
info|2023-07-07 22:35:26.054228|[EVENT][SUB][doLoop]event sub tasks report,working event sub count=0,suspend event sub count=0
info|2023-07-07 22:35:45.738459|[SDK][WS][SERVICE]connected nodes,count=2
info|2023-07-07 22:35:46.054496|[EVENT][SUB][doLoop]event sub tasks report,working event sub count=0,suspend event sub count=0
info|2023-07-07 22:36:05.739162|[SDK][WS][SERVICE]connected nodes,count=2
info|2023-07-07 22:36:06.055037|[EVENT][SUB][doLoop]event sub tasks report,working event sub count=0,suspend event sub count=0
info|2023-07-07 22:36:25.739310|[SDK][WS][SERVICE]connected nodes,count=2
info|2023-07-07 22:36:26.055153|[EVENT][SUB][doLoop]event sub tasks report,working event sub count=0,suspend event sub count=0
info|2023-07-07 22:36:45.739634|[SDK][WS][SERVICE]connected nodes,count=2
info|2023-07-07 22:36:46.055280|[EVENT][SUB][doLoop]event sub tasks report,working event sub count=0,suspend event sub count=0
info|2023-07-07 22:37:05.740116|[SDK][WS][SERVICE]connected nodes,count=2
info|2023-07-07 22:37:06.055324|[EVENT][SUB][doLoop]event sub tasks report,working event sub count=0,suspend event sub count=0
info|2023-07-07 22:37:25.740464|[SDK][WS][SERVICE]connected nodes,count=2
info|2023-07-07 22:37:26.055438|[EVENT][SUB][doLoop]event sub tasks report,working event sub count=0,suspend event sub count=0
info|2023-07-07 22:37:45.740776|[SDK][WS][SERVICE]connected nodes,count=2
info|2023-07-07 22:37:46.055994|[EVENT][SUB][doLoop]event sub tasks report,working event sub count=0,suspend event sub count=0
info|2023-07-07 22:38:05.741133|[SDK][WS][SERVICE]connected nodes,count=2
info|2023-07-07 22:38:06.056521|[EVENT][SUB][doLoop]event sub tasks report,working event sub count=0,suspend event sub count=0
info|2023-07-07 22:38:25.741567|[SDK][WS][SERVICE]connected nodes,count=2
info|2023-07-07 22:38:26.057169|[EVENT][SUB][doLoop]event sub tasks report,working event sub count=0,suspend event sub count=0
info|2023-07-07 22:38:45.741914|[SDK][WS][SERVICE]connected nodes,count=2
info|2023-07-07 22:38:46.057580|[EVENT][SUB][doLoop]event sub tasks report,working event sub count=0,suspend event sub count=0
info|2023-07-07 22:39:05.742063|[SDK][WS][SERVICE]connected nodes,count=2
info|2023-07-07 22:39:06.057752|[EVENT][SUB][doLoop]event sub tasks report,working event sub count=0,suspend event sub count=0
info|2023-07-07 22:39:25.742465|[SDK][WS][SERVICE]connected nodes,count=2
info|2023-07-07 22:39:26.057934|[EVENT][SUB][doLoop]event sub tasks report,working event sub count=0,suspend event sub count=0
info|2023-07-07 22:39:45.743063|[SDK][WS][SERVICE]connected nodes,count=2
info|2023-07-07 22:39:46.059061|[EVENT][SUB][doLoop]event sub tasks report,working event sub count=0,suspend event sub count=0
info|2023-07-07 22:40:05.743451|[SDK][WS][SERVICE]connected nodes,count=2
info|2023-07-07 22:40:06.059174|[EVENT][SUB][doLoop]event sub tasks report,working event sub count=0,suspend event sub count=0
info|2023-07-07 22:40:25.743569|[SDK][WS][SERVICE]connected nodes,count=2
info|2023-07-07 22:40:26.059373|[EVENT][SUB][doLoop]event sub tasks report,working event sub count=0,suspend event sub count=0
info|2023-07-07 22:40:45.743829|[SDK][WS][SERVICE]connected nodes,count=2
info|2023-07-07 22:40:46.060002|[EVENT][SUB][doLoop]event sub tasks report,working event sub count=0,suspend event sub count=0
info|2023-07-07 22:41:05.744257|[SDK][WS][SERVICE]connected nodes,count=2
info|2023-07-07 22:41:06.060254|[EVENT][SUB][doLoop]event sub tasks report,working event sub count=0,suspend event sub count=0
info|2023-07-07 22:41:25.744469|[SDK][WS][SERVICE]connected nodes,count=2
info|2023-07-07 22:41:26.060357|[EVENT][SUB][doLoop]event sub tasks report,working event sub count=0,suspend event sub count=0
info|2023-07-07 22:41:45.745066|[SDK][WS][SERVICE]connected nodes,count=2
info|2023-07-07 22:41:46.060831|[EVENT][SUB][doLoop]event sub tasks report,working event sub count=0,suspend event sub count=0
info|2023-07-07 22:42:05.745563|[SDK][WS][SERVICE]connected nodes,count=2
info|2023-07-07 22:42:06.061130|[EVENT][SUB][doLoop]event sub tasks report,working event sub count=0,suspend event sub count=0
info|2023-07-07 22:42:25.746008|[SDK][WS][SERVICE]connected nodes,count=2
info|2023-07-07 22:42:26.061224|[EVENT][SUB][doLoop]event sub tasks report,working event sub count=0,suspend event sub count=0
info|2023-07-07 22:42:45.746528|[SDK][WS][SERVICE]connected nodes,count=2
info|2023-07-07 22:42:46.063246|[EVENT][SUB][doLoop]event sub tasks report,working event sub count=0,suspend event sub count=0
info|2023-07-07 22:43:05.747369|[SDK][WS][SERVICE]connected nodes,count=2
info|2023-07-07 22:43:06.063884|[EVENT][SUB][doLoop]event sub tasks report,working event sub count=0,suspend event sub count=0
info|2023-07-07 22:43:25.747810|[SDK][WS][SERVICE]connected nodes,count=2
info|2023-07-07 22:43:26.064312|[EVENT][SUB][doLoop]event sub tasks report,working event sub count=0,suspend event sub count=0
info|2023-07-07 22:43:45.748123|[SDK][WS][SERVICE]connected nodes,count=2
info|2023-07-07 22:43:46.064872|[EVENT][SUB][doLoop]event sub tasks report,working event sub count=0,suspend event sub count=0
info|2023-07-07 22:44:05.748248|[SDK][WS][SERVICE]connected nodes,count=2
info|2023-07-07 22:44:06.065228|[EVENT][SUB][doLoop]event sub tasks report,working event sub count=0,suspend event sub count=0
info|2023-07-07 22:44:25.749646|[SDK][WS][SERVICE]connected nodes,count=2
info|2023-07-07 22:44:26.065925|[EVENT][SUB][doLoop]event sub tasks report,working event sub count=0,suspend event sub count=0
info|2023-07-07 22:44:45.749930|[SDK][WS][SERVICE]connected nodes,count=2
info|2023-07-07 22:44:46.066033|[EVENT][SUB][doLoop]event sub tasks report,working event sub count=0,suspend event sub count=0
info|2023-07-07 22:45:05.750401|[SDK][WS][SERVICE]connected nodes,count=2
info|2023-07-07 22:45:06.067216|[EVENT][SUB][doLoop]event sub tasks report,working event sub count=0,suspend event sub count=0
info|2023-07-07 22:45:25.751228|[SDK][WS][SERVICE]connected nodes,count=2
info|2023-07-07 22:45:26.067322|[EVENT][SUB][doLoop]event sub tasks report,working event sub count=0,suspend event sub count=0
info|2023-07-07 22:45:45.751516|[SDK][WS][SERVICE]connected nodes,count=2
info|2023-07-07 22:45:46.067552|[EVENT][SUB][doLoop]event sub tasks report,working event sub count=0,suspend event sub count=0
info|2023-07-07 22:46:05.751952|[SDK][WS][SERVICE]connected nodes,count=2
info|2023-07-07 22:46:06.067775|[EVENT][SUB][doLoop]event sub tasks report,working event sub count=0,suspend event sub count=0
info|2023-07-07 22:46:25.752384|[SDK][WS][SERVICE]connected nodes,count=2
info|2023-07-07 22:46:26.068030|[EVENT][SUB][doLoop]event sub tasks report,working event sub count=0,suspend event sub count=0
info|2023-07-07 22:46:45.752789|[SDK][WS][SERVICE]connected nodes,count=2
info|2023-07-07 22:46:46.068431|[EVENT][SUB][doLoop]event sub tasks report,working event sub count=0,suspend event sub count=0
info|2023-07-07 22:47:05.752919|[SDK][WS][SERVICE]connected nodes,count=2
info|2023-07-07 22:47:06.068651|[EVENT][SUB][doLoop]event sub tasks report,working event sub count=0,suspend event sub count=0
info|2023-07-07 22:47:25.753388|[SDK][WS][SERVICE]connected nodes,count=2
info|2023-07-07 22:47:26.068706|[EVENT][SUB][doLoop]event sub tasks report,working event sub count=0,suspend event sub count=0
info|2023-07-07 22:47:45.753709|[SDK][WS][SERVICE]connected nodes,count=2
info|2023-07-07 22:47:46.068857|[EVENT][SUB][doLoop]event sub tasks report,working event sub count=0,suspend event sub count=0
info|2023-07-07 22:48:05.753809|[SDK][WS][SERVICE]connected nodes,count=2
info|2023-07-07 22:48:06.068906|[EVENT][SUB][doLoop]event sub tasks report,working event sub count=0,suspend event sub count=0
info|2023-07-07 22:48:25.754439|[SDK][WS][SERVICE]connected nodes,count=2
info|2023-07-07 22:48:26.069158|[EVENT][SUB][doLoop]event sub tasks report,working event sub count=0,suspend event sub count=0
info|2023-07-07 22:48:45.755004|[SDK][WS][SERVICE]connected nodes,count=2
info|2023-07-07 22:48:46.069644|[EVENT][SUB][doLoop]event sub tasks report,working event sub count=0,suspend event sub count=0
info|2023-07-07 22:49:05.755361|[SDK][WS][SERVICE]connected nodes,count=2
info|2023-07-07 22:49:06.070198|[EVENT][SUB][doLoop]event sub tasks report,working event sub count=0,suspend event sub count=0
info|2023-07-07 22:49:25.755541|[SDK][WS][SERVICE]connected nodes,count=2
info|2023-07-07 22:49:26.070359|[EVENT][SUB][doLoop]event sub tasks report,working event sub count=0,suspend event sub count=0
info|2023-07-07 22:49:45.756022|[SDK][WS][SERVICE]connected nodes,count=2
info|2023-07-07 22:49:46.070564|[EVENT][SUB][doLoop]event sub tasks report,working event sub count=0,suspend event sub count=0
info|2023-07-07 22:50:05.756584|[SDK][WS][SERVICE]connected nodes,count=2
info|2023-07-07 22:50:06.070680|[EVENT][SUB][doLoop]event sub tasks report,working event sub count=0,suspend event sub count=0
info|2023-07-07 22:50:25.756802|[SDK][WS][SERVICE]connected nodes,count=2
info|2023-07-07 22:50:26.071035|[EVENT][SUB][doLoop]event sub tasks report,working event sub count=0,suspend event sub count=0
info|2023-07-07 22:50:45.757440|[SDK][WS][SERVICE]connected nodes,count=2
info|2023-07-07 22:50:46.071567|[EVENT][SUB][doLoop]event sub tasks report,working event sub count=0,suspend event sub count=0
info|2023-07-07 22:51:05.757838|[SDK][WS][SERVICE]connected nodes,count=2
info|2023-07-07 22:51:06.072330|[EVENT][SUB][doLoop]event sub tasks report,working event sub count=0,suspend event sub count=0
info|2023-07-07 22:51:25.758024|[SDK][WS][SERVICE]connected nodes,count=2
info|2023-07-07 22:51:26.072422|[EVENT][SUB][doLoop]event sub tasks report,working event sub count=0,suspend event sub count=0
info|2023-07-07 22:51:45.758615|[SDK][WS][SERVICE]connected nodes,count=2
info|2023-07-07 22:51:46.072817|[EVENT][SUB][doLoop]event sub tasks report,working event sub count=0,suspend event sub count=0
info|2023-07-07 22:52:05.759313|[SDK][WS][SERVICE]connected nodes,count=2
info|2023-07-07 22:52:06.073298|[EVENT][SUB][doLoop]event sub tasks report,working event sub count=0,suspend event sub count=0
info|2023-07-07 22:52:25.759593|[SDK][WS][SERVICE]connected nodes,count=2
info|2023-07-07 22:52:26.073601|[EVENT][SUB][doLoop]event sub tasks report,working event sub count=0,suspend event sub count=0
info|2023-07-07 22:52:45.760288|[SDK][WS][SERVICE]connected nodes,count=2
info|2023-07-07 22:52:46.074157|[EVENT][SUB][doLoop]event sub tasks report,working event sub count=0,suspend event sub count=0
info|2023-07-07 22:53:05.760526|[SDK][WS][SERVICE]connected nodes,count=2
info|2023-07-07 22:53:06.074442|[EVENT][SUB][doLoop]event sub tasks report,working event sub count=0,suspend event sub count=0
info|2023-07-07 22:53:25.761256|[SDK][WS][SERVICE]connected nodes,count=2
info|2023-07-07 22:53:26.075294|[EVENT][SUB][doLoop]event sub tasks report,working event sub count=0,suspend event sub count=0
info|2023-07-07 22:53:45.761854|[SDK][WS][SERVICE]connected nodes,count=2
info|2023-07-07 22:53:46.075376|[EVENT][SUB][doLoop]event sub tasks report,working event sub count=0,suspend event sub count=0
info|2023-07-07 22:54:05.762082|[SDK][WS][SERVICE]connected nodes,count=2
info|2023-07-07 22:54:06.075577|[EVENT][SUB][doLoop]event sub tasks report,working event sub count=0,suspend event sub count=0
info|2023-07-07 22:54:25.762347|[SDK][WS][SERVICE]connected nodes,count=2
info|2023-07-07 22:54:26.081617|[EVENT][SUB][doLoop]event sub tasks report,working event sub count=0,suspend event sub count=0
info|2023-07-07 22:54:45.762854|[SDK][WS][SERVICE]connected nodes,count=2
info|2023-07-07 22:54:46.082308|[EVENT][SUB][doLoop]event sub tasks report,working event sub count=0,suspend event sub count=0
info|2023-07-07 22:55:05.763605|[SDK][WS][SERVICE]connected nodes,count=2
info|2023-07-07 22:55:06.082850|[EVENT][SUB][doLoop]event sub tasks report,working event sub count=0,suspend event sub count=0
info|2023-07-07 22:55:25.764145|[SDK][WS][SERVICE]connected nodes,count=2
info|2023-07-07 22:55:26.083122|[EVENT][SUB][doLoop]event sub tasks report,working event sub count=0,suspend event sub count=0
info|2023-07-07 22:55:45.764297|[SDK][WS][SERVICE]connected nodes,count=2
info|2023-07-07 22:55:46.083746|[EVENT][SUB][doLoop]event sub tasks report,working event sub count=0,suspend event sub count=0
info|2023-07-07 22:56:05.764449|[SDK][WS][SERVICE]connected nodes,count=2
info|2023-07-07 22:56:06.084160|[EVENT][SUB][doLoop]event sub tasks report,working event sub count=0,suspend event sub count=0
info|2023-07-07 22:56:25.765029|[SDK][WS][SERVICE]connected nodes,count=2
info|2023-07-07 22:56:26.084572|[EVENT][SUB][doLoop]event sub tasks report,working event sub count=0,suspend event sub count=0
info|2023-07-07 22:56:45.765255|[SDK][WS][SERVICE]connected nodes,count=2
info|2023-07-07 22:56:46.085033|[EVENT][SUB][doLoop]event sub tasks report,working event sub count=0,suspend event sub count=0
info|2023-07-07 22:57:05.765613|[SDK][WS][SERVICE]connected nodes,count=2
info|2023-07-07 22:57:06.085301|[EVENT][SUB][doLoop]event sub tasks report,working event sub count=0,suspend event sub count=0
info|2023-07-07 22:57:13.941930|[RPC][BLOCK][NUMBER][fromJson],group=group0,node=2f993327933ad58672518b6d4f63920cbc68b80f78f4d81192552ee6362f5cc81ee13bdc678ad65f06e76444cadb53b33694cfb3fc7679b8000411975fedd28a,blockNumber=1567
info|2023-07-07 22:57:13.941953|[RPCWS][SERVICE][onRecvBlockNotifier]receive block number notifier,group=group0,node=2f993327933ad58672518b6d4f63920cbc68b80f78f4d81192552ee6362f5cc81ee13bdc678ad65f06e76444cadb53b33694cfb3fc7679b8000411975fedd28a,blockNumber=1567
info|2023-07-07 22:57:13.941958|[RPCWS][SERVICE][updateGroupBlockNumber],groupID=group0,_blockNumber=1567
info|2023-07-07 22:57:13.941962|[RPCWS][SERVICE][onRecvBlockNotifier]block notifier callback,group=group0,node=2f993327933ad58672518b6d4f63920cbc68b80f78f4d81192552ee6362f5cc81ee13bdc678ad65f06e76444cadb53b33694cfb3fc7679b8000411975fedd28a,blockNumber=1567
info|2023-07-07 22:57:13.941966|[WS]receive block notify,endpoint=127.0.0.1:20201,blk={
	"blockNumber" : 1567,
	"group" : "group0",
	"nodeName" : "2f993327933ad58672518b6d4f63920cbc68b80f78f4d81192552ee6362f5cc81ee13bdc678ad65f06e76444cadb53b33694cfb3fc7679b8000411975fedd28a"
}
info|2023-07-07 22:57:13.948685|[RPC][BLOCK][NUMBER][fromJson],group=group0,node=98a7f70ec883a722219d92253cf073a72605f4087aa3443c8e4aadc0af2dc3ac647d0fa1b5ac99cd6987abafe6d690ae71cd5fd2aeeabe7589bfb4748aabdfba,blockNumber=1567
info|2023-07-07 22:57:13.948706|[RPCWS][SERVICE][onRecvBlockNotifier]receive block number notifier,group=group0,node=98a7f70ec883a722219d92253cf073a72605f4087aa3443c8e4aadc0af2dc3ac647d0fa1b5ac99cd6987abafe6d690ae71cd5fd2aeeabe7589bfb4748aabdfba,blockNumber=1567
info|2023-07-07 22:57:13.948713|[WS]receive block notify,endpoint=127.0.0.1:20200,blk={
	"blockNumber" : 1567,
	"group" : "group0",
	"nodeName" : "98a7f70ec883a722219d92253cf073a72605f4087aa3443c8e4aadc0af2dc3ac647d0fa1b5ac99cd6987abafe6d690ae71cd5fd2aeeabe7589bfb4748aabdfba"
}
info|2023-07-07 22:57:14.471424|[RPC][BLOCK][NUMBER][fromJson],group=group0,node=98a7f70ec883a722219d92253cf073a72605f4087aa3443c8e4aadc0af2dc3ac647d0fa1b5ac99cd6987abafe6d690ae71cd5fd2aeeabe7589bfb4748aabdfba,blockNumber=1568
info|2023-07-07 22:57:14.471473|[RPCWS][SERVICE][onRecvBlockNotifier]receive block number notifier,group=group0,node=98a7f70ec883a722219d92253cf073a72605f4087aa3443c8e4aadc0af2dc3ac647d0fa1b5ac99cd6987abafe6d690ae71cd5fd2aeeabe7589bfb4748aabdfba,blockNumber=1568
info|2023-07-07 22:57:14.471480|[RPCWS][SERVICE][updateGroupBlockNumber],groupID=group0,_blockNumber=1568
info|2023-07-07 22:57:14.471485|[RPCWS][SERVICE][onRecvBlockNotifier]block notifier callback,group=group0,node=98a7f70ec883a722219d92253cf073a72605f4087aa3443c8e4aadc0af2dc3ac647d0fa1b5ac99cd6987abafe6d690ae71cd5fd2aeeabe7589bfb4748aabdfba,blockNumber=1568
info|2023-07-07 22:57:14.471488|[WS]receive block notify,endpoint=127.0.0.1:20200,blk={
	"blockNumber" : 1568,
	"group" : "group0",
	"nodeName" : "98a7f70ec883a722219d92253cf073a72605f4087aa3443c8e4aadc0af2dc3ac647d0fa1b5ac99cd6987abafe6d690ae71cd5fd2aeeabe7589bfb4748aabdfba"
}
info|2023-07-07 22:57:14.595204|[RPC][BLOCK][NUMBER][fromJson],group=group0,node=2f993327933ad58672518b6d4f63920cbc68b80f78f4d81192552ee6362f5cc81ee13bdc678ad65f06e76444cadb53b33694cfb3fc7679b8000411975fedd28a,blockNumber=1568
info|2023-07-07 22:57:14.595226|[RPCWS][SERVICE][onRecvBlockNotifier]receive block number notifier,group=group0,node=2f993327933ad58672518b6d4f63920cbc68b80f78f4d81192552ee6362f5cc81ee13bdc678ad65f06e76444cadb53b33694cfb3fc7679b8000411975fedd28a,blockNumber=1568
info|2023-07-07 22:57:14.595252|[WS]receive block notify,endpoint=127.0.0.1:20201,blk={
	"blockNumber" : 1568,
	"group" : "group0",
	"nodeName" : "2f993327933ad58672518b6d4f63920cbc68b80f78f4d81192552ee6362f5cc81ee13bdc678ad65f06e76444cadb53b33694cfb3fc7679b8000411975fedd28a"
}
info|2023-07-07 22:57:15.062614|[RPC][BLOCK][NUMBER][fromJson],group=group0,node=98a7f70ec883a722219d92253cf073a72605f4087aa3443c8e4aadc0af2dc3ac647d0fa1b5ac99cd6987abafe6d690ae71cd5fd2aeeabe7589bfb4748aabdfba,blockNumber=1569
info|2023-07-07 22:57:15.062633|[RPCWS][SERVICE][onRecvBlockNotifier]receive block number notifier,group=group0,node=98a7f70ec883a722219d92253cf073a72605f4087aa3443c8e4aadc0af2dc3ac647d0fa1b5ac99cd6987abafe6d690ae71cd5fd2aeeabe7589bfb4748aabdfba,blockNumber=1569
info|2023-07-07 22:57:15.062638|[RPCWS][SERVICE][updateGroupBlockNumber],groupID=group0,_blockNumber=1569
info|2023-07-07 22:57:15.062642|[RPCWS][SERVICE][onRecvBlockNotifier]block notifier callback,group=group0,node=98a7f70ec883a722219d92253cf073a72605f4087aa3443c8e4aadc0af2dc3ac647d0fa1b5ac99cd6987abafe6d690ae71cd5fd2aeeabe7589bfb4748aabdfba,blockNumber=1569
info|2023-07-07 22:57:15.062646|[WS]receive block notify,endpoint=127.0.0.1:20200,blk={
	"blockNumber" : 1569,
	"group" : "group0",
	"nodeName" : "98a7f70ec883a722219d92253cf073a72605f4087aa3443c8e4aadc0af2dc3ac647d0fa1b5ac99cd6987abafe6d690ae71cd5fd2aeeabe7589bfb4748aabdfba"
}
info|2023-07-07 22:57:15.066139|[RPC][BLOCK][NUMBER][fromJson],group=group0,node=2f993327933ad58672518b6d4f63920cbc68b80f78f4d81192552ee6362f5cc81ee13bdc678ad65f06e76444cadb53b33694cfb3fc7679b8000411975fedd28a,blockNumber=1569
info|2023-07-07 22:57:15.066163|[RPCWS][SERVICE][onRecvBlockNotifier]receive block number notifier,group=group0,node=2f993327933ad58672518b6d4f63920cbc68b80f78f4d81192552ee6362f5cc81ee13bdc678ad65f06e76444cadb53b33694cfb3fc7679b8000411975fedd28a,blockNumber=1569
info|2023-07-07 22:57:15.066189|[WS]receive block notify,endpoint=127.0.0.1:20201,blk={
	"blockNumber" : 1569,
	"group" : "group0",
	"nodeName" : "2f993327933ad58672518b6d4f63920cbc68b80f78f4d81192552ee6362f5cc81ee13bdc678ad65f06e76444cadb53b33694cfb3fc7679b8000411975fedd28a"
}
info|2023-07-07 22:57:15.621683|[RPC][BLOCK][NUMBER][fromJson],group=group0,node=98a7f70ec883a722219d92253cf073a72605f4087aa3443c8e4aadc0af2dc3ac647d0fa1b5ac99cd6987abafe6d690ae71cd5fd2aeeabe7589bfb4748aabdfba,blockNumber=1570
info|2023-07-07 22:57:15.621703|[RPCWS][SERVICE][onRecvBlockNotifier]receive block number notifier,group=group0,node=98a7f70ec883a722219d92253cf073a72605f4087aa3443c8e4aadc0af2dc3ac647d0fa1b5ac99cd6987abafe6d690ae71cd5fd2aeeabe7589bfb4748aabdfba,blockNumber=1570
info|2023-07-07 22:57:15.621708|[RPCWS][SERVICE][updateGroupBlockNumber],groupID=group0,_blockNumber=1570
info|2023-07-07 22:57:15.621712|[RPCWS][SERVICE][onRecvBlockNotifier]block notifier callback,group=group0,node=98a7f70ec883a722219d92253cf073a72605f4087aa3443c8e4aadc0af2dc3ac647d0fa1b5ac99cd6987abafe6d690ae71cd5fd2aeeabe7589bfb4748aabdfba,blockNumber=1570
info|2023-07-07 22:57:15.621715|[WS]receive block notify,endpoint=127.0.0.1:20200,blk={
	"blockNumber" : 1570,
	"group" : "group0",
	"nodeName" : "98a7f70ec883a722219d92253cf073a72605f4087aa3443c8e4aadc0af2dc3ac647d0fa1b5ac99cd6987abafe6d690ae71cd5fd2aeeabe7589bfb4748aabdfba"
}
info|2023-07-07 22:57:15.753204|[RPC][BLOCK][NUMBER][fromJson],group=group0,node=2f993327933ad58672518b6d4f63920cbc68b80f78f4d81192552ee6362f5cc81ee13bdc678ad65f06e76444cadb53b33694cfb3fc7679b8000411975fedd28a,blockNumber=1570
info|2023-07-07 22:57:15.753243|[RPCWS][SERVICE][onRecvBlockNotifier]receive block number notifier,group=group0,node=2f993327933ad58672518b6d4f63920cbc68b80f78f4d81192552ee6362f5cc81ee13bdc678ad65f06e76444cadb53b33694cfb3fc7679b8000411975fedd28a,blockNumber=1570
info|2023-07-07 22:57:15.753251|[WS]receive block notify,endpoint=127.0.0.1:20201,blk={
	"blockNumber" : 1570,
	"group" : "group0",
	"nodeName" : "2f993327933ad58672518b6d4f63920cbc68b80f78f4d81192552ee6362f5cc81ee13bdc678ad65f06e76444cadb53b33694cfb3fc7679b8000411975fedd28a"
}
info|2023-07-07 22:57:16.205538|[RPC][BLOCK][NUMBER][fromJson],group=group0,node=98a7f70ec883a722219d92253cf073a72605f4087aa3443c8e4aadc0af2dc3ac647d0fa1b5ac99cd6987abafe6d690ae71cd5fd2aeeabe7589bfb4748aabdfba,blockNumber=1571
info|2023-07-07 22:57:16.205571|[RPCWS][SERVICE][onRecvBlockNotifier]receive block number notifier,group=group0,node=98a7f70ec883a722219d92253cf073a72605f4087aa3443c8e4aadc0af2dc3ac647d0fa1b5ac99cd6987abafe6d690ae71cd5fd2aeeabe7589bfb4748aabdfba,blockNumber=1571
info|2023-07-07 22:57:16.205577|[RPCWS][SERVICE][updateGroupBlockNumber],groupID=group0,_blockNumber=1571
info|2023-07-07 22:57:16.205582|[RPCWS][SERVICE][onRecvBlockNotifier]block notifier callback,group=group0,node=98a7f70ec883a722219d92253cf073a72605f4087aa3443c8e4aadc0af2dc3ac647d0fa1b5ac99cd6987abafe6d690ae71cd5fd2aeeabe7589bfb4748aabdfba,blockNumber=1571
info|2023-07-07 22:57:16.205585|[WS]receive block notify,endpoint=127.0.0.1:20200,blk={
	"blockNumber" : 1571,
	"group" : "group0",
	"nodeName" : "98a7f70ec883a722219d92253cf073a72605f4087aa3443c8e4aadc0af2dc3ac647d0fa1b5ac99cd6987abafe6d690ae71cd5fd2aeeabe7589bfb4748aabdfba"
}
info|2023-07-07 22:57:16.255036|[RPC][BLOCK][NUMBER][fromJson],group=group0,node=2f993327933ad58672518b6d4f63920cbc68b80f78f4d81192552ee6362f5cc81ee13bdc678ad65f06e76444cadb53b33694cfb3fc7679b8000411975fedd28a,blockNumber=1571
info|2023-07-07 22:57:16.255069|[RPCWS][SERVICE][onRecvBlockNotifier]receive block number notifier,group=group0,node=2f993327933ad58672518b6d4f63920cbc68b80f78f4d81192552ee6362f5cc81ee13bdc678ad65f06e76444cadb53b33694cfb3fc7679b8000411975fedd28a,blockNumber=1571
info|2023-07-07 22:57:16.255077|[WS]receive block notify,endpoint=127.0.0.1:20201,blk={
	"blockNumber" : 1571,
	"group" : "group0",
	"nodeName" : "2f993327933ad58672518b6d4f63920cbc68b80f78f4d81192552ee6362f5cc81ee13bdc678ad65f06e76444cadb53b33694cfb3fc7679b8000411975fedd28a"
}
info|2023-07-07 22:57:16.723174|[RPC][BLOCK][NUMBER][fromJson],group=group0,node=98a7f70ec883a722219d92253cf073a72605f4087aa3443c8e4aadc0af2dc3ac647d0fa1b5ac99cd6987abafe6d690ae71cd5fd2aeeabe7589bfb4748aabdfba,blockNumber=1572
info|2023-07-07 22:57:16.723195|[RPCWS][SERVICE][onRecvBlockNotifier]receive block number notifier,group=group0,node=98a7f70ec883a722219d92253cf073a72605f4087aa3443c8e4aadc0af2dc3ac647d0fa1b5ac99cd6987abafe6d690ae71cd5fd2aeeabe7589bfb4748aabdfba,blockNumber=1572
info|2023-07-07 22:57:16.723200|[RPCWS][SERVICE][updateGroupBlockNumber],groupID=group0,_blockNumber=1572
info|2023-07-07 22:57:16.723204|[RPCWS][SERVICE][onRecvBlockNotifier]block notifier callback,group=group0,node=98a7f70ec883a722219d92253cf073a72605f4087aa3443c8e4aadc0af2dc3ac647d0fa1b5ac99cd6987abafe6d690ae71cd5fd2aeeabe7589bfb4748aabdfba,blockNumber=1572
info|2023-07-07 22:57:16.723208|[WS]receive block notify,endpoint=127.0.0.1:20200,blk={
	"blockNumber" : 1572,
	"group" : "group0",
	"nodeName" : "98a7f70ec883a722219d92253cf073a72605f4087aa3443c8e4aadc0af2dc3ac647d0fa1b5ac99cd6987abafe6d690ae71cd5fd2aeeabe7589bfb4748aabdfba"
}
info|2023-07-07 22:57:16.759586|[RPC][BLOCK][NUMBER][fromJson],group=group0,node=2f993327933ad58672518b6d4f63920cbc68b80f78f4d81192552ee6362f5cc81ee13bdc678ad65f06e76444cadb53b33694cfb3fc7679b8000411975fedd28a,blockNumber=1572
info|2023-07-07 22:57:16.759605|[RPCWS][SERVICE][onRecvBlockNotifier]receive block number notifier,group=group0,node=2f993327933ad58672518b6d4f63920cbc68b80f78f4d81192552ee6362f5cc81ee13bdc678ad65f06e76444cadb53b33694cfb3fc7679b8000411975fedd28a,blockNumber=1572
info|2023-07-07 22:57:16.759612|[WS]receive block notify,endpoint=127.0.0.1:20201,blk={
	"blockNumber" : 1572,
	"group" : "group0",
	"nodeName" : "2f993327933ad58672518b6d4f63920cbc68b80f78f4d81192552ee6362f5cc81ee13bdc678ad65f06e76444cadb53b33694cfb3fc7679b8000411975fedd28a"
}
info|2023-07-07 22:57:17.336258|[RPC][BLOCK][NUMBER][fromJson],group=group0,node=2f993327933ad58672518b6d4f63920cbc68b80f78f4d81192552ee6362f5cc81ee13bdc678ad65f06e76444cadb53b33694cfb3fc7679b8000411975fedd28a,blockNumber=1573
info|2023-07-07 22:57:17.336309|[RPCWS][SERVICE][onRecvBlockNotifier]receive block number notifier,group=group0,node=2f993327933ad58672518b6d4f63920cbc68b80f78f4d81192552ee6362f5cc81ee13bdc678ad65f06e76444cadb53b33694cfb3fc7679b8000411975fedd28a,blockNumber=1573
info|2023-07-07 22:57:17.336317|[RPCWS][SERVICE][updateGroupBlockNumber],groupID=group0,_blockNumber=1573
info|2023-07-07 22:57:17.336321|[RPCWS][SERVICE][onRecvBlockNotifier]block notifier callback,group=group0,node=2f993327933ad58672518b6d4f63920cbc68b80f78f4d81192552ee6362f5cc81ee13bdc678ad65f06e76444cadb53b33694cfb3fc7679b8000411975fedd28a,blockNumber=1573
info|2023-07-07 22:57:17.336324|[WS]receive block notify,endpoint=127.0.0.1:20201,blk={
	"blockNumber" : 1573,
	"group" : "group0",
	"nodeName" : "2f993327933ad58672518b6d4f63920cbc68b80f78f4d81192552ee6362f5cc81ee13bdc678ad65f06e76444cadb53b33694cfb3fc7679b8000411975fedd28a"
}
info|2023-07-07 22:57:17.343161|[RPC][BLOCK][NUMBER][fromJson],group=group0,node=98a7f70ec883a722219d92253cf073a72605f4087aa3443c8e4aadc0af2dc3ac647d0fa1b5ac99cd6987abafe6d690ae71cd5fd2aeeabe7589bfb4748aabdfba,blockNumber=1573
info|2023-07-07 22:57:17.343194|[RPCWS][SERVICE][onRecvBlockNotifier]receive block number notifier,group=group0,node=98a7f70ec883a722219d92253cf073a72605f4087aa3443c8e4aadc0af2dc3ac647d0fa1b5ac99cd6987abafe6d690ae71cd5fd2aeeabe7589bfb4748aabdfba,blockNumber=1573
info|2023-07-07 22:57:17.343202|[WS]receive block notify,endpoint=127.0.0.1:20200,blk={
	"blockNumber" : 1573,
	"group" : "group0",
	"nodeName" : "98a7f70ec883a722219d92253cf073a72605f4087aa3443c8e4aadc0af2dc3ac647d0fa1b5ac99cd6987abafe6d690ae71cd5fd2aeeabe7589bfb4748aabdfba"
}
info|2023-07-07 22:57:17.890317|[RPC][BLOCK][NUMBER][fromJson],group=group0,node=98a7f70ec883a722219d92253cf073a72605f4087aa3443c8e4aadc0af2dc3ac647d0fa1b5ac99cd6987abafe6d690ae71cd5fd2aeeabe7589bfb4748aabdfba,blockNumber=1574
info|2023-07-07 22:57:17.890340|[RPCWS][SERVICE][onRecvBlockNotifier]receive block number notifier,group=group0,node=98a7f70ec883a722219d92253cf073a72605f4087aa3443c8e4aadc0af2dc3ac647d0fa1b5ac99cd6987abafe6d690ae71cd5fd2aeeabe7589bfb4748aabdfba,blockNumber=1574
info|2023-07-07 22:57:17.890345|[RPCWS][SERVICE][updateGroupBlockNumber],groupID=group0,_blockNumber=1574
info|2023-07-07 22:57:17.890350|[RPCWS][SERVICE][onRecvBlockNotifier]block notifier callback,group=group0,node=98a7f70ec883a722219d92253cf073a72605f4087aa3443c8e4aadc0af2dc3ac647d0fa1b5ac99cd6987abafe6d690ae71cd5fd2aeeabe7589bfb4748aabdfba,blockNumber=1574
info|2023-07-07 22:57:17.890353|[WS]receive block notify,endpoint=127.0.0.1:20200,blk={
	"blockNumber" : 1574,
	"group" : "group0",
	"nodeName" : "98a7f70ec883a722219d92253cf073a72605f4087aa3443c8e4aadc0af2dc3ac647d0fa1b5ac99cd6987abafe6d690ae71cd5fd2aeeabe7589bfb4748aabdfba"
}
info|2023-07-07 22:57:17.930028|[RPC][BLOCK][NUMBER][fromJson],group=group0,node=2f993327933ad58672518b6d4f63920cbc68b80f78f4d81192552ee6362f5cc81ee13bdc678ad65f06e76444cadb53b33694cfb3fc7679b8000411975fedd28a,blockNumber=1574
info|2023-07-07 22:57:17.930047|[RPCWS][SERVICE][onRecvBlockNotifier]receive block number notifier,group=group0,node=2f993327933ad58672518b6d4f63920cbc68b80f78f4d81192552ee6362f5cc81ee13bdc678ad65f06e76444cadb53b33694cfb3fc7679b8000411975fedd28a,blockNumber=1574
info|2023-07-07 22:57:17.930053|[WS]receive block notify,endpoint=127.0.0.1:20201,blk={
	"blockNumber" : 1574,
	"group" : "group0",
	"nodeName" : "2f993327933ad58672518b6d4f63920cbc68b80f78f4d81192552ee6362f5cc81ee13bdc678ad65f06e76444cadb53b33694cfb3fc7679b8000411975fedd28a"
}
info|2023-07-07 22:57:18.407523|[RPC][BLOCK][NUMBER][fromJson],group=group0,node=98a7f70ec883a722219d92253cf073a72605f4087aa3443c8e4aadc0af2dc3ac647d0fa1b5ac99cd6987abafe6d690ae71cd5fd2aeeabe7589bfb4748aabdfba,blockNumber=1575
info|2023-07-07 22:57:18.407573|[RPCWS][SERVICE][onRecvBlockNotifier]receive block number notifier,group=group0,node=98a7f70ec883a722219d92253cf073a72605f4087aa3443c8e4aadc0af2dc3ac647d0fa1b5ac99cd6987abafe6d690ae71cd5fd2aeeabe7589bfb4748aabdfba,blockNumber=1575
info|2023-07-07 22:57:18.407579|[RPCWS][SERVICE][updateGroupBlockNumber],groupID=group0,_blockNumber=1575
info|2023-07-07 22:57:18.407583|[RPCWS][SERVICE][onRecvBlockNotifier]block notifier callback,group=group0,node=98a7f70ec883a722219d92253cf073a72605f4087aa3443c8e4aadc0af2dc3ac647d0fa1b5ac99cd6987abafe6d690ae71cd5fd2aeeabe7589bfb4748aabdfba,blockNumber=1575
info|2023-07-07 22:57:18.407587|[WS]receive block notify,endpoint=127.0.0.1:20200,blk={
	"blockNumber" : 1575,
	"group" : "group0",
	"nodeName" : "98a7f70ec883a722219d92253cf073a72605f4087aa3443c8e4aadc0af2dc3ac647d0fa1b5ac99cd6987abafe6d690ae71cd5fd2aeeabe7589bfb4748aabdfba"
}
info|2023-07-07 22:57:18.413089|[RPC][BLOCK][NUMBER][fromJson],group=group0,node=2f993327933ad58672518b6d4f63920cbc68b80f78f4d81192552ee6362f5cc81ee13bdc678ad65f06e76444cadb53b33694cfb3fc7679b8000411975fedd28a,blockNumber=1575
info|2023-07-07 22:57:18.413121|[RPCWS][SERVICE][onRecvBlockNotifier]receive block number notifier,group=group0,node=2f993327933ad58672518b6d4f63920cbc68b80f78f4d81192552ee6362f5cc81ee13bdc678ad65f06e76444cadb53b33694cfb3fc7679b8000411975fedd28a,blockNumber=1575
info|2023-07-07 22:57:18.413130|[WS]receive block notify,endpoint=127.0.0.1:20201,blk={
	"blockNumber" : 1575,
	"group" : "group0",
	"nodeName" : "2f993327933ad58672518b6d4f63920cbc68b80f78f4d81192552ee6362f5cc81ee13bdc678ad65f06e76444cadb53b33694cfb3fc7679b8000411975fedd28a"
}
info|2023-07-07 22:57:18.919854|[RPC][BLOCK][NUMBER][fromJson],group=group0,node=98a7f70ec883a722219d92253cf073a72605f4087aa3443c8e4aadc0af2dc3ac647d0fa1b5ac99cd6987abafe6d690ae71cd5fd2aeeabe7589bfb4748aabdfba,blockNumber=1576
info|2023-07-07 22:57:18.919888|[RPCWS][SERVICE][onRecvBlockNotifier]receive block number notifier,group=group0,node=98a7f70ec883a722219d92253cf073a72605f4087aa3443c8e4aadc0af2dc3ac647d0fa1b5ac99cd6987abafe6d690ae71cd5fd2aeeabe7589bfb4748aabdfba,blockNumber=1576
info|2023-07-07 22:57:18.919893|[RPCWS][SERVICE][updateGroupBlockNumber],groupID=group0,_blockNumber=1576
info|2023-07-07 22:57:18.919896|[RPCWS][SERVICE][onRecvBlockNotifier]block notifier callback,group=group0,node=98a7f70ec883a722219d92253cf073a72605f4087aa3443c8e4aadc0af2dc3ac647d0fa1b5ac99cd6987abafe6d690ae71cd5fd2aeeabe7589bfb4748aabdfba,blockNumber=1576
info|2023-07-07 22:57:18.919899|[WS]receive block notify,endpoint=127.0.0.1:20200,blk={
	"blockNumber" : 1576,
	"group" : "group0",
	"nodeName" : "98a7f70ec883a722219d92253cf073a72605f4087aa3443c8e4aadc0af2dc3ac647d0fa1b5ac99cd6987abafe6d690ae71cd5fd2aeeabe7589bfb4748aabdfba"
}
info|2023-07-07 22:57:18.989805|[RPC][BLOCK][NUMBER][fromJson],group=group0,node=2f993327933ad58672518b6d4f63920cbc68b80f78f4d81192552ee6362f5cc81ee13bdc678ad65f06e76444cadb53b33694cfb3fc7679b8000411975fedd28a,blockNumber=1576
info|2023-07-07 22:57:18.989859|[RPCWS][SERVICE][onRecvBlockNotifier]receive block number notifier,group=group0,node=2f993327933ad58672518b6d4f63920cbc68b80f78f4d81192552ee6362f5cc81ee13bdc678ad65f06e76444cadb53b33694cfb3fc7679b8000411975fedd28a,blockNumber=1576
info|2023-07-07 22:57:18.989867|[WS]receive block notify,endpoint=127.0.0.1:20201,blk={
	"blockNumber" : 1576,
	"group" : "group0",
	"nodeName" : "2f993327933ad58672518b6d4f63920cbc68b80f78f4d81192552ee6362f5cc81ee13bdc678ad65f06e76444cadb53b33694cfb3fc7679b8000411975fedd28a"
}
info|2023-07-07 22:57:19.543234|[RPC][BLOCK][NUMBER][fromJson],group=group0,node=2f993327933ad58672518b6d4f63920cbc68b80f78f4d81192552ee6362f5cc81ee13bdc678ad65f06e76444cadb53b33694cfb3fc7679b8000411975fedd28a,blockNumber=1577
info|2023-07-07 22:57:19.543253|[RPCWS][SERVICE][onRecvBlockNotifier]receive block number notifier,group=group0,node=2f993327933ad58672518b6d4f63920cbc68b80f78f4d81192552ee6362f5cc81ee13bdc678ad65f06e76444cadb53b33694cfb3fc7679b8000411975fedd28a,blockNumber=1577
info|2023-07-07 22:57:19.543258|[RPCWS][SERVICE][updateGroupBlockNumber],groupID=group0,_blockNumber=1577
info|2023-07-07 22:57:19.543261|[RPCWS][SERVICE][onRecvBlockNotifier]block notifier callback,group=group0,node=2f993327933ad58672518b6d4f63920cbc68b80f78f4d81192552ee6362f5cc81ee13bdc678ad65f06e76444cadb53b33694cfb3fc7679b8000411975fedd28a,blockNumber=1577
info|2023-07-07 22:57:19.543265|[WS]receive block notify,endpoint=127.0.0.1:20201,blk={
	"blockNumber" : 1577,
	"group" : "group0",
	"nodeName" : "2f993327933ad58672518b6d4f63920cbc68b80f78f4d81192552ee6362f5cc81ee13bdc678ad65f06e76444cadb53b33694cfb3fc7679b8000411975fedd28a"
}
info|2023-07-07 22:57:19.566471|[RPC][BLOCK][NUMBER][fromJson],group=group0,node=98a7f70ec883a722219d92253cf073a72605f4087aa3443c8e4aadc0af2dc3ac647d0fa1b5ac99cd6987abafe6d690ae71cd5fd2aeeabe7589bfb4748aabdfba,blockNumber=1577
info|2023-07-07 22:57:19.566525|[RPCWS][SERVICE][onRecvBlockNotifier]receive block number notifier,group=group0,node=98a7f70ec883a722219d92253cf073a72605f4087aa3443c8e4aadc0af2dc3ac647d0fa1b5ac99cd6987abafe6d690ae71cd5fd2aeeabe7589bfb4748aabdfba,blockNumber=1577
info|2023-07-07 22:57:19.566577|[WS]receive block notify,endpoint=127.0.0.1:20200,blk={
	"blockNumber" : 1577,
	"group" : "group0",
	"nodeName" : "98a7f70ec883a722219d92253cf073a72605f4087aa3443c8e4aadc0af2dc3ac647d0fa1b5ac99cd6987abafe6d690ae71cd5fd2aeeabe7589bfb4748aabdfba"
}
info|2023-07-07 22:57:20.145754|[RPC][BLOCK][NUMBER][fromJson],group=group0,node=98a7f70ec883a722219d92253cf073a72605f4087aa3443c8e4aadc0af2dc3ac647d0fa1b5ac99cd6987abafe6d690ae71cd5fd2aeeabe7589bfb4748aabdfba,blockNumber=1578
info|2023-07-07 22:57:20.145772|[RPCWS][SERVICE][onRecvBlockNotifier]receive block number notifier,group=group0,node=98a7f70ec883a722219d92253cf073a72605f4087aa3443c8e4aadc0af2dc3ac647d0fa1b5ac99cd6987abafe6d690ae71cd5fd2aeeabe7589bfb4748aabdfba,blockNumber=1578
info|2023-07-07 22:57:20.145777|[RPCWS][SERVICE][updateGroupBlockNumber],groupID=group0,_blockNumber=1578
info|2023-07-07 22:57:20.145782|[RPCWS][SERVICE][onRecvBlockNotifier]block notifier callback,group=group0,node=98a7f70ec883a722219d92253cf073a72605f4087aa3443c8e4aadc0af2dc3ac647d0fa1b5ac99cd6987abafe6d690ae71cd5fd2aeeabe7589bfb4748aabdfba,blockNumber=1578
info|2023-07-07 22:57:20.145785|[WS]receive block notify,endpoint=127.0.0.1:20200,blk={
	"blockNumber" : 1578,
	"group" : "group0",
	"nodeName" : "98a7f70ec883a722219d92253cf073a72605f4087aa3443c8e4aadc0af2dc3ac647d0fa1b5ac99cd6987abafe6d690ae71cd5fd2aeeabe7589bfb4748aabdfba"
}
info|2023-07-07 22:57:20.154510|[RPC][BLOCK][NUMBER][fromJson],group=group0,node=2f993327933ad58672518b6d4f63920cbc68b80f78f4d81192552ee6362f5cc81ee13bdc678ad65f06e76444cadb53b33694cfb3fc7679b8000411975fedd28a,blockNumber=1578
info|2023-07-07 22:57:20.154692|[RPCWS][SERVICE][onRecvBlockNotifier]receive block number notifier,group=group0,node=2f993327933ad58672518b6d4f63920cbc68b80f78f4d81192552ee6362f5cc81ee13bdc678ad65f06e76444cadb53b33694cfb3fc7679b8000411975fedd28a,blockNumber=1578
info|2023-07-07 22:57:20.154705|[WS]receive block notify,endpoint=127.0.0.1:20201,blk={
	"blockNumber" : 1578,
	"group" : "group0",
	"nodeName" : "2f993327933ad58672518b6d4f63920cbc68b80f78f4d81192552ee6362f5cc81ee13bdc678ad65f06e76444cadb53b33694cfb3fc7679b8000411975fedd28a"
}
info|2023-07-07 22:57:20.720490|[RPC][BLOCK][NUMBER][fromJson],group=group0,node=98a7f70ec883a722219d92253cf073a72605f4087aa3443c8e4aadc0af2dc3ac647d0fa1b5ac99cd6987abafe6d690ae71cd5fd2aeeabe7589bfb4748aabdfba,blockNumber=1579
info|2023-07-07 22:57:20.720513|[RPCWS][SERVICE][onRecvBlockNotifier]receive block number notifier,group=group0,node=98a7f70ec883a722219d92253cf073a72605f4087aa3443c8e4aadc0af2dc3ac647d0fa1b5ac99cd6987abafe6d690ae71cd5fd2aeeabe7589bfb4748aabdfba,blockNumber=1579
info|2023-07-07 22:57:20.720518|[RPCWS][SERVICE][updateGroupBlockNumber],groupID=group0,_blockNumber=1579
info|2023-07-07 22:57:20.720522|[RPCWS][SERVICE][onRecvBlockNotifier]block notifier callback,group=group0,node=98a7f70ec883a722219d92253cf073a72605f4087aa3443c8e4aadc0af2dc3ac647d0fa1b5ac99cd6987abafe6d690ae71cd5fd2aeeabe7589bfb4748aabdfba,blockNumber=1579
info|2023-07-07 22:57:20.720525|[WS]receive block notify,endpoint=127.0.0.1:20200,blk={
	"blockNumber" : 1579,
	"group" : "group0",
	"nodeName" : "98a7f70ec883a722219d92253cf073a72605f4087aa3443c8e4aadc0af2dc3ac647d0fa1b5ac99cd6987abafe6d690ae71cd5fd2aeeabe7589bfb4748aabdfba"
}
info|2023-07-07 22:57:20.763172|[RPC][BLOCK][NUMBER][fromJson],group=group0,node=2f993327933ad58672518b6d4f63920cbc68b80f78f4d81192552ee6362f5cc81ee13bdc678ad65f06e76444cadb53b33694cfb3fc7679b8000411975fedd28a,blockNumber=1579
info|2023-07-07 22:57:20.763192|[RPCWS][SERVICE][onRecvBlockNotifier]receive block number notifier,group=group0,node=2f993327933ad58672518b6d4f63920cbc68b80f78f4d81192552ee6362f5cc81ee13bdc678ad65f06e76444cadb53b33694cfb3fc7679b8000411975fedd28a,blockNumber=1579
info|2023-07-07 22:57:20.763199|[WS]receive block notify,endpoint=127.0.0.1:20201,blk={
	"blockNumber" : 1579,
	"group" : "group0",
	"nodeName" : "2f993327933ad58672518b6d4f63920cbc68b80f78f4d81192552ee6362f5cc81ee13bdc678ad65f06e76444cadb53b33694cfb3fc7679b8000411975fedd28a"
}
info|2023-07-07 22:57:21.229188|[RPC][BLOCK][NUMBER][fromJson],group=group0,node=98a7f70ec883a722219d92253cf073a72605f4087aa3443c8e4aadc0af2dc3ac647d0fa1b5ac99cd6987abafe6d690ae71cd5fd2aeeabe7589bfb4748aabdfba,blockNumber=1580
info|2023-07-07 22:57:21.229223|[RPCWS][SERVICE][onRecvBlockNotifier]receive block number notifier,group=group0,node=98a7f70ec883a722219d92253cf073a72605f4087aa3443c8e4aadc0af2dc3ac647d0fa1b5ac99cd6987abafe6d690ae71cd5fd2aeeabe7589bfb4748aabdfba,blockNumber=1580
info|2023-07-07 22:57:21.229229|[RPCWS][SERVICE][updateGroupBlockNumber],groupID=group0,_blockNumber=1580
info|2023-07-07 22:57:21.229233|[RPCWS][SERVICE][onRecvBlockNotifier]block notifier callback,group=group0,node=98a7f70ec883a722219d92253cf073a72605f4087aa3443c8e4aadc0af2dc3ac647d0fa1b5ac99cd6987abafe6d690ae71cd5fd2aeeabe7589bfb4748aabdfba,blockNumber=1580
info|2023-07-07 22:57:21.229237|[WS]receive block notify,endpoint=127.0.0.1:20200,blk={
	"blockNumber" : 1580,
	"group" : "group0",
	"nodeName" : "98a7f70ec883a722219d92253cf073a72605f4087aa3443c8e4aadc0af2dc3ac647d0fa1b5ac99cd6987abafe6d690ae71cd5fd2aeeabe7589bfb4748aabdfba"
}
info|2023-07-07 22:57:21.327179|[RPC][BLOCK][NUMBER][fromJson],group=group0,node=2f993327933ad58672518b6d4f63920cbc68b80f78f4d81192552ee6362f5cc81ee13bdc678ad65f06e76444cadb53b33694cfb3fc7679b8000411975fedd28a,blockNumber=1580
info|2023-07-07 22:57:21.327199|[RPCWS][SERVICE][onRecvBlockNotifier]receive block number notifier,group=group0,node=2f993327933ad58672518b6d4f63920cbc68b80f78f4d81192552ee6362f5cc81ee13bdc678ad65f06e76444cadb53b33694cfb3fc7679b8000411975fedd28a,blockNumber=1580
info|2023-07-07 22:57:21.327206|[WS]receive block notify,endpoint=127.0.0.1:20201,blk={
	"blockNumber" : 1580,
	"group" : "group0",
	"nodeName" : "2f993327933ad58672518b6d4f63920cbc68b80f78f4d81192552ee6362f5cc81ee13bdc678ad65f06e76444cadb53b33694cfb3fc7679b8000411975fedd28a"
}
info|2023-07-07 22:57:21.776055|[RPC][BLOCK][NUMBER][fromJson],group=group0,node=98a7f70ec883a722219d92253cf073a72605f4087aa3443c8e4aadc0af2dc3ac647d0fa1b5ac99cd6987abafe6d690ae71cd5fd2aeeabe7589bfb4748aabdfba,blockNumber=1581
info|2023-07-07 22:57:21.776121|[RPCWS][SERVICE][onRecvBlockNotifier]receive block number notifier,group=group0,node=98a7f70ec883a722219d92253cf073a72605f4087aa3443c8e4aadc0af2dc3ac647d0fa1b5ac99cd6987abafe6d690ae71cd5fd2aeeabe7589bfb4748aabdfba,blockNumber=1581
info|2023-07-07 22:57:21.776128|[RPCWS][SERVICE][updateGroupBlockNumber],groupID=group0,_blockNumber=1581
info|2023-07-07 22:57:21.776133|[RPCWS][SERVICE][onRecvBlockNotifier]block notifier callback,group=group0,node=98a7f70ec883a722219d92253cf073a72605f4087aa3443c8e4aadc0af2dc3ac647d0fa1b5ac99cd6987abafe6d690ae71cd5fd2aeeabe7589bfb4748aabdfba,blockNumber=1581
info|2023-07-07 22:57:21.776137|[WS]receive block notify,endpoint=127.0.0.1:20200,blk={
	"blockNumber" : 1581,
	"group" : "group0",
	"nodeName" : "98a7f70ec883a722219d92253cf073a72605f4087aa3443c8e4aadc0af2dc3ac647d0fa1b5ac99cd6987abafe6d690ae71cd5fd2aeeabe7589bfb4748aabdfba"
}
info|2023-07-07 22:57:21.785537|[RPC][BLOCK][NUMBER][fromJson],group=group0,node=2f993327933ad58672518b6d4f63920cbc68b80f78f4d81192552ee6362f5cc81ee13bdc678ad65f06e76444cadb53b33694cfb3fc7679b8000411975fedd28a,blockNumber=1581
info|2023-07-07 22:57:21.785560|[RPCWS][SERVICE][onRecvBlockNotifier]receive block number notifier,group=group0,node=2f993327933ad58672518b6d4f63920cbc68b80f78f4d81192552ee6362f5cc81ee13bdc678ad65f06e76444cadb53b33694cfb3fc7679b8000411975fedd28a,blockNumber=1581
info|2023-07-07 22:57:21.785567|[WS]receive block notify,endpoint=127.0.0.1:20201,blk={
	"blockNumber" : 1581,
	"group" : "group0",
	"nodeName" : "2f993327933ad58672518b6d4f63920cbc68b80f78f4d81192552ee6362f5cc81ee13bdc678ad65f06e76444cadb53b33694cfb3fc7679b8000411975fedd28a"
}
info|2023-07-07 22:57:22.379115|[RPC][BLOCK][NUMBER][fromJson],group=group0,node=98a7f70ec883a722219d92253cf073a72605f4087aa3443c8e4aadc0af2dc3ac647d0fa1b5ac99cd6987abafe6d690ae71cd5fd2aeeabe7589bfb4748aabdfba,blockNumber=1582
info|2023-07-07 22:57:22.379138|[RPCWS][SERVICE][onRecvBlockNotifier]receive block number notifier,group=group0,node=98a7f70ec883a722219d92253cf073a72605f4087aa3443c8e4aadc0af2dc3ac647d0fa1b5ac99cd6987abafe6d690ae71cd5fd2aeeabe7589bfb4748aabdfba,blockNumber=1582
info|2023-07-07 22:57:22.379144|[RPCWS][SERVICE][updateGroupBlockNumber],groupID=group0,_blockNumber=1582
info|2023-07-07 22:57:22.379147|[RPCWS][SERVICE][onRecvBlockNotifier]block notifier callback,group=group0,node=98a7f70ec883a722219d92253cf073a72605f4087aa3443c8e4aadc0af2dc3ac647d0fa1b5ac99cd6987abafe6d690ae71cd5fd2aeeabe7589bfb4748aabdfba,blockNumber=1582
info|2023-07-07 22:57:22.379150|[WS]receive block notify,endpoint=127.0.0.1:20200,blk={
	"blockNumber" : 1582,
	"group" : "group0",
	"nodeName" : "98a7f70ec883a722219d92253cf073a72605f4087aa3443c8e4aadc0af2dc3ac647d0fa1b5ac99cd6987abafe6d690ae71cd5fd2aeeabe7589bfb4748aabdfba"
}
info|2023-07-07 22:57:22.384814|[RPC][BLOCK][NUMBER][fromJson],group=group0,node=2f993327933ad58672518b6d4f63920cbc68b80f78f4d81192552ee6362f5cc81ee13bdc678ad65f06e76444cadb53b33694cfb3fc7679b8000411975fedd28a,blockNumber=1582
info|2023-07-07 22:57:22.384835|[RPCWS][SERVICE][onRecvBlockNotifier]receive block number notifier,group=group0,node=2f993327933ad58672518b6d4f63920cbc68b80f78f4d81192552ee6362f5cc81ee13bdc678ad65f06e76444cadb53b33694cfb3fc7679b8000411975fedd28a,blockNumber=1582
info|2023-07-07 22:57:22.384871|[WS]receive block notify,endpoint=127.0.0.1:20201,blk={
	"blockNumber" : 1582,
	"group" : "group0",
	"nodeName" : "2f993327933ad58672518b6d4f63920cbc68b80f78f4d81192552ee6362f5cc81ee13bdc678ad65f06e76444cadb53b33694cfb3fc7679b8000411975fedd28a"
}
info|2023-07-07 22:57:25.765736|[SDK][WS][SERVICE]connected nodes,count=2
info|2023-07-07 22:57:26.085504|[EVENT][SUB][doLoop]event sub tasks report,working event sub count=0,suspend event sub count=0
info|2023-07-07 22:57:45.766133|[SDK][WS][SERVICE]connected nodes,count=2
info|2023-07-07 22:57:46.085576|[EVENT][SUB][doLoop]event sub tasks report,working event sub count=0,suspend event sub count=0
info|2023-07-07 22:58:05.766407|[SDK][WS][SERVICE]connected nodes,count=2
info|2023-07-07 22:58:06.085707|[EVENT][SUB][doLoop]event sub tasks report,working event sub count=0,suspend event sub count=0
info|2023-07-07 22:58:25.766887|[SDK][WS][SERVICE]connected nodes,count=2
info|2023-07-07 22:58:26.086040|[EVENT][SUB][doLoop]event sub tasks report,working event sub count=0,suspend event sub count=0
info|2023-07-07 22:58:45.767414|[SDK][WS][SERVICE]connected nodes,count=2
info|2023-07-07 22:58:46.086319|[EVENT][SUB][doLoop]event sub tasks report,working event sub count=0,suspend event sub count=0
info|2023-07-07 22:59:05.768261|[SDK][WS][SERVICE]connected nodes,count=2
info|2023-07-07 22:59:06.086775|[EVENT][SUB][doLoop]event sub tasks report,working event sub count=0,suspend event sub count=0
info|2023-07-07 22:59:25.768968|[SDK][WS][SERVICE]connected nodes,count=2
info|2023-07-07 22:59:26.087147|[EVENT][SUB][doLoop]event sub tasks report,working event sub count=0,suspend event sub count=0
info|2023-07-07 22:59:45.769113|[SDK][WS][SERVICE]connected nodes,count=2
info|2023-07-07 22:59:46.087418|[EVENT][SUB][doLoop]event sub tasks report,working event sub count=0,suspend event sub count=0
