info|2023-07-08 17:00:09.470205|[EVENT][SUB][doLoop]event sub tasks report,working event sub count=0,suspend event sub count=0
info|2023-07-08 17:00:09.932596|[SDK][WS][SERVICE]connected nodes,count=2
info|2023-07-08 17:00:29.470703|[EVENT][SUB][doLoop]event sub tasks report,working event sub count=0,suspend event sub count=0
info|2023-07-08 17:00:29.932701|[SDK][WS][SERVICE]connected nodes,count=2
info|2023-07-08 17:00:49.471067|[EVENT][SUB][doLoop]event sub tasks report,working event sub count=0,suspend event sub count=0
info|2023-07-08 17:00:49.932797|[SDK][WS][SERVICE]connected nodes,count=2
info|2023-07-08 17:01:09.471565|[EVENT][SUB][doLoop]event sub tasks report,working event sub count=0,suspend event sub count=0
info|2023-07-08 17:01:09.932974|[SDK][WS][SERVICE]connected nodes,count=2
info|2023-07-08 17:01:29.471910|[EVENT][SUB][doLoop]event sub tasks report,working event sub count=0,suspend event sub count=0
info|2023-07-08 17:01:29.933214|[SDK][WS][SERVICE]connected nodes,count=2
info|2023-07-08 17:01:49.472111|[EVENT][SUB][doLoop]event sub tasks report,working event sub count=0,suspend event sub count=0
info|2023-07-08 17:01:49.933365|[SDK][WS][SERVICE]connected nodes,count=2
info|2023-07-08 17:02:09.472242|[EVENT][SUB][doLoop]event sub tasks report,working event sub count=0,suspend event sub count=0
info|2023-07-08 17:02:09.933557|[SDK][WS][SERVICE]connected nodes,count=2
info|2023-07-08 17:02:29.472539|[EVENT][SUB][doLoop]event sub tasks report,working event sub count=0,suspend event sub count=0
info|2023-07-08 17:02:29.933827|[SDK][WS][SERVICE]connected nodes,count=2
info|2023-07-08 17:02:49.473114|[EVENT][SUB][doLoop]event sub tasks report,working event sub count=0,suspend event sub count=0
info|2023-07-08 17:02:49.934667|[SDK][WS][SERVICE]connected nodes,count=2
info|2023-07-08 17:03:09.473595|[EVENT][SUB][doLoop]event sub tasks report,working event sub count=0,suspend event sub count=0
info|2023-07-08 17:03:09.934949|[SDK][WS][SERVICE]connected nodes,count=2
info|2023-07-08 17:03:29.474016|[EVENT][SUB][doLoop]event sub tasks report,working event sub count=0,suspend event sub count=0
info|2023-07-08 17:03:29.935537|[SDK][WS][SERVICE]connected nodes,count=2
info|2023-07-08 17:03:49.474654|[EVENT][SUB][doLoop]event sub tasks report,working event sub count=0,suspend event sub count=0
info|2023-07-08 17:03:49.935629|[SDK][WS][SERVICE]connected nodes,count=2
info|2023-07-08 17:04:09.474960|[EVENT][SUB][doLoop]event sub tasks report,working event sub count=0,suspend event sub count=0
info|2023-07-08 17:04:09.936127|[SDK][WS][SERVICE]connected nodes,count=2
info|2023-07-08 17:04:29.474987|[EVENT][SUB][doLoop]event sub tasks report,working event sub count=0,suspend event sub count=0
info|2023-07-08 17:04:29.936585|[SDK][WS][SERVICE]connected nodes,count=2
info|2023-07-08 17:04:49.475145|[EVENT][SUB][doLoop]event sub tasks report,working event sub count=0,suspend event sub count=0
info|2023-07-08 17:04:49.936744|[SDK][WS][SERVICE]connected nodes,count=2
info|2023-07-08 17:05:09.475282|[EVENT][SUB][doLoop]event sub tasks report,working event sub count=0,suspend event sub count=0
info|2023-07-08 17:05:09.937019|[SDK][WS][SERVICE]connected nodes,count=2
info|2023-07-08 17:05:29.475579|[EVENT][SUB][doLoop]event sub tasks report,working event sub count=0,suspend event sub count=0
info|2023-07-08 17:05:29.937504|[SDK][WS][SERVICE]connected nodes,count=2
info|2023-07-08 17:05:49.475613|[EVENT][SUB][doLoop]event sub tasks report,working event sub count=0,suspend event sub count=0
info|2023-07-08 17:05:49.937612|[SDK][WS][SERVICE]connected nodes,count=2
info|2023-07-08 17:06:09.475886|[EVENT][SUB][doLoop]event sub tasks report,working event sub count=0,suspend event sub count=0
info|2023-07-08 17:06:09.937802|[SDK][WS][SERVICE]connected nodes,count=2
info|2023-07-08 17:06:29.476538|[EVENT][SUB][doLoop]event sub tasks report,working event sub count=0,suspend event sub count=0
info|2023-07-08 17:06:29.938077|[SDK][WS][SERVICE]connected nodes,count=2
info|2023-07-08 17:06:49.477335|[EVENT][SUB][doLoop]event sub tasks report,working event sub count=0,suspend event sub count=0
info|2023-07-08 17:06:49.938174|[SDK][WS][SERVICE]connected nodes,count=2
info|2023-07-08 17:07:09.477915|[EVENT][SUB][doLoop]event sub tasks report,working event sub count=0,suspend event sub count=0
info|2023-07-08 17:07:09.938793|[SDK][WS][SERVICE]connected nodes,count=2
info|2023-07-08 17:07:29.478031|[EVENT][SUB][doLoop]event sub tasks report,working event sub count=0,suspend event sub count=0
info|2023-07-08 17:07:29.939320|[SDK][WS][SERVICE]connected nodes,count=2
info|2023-07-08 17:07:49.478472|[EVENT][SUB][doLoop]event sub tasks report,working event sub count=0,suspend event sub count=0
info|2023-07-08 17:07:49.939439|[SDK][WS][SERVICE]connected nodes,count=2
info|2023-07-08 17:08:09.478561|[EVENT][SUB][doLoop]event sub tasks report,working event sub count=0,suspend event sub count=0
info|2023-07-08 17:08:09.940037|[SDK][WS][SERVICE]connected nodes,count=2
info|2023-07-08 17:08:29.478704|[EVENT][SUB][doLoop]event sub tasks report,working event sub count=0,suspend event sub count=0
info|2023-07-08 17:08:29.940781|[SDK][WS][SERVICE]connected nodes,count=2
info|2023-07-08 17:08:49.479219|[EVENT][SUB][doLoop]event sub tasks report,working event sub count=0,suspend event sub count=0
info|2023-07-08 17:08:49.941474|[SDK][WS][SERVICE]connected nodes,count=2
info|2023-07-08 17:09:09.479588|[EVENT][SUB][doLoop]event sub tasks report,working event sub count=0,suspend event sub count=0
info|2023-07-08 17:09:09.941660|[SDK][WS][SERVICE]connected nodes,count=2
info|2023-07-08 17:09:29.479740|[EVENT][SUB][doLoop]event sub tasks report,working event sub count=0,suspend event sub count=0
info|2023-07-08 17:09:29.942017|[SDK][WS][SERVICE]connected nodes,count=2
info|2023-07-08 17:09:49.480103|[EVENT][SUB][doLoop]event sub tasks report,working event sub count=0,suspend event sub count=0
info|2023-07-08 17:09:49.942393|[SDK][WS][SERVICE]connected nodes,count=2
info|2023-07-08 17:10:09.480608|[EVENT][SUB][doLoop]event sub tasks report,working event sub count=0,suspend event sub count=0
info|2023-07-08 17:10:09.942605|[SDK][WS][SERVICE]connected nodes,count=2
info|2023-07-08 17:10:29.480958|[EVENT][SUB][doLoop]event sub tasks report,working event sub count=0,suspend event sub count=0
info|2023-07-08 17:10:29.942757|[SDK][WS][SERVICE]connected nodes,count=2
info|2023-07-08 17:10:49.481312|[EVENT][SUB][doLoop]event sub tasks report,working event sub count=0,suspend event sub count=0
info|2023-07-08 17:10:49.943504|[SDK][WS][SERVICE]connected nodes,count=2
info|2023-07-08 17:11:09.481556|[EVENT][SUB][doLoop]event sub tasks report,working event sub count=0,suspend event sub count=0
info|2023-07-08 17:11:09.943875|[SDK][WS][SERVICE]connected nodes,count=2
info|2023-07-08 17:11:29.481941|[EVENT][SUB][doLoop]event sub tasks report,working event sub count=0,suspend event sub count=0
info|2023-07-08 17:11:29.944177|[SDK][WS][SERVICE]connected nodes,count=2
info|2023-07-08 17:11:49.482428|[EVENT][SUB][doLoop]event sub tasks report,working event sub count=0,suspend event sub count=0
info|2023-07-08 17:11:49.944425|[SDK][WS][SERVICE]connected nodes,count=2
info|2023-07-08 17:12:09.483001|[EVENT][SUB][doLoop]event sub tasks report,working event sub count=0,suspend event sub count=0
info|2023-07-08 17:12:09.944564|[SDK][WS][SERVICE]connected nodes,count=2
info|2023-07-08 17:12:29.483416|[EVENT][SUB][doLoop]event sub tasks report,working event sub count=0,suspend event sub count=0
info|2023-07-08 17:12:29.945193|[SDK][WS][SERVICE]connected nodes,count=2
info|2023-07-08 17:12:49.483617|[EVENT][SUB][doLoop]event sub tasks report,working event sub count=0,suspend event sub count=0
info|2023-07-08 17:12:49.945500|[SDK][WS][SERVICE]connected nodes,count=2
info|2023-07-08 17:13:09.484248|[EVENT][SUB][doLoop]event sub tasks report,working event sub count=0,suspend event sub count=0
info|2023-07-08 17:13:09.946234|[SDK][WS][SERVICE]connected nodes,count=2
info|2023-07-08 17:13:29.484366|[EVENT][SUB][doLoop]event sub tasks report,working event sub count=0,suspend event sub count=0
info|2023-07-08 17:13:29.946634|[SDK][WS][SERVICE]connected nodes,count=2
info|2023-07-08 17:13:49.484853|[EVENT][SUB][doLoop]event sub tasks report,working event sub count=0,suspend event sub count=0
info|2023-07-08 17:13:49.947338|[SDK][WS][SERVICE]connected nodes,count=2
info|2023-07-08 17:14:09.484952|[EVENT][SUB][doLoop]event sub tasks report,working event sub count=0,suspend event sub count=0
info|2023-07-08 17:14:09.947560|[SDK][WS][SERVICE]connected nodes,count=2
info|2023-07-08 17:14:29.485275|[EVENT][SUB][doLoop]event sub tasks report,working event sub count=0,suspend event sub count=0
info|2023-07-08 17:14:29.948094|[SDK][WS][SERVICE]connected nodes,count=2
info|2023-07-08 17:14:49.485360|[EVENT][SUB][doLoop]event sub tasks report,working event sub count=0,suspend event sub count=0
info|2023-07-08 17:14:49.948520|[SDK][WS][SERVICE]connected nodes,count=2
info|2023-07-08 17:15:09.485870|[EVENT][SUB][doLoop]event sub tasks report,working event sub count=0,suspend event sub count=0
info|2023-07-08 17:15:09.949187|[SDK][WS][SERVICE]connected nodes,count=2
info|2023-07-08 17:15:29.486425|[EVENT][SUB][doLoop]event sub tasks report,working event sub count=0,suspend event sub count=0
info|2023-07-08 17:15:29.949488|[SDK][WS][SERVICE]connected nodes,count=2
info|2023-07-08 17:15:49.486786|[EVENT][SUB][doLoop]event sub tasks report,working event sub count=0,suspend event sub count=0
info|2023-07-08 17:15:49.950257|[SDK][WS][SERVICE]connected nodes,count=2
info|2023-07-08 17:16:09.487156|[EVENT][SUB][doLoop]event sub tasks report,working event sub count=0,suspend event sub count=0
info|2023-07-08 17:16:09.950489|[SDK][WS][SERVICE]connected nodes,count=2
info|2023-07-08 17:16:29.487365|[EVENT][SUB][doLoop]event sub tasks report,working event sub count=0,suspend event sub count=0
info|2023-07-08 17:16:29.950613|[SDK][WS][SERVICE]connected nodes,count=2
info|2023-07-08 17:16:49.487648|[EVENT][SUB][doLoop]event sub tasks report,working event sub count=0,suspend event sub count=0
info|2023-07-08 17:16:49.951110|[SDK][WS][SERVICE]connected nodes,count=2
info|2023-07-08 17:17:09.487728|[EVENT][SUB][doLoop]event sub tasks report,working event sub count=0,suspend event sub count=0
info|2023-07-08 17:17:09.951443|[SDK][WS][SERVICE]connected nodes,count=2
info|2023-07-08 17:17:29.488054|[EVENT][SUB][doLoop]event sub tasks report,working event sub count=0,suspend event sub count=0
info|2023-07-08 17:17:29.951715|[SDK][WS][SERVICE]connected nodes,count=2
info|2023-07-08 17:17:49.488799|[EVENT][SUB][doLoop]event sub tasks report,working event sub count=0,suspend event sub count=0
info|2023-07-08 17:17:49.951917|[SDK][WS][SERVICE]connected nodes,count=2
info|2023-07-08 17:18:09.489118|[EVENT][SUB][doLoop]event sub tasks report,working event sub count=0,suspend event sub count=0
info|2023-07-08 17:18:09.952398|[SDK][WS][SERVICE]connected nodes,count=2
info|2023-07-08 17:18:29.489636|[EVENT][SUB][doLoop]event sub tasks report,working event sub count=0,suspend event sub count=0
info|2023-07-08 17:18:29.952991|[SDK][WS][SERVICE]connected nodes,count=2
info|2023-07-08 17:18:49.489916|[EVENT][SUB][doLoop]event sub tasks report,working event sub count=0,suspend event sub count=0
info|2023-07-08 17:18:49.953122|[SDK][WS][SERVICE]connected nodes,count=2
info|2023-07-08 17:19:09.490108|[EVENT][SUB][doLoop]event sub tasks report,working event sub count=0,suspend event sub count=0
info|2023-07-08 17:19:09.953893|[SDK][WS][SERVICE]connected nodes,count=2
info|2023-07-08 17:19:29.490209|[EVENT][SUB][doLoop]event sub tasks report,working event sub count=0,suspend event sub count=0
info|2023-07-08 17:19:29.954111|[SDK][WS][SERVICE]connected nodes,count=2
info|2023-07-08 17:19:49.490309|[EVENT][SUB][doLoop]event sub tasks report,working event sub count=0,suspend event sub count=0
info|2023-07-08 17:19:49.954302|[SDK][WS][SERVICE]connected nodes,count=2
info|2023-07-08 17:20:09.491023|[EVENT][SUB][doLoop]event sub tasks report,working event sub count=0,suspend event sub count=0
info|2023-07-08 17:20:09.954747|[SDK][WS][SERVICE]connected nodes,count=2
info|2023-07-08 17:20:29.491198|[EVENT][SUB][doLoop]event sub tasks report,working event sub count=0,suspend event sub count=0
info|2023-07-08 17:20:29.954917|[SDK][WS][SERVICE]connected nodes,count=2
info|2023-07-08 17:20:49.491423|[EVENT][SUB][doLoop]event sub tasks report,working event sub count=0,suspend event sub count=0
info|2023-07-08 17:20:49.955170|[SDK][WS][SERVICE]connected nodes,count=2
info|2023-07-08 17:21:09.492187|[EVENT][SUB][doLoop]event sub tasks report,working event sub count=0,suspend event sub count=0
info|2023-07-08 17:21:09.956124|[SDK][WS][SERVICE]connected nodes,count=2
info|2023-07-08 17:21:29.492404|[EVENT][SUB][doLoop]event sub tasks report,working event sub count=0,suspend event sub count=0
info|2023-07-08 17:21:29.956633|[SDK][WS][SERVICE]connected nodes,count=2
info|2023-07-08 17:21:49.492478|[EVENT][SUB][doLoop]event sub tasks report,working event sub count=0,suspend event sub count=0
info|2023-07-08 17:21:49.956830|[SDK][WS][SERVICE]connected nodes,count=2
info|2023-07-08 17:22:09.493511|[EVENT][SUB][doLoop]event sub tasks report,working event sub count=0,suspend event sub count=0
info|2023-07-08 17:22:09.957514|[SDK][WS][SERVICE]connected nodes,count=2
info|2023-07-08 17:22:29.494023|[EVENT][SUB][doLoop]event sub tasks report,working event sub count=0,suspend event sub count=0
info|2023-07-08 17:22:29.957959|[SDK][WS][SERVICE]connected nodes,count=2
info|2023-07-08 17:22:49.494219|[EVENT][SUB][doLoop]event sub tasks report,working event sub count=0,suspend event sub count=0
info|2023-07-08 17:22:49.958936|[SDK][WS][SERVICE]connected nodes,count=2
info|2023-07-08 17:23:09.494284|[EVENT][SUB][doLoop]event sub tasks report,working event sub count=0,suspend event sub count=0
info|2023-07-08 17:23:09.959424|[SDK][WS][SERVICE]connected nodes,count=2
info|2023-07-08 17:23:29.494334|[EVENT][SUB][doLoop]event sub tasks report,working event sub count=0,suspend event sub count=0
info|2023-07-08 17:23:29.959815|[SDK][WS][SERVICE]connected nodes,count=2
info|2023-07-08 17:23:49.494506|[EVENT][SUB][doLoop]event sub tasks report,working event sub count=0,suspend event sub count=0
info|2023-07-08 17:23:49.959924|[SDK][WS][SERVICE]connected nodes,count=2
info|2023-07-08 17:24:09.495080|[EVENT][SUB][doLoop]event sub tasks report,working event sub count=0,suspend event sub count=0
info|2023-07-08 17:24:09.960036|[SDK][WS][SERVICE]connected nodes,count=2
info|2023-07-08 17:24:29.495764|[EVENT][SUB][doLoop]event sub tasks report,working event sub count=0,suspend event sub count=0
info|2023-07-08 17:24:29.960572|[SDK][WS][SERVICE]connected nodes,count=2
info|2023-07-08 17:24:49.495805|[EVENT][SUB][doLoop]event sub tasks report,working event sub count=0,suspend event sub count=0
info|2023-07-08 17:24:49.960980|[SDK][WS][SERVICE]connected nodes,count=2
info|2023-07-08 17:25:09.495977|[EVENT][SUB][doLoop]event sub tasks report,working event sub count=0,suspend event sub count=0
info|2023-07-08 17:25:09.961535|[SDK][WS][SERVICE]connected nodes,count=2
info|2023-07-08 17:25:29.496166|[EVENT][SUB][doLoop]event sub tasks report,working event sub count=0,suspend event sub count=0
info|2023-07-08 17:25:29.962162|[SDK][WS][SERVICE]connected nodes,count=2
info|2023-07-08 17:25:49.496320|[EVENT][SUB][doLoop]event sub tasks report,working event sub count=0,suspend event sub count=0
info|2023-07-08 17:25:49.962381|[SDK][WS][SERVICE]connected nodes,count=2
info|2023-07-08 17:26:09.496431|[EVENT][SUB][doLoop]event sub tasks report,working event sub count=0,suspend event sub count=0
info|2023-07-08 17:26:09.962977|[SDK][WS][SERVICE]connected nodes,count=2
info|2023-07-08 17:26:29.496520|[EVENT][SUB][doLoop]event sub tasks report,working event sub count=0,suspend event sub count=0
info|2023-07-08 17:26:29.963703|[SDK][WS][SERVICE]connected nodes,count=2
info|2023-07-08 17:26:49.496984|[EVENT][SUB][doLoop]event sub tasks report,working event sub count=0,suspend event sub count=0
info|2023-07-08 17:26:49.963958|[SDK][WS][SERVICE]connected nodes,count=2
info|2023-07-08 17:27:09.497111|[EVENT][SUB][doLoop]event sub tasks report,working event sub count=0,suspend event sub count=0
info|2023-07-08 17:27:09.964556|[SDK][WS][SERVICE]connected nodes,count=2
info|2023-07-08 17:27:14.024176|[RPC][BLOCK][NUMBER][fromJson],group=group0,node=98a7f70ec883a722219d92253cf073a72605f4087aa3443c8e4aadc0af2dc3ac647d0fa1b5ac99cd6987abafe6d690ae71cd5fd2aeeabe7589bfb4748aabdfba,blockNumber=2159
info|2023-07-08 17:27:14.024199|[RPCWS][SERVICE][onRecvBlockNotifier]receive block number notifier,group=group0,node=98a7f70ec883a722219d92253cf073a72605f4087aa3443c8e4aadc0af2dc3ac647d0fa1b5ac99cd6987abafe6d690ae71cd5fd2aeeabe7589bfb4748aabdfba,blockNumber=2159
info|2023-07-08 17:27:14.024204|[RPCWS][SERVICE][updateGroupBlockNumber],groupID=group0,_blockNumber=2159
info|2023-07-08 17:27:14.024208|[RPCWS][SERVICE][onRecvBlockNotifier]block notifier callback,group=group0,node=98a7f70ec883a722219d92253cf073a72605f4087aa3443c8e4aadc0af2dc3ac647d0fa1b5ac99cd6987abafe6d690ae71cd5fd2aeeabe7589bfb4748aabdfba,blockNumber=2159
info|2023-07-08 17:27:14.024238|[WS]receive block notify,endpoint=127.0.0.1:20200,blk={
	"blockNumber" : 2159,
	"group" : "group0",
	"nodeName" : "98a7f70ec883a722219d92253cf073a72605f4087aa3443c8e4aadc0af2dc3ac647d0fa1b5ac99cd6987abafe6d690ae71cd5fd2aeeabe7589bfb4748aabdfba"
}
info|2023-07-08 17:27:14.035542|[RPC][BLOCK][NUMBER][fromJson],group=group0,node=2f993327933ad58672518b6d4f63920cbc68b80f78f4d81192552ee6362f5cc81ee13bdc678ad65f06e76444cadb53b33694cfb3fc7679b8000411975fedd28a,blockNumber=2159
info|2023-07-08 17:27:14.035567|[RPCWS][SERVICE][onRecvBlockNotifier]receive block number notifier,group=group0,node=2f993327933ad58672518b6d4f63920cbc68b80f78f4d81192552ee6362f5cc81ee13bdc678ad65f06e76444cadb53b33694cfb3fc7679b8000411975fedd28a,blockNumber=2159
info|2023-07-08 17:27:14.035573|[WS]receive block notify,endpoint=127.0.0.1:20201,blk={
	"blockNumber" : 2159,
	"group" : "group0",
	"nodeName" : "2f993327933ad58672518b6d4f63920cbc68b80f78f4d81192552ee6362f5cc81ee13bdc678ad65f06e76444cadb53b33694cfb3fc7679b8000411975fedd28a"
}
info|2023-07-08 17:27:14.559073|[RPC][BLOCK][NUMBER][fromJson],group=group0,node=2f993327933ad58672518b6d4f63920cbc68b80f78f4d81192552ee6362f5cc81ee13bdc678ad65f06e76444cadb53b33694cfb3fc7679b8000411975fedd28a,blockNumber=2160
info|2023-07-08 17:27:14.559134|[RPCWS][SERVICE][onRecvBlockNotifier]receive block number notifier,group=group0,node=2f993327933ad58672518b6d4f63920cbc68b80f78f4d81192552ee6362f5cc81ee13bdc678ad65f06e76444cadb53b33694cfb3fc7679b8000411975fedd28a,blockNumber=2160
info|2023-07-08 17:27:14.559141|[RPCWS][SERVICE][updateGroupBlockNumber],groupID=group0,_blockNumber=2160
info|2023-07-08 17:27:14.559145|[RPCWS][SERVICE][onRecvBlockNotifier]block notifier callback,group=group0,node=2f993327933ad58672518b6d4f63920cbc68b80f78f4d81192552ee6362f5cc81ee13bdc678ad65f06e76444cadb53b33694cfb3fc7679b8000411975fedd28a,blockNumber=2160
info|2023-07-08 17:27:14.559149|[WS]receive block notify,endpoint=127.0.0.1:20201,blk={
	"blockNumber" : 2160,
	"group" : "group0",
	"nodeName" : "2f993327933ad58672518b6d4f63920cbc68b80f78f4d81192552ee6362f5cc81ee13bdc678ad65f06e76444cadb53b33694cfb3fc7679b8000411975fedd28a"
}
info|2023-07-08 17:27:14.592104|[RPC][BLOCK][NUMBER][fromJson],group=group0,node=98a7f70ec883a722219d92253cf073a72605f4087aa3443c8e4aadc0af2dc3ac647d0fa1b5ac99cd6987abafe6d690ae71cd5fd2aeeabe7589bfb4748aabdfba,blockNumber=2160
info|2023-07-08 17:27:14.592125|[RPCWS][SERVICE][onRecvBlockNotifier]receive block number notifier,group=group0,node=98a7f70ec883a722219d92253cf073a72605f4087aa3443c8e4aadc0af2dc3ac647d0fa1b5ac99cd6987abafe6d690ae71cd5fd2aeeabe7589bfb4748aabdfba,blockNumber=2160
info|2023-07-08 17:27:14.592132|[WS]receive block notify,endpoint=127.0.0.1:20200,blk={
	"blockNumber" : 2160,
	"group" : "group0",
	"nodeName" : "98a7f70ec883a722219d92253cf073a72605f4087aa3443c8e4aadc0af2dc3ac647d0fa1b5ac99cd6987abafe6d690ae71cd5fd2aeeabe7589bfb4748aabdfba"
}
info|2023-07-08 17:27:15.093481|[RPC][BLOCK][NUMBER][fromJson],group=group0,node=98a7f70ec883a722219d92253cf073a72605f4087aa3443c8e4aadc0af2dc3ac647d0fa1b5ac99cd6987abafe6d690ae71cd5fd2aeeabe7589bfb4748aabdfba,blockNumber=2161
info|2023-07-08 17:27:15.093502|[RPCWS][SERVICE][onRecvBlockNotifier]receive block number notifier,group=group0,node=98a7f70ec883a722219d92253cf073a72605f4087aa3443c8e4aadc0af2dc3ac647d0fa1b5ac99cd6987abafe6d690ae71cd5fd2aeeabe7589bfb4748aabdfba,blockNumber=2161
info|2023-07-08 17:27:15.093507|[RPCWS][SERVICE][updateGroupBlockNumber],groupID=group0,_blockNumber=2161
info|2023-07-08 17:27:15.093511|[RPCWS][SERVICE][onRecvBlockNotifier]block notifier callback,group=group0,node=98a7f70ec883a722219d92253cf073a72605f4087aa3443c8e4aadc0af2dc3ac647d0fa1b5ac99cd6987abafe6d690ae71cd5fd2aeeabe7589bfb4748aabdfba,blockNumber=2161
info|2023-07-08 17:27:15.093514|[WS]receive block notify,endpoint=127.0.0.1:20200,blk={
	"blockNumber" : 2161,
	"group" : "group0",
	"nodeName" : "98a7f70ec883a722219d92253cf073a72605f4087aa3443c8e4aadc0af2dc3ac647d0fa1b5ac99cd6987abafe6d690ae71cd5fd2aeeabe7589bfb4748aabdfba"
}
info|2023-07-08 17:27:15.137603|[RPC][BLOCK][NUMBER][fromJson],group=group0,node=2f993327933ad58672518b6d4f63920cbc68b80f78f4d81192552ee6362f5cc81ee13bdc678ad65f06e76444cadb53b33694cfb3fc7679b8000411975fedd28a,blockNumber=2161
info|2023-07-08 17:27:15.137622|[RPCWS][SERVICE][onRecvBlockNotifier]receive block number notifier,group=group0,node=2f993327933ad58672518b6d4f63920cbc68b80f78f4d81192552ee6362f5cc81ee13bdc678ad65f06e76444cadb53b33694cfb3fc7679b8000411975fedd28a,blockNumber=2161
info|2023-07-08 17:27:15.137629|[WS]receive block notify,endpoint=127.0.0.1:20201,blk={
	"blockNumber" : 2161,
	"group" : "group0",
	"nodeName" : "2f993327933ad58672518b6d4f63920cbc68b80f78f4d81192552ee6362f5cc81ee13bdc678ad65f06e76444cadb53b33694cfb3fc7679b8000411975fedd28a"
}
info|2023-07-08 17:27:15.687256|[RPC][BLOCK][NUMBER][fromJson],group=group0,node=98a7f70ec883a722219d92253cf073a72605f4087aa3443c8e4aadc0af2dc3ac647d0fa1b5ac99cd6987abafe6d690ae71cd5fd2aeeabe7589bfb4748aabdfba,blockNumber=2162
info|2023-07-08 17:27:15.687280|[RPCWS][SERVICE][onRecvBlockNotifier]receive block number notifier,group=group0,node=98a7f70ec883a722219d92253cf073a72605f4087aa3443c8e4aadc0af2dc3ac647d0fa1b5ac99cd6987abafe6d690ae71cd5fd2aeeabe7589bfb4748aabdfba,blockNumber=2162
info|2023-07-08 17:27:15.687284|[RPCWS][SERVICE][updateGroupBlockNumber],groupID=group0,_blockNumber=2162
info|2023-07-08 17:27:15.687288|[RPCWS][SERVICE][onRecvBlockNotifier]block notifier callback,group=group0,node=98a7f70ec883a722219d92253cf073a72605f4087aa3443c8e4aadc0af2dc3ac647d0fa1b5ac99cd6987abafe6d690ae71cd5fd2aeeabe7589bfb4748aabdfba,blockNumber=2162
info|2023-07-08 17:27:15.687292|[WS]receive block notify,endpoint=127.0.0.1:20200,blk={
	"blockNumber" : 2162,
	"group" : "group0",
	"nodeName" : "98a7f70ec883a722219d92253cf073a72605f4087aa3443c8e4aadc0af2dc3ac647d0fa1b5ac99cd6987abafe6d690ae71cd5fd2aeeabe7589bfb4748aabdfba"
}
info|2023-07-08 17:27:15.743610|[RPC][BLOCK][NUMBER][fromJson],group=group0,node=2f993327933ad58672518b6d4f63920cbc68b80f78f4d81192552ee6362f5cc81ee13bdc678ad65f06e76444cadb53b33694cfb3fc7679b8000411975fedd28a,blockNumber=2162
info|2023-07-08 17:27:15.743629|[RPCWS][SERVICE][onRecvBlockNotifier]receive block number notifier,group=group0,node=2f993327933ad58672518b6d4f63920cbc68b80f78f4d81192552ee6362f5cc81ee13bdc678ad65f06e76444cadb53b33694cfb3fc7679b8000411975fedd28a,blockNumber=2162
info|2023-07-08 17:27:15.743635|[WS]receive block notify,endpoint=127.0.0.1:20201,blk={
	"blockNumber" : 2162,
	"group" : "group0",
	"nodeName" : "2f993327933ad58672518b6d4f63920cbc68b80f78f4d81192552ee6362f5cc81ee13bdc678ad65f06e76444cadb53b33694cfb3fc7679b8000411975fedd28a"
}
info|2023-07-08 17:27:16.240143|[RPC][BLOCK][NUMBER][fromJson],group=group0,node=98a7f70ec883a722219d92253cf073a72605f4087aa3443c8e4aadc0af2dc3ac647d0fa1b5ac99cd6987abafe6d690ae71cd5fd2aeeabe7589bfb4748aabdfba,blockNumber=2163
info|2023-07-08 17:27:16.240162|[RPCWS][SERVICE][onRecvBlockNotifier]receive block number notifier,group=group0,node=98a7f70ec883a722219d92253cf073a72605f4087aa3443c8e4aadc0af2dc3ac647d0fa1b5ac99cd6987abafe6d690ae71cd5fd2aeeabe7589bfb4748aabdfba,blockNumber=2163
info|2023-07-08 17:27:16.240168|[RPCWS][SERVICE][updateGroupBlockNumber],groupID=group0,_blockNumber=2163
info|2023-07-08 17:27:16.240172|[RPCWS][SERVICE][onRecvBlockNotifier]block notifier callback,group=group0,node=98a7f70ec883a722219d92253cf073a72605f4087aa3443c8e4aadc0af2dc3ac647d0fa1b5ac99cd6987abafe6d690ae71cd5fd2aeeabe7589bfb4748aabdfba,blockNumber=2163
info|2023-07-08 17:27:16.240176|[WS]receive block notify,endpoint=127.0.0.1:20200,blk={
	"blockNumber" : 2163,
	"group" : "group0",
	"nodeName" : "98a7f70ec883a722219d92253cf073a72605f4087aa3443c8e4aadc0af2dc3ac647d0fa1b5ac99cd6987abafe6d690ae71cd5fd2aeeabe7589bfb4748aabdfba"
}
info|2023-07-08 17:27:16.248957|[RPC][BLOCK][NUMBER][fromJson],group=group0,node=2f993327933ad58672518b6d4f63920cbc68b80f78f4d81192552ee6362f5cc81ee13bdc678ad65f06e76444cadb53b33694cfb3fc7679b8000411975fedd28a,blockNumber=2163
info|2023-07-08 17:27:16.248976|[RPCWS][SERVICE][onRecvBlockNotifier]receive block number notifier,group=group0,node=2f993327933ad58672518b6d4f63920cbc68b80f78f4d81192552ee6362f5cc81ee13bdc678ad65f06e76444cadb53b33694cfb3fc7679b8000411975fedd28a,blockNumber=2163
info|2023-07-08 17:27:16.248982|[WS]receive block notify,endpoint=127.0.0.1:20201,blk={
	"blockNumber" : 2163,
	"group" : "group0",
	"nodeName" : "2f993327933ad58672518b6d4f63920cbc68b80f78f4d81192552ee6362f5cc81ee13bdc678ad65f06e76444cadb53b33694cfb3fc7679b8000411975fedd28a"
}
info|2023-07-08 17:27:16.820598|[RPC][BLOCK][NUMBER][fromJson],group=group0,node=98a7f70ec883a722219d92253cf073a72605f4087aa3443c8e4aadc0af2dc3ac647d0fa1b5ac99cd6987abafe6d690ae71cd5fd2aeeabe7589bfb4748aabdfba,blockNumber=2164
info|2023-07-08 17:27:16.820619|[RPCWS][SERVICE][onRecvBlockNotifier]receive block number notifier,group=group0,node=98a7f70ec883a722219d92253cf073a72605f4087aa3443c8e4aadc0af2dc3ac647d0fa1b5ac99cd6987abafe6d690ae71cd5fd2aeeabe7589bfb4748aabdfba,blockNumber=2164
info|2023-07-08 17:27:16.820624|[RPCWS][SERVICE][updateGroupBlockNumber],groupID=group0,_blockNumber=2164
info|2023-07-08 17:27:16.820628|[RPCWS][SERVICE][onRecvBlockNotifier]block notifier callback,group=group0,node=98a7f70ec883a722219d92253cf073a72605f4087aa3443c8e4aadc0af2dc3ac647d0fa1b5ac99cd6987abafe6d690ae71cd5fd2aeeabe7589bfb4748aabdfba,blockNumber=2164
info|2023-07-08 17:27:16.820632|[WS]receive block notify,endpoint=127.0.0.1:20200,blk={
	"blockNumber" : 2164,
	"group" : "group0",
	"nodeName" : "98a7f70ec883a722219d92253cf073a72605f4087aa3443c8e4aadc0af2dc3ac647d0fa1b5ac99cd6987abafe6d690ae71cd5fd2aeeabe7589bfb4748aabdfba"
}
info|2023-07-08 17:27:16.831088|[RPC][BLOCK][NUMBER][fromJson],group=group0,node=2f993327933ad58672518b6d4f63920cbc68b80f78f4d81192552ee6362f5cc81ee13bdc678ad65f06e76444cadb53b33694cfb3fc7679b8000411975fedd28a,blockNumber=2164
info|2023-07-08 17:27:16.831108|[RPCWS][SERVICE][onRecvBlockNotifier]receive block number notifier,group=group0,node=2f993327933ad58672518b6d4f63920cbc68b80f78f4d81192552ee6362f5cc81ee13bdc678ad65f06e76444cadb53b33694cfb3fc7679b8000411975fedd28a,blockNumber=2164
info|2023-07-08 17:27:16.831114|[WS]receive block notify,endpoint=127.0.0.1:20201,blk={
	"blockNumber" : 2164,
	"group" : "group0",
	"nodeName" : "2f993327933ad58672518b6d4f63920cbc68b80f78f4d81192552ee6362f5cc81ee13bdc678ad65f06e76444cadb53b33694cfb3fc7679b8000411975fedd28a"
}
info|2023-07-08 17:27:17.368954|[RPC][BLOCK][NUMBER][fromJson],group=group0,node=2f993327933ad58672518b6d4f63920cbc68b80f78f4d81192552ee6362f5cc81ee13bdc678ad65f06e76444cadb53b33694cfb3fc7679b8000411975fedd28a,blockNumber=2165
info|2023-07-08 17:27:17.368974|[RPCWS][SERVICE][onRecvBlockNotifier]receive block number notifier,group=group0,node=2f993327933ad58672518b6d4f63920cbc68b80f78f4d81192552ee6362f5cc81ee13bdc678ad65f06e76444cadb53b33694cfb3fc7679b8000411975fedd28a,blockNumber=2165
info|2023-07-08 17:27:17.368979|[RPCWS][SERVICE][updateGroupBlockNumber],groupID=group0,_blockNumber=2165
info|2023-07-08 17:27:17.368983|[RPCWS][SERVICE][onRecvBlockNotifier]block notifier callback,group=group0,node=2f993327933ad58672518b6d4f63920cbc68b80f78f4d81192552ee6362f5cc81ee13bdc678ad65f06e76444cadb53b33694cfb3fc7679b8000411975fedd28a,blockNumber=2165
info|2023-07-08 17:27:17.369009|[WS]receive block notify,endpoint=127.0.0.1:20201,blk={
	"blockNumber" : 2165,
	"group" : "group0",
	"nodeName" : "2f993327933ad58672518b6d4f63920cbc68b80f78f4d81192552ee6362f5cc81ee13bdc678ad65f06e76444cadb53b33694cfb3fc7679b8000411975fedd28a"
}
info|2023-07-08 17:27:17.404323|[RPC][BLOCK][NUMBER][fromJson],group=group0,node=98a7f70ec883a722219d92253cf073a72605f4087aa3443c8e4aadc0af2dc3ac647d0fa1b5ac99cd6987abafe6d690ae71cd5fd2aeeabe7589bfb4748aabdfba,blockNumber=2165
info|2023-07-08 17:27:17.404344|[RPCWS][SERVICE][onRecvBlockNotifier]receive block number notifier,group=group0,node=98a7f70ec883a722219d92253cf073a72605f4087aa3443c8e4aadc0af2dc3ac647d0fa1b5ac99cd6987abafe6d690ae71cd5fd2aeeabe7589bfb4748aabdfba,blockNumber=2165
info|2023-07-08 17:27:17.404352|[WS]receive block notify,endpoint=127.0.0.1:20200,blk={
	"blockNumber" : 2165,
	"group" : "group0",
	"nodeName" : "98a7f70ec883a722219d92253cf073a72605f4087aa3443c8e4aadc0af2dc3ac647d0fa1b5ac99cd6987abafe6d690ae71cd5fd2aeeabe7589bfb4748aabdfba"
}
info|2023-07-08 17:27:17.941990|[RPC][BLOCK][NUMBER][fromJson],group=group0,node=98a7f70ec883a722219d92253cf073a72605f4087aa3443c8e4aadc0af2dc3ac647d0fa1b5ac99cd6987abafe6d690ae71cd5fd2aeeabe7589bfb4748aabdfba,blockNumber=2166
info|2023-07-08 17:27:17.942014|[RPCWS][SERVICE][onRecvBlockNotifier]receive block number notifier,group=group0,node=98a7f70ec883a722219d92253cf073a72605f4087aa3443c8e4aadc0af2dc3ac647d0fa1b5ac99cd6987abafe6d690ae71cd5fd2aeeabe7589bfb4748aabdfba,blockNumber=2166
info|2023-07-08 17:27:17.942019|[RPCWS][SERVICE][updateGroupBlockNumber],groupID=group0,_blockNumber=2166
info|2023-07-08 17:27:17.942024|[RPCWS][SERVICE][onRecvBlockNotifier]block notifier callback,group=group0,node=98a7f70ec883a722219d92253cf073a72605f4087aa3443c8e4aadc0af2dc3ac647d0fa1b5ac99cd6987abafe6d690ae71cd5fd2aeeabe7589bfb4748aabdfba,blockNumber=2166
info|2023-07-08 17:27:17.942027|[WS]receive block notify,endpoint=127.0.0.1:20200,blk={
	"blockNumber" : 2166,
	"group" : "group0",
	"nodeName" : "98a7f70ec883a722219d92253cf073a72605f4087aa3443c8e4aadc0af2dc3ac647d0fa1b5ac99cd6987abafe6d690ae71cd5fd2aeeabe7589bfb4748aabdfba"
}
info|2023-07-08 17:27:17.968853|[RPC][BLOCK][NUMBER][fromJson],group=group0,node=2f993327933ad58672518b6d4f63920cbc68b80f78f4d81192552ee6362f5cc81ee13bdc678ad65f06e76444cadb53b33694cfb3fc7679b8000411975fedd28a,blockNumber=2166
info|2023-07-08 17:27:17.968875|[RPCWS][SERVICE][onRecvBlockNotifier]receive block number notifier,group=group0,node=2f993327933ad58672518b6d4f63920cbc68b80f78f4d81192552ee6362f5cc81ee13bdc678ad65f06e76444cadb53b33694cfb3fc7679b8000411975fedd28a,blockNumber=2166
info|2023-07-08 17:27:17.968881|[WS]receive block notify,endpoint=127.0.0.1:20201,blk={
	"blockNumber" : 2166,
	"group" : "group0",
	"nodeName" : "2f993327933ad58672518b6d4f63920cbc68b80f78f4d81192552ee6362f5cc81ee13bdc678ad65f06e76444cadb53b33694cfb3fc7679b8000411975fedd28a"
}
info|2023-07-08 17:27:18.467064|[RPC][BLOCK][NUMBER][fromJson],group=group0,node=98a7f70ec883a722219d92253cf073a72605f4087aa3443c8e4aadc0af2dc3ac647d0fa1b5ac99cd6987abafe6d690ae71cd5fd2aeeabe7589bfb4748aabdfba,blockNumber=2167
info|2023-07-08 17:27:18.467104|[RPCWS][SERVICE][onRecvBlockNotifier]receive block number notifier,group=group0,node=98a7f70ec883a722219d92253cf073a72605f4087aa3443c8e4aadc0af2dc3ac647d0fa1b5ac99cd6987abafe6d690ae71cd5fd2aeeabe7589bfb4748aabdfba,blockNumber=2167
info|2023-07-08 17:27:18.467111|[RPCWS][SERVICE][updateGroupBlockNumber],groupID=group0,_blockNumber=2167
info|2023-07-08 17:27:18.467115|[RPCWS][SERVICE][onRecvBlockNotifier]block notifier callback,group=group0,node=98a7f70ec883a722219d92253cf073a72605f4087aa3443c8e4aadc0af2dc3ac647d0fa1b5ac99cd6987abafe6d690ae71cd5fd2aeeabe7589bfb4748aabdfba,blockNumber=2167
info|2023-07-08 17:27:18.467118|[WS]receive block notify,endpoint=127.0.0.1:20200,blk={
	"blockNumber" : 2167,
	"group" : "group0",
	"nodeName" : "98a7f70ec883a722219d92253cf073a72605f4087aa3443c8e4aadc0af2dc3ac647d0fa1b5ac99cd6987abafe6d690ae71cd5fd2aeeabe7589bfb4748aabdfba"
}
info|2023-07-08 17:27:18.590841|[RPC][BLOCK][NUMBER][fromJson],group=group0,node=2f993327933ad58672518b6d4f63920cbc68b80f78f4d81192552ee6362f5cc81ee13bdc678ad65f06e76444cadb53b33694cfb3fc7679b8000411975fedd28a,blockNumber=2167
info|2023-07-08 17:27:18.590900|[RPCWS][SERVICE][onRecvBlockNotifier]receive block number notifier,group=group0,node=2f993327933ad58672518b6d4f63920cbc68b80f78f4d81192552ee6362f5cc81ee13bdc678ad65f06e76444cadb53b33694cfb3fc7679b8000411975fedd28a,blockNumber=2167
info|2023-07-08 17:27:18.590909|[WS]receive block notify,endpoint=127.0.0.1:20201,blk={
	"blockNumber" : 2167,
	"group" : "group0",
	"nodeName" : "2f993327933ad58672518b6d4f63920cbc68b80f78f4d81192552ee6362f5cc81ee13bdc678ad65f06e76444cadb53b33694cfb3fc7679b8000411975fedd28a"
}
info|2023-07-08 17:27:19.022937|[RPC][BLOCK][NUMBER][fromJson],group=group0,node=98a7f70ec883a722219d92253cf073a72605f4087aa3443c8e4aadc0af2dc3ac647d0fa1b5ac99cd6987abafe6d690ae71cd5fd2aeeabe7589bfb4748aabdfba,blockNumber=2168
info|2023-07-08 17:27:19.022957|[RPCWS][SERVICE][onRecvBlockNotifier]receive block number notifier,group=group0,node=98a7f70ec883a722219d92253cf073a72605f4087aa3443c8e4aadc0af2dc3ac647d0fa1b5ac99cd6987abafe6d690ae71cd5fd2aeeabe7589bfb4748aabdfba,blockNumber=2168
info|2023-07-08 17:27:19.022962|[RPCWS][SERVICE][updateGroupBlockNumber],groupID=group0,_blockNumber=2168
info|2023-07-08 17:27:19.022966|[RPCWS][SERVICE][onRecvBlockNotifier]block notifier callback,group=group0,node=98a7f70ec883a722219d92253cf073a72605f4087aa3443c8e4aadc0af2dc3ac647d0fa1b5ac99cd6987abafe6d690ae71cd5fd2aeeabe7589bfb4748aabdfba,blockNumber=2168
info|2023-07-08 17:27:19.022969|[WS]receive block notify,endpoint=127.0.0.1:20200,blk={
	"blockNumber" : 2168,
	"group" : "group0",
	"nodeName" : "98a7f70ec883a722219d92253cf073a72605f4087aa3443c8e4aadc0af2dc3ac647d0fa1b5ac99cd6987abafe6d690ae71cd5fd2aeeabe7589bfb4748aabdfba"
}
info|2023-07-08 17:27:19.028576|[RPC][BLOCK][NUMBER][fromJson],group=group0,node=2f993327933ad58672518b6d4f63920cbc68b80f78f4d81192552ee6362f5cc81ee13bdc678ad65f06e76444cadb53b33694cfb3fc7679b8000411975fedd28a,blockNumber=2168
info|2023-07-08 17:27:19.028596|[RPCWS][SERVICE][onRecvBlockNotifier]receive block number notifier,group=group0,node=2f993327933ad58672518b6d4f63920cbc68b80f78f4d81192552ee6362f5cc81ee13bdc678ad65f06e76444cadb53b33694cfb3fc7679b8000411975fedd28a,blockNumber=2168
info|2023-07-08 17:27:19.028603|[WS]receive block notify,endpoint=127.0.0.1:20201,blk={
	"blockNumber" : 2168,
	"group" : "group0",
	"nodeName" : "2f993327933ad58672518b6d4f63920cbc68b80f78f4d81192552ee6362f5cc81ee13bdc678ad65f06e76444cadb53b33694cfb3fc7679b8000411975fedd28a"
}
info|2023-07-08 17:27:19.563085|[RPC][BLOCK][NUMBER][fromJson],group=group0,node=98a7f70ec883a722219d92253cf073a72605f4087aa3443c8e4aadc0af2dc3ac647d0fa1b5ac99cd6987abafe6d690ae71cd5fd2aeeabe7589bfb4748aabdfba,blockNumber=2169
info|2023-07-08 17:27:19.563104|[RPCWS][SERVICE][onRecvBlockNotifier]receive block number notifier,group=group0,node=98a7f70ec883a722219d92253cf073a72605f4087aa3443c8e4aadc0af2dc3ac647d0fa1b5ac99cd6987abafe6d690ae71cd5fd2aeeabe7589bfb4748aabdfba,blockNumber=2169
info|2023-07-08 17:27:19.563108|[RPCWS][SERVICE][updateGroupBlockNumber],groupID=group0,_blockNumber=2169
info|2023-07-08 17:27:19.563112|[RPCWS][SERVICE][onRecvBlockNotifier]block notifier callback,group=group0,node=98a7f70ec883a722219d92253cf073a72605f4087aa3443c8e4aadc0af2dc3ac647d0fa1b5ac99cd6987abafe6d690ae71cd5fd2aeeabe7589bfb4748aabdfba,blockNumber=2169
info|2023-07-08 17:27:19.563115|[WS]receive block notify,endpoint=127.0.0.1:20200,blk={
	"blockNumber" : 2169,
	"group" : "group0",
	"nodeName" : "98a7f70ec883a722219d92253cf073a72605f4087aa3443c8e4aadc0af2dc3ac647d0fa1b5ac99cd6987abafe6d690ae71cd5fd2aeeabe7589bfb4748aabdfba"
}
info|2023-07-08 17:27:19.615517|[RPC][BLOCK][NUMBER][fromJson],group=group0,node=2f993327933ad58672518b6d4f63920cbc68b80f78f4d81192552ee6362f5cc81ee13bdc678ad65f06e76444cadb53b33694cfb3fc7679b8000411975fedd28a,blockNumber=2169
info|2023-07-08 17:27:19.615551|[RPCWS][SERVICE][onRecvBlockNotifier]receive block number notifier,group=group0,node=2f993327933ad58672518b6d4f63920cbc68b80f78f4d81192552ee6362f5cc81ee13bdc678ad65f06e76444cadb53b33694cfb3fc7679b8000411975fedd28a,blockNumber=2169
info|2023-07-08 17:27:19.615559|[WS]receive block notify,endpoint=127.0.0.1:20201,blk={
	"blockNumber" : 2169,
	"group" : "group0",
	"nodeName" : "2f993327933ad58672518b6d4f63920cbc68b80f78f4d81192552ee6362f5cc81ee13bdc678ad65f06e76444cadb53b33694cfb3fc7679b8000411975fedd28a"
}
info|2023-07-08 17:27:20.168578|[RPC][BLOCK][NUMBER][fromJson],group=group0,node=98a7f70ec883a722219d92253cf073a72605f4087aa3443c8e4aadc0af2dc3ac647d0fa1b5ac99cd6987abafe6d690ae71cd5fd2aeeabe7589bfb4748aabdfba,blockNumber=2170
info|2023-07-08 17:27:20.168598|[RPCWS][SERVICE][onRecvBlockNotifier]receive block number notifier,group=group0,node=98a7f70ec883a722219d92253cf073a72605f4087aa3443c8e4aadc0af2dc3ac647d0fa1b5ac99cd6987abafe6d690ae71cd5fd2aeeabe7589bfb4748aabdfba,blockNumber=2170
info|2023-07-08 17:27:20.168626|[RPCWS][SERVICE][updateGroupBlockNumber],groupID=group0,_blockNumber=2170
info|2023-07-08 17:27:20.168634|[RPCWS][SERVICE][onRecvBlockNotifier]block notifier callback,group=group0,node=98a7f70ec883a722219d92253cf073a72605f4087aa3443c8e4aadc0af2dc3ac647d0fa1b5ac99cd6987abafe6d690ae71cd5fd2aeeabe7589bfb4748aabdfba,blockNumber=2170
info|2023-07-08 17:27:20.168638|[WS]receive block notify,endpoint=127.0.0.1:20200,blk={
	"blockNumber" : 2170,
	"group" : "group0",
	"nodeName" : "98a7f70ec883a722219d92253cf073a72605f4087aa3443c8e4aadc0af2dc3ac647d0fa1b5ac99cd6987abafe6d690ae71cd5fd2aeeabe7589bfb4748aabdfba"
}
info|2023-07-08 17:27:20.221289|[RPC][BLOCK][NUMBER][fromJson],group=group0,node=2f993327933ad58672518b6d4f63920cbc68b80f78f4d81192552ee6362f5cc81ee13bdc678ad65f06e76444cadb53b33694cfb3fc7679b8000411975fedd28a,blockNumber=2170
info|2023-07-08 17:27:20.221309|[RPCWS][SERVICE][onRecvBlockNotifier]receive block number notifier,group=group0,node=2f993327933ad58672518b6d4f63920cbc68b80f78f4d81192552ee6362f5cc81ee13bdc678ad65f06e76444cadb53b33694cfb3fc7679b8000411975fedd28a,blockNumber=2170
info|2023-07-08 17:27:20.221316|[WS]receive block notify,endpoint=127.0.0.1:20201,blk={
	"blockNumber" : 2170,
	"group" : "group0",
	"nodeName" : "2f993327933ad58672518b6d4f63920cbc68b80f78f4d81192552ee6362f5cc81ee13bdc678ad65f06e76444cadb53b33694cfb3fc7679b8000411975fedd28a"
}
info|2023-07-08 17:27:20.718860|[RPC][BLOCK][NUMBER][fromJson],group=group0,node=98a7f70ec883a722219d92253cf073a72605f4087aa3443c8e4aadc0af2dc3ac647d0fa1b5ac99cd6987abafe6d690ae71cd5fd2aeeabe7589bfb4748aabdfba,blockNumber=2171
info|2023-07-08 17:27:20.718905|[RPCWS][SERVICE][onRecvBlockNotifier]receive block number notifier,group=group0,node=98a7f70ec883a722219d92253cf073a72605f4087aa3443c8e4aadc0af2dc3ac647d0fa1b5ac99cd6987abafe6d690ae71cd5fd2aeeabe7589bfb4748aabdfba,blockNumber=2171
info|2023-07-08 17:27:20.718910|[RPCWS][SERVICE][updateGroupBlockNumber],groupID=group0,_blockNumber=2171
info|2023-07-08 17:27:20.718914|[RPCWS][SERVICE][onRecvBlockNotifier]block notifier callback,group=group0,node=98a7f70ec883a722219d92253cf073a72605f4087aa3443c8e4aadc0af2dc3ac647d0fa1b5ac99cd6987abafe6d690ae71cd5fd2aeeabe7589bfb4748aabdfba,blockNumber=2171
info|2023-07-08 17:27:20.718918|[WS]receive block notify,endpoint=127.0.0.1:20200,blk={
	"blockNumber" : 2171,
	"group" : "group0",
	"nodeName" : "98a7f70ec883a722219d92253cf073a72605f4087aa3443c8e4aadc0af2dc3ac647d0fa1b5ac99cd6987abafe6d690ae71cd5fd2aeeabe7589bfb4748aabdfba"
}
info|2023-07-08 17:27:20.761687|[RPC][BLOCK][NUMBER][fromJson],group=group0,node=2f993327933ad58672518b6d4f63920cbc68b80f78f4d81192552ee6362f5cc81ee13bdc678ad65f06e76444cadb53b33694cfb3fc7679b8000411975fedd28a,blockNumber=2171
info|2023-07-08 17:27:20.761710|[RPCWS][SERVICE][onRecvBlockNotifier]receive block number notifier,group=group0,node=2f993327933ad58672518b6d4f63920cbc68b80f78f4d81192552ee6362f5cc81ee13bdc678ad65f06e76444cadb53b33694cfb3fc7679b8000411975fedd28a,blockNumber=2171
info|2023-07-08 17:27:20.761717|[WS]receive block notify,endpoint=127.0.0.1:20201,blk={
	"blockNumber" : 2171,
	"group" : "group0",
	"nodeName" : "2f993327933ad58672518b6d4f63920cbc68b80f78f4d81192552ee6362f5cc81ee13bdc678ad65f06e76444cadb53b33694cfb3fc7679b8000411975fedd28a"
}
info|2023-07-08 17:27:21.306197|[RPC][BLOCK][NUMBER][fromJson],group=group0,node=98a7f70ec883a722219d92253cf073a72605f4087aa3443c8e4aadc0af2dc3ac647d0fa1b5ac99cd6987abafe6d690ae71cd5fd2aeeabe7589bfb4748aabdfba,blockNumber=2172
info|2023-07-08 17:27:21.306222|[RPCWS][SERVICE][onRecvBlockNotifier]receive block number notifier,group=group0,node=98a7f70ec883a722219d92253cf073a72605f4087aa3443c8e4aadc0af2dc3ac647d0fa1b5ac99cd6987abafe6d690ae71cd5fd2aeeabe7589bfb4748aabdfba,blockNumber=2172
info|2023-07-08 17:27:21.306228|[RPCWS][SERVICE][updateGroupBlockNumber],groupID=group0,_blockNumber=2172
info|2023-07-08 17:27:21.306233|[RPCWS][SERVICE][onRecvBlockNotifier]block notifier callback,group=group0,node=98a7f70ec883a722219d92253cf073a72605f4087aa3443c8e4aadc0af2dc3ac647d0fa1b5ac99cd6987abafe6d690ae71cd5fd2aeeabe7589bfb4748aabdfba,blockNumber=2172
info|2023-07-08 17:27:21.306238|[WS]receive block notify,endpoint=127.0.0.1:20200,blk={
	"blockNumber" : 2172,
	"group" : "group0",
	"nodeName" : "98a7f70ec883a722219d92253cf073a72605f4087aa3443c8e4aadc0af2dc3ac647d0fa1b5ac99cd6987abafe6d690ae71cd5fd2aeeabe7589bfb4748aabdfba"
}
info|2023-07-08 17:27:21.309931|[RPC][BLOCK][NUMBER][fromJson],group=group0,node=2f993327933ad58672518b6d4f63920cbc68b80f78f4d81192552ee6362f5cc81ee13bdc678ad65f06e76444cadb53b33694cfb3fc7679b8000411975fedd28a,blockNumber=2172
info|2023-07-08 17:27:21.310023|[RPCWS][SERVICE][onRecvBlockNotifier]receive block number notifier,group=group0,node=2f993327933ad58672518b6d4f63920cbc68b80f78f4d81192552ee6362f5cc81ee13bdc678ad65f06e76444cadb53b33694cfb3fc7679b8000411975fedd28a,blockNumber=2172
info|2023-07-08 17:27:21.310037|[WS]receive block notify,endpoint=127.0.0.1:20201,blk={
	"blockNumber" : 2172,
	"group" : "group0",
	"nodeName" : "2f993327933ad58672518b6d4f63920cbc68b80f78f4d81192552ee6362f5cc81ee13bdc678ad65f06e76444cadb53b33694cfb3fc7679b8000411975fedd28a"
}
info|2023-07-08 17:27:21.818323|[RPC][BLOCK][NUMBER][fromJson],group=group0,node=98a7f70ec883a722219d92253cf073a72605f4087aa3443c8e4aadc0af2dc3ac647d0fa1b5ac99cd6987abafe6d690ae71cd5fd2aeeabe7589bfb4748aabdfba,blockNumber=2173
info|2023-07-08 17:27:21.818366|[RPCWS][SERVICE][onRecvBlockNotifier]receive block number notifier,group=group0,node=98a7f70ec883a722219d92253cf073a72605f4087aa3443c8e4aadc0af2dc3ac647d0fa1b5ac99cd6987abafe6d690ae71cd5fd2aeeabe7589bfb4748aabdfba,blockNumber=2173
info|2023-07-08 17:27:21.818374|[RPCWS][SERVICE][updateGroupBlockNumber],groupID=group0,_blockNumber=2173
info|2023-07-08 17:27:21.818379|[RPCWS][SERVICE][onRecvBlockNotifier]block notifier callback,group=group0,node=98a7f70ec883a722219d92253cf073a72605f4087aa3443c8e4aadc0af2dc3ac647d0fa1b5ac99cd6987abafe6d690ae71cd5fd2aeeabe7589bfb4748aabdfba,blockNumber=2173
info|2023-07-08 17:27:21.818383|[WS]receive block notify,endpoint=127.0.0.1:20200,blk={
	"blockNumber" : 2173,
	"group" : "group0",
	"nodeName" : "98a7f70ec883a722219d92253cf073a72605f4087aa3443c8e4aadc0af2dc3ac647d0fa1b5ac99cd6987abafe6d690ae71cd5fd2aeeabe7589bfb4748aabdfba"
}
info|2023-07-08 17:27:21.863802|[RPC][BLOCK][NUMBER][fromJson],group=group0,node=2f993327933ad58672518b6d4f63920cbc68b80f78f4d81192552ee6362f5cc81ee13bdc678ad65f06e76444cadb53b33694cfb3fc7679b8000411975fedd28a,blockNumber=2173
info|2023-07-08 17:27:21.863878|[RPCWS][SERVICE][onRecvBlockNotifier]receive block number notifier,group=group0,node=2f993327933ad58672518b6d4f63920cbc68b80f78f4d81192552ee6362f5cc81ee13bdc678ad65f06e76444cadb53b33694cfb3fc7679b8000411975fedd28a,blockNumber=2173
info|2023-07-08 17:27:21.863887|[WS]receive block notify,endpoint=127.0.0.1:20201,blk={
	"blockNumber" : 2173,
	"group" : "group0",
	"nodeName" : "2f993327933ad58672518b6d4f63920cbc68b80f78f4d81192552ee6362f5cc81ee13bdc678ad65f06e76444cadb53b33694cfb3fc7679b8000411975fedd28a"
}
info|2023-07-08 17:27:22.414993|[RPC][BLOCK][NUMBER][fromJson],group=group0,node=98a7f70ec883a722219d92253cf073a72605f4087aa3443c8e4aadc0af2dc3ac647d0fa1b5ac99cd6987abafe6d690ae71cd5fd2aeeabe7589bfb4748aabdfba,blockNumber=2174
info|2023-07-08 17:27:22.415015|[RPCWS][SERVICE][onRecvBlockNotifier]receive block number notifier,group=group0,node=98a7f70ec883a722219d92253cf073a72605f4087aa3443c8e4aadc0af2dc3ac647d0fa1b5ac99cd6987abafe6d690ae71cd5fd2aeeabe7589bfb4748aabdfba,blockNumber=2174
info|2023-07-08 17:27:22.415020|[RPCWS][SERVICE][updateGroupBlockNumber],groupID=group0,_blockNumber=2174
info|2023-07-08 17:27:22.415025|[RPCWS][SERVICE][onRecvBlockNotifier]block notifier callback,group=group0,node=98a7f70ec883a722219d92253cf073a72605f4087aa3443c8e4aadc0af2dc3ac647d0fa1b5ac99cd6987abafe6d690ae71cd5fd2aeeabe7589bfb4748aabdfba,blockNumber=2174
info|2023-07-08 17:27:22.415028|[WS]receive block notify,endpoint=127.0.0.1:20200,blk={
	"blockNumber" : 2174,
	"group" : "group0",
	"nodeName" : "98a7f70ec883a722219d92253cf073a72605f4087aa3443c8e4aadc0af2dc3ac647d0fa1b5ac99cd6987abafe6d690ae71cd5fd2aeeabe7589bfb4748aabdfba"
}
info|2023-07-08 17:27:22.482938|[RPC][BLOCK][NUMBER][fromJson],group=group0,node=2f993327933ad58672518b6d4f63920cbc68b80f78f4d81192552ee6362f5cc81ee13bdc678ad65f06e76444cadb53b33694cfb3fc7679b8000411975fedd28a,blockNumber=2174
info|2023-07-08 17:27:22.482963|[RPCWS][SERVICE][onRecvBlockNotifier]receive block number notifier,group=group0,node=2f993327933ad58672518b6d4f63920cbc68b80f78f4d81192552ee6362f5cc81ee13bdc678ad65f06e76444cadb53b33694cfb3fc7679b8000411975fedd28a,blockNumber=2174
info|2023-07-08 17:27:22.482970|[WS]receive block notify,endpoint=127.0.0.1:20201,blk={
	"blockNumber" : 2174,
	"group" : "group0",
	"nodeName" : "2f993327933ad58672518b6d4f63920cbc68b80f78f4d81192552ee6362f5cc81ee13bdc678ad65f06e76444cadb53b33694cfb3fc7679b8000411975fedd28a"
}
info|2023-07-08 17:27:29.497662|[EVENT][SUB][doLoop]event sub tasks report,working event sub count=0,suspend event sub count=0
info|2023-07-08 17:27:29.964823|[SDK][WS][SERVICE]connected nodes,count=2
info|2023-07-08 17:27:49.497920|[EVENT][SUB][doLoop]event sub tasks report,working event sub count=0,suspend event sub count=0
info|2023-07-08 17:27:49.965501|[SDK][WS][SERVICE]connected nodes,count=2
info|2023-07-08 17:28:09.498508|[EVENT][SUB][doLoop]event sub tasks report,working event sub count=0,suspend event sub count=0
info|2023-07-08 17:28:09.965667|[SDK][WS][SERVICE]connected nodes,count=2
info|2023-07-08 17:28:29.498676|[EVENT][SUB][doLoop]event sub tasks report,working event sub count=0,suspend event sub count=0
info|2023-07-08 17:28:29.966063|[SDK][WS][SERVICE]connected nodes,count=2
info|2023-07-08 17:28:49.498887|[EVENT][SUB][doLoop]event sub tasks report,working event sub count=0,suspend event sub count=0
info|2023-07-08 17:28:49.966362|[SDK][WS][SERVICE]connected nodes,count=2
info|2023-07-08 17:29:09.499404|[EVENT][SUB][doLoop]event sub tasks report,working event sub count=0,suspend event sub count=0
info|2023-07-08 17:29:09.966678|[SDK][WS][SERVICE]connected nodes,count=2
info|2023-07-08 17:29:29.499469|[EVENT][SUB][doLoop]event sub tasks report,working event sub count=0,suspend event sub count=0
info|2023-07-08 17:29:29.967167|[SDK][WS][SERVICE]connected nodes,count=2
info|2023-07-08 17:29:49.499821|[EVENT][SUB][doLoop]event sub tasks report,working event sub count=0,suspend event sub count=0
info|2023-07-08 17:29:49.967438|[SDK][WS][SERVICE]connected nodes,count=2
info|2023-07-08 17:30:09.500033|[EVENT][SUB][doLoop]event sub tasks report,working event sub count=0,suspend event sub count=0
info|2023-07-08 17:30:09.968034|[SDK][WS][SERVICE]connected nodes,count=2
info|2023-07-08 17:30:29.500567|[EVENT][SUB][doLoop]event sub tasks report,working event sub count=0,suspend event sub count=0
info|2023-07-08 17:30:29.968443|[SDK][WS][SERVICE]connected nodes,count=2
info|2023-07-08 17:30:49.500619|[EVENT][SUB][doLoop]event sub tasks report,working event sub count=0,suspend event sub count=0
info|2023-07-08 17:30:49.968964|[SDK][WS][SERVICE]connected nodes,count=2
info|2023-07-08 17:31:09.501048|[EVENT][SUB][doLoop]event sub tasks report,working event sub count=0,suspend event sub count=0
info|2023-07-08 17:31:09.969130|[SDK][WS][SERVICE]connected nodes,count=2
info|2023-07-08 17:31:29.501466|[EVENT][SUB][doLoop]event sub tasks report,working event sub count=0,suspend event sub count=0
info|2023-07-08 17:31:29.969477|[SDK][WS][SERVICE]connected nodes,count=2
info|2023-07-08 17:31:49.502114|[EVENT][SUB][doLoop]event sub tasks report,working event sub count=0,suspend event sub count=0
info|2023-07-08 17:31:49.970274|[SDK][WS][SERVICE]connected nodes,count=2
info|2023-07-08 17:32:09.502800|[EVENT][SUB][doLoop]event sub tasks report,working event sub count=0,suspend event sub count=0
info|2023-07-08 17:32:09.970569|[SDK][WS][SERVICE]connected nodes,count=2
info|2023-07-08 17:32:29.502919|[EVENT][SUB][doLoop]event sub tasks report,working event sub count=0,suspend event sub count=0
info|2023-07-08 17:32:29.971161|[SDK][WS][SERVICE]connected nodes,count=2
info|2023-07-08 17:32:49.503400|[EVENT][SUB][doLoop]event sub tasks report,working event sub count=0,suspend event sub count=0
info|2023-07-08 17:32:49.971425|[SDK][WS][SERVICE]connected nodes,count=2
info|2023-07-08 17:33:09.503563|[EVENT][SUB][doLoop]event sub tasks report,working event sub count=0,suspend event sub count=0
info|2023-07-08 17:33:09.971832|[SDK][WS][SERVICE]connected nodes,count=2
info|2023-07-08 17:33:29.503961|[EVENT][SUB][doLoop]event sub tasks report,working event sub count=0,suspend event sub count=0
info|2023-07-08 17:33:29.972165|[SDK][WS][SERVICE]connected nodes,count=2
info|2023-07-08 17:33:49.504206|[EVENT][SUB][doLoop]event sub tasks report,working event sub count=0,suspend event sub count=0
info|2023-07-08 17:33:49.972557|[SDK][WS][SERVICE]connected nodes,count=2
info|2023-07-08 17:34:09.504621|[EVENT][SUB][doLoop]event sub tasks report,working event sub count=0,suspend event sub count=0
info|2023-07-08 17:34:09.973212|[SDK][WS][SERVICE]connected nodes,count=2
info|2023-07-08 17:34:29.505226|[EVENT][SUB][doLoop]event sub tasks report,working event sub count=0,suspend event sub count=0
info|2023-07-08 17:34:29.973855|[SDK][WS][SERVICE]connected nodes,count=2
info|2023-07-08 17:34:49.505426|[EVENT][SUB][doLoop]event sub tasks report,working event sub count=0,suspend event sub count=0
info|2023-07-08 17:34:49.974088|[SDK][WS][SERVICE]connected nodes,count=2
info|2023-07-08 17:35:09.505601|[EVENT][SUB][doLoop]event sub tasks report,working event sub count=0,suspend event sub count=0
info|2023-07-08 17:35:09.974261|[SDK][WS][SERVICE]connected nodes,count=2
info|2023-07-08 17:35:29.505690|[EVENT][SUB][doLoop]event sub tasks report,working event sub count=0,suspend event sub count=0
info|2023-07-08 17:35:29.974390|[SDK][WS][SERVICE]connected nodes,count=2
info|2023-07-08 17:35:49.505871|[EVENT][SUB][doLoop]event sub tasks report,working event sub count=0,suspend event sub count=0
info|2023-07-08 17:35:49.974562|[SDK][WS][SERVICE]connected nodes,count=2
info|2023-07-08 17:36:09.506402|[EVENT][SUB][doLoop]event sub tasks report,working event sub count=0,suspend event sub count=0
info|2023-07-08 17:36:09.974796|[SDK][WS][SERVICE]connected nodes,count=2
info|2023-07-08 17:36:29.507151|[EVENT][SUB][doLoop]event sub tasks report,working event sub count=0,suspend event sub count=0
info|2023-07-08 17:36:29.975051|[SDK][WS][SERVICE]connected nodes,count=2
info|2023-07-08 17:36:49.507563|[EVENT][SUB][doLoop]event sub tasks report,working event sub count=0,suspend event sub count=0
info|2023-07-08 17:36:49.975261|[SDK][WS][SERVICE]connected nodes,count=2
info|2023-07-08 17:37:09.534486|[EVENT][SUB][doLoop]event sub tasks report,working event sub count=0,suspend event sub count=0
info|2023-07-08 17:37:09.975505|[SDK][WS][SERVICE]connected nodes,count=2
info|2023-07-08 17:37:29.534663|[EVENT][SUB][doLoop]event sub tasks report,working event sub count=0,suspend event sub count=0
info|2023-07-08 17:37:29.976258|[SDK][WS][SERVICE]connected nodes,count=2
info|2023-07-08 17:37:49.535037|[EVENT][SUB][doLoop]event sub tasks report,working event sub count=0,suspend event sub count=0
info|2023-07-08 17:37:49.976637|[SDK][WS][SERVICE]connected nodes,count=2
info|2023-07-08 17:38:09.535157|[EVENT][SUB][doLoop]event sub tasks report,working event sub count=0,suspend event sub count=0
info|2023-07-08 17:38:09.977186|[SDK][WS][SERVICE]connected nodes,count=2
info|2023-07-08 17:38:29.535708|[EVENT][SUB][doLoop]event sub tasks report,working event sub count=0,suspend event sub count=0
info|2023-07-08 17:38:29.977443|[SDK][WS][SERVICE]connected nodes,count=2
info|2023-07-08 17:38:49.535930|[EVENT][SUB][doLoop]event sub tasks report,working event sub count=0,suspend event sub count=0
info|2023-07-08 17:38:49.978107|[SDK][WS][SERVICE]connected nodes,count=2
info|2023-07-08 17:39:09.536501|[EVENT][SUB][doLoop]event sub tasks report,working event sub count=0,suspend event sub count=0
info|2023-07-08 17:39:09.978699|[SDK][WS][SERVICE]connected nodes,count=2
info|2023-07-08 17:39:29.536734|[EVENT][SUB][doLoop]event sub tasks report,working event sub count=0,suspend event sub count=0
info|2023-07-08 17:39:29.979210|[SDK][WS][SERVICE]connected nodes,count=2
info|2023-07-08 17:39:49.537151|[EVENT][SUB][doLoop]event sub tasks report,working event sub count=0,suspend event sub count=0
info|2023-07-08 17:39:49.980090|[SDK][WS][SERVICE]connected nodes,count=2
info|2023-07-08 17:40:09.537411|[EVENT][SUB][doLoop]event sub tasks report,working event sub count=0,suspend event sub count=0
info|2023-07-08 17:40:09.980366|[SDK][WS][SERVICE]connected nodes,count=2
info|2023-07-08 17:40:29.538204|[EVENT][SUB][doLoop]event sub tasks report,working event sub count=0,suspend event sub count=0
info|2023-07-08 17:40:29.980815|[SDK][WS][SERVICE]connected nodes,count=2
info|2023-07-08 17:40:49.538365|[EVENT][SUB][doLoop]event sub tasks report,working event sub count=0,suspend event sub count=0
info|2023-07-08 17:40:49.981082|[SDK][WS][SERVICE]connected nodes,count=2
info|2023-07-08 17:41:09.538711|[EVENT][SUB][doLoop]event sub tasks report,working event sub count=0,suspend event sub count=0
info|2023-07-08 17:41:09.981817|[SDK][WS][SERVICE]connected nodes,count=2
info|2023-07-08 17:41:29.538888|[EVENT][SUB][doLoop]event sub tasks report,working event sub count=0,suspend event sub count=0
info|2023-07-08 17:41:29.981939|[SDK][WS][SERVICE]connected nodes,count=2
info|2023-07-08 17:41:49.539143|[EVENT][SUB][doLoop]event sub tasks report,working event sub count=0,suspend event sub count=0
info|2023-07-08 17:41:49.982075|[SDK][WS][SERVICE]connected nodes,count=2
info|2023-07-08 17:42:09.539206|[EVENT][SUB][doLoop]event sub tasks report,working event sub count=0,suspend event sub count=0
info|2023-07-08 17:42:09.982274|[SDK][WS][SERVICE]connected nodes,count=2
info|2023-07-08 17:42:29.539941|[EVENT][SUB][doLoop]event sub tasks report,working event sub count=0,suspend event sub count=0
info|2023-07-08 17:42:29.982799|[SDK][WS][SERVICE]connected nodes,count=2
info|2023-07-08 17:42:49.540164|[EVENT][SUB][doLoop]event sub tasks report,working event sub count=0,suspend event sub count=0
info|2023-07-08 17:42:49.983198|[SDK][WS][SERVICE]connected nodes,count=2
info|2023-07-08 17:43:09.540246|[EVENT][SUB][doLoop]event sub tasks report,working event sub count=0,suspend event sub count=0
info|2023-07-08 17:43:09.983466|[SDK][WS][SERVICE]connected nodes,count=2
info|2023-07-08 17:43:29.540338|[EVENT][SUB][doLoop]event sub tasks report,working event sub count=0,suspend event sub count=0
info|2023-07-08 17:43:29.983638|[SDK][WS][SERVICE]connected nodes,count=2
info|2023-07-08 17:43:49.540402|[EVENT][SUB][doLoop]event sub tasks report,working event sub count=0,suspend event sub count=0
info|2023-07-08 17:43:49.983896|[SDK][WS][SERVICE]connected nodes,count=2
info|2023-07-08 17:44:09.540840|[EVENT][SUB][doLoop]event sub tasks report,working event sub count=0,suspend event sub count=0
info|2023-07-08 17:44:09.984200|[SDK][WS][SERVICE]connected nodes,count=2
info|2023-07-08 17:44:29.541273|[EVENT][SUB][doLoop]event sub tasks report,working event sub count=0,suspend event sub count=0
info|2023-07-08 17:44:29.984773|[SDK][WS][SERVICE]connected nodes,count=2
info|2023-07-08 17:44:49.541627|[EVENT][SUB][doLoop]event sub tasks report,working event sub count=0,suspend event sub count=0
info|2023-07-08 17:44:49.985019|[SDK][WS][SERVICE]connected nodes,count=2
info|2023-07-08 17:45:09.541735|[EVENT][SUB][doLoop]event sub tasks report,working event sub count=0,suspend event sub count=0
info|2023-07-08 17:45:09.985541|[SDK][WS][SERVICE]connected nodes,count=2
info|2023-07-08 17:45:29.542147|[EVENT][SUB][doLoop]event sub tasks report,working event sub count=0,suspend event sub count=0
info|2023-07-08 17:45:29.985656|[SDK][WS][SERVICE]connected nodes,count=2
info|2023-07-08 17:45:49.542280|[EVENT][SUB][doLoop]event sub tasks report,working event sub count=0,suspend event sub count=0
info|2023-07-08 17:45:49.985956|[SDK][WS][SERVICE]connected nodes,count=2
info|2023-07-08 17:46:09.542951|[EVENT][SUB][doLoop]event sub tasks report,working event sub count=0,suspend event sub count=0
info|2023-07-08 17:46:09.986327|[SDK][WS][SERVICE]connected nodes,count=2
info|2023-07-08 17:46:29.543399|[EVENT][SUB][doLoop]event sub tasks report,working event sub count=0,suspend event sub count=0
info|2023-07-08 17:46:29.986743|[SDK][WS][SERVICE]connected nodes,count=2
info|2023-07-08 17:46:49.543624|[EVENT][SUB][doLoop]event sub tasks report,working event sub count=0,suspend event sub count=0
info|2023-07-08 17:46:49.987104|[SDK][WS][SERVICE]connected nodes,count=2
info|2023-07-08 17:47:09.543940|[EVENT][SUB][doLoop]event sub tasks report,working event sub count=0,suspend event sub count=0
info|2023-07-08 17:47:09.987823|[SDK][WS][SERVICE]connected nodes,count=2
info|2023-07-08 17:47:29.544216|[EVENT][SUB][doLoop]event sub tasks report,working event sub count=0,suspend event sub count=0
info|2023-07-08 17:47:29.988494|[SDK][WS][SERVICE]connected nodes,count=2
info|2023-07-08 17:47:49.544604|[EVENT][SUB][doLoop]event sub tasks report,working event sub count=0,suspend event sub count=0
info|2023-07-08 17:47:49.990889|[SDK][WS][SERVICE]connected nodes,count=2
info|2023-07-08 17:48:09.544806|[EVENT][SUB][doLoop]event sub tasks report,working event sub count=0,suspend event sub count=0
info|2023-07-08 17:48:09.991125|[SDK][WS][SERVICE]connected nodes,count=2
info|2023-07-08 17:48:29.544938|[EVENT][SUB][doLoop]event sub tasks report,working event sub count=0,suspend event sub count=0
info|2023-07-08 17:48:29.991494|[SDK][WS][SERVICE]connected nodes,count=2
info|2023-07-08 17:48:49.545599|[EVENT][SUB][doLoop]event sub tasks report,working event sub count=0,suspend event sub count=0
info|2023-07-08 17:48:49.991792|[SDK][WS][SERVICE]connected nodes,count=2
info|2023-07-08 17:49:09.545778|[EVENT][SUB][doLoop]event sub tasks report,working event sub count=0,suspend event sub count=0
info|2023-07-08 17:49:09.992183|[SDK][WS][SERVICE]connected nodes,count=2
info|2023-07-08 17:49:29.546032|[EVENT][SUB][doLoop]event sub tasks report,working event sub count=0,suspend event sub count=0
info|2023-07-08 17:49:29.992758|[SDK][WS][SERVICE]connected nodes,count=2
info|2023-07-08 17:49:49.546221|[EVENT][SUB][doLoop]event sub tasks report,working event sub count=0,suspend event sub count=0
info|2023-07-08 17:49:49.993397|[SDK][WS][SERVICE]connected nodes,count=2
info|2023-07-08 17:50:09.546442|[EVENT][SUB][doLoop]event sub tasks report,working event sub count=0,suspend event sub count=0
info|2023-07-08 17:50:09.993598|[SDK][WS][SERVICE]connected nodes,count=2
info|2023-07-08 17:50:29.546930|[EVENT][SUB][doLoop]event sub tasks report,working event sub count=0,suspend event sub count=0
info|2023-07-08 17:50:29.994110|[SDK][WS][SERVICE]connected nodes,count=2
info|2023-07-08 17:50:49.547316|[EVENT][SUB][doLoop]event sub tasks report,working event sub count=0,suspend event sub count=0
info|2023-07-08 17:50:49.994356|[SDK][WS][SERVICE]connected nodes,count=2
info|2023-07-08 17:51:09.547409|[EVENT][SUB][doLoop]event sub tasks report,working event sub count=0,suspend event sub count=0
info|2023-07-08 17:51:09.994863|[SDK][WS][SERVICE]connected nodes,count=2
info|2023-07-08 17:51:29.547756|[EVENT][SUB][doLoop]event sub tasks report,working event sub count=0,suspend event sub count=0
info|2023-07-08 17:51:29.995706|[SDK][WS][SERVICE]connected nodes,count=2
info|2023-07-08 17:51:49.548019|[EVENT][SUB][doLoop]event sub tasks report,working event sub count=0,suspend event sub count=0
info|2023-07-08 17:51:49.995862|[SDK][WS][SERVICE]connected nodes,count=2
info|2023-07-08 17:52:09.548164|[EVENT][SUB][doLoop]event sub tasks report,working event sub count=0,suspend event sub count=0
info|2023-07-08 17:52:09.996763|[SDK][WS][SERVICE]connected nodes,count=2
info|2023-07-08 17:52:29.548328|[EVENT][SUB][doLoop]event sub tasks report,working event sub count=0,suspend event sub count=0
info|2023-07-08 17:52:29.996969|[SDK][WS][SERVICE]connected nodes,count=2
info|2023-07-08 17:52:49.548568|[EVENT][SUB][doLoop]event sub tasks report,working event sub count=0,suspend event sub count=0
info|2023-07-08 17:52:49.997445|[SDK][WS][SERVICE]connected nodes,count=2
info|2023-07-08 17:53:09.549174|[EVENT][SUB][doLoop]event sub tasks report,working event sub count=0,suspend event sub count=0
info|2023-07-08 17:53:09.997999|[SDK][WS][SERVICE]connected nodes,count=2
info|2023-07-08 17:53:29.549877|[EVENT][SUB][doLoop]event sub tasks report,working event sub count=0,suspend event sub count=0
info|2023-07-08 17:53:29.998408|[SDK][WS][SERVICE]connected nodes,count=2
info|2023-07-08 17:53:49.550010|[EVENT][SUB][doLoop]event sub tasks report,working event sub count=0,suspend event sub count=0
info|2023-07-08 17:53:49.998780|[SDK][WS][SERVICE]connected nodes,count=2
info|2023-07-08 17:54:09.550641|[EVENT][SUB][doLoop]event sub tasks report,working event sub count=0,suspend event sub count=0
info|2023-07-08 17:54:09.999140|[SDK][WS][SERVICE]connected nodes,count=2
info|2023-07-08 17:54:29.550906|[EVENT][SUB][doLoop]event sub tasks report,working event sub count=0,suspend event sub count=0
info|2023-07-08 17:54:29.999644|[SDK][WS][SERVICE]connected nodes,count=2
info|2023-07-08 17:54:49.551316|[EVENT][SUB][doLoop]event sub tasks report,working event sub count=0,suspend event sub count=0
info|2023-07-08 17:54:50.000321|[SDK][WS][SERVICE]connected nodes,count=2
info|2023-07-08 17:55:09.551633|[EVENT][SUB][doLoop]event sub tasks report,working event sub count=0,suspend event sub count=0
info|2023-07-08 17:55:10.000472|[SDK][WS][SERVICE]connected nodes,count=2
info|2023-07-08 17:55:29.552123|[EVENT][SUB][doLoop]event sub tasks report,working event sub count=0,suspend event sub count=0
info|2023-07-08 17:55:30.000963|[SDK][WS][SERVICE]connected nodes,count=2
info|2023-07-08 17:55:49.552171|[EVENT][SUB][doLoop]event sub tasks report,working event sub count=0,suspend event sub count=0
info|2023-07-08 17:55:50.001363|[SDK][WS][SERVICE]connected nodes,count=2
info|2023-07-08 17:56:09.552770|[EVENT][SUB][doLoop]event sub tasks report,working event sub count=0,suspend event sub count=0
info|2023-07-08 17:56:10.001492|[SDK][WS][SERVICE]connected nodes,count=2
info|2023-07-08 17:56:29.553273|[EVENT][SUB][doLoop]event sub tasks report,working event sub count=0,suspend event sub count=0
info|2023-07-08 17:56:30.002351|[SDK][WS][SERVICE]connected nodes,count=2
info|2023-07-08 17:56:49.553393|[EVENT][SUB][doLoop]event sub tasks report,working event sub count=0,suspend event sub count=0
info|2023-07-08 17:56:50.002780|[SDK][WS][SERVICE]connected nodes,count=2
info|2023-07-08 17:57:09.553823|[EVENT][SUB][doLoop]event sub tasks report,working event sub count=0,suspend event sub count=0
info|2023-07-08 17:57:10.003495|[SDK][WS][SERVICE]connected nodes,count=2
info|2023-07-08 17:57:13.912462|[RPC][BLOCK][NUMBER][fromJson],group=group0,node=98a7f70ec883a722219d92253cf073a72605f4087aa3443c8e4aadc0af2dc3ac647d0fa1b5ac99cd6987abafe6d690ae71cd5fd2aeeabe7589bfb4748aabdfba,blockNumber=2175
info|2023-07-08 17:57:13.912484|[RPCWS][SERVICE][onRecvBlockNotifier]receive block number notifier,group=group0,node=98a7f70ec883a722219d92253cf073a72605f4087aa3443c8e4aadc0af2dc3ac647d0fa1b5ac99cd6987abafe6d690ae71cd5fd2aeeabe7589bfb4748aabdfba,blockNumber=2175
info|2023-07-08 17:57:13.912491|[RPCWS][SERVICE][updateGroupBlockNumber],groupID=group0,_blockNumber=2175
info|2023-07-08 17:57:13.912495|[RPCWS][SERVICE][onRecvBlockNotifier]block notifier callback,group=group0,node=98a7f70ec883a722219d92253cf073a72605f4087aa3443c8e4aadc0af2dc3ac647d0fa1b5ac99cd6987abafe6d690ae71cd5fd2aeeabe7589bfb4748aabdfba,blockNumber=2175
info|2023-07-08 17:57:13.912498|[WS]receive block notify,endpoint=127.0.0.1:20200,blk={
	"blockNumber" : 2175,
	"group" : "group0",
	"nodeName" : "98a7f70ec883a722219d92253cf073a72605f4087aa3443c8e4aadc0af2dc3ac647d0fa1b5ac99cd6987abafe6d690ae71cd5fd2aeeabe7589bfb4748aabdfba"
}
info|2023-07-08 17:57:13.972504|[RPC][BLOCK][NUMBER][fromJson],group=group0,node=2f993327933ad58672518b6d4f63920cbc68b80f78f4d81192552ee6362f5cc81ee13bdc678ad65f06e76444cadb53b33694cfb3fc7679b8000411975fedd28a,blockNumber=2175
info|2023-07-08 17:57:13.972561|[RPCWS][SERVICE][onRecvBlockNotifier]receive block number notifier,group=group0,node=2f993327933ad58672518b6d4f63920cbc68b80f78f4d81192552ee6362f5cc81ee13bdc678ad65f06e76444cadb53b33694cfb3fc7679b8000411975fedd28a,blockNumber=2175
info|2023-07-08 17:57:13.972580|[WS]receive block notify,endpoint=127.0.0.1:20201,blk={
	"blockNumber" : 2175,
	"group" : "group0",
	"nodeName" : "2f993327933ad58672518b6d4f63920cbc68b80f78f4d81192552ee6362f5cc81ee13bdc678ad65f06e76444cadb53b33694cfb3fc7679b8000411975fedd28a"
}
info|2023-07-08 17:57:14.519907|[RPC][BLOCK][NUMBER][fromJson],group=group0,node=98a7f70ec883a722219d92253cf073a72605f4087aa3443c8e4aadc0af2dc3ac647d0fa1b5ac99cd6987abafe6d690ae71cd5fd2aeeabe7589bfb4748aabdfba,blockNumber=2176
info|2023-07-08 17:57:14.519935|[RPCWS][SERVICE][onRecvBlockNotifier]receive block number notifier,group=group0,node=98a7f70ec883a722219d92253cf073a72605f4087aa3443c8e4aadc0af2dc3ac647d0fa1b5ac99cd6987abafe6d690ae71cd5fd2aeeabe7589bfb4748aabdfba,blockNumber=2176
info|2023-07-08 17:57:14.519941|[RPCWS][SERVICE][updateGroupBlockNumber],groupID=group0,_blockNumber=2176
info|2023-07-08 17:57:14.519946|[RPCWS][SERVICE][onRecvBlockNotifier]block notifier callback,group=group0,node=98a7f70ec883a722219d92253cf073a72605f4087aa3443c8e4aadc0af2dc3ac647d0fa1b5ac99cd6987abafe6d690ae71cd5fd2aeeabe7589bfb4748aabdfba,blockNumber=2176
info|2023-07-08 17:57:14.519952|[WS]receive block notify,endpoint=127.0.0.1:20200,blk={
	"blockNumber" : 2176,
	"group" : "group0",
	"nodeName" : "98a7f70ec883a722219d92253cf073a72605f4087aa3443c8e4aadc0af2dc3ac647d0fa1b5ac99cd6987abafe6d690ae71cd5fd2aeeabe7589bfb4748aabdfba"
}
info|2023-07-08 17:57:14.524076|[RPC][BLOCK][NUMBER][fromJson],group=group0,node=2f993327933ad58672518b6d4f63920cbc68b80f78f4d81192552ee6362f5cc81ee13bdc678ad65f06e76444cadb53b33694cfb3fc7679b8000411975fedd28a,blockNumber=2176
info|2023-07-08 17:57:14.524118|[RPCWS][SERVICE][onRecvBlockNotifier]receive block number notifier,group=group0,node=2f993327933ad58672518b6d4f63920cbc68b80f78f4d81192552ee6362f5cc81ee13bdc678ad65f06e76444cadb53b33694cfb3fc7679b8000411975fedd28a,blockNumber=2176
info|2023-07-08 17:57:14.524129|[WS]receive block notify,endpoint=127.0.0.1:20201,blk={
	"blockNumber" : 2176,
	"group" : "group0",
	"nodeName" : "2f993327933ad58672518b6d4f63920cbc68b80f78f4d81192552ee6362f5cc81ee13bdc678ad65f06e76444cadb53b33694cfb3fc7679b8000411975fedd28a"
}
info|2023-07-08 17:57:15.043650|[RPC][BLOCK][NUMBER][fromJson],group=group0,node=98a7f70ec883a722219d92253cf073a72605f4087aa3443c8e4aadc0af2dc3ac647d0fa1b5ac99cd6987abafe6d690ae71cd5fd2aeeabe7589bfb4748aabdfba,blockNumber=2177
info|2023-07-08 17:57:15.043697|[RPCWS][SERVICE][onRecvBlockNotifier]receive block number notifier,group=group0,node=98a7f70ec883a722219d92253cf073a72605f4087aa3443c8e4aadc0af2dc3ac647d0fa1b5ac99cd6987abafe6d690ae71cd5fd2aeeabe7589bfb4748aabdfba,blockNumber=2177
info|2023-07-08 17:57:15.043735|[RPCWS][SERVICE][updateGroupBlockNumber],groupID=group0,_blockNumber=2177
info|2023-07-08 17:57:15.043742|[RPCWS][SERVICE][onRecvBlockNotifier]block notifier callback,group=group0,node=98a7f70ec883a722219d92253cf073a72605f4087aa3443c8e4aadc0af2dc3ac647d0fa1b5ac99cd6987abafe6d690ae71cd5fd2aeeabe7589bfb4748aabdfba,blockNumber=2177
info|2023-07-08 17:57:15.043748|[WS]receive block notify,endpoint=127.0.0.1:20200,blk={
	"blockNumber" : 2177,
	"group" : "group0",
	"nodeName" : "98a7f70ec883a722219d92253cf073a72605f4087aa3443c8e4aadc0af2dc3ac647d0fa1b5ac99cd6987abafe6d690ae71cd5fd2aeeabe7589bfb4748aabdfba"
}
info|2023-07-08 17:57:15.093220|[RPC][BLOCK][NUMBER][fromJson],group=group0,node=2f993327933ad58672518b6d4f63920cbc68b80f78f4d81192552ee6362f5cc81ee13bdc678ad65f06e76444cadb53b33694cfb3fc7679b8000411975fedd28a,blockNumber=2177
info|2023-07-08 17:57:15.093279|[RPCWS][SERVICE][onRecvBlockNotifier]receive block number notifier,group=group0,node=2f993327933ad58672518b6d4f63920cbc68b80f78f4d81192552ee6362f5cc81ee13bdc678ad65f06e76444cadb53b33694cfb3fc7679b8000411975fedd28a,blockNumber=2177
info|2023-07-08 17:57:15.093299|[WS]receive block notify,endpoint=127.0.0.1:20201,blk={
	"blockNumber" : 2177,
	"group" : "group0",
	"nodeName" : "2f993327933ad58672518b6d4f63920cbc68b80f78f4d81192552ee6362f5cc81ee13bdc678ad65f06e76444cadb53b33694cfb3fc7679b8000411975fedd28a"
}
info|2023-07-08 17:57:15.659105|[RPC][BLOCK][NUMBER][fromJson],group=group0,node=98a7f70ec883a722219d92253cf073a72605f4087aa3443c8e4aadc0af2dc3ac647d0fa1b5ac99cd6987abafe6d690ae71cd5fd2aeeabe7589bfb4748aabdfba,blockNumber=2178
info|2023-07-08 17:57:15.659134|[RPCWS][SERVICE][onRecvBlockNotifier]receive block number notifier,group=group0,node=98a7f70ec883a722219d92253cf073a72605f4087aa3443c8e4aadc0af2dc3ac647d0fa1b5ac99cd6987abafe6d690ae71cd5fd2aeeabe7589bfb4748aabdfba,blockNumber=2178
info|2023-07-08 17:57:15.659142|[RPCWS][SERVICE][updateGroupBlockNumber],groupID=group0,_blockNumber=2178
info|2023-07-08 17:57:15.659148|[RPCWS][SERVICE][onRecvBlockNotifier]block notifier callback,group=group0,node=98a7f70ec883a722219d92253cf073a72605f4087aa3443c8e4aadc0af2dc3ac647d0fa1b5ac99cd6987abafe6d690ae71cd5fd2aeeabe7589bfb4748aabdfba,blockNumber=2178
info|2023-07-08 17:57:15.659154|[WS]receive block notify,endpoint=127.0.0.1:20200,blk={
	"blockNumber" : 2178,
	"group" : "group0",
	"nodeName" : "98a7f70ec883a722219d92253cf073a72605f4087aa3443c8e4aadc0af2dc3ac647d0fa1b5ac99cd6987abafe6d690ae71cd5fd2aeeabe7589bfb4748aabdfba"
}
info|2023-07-08 17:57:15.742564|[RPC][BLOCK][NUMBER][fromJson],group=group0,node=2f993327933ad58672518b6d4f63920cbc68b80f78f4d81192552ee6362f5cc81ee13bdc678ad65f06e76444cadb53b33694cfb3fc7679b8000411975fedd28a,blockNumber=2178
info|2023-07-08 17:57:15.742618|[RPCWS][SERVICE][onRecvBlockNotifier]receive block number notifier,group=group0,node=2f993327933ad58672518b6d4f63920cbc68b80f78f4d81192552ee6362f5cc81ee13bdc678ad65f06e76444cadb53b33694cfb3fc7679b8000411975fedd28a,blockNumber=2178
info|2023-07-08 17:57:15.742636|[WS]receive block notify,endpoint=127.0.0.1:20201,blk={
	"blockNumber" : 2178,
	"group" : "group0",
	"nodeName" : "2f993327933ad58672518b6d4f63920cbc68b80f78f4d81192552ee6362f5cc81ee13bdc678ad65f06e76444cadb53b33694cfb3fc7679b8000411975fedd28a"
}
info|2023-07-08 17:57:16.234824|[RPC][BLOCK][NUMBER][fromJson],group=group0,node=98a7f70ec883a722219d92253cf073a72605f4087aa3443c8e4aadc0af2dc3ac647d0fa1b5ac99cd6987abafe6d690ae71cd5fd2aeeabe7589bfb4748aabdfba,blockNumber=2179
info|2023-07-08 17:57:16.234924|[RPCWS][SERVICE][onRecvBlockNotifier]receive block number notifier,group=group0,node=98a7f70ec883a722219d92253cf073a72605f4087aa3443c8e4aadc0af2dc3ac647d0fa1b5ac99cd6987abafe6d690ae71cd5fd2aeeabe7589bfb4748aabdfba,blockNumber=2179
info|2023-07-08 17:57:16.234936|[RPCWS][SERVICE][updateGroupBlockNumber],groupID=group0,_blockNumber=2179
info|2023-07-08 17:57:16.234942|[RPCWS][SERVICE][onRecvBlockNotifier]block notifier callback,group=group0,node=98a7f70ec883a722219d92253cf073a72605f4087aa3443c8e4aadc0af2dc3ac647d0fa1b5ac99cd6987abafe6d690ae71cd5fd2aeeabe7589bfb4748aabdfba,blockNumber=2179
info|2023-07-08 17:57:16.234947|[WS]receive block notify,endpoint=127.0.0.1:20200,blk={
	"blockNumber" : 2179,
	"group" : "group0",
	"nodeName" : "98a7f70ec883a722219d92253cf073a72605f4087aa3443c8e4aadc0af2dc3ac647d0fa1b5ac99cd6987abafe6d690ae71cd5fd2aeeabe7589bfb4748aabdfba"
}
info|2023-07-08 17:57:16.247863|[RPC][BLOCK][NUMBER][fromJson],group=group0,node=2f993327933ad58672518b6d4f63920cbc68b80f78f4d81192552ee6362f5cc81ee13bdc678ad65f06e76444cadb53b33694cfb3fc7679b8000411975fedd28a,blockNumber=2179
info|2023-07-08 17:57:16.247886|[RPCWS][SERVICE][onRecvBlockNotifier]receive block number notifier,group=group0,node=2f993327933ad58672518b6d4f63920cbc68b80f78f4d81192552ee6362f5cc81ee13bdc678ad65f06e76444cadb53b33694cfb3fc7679b8000411975fedd28a,blockNumber=2179
info|2023-07-08 17:57:16.247893|[WS]receive block notify,endpoint=127.0.0.1:20201,blk={
	"blockNumber" : 2179,
	"group" : "group0",
	"nodeName" : "2f993327933ad58672518b6d4f63920cbc68b80f78f4d81192552ee6362f5cc81ee13bdc678ad65f06e76444cadb53b33694cfb3fc7679b8000411975fedd28a"
}
info|2023-07-08 17:57:16.825054|[RPC][BLOCK][NUMBER][fromJson],group=group0,node=98a7f70ec883a722219d92253cf073a72605f4087aa3443c8e4aadc0af2dc3ac647d0fa1b5ac99cd6987abafe6d690ae71cd5fd2aeeabe7589bfb4748aabdfba,blockNumber=2180
info|2023-07-08 17:57:16.825086|[RPCWS][SERVICE][onRecvBlockNotifier]receive block number notifier,group=group0,node=98a7f70ec883a722219d92253cf073a72605f4087aa3443c8e4aadc0af2dc3ac647d0fa1b5ac99cd6987abafe6d690ae71cd5fd2aeeabe7589bfb4748aabdfba,blockNumber=2180
info|2023-07-08 17:57:16.825095|[RPCWS][SERVICE][updateGroupBlockNumber],groupID=group0,_blockNumber=2180
info|2023-07-08 17:57:16.825101|[RPCWS][SERVICE][onRecvBlockNotifier]block notifier callback,group=group0,node=98a7f70ec883a722219d92253cf073a72605f4087aa3443c8e4aadc0af2dc3ac647d0fa1b5ac99cd6987abafe6d690ae71cd5fd2aeeabe7589bfb4748aabdfba,blockNumber=2180
info|2023-07-08 17:57:16.825108|[WS]receive block notify,endpoint=127.0.0.1:20200,blk={
	"blockNumber" : 2180,
	"group" : "group0",
	"nodeName" : "98a7f70ec883a722219d92253cf073a72605f4087aa3443c8e4aadc0af2dc3ac647d0fa1b5ac99cd6987abafe6d690ae71cd5fd2aeeabe7589bfb4748aabdfba"
}
info|2023-07-08 17:57:16.840480|[RPC][BLOCK][NUMBER][fromJson],group=group0,node=2f993327933ad58672518b6d4f63920cbc68b80f78f4d81192552ee6362f5cc81ee13bdc678ad65f06e76444cadb53b33694cfb3fc7679b8000411975fedd28a,blockNumber=2180
info|2023-07-08 17:57:16.840506|[RPCWS][SERVICE][onRecvBlockNotifier]receive block number notifier,group=group0,node=2f993327933ad58672518b6d4f63920cbc68b80f78f4d81192552ee6362f5cc81ee13bdc678ad65f06e76444cadb53b33694cfb3fc7679b8000411975fedd28a,blockNumber=2180
info|2023-07-08 17:57:16.840514|[WS]receive block notify,endpoint=127.0.0.1:20201,blk={
	"blockNumber" : 2180,
	"group" : "group0",
	"nodeName" : "2f993327933ad58672518b6d4f63920cbc68b80f78f4d81192552ee6362f5cc81ee13bdc678ad65f06e76444cadb53b33694cfb3fc7679b8000411975fedd28a"
}
info|2023-07-08 17:57:17.339024|[RPC][BLOCK][NUMBER][fromJson],group=group0,node=98a7f70ec883a722219d92253cf073a72605f4087aa3443c8e4aadc0af2dc3ac647d0fa1b5ac99cd6987abafe6d690ae71cd5fd2aeeabe7589bfb4748aabdfba,blockNumber=2181
info|2023-07-08 17:57:17.339053|[RPCWS][SERVICE][onRecvBlockNotifier]receive block number notifier,group=group0,node=98a7f70ec883a722219d92253cf073a72605f4087aa3443c8e4aadc0af2dc3ac647d0fa1b5ac99cd6987abafe6d690ae71cd5fd2aeeabe7589bfb4748aabdfba,blockNumber=2181
info|2023-07-08 17:57:17.339061|[RPCWS][SERVICE][updateGroupBlockNumber],groupID=group0,_blockNumber=2181
info|2023-07-08 17:57:17.339066|[RPCWS][SERVICE][onRecvBlockNotifier]block notifier callback,group=group0,node=98a7f70ec883a722219d92253cf073a72605f4087aa3443c8e4aadc0af2dc3ac647d0fa1b5ac99cd6987abafe6d690ae71cd5fd2aeeabe7589bfb4748aabdfba,blockNumber=2181
info|2023-07-08 17:57:17.339072|[WS]receive block notify,endpoint=127.0.0.1:20200,blk={
	"blockNumber" : 2181,
	"group" : "group0",
	"nodeName" : "98a7f70ec883a722219d92253cf073a72605f4087aa3443c8e4aadc0af2dc3ac647d0fa1b5ac99cd6987abafe6d690ae71cd5fd2aeeabe7589bfb4748aabdfba"
}
info|2023-07-08 17:57:17.408600|[RPC][BLOCK][NUMBER][fromJson],group=group0,node=2f993327933ad58672518b6d4f63920cbc68b80f78f4d81192552ee6362f5cc81ee13bdc678ad65f06e76444cadb53b33694cfb3fc7679b8000411975fedd28a,blockNumber=2181
info|2023-07-08 17:57:17.408656|[RPCWS][SERVICE][onRecvBlockNotifier]receive block number notifier,group=group0,node=2f993327933ad58672518b6d4f63920cbc68b80f78f4d81192552ee6362f5cc81ee13bdc678ad65f06e76444cadb53b33694cfb3fc7679b8000411975fedd28a,blockNumber=2181
info|2023-07-08 17:57:17.408719|[WS]receive block notify,endpoint=127.0.0.1:20201,blk={
	"blockNumber" : 2181,
	"group" : "group0",
	"nodeName" : "2f993327933ad58672518b6d4f63920cbc68b80f78f4d81192552ee6362f5cc81ee13bdc678ad65f06e76444cadb53b33694cfb3fc7679b8000411975fedd28a"
}
info|2023-07-08 17:57:17.973973|[RPC][BLOCK][NUMBER][fromJson],group=group0,node=98a7f70ec883a722219d92253cf073a72605f4087aa3443c8e4aadc0af2dc3ac647d0fa1b5ac99cd6987abafe6d690ae71cd5fd2aeeabe7589bfb4748aabdfba,blockNumber=2182
info|2023-07-08 17:57:17.974005|[RPCWS][SERVICE][onRecvBlockNotifier]receive block number notifier,group=group0,node=98a7f70ec883a722219d92253cf073a72605f4087aa3443c8e4aadc0af2dc3ac647d0fa1b5ac99cd6987abafe6d690ae71cd5fd2aeeabe7589bfb4748aabdfba,blockNumber=2182
info|2023-07-08 17:57:17.974013|[RPCWS][SERVICE][updateGroupBlockNumber],groupID=group0,_blockNumber=2182
info|2023-07-08 17:57:17.974020|[RPCWS][SERVICE][onRecvBlockNotifier]block notifier callback,group=group0,node=98a7f70ec883a722219d92253cf073a72605f4087aa3443c8e4aadc0af2dc3ac647d0fa1b5ac99cd6987abafe6d690ae71cd5fd2aeeabe7589bfb4748aabdfba,blockNumber=2182
info|2023-07-08 17:57:17.974027|[WS]receive block notify,endpoint=127.0.0.1:20200,blk={
	"blockNumber" : 2182,
	"group" : "group0",
	"nodeName" : "98a7f70ec883a722219d92253cf073a72605f4087aa3443c8e4aadc0af2dc3ac647d0fa1b5ac99cd6987abafe6d690ae71cd5fd2aeeabe7589bfb4748aabdfba"
}
info|2023-07-08 17:57:18.053271|[RPC][BLOCK][NUMBER][fromJson],group=group0,node=2f993327933ad58672518b6d4f63920cbc68b80f78f4d81192552ee6362f5cc81ee13bdc678ad65f06e76444cadb53b33694cfb3fc7679b8000411975fedd28a,blockNumber=2182
info|2023-07-08 17:57:18.053374|[RPCWS][SERVICE][onRecvBlockNotifier]receive block number notifier,group=group0,node=2f993327933ad58672518b6d4f63920cbc68b80f78f4d81192552ee6362f5cc81ee13bdc678ad65f06e76444cadb53b33694cfb3fc7679b8000411975fedd28a,blockNumber=2182
info|2023-07-08 17:57:18.053399|[WS]receive block notify,endpoint=127.0.0.1:20201,blk={
	"blockNumber" : 2182,
	"group" : "group0",
	"nodeName" : "2f993327933ad58672518b6d4f63920cbc68b80f78f4d81192552ee6362f5cc81ee13bdc678ad65f06e76444cadb53b33694cfb3fc7679b8000411975fedd28a"
}
info|2023-07-08 17:57:18.559755|[RPC][BLOCK][NUMBER][fromJson],group=group0,node=2f993327933ad58672518b6d4f63920cbc68b80f78f4d81192552ee6362f5cc81ee13bdc678ad65f06e76444cadb53b33694cfb3fc7679b8000411975fedd28a,blockNumber=2183
info|2023-07-08 17:57:18.559782|[RPCWS][SERVICE][onRecvBlockNotifier]receive block number notifier,group=group0,node=2f993327933ad58672518b6d4f63920cbc68b80f78f4d81192552ee6362f5cc81ee13bdc678ad65f06e76444cadb53b33694cfb3fc7679b8000411975fedd28a,blockNumber=2183
info|2023-07-08 17:57:18.559790|[RPCWS][SERVICE][updateGroupBlockNumber],groupID=group0,_blockNumber=2183
info|2023-07-08 17:57:18.559796|[RPCWS][SERVICE][onRecvBlockNotifier]block notifier callback,group=group0,node=2f993327933ad58672518b6d4f63920cbc68b80f78f4d81192552ee6362f5cc81ee13bdc678ad65f06e76444cadb53b33694cfb3fc7679b8000411975fedd28a,blockNumber=2183
info|2023-07-08 17:57:18.559801|[WS]receive block notify,endpoint=127.0.0.1:20201,blk={
	"blockNumber" : 2183,
	"group" : "group0",
	"nodeName" : "2f993327933ad58672518b6d4f63920cbc68b80f78f4d81192552ee6362f5cc81ee13bdc678ad65f06e76444cadb53b33694cfb3fc7679b8000411975fedd28a"
}
info|2023-07-08 17:57:18.562820|[RPC][BLOCK][NUMBER][fromJson],group=group0,node=98a7f70ec883a722219d92253cf073a72605f4087aa3443c8e4aadc0af2dc3ac647d0fa1b5ac99cd6987abafe6d690ae71cd5fd2aeeabe7589bfb4748aabdfba,blockNumber=2183
info|2023-07-08 17:57:18.562848|[RPCWS][SERVICE][onRecvBlockNotifier]receive block number notifier,group=group0,node=98a7f70ec883a722219d92253cf073a72605f4087aa3443c8e4aadc0af2dc3ac647d0fa1b5ac99cd6987abafe6d690ae71cd5fd2aeeabe7589bfb4748aabdfba,blockNumber=2183
info|2023-07-08 17:57:18.562856|[WS]receive block notify,endpoint=127.0.0.1:20200,blk={
	"blockNumber" : 2183,
	"group" : "group0",
	"nodeName" : "98a7f70ec883a722219d92253cf073a72605f4087aa3443c8e4aadc0af2dc3ac647d0fa1b5ac99cd6987abafe6d690ae71cd5fd2aeeabe7589bfb4748aabdfba"
}
info|2023-07-08 17:57:19.126991|[RPC][BLOCK][NUMBER][fromJson],group=group0,node=98a7f70ec883a722219d92253cf073a72605f4087aa3443c8e4aadc0af2dc3ac647d0fa1b5ac99cd6987abafe6d690ae71cd5fd2aeeabe7589bfb4748aabdfba,blockNumber=2184
info|2023-07-08 17:57:19.127014|[RPCWS][SERVICE][onRecvBlockNotifier]receive block number notifier,group=group0,node=98a7f70ec883a722219d92253cf073a72605f4087aa3443c8e4aadc0af2dc3ac647d0fa1b5ac99cd6987abafe6d690ae71cd5fd2aeeabe7589bfb4748aabdfba,blockNumber=2184
info|2023-07-08 17:57:19.127021|[RPCWS][SERVICE][updateGroupBlockNumber],groupID=group0,_blockNumber=2184
info|2023-07-08 17:57:19.127028|[RPCWS][SERVICE][onRecvBlockNotifier]block notifier callback,group=group0,node=98a7f70ec883a722219d92253cf073a72605f4087aa3443c8e4aadc0af2dc3ac647d0fa1b5ac99cd6987abafe6d690ae71cd5fd2aeeabe7589bfb4748aabdfba,blockNumber=2184
info|2023-07-08 17:57:19.127058|[WS]receive block notify,endpoint=127.0.0.1:20200,blk={
	"blockNumber" : 2184,
	"group" : "group0",
	"nodeName" : "98a7f70ec883a722219d92253cf073a72605f4087aa3443c8e4aadc0af2dc3ac647d0fa1b5ac99cd6987abafe6d690ae71cd5fd2aeeabe7589bfb4748aabdfba"
}
info|2023-07-08 17:57:19.154946|[RPC][BLOCK][NUMBER][fromJson],group=group0,node=2f993327933ad58672518b6d4f63920cbc68b80f78f4d81192552ee6362f5cc81ee13bdc678ad65f06e76444cadb53b33694cfb3fc7679b8000411975fedd28a,blockNumber=2184
info|2023-07-08 17:57:19.154971|[RPCWS][SERVICE][onRecvBlockNotifier]receive block number notifier,group=group0,node=2f993327933ad58672518b6d4f63920cbc68b80f78f4d81192552ee6362f5cc81ee13bdc678ad65f06e76444cadb53b33694cfb3fc7679b8000411975fedd28a,blockNumber=2184
info|2023-07-08 17:57:19.154980|[WS]receive block notify,endpoint=127.0.0.1:20201,blk={
	"blockNumber" : 2184,
	"group" : "group0",
	"nodeName" : "2f993327933ad58672518b6d4f63920cbc68b80f78f4d81192552ee6362f5cc81ee13bdc678ad65f06e76444cadb53b33694cfb3fc7679b8000411975fedd28a"
}
info|2023-07-08 17:57:19.675013|[RPC][BLOCK][NUMBER][fromJson],group=group0,node=98a7f70ec883a722219d92253cf073a72605f4087aa3443c8e4aadc0af2dc3ac647d0fa1b5ac99cd6987abafe6d690ae71cd5fd2aeeabe7589bfb4748aabdfba,blockNumber=2185
info|2023-07-08 17:57:19.675048|[RPCWS][SERVICE][onRecvBlockNotifier]receive block number notifier,group=group0,node=98a7f70ec883a722219d92253cf073a72605f4087aa3443c8e4aadc0af2dc3ac647d0fa1b5ac99cd6987abafe6d690ae71cd5fd2aeeabe7589bfb4748aabdfba,blockNumber=2185
info|2023-07-08 17:57:19.675058|[RPCWS][SERVICE][updateGroupBlockNumber],groupID=group0,_blockNumber=2185
info|2023-07-08 17:57:19.675095|[RPCWS][SERVICE][onRecvBlockNotifier]block notifier callback,group=group0,node=98a7f70ec883a722219d92253cf073a72605f4087aa3443c8e4aadc0af2dc3ac647d0fa1b5ac99cd6987abafe6d690ae71cd5fd2aeeabe7589bfb4748aabdfba,blockNumber=2185
info|2023-07-08 17:57:19.675105|[WS]receive block notify,endpoint=127.0.0.1:20200,blk={
	"blockNumber" : 2185,
	"group" : "group0",
	"nodeName" : "98a7f70ec883a722219d92253cf073a72605f4087aa3443c8e4aadc0af2dc3ac647d0fa1b5ac99cd6987abafe6d690ae71cd5fd2aeeabe7589bfb4748aabdfba"
}
info|2023-07-08 17:57:19.729320|[RPC][BLOCK][NUMBER][fromJson],group=group0,node=2f993327933ad58672518b6d4f63920cbc68b80f78f4d81192552ee6362f5cc81ee13bdc678ad65f06e76444cadb53b33694cfb3fc7679b8000411975fedd28a,blockNumber=2185
info|2023-07-08 17:57:19.729390|[RPCWS][SERVICE][onRecvBlockNotifier]receive block number notifier,group=group0,node=2f993327933ad58672518b6d4f63920cbc68b80f78f4d81192552ee6362f5cc81ee13bdc678ad65f06e76444cadb53b33694cfb3fc7679b8000411975fedd28a,blockNumber=2185
info|2023-07-08 17:57:19.729402|[WS]receive block notify,endpoint=127.0.0.1:20201,blk={
	"blockNumber" : 2185,
	"group" : "group0",
	"nodeName" : "2f993327933ad58672518b6d4f63920cbc68b80f78f4d81192552ee6362f5cc81ee13bdc678ad65f06e76444cadb53b33694cfb3fc7679b8000411975fedd28a"
}
info|2023-07-08 17:57:20.292936|[RPC][BLOCK][NUMBER][fromJson],group=group0,node=98a7f70ec883a722219d92253cf073a72605f4087aa3443c8e4aadc0af2dc3ac647d0fa1b5ac99cd6987abafe6d690ae71cd5fd2aeeabe7589bfb4748aabdfba,blockNumber=2186
info|2023-07-08 17:57:20.292973|[RPCWS][SERVICE][onRecvBlockNotifier]receive block number notifier,group=group0,node=98a7f70ec883a722219d92253cf073a72605f4087aa3443c8e4aadc0af2dc3ac647d0fa1b5ac99cd6987abafe6d690ae71cd5fd2aeeabe7589bfb4748aabdfba,blockNumber=2186
info|2023-07-08 17:57:20.292982|[RPCWS][SERVICE][updateGroupBlockNumber],groupID=group0,_blockNumber=2186
info|2023-07-08 17:57:20.292989|[RPCWS][SERVICE][onRecvBlockNotifier]block notifier callback,group=group0,node=98a7f70ec883a722219d92253cf073a72605f4087aa3443c8e4aadc0af2dc3ac647d0fa1b5ac99cd6987abafe6d690ae71cd5fd2aeeabe7589bfb4748aabdfba,blockNumber=2186
info|2023-07-08 17:57:20.292996|[WS]receive block notify,endpoint=127.0.0.1:20200,blk={
	"blockNumber" : 2186,
	"group" : "group0",
	"nodeName" : "98a7f70ec883a722219d92253cf073a72605f4087aa3443c8e4aadc0af2dc3ac647d0fa1b5ac99cd6987abafe6d690ae71cd5fd2aeeabe7589bfb4748aabdfba"
}
info|2023-07-08 17:57:20.312353|[RPC][BLOCK][NUMBER][fromJson],group=group0,node=2f993327933ad58672518b6d4f63920cbc68b80f78f4d81192552ee6362f5cc81ee13bdc678ad65f06e76444cadb53b33694cfb3fc7679b8000411975fedd28a,blockNumber=2186
info|2023-07-08 17:57:20.312399|[RPCWS][SERVICE][onRecvBlockNotifier]receive block number notifier,group=group0,node=2f993327933ad58672518b6d4f63920cbc68b80f78f4d81192552ee6362f5cc81ee13bdc678ad65f06e76444cadb53b33694cfb3fc7679b8000411975fedd28a,blockNumber=2186
info|2023-07-08 17:57:20.312410|[WS]receive block notify,endpoint=127.0.0.1:20201,blk={
	"blockNumber" : 2186,
	"group" : "group0",
	"nodeName" : "2f993327933ad58672518b6d4f63920cbc68b80f78f4d81192552ee6362f5cc81ee13bdc678ad65f06e76444cadb53b33694cfb3fc7679b8000411975fedd28a"
}
info|2023-07-08 17:57:20.842958|[RPC][BLOCK][NUMBER][fromJson],group=group0,node=98a7f70ec883a722219d92253cf073a72605f4087aa3443c8e4aadc0af2dc3ac647d0fa1b5ac99cd6987abafe6d690ae71cd5fd2aeeabe7589bfb4748aabdfba,blockNumber=2187
info|2023-07-08 17:57:20.843025|[RPCWS][SERVICE][onRecvBlockNotifier]receive block number notifier,group=group0,node=98a7f70ec883a722219d92253cf073a72605f4087aa3443c8e4aadc0af2dc3ac647d0fa1b5ac99cd6987abafe6d690ae71cd5fd2aeeabe7589bfb4748aabdfba,blockNumber=2187
info|2023-07-08 17:57:20.843034|[RPCWS][SERVICE][updateGroupBlockNumber],groupID=group0,_blockNumber=2187
info|2023-07-08 17:57:20.843039|[RPCWS][SERVICE][onRecvBlockNotifier]block notifier callback,group=group0,node=98a7f70ec883a722219d92253cf073a72605f4087aa3443c8e4aadc0af2dc3ac647d0fa1b5ac99cd6987abafe6d690ae71cd5fd2aeeabe7589bfb4748aabdfba,blockNumber=2187
info|2023-07-08 17:57:20.843044|[WS]receive block notify,endpoint=127.0.0.1:20200,blk={
	"blockNumber" : 2187,
	"group" : "group0",
	"nodeName" : "98a7f70ec883a722219d92253cf073a72605f4087aa3443c8e4aadc0af2dc3ac647d0fa1b5ac99cd6987abafe6d690ae71cd5fd2aeeabe7589bfb4748aabdfba"
}
info|2023-07-08 17:57:20.891368|[RPC][BLOCK][NUMBER][fromJson],group=group0,node=2f993327933ad58672518b6d4f63920cbc68b80f78f4d81192552ee6362f5cc81ee13bdc678ad65f06e76444cadb53b33694cfb3fc7679b8000411975fedd28a,blockNumber=2187
info|2023-07-08 17:57:20.891390|[RPCWS][SERVICE][onRecvBlockNotifier]receive block number notifier,group=group0,node=2f993327933ad58672518b6d4f63920cbc68b80f78f4d81192552ee6362f5cc81ee13bdc678ad65f06e76444cadb53b33694cfb3fc7679b8000411975fedd28a,blockNumber=2187
info|2023-07-08 17:57:20.891396|[WS]receive block notify,endpoint=127.0.0.1:20201,blk={
	"blockNumber" : 2187,
	"group" : "group0",
	"nodeName" : "2f993327933ad58672518b6d4f63920cbc68b80f78f4d81192552ee6362f5cc81ee13bdc678ad65f06e76444cadb53b33694cfb3fc7679b8000411975fedd28a"
}
info|2023-07-08 17:57:21.369799|[RPC][BLOCK][NUMBER][fromJson],group=group0,node=98a7f70ec883a722219d92253cf073a72605f4087aa3443c8e4aadc0af2dc3ac647d0fa1b5ac99cd6987abafe6d690ae71cd5fd2aeeabe7589bfb4748aabdfba,blockNumber=2188
info|2023-07-08 17:57:21.369828|[RPCWS][SERVICE][onRecvBlockNotifier]receive block number notifier,group=group0,node=98a7f70ec883a722219d92253cf073a72605f4087aa3443c8e4aadc0af2dc3ac647d0fa1b5ac99cd6987abafe6d690ae71cd5fd2aeeabe7589bfb4748aabdfba,blockNumber=2188
info|2023-07-08 17:57:21.369837|[RPCWS][SERVICE][updateGroupBlockNumber],groupID=group0,_blockNumber=2188
info|2023-07-08 17:57:21.369844|[RPCWS][SERVICE][onRecvBlockNotifier]block notifier callback,group=group0,node=98a7f70ec883a722219d92253cf073a72605f4087aa3443c8e4aadc0af2dc3ac647d0fa1b5ac99cd6987abafe6d690ae71cd5fd2aeeabe7589bfb4748aabdfba,blockNumber=2188
info|2023-07-08 17:57:21.369851|[WS]receive block notify,endpoint=127.0.0.1:20200,blk={
	"blockNumber" : 2188,
	"group" : "group0",
	"nodeName" : "98a7f70ec883a722219d92253cf073a72605f4087aa3443c8e4aadc0af2dc3ac647d0fa1b5ac99cd6987abafe6d690ae71cd5fd2aeeabe7589bfb4748aabdfba"
}
info|2023-07-08 17:57:21.404528|[RPC][BLOCK][NUMBER][fromJson],group=group0,node=2f993327933ad58672518b6d4f63920cbc68b80f78f4d81192552ee6362f5cc81ee13bdc678ad65f06e76444cadb53b33694cfb3fc7679b8000411975fedd28a,blockNumber=2188
info|2023-07-08 17:57:21.404589|[RPCWS][SERVICE][onRecvBlockNotifier]receive block number notifier,group=group0,node=2f993327933ad58672518b6d4f63920cbc68b80f78f4d81192552ee6362f5cc81ee13bdc678ad65f06e76444cadb53b33694cfb3fc7679b8000411975fedd28a,blockNumber=2188
info|2023-07-08 17:57:21.404604|[WS]receive block notify,endpoint=127.0.0.1:20201,blk={
	"blockNumber" : 2188,
	"group" : "group0",
	"nodeName" : "2f993327933ad58672518b6d4f63920cbc68b80f78f4d81192552ee6362f5cc81ee13bdc678ad65f06e76444cadb53b33694cfb3fc7679b8000411975fedd28a"
}
info|2023-07-08 17:57:21.983302|[RPC][BLOCK][NUMBER][fromJson],group=group0,node=98a7f70ec883a722219d92253cf073a72605f4087aa3443c8e4aadc0af2dc3ac647d0fa1b5ac99cd6987abafe6d690ae71cd5fd2aeeabe7589bfb4748aabdfba,blockNumber=2189
info|2023-07-08 17:57:21.983337|[RPCWS][SERVICE][onRecvBlockNotifier]receive block number notifier,group=group0,node=98a7f70ec883a722219d92253cf073a72605f4087aa3443c8e4aadc0af2dc3ac647d0fa1b5ac99cd6987abafe6d690ae71cd5fd2aeeabe7589bfb4748aabdfba,blockNumber=2189
info|2023-07-08 17:57:21.983346|[RPCWS][SERVICE][updateGroupBlockNumber],groupID=group0,_blockNumber=2189
info|2023-07-08 17:57:21.983353|[RPCWS][SERVICE][onRecvBlockNotifier]block notifier callback,group=group0,node=98a7f70ec883a722219d92253cf073a72605f4087aa3443c8e4aadc0af2dc3ac647d0fa1b5ac99cd6987abafe6d690ae71cd5fd2aeeabe7589bfb4748aabdfba,blockNumber=2189
info|2023-07-08 17:57:21.983359|[WS]receive block notify,endpoint=127.0.0.1:20200,blk={
	"blockNumber" : 2189,
	"group" : "group0",
	"nodeName" : "98a7f70ec883a722219d92253cf073a72605f4087aa3443c8e4aadc0af2dc3ac647d0fa1b5ac99cd6987abafe6d690ae71cd5fd2aeeabe7589bfb4748aabdfba"
}
info|2023-07-08 17:57:21.996095|[RPC][BLOCK][NUMBER][fromJson],group=group0,node=2f993327933ad58672518b6d4f63920cbc68b80f78f4d81192552ee6362f5cc81ee13bdc678ad65f06e76444cadb53b33694cfb3fc7679b8000411975fedd28a,blockNumber=2189
info|2023-07-08 17:57:21.996123|[RPCWS][SERVICE][onRecvBlockNotifier]receive block number notifier,group=group0,node=2f993327933ad58672518b6d4f63920cbc68b80f78f4d81192552ee6362f5cc81ee13bdc678ad65f06e76444cadb53b33694cfb3fc7679b8000411975fedd28a,blockNumber=2189
info|2023-07-08 17:57:21.996131|[WS]receive block notify,endpoint=127.0.0.1:20201,blk={
	"blockNumber" : 2189,
	"group" : "group0",
	"nodeName" : "2f993327933ad58672518b6d4f63920cbc68b80f78f4d81192552ee6362f5cc81ee13bdc678ad65f06e76444cadb53b33694cfb3fc7679b8000411975fedd28a"
}
info|2023-07-08 17:57:22.530394|[RPC][BLOCK][NUMBER][fromJson],group=group0,node=98a7f70ec883a722219d92253cf073a72605f4087aa3443c8e4aadc0af2dc3ac647d0fa1b5ac99cd6987abafe6d690ae71cd5fd2aeeabe7589bfb4748aabdfba,blockNumber=2190
info|2023-07-08 17:57:22.530422|[RPCWS][SERVICE][onRecvBlockNotifier]receive block number notifier,group=group0,node=98a7f70ec883a722219d92253cf073a72605f4087aa3443c8e4aadc0af2dc3ac647d0fa1b5ac99cd6987abafe6d690ae71cd5fd2aeeabe7589bfb4748aabdfba,blockNumber=2190
info|2023-07-08 17:57:22.530430|[RPCWS][SERVICE][updateGroupBlockNumber],groupID=group0,_blockNumber=2190
info|2023-07-08 17:57:22.530436|[RPCWS][SERVICE][onRecvBlockNotifier]block notifier callback,group=group0,node=98a7f70ec883a722219d92253cf073a72605f4087aa3443c8e4aadc0af2dc3ac647d0fa1b5ac99cd6987abafe6d690ae71cd5fd2aeeabe7589bfb4748aabdfba,blockNumber=2190
info|2023-07-08 17:57:22.530441|[WS]receive block notify,endpoint=127.0.0.1:20200,blk={
	"blockNumber" : 2190,
	"group" : "group0",
	"nodeName" : "98a7f70ec883a722219d92253cf073a72605f4087aa3443c8e4aadc0af2dc3ac647d0fa1b5ac99cd6987abafe6d690ae71cd5fd2aeeabe7589bfb4748aabdfba"
}
info|2023-07-08 17:57:22.573150|[RPC][BLOCK][NUMBER][fromJson],group=group0,node=2f993327933ad58672518b6d4f63920cbc68b80f78f4d81192552ee6362f5cc81ee13bdc678ad65f06e76444cadb53b33694cfb3fc7679b8000411975fedd28a,blockNumber=2190
info|2023-07-08 17:57:22.573189|[RPCWS][SERVICE][onRecvBlockNotifier]receive block number notifier,group=group0,node=2f993327933ad58672518b6d4f63920cbc68b80f78f4d81192552ee6362f5cc81ee13bdc678ad65f06e76444cadb53b33694cfb3fc7679b8000411975fedd28a,blockNumber=2190
info|2023-07-08 17:57:22.573201|[WS]receive block notify,endpoint=127.0.0.1:20201,blk={
	"blockNumber" : 2190,
	"group" : "group0",
	"nodeName" : "2f993327933ad58672518b6d4f63920cbc68b80f78f4d81192552ee6362f5cc81ee13bdc678ad65f06e76444cadb53b33694cfb3fc7679b8000411975fedd28a"
}
info|2023-07-08 17:57:29.554159|[EVENT][SUB][doLoop]event sub tasks report,working event sub count=0,suspend event sub count=0
info|2023-07-08 17:57:30.004011|[SDK][WS][SERVICE]connected nodes,count=2
info|2023-07-08 17:57:49.554344|[EVENT][SUB][doLoop]event sub tasks report,working event sub count=0,suspend event sub count=0
info|2023-07-08 17:57:50.004285|[SDK][WS][SERVICE]connected nodes,count=2
info|2023-07-08 17:58:09.554552|[EVENT][SUB][doLoop]event sub tasks report,working event sub count=0,suspend event sub count=0
info|2023-07-08 17:58:10.004598|[SDK][WS][SERVICE]connected nodes,count=2
info|2023-07-08 17:58:29.554772|[EVENT][SUB][doLoop]event sub tasks report,working event sub count=0,suspend event sub count=0
info|2023-07-08 17:58:30.004795|[SDK][WS][SERVICE]connected nodes,count=2
info|2023-07-08 17:58:49.555026|[EVENT][SUB][doLoop]event sub tasks report,working event sub count=0,suspend event sub count=0
info|2023-07-08 17:58:50.005492|[SDK][WS][SERVICE]connected nodes,count=2
info|2023-07-08 17:59:09.555084|[EVENT][SUB][doLoop]event sub tasks report,working event sub count=0,suspend event sub count=0
info|2023-07-08 17:59:10.005696|[SDK][WS][SERVICE]connected nodes,count=2
info|2023-07-08 17:59:29.555483|[EVENT][SUB][doLoop]event sub tasks report,working event sub count=0,suspend event sub count=0
info|2023-07-08 17:59:30.006076|[SDK][WS][SERVICE]connected nodes,count=2
info|2023-07-08 17:59:49.555942|[EVENT][SUB][doLoop]event sub tasks report,working event sub count=0,suspend event sub count=0
info|2023-07-08 17:59:50.006452|[SDK][WS][SERVICE]connected nodes,count=2
