info|2023-07-07 23:00:05.769352|[SDK][WS][SERVICE]connected nodes,count=2
info|2023-07-07 23:00:06.087927|[EVENT][SUB][doLoop]event sub tasks report,working event sub count=0,suspend event sub count=0
info|2023-07-07 23:00:25.769811|[SDK][WS][SERVICE]connected nodes,count=2
info|2023-07-07 23:00:26.088607|[EVENT][SUB][doLoop]event sub tasks report,working event sub count=0,suspend event sub count=0
info|2023-07-07 23:00:45.770479|[SDK][WS][SERVICE]connected nodes,count=2
info|2023-07-07 23:00:46.089087|[EVENT][SUB][doLoop]event sub tasks report,working event sub count=0,suspend event sub count=0
info|2023-07-07 23:01:05.771007|[SDK][WS][SERVICE]connected nodes,count=2
info|2023-07-07 23:01:06.089496|[EVENT][SUB][doLoop]event sub tasks report,working event sub count=0,suspend event sub count=0
info|2023-07-07 23:01:25.771454|[SDK][WS][SERVICE]connected nodes,count=2
info|2023-07-07 23:01:26.089801|[EVENT][SUB][doLoop]event sub tasks report,working event sub count=0,suspend event sub count=0
info|2023-07-07 23:01:45.772253|[SDK][WS][SERVICE]connected nodes,count=2
info|2023-07-07 23:01:46.090329|[EVENT][SUB][doLoop]event sub tasks report,working event sub count=0,suspend event sub count=0
info|2023-07-07 23:02:05.772621|[SDK][WS][SERVICE]connected nodes,count=2
info|2023-07-07 23:02:06.090507|[EVENT][SUB][doLoop]event sub tasks report,working event sub count=0,suspend event sub count=0
info|2023-07-07 23:02:25.773133|[SDK][WS][SERVICE]connected nodes,count=2
info|2023-07-07 23:02:26.090916|[EVENT][SUB][doLoop]event sub tasks report,working event sub count=0,suspend event sub count=0
info|2023-07-07 23:02:45.773397|[SDK][WS][SERVICE]connected nodes,count=2
info|2023-07-07 23:02:46.091536|[EVENT][SUB][doLoop]event sub tasks report,working event sub count=0,suspend event sub count=0
info|2023-07-07 23:03:05.773510|[SDK][WS][SERVICE]connected nodes,count=2
info|2023-07-07 23:03:06.091688|[EVENT][SUB][doLoop]event sub tasks report,working event sub count=0,suspend event sub count=0
info|2023-07-07 23:03:25.773668|[SDK][WS][SERVICE]connected nodes,count=2
info|2023-07-07 23:03:26.091944|[EVENT][SUB][doLoop]event sub tasks report,working event sub count=0,suspend event sub count=0
info|2023-07-07 23:03:45.774137|[SDK][WS][SERVICE]connected nodes,count=2
info|2023-07-07 23:03:46.092522|[EVENT][SUB][doLoop]event sub tasks report,working event sub count=0,suspend event sub count=0
info|2023-07-07 23:04:05.774575|[SDK][WS][SERVICE]connected nodes,count=2
info|2023-07-07 23:04:06.092603|[EVENT][SUB][doLoop]event sub tasks report,working event sub count=0,suspend event sub count=0
info|2023-07-07 23:04:25.774775|[SDK][WS][SERVICE]connected nodes,count=2
info|2023-07-07 23:04:26.093018|[EVENT][SUB][doLoop]event sub tasks report,working event sub count=0,suspend event sub count=0
info|2023-07-07 23:04:45.775205|[SDK][WS][SERVICE]connected nodes,count=2
info|2023-07-07 23:04:46.093815|[EVENT][SUB][doLoop]event sub tasks report,working event sub count=0,suspend event sub count=0
info|2023-07-07 23:05:05.775354|[SDK][WS][SERVICE]connected nodes,count=2
info|2023-07-07 23:05:06.094134|[EVENT][SUB][doLoop]event sub tasks report,working event sub count=0,suspend event sub count=0
info|2023-07-07 23:05:25.776650|[SDK][WS][SERVICE]connected nodes,count=2
info|2023-07-07 23:05:26.094295|[EVENT][SUB][doLoop]event sub tasks report,working event sub count=0,suspend event sub count=0
info|2023-07-07 23:05:45.776895|[SDK][WS][SERVICE]connected nodes,count=2
info|2023-07-07 23:05:46.094362|[EVENT][SUB][doLoop]event sub tasks report,working event sub count=0,suspend event sub count=0
info|2023-07-07 23:06:05.777039|[SDK][WS][SERVICE]connected nodes,count=2
info|2023-07-07 23:06:06.094451|[EVENT][SUB][doLoop]event sub tasks report,working event sub count=0,suspend event sub count=0
info|2023-07-07 23:06:25.777653|[SDK][WS][SERVICE]connected nodes,count=2
info|2023-07-07 23:06:26.094966|[EVENT][SUB][doLoop]event sub tasks report,working event sub count=0,suspend event sub count=0
info|2023-07-07 23:06:45.777926|[SDK][WS][SERVICE]connected nodes,count=2
info|2023-07-07 23:06:46.095008|[EVENT][SUB][doLoop]event sub tasks report,working event sub count=0,suspend event sub count=0
info|2023-07-07 23:07:05.778174|[SDK][WS][SERVICE]connected nodes,count=2
info|2023-07-07 23:07:06.095569|[EVENT][SUB][doLoop]event sub tasks report,working event sub count=0,suspend event sub count=0
info|2023-07-07 23:07:25.778478|[SDK][WS][SERVICE]connected nodes,count=2
info|2023-07-07 23:07:26.096087|[EVENT][SUB][doLoop]event sub tasks report,working event sub count=0,suspend event sub count=0
info|2023-07-07 23:07:45.778976|[SDK][WS][SERVICE]connected nodes,count=2
info|2023-07-07 23:07:46.097948|[EVENT][SUB][doLoop]event sub tasks report,working event sub count=0,suspend event sub count=0
info|2023-07-07 23:08:05.779486|[SDK][WS][SERVICE]connected nodes,count=2
info|2023-07-07 23:08:06.098031|[EVENT][SUB][doLoop]event sub tasks report,working event sub count=0,suspend event sub count=0
info|2023-07-07 23:08:25.780051|[SDK][WS][SERVICE]connected nodes,count=2
info|2023-07-07 23:08:26.098568|[EVENT][SUB][doLoop]event sub tasks report,working event sub count=0,suspend event sub count=0
info|2023-07-07 23:08:45.780252|[SDK][WS][SERVICE]connected nodes,count=2
info|2023-07-07 23:08:46.098915|[EVENT][SUB][doLoop]event sub tasks report,working event sub count=0,suspend event sub count=0
info|2023-07-07 23:09:05.780406|[SDK][WS][SERVICE]connected nodes,count=2
info|2023-07-07 23:09:06.099043|[EVENT][SUB][doLoop]event sub tasks report,working event sub count=0,suspend event sub count=0
info|2023-07-07 23:09:25.780511|[SDK][WS][SERVICE]connected nodes,count=2
info|2023-07-07 23:09:26.099294|[EVENT][SUB][doLoop]event sub tasks report,working event sub count=0,suspend event sub count=0
info|2023-07-07 23:09:45.781152|[SDK][WS][SERVICE]connected nodes,count=2
info|2023-07-07 23:09:46.099878|[EVENT][SUB][doLoop]event sub tasks report,working event sub count=0,suspend event sub count=0
info|2023-07-07 23:10:05.781502|[SDK][WS][SERVICE]connected nodes,count=2
info|2023-07-07 23:10:06.100365|[EVENT][SUB][doLoop]event sub tasks report,working event sub count=0,suspend event sub count=0
info|2023-07-07 23:10:25.781822|[SDK][WS][SERVICE]connected nodes,count=2
info|2023-07-07 23:10:26.103056|[EVENT][SUB][doLoop]event sub tasks report,working event sub count=0,suspend event sub count=0
info|2023-07-07 23:10:45.782023|[SDK][WS][SERVICE]connected nodes,count=2
info|2023-07-07 23:10:46.103433|[EVENT][SUB][doLoop]event sub tasks report,working event sub count=0,suspend event sub count=0
info|2023-07-07 23:11:05.782536|[SDK][WS][SERVICE]connected nodes,count=2
info|2023-07-07 23:11:06.103855|[EVENT][SUB][doLoop]event sub tasks report,working event sub count=0,suspend event sub count=0
info|2023-07-07 23:11:25.782684|[SDK][WS][SERVICE]connected nodes,count=2
info|2023-07-07 23:11:26.103912|[EVENT][SUB][doLoop]event sub tasks report,working event sub count=0,suspend event sub count=0
info|2023-07-07 23:11:45.782840|[SDK][WS][SERVICE]connected nodes,count=2
info|2023-07-07 23:11:46.104512|[EVENT][SUB][doLoop]event sub tasks report,working event sub count=0,suspend event sub count=0
info|2023-07-07 23:12:05.783412|[SDK][WS][SERVICE]connected nodes,count=2
info|2023-07-07 23:12:06.105030|[EVENT][SUB][doLoop]event sub tasks report,working event sub count=0,suspend event sub count=0
info|2023-07-07 23:12:25.784056|[SDK][WS][SERVICE]connected nodes,count=2
info|2023-07-07 23:12:26.105305|[EVENT][SUB][doLoop]event sub tasks report,working event sub count=0,suspend event sub count=0
info|2023-07-07 23:12:45.784477|[SDK][WS][SERVICE]connected nodes,count=2
info|2023-07-07 23:12:46.105956|[EVENT][SUB][doLoop]event sub tasks report,working event sub count=0,suspend event sub count=0
info|2023-07-07 23:13:05.785061|[SDK][WS][SERVICE]connected nodes,count=2
info|2023-07-07 23:13:06.106301|[EVENT][SUB][doLoop]event sub tasks report,working event sub count=0,suspend event sub count=0
info|2023-07-07 23:13:25.785607|[SDK][WS][SERVICE]connected nodes,count=2
info|2023-07-07 23:13:26.107084|[EVENT][SUB][doLoop]event sub tasks report,working event sub count=0,suspend event sub count=0
info|2023-07-07 23:13:45.785830|[SDK][WS][SERVICE]connected nodes,count=2
info|2023-07-07 23:13:46.107562|[EVENT][SUB][doLoop]event sub tasks report,working event sub count=0,suspend event sub count=0
info|2023-07-07 23:14:05.785972|[SDK][WS][SERVICE]connected nodes,count=2
info|2023-07-07 23:14:06.107678|[EVENT][SUB][doLoop]event sub tasks report,working event sub count=0,suspend event sub count=0
info|2023-07-07 23:14:25.786710|[SDK][WS][SERVICE]connected nodes,count=2
info|2023-07-07 23:14:26.108027|[EVENT][SUB][doLoop]event sub tasks report,working event sub count=0,suspend event sub count=0
info|2023-07-07 23:14:45.787428|[SDK][WS][SERVICE]connected nodes,count=2
info|2023-07-07 23:14:46.108211|[EVENT][SUB][doLoop]event sub tasks report,working event sub count=0,suspend event sub count=0
info|2023-07-07 23:15:05.788125|[SDK][WS][SERVICE]connected nodes,count=2
info|2023-07-07 23:15:06.108751|[EVENT][SUB][doLoop]event sub tasks report,working event sub count=0,suspend event sub count=0
info|2023-07-07 23:15:25.788840|[SDK][WS][SERVICE]connected nodes,count=2
info|2023-07-07 23:15:26.108844|[EVENT][SUB][doLoop]event sub tasks report,working event sub count=0,suspend event sub count=0
info|2023-07-07 23:15:45.789047|[SDK][WS][SERVICE]connected nodes,count=2
info|2023-07-07 23:15:46.109413|[EVENT][SUB][doLoop]event sub tasks report,working event sub count=0,suspend event sub count=0
info|2023-07-07 23:16:05.789232|[SDK][WS][SERVICE]connected nodes,count=2
info|2023-07-07 23:16:06.109779|[EVENT][SUB][doLoop]event sub tasks report,working event sub count=0,suspend event sub count=0
info|2023-07-07 23:16:25.789878|[SDK][WS][SERVICE]connected nodes,count=2
info|2023-07-07 23:16:26.110090|[EVENT][SUB][doLoop]event sub tasks report,working event sub count=0,suspend event sub count=0
info|2023-07-07 23:16:45.790670|[SDK][WS][SERVICE]connected nodes,count=2
info|2023-07-07 23:16:46.110363|[EVENT][SUB][doLoop]event sub tasks report,working event sub count=0,suspend event sub count=0
info|2023-07-07 23:17:05.791238|[SDK][WS][SERVICE]connected nodes,count=2
info|2023-07-07 23:17:06.110530|[EVENT][SUB][doLoop]event sub tasks report,working event sub count=0,suspend event sub count=0
info|2023-07-07 23:17:25.791693|[SDK][WS][SERVICE]connected nodes,count=2
info|2023-07-07 23:17:26.110962|[EVENT][SUB][doLoop]event sub tasks report,working event sub count=0,suspend event sub count=0
info|2023-07-07 23:17:45.792133|[SDK][WS][SERVICE]connected nodes,count=2
info|2023-07-07 23:17:46.111270|[EVENT][SUB][doLoop]event sub tasks report,working event sub count=0,suspend event sub count=0
info|2023-07-07 23:18:05.792597|[SDK][WS][SERVICE]connected nodes,count=2
info|2023-07-07 23:18:06.111514|[EVENT][SUB][doLoop]event sub tasks report,working event sub count=0,suspend event sub count=0
info|2023-07-07 23:18:25.792801|[SDK][WS][SERVICE]connected nodes,count=2
info|2023-07-07 23:18:26.112099|[EVENT][SUB][doLoop]event sub tasks report,working event sub count=0,suspend event sub count=0
info|2023-07-07 23:18:45.793020|[SDK][WS][SERVICE]connected nodes,count=2
info|2023-07-07 23:18:46.112203|[EVENT][SUB][doLoop]event sub tasks report,working event sub count=0,suspend event sub count=0
info|2023-07-07 23:19:05.793456|[SDK][WS][SERVICE]connected nodes,count=2
info|2023-07-07 23:19:06.112864|[EVENT][SUB][doLoop]event sub tasks report,working event sub count=0,suspend event sub count=0
info|2023-07-07 23:19:25.794159|[SDK][WS][SERVICE]connected nodes,count=2
info|2023-07-07 23:19:26.112995|[EVENT][SUB][doLoop]event sub tasks report,working event sub count=0,suspend event sub count=0
info|2023-07-07 23:19:45.794360|[SDK][WS][SERVICE]connected nodes,count=2
info|2023-07-07 23:19:46.113145|[EVENT][SUB][doLoop]event sub tasks report,working event sub count=0,suspend event sub count=0
info|2023-07-07 23:20:05.794750|[SDK][WS][SERVICE]connected nodes,count=2
info|2023-07-07 23:20:06.114339|[EVENT][SUB][doLoop]event sub tasks report,working event sub count=0,suspend event sub count=0
info|2023-07-07 23:20:25.794980|[SDK][WS][SERVICE]connected nodes,count=2
info|2023-07-07 23:20:26.114578|[EVENT][SUB][doLoop]event sub tasks report,working event sub count=0,suspend event sub count=0
info|2023-07-07 23:20:45.795086|[SDK][WS][SERVICE]connected nodes,count=2
info|2023-07-07 23:20:46.114876|[EVENT][SUB][doLoop]event sub tasks report,working event sub count=0,suspend event sub count=0
info|2023-07-07 23:21:05.795295|[SDK][WS][SERVICE]connected nodes,count=2
info|2023-07-07 23:21:06.115280|[EVENT][SUB][doLoop]event sub tasks report,working event sub count=0,suspend event sub count=0
info|2023-07-07 23:21:25.795762|[SDK][WS][SERVICE]connected nodes,count=2
info|2023-07-07 23:21:26.115982|[EVENT][SUB][doLoop]event sub tasks report,working event sub count=0,suspend event sub count=0
info|2023-07-07 23:21:45.796347|[SDK][WS][SERVICE]connected nodes,count=2
info|2023-07-07 23:21:46.116571|[EVENT][SUB][doLoop]event sub tasks report,working event sub count=0,suspend event sub count=0
info|2023-07-07 23:22:05.796753|[SDK][WS][SERVICE]connected nodes,count=2
info|2023-07-07 23:22:06.116792|[EVENT][SUB][doLoop]event sub tasks report,working event sub count=0,suspend event sub count=0
info|2023-07-07 23:22:25.796986|[SDK][WS][SERVICE]connected nodes,count=2
info|2023-07-07 23:22:26.116986|[EVENT][SUB][doLoop]event sub tasks report,working event sub count=0,suspend event sub count=0
info|2023-07-07 23:22:45.797505|[SDK][WS][SERVICE]connected nodes,count=2
info|2023-07-07 23:22:46.117321|[EVENT][SUB][doLoop]event sub tasks report,working event sub count=0,suspend event sub count=0
info|2023-07-07 23:23:05.797985|[SDK][WS][SERVICE]connected nodes,count=2
info|2023-07-07 23:23:06.117792|[EVENT][SUB][doLoop]event sub tasks report,working event sub count=0,suspend event sub count=0
info|2023-07-07 23:23:25.798231|[SDK][WS][SERVICE]connected nodes,count=2
info|2023-07-07 23:23:26.117842|[EVENT][SUB][doLoop]event sub tasks report,working event sub count=0,suspend event sub count=0
info|2023-07-07 23:23:45.798540|[SDK][WS][SERVICE]connected nodes,count=2
info|2023-07-07 23:23:46.118572|[EVENT][SUB][doLoop]event sub tasks report,working event sub count=0,suspend event sub count=0
info|2023-07-07 23:24:05.799139|[SDK][WS][SERVICE]connected nodes,count=2
info|2023-07-07 23:24:06.119028|[EVENT][SUB][doLoop]event sub tasks report,working event sub count=0,suspend event sub count=0
info|2023-07-07 23:24:25.799576|[SDK][WS][SERVICE]connected nodes,count=2
info|2023-07-07 23:24:26.119297|[EVENT][SUB][doLoop]event sub tasks report,working event sub count=0,suspend event sub count=0
info|2023-07-07 23:24:45.799981|[SDK][WS][SERVICE]connected nodes,count=2
info|2023-07-07 23:24:46.121387|[EVENT][SUB][doLoop]event sub tasks report,working event sub count=0,suspend event sub count=0
info|2023-07-07 23:25:05.800490|[SDK][WS][SERVICE]connected nodes,count=2
info|2023-07-07 23:25:06.121487|[EVENT][SUB][doLoop]event sub tasks report,working event sub count=0,suspend event sub count=0
info|2023-07-07 23:25:25.800634|[SDK][WS][SERVICE]connected nodes,count=2
info|2023-07-07 23:25:26.122000|[EVENT][SUB][doLoop]event sub tasks report,working event sub count=0,suspend event sub count=0
info|2023-07-07 23:25:45.800959|[SDK][WS][SERVICE]connected nodes,count=2
info|2023-07-07 23:25:46.122284|[EVENT][SUB][doLoop]event sub tasks report,working event sub count=0,suspend event sub count=0
info|2023-07-07 23:26:05.801532|[SDK][WS][SERVICE]connected nodes,count=2
info|2023-07-07 23:26:06.122439|[EVENT][SUB][doLoop]event sub tasks report,working event sub count=0,suspend event sub count=0
info|2023-07-07 23:26:25.801965|[SDK][WS][SERVICE]connected nodes,count=2
info|2023-07-07 23:26:26.122641|[EVENT][SUB][doLoop]event sub tasks report,working event sub count=0,suspend event sub count=0
info|2023-07-07 23:26:45.802375|[SDK][WS][SERVICE]connected nodes,count=2
info|2023-07-07 23:26:46.122923|[EVENT][SUB][doLoop]event sub tasks report,working event sub count=0,suspend event sub count=0
info|2023-07-07 23:27:05.803036|[SDK][WS][SERVICE]connected nodes,count=2
info|2023-07-07 23:27:06.123693|[EVENT][SUB][doLoop]event sub tasks report,working event sub count=0,suspend event sub count=0
info|2023-07-07 23:27:13.834269|[RPC][BLOCK][NUMBER][fromJson],group=group0,node=98a7f70ec883a722219d92253cf073a72605f4087aa3443c8e4aadc0af2dc3ac647d0fa1b5ac99cd6987abafe6d690ae71cd5fd2aeeabe7589bfb4748aabdfba,blockNumber=1583
info|2023-07-07 23:27:13.834332|[RPCWS][SERVICE][onRecvBlockNotifier]receive block number notifier,group=group0,node=98a7f70ec883a722219d92253cf073a72605f4087aa3443c8e4aadc0af2dc3ac647d0fa1b5ac99cd6987abafe6d690ae71cd5fd2aeeabe7589bfb4748aabdfba,blockNumber=1583
info|2023-07-07 23:27:13.834342|[RPCWS][SERVICE][updateGroupBlockNumber],groupID=group0,_blockNumber=1583
info|2023-07-07 23:27:13.834346|[RPCWS][SERVICE][onRecvBlockNotifier]block notifier callback,group=group0,node=98a7f70ec883a722219d92253cf073a72605f4087aa3443c8e4aadc0af2dc3ac647d0fa1b5ac99cd6987abafe6d690ae71cd5fd2aeeabe7589bfb4748aabdfba,blockNumber=1583
info|2023-07-07 23:27:13.834350|[WS]receive block notify,endpoint=127.0.0.1:20200,blk={
	"blockNumber" : 1583,
	"group" : "group0",
	"nodeName" : "98a7f70ec883a722219d92253cf073a72605f4087aa3443c8e4aadc0af2dc3ac647d0fa1b5ac99cd6987abafe6d690ae71cd5fd2aeeabe7589bfb4748aabdfba"
}
info|2023-07-07 23:27:13.939919|[RPC][BLOCK][NUMBER][fromJson],group=group0,node=2f993327933ad58672518b6d4f63920cbc68b80f78f4d81192552ee6362f5cc81ee13bdc678ad65f06e76444cadb53b33694cfb3fc7679b8000411975fedd28a,blockNumber=1583
info|2023-07-07 23:27:13.939996|[RPCWS][SERVICE][onRecvBlockNotifier]receive block number notifier,group=group0,node=2f993327933ad58672518b6d4f63920cbc68b80f78f4d81192552ee6362f5cc81ee13bdc678ad65f06e76444cadb53b33694cfb3fc7679b8000411975fedd28a,blockNumber=1583
info|2023-07-07 23:27:13.940007|[WS]receive block notify,endpoint=127.0.0.1:20201,blk={
	"blockNumber" : 1583,
	"group" : "group0",
	"nodeName" : "2f993327933ad58672518b6d4f63920cbc68b80f78f4d81192552ee6362f5cc81ee13bdc678ad65f06e76444cadb53b33694cfb3fc7679b8000411975fedd28a"
}
info|2023-07-07 23:27:14.388716|[RPC][BLOCK][NUMBER][fromJson],group=group0,node=2f993327933ad58672518b6d4f63920cbc68b80f78f4d81192552ee6362f5cc81ee13bdc678ad65f06e76444cadb53b33694cfb3fc7679b8000411975fedd28a,blockNumber=1584
info|2023-07-07 23:27:14.388736|[RPCWS][SERVICE][onRecvBlockNotifier]receive block number notifier,group=group0,node=2f993327933ad58672518b6d4f63920cbc68b80f78f4d81192552ee6362f5cc81ee13bdc678ad65f06e76444cadb53b33694cfb3fc7679b8000411975fedd28a,blockNumber=1584
info|2023-07-07 23:27:14.388741|[RPCWS][SERVICE][updateGroupBlockNumber],groupID=group0,_blockNumber=1584
info|2023-07-07 23:27:14.388745|[RPCWS][SERVICE][onRecvBlockNotifier]block notifier callback,group=group0,node=2f993327933ad58672518b6d4f63920cbc68b80f78f4d81192552ee6362f5cc81ee13bdc678ad65f06e76444cadb53b33694cfb3fc7679b8000411975fedd28a,blockNumber=1584
info|2023-07-07 23:27:14.388749|[WS]receive block notify,endpoint=127.0.0.1:20201,blk={
	"blockNumber" : 1584,
	"group" : "group0",
	"nodeName" : "2f993327933ad58672518b6d4f63920cbc68b80f78f4d81192552ee6362f5cc81ee13bdc678ad65f06e76444cadb53b33694cfb3fc7679b8000411975fedd28a"
}
info|2023-07-07 23:27:14.389666|[RPC][BLOCK][NUMBER][fromJson],group=group0,node=98a7f70ec883a722219d92253cf073a72605f4087aa3443c8e4aadc0af2dc3ac647d0fa1b5ac99cd6987abafe6d690ae71cd5fd2aeeabe7589bfb4748aabdfba,blockNumber=1584
info|2023-07-07 23:27:14.389775|[RPCWS][SERVICE][onRecvBlockNotifier]receive block number notifier,group=group0,node=98a7f70ec883a722219d92253cf073a72605f4087aa3443c8e4aadc0af2dc3ac647d0fa1b5ac99cd6987abafe6d690ae71cd5fd2aeeabe7589bfb4748aabdfba,blockNumber=1584
info|2023-07-07 23:27:14.389786|[WS]receive block notify,endpoint=127.0.0.1:20200,blk={
	"blockNumber" : 1584,
	"group" : "group0",
	"nodeName" : "98a7f70ec883a722219d92253cf073a72605f4087aa3443c8e4aadc0af2dc3ac647d0fa1b5ac99cd6987abafe6d690ae71cd5fd2aeeabe7589bfb4748aabdfba"
}
info|2023-07-07 23:27:14.948836|[RPC][BLOCK][NUMBER][fromJson],group=group0,node=98a7f70ec883a722219d92253cf073a72605f4087aa3443c8e4aadc0af2dc3ac647d0fa1b5ac99cd6987abafe6d690ae71cd5fd2aeeabe7589bfb4748aabdfba,blockNumber=1585
info|2023-07-07 23:27:14.948899|[RPCWS][SERVICE][onRecvBlockNotifier]receive block number notifier,group=group0,node=98a7f70ec883a722219d92253cf073a72605f4087aa3443c8e4aadc0af2dc3ac647d0fa1b5ac99cd6987abafe6d690ae71cd5fd2aeeabe7589bfb4748aabdfba,blockNumber=1585
info|2023-07-07 23:27:14.948909|[RPCWS][SERVICE][updateGroupBlockNumber],groupID=group0,_blockNumber=1585
info|2023-07-07 23:27:14.948916|[RPCWS][SERVICE][onRecvBlockNotifier]block notifier callback,group=group0,node=98a7f70ec883a722219d92253cf073a72605f4087aa3443c8e4aadc0af2dc3ac647d0fa1b5ac99cd6987abafe6d690ae71cd5fd2aeeabe7589bfb4748aabdfba,blockNumber=1585
info|2023-07-07 23:27:14.948921|[WS]receive block notify,endpoint=127.0.0.1:20200,blk={
	"blockNumber" : 1585,
	"group" : "group0",
	"nodeName" : "98a7f70ec883a722219d92253cf073a72605f4087aa3443c8e4aadc0af2dc3ac647d0fa1b5ac99cd6987abafe6d690ae71cd5fd2aeeabe7589bfb4748aabdfba"
}
info|2023-07-07 23:27:15.015232|[RPC][BLOCK][NUMBER][fromJson],group=group0,node=2f993327933ad58672518b6d4f63920cbc68b80f78f4d81192552ee6362f5cc81ee13bdc678ad65f06e76444cadb53b33694cfb3fc7679b8000411975fedd28a,blockNumber=1585
info|2023-07-07 23:27:15.015287|[RPCWS][SERVICE][onRecvBlockNotifier]receive block number notifier,group=group0,node=2f993327933ad58672518b6d4f63920cbc68b80f78f4d81192552ee6362f5cc81ee13bdc678ad65f06e76444cadb53b33694cfb3fc7679b8000411975fedd28a,blockNumber=1585
info|2023-07-07 23:27:15.015295|[WS]receive block notify,endpoint=127.0.0.1:20201,blk={
	"blockNumber" : 1585,
	"group" : "group0",
	"nodeName" : "2f993327933ad58672518b6d4f63920cbc68b80f78f4d81192552ee6362f5cc81ee13bdc678ad65f06e76444cadb53b33694cfb3fc7679b8000411975fedd28a"
}
info|2023-07-07 23:27:15.573507|[RPC][BLOCK][NUMBER][fromJson],group=group0,node=98a7f70ec883a722219d92253cf073a72605f4087aa3443c8e4aadc0af2dc3ac647d0fa1b5ac99cd6987abafe6d690ae71cd5fd2aeeabe7589bfb4748aabdfba,blockNumber=1586
info|2023-07-07 23:27:15.573536|[RPCWS][SERVICE][onRecvBlockNotifier]receive block number notifier,group=group0,node=98a7f70ec883a722219d92253cf073a72605f4087aa3443c8e4aadc0af2dc3ac647d0fa1b5ac99cd6987abafe6d690ae71cd5fd2aeeabe7589bfb4748aabdfba,blockNumber=1586
info|2023-07-07 23:27:15.573543|[RPCWS][SERVICE][updateGroupBlockNumber],groupID=group0,_blockNumber=1586
info|2023-07-07 23:27:15.573573|[RPCWS][SERVICE][onRecvBlockNotifier]block notifier callback,group=group0,node=98a7f70ec883a722219d92253cf073a72605f4087aa3443c8e4aadc0af2dc3ac647d0fa1b5ac99cd6987abafe6d690ae71cd5fd2aeeabe7589bfb4748aabdfba,blockNumber=1586
info|2023-07-07 23:27:15.573582|[WS]receive block notify,endpoint=127.0.0.1:20200,blk={
	"blockNumber" : 1586,
	"group" : "group0",
	"nodeName" : "98a7f70ec883a722219d92253cf073a72605f4087aa3443c8e4aadc0af2dc3ac647d0fa1b5ac99cd6987abafe6d690ae71cd5fd2aeeabe7589bfb4748aabdfba"
}
info|2023-07-07 23:27:15.604349|[RPC][BLOCK][NUMBER][fromJson],group=group0,node=2f993327933ad58672518b6d4f63920cbc68b80f78f4d81192552ee6362f5cc81ee13bdc678ad65f06e76444cadb53b33694cfb3fc7679b8000411975fedd28a,blockNumber=1586
info|2023-07-07 23:27:15.604382|[RPCWS][SERVICE][onRecvBlockNotifier]receive block number notifier,group=group0,node=2f993327933ad58672518b6d4f63920cbc68b80f78f4d81192552ee6362f5cc81ee13bdc678ad65f06e76444cadb53b33694cfb3fc7679b8000411975fedd28a,blockNumber=1586
info|2023-07-07 23:27:15.604390|[WS]receive block notify,endpoint=127.0.0.1:20201,blk={
	"blockNumber" : 1586,
	"group" : "group0",
	"nodeName" : "2f993327933ad58672518b6d4f63920cbc68b80f78f4d81192552ee6362f5cc81ee13bdc678ad65f06e76444cadb53b33694cfb3fc7679b8000411975fedd28a"
}
info|2023-07-07 23:27:16.121204|[RPC][BLOCK][NUMBER][fromJson],group=group0,node=98a7f70ec883a722219d92253cf073a72605f4087aa3443c8e4aadc0af2dc3ac647d0fa1b5ac99cd6987abafe6d690ae71cd5fd2aeeabe7589bfb4748aabdfba,blockNumber=1587
info|2023-07-07 23:27:16.121245|[RPCWS][SERVICE][onRecvBlockNotifier]receive block number notifier,group=group0,node=98a7f70ec883a722219d92253cf073a72605f4087aa3443c8e4aadc0af2dc3ac647d0fa1b5ac99cd6987abafe6d690ae71cd5fd2aeeabe7589bfb4748aabdfba,blockNumber=1587
info|2023-07-07 23:27:16.121251|[RPCWS][SERVICE][updateGroupBlockNumber],groupID=group0,_blockNumber=1587
info|2023-07-07 23:27:16.121255|[RPCWS][SERVICE][onRecvBlockNotifier]block notifier callback,group=group0,node=98a7f70ec883a722219d92253cf073a72605f4087aa3443c8e4aadc0af2dc3ac647d0fa1b5ac99cd6987abafe6d690ae71cd5fd2aeeabe7589bfb4748aabdfba,blockNumber=1587
info|2023-07-07 23:27:16.121259|[WS]receive block notify,endpoint=127.0.0.1:20200,blk={
	"blockNumber" : 1587,
	"group" : "group0",
	"nodeName" : "98a7f70ec883a722219d92253cf073a72605f4087aa3443c8e4aadc0af2dc3ac647d0fa1b5ac99cd6987abafe6d690ae71cd5fd2aeeabe7589bfb4748aabdfba"
}
info|2023-07-07 23:27:16.162882|[RPC][BLOCK][NUMBER][fromJson],group=group0,node=2f993327933ad58672518b6d4f63920cbc68b80f78f4d81192552ee6362f5cc81ee13bdc678ad65f06e76444cadb53b33694cfb3fc7679b8000411975fedd28a,blockNumber=1587
info|2023-07-07 23:27:16.162903|[RPCWS][SERVICE][onRecvBlockNotifier]receive block number notifier,group=group0,node=2f993327933ad58672518b6d4f63920cbc68b80f78f4d81192552ee6362f5cc81ee13bdc678ad65f06e76444cadb53b33694cfb3fc7679b8000411975fedd28a,blockNumber=1587
info|2023-07-07 23:27:16.162909|[WS]receive block notify,endpoint=127.0.0.1:20201,blk={
	"blockNumber" : 1587,
	"group" : "group0",
	"nodeName" : "2f993327933ad58672518b6d4f63920cbc68b80f78f4d81192552ee6362f5cc81ee13bdc678ad65f06e76444cadb53b33694cfb3fc7679b8000411975fedd28a"
}
info|2023-07-07 23:27:16.698175|[RPC][BLOCK][NUMBER][fromJson],group=group0,node=98a7f70ec883a722219d92253cf073a72605f4087aa3443c8e4aadc0af2dc3ac647d0fa1b5ac99cd6987abafe6d690ae71cd5fd2aeeabe7589bfb4748aabdfba,blockNumber=1588
info|2023-07-07 23:27:16.698231|[RPCWS][SERVICE][onRecvBlockNotifier]receive block number notifier,group=group0,node=98a7f70ec883a722219d92253cf073a72605f4087aa3443c8e4aadc0af2dc3ac647d0fa1b5ac99cd6987abafe6d690ae71cd5fd2aeeabe7589bfb4748aabdfba,blockNumber=1588
info|2023-07-07 23:27:16.698239|[RPCWS][SERVICE][updateGroupBlockNumber],groupID=group0,_blockNumber=1588
info|2023-07-07 23:27:16.698244|[RPCWS][SERVICE][onRecvBlockNotifier]block notifier callback,group=group0,node=98a7f70ec883a722219d92253cf073a72605f4087aa3443c8e4aadc0af2dc3ac647d0fa1b5ac99cd6987abafe6d690ae71cd5fd2aeeabe7589bfb4748aabdfba,blockNumber=1588
info|2023-07-07 23:27:16.698248|[WS]receive block notify,endpoint=127.0.0.1:20200,blk={
	"blockNumber" : 1588,
	"group" : "group0",
	"nodeName" : "98a7f70ec883a722219d92253cf073a72605f4087aa3443c8e4aadc0af2dc3ac647d0fa1b5ac99cd6987abafe6d690ae71cd5fd2aeeabe7589bfb4748aabdfba"
}
info|2023-07-07 23:27:16.723165|[RPC][BLOCK][NUMBER][fromJson],group=group0,node=2f993327933ad58672518b6d4f63920cbc68b80f78f4d81192552ee6362f5cc81ee13bdc678ad65f06e76444cadb53b33694cfb3fc7679b8000411975fedd28a,blockNumber=1588
info|2023-07-07 23:27:16.723199|[RPCWS][SERVICE][onRecvBlockNotifier]receive block number notifier,group=group0,node=2f993327933ad58672518b6d4f63920cbc68b80f78f4d81192552ee6362f5cc81ee13bdc678ad65f06e76444cadb53b33694cfb3fc7679b8000411975fedd28a,blockNumber=1588
info|2023-07-07 23:27:16.723207|[WS]receive block notify,endpoint=127.0.0.1:20201,blk={
	"blockNumber" : 1588,
	"group" : "group0",
	"nodeName" : "2f993327933ad58672518b6d4f63920cbc68b80f78f4d81192552ee6362f5cc81ee13bdc678ad65f06e76444cadb53b33694cfb3fc7679b8000411975fedd28a"
}
info|2023-07-07 23:27:17.213496|[RPC][BLOCK][NUMBER][fromJson],group=group0,node=98a7f70ec883a722219d92253cf073a72605f4087aa3443c8e4aadc0af2dc3ac647d0fa1b5ac99cd6987abafe6d690ae71cd5fd2aeeabe7589bfb4748aabdfba,blockNumber=1589
info|2023-07-07 23:27:17.213521|[RPCWS][SERVICE][onRecvBlockNotifier]receive block number notifier,group=group0,node=98a7f70ec883a722219d92253cf073a72605f4087aa3443c8e4aadc0af2dc3ac647d0fa1b5ac99cd6987abafe6d690ae71cd5fd2aeeabe7589bfb4748aabdfba,blockNumber=1589
info|2023-07-07 23:27:17.213527|[RPCWS][SERVICE][updateGroupBlockNumber],groupID=group0,_blockNumber=1589
info|2023-07-07 23:27:17.213532|[RPCWS][SERVICE][onRecvBlockNotifier]block notifier callback,group=group0,node=98a7f70ec883a722219d92253cf073a72605f4087aa3443c8e4aadc0af2dc3ac647d0fa1b5ac99cd6987abafe6d690ae71cd5fd2aeeabe7589bfb4748aabdfba,blockNumber=1589
info|2023-07-07 23:27:17.213537|[WS]receive block notify,endpoint=127.0.0.1:20200,blk={
	"blockNumber" : 1589,
	"group" : "group0",
	"nodeName" : "98a7f70ec883a722219d92253cf073a72605f4087aa3443c8e4aadc0af2dc3ac647d0fa1b5ac99cd6987abafe6d690ae71cd5fd2aeeabe7589bfb4748aabdfba"
}
info|2023-07-07 23:27:17.239116|[RPC][BLOCK][NUMBER][fromJson],group=group0,node=2f993327933ad58672518b6d4f63920cbc68b80f78f4d81192552ee6362f5cc81ee13bdc678ad65f06e76444cadb53b33694cfb3fc7679b8000411975fedd28a,blockNumber=1589
info|2023-07-07 23:27:17.239137|[RPCWS][SERVICE][onRecvBlockNotifier]receive block number notifier,group=group0,node=2f993327933ad58672518b6d4f63920cbc68b80f78f4d81192552ee6362f5cc81ee13bdc678ad65f06e76444cadb53b33694cfb3fc7679b8000411975fedd28a,blockNumber=1589
info|2023-07-07 23:27:17.239143|[WS]receive block notify,endpoint=127.0.0.1:20201,blk={
	"blockNumber" : 1589,
	"group" : "group0",
	"nodeName" : "2f993327933ad58672518b6d4f63920cbc68b80f78f4d81192552ee6362f5cc81ee13bdc678ad65f06e76444cadb53b33694cfb3fc7679b8000411975fedd28a"
}
info|2023-07-07 23:27:17.841534|[RPC][BLOCK][NUMBER][fromJson],group=group0,node=98a7f70ec883a722219d92253cf073a72605f4087aa3443c8e4aadc0af2dc3ac647d0fa1b5ac99cd6987abafe6d690ae71cd5fd2aeeabe7589bfb4748aabdfba,blockNumber=1590
info|2023-07-07 23:27:17.841580|[RPCWS][SERVICE][onRecvBlockNotifier]receive block number notifier,group=group0,node=98a7f70ec883a722219d92253cf073a72605f4087aa3443c8e4aadc0af2dc3ac647d0fa1b5ac99cd6987abafe6d690ae71cd5fd2aeeabe7589bfb4748aabdfba,blockNumber=1590
info|2023-07-07 23:27:17.841589|[RPCWS][SERVICE][updateGroupBlockNumber],groupID=group0,_blockNumber=1590
info|2023-07-07 23:27:17.841595|[RPCWS][SERVICE][onRecvBlockNotifier]block notifier callback,group=group0,node=98a7f70ec883a722219d92253cf073a72605f4087aa3443c8e4aadc0af2dc3ac647d0fa1b5ac99cd6987abafe6d690ae71cd5fd2aeeabe7589bfb4748aabdfba,blockNumber=1590
info|2023-07-07 23:27:17.841600|[WS]receive block notify,endpoint=127.0.0.1:20200,blk={
	"blockNumber" : 1590,
	"group" : "group0",
	"nodeName" : "98a7f70ec883a722219d92253cf073a72605f4087aa3443c8e4aadc0af2dc3ac647d0fa1b5ac99cd6987abafe6d690ae71cd5fd2aeeabe7589bfb4748aabdfba"
}
info|2023-07-07 23:27:17.853390|[RPC][BLOCK][NUMBER][fromJson],group=group0,node=2f993327933ad58672518b6d4f63920cbc68b80f78f4d81192552ee6362f5cc81ee13bdc678ad65f06e76444cadb53b33694cfb3fc7679b8000411975fedd28a,blockNumber=1590
info|2023-07-07 23:27:17.853434|[RPCWS][SERVICE][onRecvBlockNotifier]receive block number notifier,group=group0,node=2f993327933ad58672518b6d4f63920cbc68b80f78f4d81192552ee6362f5cc81ee13bdc678ad65f06e76444cadb53b33694cfb3fc7679b8000411975fedd28a,blockNumber=1590
info|2023-07-07 23:27:17.853444|[WS]receive block notify,endpoint=127.0.0.1:20201,blk={
	"blockNumber" : 1590,
	"group" : "group0",
	"nodeName" : "2f993327933ad58672518b6d4f63920cbc68b80f78f4d81192552ee6362f5cc81ee13bdc678ad65f06e76444cadb53b33694cfb3fc7679b8000411975fedd28a"
}
info|2023-07-07 23:27:18.432132|[RPC][BLOCK][NUMBER][fromJson],group=group0,node=98a7f70ec883a722219d92253cf073a72605f4087aa3443c8e4aadc0af2dc3ac647d0fa1b5ac99cd6987abafe6d690ae71cd5fd2aeeabe7589bfb4748aabdfba,blockNumber=1591
info|2023-07-07 23:27:18.432153|[RPCWS][SERVICE][onRecvBlockNotifier]receive block number notifier,group=group0,node=98a7f70ec883a722219d92253cf073a72605f4087aa3443c8e4aadc0af2dc3ac647d0fa1b5ac99cd6987abafe6d690ae71cd5fd2aeeabe7589bfb4748aabdfba,blockNumber=1591
info|2023-07-07 23:27:18.432159|[RPCWS][SERVICE][updateGroupBlockNumber],groupID=group0,_blockNumber=1591
info|2023-07-07 23:27:18.432162|[RPCWS][SERVICE][onRecvBlockNotifier]block notifier callback,group=group0,node=98a7f70ec883a722219d92253cf073a72605f4087aa3443c8e4aadc0af2dc3ac647d0fa1b5ac99cd6987abafe6d690ae71cd5fd2aeeabe7589bfb4748aabdfba,blockNumber=1591
info|2023-07-07 23:27:18.432166|[WS]receive block notify,endpoint=127.0.0.1:20200,blk={
	"blockNumber" : 1591,
	"group" : "group0",
	"nodeName" : "98a7f70ec883a722219d92253cf073a72605f4087aa3443c8e4aadc0af2dc3ac647d0fa1b5ac99cd6987abafe6d690ae71cd5fd2aeeabe7589bfb4748aabdfba"
}
info|2023-07-07 23:27:18.452558|[RPC][BLOCK][NUMBER][fromJson],group=group0,node=2f993327933ad58672518b6d4f63920cbc68b80f78f4d81192552ee6362f5cc81ee13bdc678ad65f06e76444cadb53b33694cfb3fc7679b8000411975fedd28a,blockNumber=1591
info|2023-07-07 23:27:18.452578|[RPCWS][SERVICE][onRecvBlockNotifier]receive block number notifier,group=group0,node=2f993327933ad58672518b6d4f63920cbc68b80f78f4d81192552ee6362f5cc81ee13bdc678ad65f06e76444cadb53b33694cfb3fc7679b8000411975fedd28a,blockNumber=1591
info|2023-07-07 23:27:18.452585|[WS]receive block notify,endpoint=127.0.0.1:20201,blk={
	"blockNumber" : 1591,
	"group" : "group0",
	"nodeName" : "2f993327933ad58672518b6d4f63920cbc68b80f78f4d81192552ee6362f5cc81ee13bdc678ad65f06e76444cadb53b33694cfb3fc7679b8000411975fedd28a"
}
info|2023-07-07 23:27:18.989237|[RPC][BLOCK][NUMBER][fromJson],group=group0,node=98a7f70ec883a722219d92253cf073a72605f4087aa3443c8e4aadc0af2dc3ac647d0fa1b5ac99cd6987abafe6d690ae71cd5fd2aeeabe7589bfb4748aabdfba,blockNumber=1592
info|2023-07-07 23:27:18.989275|[RPCWS][SERVICE][onRecvBlockNotifier]receive block number notifier,group=group0,node=98a7f70ec883a722219d92253cf073a72605f4087aa3443c8e4aadc0af2dc3ac647d0fa1b5ac99cd6987abafe6d690ae71cd5fd2aeeabe7589bfb4748aabdfba,blockNumber=1592
info|2023-07-07 23:27:18.989286|[RPCWS][SERVICE][updateGroupBlockNumber],groupID=group0,_blockNumber=1592
info|2023-07-07 23:27:18.989295|[RPCWS][SERVICE][onRecvBlockNotifier]block notifier callback,group=group0,node=98a7f70ec883a722219d92253cf073a72605f4087aa3443c8e4aadc0af2dc3ac647d0fa1b5ac99cd6987abafe6d690ae71cd5fd2aeeabe7589bfb4748aabdfba,blockNumber=1592
info|2023-07-07 23:27:18.989303|[WS]receive block notify,endpoint=127.0.0.1:20200,blk={
	"blockNumber" : 1592,
	"group" : "group0",
	"nodeName" : "98a7f70ec883a722219d92253cf073a72605f4087aa3443c8e4aadc0af2dc3ac647d0fa1b5ac99cd6987abafe6d690ae71cd5fd2aeeabe7589bfb4748aabdfba"
}
info|2023-07-07 23:27:19.076205|[RPC][BLOCK][NUMBER][fromJson],group=group0,node=2f993327933ad58672518b6d4f63920cbc68b80f78f4d81192552ee6362f5cc81ee13bdc678ad65f06e76444cadb53b33694cfb3fc7679b8000411975fedd28a,blockNumber=1592
info|2023-07-07 23:27:19.076283|[RPCWS][SERVICE][onRecvBlockNotifier]receive block number notifier,group=group0,node=2f993327933ad58672518b6d4f63920cbc68b80f78f4d81192552ee6362f5cc81ee13bdc678ad65f06e76444cadb53b33694cfb3fc7679b8000411975fedd28a,blockNumber=1592
info|2023-07-07 23:27:19.076298|[WS]receive block notify,endpoint=127.0.0.1:20201,blk={
	"blockNumber" : 1592,
	"group" : "group0",
	"nodeName" : "2f993327933ad58672518b6d4f63920cbc68b80f78f4d81192552ee6362f5cc81ee13bdc678ad65f06e76444cadb53b33694cfb3fc7679b8000411975fedd28a"
}
info|2023-07-07 23:27:19.557853|[RPC][BLOCK][NUMBER][fromJson],group=group0,node=98a7f70ec883a722219d92253cf073a72605f4087aa3443c8e4aadc0af2dc3ac647d0fa1b5ac99cd6987abafe6d690ae71cd5fd2aeeabe7589bfb4748aabdfba,blockNumber=1593
info|2023-07-07 23:27:19.557882|[RPCWS][SERVICE][onRecvBlockNotifier]receive block number notifier,group=group0,node=98a7f70ec883a722219d92253cf073a72605f4087aa3443c8e4aadc0af2dc3ac647d0fa1b5ac99cd6987abafe6d690ae71cd5fd2aeeabe7589bfb4748aabdfba,blockNumber=1593
info|2023-07-07 23:27:19.557891|[RPCWS][SERVICE][updateGroupBlockNumber],groupID=group0,_blockNumber=1593
info|2023-07-07 23:27:19.557933|[RPCWS][SERVICE][onRecvBlockNotifier]block notifier callback,group=group0,node=98a7f70ec883a722219d92253cf073a72605f4087aa3443c8e4aadc0af2dc3ac647d0fa1b5ac99cd6987abafe6d690ae71cd5fd2aeeabe7589bfb4748aabdfba,blockNumber=1593
info|2023-07-07 23:27:19.557945|[WS]receive block notify,endpoint=127.0.0.1:20200,blk={
	"blockNumber" : 1593,
	"group" : "group0",
	"nodeName" : "98a7f70ec883a722219d92253cf073a72605f4087aa3443c8e4aadc0af2dc3ac647d0fa1b5ac99cd6987abafe6d690ae71cd5fd2aeeabe7589bfb4748aabdfba"
}
info|2023-07-07 23:27:19.615160|[RPC][BLOCK][NUMBER][fromJson],group=group0,node=2f993327933ad58672518b6d4f63920cbc68b80f78f4d81192552ee6362f5cc81ee13bdc678ad65f06e76444cadb53b33694cfb3fc7679b8000411975fedd28a,blockNumber=1593
info|2023-07-07 23:27:19.615214|[RPCWS][SERVICE][onRecvBlockNotifier]receive block number notifier,group=group0,node=2f993327933ad58672518b6d4f63920cbc68b80f78f4d81192552ee6362f5cc81ee13bdc678ad65f06e76444cadb53b33694cfb3fc7679b8000411975fedd28a,blockNumber=1593
info|2023-07-07 23:27:19.615234|[WS]receive block notify,endpoint=127.0.0.1:20201,blk={
	"blockNumber" : 1593,
	"group" : "group0",
	"nodeName" : "2f993327933ad58672518b6d4f63920cbc68b80f78f4d81192552ee6362f5cc81ee13bdc678ad65f06e76444cadb53b33694cfb3fc7679b8000411975fedd28a"
}
info|2023-07-07 23:27:20.195785|[RPC][BLOCK][NUMBER][fromJson],group=group0,node=98a7f70ec883a722219d92253cf073a72605f4087aa3443c8e4aadc0af2dc3ac647d0fa1b5ac99cd6987abafe6d690ae71cd5fd2aeeabe7589bfb4748aabdfba,blockNumber=1594
info|2023-07-07 23:27:20.195834|[RPCWS][SERVICE][onRecvBlockNotifier]receive block number notifier,group=group0,node=98a7f70ec883a722219d92253cf073a72605f4087aa3443c8e4aadc0af2dc3ac647d0fa1b5ac99cd6987abafe6d690ae71cd5fd2aeeabe7589bfb4748aabdfba,blockNumber=1594
info|2023-07-07 23:27:20.195843|[RPCWS][SERVICE][updateGroupBlockNumber],groupID=group0,_blockNumber=1594
info|2023-07-07 23:27:20.195850|[RPCWS][SERVICE][onRecvBlockNotifier]block notifier callback,group=group0,node=98a7f70ec883a722219d92253cf073a72605f4087aa3443c8e4aadc0af2dc3ac647d0fa1b5ac99cd6987abafe6d690ae71cd5fd2aeeabe7589bfb4748aabdfba,blockNumber=1594
info|2023-07-07 23:27:20.195855|[WS]receive block notify,endpoint=127.0.0.1:20200,blk={
	"blockNumber" : 1594,
	"group" : "group0",
	"nodeName" : "98a7f70ec883a722219d92253cf073a72605f4087aa3443c8e4aadc0af2dc3ac647d0fa1b5ac99cd6987abafe6d690ae71cd5fd2aeeabe7589bfb4748aabdfba"
}
info|2023-07-07 23:27:20.264545|[RPC][BLOCK][NUMBER][fromJson],group=group0,node=2f993327933ad58672518b6d4f63920cbc68b80f78f4d81192552ee6362f5cc81ee13bdc678ad65f06e76444cadb53b33694cfb3fc7679b8000411975fedd28a,blockNumber=1594
info|2023-07-07 23:27:20.264626|[RPCWS][SERVICE][onRecvBlockNotifier]receive block number notifier,group=group0,node=2f993327933ad58672518b6d4f63920cbc68b80f78f4d81192552ee6362f5cc81ee13bdc678ad65f06e76444cadb53b33694cfb3fc7679b8000411975fedd28a,blockNumber=1594
info|2023-07-07 23:27:20.264646|[WS]receive block notify,endpoint=127.0.0.1:20201,blk={
	"blockNumber" : 1594,
	"group" : "group0",
	"nodeName" : "2f993327933ad58672518b6d4f63920cbc68b80f78f4d81192552ee6362f5cc81ee13bdc678ad65f06e76444cadb53b33694cfb3fc7679b8000411975fedd28a"
}
info|2023-07-07 23:27:20.780317|[RPC][BLOCK][NUMBER][fromJson],group=group0,node=98a7f70ec883a722219d92253cf073a72605f4087aa3443c8e4aadc0af2dc3ac647d0fa1b5ac99cd6987abafe6d690ae71cd5fd2aeeabe7589bfb4748aabdfba,blockNumber=1595
info|2023-07-07 23:27:20.780348|[RPCWS][SERVICE][onRecvBlockNotifier]receive block number notifier,group=group0,node=98a7f70ec883a722219d92253cf073a72605f4087aa3443c8e4aadc0af2dc3ac647d0fa1b5ac99cd6987abafe6d690ae71cd5fd2aeeabe7589bfb4748aabdfba,blockNumber=1595
info|2023-07-07 23:27:20.780357|[RPCWS][SERVICE][updateGroupBlockNumber],groupID=group0,_blockNumber=1595
info|2023-07-07 23:27:20.780363|[RPCWS][SERVICE][onRecvBlockNotifier]block notifier callback,group=group0,node=98a7f70ec883a722219d92253cf073a72605f4087aa3443c8e4aadc0af2dc3ac647d0fa1b5ac99cd6987abafe6d690ae71cd5fd2aeeabe7589bfb4748aabdfba,blockNumber=1595
info|2023-07-07 23:27:20.780368|[WS]receive block notify,endpoint=127.0.0.1:20200,blk={
	"blockNumber" : 1595,
	"group" : "group0",
	"nodeName" : "98a7f70ec883a722219d92253cf073a72605f4087aa3443c8e4aadc0af2dc3ac647d0fa1b5ac99cd6987abafe6d690ae71cd5fd2aeeabe7589bfb4748aabdfba"
}
info|2023-07-07 23:27:20.853881|[RPC][BLOCK][NUMBER][fromJson],group=group0,node=2f993327933ad58672518b6d4f63920cbc68b80f78f4d81192552ee6362f5cc81ee13bdc678ad65f06e76444cadb53b33694cfb3fc7679b8000411975fedd28a,blockNumber=1595
info|2023-07-07 23:27:20.853948|[RPCWS][SERVICE][onRecvBlockNotifier]receive block number notifier,group=group0,node=2f993327933ad58672518b6d4f63920cbc68b80f78f4d81192552ee6362f5cc81ee13bdc678ad65f06e76444cadb53b33694cfb3fc7679b8000411975fedd28a,blockNumber=1595
info|2023-07-07 23:27:20.853969|[WS]receive block notify,endpoint=127.0.0.1:20201,blk={
	"blockNumber" : 1595,
	"group" : "group0",
	"nodeName" : "2f993327933ad58672518b6d4f63920cbc68b80f78f4d81192552ee6362f5cc81ee13bdc678ad65f06e76444cadb53b33694cfb3fc7679b8000411975fedd28a"
}
info|2023-07-07 23:27:21.294233|[RPC][BLOCK][NUMBER][fromJson],group=group0,node=98a7f70ec883a722219d92253cf073a72605f4087aa3443c8e4aadc0af2dc3ac647d0fa1b5ac99cd6987abafe6d690ae71cd5fd2aeeabe7589bfb4748aabdfba,blockNumber=1596
info|2023-07-07 23:27:21.294263|[RPCWS][SERVICE][onRecvBlockNotifier]receive block number notifier,group=group0,node=98a7f70ec883a722219d92253cf073a72605f4087aa3443c8e4aadc0af2dc3ac647d0fa1b5ac99cd6987abafe6d690ae71cd5fd2aeeabe7589bfb4748aabdfba,blockNumber=1596
info|2023-07-07 23:27:21.294272|[RPCWS][SERVICE][updateGroupBlockNumber],groupID=group0,_blockNumber=1596
info|2023-07-07 23:27:21.294280|[RPCWS][SERVICE][onRecvBlockNotifier]block notifier callback,group=group0,node=98a7f70ec883a722219d92253cf073a72605f4087aa3443c8e4aadc0af2dc3ac647d0fa1b5ac99cd6987abafe6d690ae71cd5fd2aeeabe7589bfb4748aabdfba,blockNumber=1596
info|2023-07-07 23:27:21.294286|[WS]receive block notify,endpoint=127.0.0.1:20200,blk={
	"blockNumber" : 1596,
	"group" : "group0",
	"nodeName" : "98a7f70ec883a722219d92253cf073a72605f4087aa3443c8e4aadc0af2dc3ac647d0fa1b5ac99cd6987abafe6d690ae71cd5fd2aeeabe7589bfb4748aabdfba"
}
info|2023-07-07 23:27:21.309383|[RPC][BLOCK][NUMBER][fromJson],group=group0,node=2f993327933ad58672518b6d4f63920cbc68b80f78f4d81192552ee6362f5cc81ee13bdc678ad65f06e76444cadb53b33694cfb3fc7679b8000411975fedd28a,blockNumber=1596
info|2023-07-07 23:27:21.309438|[RPCWS][SERVICE][onRecvBlockNotifier]receive block number notifier,group=group0,node=2f993327933ad58672518b6d4f63920cbc68b80f78f4d81192552ee6362f5cc81ee13bdc678ad65f06e76444cadb53b33694cfb3fc7679b8000411975fedd28a,blockNumber=1596
info|2023-07-07 23:27:21.309450|[WS]receive block notify,endpoint=127.0.0.1:20201,blk={
	"blockNumber" : 1596,
	"group" : "group0",
	"nodeName" : "2f993327933ad58672518b6d4f63920cbc68b80f78f4d81192552ee6362f5cc81ee13bdc678ad65f06e76444cadb53b33694cfb3fc7679b8000411975fedd28a"
}
info|2023-07-07 23:27:21.871899|[RPC][BLOCK][NUMBER][fromJson],group=group0,node=98a7f70ec883a722219d92253cf073a72605f4087aa3443c8e4aadc0af2dc3ac647d0fa1b5ac99cd6987abafe6d690ae71cd5fd2aeeabe7589bfb4748aabdfba,blockNumber=1597
info|2023-07-07 23:27:21.871926|[RPCWS][SERVICE][onRecvBlockNotifier]receive block number notifier,group=group0,node=98a7f70ec883a722219d92253cf073a72605f4087aa3443c8e4aadc0af2dc3ac647d0fa1b5ac99cd6987abafe6d690ae71cd5fd2aeeabe7589bfb4748aabdfba,blockNumber=1597
info|2023-07-07 23:27:21.871967|[RPCWS][SERVICE][updateGroupBlockNumber],groupID=group0,_blockNumber=1597
info|2023-07-07 23:27:21.871976|[RPCWS][SERVICE][onRecvBlockNotifier]block notifier callback,group=group0,node=98a7f70ec883a722219d92253cf073a72605f4087aa3443c8e4aadc0af2dc3ac647d0fa1b5ac99cd6987abafe6d690ae71cd5fd2aeeabe7589bfb4748aabdfba,blockNumber=1597
info|2023-07-07 23:27:21.871982|[WS]receive block notify,endpoint=127.0.0.1:20200,blk={
	"blockNumber" : 1597,
	"group" : "group0",
	"nodeName" : "98a7f70ec883a722219d92253cf073a72605f4087aa3443c8e4aadc0af2dc3ac647d0fa1b5ac99cd6987abafe6d690ae71cd5fd2aeeabe7589bfb4748aabdfba"
}
info|2023-07-07 23:27:21.903929|[RPC][BLOCK][NUMBER][fromJson],group=group0,node=2f993327933ad58672518b6d4f63920cbc68b80f78f4d81192552ee6362f5cc81ee13bdc678ad65f06e76444cadb53b33694cfb3fc7679b8000411975fedd28a,blockNumber=1597
info|2023-07-07 23:27:21.904031|[RPCWS][SERVICE][onRecvBlockNotifier]receive block number notifier,group=group0,node=2f993327933ad58672518b6d4f63920cbc68b80f78f4d81192552ee6362f5cc81ee13bdc678ad65f06e76444cadb53b33694cfb3fc7679b8000411975fedd28a,blockNumber=1597
info|2023-07-07 23:27:21.904057|[WS]receive block notify,endpoint=127.0.0.1:20201,blk={
	"blockNumber" : 1597,
	"group" : "group0",
	"nodeName" : "2f993327933ad58672518b6d4f63920cbc68b80f78f4d81192552ee6362f5cc81ee13bdc678ad65f06e76444cadb53b33694cfb3fc7679b8000411975fedd28a"
}
info|2023-07-07 23:27:22.453885|[RPC][BLOCK][NUMBER][fromJson],group=group0,node=98a7f70ec883a722219d92253cf073a72605f4087aa3443c8e4aadc0af2dc3ac647d0fa1b5ac99cd6987abafe6d690ae71cd5fd2aeeabe7589bfb4748aabdfba,blockNumber=1598
info|2023-07-07 23:27:22.453935|[RPCWS][SERVICE][onRecvBlockNotifier]receive block number notifier,group=group0,node=98a7f70ec883a722219d92253cf073a72605f4087aa3443c8e4aadc0af2dc3ac647d0fa1b5ac99cd6987abafe6d690ae71cd5fd2aeeabe7589bfb4748aabdfba,blockNumber=1598
info|2023-07-07 23:27:22.453946|[RPCWS][SERVICE][updateGroupBlockNumber],groupID=group0,_blockNumber=1598
info|2023-07-07 23:27:22.453952|[RPCWS][SERVICE][onRecvBlockNotifier]block notifier callback,group=group0,node=98a7f70ec883a722219d92253cf073a72605f4087aa3443c8e4aadc0af2dc3ac647d0fa1b5ac99cd6987abafe6d690ae71cd5fd2aeeabe7589bfb4748aabdfba,blockNumber=1598
info|2023-07-07 23:27:22.453957|[WS]receive block notify,endpoint=127.0.0.1:20200,blk={
	"blockNumber" : 1598,
	"group" : "group0",
	"nodeName" : "98a7f70ec883a722219d92253cf073a72605f4087aa3443c8e4aadc0af2dc3ac647d0fa1b5ac99cd6987abafe6d690ae71cd5fd2aeeabe7589bfb4748aabdfba"
}
info|2023-07-07 23:27:22.521189|[RPC][BLOCK][NUMBER][fromJson],group=group0,node=2f993327933ad58672518b6d4f63920cbc68b80f78f4d81192552ee6362f5cc81ee13bdc678ad65f06e76444cadb53b33694cfb3fc7679b8000411975fedd28a,blockNumber=1598
info|2023-07-07 23:27:22.521242|[RPCWS][SERVICE][onRecvBlockNotifier]receive block number notifier,group=group0,node=2f993327933ad58672518b6d4f63920cbc68b80f78f4d81192552ee6362f5cc81ee13bdc678ad65f06e76444cadb53b33694cfb3fc7679b8000411975fedd28a,blockNumber=1598
info|2023-07-07 23:27:22.521254|[WS]receive block notify,endpoint=127.0.0.1:20201,blk={
	"blockNumber" : 1598,
	"group" : "group0",
	"nodeName" : "2f993327933ad58672518b6d4f63920cbc68b80f78f4d81192552ee6362f5cc81ee13bdc678ad65f06e76444cadb53b33694cfb3fc7679b8000411975fedd28a"
}
info|2023-07-07 23:27:25.803568|[SDK][WS][SERVICE]connected nodes,count=2
info|2023-07-07 23:27:26.123865|[EVENT][SUB][doLoop]event sub tasks report,working event sub count=0,suspend event sub count=0
info|2023-07-07 23:27:45.803837|[SDK][WS][SERVICE]connected nodes,count=2
info|2023-07-07 23:27:46.123978|[EVENT][SUB][doLoop]event sub tasks report,working event sub count=0,suspend event sub count=0
info|2023-07-07 23:28:05.804200|[SDK][WS][SERVICE]connected nodes,count=2
info|2023-07-07 23:28:06.124358|[EVENT][SUB][doLoop]event sub tasks report,working event sub count=0,suspend event sub count=0
info|2023-07-07 23:28:25.805082|[SDK][WS][SERVICE]connected nodes,count=2
info|2023-07-07 23:28:26.124440|[EVENT][SUB][doLoop]event sub tasks report,working event sub count=0,suspend event sub count=0
info|2023-07-07 23:28:45.805510|[SDK][WS][SERVICE]connected nodes,count=2
info|2023-07-07 23:28:46.124538|[EVENT][SUB][doLoop]event sub tasks report,working event sub count=0,suspend event sub count=0
info|2023-07-07 23:29:05.805936|[SDK][WS][SERVICE]connected nodes,count=2
info|2023-07-07 23:29:06.124631|[EVENT][SUB][doLoop]event sub tasks report,working event sub count=0,suspend event sub count=0
info|2023-07-07 23:29:25.806163|[SDK][WS][SERVICE]connected nodes,count=2
info|2023-07-07 23:29:26.125346|[EVENT][SUB][doLoop]event sub tasks report,working event sub count=0,suspend event sub count=0
info|2023-07-07 23:29:45.806383|[SDK][WS][SERVICE]connected nodes,count=2
info|2023-07-07 23:29:46.125588|[EVENT][SUB][doLoop]event sub tasks report,working event sub count=0,suspend event sub count=0
info|2023-07-07 23:30:05.806589|[SDK][WS][SERVICE]connected nodes,count=2
info|2023-07-07 23:30:06.126151|[EVENT][SUB][doLoop]event sub tasks report,working event sub count=0,suspend event sub count=0
info|2023-07-07 23:30:25.807644|[SDK][WS][SERVICE]connected nodes,count=2
info|2023-07-07 23:30:26.126471|[EVENT][SUB][doLoop]event sub tasks report,working event sub count=0,suspend event sub count=0
info|2023-07-07 23:30:45.808142|[SDK][WS][SERVICE]connected nodes,count=2
info|2023-07-07 23:30:46.127213|[EVENT][SUB][doLoop]event sub tasks report,working event sub count=0,suspend event sub count=0
info|2023-07-07 23:31:05.808362|[SDK][WS][SERVICE]connected nodes,count=2
info|2023-07-07 23:31:06.127986|[EVENT][SUB][doLoop]event sub tasks report,working event sub count=0,suspend event sub count=0
info|2023-07-07 23:31:25.809090|[SDK][WS][SERVICE]connected nodes,count=2
info|2023-07-07 23:31:26.128358|[EVENT][SUB][doLoop]event sub tasks report,working event sub count=0,suspend event sub count=0
info|2023-07-07 23:31:45.809686|[SDK][WS][SERVICE]connected nodes,count=2
info|2023-07-07 23:31:46.128833|[EVENT][SUB][doLoop]event sub tasks report,working event sub count=0,suspend event sub count=0
info|2023-07-07 23:32:05.809985|[SDK][WS][SERVICE]connected nodes,count=2
info|2023-07-07 23:32:06.128985|[EVENT][SUB][doLoop]event sub tasks report,working event sub count=0,suspend event sub count=0
info|2023-07-07 23:32:25.810156|[SDK][WS][SERVICE]connected nodes,count=2
info|2023-07-07 23:32:26.129227|[EVENT][SUB][doLoop]event sub tasks report,working event sub count=0,suspend event sub count=0
info|2023-07-07 23:32:45.810819|[SDK][WS][SERVICE]connected nodes,count=2
info|2023-07-07 23:32:46.129598|[EVENT][SUB][doLoop]event sub tasks report,working event sub count=0,suspend event sub count=0
info|2023-07-07 23:33:05.811384|[SDK][WS][SERVICE]connected nodes,count=2
info|2023-07-07 23:33:06.129703|[EVENT][SUB][doLoop]event sub tasks report,working event sub count=0,suspend event sub count=0
info|2023-07-07 23:33:25.811905|[SDK][WS][SERVICE]connected nodes,count=2
info|2023-07-07 23:33:26.129875|[EVENT][SUB][doLoop]event sub tasks report,working event sub count=0,suspend event sub count=0
info|2023-07-07 23:33:45.812324|[SDK][WS][SERVICE]connected nodes,count=2
info|2023-07-07 23:33:46.129940|[EVENT][SUB][doLoop]event sub tasks report,working event sub count=0,suspend event sub count=0
info|2023-07-07 23:34:05.812467|[SDK][WS][SERVICE]connected nodes,count=2
info|2023-07-07 23:34:06.130569|[EVENT][SUB][doLoop]event sub tasks report,working event sub count=0,suspend event sub count=0
info|2023-07-07 23:34:25.813208|[SDK][WS][SERVICE]connected nodes,count=2
info|2023-07-07 23:34:26.130917|[EVENT][SUB][doLoop]event sub tasks report,working event sub count=0,suspend event sub count=0
info|2023-07-07 23:34:45.813971|[SDK][WS][SERVICE]connected nodes,count=2
info|2023-07-07 23:34:46.131259|[EVENT][SUB][doLoop]event sub tasks report,working event sub count=0,suspend event sub count=0
info|2023-07-07 23:35:05.814152|[SDK][WS][SERVICE]connected nodes,count=2
info|2023-07-07 23:35:06.131598|[EVENT][SUB][doLoop]event sub tasks report,working event sub count=0,suspend event sub count=0
info|2023-07-07 23:35:25.814408|[SDK][WS][SERVICE]connected nodes,count=2
info|2023-07-07 23:35:26.131831|[EVENT][SUB][doLoop]event sub tasks report,working event sub count=0,suspend event sub count=0
info|2023-07-07 23:35:45.814815|[SDK][WS][SERVICE]connected nodes,count=2
info|2023-07-07 23:35:46.132249|[EVENT][SUB][doLoop]event sub tasks report,working event sub count=0,suspend event sub count=0
info|2023-07-07 23:36:05.814934|[SDK][WS][SERVICE]connected nodes,count=2
info|2023-07-07 23:36:06.132358|[EVENT][SUB][doLoop]event sub tasks report,working event sub count=0,suspend event sub count=0
info|2023-07-07 23:36:25.815518|[SDK][WS][SERVICE]connected nodes,count=2
info|2023-07-07 23:36:26.132529|[EVENT][SUB][doLoop]event sub tasks report,working event sub count=0,suspend event sub count=0
info|2023-07-07 23:36:45.816179|[SDK][WS][SERVICE]connected nodes,count=2
info|2023-07-07 23:36:46.133079|[EVENT][SUB][doLoop]event sub tasks report,working event sub count=0,suspend event sub count=0
info|2023-07-07 23:37:05.816375|[SDK][WS][SERVICE]connected nodes,count=2
info|2023-07-07 23:37:06.133160|[EVENT][SUB][doLoop]event sub tasks report,working event sub count=0,suspend event sub count=0
info|2023-07-07 23:37:25.817009|[SDK][WS][SERVICE]connected nodes,count=2
info|2023-07-07 23:37:26.133484|[EVENT][SUB][doLoop]event sub tasks report,working event sub count=0,suspend event sub count=0
info|2023-07-07 23:37:45.818088|[SDK][WS][SERVICE]connected nodes,count=2
info|2023-07-07 23:37:46.133788|[EVENT][SUB][doLoop]event sub tasks report,working event sub count=0,suspend event sub count=0
info|2023-07-07 23:38:05.818602|[SDK][WS][SERVICE]connected nodes,count=2
info|2023-07-07 23:38:06.133876|[EVENT][SUB][doLoop]event sub tasks report,working event sub count=0,suspend event sub count=0
info|2023-07-07 23:38:25.818927|[SDK][WS][SERVICE]connected nodes,count=2
info|2023-07-07 23:38:26.134211|[EVENT][SUB][doLoop]event sub tasks report,working event sub count=0,suspend event sub count=0
info|2023-07-07 23:38:45.819451|[SDK][WS][SERVICE]connected nodes,count=2
info|2023-07-07 23:38:46.134275|[EVENT][SUB][doLoop]event sub tasks report,working event sub count=0,suspend event sub count=0
info|2023-07-07 23:39:05.820248|[SDK][WS][SERVICE]connected nodes,count=2
info|2023-07-07 23:39:06.134511|[EVENT][SUB][doLoop]event sub tasks report,working event sub count=0,suspend event sub count=0
info|2023-07-07 23:39:25.820542|[SDK][WS][SERVICE]connected nodes,count=2
info|2023-07-07 23:39:26.134897|[EVENT][SUB][doLoop]event sub tasks report,working event sub count=0,suspend event sub count=0
info|2023-07-07 23:39:45.821313|[SDK][WS][SERVICE]connected nodes,count=2
info|2023-07-07 23:39:46.135000|[EVENT][SUB][doLoop]event sub tasks report,working event sub count=0,suspend event sub count=0
info|2023-07-07 23:40:05.821764|[SDK][WS][SERVICE]connected nodes,count=2
info|2023-07-07 23:40:06.135586|[EVENT][SUB][doLoop]event sub tasks report,working event sub count=0,suspend event sub count=0
info|2023-07-07 23:40:25.822080|[SDK][WS][SERVICE]connected nodes,count=2
info|2023-07-07 23:40:26.135961|[EVENT][SUB][doLoop]event sub tasks report,working event sub count=0,suspend event sub count=0
info|2023-07-07 23:40:45.822562|[SDK][WS][SERVICE]connected nodes,count=2
info|2023-07-07 23:40:46.136309|[EVENT][SUB][doLoop]event sub tasks report,working event sub count=0,suspend event sub count=0
info|2023-07-07 23:41:05.822812|[SDK][WS][SERVICE]connected nodes,count=2
info|2023-07-07 23:41:06.136495|[EVENT][SUB][doLoop]event sub tasks report,working event sub count=0,suspend event sub count=0
info|2023-07-07 23:41:25.823275|[SDK][WS][SERVICE]connected nodes,count=2
info|2023-07-07 23:41:26.136927|[EVENT][SUB][doLoop]event sub tasks report,working event sub count=0,suspend event sub count=0
info|2023-07-07 23:41:45.823487|[SDK][WS][SERVICE]connected nodes,count=2
info|2023-07-07 23:41:46.137142|[EVENT][SUB][doLoop]event sub tasks report,working event sub count=0,suspend event sub count=0
info|2023-07-07 23:42:05.823871|[SDK][WS][SERVICE]connected nodes,count=2
info|2023-07-07 23:42:06.137561|[EVENT][SUB][doLoop]event sub tasks report,working event sub count=0,suspend event sub count=0
info|2023-07-07 23:42:25.824212|[SDK][WS][SERVICE]connected nodes,count=2
info|2023-07-07 23:42:26.137676|[EVENT][SUB][doLoop]event sub tasks report,working event sub count=0,suspend event sub count=0
info|2023-07-07 23:42:45.824508|[SDK][WS][SERVICE]connected nodes,count=2
info|2023-07-07 23:42:46.137764|[EVENT][SUB][doLoop]event sub tasks report,working event sub count=0,suspend event sub count=0
info|2023-07-07 23:43:05.825191|[SDK][WS][SERVICE]connected nodes,count=2
info|2023-07-07 23:43:06.138348|[EVENT][SUB][doLoop]event sub tasks report,working event sub count=0,suspend event sub count=0
info|2023-07-07 23:43:25.825930|[SDK][WS][SERVICE]connected nodes,count=2
info|2023-07-07 23:43:26.138427|[EVENT][SUB][doLoop]event sub tasks report,working event sub count=0,suspend event sub count=0
info|2023-07-07 23:43:45.826388|[SDK][WS][SERVICE]connected nodes,count=2
info|2023-07-07 23:43:46.138965|[EVENT][SUB][doLoop]event sub tasks report,working event sub count=0,suspend event sub count=0
info|2023-07-07 23:44:05.826552|[SDK][WS][SERVICE]connected nodes,count=2
info|2023-07-07 23:44:06.139260|[EVENT][SUB][doLoop]event sub tasks report,working event sub count=0,suspend event sub count=0
info|2023-07-07 23:44:25.826924|[SDK][WS][SERVICE]connected nodes,count=2
info|2023-07-07 23:44:26.140248|[EVENT][SUB][doLoop]event sub tasks report,working event sub count=0,suspend event sub count=0
info|2023-07-07 23:44:45.827229|[SDK][WS][SERVICE]connected nodes,count=2
info|2023-07-07 23:44:46.140434|[EVENT][SUB][doLoop]event sub tasks report,working event sub count=0,suspend event sub count=0
info|2023-07-07 23:45:05.827733|[SDK][WS][SERVICE]connected nodes,count=2
info|2023-07-07 23:45:06.141134|[EVENT][SUB][doLoop]event sub tasks report,working event sub count=0,suspend event sub count=0
info|2023-07-07 23:45:25.827898|[SDK][WS][SERVICE]connected nodes,count=2
info|2023-07-07 23:45:26.141473|[EVENT][SUB][doLoop]event sub tasks report,working event sub count=0,suspend event sub count=0
info|2023-07-07 23:45:45.828142|[SDK][WS][SERVICE]connected nodes,count=2
info|2023-07-07 23:45:46.141596|[EVENT][SUB][doLoop]event sub tasks report,working event sub count=0,suspend event sub count=0
info|2023-07-07 23:46:05.828814|[SDK][WS][SERVICE]connected nodes,count=2
info|2023-07-07 23:46:06.142238|[EVENT][SUB][doLoop]event sub tasks report,working event sub count=0,suspend event sub count=0
info|2023-07-07 23:46:25.828981|[SDK][WS][SERVICE]connected nodes,count=2
info|2023-07-07 23:46:26.142330|[EVENT][SUB][doLoop]event sub tasks report,working event sub count=0,suspend event sub count=0
info|2023-07-07 23:46:45.829455|[SDK][WS][SERVICE]connected nodes,count=2
info|2023-07-07 23:46:46.142904|[EVENT][SUB][doLoop]event sub tasks report,working event sub count=0,suspend event sub count=0
info|2023-07-07 23:47:05.829723|[SDK][WS][SERVICE]connected nodes,count=2
info|2023-07-07 23:47:06.143182|[EVENT][SUB][doLoop]event sub tasks report,working event sub count=0,suspend event sub count=0
info|2023-07-07 23:47:25.830147|[SDK][WS][SERVICE]connected nodes,count=2
info|2023-07-07 23:47:26.143271|[EVENT][SUB][doLoop]event sub tasks report,working event sub count=0,suspend event sub count=0
info|2023-07-07 23:47:45.830382|[SDK][WS][SERVICE]connected nodes,count=2
info|2023-07-07 23:47:46.143669|[EVENT][SUB][doLoop]event sub tasks report,working event sub count=0,suspend event sub count=0
info|2023-07-07 23:48:05.830617|[SDK][WS][SERVICE]connected nodes,count=2
info|2023-07-07 23:48:06.144109|[EVENT][SUB][doLoop]event sub tasks report,working event sub count=0,suspend event sub count=0
info|2023-07-07 23:48:25.830824|[SDK][WS][SERVICE]connected nodes,count=2
info|2023-07-07 23:48:26.144159|[EVENT][SUB][doLoop]event sub tasks report,working event sub count=0,suspend event sub count=0
info|2023-07-07 23:48:45.831122|[SDK][WS][SERVICE]connected nodes,count=2
info|2023-07-07 23:48:46.144706|[EVENT][SUB][doLoop]event sub tasks report,working event sub count=0,suspend event sub count=0
info|2023-07-07 23:49:05.831723|[SDK][WS][SERVICE]connected nodes,count=2
info|2023-07-07 23:49:06.144978|[EVENT][SUB][doLoop]event sub tasks report,working event sub count=0,suspend event sub count=0
info|2023-07-07 23:49:25.832176|[SDK][WS][SERVICE]connected nodes,count=2
info|2023-07-07 23:49:26.145462|[EVENT][SUB][doLoop]event sub tasks report,working event sub count=0,suspend event sub count=0
info|2023-07-07 23:49:45.832333|[SDK][WS][SERVICE]connected nodes,count=2
info|2023-07-07 23:49:46.146053|[EVENT][SUB][doLoop]event sub tasks report,working event sub count=0,suspend event sub count=0
info|2023-07-07 23:50:05.833068|[SDK][WS][SERVICE]connected nodes,count=2
info|2023-07-07 23:50:06.146473|[EVENT][SUB][doLoop]event sub tasks report,working event sub count=0,suspend event sub count=0
info|2023-07-07 23:50:25.833433|[SDK][WS][SERVICE]connected nodes,count=2
info|2023-07-07 23:50:26.147228|[EVENT][SUB][doLoop]event sub tasks report,working event sub count=0,suspend event sub count=0
info|2023-07-07 23:50:45.834039|[SDK][WS][SERVICE]connected nodes,count=2
info|2023-07-07 23:50:46.147553|[EVENT][SUB][doLoop]event sub tasks report,working event sub count=0,suspend event sub count=0
info|2023-07-07 23:51:05.834199|[SDK][WS][SERVICE]connected nodes,count=2
info|2023-07-07 23:51:06.147687|[EVENT][SUB][doLoop]event sub tasks report,working event sub count=0,suspend event sub count=0
info|2023-07-07 23:51:25.834405|[SDK][WS][SERVICE]connected nodes,count=2
info|2023-07-07 23:51:26.148118|[EVENT][SUB][doLoop]event sub tasks report,working event sub count=0,suspend event sub count=0
info|2023-07-07 23:51:45.834967|[SDK][WS][SERVICE]connected nodes,count=2
info|2023-07-07 23:51:46.148212|[EVENT][SUB][doLoop]event sub tasks report,working event sub count=0,suspend event sub count=0
info|2023-07-07 23:52:05.835525|[SDK][WS][SERVICE]connected nodes,count=2
info|2023-07-07 23:52:06.148645|[EVENT][SUB][doLoop]event sub tasks report,working event sub count=0,suspend event sub count=0
info|2023-07-07 23:52:25.835670|[SDK][WS][SERVICE]connected nodes,count=2
info|2023-07-07 23:52:26.149263|[EVENT][SUB][doLoop]event sub tasks report,working event sub count=0,suspend event sub count=0
info|2023-07-07 23:52:45.836074|[SDK][WS][SERVICE]connected nodes,count=2
info|2023-07-07 23:52:46.149503|[EVENT][SUB][doLoop]event sub tasks report,working event sub count=0,suspend event sub count=0
info|2023-07-07 23:53:05.836653|[SDK][WS][SERVICE]connected nodes,count=2
info|2023-07-07 23:53:06.149575|[EVENT][SUB][doLoop]event sub tasks report,working event sub count=0,suspend event sub count=0
info|2023-07-07 23:53:25.837382|[SDK][WS][SERVICE]connected nodes,count=2
info|2023-07-07 23:53:26.149756|[EVENT][SUB][doLoop]event sub tasks report,working event sub count=0,suspend event sub count=0
info|2023-07-07 23:53:45.837946|[SDK][WS][SERVICE]connected nodes,count=2
info|2023-07-07 23:53:46.149877|[EVENT][SUB][doLoop]event sub tasks report,working event sub count=0,suspend event sub count=0
info|2023-07-07 23:54:05.838064|[SDK][WS][SERVICE]connected nodes,count=2
info|2023-07-07 23:54:06.150118|[EVENT][SUB][doLoop]event sub tasks report,working event sub count=0,suspend event sub count=0
info|2023-07-07 23:54:25.838391|[SDK][WS][SERVICE]connected nodes,count=2
info|2023-07-07 23:54:26.150298|[EVENT][SUB][doLoop]event sub tasks report,working event sub count=0,suspend event sub count=0
info|2023-07-07 23:54:45.838586|[SDK][WS][SERVICE]connected nodes,count=2
info|2023-07-07 23:54:46.150697|[EVENT][SUB][doLoop]event sub tasks report,working event sub count=0,suspend event sub count=0
info|2023-07-07 23:55:05.838816|[SDK][WS][SERVICE]connected nodes,count=2
info|2023-07-07 23:55:06.151081|[EVENT][SUB][doLoop]event sub tasks report,working event sub count=0,suspend event sub count=0
info|2023-07-07 23:55:25.839186|[SDK][WS][SERVICE]connected nodes,count=2
info|2023-07-07 23:55:26.151648|[EVENT][SUB][doLoop]event sub tasks report,working event sub count=0,suspend event sub count=0
info|2023-07-07 23:55:45.839892|[SDK][WS][SERVICE]connected nodes,count=2
info|2023-07-07 23:55:46.152282|[EVENT][SUB][doLoop]event sub tasks report,working event sub count=0,suspend event sub count=0
info|2023-07-07 23:56:05.840280|[SDK][WS][SERVICE]connected nodes,count=2
info|2023-07-07 23:56:06.152395|[EVENT][SUB][doLoop]event sub tasks report,working event sub count=0,suspend event sub count=0
info|2023-07-07 23:56:25.840887|[SDK][WS][SERVICE]connected nodes,count=2
info|2023-07-07 23:56:26.152442|[EVENT][SUB][doLoop]event sub tasks report,working event sub count=0,suspend event sub count=0
info|2023-07-07 23:56:45.841109|[SDK][WS][SERVICE]connected nodes,count=2
info|2023-07-07 23:56:46.152632|[EVENT][SUB][doLoop]event sub tasks report,working event sub count=0,suspend event sub count=0
info|2023-07-07 23:57:05.841232|[SDK][WS][SERVICE]connected nodes,count=2
info|2023-07-07 23:57:06.153129|[EVENT][SUB][doLoop]event sub tasks report,working event sub count=0,suspend event sub count=0
info|2023-07-07 23:57:13.838556|[RPC][BLOCK][NUMBER][fromJson],group=group0,node=98a7f70ec883a722219d92253cf073a72605f4087aa3443c8e4aadc0af2dc3ac647d0fa1b5ac99cd6987abafe6d690ae71cd5fd2aeeabe7589bfb4748aabdfba,blockNumber=1599
info|2023-07-07 23:57:13.838574|[RPCWS][SERVICE][onRecvBlockNotifier]receive block number notifier,group=group0,node=98a7f70ec883a722219d92253cf073a72605f4087aa3443c8e4aadc0af2dc3ac647d0fa1b5ac99cd6987abafe6d690ae71cd5fd2aeeabe7589bfb4748aabdfba,blockNumber=1599
info|2023-07-07 23:57:13.838579|[RPCWS][SERVICE][updateGroupBlockNumber],groupID=group0,_blockNumber=1599
info|2023-07-07 23:57:13.838584|[RPCWS][SERVICE][onRecvBlockNotifier]block notifier callback,group=group0,node=98a7f70ec883a722219d92253cf073a72605f4087aa3443c8e4aadc0af2dc3ac647d0fa1b5ac99cd6987abafe6d690ae71cd5fd2aeeabe7589bfb4748aabdfba,blockNumber=1599
info|2023-07-07 23:57:13.838587|[WS]receive block notify,endpoint=127.0.0.1:20200,blk={
	"blockNumber" : 1599,
	"group" : "group0",
	"nodeName" : "98a7f70ec883a722219d92253cf073a72605f4087aa3443c8e4aadc0af2dc3ac647d0fa1b5ac99cd6987abafe6d690ae71cd5fd2aeeabe7589bfb4748aabdfba"
}
info|2023-07-07 23:57:13.880899|[RPC][BLOCK][NUMBER][fromJson],group=group0,node=2f993327933ad58672518b6d4f63920cbc68b80f78f4d81192552ee6362f5cc81ee13bdc678ad65f06e76444cadb53b33694cfb3fc7679b8000411975fedd28a,blockNumber=1599
info|2023-07-07 23:57:13.880921|[RPCWS][SERVICE][onRecvBlockNotifier]receive block number notifier,group=group0,node=2f993327933ad58672518b6d4f63920cbc68b80f78f4d81192552ee6362f5cc81ee13bdc678ad65f06e76444cadb53b33694cfb3fc7679b8000411975fedd28a,blockNumber=1599
info|2023-07-07 23:57:13.880928|[WS]receive block notify,endpoint=127.0.0.1:20201,blk={
	"blockNumber" : 1599,
	"group" : "group0",
	"nodeName" : "2f993327933ad58672518b6d4f63920cbc68b80f78f4d81192552ee6362f5cc81ee13bdc678ad65f06e76444cadb53b33694cfb3fc7679b8000411975fedd28a"
}
info|2023-07-07 23:57:14.450059|[RPC][BLOCK][NUMBER][fromJson],group=group0,node=98a7f70ec883a722219d92253cf073a72605f4087aa3443c8e4aadc0af2dc3ac647d0fa1b5ac99cd6987abafe6d690ae71cd5fd2aeeabe7589bfb4748aabdfba,blockNumber=1600
info|2023-07-07 23:57:14.450091|[RPCWS][SERVICE][onRecvBlockNotifier]receive block number notifier,group=group0,node=98a7f70ec883a722219d92253cf073a72605f4087aa3443c8e4aadc0af2dc3ac647d0fa1b5ac99cd6987abafe6d690ae71cd5fd2aeeabe7589bfb4748aabdfba,blockNumber=1600
info|2023-07-07 23:57:14.450098|[RPCWS][SERVICE][updateGroupBlockNumber],groupID=group0,_blockNumber=1600
info|2023-07-07 23:57:14.450103|[RPCWS][SERVICE][onRecvBlockNotifier]block notifier callback,group=group0,node=98a7f70ec883a722219d92253cf073a72605f4087aa3443c8e4aadc0af2dc3ac647d0fa1b5ac99cd6987abafe6d690ae71cd5fd2aeeabe7589bfb4748aabdfba,blockNumber=1600
info|2023-07-07 23:57:14.450108|[WS]receive block notify,endpoint=127.0.0.1:20200,blk={
	"blockNumber" : 1600,
	"group" : "group0",
	"nodeName" : "98a7f70ec883a722219d92253cf073a72605f4087aa3443c8e4aadc0af2dc3ac647d0fa1b5ac99cd6987abafe6d690ae71cd5fd2aeeabe7589bfb4748aabdfba"
}
info|2023-07-07 23:57:14.558698|[RPC][BLOCK][NUMBER][fromJson],group=group0,node=2f993327933ad58672518b6d4f63920cbc68b80f78f4d81192552ee6362f5cc81ee13bdc678ad65f06e76444cadb53b33694cfb3fc7679b8000411975fedd28a,blockNumber=1600
info|2023-07-07 23:57:14.558720|[RPCWS][SERVICE][onRecvBlockNotifier]receive block number notifier,group=group0,node=2f993327933ad58672518b6d4f63920cbc68b80f78f4d81192552ee6362f5cc81ee13bdc678ad65f06e76444cadb53b33694cfb3fc7679b8000411975fedd28a,blockNumber=1600
info|2023-07-07 23:57:14.558741|[WS]receive block notify,endpoint=127.0.0.1:20201,blk={
	"blockNumber" : 1600,
	"group" : "group0",
	"nodeName" : "2f993327933ad58672518b6d4f63920cbc68b80f78f4d81192552ee6362f5cc81ee13bdc678ad65f06e76444cadb53b33694cfb3fc7679b8000411975fedd28a"
}
info|2023-07-07 23:57:14.981993|[RPC][BLOCK][NUMBER][fromJson],group=group0,node=98a7f70ec883a722219d92253cf073a72605f4087aa3443c8e4aadc0af2dc3ac647d0fa1b5ac99cd6987abafe6d690ae71cd5fd2aeeabe7589bfb4748aabdfba,blockNumber=1601
info|2023-07-07 23:57:14.982032|[RPCWS][SERVICE][onRecvBlockNotifier]receive block number notifier,group=group0,node=98a7f70ec883a722219d92253cf073a72605f4087aa3443c8e4aadc0af2dc3ac647d0fa1b5ac99cd6987abafe6d690ae71cd5fd2aeeabe7589bfb4748aabdfba,blockNumber=1601
info|2023-07-07 23:57:14.982037|[RPCWS][SERVICE][updateGroupBlockNumber],groupID=group0,_blockNumber=1601
info|2023-07-07 23:57:14.982042|[RPCWS][SERVICE][onRecvBlockNotifier]block notifier callback,group=group0,node=98a7f70ec883a722219d92253cf073a72605f4087aa3443c8e4aadc0af2dc3ac647d0fa1b5ac99cd6987abafe6d690ae71cd5fd2aeeabe7589bfb4748aabdfba,blockNumber=1601
info|2023-07-07 23:57:14.982045|[WS]receive block notify,endpoint=127.0.0.1:20200,blk={
	"blockNumber" : 1601,
	"group" : "group0",
	"nodeName" : "98a7f70ec883a722219d92253cf073a72605f4087aa3443c8e4aadc0af2dc3ac647d0fa1b5ac99cd6987abafe6d690ae71cd5fd2aeeabe7589bfb4748aabdfba"
}
info|2023-07-07 23:57:14.982089|[RPC][BLOCK][NUMBER][fromJson],group=group0,node=2f993327933ad58672518b6d4f63920cbc68b80f78f4d81192552ee6362f5cc81ee13bdc678ad65f06e76444cadb53b33694cfb3fc7679b8000411975fedd28a,blockNumber=1601
info|2023-07-07 23:57:14.982105|[RPCWS][SERVICE][onRecvBlockNotifier]receive block number notifier,group=group0,node=2f993327933ad58672518b6d4f63920cbc68b80f78f4d81192552ee6362f5cc81ee13bdc678ad65f06e76444cadb53b33694cfb3fc7679b8000411975fedd28a,blockNumber=1601
info|2023-07-07 23:57:14.982112|[WS]receive block notify,endpoint=127.0.0.1:20201,blk={
	"blockNumber" : 1601,
	"group" : "group0",
	"nodeName" : "2f993327933ad58672518b6d4f63920cbc68b80f78f4d81192552ee6362f5cc81ee13bdc678ad65f06e76444cadb53b33694cfb3fc7679b8000411975fedd28a"
}
info|2023-07-07 23:57:15.541642|[RPC][BLOCK][NUMBER][fromJson],group=group0,node=98a7f70ec883a722219d92253cf073a72605f4087aa3443c8e4aadc0af2dc3ac647d0fa1b5ac99cd6987abafe6d690ae71cd5fd2aeeabe7589bfb4748aabdfba,blockNumber=1602
info|2023-07-07 23:57:15.541875|[RPCWS][SERVICE][onRecvBlockNotifier]receive block number notifier,group=group0,node=98a7f70ec883a722219d92253cf073a72605f4087aa3443c8e4aadc0af2dc3ac647d0fa1b5ac99cd6987abafe6d690ae71cd5fd2aeeabe7589bfb4748aabdfba,blockNumber=1602
info|2023-07-07 23:57:15.541892|[RPCWS][SERVICE][updateGroupBlockNumber],groupID=group0,_blockNumber=1602
info|2023-07-07 23:57:15.541899|[RPCWS][SERVICE][onRecvBlockNotifier]block notifier callback,group=group0,node=98a7f70ec883a722219d92253cf073a72605f4087aa3443c8e4aadc0af2dc3ac647d0fa1b5ac99cd6987abafe6d690ae71cd5fd2aeeabe7589bfb4748aabdfba,blockNumber=1602
info|2023-07-07 23:57:15.541904|[WS]receive block notify,endpoint=127.0.0.1:20200,blk={
	"blockNumber" : 1602,
	"group" : "group0",
	"nodeName" : "98a7f70ec883a722219d92253cf073a72605f4087aa3443c8e4aadc0af2dc3ac647d0fa1b5ac99cd6987abafe6d690ae71cd5fd2aeeabe7589bfb4748aabdfba"
}
info|2023-07-07 23:57:15.571775|[RPC][BLOCK][NUMBER][fromJson],group=group0,node=2f993327933ad58672518b6d4f63920cbc68b80f78f4d81192552ee6362f5cc81ee13bdc678ad65f06e76444cadb53b33694cfb3fc7679b8000411975fedd28a,blockNumber=1602
info|2023-07-07 23:57:15.571811|[RPCWS][SERVICE][onRecvBlockNotifier]receive block number notifier,group=group0,node=2f993327933ad58672518b6d4f63920cbc68b80f78f4d81192552ee6362f5cc81ee13bdc678ad65f06e76444cadb53b33694cfb3fc7679b8000411975fedd28a,blockNumber=1602
info|2023-07-07 23:57:15.571819|[WS]receive block notify,endpoint=127.0.0.1:20201,blk={
	"blockNumber" : 1602,
	"group" : "group0",
	"nodeName" : "2f993327933ad58672518b6d4f63920cbc68b80f78f4d81192552ee6362f5cc81ee13bdc678ad65f06e76444cadb53b33694cfb3fc7679b8000411975fedd28a"
}
info|2023-07-07 23:57:16.090929|[RPC][BLOCK][NUMBER][fromJson],group=group0,node=98a7f70ec883a722219d92253cf073a72605f4087aa3443c8e4aadc0af2dc3ac647d0fa1b5ac99cd6987abafe6d690ae71cd5fd2aeeabe7589bfb4748aabdfba,blockNumber=1603
info|2023-07-07 23:57:16.090978|[RPCWS][SERVICE][onRecvBlockNotifier]receive block number notifier,group=group0,node=98a7f70ec883a722219d92253cf073a72605f4087aa3443c8e4aadc0af2dc3ac647d0fa1b5ac99cd6987abafe6d690ae71cd5fd2aeeabe7589bfb4748aabdfba,blockNumber=1603
info|2023-07-07 23:57:16.090986|[RPCWS][SERVICE][updateGroupBlockNumber],groupID=group0,_blockNumber=1603
info|2023-07-07 23:57:16.090991|[RPCWS][SERVICE][onRecvBlockNotifier]block notifier callback,group=group0,node=98a7f70ec883a722219d92253cf073a72605f4087aa3443c8e4aadc0af2dc3ac647d0fa1b5ac99cd6987abafe6d690ae71cd5fd2aeeabe7589bfb4748aabdfba,blockNumber=1603
info|2023-07-07 23:57:16.090995|[WS]receive block notify,endpoint=127.0.0.1:20200,blk={
	"blockNumber" : 1603,
	"group" : "group0",
	"nodeName" : "98a7f70ec883a722219d92253cf073a72605f4087aa3443c8e4aadc0af2dc3ac647d0fa1b5ac99cd6987abafe6d690ae71cd5fd2aeeabe7589bfb4748aabdfba"
}
info|2023-07-07 23:57:16.112246|[RPC][BLOCK][NUMBER][fromJson],group=group0,node=2f993327933ad58672518b6d4f63920cbc68b80f78f4d81192552ee6362f5cc81ee13bdc678ad65f06e76444cadb53b33694cfb3fc7679b8000411975fedd28a,blockNumber=1603
info|2023-07-07 23:57:16.112266|[RPCWS][SERVICE][onRecvBlockNotifier]receive block number notifier,group=group0,node=2f993327933ad58672518b6d4f63920cbc68b80f78f4d81192552ee6362f5cc81ee13bdc678ad65f06e76444cadb53b33694cfb3fc7679b8000411975fedd28a,blockNumber=1603
info|2023-07-07 23:57:16.112273|[WS]receive block notify,endpoint=127.0.0.1:20201,blk={
	"blockNumber" : 1603,
	"group" : "group0",
	"nodeName" : "2f993327933ad58672518b6d4f63920cbc68b80f78f4d81192552ee6362f5cc81ee13bdc678ad65f06e76444cadb53b33694cfb3fc7679b8000411975fedd28a"
}
info|2023-07-07 23:57:16.639790|[RPC][BLOCK][NUMBER][fromJson],group=group0,node=98a7f70ec883a722219d92253cf073a72605f4087aa3443c8e4aadc0af2dc3ac647d0fa1b5ac99cd6987abafe6d690ae71cd5fd2aeeabe7589bfb4748aabdfba,blockNumber=1604
info|2023-07-07 23:57:16.639818|[RPCWS][SERVICE][onRecvBlockNotifier]receive block number notifier,group=group0,node=98a7f70ec883a722219d92253cf073a72605f4087aa3443c8e4aadc0af2dc3ac647d0fa1b5ac99cd6987abafe6d690ae71cd5fd2aeeabe7589bfb4748aabdfba,blockNumber=1604
info|2023-07-07 23:57:16.639824|[RPCWS][SERVICE][updateGroupBlockNumber],groupID=group0,_blockNumber=1604
info|2023-07-07 23:57:16.639828|[RPCWS][SERVICE][onRecvBlockNotifier]block notifier callback,group=group0,node=98a7f70ec883a722219d92253cf073a72605f4087aa3443c8e4aadc0af2dc3ac647d0fa1b5ac99cd6987abafe6d690ae71cd5fd2aeeabe7589bfb4748aabdfba,blockNumber=1604
info|2023-07-07 23:57:16.639832|[WS]receive block notify,endpoint=127.0.0.1:20200,blk={
	"blockNumber" : 1604,
	"group" : "group0",
	"nodeName" : "98a7f70ec883a722219d92253cf073a72605f4087aa3443c8e4aadc0af2dc3ac647d0fa1b5ac99cd6987abafe6d690ae71cd5fd2aeeabe7589bfb4748aabdfba"
}
info|2023-07-07 23:57:16.672388|[RPC][BLOCK][NUMBER][fromJson],group=group0,node=2f993327933ad58672518b6d4f63920cbc68b80f78f4d81192552ee6362f5cc81ee13bdc678ad65f06e76444cadb53b33694cfb3fc7679b8000411975fedd28a,blockNumber=1604
info|2023-07-07 23:57:16.672409|[RPCWS][SERVICE][onRecvBlockNotifier]receive block number notifier,group=group0,node=2f993327933ad58672518b6d4f63920cbc68b80f78f4d81192552ee6362f5cc81ee13bdc678ad65f06e76444cadb53b33694cfb3fc7679b8000411975fedd28a,blockNumber=1604
info|2023-07-07 23:57:16.672417|[WS]receive block notify,endpoint=127.0.0.1:20201,blk={
	"blockNumber" : 1604,
	"group" : "group0",
	"nodeName" : "2f993327933ad58672518b6d4f63920cbc68b80f78f4d81192552ee6362f5cc81ee13bdc678ad65f06e76444cadb53b33694cfb3fc7679b8000411975fedd28a"
}
info|2023-07-07 23:57:17.176313|[RPC][BLOCK][NUMBER][fromJson],group=group0,node=98a7f70ec883a722219d92253cf073a72605f4087aa3443c8e4aadc0af2dc3ac647d0fa1b5ac99cd6987abafe6d690ae71cd5fd2aeeabe7589bfb4748aabdfba,blockNumber=1605
info|2023-07-07 23:57:17.176342|[RPCWS][SERVICE][onRecvBlockNotifier]receive block number notifier,group=group0,node=98a7f70ec883a722219d92253cf073a72605f4087aa3443c8e4aadc0af2dc3ac647d0fa1b5ac99cd6987abafe6d690ae71cd5fd2aeeabe7589bfb4748aabdfba,blockNumber=1605
info|2023-07-07 23:57:17.176350|[RPCWS][SERVICE][updateGroupBlockNumber],groupID=group0,_blockNumber=1605
info|2023-07-07 23:57:17.176357|[RPCWS][SERVICE][onRecvBlockNotifier]block notifier callback,group=group0,node=98a7f70ec883a722219d92253cf073a72605f4087aa3443c8e4aadc0af2dc3ac647d0fa1b5ac99cd6987abafe6d690ae71cd5fd2aeeabe7589bfb4748aabdfba,blockNumber=1605
info|2023-07-07 23:57:17.176363|[WS]receive block notify,endpoint=127.0.0.1:20200,blk={
	"blockNumber" : 1605,
	"group" : "group0",
	"nodeName" : "98a7f70ec883a722219d92253cf073a72605f4087aa3443c8e4aadc0af2dc3ac647d0fa1b5ac99cd6987abafe6d690ae71cd5fd2aeeabe7589bfb4748aabdfba"
}
info|2023-07-07 23:57:17.191362|[RPC][BLOCK][NUMBER][fromJson],group=group0,node=2f993327933ad58672518b6d4f63920cbc68b80f78f4d81192552ee6362f5cc81ee13bdc678ad65f06e76444cadb53b33694cfb3fc7679b8000411975fedd28a,blockNumber=1605
info|2023-07-07 23:57:17.191382|[RPCWS][SERVICE][onRecvBlockNotifier]receive block number notifier,group=group0,node=2f993327933ad58672518b6d4f63920cbc68b80f78f4d81192552ee6362f5cc81ee13bdc678ad65f06e76444cadb53b33694cfb3fc7679b8000411975fedd28a,blockNumber=1605
info|2023-07-07 23:57:17.191389|[WS]receive block notify,endpoint=127.0.0.1:20201,blk={
	"blockNumber" : 1605,
	"group" : "group0",
	"nodeName" : "2f993327933ad58672518b6d4f63920cbc68b80f78f4d81192552ee6362f5cc81ee13bdc678ad65f06e76444cadb53b33694cfb3fc7679b8000411975fedd28a"
}
info|2023-07-07 23:57:17.750084|[RPC][BLOCK][NUMBER][fromJson],group=group0,node=98a7f70ec883a722219d92253cf073a72605f4087aa3443c8e4aadc0af2dc3ac647d0fa1b5ac99cd6987abafe6d690ae71cd5fd2aeeabe7589bfb4748aabdfba,blockNumber=1606
info|2023-07-07 23:57:17.750135|[RPCWS][SERVICE][onRecvBlockNotifier]receive block number notifier,group=group0,node=98a7f70ec883a722219d92253cf073a72605f4087aa3443c8e4aadc0af2dc3ac647d0fa1b5ac99cd6987abafe6d690ae71cd5fd2aeeabe7589bfb4748aabdfba,blockNumber=1606
info|2023-07-07 23:57:17.750143|[RPCWS][SERVICE][updateGroupBlockNumber],groupID=group0,_blockNumber=1606
info|2023-07-07 23:57:17.750148|[RPCWS][SERVICE][onRecvBlockNotifier]block notifier callback,group=group0,node=98a7f70ec883a722219d92253cf073a72605f4087aa3443c8e4aadc0af2dc3ac647d0fa1b5ac99cd6987abafe6d690ae71cd5fd2aeeabe7589bfb4748aabdfba,blockNumber=1606
info|2023-07-07 23:57:17.750152|[WS]receive block notify,endpoint=127.0.0.1:20200,blk={
	"blockNumber" : 1606,
	"group" : "group0",
	"nodeName" : "98a7f70ec883a722219d92253cf073a72605f4087aa3443c8e4aadc0af2dc3ac647d0fa1b5ac99cd6987abafe6d690ae71cd5fd2aeeabe7589bfb4748aabdfba"
}
info|2023-07-07 23:57:17.791184|[RPC][BLOCK][NUMBER][fromJson],group=group0,node=2f993327933ad58672518b6d4f63920cbc68b80f78f4d81192552ee6362f5cc81ee13bdc678ad65f06e76444cadb53b33694cfb3fc7679b8000411975fedd28a,blockNumber=1606
info|2023-07-07 23:57:17.791204|[RPCWS][SERVICE][onRecvBlockNotifier]receive block number notifier,group=group0,node=2f993327933ad58672518b6d4f63920cbc68b80f78f4d81192552ee6362f5cc81ee13bdc678ad65f06e76444cadb53b33694cfb3fc7679b8000411975fedd28a,blockNumber=1606
info|2023-07-07 23:57:17.791211|[WS]receive block notify,endpoint=127.0.0.1:20201,blk={
	"blockNumber" : 1606,
	"group" : "group0",
	"nodeName" : "2f993327933ad58672518b6d4f63920cbc68b80f78f4d81192552ee6362f5cc81ee13bdc678ad65f06e76444cadb53b33694cfb3fc7679b8000411975fedd28a"
}
info|2023-07-07 23:57:18.347580|[RPC][BLOCK][NUMBER][fromJson],group=group0,node=2f993327933ad58672518b6d4f63920cbc68b80f78f4d81192552ee6362f5cc81ee13bdc678ad65f06e76444cadb53b33694cfb3fc7679b8000411975fedd28a,blockNumber=1607
info|2023-07-07 23:57:18.347611|[RPCWS][SERVICE][onRecvBlockNotifier]receive block number notifier,group=group0,node=2f993327933ad58672518b6d4f63920cbc68b80f78f4d81192552ee6362f5cc81ee13bdc678ad65f06e76444cadb53b33694cfb3fc7679b8000411975fedd28a,blockNumber=1607
info|2023-07-07 23:57:18.347618|[RPCWS][SERVICE][updateGroupBlockNumber],groupID=group0,_blockNumber=1607
info|2023-07-07 23:57:18.347623|[RPCWS][SERVICE][onRecvBlockNotifier]block notifier callback,group=group0,node=2f993327933ad58672518b6d4f63920cbc68b80f78f4d81192552ee6362f5cc81ee13bdc678ad65f06e76444cadb53b33694cfb3fc7679b8000411975fedd28a,blockNumber=1607
info|2023-07-07 23:57:18.347628|[WS]receive block notify,endpoint=127.0.0.1:20201,blk={
	"blockNumber" : 1607,
	"group" : "group0",
	"nodeName" : "2f993327933ad58672518b6d4f63920cbc68b80f78f4d81192552ee6362f5cc81ee13bdc678ad65f06e76444cadb53b33694cfb3fc7679b8000411975fedd28a"
}
info|2023-07-07 23:57:18.348644|[RPC][BLOCK][NUMBER][fromJson],group=group0,node=98a7f70ec883a722219d92253cf073a72605f4087aa3443c8e4aadc0af2dc3ac647d0fa1b5ac99cd6987abafe6d690ae71cd5fd2aeeabe7589bfb4748aabdfba,blockNumber=1607
info|2023-07-07 23:57:18.348673|[RPCWS][SERVICE][onRecvBlockNotifier]receive block number notifier,group=group0,node=98a7f70ec883a722219d92253cf073a72605f4087aa3443c8e4aadc0af2dc3ac647d0fa1b5ac99cd6987abafe6d690ae71cd5fd2aeeabe7589bfb4748aabdfba,blockNumber=1607
info|2023-07-07 23:57:18.348683|[WS]receive block notify,endpoint=127.0.0.1:20200,blk={
	"blockNumber" : 1607,
	"group" : "group0",
	"nodeName" : "98a7f70ec883a722219d92253cf073a72605f4087aa3443c8e4aadc0af2dc3ac647d0fa1b5ac99cd6987abafe6d690ae71cd5fd2aeeabe7589bfb4748aabdfba"
}
info|2023-07-07 23:57:18.861409|[RPC][BLOCK][NUMBER][fromJson],group=group0,node=98a7f70ec883a722219d92253cf073a72605f4087aa3443c8e4aadc0af2dc3ac647d0fa1b5ac99cd6987abafe6d690ae71cd5fd2aeeabe7589bfb4748aabdfba,blockNumber=1608
info|2023-07-07 23:57:18.861440|[RPCWS][SERVICE][onRecvBlockNotifier]receive block number notifier,group=group0,node=98a7f70ec883a722219d92253cf073a72605f4087aa3443c8e4aadc0af2dc3ac647d0fa1b5ac99cd6987abafe6d690ae71cd5fd2aeeabe7589bfb4748aabdfba,blockNumber=1608
info|2023-07-07 23:57:18.861448|[RPCWS][SERVICE][updateGroupBlockNumber],groupID=group0,_blockNumber=1608
info|2023-07-07 23:57:18.861456|[RPCWS][SERVICE][onRecvBlockNotifier]block notifier callback,group=group0,node=98a7f70ec883a722219d92253cf073a72605f4087aa3443c8e4aadc0af2dc3ac647d0fa1b5ac99cd6987abafe6d690ae71cd5fd2aeeabe7589bfb4748aabdfba,blockNumber=1608
info|2023-07-07 23:57:18.861462|[WS]receive block notify,endpoint=127.0.0.1:20200,blk={
	"blockNumber" : 1608,
	"group" : "group0",
	"nodeName" : "98a7f70ec883a722219d92253cf073a72605f4087aa3443c8e4aadc0af2dc3ac647d0fa1b5ac99cd6987abafe6d690ae71cd5fd2aeeabe7589bfb4748aabdfba"
}
info|2023-07-07 23:57:18.969729|[RPC][BLOCK][NUMBER][fromJson],group=group0,node=2f993327933ad58672518b6d4f63920cbc68b80f78f4d81192552ee6362f5cc81ee13bdc678ad65f06e76444cadb53b33694cfb3fc7679b8000411975fedd28a,blockNumber=1608
info|2023-07-07 23:57:18.969773|[RPCWS][SERVICE][onRecvBlockNotifier]receive block number notifier,group=group0,node=2f993327933ad58672518b6d4f63920cbc68b80f78f4d81192552ee6362f5cc81ee13bdc678ad65f06e76444cadb53b33694cfb3fc7679b8000411975fedd28a,blockNumber=1608
info|2023-07-07 23:57:18.969782|[WS]receive block notify,endpoint=127.0.0.1:20201,blk={
	"blockNumber" : 1608,
	"group" : "group0",
	"nodeName" : "2f993327933ad58672518b6d4f63920cbc68b80f78f4d81192552ee6362f5cc81ee13bdc678ad65f06e76444cadb53b33694cfb3fc7679b8000411975fedd28a"
}
info|2023-07-07 23:57:19.388981|[RPC][BLOCK][NUMBER][fromJson],group=group0,node=98a7f70ec883a722219d92253cf073a72605f4087aa3443c8e4aadc0af2dc3ac647d0fa1b5ac99cd6987abafe6d690ae71cd5fd2aeeabe7589bfb4748aabdfba,blockNumber=1609
info|2023-07-07 23:57:19.389011|[RPCWS][SERVICE][onRecvBlockNotifier]receive block number notifier,group=group0,node=98a7f70ec883a722219d92253cf073a72605f4087aa3443c8e4aadc0af2dc3ac647d0fa1b5ac99cd6987abafe6d690ae71cd5fd2aeeabe7589bfb4748aabdfba,blockNumber=1609
info|2023-07-07 23:57:19.389019|[RPCWS][SERVICE][updateGroupBlockNumber],groupID=group0,_blockNumber=1609
info|2023-07-07 23:57:19.389026|[RPCWS][SERVICE][onRecvBlockNotifier]block notifier callback,group=group0,node=98a7f70ec883a722219d92253cf073a72605f4087aa3443c8e4aadc0af2dc3ac647d0fa1b5ac99cd6987abafe6d690ae71cd5fd2aeeabe7589bfb4748aabdfba,blockNumber=1609
info|2023-07-07 23:57:19.389032|[WS]receive block notify,endpoint=127.0.0.1:20200,blk={
	"blockNumber" : 1609,
	"group" : "group0",
	"nodeName" : "98a7f70ec883a722219d92253cf073a72605f4087aa3443c8e4aadc0af2dc3ac647d0fa1b5ac99cd6987abafe6d690ae71cd5fd2aeeabe7589bfb4748aabdfba"
}
info|2023-07-07 23:57:19.438554|[RPC][BLOCK][NUMBER][fromJson],group=group0,node=2f993327933ad58672518b6d4f63920cbc68b80f78f4d81192552ee6362f5cc81ee13bdc678ad65f06e76444cadb53b33694cfb3fc7679b8000411975fedd28a,blockNumber=1609
info|2023-07-07 23:57:19.438599|[RPCWS][SERVICE][onRecvBlockNotifier]receive block number notifier,group=group0,node=2f993327933ad58672518b6d4f63920cbc68b80f78f4d81192552ee6362f5cc81ee13bdc678ad65f06e76444cadb53b33694cfb3fc7679b8000411975fedd28a,blockNumber=1609
info|2023-07-07 23:57:19.438608|[WS]receive block notify,endpoint=127.0.0.1:20201,blk={
	"blockNumber" : 1609,
	"group" : "group0",
	"nodeName" : "2f993327933ad58672518b6d4f63920cbc68b80f78f4d81192552ee6362f5cc81ee13bdc678ad65f06e76444cadb53b33694cfb3fc7679b8000411975fedd28a"
}
info|2023-07-07 23:57:19.999124|[RPC][BLOCK][NUMBER][fromJson],group=group0,node=98a7f70ec883a722219d92253cf073a72605f4087aa3443c8e4aadc0af2dc3ac647d0fa1b5ac99cd6987abafe6d690ae71cd5fd2aeeabe7589bfb4748aabdfba,blockNumber=1610
info|2023-07-07 23:57:19.999167|[RPCWS][SERVICE][onRecvBlockNotifier]receive block number notifier,group=group0,node=98a7f70ec883a722219d92253cf073a72605f4087aa3443c8e4aadc0af2dc3ac647d0fa1b5ac99cd6987abafe6d690ae71cd5fd2aeeabe7589bfb4748aabdfba,blockNumber=1610
info|2023-07-07 23:57:19.999175|[RPCWS][SERVICE][updateGroupBlockNumber],groupID=group0,_blockNumber=1610
info|2023-07-07 23:57:19.999180|[RPCWS][SERVICE][onRecvBlockNotifier]block notifier callback,group=group0,node=98a7f70ec883a722219d92253cf073a72605f4087aa3443c8e4aadc0af2dc3ac647d0fa1b5ac99cd6987abafe6d690ae71cd5fd2aeeabe7589bfb4748aabdfba,blockNumber=1610
info|2023-07-07 23:57:19.999185|[WS]receive block notify,endpoint=127.0.0.1:20200,blk={
	"blockNumber" : 1610,
	"group" : "group0",
	"nodeName" : "98a7f70ec883a722219d92253cf073a72605f4087aa3443c8e4aadc0af2dc3ac647d0fa1b5ac99cd6987abafe6d690ae71cd5fd2aeeabe7589bfb4748aabdfba"
}
info|2023-07-07 23:57:20.034449|[RPC][BLOCK][NUMBER][fromJson],group=group0,node=2f993327933ad58672518b6d4f63920cbc68b80f78f4d81192552ee6362f5cc81ee13bdc678ad65f06e76444cadb53b33694cfb3fc7679b8000411975fedd28a,blockNumber=1610
info|2023-07-07 23:57:20.034482|[RPCWS][SERVICE][onRecvBlockNotifier]receive block number notifier,group=group0,node=2f993327933ad58672518b6d4f63920cbc68b80f78f4d81192552ee6362f5cc81ee13bdc678ad65f06e76444cadb53b33694cfb3fc7679b8000411975fedd28a,blockNumber=1610
info|2023-07-07 23:57:20.034490|[WS]receive block notify,endpoint=127.0.0.1:20201,blk={
	"blockNumber" : 1610,
	"group" : "group0",
	"nodeName" : "2f993327933ad58672518b6d4f63920cbc68b80f78f4d81192552ee6362f5cc81ee13bdc678ad65f06e76444cadb53b33694cfb3fc7679b8000411975fedd28a"
}
info|2023-07-07 23:57:20.559399|[RPC][BLOCK][NUMBER][fromJson],group=group0,node=98a7f70ec883a722219d92253cf073a72605f4087aa3443c8e4aadc0af2dc3ac647d0fa1b5ac99cd6987abafe6d690ae71cd5fd2aeeabe7589bfb4748aabdfba,blockNumber=1611
info|2023-07-07 23:57:20.559423|[RPCWS][SERVICE][onRecvBlockNotifier]receive block number notifier,group=group0,node=98a7f70ec883a722219d92253cf073a72605f4087aa3443c8e4aadc0af2dc3ac647d0fa1b5ac99cd6987abafe6d690ae71cd5fd2aeeabe7589bfb4748aabdfba,blockNumber=1611
info|2023-07-07 23:57:20.559429|[RPCWS][SERVICE][updateGroupBlockNumber],groupID=group0,_blockNumber=1611
info|2023-07-07 23:57:20.559434|[RPCWS][SERVICE][onRecvBlockNotifier]block notifier callback,group=group0,node=98a7f70ec883a722219d92253cf073a72605f4087aa3443c8e4aadc0af2dc3ac647d0fa1b5ac99cd6987abafe6d690ae71cd5fd2aeeabe7589bfb4748aabdfba,blockNumber=1611
info|2023-07-07 23:57:20.559439|[WS]receive block notify,endpoint=127.0.0.1:20200,blk={
	"blockNumber" : 1611,
	"group" : "group0",
	"nodeName" : "98a7f70ec883a722219d92253cf073a72605f4087aa3443c8e4aadc0af2dc3ac647d0fa1b5ac99cd6987abafe6d690ae71cd5fd2aeeabe7589bfb4748aabdfba"
}
info|2023-07-07 23:57:20.573176|[RPC][BLOCK][NUMBER][fromJson],group=group0,node=2f993327933ad58672518b6d4f63920cbc68b80f78f4d81192552ee6362f5cc81ee13bdc678ad65f06e76444cadb53b33694cfb3fc7679b8000411975fedd28a,blockNumber=1611
info|2023-07-07 23:57:20.573202|[RPCWS][SERVICE][onRecvBlockNotifier]receive block number notifier,group=group0,node=2f993327933ad58672518b6d4f63920cbc68b80f78f4d81192552ee6362f5cc81ee13bdc678ad65f06e76444cadb53b33694cfb3fc7679b8000411975fedd28a,blockNumber=1611
info|2023-07-07 23:57:20.573210|[WS]receive block notify,endpoint=127.0.0.1:20201,blk={
	"blockNumber" : 1611,
	"group" : "group0",
	"nodeName" : "2f993327933ad58672518b6d4f63920cbc68b80f78f4d81192552ee6362f5cc81ee13bdc678ad65f06e76444cadb53b33694cfb3fc7679b8000411975fedd28a"
}
info|2023-07-07 23:57:21.115878|[RPC][BLOCK][NUMBER][fromJson],group=group0,node=2f993327933ad58672518b6d4f63920cbc68b80f78f4d81192552ee6362f5cc81ee13bdc678ad65f06e76444cadb53b33694cfb3fc7679b8000411975fedd28a,blockNumber=1612
info|2023-07-07 23:57:21.115925|[RPCWS][SERVICE][onRecvBlockNotifier]receive block number notifier,group=group0,node=2f993327933ad58672518b6d4f63920cbc68b80f78f4d81192552ee6362f5cc81ee13bdc678ad65f06e76444cadb53b33694cfb3fc7679b8000411975fedd28a,blockNumber=1612
info|2023-07-07 23:57:21.115935|[RPCWS][SERVICE][updateGroupBlockNumber],groupID=group0,_blockNumber=1612
info|2023-07-07 23:57:21.115940|[RPCWS][SERVICE][onRecvBlockNotifier]block notifier callback,group=group0,node=2f993327933ad58672518b6d4f63920cbc68b80f78f4d81192552ee6362f5cc81ee13bdc678ad65f06e76444cadb53b33694cfb3fc7679b8000411975fedd28a,blockNumber=1612
info|2023-07-07 23:57:21.115945|[WS]receive block notify,endpoint=127.0.0.1:20201,blk={
	"blockNumber" : 1612,
	"group" : "group0",
	"nodeName" : "2f993327933ad58672518b6d4f63920cbc68b80f78f4d81192552ee6362f5cc81ee13bdc678ad65f06e76444cadb53b33694cfb3fc7679b8000411975fedd28a"
}
info|2023-07-07 23:57:21.119732|[RPC][BLOCK][NUMBER][fromJson],group=group0,node=98a7f70ec883a722219d92253cf073a72605f4087aa3443c8e4aadc0af2dc3ac647d0fa1b5ac99cd6987abafe6d690ae71cd5fd2aeeabe7589bfb4748aabdfba,blockNumber=1612
info|2023-07-07 23:57:21.119777|[RPCWS][SERVICE][onRecvBlockNotifier]receive block number notifier,group=group0,node=98a7f70ec883a722219d92253cf073a72605f4087aa3443c8e4aadc0af2dc3ac647d0fa1b5ac99cd6987abafe6d690ae71cd5fd2aeeabe7589bfb4748aabdfba,blockNumber=1612
info|2023-07-07 23:57:21.119788|[WS]receive block notify,endpoint=127.0.0.1:20200,blk={
	"blockNumber" : 1612,
	"group" : "group0",
	"nodeName" : "98a7f70ec883a722219d92253cf073a72605f4087aa3443c8e4aadc0af2dc3ac647d0fa1b5ac99cd6987abafe6d690ae71cd5fd2aeeabe7589bfb4748aabdfba"
}
info|2023-07-07 23:57:21.622979|[RPC][BLOCK][NUMBER][fromJson],group=group0,node=98a7f70ec883a722219d92253cf073a72605f4087aa3443c8e4aadc0af2dc3ac647d0fa1b5ac99cd6987abafe6d690ae71cd5fd2aeeabe7589bfb4748aabdfba,blockNumber=1613
info|2023-07-07 23:57:21.623041|[RPCWS][SERVICE][onRecvBlockNotifier]receive block number notifier,group=group0,node=98a7f70ec883a722219d92253cf073a72605f4087aa3443c8e4aadc0af2dc3ac647d0fa1b5ac99cd6987abafe6d690ae71cd5fd2aeeabe7589bfb4748aabdfba,blockNumber=1613
info|2023-07-07 23:57:21.623050|[RPCWS][SERVICE][updateGroupBlockNumber],groupID=group0,_blockNumber=1613
info|2023-07-07 23:57:21.623057|[RPCWS][SERVICE][onRecvBlockNotifier]block notifier callback,group=group0,node=98a7f70ec883a722219d92253cf073a72605f4087aa3443c8e4aadc0af2dc3ac647d0fa1b5ac99cd6987abafe6d690ae71cd5fd2aeeabe7589bfb4748aabdfba,blockNumber=1613
info|2023-07-07 23:57:21.623063|[WS]receive block notify,endpoint=127.0.0.1:20200,blk={
	"blockNumber" : 1613,
	"group" : "group0",
	"nodeName" : "98a7f70ec883a722219d92253cf073a72605f4087aa3443c8e4aadc0af2dc3ac647d0fa1b5ac99cd6987abafe6d690ae71cd5fd2aeeabe7589bfb4748aabdfba"
}
info|2023-07-07 23:57:21.675782|[RPC][BLOCK][NUMBER][fromJson],group=group0,node=2f993327933ad58672518b6d4f63920cbc68b80f78f4d81192552ee6362f5cc81ee13bdc678ad65f06e76444cadb53b33694cfb3fc7679b8000411975fedd28a,blockNumber=1613
info|2023-07-07 23:57:21.675843|[RPCWS][SERVICE][onRecvBlockNotifier]receive block number notifier,group=group0,node=2f993327933ad58672518b6d4f63920cbc68b80f78f4d81192552ee6362f5cc81ee13bdc678ad65f06e76444cadb53b33694cfb3fc7679b8000411975fedd28a,blockNumber=1613
info|2023-07-07 23:57:21.675853|[WS]receive block notify,endpoint=127.0.0.1:20201,blk={
	"blockNumber" : 1613,
	"group" : "group0",
	"nodeName" : "2f993327933ad58672518b6d4f63920cbc68b80f78f4d81192552ee6362f5cc81ee13bdc678ad65f06e76444cadb53b33694cfb3fc7679b8000411975fedd28a"
}
info|2023-07-07 23:57:22.232793|[RPC][BLOCK][NUMBER][fromJson],group=group0,node=98a7f70ec883a722219d92253cf073a72605f4087aa3443c8e4aadc0af2dc3ac647d0fa1b5ac99cd6987abafe6d690ae71cd5fd2aeeabe7589bfb4748aabdfba,blockNumber=1614
info|2023-07-07 23:57:22.232827|[RPCWS][SERVICE][onRecvBlockNotifier]receive block number notifier,group=group0,node=98a7f70ec883a722219d92253cf073a72605f4087aa3443c8e4aadc0af2dc3ac647d0fa1b5ac99cd6987abafe6d690ae71cd5fd2aeeabe7589bfb4748aabdfba,blockNumber=1614
info|2023-07-07 23:57:22.232838|[RPCWS][SERVICE][updateGroupBlockNumber],groupID=group0,_blockNumber=1614
info|2023-07-07 23:57:22.232846|[RPCWS][SERVICE][onRecvBlockNotifier]block notifier callback,group=group0,node=98a7f70ec883a722219d92253cf073a72605f4087aa3443c8e4aadc0af2dc3ac647d0fa1b5ac99cd6987abafe6d690ae71cd5fd2aeeabe7589bfb4748aabdfba,blockNumber=1614
info|2023-07-07 23:57:22.232853|[WS]receive block notify,endpoint=127.0.0.1:20200,blk={
	"blockNumber" : 1614,
	"group" : "group0",
	"nodeName" : "98a7f70ec883a722219d92253cf073a72605f4087aa3443c8e4aadc0af2dc3ac647d0fa1b5ac99cd6987abafe6d690ae71cd5fd2aeeabe7589bfb4748aabdfba"
}
info|2023-07-07 23:57:22.284536|[RPC][BLOCK][NUMBER][fromJson],group=group0,node=2f993327933ad58672518b6d4f63920cbc68b80f78f4d81192552ee6362f5cc81ee13bdc678ad65f06e76444cadb53b33694cfb3fc7679b8000411975fedd28a,blockNumber=1614
info|2023-07-07 23:57:22.284584|[RPCWS][SERVICE][onRecvBlockNotifier]receive block number notifier,group=group0,node=2f993327933ad58672518b6d4f63920cbc68b80f78f4d81192552ee6362f5cc81ee13bdc678ad65f06e76444cadb53b33694cfb3fc7679b8000411975fedd28a,blockNumber=1614
info|2023-07-07 23:57:22.284595|[WS]receive block notify,endpoint=127.0.0.1:20201,blk={
	"blockNumber" : 1614,
	"group" : "group0",
	"nodeName" : "2f993327933ad58672518b6d4f63920cbc68b80f78f4d81192552ee6362f5cc81ee13bdc678ad65f06e76444cadb53b33694cfb3fc7679b8000411975fedd28a"
}
info|2023-07-07 23:57:25.842047|[SDK][WS][SERVICE]connected nodes,count=2
info|2023-07-07 23:57:26.153550|[EVENT][SUB][doLoop]event sub tasks report,working event sub count=0,suspend event sub count=0
info|2023-07-07 23:57:45.842584|[SDK][WS][SERVICE]connected nodes,count=2
info|2023-07-07 23:57:46.154073|[EVENT][SUB][doLoop]event sub tasks report,working event sub count=0,suspend event sub count=0
info|2023-07-07 23:58:05.843222|[SDK][WS][SERVICE]connected nodes,count=2
info|2023-07-07 23:58:06.154673|[EVENT][SUB][doLoop]event sub tasks report,working event sub count=0,suspend event sub count=0
info|2023-07-07 23:58:25.843938|[SDK][WS][SERVICE]connected nodes,count=2
info|2023-07-07 23:58:26.154950|[EVENT][SUB][doLoop]event sub tasks report,working event sub count=0,suspend event sub count=0
info|2023-07-07 23:58:45.844443|[SDK][WS][SERVICE]connected nodes,count=2
info|2023-07-07 23:58:46.155086|[EVENT][SUB][doLoop]event sub tasks report,working event sub count=0,suspend event sub count=0
info|2023-07-07 23:59:05.844930|[SDK][WS][SERVICE]connected nodes,count=2
info|2023-07-07 23:59:06.155387|[EVENT][SUB][doLoop]event sub tasks report,working event sub count=0,suspend event sub count=0
info|2023-07-07 23:59:25.845662|[SDK][WS][SERVICE]connected nodes,count=2
info|2023-07-07 23:59:26.155710|[EVENT][SUB][doLoop]event sub tasks report,working event sub count=0,suspend event sub count=0
info|2023-07-07 23:59:45.845837|[SDK][WS][SERVICE]connected nodes,count=2
info|2023-07-07 23:59:46.155775|[EVENT][SUB][doLoop]event sub tasks report,working event sub count=0,suspend event sub count=0
