info|2023-07-11 10:35:40.295361|[SDK][WS][SERVICE],[NEWOBJ][WsService]=0x7f2b99000650
info|2023-07-11 10:35:40.295395|[RPCWS][SERVICE]init the local protocol,minVersion=1,maxVersion=1,module=2
info|2023-07-11 10:35:40.301720|[DEFAULT][WS][INITIALIZER][initWsService]start websocket service as client,connected size=2
info|2023-07-11 10:35:40.301793|[DEFAULT][WS][INITIALIZER][initWsService]initializer for websocket service,listenIP=,listenPort=0,disableSsl=false,server=false,client=true,threadPoolSize=2,maxMsgSize=33554432,msgTimeOut=-1,connected peers=2
info|2023-07-11 10:35:40.301837|[bcos_sdk_create][NEWOBJ],sdk=0x7f2b98ffedf0
info|2023-07-11 10:35:40.310934|[DEFAULT][WS][CONNECTOR][connectToWsServer]async_connect success,endpoint=127.0.0.1:20201
info|2023-07-11 10:35:40.311132|[DEFAULT][WS][STREAM],[NEWOBJ][WsStream]=0x7f2b5c019190
info|2023-07-11 10:35:40.318205|[DEFAULT][WS][CONNECTOR][connectToWsServer]async_connect success,endpoint=127.0.0.1:20200
info|2023-07-11 10:35:40.322032|[DEFAULT][WS][STREAM],[NEWOBJ][WsStream]=0x7f2b5852dbc0
info|2023-07-11 10:35:40.325744|[DEFAULT][BOOSTSSL][NODEINFO][NEW]SSLContext pubHex: 3082010a0282010100983e3a6582955a60280a945a6370ea4708188c93cea0c7c02092e5dd15e628947b5a8a64bd1f5898899fbe947f040b2b1f20255d7557445767003a9ce2954044a17983c21f725ae10a0fce6723134a1c36d86cc1b6941c61402736b905dd852758c8edb622d7cf3cd9d6dbd81dc5d0cc2b1269149b645f433d1e051e3e75efe274a5905d57b18e356a090dad43b5c0a9f3af112a6d266963a009afaef9a6303bd7cd4b927ecb494d4c24babb763ae6a31fb2e19e0fa9ca4430fd03993fbe17a0517c80e2135b0fd1450bbc5cb4aaafa8a14e1c3917cb6f4fb16c2aaa15ba3974148d8a691fa99e301f61bedd48f40371f711968dbd36558e1e396c40fbaa1f970203010001
warning|2023-07-11 10:35:40.325767|[DEFAULT][BOOSTSSL][NODEINFO]Get ca basic failed
info|2023-07-11 10:35:40.325864|[DEFAULT][BOOSTSSL][NODEINFO][NEW]SSLContext pubHex: 3082010a0282010100d3594f8132bd222b1ce596ef3cc16e60c244c11d377a58a32c60945ed05462caade15c0a72a66bd9cb279f71a7a60f5dc36bdff53eb5833805f5922f19b16253426cd1b714c8e1933a811a61f714229c0fc4f73d6ec02e3c7ab098c89899d27b76e10b978f6e7e5fe2eff9256c3fd6f843152ad26eb9022839810f034d8458d20a5914a39af678580aecebdc2cd5e810fc4347f6dfa02a42f898174e7824fb4f930aaf55d21790e2e2a24d12cb864d83e9a60a0772b5f1e312d299132b7723384cf36e0b0e1071f357382a72d0a57e23e8eed0093661654ae6bbb896bf72cf2d8637e6738ff5abd4fe79b1c44f7472ed5f8432f3183650598190fa1c6be6696d0203010001
info|2023-07-11 10:35:40.329814|[DEFAULT][BOOSTSSL][NODEINFO][NEW]SSLContext pubHex: 3082010a0282010100983e3a6582955a60280a945a6370ea4708188c93cea0c7c02092e5dd15e628947b5a8a64bd1f5898899fbe947f040b2b1f20255d7557445767003a9ce2954044a17983c21f725ae10a0fce6723134a1c36d86cc1b6941c61402736b905dd852758c8edb622d7cf3cd9d6dbd81dc5d0cc2b1269149b645f433d1e051e3e75efe274a5905d57b18e356a090dad43b5c0a9f3af112a6d266963a009afaef9a6303bd7cd4b927ecb494d4c24babb763ae6a31fb2e19e0fa9ca4430fd03993fbe17a0517c80e2135b0fd1450bbc5cb4aaafa8a14e1c3917cb6f4fb16c2aaa15ba3974148d8a691fa99e301f61bedd48f40371f711968dbd36558e1e396c40fbaa1f970203010001
warning|2023-07-11 10:35:40.329871|[DEFAULT][BOOSTSSL][NODEINFO]Get ca basic failed
info|2023-07-11 10:35:40.329937|[DEFAULT][BOOSTSSL][NODEINFO][NEW]SSLContext pubHex: 3082010a0282010100c80733d1dab6f6619bb974fc94792d6de58bb7940862bbeb29bbc78a4ef1ec2d0166583980a9aa55ba9c9847588476e7d80a65ac1cfad98bdbca825ae9b0c59190f11f4879866cb9b587cc8e4948f8fb76ef3e9dda668dd24eb4503eb0df9879b1cd7aa82e6663f202415d11a00a9c1582ff5d90c9e848da37f68313ed78ae46c6658b090a0ea00259e58a161eaf9deac7c39d6c21d3f7031e9d9dab2234ef6eba85c7ce171537ab65a4794add086445e8a037ade9db7d3d0ea8edcd6b78b5bdcc572f25f070aae7a275860c53bea0ec2610ed850d6054d1f9694b625c783cfd6540023f0cc4dfd5fd676cb2693c3377b70ba6721f10a08032a1eadf00ff1d770203010001
info|2023-07-11 10:35:40.340848|[DEFAULT][WS][CONNECTOR][connectToWsServer]ssl async_handshake success,host=127.0.0.1,port=20201
info|2023-07-11 10:35:40.342229|[DEFAULT][WS][CONNECTOR][connectToWsServer]websocket handshake successfully,host=127.0.0.1,port=20201
info|2023-07-11 10:35:40.342270|[SDK][WS][SESSION],[NEWOBJ][WSSESSION]=0x7f2b5c027730
info|2023-07-11 10:35:40.342276|[SDK][WS][SERVICE][newSession]start the session,endPoint=127.0.0.1:20201
info|2023-07-11 10:35:40.342283|[SDK][WS][SERVICE][addSession]add session to mapping,connectedEndPoint=127.0.0.1:20201,endPoint=127.0.0.1:20201,result=true
info|2023-07-11 10:35:40.342286|[SDK][WS][SERVICE][onConnect],endpoint=127.0.0.1:20201,connectedEndPoint=127.0.0.1:20201,refCount=6
info|2023-07-11 10:35:40.342348|[RPCWS][SERVICE][startHandshake],endpoint=127.0.0.1:20201
info|2023-07-11 10:35:40.342399|[SDK][WS][SESSION][startAsClient]websocket handshake successfully,endPoint=127.0.0.1:20201,session=0x7f2b5c027730
info|2023-07-11 10:35:40.343630|[DEFAULT][WS][CONNECTOR][connectToWsServer]ssl async_handshake success,host=127.0.0.1,port=20200
info|2023-07-11 10:35:40.344109|[RPCWS][SERVICE][fromJson] new group info,groupInfo=,group=group0,chain=chain0,nodeSize=1
info|2023-07-11 10:35:40.344138|[RPCWS][SERVICE][fromJson]parser protocol version,protocolVersion=1,groupInfoList size=1,groupBlockNumber size=1
info|2023-07-11 10:35:40.344144|[RPCWS][SERVICE][updateGroupInfoByEp],endPoint=127.0.0.1:20201,group=group0,chainID=chain0,genesisConfig={"blockTxCountLimit":1000,"consensusLeaderPeriod":1,"consensusType":"pbft","sealerList":[{"nodeID":"2a25537264a65ff64501b43eb3126b0b8483b2b1506a9af27f14abec16621620b207c9f05e6b907bba9a388a956a5c021bfa631d9b30e4b3c8c9ef968f17f27f","weight":1},{"nodeID":"2f993327933ad58672518b6d4f63920cbc68b80f78f4d81192552ee6362f5cc81ee13bdc678ad65f06e76444cadb53b33694cfb3fc7679b8000411975fedd28a","weight":1},{"nodeID":"98a7f70ec883a722219d92253cf073a72605f4087aa3443c8e4aadc0af2dc3ac647d0fa1b5ac99cd6987abafe6d690ae71cd5fd2aeeabe7589bfb4748aabdfba","weight":1},{"nodeID":"f60eae99dead37bac092544d318211ed182bd0a3bce74622620a371a4c1338f62f738e9c6ced3fb63bbe2478ce6e74a12e5cbb3a8267878ab6b47069d8f99191","weight":1}],"txGasLimit":3000000000}
,iniConfig=,nodesNum=1
info|2023-07-11 10:35:40.344151|[RPCWS][SERVICE][updateGroupInfo],endPoint=127.0.0.1:20201,group=group0,chainID=chain0,nodesNum=1
info|2023-07-11 10:35:40.344154|[RPCWS][SERVICE][clearGroupInfoByEp],endPoint=127.0.0.1:20201,group=group0
info|2023-07-11 10:35:40.344161|[RPCWS][SERVICE][printGroupInfo],total count=1
info|2023-07-11 10:35:40.344163|[RPCWS][SERVICE][printGroupInfo]group list,group=group0,count=1
info|2023-07-11 10:35:40.344165|[RPCWS][SERVICE][printGroupInfo]node list,group=group0,node=2f993327933ad58672518b6d4f63920cbc68b80f78f4d81192552ee6362f5cc81ee13bdc678ad65f06e76444cadb53b33694cfb3fc7679b8000411975fedd28a,count=1
info|2023-07-11 10:35:40.344169|[RPCWS][SERVICE][updateGroupBlockNumber],groupID=group0,_blockNumber=3118
info|2023-07-11 10:35:40.344207|[AMOP][CLIENT][updateTopicsToRemote]send subscribe message to server,endpoint=127.0.0.1:20201,topics={"topics":[]}
info|2023-07-11 10:35:40.344217|[RPCWS][SERVICE][startHandshake]handshake successfully,endPoint=127.0.0.1:20201,handshake version=1,groupInfoList size=1,groupBlockNumber size=1,handshake string={"groupBlockNumber":[{"group0":3118}],"groupInfoList":[{"chainID":"chain0","genesisConfig":"{\"blockTxCountLimit\":1000,\"consensusLeaderPeriod\":1,\"consensusType\":\"pbft\",\"sealerList\":[{\"nodeID\":\"2a25537264a65ff64501b43eb3126b0b8483b2b1506a9af27f14abec16621620b207c9f05e6b907bba9a388a956a5c021bfa631d9b30e4b3c8c9ef968f17f27f\",\"weight\":1},{\"nodeID\":\"2f993327933ad58672518b6d4f63920cbc68b80f78f4d81192552ee6362f5cc81ee13bdc678ad65f06e76444cadb53b33694cfb3fc7679b8000411975fedd28a\",\"weight\":1},{\"nodeID\":\"98a7f70ec883a722219d92253cf073a72605f4087aa3443c8e4aadc0af2dc3ac647d0fa1b5ac99cd6987abafe6d690ae71cd5fd2aeeabe7589bfb4748aabdfba\",\"weight\":1},{\"nodeID\":\"f60eae99dead37bac092544d318211ed182bd0a3bce74622620a371a4c1338f62f738e9c6ced3fb63bbe2478ce6e74a12e5cbb3a8267878ab6b47069d8f99191\",\"weight\":1}],\"txGasLimit\":3000000000}\n","groupID":"group0","iniConfig":"","nodeList":[{"iniConfig":"{\"binaryInfo\":{\"buildTime\":\"20230424 06:41:58\",\"gitCommitHash\":\"461459291f2f6bb49afbd827618fda2bc4dfdf24\",\"platform\":\"Linux/g++\",\"version\":\"3.3.0\"},\"chainID\":\"chain0\",\"gatewayServiceName\":\"\",\"groupID\":\"group0\",\"isAuthCheck\":false,\"isSerialExecute\":true,\"isWasm\":false,\"nodeID\":\"2f993327933ad58672518b6d4f63920cbc68b80f78f4d81192552ee6362f5cc81ee13bdc678ad65f06e76444cadb53b33694cfb3fc7679b8000411975fedd28a\",\"nodeName\":\"2f993327933ad58672518b6d4f63920cbc68b80f78f4d81192552ee6362f5cc81ee13bdc678ad65f06e76444cadb53b33694cfb3fc7679b8000411975fedd28a\",\"rpcServiceName\":\"\",\"smCryptoType\":false}\n","microService":false,"name":"2f993327933ad58672518b6d4f63920cbc68b80f78f4d81192552ee6362f5cc81ee13bdc678ad65f06e76444cadb53b33694cfb3fc7679b8000411975fedd28a","nodeID":"2f993327933ad58672518b6d4f63920cbc68b80f78f4d81192552ee6362f5cc81ee13bdc678ad65f06e76444cadb53b33694cfb3fc7679b8000411975fedd28a","protocol":{"compatibilityVersion":50528256,"maxSupportedVersion":1,"minSupportedVersion":0},"serviceInfo":[{"serviceName":"LedgerServiceObj","type":2},{"serviceName":"SchedulerServiceObj","type":3},{"serviceName":"FrontServiceObj","type":4},{"serviceName":"","type":6},{"serviceName":"","type":7},{"serviceName":"TxPoolServiceObj","type":8}],"type":0}]}],"protocolVersion":1}
info|2023-07-11 10:35:40.348113|[DEFAULT][WS][CONNECTOR][connectToWsServer]websocket handshake successfully,host=127.0.0.1,port=20200
info|2023-07-11 10:35:40.348185|[SDK][WS][SERVICE]connected nodes,count=1
info|2023-07-11 10:35:40.348208|[SDK][WS][SERVICE][start]start websocket service successfully,model=1,max msg size=33554432
info|2023-07-11 10:35:40.348231|[SDK][WS][SESSION],[NEWOBJ][WSSESSION]=0x7f2b58551180
info|2023-07-11 10:35:40.348251|[SDK][WS][SERVICE][newSession]start the session,endPoint=127.0.0.1:20200
info|2023-07-11 10:35:40.348257|[SDK][WS][SERVICE][addSession]add session to mapping,connectedEndPoint=127.0.0.1:20200,endPoint=127.0.0.1:20200,result=true
info|2023-07-11 10:35:40.348261|[SDK][WS][SERVICE][onConnect],endpoint=127.0.0.1:20200,connectedEndPoint=127.0.0.1:20200,refCount=6
info|2023-07-11 10:35:40.348299|[RPCWS][SERVICE][startHandshake],endpoint=127.0.0.1:20200
info|2023-07-11 10:35:40.348346|[SDK][WS][SESSION][startAsClient]websocket handshake successfully,endPoint=127.0.0.1:20200,session=0x7f2b58551180
info|2023-07-11 10:35:40.372293|[RPCWS][SERVICE][fromJson] new group info,groupInfo=,group=group0,chain=chain0,nodeSize=1
info|2023-07-11 10:35:40.372329|[RPCWS][SERVICE][fromJson]parser protocol version,protocolVersion=1,groupInfoList size=1,groupBlockNumber size=1
info|2023-07-11 10:35:40.372336|[RPCWS][SERVICE][updateGroupInfoByEp],endPoint=127.0.0.1:20200,group=group0,chainID=chain0,genesisConfig={"blockTxCountLimit":1000,"consensusLeaderPeriod":1,"consensusType":"pbft","sealerList":[{"nodeID":"2a25537264a65ff64501b43eb3126b0b8483b2b1506a9af27f14abec16621620b207c9f05e6b907bba9a388a956a5c021bfa631d9b30e4b3c8c9ef968f17f27f","weight":1},{"nodeID":"2f993327933ad58672518b6d4f63920cbc68b80f78f4d81192552ee6362f5cc81ee13bdc678ad65f06e76444cadb53b33694cfb3fc7679b8000411975fedd28a","weight":1},{"nodeID":"98a7f70ec883a722219d92253cf073a72605f4087aa3443c8e4aadc0af2dc3ac647d0fa1b5ac99cd6987abafe6d690ae71cd5fd2aeeabe7589bfb4748aabdfba","weight":1},{"nodeID":"f60eae99dead37bac092544d318211ed182bd0a3bce74622620a371a4c1338f62f738e9c6ced3fb63bbe2478ce6e74a12e5cbb3a8267878ab6b47069d8f99191","weight":1}],"txGasLimit":3000000000}
,iniConfig=,nodesNum=1
info|2023-07-11 10:35:40.372343|[RPCWS][SERVICE][updateGroupInfo],endPoint=127.0.0.1:20200,group=group0,chainID=chain0,nodesNum=1
info|2023-07-11 10:35:40.372347|[RPCWS][SERVICE][clearGroupInfoByEp],endPoint=127.0.0.1:20200,group=group0
info|2023-07-11 10:35:40.372357|[RPCWS][SERVICE][printGroupInfo],total count=1
info|2023-07-11 10:35:40.372359|[RPCWS][SERVICE][printGroupInfo]group list,group=group0,count=2
info|2023-07-11 10:35:40.372361|[RPCWS][SERVICE][printGroupInfo]node list,group=group0,node=98a7f70ec883a722219d92253cf073a72605f4087aa3443c8e4aadc0af2dc3ac647d0fa1b5ac99cd6987abafe6d690ae71cd5fd2aeeabe7589bfb4748aabdfba,count=1
info|2023-07-11 10:35:40.372364|[RPCWS][SERVICE][printGroupInfo]node list,group=group0,node=2f993327933ad58672518b6d4f63920cbc68b80f78f4d81192552ee6362f5cc81ee13bdc678ad65f06e76444cadb53b33694cfb3fc7679b8000411975fedd28a,count=1
info|2023-07-11 10:35:40.372427|[AMOP][CLIENT][updateTopicsToRemote]send subscribe message to server,endpoint=127.0.0.1:20200,topics={"topics":[]}
info|2023-07-11 10:35:40.372433|[RPCWS][SERVICE][startHandshake]handshake successfully,endPoint=127.0.0.1:20200,handshake version=1,groupInfoList size=1,groupBlockNumber size=1,handshake string={"groupBlockNumber":[{"group0":3118}],"groupInfoList":[{"chainID":"chain0","genesisConfig":"{\"blockTxCountLimit\":1000,\"consensusLeaderPeriod\":1,\"consensusType\":\"pbft\",\"sealerList\":[{\"nodeID\":\"2a25537264a65ff64501b43eb3126b0b8483b2b1506a9af27f14abec16621620b207c9f05e6b907bba9a388a956a5c021bfa631d9b30e4b3c8c9ef968f17f27f\",\"weight\":1},{\"nodeID\":\"2f993327933ad58672518b6d4f63920cbc68b80f78f4d81192552ee6362f5cc81ee13bdc678ad65f06e76444cadb53b33694cfb3fc7679b8000411975fedd28a\",\"weight\":1},{\"nodeID\":\"98a7f70ec883a722219d92253cf073a72605f4087aa3443c8e4aadc0af2dc3ac647d0fa1b5ac99cd6987abafe6d690ae71cd5fd2aeeabe7589bfb4748aabdfba\",\"weight\":1},{\"nodeID\":\"f60eae99dead37bac092544d318211ed182bd0a3bce74622620a371a4c1338f62f738e9c6ced3fb63bbe2478ce6e74a12e5cbb3a8267878ab6b47069d8f99191\",\"weight\":1}],\"txGasLimit\":3000000000}\n","groupID":"group0","iniConfig":"","nodeList":[{"iniConfig":"{\"binaryInfo\":{\"buildTime\":\"20230424 06:41:58\",\"gitCommitHash\":\"461459291f2f6bb49afbd827618fda2bc4dfdf24\",\"platform\":\"Linux/g++\",\"version\":\"3.3.0\"},\"chainID\":\"chain0\",\"gatewayServiceName\":\"\",\"groupID\":\"group0\",\"isAuthCheck\":false,\"isSerialExecute\":true,\"isWasm\":false,\"nodeID\":\"98a7f70ec883a722219d92253cf073a72605f4087aa3443c8e4aadc0af2dc3ac647d0fa1b5ac99cd6987abafe6d690ae71cd5fd2aeeabe7589bfb4748aabdfba\",\"nodeName\":\"98a7f70ec883a722219d92253cf073a72605f4087aa3443c8e4aadc0af2dc3ac647d0fa1b5ac99cd6987abafe6d690ae71cd5fd2aeeabe7589bfb4748aabdfba\",\"rpcServiceName\":\"\",\"smCryptoType\":false}\n","microService":false,"name":"98a7f70ec883a722219d92253cf073a72605f4087aa3443c8e4aadc0af2dc3ac647d0fa1b5ac99cd6987abafe6d690ae71cd5fd2aeeabe7589bfb4748aabdfba","nodeID":"98a7f70ec883a722219d92253cf073a72605f4087aa3443c8e4aadc0af2dc3ac647d0fa1b5ac99cd6987abafe6d690ae71cd5fd2aeeabe7589bfb4748aabdfba","protocol":{"compatibilityVersion":50528256,"maxSupportedVersion":1,"minSupportedVersion":0},"serviceInfo":[{"serviceName":"LedgerServiceObj","type":2},{"serviceName":"SchedulerServiceObj","type":3},{"serviceName":"FrontServiceObj","type":4},{"serviceName":"","type":6},{"serviceName":"","type":7},{"serviceName":"TxPoolServiceObj","type":8}],"type":0}]}],"protocolVersion":1}
info|2023-07-11 10:35:40.448584|[RPCWS][SERVICE][waitForConnectionEstablish]wait for websocket connection handshake success,suc count=2
info|2023-07-11 10:35:40.448688|[RPC][IMPL][start]start rpc
info|2023-07-11 10:35:40.448703|[SDK][WS][SERVICE][start]websocket service is running
info|2023-07-11 10:35:40.549483|[RPCWS][SERVICE][waitForConnectionEstablish]wait for websocket connection handshake success,suc count=2
info|2023-07-11 10:35:40.549544|[AMOP][CLIENT][start]start amop
info|2023-07-11 10:35:40.549553|[SDK][WS][SERVICE][start]websocket service is running
info|2023-07-11 10:35:40.650146|[RPCWS][SERVICE][waitForConnectionEstablish]wait for websocket connection handshake success,suc count=2
info|2023-07-11 10:35:40.650415|[EVENT][SUB][start]start event sub successfully,sendMsgTimeout=-1,reconnectPeriod=20000
info|2023-07-11 10:35:40.650486|[SDK][WS][SERVICE][start]websocket service is running
info|2023-07-11 10:35:40.750716|[RPCWS][SERVICE][waitForConnectionEstablish]wait for websocket connection handshake success,suc count=2
info|2023-07-11 10:35:40.750794|[bcos_sdk_start],sdk=0x7f2b98ffedf0
info|2023-07-11 10:35:40.760405|[findClass]add class to cache,fullClassName=org/fisco/bcos/sdk/jni/common/Response
info|2023-07-11 10:35:40.760498|[RPCWS][SERVICE][getGroupInfo],count=2
info|2023-07-11 10:35:40.761700|[RPC][IMPL][getGroupInfo][get group info from cache],hitCache=true,response={"id":1,"jsonrpc":"2.0","result":{"chainID":"chain0","genesisConfig":"{\"blockTxCountLimit\":1000,\"consensusLeaderPeriod\":1,\"consensusType\":\"pbft\",\"sealerList\":[{\"nodeID\":\"2a25537264a65ff64501b43eb3126b0b8483b2b1506a9af27f14abec16621620b207c9f05e6b907bba9a388a956a5c021bfa631d9b30e4b3c8c9ef968f17f27f\",\"weight\":1},{\"nodeID\":\"2f993327933ad58672518b6d4f63920cbc68b80f78f4d81192552ee6362f5cc81ee13bdc678ad65f06e76444cadb53b33694cfb3fc7679b8000411975fedd28a\",\"weight\":1},{\"nodeID\":\"98a7f70ec883a722219d92253cf073a72605f4087aa3443c8e4aadc0af2dc3ac647d0fa1b5ac99cd6987abafe6d690ae71cd5fd2aeeabe7589bfb4748aabdfba\",\"weight\":1},{\"nodeID\":\"f60eae99dead37bac092544d318211ed182bd0a3bce74622620a371a4c1338f62f738e9c6ced3fb63bbe2478ce6e74a12e5cbb3a8267878ab6b47069d8f99191\",\"weight\":1}],\"txGasLimit\":3000000000}\n","groupID":"group0","iniConfig":"","nodeList":[{"iniConfig":"{\"binaryInfo\":{\"buildTime\":\"20230424 06:41:58\",\"gitCommitHash\":\"461459291f2f6bb49afbd827618fda2bc4dfdf24\",\"platform\":\"Linux/g++\",\"version\":\"3.3.0\"},\"chainID\":\"chain0\",\"gatewayServiceName\":\"\",\"groupID\":\"group0\",\"isAuthCheck\":false,\"isSerialExecute\":true,\"isWasm\":false,\"nodeID\":\"2f993327933ad58672518b6d4f63920cbc68b80f78f4d81192552ee6362f5cc81ee13bdc678ad65f06e76444cadb53b33694cfb3fc7679b8000411975fedd28a\",\"nodeName\":\"2f993327933ad58672518b6d4f63920cbc68b80f78f4d81192552ee6362f5cc81ee13bdc678ad65f06e76444cadb53b33694cfb3fc7679b8000411975fedd28a\",\"rpcServiceName\":\"\",\"smCryptoType\":false}\n","name":"2f993327933ad58672518b6d4f63920cbc68b80f78f4d81192552ee6362f5cc81ee13bdc678ad65f06e76444cadb53b33694cfb3fc7679b8000411975fedd28a","protocol":{"compatibilityVersion":50528256,"maxSupportedVersion":1,"minSupportedVersion":0},"serviceInfo":[{"serviceName":"LedgerServiceObj","type":2},{"serviceName":"SchedulerServiceObj","type":3},{"serviceName":"FrontServiceObj","type":4},{"serviceName":"","type":6},{"serviceName":"","type":7},{"serviceName":"TxPoolServiceObj","type":8}],"type":0},{"iniConfig":"{\"binaryInfo\":{\"buildTime\":\"20230424 06:41:58\",\"gitCommitHash\":\"461459291f2f6bb49afbd827618fda2bc4dfdf24\",\"platform\":\"Linux/g++\",\"version\":\"3.3.0\"},\"chainID\":\"chain0\",\"gatewayServiceName\":\"\",\"groupID\":\"group0\",\"isAuthCheck\":false,\"isSerialExecute\":true,\"isWasm\":false,\"nodeID\":\"98a7f70ec883a722219d92253cf073a72605f4087aa3443c8e4aadc0af2dc3ac647d0fa1b5ac99cd6987abafe6d690ae71cd5fd2aeeabe7589bfb4748aabdfba\",\"nodeName\":\"98a7f70ec883a722219d92253cf073a72605f4087aa3443c8e4aadc0af2dc3ac647d0fa1b5ac99cd6987abafe6d690ae71cd5fd2aeeabe7589bfb4748aabdfba\",\"rpcServiceName\":\"\",\"smCryptoType\":false}\n","name":"98a7f70ec883a722219d92253cf073a72605f4087aa3443c8e4aadc0af2dc3ac647d0fa1b5ac99cd6987abafe6d690ae71cd5fd2aeeabe7589bfb4748aabdfba","protocol":{"compatibilityVersion":50528256,"maxSupportedVersion":1,"minSupportedVersion":0},"serviceInfo":[{"serviceName":"LedgerServiceObj","type":2},{"serviceName":"SchedulerServiceObj","type":3},{"serviceName":"FrontServiceObj","type":4},{"serviceName":"","type":6},{"serviceName":"","type":7},{"serviceName":"TxPoolServiceObj","type":8}],"type":0}],"smCryptoType":false,"wasm":false}}
info|2023-07-11 10:36:00.381876|[SDK][WS][SERVICE]connected nodes,count=2
info|2023-07-11 10:36:00.679245|[EVENT][SUB][doLoop]event sub tasks report,working event sub count=0,suspend event sub count=0
info|2023-07-11 10:36:20.382097|[SDK][WS][SERVICE]connected nodes,count=2
info|2023-07-11 10:36:20.688379|[EVENT][SUB][doLoop]event sub tasks report,working event sub count=0,suspend event sub count=0
info|2023-07-11 10:36:40.382435|[SDK][WS][SERVICE]connected nodes,count=2
info|2023-07-11 10:36:40.688984|[EVENT][SUB][doLoop]event sub tasks report,working event sub count=0,suspend event sub count=0
info|2023-07-11 10:37:00.382926|[SDK][WS][SERVICE]connected nodes,count=2
info|2023-07-11 10:37:00.689394|[EVENT][SUB][doLoop]event sub tasks report,working event sub count=0,suspend event sub count=0
info|2023-07-11 10:37:20.401899|[SDK][WS][SERVICE]connected nodes,count=2
info|2023-07-11 10:37:20.698049|[EVENT][SUB][doLoop]event sub tasks report,working event sub count=0,suspend event sub count=0
info|2023-07-11 10:37:40.401976|[SDK][WS][SERVICE]connected nodes,count=2
info|2023-07-11 10:37:40.700528|[EVENT][SUB][doLoop]event sub tasks report,working event sub count=0,suspend event sub count=0
info|2023-07-11 10:38:00.403941|[SDK][WS][SERVICE]connected nodes,count=2
info|2023-07-11 10:38:00.730422|[EVENT][SUB][doLoop]event sub tasks report,working event sub count=0,suspend event sub count=0
info|2023-07-11 10:38:20.422288|[SDK][WS][SERVICE]connected nodes,count=2
info|2023-07-11 10:38:20.734589|[EVENT][SUB][doLoop]event sub tasks report,working event sub count=0,suspend event sub count=0
info|2023-07-11 10:38:40.422439|[SDK][WS][SERVICE]connected nodes,count=2
info|2023-07-11 10:38:40.736778|[EVENT][SUB][doLoop]event sub tasks report,working event sub count=0,suspend event sub count=0
info|2023-07-11 10:39:00.422630|[SDK][WS][SERVICE]connected nodes,count=2
info|2023-07-11 10:39:00.737389|[EVENT][SUB][doLoop]event sub tasks report,working event sub count=0,suspend event sub count=0
info|2023-07-11 10:39:20.422724|[SDK][WS][SERVICE]connected nodes,count=2
info|2023-07-11 10:39:20.737504|[EVENT][SUB][doLoop]event sub tasks report,working event sub count=0,suspend event sub count=0
info|2023-07-11 10:39:40.422894|[SDK][WS][SERVICE]connected nodes,count=2
info|2023-07-11 10:39:40.737952|[EVENT][SUB][doLoop]event sub tasks report,working event sub count=0,suspend event sub count=0
info|2023-07-11 10:40:00.423016|[SDK][WS][SERVICE]connected nodes,count=2
info|2023-07-11 10:40:00.739035|[EVENT][SUB][doLoop]event sub tasks report,working event sub count=0,suspend event sub count=0
info|2023-07-11 10:40:20.423267|[SDK][WS][SERVICE]connected nodes,count=2
info|2023-07-11 10:40:20.739263|[EVENT][SUB][doLoop]event sub tasks report,working event sub count=0,suspend event sub count=0
info|2023-07-11 10:40:38.506398|[RPC][BLOCK][NUMBER][fromJson],group=group0,node=98a7f70ec883a722219d92253cf073a72605f4087aa3443c8e4aadc0af2dc3ac647d0fa1b5ac99cd6987abafe6d690ae71cd5fd2aeeabe7589bfb4748aabdfba,blockNumber=3119
info|2023-07-11 10:40:38.506454|[RPCWS][SERVICE][onRecvBlockNotifier]receive block number notifier,group=group0,node=98a7f70ec883a722219d92253cf073a72605f4087aa3443c8e4aadc0af2dc3ac647d0fa1b5ac99cd6987abafe6d690ae71cd5fd2aeeabe7589bfb4748aabdfba,blockNumber=3119
info|2023-07-11 10:40:38.506471|[RPCWS][SERVICE][updateGroupBlockNumber],groupID=group0,_blockNumber=3119
info|2023-07-11 10:40:38.506543|[RPCWS][SERVICE][onRecvBlockNotifier]block notifier callback,group=group0,node=98a7f70ec883a722219d92253cf073a72605f4087aa3443c8e4aadc0af2dc3ac647d0fa1b5ac99cd6987abafe6d690ae71cd5fd2aeeabe7589bfb4748aabdfba,blockNumber=3119
info|2023-07-11 10:40:38.506566|[WS]receive block notify,endpoint=127.0.0.1:20200,blk={
	"blockNumber" : 3119,
	"group" : "group0",
	"nodeName" : "98a7f70ec883a722219d92253cf073a72605f4087aa3443c8e4aadc0af2dc3ac647d0fa1b5ac99cd6987abafe6d690ae71cd5fd2aeeabe7589bfb4748aabdfba"
}
info|2023-07-11 10:40:38.808546|[RPC][BLOCK][NUMBER][fromJson],group=group0,node=2f993327933ad58672518b6d4f63920cbc68b80f78f4d81192552ee6362f5cc81ee13bdc678ad65f06e76444cadb53b33694cfb3fc7679b8000411975fedd28a,blockNumber=3119
info|2023-07-11 10:40:38.808599|[RPCWS][SERVICE][onRecvBlockNotifier]receive block number notifier,group=group0,node=2f993327933ad58672518b6d4f63920cbc68b80f78f4d81192552ee6362f5cc81ee13bdc678ad65f06e76444cadb53b33694cfb3fc7679b8000411975fedd28a,blockNumber=3119
info|2023-07-11 10:40:38.808620|[WS]receive block notify,endpoint=127.0.0.1:20201,blk={
	"blockNumber" : 3119,
	"group" : "group0",
	"nodeName" : "2f993327933ad58672518b6d4f63920cbc68b80f78f4d81192552ee6362f5cc81ee13bdc678ad65f06e76444cadb53b33694cfb3fc7679b8000411975fedd28a"
}
info|2023-07-11 10:40:39.274524|[RPC][BLOCK][NUMBER][fromJson],group=group0,node=98a7f70ec883a722219d92253cf073a72605f4087aa3443c8e4aadc0af2dc3ac647d0fa1b5ac99cd6987abafe6d690ae71cd5fd2aeeabe7589bfb4748aabdfba,blockNumber=3120
info|2023-07-11 10:40:39.274636|[RPCWS][SERVICE][onRecvBlockNotifier]receive block number notifier,group=group0,node=98a7f70ec883a722219d92253cf073a72605f4087aa3443c8e4aadc0af2dc3ac647d0fa1b5ac99cd6987abafe6d690ae71cd5fd2aeeabe7589bfb4748aabdfba,blockNumber=3120
info|2023-07-11 10:40:39.274658|[RPCWS][SERVICE][updateGroupBlockNumber],groupID=group0,_blockNumber=3120
info|2023-07-11 10:40:39.274673|[RPCWS][SERVICE][onRecvBlockNotifier]block notifier callback,group=group0,node=98a7f70ec883a722219d92253cf073a72605f4087aa3443c8e4aadc0af2dc3ac647d0fa1b5ac99cd6987abafe6d690ae71cd5fd2aeeabe7589bfb4748aabdfba,blockNumber=3120
info|2023-07-11 10:40:39.274685|[WS]receive block notify,endpoint=127.0.0.1:20200,blk={
	"blockNumber" : 3120,
	"group" : "group0",
	"nodeName" : "98a7f70ec883a722219d92253cf073a72605f4087aa3443c8e4aadc0af2dc3ac647d0fa1b5ac99cd6987abafe6d690ae71cd5fd2aeeabe7589bfb4748aabdfba"
}
info|2023-07-11 10:40:39.495786|[RPC][BLOCK][NUMBER][fromJson],group=group0,node=2f993327933ad58672518b6d4f63920cbc68b80f78f4d81192552ee6362f5cc81ee13bdc678ad65f06e76444cadb53b33694cfb3fc7679b8000411975fedd28a,blockNumber=3120
info|2023-07-11 10:40:39.496045|[RPCWS][SERVICE][onRecvBlockNotifier]receive block number notifier,group=group0,node=2f993327933ad58672518b6d4f63920cbc68b80f78f4d81192552ee6362f5cc81ee13bdc678ad65f06e76444cadb53b33694cfb3fc7679b8000411975fedd28a,blockNumber=3120
info|2023-07-11 10:40:39.496083|[WS]receive block notify,endpoint=127.0.0.1:20201,blk={
	"blockNumber" : 3120,
	"group" : "group0",
	"nodeName" : "2f993327933ad58672518b6d4f63920cbc68b80f78f4d81192552ee6362f5cc81ee13bdc678ad65f06e76444cadb53b33694cfb3fc7679b8000411975fedd28a"
}
info|2023-07-11 10:40:40.198446|[RPC][BLOCK][NUMBER][fromJson],group=group0,node=98a7f70ec883a722219d92253cf073a72605f4087aa3443c8e4aadc0af2dc3ac647d0fa1b5ac99cd6987abafe6d690ae71cd5fd2aeeabe7589bfb4748aabdfba,blockNumber=3121
info|2023-07-11 10:40:40.198473|[RPCWS][SERVICE][onRecvBlockNotifier]receive block number notifier,group=group0,node=98a7f70ec883a722219d92253cf073a72605f4087aa3443c8e4aadc0af2dc3ac647d0fa1b5ac99cd6987abafe6d690ae71cd5fd2aeeabe7589bfb4748aabdfba,blockNumber=3121
info|2023-07-11 10:40:40.198481|[RPCWS][SERVICE][updateGroupBlockNumber],groupID=group0,_blockNumber=3121
info|2023-07-11 10:40:40.198487|[RPCWS][SERVICE][onRecvBlockNotifier]block notifier callback,group=group0,node=98a7f70ec883a722219d92253cf073a72605f4087aa3443c8e4aadc0af2dc3ac647d0fa1b5ac99cd6987abafe6d690ae71cd5fd2aeeabe7589bfb4748aabdfba,blockNumber=3121
info|2023-07-11 10:40:40.198494|[WS]receive block notify,endpoint=127.0.0.1:20200,blk={
	"blockNumber" : 3121,
	"group" : "group0",
	"nodeName" : "98a7f70ec883a722219d92253cf073a72605f4087aa3443c8e4aadc0af2dc3ac647d0fa1b5ac99cd6987abafe6d690ae71cd5fd2aeeabe7589bfb4748aabdfba"
}
info|2023-07-11 10:40:40.234490|[RPC][BLOCK][NUMBER][fromJson],group=group0,node=2f993327933ad58672518b6d4f63920cbc68b80f78f4d81192552ee6362f5cc81ee13bdc678ad65f06e76444cadb53b33694cfb3fc7679b8000411975fedd28a,blockNumber=3121
info|2023-07-11 10:40:40.234561|[RPCWS][SERVICE][onRecvBlockNotifier]receive block number notifier,group=group0,node=2f993327933ad58672518b6d4f63920cbc68b80f78f4d81192552ee6362f5cc81ee13bdc678ad65f06e76444cadb53b33694cfb3fc7679b8000411975fedd28a,blockNumber=3121
info|2023-07-11 10:40:40.234574|[WS]receive block notify,endpoint=127.0.0.1:20201,blk={
	"blockNumber" : 3121,
	"group" : "group0",
	"nodeName" : "2f993327933ad58672518b6d4f63920cbc68b80f78f4d81192552ee6362f5cc81ee13bdc678ad65f06e76444cadb53b33694cfb3fc7679b8000411975fedd28a"
}
info|2023-07-11 10:40:40.430222|[SDK][WS][SERVICE]connected nodes,count=2
info|2023-07-11 10:40:40.748151|[EVENT][SUB][doLoop]event sub tasks report,working event sub count=0,suspend event sub count=0
info|2023-07-11 10:40:40.765544|[RPC][BLOCK][NUMBER][fromJson],group=group0,node=2f993327933ad58672518b6d4f63920cbc68b80f78f4d81192552ee6362f5cc81ee13bdc678ad65f06e76444cadb53b33694cfb3fc7679b8000411975fedd28a,blockNumber=3122
info|2023-07-11 10:40:40.765607|[RPCWS][SERVICE][onRecvBlockNotifier]receive block number notifier,group=group0,node=2f993327933ad58672518b6d4f63920cbc68b80f78f4d81192552ee6362f5cc81ee13bdc678ad65f06e76444cadb53b33694cfb3fc7679b8000411975fedd28a,blockNumber=3122
info|2023-07-11 10:40:40.765624|[RPCWS][SERVICE][updateGroupBlockNumber],groupID=group0,_blockNumber=3122
info|2023-07-11 10:40:40.765637|[RPCWS][SERVICE][onRecvBlockNotifier]block notifier callback,group=group0,node=2f993327933ad58672518b6d4f63920cbc68b80f78f4d81192552ee6362f5cc81ee13bdc678ad65f06e76444cadb53b33694cfb3fc7679b8000411975fedd28a,blockNumber=3122
info|2023-07-11 10:40:40.765782|[WS]receive block notify,endpoint=127.0.0.1:20201,blk={
	"blockNumber" : 3122,
	"group" : "group0",
	"nodeName" : "2f993327933ad58672518b6d4f63920cbc68b80f78f4d81192552ee6362f5cc81ee13bdc678ad65f06e76444cadb53b33694cfb3fc7679b8000411975fedd28a"
}
info|2023-07-11 10:40:40.808065|[RPC][BLOCK][NUMBER][fromJson],group=group0,node=98a7f70ec883a722219d92253cf073a72605f4087aa3443c8e4aadc0af2dc3ac647d0fa1b5ac99cd6987abafe6d690ae71cd5fd2aeeabe7589bfb4748aabdfba,blockNumber=3122
info|2023-07-11 10:40:40.813495|[RPCWS][SERVICE][onRecvBlockNotifier]receive block number notifier,group=group0,node=98a7f70ec883a722219d92253cf073a72605f4087aa3443c8e4aadc0af2dc3ac647d0fa1b5ac99cd6987abafe6d690ae71cd5fd2aeeabe7589bfb4748aabdfba,blockNumber=3122
info|2023-07-11 10:40:40.820493|[WS]receive block notify,endpoint=127.0.0.1:20200,blk={
	"blockNumber" : 3122,
	"group" : "group0",
	"nodeName" : "98a7f70ec883a722219d92253cf073a72605f4087aa3443c8e4aadc0af2dc3ac647d0fa1b5ac99cd6987abafe6d690ae71cd5fd2aeeabe7589bfb4748aabdfba"
}
info|2023-07-11 10:40:41.479304|[RPC][BLOCK][NUMBER][fromJson],group=group0,node=2f993327933ad58672518b6d4f63920cbc68b80f78f4d81192552ee6362f5cc81ee13bdc678ad65f06e76444cadb53b33694cfb3fc7679b8000411975fedd28a,blockNumber=3123
info|2023-07-11 10:40:41.479340|[RPCWS][SERVICE][onRecvBlockNotifier]receive block number notifier,group=group0,node=2f993327933ad58672518b6d4f63920cbc68b80f78f4d81192552ee6362f5cc81ee13bdc678ad65f06e76444cadb53b33694cfb3fc7679b8000411975fedd28a,blockNumber=3123
info|2023-07-11 10:40:41.479349|[RPCWS][SERVICE][updateGroupBlockNumber],groupID=group0,_blockNumber=3123
info|2023-07-11 10:40:41.479357|[RPCWS][SERVICE][onRecvBlockNotifier]block notifier callback,group=group0,node=2f993327933ad58672518b6d4f63920cbc68b80f78f4d81192552ee6362f5cc81ee13bdc678ad65f06e76444cadb53b33694cfb3fc7679b8000411975fedd28a,blockNumber=3123
info|2023-07-11 10:40:41.479364|[WS]receive block notify,endpoint=127.0.0.1:20201,blk={
	"blockNumber" : 3123,
	"group" : "group0",
	"nodeName" : "2f993327933ad58672518b6d4f63920cbc68b80f78f4d81192552ee6362f5cc81ee13bdc678ad65f06e76444cadb53b33694cfb3fc7679b8000411975fedd28a"
}
info|2023-07-11 10:40:41.488326|[RPC][BLOCK][NUMBER][fromJson],group=group0,node=98a7f70ec883a722219d92253cf073a72605f4087aa3443c8e4aadc0af2dc3ac647d0fa1b5ac99cd6987abafe6d690ae71cd5fd2aeeabe7589bfb4748aabdfba,blockNumber=3123
info|2023-07-11 10:40:41.488352|[RPCWS][SERVICE][onRecvBlockNotifier]receive block number notifier,group=group0,node=98a7f70ec883a722219d92253cf073a72605f4087aa3443c8e4aadc0af2dc3ac647d0fa1b5ac99cd6987abafe6d690ae71cd5fd2aeeabe7589bfb4748aabdfba,blockNumber=3123
info|2023-07-11 10:40:41.488360|[WS]receive block notify,endpoint=127.0.0.1:20200,blk={
	"blockNumber" : 3123,
	"group" : "group0",
	"nodeName" : "98a7f70ec883a722219d92253cf073a72605f4087aa3443c8e4aadc0af2dc3ac647d0fa1b5ac99cd6987abafe6d690ae71cd5fd2aeeabe7589bfb4748aabdfba"
}
info|2023-07-11 10:40:41.900282|[RPC][BLOCK][NUMBER][fromJson],group=group0,node=98a7f70ec883a722219d92253cf073a72605f4087aa3443c8e4aadc0af2dc3ac647d0fa1b5ac99cd6987abafe6d690ae71cd5fd2aeeabe7589bfb4748aabdfba,blockNumber=3124
info|2023-07-11 10:40:41.900311|[RPCWS][SERVICE][onRecvBlockNotifier]receive block number notifier,group=group0,node=98a7f70ec883a722219d92253cf073a72605f4087aa3443c8e4aadc0af2dc3ac647d0fa1b5ac99cd6987abafe6d690ae71cd5fd2aeeabe7589bfb4748aabdfba,blockNumber=3124
info|2023-07-11 10:40:41.900319|[RPCWS][SERVICE][updateGroupBlockNumber],groupID=group0,_blockNumber=3124
info|2023-07-11 10:40:41.900326|[RPCWS][SERVICE][onRecvBlockNotifier]block notifier callback,group=group0,node=98a7f70ec883a722219d92253cf073a72605f4087aa3443c8e4aadc0af2dc3ac647d0fa1b5ac99cd6987abafe6d690ae71cd5fd2aeeabe7589bfb4748aabdfba,blockNumber=3124
info|2023-07-11 10:40:41.900331|[WS]receive block notify,endpoint=127.0.0.1:20200,blk={
	"blockNumber" : 3124,
	"group" : "group0",
	"nodeName" : "98a7f70ec883a722219d92253cf073a72605f4087aa3443c8e4aadc0af2dc3ac647d0fa1b5ac99cd6987abafe6d690ae71cd5fd2aeeabe7589bfb4748aabdfba"
}
info|2023-07-11 10:40:42.055109|[RPC][BLOCK][NUMBER][fromJson],group=group0,node=2f993327933ad58672518b6d4f63920cbc68b80f78f4d81192552ee6362f5cc81ee13bdc678ad65f06e76444cadb53b33694cfb3fc7679b8000411975fedd28a,blockNumber=3124
info|2023-07-11 10:40:42.055216|[RPCWS][SERVICE][onRecvBlockNotifier]receive block number notifier,group=group0,node=2f993327933ad58672518b6d4f63920cbc68b80f78f4d81192552ee6362f5cc81ee13bdc678ad65f06e76444cadb53b33694cfb3fc7679b8000411975fedd28a,blockNumber=3124
info|2023-07-11 10:40:42.055238|[WS]receive block notify,endpoint=127.0.0.1:20201,blk={
	"blockNumber" : 3124,
	"group" : "group0",
	"nodeName" : "2f993327933ad58672518b6d4f63920cbc68b80f78f4d81192552ee6362f5cc81ee13bdc678ad65f06e76444cadb53b33694cfb3fc7679b8000411975fedd28a"
}
info|2023-07-11 10:41:00.447170|[SDK][WS][SERVICE]connected nodes,count=2
info|2023-07-11 10:41:00.748197|[EVENT][SUB][doLoop]event sub tasks report,working event sub count=0,suspend event sub count=0
info|2023-07-11 10:41:20.447335|[SDK][WS][SERVICE]connected nodes,count=2
info|2023-07-11 10:41:20.748709|[EVENT][SUB][doLoop]event sub tasks report,working event sub count=0,suspend event sub count=0
info|2023-07-11 10:41:40.447544|[SDK][WS][SERVICE]connected nodes,count=2
info|2023-07-11 10:41:40.748950|[EVENT][SUB][doLoop]event sub tasks report,working event sub count=0,suspend event sub count=0
info|2023-07-11 10:42:00.447932|[SDK][WS][SERVICE]connected nodes,count=2
info|2023-07-11 10:42:00.749426|[EVENT][SUB][doLoop]event sub tasks report,working event sub count=0,suspend event sub count=0
info|2023-07-11 10:42:20.448376|[SDK][WS][SERVICE]connected nodes,count=2
info|2023-07-11 10:42:20.749899|[EVENT][SUB][doLoop]event sub tasks report,working event sub count=0,suspend event sub count=0
info|2023-07-11 10:42:40.449486|[SDK][WS][SERVICE]connected nodes,count=2
info|2023-07-11 10:42:40.750242|[EVENT][SUB][doLoop]event sub tasks report,working event sub count=0,suspend event sub count=0
info|2023-07-11 10:43:00.450398|[SDK][WS][SERVICE]connected nodes,count=2
info|2023-07-11 10:43:00.758869|[EVENT][SUB][doLoop]event sub tasks report,working event sub count=0,suspend event sub count=0
info|2023-07-11 10:43:20.450674|[SDK][WS][SERVICE]connected nodes,count=2
info|2023-07-11 10:43:20.758951|[EVENT][SUB][doLoop]event sub tasks report,working event sub count=0,suspend event sub count=0
info|2023-07-11 10:43:40.451159|[SDK][WS][SERVICE]connected nodes,count=2
info|2023-07-11 10:43:40.759024|[EVENT][SUB][doLoop]event sub tasks report,working event sub count=0,suspend event sub count=0
info|2023-07-11 10:44:00.453325|[SDK][WS][SERVICE]connected nodes,count=2
info|2023-07-11 10:44:00.759428|[EVENT][SUB][doLoop]event sub tasks report,working event sub count=0,suspend event sub count=0
info|2023-07-11 10:44:20.453784|[SDK][WS][SERVICE]connected nodes,count=2
info|2023-07-11 10:44:20.762402|[EVENT][SUB][doLoop]event sub tasks report,working event sub count=0,suspend event sub count=0
info|2023-07-11 10:44:40.463945|[SDK][WS][SERVICE]connected nodes,count=2
info|2023-07-11 10:44:40.795717|[EVENT][SUB][doLoop]event sub tasks report,working event sub count=0,suspend event sub count=0
info|2023-07-11 10:45:00.473292|[SDK][WS][SERVICE]connected nodes,count=2
info|2023-07-11 10:45:00.810957|[EVENT][SUB][doLoop]event sub tasks report,working event sub count=0,suspend event sub count=0
info|2023-07-11 10:45:20.490723|[SDK][WS][SERVICE]connected nodes,count=2
info|2023-07-11 10:45:21.598377|[EVENT][SUB][doLoop]event sub tasks report,working event sub count=0,suspend event sub count=0
info|2023-07-11 10:45:40.492245|[SDK][WS][SERVICE]connected nodes,count=2
info|2023-07-11 10:45:41.598713|[EVENT][SUB][doLoop]event sub tasks report,working event sub count=0,suspend event sub count=0
info|2023-07-11 10:46:00.492612|[SDK][WS][SERVICE]connected nodes,count=2
info|2023-07-11 10:46:01.600239|[EVENT][SUB][doLoop]event sub tasks report,working event sub count=0,suspend event sub count=0
info|2023-07-11 10:46:20.493146|[SDK][WS][SERVICE]connected nodes,count=2
info|2023-07-11 10:46:21.604539|[EVENT][SUB][doLoop]event sub tasks report,working event sub count=0,suspend event sub count=0
info|2023-07-11 10:46:40.493287|[SDK][WS][SERVICE]connected nodes,count=2
info|2023-07-11 10:46:41.605188|[EVENT][SUB][doLoop]event sub tasks report,working event sub count=0,suspend event sub count=0
info|2023-07-11 10:47:00.493493|[SDK][WS][SERVICE]connected nodes,count=2
info|2023-07-11 10:47:01.605821|[EVENT][SUB][doLoop]event sub tasks report,working event sub count=0,suspend event sub count=0
info|2023-07-11 10:47:20.493643|[SDK][WS][SERVICE]connected nodes,count=2
info|2023-07-11 10:47:21.627207|[EVENT][SUB][doLoop]event sub tasks report,working event sub count=0,suspend event sub count=0
info|2023-07-11 10:47:40.495990|[SDK][WS][SERVICE]connected nodes,count=2
info|2023-07-11 10:47:41.627879|[EVENT][SUB][doLoop]event sub tasks report,working event sub count=0,suspend event sub count=0
info|2023-07-11 10:48:00.503940|[SDK][WS][SERVICE]connected nodes,count=2
info|2023-07-11 10:48:01.628467|[EVENT][SUB][doLoop]event sub tasks report,working event sub count=0,suspend event sub count=0
info|2023-07-11 10:48:20.504557|[SDK][WS][SERVICE]connected nodes,count=2
info|2023-07-11 10:48:21.630666|[EVENT][SUB][doLoop]event sub tasks report,working event sub count=0,suspend event sub count=0
info|2023-07-11 10:48:40.505016|[SDK][WS][SERVICE]connected nodes,count=2
info|2023-07-11 10:48:41.630722|[EVENT][SUB][doLoop]event sub tasks report,working event sub count=0,suspend event sub count=0
info|2023-07-11 10:49:00.506549|[SDK][WS][SERVICE]connected nodes,count=2
info|2023-07-11 10:49:01.630825|[EVENT][SUB][doLoop]event sub tasks report,working event sub count=0,suspend event sub count=0
info|2023-07-11 10:49:20.507056|[SDK][WS][SERVICE]connected nodes,count=2
info|2023-07-11 10:49:21.631227|[EVENT][SUB][doLoop]event sub tasks report,working event sub count=0,suspend event sub count=0
info|2023-07-11 10:49:40.507547|[SDK][WS][SERVICE]connected nodes,count=2
info|2023-07-11 10:49:41.631598|[EVENT][SUB][doLoop]event sub tasks report,working event sub count=0,suspend event sub count=0
info|2023-07-11 10:50:00.507894|[SDK][WS][SERVICE]connected nodes,count=2
info|2023-07-11 10:50:01.632034|[EVENT][SUB][doLoop]event sub tasks report,working event sub count=0,suspend event sub count=0
info|2023-07-11 10:50:20.508508|[SDK][WS][SERVICE]connected nodes,count=2
info|2023-07-11 10:50:21.632488|[EVENT][SUB][doLoop]event sub tasks report,working event sub count=0,suspend event sub count=0
info|2023-07-11 10:50:40.508882|[SDK][WS][SERVICE]connected nodes,count=2
info|2023-07-11 10:50:41.639530|[EVENT][SUB][doLoop]event sub tasks report,working event sub count=0,suspend event sub count=0
info|2023-07-11 10:51:00.516472|[SDK][WS][SERVICE]connected nodes,count=2
info|2023-07-11 10:51:01.641831|[EVENT][SUB][doLoop]event sub tasks report,working event sub count=0,suspend event sub count=0
info|2023-07-11 10:51:20.541643|[SDK][WS][SERVICE]connected nodes,count=2
info|2023-07-11 10:51:21.645539|[EVENT][SUB][doLoop]event sub tasks report,working event sub count=0,suspend event sub count=0
info|2023-07-11 10:51:40.541880|[SDK][WS][SERVICE]connected nodes,count=2
info|2023-07-11 10:51:41.646167|[EVENT][SUB][doLoop]event sub tasks report,working event sub count=0,suspend event sub count=0
info|2023-07-11 10:51:47.582428|[RPC][BLOCK][NUMBER][fromJson],group=group0,node=98a7f70ec883a722219d92253cf073a72605f4087aa3443c8e4aadc0af2dc3ac647d0fa1b5ac99cd6987abafe6d690ae71cd5fd2aeeabe7589bfb4748aabdfba,blockNumber=3125
info|2023-07-11 10:51:47.582484|[RPCWS][SERVICE][onRecvBlockNotifier]receive block number notifier,group=group0,node=98a7f70ec883a722219d92253cf073a72605f4087aa3443c8e4aadc0af2dc3ac647d0fa1b5ac99cd6987abafe6d690ae71cd5fd2aeeabe7589bfb4748aabdfba,blockNumber=3125
info|2023-07-11 10:51:47.582502|[RPCWS][SERVICE][updateGroupBlockNumber],groupID=group0,_blockNumber=3125
info|2023-07-11 10:51:47.582517|[RPCWS][SERVICE][onRecvBlockNotifier]block notifier callback,group=group0,node=98a7f70ec883a722219d92253cf073a72605f4087aa3443c8e4aadc0af2dc3ac647d0fa1b5ac99cd6987abafe6d690ae71cd5fd2aeeabe7589bfb4748aabdfba,blockNumber=3125
info|2023-07-11 10:51:47.582528|[WS]receive block notify,endpoint=127.0.0.1:20200,blk={
	"blockNumber" : 3125,
	"group" : "group0",
	"nodeName" : "98a7f70ec883a722219d92253cf073a72605f4087aa3443c8e4aadc0af2dc3ac647d0fa1b5ac99cd6987abafe6d690ae71cd5fd2aeeabe7589bfb4748aabdfba"
}
info|2023-07-11 10:51:47.614075|[RPC][BLOCK][NUMBER][fromJson],group=group0,node=2f993327933ad58672518b6d4f63920cbc68b80f78f4d81192552ee6362f5cc81ee13bdc678ad65f06e76444cadb53b33694cfb3fc7679b8000411975fedd28a,blockNumber=3125
info|2023-07-11 10:51:47.614176|[RPCWS][SERVICE][onRecvBlockNotifier]receive block number notifier,group=group0,node=2f993327933ad58672518b6d4f63920cbc68b80f78f4d81192552ee6362f5cc81ee13bdc678ad65f06e76444cadb53b33694cfb3fc7679b8000411975fedd28a,blockNumber=3125
info|2023-07-11 10:51:47.614191|[WS]receive block notify,endpoint=127.0.0.1:20201,blk={
	"blockNumber" : 3125,
	"group" : "group0",
	"nodeName" : "2f993327933ad58672518b6d4f63920cbc68b80f78f4d81192552ee6362f5cc81ee13bdc678ad65f06e76444cadb53b33694cfb3fc7679b8000411975fedd28a"
}
info|2023-07-11 10:51:48.309797|[RPC][BLOCK][NUMBER][fromJson],group=group0,node=98a7f70ec883a722219d92253cf073a72605f4087aa3443c8e4aadc0af2dc3ac647d0fa1b5ac99cd6987abafe6d690ae71cd5fd2aeeabe7589bfb4748aabdfba,blockNumber=3126
info|2023-07-11 10:51:48.310009|[RPCWS][SERVICE][onRecvBlockNotifier]receive block number notifier,group=group0,node=98a7f70ec883a722219d92253cf073a72605f4087aa3443c8e4aadc0af2dc3ac647d0fa1b5ac99cd6987abafe6d690ae71cd5fd2aeeabe7589bfb4748aabdfba,blockNumber=3126
info|2023-07-11 10:51:48.310049|[RPCWS][SERVICE][updateGroupBlockNumber],groupID=group0,_blockNumber=3126
info|2023-07-11 10:51:48.310064|[RPCWS][SERVICE][onRecvBlockNotifier]block notifier callback,group=group0,node=98a7f70ec883a722219d92253cf073a72605f4087aa3443c8e4aadc0af2dc3ac647d0fa1b5ac99cd6987abafe6d690ae71cd5fd2aeeabe7589bfb4748aabdfba,blockNumber=3126
info|2023-07-11 10:51:48.313499|[WS]receive block notify,endpoint=127.0.0.1:20200,blk={
	"blockNumber" : 3126,
	"group" : "group0",
	"nodeName" : "98a7f70ec883a722219d92253cf073a72605f4087aa3443c8e4aadc0af2dc3ac647d0fa1b5ac99cd6987abafe6d690ae71cd5fd2aeeabe7589bfb4748aabdfba"
}
info|2023-07-11 10:51:48.475097|[RPC][BLOCK][NUMBER][fromJson],group=group0,node=2f993327933ad58672518b6d4f63920cbc68b80f78f4d81192552ee6362f5cc81ee13bdc678ad65f06e76444cadb53b33694cfb3fc7679b8000411975fedd28a,blockNumber=3126
info|2023-07-11 10:51:48.475263|[RPCWS][SERVICE][onRecvBlockNotifier]receive block number notifier,group=group0,node=2f993327933ad58672518b6d4f63920cbc68b80f78f4d81192552ee6362f5cc81ee13bdc678ad65f06e76444cadb53b33694cfb3fc7679b8000411975fedd28a,blockNumber=3126
info|2023-07-11 10:51:48.475298|[WS]receive block notify,endpoint=127.0.0.1:20201,blk={
	"blockNumber" : 3126,
	"group" : "group0",
	"nodeName" : "2f993327933ad58672518b6d4f63920cbc68b80f78f4d81192552ee6362f5cc81ee13bdc678ad65f06e76444cadb53b33694cfb3fc7679b8000411975fedd28a"
}
info|2023-07-11 10:51:48.807833|[RPC][BLOCK][NUMBER][fromJson],group=group0,node=98a7f70ec883a722219d92253cf073a72605f4087aa3443c8e4aadc0af2dc3ac647d0fa1b5ac99cd6987abafe6d690ae71cd5fd2aeeabe7589bfb4748aabdfba,blockNumber=3127
info|2023-07-11 10:51:48.807971|[RPCWS][SERVICE][onRecvBlockNotifier]receive block number notifier,group=group0,node=98a7f70ec883a722219d92253cf073a72605f4087aa3443c8e4aadc0af2dc3ac647d0fa1b5ac99cd6987abafe6d690ae71cd5fd2aeeabe7589bfb4748aabdfba,blockNumber=3127
info|2023-07-11 10:51:48.807987|[RPCWS][SERVICE][updateGroupBlockNumber],groupID=group0,_blockNumber=3127
info|2023-07-11 10:51:48.807997|[RPCWS][SERVICE][onRecvBlockNotifier]block notifier callback,group=group0,node=98a7f70ec883a722219d92253cf073a72605f4087aa3443c8e4aadc0af2dc3ac647d0fa1b5ac99cd6987abafe6d690ae71cd5fd2aeeabe7589bfb4748aabdfba,blockNumber=3127
info|2023-07-11 10:51:48.808007|[WS]receive block notify,endpoint=127.0.0.1:20200,blk={
	"blockNumber" : 3127,
	"group" : "group0",
	"nodeName" : "98a7f70ec883a722219d92253cf073a72605f4087aa3443c8e4aadc0af2dc3ac647d0fa1b5ac99cd6987abafe6d690ae71cd5fd2aeeabe7589bfb4748aabdfba"
}
info|2023-07-11 10:51:48.878734|[RPC][BLOCK][NUMBER][fromJson],group=group0,node=2f993327933ad58672518b6d4f63920cbc68b80f78f4d81192552ee6362f5cc81ee13bdc678ad65f06e76444cadb53b33694cfb3fc7679b8000411975fedd28a,blockNumber=3127
info|2023-07-11 10:51:48.878839|[RPCWS][SERVICE][onRecvBlockNotifier]receive block number notifier,group=group0,node=2f993327933ad58672518b6d4f63920cbc68b80f78f4d81192552ee6362f5cc81ee13bdc678ad65f06e76444cadb53b33694cfb3fc7679b8000411975fedd28a,blockNumber=3127
info|2023-07-11 10:51:48.878865|[WS]receive block notify,endpoint=127.0.0.1:20201,blk={
	"blockNumber" : 3127,
	"group" : "group0",
	"nodeName" : "2f993327933ad58672518b6d4f63920cbc68b80f78f4d81192552ee6362f5cc81ee13bdc678ad65f06e76444cadb53b33694cfb3fc7679b8000411975fedd28a"
}
info|2023-07-11 10:51:49.515422|[RPC][BLOCK][NUMBER][fromJson],group=group0,node=2f993327933ad58672518b6d4f63920cbc68b80f78f4d81192552ee6362f5cc81ee13bdc678ad65f06e76444cadb53b33694cfb3fc7679b8000411975fedd28a,blockNumber=3128
info|2023-07-11 10:51:49.515473|[RPCWS][SERVICE][onRecvBlockNotifier]receive block number notifier,group=group0,node=2f993327933ad58672518b6d4f63920cbc68b80f78f4d81192552ee6362f5cc81ee13bdc678ad65f06e76444cadb53b33694cfb3fc7679b8000411975fedd28a,blockNumber=3128
info|2023-07-11 10:51:49.515487|[RPCWS][SERVICE][updateGroupBlockNumber],groupID=group0,_blockNumber=3128
info|2023-07-11 10:51:49.515502|[RPCWS][SERVICE][onRecvBlockNotifier]block notifier callback,group=group0,node=2f993327933ad58672518b6d4f63920cbc68b80f78f4d81192552ee6362f5cc81ee13bdc678ad65f06e76444cadb53b33694cfb3fc7679b8000411975fedd28a,blockNumber=3128
info|2023-07-11 10:51:49.515513|[WS]receive block notify,endpoint=127.0.0.1:20201,blk={
	"blockNumber" : 3128,
	"group" : "group0",
	"nodeName" : "2f993327933ad58672518b6d4f63920cbc68b80f78f4d81192552ee6362f5cc81ee13bdc678ad65f06e76444cadb53b33694cfb3fc7679b8000411975fedd28a"
}
info|2023-07-11 10:51:49.568647|[RPC][BLOCK][NUMBER][fromJson],group=group0,node=98a7f70ec883a722219d92253cf073a72605f4087aa3443c8e4aadc0af2dc3ac647d0fa1b5ac99cd6987abafe6d690ae71cd5fd2aeeabe7589bfb4748aabdfba,blockNumber=3128
info|2023-07-11 10:51:49.569011|[RPCWS][SERVICE][onRecvBlockNotifier]receive block number notifier,group=group0,node=98a7f70ec883a722219d92253cf073a72605f4087aa3443c8e4aadc0af2dc3ac647d0fa1b5ac99cd6987abafe6d690ae71cd5fd2aeeabe7589bfb4748aabdfba,blockNumber=3128
info|2023-07-11 10:51:49.569051|[WS]receive block notify,endpoint=127.0.0.1:20200,blk={
	"blockNumber" : 3128,
	"group" : "group0",
	"nodeName" : "98a7f70ec883a722219d92253cf073a72605f4087aa3443c8e4aadc0af2dc3ac647d0fa1b5ac99cd6987abafe6d690ae71cd5fd2aeeabe7589bfb4748aabdfba"
}
info|2023-07-11 10:51:50.207506|[RPC][BLOCK][NUMBER][fromJson],group=group0,node=98a7f70ec883a722219d92253cf073a72605f4087aa3443c8e4aadc0af2dc3ac647d0fa1b5ac99cd6987abafe6d690ae71cd5fd2aeeabe7589bfb4748aabdfba,blockNumber=3129
info|2023-07-11 10:51:50.207699|[RPCWS][SERVICE][onRecvBlockNotifier]receive block number notifier,group=group0,node=98a7f70ec883a722219d92253cf073a72605f4087aa3443c8e4aadc0af2dc3ac647d0fa1b5ac99cd6987abafe6d690ae71cd5fd2aeeabe7589bfb4748aabdfba,blockNumber=3129
info|2023-07-11 10:51:50.207715|[RPCWS][SERVICE][updateGroupBlockNumber],groupID=group0,_blockNumber=3129
info|2023-07-11 10:51:50.207725|[RPCWS][SERVICE][onRecvBlockNotifier]block notifier callback,group=group0,node=98a7f70ec883a722219d92253cf073a72605f4087aa3443c8e4aadc0af2dc3ac647d0fa1b5ac99cd6987abafe6d690ae71cd5fd2aeeabe7589bfb4748aabdfba,blockNumber=3129
info|2023-07-11 10:51:50.207734|[WS]receive block notify,endpoint=127.0.0.1:20200,blk={
	"blockNumber" : 3129,
	"group" : "group0",
	"nodeName" : "98a7f70ec883a722219d92253cf073a72605f4087aa3443c8e4aadc0af2dc3ac647d0fa1b5ac99cd6987abafe6d690ae71cd5fd2aeeabe7589bfb4748aabdfba"
}
info|2023-07-11 10:51:50.332066|[RPC][BLOCK][NUMBER][fromJson],group=group0,node=2f993327933ad58672518b6d4f63920cbc68b80f78f4d81192552ee6362f5cc81ee13bdc678ad65f06e76444cadb53b33694cfb3fc7679b8000411975fedd28a,blockNumber=3129
info|2023-07-11 10:51:50.332141|[RPCWS][SERVICE][onRecvBlockNotifier]receive block number notifier,group=group0,node=2f993327933ad58672518b6d4f63920cbc68b80f78f4d81192552ee6362f5cc81ee13bdc678ad65f06e76444cadb53b33694cfb3fc7679b8000411975fedd28a,blockNumber=3129
info|2023-07-11 10:51:50.332159|[WS]receive block notify,endpoint=127.0.0.1:20201,blk={
	"blockNumber" : 3129,
	"group" : "group0",
	"nodeName" : "2f993327933ad58672518b6d4f63920cbc68b80f78f4d81192552ee6362f5cc81ee13bdc678ad65f06e76444cadb53b33694cfb3fc7679b8000411975fedd28a"
}
info|2023-07-11 10:51:50.545997|[RPC][BLOCK][NUMBER][fromJson],group=group0,node=2f993327933ad58672518b6d4f63920cbc68b80f78f4d81192552ee6362f5cc81ee13bdc678ad65f06e76444cadb53b33694cfb3fc7679b8000411975fedd28a,blockNumber=3130
info|2023-07-11 10:51:50.546035|[RPCWS][SERVICE][onRecvBlockNotifier]receive block number notifier,group=group0,node=2f993327933ad58672518b6d4f63920cbc68b80f78f4d81192552ee6362f5cc81ee13bdc678ad65f06e76444cadb53b33694cfb3fc7679b8000411975fedd28a,blockNumber=3130
info|2023-07-11 10:51:50.546044|[RPCWS][SERVICE][updateGroupBlockNumber],groupID=group0,_blockNumber=3130
info|2023-07-11 10:51:50.546052|[RPCWS][SERVICE][onRecvBlockNotifier]block notifier callback,group=group0,node=2f993327933ad58672518b6d4f63920cbc68b80f78f4d81192552ee6362f5cc81ee13bdc678ad65f06e76444cadb53b33694cfb3fc7679b8000411975fedd28a,blockNumber=3130
info|2023-07-11 10:51:50.546058|[WS]receive block notify,endpoint=127.0.0.1:20201,blk={
	"blockNumber" : 3130,
	"group" : "group0",
	"nodeName" : "2f993327933ad58672518b6d4f63920cbc68b80f78f4d81192552ee6362f5cc81ee13bdc678ad65f06e76444cadb53b33694cfb3fc7679b8000411975fedd28a"
}
info|2023-07-11 10:51:50.624233|[RPC][BLOCK][NUMBER][fromJson],group=group0,node=98a7f70ec883a722219d92253cf073a72605f4087aa3443c8e4aadc0af2dc3ac647d0fa1b5ac99cd6987abafe6d690ae71cd5fd2aeeabe7589bfb4748aabdfba,blockNumber=3130
info|2023-07-11 10:51:50.624298|[RPCWS][SERVICE][onRecvBlockNotifier]receive block number notifier,group=group0,node=98a7f70ec883a722219d92253cf073a72605f4087aa3443c8e4aadc0af2dc3ac647d0fa1b5ac99cd6987abafe6d690ae71cd5fd2aeeabe7589bfb4748aabdfba,blockNumber=3130
info|2023-07-11 10:51:50.624313|[WS]receive block notify,endpoint=127.0.0.1:20200,blk={
	"blockNumber" : 3130,
	"group" : "group0",
	"nodeName" : "98a7f70ec883a722219d92253cf073a72605f4087aa3443c8e4aadc0af2dc3ac647d0fa1b5ac99cd6987abafe6d690ae71cd5fd2aeeabe7589bfb4748aabdfba"
}
info|2023-07-11 10:52:00.542166|[SDK][WS][SERVICE]connected nodes,count=2
info|2023-07-11 10:52:01.646348|[EVENT][SUB][doLoop]event sub tasks report,working event sub count=0,suspend event sub count=0
info|2023-07-11 10:52:20.542767|[SDK][WS][SERVICE]connected nodes,count=2
info|2023-07-11 10:52:21.646942|[EVENT][SUB][doLoop]event sub tasks report,working event sub count=0,suspend event sub count=0
info|2023-07-11 10:52:40.542954|[SDK][WS][SERVICE]connected nodes,count=2
info|2023-07-11 10:52:41.647043|[EVENT][SUB][doLoop]event sub tasks report,working event sub count=0,suspend event sub count=0
info|2023-07-11 10:53:00.543255|[SDK][WS][SERVICE]connected nodes,count=2
info|2023-07-11 10:53:01.647438|[EVENT][SUB][doLoop]event sub tasks report,working event sub count=0,suspend event sub count=0
info|2023-07-11 10:53:20.543715|[SDK][WS][SERVICE]connected nodes,count=2
info|2023-07-11 10:53:21.647656|[EVENT][SUB][doLoop]event sub tasks report,working event sub count=0,suspend event sub count=0
info|2023-07-11 10:53:40.543891|[SDK][WS][SERVICE]connected nodes,count=2
info|2023-07-11 10:53:41.649015|[EVENT][SUB][doLoop]event sub tasks report,working event sub count=0,suspend event sub count=0
info|2023-07-11 10:54:00.545086|[SDK][WS][SERVICE]connected nodes,count=2
info|2023-07-11 10:54:01.649142|[EVENT][SUB][doLoop]event sub tasks report,working event sub count=0,suspend event sub count=0
info|2023-07-11 10:54:20.546143|[SDK][WS][SERVICE]connected nodes,count=2
info|2023-07-11 10:54:21.649422|[EVENT][SUB][doLoop]event sub tasks report,working event sub count=0,suspend event sub count=0
info|2023-07-11 10:54:40.547371|[SDK][WS][SERVICE]connected nodes,count=2
info|2023-07-11 10:54:41.650390|[EVENT][SUB][doLoop]event sub tasks report,working event sub count=0,suspend event sub count=0
info|2023-07-11 10:55:00.547550|[SDK][WS][SERVICE]connected nodes,count=2
info|2023-07-11 10:55:01.650481|[EVENT][SUB][doLoop]event sub tasks report,working event sub count=0,suspend event sub count=0
info|2023-07-11 10:55:20.547915|[SDK][WS][SERVICE]connected nodes,count=2
info|2023-07-11 10:55:21.650593|[EVENT][SUB][doLoop]event sub tasks report,working event sub count=0,suspend event sub count=0
info|2023-07-11 10:55:40.548238|[SDK][WS][SERVICE]connected nodes,count=2
info|2023-07-11 10:55:41.650807|[EVENT][SUB][doLoop]event sub tasks report,working event sub count=0,suspend event sub count=0
info|2023-07-11 10:56:00.548515|[SDK][WS][SERVICE]connected nodes,count=2
info|2023-07-11 10:56:01.651164|[EVENT][SUB][doLoop]event sub tasks report,working event sub count=0,suspend event sub count=0
info|2023-07-11 10:56:20.548653|[SDK][WS][SERVICE]connected nodes,count=2
info|2023-07-11 10:56:21.651356|[EVENT][SUB][doLoop]event sub tasks report,working event sub count=0,suspend event sub count=0
info|2023-07-11 10:56:40.548869|[SDK][WS][SERVICE]connected nodes,count=2
info|2023-07-11 10:56:41.653261|[EVENT][SUB][doLoop]event sub tasks report,working event sub count=0,suspend event sub count=0
info|2023-07-11 10:57:00.549256|[SDK][WS][SERVICE]connected nodes,count=2
info|2023-07-11 10:57:01.653476|[EVENT][SUB][doLoop]event sub tasks report,working event sub count=0,suspend event sub count=0
info|2023-07-11 10:57:20.549549|[SDK][WS][SERVICE]connected nodes,count=2
info|2023-07-11 10:57:21.653643|[EVENT][SUB][doLoop]event sub tasks report,working event sub count=0,suspend event sub count=0
info|2023-07-11 10:57:40.583152|[SDK][WS][SERVICE]connected nodes,count=2
info|2023-07-11 10:57:41.684145|[EVENT][SUB][doLoop]event sub tasks report,working event sub count=0,suspend event sub count=0
info|2023-07-11 10:58:00.583886|[SDK][WS][SERVICE]connected nodes,count=2
info|2023-07-11 10:58:01.684407|[EVENT][SUB][doLoop]event sub tasks report,working event sub count=0,suspend event sub count=0
info|2023-07-11 10:58:20.600800|[SDK][WS][SERVICE]connected nodes,count=2
info|2023-07-11 10:58:21.684820|[EVENT][SUB][doLoop]event sub tasks report,working event sub count=0,suspend event sub count=0
info|2023-07-11 10:58:40.601579|[SDK][WS][SERVICE]connected nodes,count=2
info|2023-07-11 10:58:41.685210|[EVENT][SUB][doLoop]event sub tasks report,working event sub count=0,suspend event sub count=0
info|2023-07-11 10:59:00.601712|[SDK][WS][SERVICE]connected nodes,count=2
info|2023-07-11 10:59:01.685474|[EVENT][SUB][doLoop]event sub tasks report,working event sub count=0,suspend event sub count=0
info|2023-07-11 10:59:20.602167|[SDK][WS][SERVICE]connected nodes,count=2
info|2023-07-11 10:59:21.686012|[EVENT][SUB][doLoop]event sub tasks report,working event sub count=0,suspend event sub count=0
info|2023-07-11 10:59:40.602288|[SDK][WS][SERVICE]connected nodes,count=2
info|2023-07-11 10:59:41.686120|[EVENT][SUB][doLoop]event sub tasks report,working event sub count=0,suspend event sub count=0
