info|2023-07-10 13:00:02.991382|[SDK][WS][SERVICE]connected nodes,count=2
info|2023-07-10 13:00:03.308170|[EVENT][SUB][doLoop]event sub tasks report,working event sub count=0,suspend event sub count=0
info|2023-07-10 13:00:22.991778|[SDK][WS][SERVICE]connected nodes,count=2
info|2023-07-10 13:00:23.308553|[EVENT][SUB][doLoop]event sub tasks report,working event sub count=0,suspend event sub count=0
info|2023-07-10 13:00:42.992163|[SDK][WS][SERVICE]connected nodes,count=2
info|2023-07-10 13:00:43.308782|[EVENT][SUB][doLoop]event sub tasks report,working event sub count=0,suspend event sub count=0
info|2023-07-10 13:01:02.992308|[SDK][WS][SERVICE]connected nodes,count=2
info|2023-07-10 13:01:03.308855|[EVENT][SUB][doLoop]event sub tasks report,working event sub count=0,suspend event sub count=0
info|2023-07-10 13:01:22.992654|[SDK][WS][SERVICE]connected nodes,count=2
info|2023-07-10 13:01:23.308976|[EVENT][SUB][doLoop]event sub tasks report,working event sub count=0,suspend event sub count=0
info|2023-07-10 13:01:43.000514|[SDK][WS][SERVICE]connected nodes,count=2
info|2023-07-10 13:01:43.325098|[EVENT][SUB][doLoop]event sub tasks report,working event sub count=0,suspend event sub count=0
info|2023-07-10 13:01:54.885293|[RPC][BLOCK][NUMBER][fromJson],group=group0,node=2f993327933ad58672518b6d4f63920cbc68b80f78f4d81192552ee6362f5cc81ee13bdc678ad65f06e76444cadb53b33694cfb3fc7679b8000411975fedd28a,blockNumber=3055
info|2023-07-10 13:01:54.885355|[RPCWS][SERVICE][onRecvBlockNotifier]receive block number notifier,group=group0,node=2f993327933ad58672518b6d4f63920cbc68b80f78f4d81192552ee6362f5cc81ee13bdc678ad65f06e76444cadb53b33694cfb3fc7679b8000411975fedd28a,blockNumber=3055
info|2023-07-10 13:01:54.885372|[RPCWS][SERVICE][updateGroupBlockNumber],groupID=group0,_blockNumber=3055
info|2023-07-10 13:01:54.885397|[RPCWS][SERVICE][onRecvBlockNotifier]block notifier callback,group=group0,node=2f993327933ad58672518b6d4f63920cbc68b80f78f4d81192552ee6362f5cc81ee13bdc678ad65f06e76444cadb53b33694cfb3fc7679b8000411975fedd28a,blockNumber=3055
info|2023-07-10 13:01:54.885413|[WS]receive block notify,endpoint=127.0.0.1:20201,blk={
	"blockNumber" : 3055,
	"group" : "group0",
	"nodeName" : "2f993327933ad58672518b6d4f63920cbc68b80f78f4d81192552ee6362f5cc81ee13bdc678ad65f06e76444cadb53b33694cfb3fc7679b8000411975fedd28a"
}
info|2023-07-10 13:01:54.885447|[RPC][BLOCK][NUMBER][fromJson],group=group0,node=98a7f70ec883a722219d92253cf073a72605f4087aa3443c8e4aadc0af2dc3ac647d0fa1b5ac99cd6987abafe6d690ae71cd5fd2aeeabe7589bfb4748aabdfba,blockNumber=3055
info|2023-07-10 13:01:54.955110|[RPCWS][SERVICE][onRecvBlockNotifier]receive block number notifier,group=group0,node=98a7f70ec883a722219d92253cf073a72605f4087aa3443c8e4aadc0af2dc3ac647d0fa1b5ac99cd6987abafe6d690ae71cd5fd2aeeabe7589bfb4748aabdfba,blockNumber=3055
info|2023-07-10 13:01:54.955288|[WS]receive block notify,endpoint=127.0.0.1:20200,blk={
	"blockNumber" : 3055,
	"group" : "group0",
	"nodeName" : "98a7f70ec883a722219d92253cf073a72605f4087aa3443c8e4aadc0af2dc3ac647d0fa1b5ac99cd6987abafe6d690ae71cd5fd2aeeabe7589bfb4748aabdfba"
}
info|2023-07-10 13:01:58.873571|[RPC][BLOCK][NUMBER][fromJson],group=group0,node=98a7f70ec883a722219d92253cf073a72605f4087aa3443c8e4aadc0af2dc3ac647d0fa1b5ac99cd6987abafe6d690ae71cd5fd2aeeabe7589bfb4748aabdfba,blockNumber=3056
info|2023-07-10 13:01:58.873641|[RPCWS][SERVICE][onRecvBlockNotifier]receive block number notifier,group=group0,node=98a7f70ec883a722219d92253cf073a72605f4087aa3443c8e4aadc0af2dc3ac647d0fa1b5ac99cd6987abafe6d690ae71cd5fd2aeeabe7589bfb4748aabdfba,blockNumber=3056
info|2023-07-10 13:01:58.873658|[RPCWS][SERVICE][updateGroupBlockNumber],groupID=group0,_blockNumber=3056
info|2023-07-10 13:01:58.873670|[RPCWS][SERVICE][onRecvBlockNotifier]block notifier callback,group=group0,node=98a7f70ec883a722219d92253cf073a72605f4087aa3443c8e4aadc0af2dc3ac647d0fa1b5ac99cd6987abafe6d690ae71cd5fd2aeeabe7589bfb4748aabdfba,blockNumber=3056
info|2023-07-10 13:01:58.873683|[WS]receive block notify,endpoint=127.0.0.1:20200,blk={
	"blockNumber" : 3056,
	"group" : "group0",
	"nodeName" : "98a7f70ec883a722219d92253cf073a72605f4087aa3443c8e4aadc0af2dc3ac647d0fa1b5ac99cd6987abafe6d690ae71cd5fd2aeeabe7589bfb4748aabdfba"
}
info|2023-07-10 13:01:59.390095|[RPC][BLOCK][NUMBER][fromJson],group=group0,node=2f993327933ad58672518b6d4f63920cbc68b80f78f4d81192552ee6362f5cc81ee13bdc678ad65f06e76444cadb53b33694cfb3fc7679b8000411975fedd28a,blockNumber=3056
info|2023-07-10 13:01:59.390167|[RPCWS][SERVICE][onRecvBlockNotifier]receive block number notifier,group=group0,node=2f993327933ad58672518b6d4f63920cbc68b80f78f4d81192552ee6362f5cc81ee13bdc678ad65f06e76444cadb53b33694cfb3fc7679b8000411975fedd28a,blockNumber=3056
info|2023-07-10 13:01:59.390189|[WS]receive block notify,endpoint=127.0.0.1:20201,blk={
	"blockNumber" : 3056,
	"group" : "group0",
	"nodeName" : "2f993327933ad58672518b6d4f63920cbc68b80f78f4d81192552ee6362f5cc81ee13bdc678ad65f06e76444cadb53b33694cfb3fc7679b8000411975fedd28a"
}
info|2023-07-10 13:02:02.667878|[RPC][BLOCK][NUMBER][fromJson],group=group0,node=2f993327933ad58672518b6d4f63920cbc68b80f78f4d81192552ee6362f5cc81ee13bdc678ad65f06e76444cadb53b33694cfb3fc7679b8000411975fedd28a,blockNumber=3057
info|2023-07-10 13:02:02.667936|[RPCWS][SERVICE][onRecvBlockNotifier]receive block number notifier,group=group0,node=2f993327933ad58672518b6d4f63920cbc68b80f78f4d81192552ee6362f5cc81ee13bdc678ad65f06e76444cadb53b33694cfb3fc7679b8000411975fedd28a,blockNumber=3057
info|2023-07-10 13:02:02.667953|[RPCWS][SERVICE][updateGroupBlockNumber],groupID=group0,_blockNumber=3057
info|2023-07-10 13:02:02.667968|[RPCWS][SERVICE][onRecvBlockNotifier]block notifier callback,group=group0,node=2f993327933ad58672518b6d4f63920cbc68b80f78f4d81192552ee6362f5cc81ee13bdc678ad65f06e76444cadb53b33694cfb3fc7679b8000411975fedd28a,blockNumber=3057
info|2023-07-10 13:02:02.667980|[WS]receive block notify,endpoint=127.0.0.1:20201,blk={
	"blockNumber" : 3057,
	"group" : "group0",
	"nodeName" : "2f993327933ad58672518b6d4f63920cbc68b80f78f4d81192552ee6362f5cc81ee13bdc678ad65f06e76444cadb53b33694cfb3fc7679b8000411975fedd28a"
}
info|2023-07-10 13:02:03.000961|[SDK][WS][SERVICE]connected nodes,count=2
info|2023-07-10 13:02:03.293151|[RPC][BLOCK][NUMBER][fromJson],group=group0,node=98a7f70ec883a722219d92253cf073a72605f4087aa3443c8e4aadc0af2dc3ac647d0fa1b5ac99cd6987abafe6d690ae71cd5fd2aeeabe7589bfb4748aabdfba,blockNumber=3057
info|2023-07-10 13:02:03.293228|[RPCWS][SERVICE][onRecvBlockNotifier]receive block number notifier,group=group0,node=98a7f70ec883a722219d92253cf073a72605f4087aa3443c8e4aadc0af2dc3ac647d0fa1b5ac99cd6987abafe6d690ae71cd5fd2aeeabe7589bfb4748aabdfba,blockNumber=3057
info|2023-07-10 13:02:03.293249|[WS]receive block notify,endpoint=127.0.0.1:20200,blk={
	"blockNumber" : 3057,
	"group" : "group0",
	"nodeName" : "98a7f70ec883a722219d92253cf073a72605f4087aa3443c8e4aadc0af2dc3ac647d0fa1b5ac99cd6987abafe6d690ae71cd5fd2aeeabe7589bfb4748aabdfba"
}
info|2023-07-10 13:02:03.327549|[EVENT][SUB][doLoop]event sub tasks report,working event sub count=0,suspend event sub count=0
info|2023-07-10 13:02:04.385167|[RPC][BLOCK][NUMBER][fromJson],group=group0,node=2f993327933ad58672518b6d4f63920cbc68b80f78f4d81192552ee6362f5cc81ee13bdc678ad65f06e76444cadb53b33694cfb3fc7679b8000411975fedd28a,blockNumber=3058
info|2023-07-10 13:02:04.385225|[RPCWS][SERVICE][onRecvBlockNotifier]receive block number notifier,group=group0,node=2f993327933ad58672518b6d4f63920cbc68b80f78f4d81192552ee6362f5cc81ee13bdc678ad65f06e76444cadb53b33694cfb3fc7679b8000411975fedd28a,blockNumber=3058
info|2023-07-10 13:02:04.385241|[RPCWS][SERVICE][updateGroupBlockNumber],groupID=group0,_blockNumber=3058
info|2023-07-10 13:02:04.385254|[RPCWS][SERVICE][onRecvBlockNotifier]block notifier callback,group=group0,node=2f993327933ad58672518b6d4f63920cbc68b80f78f4d81192552ee6362f5cc81ee13bdc678ad65f06e76444cadb53b33694cfb3fc7679b8000411975fedd28a,blockNumber=3058
info|2023-07-10 13:02:04.385265|[WS]receive block notify,endpoint=127.0.0.1:20201,blk={
	"blockNumber" : 3058,
	"group" : "group0",
	"nodeName" : "2f993327933ad58672518b6d4f63920cbc68b80f78f4d81192552ee6362f5cc81ee13bdc678ad65f06e76444cadb53b33694cfb3fc7679b8000411975fedd28a"
}
info|2023-07-10 13:02:04.459308|[RPC][BLOCK][NUMBER][fromJson],group=group0,node=98a7f70ec883a722219d92253cf073a72605f4087aa3443c8e4aadc0af2dc3ac647d0fa1b5ac99cd6987abafe6d690ae71cd5fd2aeeabe7589bfb4748aabdfba,blockNumber=3058
info|2023-07-10 13:02:04.460385|[RPCWS][SERVICE][onRecvBlockNotifier]receive block number notifier,group=group0,node=98a7f70ec883a722219d92253cf073a72605f4087aa3443c8e4aadc0af2dc3ac647d0fa1b5ac99cd6987abafe6d690ae71cd5fd2aeeabe7589bfb4748aabdfba,blockNumber=3058
info|2023-07-10 13:02:04.460718|[WS]receive block notify,endpoint=127.0.0.1:20200,blk={
	"blockNumber" : 3058,
	"group" : "group0",
	"nodeName" : "98a7f70ec883a722219d92253cf073a72605f4087aa3443c8e4aadc0af2dc3ac647d0fa1b5ac99cd6987abafe6d690ae71cd5fd2aeeabe7589bfb4748aabdfba"
}
info|2023-07-10 13:02:06.616645|[RPC][BLOCK][NUMBER][fromJson],group=group0,node=2f993327933ad58672518b6d4f63920cbc68b80f78f4d81192552ee6362f5cc81ee13bdc678ad65f06e76444cadb53b33694cfb3fc7679b8000411975fedd28a,blockNumber=3059
info|2023-07-10 13:02:06.618747|[RPCWS][SERVICE][onRecvBlockNotifier]receive block number notifier,group=group0,node=2f993327933ad58672518b6d4f63920cbc68b80f78f4d81192552ee6362f5cc81ee13bdc678ad65f06e76444cadb53b33694cfb3fc7679b8000411975fedd28a,blockNumber=3059
info|2023-07-10 13:02:06.618857|[RPCWS][SERVICE][updateGroupBlockNumber],groupID=group0,_blockNumber=3059
info|2023-07-10 13:02:06.618925|[RPCWS][SERVICE][onRecvBlockNotifier]block notifier callback,group=group0,node=2f993327933ad58672518b6d4f63920cbc68b80f78f4d81192552ee6362f5cc81ee13bdc678ad65f06e76444cadb53b33694cfb3fc7679b8000411975fedd28a,blockNumber=3059
info|2023-07-10 13:02:06.618982|[WS]receive block notify,endpoint=127.0.0.1:20201,blk={
	"blockNumber" : 3059,
	"group" : "group0",
	"nodeName" : "2f993327933ad58672518b6d4f63920cbc68b80f78f4d81192552ee6362f5cc81ee13bdc678ad65f06e76444cadb53b33694cfb3fc7679b8000411975fedd28a"
}
info|2023-07-10 13:02:06.696998|[RPC][BLOCK][NUMBER][fromJson],group=group0,node=98a7f70ec883a722219d92253cf073a72605f4087aa3443c8e4aadc0af2dc3ac647d0fa1b5ac99cd6987abafe6d690ae71cd5fd2aeeabe7589bfb4748aabdfba,blockNumber=3059
info|2023-07-10 13:02:06.697149|[RPCWS][SERVICE][onRecvBlockNotifier]receive block number notifier,group=group0,node=98a7f70ec883a722219d92253cf073a72605f4087aa3443c8e4aadc0af2dc3ac647d0fa1b5ac99cd6987abafe6d690ae71cd5fd2aeeabe7589bfb4748aabdfba,blockNumber=3059
info|2023-07-10 13:02:06.697172|[WS]receive block notify,endpoint=127.0.0.1:20200,blk={
	"blockNumber" : 3059,
	"group" : "group0",
	"nodeName" : "98a7f70ec883a722219d92253cf073a72605f4087aa3443c8e4aadc0af2dc3ac647d0fa1b5ac99cd6987abafe6d690ae71cd5fd2aeeabe7589bfb4748aabdfba"
}
info|2023-07-10 13:02:07.998042|[RPC][BLOCK][NUMBER][fromJson],group=group0,node=2f993327933ad58672518b6d4f63920cbc68b80f78f4d81192552ee6362f5cc81ee13bdc678ad65f06e76444cadb53b33694cfb3fc7679b8000411975fedd28a,blockNumber=3060
info|2023-07-10 13:02:07.998231|[RPCWS][SERVICE][onRecvBlockNotifier]receive block number notifier,group=group0,node=2f993327933ad58672518b6d4f63920cbc68b80f78f4d81192552ee6362f5cc81ee13bdc678ad65f06e76444cadb53b33694cfb3fc7679b8000411975fedd28a,blockNumber=3060
info|2023-07-10 13:02:07.998256|[RPCWS][SERVICE][updateGroupBlockNumber],groupID=group0,_blockNumber=3060
info|2023-07-10 13:02:07.998270|[RPCWS][SERVICE][onRecvBlockNotifier]block notifier callback,group=group0,node=2f993327933ad58672518b6d4f63920cbc68b80f78f4d81192552ee6362f5cc81ee13bdc678ad65f06e76444cadb53b33694cfb3fc7679b8000411975fedd28a,blockNumber=3060
info|2023-07-10 13:02:07.998291|[WS]receive block notify,endpoint=127.0.0.1:20201,blk={
	"blockNumber" : 3060,
	"group" : "group0",
	"nodeName" : "2f993327933ad58672518b6d4f63920cbc68b80f78f4d81192552ee6362f5cc81ee13bdc678ad65f06e76444cadb53b33694cfb3fc7679b8000411975fedd28a"
}
info|2023-07-10 13:02:08.184249|[RPC][BLOCK][NUMBER][fromJson],group=group0,node=98a7f70ec883a722219d92253cf073a72605f4087aa3443c8e4aadc0af2dc3ac647d0fa1b5ac99cd6987abafe6d690ae71cd5fd2aeeabe7589bfb4748aabdfba,blockNumber=3060
info|2023-07-10 13:02:08.184276|[RPCWS][SERVICE][onRecvBlockNotifier]receive block number notifier,group=group0,node=98a7f70ec883a722219d92253cf073a72605f4087aa3443c8e4aadc0af2dc3ac647d0fa1b5ac99cd6987abafe6d690ae71cd5fd2aeeabe7589bfb4748aabdfba,blockNumber=3060
info|2023-07-10 13:02:08.184285|[WS]receive block notify,endpoint=127.0.0.1:20200,blk={
	"blockNumber" : 3060,
	"group" : "group0",
	"nodeName" : "98a7f70ec883a722219d92253cf073a72605f4087aa3443c8e4aadc0af2dc3ac647d0fa1b5ac99cd6987abafe6d690ae71cd5fd2aeeabe7589bfb4748aabdfba"
}
info|2023-07-10 13:02:10.515798|[RPC][BLOCK][NUMBER][fromJson],group=group0,node=2f993327933ad58672518b6d4f63920cbc68b80f78f4d81192552ee6362f5cc81ee13bdc678ad65f06e76444cadb53b33694cfb3fc7679b8000411975fedd28a,blockNumber=3061
info|2023-07-10 13:02:10.516009|[RPCWS][SERVICE][onRecvBlockNotifier]receive block number notifier,group=group0,node=2f993327933ad58672518b6d4f63920cbc68b80f78f4d81192552ee6362f5cc81ee13bdc678ad65f06e76444cadb53b33694cfb3fc7679b8000411975fedd28a,blockNumber=3061
info|2023-07-10 13:02:10.516051|[RPCWS][SERVICE][updateGroupBlockNumber],groupID=group0,_blockNumber=3061
info|2023-07-10 13:02:10.516066|[RPCWS][SERVICE][onRecvBlockNotifier]block notifier callback,group=group0,node=2f993327933ad58672518b6d4f63920cbc68b80f78f4d81192552ee6362f5cc81ee13bdc678ad65f06e76444cadb53b33694cfb3fc7679b8000411975fedd28a,blockNumber=3061
info|2023-07-10 13:02:10.516079|[WS]receive block notify,endpoint=127.0.0.1:20201,blk={
	"blockNumber" : 3061,
	"group" : "group0",
	"nodeName" : "2f993327933ad58672518b6d4f63920cbc68b80f78f4d81192552ee6362f5cc81ee13bdc678ad65f06e76444cadb53b33694cfb3fc7679b8000411975fedd28a"
}
info|2023-07-10 13:02:10.577763|[RPC][BLOCK][NUMBER][fromJson],group=group0,node=98a7f70ec883a722219d92253cf073a72605f4087aa3443c8e4aadc0af2dc3ac647d0fa1b5ac99cd6987abafe6d690ae71cd5fd2aeeabe7589bfb4748aabdfba,blockNumber=3061
info|2023-07-10 13:02:10.577817|[RPCWS][SERVICE][onRecvBlockNotifier]receive block number notifier,group=group0,node=98a7f70ec883a722219d92253cf073a72605f4087aa3443c8e4aadc0af2dc3ac647d0fa1b5ac99cd6987abafe6d690ae71cd5fd2aeeabe7589bfb4748aabdfba,blockNumber=3061
info|2023-07-10 13:02:10.577832|[WS]receive block notify,endpoint=127.0.0.1:20200,blk={
	"blockNumber" : 3061,
	"group" : "group0",
	"nodeName" : "98a7f70ec883a722219d92253cf073a72605f4087aa3443c8e4aadc0af2dc3ac647d0fa1b5ac99cd6987abafe6d690ae71cd5fd2aeeabe7589bfb4748aabdfba"
}
info|2023-07-10 13:02:12.559645|[RPC][BLOCK][NUMBER][fromJson],group=group0,node=2f993327933ad58672518b6d4f63920cbc68b80f78f4d81192552ee6362f5cc81ee13bdc678ad65f06e76444cadb53b33694cfb3fc7679b8000411975fedd28a,blockNumber=3062
info|2023-07-10 13:02:12.559669|[RPCWS][SERVICE][onRecvBlockNotifier]receive block number notifier,group=group0,node=2f993327933ad58672518b6d4f63920cbc68b80f78f4d81192552ee6362f5cc81ee13bdc678ad65f06e76444cadb53b33694cfb3fc7679b8000411975fedd28a,blockNumber=3062
info|2023-07-10 13:02:12.559676|[RPCWS][SERVICE][updateGroupBlockNumber],groupID=group0,_blockNumber=3062
info|2023-07-10 13:02:12.559681|[RPCWS][SERVICE][onRecvBlockNotifier]block notifier callback,group=group0,node=2f993327933ad58672518b6d4f63920cbc68b80f78f4d81192552ee6362f5cc81ee13bdc678ad65f06e76444cadb53b33694cfb3fc7679b8000411975fedd28a,blockNumber=3062
info|2023-07-10 13:02:12.559684|[WS]receive block notify,endpoint=127.0.0.1:20201,blk={
	"blockNumber" : 3062,
	"group" : "group0",
	"nodeName" : "2f993327933ad58672518b6d4f63920cbc68b80f78f4d81192552ee6362f5cc81ee13bdc678ad65f06e76444cadb53b33694cfb3fc7679b8000411975fedd28a"
}
info|2023-07-10 13:02:13.151680|[RPC][BLOCK][NUMBER][fromJson],group=group0,node=98a7f70ec883a722219d92253cf073a72605f4087aa3443c8e4aadc0af2dc3ac647d0fa1b5ac99cd6987abafe6d690ae71cd5fd2aeeabe7589bfb4748aabdfba,blockNumber=3062
info|2023-07-10 13:02:13.151706|[RPCWS][SERVICE][onRecvBlockNotifier]receive block number notifier,group=group0,node=98a7f70ec883a722219d92253cf073a72605f4087aa3443c8e4aadc0af2dc3ac647d0fa1b5ac99cd6987abafe6d690ae71cd5fd2aeeabe7589bfb4748aabdfba,blockNumber=3062
info|2023-07-10 13:02:13.151714|[WS]receive block notify,endpoint=127.0.0.1:20200,blk={
	"blockNumber" : 3062,
	"group" : "group0",
	"nodeName" : "98a7f70ec883a722219d92253cf073a72605f4087aa3443c8e4aadc0af2dc3ac647d0fa1b5ac99cd6987abafe6d690ae71cd5fd2aeeabe7589bfb4748aabdfba"
}
info|2023-07-10 13:02:14.172559|[RPC][BLOCK][NUMBER][fromJson],group=group0,node=98a7f70ec883a722219d92253cf073a72605f4087aa3443c8e4aadc0af2dc3ac647d0fa1b5ac99cd6987abafe6d690ae71cd5fd2aeeabe7589bfb4748aabdfba,blockNumber=3063
info|2023-07-10 13:02:14.172620|[RPCWS][SERVICE][onRecvBlockNotifier]receive block number notifier,group=group0,node=98a7f70ec883a722219d92253cf073a72605f4087aa3443c8e4aadc0af2dc3ac647d0fa1b5ac99cd6987abafe6d690ae71cd5fd2aeeabe7589bfb4748aabdfba,blockNumber=3063
info|2023-07-10 13:02:14.172636|[RPCWS][SERVICE][updateGroupBlockNumber],groupID=group0,_blockNumber=3063
info|2023-07-10 13:02:14.172648|[RPCWS][SERVICE][onRecvBlockNotifier]block notifier callback,group=group0,node=98a7f70ec883a722219d92253cf073a72605f4087aa3443c8e4aadc0af2dc3ac647d0fa1b5ac99cd6987abafe6d690ae71cd5fd2aeeabe7589bfb4748aabdfba,blockNumber=3063
info|2023-07-10 13:02:14.172659|[WS]receive block notify,endpoint=127.0.0.1:20200,blk={
	"blockNumber" : 3063,
	"group" : "group0",
	"nodeName" : "98a7f70ec883a722219d92253cf073a72605f4087aa3443c8e4aadc0af2dc3ac647d0fa1b5ac99cd6987abafe6d690ae71cd5fd2aeeabe7589bfb4748aabdfba"
}
info|2023-07-10 13:02:14.249445|[RPC][BLOCK][NUMBER][fromJson],group=group0,node=2f993327933ad58672518b6d4f63920cbc68b80f78f4d81192552ee6362f5cc81ee13bdc678ad65f06e76444cadb53b33694cfb3fc7679b8000411975fedd28a,blockNumber=3063
info|2023-07-10 13:02:14.249494|[RPCWS][SERVICE][onRecvBlockNotifier]receive block number notifier,group=group0,node=2f993327933ad58672518b6d4f63920cbc68b80f78f4d81192552ee6362f5cc81ee13bdc678ad65f06e76444cadb53b33694cfb3fc7679b8000411975fedd28a,blockNumber=3063
info|2023-07-10 13:02:14.249514|[WS]receive block notify,endpoint=127.0.0.1:20201,blk={
	"blockNumber" : 3063,
	"group" : "group0",
	"nodeName" : "2f993327933ad58672518b6d4f63920cbc68b80f78f4d81192552ee6362f5cc81ee13bdc678ad65f06e76444cadb53b33694cfb3fc7679b8000411975fedd28a"
}
info|2023-07-10 13:02:14.936366|[RPC][BLOCK][NUMBER][fromJson],group=group0,node=98a7f70ec883a722219d92253cf073a72605f4087aa3443c8e4aadc0af2dc3ac647d0fa1b5ac99cd6987abafe6d690ae71cd5fd2aeeabe7589bfb4748aabdfba,blockNumber=3064
info|2023-07-10 13:02:14.936431|[RPCWS][SERVICE][onRecvBlockNotifier]receive block number notifier,group=group0,node=98a7f70ec883a722219d92253cf073a72605f4087aa3443c8e4aadc0af2dc3ac647d0fa1b5ac99cd6987abafe6d690ae71cd5fd2aeeabe7589bfb4748aabdfba,blockNumber=3064
info|2023-07-10 13:02:14.936448|[RPCWS][SERVICE][updateGroupBlockNumber],groupID=group0,_blockNumber=3064
info|2023-07-10 13:02:14.936461|[RPCWS][SERVICE][onRecvBlockNotifier]block notifier callback,group=group0,node=98a7f70ec883a722219d92253cf073a72605f4087aa3443c8e4aadc0af2dc3ac647d0fa1b5ac99cd6987abafe6d690ae71cd5fd2aeeabe7589bfb4748aabdfba,blockNumber=3064
info|2023-07-10 13:02:14.936473|[WS]receive block notify,endpoint=127.0.0.1:20200,blk={
	"blockNumber" : 3064,
	"group" : "group0",
	"nodeName" : "98a7f70ec883a722219d92253cf073a72605f4087aa3443c8e4aadc0af2dc3ac647d0fa1b5ac99cd6987abafe6d690ae71cd5fd2aeeabe7589bfb4748aabdfba"
}
info|2023-07-10 13:02:15.084146|[RPC][BLOCK][NUMBER][fromJson],group=group0,node=2f993327933ad58672518b6d4f63920cbc68b80f78f4d81192552ee6362f5cc81ee13bdc678ad65f06e76444cadb53b33694cfb3fc7679b8000411975fedd28a,blockNumber=3064
info|2023-07-10 13:02:15.084206|[RPCWS][SERVICE][onRecvBlockNotifier]receive block number notifier,group=group0,node=2f993327933ad58672518b6d4f63920cbc68b80f78f4d81192552ee6362f5cc81ee13bdc678ad65f06e76444cadb53b33694cfb3fc7679b8000411975fedd28a,blockNumber=3064
info|2023-07-10 13:02:15.084227|[WS]receive block notify,endpoint=127.0.0.1:20201,blk={
	"blockNumber" : 3064,
	"group" : "group0",
	"nodeName" : "2f993327933ad58672518b6d4f63920cbc68b80f78f4d81192552ee6362f5cc81ee13bdc678ad65f06e76444cadb53b33694cfb3fc7679b8000411975fedd28a"
}
info|2023-07-10 13:02:16.212168|[RPC][BLOCK][NUMBER][fromJson],group=group0,node=2f993327933ad58672518b6d4f63920cbc68b80f78f4d81192552ee6362f5cc81ee13bdc678ad65f06e76444cadb53b33694cfb3fc7679b8000411975fedd28a,blockNumber=3065
info|2023-07-10 13:02:16.212305|[RPCWS][SERVICE][onRecvBlockNotifier]receive block number notifier,group=group0,node=2f993327933ad58672518b6d4f63920cbc68b80f78f4d81192552ee6362f5cc81ee13bdc678ad65f06e76444cadb53b33694cfb3fc7679b8000411975fedd28a,blockNumber=3065
info|2023-07-10 13:02:16.212325|[RPCWS][SERVICE][updateGroupBlockNumber],groupID=group0,_blockNumber=3065
info|2023-07-10 13:02:16.212335|[RPCWS][SERVICE][onRecvBlockNotifier]block notifier callback,group=group0,node=2f993327933ad58672518b6d4f63920cbc68b80f78f4d81192552ee6362f5cc81ee13bdc678ad65f06e76444cadb53b33694cfb3fc7679b8000411975fedd28a,blockNumber=3065
info|2023-07-10 13:02:16.212344|[WS]receive block notify,endpoint=127.0.0.1:20201,blk={
	"blockNumber" : 3065,
	"group" : "group0",
	"nodeName" : "2f993327933ad58672518b6d4f63920cbc68b80f78f4d81192552ee6362f5cc81ee13bdc678ad65f06e76444cadb53b33694cfb3fc7679b8000411975fedd28a"
}
info|2023-07-10 13:02:16.290146|[RPC][BLOCK][NUMBER][fromJson],group=group0,node=98a7f70ec883a722219d92253cf073a72605f4087aa3443c8e4aadc0af2dc3ac647d0fa1b5ac99cd6987abafe6d690ae71cd5fd2aeeabe7589bfb4748aabdfba,blockNumber=3065
info|2023-07-10 13:02:16.290189|[RPCWS][SERVICE][onRecvBlockNotifier]receive block number notifier,group=group0,node=98a7f70ec883a722219d92253cf073a72605f4087aa3443c8e4aadc0af2dc3ac647d0fa1b5ac99cd6987abafe6d690ae71cd5fd2aeeabe7589bfb4748aabdfba,blockNumber=3065
info|2023-07-10 13:02:16.290203|[WS]receive block notify,endpoint=127.0.0.1:20200,blk={
	"blockNumber" : 3065,
	"group" : "group0",
	"nodeName" : "98a7f70ec883a722219d92253cf073a72605f4087aa3443c8e4aadc0af2dc3ac647d0fa1b5ac99cd6987abafe6d690ae71cd5fd2aeeabe7589bfb4748aabdfba"
}
info|2023-07-10 13:02:16.802794|[RPC][BLOCK][NUMBER][fromJson],group=group0,node=98a7f70ec883a722219d92253cf073a72605f4087aa3443c8e4aadc0af2dc3ac647d0fa1b5ac99cd6987abafe6d690ae71cd5fd2aeeabe7589bfb4748aabdfba,blockNumber=3066
info|2023-07-10 13:02:16.802851|[RPCWS][SERVICE][onRecvBlockNotifier]receive block number notifier,group=group0,node=98a7f70ec883a722219d92253cf073a72605f4087aa3443c8e4aadc0af2dc3ac647d0fa1b5ac99cd6987abafe6d690ae71cd5fd2aeeabe7589bfb4748aabdfba,blockNumber=3066
info|2023-07-10 13:02:16.802863|[RPCWS][SERVICE][updateGroupBlockNumber],groupID=group0,_blockNumber=3066
info|2023-07-10 13:02:16.802873|[RPCWS][SERVICE][onRecvBlockNotifier]block notifier callback,group=group0,node=98a7f70ec883a722219d92253cf073a72605f4087aa3443c8e4aadc0af2dc3ac647d0fa1b5ac99cd6987abafe6d690ae71cd5fd2aeeabe7589bfb4748aabdfba,blockNumber=3066
info|2023-07-10 13:02:16.802882|[WS]receive block notify,endpoint=127.0.0.1:20200,blk={
	"blockNumber" : 3066,
	"group" : "group0",
	"nodeName" : "98a7f70ec883a722219d92253cf073a72605f4087aa3443c8e4aadc0af2dc3ac647d0fa1b5ac99cd6987abafe6d690ae71cd5fd2aeeabe7589bfb4748aabdfba"
}
info|2023-07-10 13:02:17.000331|[RPC][BLOCK][NUMBER][fromJson],group=group0,node=2f993327933ad58672518b6d4f63920cbc68b80f78f4d81192552ee6362f5cc81ee13bdc678ad65f06e76444cadb53b33694cfb3fc7679b8000411975fedd28a,blockNumber=3066
info|2023-07-10 13:02:17.000392|[RPCWS][SERVICE][onRecvBlockNotifier]receive block number notifier,group=group0,node=2f993327933ad58672518b6d4f63920cbc68b80f78f4d81192552ee6362f5cc81ee13bdc678ad65f06e76444cadb53b33694cfb3fc7679b8000411975fedd28a,blockNumber=3066
info|2023-07-10 13:02:17.000411|[WS]receive block notify,endpoint=127.0.0.1:20201,blk={
	"blockNumber" : 3066,
	"group" : "group0",
	"nodeName" : "2f993327933ad58672518b6d4f63920cbc68b80f78f4d81192552ee6362f5cc81ee13bdc678ad65f06e76444cadb53b33694cfb3fc7679b8000411975fedd28a"
}
info|2023-07-10 13:02:18.670007|[RPC][BLOCK][NUMBER][fromJson],group=group0,node=2f993327933ad58672518b6d4f63920cbc68b80f78f4d81192552ee6362f5cc81ee13bdc678ad65f06e76444cadb53b33694cfb3fc7679b8000411975fedd28a,blockNumber=3067
info|2023-07-10 13:02:18.670057|[RPCWS][SERVICE][onRecvBlockNotifier]receive block number notifier,group=group0,node=2f993327933ad58672518b6d4f63920cbc68b80f78f4d81192552ee6362f5cc81ee13bdc678ad65f06e76444cadb53b33694cfb3fc7679b8000411975fedd28a,blockNumber=3067
info|2023-07-10 13:02:18.670071|[RPCWS][SERVICE][updateGroupBlockNumber],groupID=group0,_blockNumber=3067
info|2023-07-10 13:02:18.670082|[RPCWS][SERVICE][onRecvBlockNotifier]block notifier callback,group=group0,node=2f993327933ad58672518b6d4f63920cbc68b80f78f4d81192552ee6362f5cc81ee13bdc678ad65f06e76444cadb53b33694cfb3fc7679b8000411975fedd28a,blockNumber=3067
info|2023-07-10 13:02:18.670092|[WS]receive block notify,endpoint=127.0.0.1:20201,blk={
	"blockNumber" : 3067,
	"group" : "group0",
	"nodeName" : "2f993327933ad58672518b6d4f63920cbc68b80f78f4d81192552ee6362f5cc81ee13bdc678ad65f06e76444cadb53b33694cfb3fc7679b8000411975fedd28a"
}
info|2023-07-10 13:02:18.716548|[RPC][BLOCK][NUMBER][fromJson],group=group0,node=98a7f70ec883a722219d92253cf073a72605f4087aa3443c8e4aadc0af2dc3ac647d0fa1b5ac99cd6987abafe6d690ae71cd5fd2aeeabe7589bfb4748aabdfba,blockNumber=3067
info|2023-07-10 13:02:18.716612|[RPCWS][SERVICE][onRecvBlockNotifier]receive block number notifier,group=group0,node=98a7f70ec883a722219d92253cf073a72605f4087aa3443c8e4aadc0af2dc3ac647d0fa1b5ac99cd6987abafe6d690ae71cd5fd2aeeabe7589bfb4748aabdfba,blockNumber=3067
info|2023-07-10 13:02:18.716629|[WS]receive block notify,endpoint=127.0.0.1:20200,blk={
	"blockNumber" : 3067,
	"group" : "group0",
	"nodeName" : "98a7f70ec883a722219d92253cf073a72605f4087aa3443c8e4aadc0af2dc3ac647d0fa1b5ac99cd6987abafe6d690ae71cd5fd2aeeabe7589bfb4748aabdfba"
}
info|2023-07-10 13:02:19.163089|[RPC][BLOCK][NUMBER][fromJson],group=group0,node=98a7f70ec883a722219d92253cf073a72605f4087aa3443c8e4aadc0af2dc3ac647d0fa1b5ac99cd6987abafe6d690ae71cd5fd2aeeabe7589bfb4748aabdfba,blockNumber=3068
info|2023-07-10 13:02:19.163201|[RPCWS][SERVICE][onRecvBlockNotifier]receive block number notifier,group=group0,node=98a7f70ec883a722219d92253cf073a72605f4087aa3443c8e4aadc0af2dc3ac647d0fa1b5ac99cd6987abafe6d690ae71cd5fd2aeeabe7589bfb4748aabdfba,blockNumber=3068
info|2023-07-10 13:02:19.163228|[RPCWS][SERVICE][updateGroupBlockNumber],groupID=group0,_blockNumber=3068
info|2023-07-10 13:02:19.163241|[RPCWS][SERVICE][onRecvBlockNotifier]block notifier callback,group=group0,node=98a7f70ec883a722219d92253cf073a72605f4087aa3443c8e4aadc0af2dc3ac647d0fa1b5ac99cd6987abafe6d690ae71cd5fd2aeeabe7589bfb4748aabdfba,blockNumber=3068
info|2023-07-10 13:02:19.163254|[WS]receive block notify,endpoint=127.0.0.1:20200,blk={
	"blockNumber" : 3068,
	"group" : "group0",
	"nodeName" : "98a7f70ec883a722219d92253cf073a72605f4087aa3443c8e4aadc0af2dc3ac647d0fa1b5ac99cd6987abafe6d690ae71cd5fd2aeeabe7589bfb4748aabdfba"
}
info|2023-07-10 13:02:19.296128|[RPC][BLOCK][NUMBER][fromJson],group=group0,node=2f993327933ad58672518b6d4f63920cbc68b80f78f4d81192552ee6362f5cc81ee13bdc678ad65f06e76444cadb53b33694cfb3fc7679b8000411975fedd28a,blockNumber=3068
info|2023-07-10 13:02:19.296313|[RPCWS][SERVICE][onRecvBlockNotifier]receive block number notifier,group=group0,node=2f993327933ad58672518b6d4f63920cbc68b80f78f4d81192552ee6362f5cc81ee13bdc678ad65f06e76444cadb53b33694cfb3fc7679b8000411975fedd28a,blockNumber=3068
info|2023-07-10 13:02:19.296358|[WS]receive block notify,endpoint=127.0.0.1:20201,blk={
	"blockNumber" : 3068,
	"group" : "group0",
	"nodeName" : "2f993327933ad58672518b6d4f63920cbc68b80f78f4d81192552ee6362f5cc81ee13bdc678ad65f06e76444cadb53b33694cfb3fc7679b8000411975fedd28a"
}
info|2023-07-10 13:02:20.473119|[RPC][BLOCK][NUMBER][fromJson],group=group0,node=2f993327933ad58672518b6d4f63920cbc68b80f78f4d81192552ee6362f5cc81ee13bdc678ad65f06e76444cadb53b33694cfb3fc7679b8000411975fedd28a,blockNumber=3069
info|2023-07-10 13:02:20.473182|[RPCWS][SERVICE][onRecvBlockNotifier]receive block number notifier,group=group0,node=2f993327933ad58672518b6d4f63920cbc68b80f78f4d81192552ee6362f5cc81ee13bdc678ad65f06e76444cadb53b33694cfb3fc7679b8000411975fedd28a,blockNumber=3069
info|2023-07-10 13:02:20.473198|[RPCWS][SERVICE][updateGroupBlockNumber],groupID=group0,_blockNumber=3069
info|2023-07-10 13:02:20.473211|[RPCWS][SERVICE][onRecvBlockNotifier]block notifier callback,group=group0,node=2f993327933ad58672518b6d4f63920cbc68b80f78f4d81192552ee6362f5cc81ee13bdc678ad65f06e76444cadb53b33694cfb3fc7679b8000411975fedd28a,blockNumber=3069
info|2023-07-10 13:02:20.473222|[WS]receive block notify,endpoint=127.0.0.1:20201,blk={
	"blockNumber" : 3069,
	"group" : "group0",
	"nodeName" : "2f993327933ad58672518b6d4f63920cbc68b80f78f4d81192552ee6362f5cc81ee13bdc678ad65f06e76444cadb53b33694cfb3fc7679b8000411975fedd28a"
}
info|2023-07-10 13:02:20.613131|[RPC][BLOCK][NUMBER][fromJson],group=group0,node=98a7f70ec883a722219d92253cf073a72605f4087aa3443c8e4aadc0af2dc3ac647d0fa1b5ac99cd6987abafe6d690ae71cd5fd2aeeabe7589bfb4748aabdfba,blockNumber=3069
info|2023-07-10 13:02:20.613431|[RPCWS][SERVICE][onRecvBlockNotifier]receive block number notifier,group=group0,node=98a7f70ec883a722219d92253cf073a72605f4087aa3443c8e4aadc0af2dc3ac647d0fa1b5ac99cd6987abafe6d690ae71cd5fd2aeeabe7589bfb4748aabdfba,blockNumber=3069
info|2023-07-10 13:02:20.613469|[WS]receive block notify,endpoint=127.0.0.1:20200,blk={
	"blockNumber" : 3069,
	"group" : "group0",
	"nodeName" : "98a7f70ec883a722219d92253cf073a72605f4087aa3443c8e4aadc0af2dc3ac647d0fa1b5ac99cd6987abafe6d690ae71cd5fd2aeeabe7589bfb4748aabdfba"
}
info|2023-07-10 13:02:21.230073|[RPC][BLOCK][NUMBER][fromJson],group=group0,node=2f993327933ad58672518b6d4f63920cbc68b80f78f4d81192552ee6362f5cc81ee13bdc678ad65f06e76444cadb53b33694cfb3fc7679b8000411975fedd28a,blockNumber=3070
info|2023-07-10 13:02:21.230131|[RPCWS][SERVICE][onRecvBlockNotifier]receive block number notifier,group=group0,node=2f993327933ad58672518b6d4f63920cbc68b80f78f4d81192552ee6362f5cc81ee13bdc678ad65f06e76444cadb53b33694cfb3fc7679b8000411975fedd28a,blockNumber=3070
info|2023-07-10 13:02:21.230148|[RPCWS][SERVICE][updateGroupBlockNumber],groupID=group0,_blockNumber=3070
info|2023-07-10 13:02:21.230160|[RPCWS][SERVICE][onRecvBlockNotifier]block notifier callback,group=group0,node=2f993327933ad58672518b6d4f63920cbc68b80f78f4d81192552ee6362f5cc81ee13bdc678ad65f06e76444cadb53b33694cfb3fc7679b8000411975fedd28a,blockNumber=3070
info|2023-07-10 13:02:21.230173|[WS]receive block notify,endpoint=127.0.0.1:20201,blk={
	"blockNumber" : 3070,
	"group" : "group0",
	"nodeName" : "2f993327933ad58672518b6d4f63920cbc68b80f78f4d81192552ee6362f5cc81ee13bdc678ad65f06e76444cadb53b33694cfb3fc7679b8000411975fedd28a"
}
info|2023-07-10 13:02:21.363722|[RPC][BLOCK][NUMBER][fromJson],group=group0,node=98a7f70ec883a722219d92253cf073a72605f4087aa3443c8e4aadc0af2dc3ac647d0fa1b5ac99cd6987abafe6d690ae71cd5fd2aeeabe7589bfb4748aabdfba,blockNumber=3070
info|2023-07-10 13:02:21.363781|[RPCWS][SERVICE][onRecvBlockNotifier]receive block number notifier,group=group0,node=98a7f70ec883a722219d92253cf073a72605f4087aa3443c8e4aadc0af2dc3ac647d0fa1b5ac99cd6987abafe6d690ae71cd5fd2aeeabe7589bfb4748aabdfba,blockNumber=3070
info|2023-07-10 13:02:21.363800|[WS]receive block notify,endpoint=127.0.0.1:20200,blk={
	"blockNumber" : 3070,
	"group" : "group0",
	"nodeName" : "98a7f70ec883a722219d92253cf073a72605f4087aa3443c8e4aadc0af2dc3ac647d0fa1b5ac99cd6987abafe6d690ae71cd5fd2aeeabe7589bfb4748aabdfba"
}
info|2023-07-10 13:02:23.002309|[SDK][WS][SERVICE]connected nodes,count=2
info|2023-07-10 13:02:23.328136|[EVENT][SUB][doLoop]event sub tasks report,working event sub count=0,suspend event sub count=0
info|2023-07-10 13:02:43.002630|[SDK][WS][SERVICE]connected nodes,count=2
info|2023-07-10 13:02:43.328278|[EVENT][SUB][doLoop]event sub tasks report,working event sub count=0,suspend event sub count=0
info|2023-07-10 13:03:03.002798|[SDK][WS][SERVICE]connected nodes,count=2
info|2023-07-10 13:03:03.328344|[EVENT][SUB][doLoop]event sub tasks report,working event sub count=0,suspend event sub count=0
info|2023-07-10 13:03:23.003467|[SDK][WS][SERVICE]connected nodes,count=2
info|2023-07-10 13:03:23.328592|[EVENT][SUB][doLoop]event sub tasks report,working event sub count=0,suspend event sub count=0
info|2023-07-10 13:03:43.003723|[SDK][WS][SERVICE]connected nodes,count=2
info|2023-07-10 13:03:43.329175|[EVENT][SUB][doLoop]event sub tasks report,working event sub count=0,suspend event sub count=0
info|2023-07-10 13:04:03.004060|[SDK][WS][SERVICE]connected nodes,count=2
info|2023-07-10 13:04:03.329543|[EVENT][SUB][doLoop]event sub tasks report,working event sub count=0,suspend event sub count=0
info|2023-07-10 13:04:23.004275|[SDK][WS][SERVICE]connected nodes,count=2
info|2023-07-10 13:04:23.330278|[EVENT][SUB][doLoop]event sub tasks report,working event sub count=0,suspend event sub count=0
info|2023-07-10 13:04:43.005017|[SDK][WS][SERVICE]connected nodes,count=2
info|2023-07-10 13:04:43.330848|[EVENT][SUB][doLoop]event sub tasks report,working event sub count=0,suspend event sub count=0
info|2023-07-10 13:05:03.005205|[SDK][WS][SERVICE]connected nodes,count=2
info|2023-07-10 13:05:03.331034|[EVENT][SUB][doLoop]event sub tasks report,working event sub count=0,suspend event sub count=0
info|2023-07-10 13:05:23.005312|[SDK][WS][SERVICE]connected nodes,count=2
info|2023-07-10 13:05:23.338009|[EVENT][SUB][doLoop]event sub tasks report,working event sub count=0,suspend event sub count=0
info|2023-07-10 13:05:43.006387|[SDK][WS][SERVICE]connected nodes,count=2
info|2023-07-10 13:05:43.338265|[EVENT][SUB][doLoop]event sub tasks report,working event sub count=0,suspend event sub count=0
info|2023-07-10 13:06:03.006888|[SDK][WS][SERVICE]connected nodes,count=2
info|2023-07-10 13:06:03.338810|[EVENT][SUB][doLoop]event sub tasks report,working event sub count=0,suspend event sub count=0
info|2023-07-10 13:06:23.007231|[SDK][WS][SERVICE]connected nodes,count=2
info|2023-07-10 13:06:23.340344|[EVENT][SUB][doLoop]event sub tasks report,working event sub count=0,suspend event sub count=0
info|2023-07-10 13:06:43.007697|[SDK][WS][SERVICE]connected nodes,count=2
info|2023-07-10 13:06:43.340536|[EVENT][SUB][doLoop]event sub tasks report,working event sub count=0,suspend event sub count=0
info|2023-07-10 13:07:03.007923|[SDK][WS][SERVICE]connected nodes,count=2
info|2023-07-10 13:07:03.340659|[EVENT][SUB][doLoop]event sub tasks report,working event sub count=0,suspend event sub count=0
info|2023-07-10 13:07:23.008240|[SDK][WS][SERVICE]connected nodes,count=2
info|2023-07-10 13:07:23.340867|[EVENT][SUB][doLoop]event sub tasks report,working event sub count=0,suspend event sub count=0
info|2023-07-10 13:07:43.009176|[SDK][WS][SERVICE]connected nodes,count=2
info|2023-07-10 13:07:43.341766|[EVENT][SUB][doLoop]event sub tasks report,working event sub count=0,suspend event sub count=0
info|2023-07-10 13:08:03.046838|[SDK][WS][SERVICE]connected nodes,count=2
info|2023-07-10 13:08:03.362395|[EVENT][SUB][doLoop]event sub tasks report,working event sub count=0,suspend event sub count=0
info|2023-07-10 13:08:23.047260|[SDK][WS][SERVICE]connected nodes,count=2
info|2023-07-10 13:08:23.363093|[EVENT][SUB][doLoop]event sub tasks report,working event sub count=0,suspend event sub count=0
info|2023-07-10 13:08:43.047902|[SDK][WS][SERVICE]connected nodes,count=2
info|2023-07-10 13:08:43.363372|[EVENT][SUB][doLoop]event sub tasks report,working event sub count=0,suspend event sub count=0
info|2023-07-10 13:09:03.049346|[SDK][WS][SERVICE]connected nodes,count=2
info|2023-07-10 13:09:03.363636|[EVENT][SUB][doLoop]event sub tasks report,working event sub count=0,suspend event sub count=0
info|2023-07-10 13:09:23.051184|[SDK][WS][SERVICE]connected nodes,count=2
info|2023-07-10 13:09:23.364309|[EVENT][SUB][doLoop]event sub tasks report,working event sub count=0,suspend event sub count=0
info|2023-07-10 13:09:43.051858|[SDK][WS][SERVICE]connected nodes,count=2
info|2023-07-10 13:09:43.364834|[EVENT][SUB][doLoop]event sub tasks report,working event sub count=0,suspend event sub count=0
info|2023-07-10 13:10:03.052376|[SDK][WS][SERVICE]connected nodes,count=2
info|2023-07-10 13:10:03.365174|[EVENT][SUB][doLoop]event sub tasks report,working event sub count=0,suspend event sub count=0
info|2023-07-10 13:10:23.066844|[SDK][WS][SERVICE]connected nodes,count=2
info|2023-07-10 13:10:23.365521|[EVENT][SUB][doLoop]event sub tasks report,working event sub count=0,suspend event sub count=0
info|2023-07-10 13:10:43.067152|[SDK][WS][SERVICE]connected nodes,count=2
info|2023-07-10 13:10:43.365834|[EVENT][SUB][doLoop]event sub tasks report,working event sub count=0,suspend event sub count=0
info|2023-07-10 13:11:03.067470|[SDK][WS][SERVICE]connected nodes,count=2
info|2023-07-10 13:11:03.365894|[EVENT][SUB][doLoop]event sub tasks report,working event sub count=0,suspend event sub count=0
info|2023-07-10 13:11:23.067698|[SDK][WS][SERVICE]connected nodes,count=2
info|2023-07-10 13:11:23.366018|[EVENT][SUB][doLoop]event sub tasks report,working event sub count=0,suspend event sub count=0
info|2023-07-10 13:11:43.067859|[SDK][WS][SERVICE]connected nodes,count=2
info|2023-07-10 13:11:43.366347|[EVENT][SUB][doLoop]event sub tasks report,working event sub count=0,suspend event sub count=0
info|2023-07-10 13:12:03.068166|[SDK][WS][SERVICE]connected nodes,count=2
info|2023-07-10 13:12:03.366643|[EVENT][SUB][doLoop]event sub tasks report,working event sub count=0,suspend event sub count=0
info|2023-07-10 13:12:23.069358|[SDK][WS][SERVICE]connected nodes,count=2
info|2023-07-10 13:12:23.367010|[EVENT][SUB][doLoop]event sub tasks report,working event sub count=0,suspend event sub count=0
info|2023-07-10 13:12:43.070411|[SDK][WS][SERVICE]connected nodes,count=2
info|2023-07-10 13:12:43.369226|[EVENT][SUB][doLoop]event sub tasks report,working event sub count=0,suspend event sub count=0
info|2023-07-10 13:13:03.070789|[SDK][WS][SERVICE]connected nodes,count=2
info|2023-07-10 13:13:03.369293|[EVENT][SUB][doLoop]event sub tasks report,working event sub count=0,suspend event sub count=0
info|2023-07-10 13:13:23.071114|[SDK][WS][SERVICE]connected nodes,count=2
info|2023-07-10 13:13:23.369733|[EVENT][SUB][doLoop]event sub tasks report,working event sub count=0,suspend event sub count=0
info|2023-07-10 13:13:43.071381|[SDK][WS][SERVICE]connected nodes,count=2
info|2023-07-10 13:13:43.369988|[EVENT][SUB][doLoop]event sub tasks report,working event sub count=0,suspend event sub count=0
info|2023-07-10 13:14:03.072156|[SDK][WS][SERVICE]connected nodes,count=2
info|2023-07-10 13:14:03.370339|[EVENT][SUB][doLoop]event sub tasks report,working event sub count=0,suspend event sub count=0
info|2023-07-10 13:14:23.075171|[SDK][WS][SERVICE]connected nodes,count=2
info|2023-07-10 13:14:23.370716|[EVENT][SUB][doLoop]event sub tasks report,working event sub count=0,suspend event sub count=0
info|2023-07-10 13:14:43.075732|[SDK][WS][SERVICE]connected nodes,count=2
info|2023-07-10 13:14:43.370821|[EVENT][SUB][doLoop]event sub tasks report,working event sub count=0,suspend event sub count=0
info|2023-07-10 13:15:03.076132|[SDK][WS][SERVICE]connected nodes,count=2
info|2023-07-10 13:15:03.371341|[EVENT][SUB][doLoop]event sub tasks report,working event sub count=0,suspend event sub count=0
info|2023-07-10 13:15:23.076707|[SDK][WS][SERVICE]connected nodes,count=2
info|2023-07-10 13:15:23.371468|[EVENT][SUB][doLoop]event sub tasks report,working event sub count=0,suspend event sub count=0
info|2023-07-10 13:15:43.076900|[SDK][WS][SERVICE]connected nodes,count=2
info|2023-07-10 13:15:43.371840|[EVENT][SUB][doLoop]event sub tasks report,working event sub count=0,suspend event sub count=0
info|2023-07-10 13:16:03.077066|[SDK][WS][SERVICE]connected nodes,count=2
info|2023-07-10 13:16:03.372142|[EVENT][SUB][doLoop]event sub tasks report,working event sub count=0,suspend event sub count=0
info|2023-07-10 13:16:23.077302|[SDK][WS][SERVICE]connected nodes,count=2
info|2023-07-10 13:16:23.372199|[EVENT][SUB][doLoop]event sub tasks report,working event sub count=0,suspend event sub count=0
info|2023-07-10 13:16:43.077595|[SDK][WS][SERVICE]connected nodes,count=2
info|2023-07-10 13:16:43.372472|[EVENT][SUB][doLoop]event sub tasks report,working event sub count=0,suspend event sub count=0
info|2023-07-10 13:17:03.077737|[SDK][WS][SERVICE]connected nodes,count=2
info|2023-07-10 13:17:03.373234|[EVENT][SUB][doLoop]event sub tasks report,working event sub count=0,suspend event sub count=0
info|2023-07-10 13:17:23.077924|[SDK][WS][SERVICE]connected nodes,count=2
info|2023-07-10 13:17:23.373667|[EVENT][SUB][doLoop]event sub tasks report,working event sub count=0,suspend event sub count=0
info|2023-07-10 13:17:43.078353|[SDK][WS][SERVICE]connected nodes,count=2
info|2023-07-10 13:17:43.373865|[EVENT][SUB][doLoop]event sub tasks report,working event sub count=0,suspend event sub count=0
info|2023-07-10 13:18:03.078885|[SDK][WS][SERVICE]connected nodes,count=2
info|2023-07-10 13:18:03.373974|[EVENT][SUB][doLoop]event sub tasks report,working event sub count=0,suspend event sub count=0
info|2023-07-10 13:18:23.079090|[SDK][WS][SERVICE]connected nodes,count=2
info|2023-07-10 13:18:23.374247|[EVENT][SUB][doLoop]event sub tasks report,working event sub count=0,suspend event sub count=0
info|2023-07-10 13:18:43.079281|[SDK][WS][SERVICE]connected nodes,count=2
info|2023-07-10 13:18:43.374499|[EVENT][SUB][doLoop]event sub tasks report,working event sub count=0,suspend event sub count=0
info|2023-07-10 13:19:03.079511|[SDK][WS][SERVICE]connected nodes,count=2
info|2023-07-10 13:19:03.374566|[EVENT][SUB][doLoop]event sub tasks report,working event sub count=0,suspend event sub count=0
info|2023-07-10 13:19:23.079748|[SDK][WS][SERVICE]connected nodes,count=2
info|2023-07-10 13:19:23.380807|[EVENT][SUB][doLoop]event sub tasks report,working event sub count=0,suspend event sub count=0
info|2023-07-10 13:19:43.084752|[SDK][WS][SERVICE]connected nodes,count=2
info|2023-07-10 13:19:43.387272|[EVENT][SUB][doLoop]event sub tasks report,working event sub count=0,suspend event sub count=0
info|2023-07-10 13:20:03.085440|[SDK][WS][SERVICE]connected nodes,count=2
info|2023-07-10 13:20:03.387514|[EVENT][SUB][doLoop]event sub tasks report,working event sub count=0,suspend event sub count=0
info|2023-07-10 13:20:23.085998|[SDK][WS][SERVICE]connected nodes,count=2
info|2023-07-10 13:20:23.388487|[EVENT][SUB][doLoop]event sub tasks report,working event sub count=0,suspend event sub count=0
info|2023-07-10 13:20:43.086185|[SDK][WS][SERVICE]connected nodes,count=2
info|2023-07-10 13:20:43.388709|[EVENT][SUB][doLoop]event sub tasks report,working event sub count=0,suspend event sub count=0
info|2023-07-10 13:21:03.086407|[SDK][WS][SERVICE]connected nodes,count=2
info|2023-07-10 13:21:03.389183|[EVENT][SUB][doLoop]event sub tasks report,working event sub count=0,suspend event sub count=0
info|2023-07-10 13:21:23.086627|[SDK][WS][SERVICE]connected nodes,count=2
info|2023-07-10 13:21:23.389346|[EVENT][SUB][doLoop]event sub tasks report,working event sub count=0,suspend event sub count=0
info|2023-07-10 13:21:43.086960|[SDK][WS][SERVICE]connected nodes,count=2
info|2023-07-10 13:21:43.391980|[EVENT][SUB][doLoop]event sub tasks report,working event sub count=0,suspend event sub count=0
info|2023-07-10 13:22:03.087247|[SDK][WS][SERVICE]connected nodes,count=2
info|2023-07-10 13:22:03.392573|[EVENT][SUB][doLoop]event sub tasks report,working event sub count=0,suspend event sub count=0
info|2023-07-10 13:22:23.087584|[SDK][WS][SERVICE]connected nodes,count=2
info|2023-07-10 13:22:23.393051|[EVENT][SUB][doLoop]event sub tasks report,working event sub count=0,suspend event sub count=0
info|2023-07-10 13:22:43.088235|[SDK][WS][SERVICE]connected nodes,count=2
info|2023-07-10 13:22:43.393651|[EVENT][SUB][doLoop]event sub tasks report,working event sub count=0,suspend event sub count=0
info|2023-07-10 13:23:03.088392|[SDK][WS][SERVICE]connected nodes,count=2
info|2023-07-10 13:23:03.393992|[EVENT][SUB][doLoop]event sub tasks report,working event sub count=0,suspend event sub count=0
info|2023-07-10 13:23:23.088567|[SDK][WS][SERVICE]connected nodes,count=2
info|2023-07-10 13:23:23.394224|[EVENT][SUB][doLoop]event sub tasks report,working event sub count=0,suspend event sub count=0
info|2023-07-10 13:23:43.088710|[SDK][WS][SERVICE]connected nodes,count=2
info|2023-07-10 13:23:43.394285|[EVENT][SUB][doLoop]event sub tasks report,working event sub count=0,suspend event sub count=0
info|2023-07-10 13:24:03.089338|[SDK][WS][SERVICE]connected nodes,count=2
info|2023-07-10 13:24:03.395175|[EVENT][SUB][doLoop]event sub tasks report,working event sub count=0,suspend event sub count=0
info|2023-07-10 13:24:23.089552|[SDK][WS][SERVICE]connected nodes,count=2
info|2023-07-10 13:24:23.395246|[EVENT][SUB][doLoop]event sub tasks report,working event sub count=0,suspend event sub count=0
info|2023-07-10 13:24:43.090210|[SDK][WS][SERVICE]connected nodes,count=2
info|2023-07-10 13:24:43.395325|[EVENT][SUB][doLoop]event sub tasks report,working event sub count=0,suspend event sub count=0
info|2023-07-10 13:25:03.092227|[SDK][WS][SERVICE]connected nodes,count=2
info|2023-07-10 13:25:03.405642|[EVENT][SUB][doLoop]event sub tasks report,working event sub count=0,suspend event sub count=0
info|2023-07-10 13:25:23.092426|[SDK][WS][SERVICE]connected nodes,count=2
info|2023-07-10 13:25:23.406674|[EVENT][SUB][doLoop]event sub tasks report,working event sub count=0,suspend event sub count=0
info|2023-07-10 13:25:43.095157|[SDK][WS][SERVICE]connected nodes,count=2
info|2023-07-10 13:25:43.407881|[EVENT][SUB][doLoop]event sub tasks report,working event sub count=0,suspend event sub count=0
info|2023-07-10 13:26:03.095689|[SDK][WS][SERVICE]connected nodes,count=2
info|2023-07-10 13:26:03.408132|[EVENT][SUB][doLoop]event sub tasks report,working event sub count=0,suspend event sub count=0
info|2023-07-10 13:26:23.096039|[SDK][WS][SERVICE]connected nodes,count=2
info|2023-07-10 13:26:23.408403|[EVENT][SUB][doLoop]event sub tasks report,working event sub count=0,suspend event sub count=0
info|2023-07-10 13:26:43.096154|[SDK][WS][SERVICE]connected nodes,count=2
info|2023-07-10 13:26:43.408698|[EVENT][SUB][doLoop]event sub tasks report,working event sub count=0,suspend event sub count=0
info|2023-07-10 13:27:03.096918|[SDK][WS][SERVICE]connected nodes,count=2
info|2023-07-10 13:27:03.409171|[EVENT][SUB][doLoop]event sub tasks report,working event sub count=0,suspend event sub count=0
info|2023-07-10 13:27:23.097342|[SDK][WS][SERVICE]connected nodes,count=2
info|2023-07-10 13:27:23.410760|[EVENT][SUB][doLoop]event sub tasks report,working event sub count=0,suspend event sub count=0
info|2023-07-10 13:27:43.097826|[SDK][WS][SERVICE]connected nodes,count=2
info|2023-07-10 13:27:43.411064|[EVENT][SUB][doLoop]event sub tasks report,working event sub count=0,suspend event sub count=0
info|2023-07-10 13:28:03.098486|[SDK][WS][SERVICE]connected nodes,count=2
info|2023-07-10 13:28:03.411212|[EVENT][SUB][doLoop]event sub tasks report,working event sub count=0,suspend event sub count=0
info|2023-07-10 13:28:23.098976|[SDK][WS][SERVICE]connected nodes,count=2
info|2023-07-10 13:28:23.411340|[EVENT][SUB][doLoop]event sub tasks report,working event sub count=0,suspend event sub count=0
info|2023-07-10 13:28:43.099233|[SDK][WS][SERVICE]connected nodes,count=2
info|2023-07-10 13:28:43.411697|[EVENT][SUB][doLoop]event sub tasks report,working event sub count=0,suspend event sub count=0
info|2023-07-10 13:29:03.099586|[SDK][WS][SERVICE]connected nodes,count=2
info|2023-07-10 13:29:03.412406|[EVENT][SUB][doLoop]event sub tasks report,working event sub count=0,suspend event sub count=0
info|2023-07-10 13:29:23.099694|[SDK][WS][SERVICE]connected nodes,count=2
info|2023-07-10 13:29:23.412903|[EVENT][SUB][doLoop]event sub tasks report,working event sub count=0,suspend event sub count=0
info|2023-07-10 13:29:43.099820|[SDK][WS][SERVICE]connected nodes,count=2
info|2023-07-10 13:29:43.413027|[EVENT][SUB][doLoop]event sub tasks report,working event sub count=0,suspend event sub count=0
info|2023-07-10 13:30:03.099941|[SDK][WS][SERVICE]connected nodes,count=2
info|2023-07-10 13:30:03.413731|[EVENT][SUB][doLoop]event sub tasks report,working event sub count=0,suspend event sub count=0
info|2023-07-10 13:30:23.100640|[SDK][WS][SERVICE]connected nodes,count=2
info|2023-07-10 13:30:23.414154|[EVENT][SUB][doLoop]event sub tasks report,working event sub count=0,suspend event sub count=0
info|2023-07-10 13:30:43.101240|[SDK][WS][SERVICE]connected nodes,count=2
info|2023-07-10 13:30:43.414243|[EVENT][SUB][doLoop]event sub tasks report,working event sub count=0,suspend event sub count=0
info|2023-07-10 13:31:03.101608|[SDK][WS][SERVICE]connected nodes,count=2
info|2023-07-10 13:31:03.414439|[EVENT][SUB][doLoop]event sub tasks report,working event sub count=0,suspend event sub count=0
info|2023-07-10 13:31:23.101789|[SDK][WS][SERVICE]connected nodes,count=2
info|2023-07-10 13:31:23.414693|[EVENT][SUB][doLoop]event sub tasks report,working event sub count=0,suspend event sub count=0
info|2023-07-10 13:31:43.102199|[SDK][WS][SERVICE]connected nodes,count=2
info|2023-07-10 13:31:43.414971|[EVENT][SUB][doLoop]event sub tasks report,working event sub count=0,suspend event sub count=0
info|2023-07-10 13:32:03.102946|[SDK][WS][SERVICE]connected nodes,count=2
info|2023-07-10 13:32:03.415370|[EVENT][SUB][doLoop]event sub tasks report,working event sub count=0,suspend event sub count=0
info|2023-07-10 13:32:23.103373|[SDK][WS][SERVICE]connected nodes,count=2
info|2023-07-10 13:32:23.415972|[EVENT][SUB][doLoop]event sub tasks report,working event sub count=0,suspend event sub count=0
info|2023-07-10 13:32:43.103885|[SDK][WS][SERVICE]connected nodes,count=2
info|2023-07-10 13:32:43.416810|[EVENT][SUB][doLoop]event sub tasks report,working event sub count=0,suspend event sub count=0
info|2023-07-10 13:33:03.104109|[SDK][WS][SERVICE]connected nodes,count=2
info|2023-07-10 13:33:03.416932|[EVENT][SUB][doLoop]event sub tasks report,working event sub count=0,suspend event sub count=0
info|2023-07-10 13:33:23.104309|[SDK][WS][SERVICE]connected nodes,count=2
info|2023-07-10 13:33:23.417173|[EVENT][SUB][doLoop]event sub tasks report,working event sub count=0,suspend event sub count=0
info|2023-07-10 13:33:43.104889|[SDK][WS][SERVICE]connected nodes,count=2
info|2023-07-10 13:33:43.417931|[EVENT][SUB][doLoop]event sub tasks report,working event sub count=0,suspend event sub count=0
info|2023-07-10 13:34:03.105362|[SDK][WS][SERVICE]connected nodes,count=2
info|2023-07-10 13:34:03.418306|[EVENT][SUB][doLoop]event sub tasks report,working event sub count=0,suspend event sub count=0
info|2023-07-10 13:34:23.105848|[SDK][WS][SERVICE]connected nodes,count=2
info|2023-07-10 13:34:23.418628|[EVENT][SUB][doLoop]event sub tasks report,working event sub count=0,suspend event sub count=0
info|2023-07-10 13:34:43.106313|[SDK][WS][SERVICE]connected nodes,count=2
info|2023-07-10 13:34:43.419231|[EVENT][SUB][doLoop]event sub tasks report,working event sub count=0,suspend event sub count=0
info|2023-07-10 13:35:03.106459|[SDK][WS][SERVICE]connected nodes,count=2
info|2023-07-10 13:35:03.419367|[EVENT][SUB][doLoop]event sub tasks report,working event sub count=0,suspend event sub count=0
info|2023-07-10 13:35:23.106728|[SDK][WS][SERVICE]connected nodes,count=2
info|2023-07-10 13:35:23.419443|[EVENT][SUB][doLoop]event sub tasks report,working event sub count=0,suspend event sub count=0
info|2023-07-10 13:35:43.107567|[SDK][WS][SERVICE]connected nodes,count=2
info|2023-07-10 13:35:43.419509|[EVENT][SUB][doLoop]event sub tasks report,working event sub count=0,suspend event sub count=0
info|2023-07-10 13:36:03.108133|[SDK][WS][SERVICE]connected nodes,count=2
info|2023-07-10 13:36:03.420142|[EVENT][SUB][doLoop]event sub tasks report,working event sub count=0,suspend event sub count=0
info|2023-07-10 13:36:23.108322|[SDK][WS][SERVICE]connected nodes,count=2
info|2023-07-10 13:36:23.420471|[EVENT][SUB][doLoop]event sub tasks report,working event sub count=0,suspend event sub count=0
info|2023-07-10 13:36:43.109051|[SDK][WS][SERVICE]connected nodes,count=2
info|2023-07-10 13:36:43.420640|[EVENT][SUB][doLoop]event sub tasks report,working event sub count=0,suspend event sub count=0
info|2023-07-10 13:37:03.109271|[SDK][WS][SERVICE]connected nodes,count=2
info|2023-07-10 13:37:03.420757|[EVENT][SUB][doLoop]event sub tasks report,working event sub count=0,suspend event sub count=0
info|2023-07-10 13:37:23.109478|[SDK][WS][SERVICE]connected nodes,count=2
info|2023-07-10 13:37:23.421179|[EVENT][SUB][doLoop]event sub tasks report,working event sub count=0,suspend event sub count=0
info|2023-07-10 13:37:43.110079|[SDK][WS][SERVICE]connected nodes,count=2
info|2023-07-10 13:37:43.421483|[EVENT][SUB][doLoop]event sub tasks report,working event sub count=0,suspend event sub count=0
info|2023-07-10 13:38:03.110483|[SDK][WS][SERVICE]connected nodes,count=2
info|2023-07-10 13:38:03.421794|[EVENT][SUB][doLoop]event sub tasks report,working event sub count=0,suspend event sub count=0
info|2023-07-10 13:38:23.111146|[SDK][WS][SERVICE]connected nodes,count=2
info|2023-07-10 13:38:23.421908|[EVENT][SUB][doLoop]event sub tasks report,working event sub count=0,suspend event sub count=0
info|2023-07-10 13:38:43.111291|[SDK][WS][SERVICE]connected nodes,count=2
info|2023-07-10 13:38:43.422738|[EVENT][SUB][doLoop]event sub tasks report,working event sub count=0,suspend event sub count=0
info|2023-07-10 13:39:03.111749|[SDK][WS][SERVICE]connected nodes,count=2
info|2023-07-10 13:39:03.423153|[EVENT][SUB][doLoop]event sub tasks report,working event sub count=0,suspend event sub count=0
info|2023-07-10 13:39:23.112405|[SDK][WS][SERVICE]connected nodes,count=2
info|2023-07-10 13:39:23.423605|[EVENT][SUB][doLoop]event sub tasks report,working event sub count=0,suspend event sub count=0
info|2023-07-10 13:39:43.112695|[SDK][WS][SERVICE]connected nodes,count=2
info|2023-07-10 13:39:43.423762|[EVENT][SUB][doLoop]event sub tasks report,working event sub count=0,suspend event sub count=0
info|2023-07-10 13:40:03.113371|[SDK][WS][SERVICE]connected nodes,count=2
info|2023-07-10 13:40:03.423891|[EVENT][SUB][doLoop]event sub tasks report,working event sub count=0,suspend event sub count=0
info|2023-07-10 13:40:23.113494|[SDK][WS][SERVICE]connected nodes,count=2
info|2023-07-10 13:40:23.424134|[EVENT][SUB][doLoop]event sub tasks report,working event sub count=0,suspend event sub count=0
info|2023-07-10 13:40:43.113728|[SDK][WS][SERVICE]connected nodes,count=2
info|2023-07-10 13:40:43.424402|[EVENT][SUB][doLoop]event sub tasks report,working event sub count=0,suspend event sub count=0
info|2023-07-10 13:41:03.114014|[SDK][WS][SERVICE]connected nodes,count=2
info|2023-07-10 13:41:03.424566|[EVENT][SUB][doLoop]event sub tasks report,working event sub count=0,suspend event sub count=0
info|2023-07-10 13:41:23.114186|[SDK][WS][SERVICE]connected nodes,count=2
info|2023-07-10 13:41:23.425149|[EVENT][SUB][doLoop]event sub tasks report,working event sub count=0,suspend event sub count=0
info|2023-07-10 13:41:43.114547|[SDK][WS][SERVICE]connected nodes,count=2
info|2023-07-10 13:41:43.425430|[EVENT][SUB][doLoop]event sub tasks report,working event sub count=0,suspend event sub count=0
info|2023-07-10 13:42:03.115377|[SDK][WS][SERVICE]connected nodes,count=2
info|2023-07-10 13:42:03.425553|[EVENT][SUB][doLoop]event sub tasks report,working event sub count=0,suspend event sub count=0
info|2023-07-10 13:42:23.115774|[SDK][WS][SERVICE]connected nodes,count=2
info|2023-07-10 13:42:23.426212|[EVENT][SUB][doLoop]event sub tasks report,working event sub count=0,suspend event sub count=0
info|2023-07-10 13:42:43.116520|[SDK][WS][SERVICE]connected nodes,count=2
info|2023-07-10 13:42:43.426432|[EVENT][SUB][doLoop]event sub tasks report,working event sub count=0,suspend event sub count=0
info|2023-07-10 13:43:03.116715|[SDK][WS][SERVICE]connected nodes,count=2
info|2023-07-10 13:43:03.426815|[EVENT][SUB][doLoop]event sub tasks report,working event sub count=0,suspend event sub count=0
info|2023-07-10 13:43:23.117038|[SDK][WS][SERVICE]connected nodes,count=2
info|2023-07-10 13:43:23.427333|[EVENT][SUB][doLoop]event sub tasks report,working event sub count=0,suspend event sub count=0
info|2023-07-10 13:43:43.117621|[SDK][WS][SERVICE]connected nodes,count=2
info|2023-07-10 13:43:43.427572|[EVENT][SUB][doLoop]event sub tasks report,working event sub count=0,suspend event sub count=0
info|2023-07-10 13:44:03.117983|[SDK][WS][SERVICE]connected nodes,count=2
info|2023-07-10 13:44:03.428102|[EVENT][SUB][doLoop]event sub tasks report,working event sub count=0,suspend event sub count=0
info|2023-07-10 13:44:23.118228|[SDK][WS][SERVICE]connected nodes,count=2
info|2023-07-10 13:44:23.428429|[EVENT][SUB][doLoop]event sub tasks report,working event sub count=0,suspend event sub count=0
info|2023-07-10 13:44:43.118382|[SDK][WS][SERVICE]connected nodes,count=2
info|2023-07-10 13:44:43.428461|[EVENT][SUB][doLoop]event sub tasks report,working event sub count=0,suspend event sub count=0
info|2023-07-10 13:45:03.118742|[SDK][WS][SERVICE]connected nodes,count=2
info|2023-07-10 13:45:03.428557|[EVENT][SUB][doLoop]event sub tasks report,working event sub count=0,suspend event sub count=0
info|2023-07-10 13:45:23.118886|[SDK][WS][SERVICE]connected nodes,count=2
info|2023-07-10 13:45:23.428882|[EVENT][SUB][doLoop]event sub tasks report,working event sub count=0,suspend event sub count=0
info|2023-07-10 13:45:43.119198|[SDK][WS][SERVICE]connected nodes,count=2
info|2023-07-10 13:45:43.428948|[EVENT][SUB][doLoop]event sub tasks report,working event sub count=0,suspend event sub count=0
info|2023-07-10 13:46:03.119551|[SDK][WS][SERVICE]connected nodes,count=2
info|2023-07-10 13:46:03.429064|[EVENT][SUB][doLoop]event sub tasks report,working event sub count=0,suspend event sub count=0
info|2023-07-10 13:46:23.120216|[SDK][WS][SERVICE]connected nodes,count=2
info|2023-07-10 13:46:23.429769|[EVENT][SUB][doLoop]event sub tasks report,working event sub count=0,suspend event sub count=0
info|2023-07-10 13:46:43.120776|[SDK][WS][SERVICE]connected nodes,count=2
info|2023-07-10 13:46:43.430184|[EVENT][SUB][doLoop]event sub tasks report,working event sub count=0,suspend event sub count=0
info|2023-07-10 13:47:03.121517|[SDK][WS][SERVICE]connected nodes,count=2
info|2023-07-10 13:47:03.430431|[EVENT][SUB][doLoop]event sub tasks report,working event sub count=0,suspend event sub count=0
info|2023-07-10 13:47:23.121745|[SDK][WS][SERVICE]connected nodes,count=2
info|2023-07-10 13:47:23.431239|[EVENT][SUB][doLoop]event sub tasks report,working event sub count=0,suspend event sub count=0
info|2023-07-10 13:47:43.122559|[SDK][WS][SERVICE]connected nodes,count=2
info|2023-07-10 13:47:43.431354|[EVENT][SUB][doLoop]event sub tasks report,working event sub count=0,suspend event sub count=0
info|2023-07-10 13:48:03.123045|[SDK][WS][SERVICE]connected nodes,count=2
info|2023-07-10 13:48:03.431771|[EVENT][SUB][doLoop]event sub tasks report,working event sub count=0,suspend event sub count=0
info|2023-07-10 13:48:23.123296|[SDK][WS][SERVICE]connected nodes,count=2
info|2023-07-10 13:48:23.432022|[EVENT][SUB][doLoop]event sub tasks report,working event sub count=0,suspend event sub count=0
info|2023-07-10 13:48:43.123865|[SDK][WS][SERVICE]connected nodes,count=2
info|2023-07-10 13:48:43.432058|[EVENT][SUB][doLoop]event sub tasks report,working event sub count=0,suspend event sub count=0
info|2023-07-10 13:49:03.124062|[SDK][WS][SERVICE]connected nodes,count=2
info|2023-07-10 13:49:03.432677|[EVENT][SUB][doLoop]event sub tasks report,working event sub count=0,suspend event sub count=0
info|2023-07-10 13:49:23.124356|[SDK][WS][SERVICE]connected nodes,count=2
info|2023-07-10 13:49:23.433201|[EVENT][SUB][doLoop]event sub tasks report,working event sub count=0,suspend event sub count=0
info|2023-07-10 13:49:43.124990|[SDK][WS][SERVICE]connected nodes,count=2
info|2023-07-10 13:49:43.433666|[EVENT][SUB][doLoop]event sub tasks report,working event sub count=0,suspend event sub count=0
info|2023-07-10 13:50:03.125487|[SDK][WS][SERVICE]connected nodes,count=2
info|2023-07-10 13:50:03.433974|[EVENT][SUB][doLoop]event sub tasks report,working event sub count=0,suspend event sub count=0
info|2023-07-10 13:50:23.126202|[SDK][WS][SERVICE]connected nodes,count=2
info|2023-07-10 13:50:23.434091|[EVENT][SUB][doLoop]event sub tasks report,working event sub count=0,suspend event sub count=0
info|2023-07-10 13:50:43.126333|[SDK][WS][SERVICE]connected nodes,count=2
info|2023-07-10 13:50:43.434153|[EVENT][SUB][doLoop]event sub tasks report,working event sub count=0,suspend event sub count=0
info|2023-07-10 13:51:03.126921|[SDK][WS][SERVICE]connected nodes,count=2
info|2023-07-10 13:51:03.434354|[EVENT][SUB][doLoop]event sub tasks report,working event sub count=0,suspend event sub count=0
info|2023-07-10 13:51:23.127236|[SDK][WS][SERVICE]connected nodes,count=2
info|2023-07-10 13:51:23.434411|[EVENT][SUB][doLoop]event sub tasks report,working event sub count=0,suspend event sub count=0
info|2023-07-10 13:51:43.127393|[SDK][WS][SERVICE]connected nodes,count=2
info|2023-07-10 13:51:43.434655|[EVENT][SUB][doLoop]event sub tasks report,working event sub count=0,suspend event sub count=0
info|2023-07-10 13:52:03.127581|[SDK][WS][SERVICE]connected nodes,count=2
info|2023-07-10 13:52:03.435386|[EVENT][SUB][doLoop]event sub tasks report,working event sub count=0,suspend event sub count=0
info|2023-07-10 13:52:23.128269|[SDK][WS][SERVICE]connected nodes,count=2
info|2023-07-10 13:52:23.435795|[EVENT][SUB][doLoop]event sub tasks report,working event sub count=0,suspend event sub count=0
info|2023-07-10 13:52:43.128482|[SDK][WS][SERVICE]connected nodes,count=2
info|2023-07-10 13:52:43.436147|[EVENT][SUB][doLoop]event sub tasks report,working event sub count=0,suspend event sub count=0
info|2023-07-10 13:53:03.129184|[SDK][WS][SERVICE]connected nodes,count=2
info|2023-07-10 13:53:03.436519|[EVENT][SUB][doLoop]event sub tasks report,working event sub count=0,suspend event sub count=0
info|2023-07-10 13:53:23.129755|[SDK][WS][SERVICE]connected nodes,count=2
info|2023-07-10 13:53:23.436748|[EVENT][SUB][doLoop]event sub tasks report,working event sub count=0,suspend event sub count=0
info|2023-07-10 13:53:43.129862|[SDK][WS][SERVICE]connected nodes,count=2
info|2023-07-10 13:53:43.437197|[EVENT][SUB][doLoop]event sub tasks report,working event sub count=0,suspend event sub count=0
info|2023-07-10 13:54:03.130169|[SDK][WS][SERVICE]connected nodes,count=2
info|2023-07-10 13:54:03.437763|[EVENT][SUB][doLoop]event sub tasks report,working event sub count=0,suspend event sub count=0
info|2023-07-10 13:54:23.130391|[SDK][WS][SERVICE]connected nodes,count=2
info|2023-07-10 13:54:23.438475|[EVENT][SUB][doLoop]event sub tasks report,working event sub count=0,suspend event sub count=0
info|2023-07-10 13:54:43.131029|[SDK][WS][SERVICE]connected nodes,count=2
info|2023-07-10 13:54:43.438729|[EVENT][SUB][doLoop]event sub tasks report,working event sub count=0,suspend event sub count=0
info|2023-07-10 13:55:03.131696|[SDK][WS][SERVICE]connected nodes,count=2
info|2023-07-10 13:55:03.439246|[EVENT][SUB][doLoop]event sub tasks report,working event sub count=0,suspend event sub count=0
info|2023-07-10 13:55:23.131998|[SDK][WS][SERVICE]connected nodes,count=2
info|2023-07-10 13:55:23.439850|[EVENT][SUB][doLoop]event sub tasks report,working event sub count=0,suspend event sub count=0
info|2023-07-10 13:55:43.132268|[SDK][WS][SERVICE]connected nodes,count=2
info|2023-07-10 13:55:43.440032|[EVENT][SUB][doLoop]event sub tasks report,working event sub count=0,suspend event sub count=0
info|2023-07-10 13:56:03.132429|[SDK][WS][SERVICE]connected nodes,count=2
info|2023-07-10 13:56:03.440481|[EVENT][SUB][doLoop]event sub tasks report,working event sub count=0,suspend event sub count=0
info|2023-07-10 13:56:23.132791|[SDK][WS][SERVICE]connected nodes,count=2
info|2023-07-10 13:56:23.440949|[EVENT][SUB][doLoop]event sub tasks report,working event sub count=0,suspend event sub count=0
info|2023-07-10 13:56:43.133261|[SDK][WS][SERVICE]connected nodes,count=2
info|2023-07-10 13:56:43.441492|[EVENT][SUB][doLoop]event sub tasks report,working event sub count=0,suspend event sub count=0
info|2023-07-10 13:57:03.133427|[SDK][WS][SERVICE]connected nodes,count=2
info|2023-07-10 13:57:03.441948|[EVENT][SUB][doLoop]event sub tasks report,working event sub count=0,suspend event sub count=0
info|2023-07-10 13:57:23.133584|[SDK][WS][SERVICE]connected nodes,count=2
info|2023-07-10 13:57:23.442032|[EVENT][SUB][doLoop]event sub tasks report,working event sub count=0,suspend event sub count=0
info|2023-07-10 13:57:43.133856|[SDK][WS][SERVICE]connected nodes,count=2
info|2023-07-10 13:57:43.442136|[EVENT][SUB][doLoop]event sub tasks report,working event sub count=0,suspend event sub count=0
info|2023-07-10 13:58:03.134246|[SDK][WS][SERVICE]connected nodes,count=2
info|2023-07-10 13:58:03.442528|[EVENT][SUB][doLoop]event sub tasks report,working event sub count=0,suspend event sub count=0
info|2023-07-10 13:58:23.134583|[SDK][WS][SERVICE]connected nodes,count=2
info|2023-07-10 13:58:23.442707|[EVENT][SUB][doLoop]event sub tasks report,working event sub count=0,suspend event sub count=0
info|2023-07-10 13:58:43.134928|[SDK][WS][SERVICE]connected nodes,count=2
info|2023-07-10 13:58:43.442802|[EVENT][SUB][doLoop]event sub tasks report,working event sub count=0,suspend event sub count=0
info|2023-07-10 13:59:03.135453|[SDK][WS][SERVICE]connected nodes,count=2
info|2023-07-10 13:59:03.442954|[EVENT][SUB][doLoop]event sub tasks report,working event sub count=0,suspend event sub count=0
info|2023-07-10 13:59:23.135596|[SDK][WS][SERVICE]connected nodes,count=2
info|2023-07-10 13:59:23.443672|[EVENT][SUB][doLoop]event sub tasks report,working event sub count=0,suspend event sub count=0
info|2023-07-10 13:59:43.135753|[SDK][WS][SERVICE]connected nodes,count=2
info|2023-07-10 13:59:43.443994|[EVENT][SUB][doLoop]event sub tasks report,working event sub count=0,suspend event sub count=0
