info|2023-07-05 22:00:08.583382|[SDK][WS][SERVICE]connected nodes,count=2
info|2023-07-05 22:00:08.858968|[EVENT][SUB][doLoop]event sub tasks report,working event sub count=0,suspend event sub count=0
info|2023-07-05 22:00:28.583930|[SDK][WS][SERVICE]connected nodes,count=2
info|2023-07-05 22:00:28.859413|[EVENT][SUB][doLoop]event sub tasks report,working event sub count=0,suspend event sub count=0
info|2023-07-05 22:00:48.584349|[SDK][WS][SERVICE]connected nodes,count=2
info|2023-07-05 22:00:48.859687|[EVENT][SUB][doLoop]event sub tasks report,working event sub count=0,suspend event sub count=0
info|2023-07-05 22:01:08.585083|[SDK][WS][SERVICE]connected nodes,count=2
info|2023-07-05 22:01:08.859748|[EVENT][SUB][doLoop]event sub tasks report,working event sub count=0,suspend event sub count=0
info|2023-07-05 22:01:28.585432|[SDK][WS][SERVICE]connected nodes,count=2
info|2023-07-05 22:01:28.859920|[EVENT][SUB][doLoop]event sub tasks report,working event sub count=0,suspend event sub count=0
info|2023-07-05 22:01:34.026160|[RPC][BLOCK][NUMBER][fromJson],group=group0,node=2f993327933ad58672518b6d4f63920cbc68b80f78f4d81192552ee6362f5cc81ee13bdc678ad65f06e76444cadb53b33694cfb3fc7679b8000411975fedd28a,blockNumber=647
info|2023-07-05 22:01:34.026179|[RPCWS][SERVICE][onRecvBlockNotifier]receive block number notifier,group=group0,node=2f993327933ad58672518b6d4f63920cbc68b80f78f4d81192552ee6362f5cc81ee13bdc678ad65f06e76444cadb53b33694cfb3fc7679b8000411975fedd28a,blockNumber=647
info|2023-07-05 22:01:34.026210|[RPCWS][SERVICE][updateGroupBlockNumber],groupID=group0,_blockNumber=647
info|2023-07-05 22:01:34.026215|[RPCWS][SERVICE][onRecvBlockNotifier]block notifier callback,group=group0,node=2f993327933ad58672518b6d4f63920cbc68b80f78f4d81192552ee6362f5cc81ee13bdc678ad65f06e76444cadb53b33694cfb3fc7679b8000411975fedd28a,blockNumber=647
info|2023-07-05 22:01:34.026218|[WS]receive block notify,endpoint=127.0.0.1:20201,blk={
	"blockNumber" : 647,
	"group" : "group0",
	"nodeName" : "2f993327933ad58672518b6d4f63920cbc68b80f78f4d81192552ee6362f5cc81ee13bdc678ad65f06e76444cadb53b33694cfb3fc7679b8000411975fedd28a"
}
info|2023-07-05 22:01:34.026974|[RPC][BLOCK][NUMBER][fromJson],group=group0,node=98a7f70ec883a722219d92253cf073a72605f4087aa3443c8e4aadc0af2dc3ac647d0fa1b5ac99cd6987abafe6d690ae71cd5fd2aeeabe7589bfb4748aabdfba,blockNumber=647
info|2023-07-05 22:01:34.027010|[RPCWS][SERVICE][onRecvBlockNotifier]receive block number notifier,group=group0,node=98a7f70ec883a722219d92253cf073a72605f4087aa3443c8e4aadc0af2dc3ac647d0fa1b5ac99cd6987abafe6d690ae71cd5fd2aeeabe7589bfb4748aabdfba,blockNumber=647
info|2023-07-05 22:01:34.027017|[WS]receive block notify,endpoint=127.0.0.1:20200,blk={
	"blockNumber" : 647,
	"group" : "group0",
	"nodeName" : "98a7f70ec883a722219d92253cf073a72605f4087aa3443c8e4aadc0af2dc3ac647d0fa1b5ac99cd6987abafe6d690ae71cd5fd2aeeabe7589bfb4748aabdfba"
}
info|2023-07-05 22:01:34.622846|[RPC][BLOCK][NUMBER][fromJson],group=group0,node=2f993327933ad58672518b6d4f63920cbc68b80f78f4d81192552ee6362f5cc81ee13bdc678ad65f06e76444cadb53b33694cfb3fc7679b8000411975fedd28a,blockNumber=648
info|2023-07-05 22:01:34.622887|[RPCWS][SERVICE][onRecvBlockNotifier]receive block number notifier,group=group0,node=2f993327933ad58672518b6d4f63920cbc68b80f78f4d81192552ee6362f5cc81ee13bdc678ad65f06e76444cadb53b33694cfb3fc7679b8000411975fedd28a,blockNumber=648
info|2023-07-05 22:01:34.622898|[RPCWS][SERVICE][updateGroupBlockNumber],groupID=group0,_blockNumber=648
info|2023-07-05 22:01:34.622950|[RPCWS][SERVICE][onRecvBlockNotifier]block notifier callback,group=group0,node=2f993327933ad58672518b6d4f63920cbc68b80f78f4d81192552ee6362f5cc81ee13bdc678ad65f06e76444cadb53b33694cfb3fc7679b8000411975fedd28a,blockNumber=648
info|2023-07-05 22:01:34.622961|[WS]receive block notify,endpoint=127.0.0.1:20201,blk={
	"blockNumber" : 648,
	"group" : "group0",
	"nodeName" : "2f993327933ad58672518b6d4f63920cbc68b80f78f4d81192552ee6362f5cc81ee13bdc678ad65f06e76444cadb53b33694cfb3fc7679b8000411975fedd28a"
}
info|2023-07-05 22:01:34.633866|[RPC][BLOCK][NUMBER][fromJson],group=group0,node=98a7f70ec883a722219d92253cf073a72605f4087aa3443c8e4aadc0af2dc3ac647d0fa1b5ac99cd6987abafe6d690ae71cd5fd2aeeabe7589bfb4748aabdfba,blockNumber=648
info|2023-07-05 22:01:34.633895|[RPCWS][SERVICE][onRecvBlockNotifier]receive block number notifier,group=group0,node=98a7f70ec883a722219d92253cf073a72605f4087aa3443c8e4aadc0af2dc3ac647d0fa1b5ac99cd6987abafe6d690ae71cd5fd2aeeabe7589bfb4748aabdfba,blockNumber=648
info|2023-07-05 22:01:34.633905|[WS]receive block notify,endpoint=127.0.0.1:20200,blk={
	"blockNumber" : 648,
	"group" : "group0",
	"nodeName" : "98a7f70ec883a722219d92253cf073a72605f4087aa3443c8e4aadc0af2dc3ac647d0fa1b5ac99cd6987abafe6d690ae71cd5fd2aeeabe7589bfb4748aabdfba"
}
info|2023-07-05 22:01:35.129411|[RPC][BLOCK][NUMBER][fromJson],group=group0,node=98a7f70ec883a722219d92253cf073a72605f4087aa3443c8e4aadc0af2dc3ac647d0fa1b5ac99cd6987abafe6d690ae71cd5fd2aeeabe7589bfb4748aabdfba,blockNumber=649
info|2023-07-05 22:01:35.129440|[RPCWS][SERVICE][onRecvBlockNotifier]receive block number notifier,group=group0,node=98a7f70ec883a722219d92253cf073a72605f4087aa3443c8e4aadc0af2dc3ac647d0fa1b5ac99cd6987abafe6d690ae71cd5fd2aeeabe7589bfb4748aabdfba,blockNumber=649
info|2023-07-05 22:01:35.129448|[RPCWS][SERVICE][updateGroupBlockNumber],groupID=group0,_blockNumber=649
info|2023-07-05 22:01:35.129455|[RPCWS][SERVICE][onRecvBlockNotifier]block notifier callback,group=group0,node=98a7f70ec883a722219d92253cf073a72605f4087aa3443c8e4aadc0af2dc3ac647d0fa1b5ac99cd6987abafe6d690ae71cd5fd2aeeabe7589bfb4748aabdfba,blockNumber=649
info|2023-07-05 22:01:35.129460|[WS]receive block notify,endpoint=127.0.0.1:20200,blk={
	"blockNumber" : 649,
	"group" : "group0",
	"nodeName" : "98a7f70ec883a722219d92253cf073a72605f4087aa3443c8e4aadc0af2dc3ac647d0fa1b5ac99cd6987abafe6d690ae71cd5fd2aeeabe7589bfb4748aabdfba"
}
info|2023-07-05 22:01:35.137291|[RPC][BLOCK][NUMBER][fromJson],group=group0,node=2f993327933ad58672518b6d4f63920cbc68b80f78f4d81192552ee6362f5cc81ee13bdc678ad65f06e76444cadb53b33694cfb3fc7679b8000411975fedd28a,blockNumber=649
info|2023-07-05 22:01:35.137316|[RPCWS][SERVICE][onRecvBlockNotifier]receive block number notifier,group=group0,node=2f993327933ad58672518b6d4f63920cbc68b80f78f4d81192552ee6362f5cc81ee13bdc678ad65f06e76444cadb53b33694cfb3fc7679b8000411975fedd28a,blockNumber=649
info|2023-07-05 22:01:35.137325|[WS]receive block notify,endpoint=127.0.0.1:20201,blk={
	"blockNumber" : 649,
	"group" : "group0",
	"nodeName" : "2f993327933ad58672518b6d4f63920cbc68b80f78f4d81192552ee6362f5cc81ee13bdc678ad65f06e76444cadb53b33694cfb3fc7679b8000411975fedd28a"
}
info|2023-07-05 22:01:35.661862|[RPC][BLOCK][NUMBER][fromJson],group=group0,node=2f993327933ad58672518b6d4f63920cbc68b80f78f4d81192552ee6362f5cc81ee13bdc678ad65f06e76444cadb53b33694cfb3fc7679b8000411975fedd28a,blockNumber=650
info|2023-07-05 22:01:35.661890|[RPCWS][SERVICE][onRecvBlockNotifier]receive block number notifier,group=group0,node=2f993327933ad58672518b6d4f63920cbc68b80f78f4d81192552ee6362f5cc81ee13bdc678ad65f06e76444cadb53b33694cfb3fc7679b8000411975fedd28a,blockNumber=650
info|2023-07-05 22:01:35.661897|[RPCWS][SERVICE][updateGroupBlockNumber],groupID=group0,_blockNumber=650
info|2023-07-05 22:01:35.661903|[RPCWS][SERVICE][onRecvBlockNotifier]block notifier callback,group=group0,node=2f993327933ad58672518b6d4f63920cbc68b80f78f4d81192552ee6362f5cc81ee13bdc678ad65f06e76444cadb53b33694cfb3fc7679b8000411975fedd28a,blockNumber=650
info|2023-07-05 22:01:35.661909|[WS]receive block notify,endpoint=127.0.0.1:20201,blk={
	"blockNumber" : 650,
	"group" : "group0",
	"nodeName" : "2f993327933ad58672518b6d4f63920cbc68b80f78f4d81192552ee6362f5cc81ee13bdc678ad65f06e76444cadb53b33694cfb3fc7679b8000411975fedd28a"
}
info|2023-07-05 22:01:35.724494|[RPC][BLOCK][NUMBER][fromJson],group=group0,node=98a7f70ec883a722219d92253cf073a72605f4087aa3443c8e4aadc0af2dc3ac647d0fa1b5ac99cd6987abafe6d690ae71cd5fd2aeeabe7589bfb4748aabdfba,blockNumber=650
info|2023-07-05 22:01:35.724553|[RPCWS][SERVICE][onRecvBlockNotifier]receive block number notifier,group=group0,node=98a7f70ec883a722219d92253cf073a72605f4087aa3443c8e4aadc0af2dc3ac647d0fa1b5ac99cd6987abafe6d690ae71cd5fd2aeeabe7589bfb4748aabdfba,blockNumber=650
info|2023-07-05 22:01:35.724575|[WS]receive block notify,endpoint=127.0.0.1:20200,blk={
	"blockNumber" : 650,
	"group" : "group0",
	"nodeName" : "98a7f70ec883a722219d92253cf073a72605f4087aa3443c8e4aadc0af2dc3ac647d0fa1b5ac99cd6987abafe6d690ae71cd5fd2aeeabe7589bfb4748aabdfba"
}
info|2023-07-05 22:01:36.266065|[RPC][BLOCK][NUMBER][fromJson],group=group0,node=98a7f70ec883a722219d92253cf073a72605f4087aa3443c8e4aadc0af2dc3ac647d0fa1b5ac99cd6987abafe6d690ae71cd5fd2aeeabe7589bfb4748aabdfba,blockNumber=651
info|2023-07-05 22:01:36.266088|[RPCWS][SERVICE][onRecvBlockNotifier]receive block number notifier,group=group0,node=98a7f70ec883a722219d92253cf073a72605f4087aa3443c8e4aadc0af2dc3ac647d0fa1b5ac99cd6987abafe6d690ae71cd5fd2aeeabe7589bfb4748aabdfba,blockNumber=651
info|2023-07-05 22:01:36.266094|[RPCWS][SERVICE][updateGroupBlockNumber],groupID=group0,_blockNumber=651
info|2023-07-05 22:01:36.266099|[RPCWS][SERVICE][onRecvBlockNotifier]block notifier callback,group=group0,node=98a7f70ec883a722219d92253cf073a72605f4087aa3443c8e4aadc0af2dc3ac647d0fa1b5ac99cd6987abafe6d690ae71cd5fd2aeeabe7589bfb4748aabdfba,blockNumber=651
info|2023-07-05 22:01:36.266102|[WS]receive block notify,endpoint=127.0.0.1:20200,blk={
	"blockNumber" : 651,
	"group" : "group0",
	"nodeName" : "98a7f70ec883a722219d92253cf073a72605f4087aa3443c8e4aadc0af2dc3ac647d0fa1b5ac99cd6987abafe6d690ae71cd5fd2aeeabe7589bfb4748aabdfba"
}
info|2023-07-05 22:01:36.271053|[RPC][BLOCK][NUMBER][fromJson],group=group0,node=2f993327933ad58672518b6d4f63920cbc68b80f78f4d81192552ee6362f5cc81ee13bdc678ad65f06e76444cadb53b33694cfb3fc7679b8000411975fedd28a,blockNumber=651
info|2023-07-05 22:01:36.271078|[RPCWS][SERVICE][onRecvBlockNotifier]receive block number notifier,group=group0,node=2f993327933ad58672518b6d4f63920cbc68b80f78f4d81192552ee6362f5cc81ee13bdc678ad65f06e76444cadb53b33694cfb3fc7679b8000411975fedd28a,blockNumber=651
info|2023-07-05 22:01:36.271086|[WS]receive block notify,endpoint=127.0.0.1:20201,blk={
	"blockNumber" : 651,
	"group" : "group0",
	"nodeName" : "2f993327933ad58672518b6d4f63920cbc68b80f78f4d81192552ee6362f5cc81ee13bdc678ad65f06e76444cadb53b33694cfb3fc7679b8000411975fedd28a"
}
info|2023-07-05 22:01:36.853898|[RPC][BLOCK][NUMBER][fromJson],group=group0,node=2f993327933ad58672518b6d4f63920cbc68b80f78f4d81192552ee6362f5cc81ee13bdc678ad65f06e76444cadb53b33694cfb3fc7679b8000411975fedd28a,blockNumber=652
info|2023-07-05 22:01:36.853946|[RPCWS][SERVICE][onRecvBlockNotifier]receive block number notifier,group=group0,node=2f993327933ad58672518b6d4f63920cbc68b80f78f4d81192552ee6362f5cc81ee13bdc678ad65f06e76444cadb53b33694cfb3fc7679b8000411975fedd28a,blockNumber=652
info|2023-07-05 22:01:36.853954|[RPCWS][SERVICE][updateGroupBlockNumber],groupID=group0,_blockNumber=652
info|2023-07-05 22:01:36.853959|[RPCWS][SERVICE][onRecvBlockNotifier]block notifier callback,group=group0,node=2f993327933ad58672518b6d4f63920cbc68b80f78f4d81192552ee6362f5cc81ee13bdc678ad65f06e76444cadb53b33694cfb3fc7679b8000411975fedd28a,blockNumber=652
info|2023-07-05 22:01:36.853965|[WS]receive block notify,endpoint=127.0.0.1:20201,blk={
	"blockNumber" : 652,
	"group" : "group0",
	"nodeName" : "2f993327933ad58672518b6d4f63920cbc68b80f78f4d81192552ee6362f5cc81ee13bdc678ad65f06e76444cadb53b33694cfb3fc7679b8000411975fedd28a"
}
info|2023-07-05 22:01:36.881487|[RPC][BLOCK][NUMBER][fromJson],group=group0,node=98a7f70ec883a722219d92253cf073a72605f4087aa3443c8e4aadc0af2dc3ac647d0fa1b5ac99cd6987abafe6d690ae71cd5fd2aeeabe7589bfb4748aabdfba,blockNumber=652
info|2023-07-05 22:01:36.881537|[RPCWS][SERVICE][onRecvBlockNotifier]receive block number notifier,group=group0,node=98a7f70ec883a722219d92253cf073a72605f4087aa3443c8e4aadc0af2dc3ac647d0fa1b5ac99cd6987abafe6d690ae71cd5fd2aeeabe7589bfb4748aabdfba,blockNumber=652
info|2023-07-05 22:01:36.881553|[WS]receive block notify,endpoint=127.0.0.1:20200,blk={
	"blockNumber" : 652,
	"group" : "group0",
	"nodeName" : "98a7f70ec883a722219d92253cf073a72605f4087aa3443c8e4aadc0af2dc3ac647d0fa1b5ac99cd6987abafe6d690ae71cd5fd2aeeabe7589bfb4748aabdfba"
}
info|2023-07-05 22:01:37.416011|[RPC][BLOCK][NUMBER][fromJson],group=group0,node=2f993327933ad58672518b6d4f63920cbc68b80f78f4d81192552ee6362f5cc81ee13bdc678ad65f06e76444cadb53b33694cfb3fc7679b8000411975fedd28a,blockNumber=653
info|2023-07-05 22:01:37.416036|[RPCWS][SERVICE][onRecvBlockNotifier]receive block number notifier,group=group0,node=2f993327933ad58672518b6d4f63920cbc68b80f78f4d81192552ee6362f5cc81ee13bdc678ad65f06e76444cadb53b33694cfb3fc7679b8000411975fedd28a,blockNumber=653
info|2023-07-05 22:01:37.416044|[RPCWS][SERVICE][updateGroupBlockNumber],groupID=group0,_blockNumber=653
info|2023-07-05 22:01:37.416050|[RPCWS][SERVICE][onRecvBlockNotifier]block notifier callback,group=group0,node=2f993327933ad58672518b6d4f63920cbc68b80f78f4d81192552ee6362f5cc81ee13bdc678ad65f06e76444cadb53b33694cfb3fc7679b8000411975fedd28a,blockNumber=653
info|2023-07-05 22:01:37.416055|[WS]receive block notify,endpoint=127.0.0.1:20201,blk={
	"blockNumber" : 653,
	"group" : "group0",
	"nodeName" : "2f993327933ad58672518b6d4f63920cbc68b80f78f4d81192552ee6362f5cc81ee13bdc678ad65f06e76444cadb53b33694cfb3fc7679b8000411975fedd28a"
}
info|2023-07-05 22:01:37.426272|[RPC][BLOCK][NUMBER][fromJson],group=group0,node=98a7f70ec883a722219d92253cf073a72605f4087aa3443c8e4aadc0af2dc3ac647d0fa1b5ac99cd6987abafe6d690ae71cd5fd2aeeabe7589bfb4748aabdfba,blockNumber=653
info|2023-07-05 22:01:37.426302|[RPCWS][SERVICE][onRecvBlockNotifier]receive block number notifier,group=group0,node=98a7f70ec883a722219d92253cf073a72605f4087aa3443c8e4aadc0af2dc3ac647d0fa1b5ac99cd6987abafe6d690ae71cd5fd2aeeabe7589bfb4748aabdfba,blockNumber=653
info|2023-07-05 22:01:37.426310|[WS]receive block notify,endpoint=127.0.0.1:20200,blk={
	"blockNumber" : 653,
	"group" : "group0",
	"nodeName" : "98a7f70ec883a722219d92253cf073a72605f4087aa3443c8e4aadc0af2dc3ac647d0fa1b5ac99cd6987abafe6d690ae71cd5fd2aeeabe7589bfb4748aabdfba"
}
info|2023-07-05 22:01:37.991926|[RPC][BLOCK][NUMBER][fromJson],group=group0,node=2f993327933ad58672518b6d4f63920cbc68b80f78f4d81192552ee6362f5cc81ee13bdc678ad65f06e76444cadb53b33694cfb3fc7679b8000411975fedd28a,blockNumber=654
info|2023-07-05 22:01:37.992201|[RPCWS][SERVICE][onRecvBlockNotifier]receive block number notifier,group=group0,node=2f993327933ad58672518b6d4f63920cbc68b80f78f4d81192552ee6362f5cc81ee13bdc678ad65f06e76444cadb53b33694cfb3fc7679b8000411975fedd28a,blockNumber=654
info|2023-07-05 22:01:37.992228|[RPCWS][SERVICE][updateGroupBlockNumber],groupID=group0,_blockNumber=654
info|2023-07-05 22:01:37.992243|[RPCWS][SERVICE][onRecvBlockNotifier]block notifier callback,group=group0,node=2f993327933ad58672518b6d4f63920cbc68b80f78f4d81192552ee6362f5cc81ee13bdc678ad65f06e76444cadb53b33694cfb3fc7679b8000411975fedd28a,blockNumber=654
info|2023-07-05 22:01:37.992255|[WS]receive block notify,endpoint=127.0.0.1:20201,blk={
	"blockNumber" : 654,
	"group" : "group0",
	"nodeName" : "2f993327933ad58672518b6d4f63920cbc68b80f78f4d81192552ee6362f5cc81ee13bdc678ad65f06e76444cadb53b33694cfb3fc7679b8000411975fedd28a"
}
info|2023-07-05 22:01:38.007850|[RPC][BLOCK][NUMBER][fromJson],group=group0,node=98a7f70ec883a722219d92253cf073a72605f4087aa3443c8e4aadc0af2dc3ac647d0fa1b5ac99cd6987abafe6d690ae71cd5fd2aeeabe7589bfb4748aabdfba,blockNumber=654
info|2023-07-05 22:01:38.007892|[RPCWS][SERVICE][onRecvBlockNotifier]receive block number notifier,group=group0,node=98a7f70ec883a722219d92253cf073a72605f4087aa3443c8e4aadc0af2dc3ac647d0fa1b5ac99cd6987abafe6d690ae71cd5fd2aeeabe7589bfb4748aabdfba,blockNumber=654
info|2023-07-05 22:01:38.007906|[WS]receive block notify,endpoint=127.0.0.1:20200,blk={
	"blockNumber" : 654,
	"group" : "group0",
	"nodeName" : "98a7f70ec883a722219d92253cf073a72605f4087aa3443c8e4aadc0af2dc3ac647d0fa1b5ac99cd6987abafe6d690ae71cd5fd2aeeabe7589bfb4748aabdfba"
}
info|2023-07-05 22:01:38.560231|[RPC][BLOCK][NUMBER][fromJson],group=group0,node=2f993327933ad58672518b6d4f63920cbc68b80f78f4d81192552ee6362f5cc81ee13bdc678ad65f06e76444cadb53b33694cfb3fc7679b8000411975fedd28a,blockNumber=655
info|2023-07-05 22:01:38.560259|[RPCWS][SERVICE][onRecvBlockNotifier]receive block number notifier,group=group0,node=2f993327933ad58672518b6d4f63920cbc68b80f78f4d81192552ee6362f5cc81ee13bdc678ad65f06e76444cadb53b33694cfb3fc7679b8000411975fedd28a,blockNumber=655
info|2023-07-05 22:01:38.560266|[RPCWS][SERVICE][updateGroupBlockNumber],groupID=group0,_blockNumber=655
info|2023-07-05 22:01:38.560272|[RPCWS][SERVICE][onRecvBlockNotifier]block notifier callback,group=group0,node=2f993327933ad58672518b6d4f63920cbc68b80f78f4d81192552ee6362f5cc81ee13bdc678ad65f06e76444cadb53b33694cfb3fc7679b8000411975fedd28a,blockNumber=655
info|2023-07-05 22:01:38.560277|[WS]receive block notify,endpoint=127.0.0.1:20201,blk={
	"blockNumber" : 655,
	"group" : "group0",
	"nodeName" : "2f993327933ad58672518b6d4f63920cbc68b80f78f4d81192552ee6362f5cc81ee13bdc678ad65f06e76444cadb53b33694cfb3fc7679b8000411975fedd28a"
}
info|2023-07-05 22:01:38.563403|[RPC][BLOCK][NUMBER][fromJson],group=group0,node=98a7f70ec883a722219d92253cf073a72605f4087aa3443c8e4aadc0af2dc3ac647d0fa1b5ac99cd6987abafe6d690ae71cd5fd2aeeabe7589bfb4748aabdfba,blockNumber=655
info|2023-07-05 22:01:38.563427|[RPCWS][SERVICE][onRecvBlockNotifier]receive block number notifier,group=group0,node=98a7f70ec883a722219d92253cf073a72605f4087aa3443c8e4aadc0af2dc3ac647d0fa1b5ac99cd6987abafe6d690ae71cd5fd2aeeabe7589bfb4748aabdfba,blockNumber=655
info|2023-07-05 22:01:38.563436|[WS]receive block notify,endpoint=127.0.0.1:20200,blk={
	"blockNumber" : 655,
	"group" : "group0",
	"nodeName" : "98a7f70ec883a722219d92253cf073a72605f4087aa3443c8e4aadc0af2dc3ac647d0fa1b5ac99cd6987abafe6d690ae71cd5fd2aeeabe7589bfb4748aabdfba"
}
info|2023-07-05 22:01:39.123743|[RPC][BLOCK][NUMBER][fromJson],group=group0,node=98a7f70ec883a722219d92253cf073a72605f4087aa3443c8e4aadc0af2dc3ac647d0fa1b5ac99cd6987abafe6d690ae71cd5fd2aeeabe7589bfb4748aabdfba,blockNumber=656
info|2023-07-05 22:01:39.123770|[RPCWS][SERVICE][onRecvBlockNotifier]receive block number notifier,group=group0,node=98a7f70ec883a722219d92253cf073a72605f4087aa3443c8e4aadc0af2dc3ac647d0fa1b5ac99cd6987abafe6d690ae71cd5fd2aeeabe7589bfb4748aabdfba,blockNumber=656
info|2023-07-05 22:01:39.123777|[RPCWS][SERVICE][updateGroupBlockNumber],groupID=group0,_blockNumber=656
info|2023-07-05 22:01:39.123782|[RPCWS][SERVICE][onRecvBlockNotifier]block notifier callback,group=group0,node=98a7f70ec883a722219d92253cf073a72605f4087aa3443c8e4aadc0af2dc3ac647d0fa1b5ac99cd6987abafe6d690ae71cd5fd2aeeabe7589bfb4748aabdfba,blockNumber=656
info|2023-07-05 22:01:39.123787|[WS]receive block notify,endpoint=127.0.0.1:20200,blk={
	"blockNumber" : 656,
	"group" : "group0",
	"nodeName" : "98a7f70ec883a722219d92253cf073a72605f4087aa3443c8e4aadc0af2dc3ac647d0fa1b5ac99cd6987abafe6d690ae71cd5fd2aeeabe7589bfb4748aabdfba"
}
info|2023-07-05 22:01:39.137602|[RPC][BLOCK][NUMBER][fromJson],group=group0,node=2f993327933ad58672518b6d4f63920cbc68b80f78f4d81192552ee6362f5cc81ee13bdc678ad65f06e76444cadb53b33694cfb3fc7679b8000411975fedd28a,blockNumber=656
info|2023-07-05 22:01:39.137627|[RPCWS][SERVICE][onRecvBlockNotifier]receive block number notifier,group=group0,node=2f993327933ad58672518b6d4f63920cbc68b80f78f4d81192552ee6362f5cc81ee13bdc678ad65f06e76444cadb53b33694cfb3fc7679b8000411975fedd28a,blockNumber=656
info|2023-07-05 22:01:39.137635|[WS]receive block notify,endpoint=127.0.0.1:20201,blk={
	"blockNumber" : 656,
	"group" : "group0",
	"nodeName" : "2f993327933ad58672518b6d4f63920cbc68b80f78f4d81192552ee6362f5cc81ee13bdc678ad65f06e76444cadb53b33694cfb3fc7679b8000411975fedd28a"
}
info|2023-07-05 22:01:39.704389|[RPC][BLOCK][NUMBER][fromJson],group=group0,node=98a7f70ec883a722219d92253cf073a72605f4087aa3443c8e4aadc0af2dc3ac647d0fa1b5ac99cd6987abafe6d690ae71cd5fd2aeeabe7589bfb4748aabdfba,blockNumber=657
info|2023-07-05 22:01:39.704413|[RPCWS][SERVICE][onRecvBlockNotifier]receive block number notifier,group=group0,node=98a7f70ec883a722219d92253cf073a72605f4087aa3443c8e4aadc0af2dc3ac647d0fa1b5ac99cd6987abafe6d690ae71cd5fd2aeeabe7589bfb4748aabdfba,blockNumber=657
info|2023-07-05 22:01:39.704420|[RPCWS][SERVICE][updateGroupBlockNumber],groupID=group0,_blockNumber=657
info|2023-07-05 22:01:39.704426|[RPCWS][SERVICE][onRecvBlockNotifier]block notifier callback,group=group0,node=98a7f70ec883a722219d92253cf073a72605f4087aa3443c8e4aadc0af2dc3ac647d0fa1b5ac99cd6987abafe6d690ae71cd5fd2aeeabe7589bfb4748aabdfba,blockNumber=657
info|2023-07-05 22:01:39.704430|[WS]receive block notify,endpoint=127.0.0.1:20200,blk={
	"blockNumber" : 657,
	"group" : "group0",
	"nodeName" : "98a7f70ec883a722219d92253cf073a72605f4087aa3443c8e4aadc0af2dc3ac647d0fa1b5ac99cd6987abafe6d690ae71cd5fd2aeeabe7589bfb4748aabdfba"
}
info|2023-07-05 22:01:39.706853|[RPC][BLOCK][NUMBER][fromJson],group=group0,node=2f993327933ad58672518b6d4f63920cbc68b80f78f4d81192552ee6362f5cc81ee13bdc678ad65f06e76444cadb53b33694cfb3fc7679b8000411975fedd28a,blockNumber=657
info|2023-07-05 22:01:39.706876|[RPCWS][SERVICE][onRecvBlockNotifier]receive block number notifier,group=group0,node=2f993327933ad58672518b6d4f63920cbc68b80f78f4d81192552ee6362f5cc81ee13bdc678ad65f06e76444cadb53b33694cfb3fc7679b8000411975fedd28a,blockNumber=657
info|2023-07-05 22:01:39.706885|[WS]receive block notify,endpoint=127.0.0.1:20201,blk={
	"blockNumber" : 657,
	"group" : "group0",
	"nodeName" : "2f993327933ad58672518b6d4f63920cbc68b80f78f4d81192552ee6362f5cc81ee13bdc678ad65f06e76444cadb53b33694cfb3fc7679b8000411975fedd28a"
}
info|2023-07-05 22:01:40.277541|[RPC][BLOCK][NUMBER][fromJson],group=group0,node=98a7f70ec883a722219d92253cf073a72605f4087aa3443c8e4aadc0af2dc3ac647d0fa1b5ac99cd6987abafe6d690ae71cd5fd2aeeabe7589bfb4748aabdfba,blockNumber=658
info|2023-07-05 22:01:40.277567|[RPCWS][SERVICE][onRecvBlockNotifier]receive block number notifier,group=group0,node=98a7f70ec883a722219d92253cf073a72605f4087aa3443c8e4aadc0af2dc3ac647d0fa1b5ac99cd6987abafe6d690ae71cd5fd2aeeabe7589bfb4748aabdfba,blockNumber=658
info|2023-07-05 22:01:40.277573|[RPCWS][SERVICE][updateGroupBlockNumber],groupID=group0,_blockNumber=658
info|2023-07-05 22:01:40.277579|[RPCWS][SERVICE][onRecvBlockNotifier]block notifier callback,group=group0,node=98a7f70ec883a722219d92253cf073a72605f4087aa3443c8e4aadc0af2dc3ac647d0fa1b5ac99cd6987abafe6d690ae71cd5fd2aeeabe7589bfb4748aabdfba,blockNumber=658
info|2023-07-05 22:01:40.277583|[WS]receive block notify,endpoint=127.0.0.1:20200,blk={
	"blockNumber" : 658,
	"group" : "group0",
	"nodeName" : "98a7f70ec883a722219d92253cf073a72605f4087aa3443c8e4aadc0af2dc3ac647d0fa1b5ac99cd6987abafe6d690ae71cd5fd2aeeabe7589bfb4748aabdfba"
}
info|2023-07-05 22:01:40.285322|[RPC][BLOCK][NUMBER][fromJson],group=group0,node=2f993327933ad58672518b6d4f63920cbc68b80f78f4d81192552ee6362f5cc81ee13bdc678ad65f06e76444cadb53b33694cfb3fc7679b8000411975fedd28a,blockNumber=658
info|2023-07-05 22:01:40.285463|[RPCWS][SERVICE][onRecvBlockNotifier]receive block number notifier,group=group0,node=2f993327933ad58672518b6d4f63920cbc68b80f78f4d81192552ee6362f5cc81ee13bdc678ad65f06e76444cadb53b33694cfb3fc7679b8000411975fedd28a,blockNumber=658
info|2023-07-05 22:01:40.285483|[WS]receive block notify,endpoint=127.0.0.1:20201,blk={
	"blockNumber" : 658,
	"group" : "group0",
	"nodeName" : "2f993327933ad58672518b6d4f63920cbc68b80f78f4d81192552ee6362f5cc81ee13bdc678ad65f06e76444cadb53b33694cfb3fc7679b8000411975fedd28a"
}
info|2023-07-05 22:01:40.911618|[RPC][BLOCK][NUMBER][fromJson],group=group0,node=98a7f70ec883a722219d92253cf073a72605f4087aa3443c8e4aadc0af2dc3ac647d0fa1b5ac99cd6987abafe6d690ae71cd5fd2aeeabe7589bfb4748aabdfba,blockNumber=659
info|2023-07-05 22:01:40.911652|[RPCWS][SERVICE][onRecvBlockNotifier]receive block number notifier,group=group0,node=98a7f70ec883a722219d92253cf073a72605f4087aa3443c8e4aadc0af2dc3ac647d0fa1b5ac99cd6987abafe6d690ae71cd5fd2aeeabe7589bfb4748aabdfba,blockNumber=659
info|2023-07-05 22:01:40.911661|[RPCWS][SERVICE][updateGroupBlockNumber],groupID=group0,_blockNumber=659
info|2023-07-05 22:01:40.911668|[RPCWS][SERVICE][onRecvBlockNotifier]block notifier callback,group=group0,node=98a7f70ec883a722219d92253cf073a72605f4087aa3443c8e4aadc0af2dc3ac647d0fa1b5ac99cd6987abafe6d690ae71cd5fd2aeeabe7589bfb4748aabdfba,blockNumber=659
info|2023-07-05 22:01:40.911675|[WS]receive block notify,endpoint=127.0.0.1:20200,blk={
	"blockNumber" : 659,
	"group" : "group0",
	"nodeName" : "98a7f70ec883a722219d92253cf073a72605f4087aa3443c8e4aadc0af2dc3ac647d0fa1b5ac99cd6987abafe6d690ae71cd5fd2aeeabe7589bfb4748aabdfba"
}
info|2023-07-05 22:01:40.915355|[RPC][BLOCK][NUMBER][fromJson],group=group0,node=2f993327933ad58672518b6d4f63920cbc68b80f78f4d81192552ee6362f5cc81ee13bdc678ad65f06e76444cadb53b33694cfb3fc7679b8000411975fedd28a,blockNumber=659
info|2023-07-05 22:01:40.915382|[RPCWS][SERVICE][onRecvBlockNotifier]receive block number notifier,group=group0,node=2f993327933ad58672518b6d4f63920cbc68b80f78f4d81192552ee6362f5cc81ee13bdc678ad65f06e76444cadb53b33694cfb3fc7679b8000411975fedd28a,blockNumber=659
info|2023-07-05 22:01:40.915392|[WS]receive block notify,endpoint=127.0.0.1:20201,blk={
	"blockNumber" : 659,
	"group" : "group0",
	"nodeName" : "2f993327933ad58672518b6d4f63920cbc68b80f78f4d81192552ee6362f5cc81ee13bdc678ad65f06e76444cadb53b33694cfb3fc7679b8000411975fedd28a"
}
info|2023-07-05 22:01:41.443057|[RPC][BLOCK][NUMBER][fromJson],group=group0,node=98a7f70ec883a722219d92253cf073a72605f4087aa3443c8e4aadc0af2dc3ac647d0fa1b5ac99cd6987abafe6d690ae71cd5fd2aeeabe7589bfb4748aabdfba,blockNumber=660
info|2023-07-05 22:01:41.443080|[RPCWS][SERVICE][onRecvBlockNotifier]receive block number notifier,group=group0,node=98a7f70ec883a722219d92253cf073a72605f4087aa3443c8e4aadc0af2dc3ac647d0fa1b5ac99cd6987abafe6d690ae71cd5fd2aeeabe7589bfb4748aabdfba,blockNumber=660
info|2023-07-05 22:01:41.443087|[RPCWS][SERVICE][updateGroupBlockNumber],groupID=group0,_blockNumber=660
info|2023-07-05 22:01:41.443092|[RPCWS][SERVICE][onRecvBlockNotifier]block notifier callback,group=group0,node=98a7f70ec883a722219d92253cf073a72605f4087aa3443c8e4aadc0af2dc3ac647d0fa1b5ac99cd6987abafe6d690ae71cd5fd2aeeabe7589bfb4748aabdfba,blockNumber=660
info|2023-07-05 22:01:41.443097|[WS]receive block notify,endpoint=127.0.0.1:20200,blk={
	"blockNumber" : 660,
	"group" : "group0",
	"nodeName" : "98a7f70ec883a722219d92253cf073a72605f4087aa3443c8e4aadc0af2dc3ac647d0fa1b5ac99cd6987abafe6d690ae71cd5fd2aeeabe7589bfb4748aabdfba"
}
info|2023-07-05 22:01:41.460535|[RPC][BLOCK][NUMBER][fromJson],group=group0,node=2f993327933ad58672518b6d4f63920cbc68b80f78f4d81192552ee6362f5cc81ee13bdc678ad65f06e76444cadb53b33694cfb3fc7679b8000411975fedd28a,blockNumber=660
info|2023-07-05 22:01:41.460555|[RPCWS][SERVICE][onRecvBlockNotifier]receive block number notifier,group=group0,node=2f993327933ad58672518b6d4f63920cbc68b80f78f4d81192552ee6362f5cc81ee13bdc678ad65f06e76444cadb53b33694cfb3fc7679b8000411975fedd28a,blockNumber=660
info|2023-07-05 22:01:41.460562|[WS]receive block notify,endpoint=127.0.0.1:20201,blk={
	"blockNumber" : 660,
	"group" : "group0",
	"nodeName" : "2f993327933ad58672518b6d4f63920cbc68b80f78f4d81192552ee6362f5cc81ee13bdc678ad65f06e76444cadb53b33694cfb3fc7679b8000411975fedd28a"
}
info|2023-07-05 22:01:42.016296|[RPC][BLOCK][NUMBER][fromJson],group=group0,node=98a7f70ec883a722219d92253cf073a72605f4087aa3443c8e4aadc0af2dc3ac647d0fa1b5ac99cd6987abafe6d690ae71cd5fd2aeeabe7589bfb4748aabdfba,blockNumber=661
info|2023-07-05 22:01:42.016334|[RPCWS][SERVICE][onRecvBlockNotifier]receive block number notifier,group=group0,node=98a7f70ec883a722219d92253cf073a72605f4087aa3443c8e4aadc0af2dc3ac647d0fa1b5ac99cd6987abafe6d690ae71cd5fd2aeeabe7589bfb4748aabdfba,blockNumber=661
info|2023-07-05 22:01:42.016344|[RPCWS][SERVICE][updateGroupBlockNumber],groupID=group0,_blockNumber=661
info|2023-07-05 22:01:42.016351|[RPCWS][SERVICE][onRecvBlockNotifier]block notifier callback,group=group0,node=98a7f70ec883a722219d92253cf073a72605f4087aa3443c8e4aadc0af2dc3ac647d0fa1b5ac99cd6987abafe6d690ae71cd5fd2aeeabe7589bfb4748aabdfba,blockNumber=661
info|2023-07-05 22:01:42.016357|[WS]receive block notify,endpoint=127.0.0.1:20200,blk={
	"blockNumber" : 661,
	"group" : "group0",
	"nodeName" : "98a7f70ec883a722219d92253cf073a72605f4087aa3443c8e4aadc0af2dc3ac647d0fa1b5ac99cd6987abafe6d690ae71cd5fd2aeeabe7589bfb4748aabdfba"
}
info|2023-07-05 22:01:42.024504|[RPC][BLOCK][NUMBER][fromJson],group=group0,node=2f993327933ad58672518b6d4f63920cbc68b80f78f4d81192552ee6362f5cc81ee13bdc678ad65f06e76444cadb53b33694cfb3fc7679b8000411975fedd28a,blockNumber=661
info|2023-07-05 22:01:42.024558|[RPCWS][SERVICE][onRecvBlockNotifier]receive block number notifier,group=group0,node=2f993327933ad58672518b6d4f63920cbc68b80f78f4d81192552ee6362f5cc81ee13bdc678ad65f06e76444cadb53b33694cfb3fc7679b8000411975fedd28a,blockNumber=661
info|2023-07-05 22:01:42.024570|[WS]receive block notify,endpoint=127.0.0.1:20201,blk={
	"blockNumber" : 661,
	"group" : "group0",
	"nodeName" : "2f993327933ad58672518b6d4f63920cbc68b80f78f4d81192552ee6362f5cc81ee13bdc678ad65f06e76444cadb53b33694cfb3fc7679b8000411975fedd28a"
}
info|2023-07-05 22:01:42.506346|[RPC][BLOCK][NUMBER][fromJson],group=group0,node=2f993327933ad58672518b6d4f63920cbc68b80f78f4d81192552ee6362f5cc81ee13bdc678ad65f06e76444cadb53b33694cfb3fc7679b8000411975fedd28a,blockNumber=662
info|2023-07-05 22:01:42.506373|[RPCWS][SERVICE][onRecvBlockNotifier]receive block number notifier,group=group0,node=2f993327933ad58672518b6d4f63920cbc68b80f78f4d81192552ee6362f5cc81ee13bdc678ad65f06e76444cadb53b33694cfb3fc7679b8000411975fedd28a,blockNumber=662
info|2023-07-05 22:01:42.506380|[RPCWS][SERVICE][updateGroupBlockNumber],groupID=group0,_blockNumber=662
info|2023-07-05 22:01:42.506386|[RPCWS][SERVICE][onRecvBlockNotifier]block notifier callback,group=group0,node=2f993327933ad58672518b6d4f63920cbc68b80f78f4d81192552ee6362f5cc81ee13bdc678ad65f06e76444cadb53b33694cfb3fc7679b8000411975fedd28a,blockNumber=662
info|2023-07-05 22:01:42.506392|[WS]receive block notify,endpoint=127.0.0.1:20201,blk={
	"blockNumber" : 662,
	"group" : "group0",
	"nodeName" : "2f993327933ad58672518b6d4f63920cbc68b80f78f4d81192552ee6362f5cc81ee13bdc678ad65f06e76444cadb53b33694cfb3fc7679b8000411975fedd28a"
}
info|2023-07-05 22:01:42.521400|[RPC][BLOCK][NUMBER][fromJson],group=group0,node=98a7f70ec883a722219d92253cf073a72605f4087aa3443c8e4aadc0af2dc3ac647d0fa1b5ac99cd6987abafe6d690ae71cd5fd2aeeabe7589bfb4748aabdfba,blockNumber=662
info|2023-07-05 22:01:42.521431|[RPCWS][SERVICE][onRecvBlockNotifier]receive block number notifier,group=group0,node=98a7f70ec883a722219d92253cf073a72605f4087aa3443c8e4aadc0af2dc3ac647d0fa1b5ac99cd6987abafe6d690ae71cd5fd2aeeabe7589bfb4748aabdfba,blockNumber=662
info|2023-07-05 22:01:42.521441|[WS]receive block notify,endpoint=127.0.0.1:20200,blk={
	"blockNumber" : 662,
	"group" : "group0",
	"nodeName" : "98a7f70ec883a722219d92253cf073a72605f4087aa3443c8e4aadc0af2dc3ac647d0fa1b5ac99cd6987abafe6d690ae71cd5fd2aeeabe7589bfb4748aabdfba"
}
info|2023-07-05 22:01:43.080756|[RPC][BLOCK][NUMBER][fromJson],group=group0,node=2f993327933ad58672518b6d4f63920cbc68b80f78f4d81192552ee6362f5cc81ee13bdc678ad65f06e76444cadb53b33694cfb3fc7679b8000411975fedd28a,blockNumber=663
info|2023-07-05 22:01:43.080810|[RPCWS][SERVICE][onRecvBlockNotifier]receive block number notifier,group=group0,node=2f993327933ad58672518b6d4f63920cbc68b80f78f4d81192552ee6362f5cc81ee13bdc678ad65f06e76444cadb53b33694cfb3fc7679b8000411975fedd28a,blockNumber=663
info|2023-07-05 22:01:43.080822|[RPCWS][SERVICE][updateGroupBlockNumber],groupID=group0,_blockNumber=663
info|2023-07-05 22:01:43.080829|[RPCWS][SERVICE][onRecvBlockNotifier]block notifier callback,group=group0,node=2f993327933ad58672518b6d4f63920cbc68b80f78f4d81192552ee6362f5cc81ee13bdc678ad65f06e76444cadb53b33694cfb3fc7679b8000411975fedd28a,blockNumber=663
info|2023-07-05 22:01:43.080834|[WS]receive block notify,endpoint=127.0.0.1:20201,blk={
	"blockNumber" : 663,
	"group" : "group0",
	"nodeName" : "2f993327933ad58672518b6d4f63920cbc68b80f78f4d81192552ee6362f5cc81ee13bdc678ad65f06e76444cadb53b33694cfb3fc7679b8000411975fedd28a"
}
info|2023-07-05 22:01:43.090109|[RPC][BLOCK][NUMBER][fromJson],group=group0,node=98a7f70ec883a722219d92253cf073a72605f4087aa3443c8e4aadc0af2dc3ac647d0fa1b5ac99cd6987abafe6d690ae71cd5fd2aeeabe7589bfb4748aabdfba,blockNumber=663
info|2023-07-05 22:01:43.090135|[RPCWS][SERVICE][onRecvBlockNotifier]receive block number notifier,group=group0,node=98a7f70ec883a722219d92253cf073a72605f4087aa3443c8e4aadc0af2dc3ac647d0fa1b5ac99cd6987abafe6d690ae71cd5fd2aeeabe7589bfb4748aabdfba,blockNumber=663
info|2023-07-05 22:01:43.090143|[WS]receive block notify,endpoint=127.0.0.1:20200,blk={
	"blockNumber" : 663,
	"group" : "group0",
	"nodeName" : "98a7f70ec883a722219d92253cf073a72605f4087aa3443c8e4aadc0af2dc3ac647d0fa1b5ac99cd6987abafe6d690ae71cd5fd2aeeabe7589bfb4748aabdfba"
}
info|2023-07-05 22:01:43.640853|[RPC][BLOCK][NUMBER][fromJson],group=group0,node=2f993327933ad58672518b6d4f63920cbc68b80f78f4d81192552ee6362f5cc81ee13bdc678ad65f06e76444cadb53b33694cfb3fc7679b8000411975fedd28a,blockNumber=664
info|2023-07-05 22:01:43.640877|[RPCWS][SERVICE][onRecvBlockNotifier]receive block number notifier,group=group0,node=2f993327933ad58672518b6d4f63920cbc68b80f78f4d81192552ee6362f5cc81ee13bdc678ad65f06e76444cadb53b33694cfb3fc7679b8000411975fedd28a,blockNumber=664
info|2023-07-05 22:01:43.640906|[RPCWS][SERVICE][updateGroupBlockNumber],groupID=group0,_blockNumber=664
info|2023-07-05 22:01:43.640915|[RPCWS][SERVICE][onRecvBlockNotifier]block notifier callback,group=group0,node=2f993327933ad58672518b6d4f63920cbc68b80f78f4d81192552ee6362f5cc81ee13bdc678ad65f06e76444cadb53b33694cfb3fc7679b8000411975fedd28a,blockNumber=664
info|2023-07-05 22:01:43.640920|[WS]receive block notify,endpoint=127.0.0.1:20201,blk={
	"blockNumber" : 664,
	"group" : "group0",
	"nodeName" : "2f993327933ad58672518b6d4f63920cbc68b80f78f4d81192552ee6362f5cc81ee13bdc678ad65f06e76444cadb53b33694cfb3fc7679b8000411975fedd28a"
}
info|2023-07-05 22:01:43.644544|[RPC][BLOCK][NUMBER][fromJson],group=group0,node=98a7f70ec883a722219d92253cf073a72605f4087aa3443c8e4aadc0af2dc3ac647d0fa1b5ac99cd6987abafe6d690ae71cd5fd2aeeabe7589bfb4748aabdfba,blockNumber=664
info|2023-07-05 22:01:43.644566|[RPCWS][SERVICE][onRecvBlockNotifier]receive block number notifier,group=group0,node=98a7f70ec883a722219d92253cf073a72605f4087aa3443c8e4aadc0af2dc3ac647d0fa1b5ac99cd6987abafe6d690ae71cd5fd2aeeabe7589bfb4748aabdfba,blockNumber=664
info|2023-07-05 22:01:43.644574|[WS]receive block notify,endpoint=127.0.0.1:20200,blk={
	"blockNumber" : 664,
	"group" : "group0",
	"nodeName" : "98a7f70ec883a722219d92253cf073a72605f4087aa3443c8e4aadc0af2dc3ac647d0fa1b5ac99cd6987abafe6d690ae71cd5fd2aeeabe7589bfb4748aabdfba"
}
info|2023-07-05 22:01:48.585923|[SDK][WS][SERVICE]connected nodes,count=2
info|2023-07-05 22:01:48.860367|[EVENT][SUB][doLoop]event sub tasks report,working event sub count=0,suspend event sub count=0
info|2023-07-05 22:02:08.586315|[SDK][WS][SERVICE]connected nodes,count=2
info|2023-07-05 22:02:08.860738|[EVENT][SUB][doLoop]event sub tasks report,working event sub count=0,suspend event sub count=0
info|2023-07-05 22:02:28.586511|[SDK][WS][SERVICE]connected nodes,count=2
info|2023-07-05 22:02:28.860866|[EVENT][SUB][doLoop]event sub tasks report,working event sub count=0,suspend event sub count=0
info|2023-07-05 22:02:48.586730|[SDK][WS][SERVICE]connected nodes,count=2
info|2023-07-05 22:02:48.861134|[EVENT][SUB][doLoop]event sub tasks report,working event sub count=0,suspend event sub count=0
info|2023-07-05 22:03:08.586849|[SDK][WS][SERVICE]connected nodes,count=2
info|2023-07-05 22:03:08.861190|[EVENT][SUB][doLoop]event sub tasks report,working event sub count=0,suspend event sub count=0
info|2023-07-05 22:03:28.587398|[SDK][WS][SERVICE]connected nodes,count=2
info|2023-07-05 22:03:28.861274|[EVENT][SUB][doLoop]event sub tasks report,working event sub count=0,suspend event sub count=0
info|2023-07-05 22:03:48.587861|[SDK][WS][SERVICE]connected nodes,count=2
info|2023-07-05 22:03:48.863974|[EVENT][SUB][doLoop]event sub tasks report,working event sub count=0,suspend event sub count=0
info|2023-07-05 22:04:08.588535|[SDK][WS][SERVICE]connected nodes,count=2
info|2023-07-05 22:04:08.866164|[EVENT][SUB][doLoop]event sub tasks report,working event sub count=0,suspend event sub count=0
info|2023-07-05 22:04:28.588861|[SDK][WS][SERVICE]connected nodes,count=2
info|2023-07-05 22:04:28.867993|[EVENT][SUB][doLoop]event sub tasks report,working event sub count=0,suspend event sub count=0
info|2023-07-05 22:04:48.594198|[SDK][WS][SERVICE]connected nodes,count=2
info|2023-07-05 22:04:48.868084|[EVENT][SUB][doLoop]event sub tasks report,working event sub count=0,suspend event sub count=0
info|2023-07-05 22:05:08.606661|[SDK][WS][SERVICE]connected nodes,count=2
info|2023-07-05 22:05:08.869919|[EVENT][SUB][doLoop]event sub tasks report,working event sub count=0,suspend event sub count=0
info|2023-07-05 22:05:28.667408|[SDK][WS][SERVICE]connected nodes,count=2
info|2023-07-05 22:05:28.870205|[EVENT][SUB][doLoop]event sub tasks report,working event sub count=0,suspend event sub count=0
info|2023-07-05 22:05:48.667723|[SDK][WS][SERVICE]connected nodes,count=2
info|2023-07-05 22:05:48.870462|[EVENT][SUB][doLoop]event sub tasks report,working event sub count=0,suspend event sub count=0
info|2023-07-05 22:06:08.668137|[SDK][WS][SERVICE]connected nodes,count=2
info|2023-07-05 22:06:08.870601|[EVENT][SUB][doLoop]event sub tasks report,working event sub count=0,suspend event sub count=0
info|2023-07-05 22:06:28.668473|[SDK][WS][SERVICE]connected nodes,count=2
info|2023-07-05 22:06:28.870810|[EVENT][SUB][doLoop]event sub tasks report,working event sub count=0,suspend event sub count=0
info|2023-07-05 22:06:48.668995|[SDK][WS][SERVICE]connected nodes,count=2
info|2023-07-05 22:06:48.871371|[EVENT][SUB][doLoop]event sub tasks report,working event sub count=0,suspend event sub count=0
info|2023-07-05 22:07:08.669547|[SDK][WS][SERVICE]connected nodes,count=2
info|2023-07-05 22:07:08.871905|[EVENT][SUB][doLoop]event sub tasks report,working event sub count=0,suspend event sub count=0
info|2023-07-05 22:07:28.669859|[SDK][WS][SERVICE]connected nodes,count=2
info|2023-07-05 22:07:28.872310|[EVENT][SUB][doLoop]event sub tasks report,working event sub count=0,suspend event sub count=0
info|2023-07-05 22:07:48.670268|[SDK][WS][SERVICE]connected nodes,count=2
info|2023-07-05 22:07:48.872445|[EVENT][SUB][doLoop]event sub tasks report,working event sub count=0,suspend event sub count=0
info|2023-07-05 22:08:08.670529|[SDK][WS][SERVICE]connected nodes,count=2
info|2023-07-05 22:08:08.872585|[EVENT][SUB][doLoop]event sub tasks report,working event sub count=0,suspend event sub count=0
info|2023-07-05 22:08:28.670715|[SDK][WS][SERVICE]connected nodes,count=2
info|2023-07-05 22:08:28.872878|[EVENT][SUB][doLoop]event sub tasks report,working event sub count=0,suspend event sub count=0
info|2023-07-05 22:08:48.670961|[SDK][WS][SERVICE]connected nodes,count=2
info|2023-07-05 22:08:48.873426|[EVENT][SUB][doLoop]event sub tasks report,working event sub count=0,suspend event sub count=0
info|2023-07-05 22:09:08.671223|[SDK][WS][SERVICE]connected nodes,count=2
info|2023-07-05 22:09:08.873608|[EVENT][SUB][doLoop]event sub tasks report,working event sub count=0,suspend event sub count=0
info|2023-07-05 22:09:28.672013|[SDK][WS][SERVICE]connected nodes,count=2
info|2023-07-05 22:09:28.875014|[EVENT][SUB][doLoop]event sub tasks report,working event sub count=0,suspend event sub count=0
info|2023-07-05 22:09:48.672387|[SDK][WS][SERVICE]connected nodes,count=2
info|2023-07-05 22:09:48.883358|[EVENT][SUB][doLoop]event sub tasks report,working event sub count=0,suspend event sub count=0
info|2023-07-05 22:10:08.677772|[SDK][WS][SERVICE]connected nodes,count=2
info|2023-07-05 22:10:08.876123|[EVENT][SUB][doLoop]event sub tasks report,working event sub count=0,suspend event sub count=0
info|2023-07-05 22:10:28.680637|[SDK][WS][SERVICE]connected nodes,count=2
info|2023-07-05 22:10:28.888618|[EVENT][SUB][doLoop]event sub tasks report,working event sub count=0,suspend event sub count=0
info|2023-07-05 22:10:48.680744|[SDK][WS][SERVICE]connected nodes,count=2
info|2023-07-05 22:10:48.889163|[EVENT][SUB][doLoop]event sub tasks report,working event sub count=0,suspend event sub count=0
info|2023-07-05 22:11:08.680953|[SDK][WS][SERVICE]connected nodes,count=2
info|2023-07-05 22:11:08.889545|[EVENT][SUB][doLoop]event sub tasks report,working event sub count=0,suspend event sub count=0
info|2023-07-05 22:11:28.681995|[SDK][WS][SERVICE]connected nodes,count=2
info|2023-07-05 22:11:28.889986|[EVENT][SUB][doLoop]event sub tasks report,working event sub count=0,suspend event sub count=0
info|2023-07-05 22:11:48.682893|[SDK][WS][SERVICE]connected nodes,count=2
info|2023-07-05 22:11:48.890401|[EVENT][SUB][doLoop]event sub tasks report,working event sub count=0,suspend event sub count=0
info|2023-07-05 22:12:08.683172|[SDK][WS][SERVICE]connected nodes,count=2
info|2023-07-05 22:12:08.892772|[EVENT][SUB][doLoop]event sub tasks report,working event sub count=0,suspend event sub count=0
info|2023-07-05 22:12:28.684483|[SDK][WS][SERVICE]connected nodes,count=2
info|2023-07-05 22:12:28.892988|[EVENT][SUB][doLoop]event sub tasks report,working event sub count=0,suspend event sub count=0
info|2023-07-05 22:12:48.685058|[SDK][WS][SERVICE]connected nodes,count=2
info|2023-07-05 22:12:48.893372|[EVENT][SUB][doLoop]event sub tasks report,working event sub count=0,suspend event sub count=0
info|2023-07-05 22:13:08.685351|[SDK][WS][SERVICE]connected nodes,count=2
info|2023-07-05 22:13:08.893430|[EVENT][SUB][doLoop]event sub tasks report,working event sub count=0,suspend event sub count=0
info|2023-07-05 22:13:28.685857|[SDK][WS][SERVICE]connected nodes,count=2
info|2023-07-05 22:13:28.893637|[EVENT][SUB][doLoop]event sub tasks report,working event sub count=0,suspend event sub count=0
info|2023-07-05 22:13:48.686258|[SDK][WS][SERVICE]connected nodes,count=2
info|2023-07-05 22:13:48.894169|[EVENT][SUB][doLoop]event sub tasks report,working event sub count=0,suspend event sub count=0
info|2023-07-05 22:14:08.686967|[SDK][WS][SERVICE]connected nodes,count=2
info|2023-07-05 22:14:08.894837|[EVENT][SUB][doLoop]event sub tasks report,working event sub count=0,suspend event sub count=0
info|2023-07-05 22:14:28.687549|[SDK][WS][SERVICE]connected nodes,count=2
info|2023-07-05 22:14:28.894534|[EVENT][SUB][doLoop]event sub tasks report,working event sub count=0,suspend event sub count=0
info|2023-07-05 22:14:48.687789|[SDK][WS][SERVICE]connected nodes,count=2
info|2023-07-05 22:14:48.894903|[EVENT][SUB][doLoop]event sub tasks report,working event sub count=0,suspend event sub count=0
info|2023-07-05 22:15:08.687957|[SDK][WS][SERVICE]connected nodes,count=2
info|2023-07-05 22:15:08.895145|[EVENT][SUB][doLoop]event sub tasks report,working event sub count=0,suspend event sub count=0
info|2023-07-05 22:15:28.688190|[SDK][WS][SERVICE]connected nodes,count=2
info|2023-07-05 22:15:28.895281|[EVENT][SUB][doLoop]event sub tasks report,working event sub count=0,suspend event sub count=0
info|2023-07-05 22:15:48.688568|[SDK][WS][SERVICE]connected nodes,count=2
info|2023-07-05 22:15:48.895770|[EVENT][SUB][doLoop]event sub tasks report,working event sub count=0,suspend event sub count=0
info|2023-07-05 22:16:08.688790|[SDK][WS][SERVICE]connected nodes,count=2
info|2023-07-05 22:16:08.895970|[EVENT][SUB][doLoop]event sub tasks report,working event sub count=0,suspend event sub count=0
info|2023-07-05 22:16:28.689378|[SDK][WS][SERVICE]connected nodes,count=2
info|2023-07-05 22:16:28.896101|[EVENT][SUB][doLoop]event sub tasks report,working event sub count=0,suspend event sub count=0
info|2023-07-05 22:16:48.690603|[SDK][WS][SERVICE]connected nodes,count=2
info|2023-07-05 22:16:48.896183|[EVENT][SUB][doLoop]event sub tasks report,working event sub count=0,suspend event sub count=0
info|2023-07-05 22:17:08.690752|[SDK][WS][SERVICE]connected nodes,count=2
info|2023-07-05 22:17:08.896508|[EVENT][SUB][doLoop]event sub tasks report,working event sub count=0,suspend event sub count=0
info|2023-07-05 22:17:28.691339|[SDK][WS][SERVICE]connected nodes,count=2
info|2023-07-05 22:17:28.896584|[EVENT][SUB][doLoop]event sub tasks report,working event sub count=0,suspend event sub count=0
info|2023-07-05 22:17:48.691529|[SDK][WS][SERVICE]connected nodes,count=2
info|2023-07-05 22:17:48.896969|[EVENT][SUB][doLoop]event sub tasks report,working event sub count=0,suspend event sub count=0
info|2023-07-05 22:18:08.692307|[SDK][WS][SERVICE]connected nodes,count=2
info|2023-07-05 22:18:08.897169|[EVENT][SUB][doLoop]event sub tasks report,working event sub count=0,suspend event sub count=0
info|2023-07-05 22:18:28.692400|[SDK][WS][SERVICE]connected nodes,count=2
info|2023-07-05 22:18:28.897330|[EVENT][SUB][doLoop]event sub tasks report,working event sub count=0,suspend event sub count=0
info|2023-07-05 22:18:48.692725|[SDK][WS][SERVICE]connected nodes,count=2
info|2023-07-05 22:18:48.897865|[EVENT][SUB][doLoop]event sub tasks report,working event sub count=0,suspend event sub count=0
info|2023-07-05 22:19:08.693593|[SDK][WS][SERVICE]connected nodes,count=2
info|2023-07-05 22:19:08.907833|[EVENT][SUB][doLoop]event sub tasks report,working event sub count=0,suspend event sub count=0
info|2023-07-05 22:19:28.694123|[SDK][WS][SERVICE]connected nodes,count=2
info|2023-07-05 22:19:28.908182|[EVENT][SUB][doLoop]event sub tasks report,working event sub count=0,suspend event sub count=0
info|2023-07-05 22:19:48.694420|[SDK][WS][SERVICE]connected nodes,count=2
info|2023-07-05 22:19:48.908668|[EVENT][SUB][doLoop]event sub tasks report,working event sub count=0,suspend event sub count=0
info|2023-07-05 22:20:08.694671|[SDK][WS][SERVICE]connected nodes,count=2
info|2023-07-05 22:20:08.909085|[EVENT][SUB][doLoop]event sub tasks report,working event sub count=0,suspend event sub count=0
info|2023-07-05 22:20:28.694775|[SDK][WS][SERVICE]connected nodes,count=2
info|2023-07-05 22:20:28.909665|[EVENT][SUB][doLoop]event sub tasks report,working event sub count=0,suspend event sub count=0
info|2023-07-05 22:20:48.695141|[SDK][WS][SERVICE]connected nodes,count=2
info|2023-07-05 22:20:48.909830|[EVENT][SUB][doLoop]event sub tasks report,working event sub count=0,suspend event sub count=0
info|2023-07-05 22:21:08.695521|[SDK][WS][SERVICE]connected nodes,count=2
info|2023-07-05 22:21:08.910383|[EVENT][SUB][doLoop]event sub tasks report,working event sub count=0,suspend event sub count=0
info|2023-07-05 22:21:28.696407|[SDK][WS][SERVICE]connected nodes,count=2
info|2023-07-05 22:21:28.910464|[EVENT][SUB][doLoop]event sub tasks report,working event sub count=0,suspend event sub count=0
info|2023-07-05 22:21:48.696616|[SDK][WS][SERVICE]connected nodes,count=2
info|2023-07-05 22:21:48.927682|[EVENT][SUB][doLoop]event sub tasks report,working event sub count=0,suspend event sub count=0
info|2023-07-05 22:22:08.696941|[SDK][WS][SERVICE]connected nodes,count=2
info|2023-07-05 22:22:08.927839|[EVENT][SUB][doLoop]event sub tasks report,working event sub count=0,suspend event sub count=0
info|2023-07-05 22:22:28.697134|[SDK][WS][SERVICE]connected nodes,count=2
info|2023-07-05 22:22:28.931172|[EVENT][SUB][doLoop]event sub tasks report,working event sub count=0,suspend event sub count=0
info|2023-07-05 22:22:48.700340|[SDK][WS][SERVICE]connected nodes,count=2
info|2023-07-05 22:22:48.935000|[EVENT][SUB][doLoop]event sub tasks report,working event sub count=0,suspend event sub count=0
info|2023-07-05 22:23:08.700549|[SDK][WS][SERVICE]connected nodes,count=2
info|2023-07-05 22:23:08.935085|[EVENT][SUB][doLoop]event sub tasks report,working event sub count=0,suspend event sub count=0
info|2023-07-05 22:23:28.700961|[SDK][WS][SERVICE]connected nodes,count=2
info|2023-07-05 22:23:28.935197|[EVENT][SUB][doLoop]event sub tasks report,working event sub count=0,suspend event sub count=0
info|2023-07-05 22:23:48.701315|[SDK][WS][SERVICE]connected nodes,count=2
info|2023-07-05 22:23:48.940272|[EVENT][SUB][doLoop]event sub tasks report,working event sub count=0,suspend event sub count=0
info|2023-07-05 22:24:08.701572|[SDK][WS][SERVICE]connected nodes,count=2
info|2023-07-05 22:24:08.940488|[EVENT][SUB][doLoop]event sub tasks report,working event sub count=0,suspend event sub count=0
info|2023-07-05 22:24:28.701831|[SDK][WS][SERVICE]connected nodes,count=2
info|2023-07-05 22:24:28.941116|[EVENT][SUB][doLoop]event sub tasks report,working event sub count=0,suspend event sub count=0
info|2023-07-05 22:24:48.701965|[SDK][WS][SERVICE]connected nodes,count=2
info|2023-07-05 22:24:48.941240|[EVENT][SUB][doLoop]event sub tasks report,working event sub count=0,suspend event sub count=0
info|2023-07-05 22:25:08.702458|[SDK][WS][SERVICE]connected nodes,count=2
info|2023-07-05 22:25:08.941564|[EVENT][SUB][doLoop]event sub tasks report,working event sub count=0,suspend event sub count=0
info|2023-07-05 22:25:28.702568|[SDK][WS][SERVICE]connected nodes,count=2
info|2023-07-05 22:25:28.941883|[EVENT][SUB][doLoop]event sub tasks report,working event sub count=0,suspend event sub count=0
info|2023-07-05 22:25:48.702777|[SDK][WS][SERVICE]connected nodes,count=2
info|2023-07-05 22:25:48.942024|[EVENT][SUB][doLoop]event sub tasks report,working event sub count=0,suspend event sub count=0
info|2023-07-05 22:26:08.704531|[SDK][WS][SERVICE]connected nodes,count=2
info|2023-07-05 22:26:08.942421|[EVENT][SUB][doLoop]event sub tasks report,working event sub count=0,suspend event sub count=0
info|2023-07-05 22:26:28.704781|[SDK][WS][SERVICE]connected nodes,count=2
info|2023-07-05 22:26:28.942785|[EVENT][SUB][doLoop]event sub tasks report,working event sub count=0,suspend event sub count=0
info|2023-07-05 22:26:48.705014|[SDK][WS][SERVICE]connected nodes,count=2
info|2023-07-05 22:26:48.943265|[EVENT][SUB][doLoop]event sub tasks report,working event sub count=0,suspend event sub count=0
info|2023-07-05 22:27:08.710021|[SDK][WS][SERVICE]connected nodes,count=2
info|2023-07-05 22:27:08.943455|[EVENT][SUB][doLoop]event sub tasks report,working event sub count=0,suspend event sub count=0
info|2023-07-05 22:27:28.710542|[SDK][WS][SERVICE]connected nodes,count=2
info|2023-07-05 22:27:28.943593|[EVENT][SUB][doLoop]event sub tasks report,working event sub count=0,suspend event sub count=0
info|2023-07-05 22:27:48.719064|[SDK][WS][SERVICE]connected nodes,count=2
info|2023-07-05 22:27:48.950969|[EVENT][SUB][doLoop]event sub tasks report,working event sub count=0,suspend event sub count=0
info|2023-07-05 22:28:08.719592|[SDK][WS][SERVICE]connected nodes,count=2
info|2023-07-05 22:28:08.951350|[EVENT][SUB][doLoop]event sub tasks report,working event sub count=0,suspend event sub count=0
info|2023-07-05 22:28:28.727763|[SDK][WS][SERVICE]connected nodes,count=2
info|2023-07-05 22:28:28.951546|[EVENT][SUB][doLoop]event sub tasks report,working event sub count=0,suspend event sub count=0
info|2023-07-05 22:28:48.728339|[SDK][WS][SERVICE]connected nodes,count=2
info|2023-07-05 22:28:48.951889|[EVENT][SUB][doLoop]event sub tasks report,working event sub count=0,suspend event sub count=0
info|2023-07-05 22:29:08.728983|[SDK][WS][SERVICE]connected nodes,count=2
info|2023-07-05 22:29:08.952436|[EVENT][SUB][doLoop]event sub tasks report,working event sub count=0,suspend event sub count=0
info|2023-07-05 22:29:28.729156|[SDK][WS][SERVICE]connected nodes,count=2
info|2023-07-05 22:29:28.952795|[EVENT][SUB][doLoop]event sub tasks report,working event sub count=0,suspend event sub count=0
info|2023-07-05 22:29:48.729613|[SDK][WS][SERVICE]connected nodes,count=2
info|2023-07-05 22:29:48.952971|[EVENT][SUB][doLoop]event sub tasks report,working event sub count=0,suspend event sub count=0
info|2023-07-05 22:30:08.729753|[SDK][WS][SERVICE]connected nodes,count=2
info|2023-07-05 22:30:08.953368|[EVENT][SUB][doLoop]event sub tasks report,working event sub count=0,suspend event sub count=0
info|2023-07-05 22:30:28.730154|[SDK][WS][SERVICE]connected nodes,count=2
info|2023-07-05 22:30:28.953559|[EVENT][SUB][doLoop]event sub tasks report,working event sub count=0,suspend event sub count=0
info|2023-07-05 22:30:48.730703|[SDK][WS][SERVICE]connected nodes,count=2
info|2023-07-05 22:30:48.954052|[EVENT][SUB][doLoop]event sub tasks report,working event sub count=0,suspend event sub count=0
info|2023-07-05 22:31:08.731425|[SDK][WS][SERVICE]connected nodes,count=2
info|2023-07-05 22:31:08.954303|[EVENT][SUB][doLoop]event sub tasks report,working event sub count=0,suspend event sub count=0
info|2023-07-05 22:31:28.731694|[SDK][WS][SERVICE]connected nodes,count=2
info|2023-07-05 22:31:28.954493|[EVENT][SUB][doLoop]event sub tasks report,working event sub count=0,suspend event sub count=0
info|2023-07-05 22:31:48.731772|[SDK][WS][SERVICE]connected nodes,count=2
info|2023-07-05 22:31:48.955079|[EVENT][SUB][doLoop]event sub tasks report,working event sub count=0,suspend event sub count=0
info|2023-07-05 22:32:08.732209|[SDK][WS][SERVICE]connected nodes,count=2
info|2023-07-05 22:32:08.955161|[EVENT][SUB][doLoop]event sub tasks report,working event sub count=0,suspend event sub count=0
info|2023-07-05 22:32:28.732614|[SDK][WS][SERVICE]connected nodes,count=2
info|2023-07-05 22:32:28.955370|[EVENT][SUB][doLoop]event sub tasks report,working event sub count=0,suspend event sub count=0
info|2023-07-05 22:32:48.733151|[SDK][WS][SERVICE]connected nodes,count=2
info|2023-07-05 22:32:48.960687|[EVENT][SUB][doLoop]event sub tasks report,working event sub count=0,suspend event sub count=0
info|2023-07-05 22:33:08.733649|[SDK][WS][SERVICE]connected nodes,count=2
info|2023-07-05 22:33:08.960969|[EVENT][SUB][doLoop]event sub tasks report,working event sub count=0,suspend event sub count=0
info|2023-07-05 22:33:28.734709|[SDK][WS][SERVICE]connected nodes,count=2
info|2023-07-05 22:33:28.968590|[EVENT][SUB][doLoop]event sub tasks report,working event sub count=0,suspend event sub count=0
info|2023-07-05 22:33:48.734830|[SDK][WS][SERVICE]connected nodes,count=2
info|2023-07-05 22:33:48.968785|[EVENT][SUB][doLoop]event sub tasks report,working event sub count=0,suspend event sub count=0
info|2023-07-05 22:34:08.735128|[SDK][WS][SERVICE]connected nodes,count=2
info|2023-07-05 22:34:08.969273|[EVENT][SUB][doLoop]event sub tasks report,working event sub count=0,suspend event sub count=0
info|2023-07-05 22:34:28.735345|[SDK][WS][SERVICE]connected nodes,count=2
info|2023-07-05 22:34:28.970305|[EVENT][SUB][doLoop]event sub tasks report,working event sub count=0,suspend event sub count=0
info|2023-07-05 22:34:48.746089|[SDK][WS][SERVICE]connected nodes,count=2
info|2023-07-05 22:34:48.970696|[EVENT][SUB][doLoop]event sub tasks report,working event sub count=0,suspend event sub count=0
info|2023-07-05 22:35:08.746560|[SDK][WS][SERVICE]connected nodes,count=2
info|2023-07-05 22:35:08.970752|[EVENT][SUB][doLoop]event sub tasks report,working event sub count=0,suspend event sub count=0
info|2023-07-05 22:35:28.749771|[SDK][WS][SERVICE]connected nodes,count=2
info|2023-07-05 22:35:28.970878|[EVENT][SUB][doLoop]event sub tasks report,working event sub count=0,suspend event sub count=0
info|2023-07-05 22:35:48.751623|[SDK][WS][SERVICE]connected nodes,count=2
info|2023-07-05 22:35:48.971195|[EVENT][SUB][doLoop]event sub tasks report,working event sub count=0,suspend event sub count=0
info|2023-07-05 22:36:08.751859|[SDK][WS][SERVICE]connected nodes,count=2
info|2023-07-05 22:36:08.972396|[EVENT][SUB][doLoop]event sub tasks report,working event sub count=0,suspend event sub count=0
info|2023-07-05 22:36:28.752126|[SDK][WS][SERVICE]connected nodes,count=2
info|2023-07-05 22:36:28.972865|[EVENT][SUB][doLoop]event sub tasks report,working event sub count=0,suspend event sub count=0
info|2023-07-05 22:36:48.752813|[SDK][WS][SERVICE]connected nodes,count=2
info|2023-07-05 22:36:48.972925|[EVENT][SUB][doLoop]event sub tasks report,working event sub count=0,suspend event sub count=0
info|2023-07-05 22:37:08.753007|[SDK][WS][SERVICE]connected nodes,count=2
info|2023-07-05 22:37:08.994777|[EVENT][SUB][doLoop]event sub tasks report,working event sub count=0,suspend event sub count=0
info|2023-07-05 22:37:28.753403|[SDK][WS][SERVICE]connected nodes,count=2
info|2023-07-05 22:37:28.995299|[EVENT][SUB][doLoop]event sub tasks report,working event sub count=0,suspend event sub count=0
info|2023-07-05 22:37:48.753977|[SDK][WS][SERVICE]connected nodes,count=2
info|2023-07-05 22:37:48.995369|[EVENT][SUB][doLoop]event sub tasks report,working event sub count=0,suspend event sub count=0
info|2023-07-05 22:38:08.754251|[SDK][WS][SERVICE]connected nodes,count=2
info|2023-07-05 22:38:08.996489|[EVENT][SUB][doLoop]event sub tasks report,working event sub count=0,suspend event sub count=0
info|2023-07-05 22:38:28.754689|[SDK][WS][SERVICE]connected nodes,count=2
info|2023-07-05 22:38:28.996659|[EVENT][SUB][doLoop]event sub tasks report,working event sub count=0,suspend event sub count=0
info|2023-07-05 22:38:48.754930|[SDK][WS][SERVICE]connected nodes,count=2
info|2023-07-05 22:38:48.997193|[EVENT][SUB][doLoop]event sub tasks report,working event sub count=0,suspend event sub count=0
info|2023-07-05 22:39:08.755314|[SDK][WS][SERVICE]connected nodes,count=2
info|2023-07-05 22:39:08.998606|[EVENT][SUB][doLoop]event sub tasks report,working event sub count=0,suspend event sub count=0
info|2023-07-05 22:39:28.755533|[SDK][WS][SERVICE]connected nodes,count=2
info|2023-07-05 22:39:28.998696|[EVENT][SUB][doLoop]event sub tasks report,working event sub count=0,suspend event sub count=0
info|2023-07-05 22:39:48.755746|[SDK][WS][SERVICE]connected nodes,count=2
info|2023-07-05 22:39:48.998794|[EVENT][SUB][doLoop]event sub tasks report,working event sub count=0,suspend event sub count=0
info|2023-07-05 22:40:08.756204|[SDK][WS][SERVICE]connected nodes,count=2
info|2023-07-05 22:40:08.998932|[EVENT][SUB][doLoop]event sub tasks report,working event sub count=0,suspend event sub count=0
info|2023-07-05 22:40:28.756640|[SDK][WS][SERVICE]connected nodes,count=2
info|2023-07-05 22:40:28.998963|[EVENT][SUB][doLoop]event sub tasks report,working event sub count=0,suspend event sub count=0
info|2023-07-05 22:40:48.757240|[SDK][WS][SERVICE]connected nodes,count=2
info|2023-07-05 22:40:48.999121|[EVENT][SUB][doLoop]event sub tasks report,working event sub count=0,suspend event sub count=0
info|2023-07-05 22:41:08.757721|[SDK][WS][SERVICE]connected nodes,count=2
info|2023-07-05 22:41:08.999662|[EVENT][SUB][doLoop]event sub tasks report,working event sub count=0,suspend event sub count=0
info|2023-07-05 22:41:28.757991|[SDK][WS][SERVICE]connected nodes,count=2
info|2023-07-05 22:41:29.000161|[EVENT][SUB][doLoop]event sub tasks report,working event sub count=0,suspend event sub count=0
info|2023-07-05 22:41:48.758333|[SDK][WS][SERVICE]connected nodes,count=2
info|2023-07-05 22:41:49.001723|[EVENT][SUB][doLoop]event sub tasks report,working event sub count=0,suspend event sub count=0
info|2023-07-05 22:42:08.758506|[SDK][WS][SERVICE]connected nodes,count=2
info|2023-07-05 22:42:09.019895|[EVENT][SUB][doLoop]event sub tasks report,working event sub count=0,suspend event sub count=0
info|2023-07-05 22:42:28.759174|[SDK][WS][SERVICE]connected nodes,count=2
info|2023-07-05 22:42:29.020307|[EVENT][SUB][doLoop]event sub tasks report,working event sub count=0,suspend event sub count=0
info|2023-07-05 22:42:48.759605|[SDK][WS][SERVICE]connected nodes,count=2
info|2023-07-05 22:42:49.020518|[EVENT][SUB][doLoop]event sub tasks report,working event sub count=0,suspend event sub count=0
info|2023-07-05 22:43:02.696991|[RPC][BLOCK][NUMBER][fromJson],group=group0,node=2f993327933ad58672518b6d4f63920cbc68b80f78f4d81192552ee6362f5cc81ee13bdc678ad65f06e76444cadb53b33694cfb3fc7679b8000411975fedd28a,blockNumber=665
info|2023-07-05 22:43:02.697024|[RPCWS][SERVICE][onRecvBlockNotifier]receive block number notifier,group=group0,node=2f993327933ad58672518b6d4f63920cbc68b80f78f4d81192552ee6362f5cc81ee13bdc678ad65f06e76444cadb53b33694cfb3fc7679b8000411975fedd28a,blockNumber=665
info|2023-07-05 22:43:02.697033|[RPCWS][SERVICE][updateGroupBlockNumber],groupID=group0,_blockNumber=665
info|2023-07-05 22:43:02.697039|[RPCWS][SERVICE][onRecvBlockNotifier]block notifier callback,group=group0,node=2f993327933ad58672518b6d4f63920cbc68b80f78f4d81192552ee6362f5cc81ee13bdc678ad65f06e76444cadb53b33694cfb3fc7679b8000411975fedd28a,blockNumber=665
info|2023-07-05 22:43:02.697045|[WS]receive block notify,endpoint=127.0.0.1:20201,blk={
	"blockNumber" : 665,
	"group" : "group0",
	"nodeName" : "2f993327933ad58672518b6d4f63920cbc68b80f78f4d81192552ee6362f5cc81ee13bdc678ad65f06e76444cadb53b33694cfb3fc7679b8000411975fedd28a"
}
info|2023-07-05 22:43:02.792011|[RPC][BLOCK][NUMBER][fromJson],group=group0,node=98a7f70ec883a722219d92253cf073a72605f4087aa3443c8e4aadc0af2dc3ac647d0fa1b5ac99cd6987abafe6d690ae71cd5fd2aeeabe7589bfb4748aabdfba,blockNumber=665
info|2023-07-05 22:43:02.798935|[RPCWS][SERVICE][onRecvBlockNotifier]receive block number notifier,group=group0,node=98a7f70ec883a722219d92253cf073a72605f4087aa3443c8e4aadc0af2dc3ac647d0fa1b5ac99cd6987abafe6d690ae71cd5fd2aeeabe7589bfb4748aabdfba,blockNumber=665
info|2023-07-05 22:43:02.798989|[WS]receive block notify,endpoint=127.0.0.1:20200,blk={
	"blockNumber" : 665,
	"group" : "group0",
	"nodeName" : "98a7f70ec883a722219d92253cf073a72605f4087aa3443c8e4aadc0af2dc3ac647d0fa1b5ac99cd6987abafe6d690ae71cd5fd2aeeabe7589bfb4748aabdfba"
}
info|2023-07-05 22:43:03.395273|[RPC][BLOCK][NUMBER][fromJson],group=group0,node=98a7f70ec883a722219d92253cf073a72605f4087aa3443c8e4aadc0af2dc3ac647d0fa1b5ac99cd6987abafe6d690ae71cd5fd2aeeabe7589bfb4748aabdfba,blockNumber=666
info|2023-07-05 22:43:03.395401|[RPCWS][SERVICE][onRecvBlockNotifier]receive block number notifier,group=group0,node=98a7f70ec883a722219d92253cf073a72605f4087aa3443c8e4aadc0af2dc3ac647d0fa1b5ac99cd6987abafe6d690ae71cd5fd2aeeabe7589bfb4748aabdfba,blockNumber=666
info|2023-07-05 22:43:03.395468|[RPCWS][SERVICE][updateGroupBlockNumber],groupID=group0,_blockNumber=666
info|2023-07-05 22:43:03.395482|[RPCWS][SERVICE][onRecvBlockNotifier]block notifier callback,group=group0,node=98a7f70ec883a722219d92253cf073a72605f4087aa3443c8e4aadc0af2dc3ac647d0fa1b5ac99cd6987abafe6d690ae71cd5fd2aeeabe7589bfb4748aabdfba,blockNumber=666
info|2023-07-05 22:43:03.395492|[WS]receive block notify,endpoint=127.0.0.1:20200,blk={
	"blockNumber" : 666,
	"group" : "group0",
	"nodeName" : "98a7f70ec883a722219d92253cf073a72605f4087aa3443c8e4aadc0af2dc3ac647d0fa1b5ac99cd6987abafe6d690ae71cd5fd2aeeabe7589bfb4748aabdfba"
}
info|2023-07-05 22:43:03.417757|[RPC][BLOCK][NUMBER][fromJson],group=group0,node=2f993327933ad58672518b6d4f63920cbc68b80f78f4d81192552ee6362f5cc81ee13bdc678ad65f06e76444cadb53b33694cfb3fc7679b8000411975fedd28a,blockNumber=666
info|2023-07-05 22:43:03.417882|[RPCWS][SERVICE][onRecvBlockNotifier]receive block number notifier,group=group0,node=2f993327933ad58672518b6d4f63920cbc68b80f78f4d81192552ee6362f5cc81ee13bdc678ad65f06e76444cadb53b33694cfb3fc7679b8000411975fedd28a,blockNumber=666
info|2023-07-05 22:43:03.417902|[WS]receive block notify,endpoint=127.0.0.1:20201,blk={
	"blockNumber" : 666,
	"group" : "group0",
	"nodeName" : "2f993327933ad58672518b6d4f63920cbc68b80f78f4d81192552ee6362f5cc81ee13bdc678ad65f06e76444cadb53b33694cfb3fc7679b8000411975fedd28a"
}
info|2023-07-05 22:43:03.838195|[RPC][BLOCK][NUMBER][fromJson],group=group0,node=98a7f70ec883a722219d92253cf073a72605f4087aa3443c8e4aadc0af2dc3ac647d0fa1b5ac99cd6987abafe6d690ae71cd5fd2aeeabe7589bfb4748aabdfba,blockNumber=667
info|2023-07-05 22:43:03.838259|[RPCWS][SERVICE][onRecvBlockNotifier]receive block number notifier,group=group0,node=98a7f70ec883a722219d92253cf073a72605f4087aa3443c8e4aadc0af2dc3ac647d0fa1b5ac99cd6987abafe6d690ae71cd5fd2aeeabe7589bfb4748aabdfba,blockNumber=667
info|2023-07-05 22:43:03.838277|[RPCWS][SERVICE][updateGroupBlockNumber],groupID=group0,_blockNumber=667
info|2023-07-05 22:43:03.838289|[RPCWS][SERVICE][onRecvBlockNotifier]block notifier callback,group=group0,node=98a7f70ec883a722219d92253cf073a72605f4087aa3443c8e4aadc0af2dc3ac647d0fa1b5ac99cd6987abafe6d690ae71cd5fd2aeeabe7589bfb4748aabdfba,blockNumber=667
info|2023-07-05 22:43:03.838302|[WS]receive block notify,endpoint=127.0.0.1:20200,blk={
	"blockNumber" : 667,
	"group" : "group0",
	"nodeName" : "98a7f70ec883a722219d92253cf073a72605f4087aa3443c8e4aadc0af2dc3ac647d0fa1b5ac99cd6987abafe6d690ae71cd5fd2aeeabe7589bfb4748aabdfba"
}
info|2023-07-05 22:43:03.882088|[RPC][BLOCK][NUMBER][fromJson],group=group0,node=2f993327933ad58672518b6d4f63920cbc68b80f78f4d81192552ee6362f5cc81ee13bdc678ad65f06e76444cadb53b33694cfb3fc7679b8000411975fedd28a,blockNumber=667
info|2023-07-05 22:43:03.882149|[RPCWS][SERVICE][onRecvBlockNotifier]receive block number notifier,group=group0,node=2f993327933ad58672518b6d4f63920cbc68b80f78f4d81192552ee6362f5cc81ee13bdc678ad65f06e76444cadb53b33694cfb3fc7679b8000411975fedd28a,blockNumber=667
info|2023-07-05 22:43:03.882170|[WS]receive block notify,endpoint=127.0.0.1:20201,blk={
	"blockNumber" : 667,
	"group" : "group0",
	"nodeName" : "2f993327933ad58672518b6d4f63920cbc68b80f78f4d81192552ee6362f5cc81ee13bdc678ad65f06e76444cadb53b33694cfb3fc7679b8000411975fedd28a"
}
info|2023-07-05 22:43:04.380184|[RPC][BLOCK][NUMBER][fromJson],group=group0,node=98a7f70ec883a722219d92253cf073a72605f4087aa3443c8e4aadc0af2dc3ac647d0fa1b5ac99cd6987abafe6d690ae71cd5fd2aeeabe7589bfb4748aabdfba,blockNumber=668
info|2023-07-05 22:43:04.380221|[RPCWS][SERVICE][onRecvBlockNotifier]receive block number notifier,group=group0,node=98a7f70ec883a722219d92253cf073a72605f4087aa3443c8e4aadc0af2dc3ac647d0fa1b5ac99cd6987abafe6d690ae71cd5fd2aeeabe7589bfb4748aabdfba,blockNumber=668
info|2023-07-05 22:43:04.380228|[RPCWS][SERVICE][updateGroupBlockNumber],groupID=group0,_blockNumber=668
info|2023-07-05 22:43:04.380234|[RPCWS][SERVICE][onRecvBlockNotifier]block notifier callback,group=group0,node=98a7f70ec883a722219d92253cf073a72605f4087aa3443c8e4aadc0af2dc3ac647d0fa1b5ac99cd6987abafe6d690ae71cd5fd2aeeabe7589bfb4748aabdfba,blockNumber=668
info|2023-07-05 22:43:04.380238|[WS]receive block notify,endpoint=127.0.0.1:20200,blk={
	"blockNumber" : 668,
	"group" : "group0",
	"nodeName" : "98a7f70ec883a722219d92253cf073a72605f4087aa3443c8e4aadc0af2dc3ac647d0fa1b5ac99cd6987abafe6d690ae71cd5fd2aeeabe7589bfb4748aabdfba"
}
info|2023-07-05 22:43:04.381481|[RPC][BLOCK][NUMBER][fromJson],group=group0,node=2f993327933ad58672518b6d4f63920cbc68b80f78f4d81192552ee6362f5cc81ee13bdc678ad65f06e76444cadb53b33694cfb3fc7679b8000411975fedd28a,blockNumber=668
info|2023-07-05 22:43:04.381506|[RPCWS][SERVICE][onRecvBlockNotifier]receive block number notifier,group=group0,node=2f993327933ad58672518b6d4f63920cbc68b80f78f4d81192552ee6362f5cc81ee13bdc678ad65f06e76444cadb53b33694cfb3fc7679b8000411975fedd28a,blockNumber=668
info|2023-07-05 22:43:04.381514|[WS]receive block notify,endpoint=127.0.0.1:20201,blk={
	"blockNumber" : 668,
	"group" : "group0",
	"nodeName" : "2f993327933ad58672518b6d4f63920cbc68b80f78f4d81192552ee6362f5cc81ee13bdc678ad65f06e76444cadb53b33694cfb3fc7679b8000411975fedd28a"
}
info|2023-07-05 22:43:04.939828|[RPC][BLOCK][NUMBER][fromJson],group=group0,node=2f993327933ad58672518b6d4f63920cbc68b80f78f4d81192552ee6362f5cc81ee13bdc678ad65f06e76444cadb53b33694cfb3fc7679b8000411975fedd28a,blockNumber=669
info|2023-07-05 22:43:04.939851|[RPCWS][SERVICE][onRecvBlockNotifier]receive block number notifier,group=group0,node=2f993327933ad58672518b6d4f63920cbc68b80f78f4d81192552ee6362f5cc81ee13bdc678ad65f06e76444cadb53b33694cfb3fc7679b8000411975fedd28a,blockNumber=669
info|2023-07-05 22:43:04.939857|[RPCWS][SERVICE][updateGroupBlockNumber],groupID=group0,_blockNumber=669
info|2023-07-05 22:43:04.939861|[RPCWS][SERVICE][onRecvBlockNotifier]block notifier callback,group=group0,node=2f993327933ad58672518b6d4f63920cbc68b80f78f4d81192552ee6362f5cc81ee13bdc678ad65f06e76444cadb53b33694cfb3fc7679b8000411975fedd28a,blockNumber=669
info|2023-07-05 22:43:04.939885|[WS]receive block notify,endpoint=127.0.0.1:20201,blk={
	"blockNumber" : 669,
	"group" : "group0",
	"nodeName" : "2f993327933ad58672518b6d4f63920cbc68b80f78f4d81192552ee6362f5cc81ee13bdc678ad65f06e76444cadb53b33694cfb3fc7679b8000411975fedd28a"
}
info|2023-07-05 22:43:04.948419|[RPC][BLOCK][NUMBER][fromJson],group=group0,node=98a7f70ec883a722219d92253cf073a72605f4087aa3443c8e4aadc0af2dc3ac647d0fa1b5ac99cd6987abafe6d690ae71cd5fd2aeeabe7589bfb4748aabdfba,blockNumber=669
info|2023-07-05 22:43:04.948515|[RPCWS][SERVICE][onRecvBlockNotifier]receive block number notifier,group=group0,node=98a7f70ec883a722219d92253cf073a72605f4087aa3443c8e4aadc0af2dc3ac647d0fa1b5ac99cd6987abafe6d690ae71cd5fd2aeeabe7589bfb4748aabdfba,blockNumber=669
info|2023-07-05 22:43:04.948547|[WS]receive block notify,endpoint=127.0.0.1:20200,blk={
	"blockNumber" : 669,
	"group" : "group0",
	"nodeName" : "98a7f70ec883a722219d92253cf073a72605f4087aa3443c8e4aadc0af2dc3ac647d0fa1b5ac99cd6987abafe6d690ae71cd5fd2aeeabe7589bfb4748aabdfba"
}
info|2023-07-05 22:43:05.520330|[RPC][BLOCK][NUMBER][fromJson],group=group0,node=2f993327933ad58672518b6d4f63920cbc68b80f78f4d81192552ee6362f5cc81ee13bdc678ad65f06e76444cadb53b33694cfb3fc7679b8000411975fedd28a,blockNumber=670
info|2023-07-05 22:43:05.520383|[RPCWS][SERVICE][onRecvBlockNotifier]receive block number notifier,group=group0,node=2f993327933ad58672518b6d4f63920cbc68b80f78f4d81192552ee6362f5cc81ee13bdc678ad65f06e76444cadb53b33694cfb3fc7679b8000411975fedd28a,blockNumber=670
info|2023-07-05 22:43:05.520390|[RPCWS][SERVICE][updateGroupBlockNumber],groupID=group0,_blockNumber=670
info|2023-07-05 22:43:05.520395|[RPCWS][SERVICE][onRecvBlockNotifier]block notifier callback,group=group0,node=2f993327933ad58672518b6d4f63920cbc68b80f78f4d81192552ee6362f5cc81ee13bdc678ad65f06e76444cadb53b33694cfb3fc7679b8000411975fedd28a,blockNumber=670
info|2023-07-05 22:43:05.520399|[WS]receive block notify,endpoint=127.0.0.1:20201,blk={
	"blockNumber" : 670,
	"group" : "group0",
	"nodeName" : "2f993327933ad58672518b6d4f63920cbc68b80f78f4d81192552ee6362f5cc81ee13bdc678ad65f06e76444cadb53b33694cfb3fc7679b8000411975fedd28a"
}
info|2023-07-05 22:43:05.527385|[RPC][BLOCK][NUMBER][fromJson],group=group0,node=98a7f70ec883a722219d92253cf073a72605f4087aa3443c8e4aadc0af2dc3ac647d0fa1b5ac99cd6987abafe6d690ae71cd5fd2aeeabe7589bfb4748aabdfba,blockNumber=670
info|2023-07-05 22:43:05.527445|[RPCWS][SERVICE][onRecvBlockNotifier]receive block number notifier,group=group0,node=98a7f70ec883a722219d92253cf073a72605f4087aa3443c8e4aadc0af2dc3ac647d0fa1b5ac99cd6987abafe6d690ae71cd5fd2aeeabe7589bfb4748aabdfba,blockNumber=670
info|2023-07-05 22:43:05.527456|[WS]receive block notify,endpoint=127.0.0.1:20200,blk={
	"blockNumber" : 670,
	"group" : "group0",
	"nodeName" : "98a7f70ec883a722219d92253cf073a72605f4087aa3443c8e4aadc0af2dc3ac647d0fa1b5ac99cd6987abafe6d690ae71cd5fd2aeeabe7589bfb4748aabdfba"
}
info|2023-07-05 22:43:06.117809|[RPC][BLOCK][NUMBER][fromJson],group=group0,node=98a7f70ec883a722219d92253cf073a72605f4087aa3443c8e4aadc0af2dc3ac647d0fa1b5ac99cd6987abafe6d690ae71cd5fd2aeeabe7589bfb4748aabdfba,blockNumber=671
info|2023-07-05 22:43:06.117830|[RPCWS][SERVICE][onRecvBlockNotifier]receive block number notifier,group=group0,node=98a7f70ec883a722219d92253cf073a72605f4087aa3443c8e4aadc0af2dc3ac647d0fa1b5ac99cd6987abafe6d690ae71cd5fd2aeeabe7589bfb4748aabdfba,blockNumber=671
info|2023-07-05 22:43:06.117835|[RPCWS][SERVICE][updateGroupBlockNumber],groupID=group0,_blockNumber=671
info|2023-07-05 22:43:06.117839|[RPCWS][SERVICE][onRecvBlockNotifier]block notifier callback,group=group0,node=98a7f70ec883a722219d92253cf073a72605f4087aa3443c8e4aadc0af2dc3ac647d0fa1b5ac99cd6987abafe6d690ae71cd5fd2aeeabe7589bfb4748aabdfba,blockNumber=671
info|2023-07-05 22:43:06.117843|[WS]receive block notify,endpoint=127.0.0.1:20200,blk={
	"blockNumber" : 671,
	"group" : "group0",
	"nodeName" : "98a7f70ec883a722219d92253cf073a72605f4087aa3443c8e4aadc0af2dc3ac647d0fa1b5ac99cd6987abafe6d690ae71cd5fd2aeeabe7589bfb4748aabdfba"
}
info|2023-07-05 22:43:06.120921|[RPC][BLOCK][NUMBER][fromJson],group=group0,node=2f993327933ad58672518b6d4f63920cbc68b80f78f4d81192552ee6362f5cc81ee13bdc678ad65f06e76444cadb53b33694cfb3fc7679b8000411975fedd28a,blockNumber=671
info|2023-07-05 22:43:06.120977|[RPCWS][SERVICE][onRecvBlockNotifier]receive block number notifier,group=group0,node=2f993327933ad58672518b6d4f63920cbc68b80f78f4d81192552ee6362f5cc81ee13bdc678ad65f06e76444cadb53b33694cfb3fc7679b8000411975fedd28a,blockNumber=671
info|2023-07-05 22:43:06.120986|[WS]receive block notify,endpoint=127.0.0.1:20201,blk={
	"blockNumber" : 671,
	"group" : "group0",
	"nodeName" : "2f993327933ad58672518b6d4f63920cbc68b80f78f4d81192552ee6362f5cc81ee13bdc678ad65f06e76444cadb53b33694cfb3fc7679b8000411975fedd28a"
}
info|2023-07-05 22:43:06.666700|[RPC][BLOCK][NUMBER][fromJson],group=group0,node=98a7f70ec883a722219d92253cf073a72605f4087aa3443c8e4aadc0af2dc3ac647d0fa1b5ac99cd6987abafe6d690ae71cd5fd2aeeabe7589bfb4748aabdfba,blockNumber=672
info|2023-07-05 22:43:06.666727|[RPCWS][SERVICE][onRecvBlockNotifier]receive block number notifier,group=group0,node=98a7f70ec883a722219d92253cf073a72605f4087aa3443c8e4aadc0af2dc3ac647d0fa1b5ac99cd6987abafe6d690ae71cd5fd2aeeabe7589bfb4748aabdfba,blockNumber=672
info|2023-07-05 22:43:06.666733|[RPCWS][SERVICE][updateGroupBlockNumber],groupID=group0,_blockNumber=672
info|2023-07-05 22:43:06.666738|[RPCWS][SERVICE][onRecvBlockNotifier]block notifier callback,group=group0,node=98a7f70ec883a722219d92253cf073a72605f4087aa3443c8e4aadc0af2dc3ac647d0fa1b5ac99cd6987abafe6d690ae71cd5fd2aeeabe7589bfb4748aabdfba,blockNumber=672
info|2023-07-05 22:43:06.666742|[WS]receive block notify,endpoint=127.0.0.1:20200,blk={
	"blockNumber" : 672,
	"group" : "group0",
	"nodeName" : "98a7f70ec883a722219d92253cf073a72605f4087aa3443c8e4aadc0af2dc3ac647d0fa1b5ac99cd6987abafe6d690ae71cd5fd2aeeabe7589bfb4748aabdfba"
}
info|2023-07-05 22:43:06.672014|[RPC][BLOCK][NUMBER][fromJson],group=group0,node=2f993327933ad58672518b6d4f63920cbc68b80f78f4d81192552ee6362f5cc81ee13bdc678ad65f06e76444cadb53b33694cfb3fc7679b8000411975fedd28a,blockNumber=672
info|2023-07-05 22:43:06.672039|[RPCWS][SERVICE][onRecvBlockNotifier]receive block number notifier,group=group0,node=2f993327933ad58672518b6d4f63920cbc68b80f78f4d81192552ee6362f5cc81ee13bdc678ad65f06e76444cadb53b33694cfb3fc7679b8000411975fedd28a,blockNumber=672
info|2023-07-05 22:43:06.672047|[WS]receive block notify,endpoint=127.0.0.1:20201,blk={
	"blockNumber" : 672,
	"group" : "group0",
	"nodeName" : "2f993327933ad58672518b6d4f63920cbc68b80f78f4d81192552ee6362f5cc81ee13bdc678ad65f06e76444cadb53b33694cfb3fc7679b8000411975fedd28a"
}
info|2023-07-05 22:43:07.462569|[RPC][BLOCK][NUMBER][fromJson],group=group0,node=2f993327933ad58672518b6d4f63920cbc68b80f78f4d81192552ee6362f5cc81ee13bdc678ad65f06e76444cadb53b33694cfb3fc7679b8000411975fedd28a,blockNumber=673
info|2023-07-05 22:43:07.462622|[RPCWS][SERVICE][onRecvBlockNotifier]receive block number notifier,group=group0,node=2f993327933ad58672518b6d4f63920cbc68b80f78f4d81192552ee6362f5cc81ee13bdc678ad65f06e76444cadb53b33694cfb3fc7679b8000411975fedd28a,blockNumber=673
info|2023-07-05 22:43:07.462631|[RPCWS][SERVICE][updateGroupBlockNumber],groupID=group0,_blockNumber=673
info|2023-07-05 22:43:07.462637|[RPCWS][SERVICE][onRecvBlockNotifier]block notifier callback,group=group0,node=2f993327933ad58672518b6d4f63920cbc68b80f78f4d81192552ee6362f5cc81ee13bdc678ad65f06e76444cadb53b33694cfb3fc7679b8000411975fedd28a,blockNumber=673
info|2023-07-05 22:43:07.462642|[WS]receive block notify,endpoint=127.0.0.1:20201,blk={
	"blockNumber" : 673,
	"group" : "group0",
	"nodeName" : "2f993327933ad58672518b6d4f63920cbc68b80f78f4d81192552ee6362f5cc81ee13bdc678ad65f06e76444cadb53b33694cfb3fc7679b8000411975fedd28a"
}
info|2023-07-05 22:43:07.466997|[RPC][BLOCK][NUMBER][fromJson],group=group0,node=98a7f70ec883a722219d92253cf073a72605f4087aa3443c8e4aadc0af2dc3ac647d0fa1b5ac99cd6987abafe6d690ae71cd5fd2aeeabe7589bfb4748aabdfba,blockNumber=673
info|2023-07-05 22:43:07.467044|[RPCWS][SERVICE][onRecvBlockNotifier]receive block number notifier,group=group0,node=98a7f70ec883a722219d92253cf073a72605f4087aa3443c8e4aadc0af2dc3ac647d0fa1b5ac99cd6987abafe6d690ae71cd5fd2aeeabe7589bfb4748aabdfba,blockNumber=673
info|2023-07-05 22:43:07.467054|[WS]receive block notify,endpoint=127.0.0.1:20200,blk={
	"blockNumber" : 673,
	"group" : "group0",
	"nodeName" : "98a7f70ec883a722219d92253cf073a72605f4087aa3443c8e4aadc0af2dc3ac647d0fa1b5ac99cd6987abafe6d690ae71cd5fd2aeeabe7589bfb4748aabdfba"
}
info|2023-07-05 22:43:07.860183|[RPC][BLOCK][NUMBER][fromJson],group=group0,node=98a7f70ec883a722219d92253cf073a72605f4087aa3443c8e4aadc0af2dc3ac647d0fa1b5ac99cd6987abafe6d690ae71cd5fd2aeeabe7589bfb4748aabdfba,blockNumber=674
info|2023-07-05 22:43:07.860203|[RPCWS][SERVICE][onRecvBlockNotifier]receive block number notifier,group=group0,node=98a7f70ec883a722219d92253cf073a72605f4087aa3443c8e4aadc0af2dc3ac647d0fa1b5ac99cd6987abafe6d690ae71cd5fd2aeeabe7589bfb4748aabdfba,blockNumber=674
info|2023-07-05 22:43:07.860208|[RPCWS][SERVICE][updateGroupBlockNumber],groupID=group0,_blockNumber=674
info|2023-07-05 22:43:07.860213|[RPCWS][SERVICE][onRecvBlockNotifier]block notifier callback,group=group0,node=98a7f70ec883a722219d92253cf073a72605f4087aa3443c8e4aadc0af2dc3ac647d0fa1b5ac99cd6987abafe6d690ae71cd5fd2aeeabe7589bfb4748aabdfba,blockNumber=674
info|2023-07-05 22:43:07.860216|[WS]receive block notify,endpoint=127.0.0.1:20200,blk={
	"blockNumber" : 674,
	"group" : "group0",
	"nodeName" : "98a7f70ec883a722219d92253cf073a72605f4087aa3443c8e4aadc0af2dc3ac647d0fa1b5ac99cd6987abafe6d690ae71cd5fd2aeeabe7589bfb4748aabdfba"
}
info|2023-07-05 22:43:07.861184|[RPC][BLOCK][NUMBER][fromJson],group=group0,node=2f993327933ad58672518b6d4f63920cbc68b80f78f4d81192552ee6362f5cc81ee13bdc678ad65f06e76444cadb53b33694cfb3fc7679b8000411975fedd28a,blockNumber=674
info|2023-07-05 22:43:07.861208|[RPCWS][SERVICE][onRecvBlockNotifier]receive block number notifier,group=group0,node=2f993327933ad58672518b6d4f63920cbc68b80f78f4d81192552ee6362f5cc81ee13bdc678ad65f06e76444cadb53b33694cfb3fc7679b8000411975fedd28a,blockNumber=674
info|2023-07-05 22:43:07.861215|[WS]receive block notify,endpoint=127.0.0.1:20201,blk={
	"blockNumber" : 674,
	"group" : "group0",
	"nodeName" : "2f993327933ad58672518b6d4f63920cbc68b80f78f4d81192552ee6362f5cc81ee13bdc678ad65f06e76444cadb53b33694cfb3fc7679b8000411975fedd28a"
}
info|2023-07-05 22:43:08.385908|[RPC][BLOCK][NUMBER][fromJson],group=group0,node=2f993327933ad58672518b6d4f63920cbc68b80f78f4d81192552ee6362f5cc81ee13bdc678ad65f06e76444cadb53b33694cfb3fc7679b8000411975fedd28a,blockNumber=675
info|2023-07-05 22:43:08.385945|[RPCWS][SERVICE][onRecvBlockNotifier]receive block number notifier,group=group0,node=2f993327933ad58672518b6d4f63920cbc68b80f78f4d81192552ee6362f5cc81ee13bdc678ad65f06e76444cadb53b33694cfb3fc7679b8000411975fedd28a,blockNumber=675
info|2023-07-05 22:43:08.385952|[RPCWS][SERVICE][updateGroupBlockNumber],groupID=group0,_blockNumber=675
info|2023-07-05 22:43:08.385957|[RPCWS][SERVICE][onRecvBlockNotifier]block notifier callback,group=group0,node=2f993327933ad58672518b6d4f63920cbc68b80f78f4d81192552ee6362f5cc81ee13bdc678ad65f06e76444cadb53b33694cfb3fc7679b8000411975fedd28a,blockNumber=675
info|2023-07-05 22:43:08.385962|[WS]receive block notify,endpoint=127.0.0.1:20201,blk={
	"blockNumber" : 675,
	"group" : "group0",
	"nodeName" : "2f993327933ad58672518b6d4f63920cbc68b80f78f4d81192552ee6362f5cc81ee13bdc678ad65f06e76444cadb53b33694cfb3fc7679b8000411975fedd28a"
}
info|2023-07-05 22:43:08.411650|[RPC][BLOCK][NUMBER][fromJson],group=group0,node=98a7f70ec883a722219d92253cf073a72605f4087aa3443c8e4aadc0af2dc3ac647d0fa1b5ac99cd6987abafe6d690ae71cd5fd2aeeabe7589bfb4748aabdfba,blockNumber=675
info|2023-07-05 22:43:08.411702|[RPCWS][SERVICE][onRecvBlockNotifier]receive block number notifier,group=group0,node=98a7f70ec883a722219d92253cf073a72605f4087aa3443c8e4aadc0af2dc3ac647d0fa1b5ac99cd6987abafe6d690ae71cd5fd2aeeabe7589bfb4748aabdfba,blockNumber=675
info|2023-07-05 22:43:08.411714|[WS]receive block notify,endpoint=127.0.0.1:20200,blk={
	"blockNumber" : 675,
	"group" : "group0",
	"nodeName" : "98a7f70ec883a722219d92253cf073a72605f4087aa3443c8e4aadc0af2dc3ac647d0fa1b5ac99cd6987abafe6d690ae71cd5fd2aeeabe7589bfb4748aabdfba"
}
info|2023-07-05 22:43:08.760748|[SDK][WS][SERVICE]connected nodes,count=2
info|2023-07-05 22:43:09.004878|[RPC][BLOCK][NUMBER][fromJson],group=group0,node=98a7f70ec883a722219d92253cf073a72605f4087aa3443c8e4aadc0af2dc3ac647d0fa1b5ac99cd6987abafe6d690ae71cd5fd2aeeabe7589bfb4748aabdfba,blockNumber=676
info|2023-07-05 22:43:09.004926|[RPCWS][SERVICE][onRecvBlockNotifier]receive block number notifier,group=group0,node=98a7f70ec883a722219d92253cf073a72605f4087aa3443c8e4aadc0af2dc3ac647d0fa1b5ac99cd6987abafe6d690ae71cd5fd2aeeabe7589bfb4748aabdfba,blockNumber=676
info|2023-07-05 22:43:09.004934|[RPCWS][SERVICE][updateGroupBlockNumber],groupID=group0,_blockNumber=676
info|2023-07-05 22:43:09.004939|[RPCWS][SERVICE][onRecvBlockNotifier]block notifier callback,group=group0,node=98a7f70ec883a722219d92253cf073a72605f4087aa3443c8e4aadc0af2dc3ac647d0fa1b5ac99cd6987abafe6d690ae71cd5fd2aeeabe7589bfb4748aabdfba,blockNumber=676
info|2023-07-05 22:43:09.004942|[WS]receive block notify,endpoint=127.0.0.1:20200,blk={
	"blockNumber" : 676,
	"group" : "group0",
	"nodeName" : "98a7f70ec883a722219d92253cf073a72605f4087aa3443c8e4aadc0af2dc3ac647d0fa1b5ac99cd6987abafe6d690ae71cd5fd2aeeabe7589bfb4748aabdfba"
}
info|2023-07-05 22:43:09.012703|[RPC][BLOCK][NUMBER][fromJson],group=group0,node=2f993327933ad58672518b6d4f63920cbc68b80f78f4d81192552ee6362f5cc81ee13bdc678ad65f06e76444cadb53b33694cfb3fc7679b8000411975fedd28a,blockNumber=676
info|2023-07-05 22:43:09.012726|[RPCWS][SERVICE][onRecvBlockNotifier]receive block number notifier,group=group0,node=2f993327933ad58672518b6d4f63920cbc68b80f78f4d81192552ee6362f5cc81ee13bdc678ad65f06e76444cadb53b33694cfb3fc7679b8000411975fedd28a,blockNumber=676
info|2023-07-05 22:43:09.012733|[WS]receive block notify,endpoint=127.0.0.1:20201,blk={
	"blockNumber" : 676,
	"group" : "group0",
	"nodeName" : "2f993327933ad58672518b6d4f63920cbc68b80f78f4d81192552ee6362f5cc81ee13bdc678ad65f06e76444cadb53b33694cfb3fc7679b8000411975fedd28a"
}
info|2023-07-05 22:43:09.022649|[EVENT][SUB][doLoop]event sub tasks report,working event sub count=0,suspend event sub count=0
info|2023-07-05 22:43:09.453465|[RPC][BLOCK][NUMBER][fromJson],group=group0,node=98a7f70ec883a722219d92253cf073a72605f4087aa3443c8e4aadc0af2dc3ac647d0fa1b5ac99cd6987abafe6d690ae71cd5fd2aeeabe7589bfb4748aabdfba,blockNumber=677
info|2023-07-05 22:43:09.453525|[RPCWS][SERVICE][onRecvBlockNotifier]receive block number notifier,group=group0,node=98a7f70ec883a722219d92253cf073a72605f4087aa3443c8e4aadc0af2dc3ac647d0fa1b5ac99cd6987abafe6d690ae71cd5fd2aeeabe7589bfb4748aabdfba,blockNumber=677
info|2023-07-05 22:43:09.453534|[RPCWS][SERVICE][updateGroupBlockNumber],groupID=group0,_blockNumber=677
info|2023-07-05 22:43:09.453539|[RPCWS][SERVICE][onRecvBlockNotifier]block notifier callback,group=group0,node=98a7f70ec883a722219d92253cf073a72605f4087aa3443c8e4aadc0af2dc3ac647d0fa1b5ac99cd6987abafe6d690ae71cd5fd2aeeabe7589bfb4748aabdfba,blockNumber=677
info|2023-07-05 22:43:09.453543|[WS]receive block notify,endpoint=127.0.0.1:20200,blk={
	"blockNumber" : 677,
	"group" : "group0",
	"nodeName" : "98a7f70ec883a722219d92253cf073a72605f4087aa3443c8e4aadc0af2dc3ac647d0fa1b5ac99cd6987abafe6d690ae71cd5fd2aeeabe7589bfb4748aabdfba"
}
info|2023-07-05 22:43:09.462340|[RPC][BLOCK][NUMBER][fromJson],group=group0,node=2f993327933ad58672518b6d4f63920cbc68b80f78f4d81192552ee6362f5cc81ee13bdc678ad65f06e76444cadb53b33694cfb3fc7679b8000411975fedd28a,blockNumber=677
info|2023-07-05 22:43:09.462373|[RPCWS][SERVICE][onRecvBlockNotifier]receive block number notifier,group=group0,node=2f993327933ad58672518b6d4f63920cbc68b80f78f4d81192552ee6362f5cc81ee13bdc678ad65f06e76444cadb53b33694cfb3fc7679b8000411975fedd28a,blockNumber=677
info|2023-07-05 22:43:09.462393|[WS]receive block notify,endpoint=127.0.0.1:20201,blk={
	"blockNumber" : 677,
	"group" : "group0",
	"nodeName" : "2f993327933ad58672518b6d4f63920cbc68b80f78f4d81192552ee6362f5cc81ee13bdc678ad65f06e76444cadb53b33694cfb3fc7679b8000411975fedd28a"
}
info|2023-07-05 22:43:10.005091|[RPC][BLOCK][NUMBER][fromJson],group=group0,node=2f993327933ad58672518b6d4f63920cbc68b80f78f4d81192552ee6362f5cc81ee13bdc678ad65f06e76444cadb53b33694cfb3fc7679b8000411975fedd28a,blockNumber=678
info|2023-07-05 22:43:10.005118|[RPCWS][SERVICE][onRecvBlockNotifier]receive block number notifier,group=group0,node=2f993327933ad58672518b6d4f63920cbc68b80f78f4d81192552ee6362f5cc81ee13bdc678ad65f06e76444cadb53b33694cfb3fc7679b8000411975fedd28a,blockNumber=678
info|2023-07-05 22:43:10.005123|[RPCWS][SERVICE][updateGroupBlockNumber],groupID=group0,_blockNumber=678
info|2023-07-05 22:43:10.005127|[RPCWS][SERVICE][onRecvBlockNotifier]block notifier callback,group=group0,node=2f993327933ad58672518b6d4f63920cbc68b80f78f4d81192552ee6362f5cc81ee13bdc678ad65f06e76444cadb53b33694cfb3fc7679b8000411975fedd28a,blockNumber=678
info|2023-07-05 22:43:10.005131|[WS]receive block notify,endpoint=127.0.0.1:20201,blk={
	"blockNumber" : 678,
	"group" : "group0",
	"nodeName" : "2f993327933ad58672518b6d4f63920cbc68b80f78f4d81192552ee6362f5cc81ee13bdc678ad65f06e76444cadb53b33694cfb3fc7679b8000411975fedd28a"
}
info|2023-07-05 22:43:10.018795|[RPC][BLOCK][NUMBER][fromJson],group=group0,node=98a7f70ec883a722219d92253cf073a72605f4087aa3443c8e4aadc0af2dc3ac647d0fa1b5ac99cd6987abafe6d690ae71cd5fd2aeeabe7589bfb4748aabdfba,blockNumber=678
info|2023-07-05 22:43:10.018815|[RPCWS][SERVICE][onRecvBlockNotifier]receive block number notifier,group=group0,node=98a7f70ec883a722219d92253cf073a72605f4087aa3443c8e4aadc0af2dc3ac647d0fa1b5ac99cd6987abafe6d690ae71cd5fd2aeeabe7589bfb4748aabdfba,blockNumber=678
info|2023-07-05 22:43:10.018822|[WS]receive block notify,endpoint=127.0.0.1:20200,blk={
	"blockNumber" : 678,
	"group" : "group0",
	"nodeName" : "98a7f70ec883a722219d92253cf073a72605f4087aa3443c8e4aadc0af2dc3ac647d0fa1b5ac99cd6987abafe6d690ae71cd5fd2aeeabe7589bfb4748aabdfba"
}
info|2023-07-05 22:43:10.590987|[RPC][BLOCK][NUMBER][fromJson],group=group0,node=2f993327933ad58672518b6d4f63920cbc68b80f78f4d81192552ee6362f5cc81ee13bdc678ad65f06e76444cadb53b33694cfb3fc7679b8000411975fedd28a,blockNumber=679
info|2023-07-05 22:43:10.591094|[RPCWS][SERVICE][onRecvBlockNotifier]receive block number notifier,group=group0,node=2f993327933ad58672518b6d4f63920cbc68b80f78f4d81192552ee6362f5cc81ee13bdc678ad65f06e76444cadb53b33694cfb3fc7679b8000411975fedd28a,blockNumber=679
info|2023-07-05 22:43:10.591115|[RPCWS][SERVICE][updateGroupBlockNumber],groupID=group0,_blockNumber=679
info|2023-07-05 22:43:10.591129|[RPCWS][SERVICE][onRecvBlockNotifier]block notifier callback,group=group0,node=2f993327933ad58672518b6d4f63920cbc68b80f78f4d81192552ee6362f5cc81ee13bdc678ad65f06e76444cadb53b33694cfb3fc7679b8000411975fedd28a,blockNumber=679
info|2023-07-05 22:43:10.591142|[WS]receive block notify,endpoint=127.0.0.1:20201,blk={
	"blockNumber" : 679,
	"group" : "group0",
	"nodeName" : "2f993327933ad58672518b6d4f63920cbc68b80f78f4d81192552ee6362f5cc81ee13bdc678ad65f06e76444cadb53b33694cfb3fc7679b8000411975fedd28a"
}
info|2023-07-05 22:43:10.604429|[RPC][BLOCK][NUMBER][fromJson],group=group0,node=98a7f70ec883a722219d92253cf073a72605f4087aa3443c8e4aadc0af2dc3ac647d0fa1b5ac99cd6987abafe6d690ae71cd5fd2aeeabe7589bfb4748aabdfba,blockNumber=679
info|2023-07-05 22:43:10.604554|[RPCWS][SERVICE][onRecvBlockNotifier]receive block number notifier,group=group0,node=98a7f70ec883a722219d92253cf073a72605f4087aa3443c8e4aadc0af2dc3ac647d0fa1b5ac99cd6987abafe6d690ae71cd5fd2aeeabe7589bfb4748aabdfba,blockNumber=679
info|2023-07-05 22:43:10.604582|[WS]receive block notify,endpoint=127.0.0.1:20200,blk={
	"blockNumber" : 679,
	"group" : "group0",
	"nodeName" : "98a7f70ec883a722219d92253cf073a72605f4087aa3443c8e4aadc0af2dc3ac647d0fa1b5ac99cd6987abafe6d690ae71cd5fd2aeeabe7589bfb4748aabdfba"
}
info|2023-07-05 22:43:11.116019|[RPC][BLOCK][NUMBER][fromJson],group=group0,node=98a7f70ec883a722219d92253cf073a72605f4087aa3443c8e4aadc0af2dc3ac647d0fa1b5ac99cd6987abafe6d690ae71cd5fd2aeeabe7589bfb4748aabdfba,blockNumber=680
info|2023-07-05 22:43:11.116042|[RPCWS][SERVICE][onRecvBlockNotifier]receive block number notifier,group=group0,node=98a7f70ec883a722219d92253cf073a72605f4087aa3443c8e4aadc0af2dc3ac647d0fa1b5ac99cd6987abafe6d690ae71cd5fd2aeeabe7589bfb4748aabdfba,blockNumber=680
info|2023-07-05 22:43:11.116048|[RPCWS][SERVICE][updateGroupBlockNumber],groupID=group0,_blockNumber=680
info|2023-07-05 22:43:11.116052|[RPCWS][SERVICE][onRecvBlockNotifier]block notifier callback,group=group0,node=98a7f70ec883a722219d92253cf073a72605f4087aa3443c8e4aadc0af2dc3ac647d0fa1b5ac99cd6987abafe6d690ae71cd5fd2aeeabe7589bfb4748aabdfba,blockNumber=680
info|2023-07-05 22:43:11.116057|[WS]receive block notify,endpoint=127.0.0.1:20200,blk={
	"blockNumber" : 680,
	"group" : "group0",
	"nodeName" : "98a7f70ec883a722219d92253cf073a72605f4087aa3443c8e4aadc0af2dc3ac647d0fa1b5ac99cd6987abafe6d690ae71cd5fd2aeeabe7589bfb4748aabdfba"
}
info|2023-07-05 22:43:11.120828|[RPC][BLOCK][NUMBER][fromJson],group=group0,node=2f993327933ad58672518b6d4f63920cbc68b80f78f4d81192552ee6362f5cc81ee13bdc678ad65f06e76444cadb53b33694cfb3fc7679b8000411975fedd28a,blockNumber=680
info|2023-07-05 22:43:11.120865|[RPCWS][SERVICE][onRecvBlockNotifier]receive block number notifier,group=group0,node=2f993327933ad58672518b6d4f63920cbc68b80f78f4d81192552ee6362f5cc81ee13bdc678ad65f06e76444cadb53b33694cfb3fc7679b8000411975fedd28a,blockNumber=680
info|2023-07-05 22:43:11.120874|[WS]receive block notify,endpoint=127.0.0.1:20201,blk={
	"blockNumber" : 680,
	"group" : "group0",
	"nodeName" : "2f993327933ad58672518b6d4f63920cbc68b80f78f4d81192552ee6362f5cc81ee13bdc678ad65f06e76444cadb53b33694cfb3fc7679b8000411975fedd28a"
}
info|2023-07-05 22:43:28.761244|[SDK][WS][SERVICE]connected nodes,count=2
info|2023-07-05 22:43:29.023104|[EVENT][SUB][doLoop]event sub tasks report,working event sub count=0,suspend event sub count=0
info|2023-07-05 22:43:48.766539|[SDK][WS][SERVICE]connected nodes,count=2
info|2023-07-05 22:43:49.023243|[EVENT][SUB][doLoop]event sub tasks report,working event sub count=0,suspend event sub count=0
