info|2023-07-09 07:00:12.577382|[EVENT][SUB][doLoop]event sub tasks report,working event sub count=0,suspend event sub count=0
info|2023-07-09 07:00:12.622112|[SDK][WS][SERVICE]connected nodes,count=2
info|2023-07-09 07:00:32.577548|[EVENT][SUB][doLoop]event sub tasks report,working event sub count=0,suspend event sub count=0
info|2023-07-09 07:00:32.622336|[SDK][WS][SERVICE]connected nodes,count=2
info|2023-07-09 07:00:52.577853|[EVENT][SUB][doLoop]event sub tasks report,working event sub count=0,suspend event sub count=0
info|2023-07-09 07:00:52.622529|[SDK][WS][SERVICE]connected nodes,count=2
info|2023-07-09 07:01:12.578072|[EVENT][SUB][doLoop]event sub tasks report,working event sub count=0,suspend event sub count=0
info|2023-07-09 07:01:12.622908|[SDK][WS][SERVICE]connected nodes,count=2
info|2023-07-09 07:01:32.578358|[EVENT][SUB][doLoop]event sub tasks report,working event sub count=0,suspend event sub count=0
info|2023-07-09 07:01:32.623566|[SDK][WS][SERVICE]connected nodes,count=2
info|2023-07-09 07:01:52.578806|[EVENT][SUB][doLoop]event sub tasks report,working event sub count=0,suspend event sub count=0
info|2023-07-09 07:01:52.624169|[SDK][WS][SERVICE]connected nodes,count=2
info|2023-07-09 07:02:12.579250|[EVENT][SUB][doLoop]event sub tasks report,working event sub count=0,suspend event sub count=0
info|2023-07-09 07:02:12.624698|[SDK][WS][SERVICE]connected nodes,count=2
info|2023-07-09 07:02:32.579601|[EVENT][SUB][doLoop]event sub tasks report,working event sub count=0,suspend event sub count=0
info|2023-07-09 07:02:32.624866|[SDK][WS][SERVICE]connected nodes,count=2
info|2023-07-09 07:02:52.579893|[EVENT][SUB][doLoop]event sub tasks report,working event sub count=0,suspend event sub count=0
info|2023-07-09 07:02:52.625415|[SDK][WS][SERVICE]connected nodes,count=2
info|2023-07-09 07:03:12.580286|[EVENT][SUB][doLoop]event sub tasks report,working event sub count=0,suspend event sub count=0
info|2023-07-09 07:03:12.626343|[SDK][WS][SERVICE]connected nodes,count=2
info|2023-07-09 07:03:32.580966|[EVENT][SUB][doLoop]event sub tasks report,working event sub count=0,suspend event sub count=0
info|2023-07-09 07:03:32.626590|[SDK][WS][SERVICE]connected nodes,count=2
info|2023-07-09 07:03:52.581692|[EVENT][SUB][doLoop]event sub tasks report,working event sub count=0,suspend event sub count=0
info|2023-07-09 07:03:52.626869|[SDK][WS][SERVICE]connected nodes,count=2
info|2023-07-09 07:04:12.581859|[EVENT][SUB][doLoop]event sub tasks report,working event sub count=0,suspend event sub count=0
info|2023-07-09 07:04:12.627397|[SDK][WS][SERVICE]connected nodes,count=2
info|2023-07-09 07:04:32.582067|[EVENT][SUB][doLoop]event sub tasks report,working event sub count=0,suspend event sub count=0
info|2023-07-09 07:04:32.627925|[SDK][WS][SERVICE]connected nodes,count=2
info|2023-07-09 07:04:52.582665|[EVENT][SUB][doLoop]event sub tasks report,working event sub count=0,suspend event sub count=0
info|2023-07-09 07:04:52.628087|[SDK][WS][SERVICE]connected nodes,count=2
info|2023-07-09 07:05:12.582985|[EVENT][SUB][doLoop]event sub tasks report,working event sub count=0,suspend event sub count=0
info|2023-07-09 07:05:12.628881|[SDK][WS][SERVICE]connected nodes,count=2
info|2023-07-09 07:05:32.583298|[EVENT][SUB][doLoop]event sub tasks report,working event sub count=0,suspend event sub count=0
info|2023-07-09 07:05:32.629109|[SDK][WS][SERVICE]connected nodes,count=2
info|2023-07-09 07:05:52.583368|[EVENT][SUB][doLoop]event sub tasks report,working event sub count=0,suspend event sub count=0
info|2023-07-09 07:05:52.629266|[SDK][WS][SERVICE]connected nodes,count=2
info|2023-07-09 07:06:12.583439|[EVENT][SUB][doLoop]event sub tasks report,working event sub count=0,suspend event sub count=0
info|2023-07-09 07:06:12.645093|[SDK][WS][SERVICE]connected nodes,count=2
info|2023-07-09 07:06:32.583926|[EVENT][SUB][doLoop]event sub tasks report,working event sub count=0,suspend event sub count=0
info|2023-07-09 07:06:32.645253|[SDK][WS][SERVICE]connected nodes,count=2
info|2023-07-09 07:06:52.584343|[EVENT][SUB][doLoop]event sub tasks report,working event sub count=0,suspend event sub count=0
info|2023-07-09 07:06:52.645490|[SDK][WS][SERVICE]connected nodes,count=2
info|2023-07-09 07:07:12.584995|[EVENT][SUB][doLoop]event sub tasks report,working event sub count=0,suspend event sub count=0
info|2023-07-09 07:07:12.646438|[SDK][WS][SERVICE]connected nodes,count=2
info|2023-07-09 07:07:32.585540|[EVENT][SUB][doLoop]event sub tasks report,working event sub count=0,suspend event sub count=0
info|2023-07-09 07:07:32.646969|[SDK][WS][SERVICE]connected nodes,count=2
info|2023-07-09 07:07:52.585892|[EVENT][SUB][doLoop]event sub tasks report,working event sub count=0,suspend event sub count=0
info|2023-07-09 07:07:52.647905|[SDK][WS][SERVICE]connected nodes,count=2
info|2023-07-09 07:08:12.586297|[EVENT][SUB][doLoop]event sub tasks report,working event sub count=0,suspend event sub count=0
info|2023-07-09 07:08:12.648114|[SDK][WS][SERVICE]connected nodes,count=2
info|2023-07-09 07:08:32.586574|[EVENT][SUB][doLoop]event sub tasks report,working event sub count=0,suspend event sub count=0
info|2023-07-09 07:08:32.648726|[SDK][WS][SERVICE]connected nodes,count=2
info|2023-07-09 07:08:52.587000|[EVENT][SUB][doLoop]event sub tasks report,working event sub count=0,suspend event sub count=0
info|2023-07-09 07:08:52.649179|[SDK][WS][SERVICE]connected nodes,count=2
info|2023-07-09 07:09:12.587677|[EVENT][SUB][doLoop]event sub tasks report,working event sub count=0,suspend event sub count=0
info|2023-07-09 07:09:12.649499|[SDK][WS][SERVICE]connected nodes,count=2
info|2023-07-09 07:09:32.587784|[EVENT][SUB][doLoop]event sub tasks report,working event sub count=0,suspend event sub count=0
info|2023-07-09 07:09:32.649737|[SDK][WS][SERVICE]connected nodes,count=2
info|2023-07-09 07:09:52.588393|[EVENT][SUB][doLoop]event sub tasks report,working event sub count=0,suspend event sub count=0
info|2023-07-09 07:09:52.650171|[SDK][WS][SERVICE]connected nodes,count=2
info|2023-07-09 07:10:12.588567|[EVENT][SUB][doLoop]event sub tasks report,working event sub count=0,suspend event sub count=0
info|2023-07-09 07:10:12.650649|[SDK][WS][SERVICE]connected nodes,count=2
info|2023-07-09 07:10:32.589431|[EVENT][SUB][doLoop]event sub tasks report,working event sub count=0,suspend event sub count=0
info|2023-07-09 07:10:32.650946|[SDK][WS][SERVICE]connected nodes,count=2
info|2023-07-09 07:10:52.589594|[EVENT][SUB][doLoop]event sub tasks report,working event sub count=0,suspend event sub count=0
info|2023-07-09 07:10:52.651712|[SDK][WS][SERVICE]connected nodes,count=2
info|2023-07-09 07:11:12.590187|[EVENT][SUB][doLoop]event sub tasks report,working event sub count=0,suspend event sub count=0
info|2023-07-09 07:11:12.652007|[SDK][WS][SERVICE]connected nodes,count=2
info|2023-07-09 07:11:32.591217|[EVENT][SUB][doLoop]event sub tasks report,working event sub count=0,suspend event sub count=0
info|2023-07-09 07:11:32.652468|[SDK][WS][SERVICE]connected nodes,count=2
info|2023-07-09 07:11:52.591745|[EVENT][SUB][doLoop]event sub tasks report,working event sub count=0,suspend event sub count=0
info|2023-07-09 07:11:52.652976|[SDK][WS][SERVICE]connected nodes,count=2
info|2023-07-09 07:12:12.592057|[EVENT][SUB][doLoop]event sub tasks report,working event sub count=0,suspend event sub count=0
info|2023-07-09 07:12:12.653518|[SDK][WS][SERVICE]connected nodes,count=2
info|2023-07-09 07:12:32.592203|[EVENT][SUB][doLoop]event sub tasks report,working event sub count=0,suspend event sub count=0
info|2023-07-09 07:12:32.653950|[SDK][WS][SERVICE]connected nodes,count=2
info|2023-07-09 07:12:52.592976|[EVENT][SUB][doLoop]event sub tasks report,working event sub count=0,suspend event sub count=0
info|2023-07-09 07:12:52.654446|[SDK][WS][SERVICE]connected nodes,count=2
info|2023-07-09 07:13:12.593155|[EVENT][SUB][doLoop]event sub tasks report,working event sub count=0,suspend event sub count=0
info|2023-07-09 07:13:12.654798|[SDK][WS][SERVICE]connected nodes,count=2
info|2023-07-09 07:13:32.593351|[EVENT][SUB][doLoop]event sub tasks report,working event sub count=0,suspend event sub count=0
info|2023-07-09 07:13:32.654917|[SDK][WS][SERVICE]connected nodes,count=2
info|2023-07-09 07:13:52.594095|[EVENT][SUB][doLoop]event sub tasks report,working event sub count=0,suspend event sub count=0
info|2023-07-09 07:13:52.655149|[SDK][WS][SERVICE]connected nodes,count=2
info|2023-07-09 07:14:12.594532|[EVENT][SUB][doLoop]event sub tasks report,working event sub count=0,suspend event sub count=0
info|2023-07-09 07:14:12.655651|[SDK][WS][SERVICE]connected nodes,count=2
info|2023-07-09 07:14:32.595066|[EVENT][SUB][doLoop]event sub tasks report,working event sub count=0,suspend event sub count=0
info|2023-07-09 07:14:32.656239|[SDK][WS][SERVICE]connected nodes,count=2
info|2023-07-09 07:14:52.595208|[EVENT][SUB][doLoop]event sub tasks report,working event sub count=0,suspend event sub count=0
info|2023-07-09 07:14:52.656513|[SDK][WS][SERVICE]connected nodes,count=2
info|2023-07-09 07:15:12.595469|[EVENT][SUB][doLoop]event sub tasks report,working event sub count=0,suspend event sub count=0
info|2023-07-09 07:15:12.656925|[SDK][WS][SERVICE]connected nodes,count=2
info|2023-07-09 07:15:32.596315|[EVENT][SUB][doLoop]event sub tasks report,working event sub count=0,suspend event sub count=0
info|2023-07-09 07:15:32.657820|[SDK][WS][SERVICE]connected nodes,count=2
info|2023-07-09 07:15:52.596922|[EVENT][SUB][doLoop]event sub tasks report,working event sub count=0,suspend event sub count=0
info|2023-07-09 07:15:52.658448|[SDK][WS][SERVICE]connected nodes,count=2
info|2023-07-09 07:16:12.597424|[EVENT][SUB][doLoop]event sub tasks report,working event sub count=0,suspend event sub count=0
info|2023-07-09 07:16:12.658602|[SDK][WS][SERVICE]connected nodes,count=2
info|2023-07-09 07:16:32.597578|[EVENT][SUB][doLoop]event sub tasks report,working event sub count=0,suspend event sub count=0
info|2023-07-09 07:16:32.659244|[SDK][WS][SERVICE]connected nodes,count=2
info|2023-07-09 07:16:52.597677|[EVENT][SUB][doLoop]event sub tasks report,working event sub count=0,suspend event sub count=0
info|2023-07-09 07:16:52.660109|[SDK][WS][SERVICE]connected nodes,count=2
info|2023-07-09 07:17:12.597788|[EVENT][SUB][doLoop]event sub tasks report,working event sub count=0,suspend event sub count=0
info|2023-07-09 07:17:12.660231|[SDK][WS][SERVICE]connected nodes,count=2
info|2023-07-09 07:17:32.597898|[EVENT][SUB][doLoop]event sub tasks report,working event sub count=0,suspend event sub count=0
info|2023-07-09 07:17:32.660718|[SDK][WS][SERVICE]connected nodes,count=2
info|2023-07-09 07:17:52.597971|[EVENT][SUB][doLoop]event sub tasks report,working event sub count=0,suspend event sub count=0
info|2023-07-09 07:17:52.660900|[SDK][WS][SERVICE]connected nodes,count=2
info|2023-07-09 07:18:12.598186|[EVENT][SUB][doLoop]event sub tasks report,working event sub count=0,suspend event sub count=0
info|2023-07-09 07:18:12.661360|[SDK][WS][SERVICE]connected nodes,count=2
info|2023-07-09 07:18:32.598416|[EVENT][SUB][doLoop]event sub tasks report,working event sub count=0,suspend event sub count=0
info|2023-07-09 07:18:32.661526|[SDK][WS][SERVICE]connected nodes,count=2
info|2023-07-09 07:18:52.598980|[EVENT][SUB][doLoop]event sub tasks report,working event sub count=0,suspend event sub count=0
info|2023-07-09 07:18:52.661652|[SDK][WS][SERVICE]connected nodes,count=2
info|2023-07-09 07:19:12.599013|[EVENT][SUB][doLoop]event sub tasks report,working event sub count=0,suspend event sub count=0
info|2023-07-09 07:19:12.661776|[SDK][WS][SERVICE]connected nodes,count=2
info|2023-07-09 07:19:32.599181|[EVENT][SUB][doLoop]event sub tasks report,working event sub count=0,suspend event sub count=0
info|2023-07-09 07:19:32.662416|[SDK][WS][SERVICE]connected nodes,count=2
info|2023-07-09 07:19:52.599795|[EVENT][SUB][doLoop]event sub tasks report,working event sub count=0,suspend event sub count=0
info|2023-07-09 07:19:52.662710|[SDK][WS][SERVICE]connected nodes,count=2
info|2023-07-09 07:20:12.599891|[EVENT][SUB][doLoop]event sub tasks report,working event sub count=0,suspend event sub count=0
info|2023-07-09 07:20:12.663198|[SDK][WS][SERVICE]connected nodes,count=2
info|2023-07-09 07:20:32.600320|[EVENT][SUB][doLoop]event sub tasks report,working event sub count=0,suspend event sub count=0
info|2023-07-09 07:20:32.664303|[SDK][WS][SERVICE]connected nodes,count=2
info|2023-07-09 07:20:52.600548|[EVENT][SUB][doLoop]event sub tasks report,working event sub count=0,suspend event sub count=0
info|2023-07-09 07:20:52.664604|[SDK][WS][SERVICE]connected nodes,count=2
info|2023-07-09 07:21:12.601378|[EVENT][SUB][doLoop]event sub tasks report,working event sub count=0,suspend event sub count=0
info|2023-07-09 07:21:12.665279|[SDK][WS][SERVICE]connected nodes,count=2
info|2023-07-09 07:21:32.602120|[EVENT][SUB][doLoop]event sub tasks report,working event sub count=0,suspend event sub count=0
info|2023-07-09 07:21:32.665859|[SDK][WS][SERVICE]connected nodes,count=2
info|2023-07-09 07:21:52.602344|[EVENT][SUB][doLoop]event sub tasks report,working event sub count=0,suspend event sub count=0
info|2023-07-09 07:21:52.666363|[SDK][WS][SERVICE]connected nodes,count=2
info|2023-07-09 07:22:12.602426|[EVENT][SUB][doLoop]event sub tasks report,working event sub count=0,suspend event sub count=0
info|2023-07-09 07:22:12.666501|[SDK][WS][SERVICE]connected nodes,count=2
info|2023-07-09 07:22:32.602564|[EVENT][SUB][doLoop]event sub tasks report,working event sub count=0,suspend event sub count=0
info|2023-07-09 07:22:32.666670|[SDK][WS][SERVICE]connected nodes,count=2
info|2023-07-09 07:22:52.603096|[EVENT][SUB][doLoop]event sub tasks report,working event sub count=0,suspend event sub count=0
info|2023-07-09 07:22:52.666784|[SDK][WS][SERVICE]connected nodes,count=2
info|2023-07-09 07:23:12.603426|[EVENT][SUB][doLoop]event sub tasks report,working event sub count=0,suspend event sub count=0
info|2023-07-09 07:23:12.667140|[SDK][WS][SERVICE]connected nodes,count=2
info|2023-07-09 07:23:32.603983|[EVENT][SUB][doLoop]event sub tasks report,working event sub count=0,suspend event sub count=0
info|2023-07-09 07:23:32.667359|[SDK][WS][SERVICE]connected nodes,count=2
info|2023-07-09 07:23:52.604548|[EVENT][SUB][doLoop]event sub tasks report,working event sub count=0,suspend event sub count=0
info|2023-07-09 07:23:52.667726|[SDK][WS][SERVICE]connected nodes,count=2
info|2023-07-09 07:24:12.604970|[EVENT][SUB][doLoop]event sub tasks report,working event sub count=0,suspend event sub count=0
info|2023-07-09 07:24:12.668478|[SDK][WS][SERVICE]connected nodes,count=2
info|2023-07-09 07:24:32.605369|[EVENT][SUB][doLoop]event sub tasks report,working event sub count=0,suspend event sub count=0
info|2023-07-09 07:24:32.668874|[SDK][WS][SERVICE]connected nodes,count=2
info|2023-07-09 07:24:52.605869|[EVENT][SUB][doLoop]event sub tasks report,working event sub count=0,suspend event sub count=0
info|2023-07-09 07:24:52.669228|[SDK][WS][SERVICE]connected nodes,count=2
info|2023-07-09 07:25:12.606063|[EVENT][SUB][doLoop]event sub tasks report,working event sub count=0,suspend event sub count=0
info|2023-07-09 07:25:12.669732|[SDK][WS][SERVICE]connected nodes,count=2
info|2023-07-09 07:25:32.606418|[EVENT][SUB][doLoop]event sub tasks report,working event sub count=0,suspend event sub count=0
info|2023-07-09 07:25:32.669882|[SDK][WS][SERVICE]connected nodes,count=2
info|2023-07-09 07:25:52.606646|[EVENT][SUB][doLoop]event sub tasks report,working event sub count=0,suspend event sub count=0
info|2023-07-09 07:25:52.670240|[SDK][WS][SERVICE]connected nodes,count=2
info|2023-07-09 07:26:12.606959|[EVENT][SUB][doLoop]event sub tasks report,working event sub count=0,suspend event sub count=0
info|2023-07-09 07:26:12.670447|[SDK][WS][SERVICE]connected nodes,count=2
info|2023-07-09 07:26:32.607326|[EVENT][SUB][doLoop]event sub tasks report,working event sub count=0,suspend event sub count=0
info|2023-07-09 07:26:32.671038|[SDK][WS][SERVICE]connected nodes,count=2
info|2023-07-09 07:26:52.607915|[EVENT][SUB][doLoop]event sub tasks report,working event sub count=0,suspend event sub count=0
info|2023-07-09 07:26:52.671824|[SDK][WS][SERVICE]connected nodes,count=2
info|2023-07-09 07:27:12.608331|[EVENT][SUB][doLoop]event sub tasks report,working event sub count=0,suspend event sub count=0
info|2023-07-09 07:27:12.672046|[SDK][WS][SERVICE]connected nodes,count=2
info|2023-07-09 07:27:13.864749|[RPC][BLOCK][NUMBER][fromJson],group=group0,node=98a7f70ec883a722219d92253cf073a72605f4087aa3443c8e4aadc0af2dc3ac647d0fa1b5ac99cd6987abafe6d690ae71cd5fd2aeeabe7589bfb4748aabdfba,blockNumber=2607
info|2023-07-09 07:27:13.864771|[RPCWS][SERVICE][onRecvBlockNotifier]receive block number notifier,group=group0,node=98a7f70ec883a722219d92253cf073a72605f4087aa3443c8e4aadc0af2dc3ac647d0fa1b5ac99cd6987abafe6d690ae71cd5fd2aeeabe7589bfb4748aabdfba,blockNumber=2607
info|2023-07-09 07:27:13.864776|[RPCWS][SERVICE][updateGroupBlockNumber],groupID=group0,_blockNumber=2607
info|2023-07-09 07:27:13.864800|[RPCWS][SERVICE][onRecvBlockNotifier]block notifier callback,group=group0,node=98a7f70ec883a722219d92253cf073a72605f4087aa3443c8e4aadc0af2dc3ac647d0fa1b5ac99cd6987abafe6d690ae71cd5fd2aeeabe7589bfb4748aabdfba,blockNumber=2607
info|2023-07-09 07:27:13.864806|[WS]receive block notify,endpoint=127.0.0.1:20200,blk={
	"blockNumber" : 2607,
	"group" : "group0",
	"nodeName" : "98a7f70ec883a722219d92253cf073a72605f4087aa3443c8e4aadc0af2dc3ac647d0fa1b5ac99cd6987abafe6d690ae71cd5fd2aeeabe7589bfb4748aabdfba"
}
info|2023-07-09 07:27:13.954483|[RPC][BLOCK][NUMBER][fromJson],group=group0,node=2f993327933ad58672518b6d4f63920cbc68b80f78f4d81192552ee6362f5cc81ee13bdc678ad65f06e76444cadb53b33694cfb3fc7679b8000411975fedd28a,blockNumber=2607
info|2023-07-09 07:27:13.954501|[RPCWS][SERVICE][onRecvBlockNotifier]receive block number notifier,group=group0,node=2f993327933ad58672518b6d4f63920cbc68b80f78f4d81192552ee6362f5cc81ee13bdc678ad65f06e76444cadb53b33694cfb3fc7679b8000411975fedd28a,blockNumber=2607
info|2023-07-09 07:27:13.954508|[WS]receive block notify,endpoint=127.0.0.1:20201,blk={
	"blockNumber" : 2607,
	"group" : "group0",
	"nodeName" : "2f993327933ad58672518b6d4f63920cbc68b80f78f4d81192552ee6362f5cc81ee13bdc678ad65f06e76444cadb53b33694cfb3fc7679b8000411975fedd28a"
}
info|2023-07-09 07:27:14.459240|[RPC][BLOCK][NUMBER][fromJson],group=group0,node=2f993327933ad58672518b6d4f63920cbc68b80f78f4d81192552ee6362f5cc81ee13bdc678ad65f06e76444cadb53b33694cfb3fc7679b8000411975fedd28a,blockNumber=2608
info|2023-07-09 07:27:14.459269|[RPCWS][SERVICE][onRecvBlockNotifier]receive block number notifier,group=group0,node=2f993327933ad58672518b6d4f63920cbc68b80f78f4d81192552ee6362f5cc81ee13bdc678ad65f06e76444cadb53b33694cfb3fc7679b8000411975fedd28a,blockNumber=2608
info|2023-07-09 07:27:14.459275|[RPCWS][SERVICE][updateGroupBlockNumber],groupID=group0,_blockNumber=2608
info|2023-07-09 07:27:14.459281|[RPCWS][SERVICE][onRecvBlockNotifier]block notifier callback,group=group0,node=2f993327933ad58672518b6d4f63920cbc68b80f78f4d81192552ee6362f5cc81ee13bdc678ad65f06e76444cadb53b33694cfb3fc7679b8000411975fedd28a,blockNumber=2608
info|2023-07-09 07:27:14.459285|[WS]receive block notify,endpoint=127.0.0.1:20201,blk={
	"blockNumber" : 2608,
	"group" : "group0",
	"nodeName" : "2f993327933ad58672518b6d4f63920cbc68b80f78f4d81192552ee6362f5cc81ee13bdc678ad65f06e76444cadb53b33694cfb3fc7679b8000411975fedd28a"
}
info|2023-07-09 07:27:14.464084|[RPC][BLOCK][NUMBER][fromJson],group=group0,node=98a7f70ec883a722219d92253cf073a72605f4087aa3443c8e4aadc0af2dc3ac647d0fa1b5ac99cd6987abafe6d690ae71cd5fd2aeeabe7589bfb4748aabdfba,blockNumber=2608
info|2023-07-09 07:27:14.464107|[RPCWS][SERVICE][onRecvBlockNotifier]receive block number notifier,group=group0,node=98a7f70ec883a722219d92253cf073a72605f4087aa3443c8e4aadc0af2dc3ac647d0fa1b5ac99cd6987abafe6d690ae71cd5fd2aeeabe7589bfb4748aabdfba,blockNumber=2608
info|2023-07-09 07:27:14.464114|[WS]receive block notify,endpoint=127.0.0.1:20200,blk={
	"blockNumber" : 2608,
	"group" : "group0",
	"nodeName" : "98a7f70ec883a722219d92253cf073a72605f4087aa3443c8e4aadc0af2dc3ac647d0fa1b5ac99cd6987abafe6d690ae71cd5fd2aeeabe7589bfb4748aabdfba"
}
info|2023-07-09 07:27:14.966509|[RPC][BLOCK][NUMBER][fromJson],group=group0,node=98a7f70ec883a722219d92253cf073a72605f4087aa3443c8e4aadc0af2dc3ac647d0fa1b5ac99cd6987abafe6d690ae71cd5fd2aeeabe7589bfb4748aabdfba,blockNumber=2609
info|2023-07-09 07:27:14.966534|[RPCWS][SERVICE][onRecvBlockNotifier]receive block number notifier,group=group0,node=98a7f70ec883a722219d92253cf073a72605f4087aa3443c8e4aadc0af2dc3ac647d0fa1b5ac99cd6987abafe6d690ae71cd5fd2aeeabe7589bfb4748aabdfba,blockNumber=2609
info|2023-07-09 07:27:14.966540|[RPCWS][SERVICE][updateGroupBlockNumber],groupID=group0,_blockNumber=2609
info|2023-07-09 07:27:14.966547|[RPCWS][SERVICE][onRecvBlockNotifier]block notifier callback,group=group0,node=98a7f70ec883a722219d92253cf073a72605f4087aa3443c8e4aadc0af2dc3ac647d0fa1b5ac99cd6987abafe6d690ae71cd5fd2aeeabe7589bfb4748aabdfba,blockNumber=2609
info|2023-07-09 07:27:14.966551|[WS]receive block notify,endpoint=127.0.0.1:20200,blk={
	"blockNumber" : 2609,
	"group" : "group0",
	"nodeName" : "98a7f70ec883a722219d92253cf073a72605f4087aa3443c8e4aadc0af2dc3ac647d0fa1b5ac99cd6987abafe6d690ae71cd5fd2aeeabe7589bfb4748aabdfba"
}
info|2023-07-09 07:27:15.009738|[RPC][BLOCK][NUMBER][fromJson],group=group0,node=2f993327933ad58672518b6d4f63920cbc68b80f78f4d81192552ee6362f5cc81ee13bdc678ad65f06e76444cadb53b33694cfb3fc7679b8000411975fedd28a,blockNumber=2609
info|2023-07-09 07:27:15.009786|[RPCWS][SERVICE][onRecvBlockNotifier]receive block number notifier,group=group0,node=2f993327933ad58672518b6d4f63920cbc68b80f78f4d81192552ee6362f5cc81ee13bdc678ad65f06e76444cadb53b33694cfb3fc7679b8000411975fedd28a,blockNumber=2609
info|2023-07-09 07:27:15.009795|[WS]receive block notify,endpoint=127.0.0.1:20201,blk={
	"blockNumber" : 2609,
	"group" : "group0",
	"nodeName" : "2f993327933ad58672518b6d4f63920cbc68b80f78f4d81192552ee6362f5cc81ee13bdc678ad65f06e76444cadb53b33694cfb3fc7679b8000411975fedd28a"
}
info|2023-07-09 07:27:15.577101|[RPC][BLOCK][NUMBER][fromJson],group=group0,node=98a7f70ec883a722219d92253cf073a72605f4087aa3443c8e4aadc0af2dc3ac647d0fa1b5ac99cd6987abafe6d690ae71cd5fd2aeeabe7589bfb4748aabdfba,blockNumber=2610
info|2023-07-09 07:27:15.577164|[RPCWS][SERVICE][onRecvBlockNotifier]receive block number notifier,group=group0,node=98a7f70ec883a722219d92253cf073a72605f4087aa3443c8e4aadc0af2dc3ac647d0fa1b5ac99cd6987abafe6d690ae71cd5fd2aeeabe7589bfb4748aabdfba,blockNumber=2610
info|2023-07-09 07:27:15.577176|[RPCWS][SERVICE][updateGroupBlockNumber],groupID=group0,_blockNumber=2610
info|2023-07-09 07:27:15.577183|[RPCWS][SERVICE][onRecvBlockNotifier]block notifier callback,group=group0,node=98a7f70ec883a722219d92253cf073a72605f4087aa3443c8e4aadc0af2dc3ac647d0fa1b5ac99cd6987abafe6d690ae71cd5fd2aeeabe7589bfb4748aabdfba,blockNumber=2610
info|2023-07-09 07:27:15.577188|[WS]receive block notify,endpoint=127.0.0.1:20200,blk={
	"blockNumber" : 2610,
	"group" : "group0",
	"nodeName" : "98a7f70ec883a722219d92253cf073a72605f4087aa3443c8e4aadc0af2dc3ac647d0fa1b5ac99cd6987abafe6d690ae71cd5fd2aeeabe7589bfb4748aabdfba"
}
info|2023-07-09 07:27:15.642598|[RPC][BLOCK][NUMBER][fromJson],group=group0,node=2f993327933ad58672518b6d4f63920cbc68b80f78f4d81192552ee6362f5cc81ee13bdc678ad65f06e76444cadb53b33694cfb3fc7679b8000411975fedd28a,blockNumber=2610
info|2023-07-09 07:27:15.642620|[RPCWS][SERVICE][onRecvBlockNotifier]receive block number notifier,group=group0,node=2f993327933ad58672518b6d4f63920cbc68b80f78f4d81192552ee6362f5cc81ee13bdc678ad65f06e76444cadb53b33694cfb3fc7679b8000411975fedd28a,blockNumber=2610
info|2023-07-09 07:27:15.642651|[WS]receive block notify,endpoint=127.0.0.1:20201,blk={
	"blockNumber" : 2610,
	"group" : "group0",
	"nodeName" : "2f993327933ad58672518b6d4f63920cbc68b80f78f4d81192552ee6362f5cc81ee13bdc678ad65f06e76444cadb53b33694cfb3fc7679b8000411975fedd28a"
}
info|2023-07-09 07:27:16.158496|[RPC][BLOCK][NUMBER][fromJson],group=group0,node=98a7f70ec883a722219d92253cf073a72605f4087aa3443c8e4aadc0af2dc3ac647d0fa1b5ac99cd6987abafe6d690ae71cd5fd2aeeabe7589bfb4748aabdfba,blockNumber=2611
info|2023-07-09 07:27:16.158528|[RPCWS][SERVICE][onRecvBlockNotifier]receive block number notifier,group=group0,node=98a7f70ec883a722219d92253cf073a72605f4087aa3443c8e4aadc0af2dc3ac647d0fa1b5ac99cd6987abafe6d690ae71cd5fd2aeeabe7589bfb4748aabdfba,blockNumber=2611
info|2023-07-09 07:27:16.158537|[RPCWS][SERVICE][updateGroupBlockNumber],groupID=group0,_blockNumber=2611
info|2023-07-09 07:27:16.158544|[RPCWS][SERVICE][onRecvBlockNotifier]block notifier callback,group=group0,node=98a7f70ec883a722219d92253cf073a72605f4087aa3443c8e4aadc0af2dc3ac647d0fa1b5ac99cd6987abafe6d690ae71cd5fd2aeeabe7589bfb4748aabdfba,blockNumber=2611
info|2023-07-09 07:27:16.158550|[WS]receive block notify,endpoint=127.0.0.1:20200,blk={
	"blockNumber" : 2611,
	"group" : "group0",
	"nodeName" : "98a7f70ec883a722219d92253cf073a72605f4087aa3443c8e4aadc0af2dc3ac647d0fa1b5ac99cd6987abafe6d690ae71cd5fd2aeeabe7589bfb4748aabdfba"
}
info|2023-07-09 07:27:16.193735|[RPC][BLOCK][NUMBER][fromJson],group=group0,node=2f993327933ad58672518b6d4f63920cbc68b80f78f4d81192552ee6362f5cc81ee13bdc678ad65f06e76444cadb53b33694cfb3fc7679b8000411975fedd28a,blockNumber=2611
info|2023-07-09 07:27:16.193766|[RPCWS][SERVICE][onRecvBlockNotifier]receive block number notifier,group=group0,node=2f993327933ad58672518b6d4f63920cbc68b80f78f4d81192552ee6362f5cc81ee13bdc678ad65f06e76444cadb53b33694cfb3fc7679b8000411975fedd28a,blockNumber=2611
info|2023-07-09 07:27:16.193777|[WS]receive block notify,endpoint=127.0.0.1:20201,blk={
	"blockNumber" : 2611,
	"group" : "group0",
	"nodeName" : "2f993327933ad58672518b6d4f63920cbc68b80f78f4d81192552ee6362f5cc81ee13bdc678ad65f06e76444cadb53b33694cfb3fc7679b8000411975fedd28a"
}
info|2023-07-09 07:27:16.689188|[RPC][BLOCK][NUMBER][fromJson],group=group0,node=98a7f70ec883a722219d92253cf073a72605f4087aa3443c8e4aadc0af2dc3ac647d0fa1b5ac99cd6987abafe6d690ae71cd5fd2aeeabe7589bfb4748aabdfba,blockNumber=2612
info|2023-07-09 07:27:16.689217|[RPCWS][SERVICE][onRecvBlockNotifier]receive block number notifier,group=group0,node=98a7f70ec883a722219d92253cf073a72605f4087aa3443c8e4aadc0af2dc3ac647d0fa1b5ac99cd6987abafe6d690ae71cd5fd2aeeabe7589bfb4748aabdfba,blockNumber=2612
info|2023-07-09 07:27:16.689224|[RPCWS][SERVICE][updateGroupBlockNumber],groupID=group0,_blockNumber=2612
info|2023-07-09 07:27:16.689230|[RPCWS][SERVICE][onRecvBlockNotifier]block notifier callback,group=group0,node=98a7f70ec883a722219d92253cf073a72605f4087aa3443c8e4aadc0af2dc3ac647d0fa1b5ac99cd6987abafe6d690ae71cd5fd2aeeabe7589bfb4748aabdfba,blockNumber=2612
info|2023-07-09 07:27:16.689235|[WS]receive block notify,endpoint=127.0.0.1:20200,blk={
	"blockNumber" : 2612,
	"group" : "group0",
	"nodeName" : "98a7f70ec883a722219d92253cf073a72605f4087aa3443c8e4aadc0af2dc3ac647d0fa1b5ac99cd6987abafe6d690ae71cd5fd2aeeabe7589bfb4748aabdfba"
}
info|2023-07-09 07:27:16.811311|[RPC][BLOCK][NUMBER][fromJson],group=group0,node=2f993327933ad58672518b6d4f63920cbc68b80f78f4d81192552ee6362f5cc81ee13bdc678ad65f06e76444cadb53b33694cfb3fc7679b8000411975fedd28a,blockNumber=2612
info|2023-07-09 07:27:16.811360|[RPCWS][SERVICE][onRecvBlockNotifier]receive block number notifier,group=group0,node=2f993327933ad58672518b6d4f63920cbc68b80f78f4d81192552ee6362f5cc81ee13bdc678ad65f06e76444cadb53b33694cfb3fc7679b8000411975fedd28a,blockNumber=2612
info|2023-07-09 07:27:16.811378|[WS]receive block notify,endpoint=127.0.0.1:20201,blk={
	"blockNumber" : 2612,
	"group" : "group0",
	"nodeName" : "2f993327933ad58672518b6d4f63920cbc68b80f78f4d81192552ee6362f5cc81ee13bdc678ad65f06e76444cadb53b33694cfb3fc7679b8000411975fedd28a"
}
info|2023-07-09 07:27:17.246799|[RPC][BLOCK][NUMBER][fromJson],group=group0,node=98a7f70ec883a722219d92253cf073a72605f4087aa3443c8e4aadc0af2dc3ac647d0fa1b5ac99cd6987abafe6d690ae71cd5fd2aeeabe7589bfb4748aabdfba,blockNumber=2613
info|2023-07-09 07:27:17.246829|[RPCWS][SERVICE][onRecvBlockNotifier]receive block number notifier,group=group0,node=98a7f70ec883a722219d92253cf073a72605f4087aa3443c8e4aadc0af2dc3ac647d0fa1b5ac99cd6987abafe6d690ae71cd5fd2aeeabe7589bfb4748aabdfba,blockNumber=2613
info|2023-07-09 07:27:17.246837|[RPCWS][SERVICE][updateGroupBlockNumber],groupID=group0,_blockNumber=2613
info|2023-07-09 07:27:17.246845|[RPCWS][SERVICE][onRecvBlockNotifier]block notifier callback,group=group0,node=98a7f70ec883a722219d92253cf073a72605f4087aa3443c8e4aadc0af2dc3ac647d0fa1b5ac99cd6987abafe6d690ae71cd5fd2aeeabe7589bfb4748aabdfba,blockNumber=2613
info|2023-07-09 07:27:17.246850|[WS]receive block notify,endpoint=127.0.0.1:20200,blk={
	"blockNumber" : 2613,
	"group" : "group0",
	"nodeName" : "98a7f70ec883a722219d92253cf073a72605f4087aa3443c8e4aadc0af2dc3ac647d0fa1b5ac99cd6987abafe6d690ae71cd5fd2aeeabe7589bfb4748aabdfba"
}
info|2023-07-09 07:27:17.312531|[RPC][BLOCK][NUMBER][fromJson],group=group0,node=2f993327933ad58672518b6d4f63920cbc68b80f78f4d81192552ee6362f5cc81ee13bdc678ad65f06e76444cadb53b33694cfb3fc7679b8000411975fedd28a,blockNumber=2613
info|2023-07-09 07:27:17.312569|[RPCWS][SERVICE][onRecvBlockNotifier]receive block number notifier,group=group0,node=2f993327933ad58672518b6d4f63920cbc68b80f78f4d81192552ee6362f5cc81ee13bdc678ad65f06e76444cadb53b33694cfb3fc7679b8000411975fedd28a,blockNumber=2613
info|2023-07-09 07:27:17.312583|[WS]receive block notify,endpoint=127.0.0.1:20201,blk={
	"blockNumber" : 2613,
	"group" : "group0",
	"nodeName" : "2f993327933ad58672518b6d4f63920cbc68b80f78f4d81192552ee6362f5cc81ee13bdc678ad65f06e76444cadb53b33694cfb3fc7679b8000411975fedd28a"
}
info|2023-07-09 07:27:17.918027|[RPC][BLOCK][NUMBER][fromJson],group=group0,node=98a7f70ec883a722219d92253cf073a72605f4087aa3443c8e4aadc0af2dc3ac647d0fa1b5ac99cd6987abafe6d690ae71cd5fd2aeeabe7589bfb4748aabdfba,blockNumber=2614
info|2023-07-09 07:27:17.918092|[RPCWS][SERVICE][onRecvBlockNotifier]receive block number notifier,group=group0,node=98a7f70ec883a722219d92253cf073a72605f4087aa3443c8e4aadc0af2dc3ac647d0fa1b5ac99cd6987abafe6d690ae71cd5fd2aeeabe7589bfb4748aabdfba,blockNumber=2614
info|2023-07-09 07:27:17.918135|[RPCWS][SERVICE][updateGroupBlockNumber],groupID=group0,_blockNumber=2614
info|2023-07-09 07:27:17.918144|[RPCWS][SERVICE][onRecvBlockNotifier]block notifier callback,group=group0,node=98a7f70ec883a722219d92253cf073a72605f4087aa3443c8e4aadc0af2dc3ac647d0fa1b5ac99cd6987abafe6d690ae71cd5fd2aeeabe7589bfb4748aabdfba,blockNumber=2614
info|2023-07-09 07:27:17.918150|[WS]receive block notify,endpoint=127.0.0.1:20200,blk={
	"blockNumber" : 2614,
	"group" : "group0",
	"nodeName" : "98a7f70ec883a722219d92253cf073a72605f4087aa3443c8e4aadc0af2dc3ac647d0fa1b5ac99cd6987abafe6d690ae71cd5fd2aeeabe7589bfb4748aabdfba"
}
info|2023-07-09 07:27:17.925835|[RPC][BLOCK][NUMBER][fromJson],group=group0,node=2f993327933ad58672518b6d4f63920cbc68b80f78f4d81192552ee6362f5cc81ee13bdc678ad65f06e76444cadb53b33694cfb3fc7679b8000411975fedd28a,blockNumber=2614
info|2023-07-09 07:27:17.925861|[RPCWS][SERVICE][onRecvBlockNotifier]receive block number notifier,group=group0,node=2f993327933ad58672518b6d4f63920cbc68b80f78f4d81192552ee6362f5cc81ee13bdc678ad65f06e76444cadb53b33694cfb3fc7679b8000411975fedd28a,blockNumber=2614
info|2023-07-09 07:27:17.925870|[WS]receive block notify,endpoint=127.0.0.1:20201,blk={
	"blockNumber" : 2614,
	"group" : "group0",
	"nodeName" : "2f993327933ad58672518b6d4f63920cbc68b80f78f4d81192552ee6362f5cc81ee13bdc678ad65f06e76444cadb53b33694cfb3fc7679b8000411975fedd28a"
}
info|2023-07-09 07:27:18.438189|[RPC][BLOCK][NUMBER][fromJson],group=group0,node=98a7f70ec883a722219d92253cf073a72605f4087aa3443c8e4aadc0af2dc3ac647d0fa1b5ac99cd6987abafe6d690ae71cd5fd2aeeabe7589bfb4748aabdfba,blockNumber=2615
info|2023-07-09 07:27:18.438221|[RPCWS][SERVICE][onRecvBlockNotifier]receive block number notifier,group=group0,node=98a7f70ec883a722219d92253cf073a72605f4087aa3443c8e4aadc0af2dc3ac647d0fa1b5ac99cd6987abafe6d690ae71cd5fd2aeeabe7589bfb4748aabdfba,blockNumber=2615
info|2023-07-09 07:27:18.438229|[RPCWS][SERVICE][updateGroupBlockNumber],groupID=group0,_blockNumber=2615
info|2023-07-09 07:27:18.438238|[RPCWS][SERVICE][onRecvBlockNotifier]block notifier callback,group=group0,node=98a7f70ec883a722219d92253cf073a72605f4087aa3443c8e4aadc0af2dc3ac647d0fa1b5ac99cd6987abafe6d690ae71cd5fd2aeeabe7589bfb4748aabdfba,blockNumber=2615
info|2023-07-09 07:27:18.438244|[WS]receive block notify,endpoint=127.0.0.1:20200,blk={
	"blockNumber" : 2615,
	"group" : "group0",
	"nodeName" : "98a7f70ec883a722219d92253cf073a72605f4087aa3443c8e4aadc0af2dc3ac647d0fa1b5ac99cd6987abafe6d690ae71cd5fd2aeeabe7589bfb4748aabdfba"
}
info|2023-07-09 07:27:18.501561|[RPC][BLOCK][NUMBER][fromJson],group=group0,node=2f993327933ad58672518b6d4f63920cbc68b80f78f4d81192552ee6362f5cc81ee13bdc678ad65f06e76444cadb53b33694cfb3fc7679b8000411975fedd28a,blockNumber=2615
info|2023-07-09 07:27:18.501606|[RPCWS][SERVICE][onRecvBlockNotifier]receive block number notifier,group=group0,node=2f993327933ad58672518b6d4f63920cbc68b80f78f4d81192552ee6362f5cc81ee13bdc678ad65f06e76444cadb53b33694cfb3fc7679b8000411975fedd28a,blockNumber=2615
info|2023-07-09 07:27:18.501621|[WS]receive block notify,endpoint=127.0.0.1:20201,blk={
	"blockNumber" : 2615,
	"group" : "group0",
	"nodeName" : "2f993327933ad58672518b6d4f63920cbc68b80f78f4d81192552ee6362f5cc81ee13bdc678ad65f06e76444cadb53b33694cfb3fc7679b8000411975fedd28a"
}
info|2023-07-09 07:27:18.992236|[RPC][BLOCK][NUMBER][fromJson],group=group0,node=98a7f70ec883a722219d92253cf073a72605f4087aa3443c8e4aadc0af2dc3ac647d0fa1b5ac99cd6987abafe6d690ae71cd5fd2aeeabe7589bfb4748aabdfba,blockNumber=2616
info|2023-07-09 07:27:18.992265|[RPCWS][SERVICE][onRecvBlockNotifier]receive block number notifier,group=group0,node=98a7f70ec883a722219d92253cf073a72605f4087aa3443c8e4aadc0af2dc3ac647d0fa1b5ac99cd6987abafe6d690ae71cd5fd2aeeabe7589bfb4748aabdfba,blockNumber=2616
info|2023-07-09 07:27:18.992274|[RPCWS][SERVICE][updateGroupBlockNumber],groupID=group0,_blockNumber=2616
info|2023-07-09 07:27:18.992281|[RPCWS][SERVICE][onRecvBlockNotifier]block notifier callback,group=group0,node=98a7f70ec883a722219d92253cf073a72605f4087aa3443c8e4aadc0af2dc3ac647d0fa1b5ac99cd6987abafe6d690ae71cd5fd2aeeabe7589bfb4748aabdfba,blockNumber=2616
info|2023-07-09 07:27:18.992287|[WS]receive block notify,endpoint=127.0.0.1:20200,blk={
	"blockNumber" : 2616,
	"group" : "group0",
	"nodeName" : "98a7f70ec883a722219d92253cf073a72605f4087aa3443c8e4aadc0af2dc3ac647d0fa1b5ac99cd6987abafe6d690ae71cd5fd2aeeabe7589bfb4748aabdfba"
}
info|2023-07-09 07:27:19.042195|[RPC][BLOCK][NUMBER][fromJson],group=group0,node=2f993327933ad58672518b6d4f63920cbc68b80f78f4d81192552ee6362f5cc81ee13bdc678ad65f06e76444cadb53b33694cfb3fc7679b8000411975fedd28a,blockNumber=2616
info|2023-07-09 07:27:19.042252|[RPCWS][SERVICE][onRecvBlockNotifier]receive block number notifier,group=group0,node=2f993327933ad58672518b6d4f63920cbc68b80f78f4d81192552ee6362f5cc81ee13bdc678ad65f06e76444cadb53b33694cfb3fc7679b8000411975fedd28a,blockNumber=2616
info|2023-07-09 07:27:19.042274|[WS]receive block notify,endpoint=127.0.0.1:20201,blk={
	"blockNumber" : 2616,
	"group" : "group0",
	"nodeName" : "2f993327933ad58672518b6d4f63920cbc68b80f78f4d81192552ee6362f5cc81ee13bdc678ad65f06e76444cadb53b33694cfb3fc7679b8000411975fedd28a"
}
info|2023-07-09 07:27:19.542835|[RPC][BLOCK][NUMBER][fromJson],group=group0,node=98a7f70ec883a722219d92253cf073a72605f4087aa3443c8e4aadc0af2dc3ac647d0fa1b5ac99cd6987abafe6d690ae71cd5fd2aeeabe7589bfb4748aabdfba,blockNumber=2617
info|2023-07-09 07:27:19.542902|[RPCWS][SERVICE][onRecvBlockNotifier]receive block number notifier,group=group0,node=98a7f70ec883a722219d92253cf073a72605f4087aa3443c8e4aadc0af2dc3ac647d0fa1b5ac99cd6987abafe6d690ae71cd5fd2aeeabe7589bfb4748aabdfba,blockNumber=2617
info|2023-07-09 07:27:19.542914|[RPCWS][SERVICE][updateGroupBlockNumber],groupID=group0,_blockNumber=2617
info|2023-07-09 07:27:19.542922|[RPCWS][SERVICE][onRecvBlockNotifier]block notifier callback,group=group0,node=98a7f70ec883a722219d92253cf073a72605f4087aa3443c8e4aadc0af2dc3ac647d0fa1b5ac99cd6987abafe6d690ae71cd5fd2aeeabe7589bfb4748aabdfba,blockNumber=2617
info|2023-07-09 07:27:19.542928|[WS]receive block notify,endpoint=127.0.0.1:20200,blk={
	"blockNumber" : 2617,
	"group" : "group0",
	"nodeName" : "98a7f70ec883a722219d92253cf073a72605f4087aa3443c8e4aadc0af2dc3ac647d0fa1b5ac99cd6987abafe6d690ae71cd5fd2aeeabe7589bfb4748aabdfba"
}
info|2023-07-09 07:27:19.560160|[RPC][BLOCK][NUMBER][fromJson],group=group0,node=2f993327933ad58672518b6d4f63920cbc68b80f78f4d81192552ee6362f5cc81ee13bdc678ad65f06e76444cadb53b33694cfb3fc7679b8000411975fedd28a,blockNumber=2617
info|2023-07-09 07:27:19.560182|[RPCWS][SERVICE][onRecvBlockNotifier]receive block number notifier,group=group0,node=2f993327933ad58672518b6d4f63920cbc68b80f78f4d81192552ee6362f5cc81ee13bdc678ad65f06e76444cadb53b33694cfb3fc7679b8000411975fedd28a,blockNumber=2617
info|2023-07-09 07:27:19.560189|[WS]receive block notify,endpoint=127.0.0.1:20201,blk={
	"blockNumber" : 2617,
	"group" : "group0",
	"nodeName" : "2f993327933ad58672518b6d4f63920cbc68b80f78f4d81192552ee6362f5cc81ee13bdc678ad65f06e76444cadb53b33694cfb3fc7679b8000411975fedd28a"
}
info|2023-07-09 07:27:20.102842|[RPC][BLOCK][NUMBER][fromJson],group=group0,node=98a7f70ec883a722219d92253cf073a72605f4087aa3443c8e4aadc0af2dc3ac647d0fa1b5ac99cd6987abafe6d690ae71cd5fd2aeeabe7589bfb4748aabdfba,blockNumber=2618
info|2023-07-09 07:27:20.102899|[RPCWS][SERVICE][onRecvBlockNotifier]receive block number notifier,group=group0,node=98a7f70ec883a722219d92253cf073a72605f4087aa3443c8e4aadc0af2dc3ac647d0fa1b5ac99cd6987abafe6d690ae71cd5fd2aeeabe7589bfb4748aabdfba,blockNumber=2618
info|2023-07-09 07:27:20.102906|[RPCWS][SERVICE][updateGroupBlockNumber],groupID=group0,_blockNumber=2618
info|2023-07-09 07:27:20.102912|[RPCWS][SERVICE][onRecvBlockNotifier]block notifier callback,group=group0,node=98a7f70ec883a722219d92253cf073a72605f4087aa3443c8e4aadc0af2dc3ac647d0fa1b5ac99cd6987abafe6d690ae71cd5fd2aeeabe7589bfb4748aabdfba,blockNumber=2618
info|2023-07-09 07:27:20.102917|[WS]receive block notify,endpoint=127.0.0.1:20200,blk={
	"blockNumber" : 2618,
	"group" : "group0",
	"nodeName" : "98a7f70ec883a722219d92253cf073a72605f4087aa3443c8e4aadc0af2dc3ac647d0fa1b5ac99cd6987abafe6d690ae71cd5fd2aeeabe7589bfb4748aabdfba"
}
info|2023-07-09 07:27:20.115157|[RPC][BLOCK][NUMBER][fromJson],group=group0,node=2f993327933ad58672518b6d4f63920cbc68b80f78f4d81192552ee6362f5cc81ee13bdc678ad65f06e76444cadb53b33694cfb3fc7679b8000411975fedd28a,blockNumber=2618
info|2023-07-09 07:27:20.115221|[RPCWS][SERVICE][onRecvBlockNotifier]receive block number notifier,group=group0,node=2f993327933ad58672518b6d4f63920cbc68b80f78f4d81192552ee6362f5cc81ee13bdc678ad65f06e76444cadb53b33694cfb3fc7679b8000411975fedd28a,blockNumber=2618
info|2023-07-09 07:27:20.115231|[WS]receive block notify,endpoint=127.0.0.1:20201,blk={
	"blockNumber" : 2618,
	"group" : "group0",
	"nodeName" : "2f993327933ad58672518b6d4f63920cbc68b80f78f4d81192552ee6362f5cc81ee13bdc678ad65f06e76444cadb53b33694cfb3fc7679b8000411975fedd28a"
}
info|2023-07-09 07:27:20.653942|[RPC][BLOCK][NUMBER][fromJson],group=group0,node=98a7f70ec883a722219d92253cf073a72605f4087aa3443c8e4aadc0af2dc3ac647d0fa1b5ac99cd6987abafe6d690ae71cd5fd2aeeabe7589bfb4748aabdfba,blockNumber=2619
info|2023-07-09 07:27:20.653975|[RPCWS][SERVICE][onRecvBlockNotifier]receive block number notifier,group=group0,node=98a7f70ec883a722219d92253cf073a72605f4087aa3443c8e4aadc0af2dc3ac647d0fa1b5ac99cd6987abafe6d690ae71cd5fd2aeeabe7589bfb4748aabdfba,blockNumber=2619
info|2023-07-09 07:27:20.653983|[RPCWS][SERVICE][updateGroupBlockNumber],groupID=group0,_blockNumber=2619
info|2023-07-09 07:27:20.653989|[RPCWS][SERVICE][onRecvBlockNotifier]block notifier callback,group=group0,node=98a7f70ec883a722219d92253cf073a72605f4087aa3443c8e4aadc0af2dc3ac647d0fa1b5ac99cd6987abafe6d690ae71cd5fd2aeeabe7589bfb4748aabdfba,blockNumber=2619
info|2023-07-09 07:27:20.653996|[WS]receive block notify,endpoint=127.0.0.1:20200,blk={
	"blockNumber" : 2619,
	"group" : "group0",
	"nodeName" : "98a7f70ec883a722219d92253cf073a72605f4087aa3443c8e4aadc0af2dc3ac647d0fa1b5ac99cd6987abafe6d690ae71cd5fd2aeeabe7589bfb4748aabdfba"
}
info|2023-07-09 07:27:20.744637|[RPC][BLOCK][NUMBER][fromJson],group=group0,node=2f993327933ad58672518b6d4f63920cbc68b80f78f4d81192552ee6362f5cc81ee13bdc678ad65f06e76444cadb53b33694cfb3fc7679b8000411975fedd28a,blockNumber=2619
info|2023-07-09 07:27:20.744673|[RPCWS][SERVICE][onRecvBlockNotifier]receive block number notifier,group=group0,node=2f993327933ad58672518b6d4f63920cbc68b80f78f4d81192552ee6362f5cc81ee13bdc678ad65f06e76444cadb53b33694cfb3fc7679b8000411975fedd28a,blockNumber=2619
info|2023-07-09 07:27:20.744685|[WS]receive block notify,endpoint=127.0.0.1:20201,blk={
	"blockNumber" : 2619,
	"group" : "group0",
	"nodeName" : "2f993327933ad58672518b6d4f63920cbc68b80f78f4d81192552ee6362f5cc81ee13bdc678ad65f06e76444cadb53b33694cfb3fc7679b8000411975fedd28a"
}
info|2023-07-09 07:27:21.256715|[RPC][BLOCK][NUMBER][fromJson],group=group0,node=2f993327933ad58672518b6d4f63920cbc68b80f78f4d81192552ee6362f5cc81ee13bdc678ad65f06e76444cadb53b33694cfb3fc7679b8000411975fedd28a,blockNumber=2620
info|2023-07-09 07:27:21.256742|[RPCWS][SERVICE][onRecvBlockNotifier]receive block number notifier,group=group0,node=2f993327933ad58672518b6d4f63920cbc68b80f78f4d81192552ee6362f5cc81ee13bdc678ad65f06e76444cadb53b33694cfb3fc7679b8000411975fedd28a,blockNumber=2620
info|2023-07-09 07:27:21.256750|[RPCWS][SERVICE][updateGroupBlockNumber],groupID=group0,_blockNumber=2620
info|2023-07-09 07:27:21.256756|[RPCWS][SERVICE][onRecvBlockNotifier]block notifier callback,group=group0,node=2f993327933ad58672518b6d4f63920cbc68b80f78f4d81192552ee6362f5cc81ee13bdc678ad65f06e76444cadb53b33694cfb3fc7679b8000411975fedd28a,blockNumber=2620
info|2023-07-09 07:27:21.256762|[WS]receive block notify,endpoint=127.0.0.1:20201,blk={
	"blockNumber" : 2620,
	"group" : "group0",
	"nodeName" : "2f993327933ad58672518b6d4f63920cbc68b80f78f4d81192552ee6362f5cc81ee13bdc678ad65f06e76444cadb53b33694cfb3fc7679b8000411975fedd28a"
}
info|2023-07-09 07:27:21.259611|[RPC][BLOCK][NUMBER][fromJson],group=group0,node=98a7f70ec883a722219d92253cf073a72605f4087aa3443c8e4aadc0af2dc3ac647d0fa1b5ac99cd6987abafe6d690ae71cd5fd2aeeabe7589bfb4748aabdfba,blockNumber=2620
info|2023-07-09 07:27:21.259637|[RPCWS][SERVICE][onRecvBlockNotifier]receive block number notifier,group=group0,node=98a7f70ec883a722219d92253cf073a72605f4087aa3443c8e4aadc0af2dc3ac647d0fa1b5ac99cd6987abafe6d690ae71cd5fd2aeeabe7589bfb4748aabdfba,blockNumber=2620
info|2023-07-09 07:27:21.259646|[WS]receive block notify,endpoint=127.0.0.1:20200,blk={
	"blockNumber" : 2620,
	"group" : "group0",
	"nodeName" : "98a7f70ec883a722219d92253cf073a72605f4087aa3443c8e4aadc0af2dc3ac647d0fa1b5ac99cd6987abafe6d690ae71cd5fd2aeeabe7589bfb4748aabdfba"
}
info|2023-07-09 07:27:21.733603|[RPC][BLOCK][NUMBER][fromJson],group=group0,node=98a7f70ec883a722219d92253cf073a72605f4087aa3443c8e4aadc0af2dc3ac647d0fa1b5ac99cd6987abafe6d690ae71cd5fd2aeeabe7589bfb4748aabdfba,blockNumber=2621
info|2023-07-09 07:27:21.733622|[RPCWS][SERVICE][onRecvBlockNotifier]receive block number notifier,group=group0,node=98a7f70ec883a722219d92253cf073a72605f4087aa3443c8e4aadc0af2dc3ac647d0fa1b5ac99cd6987abafe6d690ae71cd5fd2aeeabe7589bfb4748aabdfba,blockNumber=2621
info|2023-07-09 07:27:21.733626|[RPCWS][SERVICE][updateGroupBlockNumber],groupID=group0,_blockNumber=2621
info|2023-07-09 07:27:21.733629|[RPCWS][SERVICE][onRecvBlockNotifier]block notifier callback,group=group0,node=98a7f70ec883a722219d92253cf073a72605f4087aa3443c8e4aadc0af2dc3ac647d0fa1b5ac99cd6987abafe6d690ae71cd5fd2aeeabe7589bfb4748aabdfba,blockNumber=2621
info|2023-07-09 07:27:21.733633|[WS]receive block notify,endpoint=127.0.0.1:20200,blk={
	"blockNumber" : 2621,
	"group" : "group0",
	"nodeName" : "98a7f70ec883a722219d92253cf073a72605f4087aa3443c8e4aadc0af2dc3ac647d0fa1b5ac99cd6987abafe6d690ae71cd5fd2aeeabe7589bfb4748aabdfba"
}
info|2023-07-09 07:27:21.831682|[RPC][BLOCK][NUMBER][fromJson],group=group0,node=2f993327933ad58672518b6d4f63920cbc68b80f78f4d81192552ee6362f5cc81ee13bdc678ad65f06e76444cadb53b33694cfb3fc7679b8000411975fedd28a,blockNumber=2621
info|2023-07-09 07:27:21.831700|[RPCWS][SERVICE][onRecvBlockNotifier]receive block number notifier,group=group0,node=2f993327933ad58672518b6d4f63920cbc68b80f78f4d81192552ee6362f5cc81ee13bdc678ad65f06e76444cadb53b33694cfb3fc7679b8000411975fedd28a,blockNumber=2621
info|2023-07-09 07:27:21.831706|[WS]receive block notify,endpoint=127.0.0.1:20201,blk={
	"blockNumber" : 2621,
	"group" : "group0",
	"nodeName" : "2f993327933ad58672518b6d4f63920cbc68b80f78f4d81192552ee6362f5cc81ee13bdc678ad65f06e76444cadb53b33694cfb3fc7679b8000411975fedd28a"
}
info|2023-07-09 07:27:22.434343|[RPC][BLOCK][NUMBER][fromJson],group=group0,node=98a7f70ec883a722219d92253cf073a72605f4087aa3443c8e4aadc0af2dc3ac647d0fa1b5ac99cd6987abafe6d690ae71cd5fd2aeeabe7589bfb4748aabdfba,blockNumber=2622
info|2023-07-09 07:27:22.434414|[RPCWS][SERVICE][onRecvBlockNotifier]receive block number notifier,group=group0,node=98a7f70ec883a722219d92253cf073a72605f4087aa3443c8e4aadc0af2dc3ac647d0fa1b5ac99cd6987abafe6d690ae71cd5fd2aeeabe7589bfb4748aabdfba,blockNumber=2622
info|2023-07-09 07:27:22.434431|[RPCWS][SERVICE][updateGroupBlockNumber],groupID=group0,_blockNumber=2622
info|2023-07-09 07:27:22.434443|[RPCWS][SERVICE][onRecvBlockNotifier]block notifier callback,group=group0,node=98a7f70ec883a722219d92253cf073a72605f4087aa3443c8e4aadc0af2dc3ac647d0fa1b5ac99cd6987abafe6d690ae71cd5fd2aeeabe7589bfb4748aabdfba,blockNumber=2622
info|2023-07-09 07:27:22.434456|[WS]receive block notify,endpoint=127.0.0.1:20200,blk={
	"blockNumber" : 2622,
	"group" : "group0",
	"nodeName" : "98a7f70ec883a722219d92253cf073a72605f4087aa3443c8e4aadc0af2dc3ac647d0fa1b5ac99cd6987abafe6d690ae71cd5fd2aeeabe7589bfb4748aabdfba"
}
info|2023-07-09 07:27:22.453589|[RPC][BLOCK][NUMBER][fromJson],group=group0,node=2f993327933ad58672518b6d4f63920cbc68b80f78f4d81192552ee6362f5cc81ee13bdc678ad65f06e76444cadb53b33694cfb3fc7679b8000411975fedd28a,blockNumber=2622
info|2023-07-09 07:27:22.453618|[RPCWS][SERVICE][onRecvBlockNotifier]receive block number notifier,group=group0,node=2f993327933ad58672518b6d4f63920cbc68b80f78f4d81192552ee6362f5cc81ee13bdc678ad65f06e76444cadb53b33694cfb3fc7679b8000411975fedd28a,blockNumber=2622
info|2023-07-09 07:27:22.453628|[WS]receive block notify,endpoint=127.0.0.1:20201,blk={
	"blockNumber" : 2622,
	"group" : "group0",
	"nodeName" : "2f993327933ad58672518b6d4f63920cbc68b80f78f4d81192552ee6362f5cc81ee13bdc678ad65f06e76444cadb53b33694cfb3fc7679b8000411975fedd28a"
}
info|2023-07-09 07:27:32.608906|[EVENT][SUB][doLoop]event sub tasks report,working event sub count=0,suspend event sub count=0
info|2023-07-09 07:27:32.672205|[SDK][WS][SERVICE]connected nodes,count=2
info|2023-07-09 07:27:52.609640|[EVENT][SUB][doLoop]event sub tasks report,working event sub count=0,suspend event sub count=0
info|2023-07-09 07:27:52.672602|[SDK][WS][SERVICE]connected nodes,count=2
info|2023-07-09 07:28:12.609773|[EVENT][SUB][doLoop]event sub tasks report,working event sub count=0,suspend event sub count=0
info|2023-07-09 07:28:12.673100|[SDK][WS][SERVICE]connected nodes,count=2
info|2023-07-09 07:28:32.610264|[EVENT][SUB][doLoop]event sub tasks report,working event sub count=0,suspend event sub count=0
info|2023-07-09 07:28:32.673742|[SDK][WS][SERVICE]connected nodes,count=2
info|2023-07-09 07:28:52.610336|[EVENT][SUB][doLoop]event sub tasks report,working event sub count=0,suspend event sub count=0
info|2023-07-09 07:28:52.674287|[SDK][WS][SERVICE]connected nodes,count=2
info|2023-07-09 07:29:12.610830|[EVENT][SUB][doLoop]event sub tasks report,working event sub count=0,suspend event sub count=0
info|2023-07-09 07:29:12.674580|[SDK][WS][SERVICE]connected nodes,count=2
info|2023-07-09 07:29:32.611082|[EVENT][SUB][doLoop]event sub tasks report,working event sub count=0,suspend event sub count=0
info|2023-07-09 07:29:32.674926|[SDK][WS][SERVICE]connected nodes,count=2
info|2023-07-09 07:29:52.611388|[EVENT][SUB][doLoop]event sub tasks report,working event sub count=0,suspend event sub count=0
info|2023-07-09 07:29:52.675714|[SDK][WS][SERVICE]connected nodes,count=2
info|2023-07-09 07:30:12.611848|[EVENT][SUB][doLoop]event sub tasks report,working event sub count=0,suspend event sub count=0
info|2023-07-09 07:30:12.676285|[SDK][WS][SERVICE]connected nodes,count=2
info|2023-07-09 07:30:32.612493|[EVENT][SUB][doLoop]event sub tasks report,working event sub count=0,suspend event sub count=0
info|2023-07-09 07:30:32.676388|[SDK][WS][SERVICE]connected nodes,count=2
info|2023-07-09 07:30:52.612594|[EVENT][SUB][doLoop]event sub tasks report,working event sub count=0,suspend event sub count=0
info|2023-07-09 07:30:52.677044|[SDK][WS][SERVICE]connected nodes,count=2
info|2023-07-09 07:31:12.612986|[EVENT][SUB][doLoop]event sub tasks report,working event sub count=0,suspend event sub count=0
info|2023-07-09 07:31:12.677197|[SDK][WS][SERVICE]connected nodes,count=2
info|2023-07-09 07:31:32.613073|[EVENT][SUB][doLoop]event sub tasks report,working event sub count=0,suspend event sub count=0
info|2023-07-09 07:31:32.677470|[SDK][WS][SERVICE]connected nodes,count=2
info|2023-07-09 07:31:52.613165|[EVENT][SUB][doLoop]event sub tasks report,working event sub count=0,suspend event sub count=0
info|2023-07-09 07:31:52.677926|[SDK][WS][SERVICE]connected nodes,count=2
info|2023-07-09 07:32:12.613530|[EVENT][SUB][doLoop]event sub tasks report,working event sub count=0,suspend event sub count=0
info|2023-07-09 07:32:12.678120|[SDK][WS][SERVICE]connected nodes,count=2
info|2023-07-09 07:32:32.614028|[EVENT][SUB][doLoop]event sub tasks report,working event sub count=0,suspend event sub count=0
info|2023-07-09 07:32:32.678440|[SDK][WS][SERVICE]connected nodes,count=2
info|2023-07-09 07:32:52.614207|[EVENT][SUB][doLoop]event sub tasks report,working event sub count=0,suspend event sub count=0
info|2023-07-09 07:32:52.678540|[SDK][WS][SERVICE]connected nodes,count=2
info|2023-07-09 07:33:12.614660|[EVENT][SUB][doLoop]event sub tasks report,working event sub count=0,suspend event sub count=0
info|2023-07-09 07:33:12.679066|[SDK][WS][SERVICE]connected nodes,count=2
info|2023-07-09 07:33:32.614708|[EVENT][SUB][doLoop]event sub tasks report,working event sub count=0,suspend event sub count=0
info|2023-07-09 07:33:32.679268|[SDK][WS][SERVICE]connected nodes,count=2
info|2023-07-09 07:33:52.615261|[EVENT][SUB][doLoop]event sub tasks report,working event sub count=0,suspend event sub count=0
info|2023-07-09 07:33:52.679458|[SDK][WS][SERVICE]connected nodes,count=2
info|2023-07-09 07:34:12.615357|[EVENT][SUB][doLoop]event sub tasks report,working event sub count=0,suspend event sub count=0
info|2023-07-09 07:34:12.679589|[SDK][WS][SERVICE]connected nodes,count=2
info|2023-07-09 07:34:32.615552|[EVENT][SUB][doLoop]event sub tasks report,working event sub count=0,suspend event sub count=0
info|2023-07-09 07:34:32.679768|[SDK][WS][SERVICE]connected nodes,count=2
info|2023-07-09 07:34:52.615651|[EVENT][SUB][doLoop]event sub tasks report,working event sub count=0,suspend event sub count=0
info|2023-07-09 07:34:52.680031|[SDK][WS][SERVICE]connected nodes,count=2
info|2023-07-09 07:35:12.615787|[EVENT][SUB][doLoop]event sub tasks report,working event sub count=0,suspend event sub count=0
info|2023-07-09 07:35:12.680451|[SDK][WS][SERVICE]connected nodes,count=2
info|2023-07-09 07:35:32.616108|[EVENT][SUB][doLoop]event sub tasks report,working event sub count=0,suspend event sub count=0
info|2023-07-09 07:35:32.681146|[SDK][WS][SERVICE]connected nodes,count=2
info|2023-07-09 07:35:52.616287|[EVENT][SUB][doLoop]event sub tasks report,working event sub count=0,suspend event sub count=0
info|2023-07-09 07:35:52.681476|[SDK][WS][SERVICE]connected nodes,count=2
info|2023-07-09 07:36:12.616912|[EVENT][SUB][doLoop]event sub tasks report,working event sub count=0,suspend event sub count=0
info|2023-07-09 07:36:12.682134|[SDK][WS][SERVICE]connected nodes,count=2
info|2023-07-09 07:36:32.616986|[EVENT][SUB][doLoop]event sub tasks report,working event sub count=0,suspend event sub count=0
info|2023-07-09 07:36:32.682253|[SDK][WS][SERVICE]connected nodes,count=2
info|2023-07-09 07:36:52.617367|[EVENT][SUB][doLoop]event sub tasks report,working event sub count=0,suspend event sub count=0
info|2023-07-09 07:36:52.682498|[SDK][WS][SERVICE]connected nodes,count=2
info|2023-07-09 07:37:12.617448|[EVENT][SUB][doLoop]event sub tasks report,working event sub count=0,suspend event sub count=0
info|2023-07-09 07:37:12.683009|[SDK][WS][SERVICE]connected nodes,count=2
info|2023-07-09 07:37:32.617803|[EVENT][SUB][doLoop]event sub tasks report,working event sub count=0,suspend event sub count=0
info|2023-07-09 07:37:32.683523|[SDK][WS][SERVICE]connected nodes,count=2
info|2023-07-09 07:37:52.618208|[EVENT][SUB][doLoop]event sub tasks report,working event sub count=0,suspend event sub count=0
info|2023-07-09 07:37:52.683671|[SDK][WS][SERVICE]connected nodes,count=2
info|2023-07-09 07:38:12.618316|[EVENT][SUB][doLoop]event sub tasks report,working event sub count=0,suspend event sub count=0
info|2023-07-09 07:38:12.683826|[SDK][WS][SERVICE]connected nodes,count=2
info|2023-07-09 07:38:32.618539|[EVENT][SUB][doLoop]event sub tasks report,working event sub count=0,suspend event sub count=0
info|2023-07-09 07:38:32.684145|[SDK][WS][SERVICE]connected nodes,count=2
info|2023-07-09 07:38:52.618832|[EVENT][SUB][doLoop]event sub tasks report,working event sub count=0,suspend event sub count=0
info|2023-07-09 07:38:52.684850|[SDK][WS][SERVICE]connected nodes,count=2
info|2023-07-09 07:39:12.618949|[EVENT][SUB][doLoop]event sub tasks report,working event sub count=0,suspend event sub count=0
info|2023-07-09 07:39:12.685633|[SDK][WS][SERVICE]connected nodes,count=2
info|2023-07-09 07:39:32.619308|[EVENT][SUB][doLoop]event sub tasks report,working event sub count=0,suspend event sub count=0
info|2023-07-09 07:39:32.686098|[SDK][WS][SERVICE]connected nodes,count=2
info|2023-07-09 07:39:52.619848|[EVENT][SUB][doLoop]event sub tasks report,working event sub count=0,suspend event sub count=0
info|2023-07-09 07:39:52.686240|[SDK][WS][SERVICE]connected nodes,count=2
info|2023-07-09 07:40:12.620316|[EVENT][SUB][doLoop]event sub tasks report,working event sub count=0,suspend event sub count=0
info|2023-07-09 07:40:12.686462|[SDK][WS][SERVICE]connected nodes,count=2
info|2023-07-09 07:40:32.620602|[EVENT][SUB][doLoop]event sub tasks report,working event sub count=0,suspend event sub count=0
info|2023-07-09 07:40:32.686988|[SDK][WS][SERVICE]connected nodes,count=2
info|2023-07-09 07:40:52.620803|[EVENT][SUB][doLoop]event sub tasks report,working event sub count=0,suspend event sub count=0
info|2023-07-09 07:40:52.687633|[SDK][WS][SERVICE]connected nodes,count=2
info|2023-07-09 07:41:12.621607|[EVENT][SUB][doLoop]event sub tasks report,working event sub count=0,suspend event sub count=0
info|2023-07-09 07:41:12.687790|[SDK][WS][SERVICE]connected nodes,count=2
info|2023-07-09 07:41:32.622107|[EVENT][SUB][doLoop]event sub tasks report,working event sub count=0,suspend event sub count=0
info|2023-07-09 07:41:32.688248|[SDK][WS][SERVICE]connected nodes,count=2
info|2023-07-09 07:41:52.622615|[EVENT][SUB][doLoop]event sub tasks report,working event sub count=0,suspend event sub count=0
info|2023-07-09 07:41:52.688474|[SDK][WS][SERVICE]connected nodes,count=2
info|2023-07-09 07:42:12.622656|[EVENT][SUB][doLoop]event sub tasks report,working event sub count=0,suspend event sub count=0
info|2023-07-09 07:42:12.688761|[SDK][WS][SERVICE]connected nodes,count=2
info|2023-07-09 07:42:32.622844|[EVENT][SUB][doLoop]event sub tasks report,working event sub count=0,suspend event sub count=0
info|2023-07-09 07:42:32.688971|[SDK][WS][SERVICE]connected nodes,count=2
info|2023-07-09 07:42:52.623331|[EVENT][SUB][doLoop]event sub tasks report,working event sub count=0,suspend event sub count=0
info|2023-07-09 07:42:52.689163|[SDK][WS][SERVICE]connected nodes,count=2
info|2023-07-09 07:43:12.623608|[EVENT][SUB][doLoop]event sub tasks report,working event sub count=0,suspend event sub count=0
info|2023-07-09 07:43:12.689535|[SDK][WS][SERVICE]connected nodes,count=2
info|2023-07-09 07:43:32.623788|[EVENT][SUB][doLoop]event sub tasks report,working event sub count=0,suspend event sub count=0
info|2023-07-09 07:43:32.689803|[SDK][WS][SERVICE]connected nodes,count=2
info|2023-07-09 07:43:52.623981|[EVENT][SUB][doLoop]event sub tasks report,working event sub count=0,suspend event sub count=0
info|2023-07-09 07:43:52.690251|[SDK][WS][SERVICE]connected nodes,count=2
info|2023-07-09 07:44:12.624049|[EVENT][SUB][doLoop]event sub tasks report,working event sub count=0,suspend event sub count=0
info|2023-07-09 07:44:12.690962|[SDK][WS][SERVICE]connected nodes,count=2
info|2023-07-09 07:44:32.624143|[EVENT][SUB][doLoop]event sub tasks report,working event sub count=0,suspend event sub count=0
info|2023-07-09 07:44:32.693677|[SDK][WS][SERVICE]connected nodes,count=2
info|2023-07-09 07:44:52.624662|[EVENT][SUB][doLoop]event sub tasks report,working event sub count=0,suspend event sub count=0
info|2023-07-09 07:44:52.694487|[SDK][WS][SERVICE]connected nodes,count=2
info|2023-07-09 07:45:12.624842|[EVENT][SUB][doLoop]event sub tasks report,working event sub count=0,suspend event sub count=0
info|2023-07-09 07:45:12.694625|[SDK][WS][SERVICE]connected nodes,count=2
info|2023-07-09 07:45:32.624907|[EVENT][SUB][doLoop]event sub tasks report,working event sub count=0,suspend event sub count=0
info|2023-07-09 07:45:32.695349|[SDK][WS][SERVICE]connected nodes,count=2
info|2023-07-09 07:45:52.625082|[EVENT][SUB][doLoop]event sub tasks report,working event sub count=0,suspend event sub count=0
info|2023-07-09 07:45:52.696176|[SDK][WS][SERVICE]connected nodes,count=2
info|2023-07-09 07:46:12.625142|[EVENT][SUB][doLoop]event sub tasks report,working event sub count=0,suspend event sub count=0
info|2023-07-09 07:46:12.696808|[SDK][WS][SERVICE]connected nodes,count=2
info|2023-07-09 07:46:32.625354|[EVENT][SUB][doLoop]event sub tasks report,working event sub count=0,suspend event sub count=0
info|2023-07-09 07:46:32.697272|[SDK][WS][SERVICE]connected nodes,count=2
info|2023-07-09 07:46:52.625822|[EVENT][SUB][doLoop]event sub tasks report,working event sub count=0,suspend event sub count=0
info|2023-07-09 07:46:52.697872|[SDK][WS][SERVICE]connected nodes,count=2
info|2023-07-09 07:47:12.625908|[EVENT][SUB][doLoop]event sub tasks report,working event sub count=0,suspend event sub count=0
info|2023-07-09 07:47:12.698169|[SDK][WS][SERVICE]connected nodes,count=2
info|2023-07-09 07:47:32.626290|[EVENT][SUB][doLoop]event sub tasks report,working event sub count=0,suspend event sub count=0
info|2023-07-09 07:47:32.698764|[SDK][WS][SERVICE]connected nodes,count=2
info|2023-07-09 07:47:52.626709|[EVENT][SUB][doLoop]event sub tasks report,working event sub count=0,suspend event sub count=0
info|2023-07-09 07:47:52.699451|[SDK][WS][SERVICE]connected nodes,count=2
info|2023-07-09 07:48:12.627226|[EVENT][SUB][doLoop]event sub tasks report,working event sub count=0,suspend event sub count=0
info|2023-07-09 07:48:12.700130|[SDK][WS][SERVICE]connected nodes,count=2
info|2023-07-09 07:48:32.627478|[EVENT][SUB][doLoop]event sub tasks report,working event sub count=0,suspend event sub count=0
info|2023-07-09 07:48:32.700339|[SDK][WS][SERVICE]connected nodes,count=2
info|2023-07-09 07:48:52.627673|[EVENT][SUB][doLoop]event sub tasks report,working event sub count=0,suspend event sub count=0
info|2023-07-09 07:48:52.700523|[SDK][WS][SERVICE]connected nodes,count=2
info|2023-07-09 07:49:12.627737|[EVENT][SUB][doLoop]event sub tasks report,working event sub count=0,suspend event sub count=0
info|2023-07-09 07:49:12.700667|[SDK][WS][SERVICE]connected nodes,count=2
info|2023-07-09 07:49:32.627943|[EVENT][SUB][doLoop]event sub tasks report,working event sub count=0,suspend event sub count=0
info|2023-07-09 07:49:32.701454|[SDK][WS][SERVICE]connected nodes,count=2
info|2023-07-09 07:49:52.628206|[EVENT][SUB][doLoop]event sub tasks report,working event sub count=0,suspend event sub count=0
info|2023-07-09 07:49:52.702128|[SDK][WS][SERVICE]connected nodes,count=2
info|2023-07-09 07:50:12.628715|[EVENT][SUB][doLoop]event sub tasks report,working event sub count=0,suspend event sub count=0
info|2023-07-09 07:50:12.702446|[SDK][WS][SERVICE]connected nodes,count=2
info|2023-07-09 07:50:32.628944|[EVENT][SUB][doLoop]event sub tasks report,working event sub count=0,suspend event sub count=0
info|2023-07-09 07:50:32.702592|[SDK][WS][SERVICE]connected nodes,count=2
info|2023-07-09 07:50:52.629517|[EVENT][SUB][doLoop]event sub tasks report,working event sub count=0,suspend event sub count=0
info|2023-07-09 07:50:52.702963|[SDK][WS][SERVICE]connected nodes,count=2
info|2023-07-09 07:51:12.630312|[EVENT][SUB][doLoop]event sub tasks report,working event sub count=0,suspend event sub count=0
info|2023-07-09 07:51:12.703184|[SDK][WS][SERVICE]connected nodes,count=2
info|2023-07-09 07:51:32.630377|[EVENT][SUB][doLoop]event sub tasks report,working event sub count=0,suspend event sub count=0
info|2023-07-09 07:51:32.703414|[SDK][WS][SERVICE]connected nodes,count=2
info|2023-07-09 07:51:52.630748|[EVENT][SUB][doLoop]event sub tasks report,working event sub count=0,suspend event sub count=0
info|2023-07-09 07:51:52.703682|[SDK][WS][SERVICE]connected nodes,count=2
info|2023-07-09 07:52:12.631199|[EVENT][SUB][doLoop]event sub tasks report,working event sub count=0,suspend event sub count=0
info|2023-07-09 07:52:12.704315|[SDK][WS][SERVICE]connected nodes,count=2
info|2023-07-09 07:52:32.631390|[EVENT][SUB][doLoop]event sub tasks report,working event sub count=0,suspend event sub count=0
info|2023-07-09 07:52:32.704730|[SDK][WS][SERVICE]connected nodes,count=2
info|2023-07-09 07:52:52.631695|[EVENT][SUB][doLoop]event sub tasks report,working event sub count=0,suspend event sub count=0
info|2023-07-09 07:52:52.705062|[SDK][WS][SERVICE]connected nodes,count=2
info|2023-07-09 07:53:12.632240|[EVENT][SUB][doLoop]event sub tasks report,working event sub count=0,suspend event sub count=0
info|2023-07-09 07:53:12.705384|[SDK][WS][SERVICE]connected nodes,count=2
info|2023-07-09 07:53:32.632469|[EVENT][SUB][doLoop]event sub tasks report,working event sub count=0,suspend event sub count=0
info|2023-07-09 07:53:32.706378|[SDK][WS][SERVICE]connected nodes,count=2
info|2023-07-09 07:53:52.632923|[EVENT][SUB][doLoop]event sub tasks report,working event sub count=0,suspend event sub count=0
info|2023-07-09 07:53:52.707060|[SDK][WS][SERVICE]connected nodes,count=2
info|2023-07-09 07:54:12.633525|[EVENT][SUB][doLoop]event sub tasks report,working event sub count=0,suspend event sub count=0
info|2023-07-09 07:54:12.707657|[SDK][WS][SERVICE]connected nodes,count=2
info|2023-07-09 07:54:32.633953|[EVENT][SUB][doLoop]event sub tasks report,working event sub count=0,suspend event sub count=0
info|2023-07-09 07:54:32.707921|[SDK][WS][SERVICE]connected nodes,count=2
info|2023-07-09 07:54:52.634258|[EVENT][SUB][doLoop]event sub tasks report,working event sub count=0,suspend event sub count=0
info|2023-07-09 07:54:52.708547|[SDK][WS][SERVICE]connected nodes,count=2
info|2023-07-09 07:55:12.634712|[EVENT][SUB][doLoop]event sub tasks report,working event sub count=0,suspend event sub count=0
info|2023-07-09 07:55:12.709189|[SDK][WS][SERVICE]connected nodes,count=2
info|2023-07-09 07:55:32.634885|[EVENT][SUB][doLoop]event sub tasks report,working event sub count=0,suspend event sub count=0
info|2023-07-09 07:55:32.709780|[SDK][WS][SERVICE]connected nodes,count=2
info|2023-07-09 07:55:52.635162|[EVENT][SUB][doLoop]event sub tasks report,working event sub count=0,suspend event sub count=0
info|2023-07-09 07:55:52.709913|[SDK][WS][SERVICE]connected nodes,count=2
info|2023-07-09 07:56:12.635371|[EVENT][SUB][doLoop]event sub tasks report,working event sub count=0,suspend event sub count=0
info|2023-07-09 07:56:12.710030|[SDK][WS][SERVICE]connected nodes,count=2
info|2023-07-09 07:56:32.635986|[EVENT][SUB][doLoop]event sub tasks report,working event sub count=0,suspend event sub count=0
info|2023-07-09 07:56:32.710635|[SDK][WS][SERVICE]connected nodes,count=2
info|2023-07-09 07:56:52.636304|[EVENT][SUB][doLoop]event sub tasks report,working event sub count=0,suspend event sub count=0
info|2023-07-09 07:56:52.710914|[SDK][WS][SERVICE]connected nodes,count=2
info|2023-07-09 07:57:12.637092|[EVENT][SUB][doLoop]event sub tasks report,working event sub count=0,suspend event sub count=0
info|2023-07-09 07:57:12.711113|[SDK][WS][SERVICE]connected nodes,count=2
info|2023-07-09 07:57:13.884631|[RPC][BLOCK][NUMBER][fromJson],group=group0,node=98a7f70ec883a722219d92253cf073a72605f4087aa3443c8e4aadc0af2dc3ac647d0fa1b5ac99cd6987abafe6d690ae71cd5fd2aeeabe7589bfb4748aabdfba,blockNumber=2623
info|2023-07-09 07:57:13.884658|[RPCWS][SERVICE][onRecvBlockNotifier]receive block number notifier,group=group0,node=98a7f70ec883a722219d92253cf073a72605f4087aa3443c8e4aadc0af2dc3ac647d0fa1b5ac99cd6987abafe6d690ae71cd5fd2aeeabe7589bfb4748aabdfba,blockNumber=2623
info|2023-07-09 07:57:13.884687|[RPCWS][SERVICE][updateGroupBlockNumber],groupID=group0,_blockNumber=2623
info|2023-07-09 07:57:13.884694|[RPCWS][SERVICE][onRecvBlockNotifier]block notifier callback,group=group0,node=98a7f70ec883a722219d92253cf073a72605f4087aa3443c8e4aadc0af2dc3ac647d0fa1b5ac99cd6987abafe6d690ae71cd5fd2aeeabe7589bfb4748aabdfba,blockNumber=2623
info|2023-07-09 07:57:13.884697|[WS]receive block notify,endpoint=127.0.0.1:20200,blk={
	"blockNumber" : 2623,
	"group" : "group0",
	"nodeName" : "98a7f70ec883a722219d92253cf073a72605f4087aa3443c8e4aadc0af2dc3ac647d0fa1b5ac99cd6987abafe6d690ae71cd5fd2aeeabe7589bfb4748aabdfba"
}
info|2023-07-09 07:57:13.900198|[RPC][BLOCK][NUMBER][fromJson],group=group0,node=2f993327933ad58672518b6d4f63920cbc68b80f78f4d81192552ee6362f5cc81ee13bdc678ad65f06e76444cadb53b33694cfb3fc7679b8000411975fedd28a,blockNumber=2623
info|2023-07-09 07:57:13.900221|[RPCWS][SERVICE][onRecvBlockNotifier]receive block number notifier,group=group0,node=2f993327933ad58672518b6d4f63920cbc68b80f78f4d81192552ee6362f5cc81ee13bdc678ad65f06e76444cadb53b33694cfb3fc7679b8000411975fedd28a,blockNumber=2623
info|2023-07-09 07:57:13.900228|[WS]receive block notify,endpoint=127.0.0.1:20201,blk={
	"blockNumber" : 2623,
	"group" : "group0",
	"nodeName" : "2f993327933ad58672518b6d4f63920cbc68b80f78f4d81192552ee6362f5cc81ee13bdc678ad65f06e76444cadb53b33694cfb3fc7679b8000411975fedd28a"
}
info|2023-07-09 07:57:14.373209|[RPC][BLOCK][NUMBER][fromJson],group=group0,node=98a7f70ec883a722219d92253cf073a72605f4087aa3443c8e4aadc0af2dc3ac647d0fa1b5ac99cd6987abafe6d690ae71cd5fd2aeeabe7589bfb4748aabdfba,blockNumber=2624
info|2023-07-09 07:57:14.373231|[RPCWS][SERVICE][onRecvBlockNotifier]receive block number notifier,group=group0,node=98a7f70ec883a722219d92253cf073a72605f4087aa3443c8e4aadc0af2dc3ac647d0fa1b5ac99cd6987abafe6d690ae71cd5fd2aeeabe7589bfb4748aabdfba,blockNumber=2624
info|2023-07-09 07:57:14.373236|[RPCWS][SERVICE][updateGroupBlockNumber],groupID=group0,_blockNumber=2624
info|2023-07-09 07:57:14.373240|[RPCWS][SERVICE][onRecvBlockNotifier]block notifier callback,group=group0,node=98a7f70ec883a722219d92253cf073a72605f4087aa3443c8e4aadc0af2dc3ac647d0fa1b5ac99cd6987abafe6d690ae71cd5fd2aeeabe7589bfb4748aabdfba,blockNumber=2624
info|2023-07-09 07:57:14.373244|[WS]receive block notify,endpoint=127.0.0.1:20200,blk={
	"blockNumber" : 2624,
	"group" : "group0",
	"nodeName" : "98a7f70ec883a722219d92253cf073a72605f4087aa3443c8e4aadc0af2dc3ac647d0fa1b5ac99cd6987abafe6d690ae71cd5fd2aeeabe7589bfb4748aabdfba"
}
info|2023-07-09 07:57:14.482981|[RPC][BLOCK][NUMBER][fromJson],group=group0,node=2f993327933ad58672518b6d4f63920cbc68b80f78f4d81192552ee6362f5cc81ee13bdc678ad65f06e76444cadb53b33694cfb3fc7679b8000411975fedd28a,blockNumber=2624
info|2023-07-09 07:57:14.483030|[RPCWS][SERVICE][onRecvBlockNotifier]receive block number notifier,group=group0,node=2f993327933ad58672518b6d4f63920cbc68b80f78f4d81192552ee6362f5cc81ee13bdc678ad65f06e76444cadb53b33694cfb3fc7679b8000411975fedd28a,blockNumber=2624
info|2023-07-09 07:57:14.483038|[WS]receive block notify,endpoint=127.0.0.1:20201,blk={
	"blockNumber" : 2624,
	"group" : "group0",
	"nodeName" : "2f993327933ad58672518b6d4f63920cbc68b80f78f4d81192552ee6362f5cc81ee13bdc678ad65f06e76444cadb53b33694cfb3fc7679b8000411975fedd28a"
}
info|2023-07-09 07:57:14.962121|[RPC][BLOCK][NUMBER][fromJson],group=group0,node=98a7f70ec883a722219d92253cf073a72605f4087aa3443c8e4aadc0af2dc3ac647d0fa1b5ac99cd6987abafe6d690ae71cd5fd2aeeabe7589bfb4748aabdfba,blockNumber=2625
info|2023-07-09 07:57:14.962154|[RPCWS][SERVICE][onRecvBlockNotifier]receive block number notifier,group=group0,node=98a7f70ec883a722219d92253cf073a72605f4087aa3443c8e4aadc0af2dc3ac647d0fa1b5ac99cd6987abafe6d690ae71cd5fd2aeeabe7589bfb4748aabdfba,blockNumber=2625
info|2023-07-09 07:57:14.962160|[RPCWS][SERVICE][updateGroupBlockNumber],groupID=group0,_blockNumber=2625
info|2023-07-09 07:57:14.962165|[RPCWS][SERVICE][onRecvBlockNotifier]block notifier callback,group=group0,node=98a7f70ec883a722219d92253cf073a72605f4087aa3443c8e4aadc0af2dc3ac647d0fa1b5ac99cd6987abafe6d690ae71cd5fd2aeeabe7589bfb4748aabdfba,blockNumber=2625
info|2023-07-09 07:57:14.962169|[WS]receive block notify,endpoint=127.0.0.1:20200,blk={
	"blockNumber" : 2625,
	"group" : "group0",
	"nodeName" : "98a7f70ec883a722219d92253cf073a72605f4087aa3443c8e4aadc0af2dc3ac647d0fa1b5ac99cd6987abafe6d690ae71cd5fd2aeeabe7589bfb4748aabdfba"
}
info|2023-07-09 07:57:14.967167|[RPC][BLOCK][NUMBER][fromJson],group=group0,node=2f993327933ad58672518b6d4f63920cbc68b80f78f4d81192552ee6362f5cc81ee13bdc678ad65f06e76444cadb53b33694cfb3fc7679b8000411975fedd28a,blockNumber=2625
info|2023-07-09 07:57:14.967190|[RPCWS][SERVICE][onRecvBlockNotifier]receive block number notifier,group=group0,node=2f993327933ad58672518b6d4f63920cbc68b80f78f4d81192552ee6362f5cc81ee13bdc678ad65f06e76444cadb53b33694cfb3fc7679b8000411975fedd28a,blockNumber=2625
info|2023-07-09 07:57:14.967197|[WS]receive block notify,endpoint=127.0.0.1:20201,blk={
	"blockNumber" : 2625,
	"group" : "group0",
	"nodeName" : "2f993327933ad58672518b6d4f63920cbc68b80f78f4d81192552ee6362f5cc81ee13bdc678ad65f06e76444cadb53b33694cfb3fc7679b8000411975fedd28a"
}
info|2023-07-09 07:57:15.537139|[RPC][BLOCK][NUMBER][fromJson],group=group0,node=98a7f70ec883a722219d92253cf073a72605f4087aa3443c8e4aadc0af2dc3ac647d0fa1b5ac99cd6987abafe6d690ae71cd5fd2aeeabe7589bfb4748aabdfba,blockNumber=2626
info|2023-07-09 07:57:15.537159|[RPCWS][SERVICE][onRecvBlockNotifier]receive block number notifier,group=group0,node=98a7f70ec883a722219d92253cf073a72605f4087aa3443c8e4aadc0af2dc3ac647d0fa1b5ac99cd6987abafe6d690ae71cd5fd2aeeabe7589bfb4748aabdfba,blockNumber=2626
info|2023-07-09 07:57:15.537165|[RPCWS][SERVICE][updateGroupBlockNumber],groupID=group0,_blockNumber=2626
info|2023-07-09 07:57:15.537169|[RPCWS][SERVICE][onRecvBlockNotifier]block notifier callback,group=group0,node=98a7f70ec883a722219d92253cf073a72605f4087aa3443c8e4aadc0af2dc3ac647d0fa1b5ac99cd6987abafe6d690ae71cd5fd2aeeabe7589bfb4748aabdfba,blockNumber=2626
info|2023-07-09 07:57:15.537172|[WS]receive block notify,endpoint=127.0.0.1:20200,blk={
	"blockNumber" : 2626,
	"group" : "group0",
	"nodeName" : "98a7f70ec883a722219d92253cf073a72605f4087aa3443c8e4aadc0af2dc3ac647d0fa1b5ac99cd6987abafe6d690ae71cd5fd2aeeabe7589bfb4748aabdfba"
}
info|2023-07-09 07:57:15.580010|[RPC][BLOCK][NUMBER][fromJson],group=group0,node=2f993327933ad58672518b6d4f63920cbc68b80f78f4d81192552ee6362f5cc81ee13bdc678ad65f06e76444cadb53b33694cfb3fc7679b8000411975fedd28a,blockNumber=2626
info|2023-07-09 07:57:15.580061|[RPCWS][SERVICE][onRecvBlockNotifier]receive block number notifier,group=group0,node=2f993327933ad58672518b6d4f63920cbc68b80f78f4d81192552ee6362f5cc81ee13bdc678ad65f06e76444cadb53b33694cfb3fc7679b8000411975fedd28a,blockNumber=2626
info|2023-07-09 07:57:15.580068|[WS]receive block notify,endpoint=127.0.0.1:20201,blk={
	"blockNumber" : 2626,
	"group" : "group0",
	"nodeName" : "2f993327933ad58672518b6d4f63920cbc68b80f78f4d81192552ee6362f5cc81ee13bdc678ad65f06e76444cadb53b33694cfb3fc7679b8000411975fedd28a"
}
info|2023-07-09 07:57:16.084196|[RPC][BLOCK][NUMBER][fromJson],group=group0,node=98a7f70ec883a722219d92253cf073a72605f4087aa3443c8e4aadc0af2dc3ac647d0fa1b5ac99cd6987abafe6d690ae71cd5fd2aeeabe7589bfb4748aabdfba,blockNumber=2627
info|2023-07-09 07:57:16.084302|[RPCWS][SERVICE][onRecvBlockNotifier]receive block number notifier,group=group0,node=98a7f70ec883a722219d92253cf073a72605f4087aa3443c8e4aadc0af2dc3ac647d0fa1b5ac99cd6987abafe6d690ae71cd5fd2aeeabe7589bfb4748aabdfba,blockNumber=2627
info|2023-07-09 07:57:16.084309|[RPCWS][SERVICE][updateGroupBlockNumber],groupID=group0,_blockNumber=2627
info|2023-07-09 07:57:16.084313|[RPCWS][SERVICE][onRecvBlockNotifier]block notifier callback,group=group0,node=98a7f70ec883a722219d92253cf073a72605f4087aa3443c8e4aadc0af2dc3ac647d0fa1b5ac99cd6987abafe6d690ae71cd5fd2aeeabe7589bfb4748aabdfba,blockNumber=2627
info|2023-07-09 07:57:16.084317|[WS]receive block notify,endpoint=127.0.0.1:20200,blk={
	"blockNumber" : 2627,
	"group" : "group0",
	"nodeName" : "98a7f70ec883a722219d92253cf073a72605f4087aa3443c8e4aadc0af2dc3ac647d0fa1b5ac99cd6987abafe6d690ae71cd5fd2aeeabe7589bfb4748aabdfba"
}
info|2023-07-09 07:57:16.099885|[RPC][BLOCK][NUMBER][fromJson],group=group0,node=2f993327933ad58672518b6d4f63920cbc68b80f78f4d81192552ee6362f5cc81ee13bdc678ad65f06e76444cadb53b33694cfb3fc7679b8000411975fedd28a,blockNumber=2627
info|2023-07-09 07:57:16.099908|[RPCWS][SERVICE][onRecvBlockNotifier]receive block number notifier,group=group0,node=2f993327933ad58672518b6d4f63920cbc68b80f78f4d81192552ee6362f5cc81ee13bdc678ad65f06e76444cadb53b33694cfb3fc7679b8000411975fedd28a,blockNumber=2627
info|2023-07-09 07:57:16.099914|[WS]receive block notify,endpoint=127.0.0.1:20201,blk={
	"blockNumber" : 2627,
	"group" : "group0",
	"nodeName" : "2f993327933ad58672518b6d4f63920cbc68b80f78f4d81192552ee6362f5cc81ee13bdc678ad65f06e76444cadb53b33694cfb3fc7679b8000411975fedd28a"
}
info|2023-07-09 07:57:16.635713|[RPC][BLOCK][NUMBER][fromJson],group=group0,node=98a7f70ec883a722219d92253cf073a72605f4087aa3443c8e4aadc0af2dc3ac647d0fa1b5ac99cd6987abafe6d690ae71cd5fd2aeeabe7589bfb4748aabdfba,blockNumber=2628
info|2023-07-09 07:57:16.635734|[RPCWS][SERVICE][onRecvBlockNotifier]receive block number notifier,group=group0,node=98a7f70ec883a722219d92253cf073a72605f4087aa3443c8e4aadc0af2dc3ac647d0fa1b5ac99cd6987abafe6d690ae71cd5fd2aeeabe7589bfb4748aabdfba,blockNumber=2628
info|2023-07-09 07:57:16.635740|[RPCWS][SERVICE][updateGroupBlockNumber],groupID=group0,_blockNumber=2628
info|2023-07-09 07:57:16.635743|[RPCWS][SERVICE][onRecvBlockNotifier]block notifier callback,group=group0,node=98a7f70ec883a722219d92253cf073a72605f4087aa3443c8e4aadc0af2dc3ac647d0fa1b5ac99cd6987abafe6d690ae71cd5fd2aeeabe7589bfb4748aabdfba,blockNumber=2628
info|2023-07-09 07:57:16.635747|[WS]receive block notify,endpoint=127.0.0.1:20200,blk={
	"blockNumber" : 2628,
	"group" : "group0",
	"nodeName" : "98a7f70ec883a722219d92253cf073a72605f4087aa3443c8e4aadc0af2dc3ac647d0fa1b5ac99cd6987abafe6d690ae71cd5fd2aeeabe7589bfb4748aabdfba"
}
info|2023-07-09 07:57:16.757919|[RPC][BLOCK][NUMBER][fromJson],group=group0,node=2f993327933ad58672518b6d4f63920cbc68b80f78f4d81192552ee6362f5cc81ee13bdc678ad65f06e76444cadb53b33694cfb3fc7679b8000411975fedd28a,blockNumber=2628
info|2023-07-09 07:57:16.757955|[RPCWS][SERVICE][onRecvBlockNotifier]receive block number notifier,group=group0,node=2f993327933ad58672518b6d4f63920cbc68b80f78f4d81192552ee6362f5cc81ee13bdc678ad65f06e76444cadb53b33694cfb3fc7679b8000411975fedd28a,blockNumber=2628
info|2023-07-09 07:57:16.757963|[WS]receive block notify,endpoint=127.0.0.1:20201,blk={
	"blockNumber" : 2628,
	"group" : "group0",
	"nodeName" : "2f993327933ad58672518b6d4f63920cbc68b80f78f4d81192552ee6362f5cc81ee13bdc678ad65f06e76444cadb53b33694cfb3fc7679b8000411975fedd28a"
}
info|2023-07-09 07:57:17.169302|[RPC][BLOCK][NUMBER][fromJson],group=group0,node=98a7f70ec883a722219d92253cf073a72605f4087aa3443c8e4aadc0af2dc3ac647d0fa1b5ac99cd6987abafe6d690ae71cd5fd2aeeabe7589bfb4748aabdfba,blockNumber=2629
info|2023-07-09 07:57:17.169322|[RPCWS][SERVICE][onRecvBlockNotifier]receive block number notifier,group=group0,node=98a7f70ec883a722219d92253cf073a72605f4087aa3443c8e4aadc0af2dc3ac647d0fa1b5ac99cd6987abafe6d690ae71cd5fd2aeeabe7589bfb4748aabdfba,blockNumber=2629
info|2023-07-09 07:57:17.169327|[RPCWS][SERVICE][updateGroupBlockNumber],groupID=group0,_blockNumber=2629
info|2023-07-09 07:57:17.169331|[RPCWS][SERVICE][onRecvBlockNotifier]block notifier callback,group=group0,node=98a7f70ec883a722219d92253cf073a72605f4087aa3443c8e4aadc0af2dc3ac647d0fa1b5ac99cd6987abafe6d690ae71cd5fd2aeeabe7589bfb4748aabdfba,blockNumber=2629
info|2023-07-09 07:57:17.169334|[WS]receive block notify,endpoint=127.0.0.1:20200,blk={
	"blockNumber" : 2629,
	"group" : "group0",
	"nodeName" : "98a7f70ec883a722219d92253cf073a72605f4087aa3443c8e4aadc0af2dc3ac647d0fa1b5ac99cd6987abafe6d690ae71cd5fd2aeeabe7589bfb4748aabdfba"
}
info|2023-07-09 07:57:17.291539|[RPC][BLOCK][NUMBER][fromJson],group=group0,node=2f993327933ad58672518b6d4f63920cbc68b80f78f4d81192552ee6362f5cc81ee13bdc678ad65f06e76444cadb53b33694cfb3fc7679b8000411975fedd28a,blockNumber=2629
info|2023-07-09 07:57:17.291561|[RPCWS][SERVICE][onRecvBlockNotifier]receive block number notifier,group=group0,node=2f993327933ad58672518b6d4f63920cbc68b80f78f4d81192552ee6362f5cc81ee13bdc678ad65f06e76444cadb53b33694cfb3fc7679b8000411975fedd28a,blockNumber=2629
info|2023-07-09 07:57:17.291568|[WS]receive block notify,endpoint=127.0.0.1:20201,blk={
	"blockNumber" : 2629,
	"group" : "group0",
	"nodeName" : "2f993327933ad58672518b6d4f63920cbc68b80f78f4d81192552ee6362f5cc81ee13bdc678ad65f06e76444cadb53b33694cfb3fc7679b8000411975fedd28a"
}
info|2023-07-09 07:57:17.845178|[RPC][BLOCK][NUMBER][fromJson],group=group0,node=98a7f70ec883a722219d92253cf073a72605f4087aa3443c8e4aadc0af2dc3ac647d0fa1b5ac99cd6987abafe6d690ae71cd5fd2aeeabe7589bfb4748aabdfba,blockNumber=2630
info|2023-07-09 07:57:17.845266|[RPCWS][SERVICE][onRecvBlockNotifier]receive block number notifier,group=group0,node=98a7f70ec883a722219d92253cf073a72605f4087aa3443c8e4aadc0af2dc3ac647d0fa1b5ac99cd6987abafe6d690ae71cd5fd2aeeabe7589bfb4748aabdfba,blockNumber=2630
info|2023-07-09 07:57:17.845289|[RPCWS][SERVICE][updateGroupBlockNumber],groupID=group0,_blockNumber=2630
info|2023-07-09 07:57:17.845294|[RPCWS][SERVICE][onRecvBlockNotifier]block notifier callback,group=group0,node=98a7f70ec883a722219d92253cf073a72605f4087aa3443c8e4aadc0af2dc3ac647d0fa1b5ac99cd6987abafe6d690ae71cd5fd2aeeabe7589bfb4748aabdfba,blockNumber=2630
info|2023-07-09 07:57:17.845297|[WS]receive block notify,endpoint=127.0.0.1:20200,blk={
	"blockNumber" : 2630,
	"group" : "group0",
	"nodeName" : "98a7f70ec883a722219d92253cf073a72605f4087aa3443c8e4aadc0af2dc3ac647d0fa1b5ac99cd6987abafe6d690ae71cd5fd2aeeabe7589bfb4748aabdfba"
}
info|2023-07-09 07:57:17.891312|[RPC][BLOCK][NUMBER][fromJson],group=group0,node=2f993327933ad58672518b6d4f63920cbc68b80f78f4d81192552ee6362f5cc81ee13bdc678ad65f06e76444cadb53b33694cfb3fc7679b8000411975fedd28a,blockNumber=2630
info|2023-07-09 07:57:17.891337|[RPCWS][SERVICE][onRecvBlockNotifier]receive block number notifier,group=group0,node=2f993327933ad58672518b6d4f63920cbc68b80f78f4d81192552ee6362f5cc81ee13bdc678ad65f06e76444cadb53b33694cfb3fc7679b8000411975fedd28a,blockNumber=2630
info|2023-07-09 07:57:17.891345|[WS]receive block notify,endpoint=127.0.0.1:20201,blk={
	"blockNumber" : 2630,
	"group" : "group0",
	"nodeName" : "2f993327933ad58672518b6d4f63920cbc68b80f78f4d81192552ee6362f5cc81ee13bdc678ad65f06e76444cadb53b33694cfb3fc7679b8000411975fedd28a"
}
info|2023-07-09 07:57:18.373103|[RPC][BLOCK][NUMBER][fromJson],group=group0,node=98a7f70ec883a722219d92253cf073a72605f4087aa3443c8e4aadc0af2dc3ac647d0fa1b5ac99cd6987abafe6d690ae71cd5fd2aeeabe7589bfb4748aabdfba,blockNumber=2631
info|2023-07-09 07:57:18.373134|[RPCWS][SERVICE][onRecvBlockNotifier]receive block number notifier,group=group0,node=98a7f70ec883a722219d92253cf073a72605f4087aa3443c8e4aadc0af2dc3ac647d0fa1b5ac99cd6987abafe6d690ae71cd5fd2aeeabe7589bfb4748aabdfba,blockNumber=2631
info|2023-07-09 07:57:18.373140|[RPCWS][SERVICE][updateGroupBlockNumber],groupID=group0,_blockNumber=2631
info|2023-07-09 07:57:18.373144|[RPCWS][SERVICE][onRecvBlockNotifier]block notifier callback,group=group0,node=98a7f70ec883a722219d92253cf073a72605f4087aa3443c8e4aadc0af2dc3ac647d0fa1b5ac99cd6987abafe6d690ae71cd5fd2aeeabe7589bfb4748aabdfba,blockNumber=2631
info|2023-07-09 07:57:18.373147|[WS]receive block notify,endpoint=127.0.0.1:20200,blk={
	"blockNumber" : 2631,
	"group" : "group0",
	"nodeName" : "98a7f70ec883a722219d92253cf073a72605f4087aa3443c8e4aadc0af2dc3ac647d0fa1b5ac99cd6987abafe6d690ae71cd5fd2aeeabe7589bfb4748aabdfba"
}
info|2023-07-09 07:57:18.495779|[RPC][BLOCK][NUMBER][fromJson],group=group0,node=2f993327933ad58672518b6d4f63920cbc68b80f78f4d81192552ee6362f5cc81ee13bdc678ad65f06e76444cadb53b33694cfb3fc7679b8000411975fedd28a,blockNumber=2631
info|2023-07-09 07:57:18.495814|[RPCWS][SERVICE][onRecvBlockNotifier]receive block number notifier,group=group0,node=2f993327933ad58672518b6d4f63920cbc68b80f78f4d81192552ee6362f5cc81ee13bdc678ad65f06e76444cadb53b33694cfb3fc7679b8000411975fedd28a,blockNumber=2631
info|2023-07-09 07:57:18.495822|[WS]receive block notify,endpoint=127.0.0.1:20201,blk={
	"blockNumber" : 2631,
	"group" : "group0",
	"nodeName" : "2f993327933ad58672518b6d4f63920cbc68b80f78f4d81192552ee6362f5cc81ee13bdc678ad65f06e76444cadb53b33694cfb3fc7679b8000411975fedd28a"
}
info|2023-07-09 07:57:18.968709|[RPC][BLOCK][NUMBER][fromJson],group=group0,node=2f993327933ad58672518b6d4f63920cbc68b80f78f4d81192552ee6362f5cc81ee13bdc678ad65f06e76444cadb53b33694cfb3fc7679b8000411975fedd28a,blockNumber=2632
info|2023-07-09 07:57:18.968729|[RPCWS][SERVICE][onRecvBlockNotifier]receive block number notifier,group=group0,node=2f993327933ad58672518b6d4f63920cbc68b80f78f4d81192552ee6362f5cc81ee13bdc678ad65f06e76444cadb53b33694cfb3fc7679b8000411975fedd28a,blockNumber=2632
info|2023-07-09 07:57:18.968734|[RPCWS][SERVICE][updateGroupBlockNumber],groupID=group0,_blockNumber=2632
info|2023-07-09 07:57:18.968738|[RPCWS][SERVICE][onRecvBlockNotifier]block notifier callback,group=group0,node=2f993327933ad58672518b6d4f63920cbc68b80f78f4d81192552ee6362f5cc81ee13bdc678ad65f06e76444cadb53b33694cfb3fc7679b8000411975fedd28a,blockNumber=2632
info|2023-07-09 07:57:18.968742|[WS]receive block notify,endpoint=127.0.0.1:20201,blk={
	"blockNumber" : 2632,
	"group" : "group0",
	"nodeName" : "2f993327933ad58672518b6d4f63920cbc68b80f78f4d81192552ee6362f5cc81ee13bdc678ad65f06e76444cadb53b33694cfb3fc7679b8000411975fedd28a"
}
info|2023-07-09 07:57:18.978418|[RPC][BLOCK][NUMBER][fromJson],group=group0,node=98a7f70ec883a722219d92253cf073a72605f4087aa3443c8e4aadc0af2dc3ac647d0fa1b5ac99cd6987abafe6d690ae71cd5fd2aeeabe7589bfb4748aabdfba,blockNumber=2632
info|2023-07-09 07:57:18.978453|[RPCWS][SERVICE][onRecvBlockNotifier]receive block number notifier,group=group0,node=98a7f70ec883a722219d92253cf073a72605f4087aa3443c8e4aadc0af2dc3ac647d0fa1b5ac99cd6987abafe6d690ae71cd5fd2aeeabe7589bfb4748aabdfba,blockNumber=2632
info|2023-07-09 07:57:18.978461|[WS]receive block notify,endpoint=127.0.0.1:20200,blk={
	"blockNumber" : 2632,
	"group" : "group0",
	"nodeName" : "98a7f70ec883a722219d92253cf073a72605f4087aa3443c8e4aadc0af2dc3ac647d0fa1b5ac99cd6987abafe6d690ae71cd5fd2aeeabe7589bfb4748aabdfba"
}
info|2023-07-09 07:57:19.464759|[RPC][BLOCK][NUMBER][fromJson],group=group0,node=98a7f70ec883a722219d92253cf073a72605f4087aa3443c8e4aadc0af2dc3ac647d0fa1b5ac99cd6987abafe6d690ae71cd5fd2aeeabe7589bfb4748aabdfba,blockNumber=2633
info|2023-07-09 07:57:19.464810|[RPCWS][SERVICE][onRecvBlockNotifier]receive block number notifier,group=group0,node=98a7f70ec883a722219d92253cf073a72605f4087aa3443c8e4aadc0af2dc3ac647d0fa1b5ac99cd6987abafe6d690ae71cd5fd2aeeabe7589bfb4748aabdfba,blockNumber=2633
info|2023-07-09 07:57:19.464815|[RPCWS][SERVICE][updateGroupBlockNumber],groupID=group0,_blockNumber=2633
info|2023-07-09 07:57:19.464820|[RPCWS][SERVICE][onRecvBlockNotifier]block notifier callback,group=group0,node=98a7f70ec883a722219d92253cf073a72605f4087aa3443c8e4aadc0af2dc3ac647d0fa1b5ac99cd6987abafe6d690ae71cd5fd2aeeabe7589bfb4748aabdfba,blockNumber=2633
info|2023-07-09 07:57:19.464858|[WS]receive block notify,endpoint=127.0.0.1:20200,blk={
	"blockNumber" : 2633,
	"group" : "group0",
	"nodeName" : "98a7f70ec883a722219d92253cf073a72605f4087aa3443c8e4aadc0af2dc3ac647d0fa1b5ac99cd6987abafe6d690ae71cd5fd2aeeabe7589bfb4748aabdfba"
}
info|2023-07-09 07:57:19.507232|[RPC][BLOCK][NUMBER][fromJson],group=group0,node=2f993327933ad58672518b6d4f63920cbc68b80f78f4d81192552ee6362f5cc81ee13bdc678ad65f06e76444cadb53b33694cfb3fc7679b8000411975fedd28a,blockNumber=2633
info|2023-07-09 07:57:19.507286|[RPCWS][SERVICE][onRecvBlockNotifier]receive block number notifier,group=group0,node=2f993327933ad58672518b6d4f63920cbc68b80f78f4d81192552ee6362f5cc81ee13bdc678ad65f06e76444cadb53b33694cfb3fc7679b8000411975fedd28a,blockNumber=2633
info|2023-07-09 07:57:19.507299|[WS]receive block notify,endpoint=127.0.0.1:20201,blk={
	"blockNumber" : 2633,
	"group" : "group0",
	"nodeName" : "2f993327933ad58672518b6d4f63920cbc68b80f78f4d81192552ee6362f5cc81ee13bdc678ad65f06e76444cadb53b33694cfb3fc7679b8000411975fedd28a"
}
info|2023-07-09 07:57:20.063372|[RPC][BLOCK][NUMBER][fromJson],group=group0,node=98a7f70ec883a722219d92253cf073a72605f4087aa3443c8e4aadc0af2dc3ac647d0fa1b5ac99cd6987abafe6d690ae71cd5fd2aeeabe7589bfb4748aabdfba,blockNumber=2634
info|2023-07-09 07:57:20.063393|[RPCWS][SERVICE][onRecvBlockNotifier]receive block number notifier,group=group0,node=98a7f70ec883a722219d92253cf073a72605f4087aa3443c8e4aadc0af2dc3ac647d0fa1b5ac99cd6987abafe6d690ae71cd5fd2aeeabe7589bfb4748aabdfba,blockNumber=2634
info|2023-07-09 07:57:20.063397|[RPCWS][SERVICE][updateGroupBlockNumber],groupID=group0,_blockNumber=2634
info|2023-07-09 07:57:20.063401|[RPCWS][SERVICE][onRecvBlockNotifier]block notifier callback,group=group0,node=98a7f70ec883a722219d92253cf073a72605f4087aa3443c8e4aadc0af2dc3ac647d0fa1b5ac99cd6987abafe6d690ae71cd5fd2aeeabe7589bfb4748aabdfba,blockNumber=2634
info|2023-07-09 07:57:20.063404|[WS]receive block notify,endpoint=127.0.0.1:20200,blk={
	"blockNumber" : 2634,
	"group" : "group0",
	"nodeName" : "98a7f70ec883a722219d92253cf073a72605f4087aa3443c8e4aadc0af2dc3ac647d0fa1b5ac99cd6987abafe6d690ae71cd5fd2aeeabe7589bfb4748aabdfba"
}
info|2023-07-09 07:57:20.106537|[RPC][BLOCK][NUMBER][fromJson],group=group0,node=2f993327933ad58672518b6d4f63920cbc68b80f78f4d81192552ee6362f5cc81ee13bdc678ad65f06e76444cadb53b33694cfb3fc7679b8000411975fedd28a,blockNumber=2634
info|2023-07-09 07:57:20.106554|[RPCWS][SERVICE][onRecvBlockNotifier]receive block number notifier,group=group0,node=2f993327933ad58672518b6d4f63920cbc68b80f78f4d81192552ee6362f5cc81ee13bdc678ad65f06e76444cadb53b33694cfb3fc7679b8000411975fedd28a,blockNumber=2634
info|2023-07-09 07:57:20.106560|[WS]receive block notify,endpoint=127.0.0.1:20201,blk={
	"blockNumber" : 2634,
	"group" : "group0",
	"nodeName" : "2f993327933ad58672518b6d4f63920cbc68b80f78f4d81192552ee6362f5cc81ee13bdc678ad65f06e76444cadb53b33694cfb3fc7679b8000411975fedd28a"
}
info|2023-07-09 07:57:20.643520|[RPC][BLOCK][NUMBER][fromJson],group=group0,node=98a7f70ec883a722219d92253cf073a72605f4087aa3443c8e4aadc0af2dc3ac647d0fa1b5ac99cd6987abafe6d690ae71cd5fd2aeeabe7589bfb4748aabdfba,blockNumber=2635
info|2023-07-09 07:57:20.643557|[RPCWS][SERVICE][onRecvBlockNotifier]receive block number notifier,group=group0,node=98a7f70ec883a722219d92253cf073a72605f4087aa3443c8e4aadc0af2dc3ac647d0fa1b5ac99cd6987abafe6d690ae71cd5fd2aeeabe7589bfb4748aabdfba,blockNumber=2635
info|2023-07-09 07:57:20.643564|[RPCWS][SERVICE][updateGroupBlockNumber],groupID=group0,_blockNumber=2635
info|2023-07-09 07:57:20.643568|[RPCWS][SERVICE][onRecvBlockNotifier]block notifier callback,group=group0,node=98a7f70ec883a722219d92253cf073a72605f4087aa3443c8e4aadc0af2dc3ac647d0fa1b5ac99cd6987abafe6d690ae71cd5fd2aeeabe7589bfb4748aabdfba,blockNumber=2635
info|2023-07-09 07:57:20.643572|[WS]receive block notify,endpoint=127.0.0.1:20200,blk={
	"blockNumber" : 2635,
	"group" : "group0",
	"nodeName" : "98a7f70ec883a722219d92253cf073a72605f4087aa3443c8e4aadc0af2dc3ac647d0fa1b5ac99cd6987abafe6d690ae71cd5fd2aeeabe7589bfb4748aabdfba"
}
info|2023-07-09 07:57:20.666832|[RPC][BLOCK][NUMBER][fromJson],group=group0,node=2f993327933ad58672518b6d4f63920cbc68b80f78f4d81192552ee6362f5cc81ee13bdc678ad65f06e76444cadb53b33694cfb3fc7679b8000411975fedd28a,blockNumber=2635
info|2023-07-09 07:57:20.666868|[RPCWS][SERVICE][onRecvBlockNotifier]receive block number notifier,group=group0,node=2f993327933ad58672518b6d4f63920cbc68b80f78f4d81192552ee6362f5cc81ee13bdc678ad65f06e76444cadb53b33694cfb3fc7679b8000411975fedd28a,blockNumber=2635
info|2023-07-09 07:57:20.666876|[WS]receive block notify,endpoint=127.0.0.1:20201,blk={
	"blockNumber" : 2635,
	"group" : "group0",
	"nodeName" : "2f993327933ad58672518b6d4f63920cbc68b80f78f4d81192552ee6362f5cc81ee13bdc678ad65f06e76444cadb53b33694cfb3fc7679b8000411975fedd28a"
}
info|2023-07-09 07:57:21.144394|[RPC][BLOCK][NUMBER][fromJson],group=group0,node=98a7f70ec883a722219d92253cf073a72605f4087aa3443c8e4aadc0af2dc3ac647d0fa1b5ac99cd6987abafe6d690ae71cd5fd2aeeabe7589bfb4748aabdfba,blockNumber=2636
info|2023-07-09 07:57:21.144416|[RPCWS][SERVICE][onRecvBlockNotifier]receive block number notifier,group=group0,node=98a7f70ec883a722219d92253cf073a72605f4087aa3443c8e4aadc0af2dc3ac647d0fa1b5ac99cd6987abafe6d690ae71cd5fd2aeeabe7589bfb4748aabdfba,blockNumber=2636
info|2023-07-09 07:57:21.144420|[RPCWS][SERVICE][updateGroupBlockNumber],groupID=group0,_blockNumber=2636
info|2023-07-09 07:57:21.144445|[RPCWS][SERVICE][onRecvBlockNotifier]block notifier callback,group=group0,node=98a7f70ec883a722219d92253cf073a72605f4087aa3443c8e4aadc0af2dc3ac647d0fa1b5ac99cd6987abafe6d690ae71cd5fd2aeeabe7589bfb4748aabdfba,blockNumber=2636
info|2023-07-09 07:57:21.144450|[WS]receive block notify,endpoint=127.0.0.1:20200,blk={
	"blockNumber" : 2636,
	"group" : "group0",
	"nodeName" : "98a7f70ec883a722219d92253cf073a72605f4087aa3443c8e4aadc0af2dc3ac647d0fa1b5ac99cd6987abafe6d690ae71cd5fd2aeeabe7589bfb4748aabdfba"
}
info|2023-07-09 07:57:21.172875|[RPC][BLOCK][NUMBER][fromJson],group=group0,node=2f993327933ad58672518b6d4f63920cbc68b80f78f4d81192552ee6362f5cc81ee13bdc678ad65f06e76444cadb53b33694cfb3fc7679b8000411975fedd28a,blockNumber=2636
info|2023-07-09 07:57:21.172892|[RPCWS][SERVICE][onRecvBlockNotifier]receive block number notifier,group=group0,node=2f993327933ad58672518b6d4f63920cbc68b80f78f4d81192552ee6362f5cc81ee13bdc678ad65f06e76444cadb53b33694cfb3fc7679b8000411975fedd28a,blockNumber=2636
info|2023-07-09 07:57:21.172899|[WS]receive block notify,endpoint=127.0.0.1:20201,blk={
	"blockNumber" : 2636,
	"group" : "group0",
	"nodeName" : "2f993327933ad58672518b6d4f63920cbc68b80f78f4d81192552ee6362f5cc81ee13bdc678ad65f06e76444cadb53b33694cfb3fc7679b8000411975fedd28a"
}
info|2023-07-09 07:57:21.689917|[RPC][BLOCK][NUMBER][fromJson],group=group0,node=98a7f70ec883a722219d92253cf073a72605f4087aa3443c8e4aadc0af2dc3ac647d0fa1b5ac99cd6987abafe6d690ae71cd5fd2aeeabe7589bfb4748aabdfba,blockNumber=2637
info|2023-07-09 07:57:21.689952|[RPCWS][SERVICE][onRecvBlockNotifier]receive block number notifier,group=group0,node=98a7f70ec883a722219d92253cf073a72605f4087aa3443c8e4aadc0af2dc3ac647d0fa1b5ac99cd6987abafe6d690ae71cd5fd2aeeabe7589bfb4748aabdfba,blockNumber=2637
info|2023-07-09 07:57:21.689958|[RPCWS][SERVICE][updateGroupBlockNumber],groupID=group0,_blockNumber=2637
info|2023-07-09 07:57:21.689963|[RPCWS][SERVICE][onRecvBlockNotifier]block notifier callback,group=group0,node=98a7f70ec883a722219d92253cf073a72605f4087aa3443c8e4aadc0af2dc3ac647d0fa1b5ac99cd6987abafe6d690ae71cd5fd2aeeabe7589bfb4748aabdfba,blockNumber=2637
info|2023-07-09 07:57:21.689968|[WS]receive block notify,endpoint=127.0.0.1:20200,blk={
	"blockNumber" : 2637,
	"group" : "group0",
	"nodeName" : "98a7f70ec883a722219d92253cf073a72605f4087aa3443c8e4aadc0af2dc3ac647d0fa1b5ac99cd6987abafe6d690ae71cd5fd2aeeabe7589bfb4748aabdfba"
}
info|2023-07-09 07:57:21.742820|[RPC][BLOCK][NUMBER][fromJson],group=group0,node=2f993327933ad58672518b6d4f63920cbc68b80f78f4d81192552ee6362f5cc81ee13bdc678ad65f06e76444cadb53b33694cfb3fc7679b8000411975fedd28a,blockNumber=2637
info|2023-07-09 07:57:21.742842|[RPCWS][SERVICE][onRecvBlockNotifier]receive block number notifier,group=group0,node=2f993327933ad58672518b6d4f63920cbc68b80f78f4d81192552ee6362f5cc81ee13bdc678ad65f06e76444cadb53b33694cfb3fc7679b8000411975fedd28a,blockNumber=2637
info|2023-07-09 07:57:21.742848|[WS]receive block notify,endpoint=127.0.0.1:20201,blk={
	"blockNumber" : 2637,
	"group" : "group0",
	"nodeName" : "2f993327933ad58672518b6d4f63920cbc68b80f78f4d81192552ee6362f5cc81ee13bdc678ad65f06e76444cadb53b33694cfb3fc7679b8000411975fedd28a"
}
info|2023-07-09 07:57:22.332630|[RPC][BLOCK][NUMBER][fromJson],group=group0,node=98a7f70ec883a722219d92253cf073a72605f4087aa3443c8e4aadc0af2dc3ac647d0fa1b5ac99cd6987abafe6d690ae71cd5fd2aeeabe7589bfb4748aabdfba,blockNumber=2638
info|2023-07-09 07:57:22.332663|[RPCWS][SERVICE][onRecvBlockNotifier]receive block number notifier,group=group0,node=98a7f70ec883a722219d92253cf073a72605f4087aa3443c8e4aadc0af2dc3ac647d0fa1b5ac99cd6987abafe6d690ae71cd5fd2aeeabe7589bfb4748aabdfba,blockNumber=2638
info|2023-07-09 07:57:22.332669|[RPCWS][SERVICE][updateGroupBlockNumber],groupID=group0,_blockNumber=2638
info|2023-07-09 07:57:22.332674|[RPCWS][SERVICE][onRecvBlockNotifier]block notifier callback,group=group0,node=98a7f70ec883a722219d92253cf073a72605f4087aa3443c8e4aadc0af2dc3ac647d0fa1b5ac99cd6987abafe6d690ae71cd5fd2aeeabe7589bfb4748aabdfba,blockNumber=2638
info|2023-07-09 07:57:22.332677|[WS]receive block notify,endpoint=127.0.0.1:20200,blk={
	"blockNumber" : 2638,
	"group" : "group0",
	"nodeName" : "98a7f70ec883a722219d92253cf073a72605f4087aa3443c8e4aadc0af2dc3ac647d0fa1b5ac99cd6987abafe6d690ae71cd5fd2aeeabe7589bfb4748aabdfba"
}
info|2023-07-09 07:57:22.377179|[RPC][BLOCK][NUMBER][fromJson],group=group0,node=2f993327933ad58672518b6d4f63920cbc68b80f78f4d81192552ee6362f5cc81ee13bdc678ad65f06e76444cadb53b33694cfb3fc7679b8000411975fedd28a,blockNumber=2638
info|2023-07-09 07:57:22.377213|[RPCWS][SERVICE][onRecvBlockNotifier]receive block number notifier,group=group0,node=2f993327933ad58672518b6d4f63920cbc68b80f78f4d81192552ee6362f5cc81ee13bdc678ad65f06e76444cadb53b33694cfb3fc7679b8000411975fedd28a,blockNumber=2638
info|2023-07-09 07:57:22.377221|[WS]receive block notify,endpoint=127.0.0.1:20201,blk={
	"blockNumber" : 2638,
	"group" : "group0",
	"nodeName" : "2f993327933ad58672518b6d4f63920cbc68b80f78f4d81192552ee6362f5cc81ee13bdc678ad65f06e76444cadb53b33694cfb3fc7679b8000411975fedd28a"
}
info|2023-07-09 07:57:32.637739|[EVENT][SUB][doLoop]event sub tasks report,working event sub count=0,suspend event sub count=0
info|2023-07-09 07:57:32.711315|[SDK][WS][SERVICE]connected nodes,count=2
info|2023-07-09 07:57:52.638070|[EVENT][SUB][doLoop]event sub tasks report,working event sub count=0,suspend event sub count=0
info|2023-07-09 07:57:52.711447|[SDK][WS][SERVICE]connected nodes,count=2
info|2023-07-09 07:58:12.638463|[EVENT][SUB][doLoop]event sub tasks report,working event sub count=0,suspend event sub count=0
info|2023-07-09 07:58:12.711693|[SDK][WS][SERVICE]connected nodes,count=2
info|2023-07-09 07:58:32.638554|[EVENT][SUB][doLoop]event sub tasks report,working event sub count=0,suspend event sub count=0
info|2023-07-09 07:58:32.712052|[SDK][WS][SERVICE]connected nodes,count=2
info|2023-07-09 07:58:52.638808|[EVENT][SUB][doLoop]event sub tasks report,working event sub count=0,suspend event sub count=0
info|2023-07-09 07:58:52.712726|[SDK][WS][SERVICE]connected nodes,count=2
info|2023-07-09 07:59:12.639351|[EVENT][SUB][doLoop]event sub tasks report,working event sub count=0,suspend event sub count=0
info|2023-07-09 07:59:12.713264|[SDK][WS][SERVICE]connected nodes,count=2
info|2023-07-09 07:59:32.639661|[EVENT][SUB][doLoop]event sub tasks report,working event sub count=0,suspend event sub count=0
info|2023-07-09 07:59:32.713461|[SDK][WS][SERVICE]connected nodes,count=2
info|2023-07-09 07:59:52.639828|[EVENT][SUB][doLoop]event sub tasks report,working event sub count=0,suspend event sub count=0
info|2023-07-09 07:59:52.714076|[SDK][WS][SERVICE]connected nodes,count=2
