info|2023-07-08 12:00:09.104500|[SDK][WS][SERVICE]connected nodes,count=2
info|2023-07-08 12:00:09.127076|[EVENT][SUB][doLoop]event sub tasks report,working event sub count=0,suspend event sub count=0
info|2023-07-08 12:00:29.105401|[SDK][WS][SERVICE]connected nodes,count=2
info|2023-07-08 12:00:29.127236|[EVENT][SUB][doLoop]event sub tasks report,working event sub count=0,suspend event sub count=0
info|2023-07-08 12:00:49.106021|[SDK][WS][SERVICE]connected nodes,count=2
info|2023-07-08 12:00:49.127548|[EVENT][SUB][doLoop]event sub tasks report,working event sub count=0,suspend event sub count=0
info|2023-07-08 12:01:09.106341|[SDK][WS][SERVICE]connected nodes,count=2
info|2023-07-08 12:01:09.127640|[EVENT][SUB][doLoop]event sub tasks report,working event sub count=0,suspend event sub count=0
info|2023-07-08 12:01:29.106462|[SDK][WS][SERVICE]connected nodes,count=2
info|2023-07-08 12:01:29.128039|[EVENT][SUB][doLoop]event sub tasks report,working event sub count=0,suspend event sub count=0
info|2023-07-08 12:01:49.106996|[SDK][WS][SERVICE]connected nodes,count=2
info|2023-07-08 12:01:49.128107|[EVENT][SUB][doLoop]event sub tasks report,working event sub count=0,suspend event sub count=0
info|2023-07-08 12:02:09.107311|[SDK][WS][SERVICE]connected nodes,count=2
info|2023-07-08 12:02:09.128458|[EVENT][SUB][doLoop]event sub tasks report,working event sub count=0,suspend event sub count=0
info|2023-07-08 12:02:29.107560|[SDK][WS][SERVICE]connected nodes,count=2
info|2023-07-08 12:02:29.128999|[EVENT][SUB][doLoop]event sub tasks report,working event sub count=0,suspend event sub count=0
info|2023-07-08 12:02:49.108195|[SDK][WS][SERVICE]connected nodes,count=2
info|2023-07-08 12:02:49.129454|[EVENT][SUB][doLoop]event sub tasks report,working event sub count=0,suspend event sub count=0
info|2023-07-08 12:03:09.108350|[SDK][WS][SERVICE]connected nodes,count=2
info|2023-07-08 12:03:09.129748|[EVENT][SUB][doLoop]event sub tasks report,working event sub count=0,suspend event sub count=0
info|2023-07-08 12:03:29.109009|[SDK][WS][SERVICE]connected nodes,count=2
info|2023-07-08 12:03:29.130114|[EVENT][SUB][doLoop]event sub tasks report,working event sub count=0,suspend event sub count=0
info|2023-07-08 12:03:49.109345|[SDK][WS][SERVICE]connected nodes,count=2
info|2023-07-08 12:03:49.130326|[EVENT][SUB][doLoop]event sub tasks report,working event sub count=0,suspend event sub count=0
info|2023-07-08 12:04:09.109707|[SDK][WS][SERVICE]connected nodes,count=2
info|2023-07-08 12:04:09.130802|[EVENT][SUB][doLoop]event sub tasks report,working event sub count=0,suspend event sub count=0
info|2023-07-08 12:04:29.110155|[SDK][WS][SERVICE]connected nodes,count=2
info|2023-07-08 12:04:29.131075|[EVENT][SUB][doLoop]event sub tasks report,working event sub count=0,suspend event sub count=0
info|2023-07-08 12:04:49.111353|[SDK][WS][SERVICE]connected nodes,count=2
info|2023-07-08 12:04:49.131770|[EVENT][SUB][doLoop]event sub tasks report,working event sub count=0,suspend event sub count=0
info|2023-07-08 12:05:09.111750|[SDK][WS][SERVICE]connected nodes,count=2
info|2023-07-08 12:05:09.132414|[EVENT][SUB][doLoop]event sub tasks report,working event sub count=0,suspend event sub count=0
info|2023-07-08 12:05:29.112077|[SDK][WS][SERVICE]connected nodes,count=2
info|2023-07-08 12:05:29.132509|[EVENT][SUB][doLoop]event sub tasks report,working event sub count=0,suspend event sub count=0
info|2023-07-08 12:05:49.112260|[SDK][WS][SERVICE]connected nodes,count=2
info|2023-07-08 12:05:49.132933|[EVENT][SUB][doLoop]event sub tasks report,working event sub count=0,suspend event sub count=0
info|2023-07-08 12:06:09.112663|[SDK][WS][SERVICE]connected nodes,count=2
info|2023-07-08 12:06:09.133338|[EVENT][SUB][doLoop]event sub tasks report,working event sub count=0,suspend event sub count=0
info|2023-07-08 12:06:29.112804|[SDK][WS][SERVICE]connected nodes,count=2
info|2023-07-08 12:06:29.133896|[EVENT][SUB][doLoop]event sub tasks report,working event sub count=0,suspend event sub count=0
info|2023-07-08 12:06:49.113307|[SDK][WS][SERVICE]connected nodes,count=2
info|2023-07-08 12:06:49.134523|[EVENT][SUB][doLoop]event sub tasks report,working event sub count=0,suspend event sub count=0
info|2023-07-08 12:07:09.114057|[SDK][WS][SERVICE]connected nodes,count=2
info|2023-07-08 12:07:09.134638|[EVENT][SUB][doLoop]event sub tasks report,working event sub count=0,suspend event sub count=0
info|2023-07-08 12:07:29.115055|[SDK][WS][SERVICE]connected nodes,count=2
info|2023-07-08 12:07:29.135196|[EVENT][SUB][doLoop]event sub tasks report,working event sub count=0,suspend event sub count=0
info|2023-07-08 12:07:49.115428|[SDK][WS][SERVICE]connected nodes,count=2
info|2023-07-08 12:07:49.135713|[EVENT][SUB][doLoop]event sub tasks report,working event sub count=0,suspend event sub count=0
info|2023-07-08 12:08:09.115843|[SDK][WS][SERVICE]connected nodes,count=2
info|2023-07-08 12:08:09.135956|[EVENT][SUB][doLoop]event sub tasks report,working event sub count=0,suspend event sub count=0
info|2023-07-08 12:08:29.116237|[SDK][WS][SERVICE]connected nodes,count=2
info|2023-07-08 12:08:29.136559|[EVENT][SUB][doLoop]event sub tasks report,working event sub count=0,suspend event sub count=0
info|2023-07-08 12:08:49.116555|[SDK][WS][SERVICE]connected nodes,count=2
info|2023-07-08 12:08:49.137290|[EVENT][SUB][doLoop]event sub tasks report,working event sub count=0,suspend event sub count=0
info|2023-07-08 12:09:09.116735|[SDK][WS][SERVICE]connected nodes,count=2
info|2023-07-08 12:09:09.137938|[EVENT][SUB][doLoop]event sub tasks report,working event sub count=0,suspend event sub count=0
info|2023-07-08 12:09:29.117280|[SDK][WS][SERVICE]connected nodes,count=2
info|2023-07-08 12:09:29.138273|[EVENT][SUB][doLoop]event sub tasks report,working event sub count=0,suspend event sub count=0
info|2023-07-08 12:09:49.117477|[SDK][WS][SERVICE]connected nodes,count=2
info|2023-07-08 12:09:49.138969|[EVENT][SUB][doLoop]event sub tasks report,working event sub count=0,suspend event sub count=0
info|2023-07-08 12:10:09.118238|[SDK][WS][SERVICE]connected nodes,count=2
info|2023-07-08 12:10:09.139648|[EVENT][SUB][doLoop]event sub tasks report,working event sub count=0,suspend event sub count=0
info|2023-07-08 12:10:29.118905|[SDK][WS][SERVICE]connected nodes,count=2
info|2023-07-08 12:10:29.139809|[EVENT][SUB][doLoop]event sub tasks report,working event sub count=0,suspend event sub count=0
info|2023-07-08 12:10:49.119473|[SDK][WS][SERVICE]connected nodes,count=2
info|2023-07-08 12:10:49.140243|[EVENT][SUB][doLoop]event sub tasks report,working event sub count=0,suspend event sub count=0
info|2023-07-08 12:11:09.120022|[SDK][WS][SERVICE]connected nodes,count=2
info|2023-07-08 12:11:09.140485|[EVENT][SUB][doLoop]event sub tasks report,working event sub count=0,suspend event sub count=0
info|2023-07-08 12:11:29.120255|[SDK][WS][SERVICE]connected nodes,count=2
info|2023-07-08 12:11:29.140900|[EVENT][SUB][doLoop]event sub tasks report,working event sub count=0,suspend event sub count=0
info|2023-07-08 12:11:49.120943|[SDK][WS][SERVICE]connected nodes,count=2
info|2023-07-08 12:11:49.141110|[EVENT][SUB][doLoop]event sub tasks report,working event sub count=0,suspend event sub count=0
info|2023-07-08 12:12:09.121520|[SDK][WS][SERVICE]connected nodes,count=2
info|2023-07-08 12:12:09.141493|[EVENT][SUB][doLoop]event sub tasks report,working event sub count=0,suspend event sub count=0
info|2023-07-08 12:12:29.121842|[SDK][WS][SERVICE]connected nodes,count=2
info|2023-07-08 12:12:29.141554|[EVENT][SUB][doLoop]event sub tasks report,working event sub count=0,suspend event sub count=0
info|2023-07-08 12:12:49.121991|[SDK][WS][SERVICE]connected nodes,count=2
info|2023-07-08 12:12:49.141794|[EVENT][SUB][doLoop]event sub tasks report,working event sub count=0,suspend event sub count=0
info|2023-07-08 12:13:09.122294|[SDK][WS][SERVICE]connected nodes,count=2
info|2023-07-08 12:13:09.142174|[EVENT][SUB][doLoop]event sub tasks report,working event sub count=0,suspend event sub count=0
info|2023-07-08 12:13:29.122420|[SDK][WS][SERVICE]connected nodes,count=2
info|2023-07-08 12:13:29.142423|[EVENT][SUB][doLoop]event sub tasks report,working event sub count=0,suspend event sub count=0
info|2023-07-08 12:13:49.123332|[SDK][WS][SERVICE]connected nodes,count=2
info|2023-07-08 12:13:49.142988|[EVENT][SUB][doLoop]event sub tasks report,working event sub count=0,suspend event sub count=0
info|2023-07-08 12:14:09.123927|[SDK][WS][SERVICE]connected nodes,count=2
info|2023-07-08 12:14:09.143586|[EVENT][SUB][doLoop]event sub tasks report,working event sub count=0,suspend event sub count=0
info|2023-07-08 12:14:29.124358|[SDK][WS][SERVICE]connected nodes,count=2
info|2023-07-08 12:14:29.144060|[EVENT][SUB][doLoop]event sub tasks report,working event sub count=0,suspend event sub count=0
info|2023-07-08 12:14:49.125140|[SDK][WS][SERVICE]connected nodes,count=2
info|2023-07-08 12:14:49.144166|[EVENT][SUB][doLoop]event sub tasks report,working event sub count=0,suspend event sub count=0
info|2023-07-08 12:15:09.125671|[SDK][WS][SERVICE]connected nodes,count=2
info|2023-07-08 12:15:09.144246|[EVENT][SUB][doLoop]event sub tasks report,working event sub count=0,suspend event sub count=0
info|2023-07-08 12:15:29.126201|[SDK][WS][SERVICE]connected nodes,count=2
info|2023-07-08 12:15:29.144541|[EVENT][SUB][doLoop]event sub tasks report,working event sub count=0,suspend event sub count=0
info|2023-07-08 12:15:49.126518|[SDK][WS][SERVICE]connected nodes,count=2
info|2023-07-08 12:15:49.144695|[EVENT][SUB][doLoop]event sub tasks report,working event sub count=0,suspend event sub count=0
info|2023-07-08 12:16:09.126759|[SDK][WS][SERVICE]connected nodes,count=2
info|2023-07-08 12:16:09.145139|[EVENT][SUB][doLoop]event sub tasks report,working event sub count=0,suspend event sub count=0
info|2023-07-08 12:16:29.126972|[SDK][WS][SERVICE]connected nodes,count=2
info|2023-07-08 12:16:29.145647|[EVENT][SUB][doLoop]event sub tasks report,working event sub count=0,suspend event sub count=0
info|2023-07-08 12:16:49.127158|[SDK][WS][SERVICE]connected nodes,count=2
info|2023-07-08 12:16:49.146115|[EVENT][SUB][doLoop]event sub tasks report,working event sub count=0,suspend event sub count=0
info|2023-07-08 12:17:09.127754|[SDK][WS][SERVICE]connected nodes,count=2
info|2023-07-08 12:17:09.146182|[EVENT][SUB][doLoop]event sub tasks report,working event sub count=0,suspend event sub count=0
info|2023-07-08 12:17:29.128580|[SDK][WS][SERVICE]connected nodes,count=2
info|2023-07-08 12:17:29.146297|[EVENT][SUB][doLoop]event sub tasks report,working event sub count=0,suspend event sub count=0
info|2023-07-08 12:17:49.128928|[SDK][WS][SERVICE]connected nodes,count=2
info|2023-07-08 12:17:49.146512|[EVENT][SUB][doLoop]event sub tasks report,working event sub count=0,suspend event sub count=0
info|2023-07-08 12:18:09.129218|[SDK][WS][SERVICE]connected nodes,count=2
info|2023-07-08 12:18:09.147158|[EVENT][SUB][doLoop]event sub tasks report,working event sub count=0,suspend event sub count=0
info|2023-07-08 12:18:29.129863|[SDK][WS][SERVICE]connected nodes,count=2
info|2023-07-08 12:18:29.147874|[EVENT][SUB][doLoop]event sub tasks report,working event sub count=0,suspend event sub count=0
info|2023-07-08 12:18:49.130761|[SDK][WS][SERVICE]connected nodes,count=2
info|2023-07-08 12:18:49.148488|[EVENT][SUB][doLoop]event sub tasks report,working event sub count=0,suspend event sub count=0
info|2023-07-08 12:19:09.131202|[SDK][WS][SERVICE]connected nodes,count=2
info|2023-07-08 12:19:09.148588|[EVENT][SUB][doLoop]event sub tasks report,working event sub count=0,suspend event sub count=0
info|2023-07-08 12:19:29.131649|[SDK][WS][SERVICE]connected nodes,count=2
info|2023-07-08 12:19:29.148703|[EVENT][SUB][doLoop]event sub tasks report,working event sub count=0,suspend event sub count=0
info|2023-07-08 12:19:49.131891|[SDK][WS][SERVICE]connected nodes,count=2
info|2023-07-08 12:19:49.148799|[EVENT][SUB][doLoop]event sub tasks report,working event sub count=0,suspend event sub count=0
info|2023-07-08 12:20:09.132490|[SDK][WS][SERVICE]connected nodes,count=2
info|2023-07-08 12:20:09.149024|[EVENT][SUB][doLoop]event sub tasks report,working event sub count=0,suspend event sub count=0
info|2023-07-08 12:20:29.132825|[SDK][WS][SERVICE]connected nodes,count=2
info|2023-07-08 12:20:29.149098|[EVENT][SUB][doLoop]event sub tasks report,working event sub count=0,suspend event sub count=0
info|2023-07-08 12:20:49.133725|[SDK][WS][SERVICE]connected nodes,count=2
info|2023-07-08 12:20:49.149690|[EVENT][SUB][doLoop]event sub tasks report,working event sub count=0,suspend event sub count=0
info|2023-07-08 12:21:09.133877|[SDK][WS][SERVICE]connected nodes,count=2
info|2023-07-08 12:21:09.150175|[EVENT][SUB][doLoop]event sub tasks report,working event sub count=0,suspend event sub count=0
info|2023-07-08 12:21:29.134153|[SDK][WS][SERVICE]connected nodes,count=2
info|2023-07-08 12:21:29.150685|[EVENT][SUB][doLoop]event sub tasks report,working event sub count=0,suspend event sub count=0
info|2023-07-08 12:21:49.134626|[SDK][WS][SERVICE]connected nodes,count=2
info|2023-07-08 12:21:49.150872|[EVENT][SUB][doLoop]event sub tasks report,working event sub count=0,suspend event sub count=0
info|2023-07-08 12:22:09.134784|[SDK][WS][SERVICE]connected nodes,count=2
info|2023-07-08 12:22:09.151354|[EVENT][SUB][doLoop]event sub tasks report,working event sub count=0,suspend event sub count=0
info|2023-07-08 12:22:29.146004|[SDK][WS][SERVICE]connected nodes,count=2
info|2023-07-08 12:22:29.151476|[EVENT][SUB][doLoop]event sub tasks report,working event sub count=0,suspend event sub count=0
info|2023-07-08 12:22:49.146187|[SDK][WS][SERVICE]connected nodes,count=2
info|2023-07-08 12:22:49.152209|[EVENT][SUB][doLoop]event sub tasks report,working event sub count=0,suspend event sub count=0
info|2023-07-08 12:23:09.146751|[SDK][WS][SERVICE]connected nodes,count=2
info|2023-07-08 12:23:09.152671|[EVENT][SUB][doLoop]event sub tasks report,working event sub count=0,suspend event sub count=0
info|2023-07-08 12:23:29.147616|[SDK][WS][SERVICE]connected nodes,count=2
info|2023-07-08 12:23:29.152909|[EVENT][SUB][doLoop]event sub tasks report,working event sub count=0,suspend event sub count=0
info|2023-07-08 12:23:49.148391|[SDK][WS][SERVICE]connected nodes,count=2
info|2023-07-08 12:23:49.153115|[EVENT][SUB][doLoop]event sub tasks report,working event sub count=0,suspend event sub count=0
info|2023-07-08 12:24:09.148582|[SDK][WS][SERVICE]connected nodes,count=2
info|2023-07-08 12:24:09.153230|[EVENT][SUB][doLoop]event sub tasks report,working event sub count=0,suspend event sub count=0
info|2023-07-08 12:24:29.149170|[SDK][WS][SERVICE]connected nodes,count=2
info|2023-07-08 12:24:29.153495|[EVENT][SUB][doLoop]event sub tasks report,working event sub count=0,suspend event sub count=0
info|2023-07-08 12:24:49.149811|[SDK][WS][SERVICE]connected nodes,count=2
info|2023-07-08 12:24:49.154095|[EVENT][SUB][doLoop]event sub tasks report,working event sub count=0,suspend event sub count=0
info|2023-07-08 12:25:09.150112|[SDK][WS][SERVICE]connected nodes,count=2
info|2023-07-08 12:25:09.154562|[EVENT][SUB][doLoop]event sub tasks report,working event sub count=0,suspend event sub count=0
info|2023-07-08 12:25:29.150332|[SDK][WS][SERVICE]connected nodes,count=2
info|2023-07-08 12:25:29.154707|[EVENT][SUB][doLoop]event sub tasks report,working event sub count=0,suspend event sub count=0
info|2023-07-08 12:25:49.150445|[SDK][WS][SERVICE]connected nodes,count=2
info|2023-07-08 12:25:49.174836|[EVENT][SUB][doLoop]event sub tasks report,working event sub count=0,suspend event sub count=0
info|2023-07-08 12:26:09.150618|[SDK][WS][SERVICE]connected nodes,count=2
info|2023-07-08 12:26:09.175245|[EVENT][SUB][doLoop]event sub tasks report,working event sub count=0,suspend event sub count=0
info|2023-07-08 12:26:29.150870|[SDK][WS][SERVICE]connected nodes,count=2
info|2023-07-08 12:26:29.175894|[EVENT][SUB][doLoop]event sub tasks report,working event sub count=0,suspend event sub count=0
info|2023-07-08 12:26:49.151277|[SDK][WS][SERVICE]connected nodes,count=2
info|2023-07-08 12:26:49.175980|[EVENT][SUB][doLoop]event sub tasks report,working event sub count=0,suspend event sub count=0
info|2023-07-08 12:27:09.151492|[SDK][WS][SERVICE]connected nodes,count=2
info|2023-07-08 12:27:09.176611|[EVENT][SUB][doLoop]event sub tasks report,working event sub count=0,suspend event sub count=0
info|2023-07-08 12:27:14.008158|[RPC][BLOCK][NUMBER][fromJson],group=group0,node=98a7f70ec883a722219d92253cf073a72605f4087aa3443c8e4aadc0af2dc3ac647d0fa1b5ac99cd6987abafe6d690ae71cd5fd2aeeabe7589bfb4748aabdfba,blockNumber=1999
info|2023-07-08 12:27:14.008177|[RPCWS][SERVICE][onRecvBlockNotifier]receive block number notifier,group=group0,node=98a7f70ec883a722219d92253cf073a72605f4087aa3443c8e4aadc0af2dc3ac647d0fa1b5ac99cd6987abafe6d690ae71cd5fd2aeeabe7589bfb4748aabdfba,blockNumber=1999
info|2023-07-08 12:27:14.008181|[RPCWS][SERVICE][updateGroupBlockNumber],groupID=group0,_blockNumber=1999
info|2023-07-08 12:27:14.008205|[RPCWS][SERVICE][onRecvBlockNotifier]block notifier callback,group=group0,node=98a7f70ec883a722219d92253cf073a72605f4087aa3443c8e4aadc0af2dc3ac647d0fa1b5ac99cd6987abafe6d690ae71cd5fd2aeeabe7589bfb4748aabdfba,blockNumber=1999
info|2023-07-08 12:27:14.008209|[WS]receive block notify,endpoint=127.0.0.1:20200,blk={
	"blockNumber" : 1999,
	"group" : "group0",
	"nodeName" : "98a7f70ec883a722219d92253cf073a72605f4087aa3443c8e4aadc0af2dc3ac647d0fa1b5ac99cd6987abafe6d690ae71cd5fd2aeeabe7589bfb4748aabdfba"
}
info|2023-07-08 12:27:14.035432|[RPC][BLOCK][NUMBER][fromJson],group=group0,node=2f993327933ad58672518b6d4f63920cbc68b80f78f4d81192552ee6362f5cc81ee13bdc678ad65f06e76444cadb53b33694cfb3fc7679b8000411975fedd28a,blockNumber=1999
info|2023-07-08 12:27:14.035473|[RPCWS][SERVICE][onRecvBlockNotifier]receive block number notifier,group=group0,node=2f993327933ad58672518b6d4f63920cbc68b80f78f4d81192552ee6362f5cc81ee13bdc678ad65f06e76444cadb53b33694cfb3fc7679b8000411975fedd28a,blockNumber=1999
info|2023-07-08 12:27:14.035483|[WS]receive block notify,endpoint=127.0.0.1:20201,blk={
	"blockNumber" : 1999,
	"group" : "group0",
	"nodeName" : "2f993327933ad58672518b6d4f63920cbc68b80f78f4d81192552ee6362f5cc81ee13bdc678ad65f06e76444cadb53b33694cfb3fc7679b8000411975fedd28a"
}
info|2023-07-08 12:27:14.591304|[RPC][BLOCK][NUMBER][fromJson],group=group0,node=98a7f70ec883a722219d92253cf073a72605f4087aa3443c8e4aadc0af2dc3ac647d0fa1b5ac99cd6987abafe6d690ae71cd5fd2aeeabe7589bfb4748aabdfba,blockNumber=2000
info|2023-07-08 12:27:14.591327|[RPCWS][SERVICE][onRecvBlockNotifier]receive block number notifier,group=group0,node=98a7f70ec883a722219d92253cf073a72605f4087aa3443c8e4aadc0af2dc3ac647d0fa1b5ac99cd6987abafe6d690ae71cd5fd2aeeabe7589bfb4748aabdfba,blockNumber=2000
info|2023-07-08 12:27:14.591334|[RPCWS][SERVICE][updateGroupBlockNumber],groupID=group0,_blockNumber=2000
info|2023-07-08 12:27:14.591338|[RPCWS][SERVICE][onRecvBlockNotifier]block notifier callback,group=group0,node=98a7f70ec883a722219d92253cf073a72605f4087aa3443c8e4aadc0af2dc3ac647d0fa1b5ac99cd6987abafe6d690ae71cd5fd2aeeabe7589bfb4748aabdfba,blockNumber=2000
info|2023-07-08 12:27:14.591343|[WS]receive block notify,endpoint=127.0.0.1:20200,blk={
	"blockNumber" : 2000,
	"group" : "group0",
	"nodeName" : "98a7f70ec883a722219d92253cf073a72605f4087aa3443c8e4aadc0af2dc3ac647d0fa1b5ac99cd6987abafe6d690ae71cd5fd2aeeabe7589bfb4748aabdfba"
}
info|2023-07-08 12:27:14.601955|[RPC][BLOCK][NUMBER][fromJson],group=group0,node=2f993327933ad58672518b6d4f63920cbc68b80f78f4d81192552ee6362f5cc81ee13bdc678ad65f06e76444cadb53b33694cfb3fc7679b8000411975fedd28a,blockNumber=2000
info|2023-07-08 12:27:14.601980|[RPCWS][SERVICE][onRecvBlockNotifier]receive block number notifier,group=group0,node=2f993327933ad58672518b6d4f63920cbc68b80f78f4d81192552ee6362f5cc81ee13bdc678ad65f06e76444cadb53b33694cfb3fc7679b8000411975fedd28a,blockNumber=2000
info|2023-07-08 12:27:14.601988|[WS]receive block notify,endpoint=127.0.0.1:20201,blk={
	"blockNumber" : 2000,
	"group" : "group0",
	"nodeName" : "2f993327933ad58672518b6d4f63920cbc68b80f78f4d81192552ee6362f5cc81ee13bdc678ad65f06e76444cadb53b33694cfb3fc7679b8000411975fedd28a"
}
info|2023-07-08 12:27:15.080877|[RPC][BLOCK][NUMBER][fromJson],group=group0,node=98a7f70ec883a722219d92253cf073a72605f4087aa3443c8e4aadc0af2dc3ac647d0fa1b5ac99cd6987abafe6d690ae71cd5fd2aeeabe7589bfb4748aabdfba,blockNumber=2001
info|2023-07-08 12:27:15.080900|[RPCWS][SERVICE][onRecvBlockNotifier]receive block number notifier,group=group0,node=98a7f70ec883a722219d92253cf073a72605f4087aa3443c8e4aadc0af2dc3ac647d0fa1b5ac99cd6987abafe6d690ae71cd5fd2aeeabe7589bfb4748aabdfba,blockNumber=2001
info|2023-07-08 12:27:15.080906|[RPCWS][SERVICE][updateGroupBlockNumber],groupID=group0,_blockNumber=2001
info|2023-07-08 12:27:15.080912|[RPCWS][SERVICE][onRecvBlockNotifier]block notifier callback,group=group0,node=98a7f70ec883a722219d92253cf073a72605f4087aa3443c8e4aadc0af2dc3ac647d0fa1b5ac99cd6987abafe6d690ae71cd5fd2aeeabe7589bfb4748aabdfba,blockNumber=2001
info|2023-07-08 12:27:15.080917|[WS]receive block notify,endpoint=127.0.0.1:20200,blk={
	"blockNumber" : 2001,
	"group" : "group0",
	"nodeName" : "98a7f70ec883a722219d92253cf073a72605f4087aa3443c8e4aadc0af2dc3ac647d0fa1b5ac99cd6987abafe6d690ae71cd5fd2aeeabe7589bfb4748aabdfba"
}
info|2023-07-08 12:27:15.143962|[RPC][BLOCK][NUMBER][fromJson],group=group0,node=2f993327933ad58672518b6d4f63920cbc68b80f78f4d81192552ee6362f5cc81ee13bdc678ad65f06e76444cadb53b33694cfb3fc7679b8000411975fedd28a,blockNumber=2001
info|2023-07-08 12:27:15.143981|[RPCWS][SERVICE][onRecvBlockNotifier]receive block number notifier,group=group0,node=2f993327933ad58672518b6d4f63920cbc68b80f78f4d81192552ee6362f5cc81ee13bdc678ad65f06e76444cadb53b33694cfb3fc7679b8000411975fedd28a,blockNumber=2001
info|2023-07-08 12:27:15.143987|[WS]receive block notify,endpoint=127.0.0.1:20201,blk={
	"blockNumber" : 2001,
	"group" : "group0",
	"nodeName" : "2f993327933ad58672518b6d4f63920cbc68b80f78f4d81192552ee6362f5cc81ee13bdc678ad65f06e76444cadb53b33694cfb3fc7679b8000411975fedd28a"
}
info|2023-07-08 12:27:15.711219|[RPC][BLOCK][NUMBER][fromJson],group=group0,node=98a7f70ec883a722219d92253cf073a72605f4087aa3443c8e4aadc0af2dc3ac647d0fa1b5ac99cd6987abafe6d690ae71cd5fd2aeeabe7589bfb4748aabdfba,blockNumber=2002
info|2023-07-08 12:27:15.711261|[RPCWS][SERVICE][onRecvBlockNotifier]receive block number notifier,group=group0,node=98a7f70ec883a722219d92253cf073a72605f4087aa3443c8e4aadc0af2dc3ac647d0fa1b5ac99cd6987abafe6d690ae71cd5fd2aeeabe7589bfb4748aabdfba,blockNumber=2002
info|2023-07-08 12:27:15.711267|[RPCWS][SERVICE][updateGroupBlockNumber],groupID=group0,_blockNumber=2002
info|2023-07-08 12:27:15.711271|[RPCWS][SERVICE][onRecvBlockNotifier]block notifier callback,group=group0,node=98a7f70ec883a722219d92253cf073a72605f4087aa3443c8e4aadc0af2dc3ac647d0fa1b5ac99cd6987abafe6d690ae71cd5fd2aeeabe7589bfb4748aabdfba,blockNumber=2002
info|2023-07-08 12:27:15.711274|[WS]receive block notify,endpoint=127.0.0.1:20200,blk={
	"blockNumber" : 2002,
	"group" : "group0",
	"nodeName" : "98a7f70ec883a722219d92253cf073a72605f4087aa3443c8e4aadc0af2dc3ac647d0fa1b5ac99cd6987abafe6d690ae71cd5fd2aeeabe7589bfb4748aabdfba"
}
info|2023-07-08 12:27:15.771426|[RPC][BLOCK][NUMBER][fromJson],group=group0,node=2f993327933ad58672518b6d4f63920cbc68b80f78f4d81192552ee6362f5cc81ee13bdc678ad65f06e76444cadb53b33694cfb3fc7679b8000411975fedd28a,blockNumber=2002
info|2023-07-08 12:27:15.771447|[RPCWS][SERVICE][onRecvBlockNotifier]receive block number notifier,group=group0,node=2f993327933ad58672518b6d4f63920cbc68b80f78f4d81192552ee6362f5cc81ee13bdc678ad65f06e76444cadb53b33694cfb3fc7679b8000411975fedd28a,blockNumber=2002
info|2023-07-08 12:27:15.771454|[WS]receive block notify,endpoint=127.0.0.1:20201,blk={
	"blockNumber" : 2002,
	"group" : "group0",
	"nodeName" : "2f993327933ad58672518b6d4f63920cbc68b80f78f4d81192552ee6362f5cc81ee13bdc678ad65f06e76444cadb53b33694cfb3fc7679b8000411975fedd28a"
}
info|2023-07-08 12:27:16.222728|[RPC][BLOCK][NUMBER][fromJson],group=group0,node=98a7f70ec883a722219d92253cf073a72605f4087aa3443c8e4aadc0af2dc3ac647d0fa1b5ac99cd6987abafe6d690ae71cd5fd2aeeabe7589bfb4748aabdfba,blockNumber=2003
info|2023-07-08 12:27:16.222746|[RPCWS][SERVICE][onRecvBlockNotifier]receive block number notifier,group=group0,node=98a7f70ec883a722219d92253cf073a72605f4087aa3443c8e4aadc0af2dc3ac647d0fa1b5ac99cd6987abafe6d690ae71cd5fd2aeeabe7589bfb4748aabdfba,blockNumber=2003
info|2023-07-08 12:27:16.222751|[RPCWS][SERVICE][updateGroupBlockNumber],groupID=group0,_blockNumber=2003
info|2023-07-08 12:27:16.222756|[RPCWS][SERVICE][onRecvBlockNotifier]block notifier callback,group=group0,node=98a7f70ec883a722219d92253cf073a72605f4087aa3443c8e4aadc0af2dc3ac647d0fa1b5ac99cd6987abafe6d690ae71cd5fd2aeeabe7589bfb4748aabdfba,blockNumber=2003
info|2023-07-08 12:27:16.222760|[WS]receive block notify,endpoint=127.0.0.1:20200,blk={
	"blockNumber" : 2003,
	"group" : "group0",
	"nodeName" : "98a7f70ec883a722219d92253cf073a72605f4087aa3443c8e4aadc0af2dc3ac647d0fa1b5ac99cd6987abafe6d690ae71cd5fd2aeeabe7589bfb4748aabdfba"
}
info|2023-07-08 12:27:16.303825|[RPC][BLOCK][NUMBER][fromJson],group=group0,node=2f993327933ad58672518b6d4f63920cbc68b80f78f4d81192552ee6362f5cc81ee13bdc678ad65f06e76444cadb53b33694cfb3fc7679b8000411975fedd28a,blockNumber=2003
info|2023-07-08 12:27:16.303846|[RPCWS][SERVICE][onRecvBlockNotifier]receive block number notifier,group=group0,node=2f993327933ad58672518b6d4f63920cbc68b80f78f4d81192552ee6362f5cc81ee13bdc678ad65f06e76444cadb53b33694cfb3fc7679b8000411975fedd28a,blockNumber=2003
info|2023-07-08 12:27:16.303853|[WS]receive block notify,endpoint=127.0.0.1:20201,blk={
	"blockNumber" : 2003,
	"group" : "group0",
	"nodeName" : "2f993327933ad58672518b6d4f63920cbc68b80f78f4d81192552ee6362f5cc81ee13bdc678ad65f06e76444cadb53b33694cfb3fc7679b8000411975fedd28a"
}
info|2023-07-08 12:27:16.768475|[RPC][BLOCK][NUMBER][fromJson],group=group0,node=2f993327933ad58672518b6d4f63920cbc68b80f78f4d81192552ee6362f5cc81ee13bdc678ad65f06e76444cadb53b33694cfb3fc7679b8000411975fedd28a,blockNumber=2004
info|2023-07-08 12:27:16.768789|[RPCWS][SERVICE][onRecvBlockNotifier]receive block number notifier,group=group0,node=2f993327933ad58672518b6d4f63920cbc68b80f78f4d81192552ee6362f5cc81ee13bdc678ad65f06e76444cadb53b33694cfb3fc7679b8000411975fedd28a,blockNumber=2004
info|2023-07-08 12:27:16.768797|[RPCWS][SERVICE][updateGroupBlockNumber],groupID=group0,_blockNumber=2004
info|2023-07-08 12:27:16.768801|[RPCWS][SERVICE][onRecvBlockNotifier]block notifier callback,group=group0,node=2f993327933ad58672518b6d4f63920cbc68b80f78f4d81192552ee6362f5cc81ee13bdc678ad65f06e76444cadb53b33694cfb3fc7679b8000411975fedd28a,blockNumber=2004
info|2023-07-08 12:27:16.768805|[WS]receive block notify,endpoint=127.0.0.1:20201,blk={
	"blockNumber" : 2004,
	"group" : "group0",
	"nodeName" : "2f993327933ad58672518b6d4f63920cbc68b80f78f4d81192552ee6362f5cc81ee13bdc678ad65f06e76444cadb53b33694cfb3fc7679b8000411975fedd28a"
}
info|2023-07-08 12:27:16.775787|[RPC][BLOCK][NUMBER][fromJson],group=group0,node=98a7f70ec883a722219d92253cf073a72605f4087aa3443c8e4aadc0af2dc3ac647d0fa1b5ac99cd6987abafe6d690ae71cd5fd2aeeabe7589bfb4748aabdfba,blockNumber=2004
info|2023-07-08 12:27:16.775807|[RPCWS][SERVICE][onRecvBlockNotifier]receive block number notifier,group=group0,node=98a7f70ec883a722219d92253cf073a72605f4087aa3443c8e4aadc0af2dc3ac647d0fa1b5ac99cd6987abafe6d690ae71cd5fd2aeeabe7589bfb4748aabdfba,blockNumber=2004
info|2023-07-08 12:27:16.775814|[WS]receive block notify,endpoint=127.0.0.1:20200,blk={
	"blockNumber" : 2004,
	"group" : "group0",
	"nodeName" : "98a7f70ec883a722219d92253cf073a72605f4087aa3443c8e4aadc0af2dc3ac647d0fa1b5ac99cd6987abafe6d690ae71cd5fd2aeeabe7589bfb4748aabdfba"
}
info|2023-07-08 12:27:17.253063|[RPC][BLOCK][NUMBER][fromJson],group=group0,node=98a7f70ec883a722219d92253cf073a72605f4087aa3443c8e4aadc0af2dc3ac647d0fa1b5ac99cd6987abafe6d690ae71cd5fd2aeeabe7589bfb4748aabdfba,blockNumber=2005
info|2023-07-08 12:27:17.253083|[RPCWS][SERVICE][onRecvBlockNotifier]receive block number notifier,group=group0,node=98a7f70ec883a722219d92253cf073a72605f4087aa3443c8e4aadc0af2dc3ac647d0fa1b5ac99cd6987abafe6d690ae71cd5fd2aeeabe7589bfb4748aabdfba,blockNumber=2005
info|2023-07-08 12:27:17.253088|[RPCWS][SERVICE][updateGroupBlockNumber],groupID=group0,_blockNumber=2005
info|2023-07-08 12:27:17.253092|[RPCWS][SERVICE][onRecvBlockNotifier]block notifier callback,group=group0,node=98a7f70ec883a722219d92253cf073a72605f4087aa3443c8e4aadc0af2dc3ac647d0fa1b5ac99cd6987abafe6d690ae71cd5fd2aeeabe7589bfb4748aabdfba,blockNumber=2005
info|2023-07-08 12:27:17.253096|[WS]receive block notify,endpoint=127.0.0.1:20200,blk={
	"blockNumber" : 2005,
	"group" : "group0",
	"nodeName" : "98a7f70ec883a722219d92253cf073a72605f4087aa3443c8e4aadc0af2dc3ac647d0fa1b5ac99cd6987abafe6d690ae71cd5fd2aeeabe7589bfb4748aabdfba"
}
info|2023-07-08 12:27:17.302934|[RPC][BLOCK][NUMBER][fromJson],group=group0,node=2f993327933ad58672518b6d4f63920cbc68b80f78f4d81192552ee6362f5cc81ee13bdc678ad65f06e76444cadb53b33694cfb3fc7679b8000411975fedd28a,blockNumber=2005
info|2023-07-08 12:27:17.302953|[RPCWS][SERVICE][onRecvBlockNotifier]receive block number notifier,group=group0,node=2f993327933ad58672518b6d4f63920cbc68b80f78f4d81192552ee6362f5cc81ee13bdc678ad65f06e76444cadb53b33694cfb3fc7679b8000411975fedd28a,blockNumber=2005
info|2023-07-08 12:27:17.302959|[WS]receive block notify,endpoint=127.0.0.1:20201,blk={
	"blockNumber" : 2005,
	"group" : "group0",
	"nodeName" : "2f993327933ad58672518b6d4f63920cbc68b80f78f4d81192552ee6362f5cc81ee13bdc678ad65f06e76444cadb53b33694cfb3fc7679b8000411975fedd28a"
}
info|2023-07-08 12:27:17.857936|[RPC][BLOCK][NUMBER][fromJson],group=group0,node=98a7f70ec883a722219d92253cf073a72605f4087aa3443c8e4aadc0af2dc3ac647d0fa1b5ac99cd6987abafe6d690ae71cd5fd2aeeabe7589bfb4748aabdfba,blockNumber=2006
info|2023-07-08 12:27:17.857958|[RPCWS][SERVICE][onRecvBlockNotifier]receive block number notifier,group=group0,node=98a7f70ec883a722219d92253cf073a72605f4087aa3443c8e4aadc0af2dc3ac647d0fa1b5ac99cd6987abafe6d690ae71cd5fd2aeeabe7589bfb4748aabdfba,blockNumber=2006
info|2023-07-08 12:27:17.857985|[RPCWS][SERVICE][updateGroupBlockNumber],groupID=group0,_blockNumber=2006
info|2023-07-08 12:27:17.857990|[RPCWS][SERVICE][onRecvBlockNotifier]block notifier callback,group=group0,node=98a7f70ec883a722219d92253cf073a72605f4087aa3443c8e4aadc0af2dc3ac647d0fa1b5ac99cd6987abafe6d690ae71cd5fd2aeeabe7589bfb4748aabdfba,blockNumber=2006
info|2023-07-08 12:27:17.857993|[WS]receive block notify,endpoint=127.0.0.1:20200,blk={
	"blockNumber" : 2006,
	"group" : "group0",
	"nodeName" : "98a7f70ec883a722219d92253cf073a72605f4087aa3443c8e4aadc0af2dc3ac647d0fa1b5ac99cd6987abafe6d690ae71cd5fd2aeeabe7589bfb4748aabdfba"
}
info|2023-07-08 12:27:17.973767|[RPC][BLOCK][NUMBER][fromJson],group=group0,node=2f993327933ad58672518b6d4f63920cbc68b80f78f4d81192552ee6362f5cc81ee13bdc678ad65f06e76444cadb53b33694cfb3fc7679b8000411975fedd28a,blockNumber=2006
info|2023-07-08 12:27:17.973788|[RPCWS][SERVICE][onRecvBlockNotifier]receive block number notifier,group=group0,node=2f993327933ad58672518b6d4f63920cbc68b80f78f4d81192552ee6362f5cc81ee13bdc678ad65f06e76444cadb53b33694cfb3fc7679b8000411975fedd28a,blockNumber=2006
info|2023-07-08 12:27:17.973795|[WS]receive block notify,endpoint=127.0.0.1:20201,blk={
	"blockNumber" : 2006,
	"group" : "group0",
	"nodeName" : "2f993327933ad58672518b6d4f63920cbc68b80f78f4d81192552ee6362f5cc81ee13bdc678ad65f06e76444cadb53b33694cfb3fc7679b8000411975fedd28a"
}
info|2023-07-08 12:27:18.416982|[RPC][BLOCK][NUMBER][fromJson],group=group0,node=98a7f70ec883a722219d92253cf073a72605f4087aa3443c8e4aadc0af2dc3ac647d0fa1b5ac99cd6987abafe6d690ae71cd5fd2aeeabe7589bfb4748aabdfba,blockNumber=2007
info|2023-07-08 12:27:18.417001|[RPCWS][SERVICE][onRecvBlockNotifier]receive block number notifier,group=group0,node=98a7f70ec883a722219d92253cf073a72605f4087aa3443c8e4aadc0af2dc3ac647d0fa1b5ac99cd6987abafe6d690ae71cd5fd2aeeabe7589bfb4748aabdfba,blockNumber=2007
info|2023-07-08 12:27:18.417006|[RPCWS][SERVICE][updateGroupBlockNumber],groupID=group0,_blockNumber=2007
info|2023-07-08 12:27:18.417010|[RPCWS][SERVICE][onRecvBlockNotifier]block notifier callback,group=group0,node=98a7f70ec883a722219d92253cf073a72605f4087aa3443c8e4aadc0af2dc3ac647d0fa1b5ac99cd6987abafe6d690ae71cd5fd2aeeabe7589bfb4748aabdfba,blockNumber=2007
info|2023-07-08 12:27:18.417014|[WS]receive block notify,endpoint=127.0.0.1:20200,blk={
	"blockNumber" : 2007,
	"group" : "group0",
	"nodeName" : "98a7f70ec883a722219d92253cf073a72605f4087aa3443c8e4aadc0af2dc3ac647d0fa1b5ac99cd6987abafe6d690ae71cd5fd2aeeabe7589bfb4748aabdfba"
}
info|2023-07-08 12:27:18.456062|[RPC][BLOCK][NUMBER][fromJson],group=group0,node=2f993327933ad58672518b6d4f63920cbc68b80f78f4d81192552ee6362f5cc81ee13bdc678ad65f06e76444cadb53b33694cfb3fc7679b8000411975fedd28a,blockNumber=2007
info|2023-07-08 12:27:18.456115|[RPCWS][SERVICE][onRecvBlockNotifier]receive block number notifier,group=group0,node=2f993327933ad58672518b6d4f63920cbc68b80f78f4d81192552ee6362f5cc81ee13bdc678ad65f06e76444cadb53b33694cfb3fc7679b8000411975fedd28a,blockNumber=2007
info|2023-07-08 12:27:18.456124|[WS]receive block notify,endpoint=127.0.0.1:20201,blk={
	"blockNumber" : 2007,
	"group" : "group0",
	"nodeName" : "2f993327933ad58672518b6d4f63920cbc68b80f78f4d81192552ee6362f5cc81ee13bdc678ad65f06e76444cadb53b33694cfb3fc7679b8000411975fedd28a"
}
info|2023-07-08 12:27:18.953036|[RPC][BLOCK][NUMBER][fromJson],group=group0,node=98a7f70ec883a722219d92253cf073a72605f4087aa3443c8e4aadc0af2dc3ac647d0fa1b5ac99cd6987abafe6d690ae71cd5fd2aeeabe7589bfb4748aabdfba,blockNumber=2008
info|2023-07-08 12:27:18.953060|[RPCWS][SERVICE][onRecvBlockNotifier]receive block number notifier,group=group0,node=98a7f70ec883a722219d92253cf073a72605f4087aa3443c8e4aadc0af2dc3ac647d0fa1b5ac99cd6987abafe6d690ae71cd5fd2aeeabe7589bfb4748aabdfba,blockNumber=2008
info|2023-07-08 12:27:18.953066|[RPCWS][SERVICE][updateGroupBlockNumber],groupID=group0,_blockNumber=2008
info|2023-07-08 12:27:18.953071|[RPCWS][SERVICE][onRecvBlockNotifier]block notifier callback,group=group0,node=98a7f70ec883a722219d92253cf073a72605f4087aa3443c8e4aadc0af2dc3ac647d0fa1b5ac99cd6987abafe6d690ae71cd5fd2aeeabe7589bfb4748aabdfba,blockNumber=2008
info|2023-07-08 12:27:18.953076|[WS]receive block notify,endpoint=127.0.0.1:20200,blk={
	"blockNumber" : 2008,
	"group" : "group0",
	"nodeName" : "98a7f70ec883a722219d92253cf073a72605f4087aa3443c8e4aadc0af2dc3ac647d0fa1b5ac99cd6987abafe6d690ae71cd5fd2aeeabe7589bfb4748aabdfba"
}
info|2023-07-08 12:27:18.989780|[RPC][BLOCK][NUMBER][fromJson],group=group0,node=2f993327933ad58672518b6d4f63920cbc68b80f78f4d81192552ee6362f5cc81ee13bdc678ad65f06e76444cadb53b33694cfb3fc7679b8000411975fedd28a,blockNumber=2008
info|2023-07-08 12:27:18.989803|[RPCWS][SERVICE][onRecvBlockNotifier]receive block number notifier,group=group0,node=2f993327933ad58672518b6d4f63920cbc68b80f78f4d81192552ee6362f5cc81ee13bdc678ad65f06e76444cadb53b33694cfb3fc7679b8000411975fedd28a,blockNumber=2008
info|2023-07-08 12:27:18.989811|[WS]receive block notify,endpoint=127.0.0.1:20201,blk={
	"blockNumber" : 2008,
	"group" : "group0",
	"nodeName" : "2f993327933ad58672518b6d4f63920cbc68b80f78f4d81192552ee6362f5cc81ee13bdc678ad65f06e76444cadb53b33694cfb3fc7679b8000411975fedd28a"
}
info|2023-07-08 12:27:19.539116|[RPC][BLOCK][NUMBER][fromJson],group=group0,node=2f993327933ad58672518b6d4f63920cbc68b80f78f4d81192552ee6362f5cc81ee13bdc678ad65f06e76444cadb53b33694cfb3fc7679b8000411975fedd28a,blockNumber=2009
info|2023-07-08 12:27:19.539136|[RPCWS][SERVICE][onRecvBlockNotifier]receive block number notifier,group=group0,node=2f993327933ad58672518b6d4f63920cbc68b80f78f4d81192552ee6362f5cc81ee13bdc678ad65f06e76444cadb53b33694cfb3fc7679b8000411975fedd28a,blockNumber=2009
info|2023-07-08 12:27:19.539140|[RPCWS][SERVICE][updateGroupBlockNumber],groupID=group0,_blockNumber=2009
info|2023-07-08 12:27:19.539144|[RPCWS][SERVICE][onRecvBlockNotifier]block notifier callback,group=group0,node=2f993327933ad58672518b6d4f63920cbc68b80f78f4d81192552ee6362f5cc81ee13bdc678ad65f06e76444cadb53b33694cfb3fc7679b8000411975fedd28a,blockNumber=2009
info|2023-07-08 12:27:19.539148|[WS]receive block notify,endpoint=127.0.0.1:20201,blk={
	"blockNumber" : 2009,
	"group" : "group0",
	"nodeName" : "2f993327933ad58672518b6d4f63920cbc68b80f78f4d81192552ee6362f5cc81ee13bdc678ad65f06e76444cadb53b33694cfb3fc7679b8000411975fedd28a"
}
info|2023-07-08 12:27:19.539493|[RPC][BLOCK][NUMBER][fromJson],group=group0,node=98a7f70ec883a722219d92253cf073a72605f4087aa3443c8e4aadc0af2dc3ac647d0fa1b5ac99cd6987abafe6d690ae71cd5fd2aeeabe7589bfb4748aabdfba,blockNumber=2009
info|2023-07-08 12:27:19.539509|[RPCWS][SERVICE][onRecvBlockNotifier]receive block number notifier,group=group0,node=98a7f70ec883a722219d92253cf073a72605f4087aa3443c8e4aadc0af2dc3ac647d0fa1b5ac99cd6987abafe6d690ae71cd5fd2aeeabe7589bfb4748aabdfba,blockNumber=2009
info|2023-07-08 12:27:19.539514|[WS]receive block notify,endpoint=127.0.0.1:20200,blk={
	"blockNumber" : 2009,
	"group" : "group0",
	"nodeName" : "98a7f70ec883a722219d92253cf073a72605f4087aa3443c8e4aadc0af2dc3ac647d0fa1b5ac99cd6987abafe6d690ae71cd5fd2aeeabe7589bfb4748aabdfba"
}
info|2023-07-08 12:27:20.124974|[RPC][BLOCK][NUMBER][fromJson],group=group0,node=98a7f70ec883a722219d92253cf073a72605f4087aa3443c8e4aadc0af2dc3ac647d0fa1b5ac99cd6987abafe6d690ae71cd5fd2aeeabe7589bfb4748aabdfba,blockNumber=2010
info|2023-07-08 12:27:20.124999|[RPCWS][SERVICE][onRecvBlockNotifier]receive block number notifier,group=group0,node=98a7f70ec883a722219d92253cf073a72605f4087aa3443c8e4aadc0af2dc3ac647d0fa1b5ac99cd6987abafe6d690ae71cd5fd2aeeabe7589bfb4748aabdfba,blockNumber=2010
info|2023-07-08 12:27:20.125006|[RPCWS][SERVICE][updateGroupBlockNumber],groupID=group0,_blockNumber=2010
info|2023-07-08 12:27:20.125012|[RPCWS][SERVICE][onRecvBlockNotifier]block notifier callback,group=group0,node=98a7f70ec883a722219d92253cf073a72605f4087aa3443c8e4aadc0af2dc3ac647d0fa1b5ac99cd6987abafe6d690ae71cd5fd2aeeabe7589bfb4748aabdfba,blockNumber=2010
info|2023-07-08 12:27:20.125017|[WS]receive block notify,endpoint=127.0.0.1:20200,blk={
	"blockNumber" : 2010,
	"group" : "group0",
	"nodeName" : "98a7f70ec883a722219d92253cf073a72605f4087aa3443c8e4aadc0af2dc3ac647d0fa1b5ac99cd6987abafe6d690ae71cd5fd2aeeabe7589bfb4748aabdfba"
}
info|2023-07-08 12:27:20.134282|[RPC][BLOCK][NUMBER][fromJson],group=group0,node=2f993327933ad58672518b6d4f63920cbc68b80f78f4d81192552ee6362f5cc81ee13bdc678ad65f06e76444cadb53b33694cfb3fc7679b8000411975fedd28a,blockNumber=2010
info|2023-07-08 12:27:20.134305|[RPCWS][SERVICE][onRecvBlockNotifier]receive block number notifier,group=group0,node=2f993327933ad58672518b6d4f63920cbc68b80f78f4d81192552ee6362f5cc81ee13bdc678ad65f06e76444cadb53b33694cfb3fc7679b8000411975fedd28a,blockNumber=2010
info|2023-07-08 12:27:20.134313|[WS]receive block notify,endpoint=127.0.0.1:20201,blk={
	"blockNumber" : 2010,
	"group" : "group0",
	"nodeName" : "2f993327933ad58672518b6d4f63920cbc68b80f78f4d81192552ee6362f5cc81ee13bdc678ad65f06e76444cadb53b33694cfb3fc7679b8000411975fedd28a"
}
info|2023-07-08 12:27:20.634098|[RPC][BLOCK][NUMBER][fromJson],group=group0,node=98a7f70ec883a722219d92253cf073a72605f4087aa3443c8e4aadc0af2dc3ac647d0fa1b5ac99cd6987abafe6d690ae71cd5fd2aeeabe7589bfb4748aabdfba,blockNumber=2011
info|2023-07-08 12:27:20.634120|[RPCWS][SERVICE][onRecvBlockNotifier]receive block number notifier,group=group0,node=98a7f70ec883a722219d92253cf073a72605f4087aa3443c8e4aadc0af2dc3ac647d0fa1b5ac99cd6987abafe6d690ae71cd5fd2aeeabe7589bfb4748aabdfba,blockNumber=2011
info|2023-07-08 12:27:20.634125|[RPCWS][SERVICE][updateGroupBlockNumber],groupID=group0,_blockNumber=2011
info|2023-07-08 12:27:20.634130|[RPCWS][SERVICE][onRecvBlockNotifier]block notifier callback,group=group0,node=98a7f70ec883a722219d92253cf073a72605f4087aa3443c8e4aadc0af2dc3ac647d0fa1b5ac99cd6987abafe6d690ae71cd5fd2aeeabe7589bfb4748aabdfba,blockNumber=2011
info|2023-07-08 12:27:20.634134|[WS]receive block notify,endpoint=127.0.0.1:20200,blk={
	"blockNumber" : 2011,
	"group" : "group0",
	"nodeName" : "98a7f70ec883a722219d92253cf073a72605f4087aa3443c8e4aadc0af2dc3ac647d0fa1b5ac99cd6987abafe6d690ae71cd5fd2aeeabe7589bfb4748aabdfba"
}
info|2023-07-08 12:27:20.756085|[RPC][BLOCK][NUMBER][fromJson],group=group0,node=2f993327933ad58672518b6d4f63920cbc68b80f78f4d81192552ee6362f5cc81ee13bdc678ad65f06e76444cadb53b33694cfb3fc7679b8000411975fedd28a,blockNumber=2011
info|2023-07-08 12:27:20.756104|[RPCWS][SERVICE][onRecvBlockNotifier]receive block number notifier,group=group0,node=2f993327933ad58672518b6d4f63920cbc68b80f78f4d81192552ee6362f5cc81ee13bdc678ad65f06e76444cadb53b33694cfb3fc7679b8000411975fedd28a,blockNumber=2011
info|2023-07-08 12:27:20.756109|[WS]receive block notify,endpoint=127.0.0.1:20201,blk={
	"blockNumber" : 2011,
	"group" : "group0",
	"nodeName" : "2f993327933ad58672518b6d4f63920cbc68b80f78f4d81192552ee6362f5cc81ee13bdc678ad65f06e76444cadb53b33694cfb3fc7679b8000411975fedd28a"
}
info|2023-07-08 12:27:21.184558|[RPC][BLOCK][NUMBER][fromJson],group=group0,node=98a7f70ec883a722219d92253cf073a72605f4087aa3443c8e4aadc0af2dc3ac647d0fa1b5ac99cd6987abafe6d690ae71cd5fd2aeeabe7589bfb4748aabdfba,blockNumber=2012
info|2023-07-08 12:27:21.184582|[RPCWS][SERVICE][onRecvBlockNotifier]receive block number notifier,group=group0,node=98a7f70ec883a722219d92253cf073a72605f4087aa3443c8e4aadc0af2dc3ac647d0fa1b5ac99cd6987abafe6d690ae71cd5fd2aeeabe7589bfb4748aabdfba,blockNumber=2012
info|2023-07-08 12:27:21.184588|[RPCWS][SERVICE][updateGroupBlockNumber],groupID=group0,_blockNumber=2012
info|2023-07-08 12:27:21.184593|[RPCWS][SERVICE][onRecvBlockNotifier]block notifier callback,group=group0,node=98a7f70ec883a722219d92253cf073a72605f4087aa3443c8e4aadc0af2dc3ac647d0fa1b5ac99cd6987abafe6d690ae71cd5fd2aeeabe7589bfb4748aabdfba,blockNumber=2012
info|2023-07-08 12:27:21.184597|[WS]receive block notify,endpoint=127.0.0.1:20200,blk={
	"blockNumber" : 2012,
	"group" : "group0",
	"nodeName" : "98a7f70ec883a722219d92253cf073a72605f4087aa3443c8e4aadc0af2dc3ac647d0fa1b5ac99cd6987abafe6d690ae71cd5fd2aeeabe7589bfb4748aabdfba"
}
info|2023-07-08 12:27:21.273362|[RPC][BLOCK][NUMBER][fromJson],group=group0,node=2f993327933ad58672518b6d4f63920cbc68b80f78f4d81192552ee6362f5cc81ee13bdc678ad65f06e76444cadb53b33694cfb3fc7679b8000411975fedd28a,blockNumber=2012
info|2023-07-08 12:27:21.273386|[RPCWS][SERVICE][onRecvBlockNotifier]receive block number notifier,group=group0,node=2f993327933ad58672518b6d4f63920cbc68b80f78f4d81192552ee6362f5cc81ee13bdc678ad65f06e76444cadb53b33694cfb3fc7679b8000411975fedd28a,blockNumber=2012
info|2023-07-08 12:27:21.273395|[WS]receive block notify,endpoint=127.0.0.1:20201,blk={
	"blockNumber" : 2012,
	"group" : "group0",
	"nodeName" : "2f993327933ad58672518b6d4f63920cbc68b80f78f4d81192552ee6362f5cc81ee13bdc678ad65f06e76444cadb53b33694cfb3fc7679b8000411975fedd28a"
}
info|2023-07-08 12:27:21.712450|[RPC][BLOCK][NUMBER][fromJson],group=group0,node=98a7f70ec883a722219d92253cf073a72605f4087aa3443c8e4aadc0af2dc3ac647d0fa1b5ac99cd6987abafe6d690ae71cd5fd2aeeabe7589bfb4748aabdfba,blockNumber=2013
info|2023-07-08 12:27:21.712474|[RPCWS][SERVICE][onRecvBlockNotifier]receive block number notifier,group=group0,node=98a7f70ec883a722219d92253cf073a72605f4087aa3443c8e4aadc0af2dc3ac647d0fa1b5ac99cd6987abafe6d690ae71cd5fd2aeeabe7589bfb4748aabdfba,blockNumber=2013
info|2023-07-08 12:27:21.712480|[RPCWS][SERVICE][updateGroupBlockNumber],groupID=group0,_blockNumber=2013
info|2023-07-08 12:27:21.712485|[RPCWS][SERVICE][onRecvBlockNotifier]block notifier callback,group=group0,node=98a7f70ec883a722219d92253cf073a72605f4087aa3443c8e4aadc0af2dc3ac647d0fa1b5ac99cd6987abafe6d690ae71cd5fd2aeeabe7589bfb4748aabdfba,blockNumber=2013
info|2023-07-08 12:27:21.712490|[WS]receive block notify,endpoint=127.0.0.1:20200,blk={
	"blockNumber" : 2013,
	"group" : "group0",
	"nodeName" : "98a7f70ec883a722219d92253cf073a72605f4087aa3443c8e4aadc0af2dc3ac647d0fa1b5ac99cd6987abafe6d690ae71cd5fd2aeeabe7589bfb4748aabdfba"
}
info|2023-07-08 12:27:21.780202|[RPC][BLOCK][NUMBER][fromJson],group=group0,node=2f993327933ad58672518b6d4f63920cbc68b80f78f4d81192552ee6362f5cc81ee13bdc678ad65f06e76444cadb53b33694cfb3fc7679b8000411975fedd28a,blockNumber=2013
info|2023-07-08 12:27:21.780230|[RPCWS][SERVICE][onRecvBlockNotifier]receive block number notifier,group=group0,node=2f993327933ad58672518b6d4f63920cbc68b80f78f4d81192552ee6362f5cc81ee13bdc678ad65f06e76444cadb53b33694cfb3fc7679b8000411975fedd28a,blockNumber=2013
info|2023-07-08 12:27:21.780237|[WS]receive block notify,endpoint=127.0.0.1:20201,blk={
	"blockNumber" : 2013,
	"group" : "group0",
	"nodeName" : "2f993327933ad58672518b6d4f63920cbc68b80f78f4d81192552ee6362f5cc81ee13bdc678ad65f06e76444cadb53b33694cfb3fc7679b8000411975fedd28a"
}
info|2023-07-08 12:27:22.341690|[RPC][BLOCK][NUMBER][fromJson],group=group0,node=98a7f70ec883a722219d92253cf073a72605f4087aa3443c8e4aadc0af2dc3ac647d0fa1b5ac99cd6987abafe6d690ae71cd5fd2aeeabe7589bfb4748aabdfba,blockNumber=2014
info|2023-07-08 12:27:22.341714|[RPCWS][SERVICE][onRecvBlockNotifier]receive block number notifier,group=group0,node=98a7f70ec883a722219d92253cf073a72605f4087aa3443c8e4aadc0af2dc3ac647d0fa1b5ac99cd6987abafe6d690ae71cd5fd2aeeabe7589bfb4748aabdfba,blockNumber=2014
info|2023-07-08 12:27:22.341721|[RPCWS][SERVICE][updateGroupBlockNumber],groupID=group0,_blockNumber=2014
info|2023-07-08 12:27:22.341726|[RPCWS][SERVICE][onRecvBlockNotifier]block notifier callback,group=group0,node=98a7f70ec883a722219d92253cf073a72605f4087aa3443c8e4aadc0af2dc3ac647d0fa1b5ac99cd6987abafe6d690ae71cd5fd2aeeabe7589bfb4748aabdfba,blockNumber=2014
info|2023-07-08 12:27:22.341730|[WS]receive block notify,endpoint=127.0.0.1:20200,blk={
	"blockNumber" : 2014,
	"group" : "group0",
	"nodeName" : "98a7f70ec883a722219d92253cf073a72605f4087aa3443c8e4aadc0af2dc3ac647d0fa1b5ac99cd6987abafe6d690ae71cd5fd2aeeabe7589bfb4748aabdfba"
}
info|2023-07-08 12:27:22.387789|[RPC][BLOCK][NUMBER][fromJson],group=group0,node=2f993327933ad58672518b6d4f63920cbc68b80f78f4d81192552ee6362f5cc81ee13bdc678ad65f06e76444cadb53b33694cfb3fc7679b8000411975fedd28a,blockNumber=2014
info|2023-07-08 12:27:22.387814|[RPCWS][SERVICE][onRecvBlockNotifier]receive block number notifier,group=group0,node=2f993327933ad58672518b6d4f63920cbc68b80f78f4d81192552ee6362f5cc81ee13bdc678ad65f06e76444cadb53b33694cfb3fc7679b8000411975fedd28a,blockNumber=2014
info|2023-07-08 12:27:22.387823|[WS]receive block notify,endpoint=127.0.0.1:20201,blk={
	"blockNumber" : 2014,
	"group" : "group0",
	"nodeName" : "2f993327933ad58672518b6d4f63920cbc68b80f78f4d81192552ee6362f5cc81ee13bdc678ad65f06e76444cadb53b33694cfb3fc7679b8000411975fedd28a"
}
info|2023-07-08 12:27:29.152535|[SDK][WS][SERVICE]connected nodes,count=2
info|2023-07-08 12:27:29.177014|[EVENT][SUB][doLoop]event sub tasks report,working event sub count=0,suspend event sub count=0
info|2023-07-08 12:27:49.153111|[SDK][WS][SERVICE]connected nodes,count=2
info|2023-07-08 12:27:49.177245|[EVENT][SUB][doLoop]event sub tasks report,working event sub count=0,suspend event sub count=0
info|2023-07-08 12:28:09.153259|[SDK][WS][SERVICE]connected nodes,count=2
info|2023-07-08 12:28:09.177316|[EVENT][SUB][doLoop]event sub tasks report,working event sub count=0,suspend event sub count=0
info|2023-07-08 12:28:29.153478|[SDK][WS][SERVICE]connected nodes,count=2
info|2023-07-08 12:28:29.177470|[EVENT][SUB][doLoop]event sub tasks report,working event sub count=0,suspend event sub count=0
info|2023-07-08 12:28:49.153804|[SDK][WS][SERVICE]connected nodes,count=2
info|2023-07-08 12:28:49.177892|[EVENT][SUB][doLoop]event sub tasks report,working event sub count=0,suspend event sub count=0
info|2023-07-08 12:29:09.154485|[SDK][WS][SERVICE]connected nodes,count=2
info|2023-07-08 12:29:09.177937|[EVENT][SUB][doLoop]event sub tasks report,working event sub count=0,suspend event sub count=0
info|2023-07-08 12:29:29.155020|[SDK][WS][SERVICE]connected nodes,count=2
info|2023-07-08 12:29:29.178028|[EVENT][SUB][doLoop]event sub tasks report,working event sub count=0,suspend event sub count=0
info|2023-07-08 12:29:49.155759|[SDK][WS][SERVICE]connected nodes,count=2
info|2023-07-08 12:29:49.178146|[EVENT][SUB][doLoop]event sub tasks report,working event sub count=0,suspend event sub count=0
info|2023-07-08 12:30:09.156634|[SDK][WS][SERVICE]connected nodes,count=2
info|2023-07-08 12:30:09.178512|[EVENT][SUB][doLoop]event sub tasks report,working event sub count=0,suspend event sub count=0
info|2023-07-08 12:30:29.157219|[SDK][WS][SERVICE]connected nodes,count=2
info|2023-07-08 12:30:29.179182|[EVENT][SUB][doLoop]event sub tasks report,working event sub count=0,suspend event sub count=0
info|2023-07-08 12:30:49.157979|[SDK][WS][SERVICE]connected nodes,count=2
info|2023-07-08 12:30:49.179788|[EVENT][SUB][doLoop]event sub tasks report,working event sub count=0,suspend event sub count=0
info|2023-07-08 12:31:09.158126|[SDK][WS][SERVICE]connected nodes,count=2
info|2023-07-08 12:31:09.180366|[EVENT][SUB][doLoop]event sub tasks report,working event sub count=0,suspend event sub count=0
info|2023-07-08 12:31:29.158855|[SDK][WS][SERVICE]connected nodes,count=2
info|2023-07-08 12:31:29.180919|[EVENT][SUB][doLoop]event sub tasks report,working event sub count=0,suspend event sub count=0
info|2023-07-08 12:31:49.159439|[SDK][WS][SERVICE]connected nodes,count=2
info|2023-07-08 12:31:49.180989|[EVENT][SUB][doLoop]event sub tasks report,working event sub count=0,suspend event sub count=0
info|2023-07-08 12:32:09.159577|[SDK][WS][SERVICE]connected nodes,count=2
info|2023-07-08 12:32:09.181647|[EVENT][SUB][doLoop]event sub tasks report,working event sub count=0,suspend event sub count=0
info|2023-07-08 12:32:29.160293|[SDK][WS][SERVICE]connected nodes,count=2
info|2023-07-08 12:32:29.182340|[EVENT][SUB][doLoop]event sub tasks report,working event sub count=0,suspend event sub count=0
info|2023-07-08 12:32:49.161008|[SDK][WS][SERVICE]connected nodes,count=2
info|2023-07-08 12:32:49.182738|[EVENT][SUB][doLoop]event sub tasks report,working event sub count=0,suspend event sub count=0
info|2023-07-08 12:33:09.161220|[SDK][WS][SERVICE]connected nodes,count=2
info|2023-07-08 12:33:09.183113|[EVENT][SUB][doLoop]event sub tasks report,working event sub count=0,suspend event sub count=0
info|2023-07-08 12:33:29.162097|[SDK][WS][SERVICE]connected nodes,count=2
info|2023-07-08 12:33:29.183327|[EVENT][SUB][doLoop]event sub tasks report,working event sub count=0,suspend event sub count=0
info|2023-07-08 12:33:49.162427|[SDK][WS][SERVICE]connected nodes,count=2
info|2023-07-08 12:33:49.183373|[EVENT][SUB][doLoop]event sub tasks report,working event sub count=0,suspend event sub count=0
info|2023-07-08 12:34:09.162972|[SDK][WS][SERVICE]connected nodes,count=2
info|2023-07-08 12:34:09.183603|[EVENT][SUB][doLoop]event sub tasks report,working event sub count=0,suspend event sub count=0
info|2023-07-08 12:34:29.163491|[SDK][WS][SERVICE]connected nodes,count=2
info|2023-07-08 12:34:29.183811|[EVENT][SUB][doLoop]event sub tasks report,working event sub count=0,suspend event sub count=0
info|2023-07-08 12:34:49.164146|[SDK][WS][SERVICE]connected nodes,count=2
info|2023-07-08 12:34:49.184388|[EVENT][SUB][doLoop]event sub tasks report,working event sub count=0,suspend event sub count=0
info|2023-07-08 12:35:09.165271|[SDK][WS][SERVICE]connected nodes,count=2
info|2023-07-08 12:35:09.184660|[EVENT][SUB][doLoop]event sub tasks report,working event sub count=0,suspend event sub count=0
info|2023-07-08 12:35:29.165512|[SDK][WS][SERVICE]connected nodes,count=2
info|2023-07-08 12:35:29.184689|[EVENT][SUB][doLoop]event sub tasks report,working event sub count=0,suspend event sub count=0
info|2023-07-08 12:35:49.165887|[SDK][WS][SERVICE]connected nodes,count=2
info|2023-07-08 12:35:49.184986|[EVENT][SUB][doLoop]event sub tasks report,working event sub count=0,suspend event sub count=0
info|2023-07-08 12:36:09.166062|[SDK][WS][SERVICE]connected nodes,count=2
info|2023-07-08 12:36:09.185067|[EVENT][SUB][doLoop]event sub tasks report,working event sub count=0,suspend event sub count=0
info|2023-07-08 12:36:29.166414|[SDK][WS][SERVICE]connected nodes,count=2
info|2023-07-08 12:36:29.185388|[EVENT][SUB][doLoop]event sub tasks report,working event sub count=0,suspend event sub count=0
info|2023-07-08 12:36:49.166780|[SDK][WS][SERVICE]connected nodes,count=2
info|2023-07-08 12:36:49.185790|[EVENT][SUB][doLoop]event sub tasks report,working event sub count=0,suspend event sub count=0
info|2023-07-08 12:37:09.167128|[SDK][WS][SERVICE]connected nodes,count=2
info|2023-07-08 12:37:09.185888|[EVENT][SUB][doLoop]event sub tasks report,working event sub count=0,suspend event sub count=0
info|2023-07-08 12:37:29.167247|[SDK][WS][SERVICE]connected nodes,count=2
info|2023-07-08 12:37:29.186217|[EVENT][SUB][doLoop]event sub tasks report,working event sub count=0,suspend event sub count=0
info|2023-07-08 12:37:49.167779|[SDK][WS][SERVICE]connected nodes,count=2
info|2023-07-08 12:37:49.186569|[EVENT][SUB][doLoop]event sub tasks report,working event sub count=0,suspend event sub count=0
info|2023-07-08 12:38:09.168301|[SDK][WS][SERVICE]connected nodes,count=2
info|2023-07-08 12:38:09.187203|[EVENT][SUB][doLoop]event sub tasks report,working event sub count=0,suspend event sub count=0
info|2023-07-08 12:38:29.168872|[SDK][WS][SERVICE]connected nodes,count=2
info|2023-07-08 12:38:29.187749|[EVENT][SUB][doLoop]event sub tasks report,working event sub count=0,suspend event sub count=0
info|2023-07-08 12:38:49.169090|[SDK][WS][SERVICE]connected nodes,count=2
info|2023-07-08 12:38:49.188105|[EVENT][SUB][doLoop]event sub tasks report,working event sub count=0,suspend event sub count=0
info|2023-07-08 12:39:09.169364|[SDK][WS][SERVICE]connected nodes,count=2
info|2023-07-08 12:39:09.188387|[EVENT][SUB][doLoop]event sub tasks report,working event sub count=0,suspend event sub count=0
info|2023-07-08 12:39:29.169716|[SDK][WS][SERVICE]connected nodes,count=2
info|2023-07-08 12:39:29.189087|[EVENT][SUB][doLoop]event sub tasks report,working event sub count=0,suspend event sub count=0
info|2023-07-08 12:39:49.170386|[SDK][WS][SERVICE]connected nodes,count=2
info|2023-07-08 12:39:49.189322|[EVENT][SUB][doLoop]event sub tasks report,working event sub count=0,suspend event sub count=0
info|2023-07-08 12:40:09.170783|[SDK][WS][SERVICE]connected nodes,count=2
info|2023-07-08 12:40:09.189397|[EVENT][SUB][doLoop]event sub tasks report,working event sub count=0,suspend event sub count=0
info|2023-07-08 12:40:29.171487|[SDK][WS][SERVICE]connected nodes,count=2
info|2023-07-08 12:40:29.189540|[EVENT][SUB][doLoop]event sub tasks report,working event sub count=0,suspend event sub count=0
info|2023-07-08 12:40:49.172386|[SDK][WS][SERVICE]connected nodes,count=2
info|2023-07-08 12:40:49.189726|[EVENT][SUB][doLoop]event sub tasks report,working event sub count=0,suspend event sub count=0
info|2023-07-08 12:41:09.173040|[SDK][WS][SERVICE]connected nodes,count=2
info|2023-07-08 12:41:09.189923|[EVENT][SUB][doLoop]event sub tasks report,working event sub count=0,suspend event sub count=0
info|2023-07-08 12:41:29.173297|[SDK][WS][SERVICE]connected nodes,count=2
info|2023-07-08 12:41:29.190331|[EVENT][SUB][doLoop]event sub tasks report,working event sub count=0,suspend event sub count=0
info|2023-07-08 12:41:49.173766|[SDK][WS][SERVICE]connected nodes,count=2
info|2023-07-08 12:41:49.190518|[EVENT][SUB][doLoop]event sub tasks report,working event sub count=0,suspend event sub count=0
info|2023-07-08 12:42:09.174490|[SDK][WS][SERVICE]connected nodes,count=2
info|2023-07-08 12:42:09.191299|[EVENT][SUB][doLoop]event sub tasks report,working event sub count=0,suspend event sub count=0
info|2023-07-08 12:42:29.175272|[SDK][WS][SERVICE]connected nodes,count=2
info|2023-07-08 12:42:29.191467|[EVENT][SUB][doLoop]event sub tasks report,working event sub count=0,suspend event sub count=0
info|2023-07-08 12:42:49.175896|[SDK][WS][SERVICE]connected nodes,count=2
info|2023-07-08 12:42:49.191721|[EVENT][SUB][doLoop]event sub tasks report,working event sub count=0,suspend event sub count=0
info|2023-07-08 12:43:09.176123|[SDK][WS][SERVICE]connected nodes,count=2
info|2023-07-08 12:43:09.191973|[EVENT][SUB][doLoop]event sub tasks report,working event sub count=0,suspend event sub count=0
info|2023-07-08 12:43:29.176777|[SDK][WS][SERVICE]connected nodes,count=2
info|2023-07-08 12:43:29.192019|[EVENT][SUB][doLoop]event sub tasks report,working event sub count=0,suspend event sub count=0
info|2023-07-08 12:43:49.176997|[SDK][WS][SERVICE]connected nodes,count=2
info|2023-07-08 12:43:49.192381|[EVENT][SUB][doLoop]event sub tasks report,working event sub count=0,suspend event sub count=0
info|2023-07-08 12:44:09.177305|[SDK][WS][SERVICE]connected nodes,count=2
info|2023-07-08 12:44:09.192505|[EVENT][SUB][doLoop]event sub tasks report,working event sub count=0,suspend event sub count=0
info|2023-07-08 12:44:29.177781|[SDK][WS][SERVICE]connected nodes,count=2
info|2023-07-08 12:44:29.192894|[EVENT][SUB][doLoop]event sub tasks report,working event sub count=0,suspend event sub count=0
info|2023-07-08 12:44:49.178532|[SDK][WS][SERVICE]connected nodes,count=2
info|2023-07-08 12:44:49.193111|[EVENT][SUB][doLoop]event sub tasks report,working event sub count=0,suspend event sub count=0
info|2023-07-08 12:45:09.178927|[SDK][WS][SERVICE]connected nodes,count=2
info|2023-07-08 12:45:09.193462|[EVENT][SUB][doLoop]event sub tasks report,working event sub count=0,suspend event sub count=0
info|2023-07-08 12:45:29.179481|[SDK][WS][SERVICE]connected nodes,count=2
info|2023-07-08 12:45:29.193685|[EVENT][SUB][doLoop]event sub tasks report,working event sub count=0,suspend event sub count=0
info|2023-07-08 12:45:49.180167|[SDK][WS][SERVICE]connected nodes,count=2
info|2023-07-08 12:45:49.193825|[EVENT][SUB][doLoop]event sub tasks report,working event sub count=0,suspend event sub count=0
info|2023-07-08 12:46:09.180383|[SDK][WS][SERVICE]connected nodes,count=2
info|2023-07-08 12:46:09.194126|[EVENT][SUB][doLoop]event sub tasks report,working event sub count=0,suspend event sub count=0
info|2023-07-08 12:46:29.181003|[SDK][WS][SERVICE]connected nodes,count=2
info|2023-07-08 12:46:29.198523|[EVENT][SUB][doLoop]event sub tasks report,working event sub count=0,suspend event sub count=0
info|2023-07-08 12:46:49.181284|[SDK][WS][SERVICE]connected nodes,count=2
info|2023-07-08 12:46:49.198781|[EVENT][SUB][doLoop]event sub tasks report,working event sub count=0,suspend event sub count=0
info|2023-07-08 12:47:09.181651|[SDK][WS][SERVICE]connected nodes,count=2
info|2023-07-08 12:47:09.199213|[EVENT][SUB][doLoop]event sub tasks report,working event sub count=0,suspend event sub count=0
info|2023-07-08 12:47:29.182177|[SDK][WS][SERVICE]connected nodes,count=2
info|2023-07-08 12:47:29.199440|[EVENT][SUB][doLoop]event sub tasks report,working event sub count=0,suspend event sub count=0
info|2023-07-08 12:47:49.182773|[SDK][WS][SERVICE]connected nodes,count=2
info|2023-07-08 12:47:49.199634|[EVENT][SUB][doLoop]event sub tasks report,working event sub count=0,suspend event sub count=0
info|2023-07-08 12:48:09.182875|[SDK][WS][SERVICE]connected nodes,count=2
info|2023-07-08 12:48:09.199737|[EVENT][SUB][doLoop]event sub tasks report,working event sub count=0,suspend event sub count=0
info|2023-07-08 12:48:29.183280|[SDK][WS][SERVICE]connected nodes,count=2
info|2023-07-08 12:48:29.199804|[EVENT][SUB][doLoop]event sub tasks report,working event sub count=0,suspend event sub count=0
info|2023-07-08 12:48:49.183744|[SDK][WS][SERVICE]connected nodes,count=2
info|2023-07-08 12:48:49.200489|[EVENT][SUB][doLoop]event sub tasks report,working event sub count=0,suspend event sub count=0
info|2023-07-08 12:49:09.184064|[SDK][WS][SERVICE]connected nodes,count=2
info|2023-07-08 12:49:09.200951|[EVENT][SUB][doLoop]event sub tasks report,working event sub count=0,suspend event sub count=0
info|2023-07-08 12:49:29.184607|[SDK][WS][SERVICE]connected nodes,count=2
info|2023-07-08 12:49:29.201079|[EVENT][SUB][doLoop]event sub tasks report,working event sub count=0,suspend event sub count=0
info|2023-07-08 12:49:49.184885|[SDK][WS][SERVICE]connected nodes,count=2
info|2023-07-08 12:49:49.201134|[EVENT][SUB][doLoop]event sub tasks report,working event sub count=0,suspend event sub count=0
info|2023-07-08 12:50:09.185183|[SDK][WS][SERVICE]connected nodes,count=2
info|2023-07-08 12:50:09.201257|[EVENT][SUB][doLoop]event sub tasks report,working event sub count=0,suspend event sub count=0
info|2023-07-08 12:50:29.185603|[SDK][WS][SERVICE]connected nodes,count=2
info|2023-07-08 12:50:29.201309|[EVENT][SUB][doLoop]event sub tasks report,working event sub count=0,suspend event sub count=0
info|2023-07-08 12:50:49.186024|[SDK][WS][SERVICE]connected nodes,count=2
info|2023-07-08 12:50:49.201679|[EVENT][SUB][doLoop]event sub tasks report,working event sub count=0,suspend event sub count=0
info|2023-07-08 12:51:09.186346|[SDK][WS][SERVICE]connected nodes,count=2
info|2023-07-08 12:51:09.201859|[EVENT][SUB][doLoop]event sub tasks report,working event sub count=0,suspend event sub count=0
info|2023-07-08 12:51:29.187116|[SDK][WS][SERVICE]connected nodes,count=2
info|2023-07-08 12:51:29.202460|[EVENT][SUB][doLoop]event sub tasks report,working event sub count=0,suspend event sub count=0
info|2023-07-08 12:51:49.187682|[SDK][WS][SERVICE]connected nodes,count=2
info|2023-07-08 12:51:49.203266|[EVENT][SUB][doLoop]event sub tasks report,working event sub count=0,suspend event sub count=0
info|2023-07-08 12:52:09.187939|[SDK][WS][SERVICE]connected nodes,count=2
info|2023-07-08 12:52:09.203745|[EVENT][SUB][doLoop]event sub tasks report,working event sub count=0,suspend event sub count=0
info|2023-07-08 12:52:29.188635|[SDK][WS][SERVICE]connected nodes,count=2
info|2023-07-08 12:52:29.204126|[EVENT][SUB][doLoop]event sub tasks report,working event sub count=0,suspend event sub count=0
info|2023-07-08 12:52:49.189443|[SDK][WS][SERVICE]connected nodes,count=2
info|2023-07-08 12:52:49.204260|[EVENT][SUB][doLoop]event sub tasks report,working event sub count=0,suspend event sub count=0
info|2023-07-08 12:53:09.190032|[SDK][WS][SERVICE]connected nodes,count=2
info|2023-07-08 12:53:09.204570|[EVENT][SUB][doLoop]event sub tasks report,working event sub count=0,suspend event sub count=0
info|2023-07-08 12:53:29.190510|[SDK][WS][SERVICE]connected nodes,count=2
info|2023-07-08 12:53:29.204696|[EVENT][SUB][doLoop]event sub tasks report,working event sub count=0,suspend event sub count=0
info|2023-07-08 12:53:49.190815|[SDK][WS][SERVICE]connected nodes,count=2
info|2023-07-08 12:53:49.205040|[EVENT][SUB][doLoop]event sub tasks report,working event sub count=0,suspend event sub count=0
info|2023-07-08 12:54:09.191200|[SDK][WS][SERVICE]connected nodes,count=2
info|2023-07-08 12:54:09.205345|[EVENT][SUB][doLoop]event sub tasks report,working event sub count=0,suspend event sub count=0
info|2023-07-08 12:54:29.191527|[SDK][WS][SERVICE]connected nodes,count=2
info|2023-07-08 12:54:29.205492|[EVENT][SUB][doLoop]event sub tasks report,working event sub count=0,suspend event sub count=0
info|2023-07-08 12:54:49.192213|[SDK][WS][SERVICE]connected nodes,count=2
info|2023-07-08 12:54:49.205632|[EVENT][SUB][doLoop]event sub tasks report,working event sub count=0,suspend event sub count=0
info|2023-07-08 12:55:09.192726|[SDK][WS][SERVICE]connected nodes,count=2
info|2023-07-08 12:55:09.205979|[EVENT][SUB][doLoop]event sub tasks report,working event sub count=0,suspend event sub count=0
info|2023-07-08 12:55:29.193175|[SDK][WS][SERVICE]connected nodes,count=2
info|2023-07-08 12:55:29.206131|[EVENT][SUB][doLoop]event sub tasks report,working event sub count=0,suspend event sub count=0
info|2023-07-08 12:55:49.193627|[SDK][WS][SERVICE]connected nodes,count=2
info|2023-07-08 12:55:49.206376|[EVENT][SUB][doLoop]event sub tasks report,working event sub count=0,suspend event sub count=0
info|2023-07-08 12:56:09.193810|[SDK][WS][SERVICE]connected nodes,count=2
info|2023-07-08 12:56:09.206659|[EVENT][SUB][doLoop]event sub tasks report,working event sub count=0,suspend event sub count=0
info|2023-07-08 12:56:29.194246|[SDK][WS][SERVICE]connected nodes,count=2
info|2023-07-08 12:56:29.206845|[EVENT][SUB][doLoop]event sub tasks report,working event sub count=0,suspend event sub count=0
info|2023-07-08 12:56:49.194443|[SDK][WS][SERVICE]connected nodes,count=2
info|2023-07-08 12:56:49.207284|[EVENT][SUB][doLoop]event sub tasks report,working event sub count=0,suspend event sub count=0
info|2023-07-08 12:57:09.194696|[SDK][WS][SERVICE]connected nodes,count=2
info|2023-07-08 12:57:09.207565|[EVENT][SUB][doLoop]event sub tasks report,working event sub count=0,suspend event sub count=0
info|2023-07-08 12:57:14.037262|[RPC][BLOCK][NUMBER][fromJson],group=group0,node=98a7f70ec883a722219d92253cf073a72605f4087aa3443c8e4aadc0af2dc3ac647d0fa1b5ac99cd6987abafe6d690ae71cd5fd2aeeabe7589bfb4748aabdfba,blockNumber=2015
info|2023-07-08 12:57:14.037280|[RPCWS][SERVICE][onRecvBlockNotifier]receive block number notifier,group=group0,node=98a7f70ec883a722219d92253cf073a72605f4087aa3443c8e4aadc0af2dc3ac647d0fa1b5ac99cd6987abafe6d690ae71cd5fd2aeeabe7589bfb4748aabdfba,blockNumber=2015
info|2023-07-08 12:57:14.037285|[RPCWS][SERVICE][updateGroupBlockNumber],groupID=group0,_blockNumber=2015
info|2023-07-08 12:57:14.037309|[RPCWS][SERVICE][onRecvBlockNotifier]block notifier callback,group=group0,node=98a7f70ec883a722219d92253cf073a72605f4087aa3443c8e4aadc0af2dc3ac647d0fa1b5ac99cd6987abafe6d690ae71cd5fd2aeeabe7589bfb4748aabdfba,blockNumber=2015
info|2023-07-08 12:57:14.037313|[WS]receive block notify,endpoint=127.0.0.1:20200,blk={
	"blockNumber" : 2015,
	"group" : "group0",
	"nodeName" : "98a7f70ec883a722219d92253cf073a72605f4087aa3443c8e4aadc0af2dc3ac647d0fa1b5ac99cd6987abafe6d690ae71cd5fd2aeeabe7589bfb4748aabdfba"
}
info|2023-07-08 12:57:14.068895|[RPC][BLOCK][NUMBER][fromJson],group=group0,node=2f993327933ad58672518b6d4f63920cbc68b80f78f4d81192552ee6362f5cc81ee13bdc678ad65f06e76444cadb53b33694cfb3fc7679b8000411975fedd28a,blockNumber=2015
info|2023-07-08 12:57:14.068922|[RPCWS][SERVICE][onRecvBlockNotifier]receive block number notifier,group=group0,node=2f993327933ad58672518b6d4f63920cbc68b80f78f4d81192552ee6362f5cc81ee13bdc678ad65f06e76444cadb53b33694cfb3fc7679b8000411975fedd28a,blockNumber=2015
info|2023-07-08 12:57:14.068928|[WS]receive block notify,endpoint=127.0.0.1:20201,blk={
	"blockNumber" : 2015,
	"group" : "group0",
	"nodeName" : "2f993327933ad58672518b6d4f63920cbc68b80f78f4d81192552ee6362f5cc81ee13bdc678ad65f06e76444cadb53b33694cfb3fc7679b8000411975fedd28a"
}
info|2023-07-08 12:57:14.558065|[RPC][BLOCK][NUMBER][fromJson],group=group0,node=98a7f70ec883a722219d92253cf073a72605f4087aa3443c8e4aadc0af2dc3ac647d0fa1b5ac99cd6987abafe6d690ae71cd5fd2aeeabe7589bfb4748aabdfba,blockNumber=2016
info|2023-07-08 12:57:14.558084|[RPCWS][SERVICE][onRecvBlockNotifier]receive block number notifier,group=group0,node=98a7f70ec883a722219d92253cf073a72605f4087aa3443c8e4aadc0af2dc3ac647d0fa1b5ac99cd6987abafe6d690ae71cd5fd2aeeabe7589bfb4748aabdfba,blockNumber=2016
info|2023-07-08 12:57:14.558089|[RPCWS][SERVICE][updateGroupBlockNumber],groupID=group0,_blockNumber=2016
info|2023-07-08 12:57:14.558092|[RPCWS][SERVICE][onRecvBlockNotifier]block notifier callback,group=group0,node=98a7f70ec883a722219d92253cf073a72605f4087aa3443c8e4aadc0af2dc3ac647d0fa1b5ac99cd6987abafe6d690ae71cd5fd2aeeabe7589bfb4748aabdfba,blockNumber=2016
info|2023-07-08 12:57:14.558096|[WS]receive block notify,endpoint=127.0.0.1:20200,blk={
	"blockNumber" : 2016,
	"group" : "group0",
	"nodeName" : "98a7f70ec883a722219d92253cf073a72605f4087aa3443c8e4aadc0af2dc3ac647d0fa1b5ac99cd6987abafe6d690ae71cd5fd2aeeabe7589bfb4748aabdfba"
}
info|2023-07-08 12:57:14.624541|[RPC][BLOCK][NUMBER][fromJson],group=group0,node=2f993327933ad58672518b6d4f63920cbc68b80f78f4d81192552ee6362f5cc81ee13bdc678ad65f06e76444cadb53b33694cfb3fc7679b8000411975fedd28a,blockNumber=2016
info|2023-07-08 12:57:14.624621|[RPCWS][SERVICE][onRecvBlockNotifier]receive block number notifier,group=group0,node=2f993327933ad58672518b6d4f63920cbc68b80f78f4d81192552ee6362f5cc81ee13bdc678ad65f06e76444cadb53b33694cfb3fc7679b8000411975fedd28a,blockNumber=2016
info|2023-07-08 12:57:14.624717|[WS]receive block notify,endpoint=127.0.0.1:20201,blk={
	"blockNumber" : 2016,
	"group" : "group0",
	"nodeName" : "2f993327933ad58672518b6d4f63920cbc68b80f78f4d81192552ee6362f5cc81ee13bdc678ad65f06e76444cadb53b33694cfb3fc7679b8000411975fedd28a"
}
info|2023-07-08 12:57:15.188861|[RPC][BLOCK][NUMBER][fromJson],group=group0,node=98a7f70ec883a722219d92253cf073a72605f4087aa3443c8e4aadc0af2dc3ac647d0fa1b5ac99cd6987abafe6d690ae71cd5fd2aeeabe7589bfb4748aabdfba,blockNumber=2017
info|2023-07-08 12:57:15.188881|[RPCWS][SERVICE][onRecvBlockNotifier]receive block number notifier,group=group0,node=98a7f70ec883a722219d92253cf073a72605f4087aa3443c8e4aadc0af2dc3ac647d0fa1b5ac99cd6987abafe6d690ae71cd5fd2aeeabe7589bfb4748aabdfba,blockNumber=2017
info|2023-07-08 12:57:15.188885|[RPCWS][SERVICE][updateGroupBlockNumber],groupID=group0,_blockNumber=2017
info|2023-07-08 12:57:15.188889|[RPCWS][SERVICE][onRecvBlockNotifier]block notifier callback,group=group0,node=98a7f70ec883a722219d92253cf073a72605f4087aa3443c8e4aadc0af2dc3ac647d0fa1b5ac99cd6987abafe6d690ae71cd5fd2aeeabe7589bfb4748aabdfba,blockNumber=2017
info|2023-07-08 12:57:15.188892|[WS]receive block notify,endpoint=127.0.0.1:20200,blk={
	"blockNumber" : 2017,
	"group" : "group0",
	"nodeName" : "98a7f70ec883a722219d92253cf073a72605f4087aa3443c8e4aadc0af2dc3ac647d0fa1b5ac99cd6987abafe6d690ae71cd5fd2aeeabe7589bfb4748aabdfba"
}
info|2023-07-08 12:57:15.196287|[RPC][BLOCK][NUMBER][fromJson],group=group0,node=2f993327933ad58672518b6d4f63920cbc68b80f78f4d81192552ee6362f5cc81ee13bdc678ad65f06e76444cadb53b33694cfb3fc7679b8000411975fedd28a,blockNumber=2017
info|2023-07-08 12:57:15.196307|[RPCWS][SERVICE][onRecvBlockNotifier]receive block number notifier,group=group0,node=2f993327933ad58672518b6d4f63920cbc68b80f78f4d81192552ee6362f5cc81ee13bdc678ad65f06e76444cadb53b33694cfb3fc7679b8000411975fedd28a,blockNumber=2017
info|2023-07-08 12:57:15.196313|[WS]receive block notify,endpoint=127.0.0.1:20201,blk={
	"blockNumber" : 2017,
	"group" : "group0",
	"nodeName" : "2f993327933ad58672518b6d4f63920cbc68b80f78f4d81192552ee6362f5cc81ee13bdc678ad65f06e76444cadb53b33694cfb3fc7679b8000411975fedd28a"
}
info|2023-07-08 12:57:15.747392|[RPC][BLOCK][NUMBER][fromJson],group=group0,node=98a7f70ec883a722219d92253cf073a72605f4087aa3443c8e4aadc0af2dc3ac647d0fa1b5ac99cd6987abafe6d690ae71cd5fd2aeeabe7589bfb4748aabdfba,blockNumber=2018
info|2023-07-08 12:57:15.747413|[RPCWS][SERVICE][onRecvBlockNotifier]receive block number notifier,group=group0,node=98a7f70ec883a722219d92253cf073a72605f4087aa3443c8e4aadc0af2dc3ac647d0fa1b5ac99cd6987abafe6d690ae71cd5fd2aeeabe7589bfb4748aabdfba,blockNumber=2018
info|2023-07-08 12:57:15.747418|[RPCWS][SERVICE][updateGroupBlockNumber],groupID=group0,_blockNumber=2018
info|2023-07-08 12:57:15.747422|[RPCWS][SERVICE][onRecvBlockNotifier]block notifier callback,group=group0,node=98a7f70ec883a722219d92253cf073a72605f4087aa3443c8e4aadc0af2dc3ac647d0fa1b5ac99cd6987abafe6d690ae71cd5fd2aeeabe7589bfb4748aabdfba,blockNumber=2018
info|2023-07-08 12:57:15.747426|[WS]receive block notify,endpoint=127.0.0.1:20200,blk={
	"blockNumber" : 2018,
	"group" : "group0",
	"nodeName" : "98a7f70ec883a722219d92253cf073a72605f4087aa3443c8e4aadc0af2dc3ac647d0fa1b5ac99cd6987abafe6d690ae71cd5fd2aeeabe7589bfb4748aabdfba"
}
info|2023-07-08 12:57:15.851882|[RPC][BLOCK][NUMBER][fromJson],group=group0,node=2f993327933ad58672518b6d4f63920cbc68b80f78f4d81192552ee6362f5cc81ee13bdc678ad65f06e76444cadb53b33694cfb3fc7679b8000411975fedd28a,blockNumber=2018
info|2023-07-08 12:57:15.851903|[RPCWS][SERVICE][onRecvBlockNotifier]receive block number notifier,group=group0,node=2f993327933ad58672518b6d4f63920cbc68b80f78f4d81192552ee6362f5cc81ee13bdc678ad65f06e76444cadb53b33694cfb3fc7679b8000411975fedd28a,blockNumber=2018
info|2023-07-08 12:57:15.851910|[WS]receive block notify,endpoint=127.0.0.1:20201,blk={
	"blockNumber" : 2018,
	"group" : "group0",
	"nodeName" : "2f993327933ad58672518b6d4f63920cbc68b80f78f4d81192552ee6362f5cc81ee13bdc678ad65f06e76444cadb53b33694cfb3fc7679b8000411975fedd28a"
}
info|2023-07-08 12:57:16.333584|[RPC][BLOCK][NUMBER][fromJson],group=group0,node=98a7f70ec883a722219d92253cf073a72605f4087aa3443c8e4aadc0af2dc3ac647d0fa1b5ac99cd6987abafe6d690ae71cd5fd2aeeabe7589bfb4748aabdfba,blockNumber=2019
info|2023-07-08 12:57:16.333603|[RPCWS][SERVICE][onRecvBlockNotifier]receive block number notifier,group=group0,node=98a7f70ec883a722219d92253cf073a72605f4087aa3443c8e4aadc0af2dc3ac647d0fa1b5ac99cd6987abafe6d690ae71cd5fd2aeeabe7589bfb4748aabdfba,blockNumber=2019
info|2023-07-08 12:57:16.333608|[RPCWS][SERVICE][updateGroupBlockNumber],groupID=group0,_blockNumber=2019
info|2023-07-08 12:57:16.333613|[RPCWS][SERVICE][onRecvBlockNotifier]block notifier callback,group=group0,node=98a7f70ec883a722219d92253cf073a72605f4087aa3443c8e4aadc0af2dc3ac647d0fa1b5ac99cd6987abafe6d690ae71cd5fd2aeeabe7589bfb4748aabdfba,blockNumber=2019
info|2023-07-08 12:57:16.333616|[WS]receive block notify,endpoint=127.0.0.1:20200,blk={
	"blockNumber" : 2019,
	"group" : "group0",
	"nodeName" : "98a7f70ec883a722219d92253cf073a72605f4087aa3443c8e4aadc0af2dc3ac647d0fa1b5ac99cd6987abafe6d690ae71cd5fd2aeeabe7589bfb4748aabdfba"
}
info|2023-07-08 12:57:16.366539|[RPC][BLOCK][NUMBER][fromJson],group=group0,node=2f993327933ad58672518b6d4f63920cbc68b80f78f4d81192552ee6362f5cc81ee13bdc678ad65f06e76444cadb53b33694cfb3fc7679b8000411975fedd28a,blockNumber=2019
info|2023-07-08 12:57:16.366559|[RPCWS][SERVICE][onRecvBlockNotifier]receive block number notifier,group=group0,node=2f993327933ad58672518b6d4f63920cbc68b80f78f4d81192552ee6362f5cc81ee13bdc678ad65f06e76444cadb53b33694cfb3fc7679b8000411975fedd28a,blockNumber=2019
info|2023-07-08 12:57:16.366565|[WS]receive block notify,endpoint=127.0.0.1:20201,blk={
	"blockNumber" : 2019,
	"group" : "group0",
	"nodeName" : "2f993327933ad58672518b6d4f63920cbc68b80f78f4d81192552ee6362f5cc81ee13bdc678ad65f06e76444cadb53b33694cfb3fc7679b8000411975fedd28a"
}
info|2023-07-08 12:57:16.883581|[RPC][BLOCK][NUMBER][fromJson],group=group0,node=98a7f70ec883a722219d92253cf073a72605f4087aa3443c8e4aadc0af2dc3ac647d0fa1b5ac99cd6987abafe6d690ae71cd5fd2aeeabe7589bfb4748aabdfba,blockNumber=2020
info|2023-07-08 12:57:16.883636|[RPCWS][SERVICE][onRecvBlockNotifier]receive block number notifier,group=group0,node=98a7f70ec883a722219d92253cf073a72605f4087aa3443c8e4aadc0af2dc3ac647d0fa1b5ac99cd6987abafe6d690ae71cd5fd2aeeabe7589bfb4748aabdfba,blockNumber=2020
info|2023-07-08 12:57:16.883645|[RPCWS][SERVICE][updateGroupBlockNumber],groupID=group0,_blockNumber=2020
info|2023-07-08 12:57:16.883649|[RPCWS][SERVICE][onRecvBlockNotifier]block notifier callback,group=group0,node=98a7f70ec883a722219d92253cf073a72605f4087aa3443c8e4aadc0af2dc3ac647d0fa1b5ac99cd6987abafe6d690ae71cd5fd2aeeabe7589bfb4748aabdfba,blockNumber=2020
info|2023-07-08 12:57:16.883653|[WS]receive block notify,endpoint=127.0.0.1:20200,blk={
	"blockNumber" : 2020,
	"group" : "group0",
	"nodeName" : "98a7f70ec883a722219d92253cf073a72605f4087aa3443c8e4aadc0af2dc3ac647d0fa1b5ac99cd6987abafe6d690ae71cd5fd2aeeabe7589bfb4748aabdfba"
}
info|2023-07-08 12:57:16.968970|[RPC][BLOCK][NUMBER][fromJson],group=group0,node=2f993327933ad58672518b6d4f63920cbc68b80f78f4d81192552ee6362f5cc81ee13bdc678ad65f06e76444cadb53b33694cfb3fc7679b8000411975fedd28a,blockNumber=2020
info|2023-07-08 12:57:16.969012|[RPCWS][SERVICE][onRecvBlockNotifier]receive block number notifier,group=group0,node=2f993327933ad58672518b6d4f63920cbc68b80f78f4d81192552ee6362f5cc81ee13bdc678ad65f06e76444cadb53b33694cfb3fc7679b8000411975fedd28a,blockNumber=2020
info|2023-07-08 12:57:16.969020|[WS]receive block notify,endpoint=127.0.0.1:20201,blk={
	"blockNumber" : 2020,
	"group" : "group0",
	"nodeName" : "2f993327933ad58672518b6d4f63920cbc68b80f78f4d81192552ee6362f5cc81ee13bdc678ad65f06e76444cadb53b33694cfb3fc7679b8000411975fedd28a"
}
info|2023-07-08 12:57:17.448367|[RPC][BLOCK][NUMBER][fromJson],group=group0,node=98a7f70ec883a722219d92253cf073a72605f4087aa3443c8e4aadc0af2dc3ac647d0fa1b5ac99cd6987abafe6d690ae71cd5fd2aeeabe7589bfb4748aabdfba,blockNumber=2021
info|2023-07-08 12:57:17.448387|[RPCWS][SERVICE][onRecvBlockNotifier]receive block number notifier,group=group0,node=98a7f70ec883a722219d92253cf073a72605f4087aa3443c8e4aadc0af2dc3ac647d0fa1b5ac99cd6987abafe6d690ae71cd5fd2aeeabe7589bfb4748aabdfba,blockNumber=2021
info|2023-07-08 12:57:17.448392|[RPCWS][SERVICE][updateGroupBlockNumber],groupID=group0,_blockNumber=2021
info|2023-07-08 12:57:17.448396|[RPCWS][SERVICE][onRecvBlockNotifier]block notifier callback,group=group0,node=98a7f70ec883a722219d92253cf073a72605f4087aa3443c8e4aadc0af2dc3ac647d0fa1b5ac99cd6987abafe6d690ae71cd5fd2aeeabe7589bfb4748aabdfba,blockNumber=2021
info|2023-07-08 12:57:17.448400|[WS]receive block notify,endpoint=127.0.0.1:20200,blk={
	"blockNumber" : 2021,
	"group" : "group0",
	"nodeName" : "98a7f70ec883a722219d92253cf073a72605f4087aa3443c8e4aadc0af2dc3ac647d0fa1b5ac99cd6987abafe6d690ae71cd5fd2aeeabe7589bfb4748aabdfba"
}
info|2023-07-08 12:57:17.473999|[RPC][BLOCK][NUMBER][fromJson],group=group0,node=2f993327933ad58672518b6d4f63920cbc68b80f78f4d81192552ee6362f5cc81ee13bdc678ad65f06e76444cadb53b33694cfb3fc7679b8000411975fedd28a,blockNumber=2021
info|2023-07-08 12:57:17.474019|[RPCWS][SERVICE][onRecvBlockNotifier]receive block number notifier,group=group0,node=2f993327933ad58672518b6d4f63920cbc68b80f78f4d81192552ee6362f5cc81ee13bdc678ad65f06e76444cadb53b33694cfb3fc7679b8000411975fedd28a,blockNumber=2021
info|2023-07-08 12:57:17.474026|[WS]receive block notify,endpoint=127.0.0.1:20201,blk={
	"blockNumber" : 2021,
	"group" : "group0",
	"nodeName" : "2f993327933ad58672518b6d4f63920cbc68b80f78f4d81192552ee6362f5cc81ee13bdc678ad65f06e76444cadb53b33694cfb3fc7679b8000411975fedd28a"
}
info|2023-07-08 12:57:18.024539|[RPC][BLOCK][NUMBER][fromJson],group=group0,node=98a7f70ec883a722219d92253cf073a72605f4087aa3443c8e4aadc0af2dc3ac647d0fa1b5ac99cd6987abafe6d690ae71cd5fd2aeeabe7589bfb4748aabdfba,blockNumber=2022
info|2023-07-08 12:57:18.024561|[RPCWS][SERVICE][onRecvBlockNotifier]receive block number notifier,group=group0,node=98a7f70ec883a722219d92253cf073a72605f4087aa3443c8e4aadc0af2dc3ac647d0fa1b5ac99cd6987abafe6d690ae71cd5fd2aeeabe7589bfb4748aabdfba,blockNumber=2022
info|2023-07-08 12:57:18.024565|[RPCWS][SERVICE][updateGroupBlockNumber],groupID=group0,_blockNumber=2022
info|2023-07-08 12:57:18.024570|[RPCWS][SERVICE][onRecvBlockNotifier]block notifier callback,group=group0,node=98a7f70ec883a722219d92253cf073a72605f4087aa3443c8e4aadc0af2dc3ac647d0fa1b5ac99cd6987abafe6d690ae71cd5fd2aeeabe7589bfb4748aabdfba,blockNumber=2022
info|2023-07-08 12:57:18.024573|[WS]receive block notify,endpoint=127.0.0.1:20200,blk={
	"blockNumber" : 2022,
	"group" : "group0",
	"nodeName" : "98a7f70ec883a722219d92253cf073a72605f4087aa3443c8e4aadc0af2dc3ac647d0fa1b5ac99cd6987abafe6d690ae71cd5fd2aeeabe7589bfb4748aabdfba"
}
info|2023-07-08 12:57:18.072691|[RPC][BLOCK][NUMBER][fromJson],group=group0,node=2f993327933ad58672518b6d4f63920cbc68b80f78f4d81192552ee6362f5cc81ee13bdc678ad65f06e76444cadb53b33694cfb3fc7679b8000411975fedd28a,blockNumber=2022
info|2023-07-08 12:57:18.072714|[RPCWS][SERVICE][onRecvBlockNotifier]receive block number notifier,group=group0,node=2f993327933ad58672518b6d4f63920cbc68b80f78f4d81192552ee6362f5cc81ee13bdc678ad65f06e76444cadb53b33694cfb3fc7679b8000411975fedd28a,blockNumber=2022
info|2023-07-08 12:57:18.072740|[WS]receive block notify,endpoint=127.0.0.1:20201,blk={
	"blockNumber" : 2022,
	"group" : "group0",
	"nodeName" : "2f993327933ad58672518b6d4f63920cbc68b80f78f4d81192552ee6362f5cc81ee13bdc678ad65f06e76444cadb53b33694cfb3fc7679b8000411975fedd28a"
}
info|2023-07-08 12:57:18.536230|[RPC][BLOCK][NUMBER][fromJson],group=group0,node=98a7f70ec883a722219d92253cf073a72605f4087aa3443c8e4aadc0af2dc3ac647d0fa1b5ac99cd6987abafe6d690ae71cd5fd2aeeabe7589bfb4748aabdfba,blockNumber=2023
info|2023-07-08 12:57:18.536250|[RPCWS][SERVICE][onRecvBlockNotifier]receive block number notifier,group=group0,node=98a7f70ec883a722219d92253cf073a72605f4087aa3443c8e4aadc0af2dc3ac647d0fa1b5ac99cd6987abafe6d690ae71cd5fd2aeeabe7589bfb4748aabdfba,blockNumber=2023
info|2023-07-08 12:57:18.536256|[RPCWS][SERVICE][updateGroupBlockNumber],groupID=group0,_blockNumber=2023
info|2023-07-08 12:57:18.536260|[RPCWS][SERVICE][onRecvBlockNotifier]block notifier callback,group=group0,node=98a7f70ec883a722219d92253cf073a72605f4087aa3443c8e4aadc0af2dc3ac647d0fa1b5ac99cd6987abafe6d690ae71cd5fd2aeeabe7589bfb4748aabdfba,blockNumber=2023
info|2023-07-08 12:57:18.536263|[WS]receive block notify,endpoint=127.0.0.1:20200,blk={
	"blockNumber" : 2023,
	"group" : "group0",
	"nodeName" : "98a7f70ec883a722219d92253cf073a72605f4087aa3443c8e4aadc0af2dc3ac647d0fa1b5ac99cd6987abafe6d690ae71cd5fd2aeeabe7589bfb4748aabdfba"
}
info|2023-07-08 12:57:18.658500|[RPC][BLOCK][NUMBER][fromJson],group=group0,node=2f993327933ad58672518b6d4f63920cbc68b80f78f4d81192552ee6362f5cc81ee13bdc678ad65f06e76444cadb53b33694cfb3fc7679b8000411975fedd28a,blockNumber=2023
info|2023-07-08 12:57:18.658521|[RPCWS][SERVICE][onRecvBlockNotifier]receive block number notifier,group=group0,node=2f993327933ad58672518b6d4f63920cbc68b80f78f4d81192552ee6362f5cc81ee13bdc678ad65f06e76444cadb53b33694cfb3fc7679b8000411975fedd28a,blockNumber=2023
info|2023-07-08 12:57:18.658528|[WS]receive block notify,endpoint=127.0.0.1:20201,blk={
	"blockNumber" : 2023,
	"group" : "group0",
	"nodeName" : "2f993327933ad58672518b6d4f63920cbc68b80f78f4d81192552ee6362f5cc81ee13bdc678ad65f06e76444cadb53b33694cfb3fc7679b8000411975fedd28a"
}
info|2023-07-08 12:57:19.101374|[RPC][BLOCK][NUMBER][fromJson],group=group0,node=98a7f70ec883a722219d92253cf073a72605f4087aa3443c8e4aadc0af2dc3ac647d0fa1b5ac99cd6987abafe6d690ae71cd5fd2aeeabe7589bfb4748aabdfba,blockNumber=2024
info|2023-07-08 12:57:19.101426|[RPCWS][SERVICE][onRecvBlockNotifier]receive block number notifier,group=group0,node=98a7f70ec883a722219d92253cf073a72605f4087aa3443c8e4aadc0af2dc3ac647d0fa1b5ac99cd6987abafe6d690ae71cd5fd2aeeabe7589bfb4748aabdfba,blockNumber=2024
info|2023-07-08 12:57:19.101432|[RPCWS][SERVICE][updateGroupBlockNumber],groupID=group0,_blockNumber=2024
info|2023-07-08 12:57:19.101436|[RPCWS][SERVICE][onRecvBlockNotifier]block notifier callback,group=group0,node=98a7f70ec883a722219d92253cf073a72605f4087aa3443c8e4aadc0af2dc3ac647d0fa1b5ac99cd6987abafe6d690ae71cd5fd2aeeabe7589bfb4748aabdfba,blockNumber=2024
info|2023-07-08 12:57:19.101440|[WS]receive block notify,endpoint=127.0.0.1:20200,blk={
	"blockNumber" : 2024,
	"group" : "group0",
	"nodeName" : "98a7f70ec883a722219d92253cf073a72605f4087aa3443c8e4aadc0af2dc3ac647d0fa1b5ac99cd6987abafe6d690ae71cd5fd2aeeabe7589bfb4748aabdfba"
}
info|2023-07-08 12:57:19.168902|[RPC][BLOCK][NUMBER][fromJson],group=group0,node=2f993327933ad58672518b6d4f63920cbc68b80f78f4d81192552ee6362f5cc81ee13bdc678ad65f06e76444cadb53b33694cfb3fc7679b8000411975fedd28a,blockNumber=2024
info|2023-07-08 12:57:19.168963|[RPCWS][SERVICE][onRecvBlockNotifier]receive block number notifier,group=group0,node=2f993327933ad58672518b6d4f63920cbc68b80f78f4d81192552ee6362f5cc81ee13bdc678ad65f06e76444cadb53b33694cfb3fc7679b8000411975fedd28a,blockNumber=2024
info|2023-07-08 12:57:19.169050|[WS]receive block notify,endpoint=127.0.0.1:20201,blk={
	"blockNumber" : 2024,
	"group" : "group0",
	"nodeName" : "2f993327933ad58672518b6d4f63920cbc68b80f78f4d81192552ee6362f5cc81ee13bdc678ad65f06e76444cadb53b33694cfb3fc7679b8000411975fedd28a"
}
info|2023-07-08 12:57:19.642898|[RPC][BLOCK][NUMBER][fromJson],group=group0,node=98a7f70ec883a722219d92253cf073a72605f4087aa3443c8e4aadc0af2dc3ac647d0fa1b5ac99cd6987abafe6d690ae71cd5fd2aeeabe7589bfb4748aabdfba,blockNumber=2025
info|2023-07-08 12:57:19.642984|[RPCWS][SERVICE][onRecvBlockNotifier]receive block number notifier,group=group0,node=98a7f70ec883a722219d92253cf073a72605f4087aa3443c8e4aadc0af2dc3ac647d0fa1b5ac99cd6987abafe6d690ae71cd5fd2aeeabe7589bfb4748aabdfba,blockNumber=2025
info|2023-07-08 12:57:19.642992|[RPCWS][SERVICE][updateGroupBlockNumber],groupID=group0,_blockNumber=2025
info|2023-07-08 12:57:19.642997|[RPCWS][SERVICE][onRecvBlockNotifier]block notifier callback,group=group0,node=98a7f70ec883a722219d92253cf073a72605f4087aa3443c8e4aadc0af2dc3ac647d0fa1b5ac99cd6987abafe6d690ae71cd5fd2aeeabe7589bfb4748aabdfba,blockNumber=2025
info|2023-07-08 12:57:19.643001|[WS]receive block notify,endpoint=127.0.0.1:20200,blk={
	"blockNumber" : 2025,
	"group" : "group0",
	"nodeName" : "98a7f70ec883a722219d92253cf073a72605f4087aa3443c8e4aadc0af2dc3ac647d0fa1b5ac99cd6987abafe6d690ae71cd5fd2aeeabe7589bfb4748aabdfba"
}
info|2023-07-08 12:57:19.683787|[RPC][BLOCK][NUMBER][fromJson],group=group0,node=2f993327933ad58672518b6d4f63920cbc68b80f78f4d81192552ee6362f5cc81ee13bdc678ad65f06e76444cadb53b33694cfb3fc7679b8000411975fedd28a,blockNumber=2025
info|2023-07-08 12:57:19.683810|[RPCWS][SERVICE][onRecvBlockNotifier]receive block number notifier,group=group0,node=2f993327933ad58672518b6d4f63920cbc68b80f78f4d81192552ee6362f5cc81ee13bdc678ad65f06e76444cadb53b33694cfb3fc7679b8000411975fedd28a,blockNumber=2025
info|2023-07-08 12:57:19.683818|[WS]receive block notify,endpoint=127.0.0.1:20201,blk={
	"blockNumber" : 2025,
	"group" : "group0",
	"nodeName" : "2f993327933ad58672518b6d4f63920cbc68b80f78f4d81192552ee6362f5cc81ee13bdc678ad65f06e76444cadb53b33694cfb3fc7679b8000411975fedd28a"
}
info|2023-07-08 12:57:20.243899|[RPC][BLOCK][NUMBER][fromJson],group=group0,node=98a7f70ec883a722219d92253cf073a72605f4087aa3443c8e4aadc0af2dc3ac647d0fa1b5ac99cd6987abafe6d690ae71cd5fd2aeeabe7589bfb4748aabdfba,blockNumber=2026
info|2023-07-08 12:57:20.243920|[RPCWS][SERVICE][onRecvBlockNotifier]receive block number notifier,group=group0,node=98a7f70ec883a722219d92253cf073a72605f4087aa3443c8e4aadc0af2dc3ac647d0fa1b5ac99cd6987abafe6d690ae71cd5fd2aeeabe7589bfb4748aabdfba,blockNumber=2026
info|2023-07-08 12:57:20.243925|[RPCWS][SERVICE][updateGroupBlockNumber],groupID=group0,_blockNumber=2026
info|2023-07-08 12:57:20.243929|[RPCWS][SERVICE][onRecvBlockNotifier]block notifier callback,group=group0,node=98a7f70ec883a722219d92253cf073a72605f4087aa3443c8e4aadc0af2dc3ac647d0fa1b5ac99cd6987abafe6d690ae71cd5fd2aeeabe7589bfb4748aabdfba,blockNumber=2026
info|2023-07-08 12:57:20.243932|[WS]receive block notify,endpoint=127.0.0.1:20200,blk={
	"blockNumber" : 2026,
	"group" : "group0",
	"nodeName" : "98a7f70ec883a722219d92253cf073a72605f4087aa3443c8e4aadc0af2dc3ac647d0fa1b5ac99cd6987abafe6d690ae71cd5fd2aeeabe7589bfb4748aabdfba"
}
info|2023-07-08 12:57:20.288337|[RPC][BLOCK][NUMBER][fromJson],group=group0,node=2f993327933ad58672518b6d4f63920cbc68b80f78f4d81192552ee6362f5cc81ee13bdc678ad65f06e76444cadb53b33694cfb3fc7679b8000411975fedd28a,blockNumber=2026
info|2023-07-08 12:57:20.288374|[RPCWS][SERVICE][onRecvBlockNotifier]receive block number notifier,group=group0,node=2f993327933ad58672518b6d4f63920cbc68b80f78f4d81192552ee6362f5cc81ee13bdc678ad65f06e76444cadb53b33694cfb3fc7679b8000411975fedd28a,blockNumber=2026
info|2023-07-08 12:57:20.288382|[WS]receive block notify,endpoint=127.0.0.1:20201,blk={
	"blockNumber" : 2026,
	"group" : "group0",
	"nodeName" : "2f993327933ad58672518b6d4f63920cbc68b80f78f4d81192552ee6362f5cc81ee13bdc678ad65f06e76444cadb53b33694cfb3fc7679b8000411975fedd28a"
}
info|2023-07-08 12:57:20.830541|[RPC][BLOCK][NUMBER][fromJson],group=group0,node=98a7f70ec883a722219d92253cf073a72605f4087aa3443c8e4aadc0af2dc3ac647d0fa1b5ac99cd6987abafe6d690ae71cd5fd2aeeabe7589bfb4748aabdfba,blockNumber=2027
info|2023-07-08 12:57:20.830562|[RPCWS][SERVICE][onRecvBlockNotifier]receive block number notifier,group=group0,node=98a7f70ec883a722219d92253cf073a72605f4087aa3443c8e4aadc0af2dc3ac647d0fa1b5ac99cd6987abafe6d690ae71cd5fd2aeeabe7589bfb4748aabdfba,blockNumber=2027
info|2023-07-08 12:57:20.830567|[RPCWS][SERVICE][updateGroupBlockNumber],groupID=group0,_blockNumber=2027
info|2023-07-08 12:57:20.830571|[RPCWS][SERVICE][onRecvBlockNotifier]block notifier callback,group=group0,node=98a7f70ec883a722219d92253cf073a72605f4087aa3443c8e4aadc0af2dc3ac647d0fa1b5ac99cd6987abafe6d690ae71cd5fd2aeeabe7589bfb4748aabdfba,blockNumber=2027
info|2023-07-08 12:57:20.830575|[WS]receive block notify,endpoint=127.0.0.1:20200,blk={
	"blockNumber" : 2027,
	"group" : "group0",
	"nodeName" : "98a7f70ec883a722219d92253cf073a72605f4087aa3443c8e4aadc0af2dc3ac647d0fa1b5ac99cd6987abafe6d690ae71cd5fd2aeeabe7589bfb4748aabdfba"
}
info|2023-07-08 12:57:20.870660|[RPC][BLOCK][NUMBER][fromJson],group=group0,node=2f993327933ad58672518b6d4f63920cbc68b80f78f4d81192552ee6362f5cc81ee13bdc678ad65f06e76444cadb53b33694cfb3fc7679b8000411975fedd28a,blockNumber=2027
info|2023-07-08 12:57:20.870698|[RPCWS][SERVICE][onRecvBlockNotifier]receive block number notifier,group=group0,node=2f993327933ad58672518b6d4f63920cbc68b80f78f4d81192552ee6362f5cc81ee13bdc678ad65f06e76444cadb53b33694cfb3fc7679b8000411975fedd28a,blockNumber=2027
info|2023-07-08 12:57:20.870705|[WS]receive block notify,endpoint=127.0.0.1:20201,blk={
	"blockNumber" : 2027,
	"group" : "group0",
	"nodeName" : "2f993327933ad58672518b6d4f63920cbc68b80f78f4d81192552ee6362f5cc81ee13bdc678ad65f06e76444cadb53b33694cfb3fc7679b8000411975fedd28a"
}
info|2023-07-08 12:57:21.395688|[RPC][BLOCK][NUMBER][fromJson],group=group0,node=98a7f70ec883a722219d92253cf073a72605f4087aa3443c8e4aadc0af2dc3ac647d0fa1b5ac99cd6987abafe6d690ae71cd5fd2aeeabe7589bfb4748aabdfba,blockNumber=2028
info|2023-07-08 12:57:21.395728|[RPCWS][SERVICE][onRecvBlockNotifier]receive block number notifier,group=group0,node=98a7f70ec883a722219d92253cf073a72605f4087aa3443c8e4aadc0af2dc3ac647d0fa1b5ac99cd6987abafe6d690ae71cd5fd2aeeabe7589bfb4748aabdfba,blockNumber=2028
info|2023-07-08 12:57:21.395735|[RPCWS][SERVICE][updateGroupBlockNumber],groupID=group0,_blockNumber=2028
info|2023-07-08 12:57:21.395739|[RPCWS][SERVICE][onRecvBlockNotifier]block notifier callback,group=group0,node=98a7f70ec883a722219d92253cf073a72605f4087aa3443c8e4aadc0af2dc3ac647d0fa1b5ac99cd6987abafe6d690ae71cd5fd2aeeabe7589bfb4748aabdfba,blockNumber=2028
info|2023-07-08 12:57:21.395743|[WS]receive block notify,endpoint=127.0.0.1:20200,blk={
	"blockNumber" : 2028,
	"group" : "group0",
	"nodeName" : "98a7f70ec883a722219d92253cf073a72605f4087aa3443c8e4aadc0af2dc3ac647d0fa1b5ac99cd6987abafe6d690ae71cd5fd2aeeabe7589bfb4748aabdfba"
}
info|2023-07-08 12:57:21.483679|[RPC][BLOCK][NUMBER][fromJson],group=group0,node=2f993327933ad58672518b6d4f63920cbc68b80f78f4d81192552ee6362f5cc81ee13bdc678ad65f06e76444cadb53b33694cfb3fc7679b8000411975fedd28a,blockNumber=2028
info|2023-07-08 12:57:21.483702|[RPCWS][SERVICE][onRecvBlockNotifier]receive block number notifier,group=group0,node=2f993327933ad58672518b6d4f63920cbc68b80f78f4d81192552ee6362f5cc81ee13bdc678ad65f06e76444cadb53b33694cfb3fc7679b8000411975fedd28a,blockNumber=2028
info|2023-07-08 12:57:21.483709|[WS]receive block notify,endpoint=127.0.0.1:20201,blk={
	"blockNumber" : 2028,
	"group" : "group0",
	"nodeName" : "2f993327933ad58672518b6d4f63920cbc68b80f78f4d81192552ee6362f5cc81ee13bdc678ad65f06e76444cadb53b33694cfb3fc7679b8000411975fedd28a"
}
info|2023-07-08 12:57:21.929119|[RPC][BLOCK][NUMBER][fromJson],group=group0,node=98a7f70ec883a722219d92253cf073a72605f4087aa3443c8e4aadc0af2dc3ac647d0fa1b5ac99cd6987abafe6d690ae71cd5fd2aeeabe7589bfb4748aabdfba,blockNumber=2029
info|2023-07-08 12:57:21.929139|[RPCWS][SERVICE][onRecvBlockNotifier]receive block number notifier,group=group0,node=98a7f70ec883a722219d92253cf073a72605f4087aa3443c8e4aadc0af2dc3ac647d0fa1b5ac99cd6987abafe6d690ae71cd5fd2aeeabe7589bfb4748aabdfba,blockNumber=2029
info|2023-07-08 12:57:21.929144|[RPCWS][SERVICE][updateGroupBlockNumber],groupID=group0,_blockNumber=2029
info|2023-07-08 12:57:21.929148|[RPCWS][SERVICE][onRecvBlockNotifier]block notifier callback,group=group0,node=98a7f70ec883a722219d92253cf073a72605f4087aa3443c8e4aadc0af2dc3ac647d0fa1b5ac99cd6987abafe6d690ae71cd5fd2aeeabe7589bfb4748aabdfba,blockNumber=2029
info|2023-07-08 12:57:21.929152|[WS]receive block notify,endpoint=127.0.0.1:20200,blk={
	"blockNumber" : 2029,
	"group" : "group0",
	"nodeName" : "98a7f70ec883a722219d92253cf073a72605f4087aa3443c8e4aadc0af2dc3ac647d0fa1b5ac99cd6987abafe6d690ae71cd5fd2aeeabe7589bfb4748aabdfba"
}
info|2023-07-08 12:57:22.020885|[RPC][BLOCK][NUMBER][fromJson],group=group0,node=2f993327933ad58672518b6d4f63920cbc68b80f78f4d81192552ee6362f5cc81ee13bdc678ad65f06e76444cadb53b33694cfb3fc7679b8000411975fedd28a,blockNumber=2029
info|2023-07-08 12:57:22.020915|[RPCWS][SERVICE][onRecvBlockNotifier]receive block number notifier,group=group0,node=2f993327933ad58672518b6d4f63920cbc68b80f78f4d81192552ee6362f5cc81ee13bdc678ad65f06e76444cadb53b33694cfb3fc7679b8000411975fedd28a,blockNumber=2029
info|2023-07-08 12:57:22.020922|[WS]receive block notify,endpoint=127.0.0.1:20201,blk={
	"blockNumber" : 2029,
	"group" : "group0",
	"nodeName" : "2f993327933ad58672518b6d4f63920cbc68b80f78f4d81192552ee6362f5cc81ee13bdc678ad65f06e76444cadb53b33694cfb3fc7679b8000411975fedd28a"
}
info|2023-07-08 12:57:22.544876|[RPC][BLOCK][NUMBER][fromJson],group=group0,node=98a7f70ec883a722219d92253cf073a72605f4087aa3443c8e4aadc0af2dc3ac647d0fa1b5ac99cd6987abafe6d690ae71cd5fd2aeeabe7589bfb4748aabdfba,blockNumber=2030
info|2023-07-08 12:57:22.544896|[RPCWS][SERVICE][onRecvBlockNotifier]receive block number notifier,group=group0,node=98a7f70ec883a722219d92253cf073a72605f4087aa3443c8e4aadc0af2dc3ac647d0fa1b5ac99cd6987abafe6d690ae71cd5fd2aeeabe7589bfb4748aabdfba,blockNumber=2030
info|2023-07-08 12:57:22.544900|[RPCWS][SERVICE][updateGroupBlockNumber],groupID=group0,_blockNumber=2030
info|2023-07-08 12:57:22.544904|[RPCWS][SERVICE][onRecvBlockNotifier]block notifier callback,group=group0,node=98a7f70ec883a722219d92253cf073a72605f4087aa3443c8e4aadc0af2dc3ac647d0fa1b5ac99cd6987abafe6d690ae71cd5fd2aeeabe7589bfb4748aabdfba,blockNumber=2030
info|2023-07-08 12:57:22.544908|[WS]receive block notify,endpoint=127.0.0.1:20200,blk={
	"blockNumber" : 2030,
	"group" : "group0",
	"nodeName" : "98a7f70ec883a722219d92253cf073a72605f4087aa3443c8e4aadc0af2dc3ac647d0fa1b5ac99cd6987abafe6d690ae71cd5fd2aeeabe7589bfb4748aabdfba"
}
info|2023-07-08 12:57:22.592997|[RPC][BLOCK][NUMBER][fromJson],group=group0,node=2f993327933ad58672518b6d4f63920cbc68b80f78f4d81192552ee6362f5cc81ee13bdc678ad65f06e76444cadb53b33694cfb3fc7679b8000411975fedd28a,blockNumber=2030
info|2023-07-08 12:57:22.593016|[RPCWS][SERVICE][onRecvBlockNotifier]receive block number notifier,group=group0,node=2f993327933ad58672518b6d4f63920cbc68b80f78f4d81192552ee6362f5cc81ee13bdc678ad65f06e76444cadb53b33694cfb3fc7679b8000411975fedd28a,blockNumber=2030
info|2023-07-08 12:57:22.593022|[WS]receive block notify,endpoint=127.0.0.1:20201,blk={
	"blockNumber" : 2030,
	"group" : "group0",
	"nodeName" : "2f993327933ad58672518b6d4f63920cbc68b80f78f4d81192552ee6362f5cc81ee13bdc678ad65f06e76444cadb53b33694cfb3fc7679b8000411975fedd28a"
}
info|2023-07-08 12:57:29.195233|[SDK][WS][SERVICE]connected nodes,count=2
info|2023-07-08 12:57:29.208056|[EVENT][SUB][doLoop]event sub tasks report,working event sub count=0,suspend event sub count=0
info|2023-07-08 12:57:49.195955|[SDK][WS][SERVICE]connected nodes,count=2
info|2023-07-08 12:57:49.208892|[EVENT][SUB][doLoop]event sub tasks report,working event sub count=0,suspend event sub count=0
info|2023-07-08 12:58:09.196964|[SDK][WS][SERVICE]connected nodes,count=2
info|2023-07-08 12:58:09.209898|[EVENT][SUB][doLoop]event sub tasks report,working event sub count=0,suspend event sub count=0
info|2023-07-08 12:58:29.197421|[SDK][WS][SERVICE]connected nodes,count=2
info|2023-07-08 12:58:29.210282|[EVENT][SUB][doLoop]event sub tasks report,working event sub count=0,suspend event sub count=0
info|2023-07-08 12:58:49.197646|[SDK][WS][SERVICE]connected nodes,count=2
info|2023-07-08 12:58:49.218729|[EVENT][SUB][doLoop]event sub tasks report,working event sub count=0,suspend event sub count=0
info|2023-07-08 12:59:09.198413|[SDK][WS][SERVICE]connected nodes,count=2
info|2023-07-08 12:59:09.219201|[EVENT][SUB][doLoop]event sub tasks report,working event sub count=0,suspend event sub count=0
info|2023-07-08 12:59:29.198858|[SDK][WS][SERVICE]connected nodes,count=2
info|2023-07-08 12:59:29.219271|[EVENT][SUB][doLoop]event sub tasks report,working event sub count=0,suspend event sub count=0
info|2023-07-08 12:59:49.199465|[SDK][WS][SERVICE]connected nodes,count=2
info|2023-07-08 12:59:49.219867|[EVENT][SUB][doLoop]event sub tasks report,working event sub count=0,suspend event sub count=0
