info|2023-07-10 22:00:10.858063|[EVENT][SUB][doLoop]event sub tasks report,working event sub count=0,suspend event sub count=0
info|2023-07-10 22:00:10.993314|[SDK][WS][SERVICE]connected nodes,count=2
info|2023-07-10 22:00:30.858376|[EVENT][SUB][doLoop]event sub tasks report,working event sub count=0,suspend event sub count=0
info|2023-07-10 22:00:30.994031|[SDK][WS][SERVICE]connected nodes,count=2
info|2023-07-10 22:00:50.865846|[EVENT][SUB][doLoop]event sub tasks report,working event sub count=0,suspend event sub count=0
info|2023-07-10 22:00:50.994914|[SDK][WS][SERVICE]connected nodes,count=2
info|2023-07-10 22:01:11.491325|[EVENT][SUB][doLoop]event sub tasks report,working event sub count=0,suspend event sub count=0
info|2023-07-10 22:01:11.492765|[SDK][WS][SERVICE]connected nodes,count=2
info|2023-07-10 22:01:31.491347|[EVENT][SUB][doLoop]event sub tasks report,working event sub count=0,suspend event sub count=0
info|2023-07-10 22:01:31.493280|[SDK][WS][SERVICE]connected nodes,count=2
info|2023-07-10 22:01:51.502032|[SDK][WS][SERVICE]connected nodes,count=2
info|2023-07-10 22:01:51.502703|[EVENT][SUB][doLoop]event sub tasks report,working event sub count=0,suspend event sub count=0
info|2023-07-10 22:02:11.502237|[SDK][WS][SERVICE]connected nodes,count=2
info|2023-07-10 22:02:11.503147|[EVENT][SUB][doLoop]event sub tasks report,working event sub count=0,suspend event sub count=0
info|2023-07-10 22:02:31.537523|[EVENT][SUB][doLoop]event sub tasks report,working event sub count=0,suspend event sub count=0
info|2023-07-10 22:02:31.546795|[SDK][WS][SERVICE]connected nodes,count=2
info|2023-07-10 22:02:51.537631|[EVENT][SUB][doLoop]event sub tasks report,working event sub count=0,suspend event sub count=0
info|2023-07-10 22:02:51.547354|[SDK][WS][SERVICE]connected nodes,count=2
info|2023-07-10 22:03:11.537865|[EVENT][SUB][doLoop]event sub tasks report,working event sub count=0,suspend event sub count=0
info|2023-07-10 22:03:11.547572|[SDK][WS][SERVICE]connected nodes,count=2
info|2023-07-10 22:03:31.538088|[EVENT][SUB][doLoop]event sub tasks report,working event sub count=0,suspend event sub count=0
info|2023-07-10 22:03:31.548235|[SDK][WS][SERVICE]connected nodes,count=2
info|2023-07-10 22:03:51.538597|[EVENT][SUB][doLoop]event sub tasks report,working event sub count=0,suspend event sub count=0
info|2023-07-10 22:03:51.548477|[SDK][WS][SERVICE]connected nodes,count=2
info|2023-07-10 22:04:11.704951|[EVENT][SUB][doLoop]event sub tasks report,working event sub count=0,suspend event sub count=0
info|2023-07-10 22:04:11.872393|[SDK][WS][SERVICE]connected nodes,count=2
info|2023-07-10 22:04:31.705165|[EVENT][SUB][doLoop]event sub tasks report,working event sub count=0,suspend event sub count=0
info|2023-07-10 22:04:31.872667|[SDK][WS][SERVICE]connected nodes,count=2
info|2023-07-10 22:04:51.707584|[EVENT][SUB][doLoop]event sub tasks report,working event sub count=0,suspend event sub count=0
info|2023-07-10 22:04:51.873950|[SDK][WS][SERVICE]connected nodes,count=2
info|2023-07-10 22:05:11.707644|[EVENT][SUB][doLoop]event sub tasks report,working event sub count=0,suspend event sub count=0
info|2023-07-10 22:05:11.874152|[SDK][WS][SERVICE]connected nodes,count=2
info|2023-07-10 22:05:31.707793|[EVENT][SUB][doLoop]event sub tasks report,working event sub count=0,suspend event sub count=0
info|2023-07-10 22:05:31.874702|[SDK][WS][SERVICE]connected nodes,count=2
info|2023-07-10 22:05:51.708040|[EVENT][SUB][doLoop]event sub tasks report,working event sub count=0,suspend event sub count=0
info|2023-07-10 22:05:51.875057|[SDK][WS][SERVICE]connected nodes,count=2
info|2023-07-10 22:06:11.708140|[EVENT][SUB][doLoop]event sub tasks report,working event sub count=0,suspend event sub count=0
info|2023-07-10 22:06:11.897695|[SDK][WS][SERVICE]connected nodes,count=2
info|2023-07-10 22:06:31.708655|[EVENT][SUB][doLoop]event sub tasks report,working event sub count=0,suspend event sub count=0
info|2023-07-10 22:06:31.897929|[SDK][WS][SERVICE]connected nodes,count=2
info|2023-07-10 22:06:51.710732|[EVENT][SUB][doLoop]event sub tasks report,working event sub count=0,suspend event sub count=0
info|2023-07-10 22:06:51.899763|[SDK][WS][SERVICE]connected nodes,count=2
info|2023-07-10 22:07:11.711129|[EVENT][SUB][doLoop]event sub tasks report,working event sub count=0,suspend event sub count=0
info|2023-07-10 22:07:11.900120|[SDK][WS][SERVICE]connected nodes,count=2
info|2023-07-10 22:07:31.711477|[EVENT][SUB][doLoop]event sub tasks report,working event sub count=0,suspend event sub count=0
info|2023-07-10 22:07:31.900826|[SDK][WS][SERVICE]connected nodes,count=2
info|2023-07-10 22:07:51.711984|[EVENT][SUB][doLoop]event sub tasks report,working event sub count=0,suspend event sub count=0
info|2023-07-10 22:07:51.901308|[SDK][WS][SERVICE]connected nodes,count=2
info|2023-07-10 22:08:11.712453|[EVENT][SUB][doLoop]event sub tasks report,working event sub count=0,suspend event sub count=0
info|2023-07-10 22:08:11.901769|[SDK][WS][SERVICE]connected nodes,count=2
info|2023-07-10 22:08:31.713056|[EVENT][SUB][doLoop]event sub tasks report,working event sub count=0,suspend event sub count=0
info|2023-07-10 22:08:31.901952|[SDK][WS][SERVICE]connected nodes,count=2
info|2023-07-10 22:08:51.713396|[EVENT][SUB][doLoop]event sub tasks report,working event sub count=0,suspend event sub count=0
info|2023-07-10 22:08:51.902283|[SDK][WS][SERVICE]connected nodes,count=2
info|2023-07-10 22:09:11.715022|[EVENT][SUB][doLoop]event sub tasks report,working event sub count=0,suspend event sub count=0
info|2023-07-10 22:09:11.902582|[SDK][WS][SERVICE]connected nodes,count=2
info|2023-07-10 22:09:31.715128|[EVENT][SUB][doLoop]event sub tasks report,working event sub count=0,suspend event sub count=0
info|2023-07-10 22:09:31.906198|[SDK][WS][SERVICE]connected nodes,count=2
info|2023-07-10 22:09:51.715487|[EVENT][SUB][doLoop]event sub tasks report,working event sub count=0,suspend event sub count=0
info|2023-07-10 22:09:51.906768|[SDK][WS][SERVICE]connected nodes,count=2
info|2023-07-10 22:10:11.718187|[EVENT][SUB][doLoop]event sub tasks report,working event sub count=0,suspend event sub count=0
info|2023-07-10 22:10:11.908033|[SDK][WS][SERVICE]connected nodes,count=2
info|2023-07-10 22:10:31.718294|[EVENT][SUB][doLoop]event sub tasks report,working event sub count=0,suspend event sub count=0
info|2023-07-10 22:10:31.909884|[SDK][WS][SERVICE]connected nodes,count=2
info|2023-07-10 22:10:51.718746|[EVENT][SUB][doLoop]event sub tasks report,working event sub count=0,suspend event sub count=0
info|2023-07-10 22:10:51.910990|[SDK][WS][SERVICE]connected nodes,count=2
info|2023-07-10 22:11:11.718838|[EVENT][SUB][doLoop]event sub tasks report,working event sub count=0,suspend event sub count=0
info|2023-07-10 22:11:11.912045|[SDK][WS][SERVICE]connected nodes,count=2
info|2023-07-10 22:11:31.719237|[EVENT][SUB][doLoop]event sub tasks report,working event sub count=0,suspend event sub count=0
info|2023-07-10 22:11:31.912496|[SDK][WS][SERVICE]connected nodes,count=2
info|2023-07-10 22:11:51.720461|[EVENT][SUB][doLoop]event sub tasks report,working event sub count=0,suspend event sub count=0
info|2023-07-10 22:11:51.927481|[SDK][WS][SERVICE]connected nodes,count=2
info|2023-07-10 22:12:11.720612|[EVENT][SUB][doLoop]event sub tasks report,working event sub count=0,suspend event sub count=0
info|2023-07-10 22:12:11.928722|[SDK][WS][SERVICE]connected nodes,count=2
info|2023-07-10 22:12:31.721213|[EVENT][SUB][doLoop]event sub tasks report,working event sub count=0,suspend event sub count=0
info|2023-07-10 22:12:31.929052|[SDK][WS][SERVICE]connected nodes,count=2
info|2023-07-10 22:12:51.721283|[EVENT][SUB][doLoop]event sub tasks report,working event sub count=0,suspend event sub count=0
info|2023-07-10 22:12:51.929204|[SDK][WS][SERVICE]connected nodes,count=2
info|2023-07-10 22:13:11.722349|[EVENT][SUB][doLoop]event sub tasks report,working event sub count=0,suspend event sub count=0
info|2023-07-10 22:13:12.457492|[SDK][WS][SERVICE]connected nodes,count=2
info|2023-07-10 22:13:31.722780|[EVENT][SUB][doLoop]event sub tasks report,working event sub count=0,suspend event sub count=0
info|2023-07-10 22:13:32.457980|[SDK][WS][SERVICE]connected nodes,count=2
info|2023-07-10 22:13:51.723024|[EVENT][SUB][doLoop]event sub tasks report,working event sub count=0,suspend event sub count=0
info|2023-07-10 22:13:52.458391|[SDK][WS][SERVICE]connected nodes,count=2
info|2023-07-10 22:14:11.733479|[EVENT][SUB][doLoop]event sub tasks report,working event sub count=0,suspend event sub count=0
info|2023-07-10 22:14:12.475075|[SDK][WS][SERVICE]connected nodes,count=2
info|2023-07-10 22:14:31.733605|[EVENT][SUB][doLoop]event sub tasks report,working event sub count=0,suspend event sub count=0
info|2023-07-10 22:14:32.475163|[SDK][WS][SERVICE]connected nodes,count=2
info|2023-07-10 22:14:51.734071|[EVENT][SUB][doLoop]event sub tasks report,working event sub count=0,suspend event sub count=0
info|2023-07-10 22:14:52.475348|[SDK][WS][SERVICE]connected nodes,count=2
info|2023-07-10 22:15:11.737394|[EVENT][SUB][doLoop]event sub tasks report,working event sub count=0,suspend event sub count=0
info|2023-07-10 22:15:12.475773|[SDK][WS][SERVICE]connected nodes,count=2
info|2023-07-10 22:15:31.737529|[EVENT][SUB][doLoop]event sub tasks report,working event sub count=0,suspend event sub count=0
info|2023-07-10 22:15:32.476028|[SDK][WS][SERVICE]connected nodes,count=2
info|2023-07-10 22:15:51.738561|[EVENT][SUB][doLoop]event sub tasks report,working event sub count=0,suspend event sub count=0
info|2023-07-10 22:15:52.494464|[SDK][WS][SERVICE]connected nodes,count=2
info|2023-07-10 22:16:11.740092|[EVENT][SUB][doLoop]event sub tasks report,working event sub count=0,suspend event sub count=0
info|2023-07-10 22:16:12.497920|[SDK][WS][SERVICE]connected nodes,count=2
info|2023-07-10 22:16:31.740161|[EVENT][SUB][doLoop]event sub tasks report,working event sub count=0,suspend event sub count=0
info|2023-07-10 22:16:32.498949|[SDK][WS][SERVICE]connected nodes,count=2
info|2023-07-10 22:16:51.745298|[EVENT][SUB][doLoop]event sub tasks report,working event sub count=0,suspend event sub count=0
info|2023-07-10 22:16:52.503172|[SDK][WS][SERVICE]connected nodes,count=2
info|2023-07-10 22:17:11.751513|[EVENT][SUB][doLoop]event sub tasks report,working event sub count=0,suspend event sub count=0
info|2023-07-10 22:17:12.522040|[SDK][WS][SERVICE]connected nodes,count=2
info|2023-07-10 22:17:12.706945|[RPC][BLOCK][NUMBER][fromJson],group=group0,node=2f993327933ad58672518b6d4f63920cbc68b80f78f4d81192552ee6362f5cc81ee13bdc678ad65f06e76444cadb53b33694cfb3fc7679b8000411975fedd28a,blockNumber=3111
info|2023-07-10 22:17:12.706988|[RPCWS][SERVICE][onRecvBlockNotifier]receive block number notifier,group=group0,node=2f993327933ad58672518b6d4f63920cbc68b80f78f4d81192552ee6362f5cc81ee13bdc678ad65f06e76444cadb53b33694cfb3fc7679b8000411975fedd28a,blockNumber=3111
info|2023-07-10 22:17:12.707015|[RPCWS][SERVICE][updateGroupBlockNumber],groupID=group0,_blockNumber=3111
info|2023-07-10 22:17:12.707061|[RPCWS][SERVICE][onRecvBlockNotifier]block notifier callback,group=group0,node=2f993327933ad58672518b6d4f63920cbc68b80f78f4d81192552ee6362f5cc81ee13bdc678ad65f06e76444cadb53b33694cfb3fc7679b8000411975fedd28a,blockNumber=3111
info|2023-07-10 22:17:12.707070|[WS]receive block notify,endpoint=127.0.0.1:20201,blk={
	"blockNumber" : 3111,
	"group" : "group0",
	"nodeName" : "2f993327933ad58672518b6d4f63920cbc68b80f78f4d81192552ee6362f5cc81ee13bdc678ad65f06e76444cadb53b33694cfb3fc7679b8000411975fedd28a"
}
info|2023-07-10 22:17:12.708909|[RPC][BLOCK][NUMBER][fromJson],group=group0,node=98a7f70ec883a722219d92253cf073a72605f4087aa3443c8e4aadc0af2dc3ac647d0fa1b5ac99cd6987abafe6d690ae71cd5fd2aeeabe7589bfb4748aabdfba,blockNumber=3111
info|2023-07-10 22:17:12.708932|[RPCWS][SERVICE][onRecvBlockNotifier]receive block number notifier,group=group0,node=98a7f70ec883a722219d92253cf073a72605f4087aa3443c8e4aadc0af2dc3ac647d0fa1b5ac99cd6987abafe6d690ae71cd5fd2aeeabe7589bfb4748aabdfba,blockNumber=3111
info|2023-07-10 22:17:12.708939|[WS]receive block notify,endpoint=127.0.0.1:20200,blk={
	"blockNumber" : 3111,
	"group" : "group0",
	"nodeName" : "98a7f70ec883a722219d92253cf073a72605f4087aa3443c8e4aadc0af2dc3ac647d0fa1b5ac99cd6987abafe6d690ae71cd5fd2aeeabe7589bfb4748aabdfba"
}
info|2023-07-10 22:17:13.145363|[RPC][BLOCK][NUMBER][fromJson],group=group0,node=2f993327933ad58672518b6d4f63920cbc68b80f78f4d81192552ee6362f5cc81ee13bdc678ad65f06e76444cadb53b33694cfb3fc7679b8000411975fedd28a,blockNumber=3112
info|2023-07-10 22:17:13.145433|[RPCWS][SERVICE][onRecvBlockNotifier]receive block number notifier,group=group0,node=2f993327933ad58672518b6d4f63920cbc68b80f78f4d81192552ee6362f5cc81ee13bdc678ad65f06e76444cadb53b33694cfb3fc7679b8000411975fedd28a,blockNumber=3112
info|2023-07-10 22:17:13.145443|[RPCWS][SERVICE][updateGroupBlockNumber],groupID=group0,_blockNumber=3112
info|2023-07-10 22:17:13.145450|[RPCWS][SERVICE][onRecvBlockNotifier]block notifier callback,group=group0,node=2f993327933ad58672518b6d4f63920cbc68b80f78f4d81192552ee6362f5cc81ee13bdc678ad65f06e76444cadb53b33694cfb3fc7679b8000411975fedd28a,blockNumber=3112
info|2023-07-10 22:17:13.145456|[WS]receive block notify,endpoint=127.0.0.1:20201,blk={
	"blockNumber" : 3112,
	"group" : "group0",
	"nodeName" : "2f993327933ad58672518b6d4f63920cbc68b80f78f4d81192552ee6362f5cc81ee13bdc678ad65f06e76444cadb53b33694cfb3fc7679b8000411975fedd28a"
}
info|2023-07-10 22:17:13.156964|[RPC][BLOCK][NUMBER][fromJson],group=group0,node=98a7f70ec883a722219d92253cf073a72605f4087aa3443c8e4aadc0af2dc3ac647d0fa1b5ac99cd6987abafe6d690ae71cd5fd2aeeabe7589bfb4748aabdfba,blockNumber=3112
info|2023-07-10 22:17:13.156990|[RPCWS][SERVICE][onRecvBlockNotifier]receive block number notifier,group=group0,node=98a7f70ec883a722219d92253cf073a72605f4087aa3443c8e4aadc0af2dc3ac647d0fa1b5ac99cd6987abafe6d690ae71cd5fd2aeeabe7589bfb4748aabdfba,blockNumber=3112
info|2023-07-10 22:17:13.156999|[WS]receive block notify,endpoint=127.0.0.1:20200,blk={
	"blockNumber" : 3112,
	"group" : "group0",
	"nodeName" : "98a7f70ec883a722219d92253cf073a72605f4087aa3443c8e4aadc0af2dc3ac647d0fa1b5ac99cd6987abafe6d690ae71cd5fd2aeeabe7589bfb4748aabdfba"
}
info|2023-07-10 22:17:13.967876|[RPC][BLOCK][NUMBER][fromJson],group=group0,node=2f993327933ad58672518b6d4f63920cbc68b80f78f4d81192552ee6362f5cc81ee13bdc678ad65f06e76444cadb53b33694cfb3fc7679b8000411975fedd28a,blockNumber=3113
info|2023-07-10 22:17:13.967974|[RPCWS][SERVICE][onRecvBlockNotifier]receive block number notifier,group=group0,node=2f993327933ad58672518b6d4f63920cbc68b80f78f4d81192552ee6362f5cc81ee13bdc678ad65f06e76444cadb53b33694cfb3fc7679b8000411975fedd28a,blockNumber=3113
info|2023-07-10 22:17:13.968022|[RPCWS][SERVICE][updateGroupBlockNumber],groupID=group0,_blockNumber=3113
info|2023-07-10 22:17:13.968034|[RPCWS][SERVICE][onRecvBlockNotifier]block notifier callback,group=group0,node=2f993327933ad58672518b6d4f63920cbc68b80f78f4d81192552ee6362f5cc81ee13bdc678ad65f06e76444cadb53b33694cfb3fc7679b8000411975fedd28a,blockNumber=3113
info|2023-07-10 22:17:13.968043|[WS]receive block notify,endpoint=127.0.0.1:20201,blk={
	"blockNumber" : 3113,
	"group" : "group0",
	"nodeName" : "2f993327933ad58672518b6d4f63920cbc68b80f78f4d81192552ee6362f5cc81ee13bdc678ad65f06e76444cadb53b33694cfb3fc7679b8000411975fedd28a"
}
info|2023-07-10 22:17:14.154049|[RPC][BLOCK][NUMBER][fromJson],group=group0,node=98a7f70ec883a722219d92253cf073a72605f4087aa3443c8e4aadc0af2dc3ac647d0fa1b5ac99cd6987abafe6d690ae71cd5fd2aeeabe7589bfb4748aabdfba,blockNumber=3113
info|2023-07-10 22:17:14.154074|[RPCWS][SERVICE][onRecvBlockNotifier]receive block number notifier,group=group0,node=98a7f70ec883a722219d92253cf073a72605f4087aa3443c8e4aadc0af2dc3ac647d0fa1b5ac99cd6987abafe6d690ae71cd5fd2aeeabe7589bfb4748aabdfba,blockNumber=3113
info|2023-07-10 22:17:14.154082|[WS]receive block notify,endpoint=127.0.0.1:20200,blk={
	"blockNumber" : 3113,
	"group" : "group0",
	"nodeName" : "98a7f70ec883a722219d92253cf073a72605f4087aa3443c8e4aadc0af2dc3ac647d0fa1b5ac99cd6987abafe6d690ae71cd5fd2aeeabe7589bfb4748aabdfba"
}
info|2023-07-10 22:17:14.495249|[RPC][BLOCK][NUMBER][fromJson],group=group0,node=98a7f70ec883a722219d92253cf073a72605f4087aa3443c8e4aadc0af2dc3ac647d0fa1b5ac99cd6987abafe6d690ae71cd5fd2aeeabe7589bfb4748aabdfba,blockNumber=3114
info|2023-07-10 22:17:14.495293|[RPCWS][SERVICE][onRecvBlockNotifier]receive block number notifier,group=group0,node=98a7f70ec883a722219d92253cf073a72605f4087aa3443c8e4aadc0af2dc3ac647d0fa1b5ac99cd6987abafe6d690ae71cd5fd2aeeabe7589bfb4748aabdfba,blockNumber=3114
info|2023-07-10 22:17:14.495362|[RPCWS][SERVICE][updateGroupBlockNumber],groupID=group0,_blockNumber=3114
info|2023-07-10 22:17:14.495478|[RPCWS][SERVICE][onRecvBlockNotifier]block notifier callback,group=group0,node=98a7f70ec883a722219d92253cf073a72605f4087aa3443c8e4aadc0af2dc3ac647d0fa1b5ac99cd6987abafe6d690ae71cd5fd2aeeabe7589bfb4748aabdfba,blockNumber=3114
info|2023-07-10 22:17:14.495502|[WS]receive block notify,endpoint=127.0.0.1:20200,blk={
	"blockNumber" : 3114,
	"group" : "group0",
	"nodeName" : "98a7f70ec883a722219d92253cf073a72605f4087aa3443c8e4aadc0af2dc3ac647d0fa1b5ac99cd6987abafe6d690ae71cd5fd2aeeabe7589bfb4748aabdfba"
}
info|2023-07-10 22:17:14.552087|[RPC][BLOCK][NUMBER][fromJson],group=group0,node=2f993327933ad58672518b6d4f63920cbc68b80f78f4d81192552ee6362f5cc81ee13bdc678ad65f06e76444cadb53b33694cfb3fc7679b8000411975fedd28a,blockNumber=3114
info|2023-07-10 22:17:14.552129|[RPCWS][SERVICE][onRecvBlockNotifier]receive block number notifier,group=group0,node=2f993327933ad58672518b6d4f63920cbc68b80f78f4d81192552ee6362f5cc81ee13bdc678ad65f06e76444cadb53b33694cfb3fc7679b8000411975fedd28a,blockNumber=3114
info|2023-07-10 22:17:14.552145|[WS]receive block notify,endpoint=127.0.0.1:20201,blk={
	"blockNumber" : 3114,
	"group" : "group0",
	"nodeName" : "2f993327933ad58672518b6d4f63920cbc68b80f78f4d81192552ee6362f5cc81ee13bdc678ad65f06e76444cadb53b33694cfb3fc7679b8000411975fedd28a"
}
info|2023-07-10 22:17:15.378049|[RPC][BLOCK][NUMBER][fromJson],group=group0,node=2f993327933ad58672518b6d4f63920cbc68b80f78f4d81192552ee6362f5cc81ee13bdc678ad65f06e76444cadb53b33694cfb3fc7679b8000411975fedd28a,blockNumber=3115
info|2023-07-10 22:17:15.378074|[RPCWS][SERVICE][onRecvBlockNotifier]receive block number notifier,group=group0,node=2f993327933ad58672518b6d4f63920cbc68b80f78f4d81192552ee6362f5cc81ee13bdc678ad65f06e76444cadb53b33694cfb3fc7679b8000411975fedd28a,blockNumber=3115
info|2023-07-10 22:17:15.378079|[RPCWS][SERVICE][updateGroupBlockNumber],groupID=group0,_blockNumber=3115
info|2023-07-10 22:17:15.378083|[RPCWS][SERVICE][onRecvBlockNotifier]block notifier callback,group=group0,node=2f993327933ad58672518b6d4f63920cbc68b80f78f4d81192552ee6362f5cc81ee13bdc678ad65f06e76444cadb53b33694cfb3fc7679b8000411975fedd28a,blockNumber=3115
info|2023-07-10 22:17:15.378087|[WS]receive block notify,endpoint=127.0.0.1:20201,blk={
	"blockNumber" : 3115,
	"group" : "group0",
	"nodeName" : "2f993327933ad58672518b6d4f63920cbc68b80f78f4d81192552ee6362f5cc81ee13bdc678ad65f06e76444cadb53b33694cfb3fc7679b8000411975fedd28a"
}
info|2023-07-10 22:17:15.433842|[RPC][BLOCK][NUMBER][fromJson],group=group0,node=98a7f70ec883a722219d92253cf073a72605f4087aa3443c8e4aadc0af2dc3ac647d0fa1b5ac99cd6987abafe6d690ae71cd5fd2aeeabe7589bfb4748aabdfba,blockNumber=3115
info|2023-07-10 22:17:15.433875|[RPCWS][SERVICE][onRecvBlockNotifier]receive block number notifier,group=group0,node=98a7f70ec883a722219d92253cf073a72605f4087aa3443c8e4aadc0af2dc3ac647d0fa1b5ac99cd6987abafe6d690ae71cd5fd2aeeabe7589bfb4748aabdfba,blockNumber=3115
info|2023-07-10 22:17:15.433883|[WS]receive block notify,endpoint=127.0.0.1:20200,blk={
	"blockNumber" : 3115,
	"group" : "group0",
	"nodeName" : "98a7f70ec883a722219d92253cf073a72605f4087aa3443c8e4aadc0af2dc3ac647d0fa1b5ac99cd6987abafe6d690ae71cd5fd2aeeabe7589bfb4748aabdfba"
}
info|2023-07-10 22:17:15.867713|[RPC][BLOCK][NUMBER][fromJson],group=group0,node=2f993327933ad58672518b6d4f63920cbc68b80f78f4d81192552ee6362f5cc81ee13bdc678ad65f06e76444cadb53b33694cfb3fc7679b8000411975fedd28a,blockNumber=3116
info|2023-07-10 22:17:15.867740|[RPCWS][SERVICE][onRecvBlockNotifier]receive block number notifier,group=group0,node=2f993327933ad58672518b6d4f63920cbc68b80f78f4d81192552ee6362f5cc81ee13bdc678ad65f06e76444cadb53b33694cfb3fc7679b8000411975fedd28a,blockNumber=3116
info|2023-07-10 22:17:15.867748|[RPCWS][SERVICE][updateGroupBlockNumber],groupID=group0,_blockNumber=3116
info|2023-07-10 22:17:15.867755|[RPCWS][SERVICE][onRecvBlockNotifier]block notifier callback,group=group0,node=2f993327933ad58672518b6d4f63920cbc68b80f78f4d81192552ee6362f5cc81ee13bdc678ad65f06e76444cadb53b33694cfb3fc7679b8000411975fedd28a,blockNumber=3116
info|2023-07-10 22:17:15.867761|[WS]receive block notify,endpoint=127.0.0.1:20201,blk={
	"blockNumber" : 3116,
	"group" : "group0",
	"nodeName" : "2f993327933ad58672518b6d4f63920cbc68b80f78f4d81192552ee6362f5cc81ee13bdc678ad65f06e76444cadb53b33694cfb3fc7679b8000411975fedd28a"
}
info|2023-07-10 22:17:15.932391|[RPC][BLOCK][NUMBER][fromJson],group=group0,node=98a7f70ec883a722219d92253cf073a72605f4087aa3443c8e4aadc0af2dc3ac647d0fa1b5ac99cd6987abafe6d690ae71cd5fd2aeeabe7589bfb4748aabdfba,blockNumber=3116
info|2023-07-10 22:17:15.932432|[RPCWS][SERVICE][onRecvBlockNotifier]receive block number notifier,group=group0,node=98a7f70ec883a722219d92253cf073a72605f4087aa3443c8e4aadc0af2dc3ac647d0fa1b5ac99cd6987abafe6d690ae71cd5fd2aeeabe7589bfb4748aabdfba,blockNumber=3116
info|2023-07-10 22:17:15.932440|[WS]receive block notify,endpoint=127.0.0.1:20200,blk={
	"blockNumber" : 3116,
	"group" : "group0",
	"nodeName" : "98a7f70ec883a722219d92253cf073a72605f4087aa3443c8e4aadc0af2dc3ac647d0fa1b5ac99cd6987abafe6d690ae71cd5fd2aeeabe7589bfb4748aabdfba"
}
info|2023-07-10 22:17:16.951642|[RPC][BLOCK][NUMBER][fromJson],group=group0,node=2f993327933ad58672518b6d4f63920cbc68b80f78f4d81192552ee6362f5cc81ee13bdc678ad65f06e76444cadb53b33694cfb3fc7679b8000411975fedd28a,blockNumber=3117
info|2023-07-10 22:17:16.951746|[RPCWS][SERVICE][onRecvBlockNotifier]receive block number notifier,group=group0,node=2f993327933ad58672518b6d4f63920cbc68b80f78f4d81192552ee6362f5cc81ee13bdc678ad65f06e76444cadb53b33694cfb3fc7679b8000411975fedd28a,blockNumber=3117
info|2023-07-10 22:17:16.951760|[RPCWS][SERVICE][updateGroupBlockNumber],groupID=group0,_blockNumber=3117
info|2023-07-10 22:17:16.951767|[RPCWS][SERVICE][onRecvBlockNotifier]block notifier callback,group=group0,node=2f993327933ad58672518b6d4f63920cbc68b80f78f4d81192552ee6362f5cc81ee13bdc678ad65f06e76444cadb53b33694cfb3fc7679b8000411975fedd28a,blockNumber=3117
info|2023-07-10 22:17:16.951774|[WS]receive block notify,endpoint=127.0.0.1:20201,blk={
	"blockNumber" : 3117,
	"group" : "group0",
	"nodeName" : "2f993327933ad58672518b6d4f63920cbc68b80f78f4d81192552ee6362f5cc81ee13bdc678ad65f06e76444cadb53b33694cfb3fc7679b8000411975fedd28a"
}
info|2023-07-10 22:17:17.278851|[RPC][BLOCK][NUMBER][fromJson],group=group0,node=98a7f70ec883a722219d92253cf073a72605f4087aa3443c8e4aadc0af2dc3ac647d0fa1b5ac99cd6987abafe6d690ae71cd5fd2aeeabe7589bfb4748aabdfba,blockNumber=3117
info|2023-07-10 22:17:17.278970|[RPCWS][SERVICE][onRecvBlockNotifier]receive block number notifier,group=group0,node=98a7f70ec883a722219d92253cf073a72605f4087aa3443c8e4aadc0af2dc3ac647d0fa1b5ac99cd6987abafe6d690ae71cd5fd2aeeabe7589bfb4748aabdfba,blockNumber=3117
info|2023-07-10 22:17:17.278998|[WS]receive block notify,endpoint=127.0.0.1:20200,blk={
	"blockNumber" : 3117,
	"group" : "group0",
	"nodeName" : "98a7f70ec883a722219d92253cf073a72605f4087aa3443c8e4aadc0af2dc3ac647d0fa1b5ac99cd6987abafe6d690ae71cd5fd2aeeabe7589bfb4748aabdfba"
}
info|2023-07-10 22:17:17.331006|[RPC][BLOCK][NUMBER][fromJson],group=group0,node=2f993327933ad58672518b6d4f63920cbc68b80f78f4d81192552ee6362f5cc81ee13bdc678ad65f06e76444cadb53b33694cfb3fc7679b8000411975fedd28a,blockNumber=3118
info|2023-07-10 22:17:17.331027|[RPCWS][SERVICE][onRecvBlockNotifier]receive block number notifier,group=group0,node=2f993327933ad58672518b6d4f63920cbc68b80f78f4d81192552ee6362f5cc81ee13bdc678ad65f06e76444cadb53b33694cfb3fc7679b8000411975fedd28a,blockNumber=3118
info|2023-07-10 22:17:17.331032|[RPCWS][SERVICE][updateGroupBlockNumber],groupID=group0,_blockNumber=3118
info|2023-07-10 22:17:17.331036|[RPCWS][SERVICE][onRecvBlockNotifier]block notifier callback,group=group0,node=2f993327933ad58672518b6d4f63920cbc68b80f78f4d81192552ee6362f5cc81ee13bdc678ad65f06e76444cadb53b33694cfb3fc7679b8000411975fedd28a,blockNumber=3118
info|2023-07-10 22:17:17.331039|[WS]receive block notify,endpoint=127.0.0.1:20201,blk={
	"blockNumber" : 3118,
	"group" : "group0",
	"nodeName" : "2f993327933ad58672518b6d4f63920cbc68b80f78f4d81192552ee6362f5cc81ee13bdc678ad65f06e76444cadb53b33694cfb3fc7679b8000411975fedd28a"
}
info|2023-07-10 22:17:17.471749|[RPC][BLOCK][NUMBER][fromJson],group=group0,node=98a7f70ec883a722219d92253cf073a72605f4087aa3443c8e4aadc0af2dc3ac647d0fa1b5ac99cd6987abafe6d690ae71cd5fd2aeeabe7589bfb4748aabdfba,blockNumber=3118
info|2023-07-10 22:17:17.471769|[RPCWS][SERVICE][onRecvBlockNotifier]receive block number notifier,group=group0,node=98a7f70ec883a722219d92253cf073a72605f4087aa3443c8e4aadc0af2dc3ac647d0fa1b5ac99cd6987abafe6d690ae71cd5fd2aeeabe7589bfb4748aabdfba,blockNumber=3118
info|2023-07-10 22:17:17.471776|[WS]receive block notify,endpoint=127.0.0.1:20200,blk={
	"blockNumber" : 3118,
	"group" : "group0",
	"nodeName" : "98a7f70ec883a722219d92253cf073a72605f4087aa3443c8e4aadc0af2dc3ac647d0fa1b5ac99cd6987abafe6d690ae71cd5fd2aeeabe7589bfb4748aabdfba"
}
info|2023-07-10 22:17:31.752833|[EVENT][SUB][doLoop]event sub tasks report,working event sub count=0,suspend event sub count=0
info|2023-07-10 22:17:32.522259|[SDK][WS][SERVICE]connected nodes,count=2
info|2023-07-10 22:17:51.753173|[EVENT][SUB][doLoop]event sub tasks report,working event sub count=0,suspend event sub count=0
info|2023-07-10 22:17:52.522531|[SDK][WS][SERVICE]connected nodes,count=2
info|2023-07-10 22:18:11.753348|[EVENT][SUB][doLoop]event sub tasks report,working event sub count=0,suspend event sub count=0
info|2023-07-10 22:18:12.522983|[SDK][WS][SERVICE]connected nodes,count=2
info|2023-07-10 22:18:31.753495|[EVENT][SUB][doLoop]event sub tasks report,working event sub count=0,suspend event sub count=0
info|2023-07-10 22:18:32.523596|[SDK][WS][SERVICE]connected nodes,count=2
info|2023-07-10 22:18:51.754564|[EVENT][SUB][doLoop]event sub tasks report,working event sub count=0,suspend event sub count=0
info|2023-07-10 22:18:52.524545|[SDK][WS][SERVICE]connected nodes,count=2
info|2023-07-10 22:19:11.772176|[EVENT][SUB][doLoop]event sub tasks report,working event sub count=0,suspend event sub count=0
info|2023-07-10 22:19:12.559090|[SDK][WS][SERVICE]connected nodes,count=2
info|2023-07-10 22:19:31.772236|[EVENT][SUB][doLoop]event sub tasks report,working event sub count=0,suspend event sub count=0
info|2023-07-10 22:19:32.559480|[SDK][WS][SERVICE]connected nodes,count=2
info|2023-07-10 22:19:51.772663|[EVENT][SUB][doLoop]event sub tasks report,working event sub count=0,suspend event sub count=0
info|2023-07-10 22:19:52.559926|[SDK][WS][SERVICE]connected nodes,count=2
info|2023-07-10 22:20:11.773262|[EVENT][SUB][doLoop]event sub tasks report,working event sub count=0,suspend event sub count=0
info|2023-07-10 22:20:12.560614|[SDK][WS][SERVICE]connected nodes,count=2
info|2023-07-10 22:20:31.773935|[EVENT][SUB][doLoop]event sub tasks report,working event sub count=0,suspend event sub count=0
info|2023-07-10 22:20:32.561336|[SDK][WS][SERVICE]connected nodes,count=2
info|2023-07-10 22:20:51.776816|[EVENT][SUB][doLoop]event sub tasks report,working event sub count=0,suspend event sub count=0
info|2023-07-10 22:20:52.561580|[SDK][WS][SERVICE]connected nodes,count=2
info|2023-07-10 22:21:11.777247|[EVENT][SUB][doLoop]event sub tasks report,working event sub count=0,suspend event sub count=0
info|2023-07-10 22:21:12.561753|[SDK][WS][SERVICE]connected nodes,count=2
info|2023-07-10 22:21:31.777518|[EVENT][SUB][doLoop]event sub tasks report,working event sub count=0,suspend event sub count=0
info|2023-07-10 22:21:32.561897|[SDK][WS][SERVICE]connected nodes,count=2
info|2023-07-10 22:21:51.778058|[EVENT][SUB][doLoop]event sub tasks report,working event sub count=0,suspend event sub count=0
info|2023-07-10 22:21:52.562112|[SDK][WS][SERVICE]connected nodes,count=2
info|2023-07-10 22:22:11.784978|[EVENT][SUB][doLoop]event sub tasks report,working event sub count=0,suspend event sub count=0
info|2023-07-10 22:22:12.562763|[SDK][WS][SERVICE]connected nodes,count=2
info|2023-07-10 22:22:31.785017|[EVENT][SUB][doLoop]event sub tasks report,working event sub count=0,suspend event sub count=0
info|2023-07-10 22:22:32.565890|[SDK][WS][SERVICE]connected nodes,count=2
info|2023-07-10 22:22:51.785481|[EVENT][SUB][doLoop]event sub tasks report,working event sub count=0,suspend event sub count=0
info|2023-07-10 22:22:52.571161|[SDK][WS][SERVICE]connected nodes,count=2
info|2023-07-10 22:23:11.785612|[EVENT][SUB][doLoop]event sub tasks report,working event sub count=0,suspend event sub count=0
info|2023-07-10 22:23:12.571770|[SDK][WS][SERVICE]connected nodes,count=2
info|2023-07-10 22:23:31.785783|[EVENT][SUB][doLoop]event sub tasks report,working event sub count=0,suspend event sub count=0
info|2023-07-10 22:23:32.573460|[SDK][WS][SERVICE]connected nodes,count=2
info|2023-07-10 22:23:51.785932|[EVENT][SUB][doLoop]event sub tasks report,working event sub count=0,suspend event sub count=0
info|2023-07-10 22:23:52.574283|[SDK][WS][SERVICE]connected nodes,count=2
info|2023-07-10 22:24:11.810281|[EVENT][SUB][doLoop]event sub tasks report,working event sub count=0,suspend event sub count=0
info|2023-07-10 22:24:12.575065|[SDK][WS][SERVICE]connected nodes,count=2
info|2023-07-10 22:24:31.811221|[EVENT][SUB][doLoop]event sub tasks report,working event sub count=0,suspend event sub count=0
info|2023-07-10 22:24:32.583749|[SDK][WS][SERVICE]connected nodes,count=2
info|2023-07-10 22:24:51.811680|[EVENT][SUB][doLoop]event sub tasks report,working event sub count=0,suspend event sub count=0
info|2023-07-10 22:24:52.584005|[SDK][WS][SERVICE]connected nodes,count=2
info|2023-07-10 22:25:11.811947|[EVENT][SUB][doLoop]event sub tasks report,working event sub count=0,suspend event sub count=0
info|2023-07-10 22:25:12.585981|[SDK][WS][SERVICE]connected nodes,count=2
info|2023-07-10 22:25:31.812872|[EVENT][SUB][doLoop]event sub tasks report,working event sub count=0,suspend event sub count=0
info|2023-07-10 22:25:32.586301|[SDK][WS][SERVICE]connected nodes,count=2
info|2023-07-10 22:25:51.812971|[EVENT][SUB][doLoop]event sub tasks report,working event sub count=0,suspend event sub count=0
info|2023-07-10 22:25:52.586700|[SDK][WS][SERVICE]connected nodes,count=2
info|2023-07-10 22:26:11.813605|[EVENT][SUB][doLoop]event sub tasks report,working event sub count=0,suspend event sub count=0
info|2023-07-10 22:26:12.587116|[SDK][WS][SERVICE]connected nodes,count=2
info|2023-07-10 22:26:31.813919|[EVENT][SUB][doLoop]event sub tasks report,working event sub count=0,suspend event sub count=0
info|2023-07-10 22:26:32.587909|[SDK][WS][SERVICE]connected nodes,count=2
info|2023-07-10 22:26:51.814366|[EVENT][SUB][doLoop]event sub tasks report,working event sub count=0,suspend event sub count=0
info|2023-07-10 22:26:52.588072|[SDK][WS][SERVICE]connected nodes,count=2
info|2023-07-10 22:27:11.814453|[EVENT][SUB][doLoop]event sub tasks report,working event sub count=0,suspend event sub count=0
info|2023-07-10 22:27:12.588279|[SDK][WS][SERVICE]connected nodes,count=2
info|2023-07-10 22:27:31.814609|[EVENT][SUB][doLoop]event sub tasks report,working event sub count=0,suspend event sub count=0
info|2023-07-10 22:27:32.588856|[SDK][WS][SERVICE]connected nodes,count=2
info|2023-07-10 22:27:51.814863|[EVENT][SUB][doLoop]event sub tasks report,working event sub count=0,suspend event sub count=0
info|2023-07-10 22:27:52.589456|[SDK][WS][SERVICE]connected nodes,count=2
info|2023-07-10 22:28:11.815035|[EVENT][SUB][doLoop]event sub tasks report,working event sub count=0,suspend event sub count=0
info|2023-07-10 22:28:12.590099|[SDK][WS][SERVICE]connected nodes,count=2
info|2023-07-10 22:28:31.815532|[EVENT][SUB][doLoop]event sub tasks report,working event sub count=0,suspend event sub count=0
info|2023-07-10 22:28:32.590387|[SDK][WS][SERVICE]connected nodes,count=2
info|2023-07-10 22:28:51.815735|[EVENT][SUB][doLoop]event sub tasks report,working event sub count=0,suspend event sub count=0
info|2023-07-10 22:28:52.590866|[SDK][WS][SERVICE]connected nodes,count=2
info|2023-07-10 22:29:11.816160|[EVENT][SUB][doLoop]event sub tasks report,working event sub count=0,suspend event sub count=0
info|2023-07-10 22:29:12.598088|[SDK][WS][SERVICE]connected nodes,count=2
info|2023-07-10 22:29:31.816925|[EVENT][SUB][doLoop]event sub tasks report,working event sub count=0,suspend event sub count=0
info|2023-07-10 22:29:32.598611|[SDK][WS][SERVICE]connected nodes,count=2
info|2023-07-10 22:29:51.817208|[EVENT][SUB][doLoop]event sub tasks report,working event sub count=0,suspend event sub count=0
info|2023-07-10 22:29:52.598878|[SDK][WS][SERVICE]connected nodes,count=2
info|2023-07-10 22:30:11.817442|[EVENT][SUB][doLoop]event sub tasks report,working event sub count=0,suspend event sub count=0
info|2023-07-10 22:30:12.616556|[SDK][WS][SERVICE]connected nodes,count=2
info|2023-07-10 22:30:31.819070|[EVENT][SUB][doLoop]event sub tasks report,working event sub count=0,suspend event sub count=0
info|2023-07-10 22:30:32.617464|[SDK][WS][SERVICE]connected nodes,count=2
info|2023-07-10 22:30:51.819026|[EVENT][SUB][doLoop]event sub tasks report,working event sub count=0,suspend event sub count=0
info|2023-07-10 22:30:52.624653|[SDK][WS][SERVICE]connected nodes,count=2
info|2023-07-10 22:31:11.819073|[EVENT][SUB][doLoop]event sub tasks report,working event sub count=0,suspend event sub count=0
info|2023-07-10 22:31:12.624760|[SDK][WS][SERVICE]connected nodes,count=2
info|2023-07-10 22:31:31.819302|[EVENT][SUB][doLoop]event sub tasks report,working event sub count=0,suspend event sub count=0
info|2023-07-10 22:31:32.662681|[SDK][WS][SERVICE]connected nodes,count=2
info|2023-07-10 22:31:51.819678|[EVENT][SUB][doLoop]event sub tasks report,working event sub count=0,suspend event sub count=0
info|2023-07-10 22:31:52.663220|[SDK][WS][SERVICE]connected nodes,count=2
info|2023-07-10 22:32:11.820145|[EVENT][SUB][doLoop]event sub tasks report,working event sub count=0,suspend event sub count=0
info|2023-07-10 22:32:12.663991|[SDK][WS][SERVICE]connected nodes,count=2
info|2023-07-10 22:32:31.820408|[EVENT][SUB][doLoop]event sub tasks report,working event sub count=0,suspend event sub count=0
info|2023-07-10 22:32:32.664777|[SDK][WS][SERVICE]connected nodes,count=2
info|2023-07-10 22:32:51.820954|[EVENT][SUB][doLoop]event sub tasks report,working event sub count=0,suspend event sub count=0
info|2023-07-10 22:32:52.665241|[SDK][WS][SERVICE]connected nodes,count=2
info|2023-07-10 22:33:11.821195|[EVENT][SUB][doLoop]event sub tasks report,working event sub count=0,suspend event sub count=0
info|2023-07-10 22:33:12.665893|[SDK][WS][SERVICE]connected nodes,count=2
info|2023-07-10 22:33:31.821407|[EVENT][SUB][doLoop]event sub tasks report,working event sub count=0,suspend event sub count=0
info|2023-07-10 22:33:32.666178|[SDK][WS][SERVICE]connected nodes,count=2
info|2023-07-10 22:33:51.822275|[EVENT][SUB][doLoop]event sub tasks report,working event sub count=0,suspend event sub count=0
info|2023-07-10 22:33:52.666422|[SDK][WS][SERVICE]connected nodes,count=2
info|2023-07-10 22:34:11.822967|[EVENT][SUB][doLoop]event sub tasks report,working event sub count=0,suspend event sub count=0
info|2023-07-10 22:34:12.667233|[SDK][WS][SERVICE]connected nodes,count=2
info|2023-07-10 22:34:31.823034|[EVENT][SUB][doLoop]event sub tasks report,working event sub count=0,suspend event sub count=0
info|2023-07-10 22:34:32.667820|[SDK][WS][SERVICE]connected nodes,count=2
info|2023-07-10 22:34:51.823166|[EVENT][SUB][doLoop]event sub tasks report,working event sub count=0,suspend event sub count=0
info|2023-07-10 22:34:52.667969|[SDK][WS][SERVICE]connected nodes,count=2
info|2023-07-10 22:35:11.832479|[EVENT][SUB][doLoop]event sub tasks report,working event sub count=0,suspend event sub count=0
info|2023-07-10 22:35:12.668604|[SDK][WS][SERVICE]connected nodes,count=2
info|2023-07-10 22:35:31.835080|[EVENT][SUB][doLoop]event sub tasks report,working event sub count=0,suspend event sub count=0
info|2023-07-10 22:35:32.676086|[SDK][WS][SERVICE]connected nodes,count=2
info|2023-07-10 22:35:51.835190|[EVENT][SUB][doLoop]event sub tasks report,working event sub count=0,suspend event sub count=0
info|2023-07-10 22:35:52.680060|[SDK][WS][SERVICE]connected nodes,count=2
info|2023-07-10 22:36:11.835228|[EVENT][SUB][doLoop]event sub tasks report,working event sub count=0,suspend event sub count=0
info|2023-07-10 22:36:12.691469|[SDK][WS][SERVICE]connected nodes,count=2
info|2023-07-10 22:36:31.840110|[EVENT][SUB][doLoop]event sub tasks report,working event sub count=0,suspend event sub count=0
info|2023-07-10 22:36:32.702876|[SDK][WS][SERVICE]connected nodes,count=2
info|2023-07-10 22:36:51.840411|[EVENT][SUB][doLoop]event sub tasks report,working event sub count=0,suspend event sub count=0
info|2023-07-10 22:36:52.703353|[SDK][WS][SERVICE]connected nodes,count=2
info|2023-07-10 22:37:11.841154|[EVENT][SUB][doLoop]event sub tasks report,working event sub count=0,suspend event sub count=0
info|2023-07-10 22:37:12.703477|[SDK][WS][SERVICE]connected nodes,count=2
info|2023-07-10 22:37:31.841610|[EVENT][SUB][doLoop]event sub tasks report,working event sub count=0,suspend event sub count=0
info|2023-07-10 22:37:32.705154|[SDK][WS][SERVICE]connected nodes,count=2
info|2023-07-10 22:37:51.847874|[EVENT][SUB][doLoop]event sub tasks report,working event sub count=0,suspend event sub count=0
info|2023-07-10 22:37:52.714906|[SDK][WS][SERVICE]connected nodes,count=2
info|2023-07-10 22:38:11.862952|[EVENT][SUB][doLoop]event sub tasks report,working event sub count=0,suspend event sub count=0
info|2023-07-10 22:38:12.715784|[SDK][WS][SERVICE]connected nodes,count=2
info|2023-07-10 22:38:31.863277|[EVENT][SUB][doLoop]event sub tasks report,working event sub count=0,suspend event sub count=0
info|2023-07-10 22:38:32.715968|[SDK][WS][SERVICE]connected nodes,count=2
info|2023-07-10 22:38:51.866366|[EVENT][SUB][doLoop]event sub tasks report,working event sub count=0,suspend event sub count=0
info|2023-07-10 22:38:52.721754|[SDK][WS][SERVICE]connected nodes,count=2
info|2023-07-10 22:39:11.866539|[EVENT][SUB][doLoop]event sub tasks report,working event sub count=0,suspend event sub count=0
info|2023-07-10 22:39:12.752553|[SDK][WS][SERVICE]connected nodes,count=2
info|2023-07-10 22:39:31.868076|[EVENT][SUB][doLoop]event sub tasks report,working event sub count=0,suspend event sub count=0
info|2023-07-10 22:39:32.752743|[SDK][WS][SERVICE]connected nodes,count=2
