info|2023-07-09 16:00:17.118852|[EVENT][SUB][doLoop]event sub tasks report,working event sub count=0,suspend event sub count=0
info|2023-07-09 16:00:18.158697|[SDK][WS][SERVICE]connected nodes,count=2
info|2023-07-09 16:00:37.119018|[EVENT][SUB][doLoop]event sub tasks report,working event sub count=0,suspend event sub count=0
info|2023-07-09 16:00:38.158850|[SDK][WS][SERVICE]connected nodes,count=2
info|2023-07-09 16:00:57.119153|[EVENT][SUB][doLoop]event sub tasks report,working event sub count=0,suspend event sub count=0
info|2023-07-09 16:00:58.159285|[SDK][WS][SERVICE]connected nodes,count=2
info|2023-07-09 16:01:17.119652|[EVENT][SUB][doLoop]event sub tasks report,working event sub count=0,suspend event sub count=0
info|2023-07-09 16:01:18.159594|[SDK][WS][SERVICE]connected nodes,count=2
info|2023-07-09 16:01:37.119782|[EVENT][SUB][doLoop]event sub tasks report,working event sub count=0,suspend event sub count=0
info|2023-07-09 16:01:38.159843|[SDK][WS][SERVICE]connected nodes,count=2
info|2023-07-09 16:01:57.120022|[EVENT][SUB][doLoop]event sub tasks report,working event sub count=0,suspend event sub count=0
info|2023-07-09 16:01:58.160648|[SDK][WS][SERVICE]connected nodes,count=2
info|2023-07-09 16:02:17.120099|[EVENT][SUB][doLoop]event sub tasks report,working event sub count=0,suspend event sub count=0
info|2023-07-09 16:02:18.160863|[SDK][WS][SERVICE]connected nodes,count=2
info|2023-07-09 16:02:37.120212|[EVENT][SUB][doLoop]event sub tasks report,working event sub count=0,suspend event sub count=0
info|2023-07-09 16:02:38.161006|[SDK][WS][SERVICE]connected nodes,count=2
info|2023-07-09 16:02:57.120280|[EVENT][SUB][doLoop]event sub tasks report,working event sub count=0,suspend event sub count=0
info|2023-07-09 16:02:58.161611|[SDK][WS][SERVICE]connected nodes,count=2
info|2023-07-09 16:03:17.120322|[EVENT][SUB][doLoop]event sub tasks report,working event sub count=0,suspend event sub count=0
info|2023-07-09 16:03:18.162181|[SDK][WS][SERVICE]connected nodes,count=2
info|2023-07-09 16:03:37.121003|[EVENT][SUB][doLoop]event sub tasks report,working event sub count=0,suspend event sub count=0
info|2023-07-09 16:03:38.162916|[SDK][WS][SERVICE]connected nodes,count=2
info|2023-07-09 16:03:57.121236|[EVENT][SUB][doLoop]event sub tasks report,working event sub count=0,suspend event sub count=0
info|2023-07-09 16:03:58.163223|[SDK][WS][SERVICE]connected nodes,count=2
info|2023-07-09 16:04:17.121699|[EVENT][SUB][doLoop]event sub tasks report,working event sub count=0,suspend event sub count=0
info|2023-07-09 16:04:18.163530|[SDK][WS][SERVICE]connected nodes,count=2
info|2023-07-09 16:04:37.121849|[EVENT][SUB][doLoop]event sub tasks report,working event sub count=0,suspend event sub count=0
info|2023-07-09 16:04:38.163722|[SDK][WS][SERVICE]connected nodes,count=2
info|2023-07-09 16:04:57.121936|[EVENT][SUB][doLoop]event sub tasks report,working event sub count=0,suspend event sub count=0
info|2023-07-09 16:04:58.164352|[SDK][WS][SERVICE]connected nodes,count=2
info|2023-07-09 16:05:17.122416|[EVENT][SUB][doLoop]event sub tasks report,working event sub count=0,suspend event sub count=0
info|2023-07-09 16:05:18.164874|[SDK][WS][SERVICE]connected nodes,count=2
info|2023-07-09 16:05:37.122666|[EVENT][SUB][doLoop]event sub tasks report,working event sub count=0,suspend event sub count=0
info|2023-07-09 16:05:38.165084|[SDK][WS][SERVICE]connected nodes,count=2
info|2023-07-09 16:05:57.122908|[EVENT][SUB][doLoop]event sub tasks report,working event sub count=0,suspend event sub count=0
info|2023-07-09 16:05:58.165693|[SDK][WS][SERVICE]connected nodes,count=2
info|2023-07-09 16:06:17.123006|[EVENT][SUB][doLoop]event sub tasks report,working event sub count=0,suspend event sub count=0
info|2023-07-09 16:06:18.182983|[SDK][WS][SERVICE]connected nodes,count=2
info|2023-07-09 16:06:37.123168|[EVENT][SUB][doLoop]event sub tasks report,working event sub count=0,suspend event sub count=0
info|2023-07-09 16:06:38.183384|[SDK][WS][SERVICE]connected nodes,count=2
info|2023-07-09 16:06:57.123538|[EVENT][SUB][doLoop]event sub tasks report,working event sub count=0,suspend event sub count=0
info|2023-07-09 16:06:58.183761|[SDK][WS][SERVICE]connected nodes,count=2
info|2023-07-09 16:07:17.123897|[EVENT][SUB][doLoop]event sub tasks report,working event sub count=0,suspend event sub count=0
info|2023-07-09 16:07:18.184304|[SDK][WS][SERVICE]connected nodes,count=2
info|2023-07-09 16:07:37.124130|[EVENT][SUB][doLoop]event sub tasks report,working event sub count=0,suspend event sub count=0
info|2023-07-09 16:07:38.184647|[SDK][WS][SERVICE]connected nodes,count=2
info|2023-07-09 16:07:57.124504|[EVENT][SUB][doLoop]event sub tasks report,working event sub count=0,suspend event sub count=0
info|2023-07-09 16:07:58.184870|[SDK][WS][SERVICE]connected nodes,count=2
info|2023-07-09 16:08:17.124678|[EVENT][SUB][doLoop]event sub tasks report,working event sub count=0,suspend event sub count=0
info|2023-07-09 16:08:18.185468|[SDK][WS][SERVICE]connected nodes,count=2
info|2023-07-09 16:08:37.125377|[EVENT][SUB][doLoop]event sub tasks report,working event sub count=0,suspend event sub count=0
info|2023-07-09 16:08:38.186209|[SDK][WS][SERVICE]connected nodes,count=2
info|2023-07-09 16:08:57.125650|[EVENT][SUB][doLoop]event sub tasks report,working event sub count=0,suspend event sub count=0
info|2023-07-09 16:08:58.186478|[SDK][WS][SERVICE]connected nodes,count=2
info|2023-07-09 16:09:17.126138|[EVENT][SUB][doLoop]event sub tasks report,working event sub count=0,suspend event sub count=0
info|2023-07-09 16:09:18.186905|[SDK][WS][SERVICE]connected nodes,count=2
info|2023-07-09 16:09:37.126350|[EVENT][SUB][doLoop]event sub tasks report,working event sub count=0,suspend event sub count=0
info|2023-07-09 16:09:38.187195|[SDK][WS][SERVICE]connected nodes,count=2
info|2023-07-09 16:09:57.126813|[EVENT][SUB][doLoop]event sub tasks report,working event sub count=0,suspend event sub count=0
info|2023-07-09 16:09:58.187335|[SDK][WS][SERVICE]connected nodes,count=2
info|2023-07-09 16:10:17.126899|[EVENT][SUB][doLoop]event sub tasks report,working event sub count=0,suspend event sub count=0
info|2023-07-09 16:10:18.187560|[SDK][WS][SERVICE]connected nodes,count=2
info|2023-07-09 16:10:37.127549|[EVENT][SUB][doLoop]event sub tasks report,working event sub count=0,suspend event sub count=0
info|2023-07-09 16:10:38.188068|[SDK][WS][SERVICE]connected nodes,count=2
info|2023-07-09 16:10:57.127911|[EVENT][SUB][doLoop]event sub tasks report,working event sub count=0,suspend event sub count=0
info|2023-07-09 16:10:58.188628|[SDK][WS][SERVICE]connected nodes,count=2
info|2023-07-09 16:11:17.128327|[EVENT][SUB][doLoop]event sub tasks report,working event sub count=0,suspend event sub count=0
info|2023-07-09 16:11:18.189062|[SDK][WS][SERVICE]connected nodes,count=2
info|2023-07-09 16:11:37.128764|[EVENT][SUB][doLoop]event sub tasks report,working event sub count=0,suspend event sub count=0
info|2023-07-09 16:11:38.189289|[SDK][WS][SERVICE]connected nodes,count=2
info|2023-07-09 16:11:57.129026|[EVENT][SUB][doLoop]event sub tasks report,working event sub count=0,suspend event sub count=0
info|2023-07-09 16:11:58.190256|[SDK][WS][SERVICE]connected nodes,count=2
info|2023-07-09 16:12:17.129615|[EVENT][SUB][doLoop]event sub tasks report,working event sub count=0,suspend event sub count=0
info|2023-07-09 16:12:18.190525|[SDK][WS][SERVICE]connected nodes,count=2
info|2023-07-09 16:12:37.129904|[EVENT][SUB][doLoop]event sub tasks report,working event sub count=0,suspend event sub count=0
info|2023-07-09 16:12:38.190649|[SDK][WS][SERVICE]connected nodes,count=2
info|2023-07-09 16:12:57.130239|[EVENT][SUB][doLoop]event sub tasks report,working event sub count=0,suspend event sub count=0
info|2023-07-09 16:12:58.191085|[SDK][WS][SERVICE]connected nodes,count=2
info|2023-07-09 16:13:17.130835|[EVENT][SUB][doLoop]event sub tasks report,working event sub count=0,suspend event sub count=0
info|2023-07-09 16:13:18.191768|[SDK][WS][SERVICE]connected nodes,count=2
info|2023-07-09 16:13:37.131280|[EVENT][SUB][doLoop]event sub tasks report,working event sub count=0,suspend event sub count=0
info|2023-07-09 16:13:38.192450|[SDK][WS][SERVICE]connected nodes,count=2
info|2023-07-09 16:13:57.131532|[EVENT][SUB][doLoop]event sub tasks report,working event sub count=0,suspend event sub count=0
info|2023-07-09 16:13:58.193118|[SDK][WS][SERVICE]connected nodes,count=2
info|2023-07-09 16:14:17.131953|[EVENT][SUB][doLoop]event sub tasks report,working event sub count=0,suspend event sub count=0
info|2023-07-09 16:14:18.193679|[SDK][WS][SERVICE]connected nodes,count=2
info|2023-07-09 16:14:37.132261|[EVENT][SUB][doLoop]event sub tasks report,working event sub count=0,suspend event sub count=0
info|2023-07-09 16:14:38.193972|[SDK][WS][SERVICE]connected nodes,count=2
info|2023-07-09 16:14:57.132527|[EVENT][SUB][doLoop]event sub tasks report,working event sub count=0,suspend event sub count=0
info|2023-07-09 16:14:58.194402|[SDK][WS][SERVICE]connected nodes,count=2
info|2023-07-09 16:15:17.132970|[EVENT][SUB][doLoop]event sub tasks report,working event sub count=0,suspend event sub count=0
info|2023-07-09 16:15:18.194841|[SDK][WS][SERVICE]connected nodes,count=2
info|2023-07-09 16:15:37.133172|[EVENT][SUB][doLoop]event sub tasks report,working event sub count=0,suspend event sub count=0
info|2023-07-09 16:15:38.195069|[SDK][WS][SERVICE]connected nodes,count=2
info|2023-07-09 16:15:57.133419|[EVENT][SUB][doLoop]event sub tasks report,working event sub count=0,suspend event sub count=0
info|2023-07-09 16:15:58.195449|[SDK][WS][SERVICE]connected nodes,count=2
info|2023-07-09 16:16:17.133851|[EVENT][SUB][doLoop]event sub tasks report,working event sub count=0,suspend event sub count=0
info|2023-07-09 16:16:18.195571|[SDK][WS][SERVICE]connected nodes,count=2
info|2023-07-09 16:16:37.134605|[EVENT][SUB][doLoop]event sub tasks report,working event sub count=0,suspend event sub count=0
info|2023-07-09 16:16:38.196022|[SDK][WS][SERVICE]connected nodes,count=2
info|2023-07-09 16:16:57.134698|[EVENT][SUB][doLoop]event sub tasks report,working event sub count=0,suspend event sub count=0
info|2023-07-09 16:16:58.196411|[SDK][WS][SERVICE]connected nodes,count=2
info|2023-07-09 16:17:17.135088|[EVENT][SUB][doLoop]event sub tasks report,working event sub count=0,suspend event sub count=0
info|2023-07-09 16:17:18.196617|[SDK][WS][SERVICE]connected nodes,count=2
info|2023-07-09 16:17:37.135666|[EVENT][SUB][doLoop]event sub tasks report,working event sub count=0,suspend event sub count=0
info|2023-07-09 16:17:38.197385|[SDK][WS][SERVICE]connected nodes,count=2
info|2023-07-09 16:17:57.135762|[EVENT][SUB][doLoop]event sub tasks report,working event sub count=0,suspend event sub count=0
info|2023-07-09 16:17:58.197478|[SDK][WS][SERVICE]connected nodes,count=2
info|2023-07-09 16:18:17.135807|[EVENT][SUB][doLoop]event sub tasks report,working event sub count=0,suspend event sub count=0
info|2023-07-09 16:18:18.197989|[SDK][WS][SERVICE]connected nodes,count=2
info|2023-07-09 16:18:37.136438|[EVENT][SUB][doLoop]event sub tasks report,working event sub count=0,suspend event sub count=0
info|2023-07-09 16:18:38.198171|[SDK][WS][SERVICE]connected nodes,count=2
info|2023-07-09 16:18:57.136532|[EVENT][SUB][doLoop]event sub tasks report,working event sub count=0,suspend event sub count=0
info|2023-07-09 16:18:58.198621|[SDK][WS][SERVICE]connected nodes,count=2
info|2023-07-09 16:19:17.136917|[EVENT][SUB][doLoop]event sub tasks report,working event sub count=0,suspend event sub count=0
info|2023-07-09 16:19:18.198812|[SDK][WS][SERVICE]connected nodes,count=2
info|2023-07-09 16:19:37.137095|[EVENT][SUB][doLoop]event sub tasks report,working event sub count=0,suspend event sub count=0
info|2023-07-09 16:19:38.199234|[SDK][WS][SERVICE]connected nodes,count=2
info|2023-07-09 16:19:57.137270|[EVENT][SUB][doLoop]event sub tasks report,working event sub count=0,suspend event sub count=0
info|2023-07-09 16:19:58.199953|[SDK][WS][SERVICE]connected nodes,count=2
info|2023-07-09 16:20:17.137816|[EVENT][SUB][doLoop]event sub tasks report,working event sub count=0,suspend event sub count=0
info|2023-07-09 16:20:18.200343|[SDK][WS][SERVICE]connected nodes,count=2
info|2023-07-09 16:20:37.138038|[EVENT][SUB][doLoop]event sub tasks report,working event sub count=0,suspend event sub count=0
info|2023-07-09 16:20:38.200651|[SDK][WS][SERVICE]connected nodes,count=2
info|2023-07-09 16:20:57.138121|[EVENT][SUB][doLoop]event sub tasks report,working event sub count=0,suspend event sub count=0
info|2023-07-09 16:20:58.200775|[SDK][WS][SERVICE]connected nodes,count=2
info|2023-07-09 16:21:17.138478|[EVENT][SUB][doLoop]event sub tasks report,working event sub count=0,suspend event sub count=0
info|2023-07-09 16:21:18.201177|[SDK][WS][SERVICE]connected nodes,count=2
info|2023-07-09 16:21:37.139154|[EVENT][SUB][doLoop]event sub tasks report,working event sub count=0,suspend event sub count=0
info|2023-07-09 16:21:38.201438|[SDK][WS][SERVICE]connected nodes,count=2
info|2023-07-09 16:21:57.139917|[EVENT][SUB][doLoop]event sub tasks report,working event sub count=0,suspend event sub count=0
info|2023-07-09 16:21:58.201949|[SDK][WS][SERVICE]connected nodes,count=2
info|2023-07-09 16:22:17.140284|[EVENT][SUB][doLoop]event sub tasks report,working event sub count=0,suspend event sub count=0
info|2023-07-09 16:22:18.202281|[SDK][WS][SERVICE]connected nodes,count=2
info|2023-07-09 16:22:37.140697|[EVENT][SUB][doLoop]event sub tasks report,working event sub count=0,suspend event sub count=0
info|2023-07-09 16:22:38.202925|[SDK][WS][SERVICE]connected nodes,count=2
info|2023-07-09 16:22:57.141427|[EVENT][SUB][doLoop]event sub tasks report,working event sub count=0,suspend event sub count=0
info|2023-07-09 16:22:58.203442|[SDK][WS][SERVICE]connected nodes,count=2
info|2023-07-09 16:23:17.141782|[EVENT][SUB][doLoop]event sub tasks report,working event sub count=0,suspend event sub count=0
info|2023-07-09 16:23:18.203662|[SDK][WS][SERVICE]connected nodes,count=2
info|2023-07-09 16:23:37.141985|[EVENT][SUB][doLoop]event sub tasks report,working event sub count=0,suspend event sub count=0
info|2023-07-09 16:23:38.203886|[SDK][WS][SERVICE]connected nodes,count=2
info|2023-07-09 16:23:57.142157|[EVENT][SUB][doLoop]event sub tasks report,working event sub count=0,suspend event sub count=0
info|2023-07-09 16:23:58.204323|[SDK][WS][SERVICE]connected nodes,count=2
info|2023-07-09 16:24:17.142864|[EVENT][SUB][doLoop]event sub tasks report,working event sub count=0,suspend event sub count=0
info|2023-07-09 16:24:18.204685|[SDK][WS][SERVICE]connected nodes,count=2
info|2023-07-09 16:24:37.143035|[EVENT][SUB][doLoop]event sub tasks report,working event sub count=0,suspend event sub count=0
info|2023-07-09 16:24:38.204798|[SDK][WS][SERVICE]connected nodes,count=2
info|2023-07-09 16:24:57.143450|[EVENT][SUB][doLoop]event sub tasks report,working event sub count=0,suspend event sub count=0
info|2023-07-09 16:24:58.205447|[SDK][WS][SERVICE]connected nodes,count=2
info|2023-07-09 16:25:17.143591|[EVENT][SUB][doLoop]event sub tasks report,working event sub count=0,suspend event sub count=0
info|2023-07-09 16:25:18.206070|[SDK][WS][SERVICE]connected nodes,count=2
info|2023-07-09 16:25:37.143744|[EVENT][SUB][doLoop]event sub tasks report,working event sub count=0,suspend event sub count=0
info|2023-07-09 16:25:38.206270|[SDK][WS][SERVICE]connected nodes,count=2
info|2023-07-09 16:25:57.144376|[EVENT][SUB][doLoop]event sub tasks report,working event sub count=0,suspend event sub count=0
info|2023-07-09 16:25:58.206882|[SDK][WS][SERVICE]connected nodes,count=2
info|2023-07-09 16:26:17.144432|[EVENT][SUB][doLoop]event sub tasks report,working event sub count=0,suspend event sub count=0
info|2023-07-09 16:26:18.207328|[SDK][WS][SERVICE]connected nodes,count=2
info|2023-07-09 16:26:37.144603|[EVENT][SUB][doLoop]event sub tasks report,working event sub count=0,suspend event sub count=0
info|2023-07-09 16:26:38.207537|[SDK][WS][SERVICE]connected nodes,count=2
info|2023-07-09 16:26:57.145028|[EVENT][SUB][doLoop]event sub tasks report,working event sub count=0,suspend event sub count=0
info|2023-07-09 16:26:58.208146|[SDK][WS][SERVICE]connected nodes,count=2
info|2023-07-09 16:27:14.006675|[RPC][BLOCK][NUMBER][fromJson],group=group0,node=2f993327933ad58672518b6d4f63920cbc68b80f78f4d81192552ee6362f5cc81ee13bdc678ad65f06e76444cadb53b33694cfb3fc7679b8000411975fedd28a,blockNumber=2895
info|2023-07-09 16:27:14.006697|[RPCWS][SERVICE][onRecvBlockNotifier]receive block number notifier,group=group0,node=2f993327933ad58672518b6d4f63920cbc68b80f78f4d81192552ee6362f5cc81ee13bdc678ad65f06e76444cadb53b33694cfb3fc7679b8000411975fedd28a,blockNumber=2895
info|2023-07-09 16:27:14.006703|[RPCWS][SERVICE][updateGroupBlockNumber],groupID=group0,_blockNumber=2895
info|2023-07-09 16:27:14.006708|[RPCWS][SERVICE][onRecvBlockNotifier]block notifier callback,group=group0,node=2f993327933ad58672518b6d4f63920cbc68b80f78f4d81192552ee6362f5cc81ee13bdc678ad65f06e76444cadb53b33694cfb3fc7679b8000411975fedd28a,blockNumber=2895
info|2023-07-09 16:27:14.006712|[WS]receive block notify,endpoint=127.0.0.1:20201,blk={
	"blockNumber" : 2895,
	"group" : "group0",
	"nodeName" : "2f993327933ad58672518b6d4f63920cbc68b80f78f4d81192552ee6362f5cc81ee13bdc678ad65f06e76444cadb53b33694cfb3fc7679b8000411975fedd28a"
}
info|2023-07-09 16:27:14.010939|[RPC][BLOCK][NUMBER][fromJson],group=group0,node=98a7f70ec883a722219d92253cf073a72605f4087aa3443c8e4aadc0af2dc3ac647d0fa1b5ac99cd6987abafe6d690ae71cd5fd2aeeabe7589bfb4748aabdfba,blockNumber=2895
info|2023-07-09 16:27:14.010961|[RPCWS][SERVICE][onRecvBlockNotifier]receive block number notifier,group=group0,node=98a7f70ec883a722219d92253cf073a72605f4087aa3443c8e4aadc0af2dc3ac647d0fa1b5ac99cd6987abafe6d690ae71cd5fd2aeeabe7589bfb4748aabdfba,blockNumber=2895
info|2023-07-09 16:27:14.010968|[WS]receive block notify,endpoint=127.0.0.1:20200,blk={
	"blockNumber" : 2895,
	"group" : "group0",
	"nodeName" : "98a7f70ec883a722219d92253cf073a72605f4087aa3443c8e4aadc0af2dc3ac647d0fa1b5ac99cd6987abafe6d690ae71cd5fd2aeeabe7589bfb4748aabdfba"
}
info|2023-07-09 16:27:14.549520|[RPC][BLOCK][NUMBER][fromJson],group=group0,node=98a7f70ec883a722219d92253cf073a72605f4087aa3443c8e4aadc0af2dc3ac647d0fa1b5ac99cd6987abafe6d690ae71cd5fd2aeeabe7589bfb4748aabdfba,blockNumber=2896
info|2023-07-09 16:27:14.549555|[RPCWS][SERVICE][onRecvBlockNotifier]receive block number notifier,group=group0,node=98a7f70ec883a722219d92253cf073a72605f4087aa3443c8e4aadc0af2dc3ac647d0fa1b5ac99cd6987abafe6d690ae71cd5fd2aeeabe7589bfb4748aabdfba,blockNumber=2896
info|2023-07-09 16:27:14.549564|[RPCWS][SERVICE][updateGroupBlockNumber],groupID=group0,_blockNumber=2896
info|2023-07-09 16:27:14.549570|[RPCWS][SERVICE][onRecvBlockNotifier]block notifier callback,group=group0,node=98a7f70ec883a722219d92253cf073a72605f4087aa3443c8e4aadc0af2dc3ac647d0fa1b5ac99cd6987abafe6d690ae71cd5fd2aeeabe7589bfb4748aabdfba,blockNumber=2896
info|2023-07-09 16:27:14.549575|[WS]receive block notify,endpoint=127.0.0.1:20200,blk={
	"blockNumber" : 2896,
	"group" : "group0",
	"nodeName" : "98a7f70ec883a722219d92253cf073a72605f4087aa3443c8e4aadc0af2dc3ac647d0fa1b5ac99cd6987abafe6d690ae71cd5fd2aeeabe7589bfb4748aabdfba"
}
info|2023-07-09 16:27:14.603527|[RPC][BLOCK][NUMBER][fromJson],group=group0,node=2f993327933ad58672518b6d4f63920cbc68b80f78f4d81192552ee6362f5cc81ee13bdc678ad65f06e76444cadb53b33694cfb3fc7679b8000411975fedd28a,blockNumber=2896
info|2023-07-09 16:27:14.603566|[RPCWS][SERVICE][onRecvBlockNotifier]receive block number notifier,group=group0,node=2f993327933ad58672518b6d4f63920cbc68b80f78f4d81192552ee6362f5cc81ee13bdc678ad65f06e76444cadb53b33694cfb3fc7679b8000411975fedd28a,blockNumber=2896
info|2023-07-09 16:27:14.603583|[WS]receive block notify,endpoint=127.0.0.1:20201,blk={
	"blockNumber" : 2896,
	"group" : "group0",
	"nodeName" : "2f993327933ad58672518b6d4f63920cbc68b80f78f4d81192552ee6362f5cc81ee13bdc678ad65f06e76444cadb53b33694cfb3fc7679b8000411975fedd28a"
}
info|2023-07-09 16:27:15.069047|[RPC][BLOCK][NUMBER][fromJson],group=group0,node=98a7f70ec883a722219d92253cf073a72605f4087aa3443c8e4aadc0af2dc3ac647d0fa1b5ac99cd6987abafe6d690ae71cd5fd2aeeabe7589bfb4748aabdfba,blockNumber=2897
info|2023-07-09 16:27:15.069075|[RPCWS][SERVICE][onRecvBlockNotifier]receive block number notifier,group=group0,node=98a7f70ec883a722219d92253cf073a72605f4087aa3443c8e4aadc0af2dc3ac647d0fa1b5ac99cd6987abafe6d690ae71cd5fd2aeeabe7589bfb4748aabdfba,blockNumber=2897
info|2023-07-09 16:27:15.069082|[RPCWS][SERVICE][updateGroupBlockNumber],groupID=group0,_blockNumber=2897
info|2023-07-09 16:27:15.069088|[RPCWS][SERVICE][onRecvBlockNotifier]block notifier callback,group=group0,node=98a7f70ec883a722219d92253cf073a72605f4087aa3443c8e4aadc0af2dc3ac647d0fa1b5ac99cd6987abafe6d690ae71cd5fd2aeeabe7589bfb4748aabdfba,blockNumber=2897
info|2023-07-09 16:27:15.069093|[WS]receive block notify,endpoint=127.0.0.1:20200,blk={
	"blockNumber" : 2897,
	"group" : "group0",
	"nodeName" : "98a7f70ec883a722219d92253cf073a72605f4087aa3443c8e4aadc0af2dc3ac647d0fa1b5ac99cd6987abafe6d690ae71cd5fd2aeeabe7589bfb4748aabdfba"
}
info|2023-07-09 16:27:15.114539|[RPC][BLOCK][NUMBER][fromJson],group=group0,node=2f993327933ad58672518b6d4f63920cbc68b80f78f4d81192552ee6362f5cc81ee13bdc678ad65f06e76444cadb53b33694cfb3fc7679b8000411975fedd28a,blockNumber=2897
info|2023-07-09 16:27:15.114578|[RPCWS][SERVICE][onRecvBlockNotifier]receive block number notifier,group=group0,node=2f993327933ad58672518b6d4f63920cbc68b80f78f4d81192552ee6362f5cc81ee13bdc678ad65f06e76444cadb53b33694cfb3fc7679b8000411975fedd28a,blockNumber=2897
info|2023-07-09 16:27:15.114593|[WS]receive block notify,endpoint=127.0.0.1:20201,blk={
	"blockNumber" : 2897,
	"group" : "group0",
	"nodeName" : "2f993327933ad58672518b6d4f63920cbc68b80f78f4d81192552ee6362f5cc81ee13bdc678ad65f06e76444cadb53b33694cfb3fc7679b8000411975fedd28a"
}
info|2023-07-09 16:27:15.717530|[RPC][BLOCK][NUMBER][fromJson],group=group0,node=98a7f70ec883a722219d92253cf073a72605f4087aa3443c8e4aadc0af2dc3ac647d0fa1b5ac99cd6987abafe6d690ae71cd5fd2aeeabe7589bfb4748aabdfba,blockNumber=2898
info|2023-07-09 16:27:15.717588|[RPCWS][SERVICE][onRecvBlockNotifier]receive block number notifier,group=group0,node=98a7f70ec883a722219d92253cf073a72605f4087aa3443c8e4aadc0af2dc3ac647d0fa1b5ac99cd6987abafe6d690ae71cd5fd2aeeabe7589bfb4748aabdfba,blockNumber=2898
info|2023-07-09 16:27:15.717604|[RPCWS][SERVICE][updateGroupBlockNumber],groupID=group0,_blockNumber=2898
info|2023-07-09 16:27:15.717616|[RPCWS][SERVICE][onRecvBlockNotifier]block notifier callback,group=group0,node=98a7f70ec883a722219d92253cf073a72605f4087aa3443c8e4aadc0af2dc3ac647d0fa1b5ac99cd6987abafe6d690ae71cd5fd2aeeabe7589bfb4748aabdfba,blockNumber=2898
info|2023-07-09 16:27:15.717627|[WS]receive block notify,endpoint=127.0.0.1:20200,blk={
	"blockNumber" : 2898,
	"group" : "group0",
	"nodeName" : "98a7f70ec883a722219d92253cf073a72605f4087aa3443c8e4aadc0af2dc3ac647d0fa1b5ac99cd6987abafe6d690ae71cd5fd2aeeabe7589bfb4748aabdfba"
}
info|2023-07-09 16:27:15.733126|[RPC][BLOCK][NUMBER][fromJson],group=group0,node=2f993327933ad58672518b6d4f63920cbc68b80f78f4d81192552ee6362f5cc81ee13bdc678ad65f06e76444cadb53b33694cfb3fc7679b8000411975fedd28a,blockNumber=2898
info|2023-07-09 16:27:15.733182|[RPCWS][SERVICE][onRecvBlockNotifier]receive block number notifier,group=group0,node=2f993327933ad58672518b6d4f63920cbc68b80f78f4d81192552ee6362f5cc81ee13bdc678ad65f06e76444cadb53b33694cfb3fc7679b8000411975fedd28a,blockNumber=2898
info|2023-07-09 16:27:15.733201|[WS]receive block notify,endpoint=127.0.0.1:20201,blk={
	"blockNumber" : 2898,
	"group" : "group0",
	"nodeName" : "2f993327933ad58672518b6d4f63920cbc68b80f78f4d81192552ee6362f5cc81ee13bdc678ad65f06e76444cadb53b33694cfb3fc7679b8000411975fedd28a"
}
info|2023-07-09 16:27:16.259573|[RPC][BLOCK][NUMBER][fromJson],group=group0,node=98a7f70ec883a722219d92253cf073a72605f4087aa3443c8e4aadc0af2dc3ac647d0fa1b5ac99cd6987abafe6d690ae71cd5fd2aeeabe7589bfb4748aabdfba,blockNumber=2899
info|2023-07-09 16:27:16.259612|[RPCWS][SERVICE][onRecvBlockNotifier]receive block number notifier,group=group0,node=98a7f70ec883a722219d92253cf073a72605f4087aa3443c8e4aadc0af2dc3ac647d0fa1b5ac99cd6987abafe6d690ae71cd5fd2aeeabe7589bfb4748aabdfba,blockNumber=2899
info|2023-07-09 16:27:16.259623|[RPCWS][SERVICE][updateGroupBlockNumber],groupID=group0,_blockNumber=2899
info|2023-07-09 16:27:16.259633|[RPCWS][SERVICE][onRecvBlockNotifier]block notifier callback,group=group0,node=98a7f70ec883a722219d92253cf073a72605f4087aa3443c8e4aadc0af2dc3ac647d0fa1b5ac99cd6987abafe6d690ae71cd5fd2aeeabe7589bfb4748aabdfba,blockNumber=2899
info|2023-07-09 16:27:16.259642|[WS]receive block notify,endpoint=127.0.0.1:20200,blk={
	"blockNumber" : 2899,
	"group" : "group0",
	"nodeName" : "98a7f70ec883a722219d92253cf073a72605f4087aa3443c8e4aadc0af2dc3ac647d0fa1b5ac99cd6987abafe6d690ae71cd5fd2aeeabe7589bfb4748aabdfba"
}
info|2023-07-09 16:27:16.301420|[RPC][BLOCK][NUMBER][fromJson],group=group0,node=2f993327933ad58672518b6d4f63920cbc68b80f78f4d81192552ee6362f5cc81ee13bdc678ad65f06e76444cadb53b33694cfb3fc7679b8000411975fedd28a,blockNumber=2899
info|2023-07-09 16:27:16.301455|[RPCWS][SERVICE][onRecvBlockNotifier]receive block number notifier,group=group0,node=2f993327933ad58672518b6d4f63920cbc68b80f78f4d81192552ee6362f5cc81ee13bdc678ad65f06e76444cadb53b33694cfb3fc7679b8000411975fedd28a,blockNumber=2899
info|2023-07-09 16:27:16.301467|[WS]receive block notify,endpoint=127.0.0.1:20201,blk={
	"blockNumber" : 2899,
	"group" : "group0",
	"nodeName" : "2f993327933ad58672518b6d4f63920cbc68b80f78f4d81192552ee6362f5cc81ee13bdc678ad65f06e76444cadb53b33694cfb3fc7679b8000411975fedd28a"
}
info|2023-07-09 16:27:16.784158|[RPC][BLOCK][NUMBER][fromJson],group=group0,node=98a7f70ec883a722219d92253cf073a72605f4087aa3443c8e4aadc0af2dc3ac647d0fa1b5ac99cd6987abafe6d690ae71cd5fd2aeeabe7589bfb4748aabdfba,blockNumber=2900
info|2023-07-09 16:27:16.784198|[RPCWS][SERVICE][onRecvBlockNotifier]receive block number notifier,group=group0,node=98a7f70ec883a722219d92253cf073a72605f4087aa3443c8e4aadc0af2dc3ac647d0fa1b5ac99cd6987abafe6d690ae71cd5fd2aeeabe7589bfb4748aabdfba,blockNumber=2900
info|2023-07-09 16:27:16.784207|[RPCWS][SERVICE][updateGroupBlockNumber],groupID=group0,_blockNumber=2900
info|2023-07-09 16:27:16.784214|[RPCWS][SERVICE][onRecvBlockNotifier]block notifier callback,group=group0,node=98a7f70ec883a722219d92253cf073a72605f4087aa3443c8e4aadc0af2dc3ac647d0fa1b5ac99cd6987abafe6d690ae71cd5fd2aeeabe7589bfb4748aabdfba,blockNumber=2900
info|2023-07-09 16:27:16.784220|[WS]receive block notify,endpoint=127.0.0.1:20200,blk={
	"blockNumber" : 2900,
	"group" : "group0",
	"nodeName" : "98a7f70ec883a722219d92253cf073a72605f4087aa3443c8e4aadc0af2dc3ac647d0fa1b5ac99cd6987abafe6d690ae71cd5fd2aeeabe7589bfb4748aabdfba"
}
info|2023-07-09 16:27:16.831682|[RPC][BLOCK][NUMBER][fromJson],group=group0,node=2f993327933ad58672518b6d4f63920cbc68b80f78f4d81192552ee6362f5cc81ee13bdc678ad65f06e76444cadb53b33694cfb3fc7679b8000411975fedd28a,blockNumber=2900
info|2023-07-09 16:27:16.831739|[RPCWS][SERVICE][onRecvBlockNotifier]receive block number notifier,group=group0,node=2f993327933ad58672518b6d4f63920cbc68b80f78f4d81192552ee6362f5cc81ee13bdc678ad65f06e76444cadb53b33694cfb3fc7679b8000411975fedd28a,blockNumber=2900
info|2023-07-09 16:27:16.831759|[WS]receive block notify,endpoint=127.0.0.1:20201,blk={
	"blockNumber" : 2900,
	"group" : "group0",
	"nodeName" : "2f993327933ad58672518b6d4f63920cbc68b80f78f4d81192552ee6362f5cc81ee13bdc678ad65f06e76444cadb53b33694cfb3fc7679b8000411975fedd28a"
}
info|2023-07-09 16:27:17.145392|[EVENT][SUB][doLoop]event sub tasks report,working event sub count=0,suspend event sub count=0
info|2023-07-09 16:27:17.378429|[RPC][BLOCK][NUMBER][fromJson],group=group0,node=98a7f70ec883a722219d92253cf073a72605f4087aa3443c8e4aadc0af2dc3ac647d0fa1b5ac99cd6987abafe6d690ae71cd5fd2aeeabe7589bfb4748aabdfba,blockNumber=2901
info|2023-07-09 16:27:17.378490|[RPCWS][SERVICE][onRecvBlockNotifier]receive block number notifier,group=group0,node=98a7f70ec883a722219d92253cf073a72605f4087aa3443c8e4aadc0af2dc3ac647d0fa1b5ac99cd6987abafe6d690ae71cd5fd2aeeabe7589bfb4748aabdfba,blockNumber=2901
info|2023-07-09 16:27:17.378506|[RPCWS][SERVICE][updateGroupBlockNumber],groupID=group0,_blockNumber=2901
info|2023-07-09 16:27:17.378520|[RPCWS][SERVICE][onRecvBlockNotifier]block notifier callback,group=group0,node=98a7f70ec883a722219d92253cf073a72605f4087aa3443c8e4aadc0af2dc3ac647d0fa1b5ac99cd6987abafe6d690ae71cd5fd2aeeabe7589bfb4748aabdfba,blockNumber=2901
info|2023-07-09 16:27:17.378531|[WS]receive block notify,endpoint=127.0.0.1:20200,blk={
	"blockNumber" : 2901,
	"group" : "group0",
	"nodeName" : "98a7f70ec883a722219d92253cf073a72605f4087aa3443c8e4aadc0af2dc3ac647d0fa1b5ac99cd6987abafe6d690ae71cd5fd2aeeabe7589bfb4748aabdfba"
}
info|2023-07-09 16:27:17.434507|[RPC][BLOCK][NUMBER][fromJson],group=group0,node=2f993327933ad58672518b6d4f63920cbc68b80f78f4d81192552ee6362f5cc81ee13bdc678ad65f06e76444cadb53b33694cfb3fc7679b8000411975fedd28a,blockNumber=2901
info|2023-07-09 16:27:17.434546|[RPCWS][SERVICE][onRecvBlockNotifier]receive block number notifier,group=group0,node=2f993327933ad58672518b6d4f63920cbc68b80f78f4d81192552ee6362f5cc81ee13bdc678ad65f06e76444cadb53b33694cfb3fc7679b8000411975fedd28a,blockNumber=2901
info|2023-07-09 16:27:17.434561|[WS]receive block notify,endpoint=127.0.0.1:20201,blk={
	"blockNumber" : 2901,
	"group" : "group0",
	"nodeName" : "2f993327933ad58672518b6d4f63920cbc68b80f78f4d81192552ee6362f5cc81ee13bdc678ad65f06e76444cadb53b33694cfb3fc7679b8000411975fedd28a"
}
info|2023-07-09 16:27:17.962360|[RPC][BLOCK][NUMBER][fromJson],group=group0,node=98a7f70ec883a722219d92253cf073a72605f4087aa3443c8e4aadc0af2dc3ac647d0fa1b5ac99cd6987abafe6d690ae71cd5fd2aeeabe7589bfb4748aabdfba,blockNumber=2902
info|2023-07-09 16:27:17.962433|[RPCWS][SERVICE][onRecvBlockNotifier]receive block number notifier,group=group0,node=98a7f70ec883a722219d92253cf073a72605f4087aa3443c8e4aadc0af2dc3ac647d0fa1b5ac99cd6987abafe6d690ae71cd5fd2aeeabe7589bfb4748aabdfba,blockNumber=2902
info|2023-07-09 16:27:17.962448|[RPCWS][SERVICE][updateGroupBlockNumber],groupID=group0,_blockNumber=2902
info|2023-07-09 16:27:17.962457|[RPCWS][SERVICE][onRecvBlockNotifier]block notifier callback,group=group0,node=98a7f70ec883a722219d92253cf073a72605f4087aa3443c8e4aadc0af2dc3ac647d0fa1b5ac99cd6987abafe6d690ae71cd5fd2aeeabe7589bfb4748aabdfba,blockNumber=2902
info|2023-07-09 16:27:17.962468|[WS]receive block notify,endpoint=127.0.0.1:20200,blk={
	"blockNumber" : 2902,
	"group" : "group0",
	"nodeName" : "98a7f70ec883a722219d92253cf073a72605f4087aa3443c8e4aadc0af2dc3ac647d0fa1b5ac99cd6987abafe6d690ae71cd5fd2aeeabe7589bfb4748aabdfba"
}
info|2023-07-09 16:27:17.983598|[RPC][BLOCK][NUMBER][fromJson],group=group0,node=2f993327933ad58672518b6d4f63920cbc68b80f78f4d81192552ee6362f5cc81ee13bdc678ad65f06e76444cadb53b33694cfb3fc7679b8000411975fedd28a,blockNumber=2902
info|2023-07-09 16:27:17.983643|[RPCWS][SERVICE][onRecvBlockNotifier]receive block number notifier,group=group0,node=2f993327933ad58672518b6d4f63920cbc68b80f78f4d81192552ee6362f5cc81ee13bdc678ad65f06e76444cadb53b33694cfb3fc7679b8000411975fedd28a,blockNumber=2902
info|2023-07-09 16:27:17.983653|[WS]receive block notify,endpoint=127.0.0.1:20201,blk={
	"blockNumber" : 2902,
	"group" : "group0",
	"nodeName" : "2f993327933ad58672518b6d4f63920cbc68b80f78f4d81192552ee6362f5cc81ee13bdc678ad65f06e76444cadb53b33694cfb3fc7679b8000411975fedd28a"
}
info|2023-07-09 16:27:18.208463|[SDK][WS][SERVICE]connected nodes,count=2
info|2023-07-09 16:27:18.489781|[RPC][BLOCK][NUMBER][fromJson],group=group0,node=98a7f70ec883a722219d92253cf073a72605f4087aa3443c8e4aadc0af2dc3ac647d0fa1b5ac99cd6987abafe6d690ae71cd5fd2aeeabe7589bfb4748aabdfba,blockNumber=2903
info|2023-07-09 16:27:18.489821|[RPCWS][SERVICE][onRecvBlockNotifier]receive block number notifier,group=group0,node=98a7f70ec883a722219d92253cf073a72605f4087aa3443c8e4aadc0af2dc3ac647d0fa1b5ac99cd6987abafe6d690ae71cd5fd2aeeabe7589bfb4748aabdfba,blockNumber=2903
info|2023-07-09 16:27:18.489830|[RPCWS][SERVICE][updateGroupBlockNumber],groupID=group0,_blockNumber=2903
info|2023-07-09 16:27:18.489835|[RPCWS][SERVICE][onRecvBlockNotifier]block notifier callback,group=group0,node=98a7f70ec883a722219d92253cf073a72605f4087aa3443c8e4aadc0af2dc3ac647d0fa1b5ac99cd6987abafe6d690ae71cd5fd2aeeabe7589bfb4748aabdfba,blockNumber=2903
info|2023-07-09 16:27:18.489839|[WS]receive block notify,endpoint=127.0.0.1:20200,blk={
	"blockNumber" : 2903,
	"group" : "group0",
	"nodeName" : "98a7f70ec883a722219d92253cf073a72605f4087aa3443c8e4aadc0af2dc3ac647d0fa1b5ac99cd6987abafe6d690ae71cd5fd2aeeabe7589bfb4748aabdfba"
}
info|2023-07-09 16:27:18.502164|[RPC][BLOCK][NUMBER][fromJson],group=group0,node=2f993327933ad58672518b6d4f63920cbc68b80f78f4d81192552ee6362f5cc81ee13bdc678ad65f06e76444cadb53b33694cfb3fc7679b8000411975fedd28a,blockNumber=2903
info|2023-07-09 16:27:18.502196|[RPCWS][SERVICE][onRecvBlockNotifier]receive block number notifier,group=group0,node=2f993327933ad58672518b6d4f63920cbc68b80f78f4d81192552ee6362f5cc81ee13bdc678ad65f06e76444cadb53b33694cfb3fc7679b8000411975fedd28a,blockNumber=2903
info|2023-07-09 16:27:18.502204|[WS]receive block notify,endpoint=127.0.0.1:20201,blk={
	"blockNumber" : 2903,
	"group" : "group0",
	"nodeName" : "2f993327933ad58672518b6d4f63920cbc68b80f78f4d81192552ee6362f5cc81ee13bdc678ad65f06e76444cadb53b33694cfb3fc7679b8000411975fedd28a"
}
info|2023-07-09 16:27:19.082737|[RPC][BLOCK][NUMBER][fromJson],group=group0,node=98a7f70ec883a722219d92253cf073a72605f4087aa3443c8e4aadc0af2dc3ac647d0fa1b5ac99cd6987abafe6d690ae71cd5fd2aeeabe7589bfb4748aabdfba,blockNumber=2904
info|2023-07-09 16:27:19.082842|[RPCWS][SERVICE][onRecvBlockNotifier]receive block number notifier,group=group0,node=98a7f70ec883a722219d92253cf073a72605f4087aa3443c8e4aadc0af2dc3ac647d0fa1b5ac99cd6987abafe6d690ae71cd5fd2aeeabe7589bfb4748aabdfba,blockNumber=2904
info|2023-07-09 16:27:19.082864|[RPCWS][SERVICE][updateGroupBlockNumber],groupID=group0,_blockNumber=2904
info|2023-07-09 16:27:19.082878|[RPCWS][SERVICE][onRecvBlockNotifier]block notifier callback,group=group0,node=98a7f70ec883a722219d92253cf073a72605f4087aa3443c8e4aadc0af2dc3ac647d0fa1b5ac99cd6987abafe6d690ae71cd5fd2aeeabe7589bfb4748aabdfba,blockNumber=2904
info|2023-07-09 16:27:19.082889|[WS]receive block notify,endpoint=127.0.0.1:20200,blk={
	"blockNumber" : 2904,
	"group" : "group0",
	"nodeName" : "98a7f70ec883a722219d92253cf073a72605f4087aa3443c8e4aadc0af2dc3ac647d0fa1b5ac99cd6987abafe6d690ae71cd5fd2aeeabe7589bfb4748aabdfba"
}
info|2023-07-09 16:27:19.118418|[RPC][BLOCK][NUMBER][fromJson],group=group0,node=2f993327933ad58672518b6d4f63920cbc68b80f78f4d81192552ee6362f5cc81ee13bdc678ad65f06e76444cadb53b33694cfb3fc7679b8000411975fedd28a,blockNumber=2904
info|2023-07-09 16:27:19.118471|[RPCWS][SERVICE][onRecvBlockNotifier]receive block number notifier,group=group0,node=2f993327933ad58672518b6d4f63920cbc68b80f78f4d81192552ee6362f5cc81ee13bdc678ad65f06e76444cadb53b33694cfb3fc7679b8000411975fedd28a,blockNumber=2904
info|2023-07-09 16:27:19.118483|[WS]receive block notify,endpoint=127.0.0.1:20201,blk={
	"blockNumber" : 2904,
	"group" : "group0",
	"nodeName" : "2f993327933ad58672518b6d4f63920cbc68b80f78f4d81192552ee6362f5cc81ee13bdc678ad65f06e76444cadb53b33694cfb3fc7679b8000411975fedd28a"
}
info|2023-07-09 16:27:19.621552|[RPC][BLOCK][NUMBER][fromJson],group=group0,node=98a7f70ec883a722219d92253cf073a72605f4087aa3443c8e4aadc0af2dc3ac647d0fa1b5ac99cd6987abafe6d690ae71cd5fd2aeeabe7589bfb4748aabdfba,blockNumber=2905
info|2023-07-09 16:27:19.621629|[RPCWS][SERVICE][onRecvBlockNotifier]receive block number notifier,group=group0,node=98a7f70ec883a722219d92253cf073a72605f4087aa3443c8e4aadc0af2dc3ac647d0fa1b5ac99cd6987abafe6d690ae71cd5fd2aeeabe7589bfb4748aabdfba,blockNumber=2905
info|2023-07-09 16:27:19.621639|[RPCWS][SERVICE][updateGroupBlockNumber],groupID=group0,_blockNumber=2905
info|2023-07-09 16:27:19.621647|[RPCWS][SERVICE][onRecvBlockNotifier]block notifier callback,group=group0,node=98a7f70ec883a722219d92253cf073a72605f4087aa3443c8e4aadc0af2dc3ac647d0fa1b5ac99cd6987abafe6d690ae71cd5fd2aeeabe7589bfb4748aabdfba,blockNumber=2905
info|2023-07-09 16:27:19.621655|[WS]receive block notify,endpoint=127.0.0.1:20200,blk={
	"blockNumber" : 2905,
	"group" : "group0",
	"nodeName" : "98a7f70ec883a722219d92253cf073a72605f4087aa3443c8e4aadc0af2dc3ac647d0fa1b5ac99cd6987abafe6d690ae71cd5fd2aeeabe7589bfb4748aabdfba"
}
info|2023-07-09 16:27:19.684058|[RPC][BLOCK][NUMBER][fromJson],group=group0,node=2f993327933ad58672518b6d4f63920cbc68b80f78f4d81192552ee6362f5cc81ee13bdc678ad65f06e76444cadb53b33694cfb3fc7679b8000411975fedd28a,blockNumber=2905
info|2023-07-09 16:27:19.684103|[RPCWS][SERVICE][onRecvBlockNotifier]receive block number notifier,group=group0,node=2f993327933ad58672518b6d4f63920cbc68b80f78f4d81192552ee6362f5cc81ee13bdc678ad65f06e76444cadb53b33694cfb3fc7679b8000411975fedd28a,blockNumber=2905
info|2023-07-09 16:27:19.684118|[WS]receive block notify,endpoint=127.0.0.1:20201,blk={
	"blockNumber" : 2905,
	"group" : "group0",
	"nodeName" : "2f993327933ad58672518b6d4f63920cbc68b80f78f4d81192552ee6362f5cc81ee13bdc678ad65f06e76444cadb53b33694cfb3fc7679b8000411975fedd28a"
}
info|2023-07-09 16:27:20.300450|[RPC][BLOCK][NUMBER][fromJson],group=group0,node=98a7f70ec883a722219d92253cf073a72605f4087aa3443c8e4aadc0af2dc3ac647d0fa1b5ac99cd6987abafe6d690ae71cd5fd2aeeabe7589bfb4748aabdfba,blockNumber=2906
info|2023-07-09 16:27:20.300492|[RPCWS][SERVICE][onRecvBlockNotifier]receive block number notifier,group=group0,node=98a7f70ec883a722219d92253cf073a72605f4087aa3443c8e4aadc0af2dc3ac647d0fa1b5ac99cd6987abafe6d690ae71cd5fd2aeeabe7589bfb4748aabdfba,blockNumber=2906
info|2023-07-09 16:27:20.300501|[RPCWS][SERVICE][updateGroupBlockNumber],groupID=group0,_blockNumber=2906
info|2023-07-09 16:27:20.300508|[RPCWS][SERVICE][onRecvBlockNotifier]block notifier callback,group=group0,node=98a7f70ec883a722219d92253cf073a72605f4087aa3443c8e4aadc0af2dc3ac647d0fa1b5ac99cd6987abafe6d690ae71cd5fd2aeeabe7589bfb4748aabdfba,blockNumber=2906
info|2023-07-09 16:27:20.300514|[WS]receive block notify,endpoint=127.0.0.1:20200,blk={
	"blockNumber" : 2906,
	"group" : "group0",
	"nodeName" : "98a7f70ec883a722219d92253cf073a72605f4087aa3443c8e4aadc0af2dc3ac647d0fa1b5ac99cd6987abafe6d690ae71cd5fd2aeeabe7589bfb4748aabdfba"
}
info|2023-07-09 16:27:20.336225|[RPC][BLOCK][NUMBER][fromJson],group=group0,node=2f993327933ad58672518b6d4f63920cbc68b80f78f4d81192552ee6362f5cc81ee13bdc678ad65f06e76444cadb53b33694cfb3fc7679b8000411975fedd28a,blockNumber=2906
info|2023-07-09 16:27:20.336248|[RPCWS][SERVICE][onRecvBlockNotifier]receive block number notifier,group=group0,node=2f993327933ad58672518b6d4f63920cbc68b80f78f4d81192552ee6362f5cc81ee13bdc678ad65f06e76444cadb53b33694cfb3fc7679b8000411975fedd28a,blockNumber=2906
info|2023-07-09 16:27:20.336256|[WS]receive block notify,endpoint=127.0.0.1:20201,blk={
	"blockNumber" : 2906,
	"group" : "group0",
	"nodeName" : "2f993327933ad58672518b6d4f63920cbc68b80f78f4d81192552ee6362f5cc81ee13bdc678ad65f06e76444cadb53b33694cfb3fc7679b8000411975fedd28a"
}
info|2023-07-09 16:27:20.910564|[RPC][BLOCK][NUMBER][fromJson],group=group0,node=2f993327933ad58672518b6d4f63920cbc68b80f78f4d81192552ee6362f5cc81ee13bdc678ad65f06e76444cadb53b33694cfb3fc7679b8000411975fedd28a,blockNumber=2907
info|2023-07-09 16:27:20.910601|[RPCWS][SERVICE][onRecvBlockNotifier]receive block number notifier,group=group0,node=2f993327933ad58672518b6d4f63920cbc68b80f78f4d81192552ee6362f5cc81ee13bdc678ad65f06e76444cadb53b33694cfb3fc7679b8000411975fedd28a,blockNumber=2907
info|2023-07-09 16:27:20.910611|[RPCWS][SERVICE][updateGroupBlockNumber],groupID=group0,_blockNumber=2907
info|2023-07-09 16:27:20.910618|[RPCWS][SERVICE][onRecvBlockNotifier]block notifier callback,group=group0,node=2f993327933ad58672518b6d4f63920cbc68b80f78f4d81192552ee6362f5cc81ee13bdc678ad65f06e76444cadb53b33694cfb3fc7679b8000411975fedd28a,blockNumber=2907
info|2023-07-09 16:27:20.910625|[WS]receive block notify,endpoint=127.0.0.1:20201,blk={
	"blockNumber" : 2907,
	"group" : "group0",
	"nodeName" : "2f993327933ad58672518b6d4f63920cbc68b80f78f4d81192552ee6362f5cc81ee13bdc678ad65f06e76444cadb53b33694cfb3fc7679b8000411975fedd28a"
}
info|2023-07-09 16:27:20.912966|[RPC][BLOCK][NUMBER][fromJson],group=group0,node=98a7f70ec883a722219d92253cf073a72605f4087aa3443c8e4aadc0af2dc3ac647d0fa1b5ac99cd6987abafe6d690ae71cd5fd2aeeabe7589bfb4748aabdfba,blockNumber=2907
info|2023-07-09 16:27:20.913000|[RPCWS][SERVICE][onRecvBlockNotifier]receive block number notifier,group=group0,node=98a7f70ec883a722219d92253cf073a72605f4087aa3443c8e4aadc0af2dc3ac647d0fa1b5ac99cd6987abafe6d690ae71cd5fd2aeeabe7589bfb4748aabdfba,blockNumber=2907
info|2023-07-09 16:27:20.913012|[WS]receive block notify,endpoint=127.0.0.1:20200,blk={
	"blockNumber" : 2907,
	"group" : "group0",
	"nodeName" : "98a7f70ec883a722219d92253cf073a72605f4087aa3443c8e4aadc0af2dc3ac647d0fa1b5ac99cd6987abafe6d690ae71cd5fd2aeeabe7589bfb4748aabdfba"
}
info|2023-07-09 16:27:21.434568|[RPC][BLOCK][NUMBER][fromJson],group=group0,node=98a7f70ec883a722219d92253cf073a72605f4087aa3443c8e4aadc0af2dc3ac647d0fa1b5ac99cd6987abafe6d690ae71cd5fd2aeeabe7589bfb4748aabdfba,blockNumber=2908
info|2023-07-09 16:27:21.434625|[RPCWS][SERVICE][onRecvBlockNotifier]receive block number notifier,group=group0,node=98a7f70ec883a722219d92253cf073a72605f4087aa3443c8e4aadc0af2dc3ac647d0fa1b5ac99cd6987abafe6d690ae71cd5fd2aeeabe7589bfb4748aabdfba,blockNumber=2908
info|2023-07-09 16:27:21.434633|[RPCWS][SERVICE][updateGroupBlockNumber],groupID=group0,_blockNumber=2908
info|2023-07-09 16:27:21.434640|[RPCWS][SERVICE][onRecvBlockNotifier]block notifier callback,group=group0,node=98a7f70ec883a722219d92253cf073a72605f4087aa3443c8e4aadc0af2dc3ac647d0fa1b5ac99cd6987abafe6d690ae71cd5fd2aeeabe7589bfb4748aabdfba,blockNumber=2908
info|2023-07-09 16:27:21.434646|[WS]receive block notify,endpoint=127.0.0.1:20200,blk={
	"blockNumber" : 2908,
	"group" : "group0",
	"nodeName" : "98a7f70ec883a722219d92253cf073a72605f4087aa3443c8e4aadc0af2dc3ac647d0fa1b5ac99cd6987abafe6d690ae71cd5fd2aeeabe7589bfb4748aabdfba"
}
info|2023-07-09 16:27:21.514819|[RPC][BLOCK][NUMBER][fromJson],group=group0,node=2f993327933ad58672518b6d4f63920cbc68b80f78f4d81192552ee6362f5cc81ee13bdc678ad65f06e76444cadb53b33694cfb3fc7679b8000411975fedd28a,blockNumber=2908
info|2023-07-09 16:27:21.514860|[RPCWS][SERVICE][onRecvBlockNotifier]receive block number notifier,group=group0,node=2f993327933ad58672518b6d4f63920cbc68b80f78f4d81192552ee6362f5cc81ee13bdc678ad65f06e76444cadb53b33694cfb3fc7679b8000411975fedd28a,blockNumber=2908
info|2023-07-09 16:27:21.514876|[WS]receive block notify,endpoint=127.0.0.1:20201,blk={
	"blockNumber" : 2908,
	"group" : "group0",
	"nodeName" : "2f993327933ad58672518b6d4f63920cbc68b80f78f4d81192552ee6362f5cc81ee13bdc678ad65f06e76444cadb53b33694cfb3fc7679b8000411975fedd28a"
}
info|2023-07-09 16:27:21.998316|[RPC][BLOCK][NUMBER][fromJson],group=group0,node=98a7f70ec883a722219d92253cf073a72605f4087aa3443c8e4aadc0af2dc3ac647d0fa1b5ac99cd6987abafe6d690ae71cd5fd2aeeabe7589bfb4748aabdfba,blockNumber=2909
info|2023-07-09 16:27:21.998344|[RPCWS][SERVICE][onRecvBlockNotifier]receive block number notifier,group=group0,node=98a7f70ec883a722219d92253cf073a72605f4087aa3443c8e4aadc0af2dc3ac647d0fa1b5ac99cd6987abafe6d690ae71cd5fd2aeeabe7589bfb4748aabdfba,blockNumber=2909
info|2023-07-09 16:27:21.998352|[RPCWS][SERVICE][updateGroupBlockNumber],groupID=group0,_blockNumber=2909
info|2023-07-09 16:27:21.998358|[RPCWS][SERVICE][onRecvBlockNotifier]block notifier callback,group=group0,node=98a7f70ec883a722219d92253cf073a72605f4087aa3443c8e4aadc0af2dc3ac647d0fa1b5ac99cd6987abafe6d690ae71cd5fd2aeeabe7589bfb4748aabdfba,blockNumber=2909
info|2023-07-09 16:27:21.998363|[WS]receive block notify,endpoint=127.0.0.1:20200,blk={
	"blockNumber" : 2909,
	"group" : "group0",
	"nodeName" : "98a7f70ec883a722219d92253cf073a72605f4087aa3443c8e4aadc0af2dc3ac647d0fa1b5ac99cd6987abafe6d690ae71cd5fd2aeeabe7589bfb4748aabdfba"
}
info|2023-07-09 16:27:22.019180|[RPC][BLOCK][NUMBER][fromJson],group=group0,node=2f993327933ad58672518b6d4f63920cbc68b80f78f4d81192552ee6362f5cc81ee13bdc678ad65f06e76444cadb53b33694cfb3fc7679b8000411975fedd28a,blockNumber=2909
info|2023-07-09 16:27:22.019236|[RPCWS][SERVICE][onRecvBlockNotifier]receive block number notifier,group=group0,node=2f993327933ad58672518b6d4f63920cbc68b80f78f4d81192552ee6362f5cc81ee13bdc678ad65f06e76444cadb53b33694cfb3fc7679b8000411975fedd28a,blockNumber=2909
info|2023-07-09 16:27:22.019255|[WS]receive block notify,endpoint=127.0.0.1:20201,blk={
	"blockNumber" : 2909,
	"group" : "group0",
	"nodeName" : "2f993327933ad58672518b6d4f63920cbc68b80f78f4d81192552ee6362f5cc81ee13bdc678ad65f06e76444cadb53b33694cfb3fc7679b8000411975fedd28a"
}
info|2023-07-09 16:27:22.531020|[RPC][BLOCK][NUMBER][fromJson],group=group0,node=98a7f70ec883a722219d92253cf073a72605f4087aa3443c8e4aadc0af2dc3ac647d0fa1b5ac99cd6987abafe6d690ae71cd5fd2aeeabe7589bfb4748aabdfba,blockNumber=2910
info|2023-07-09 16:27:22.531043|[RPCWS][SERVICE][onRecvBlockNotifier]receive block number notifier,group=group0,node=98a7f70ec883a722219d92253cf073a72605f4087aa3443c8e4aadc0af2dc3ac647d0fa1b5ac99cd6987abafe6d690ae71cd5fd2aeeabe7589bfb4748aabdfba,blockNumber=2910
info|2023-07-09 16:27:22.531049|[RPCWS][SERVICE][updateGroupBlockNumber],groupID=group0,_blockNumber=2910
info|2023-07-09 16:27:22.531054|[RPCWS][SERVICE][onRecvBlockNotifier]block notifier callback,group=group0,node=98a7f70ec883a722219d92253cf073a72605f4087aa3443c8e4aadc0af2dc3ac647d0fa1b5ac99cd6987abafe6d690ae71cd5fd2aeeabe7589bfb4748aabdfba,blockNumber=2910
info|2023-07-09 16:27:22.531058|[WS]receive block notify,endpoint=127.0.0.1:20200,blk={
	"blockNumber" : 2910,
	"group" : "group0",
	"nodeName" : "98a7f70ec883a722219d92253cf073a72605f4087aa3443c8e4aadc0af2dc3ac647d0fa1b5ac99cd6987abafe6d690ae71cd5fd2aeeabe7589bfb4748aabdfba"
}
info|2023-07-09 16:27:22.590083|[RPC][BLOCK][NUMBER][fromJson],group=group0,node=2f993327933ad58672518b6d4f63920cbc68b80f78f4d81192552ee6362f5cc81ee13bdc678ad65f06e76444cadb53b33694cfb3fc7679b8000411975fedd28a,blockNumber=2910
info|2023-07-09 16:27:22.590113|[RPCWS][SERVICE][onRecvBlockNotifier]receive block number notifier,group=group0,node=2f993327933ad58672518b6d4f63920cbc68b80f78f4d81192552ee6362f5cc81ee13bdc678ad65f06e76444cadb53b33694cfb3fc7679b8000411975fedd28a,blockNumber=2910
info|2023-07-09 16:27:22.590122|[WS]receive block notify,endpoint=127.0.0.1:20201,blk={
	"blockNumber" : 2910,
	"group" : "group0",
	"nodeName" : "2f993327933ad58672518b6d4f63920cbc68b80f78f4d81192552ee6362f5cc81ee13bdc678ad65f06e76444cadb53b33694cfb3fc7679b8000411975fedd28a"
}
info|2023-07-09 16:27:37.145722|[EVENT][SUB][doLoop]event sub tasks report,working event sub count=0,suspend event sub count=0
info|2023-07-09 16:27:38.209125|[SDK][WS][SERVICE]connected nodes,count=2
info|2023-07-09 16:27:57.145772|[EVENT][SUB][doLoop]event sub tasks report,working event sub count=0,suspend event sub count=0
info|2023-07-09 16:27:58.209482|[SDK][WS][SERVICE]connected nodes,count=2
info|2023-07-09 16:28:17.146508|[EVENT][SUB][doLoop]event sub tasks report,working event sub count=0,suspend event sub count=0
info|2023-07-09 16:28:18.209601|[SDK][WS][SERVICE]connected nodes,count=2
info|2023-07-09 16:28:37.146744|[EVENT][SUB][doLoop]event sub tasks report,working event sub count=0,suspend event sub count=0
info|2023-07-09 16:28:38.209947|[SDK][WS][SERVICE]connected nodes,count=2
info|2023-07-09 16:28:57.146809|[EVENT][SUB][doLoop]event sub tasks report,working event sub count=0,suspend event sub count=0
info|2023-07-09 16:28:58.210369|[SDK][WS][SERVICE]connected nodes,count=2
info|2023-07-09 16:29:17.147331|[EVENT][SUB][doLoop]event sub tasks report,working event sub count=0,suspend event sub count=0
info|2023-07-09 16:29:18.210500|[SDK][WS][SERVICE]connected nodes,count=2
info|2023-07-09 16:29:37.147469|[EVENT][SUB][doLoop]event sub tasks report,working event sub count=0,suspend event sub count=0
info|2023-07-09 16:29:38.210822|[SDK][WS][SERVICE]connected nodes,count=2
info|2023-07-09 16:29:57.147563|[EVENT][SUB][doLoop]event sub tasks report,working event sub count=0,suspend event sub count=0
info|2023-07-09 16:29:58.210956|[SDK][WS][SERVICE]connected nodes,count=2
info|2023-07-09 16:30:17.148203|[EVENT][SUB][doLoop]event sub tasks report,working event sub count=0,suspend event sub count=0
info|2023-07-09 16:30:18.211621|[SDK][WS][SERVICE]connected nodes,count=2
info|2023-07-09 16:30:37.148405|[EVENT][SUB][doLoop]event sub tasks report,working event sub count=0,suspend event sub count=0
info|2023-07-09 16:30:38.212023|[SDK][WS][SERVICE]connected nodes,count=2
info|2023-07-09 16:30:57.149031|[EVENT][SUB][doLoop]event sub tasks report,working event sub count=0,suspend event sub count=0
info|2023-07-09 16:30:58.212150|[SDK][WS][SERVICE]connected nodes,count=2
info|2023-07-09 16:31:17.149131|[EVENT][SUB][doLoop]event sub tasks report,working event sub count=0,suspend event sub count=0
info|2023-07-09 16:31:18.212831|[SDK][WS][SERVICE]connected nodes,count=2
info|2023-07-09 16:31:37.149334|[EVENT][SUB][doLoop]event sub tasks report,working event sub count=0,suspend event sub count=0
info|2023-07-09 16:31:38.213187|[SDK][WS][SERVICE]connected nodes,count=2
info|2023-07-09 16:31:57.149775|[EVENT][SUB][doLoop]event sub tasks report,working event sub count=0,suspend event sub count=0
info|2023-07-09 16:31:58.214030|[SDK][WS][SERVICE]connected nodes,count=2
info|2023-07-09 16:32:17.149968|[EVENT][SUB][doLoop]event sub tasks report,working event sub count=0,suspend event sub count=0
info|2023-07-09 16:32:18.214190|[SDK][WS][SERVICE]connected nodes,count=2
info|2023-07-09 16:32:37.150445|[EVENT][SUB][doLoop]event sub tasks report,working event sub count=0,suspend event sub count=0
info|2023-07-09 16:32:38.214547|[SDK][WS][SERVICE]connected nodes,count=2
info|2023-07-09 16:32:57.151089|[EVENT][SUB][doLoop]event sub tasks report,working event sub count=0,suspend event sub count=0
info|2023-07-09 16:32:58.215359|[SDK][WS][SERVICE]connected nodes,count=2
info|2023-07-09 16:33:17.151187|[EVENT][SUB][doLoop]event sub tasks report,working event sub count=0,suspend event sub count=0
info|2023-07-09 16:33:18.215867|[SDK][WS][SERVICE]connected nodes,count=2
info|2023-07-09 16:33:37.151871|[EVENT][SUB][doLoop]event sub tasks report,working event sub count=0,suspend event sub count=0
info|2023-07-09 16:33:38.216666|[SDK][WS][SERVICE]connected nodes,count=2
info|2023-07-09 16:33:57.152043|[EVENT][SUB][doLoop]event sub tasks report,working event sub count=0,suspend event sub count=0
info|2023-07-09 16:33:58.216842|[SDK][WS][SERVICE]connected nodes,count=2
info|2023-07-09 16:34:17.152110|[EVENT][SUB][doLoop]event sub tasks report,working event sub count=0,suspend event sub count=0
info|2023-07-09 16:34:18.217163|[SDK][WS][SERVICE]connected nodes,count=2
info|2023-07-09 16:34:37.152398|[EVENT][SUB][doLoop]event sub tasks report,working event sub count=0,suspend event sub count=0
info|2023-07-09 16:34:38.217800|[SDK][WS][SERVICE]connected nodes,count=2
info|2023-07-09 16:34:57.152613|[EVENT][SUB][doLoop]event sub tasks report,working event sub count=0,suspend event sub count=0
info|2023-07-09 16:34:58.218241|[SDK][WS][SERVICE]connected nodes,count=2
info|2023-07-09 16:35:17.153011|[EVENT][SUB][doLoop]event sub tasks report,working event sub count=0,suspend event sub count=0
info|2023-07-09 16:35:18.218491|[SDK][WS][SERVICE]connected nodes,count=2
info|2023-07-09 16:35:37.153145|[EVENT][SUB][doLoop]event sub tasks report,working event sub count=0,suspend event sub count=0
info|2023-07-09 16:35:38.218668|[SDK][WS][SERVICE]connected nodes,count=2
info|2023-07-09 16:35:57.153649|[EVENT][SUB][doLoop]event sub tasks report,working event sub count=0,suspend event sub count=0
info|2023-07-09 16:35:58.218777|[SDK][WS][SERVICE]connected nodes,count=2
info|2023-07-09 16:36:17.153904|[EVENT][SUB][doLoop]event sub tasks report,working event sub count=0,suspend event sub count=0
info|2023-07-09 16:36:18.219127|[SDK][WS][SERVICE]connected nodes,count=2
info|2023-07-09 16:36:37.154671|[EVENT][SUB][doLoop]event sub tasks report,working event sub count=0,suspend event sub count=0
info|2023-07-09 16:36:38.219312|[SDK][WS][SERVICE]connected nodes,count=2
info|2023-07-09 16:36:57.154840|[EVENT][SUB][doLoop]event sub tasks report,working event sub count=0,suspend event sub count=0
info|2023-07-09 16:36:58.219872|[SDK][WS][SERVICE]connected nodes,count=2
info|2023-07-09 16:37:17.155566|[EVENT][SUB][doLoop]event sub tasks report,working event sub count=0,suspend event sub count=0
info|2023-07-09 16:37:18.220220|[SDK][WS][SERVICE]connected nodes,count=2
info|2023-07-09 16:37:37.156195|[EVENT][SUB][doLoop]event sub tasks report,working event sub count=0,suspend event sub count=0
info|2023-07-09 16:37:38.220906|[SDK][WS][SERVICE]connected nodes,count=2
info|2023-07-09 16:37:57.156873|[EVENT][SUB][doLoop]event sub tasks report,working event sub count=0,suspend event sub count=0
info|2023-07-09 16:37:58.221703|[SDK][WS][SERVICE]connected nodes,count=2
info|2023-07-09 16:38:17.157170|[EVENT][SUB][doLoop]event sub tasks report,working event sub count=0,suspend event sub count=0
info|2023-07-09 16:38:18.221909|[SDK][WS][SERVICE]connected nodes,count=2
info|2023-07-09 16:38:37.157289|[EVENT][SUB][doLoop]event sub tasks report,working event sub count=0,suspend event sub count=0
info|2023-07-09 16:38:38.222471|[SDK][WS][SERVICE]connected nodes,count=2
info|2023-07-09 16:38:57.157960|[EVENT][SUB][doLoop]event sub tasks report,working event sub count=0,suspend event sub count=0
info|2023-07-09 16:38:58.223511|[SDK][WS][SERVICE]connected nodes,count=2
info|2023-07-09 16:39:17.158251|[EVENT][SUB][doLoop]event sub tasks report,working event sub count=0,suspend event sub count=0
info|2023-07-09 16:39:18.224308|[SDK][WS][SERVICE]connected nodes,count=2
info|2023-07-09 16:39:37.158398|[EVENT][SUB][doLoop]event sub tasks report,working event sub count=0,suspend event sub count=0
info|2023-07-09 16:39:38.224755|[SDK][WS][SERVICE]connected nodes,count=2
info|2023-07-09 16:39:57.159194|[EVENT][SUB][doLoop]event sub tasks report,working event sub count=0,suspend event sub count=0
info|2023-07-09 16:39:58.224961|[SDK][WS][SERVICE]connected nodes,count=2
info|2023-07-09 16:40:17.159427|[EVENT][SUB][doLoop]event sub tasks report,working event sub count=0,suspend event sub count=0
info|2023-07-09 16:40:18.225490|[SDK][WS][SERVICE]connected nodes,count=2
info|2023-07-09 16:40:37.159779|[EVENT][SUB][doLoop]event sub tasks report,working event sub count=0,suspend event sub count=0
info|2023-07-09 16:40:38.226052|[SDK][WS][SERVICE]connected nodes,count=2
info|2023-07-09 16:40:57.160187|[EVENT][SUB][doLoop]event sub tasks report,working event sub count=0,suspend event sub count=0
info|2023-07-09 16:40:58.226724|[SDK][WS][SERVICE]connected nodes,count=2
info|2023-07-09 16:41:17.160716|[EVENT][SUB][doLoop]event sub tasks report,working event sub count=0,suspend event sub count=0
info|2023-07-09 16:41:18.227217|[SDK][WS][SERVICE]connected nodes,count=2
info|2023-07-09 16:41:37.161237|[EVENT][SUB][doLoop]event sub tasks report,working event sub count=0,suspend event sub count=0
info|2023-07-09 16:41:38.227646|[SDK][WS][SERVICE]connected nodes,count=2
info|2023-07-09 16:41:57.161541|[EVENT][SUB][doLoop]event sub tasks report,working event sub count=0,suspend event sub count=0
info|2023-07-09 16:41:58.227867|[SDK][WS][SERVICE]connected nodes,count=2
info|2023-07-09 16:42:17.161855|[EVENT][SUB][doLoop]event sub tasks report,working event sub count=0,suspend event sub count=0
info|2023-07-09 16:42:18.228349|[SDK][WS][SERVICE]connected nodes,count=2
info|2023-07-09 16:42:37.162439|[EVENT][SUB][doLoop]event sub tasks report,working event sub count=0,suspend event sub count=0
info|2023-07-09 16:42:38.228483|[SDK][WS][SERVICE]connected nodes,count=2
info|2023-07-09 16:42:57.162535|[EVENT][SUB][doLoop]event sub tasks report,working event sub count=0,suspend event sub count=0
info|2023-07-09 16:42:58.228628|[SDK][WS][SERVICE]connected nodes,count=2
info|2023-07-09 16:43:17.162674|[EVENT][SUB][doLoop]event sub tasks report,working event sub count=0,suspend event sub count=0
info|2023-07-09 16:43:18.229435|[SDK][WS][SERVICE]connected nodes,count=2
info|2023-07-09 16:43:37.162961|[EVENT][SUB][doLoop]event sub tasks report,working event sub count=0,suspend event sub count=0
info|2023-07-09 16:43:38.229809|[SDK][WS][SERVICE]connected nodes,count=2
info|2023-07-09 16:43:57.163492|[EVENT][SUB][doLoop]event sub tasks report,working event sub count=0,suspend event sub count=0
info|2023-07-09 16:43:58.229920|[SDK][WS][SERVICE]connected nodes,count=2
info|2023-07-09 16:44:17.163938|[EVENT][SUB][doLoop]event sub tasks report,working event sub count=0,suspend event sub count=0
info|2023-07-09 16:44:18.230484|[SDK][WS][SERVICE]connected nodes,count=2
info|2023-07-09 16:44:37.164224|[EVENT][SUB][doLoop]event sub tasks report,working event sub count=0,suspend event sub count=0
info|2023-07-09 16:44:38.230623|[SDK][WS][SERVICE]connected nodes,count=2
info|2023-07-09 16:44:57.164468|[EVENT][SUB][doLoop]event sub tasks report,working event sub count=0,suspend event sub count=0
info|2023-07-09 16:44:58.231209|[SDK][WS][SERVICE]connected nodes,count=2
info|2023-07-09 16:45:17.164985|[EVENT][SUB][doLoop]event sub tasks report,working event sub count=0,suspend event sub count=0
info|2023-07-09 16:45:18.231481|[SDK][WS][SERVICE]connected nodes,count=2
info|2023-07-09 16:45:37.165346|[EVENT][SUB][doLoop]event sub tasks report,working event sub count=0,suspend event sub count=0
info|2023-07-09 16:45:38.232198|[SDK][WS][SERVICE]connected nodes,count=2
info|2023-07-09 16:45:57.165614|[EVENT][SUB][doLoop]event sub tasks report,working event sub count=0,suspend event sub count=0
info|2023-07-09 16:45:58.232296|[SDK][WS][SERVICE]connected nodes,count=2
info|2023-07-09 16:46:17.166467|[EVENT][SUB][doLoop]event sub tasks report,working event sub count=0,suspend event sub count=0
info|2023-07-09 16:46:18.232685|[SDK][WS][SERVICE]connected nodes,count=2
info|2023-07-09 16:46:37.166968|[EVENT][SUB][doLoop]event sub tasks report,working event sub count=0,suspend event sub count=0
info|2023-07-09 16:46:38.233140|[SDK][WS][SERVICE]connected nodes,count=2
info|2023-07-09 16:46:57.167158|[EVENT][SUB][doLoop]event sub tasks report,working event sub count=0,suspend event sub count=0
info|2023-07-09 16:46:58.233867|[SDK][WS][SERVICE]connected nodes,count=2
info|2023-07-09 16:47:17.167649|[EVENT][SUB][doLoop]event sub tasks report,working event sub count=0,suspend event sub count=0
info|2023-07-09 16:47:18.234654|[SDK][WS][SERVICE]connected nodes,count=2
info|2023-07-09 16:47:37.167839|[EVENT][SUB][doLoop]event sub tasks report,working event sub count=0,suspend event sub count=0
info|2023-07-09 16:47:38.234993|[SDK][WS][SERVICE]connected nodes,count=2
info|2023-07-09 16:47:57.168331|[EVENT][SUB][doLoop]event sub tasks report,working event sub count=0,suspend event sub count=0
info|2023-07-09 16:47:58.235486|[SDK][WS][SERVICE]connected nodes,count=2
info|2023-07-09 16:48:17.168409|[EVENT][SUB][doLoop]event sub tasks report,working event sub count=0,suspend event sub count=0
info|2023-07-09 16:48:18.235900|[SDK][WS][SERVICE]connected nodes,count=2
info|2023-07-09 16:48:37.168532|[EVENT][SUB][doLoop]event sub tasks report,working event sub count=0,suspend event sub count=0
info|2023-07-09 16:48:38.236147|[SDK][WS][SERVICE]connected nodes,count=2
info|2023-07-09 16:48:57.168695|[EVENT][SUB][doLoop]event sub tasks report,working event sub count=0,suspend event sub count=0
info|2023-07-09 16:48:58.236346|[SDK][WS][SERVICE]connected nodes,count=2
info|2023-07-09 16:49:17.169019|[EVENT][SUB][doLoop]event sub tasks report,working event sub count=0,suspend event sub count=0
info|2023-07-09 16:49:18.236889|[SDK][WS][SERVICE]connected nodes,count=2
info|2023-07-09 16:49:37.169212|[EVENT][SUB][doLoop]event sub tasks report,working event sub count=0,suspend event sub count=0
info|2023-07-09 16:49:38.237415|[SDK][WS][SERVICE]connected nodes,count=2
info|2023-07-09 16:49:57.169417|[EVENT][SUB][doLoop]event sub tasks report,working event sub count=0,suspend event sub count=0
info|2023-07-09 16:49:58.238121|[SDK][WS][SERVICE]connected nodes,count=2
info|2023-07-09 16:50:17.169791|[EVENT][SUB][doLoop]event sub tasks report,working event sub count=0,suspend event sub count=0
info|2023-07-09 16:50:18.238473|[SDK][WS][SERVICE]connected nodes,count=2
info|2023-07-09 16:50:37.170016|[EVENT][SUB][doLoop]event sub tasks report,working event sub count=0,suspend event sub count=0
info|2023-07-09 16:50:38.239136|[SDK][WS][SERVICE]connected nodes,count=2
info|2023-07-09 16:50:57.170099|[EVENT][SUB][doLoop]event sub tasks report,working event sub count=0,suspend event sub count=0
info|2023-07-09 16:50:58.239572|[SDK][WS][SERVICE]connected nodes,count=2
info|2023-07-09 16:51:17.170453|[EVENT][SUB][doLoop]event sub tasks report,working event sub count=0,suspend event sub count=0
info|2023-07-09 16:51:18.239736|[SDK][WS][SERVICE]connected nodes,count=2
info|2023-07-09 16:51:37.170507|[EVENT][SUB][doLoop]event sub tasks report,working event sub count=0,suspend event sub count=0
info|2023-07-09 16:51:38.240088|[SDK][WS][SERVICE]connected nodes,count=2
info|2023-07-09 16:51:57.170572|[EVENT][SUB][doLoop]event sub tasks report,working event sub count=0,suspend event sub count=0
info|2023-07-09 16:51:58.240395|[SDK][WS][SERVICE]connected nodes,count=2
info|2023-07-09 16:52:17.171119|[EVENT][SUB][doLoop]event sub tasks report,working event sub count=0,suspend event sub count=0
info|2023-07-09 16:52:18.241000|[SDK][WS][SERVICE]connected nodes,count=2
info|2023-07-09 16:52:37.171856|[EVENT][SUB][doLoop]event sub tasks report,working event sub count=0,suspend event sub count=0
info|2023-07-09 16:52:38.241508|[SDK][WS][SERVICE]connected nodes,count=2
info|2023-07-09 16:52:57.171918|[EVENT][SUB][doLoop]event sub tasks report,working event sub count=0,suspend event sub count=0
info|2023-07-09 16:52:58.241666|[SDK][WS][SERVICE]connected nodes,count=2
info|2023-07-09 16:53:17.172033|[EVENT][SUB][doLoop]event sub tasks report,working event sub count=0,suspend event sub count=0
info|2023-07-09 16:53:18.242470|[SDK][WS][SERVICE]connected nodes,count=2
info|2023-07-09 16:53:37.172762|[EVENT][SUB][doLoop]event sub tasks report,working event sub count=0,suspend event sub count=0
info|2023-07-09 16:53:38.243381|[SDK][WS][SERVICE]connected nodes,count=2
info|2023-07-09 16:53:57.173250|[EVENT][SUB][doLoop]event sub tasks report,working event sub count=0,suspend event sub count=0
info|2023-07-09 16:53:58.243792|[SDK][WS][SERVICE]connected nodes,count=2
info|2023-07-09 16:54:17.173441|[EVENT][SUB][doLoop]event sub tasks report,working event sub count=0,suspend event sub count=0
info|2023-07-09 16:54:18.244198|[SDK][WS][SERVICE]connected nodes,count=2
info|2023-07-09 16:54:37.173914|[EVENT][SUB][doLoop]event sub tasks report,working event sub count=0,suspend event sub count=0
info|2023-07-09 16:54:38.244371|[SDK][WS][SERVICE]connected nodes,count=2
info|2023-07-09 16:54:57.174260|[EVENT][SUB][doLoop]event sub tasks report,working event sub count=0,suspend event sub count=0
info|2023-07-09 16:54:58.244494|[SDK][WS][SERVICE]connected nodes,count=2
info|2023-07-09 16:55:17.174356|[EVENT][SUB][doLoop]event sub tasks report,working event sub count=0,suspend event sub count=0
info|2023-07-09 16:55:18.244786|[SDK][WS][SERVICE]connected nodes,count=2
info|2023-07-09 16:55:37.174493|[EVENT][SUB][doLoop]event sub tasks report,working event sub count=0,suspend event sub count=0
info|2023-07-09 16:55:38.245088|[SDK][WS][SERVICE]connected nodes,count=2
info|2023-07-09 16:55:57.174834|[EVENT][SUB][doLoop]event sub tasks report,working event sub count=0,suspend event sub count=0
info|2023-07-09 16:55:58.245352|[SDK][WS][SERVICE]connected nodes,count=2
info|2023-07-09 16:56:17.175124|[EVENT][SUB][doLoop]event sub tasks report,working event sub count=0,suspend event sub count=0
info|2023-07-09 16:56:18.245534|[SDK][WS][SERVICE]connected nodes,count=2
info|2023-07-09 16:56:37.175237|[EVENT][SUB][doLoop]event sub tasks report,working event sub count=0,suspend event sub count=0
info|2023-07-09 16:56:38.246064|[SDK][WS][SERVICE]connected nodes,count=2
info|2023-07-09 16:56:57.175702|[EVENT][SUB][doLoop]event sub tasks report,working event sub count=0,suspend event sub count=0
info|2023-07-09 16:56:58.246754|[SDK][WS][SERVICE]connected nodes,count=2
info|2023-07-09 16:57:13.864981|[RPC][BLOCK][NUMBER][fromJson],group=group0,node=98a7f70ec883a722219d92253cf073a72605f4087aa3443c8e4aadc0af2dc3ac647d0fa1b5ac99cd6987abafe6d690ae71cd5fd2aeeabe7589bfb4748aabdfba,blockNumber=2911
info|2023-07-09 16:57:13.865017|[RPCWS][SERVICE][onRecvBlockNotifier]receive block number notifier,group=group0,node=98a7f70ec883a722219d92253cf073a72605f4087aa3443c8e4aadc0af2dc3ac647d0fa1b5ac99cd6987abafe6d690ae71cd5fd2aeeabe7589bfb4748aabdfba,blockNumber=2911
info|2023-07-09 16:57:13.865024|[RPCWS][SERVICE][updateGroupBlockNumber],groupID=group0,_blockNumber=2911
info|2023-07-09 16:57:13.865028|[RPCWS][SERVICE][onRecvBlockNotifier]block notifier callback,group=group0,node=98a7f70ec883a722219d92253cf073a72605f4087aa3443c8e4aadc0af2dc3ac647d0fa1b5ac99cd6987abafe6d690ae71cd5fd2aeeabe7589bfb4748aabdfba,blockNumber=2911
info|2023-07-09 16:57:13.865032|[WS]receive block notify,endpoint=127.0.0.1:20200,blk={
	"blockNumber" : 2911,
	"group" : "group0",
	"nodeName" : "98a7f70ec883a722219d92253cf073a72605f4087aa3443c8e4aadc0af2dc3ac647d0fa1b5ac99cd6987abafe6d690ae71cd5fd2aeeabe7589bfb4748aabdfba"
}
info|2023-07-09 16:57:13.889473|[RPC][BLOCK][NUMBER][fromJson],group=group0,node=2f993327933ad58672518b6d4f63920cbc68b80f78f4d81192552ee6362f5cc81ee13bdc678ad65f06e76444cadb53b33694cfb3fc7679b8000411975fedd28a,blockNumber=2911
info|2023-07-09 16:57:13.889507|[RPCWS][SERVICE][onRecvBlockNotifier]receive block number notifier,group=group0,node=2f993327933ad58672518b6d4f63920cbc68b80f78f4d81192552ee6362f5cc81ee13bdc678ad65f06e76444cadb53b33694cfb3fc7679b8000411975fedd28a,blockNumber=2911
info|2023-07-09 16:57:13.889514|[WS]receive block notify,endpoint=127.0.0.1:20201,blk={
	"blockNumber" : 2911,
	"group" : "group0",
	"nodeName" : "2f993327933ad58672518b6d4f63920cbc68b80f78f4d81192552ee6362f5cc81ee13bdc678ad65f06e76444cadb53b33694cfb3fc7679b8000411975fedd28a"
}
info|2023-07-09 16:57:14.394417|[RPC][BLOCK][NUMBER][fromJson],group=group0,node=98a7f70ec883a722219d92253cf073a72605f4087aa3443c8e4aadc0af2dc3ac647d0fa1b5ac99cd6987abafe6d690ae71cd5fd2aeeabe7589bfb4748aabdfba,blockNumber=2912
info|2023-07-09 16:57:14.394451|[RPCWS][SERVICE][onRecvBlockNotifier]receive block number notifier,group=group0,node=98a7f70ec883a722219d92253cf073a72605f4087aa3443c8e4aadc0af2dc3ac647d0fa1b5ac99cd6987abafe6d690ae71cd5fd2aeeabe7589bfb4748aabdfba,blockNumber=2912
info|2023-07-09 16:57:14.394458|[RPCWS][SERVICE][updateGroupBlockNumber],groupID=group0,_blockNumber=2912
info|2023-07-09 16:57:14.394462|[RPCWS][SERVICE][onRecvBlockNotifier]block notifier callback,group=group0,node=98a7f70ec883a722219d92253cf073a72605f4087aa3443c8e4aadc0af2dc3ac647d0fa1b5ac99cd6987abafe6d690ae71cd5fd2aeeabe7589bfb4748aabdfba,blockNumber=2912
info|2023-07-09 16:57:14.394466|[WS]receive block notify,endpoint=127.0.0.1:20200,blk={
	"blockNumber" : 2912,
	"group" : "group0",
	"nodeName" : "98a7f70ec883a722219d92253cf073a72605f4087aa3443c8e4aadc0af2dc3ac647d0fa1b5ac99cd6987abafe6d690ae71cd5fd2aeeabe7589bfb4748aabdfba"
}
info|2023-07-09 16:57:14.408285|[RPC][BLOCK][NUMBER][fromJson],group=group0,node=2f993327933ad58672518b6d4f63920cbc68b80f78f4d81192552ee6362f5cc81ee13bdc678ad65f06e76444cadb53b33694cfb3fc7679b8000411975fedd28a,blockNumber=2912
info|2023-07-09 16:57:14.408337|[RPCWS][SERVICE][onRecvBlockNotifier]receive block number notifier,group=group0,node=2f993327933ad58672518b6d4f63920cbc68b80f78f4d81192552ee6362f5cc81ee13bdc678ad65f06e76444cadb53b33694cfb3fc7679b8000411975fedd28a,blockNumber=2912
info|2023-07-09 16:57:14.408346|[WS]receive block notify,endpoint=127.0.0.1:20201,blk={
	"blockNumber" : 2912,
	"group" : "group0",
	"nodeName" : "2f993327933ad58672518b6d4f63920cbc68b80f78f4d81192552ee6362f5cc81ee13bdc678ad65f06e76444cadb53b33694cfb3fc7679b8000411975fedd28a"
}
info|2023-07-09 16:57:14.953957|[RPC][BLOCK][NUMBER][fromJson],group=group0,node=98a7f70ec883a722219d92253cf073a72605f4087aa3443c8e4aadc0af2dc3ac647d0fa1b5ac99cd6987abafe6d690ae71cd5fd2aeeabe7589bfb4748aabdfba,blockNumber=2913
info|2023-07-09 16:57:14.953992|[RPCWS][SERVICE][onRecvBlockNotifier]receive block number notifier,group=group0,node=98a7f70ec883a722219d92253cf073a72605f4087aa3443c8e4aadc0af2dc3ac647d0fa1b5ac99cd6987abafe6d690ae71cd5fd2aeeabe7589bfb4748aabdfba,blockNumber=2913
info|2023-07-09 16:57:14.953998|[RPCWS][SERVICE][updateGroupBlockNumber],groupID=group0,_blockNumber=2913
info|2023-07-09 16:57:14.954002|[RPCWS][SERVICE][onRecvBlockNotifier]block notifier callback,group=group0,node=98a7f70ec883a722219d92253cf073a72605f4087aa3443c8e4aadc0af2dc3ac647d0fa1b5ac99cd6987abafe6d690ae71cd5fd2aeeabe7589bfb4748aabdfba,blockNumber=2913
info|2023-07-09 16:57:14.954005|[WS]receive block notify,endpoint=127.0.0.1:20200,blk={
	"blockNumber" : 2913,
	"group" : "group0",
	"nodeName" : "98a7f70ec883a722219d92253cf073a72605f4087aa3443c8e4aadc0af2dc3ac647d0fa1b5ac99cd6987abafe6d690ae71cd5fd2aeeabe7589bfb4748aabdfba"
}
info|2023-07-09 16:57:15.078970|[RPC][BLOCK][NUMBER][fromJson],group=group0,node=2f993327933ad58672518b6d4f63920cbc68b80f78f4d81192552ee6362f5cc81ee13bdc678ad65f06e76444cadb53b33694cfb3fc7679b8000411975fedd28a,blockNumber=2913
info|2023-07-09 16:57:15.078992|[RPCWS][SERVICE][onRecvBlockNotifier]receive block number notifier,group=group0,node=2f993327933ad58672518b6d4f63920cbc68b80f78f4d81192552ee6362f5cc81ee13bdc678ad65f06e76444cadb53b33694cfb3fc7679b8000411975fedd28a,blockNumber=2913
info|2023-07-09 16:57:15.078998|[WS]receive block notify,endpoint=127.0.0.1:20201,blk={
	"blockNumber" : 2913,
	"group" : "group0",
	"nodeName" : "2f993327933ad58672518b6d4f63920cbc68b80f78f4d81192552ee6362f5cc81ee13bdc678ad65f06e76444cadb53b33694cfb3fc7679b8000411975fedd28a"
}
info|2023-07-09 16:57:15.622908|[RPC][BLOCK][NUMBER][fromJson],group=group0,node=98a7f70ec883a722219d92253cf073a72605f4087aa3443c8e4aadc0af2dc3ac647d0fa1b5ac99cd6987abafe6d690ae71cd5fd2aeeabe7589bfb4748aabdfba,blockNumber=2914
info|2023-07-09 16:57:15.622927|[RPCWS][SERVICE][onRecvBlockNotifier]receive block number notifier,group=group0,node=98a7f70ec883a722219d92253cf073a72605f4087aa3443c8e4aadc0af2dc3ac647d0fa1b5ac99cd6987abafe6d690ae71cd5fd2aeeabe7589bfb4748aabdfba,blockNumber=2914
info|2023-07-09 16:57:15.622932|[RPCWS][SERVICE][updateGroupBlockNumber],groupID=group0,_blockNumber=2914
info|2023-07-09 16:57:15.622937|[RPCWS][SERVICE][onRecvBlockNotifier]block notifier callback,group=group0,node=98a7f70ec883a722219d92253cf073a72605f4087aa3443c8e4aadc0af2dc3ac647d0fa1b5ac99cd6987abafe6d690ae71cd5fd2aeeabe7589bfb4748aabdfba,blockNumber=2914
info|2023-07-09 16:57:15.622940|[WS]receive block notify,endpoint=127.0.0.1:20200,blk={
	"blockNumber" : 2914,
	"group" : "group0",
	"nodeName" : "98a7f70ec883a722219d92253cf073a72605f4087aa3443c8e4aadc0af2dc3ac647d0fa1b5ac99cd6987abafe6d690ae71cd5fd2aeeabe7589bfb4748aabdfba"
}
info|2023-07-09 16:57:15.653641|[RPC][BLOCK][NUMBER][fromJson],group=group0,node=2f993327933ad58672518b6d4f63920cbc68b80f78f4d81192552ee6362f5cc81ee13bdc678ad65f06e76444cadb53b33694cfb3fc7679b8000411975fedd28a,blockNumber=2914
info|2023-07-09 16:57:15.653661|[RPCWS][SERVICE][onRecvBlockNotifier]receive block number notifier,group=group0,node=2f993327933ad58672518b6d4f63920cbc68b80f78f4d81192552ee6362f5cc81ee13bdc678ad65f06e76444cadb53b33694cfb3fc7679b8000411975fedd28a,blockNumber=2914
info|2023-07-09 16:57:15.653667|[WS]receive block notify,endpoint=127.0.0.1:20201,blk={
	"blockNumber" : 2914,
	"group" : "group0",
	"nodeName" : "2f993327933ad58672518b6d4f63920cbc68b80f78f4d81192552ee6362f5cc81ee13bdc678ad65f06e76444cadb53b33694cfb3fc7679b8000411975fedd28a"
}
info|2023-07-09 16:57:16.199893|[RPC][BLOCK][NUMBER][fromJson],group=group0,node=98a7f70ec883a722219d92253cf073a72605f4087aa3443c8e4aadc0af2dc3ac647d0fa1b5ac99cd6987abafe6d690ae71cd5fd2aeeabe7589bfb4748aabdfba,blockNumber=2915
info|2023-07-09 16:57:16.199927|[RPCWS][SERVICE][onRecvBlockNotifier]receive block number notifier,group=group0,node=98a7f70ec883a722219d92253cf073a72605f4087aa3443c8e4aadc0af2dc3ac647d0fa1b5ac99cd6987abafe6d690ae71cd5fd2aeeabe7589bfb4748aabdfba,blockNumber=2915
info|2023-07-09 16:57:16.199932|[RPCWS][SERVICE][updateGroupBlockNumber],groupID=group0,_blockNumber=2915
info|2023-07-09 16:57:16.199936|[RPCWS][SERVICE][onRecvBlockNotifier]block notifier callback,group=group0,node=98a7f70ec883a722219d92253cf073a72605f4087aa3443c8e4aadc0af2dc3ac647d0fa1b5ac99cd6987abafe6d690ae71cd5fd2aeeabe7589bfb4748aabdfba,blockNumber=2915
info|2023-07-09 16:57:16.199939|[WS]receive block notify,endpoint=127.0.0.1:20200,blk={
	"blockNumber" : 2915,
	"group" : "group0",
	"nodeName" : "98a7f70ec883a722219d92253cf073a72605f4087aa3443c8e4aadc0af2dc3ac647d0fa1b5ac99cd6987abafe6d690ae71cd5fd2aeeabe7589bfb4748aabdfba"
}
info|2023-07-09 16:57:16.235875|[RPC][BLOCK][NUMBER][fromJson],group=group0,node=2f993327933ad58672518b6d4f63920cbc68b80f78f4d81192552ee6362f5cc81ee13bdc678ad65f06e76444cadb53b33694cfb3fc7679b8000411975fedd28a,blockNumber=2915
info|2023-07-09 16:57:16.235897|[RPCWS][SERVICE][onRecvBlockNotifier]receive block number notifier,group=group0,node=2f993327933ad58672518b6d4f63920cbc68b80f78f4d81192552ee6362f5cc81ee13bdc678ad65f06e76444cadb53b33694cfb3fc7679b8000411975fedd28a,blockNumber=2915
info|2023-07-09 16:57:16.235903|[WS]receive block notify,endpoint=127.0.0.1:20201,blk={
	"blockNumber" : 2915,
	"group" : "group0",
	"nodeName" : "2f993327933ad58672518b6d4f63920cbc68b80f78f4d81192552ee6362f5cc81ee13bdc678ad65f06e76444cadb53b33694cfb3fc7679b8000411975fedd28a"
}
info|2023-07-09 16:57:16.740305|[RPC][BLOCK][NUMBER][fromJson],group=group0,node=98a7f70ec883a722219d92253cf073a72605f4087aa3443c8e4aadc0af2dc3ac647d0fa1b5ac99cd6987abafe6d690ae71cd5fd2aeeabe7589bfb4748aabdfba,blockNumber=2916
info|2023-07-09 16:57:16.740326|[RPCWS][SERVICE][onRecvBlockNotifier]receive block number notifier,group=group0,node=98a7f70ec883a722219d92253cf073a72605f4087aa3443c8e4aadc0af2dc3ac647d0fa1b5ac99cd6987abafe6d690ae71cd5fd2aeeabe7589bfb4748aabdfba,blockNumber=2916
info|2023-07-09 16:57:16.740331|[RPCWS][SERVICE][updateGroupBlockNumber],groupID=group0,_blockNumber=2916
info|2023-07-09 16:57:16.740335|[RPCWS][SERVICE][onRecvBlockNotifier]block notifier callback,group=group0,node=98a7f70ec883a722219d92253cf073a72605f4087aa3443c8e4aadc0af2dc3ac647d0fa1b5ac99cd6987abafe6d690ae71cd5fd2aeeabe7589bfb4748aabdfba,blockNumber=2916
info|2023-07-09 16:57:16.740339|[WS]receive block notify,endpoint=127.0.0.1:20200,blk={
	"blockNumber" : 2916,
	"group" : "group0",
	"nodeName" : "98a7f70ec883a722219d92253cf073a72605f4087aa3443c8e4aadc0af2dc3ac647d0fa1b5ac99cd6987abafe6d690ae71cd5fd2aeeabe7589bfb4748aabdfba"
}
info|2023-07-09 16:57:16.770912|[RPC][BLOCK][NUMBER][fromJson],group=group0,node=2f993327933ad58672518b6d4f63920cbc68b80f78f4d81192552ee6362f5cc81ee13bdc678ad65f06e76444cadb53b33694cfb3fc7679b8000411975fedd28a,blockNumber=2916
info|2023-07-09 16:57:16.770934|[RPCWS][SERVICE][onRecvBlockNotifier]receive block number notifier,group=group0,node=2f993327933ad58672518b6d4f63920cbc68b80f78f4d81192552ee6362f5cc81ee13bdc678ad65f06e76444cadb53b33694cfb3fc7679b8000411975fedd28a,blockNumber=2916
info|2023-07-09 16:57:16.770941|[WS]receive block notify,endpoint=127.0.0.1:20201,blk={
	"blockNumber" : 2916,
	"group" : "group0",
	"nodeName" : "2f993327933ad58672518b6d4f63920cbc68b80f78f4d81192552ee6362f5cc81ee13bdc678ad65f06e76444cadb53b33694cfb3fc7679b8000411975fedd28a"
}
info|2023-07-09 16:57:17.175787|[EVENT][SUB][doLoop]event sub tasks report,working event sub count=0,suspend event sub count=0
info|2023-07-09 16:57:17.288729|[RPC][BLOCK][NUMBER][fromJson],group=group0,node=2f993327933ad58672518b6d4f63920cbc68b80f78f4d81192552ee6362f5cc81ee13bdc678ad65f06e76444cadb53b33694cfb3fc7679b8000411975fedd28a,blockNumber=2917
info|2023-07-09 16:57:17.288752|[RPCWS][SERVICE][onRecvBlockNotifier]receive block number notifier,group=group0,node=2f993327933ad58672518b6d4f63920cbc68b80f78f4d81192552ee6362f5cc81ee13bdc678ad65f06e76444cadb53b33694cfb3fc7679b8000411975fedd28a,blockNumber=2917
info|2023-07-09 16:57:17.288757|[RPCWS][SERVICE][updateGroupBlockNumber],groupID=group0,_blockNumber=2917
info|2023-07-09 16:57:17.288761|[RPCWS][SERVICE][onRecvBlockNotifier]block notifier callback,group=group0,node=2f993327933ad58672518b6d4f63920cbc68b80f78f4d81192552ee6362f5cc81ee13bdc678ad65f06e76444cadb53b33694cfb3fc7679b8000411975fedd28a,blockNumber=2917
info|2023-07-09 16:57:17.288764|[WS]receive block notify,endpoint=127.0.0.1:20201,blk={
	"blockNumber" : 2917,
	"group" : "group0",
	"nodeName" : "2f993327933ad58672518b6d4f63920cbc68b80f78f4d81192552ee6362f5cc81ee13bdc678ad65f06e76444cadb53b33694cfb3fc7679b8000411975fedd28a"
}
info|2023-07-09 16:57:17.293085|[RPC][BLOCK][NUMBER][fromJson],group=group0,node=98a7f70ec883a722219d92253cf073a72605f4087aa3443c8e4aadc0af2dc3ac647d0fa1b5ac99cd6987abafe6d690ae71cd5fd2aeeabe7589bfb4748aabdfba,blockNumber=2917
info|2023-07-09 16:57:17.293107|[RPCWS][SERVICE][onRecvBlockNotifier]receive block number notifier,group=group0,node=98a7f70ec883a722219d92253cf073a72605f4087aa3443c8e4aadc0af2dc3ac647d0fa1b5ac99cd6987abafe6d690ae71cd5fd2aeeabe7589bfb4748aabdfba,blockNumber=2917
info|2023-07-09 16:57:17.293114|[WS]receive block notify,endpoint=127.0.0.1:20200,blk={
	"blockNumber" : 2917,
	"group" : "group0",
	"nodeName" : "98a7f70ec883a722219d92253cf073a72605f4087aa3443c8e4aadc0af2dc3ac647d0fa1b5ac99cd6987abafe6d690ae71cd5fd2aeeabe7589bfb4748aabdfba"
}
info|2023-07-09 16:57:17.842867|[RPC][BLOCK][NUMBER][fromJson],group=group0,node=98a7f70ec883a722219d92253cf073a72605f4087aa3443c8e4aadc0af2dc3ac647d0fa1b5ac99cd6987abafe6d690ae71cd5fd2aeeabe7589bfb4748aabdfba,blockNumber=2918
info|2023-07-09 16:57:17.842887|[RPCWS][SERVICE][onRecvBlockNotifier]receive block number notifier,group=group0,node=98a7f70ec883a722219d92253cf073a72605f4087aa3443c8e4aadc0af2dc3ac647d0fa1b5ac99cd6987abafe6d690ae71cd5fd2aeeabe7589bfb4748aabdfba,blockNumber=2918
info|2023-07-09 16:57:17.842892|[RPCWS][SERVICE][updateGroupBlockNumber],groupID=group0,_blockNumber=2918
info|2023-07-09 16:57:17.842897|[RPCWS][SERVICE][onRecvBlockNotifier]block notifier callback,group=group0,node=98a7f70ec883a722219d92253cf073a72605f4087aa3443c8e4aadc0af2dc3ac647d0fa1b5ac99cd6987abafe6d690ae71cd5fd2aeeabe7589bfb4748aabdfba,blockNumber=2918
info|2023-07-09 16:57:17.842901|[WS]receive block notify,endpoint=127.0.0.1:20200,blk={
	"blockNumber" : 2918,
	"group" : "group0",
	"nodeName" : "98a7f70ec883a722219d92253cf073a72605f4087aa3443c8e4aadc0af2dc3ac647d0fa1b5ac99cd6987abafe6d690ae71cd5fd2aeeabe7589bfb4748aabdfba"
}
info|2023-07-09 16:57:17.919514|[RPC][BLOCK][NUMBER][fromJson],group=group0,node=2f993327933ad58672518b6d4f63920cbc68b80f78f4d81192552ee6362f5cc81ee13bdc678ad65f06e76444cadb53b33694cfb3fc7679b8000411975fedd28a,blockNumber=2918
info|2023-07-09 16:57:17.919553|[RPCWS][SERVICE][onRecvBlockNotifier]receive block number notifier,group=group0,node=2f993327933ad58672518b6d4f63920cbc68b80f78f4d81192552ee6362f5cc81ee13bdc678ad65f06e76444cadb53b33694cfb3fc7679b8000411975fedd28a,blockNumber=2918
info|2023-07-09 16:57:17.919559|[WS]receive block notify,endpoint=127.0.0.1:20201,blk={
	"blockNumber" : 2918,
	"group" : "group0",
	"nodeName" : "2f993327933ad58672518b6d4f63920cbc68b80f78f4d81192552ee6362f5cc81ee13bdc678ad65f06e76444cadb53b33694cfb3fc7679b8000411975fedd28a"
}
info|2023-07-09 16:57:18.247174|[SDK][WS][SERVICE]connected nodes,count=2
info|2023-07-09 16:57:18.391378|[RPC][BLOCK][NUMBER][fromJson],group=group0,node=98a7f70ec883a722219d92253cf073a72605f4087aa3443c8e4aadc0af2dc3ac647d0fa1b5ac99cd6987abafe6d690ae71cd5fd2aeeabe7589bfb4748aabdfba,blockNumber=2919
info|2023-07-09 16:57:18.391415|[RPCWS][SERVICE][onRecvBlockNotifier]receive block number notifier,group=group0,node=98a7f70ec883a722219d92253cf073a72605f4087aa3443c8e4aadc0af2dc3ac647d0fa1b5ac99cd6987abafe6d690ae71cd5fd2aeeabe7589bfb4748aabdfba,blockNumber=2919
info|2023-07-09 16:57:18.391420|[RPCWS][SERVICE][updateGroupBlockNumber],groupID=group0,_blockNumber=2919
info|2023-07-09 16:57:18.391424|[RPCWS][SERVICE][onRecvBlockNotifier]block notifier callback,group=group0,node=98a7f70ec883a722219d92253cf073a72605f4087aa3443c8e4aadc0af2dc3ac647d0fa1b5ac99cd6987abafe6d690ae71cd5fd2aeeabe7589bfb4748aabdfba,blockNumber=2919
info|2023-07-09 16:57:18.391428|[WS]receive block notify,endpoint=127.0.0.1:20200,blk={
	"blockNumber" : 2919,
	"group" : "group0",
	"nodeName" : "98a7f70ec883a722219d92253cf073a72605f4087aa3443c8e4aadc0af2dc3ac647d0fa1b5ac99cd6987abafe6d690ae71cd5fd2aeeabe7589bfb4748aabdfba"
}
info|2023-07-09 16:57:18.430020|[RPC][BLOCK][NUMBER][fromJson],group=group0,node=2f993327933ad58672518b6d4f63920cbc68b80f78f4d81192552ee6362f5cc81ee13bdc678ad65f06e76444cadb53b33694cfb3fc7679b8000411975fedd28a,blockNumber=2919
info|2023-07-09 16:57:18.430045|[RPCWS][SERVICE][onRecvBlockNotifier]receive block number notifier,group=group0,node=2f993327933ad58672518b6d4f63920cbc68b80f78f4d81192552ee6362f5cc81ee13bdc678ad65f06e76444cadb53b33694cfb3fc7679b8000411975fedd28a,blockNumber=2919
info|2023-07-09 16:57:18.430052|[WS]receive block notify,endpoint=127.0.0.1:20201,blk={
	"blockNumber" : 2919,
	"group" : "group0",
	"nodeName" : "2f993327933ad58672518b6d4f63920cbc68b80f78f4d81192552ee6362f5cc81ee13bdc678ad65f06e76444cadb53b33694cfb3fc7679b8000411975fedd28a"
}
info|2023-07-09 16:57:18.945822|[RPC][BLOCK][NUMBER][fromJson],group=group0,node=98a7f70ec883a722219d92253cf073a72605f4087aa3443c8e4aadc0af2dc3ac647d0fa1b5ac99cd6987abafe6d690ae71cd5fd2aeeabe7589bfb4748aabdfba,blockNumber=2920
info|2023-07-09 16:57:18.945842|[RPCWS][SERVICE][onRecvBlockNotifier]receive block number notifier,group=group0,node=98a7f70ec883a722219d92253cf073a72605f4087aa3443c8e4aadc0af2dc3ac647d0fa1b5ac99cd6987abafe6d690ae71cd5fd2aeeabe7589bfb4748aabdfba,blockNumber=2920
info|2023-07-09 16:57:18.945848|[RPCWS][SERVICE][updateGroupBlockNumber],groupID=group0,_blockNumber=2920
info|2023-07-09 16:57:18.945852|[RPCWS][SERVICE][onRecvBlockNotifier]block notifier callback,group=group0,node=98a7f70ec883a722219d92253cf073a72605f4087aa3443c8e4aadc0af2dc3ac647d0fa1b5ac99cd6987abafe6d690ae71cd5fd2aeeabe7589bfb4748aabdfba,blockNumber=2920
info|2023-07-09 16:57:18.945856|[WS]receive block notify,endpoint=127.0.0.1:20200,blk={
	"blockNumber" : 2920,
	"group" : "group0",
	"nodeName" : "98a7f70ec883a722219d92253cf073a72605f4087aa3443c8e4aadc0af2dc3ac647d0fa1b5ac99cd6987abafe6d690ae71cd5fd2aeeabe7589bfb4748aabdfba"
}
info|2023-07-09 16:57:19.052307|[RPC][BLOCK][NUMBER][fromJson],group=group0,node=2f993327933ad58672518b6d4f63920cbc68b80f78f4d81192552ee6362f5cc81ee13bdc678ad65f06e76444cadb53b33694cfb3fc7679b8000411975fedd28a,blockNumber=2920
info|2023-07-09 16:57:19.052330|[RPCWS][SERVICE][onRecvBlockNotifier]receive block number notifier,group=group0,node=2f993327933ad58672518b6d4f63920cbc68b80f78f4d81192552ee6362f5cc81ee13bdc678ad65f06e76444cadb53b33694cfb3fc7679b8000411975fedd28a,blockNumber=2920
info|2023-07-09 16:57:19.052337|[WS]receive block notify,endpoint=127.0.0.1:20201,blk={
	"blockNumber" : 2920,
	"group" : "group0",
	"nodeName" : "2f993327933ad58672518b6d4f63920cbc68b80f78f4d81192552ee6362f5cc81ee13bdc678ad65f06e76444cadb53b33694cfb3fc7679b8000411975fedd28a"
}
info|2023-07-09 16:57:19.485033|[RPC][BLOCK][NUMBER][fromJson],group=group0,node=98a7f70ec883a722219d92253cf073a72605f4087aa3443c8e4aadc0af2dc3ac647d0fa1b5ac99cd6987abafe6d690ae71cd5fd2aeeabe7589bfb4748aabdfba,blockNumber=2921
info|2023-07-09 16:57:19.485054|[RPCWS][SERVICE][onRecvBlockNotifier]receive block number notifier,group=group0,node=98a7f70ec883a722219d92253cf073a72605f4087aa3443c8e4aadc0af2dc3ac647d0fa1b5ac99cd6987abafe6d690ae71cd5fd2aeeabe7589bfb4748aabdfba,blockNumber=2921
info|2023-07-09 16:57:19.485060|[RPCWS][SERVICE][updateGroupBlockNumber],groupID=group0,_blockNumber=2921
info|2023-07-09 16:57:19.485064|[RPCWS][SERVICE][onRecvBlockNotifier]block notifier callback,group=group0,node=98a7f70ec883a722219d92253cf073a72605f4087aa3443c8e4aadc0af2dc3ac647d0fa1b5ac99cd6987abafe6d690ae71cd5fd2aeeabe7589bfb4748aabdfba,blockNumber=2921
info|2023-07-09 16:57:19.485067|[WS]receive block notify,endpoint=127.0.0.1:20200,blk={
	"blockNumber" : 2921,
	"group" : "group0",
	"nodeName" : "98a7f70ec883a722219d92253cf073a72605f4087aa3443c8e4aadc0af2dc3ac647d0fa1b5ac99cd6987abafe6d690ae71cd5fd2aeeabe7589bfb4748aabdfba"
}
info|2023-07-09 16:57:19.525694|[RPC][BLOCK][NUMBER][fromJson],group=group0,node=2f993327933ad58672518b6d4f63920cbc68b80f78f4d81192552ee6362f5cc81ee13bdc678ad65f06e76444cadb53b33694cfb3fc7679b8000411975fedd28a,blockNumber=2921
info|2023-07-09 16:57:19.525764|[RPCWS][SERVICE][onRecvBlockNotifier]receive block number notifier,group=group0,node=2f993327933ad58672518b6d4f63920cbc68b80f78f4d81192552ee6362f5cc81ee13bdc678ad65f06e76444cadb53b33694cfb3fc7679b8000411975fedd28a,blockNumber=2921
info|2023-07-09 16:57:19.525777|[WS]receive block notify,endpoint=127.0.0.1:20201,blk={
	"blockNumber" : 2921,
	"group" : "group0",
	"nodeName" : "2f993327933ad58672518b6d4f63920cbc68b80f78f4d81192552ee6362f5cc81ee13bdc678ad65f06e76444cadb53b33694cfb3fc7679b8000411975fedd28a"
}
info|2023-07-09 16:57:20.101093|[RPC][BLOCK][NUMBER][fromJson],group=group0,node=98a7f70ec883a722219d92253cf073a72605f4087aa3443c8e4aadc0af2dc3ac647d0fa1b5ac99cd6987abafe6d690ae71cd5fd2aeeabe7589bfb4748aabdfba,blockNumber=2922
info|2023-07-09 16:57:20.101114|[RPCWS][SERVICE][onRecvBlockNotifier]receive block number notifier,group=group0,node=98a7f70ec883a722219d92253cf073a72605f4087aa3443c8e4aadc0af2dc3ac647d0fa1b5ac99cd6987abafe6d690ae71cd5fd2aeeabe7589bfb4748aabdfba,blockNumber=2922
info|2023-07-09 16:57:20.101119|[RPCWS][SERVICE][updateGroupBlockNumber],groupID=group0,_blockNumber=2922
info|2023-07-09 16:57:20.101123|[RPCWS][SERVICE][onRecvBlockNotifier]block notifier callback,group=group0,node=98a7f70ec883a722219d92253cf073a72605f4087aa3443c8e4aadc0af2dc3ac647d0fa1b5ac99cd6987abafe6d690ae71cd5fd2aeeabe7589bfb4748aabdfba,blockNumber=2922
info|2023-07-09 16:57:20.101126|[WS]receive block notify,endpoint=127.0.0.1:20200,blk={
	"blockNumber" : 2922,
	"group" : "group0",
	"nodeName" : "98a7f70ec883a722219d92253cf073a72605f4087aa3443c8e4aadc0af2dc3ac647d0fa1b5ac99cd6987abafe6d690ae71cd5fd2aeeabe7589bfb4748aabdfba"
}
info|2023-07-09 16:57:20.117352|[RPC][BLOCK][NUMBER][fromJson],group=group0,node=2f993327933ad58672518b6d4f63920cbc68b80f78f4d81192552ee6362f5cc81ee13bdc678ad65f06e76444cadb53b33694cfb3fc7679b8000411975fedd28a,blockNumber=2922
info|2023-07-09 16:57:20.117376|[RPCWS][SERVICE][onRecvBlockNotifier]receive block number notifier,group=group0,node=2f993327933ad58672518b6d4f63920cbc68b80f78f4d81192552ee6362f5cc81ee13bdc678ad65f06e76444cadb53b33694cfb3fc7679b8000411975fedd28a,blockNumber=2922
info|2023-07-09 16:57:20.117382|[WS]receive block notify,endpoint=127.0.0.1:20201,blk={
	"blockNumber" : 2922,
	"group" : "group0",
	"nodeName" : "2f993327933ad58672518b6d4f63920cbc68b80f78f4d81192552ee6362f5cc81ee13bdc678ad65f06e76444cadb53b33694cfb3fc7679b8000411975fedd28a"
}
info|2023-07-09 16:57:20.685897|[RPC][BLOCK][NUMBER][fromJson],group=group0,node=98a7f70ec883a722219d92253cf073a72605f4087aa3443c8e4aadc0af2dc3ac647d0fa1b5ac99cd6987abafe6d690ae71cd5fd2aeeabe7589bfb4748aabdfba,blockNumber=2923
info|2023-07-09 16:57:20.685919|[RPCWS][SERVICE][onRecvBlockNotifier]receive block number notifier,group=group0,node=98a7f70ec883a722219d92253cf073a72605f4087aa3443c8e4aadc0af2dc3ac647d0fa1b5ac99cd6987abafe6d690ae71cd5fd2aeeabe7589bfb4748aabdfba,blockNumber=2923
info|2023-07-09 16:57:20.685924|[RPCWS][SERVICE][updateGroupBlockNumber],groupID=group0,_blockNumber=2923
info|2023-07-09 16:57:20.685929|[RPCWS][SERVICE][onRecvBlockNotifier]block notifier callback,group=group0,node=98a7f70ec883a722219d92253cf073a72605f4087aa3443c8e4aadc0af2dc3ac647d0fa1b5ac99cd6987abafe6d690ae71cd5fd2aeeabe7589bfb4748aabdfba,blockNumber=2923
info|2023-07-09 16:57:20.685932|[WS]receive block notify,endpoint=127.0.0.1:20200,blk={
	"blockNumber" : 2923,
	"group" : "group0",
	"nodeName" : "98a7f70ec883a722219d92253cf073a72605f4087aa3443c8e4aadc0af2dc3ac647d0fa1b5ac99cd6987abafe6d690ae71cd5fd2aeeabe7589bfb4748aabdfba"
}
info|2023-07-09 16:57:20.707308|[RPC][BLOCK][NUMBER][fromJson],group=group0,node=2f993327933ad58672518b6d4f63920cbc68b80f78f4d81192552ee6362f5cc81ee13bdc678ad65f06e76444cadb53b33694cfb3fc7679b8000411975fedd28a,blockNumber=2923
info|2023-07-09 16:57:20.707333|[RPCWS][SERVICE][onRecvBlockNotifier]receive block number notifier,group=group0,node=2f993327933ad58672518b6d4f63920cbc68b80f78f4d81192552ee6362f5cc81ee13bdc678ad65f06e76444cadb53b33694cfb3fc7679b8000411975fedd28a,blockNumber=2923
info|2023-07-09 16:57:20.707339|[WS]receive block notify,endpoint=127.0.0.1:20201,blk={
	"blockNumber" : 2923,
	"group" : "group0",
	"nodeName" : "2f993327933ad58672518b6d4f63920cbc68b80f78f4d81192552ee6362f5cc81ee13bdc678ad65f06e76444cadb53b33694cfb3fc7679b8000411975fedd28a"
}
info|2023-07-09 16:57:21.231164|[RPC][BLOCK][NUMBER][fromJson],group=group0,node=98a7f70ec883a722219d92253cf073a72605f4087aa3443c8e4aadc0af2dc3ac647d0fa1b5ac99cd6987abafe6d690ae71cd5fd2aeeabe7589bfb4748aabdfba,blockNumber=2924
info|2023-07-09 16:57:21.231197|[RPCWS][SERVICE][onRecvBlockNotifier]receive block number notifier,group=group0,node=98a7f70ec883a722219d92253cf073a72605f4087aa3443c8e4aadc0af2dc3ac647d0fa1b5ac99cd6987abafe6d690ae71cd5fd2aeeabe7589bfb4748aabdfba,blockNumber=2924
info|2023-07-09 16:57:21.231206|[RPCWS][SERVICE][updateGroupBlockNumber],groupID=group0,_blockNumber=2924
info|2023-07-09 16:57:21.231214|[RPCWS][SERVICE][onRecvBlockNotifier]block notifier callback,group=group0,node=98a7f70ec883a722219d92253cf073a72605f4087aa3443c8e4aadc0af2dc3ac647d0fa1b5ac99cd6987abafe6d690ae71cd5fd2aeeabe7589bfb4748aabdfba,blockNumber=2924
info|2023-07-09 16:57:21.231220|[WS]receive block notify,endpoint=127.0.0.1:20200,blk={
	"blockNumber" : 2924,
	"group" : "group0",
	"nodeName" : "98a7f70ec883a722219d92253cf073a72605f4087aa3443c8e4aadc0af2dc3ac647d0fa1b5ac99cd6987abafe6d690ae71cd5fd2aeeabe7589bfb4748aabdfba"
}
info|2023-07-09 16:57:21.330914|[RPC][BLOCK][NUMBER][fromJson],group=group0,node=2f993327933ad58672518b6d4f63920cbc68b80f78f4d81192552ee6362f5cc81ee13bdc678ad65f06e76444cadb53b33694cfb3fc7679b8000411975fedd28a,blockNumber=2924
info|2023-07-09 16:57:21.330950|[RPCWS][SERVICE][onRecvBlockNotifier]receive block number notifier,group=group0,node=2f993327933ad58672518b6d4f63920cbc68b80f78f4d81192552ee6362f5cc81ee13bdc678ad65f06e76444cadb53b33694cfb3fc7679b8000411975fedd28a,blockNumber=2924
info|2023-07-09 16:57:21.330961|[WS]receive block notify,endpoint=127.0.0.1:20201,blk={
	"blockNumber" : 2924,
	"group" : "group0",
	"nodeName" : "2f993327933ad58672518b6d4f63920cbc68b80f78f4d81192552ee6362f5cc81ee13bdc678ad65f06e76444cadb53b33694cfb3fc7679b8000411975fedd28a"
}
info|2023-07-09 16:57:21.760594|[RPC][BLOCK][NUMBER][fromJson],group=group0,node=98a7f70ec883a722219d92253cf073a72605f4087aa3443c8e4aadc0af2dc3ac647d0fa1b5ac99cd6987abafe6d690ae71cd5fd2aeeabe7589bfb4748aabdfba,blockNumber=2925
info|2023-07-09 16:57:21.760625|[RPCWS][SERVICE][onRecvBlockNotifier]receive block number notifier,group=group0,node=98a7f70ec883a722219d92253cf073a72605f4087aa3443c8e4aadc0af2dc3ac647d0fa1b5ac99cd6987abafe6d690ae71cd5fd2aeeabe7589bfb4748aabdfba,blockNumber=2925
info|2023-07-09 16:57:21.760631|[RPCWS][SERVICE][updateGroupBlockNumber],groupID=group0,_blockNumber=2925
info|2023-07-09 16:57:21.760637|[RPCWS][SERVICE][onRecvBlockNotifier]block notifier callback,group=group0,node=98a7f70ec883a722219d92253cf073a72605f4087aa3443c8e4aadc0af2dc3ac647d0fa1b5ac99cd6987abafe6d690ae71cd5fd2aeeabe7589bfb4748aabdfba,blockNumber=2925
info|2023-07-09 16:57:21.760641|[WS]receive block notify,endpoint=127.0.0.1:20200,blk={
	"blockNumber" : 2925,
	"group" : "group0",
	"nodeName" : "98a7f70ec883a722219d92253cf073a72605f4087aa3443c8e4aadc0af2dc3ac647d0fa1b5ac99cd6987abafe6d690ae71cd5fd2aeeabe7589bfb4748aabdfba"
}
info|2023-07-09 16:57:21.879770|[RPC][BLOCK][NUMBER][fromJson],group=group0,node=2f993327933ad58672518b6d4f63920cbc68b80f78f4d81192552ee6362f5cc81ee13bdc678ad65f06e76444cadb53b33694cfb3fc7679b8000411975fedd28a,blockNumber=2925
info|2023-07-09 16:57:21.879841|[RPCWS][SERVICE][onRecvBlockNotifier]receive block number notifier,group=group0,node=2f993327933ad58672518b6d4f63920cbc68b80f78f4d81192552ee6362f5cc81ee13bdc678ad65f06e76444cadb53b33694cfb3fc7679b8000411975fedd28a,blockNumber=2925
info|2023-07-09 16:57:21.879855|[WS]receive block notify,endpoint=127.0.0.1:20201,blk={
	"blockNumber" : 2925,
	"group" : "group0",
	"nodeName" : "2f993327933ad58672518b6d4f63920cbc68b80f78f4d81192552ee6362f5cc81ee13bdc678ad65f06e76444cadb53b33694cfb3fc7679b8000411975fedd28a"
}
info|2023-07-09 16:57:22.430505|[RPC][BLOCK][NUMBER][fromJson],group=group0,node=98a7f70ec883a722219d92253cf073a72605f4087aa3443c8e4aadc0af2dc3ac647d0fa1b5ac99cd6987abafe6d690ae71cd5fd2aeeabe7589bfb4748aabdfba,blockNumber=2926
info|2023-07-09 16:57:22.430571|[RPCWS][SERVICE][onRecvBlockNotifier]receive block number notifier,group=group0,node=98a7f70ec883a722219d92253cf073a72605f4087aa3443c8e4aadc0af2dc3ac647d0fa1b5ac99cd6987abafe6d690ae71cd5fd2aeeabe7589bfb4748aabdfba,blockNumber=2926
info|2023-07-09 16:57:22.430579|[RPCWS][SERVICE][updateGroupBlockNumber],groupID=group0,_blockNumber=2926
info|2023-07-09 16:57:22.430584|[RPCWS][SERVICE][onRecvBlockNotifier]block notifier callback,group=group0,node=98a7f70ec883a722219d92253cf073a72605f4087aa3443c8e4aadc0af2dc3ac647d0fa1b5ac99cd6987abafe6d690ae71cd5fd2aeeabe7589bfb4748aabdfba,blockNumber=2926
info|2023-07-09 16:57:22.430590|[WS]receive block notify,endpoint=127.0.0.1:20200,blk={
	"blockNumber" : 2926,
	"group" : "group0",
	"nodeName" : "98a7f70ec883a722219d92253cf073a72605f4087aa3443c8e4aadc0af2dc3ac647d0fa1b5ac99cd6987abafe6d690ae71cd5fd2aeeabe7589bfb4748aabdfba"
}
info|2023-07-09 16:57:22.509791|[RPC][BLOCK][NUMBER][fromJson],group=group0,node=2f993327933ad58672518b6d4f63920cbc68b80f78f4d81192552ee6362f5cc81ee13bdc678ad65f06e76444cadb53b33694cfb3fc7679b8000411975fedd28a,blockNumber=2926
info|2023-07-09 16:57:22.509833|[RPCWS][SERVICE][onRecvBlockNotifier]receive block number notifier,group=group0,node=2f993327933ad58672518b6d4f63920cbc68b80f78f4d81192552ee6362f5cc81ee13bdc678ad65f06e76444cadb53b33694cfb3fc7679b8000411975fedd28a,blockNumber=2926
info|2023-07-09 16:57:22.509843|[WS]receive block notify,endpoint=127.0.0.1:20201,blk={
	"blockNumber" : 2926,
	"group" : "group0",
	"nodeName" : "2f993327933ad58672518b6d4f63920cbc68b80f78f4d81192552ee6362f5cc81ee13bdc678ad65f06e76444cadb53b33694cfb3fc7679b8000411975fedd28a"
}
info|2023-07-09 16:57:37.176083|[EVENT][SUB][doLoop]event sub tasks report,working event sub count=0,suspend event sub count=0
info|2023-07-09 16:57:38.247349|[SDK][WS][SERVICE]connected nodes,count=2
info|2023-07-09 16:57:57.176161|[EVENT][SUB][doLoop]event sub tasks report,working event sub count=0,suspend event sub count=0
info|2023-07-09 16:57:58.247578|[SDK][WS][SERVICE]connected nodes,count=2
info|2023-07-09 16:58:17.176728|[EVENT][SUB][doLoop]event sub tasks report,working event sub count=0,suspend event sub count=0
info|2023-07-09 16:58:18.248121|[SDK][WS][SERVICE]connected nodes,count=2
info|2023-07-09 16:58:37.177158|[EVENT][SUB][doLoop]event sub tasks report,working event sub count=0,suspend event sub count=0
info|2023-07-09 16:58:38.248233|[SDK][WS][SERVICE]connected nodes,count=2
info|2023-07-09 16:58:57.177645|[EVENT][SUB][doLoop]event sub tasks report,working event sub count=0,suspend event sub count=0
info|2023-07-09 16:58:58.248729|[SDK][WS][SERVICE]connected nodes,count=2
info|2023-07-09 16:59:17.177925|[EVENT][SUB][doLoop]event sub tasks report,working event sub count=0,suspend event sub count=0
info|2023-07-09 16:59:18.249336|[SDK][WS][SERVICE]connected nodes,count=2
info|2023-07-09 16:59:37.178175|[EVENT][SUB][doLoop]event sub tasks report,working event sub count=0,suspend event sub count=0
info|2023-07-09 16:59:38.249443|[SDK][WS][SERVICE]connected nodes,count=2
info|2023-07-09 16:59:57.178274|[EVENT][SUB][doLoop]event sub tasks report,working event sub count=0,suspend event sub count=0
info|2023-07-09 16:59:58.249695|[SDK][WS][SERVICE]connected nodes,count=2
