info|2023-07-08 02:00:05.995005|[SDK][WS][SERVICE]connected nodes,count=2
info|2023-07-08 02:00:06.308725|[EVENT][SUB][doLoop]event sub tasks report,working event sub count=0,suspend event sub count=0
info|2023-07-08 02:00:25.995560|[SDK][WS][SERVICE]connected nodes,count=2
info|2023-07-08 02:00:26.309120|[EVENT][SUB][doLoop]event sub tasks report,working event sub count=0,suspend event sub count=0
info|2023-07-08 02:00:45.996206|[SDK][WS][SERVICE]connected nodes,count=2
info|2023-07-08 02:00:46.309183|[EVENT][SUB][doLoop]event sub tasks report,working event sub count=0,suspend event sub count=0
info|2023-07-08 02:01:05.996627|[SDK][WS][SERVICE]connected nodes,count=2
info|2023-07-08 02:01:06.309682|[EVENT][SUB][doLoop]event sub tasks report,working event sub count=0,suspend event sub count=0
info|2023-07-08 02:01:25.996779|[SDK][WS][SERVICE]connected nodes,count=2
info|2023-07-08 02:01:26.309795|[EVENT][SUB][doLoop]event sub tasks report,working event sub count=0,suspend event sub count=0
info|2023-07-08 02:01:45.997236|[SDK][WS][SERVICE]connected nodes,count=2
info|2023-07-08 02:01:46.310093|[EVENT][SUB][doLoop]event sub tasks report,working event sub count=0,suspend event sub count=0
info|2023-07-08 02:02:05.997467|[SDK][WS][SERVICE]connected nodes,count=2
info|2023-07-08 02:02:06.313043|[EVENT][SUB][doLoop]event sub tasks report,working event sub count=0,suspend event sub count=0
info|2023-07-08 02:02:25.998077|[SDK][WS][SERVICE]connected nodes,count=2
info|2023-07-08 02:02:26.313447|[EVENT][SUB][doLoop]event sub tasks report,working event sub count=0,suspend event sub count=0
info|2023-07-08 02:02:45.998462|[SDK][WS][SERVICE]connected nodes,count=2
info|2023-07-08 02:02:46.313861|[EVENT][SUB][doLoop]event sub tasks report,working event sub count=0,suspend event sub count=0
info|2023-07-08 02:03:05.999044|[SDK][WS][SERVICE]connected nodes,count=2
info|2023-07-08 02:03:06.314126|[EVENT][SUB][doLoop]event sub tasks report,working event sub count=0,suspend event sub count=0
info|2023-07-08 02:03:25.999277|[SDK][WS][SERVICE]connected nodes,count=2
info|2023-07-08 02:03:26.314413|[EVENT][SUB][doLoop]event sub tasks report,working event sub count=0,suspend event sub count=0
info|2023-07-08 02:03:45.999448|[SDK][WS][SERVICE]connected nodes,count=2
info|2023-07-08 02:03:46.314823|[EVENT][SUB][doLoop]event sub tasks report,working event sub count=0,suspend event sub count=0
info|2023-07-08 02:04:05.999932|[SDK][WS][SERVICE]connected nodes,count=2
info|2023-07-08 02:04:06.314892|[EVENT][SUB][doLoop]event sub tasks report,working event sub count=0,suspend event sub count=0
info|2023-07-08 02:04:26.000488|[SDK][WS][SERVICE]connected nodes,count=2
info|2023-07-08 02:04:26.319337|[EVENT][SUB][doLoop]event sub tasks report,working event sub count=0,suspend event sub count=0
info|2023-07-08 02:04:46.000983|[SDK][WS][SERVICE]connected nodes,count=2
info|2023-07-08 02:04:46.318976|[EVENT][SUB][doLoop]event sub tasks report,working event sub count=0,suspend event sub count=0
info|2023-07-08 02:05:06.001403|[SDK][WS][SERVICE]connected nodes,count=2
info|2023-07-08 02:05:06.319169|[EVENT][SUB][doLoop]event sub tasks report,working event sub count=0,suspend event sub count=0
info|2023-07-08 02:05:26.002023|[SDK][WS][SERVICE]connected nodes,count=2
info|2023-07-08 02:05:26.319805|[EVENT][SUB][doLoop]event sub tasks report,working event sub count=0,suspend event sub count=0
info|2023-07-08 02:05:46.002332|[SDK][WS][SERVICE]connected nodes,count=2
info|2023-07-08 02:05:46.320312|[EVENT][SUB][doLoop]event sub tasks report,working event sub count=0,suspend event sub count=0
info|2023-07-08 02:06:06.002939|[SDK][WS][SERVICE]connected nodes,count=2
info|2023-07-08 02:06:06.320432|[EVENT][SUB][doLoop]event sub tasks report,working event sub count=0,suspend event sub count=0
info|2023-07-08 02:06:26.003082|[SDK][WS][SERVICE]connected nodes,count=2
info|2023-07-08 02:06:26.320513|[EVENT][SUB][doLoop]event sub tasks report,working event sub count=0,suspend event sub count=0
info|2023-07-08 02:06:46.003781|[SDK][WS][SERVICE]connected nodes,count=2
info|2023-07-08 02:06:46.320891|[EVENT][SUB][doLoop]event sub tasks report,working event sub count=0,suspend event sub count=0
info|2023-07-08 02:07:06.004289|[SDK][WS][SERVICE]connected nodes,count=2
info|2023-07-08 02:07:06.321159|[EVENT][SUB][doLoop]event sub tasks report,working event sub count=0,suspend event sub count=0
info|2023-07-08 02:07:26.004763|[SDK][WS][SERVICE]connected nodes,count=2
info|2023-07-08 02:07:26.321442|[EVENT][SUB][doLoop]event sub tasks report,working event sub count=0,suspend event sub count=0
info|2023-07-08 02:07:46.005083|[SDK][WS][SERVICE]connected nodes,count=2
info|2023-07-08 02:07:46.321703|[EVENT][SUB][doLoop]event sub tasks report,working event sub count=0,suspend event sub count=0
info|2023-07-08 02:08:06.005610|[SDK][WS][SERVICE]connected nodes,count=2
info|2023-07-08 02:08:06.321993|[EVENT][SUB][doLoop]event sub tasks report,working event sub count=0,suspend event sub count=0
info|2023-07-08 02:08:26.006166|[SDK][WS][SERVICE]connected nodes,count=2
info|2023-07-08 02:08:26.321974|[EVENT][SUB][doLoop]event sub tasks report,working event sub count=0,suspend event sub count=0
info|2023-07-08 02:08:46.006772|[SDK][WS][SERVICE]connected nodes,count=2
info|2023-07-08 02:08:46.322406|[EVENT][SUB][doLoop]event sub tasks report,working event sub count=0,suspend event sub count=0
info|2023-07-08 02:09:06.007359|[SDK][WS][SERVICE]connected nodes,count=2
info|2023-07-08 02:09:06.322826|[EVENT][SUB][doLoop]event sub tasks report,working event sub count=0,suspend event sub count=0
info|2023-07-08 02:09:26.008019|[SDK][WS][SERVICE]connected nodes,count=2
info|2023-07-08 02:09:26.323212|[EVENT][SUB][doLoop]event sub tasks report,working event sub count=0,suspend event sub count=0
info|2023-07-08 02:09:46.010172|[SDK][WS][SERVICE]connected nodes,count=2
info|2023-07-08 02:09:46.323280|[EVENT][SUB][doLoop]event sub tasks report,working event sub count=0,suspend event sub count=0
info|2023-07-08 02:10:06.010556|[SDK][WS][SERVICE]connected nodes,count=2
info|2023-07-08 02:10:06.323426|[EVENT][SUB][doLoop]event sub tasks report,working event sub count=0,suspend event sub count=0
info|2023-07-08 02:10:26.011025|[SDK][WS][SERVICE]connected nodes,count=2
info|2023-07-08 02:10:26.325282|[EVENT][SUB][doLoop]event sub tasks report,working event sub count=0,suspend event sub count=0
info|2023-07-08 02:10:46.011423|[SDK][WS][SERVICE]connected nodes,count=2
info|2023-07-08 02:10:46.330677|[EVENT][SUB][doLoop]event sub tasks report,working event sub count=0,suspend event sub count=0
info|2023-07-08 02:11:06.012108|[SDK][WS][SERVICE]connected nodes,count=2
info|2023-07-08 02:11:06.330874|[EVENT][SUB][doLoop]event sub tasks report,working event sub count=0,suspend event sub count=0
info|2023-07-08 02:11:26.020413|[SDK][WS][SERVICE]connected nodes,count=2
info|2023-07-08 02:11:26.335199|[EVENT][SUB][doLoop]event sub tasks report,working event sub count=0,suspend event sub count=0
info|2023-07-08 02:11:46.027127|[SDK][WS][SERVICE]connected nodes,count=2
info|2023-07-08 02:11:46.336488|[EVENT][SUB][doLoop]event sub tasks report,working event sub count=0,suspend event sub count=0
info|2023-07-08 02:12:06.027350|[SDK][WS][SERVICE]connected nodes,count=2
info|2023-07-08 02:12:06.345975|[EVENT][SUB][doLoop]event sub tasks report,working event sub count=0,suspend event sub count=0
info|2023-07-08 02:12:26.028798|[SDK][WS][SERVICE]connected nodes,count=2
info|2023-07-08 02:12:26.354449|[EVENT][SUB][doLoop]event sub tasks report,working event sub count=0,suspend event sub count=0
info|2023-07-08 02:12:46.029348|[SDK][WS][SERVICE]connected nodes,count=2
info|2023-07-08 02:12:46.358750|[EVENT][SUB][doLoop]event sub tasks report,working event sub count=0,suspend event sub count=0
info|2023-07-08 02:13:06.691875|[SDK][WS][SERVICE]connected nodes,count=2
info|2023-07-08 02:13:06.698045|[EVENT][SUB][doLoop]event sub tasks report,working event sub count=0,suspend event sub count=0
info|2023-07-08 02:13:26.703696|[EVENT][SUB][doLoop]event sub tasks report,working event sub count=0,suspend event sub count=0
info|2023-07-08 02:13:26.703733|[SDK][WS][SERVICE]connected nodes,count=2
info|2023-07-08 02:13:46.705244|[SDK][WS][SERVICE]connected nodes,count=2
info|2023-07-08 02:13:46.770489|[EVENT][SUB][doLoop]event sub tasks report,working event sub count=0,suspend event sub count=0
info|2023-07-08 02:14:06.705396|[SDK][WS][SERVICE]connected nodes,count=2
info|2023-07-08 02:14:06.770986|[EVENT][SUB][doLoop]event sub tasks report,working event sub count=0,suspend event sub count=0
info|2023-07-08 02:14:26.705519|[SDK][WS][SERVICE]connected nodes,count=2
info|2023-07-08 02:14:26.771179|[EVENT][SUB][doLoop]event sub tasks report,working event sub count=0,suspend event sub count=0
info|2023-07-08 02:14:46.713045|[SDK][WS][SERVICE]connected nodes,count=2
info|2023-07-08 02:14:46.771371|[EVENT][SUB][doLoop]event sub tasks report,working event sub count=0,suspend event sub count=0
info|2023-07-08 02:15:06.713411|[SDK][WS][SERVICE]connected nodes,count=2
info|2023-07-08 02:15:06.771908|[EVENT][SUB][doLoop]event sub tasks report,working event sub count=0,suspend event sub count=0
info|2023-07-08 02:15:26.713543|[SDK][WS][SERVICE]connected nodes,count=2
info|2023-07-08 02:15:26.772293|[EVENT][SUB][doLoop]event sub tasks report,working event sub count=0,suspend event sub count=0
info|2023-07-08 02:15:46.714213|[SDK][WS][SERVICE]connected nodes,count=2
info|2023-07-08 02:15:46.772464|[EVENT][SUB][doLoop]event sub tasks report,working event sub count=0,suspend event sub count=0
info|2023-07-08 02:16:06.714429|[SDK][WS][SERVICE]connected nodes,count=2
info|2023-07-08 02:16:06.772802|[EVENT][SUB][doLoop]event sub tasks report,working event sub count=0,suspend event sub count=0
info|2023-07-08 02:16:26.714981|[SDK][WS][SERVICE]connected nodes,count=2
info|2023-07-08 02:16:26.773292|[EVENT][SUB][doLoop]event sub tasks report,working event sub count=0,suspend event sub count=0
info|2023-07-08 02:16:46.715117|[SDK][WS][SERVICE]connected nodes,count=2
info|2023-07-08 02:16:46.773428|[EVENT][SUB][doLoop]event sub tasks report,working event sub count=0,suspend event sub count=0
info|2023-07-08 02:17:06.715399|[SDK][WS][SERVICE]connected nodes,count=2
info|2023-07-08 02:17:06.773501|[EVENT][SUB][doLoop]event sub tasks report,working event sub count=0,suspend event sub count=0
info|2023-07-08 02:17:26.715694|[SDK][WS][SERVICE]connected nodes,count=2
info|2023-07-08 02:17:26.774020|[EVENT][SUB][doLoop]event sub tasks report,working event sub count=0,suspend event sub count=0
info|2023-07-08 02:17:46.716106|[SDK][WS][SERVICE]connected nodes,count=2
info|2023-07-08 02:17:46.774449|[EVENT][SUB][doLoop]event sub tasks report,working event sub count=0,suspend event sub count=0
info|2023-07-08 02:18:06.716759|[SDK][WS][SERVICE]connected nodes,count=2
info|2023-07-08 02:18:06.775535|[EVENT][SUB][doLoop]event sub tasks report,working event sub count=0,suspend event sub count=0
info|2023-07-08 02:18:26.717456|[SDK][WS][SERVICE]connected nodes,count=2
info|2023-07-08 02:18:26.776503|[EVENT][SUB][doLoop]event sub tasks report,working event sub count=0,suspend event sub count=0
info|2023-07-08 02:18:46.718036|[SDK][WS][SERVICE]connected nodes,count=2
info|2023-07-08 02:18:46.777421|[EVENT][SUB][doLoop]event sub tasks report,working event sub count=0,suspend event sub count=0
info|2023-07-08 02:19:06.718163|[SDK][WS][SERVICE]connected nodes,count=2
info|2023-07-08 02:19:06.777523|[EVENT][SUB][doLoop]event sub tasks report,working event sub count=0,suspend event sub count=0
info|2023-07-08 02:19:26.718752|[SDK][WS][SERVICE]connected nodes,count=2
info|2023-07-08 02:19:26.778357|[EVENT][SUB][doLoop]event sub tasks report,working event sub count=0,suspend event sub count=0
info|2023-07-08 02:19:46.719267|[SDK][WS][SERVICE]connected nodes,count=2
info|2023-07-08 02:19:46.778500|[EVENT][SUB][doLoop]event sub tasks report,working event sub count=0,suspend event sub count=0
info|2023-07-08 02:20:06.719674|[SDK][WS][SERVICE]connected nodes,count=2
info|2023-07-08 02:20:06.778944|[EVENT][SUB][doLoop]event sub tasks report,working event sub count=0,suspend event sub count=0
info|2023-07-08 02:20:26.720286|[SDK][WS][SERVICE]connected nodes,count=2
info|2023-07-08 02:20:26.779865|[EVENT][SUB][doLoop]event sub tasks report,working event sub count=0,suspend event sub count=0
info|2023-07-08 02:20:46.720603|[SDK][WS][SERVICE]connected nodes,count=2
info|2023-07-08 02:20:46.780075|[EVENT][SUB][doLoop]event sub tasks report,working event sub count=0,suspend event sub count=0
info|2023-07-08 02:21:06.720888|[SDK][WS][SERVICE]connected nodes,count=2
info|2023-07-08 02:21:06.780770|[EVENT][SUB][doLoop]event sub tasks report,working event sub count=0,suspend event sub count=0
info|2023-07-08 02:21:26.721020|[SDK][WS][SERVICE]connected nodes,count=2
info|2023-07-08 02:21:26.781130|[EVENT][SUB][doLoop]event sub tasks report,working event sub count=0,suspend event sub count=0
info|2023-07-08 02:21:46.721152|[SDK][WS][SERVICE]connected nodes,count=2
info|2023-07-08 02:21:46.781301|[EVENT][SUB][doLoop]event sub tasks report,working event sub count=0,suspend event sub count=0
info|2023-07-08 02:22:06.721453|[SDK][WS][SERVICE]connected nodes,count=2
info|2023-07-08 02:22:06.781432|[EVENT][SUB][doLoop]event sub tasks report,working event sub count=0,suspend event sub count=0
info|2023-07-08 02:22:26.722174|[SDK][WS][SERVICE]connected nodes,count=2
info|2023-07-08 02:22:26.781567|[EVENT][SUB][doLoop]event sub tasks report,working event sub count=0,suspend event sub count=0
info|2023-07-08 02:22:46.722755|[SDK][WS][SERVICE]connected nodes,count=2
info|2023-07-08 02:22:46.782144|[EVENT][SUB][doLoop]event sub tasks report,working event sub count=0,suspend event sub count=0
info|2023-07-08 02:23:06.723088|[SDK][WS][SERVICE]connected nodes,count=2
info|2023-07-08 02:23:06.782461|[EVENT][SUB][doLoop]event sub tasks report,working event sub count=0,suspend event sub count=0
info|2023-07-08 02:23:26.723244|[SDK][WS][SERVICE]connected nodes,count=2
info|2023-07-08 02:23:26.783082|[EVENT][SUB][doLoop]event sub tasks report,working event sub count=0,suspend event sub count=0
info|2023-07-08 02:23:46.723722|[SDK][WS][SERVICE]connected nodes,count=2
info|2023-07-08 02:23:46.783480|[EVENT][SUB][doLoop]event sub tasks report,working event sub count=0,suspend event sub count=0
info|2023-07-08 02:24:06.724333|[SDK][WS][SERVICE]connected nodes,count=2
info|2023-07-08 02:24:06.783746|[EVENT][SUB][doLoop]event sub tasks report,working event sub count=0,suspend event sub count=0
info|2023-07-08 02:24:26.724730|[SDK][WS][SERVICE]connected nodes,count=2
info|2023-07-08 02:24:26.784176|[EVENT][SUB][doLoop]event sub tasks report,working event sub count=0,suspend event sub count=0
info|2023-07-08 02:24:46.725290|[SDK][WS][SERVICE]connected nodes,count=2
info|2023-07-08 02:24:46.784867|[EVENT][SUB][doLoop]event sub tasks report,working event sub count=0,suspend event sub count=0
info|2023-07-08 02:25:06.725795|[SDK][WS][SERVICE]connected nodes,count=2
info|2023-07-08 02:25:06.785027|[EVENT][SUB][doLoop]event sub tasks report,working event sub count=0,suspend event sub count=0
info|2023-07-08 02:25:26.726457|[SDK][WS][SERVICE]connected nodes,count=2
info|2023-07-08 02:25:26.785573|[EVENT][SUB][doLoop]event sub tasks report,working event sub count=0,suspend event sub count=0
info|2023-07-08 02:25:46.726904|[SDK][WS][SERVICE]connected nodes,count=2
info|2023-07-08 02:25:46.786062|[EVENT][SUB][doLoop]event sub tasks report,working event sub count=0,suspend event sub count=0
info|2023-07-08 02:26:06.727012|[SDK][WS][SERVICE]connected nodes,count=2
info|2023-07-08 02:26:06.786485|[EVENT][SUB][doLoop]event sub tasks report,working event sub count=0,suspend event sub count=0
info|2023-07-08 02:26:26.727354|[SDK][WS][SERVICE]connected nodes,count=2
info|2023-07-08 02:26:26.786849|[EVENT][SUB][doLoop]event sub tasks report,working event sub count=0,suspend event sub count=0
info|2023-07-08 02:26:46.727918|[SDK][WS][SERVICE]connected nodes,count=2
info|2023-07-08 02:26:46.786966|[EVENT][SUB][doLoop]event sub tasks report,working event sub count=0,suspend event sub count=0
info|2023-07-08 02:27:06.728564|[SDK][WS][SERVICE]connected nodes,count=2
info|2023-07-08 02:27:06.787294|[EVENT][SUB][doLoop]event sub tasks report,working event sub count=0,suspend event sub count=0
info|2023-07-08 02:27:13.879365|[RPC][BLOCK][NUMBER][fromJson],group=group0,node=98a7f70ec883a722219d92253cf073a72605f4087aa3443c8e4aadc0af2dc3ac647d0fa1b5ac99cd6987abafe6d690ae71cd5fd2aeeabe7589bfb4748aabdfba,blockNumber=1679
info|2023-07-08 02:27:13.879387|[RPCWS][SERVICE][onRecvBlockNotifier]receive block number notifier,group=group0,node=98a7f70ec883a722219d92253cf073a72605f4087aa3443c8e4aadc0af2dc3ac647d0fa1b5ac99cd6987abafe6d690ae71cd5fd2aeeabe7589bfb4748aabdfba,blockNumber=1679
info|2023-07-08 02:27:13.879392|[RPCWS][SERVICE][updateGroupBlockNumber],groupID=group0,_blockNumber=1679
info|2023-07-08 02:27:13.879397|[RPCWS][SERVICE][onRecvBlockNotifier]block notifier callback,group=group0,node=98a7f70ec883a722219d92253cf073a72605f4087aa3443c8e4aadc0af2dc3ac647d0fa1b5ac99cd6987abafe6d690ae71cd5fd2aeeabe7589bfb4748aabdfba,blockNumber=1679
info|2023-07-08 02:27:13.879400|[WS]receive block notify,endpoint=127.0.0.1:20200,blk={
	"blockNumber" : 1679,
	"group" : "group0",
	"nodeName" : "98a7f70ec883a722219d92253cf073a72605f4087aa3443c8e4aadc0af2dc3ac647d0fa1b5ac99cd6987abafe6d690ae71cd5fd2aeeabe7589bfb4748aabdfba"
}
info|2023-07-08 02:27:13.892455|[RPC][BLOCK][NUMBER][fromJson],group=group0,node=2f993327933ad58672518b6d4f63920cbc68b80f78f4d81192552ee6362f5cc81ee13bdc678ad65f06e76444cadb53b33694cfb3fc7679b8000411975fedd28a,blockNumber=1679
info|2023-07-08 02:27:13.892490|[RPCWS][SERVICE][onRecvBlockNotifier]receive block number notifier,group=group0,node=2f993327933ad58672518b6d4f63920cbc68b80f78f4d81192552ee6362f5cc81ee13bdc678ad65f06e76444cadb53b33694cfb3fc7679b8000411975fedd28a,blockNumber=1679
info|2023-07-08 02:27:13.892498|[WS]receive block notify,endpoint=127.0.0.1:20201,blk={
	"blockNumber" : 1679,
	"group" : "group0",
	"nodeName" : "2f993327933ad58672518b6d4f63920cbc68b80f78f4d81192552ee6362f5cc81ee13bdc678ad65f06e76444cadb53b33694cfb3fc7679b8000411975fedd28a"
}
info|2023-07-08 02:27:14.465101|[RPC][BLOCK][NUMBER][fromJson],group=group0,node=98a7f70ec883a722219d92253cf073a72605f4087aa3443c8e4aadc0af2dc3ac647d0fa1b5ac99cd6987abafe6d690ae71cd5fd2aeeabe7589bfb4748aabdfba,blockNumber=1680
info|2023-07-08 02:27:14.465136|[RPCWS][SERVICE][onRecvBlockNotifier]receive block number notifier,group=group0,node=98a7f70ec883a722219d92253cf073a72605f4087aa3443c8e4aadc0af2dc3ac647d0fa1b5ac99cd6987abafe6d690ae71cd5fd2aeeabe7589bfb4748aabdfba,blockNumber=1680
info|2023-07-08 02:27:14.465142|[RPCWS][SERVICE][updateGroupBlockNumber],groupID=group0,_blockNumber=1680
info|2023-07-08 02:27:14.465171|[RPCWS][SERVICE][onRecvBlockNotifier]block notifier callback,group=group0,node=98a7f70ec883a722219d92253cf073a72605f4087aa3443c8e4aadc0af2dc3ac647d0fa1b5ac99cd6987abafe6d690ae71cd5fd2aeeabe7589bfb4748aabdfba,blockNumber=1680
info|2023-07-08 02:27:14.465176|[WS]receive block notify,endpoint=127.0.0.1:20200,blk={
	"blockNumber" : 1680,
	"group" : "group0",
	"nodeName" : "98a7f70ec883a722219d92253cf073a72605f4087aa3443c8e4aadc0af2dc3ac647d0fa1b5ac99cd6987abafe6d690ae71cd5fd2aeeabe7589bfb4748aabdfba"
}
info|2023-07-08 02:27:14.494841|[RPC][BLOCK][NUMBER][fromJson],group=group0,node=2f993327933ad58672518b6d4f63920cbc68b80f78f4d81192552ee6362f5cc81ee13bdc678ad65f06e76444cadb53b33694cfb3fc7679b8000411975fedd28a,blockNumber=1680
info|2023-07-08 02:27:14.494884|[RPCWS][SERVICE][onRecvBlockNotifier]receive block number notifier,group=group0,node=2f993327933ad58672518b6d4f63920cbc68b80f78f4d81192552ee6362f5cc81ee13bdc678ad65f06e76444cadb53b33694cfb3fc7679b8000411975fedd28a,blockNumber=1680
info|2023-07-08 02:27:14.494892|[WS]receive block notify,endpoint=127.0.0.1:20201,blk={
	"blockNumber" : 1680,
	"group" : "group0",
	"nodeName" : "2f993327933ad58672518b6d4f63920cbc68b80f78f4d81192552ee6362f5cc81ee13bdc678ad65f06e76444cadb53b33694cfb3fc7679b8000411975fedd28a"
}
info|2023-07-08 02:27:14.971431|[RPC][BLOCK][NUMBER][fromJson],group=group0,node=98a7f70ec883a722219d92253cf073a72605f4087aa3443c8e4aadc0af2dc3ac647d0fa1b5ac99cd6987abafe6d690ae71cd5fd2aeeabe7589bfb4748aabdfba,blockNumber=1681
info|2023-07-08 02:27:14.971452|[RPCWS][SERVICE][onRecvBlockNotifier]receive block number notifier,group=group0,node=98a7f70ec883a722219d92253cf073a72605f4087aa3443c8e4aadc0af2dc3ac647d0fa1b5ac99cd6987abafe6d690ae71cd5fd2aeeabe7589bfb4748aabdfba,blockNumber=1681
info|2023-07-08 02:27:14.971458|[RPCWS][SERVICE][updateGroupBlockNumber],groupID=group0,_blockNumber=1681
info|2023-07-08 02:27:14.971462|[RPCWS][SERVICE][onRecvBlockNotifier]block notifier callback,group=group0,node=98a7f70ec883a722219d92253cf073a72605f4087aa3443c8e4aadc0af2dc3ac647d0fa1b5ac99cd6987abafe6d690ae71cd5fd2aeeabe7589bfb4748aabdfba,blockNumber=1681
info|2023-07-08 02:27:14.971465|[WS]receive block notify,endpoint=127.0.0.1:20200,blk={
	"blockNumber" : 1681,
	"group" : "group0",
	"nodeName" : "98a7f70ec883a722219d92253cf073a72605f4087aa3443c8e4aadc0af2dc3ac647d0fa1b5ac99cd6987abafe6d690ae71cd5fd2aeeabe7589bfb4748aabdfba"
}
info|2023-07-08 02:27:15.028903|[RPC][BLOCK][NUMBER][fromJson],group=group0,node=2f993327933ad58672518b6d4f63920cbc68b80f78f4d81192552ee6362f5cc81ee13bdc678ad65f06e76444cadb53b33694cfb3fc7679b8000411975fedd28a,blockNumber=1681
info|2023-07-08 02:27:15.028925|[RPCWS][SERVICE][onRecvBlockNotifier]receive block number notifier,group=group0,node=2f993327933ad58672518b6d4f63920cbc68b80f78f4d81192552ee6362f5cc81ee13bdc678ad65f06e76444cadb53b33694cfb3fc7679b8000411975fedd28a,blockNumber=1681
info|2023-07-08 02:27:15.028931|[WS]receive block notify,endpoint=127.0.0.1:20201,blk={
	"blockNumber" : 1681,
	"group" : "group0",
	"nodeName" : "2f993327933ad58672518b6d4f63920cbc68b80f78f4d81192552ee6362f5cc81ee13bdc678ad65f06e76444cadb53b33694cfb3fc7679b8000411975fedd28a"
}
info|2023-07-08 02:27:15.637135|[RPC][BLOCK][NUMBER][fromJson],group=group0,node=98a7f70ec883a722219d92253cf073a72605f4087aa3443c8e4aadc0af2dc3ac647d0fa1b5ac99cd6987abafe6d690ae71cd5fd2aeeabe7589bfb4748aabdfba,blockNumber=1682
info|2023-07-08 02:27:15.637179|[RPCWS][SERVICE][onRecvBlockNotifier]receive block number notifier,group=group0,node=98a7f70ec883a722219d92253cf073a72605f4087aa3443c8e4aadc0af2dc3ac647d0fa1b5ac99cd6987abafe6d690ae71cd5fd2aeeabe7589bfb4748aabdfba,blockNumber=1682
info|2023-07-08 02:27:15.637185|[RPCWS][SERVICE][updateGroupBlockNumber],groupID=group0,_blockNumber=1682
info|2023-07-08 02:27:15.637190|[RPCWS][SERVICE][onRecvBlockNotifier]block notifier callback,group=group0,node=98a7f70ec883a722219d92253cf073a72605f4087aa3443c8e4aadc0af2dc3ac647d0fa1b5ac99cd6987abafe6d690ae71cd5fd2aeeabe7589bfb4748aabdfba,blockNumber=1682
info|2023-07-08 02:27:15.637193|[WS]receive block notify,endpoint=127.0.0.1:20200,blk={
	"blockNumber" : 1682,
	"group" : "group0",
	"nodeName" : "98a7f70ec883a722219d92253cf073a72605f4087aa3443c8e4aadc0af2dc3ac647d0fa1b5ac99cd6987abafe6d690ae71cd5fd2aeeabe7589bfb4748aabdfba"
}
info|2023-07-08 02:27:15.654976|[RPC][BLOCK][NUMBER][fromJson],group=group0,node=2f993327933ad58672518b6d4f63920cbc68b80f78f4d81192552ee6362f5cc81ee13bdc678ad65f06e76444cadb53b33694cfb3fc7679b8000411975fedd28a,blockNumber=1682
info|2023-07-08 02:27:15.655025|[RPCWS][SERVICE][onRecvBlockNotifier]receive block number notifier,group=group0,node=2f993327933ad58672518b6d4f63920cbc68b80f78f4d81192552ee6362f5cc81ee13bdc678ad65f06e76444cadb53b33694cfb3fc7679b8000411975fedd28a,blockNumber=1682
info|2023-07-08 02:27:15.655034|[WS]receive block notify,endpoint=127.0.0.1:20201,blk={
	"blockNumber" : 1682,
	"group" : "group0",
	"nodeName" : "2f993327933ad58672518b6d4f63920cbc68b80f78f4d81192552ee6362f5cc81ee13bdc678ad65f06e76444cadb53b33694cfb3fc7679b8000411975fedd28a"
}
info|2023-07-08 02:27:16.212231|[RPC][BLOCK][NUMBER][fromJson],group=group0,node=98a7f70ec883a722219d92253cf073a72605f4087aa3443c8e4aadc0af2dc3ac647d0fa1b5ac99cd6987abafe6d690ae71cd5fd2aeeabe7589bfb4748aabdfba,blockNumber=1683
info|2023-07-08 02:27:16.212259|[RPCWS][SERVICE][onRecvBlockNotifier]receive block number notifier,group=group0,node=98a7f70ec883a722219d92253cf073a72605f4087aa3443c8e4aadc0af2dc3ac647d0fa1b5ac99cd6987abafe6d690ae71cd5fd2aeeabe7589bfb4748aabdfba,blockNumber=1683
info|2023-07-08 02:27:16.212264|[RPCWS][SERVICE][updateGroupBlockNumber],groupID=group0,_blockNumber=1683
info|2023-07-08 02:27:16.212268|[RPCWS][SERVICE][onRecvBlockNotifier]block notifier callback,group=group0,node=98a7f70ec883a722219d92253cf073a72605f4087aa3443c8e4aadc0af2dc3ac647d0fa1b5ac99cd6987abafe6d690ae71cd5fd2aeeabe7589bfb4748aabdfba,blockNumber=1683
info|2023-07-08 02:27:16.212272|[WS]receive block notify,endpoint=127.0.0.1:20200,blk={
	"blockNumber" : 1683,
	"group" : "group0",
	"nodeName" : "98a7f70ec883a722219d92253cf073a72605f4087aa3443c8e4aadc0af2dc3ac647d0fa1b5ac99cd6987abafe6d690ae71cd5fd2aeeabe7589bfb4748aabdfba"
}
info|2023-07-08 02:27:16.236452|[RPC][BLOCK][NUMBER][fromJson],group=group0,node=2f993327933ad58672518b6d4f63920cbc68b80f78f4d81192552ee6362f5cc81ee13bdc678ad65f06e76444cadb53b33694cfb3fc7679b8000411975fedd28a,blockNumber=1683
info|2023-07-08 02:27:16.236487|[RPCWS][SERVICE][onRecvBlockNotifier]receive block number notifier,group=group0,node=2f993327933ad58672518b6d4f63920cbc68b80f78f4d81192552ee6362f5cc81ee13bdc678ad65f06e76444cadb53b33694cfb3fc7679b8000411975fedd28a,blockNumber=1683
info|2023-07-08 02:27:16.236495|[WS]receive block notify,endpoint=127.0.0.1:20201,blk={
	"blockNumber" : 1683,
	"group" : "group0",
	"nodeName" : "2f993327933ad58672518b6d4f63920cbc68b80f78f4d81192552ee6362f5cc81ee13bdc678ad65f06e76444cadb53b33694cfb3fc7679b8000411975fedd28a"
}
info|2023-07-08 02:27:16.718192|[RPC][BLOCK][NUMBER][fromJson],group=group0,node=98a7f70ec883a722219d92253cf073a72605f4087aa3443c8e4aadc0af2dc3ac647d0fa1b5ac99cd6987abafe6d690ae71cd5fd2aeeabe7589bfb4748aabdfba,blockNumber=1684
info|2023-07-08 02:27:16.718215|[RPCWS][SERVICE][onRecvBlockNotifier]receive block number notifier,group=group0,node=98a7f70ec883a722219d92253cf073a72605f4087aa3443c8e4aadc0af2dc3ac647d0fa1b5ac99cd6987abafe6d690ae71cd5fd2aeeabe7589bfb4748aabdfba,blockNumber=1684
info|2023-07-08 02:27:16.718220|[RPCWS][SERVICE][updateGroupBlockNumber],groupID=group0,_blockNumber=1684
info|2023-07-08 02:27:16.718223|[RPCWS][SERVICE][onRecvBlockNotifier]block notifier callback,group=group0,node=98a7f70ec883a722219d92253cf073a72605f4087aa3443c8e4aadc0af2dc3ac647d0fa1b5ac99cd6987abafe6d690ae71cd5fd2aeeabe7589bfb4748aabdfba,blockNumber=1684
info|2023-07-08 02:27:16.718227|[WS]receive block notify,endpoint=127.0.0.1:20200,blk={
	"blockNumber" : 1684,
	"group" : "group0",
	"nodeName" : "98a7f70ec883a722219d92253cf073a72605f4087aa3443c8e4aadc0af2dc3ac647d0fa1b5ac99cd6987abafe6d690ae71cd5fd2aeeabe7589bfb4748aabdfba"
}
info|2023-07-08 02:27:16.742143|[RPC][BLOCK][NUMBER][fromJson],group=group0,node=2f993327933ad58672518b6d4f63920cbc68b80f78f4d81192552ee6362f5cc81ee13bdc678ad65f06e76444cadb53b33694cfb3fc7679b8000411975fedd28a,blockNumber=1684
info|2023-07-08 02:27:16.742163|[RPCWS][SERVICE][onRecvBlockNotifier]receive block number notifier,group=group0,node=2f993327933ad58672518b6d4f63920cbc68b80f78f4d81192552ee6362f5cc81ee13bdc678ad65f06e76444cadb53b33694cfb3fc7679b8000411975fedd28a,blockNumber=1684
info|2023-07-08 02:27:16.742170|[WS]receive block notify,endpoint=127.0.0.1:20201,blk={
	"blockNumber" : 1684,
	"group" : "group0",
	"nodeName" : "2f993327933ad58672518b6d4f63920cbc68b80f78f4d81192552ee6362f5cc81ee13bdc678ad65f06e76444cadb53b33694cfb3fc7679b8000411975fedd28a"
}
info|2023-07-08 02:27:17.245402|[RPC][BLOCK][NUMBER][fromJson],group=group0,node=98a7f70ec883a722219d92253cf073a72605f4087aa3443c8e4aadc0af2dc3ac647d0fa1b5ac99cd6987abafe6d690ae71cd5fd2aeeabe7589bfb4748aabdfba,blockNumber=1685
info|2023-07-08 02:27:17.245459|[RPCWS][SERVICE][onRecvBlockNotifier]receive block number notifier,group=group0,node=98a7f70ec883a722219d92253cf073a72605f4087aa3443c8e4aadc0af2dc3ac647d0fa1b5ac99cd6987abafe6d690ae71cd5fd2aeeabe7589bfb4748aabdfba,blockNumber=1685
info|2023-07-08 02:27:17.245468|[RPCWS][SERVICE][updateGroupBlockNumber],groupID=group0,_blockNumber=1685
info|2023-07-08 02:27:17.245473|[RPCWS][SERVICE][onRecvBlockNotifier]block notifier callback,group=group0,node=98a7f70ec883a722219d92253cf073a72605f4087aa3443c8e4aadc0af2dc3ac647d0fa1b5ac99cd6987abafe6d690ae71cd5fd2aeeabe7589bfb4748aabdfba,blockNumber=1685
info|2023-07-08 02:27:17.245476|[WS]receive block notify,endpoint=127.0.0.1:20200,blk={
	"blockNumber" : 1685,
	"group" : "group0",
	"nodeName" : "98a7f70ec883a722219d92253cf073a72605f4087aa3443c8e4aadc0af2dc3ac647d0fa1b5ac99cd6987abafe6d690ae71cd5fd2aeeabe7589bfb4748aabdfba"
}
info|2023-07-08 02:27:17.261895|[RPC][BLOCK][NUMBER][fromJson],group=group0,node=2f993327933ad58672518b6d4f63920cbc68b80f78f4d81192552ee6362f5cc81ee13bdc678ad65f06e76444cadb53b33694cfb3fc7679b8000411975fedd28a,blockNumber=1685
info|2023-07-08 02:27:17.261929|[RPCWS][SERVICE][onRecvBlockNotifier]receive block number notifier,group=group0,node=2f993327933ad58672518b6d4f63920cbc68b80f78f4d81192552ee6362f5cc81ee13bdc678ad65f06e76444cadb53b33694cfb3fc7679b8000411975fedd28a,blockNumber=1685
info|2023-07-08 02:27:17.261937|[WS]receive block notify,endpoint=127.0.0.1:20201,blk={
	"blockNumber" : 1685,
	"group" : "group0",
	"nodeName" : "2f993327933ad58672518b6d4f63920cbc68b80f78f4d81192552ee6362f5cc81ee13bdc678ad65f06e76444cadb53b33694cfb3fc7679b8000411975fedd28a"
}
info|2023-07-08 02:27:17.812566|[RPC][BLOCK][NUMBER][fromJson],group=group0,node=98a7f70ec883a722219d92253cf073a72605f4087aa3443c8e4aadc0af2dc3ac647d0fa1b5ac99cd6987abafe6d690ae71cd5fd2aeeabe7589bfb4748aabdfba,blockNumber=1686
info|2023-07-08 02:27:17.812585|[RPCWS][SERVICE][onRecvBlockNotifier]receive block number notifier,group=group0,node=98a7f70ec883a722219d92253cf073a72605f4087aa3443c8e4aadc0af2dc3ac647d0fa1b5ac99cd6987abafe6d690ae71cd5fd2aeeabe7589bfb4748aabdfba,blockNumber=1686
info|2023-07-08 02:27:17.812591|[RPCWS][SERVICE][updateGroupBlockNumber],groupID=group0,_blockNumber=1686
info|2023-07-08 02:27:17.812594|[RPCWS][SERVICE][onRecvBlockNotifier]block notifier callback,group=group0,node=98a7f70ec883a722219d92253cf073a72605f4087aa3443c8e4aadc0af2dc3ac647d0fa1b5ac99cd6987abafe6d690ae71cd5fd2aeeabe7589bfb4748aabdfba,blockNumber=1686
info|2023-07-08 02:27:17.812598|[WS]receive block notify,endpoint=127.0.0.1:20200,blk={
	"blockNumber" : 1686,
	"group" : "group0",
	"nodeName" : "98a7f70ec883a722219d92253cf073a72605f4087aa3443c8e4aadc0af2dc3ac647d0fa1b5ac99cd6987abafe6d690ae71cd5fd2aeeabe7589bfb4748aabdfba"
}
info|2023-07-08 02:27:17.928583|[RPC][BLOCK][NUMBER][fromJson],group=group0,node=2f993327933ad58672518b6d4f63920cbc68b80f78f4d81192552ee6362f5cc81ee13bdc678ad65f06e76444cadb53b33694cfb3fc7679b8000411975fedd28a,blockNumber=1686
info|2023-07-08 02:27:17.928605|[RPCWS][SERVICE][onRecvBlockNotifier]receive block number notifier,group=group0,node=2f993327933ad58672518b6d4f63920cbc68b80f78f4d81192552ee6362f5cc81ee13bdc678ad65f06e76444cadb53b33694cfb3fc7679b8000411975fedd28a,blockNumber=1686
info|2023-07-08 02:27:17.928612|[WS]receive block notify,endpoint=127.0.0.1:20201,blk={
	"blockNumber" : 1686,
	"group" : "group0",
	"nodeName" : "2f993327933ad58672518b6d4f63920cbc68b80f78f4d81192552ee6362f5cc81ee13bdc678ad65f06e76444cadb53b33694cfb3fc7679b8000411975fedd28a"
}
info|2023-07-08 02:27:18.390194|[RPC][BLOCK][NUMBER][fromJson],group=group0,node=98a7f70ec883a722219d92253cf073a72605f4087aa3443c8e4aadc0af2dc3ac647d0fa1b5ac99cd6987abafe6d690ae71cd5fd2aeeabe7589bfb4748aabdfba,blockNumber=1687
info|2023-07-08 02:27:18.390265|[RPCWS][SERVICE][onRecvBlockNotifier]receive block number notifier,group=group0,node=98a7f70ec883a722219d92253cf073a72605f4087aa3443c8e4aadc0af2dc3ac647d0fa1b5ac99cd6987abafe6d690ae71cd5fd2aeeabe7589bfb4748aabdfba,blockNumber=1687
info|2023-07-08 02:27:18.390272|[RPCWS][SERVICE][updateGroupBlockNumber],groupID=group0,_blockNumber=1687
info|2023-07-08 02:27:18.390276|[RPCWS][SERVICE][onRecvBlockNotifier]block notifier callback,group=group0,node=98a7f70ec883a722219d92253cf073a72605f4087aa3443c8e4aadc0af2dc3ac647d0fa1b5ac99cd6987abafe6d690ae71cd5fd2aeeabe7589bfb4748aabdfba,blockNumber=1687
info|2023-07-08 02:27:18.390280|[WS]receive block notify,endpoint=127.0.0.1:20200,blk={
	"blockNumber" : 1687,
	"group" : "group0",
	"nodeName" : "98a7f70ec883a722219d92253cf073a72605f4087aa3443c8e4aadc0af2dc3ac647d0fa1b5ac99cd6987abafe6d690ae71cd5fd2aeeabe7589bfb4748aabdfba"
}
info|2023-07-08 02:27:18.395595|[RPC][BLOCK][NUMBER][fromJson],group=group0,node=2f993327933ad58672518b6d4f63920cbc68b80f78f4d81192552ee6362f5cc81ee13bdc678ad65f06e76444cadb53b33694cfb3fc7679b8000411975fedd28a,blockNumber=1687
info|2023-07-08 02:27:18.395616|[RPCWS][SERVICE][onRecvBlockNotifier]receive block number notifier,group=group0,node=2f993327933ad58672518b6d4f63920cbc68b80f78f4d81192552ee6362f5cc81ee13bdc678ad65f06e76444cadb53b33694cfb3fc7679b8000411975fedd28a,blockNumber=1687
info|2023-07-08 02:27:18.395622|[WS]receive block notify,endpoint=127.0.0.1:20201,blk={
	"blockNumber" : 1687,
	"group" : "group0",
	"nodeName" : "2f993327933ad58672518b6d4f63920cbc68b80f78f4d81192552ee6362f5cc81ee13bdc678ad65f06e76444cadb53b33694cfb3fc7679b8000411975fedd28a"
}
info|2023-07-08 02:27:18.907499|[RPC][BLOCK][NUMBER][fromJson],group=group0,node=98a7f70ec883a722219d92253cf073a72605f4087aa3443c8e4aadc0af2dc3ac647d0fa1b5ac99cd6987abafe6d690ae71cd5fd2aeeabe7589bfb4748aabdfba,blockNumber=1688
info|2023-07-08 02:27:18.907520|[RPCWS][SERVICE][onRecvBlockNotifier]receive block number notifier,group=group0,node=98a7f70ec883a722219d92253cf073a72605f4087aa3443c8e4aadc0af2dc3ac647d0fa1b5ac99cd6987abafe6d690ae71cd5fd2aeeabe7589bfb4748aabdfba,blockNumber=1688
info|2023-07-08 02:27:18.907525|[RPCWS][SERVICE][updateGroupBlockNumber],groupID=group0,_blockNumber=1688
info|2023-07-08 02:27:18.907529|[RPCWS][SERVICE][onRecvBlockNotifier]block notifier callback,group=group0,node=98a7f70ec883a722219d92253cf073a72605f4087aa3443c8e4aadc0af2dc3ac647d0fa1b5ac99cd6987abafe6d690ae71cd5fd2aeeabe7589bfb4748aabdfba,blockNumber=1688
info|2023-07-08 02:27:18.907532|[WS]receive block notify,endpoint=127.0.0.1:20200,blk={
	"blockNumber" : 1688,
	"group" : "group0",
	"nodeName" : "98a7f70ec883a722219d92253cf073a72605f4087aa3443c8e4aadc0af2dc3ac647d0fa1b5ac99cd6987abafe6d690ae71cd5fd2aeeabe7589bfb4748aabdfba"
}
info|2023-07-08 02:27:18.938303|[RPC][BLOCK][NUMBER][fromJson],group=group0,node=2f993327933ad58672518b6d4f63920cbc68b80f78f4d81192552ee6362f5cc81ee13bdc678ad65f06e76444cadb53b33694cfb3fc7679b8000411975fedd28a,blockNumber=1688
info|2023-07-08 02:27:18.938331|[RPCWS][SERVICE][onRecvBlockNotifier]receive block number notifier,group=group0,node=2f993327933ad58672518b6d4f63920cbc68b80f78f4d81192552ee6362f5cc81ee13bdc678ad65f06e76444cadb53b33694cfb3fc7679b8000411975fedd28a,blockNumber=1688
info|2023-07-08 02:27:18.938337|[WS]receive block notify,endpoint=127.0.0.1:20201,blk={
	"blockNumber" : 1688,
	"group" : "group0",
	"nodeName" : "2f993327933ad58672518b6d4f63920cbc68b80f78f4d81192552ee6362f5cc81ee13bdc678ad65f06e76444cadb53b33694cfb3fc7679b8000411975fedd28a"
}
info|2023-07-08 02:27:19.464356|[RPC][BLOCK][NUMBER][fromJson],group=group0,node=98a7f70ec883a722219d92253cf073a72605f4087aa3443c8e4aadc0af2dc3ac647d0fa1b5ac99cd6987abafe6d690ae71cd5fd2aeeabe7589bfb4748aabdfba,blockNumber=1689
info|2023-07-08 02:27:19.464402|[RPCWS][SERVICE][onRecvBlockNotifier]receive block number notifier,group=group0,node=98a7f70ec883a722219d92253cf073a72605f4087aa3443c8e4aadc0af2dc3ac647d0fa1b5ac99cd6987abafe6d690ae71cd5fd2aeeabe7589bfb4748aabdfba,blockNumber=1689
info|2023-07-08 02:27:19.464409|[RPCWS][SERVICE][updateGroupBlockNumber],groupID=group0,_blockNumber=1689
info|2023-07-08 02:27:19.464413|[RPCWS][SERVICE][onRecvBlockNotifier]block notifier callback,group=group0,node=98a7f70ec883a722219d92253cf073a72605f4087aa3443c8e4aadc0af2dc3ac647d0fa1b5ac99cd6987abafe6d690ae71cd5fd2aeeabe7589bfb4748aabdfba,blockNumber=1689
info|2023-07-08 02:27:19.464416|[WS]receive block notify,endpoint=127.0.0.1:20200,blk={
	"blockNumber" : 1689,
	"group" : "group0",
	"nodeName" : "98a7f70ec883a722219d92253cf073a72605f4087aa3443c8e4aadc0af2dc3ac647d0fa1b5ac99cd6987abafe6d690ae71cd5fd2aeeabe7589bfb4748aabdfba"
}
info|2023-07-08 02:27:19.503289|[RPC][BLOCK][NUMBER][fromJson],group=group0,node=2f993327933ad58672518b6d4f63920cbc68b80f78f4d81192552ee6362f5cc81ee13bdc678ad65f06e76444cadb53b33694cfb3fc7679b8000411975fedd28a,blockNumber=1689
info|2023-07-08 02:27:19.503323|[RPCWS][SERVICE][onRecvBlockNotifier]receive block number notifier,group=group0,node=2f993327933ad58672518b6d4f63920cbc68b80f78f4d81192552ee6362f5cc81ee13bdc678ad65f06e76444cadb53b33694cfb3fc7679b8000411975fedd28a,blockNumber=1689
info|2023-07-08 02:27:19.503330|[WS]receive block notify,endpoint=127.0.0.1:20201,blk={
	"blockNumber" : 1689,
	"group" : "group0",
	"nodeName" : "2f993327933ad58672518b6d4f63920cbc68b80f78f4d81192552ee6362f5cc81ee13bdc678ad65f06e76444cadb53b33694cfb3fc7679b8000411975fedd28a"
}
info|2023-07-08 02:27:20.057649|[RPC][BLOCK][NUMBER][fromJson],group=group0,node=98a7f70ec883a722219d92253cf073a72605f4087aa3443c8e4aadc0af2dc3ac647d0fa1b5ac99cd6987abafe6d690ae71cd5fd2aeeabe7589bfb4748aabdfba,blockNumber=1690
info|2023-07-08 02:27:20.057668|[RPCWS][SERVICE][onRecvBlockNotifier]receive block number notifier,group=group0,node=98a7f70ec883a722219d92253cf073a72605f4087aa3443c8e4aadc0af2dc3ac647d0fa1b5ac99cd6987abafe6d690ae71cd5fd2aeeabe7589bfb4748aabdfba,blockNumber=1690
info|2023-07-08 02:27:20.057673|[RPCWS][SERVICE][updateGroupBlockNumber],groupID=group0,_blockNumber=1690
info|2023-07-08 02:27:20.057677|[RPCWS][SERVICE][onRecvBlockNotifier]block notifier callback,group=group0,node=98a7f70ec883a722219d92253cf073a72605f4087aa3443c8e4aadc0af2dc3ac647d0fa1b5ac99cd6987abafe6d690ae71cd5fd2aeeabe7589bfb4748aabdfba,blockNumber=1690
info|2023-07-08 02:27:20.057680|[WS]receive block notify,endpoint=127.0.0.1:20200,blk={
	"blockNumber" : 1690,
	"group" : "group0",
	"nodeName" : "98a7f70ec883a722219d92253cf073a72605f4087aa3443c8e4aadc0af2dc3ac647d0fa1b5ac99cd6987abafe6d690ae71cd5fd2aeeabe7589bfb4748aabdfba"
}
info|2023-07-08 02:27:20.130385|[RPC][BLOCK][NUMBER][fromJson],group=group0,node=2f993327933ad58672518b6d4f63920cbc68b80f78f4d81192552ee6362f5cc81ee13bdc678ad65f06e76444cadb53b33694cfb3fc7679b8000411975fedd28a,blockNumber=1690
info|2023-07-08 02:27:20.130405|[RPCWS][SERVICE][onRecvBlockNotifier]receive block number notifier,group=group0,node=2f993327933ad58672518b6d4f63920cbc68b80f78f4d81192552ee6362f5cc81ee13bdc678ad65f06e76444cadb53b33694cfb3fc7679b8000411975fedd28a,blockNumber=1690
info|2023-07-08 02:27:20.130412|[WS]receive block notify,endpoint=127.0.0.1:20201,blk={
	"blockNumber" : 1690,
	"group" : "group0",
	"nodeName" : "2f993327933ad58672518b6d4f63920cbc68b80f78f4d81192552ee6362f5cc81ee13bdc678ad65f06e76444cadb53b33694cfb3fc7679b8000411975fedd28a"
}
info|2023-07-08 02:27:20.599674|[RPC][BLOCK][NUMBER][fromJson],group=group0,node=98a7f70ec883a722219d92253cf073a72605f4087aa3443c8e4aadc0af2dc3ac647d0fa1b5ac99cd6987abafe6d690ae71cd5fd2aeeabe7589bfb4748aabdfba,blockNumber=1691
info|2023-07-08 02:27:20.599717|[RPCWS][SERVICE][onRecvBlockNotifier]receive block number notifier,group=group0,node=98a7f70ec883a722219d92253cf073a72605f4087aa3443c8e4aadc0af2dc3ac647d0fa1b5ac99cd6987abafe6d690ae71cd5fd2aeeabe7589bfb4748aabdfba,blockNumber=1691
info|2023-07-08 02:27:20.599723|[RPCWS][SERVICE][updateGroupBlockNumber],groupID=group0,_blockNumber=1691
info|2023-07-08 02:27:20.599727|[RPCWS][SERVICE][onRecvBlockNotifier]block notifier callback,group=group0,node=98a7f70ec883a722219d92253cf073a72605f4087aa3443c8e4aadc0af2dc3ac647d0fa1b5ac99cd6987abafe6d690ae71cd5fd2aeeabe7589bfb4748aabdfba,blockNumber=1691
info|2023-07-08 02:27:20.599730|[WS]receive block notify,endpoint=127.0.0.1:20200,blk={
	"blockNumber" : 1691,
	"group" : "group0",
	"nodeName" : "98a7f70ec883a722219d92253cf073a72605f4087aa3443c8e4aadc0af2dc3ac647d0fa1b5ac99cd6987abafe6d690ae71cd5fd2aeeabe7589bfb4748aabdfba"
}
info|2023-07-08 02:27:20.643538|[RPC][BLOCK][NUMBER][fromJson],group=group0,node=2f993327933ad58672518b6d4f63920cbc68b80f78f4d81192552ee6362f5cc81ee13bdc678ad65f06e76444cadb53b33694cfb3fc7679b8000411975fedd28a,blockNumber=1691
info|2023-07-08 02:27:20.643571|[RPCWS][SERVICE][onRecvBlockNotifier]receive block number notifier,group=group0,node=2f993327933ad58672518b6d4f63920cbc68b80f78f4d81192552ee6362f5cc81ee13bdc678ad65f06e76444cadb53b33694cfb3fc7679b8000411975fedd28a,blockNumber=1691
info|2023-07-08 02:27:20.643579|[WS]receive block notify,endpoint=127.0.0.1:20201,blk={
	"blockNumber" : 1691,
	"group" : "group0",
	"nodeName" : "2f993327933ad58672518b6d4f63920cbc68b80f78f4d81192552ee6362f5cc81ee13bdc678ad65f06e76444cadb53b33694cfb3fc7679b8000411975fedd28a"
}
info|2023-07-08 02:27:21.152150|[RPC][BLOCK][NUMBER][fromJson],group=group0,node=98a7f70ec883a722219d92253cf073a72605f4087aa3443c8e4aadc0af2dc3ac647d0fa1b5ac99cd6987abafe6d690ae71cd5fd2aeeabe7589bfb4748aabdfba,blockNumber=1692
info|2023-07-08 02:27:21.152171|[RPCWS][SERVICE][onRecvBlockNotifier]receive block number notifier,group=group0,node=98a7f70ec883a722219d92253cf073a72605f4087aa3443c8e4aadc0af2dc3ac647d0fa1b5ac99cd6987abafe6d690ae71cd5fd2aeeabe7589bfb4748aabdfba,blockNumber=1692
info|2023-07-08 02:27:21.152176|[RPCWS][SERVICE][updateGroupBlockNumber],groupID=group0,_blockNumber=1692
info|2023-07-08 02:27:21.152181|[RPCWS][SERVICE][onRecvBlockNotifier]block notifier callback,group=group0,node=98a7f70ec883a722219d92253cf073a72605f4087aa3443c8e4aadc0af2dc3ac647d0fa1b5ac99cd6987abafe6d690ae71cd5fd2aeeabe7589bfb4748aabdfba,blockNumber=1692
info|2023-07-08 02:27:21.152185|[WS]receive block notify,endpoint=127.0.0.1:20200,blk={
	"blockNumber" : 1692,
	"group" : "group0",
	"nodeName" : "98a7f70ec883a722219d92253cf073a72605f4087aa3443c8e4aadc0af2dc3ac647d0fa1b5ac99cd6987abafe6d690ae71cd5fd2aeeabe7589bfb4748aabdfba"
}
info|2023-07-08 02:27:21.160043|[RPC][BLOCK][NUMBER][fromJson],group=group0,node=2f993327933ad58672518b6d4f63920cbc68b80f78f4d81192552ee6362f5cc81ee13bdc678ad65f06e76444cadb53b33694cfb3fc7679b8000411975fedd28a,blockNumber=1692
info|2023-07-08 02:27:21.160083|[RPCWS][SERVICE][onRecvBlockNotifier]receive block number notifier,group=group0,node=2f993327933ad58672518b6d4f63920cbc68b80f78f4d81192552ee6362f5cc81ee13bdc678ad65f06e76444cadb53b33694cfb3fc7679b8000411975fedd28a,blockNumber=1692
info|2023-07-08 02:27:21.160091|[WS]receive block notify,endpoint=127.0.0.1:20201,blk={
	"blockNumber" : 1692,
	"group" : "group0",
	"nodeName" : "2f993327933ad58672518b6d4f63920cbc68b80f78f4d81192552ee6362f5cc81ee13bdc678ad65f06e76444cadb53b33694cfb3fc7679b8000411975fedd28a"
}
info|2023-07-08 02:27:21.680469|[RPC][BLOCK][NUMBER][fromJson],group=group0,node=98a7f70ec883a722219d92253cf073a72605f4087aa3443c8e4aadc0af2dc3ac647d0fa1b5ac99cd6987abafe6d690ae71cd5fd2aeeabe7589bfb4748aabdfba,blockNumber=1693
info|2023-07-08 02:27:21.680495|[RPCWS][SERVICE][onRecvBlockNotifier]receive block number notifier,group=group0,node=98a7f70ec883a722219d92253cf073a72605f4087aa3443c8e4aadc0af2dc3ac647d0fa1b5ac99cd6987abafe6d690ae71cd5fd2aeeabe7589bfb4748aabdfba,blockNumber=1693
info|2023-07-08 02:27:21.680503|[RPCWS][SERVICE][updateGroupBlockNumber],groupID=group0,_blockNumber=1693
info|2023-07-08 02:27:21.680509|[RPCWS][SERVICE][onRecvBlockNotifier]block notifier callback,group=group0,node=98a7f70ec883a722219d92253cf073a72605f4087aa3443c8e4aadc0af2dc3ac647d0fa1b5ac99cd6987abafe6d690ae71cd5fd2aeeabe7589bfb4748aabdfba,blockNumber=1693
info|2023-07-08 02:27:21.680514|[WS]receive block notify,endpoint=127.0.0.1:20200,blk={
	"blockNumber" : 1693,
	"group" : "group0",
	"nodeName" : "98a7f70ec883a722219d92253cf073a72605f4087aa3443c8e4aadc0af2dc3ac647d0fa1b5ac99cd6987abafe6d690ae71cd5fd2aeeabe7589bfb4748aabdfba"
}
info|2023-07-08 02:27:21.748489|[RPC][BLOCK][NUMBER][fromJson],group=group0,node=2f993327933ad58672518b6d4f63920cbc68b80f78f4d81192552ee6362f5cc81ee13bdc678ad65f06e76444cadb53b33694cfb3fc7679b8000411975fedd28a,blockNumber=1693
info|2023-07-08 02:27:21.748535|[RPCWS][SERVICE][onRecvBlockNotifier]receive block number notifier,group=group0,node=2f993327933ad58672518b6d4f63920cbc68b80f78f4d81192552ee6362f5cc81ee13bdc678ad65f06e76444cadb53b33694cfb3fc7679b8000411975fedd28a,blockNumber=1693
info|2023-07-08 02:27:21.748543|[WS]receive block notify,endpoint=127.0.0.1:20201,blk={
	"blockNumber" : 1693,
	"group" : "group0",
	"nodeName" : "2f993327933ad58672518b6d4f63920cbc68b80f78f4d81192552ee6362f5cc81ee13bdc678ad65f06e76444cadb53b33694cfb3fc7679b8000411975fedd28a"
}
info|2023-07-08 02:27:22.345778|[RPC][BLOCK][NUMBER][fromJson],group=group0,node=98a7f70ec883a722219d92253cf073a72605f4087aa3443c8e4aadc0af2dc3ac647d0fa1b5ac99cd6987abafe6d690ae71cd5fd2aeeabe7589bfb4748aabdfba,blockNumber=1694
info|2023-07-08 02:27:22.345859|[RPCWS][SERVICE][onRecvBlockNotifier]receive block number notifier,group=group0,node=98a7f70ec883a722219d92253cf073a72605f4087aa3443c8e4aadc0af2dc3ac647d0fa1b5ac99cd6987abafe6d690ae71cd5fd2aeeabe7589bfb4748aabdfba,blockNumber=1694
info|2023-07-08 02:27:22.345869|[RPCWS][SERVICE][updateGroupBlockNumber],groupID=group0,_blockNumber=1694
info|2023-07-08 02:27:22.345873|[RPCWS][SERVICE][onRecvBlockNotifier]block notifier callback,group=group0,node=98a7f70ec883a722219d92253cf073a72605f4087aa3443c8e4aadc0af2dc3ac647d0fa1b5ac99cd6987abafe6d690ae71cd5fd2aeeabe7589bfb4748aabdfba,blockNumber=1694
info|2023-07-08 02:27:22.345877|[WS]receive block notify,endpoint=127.0.0.1:20200,blk={
	"blockNumber" : 1694,
	"group" : "group0",
	"nodeName" : "98a7f70ec883a722219d92253cf073a72605f4087aa3443c8e4aadc0af2dc3ac647d0fa1b5ac99cd6987abafe6d690ae71cd5fd2aeeabe7589bfb4748aabdfba"
}
info|2023-07-08 02:27:22.357694|[RPC][BLOCK][NUMBER][fromJson],group=group0,node=2f993327933ad58672518b6d4f63920cbc68b80f78f4d81192552ee6362f5cc81ee13bdc678ad65f06e76444cadb53b33694cfb3fc7679b8000411975fedd28a,blockNumber=1694
info|2023-07-08 02:27:22.357728|[RPCWS][SERVICE][onRecvBlockNotifier]receive block number notifier,group=group0,node=2f993327933ad58672518b6d4f63920cbc68b80f78f4d81192552ee6362f5cc81ee13bdc678ad65f06e76444cadb53b33694cfb3fc7679b8000411975fedd28a,blockNumber=1694
info|2023-07-08 02:27:22.357735|[WS]receive block notify,endpoint=127.0.0.1:20201,blk={
	"blockNumber" : 1694,
	"group" : "group0",
	"nodeName" : "2f993327933ad58672518b6d4f63920cbc68b80f78f4d81192552ee6362f5cc81ee13bdc678ad65f06e76444cadb53b33694cfb3fc7679b8000411975fedd28a"
}
info|2023-07-08 02:27:26.728807|[SDK][WS][SERVICE]connected nodes,count=2
info|2023-07-08 02:27:26.787397|[EVENT][SUB][doLoop]event sub tasks report,working event sub count=0,suspend event sub count=0
info|2023-07-08 02:27:46.729017|[SDK][WS][SERVICE]connected nodes,count=2
info|2023-07-08 02:27:46.787558|[EVENT][SUB][doLoop]event sub tasks report,working event sub count=0,suspend event sub count=0
info|2023-07-08 02:28:06.729197|[SDK][WS][SERVICE]connected nodes,count=2
info|2023-07-08 02:28:06.787799|[EVENT][SUB][doLoop]event sub tasks report,working event sub count=0,suspend event sub count=0
info|2023-07-08 02:28:26.729429|[SDK][WS][SERVICE]connected nodes,count=2
info|2023-07-08 02:28:26.788003|[EVENT][SUB][doLoop]event sub tasks report,working event sub count=0,suspend event sub count=0
info|2023-07-08 02:28:46.729600|[SDK][WS][SERVICE]connected nodes,count=2
info|2023-07-08 02:28:46.788471|[EVENT][SUB][doLoop]event sub tasks report,working event sub count=0,suspend event sub count=0
info|2023-07-08 02:29:06.729861|[SDK][WS][SERVICE]connected nodes,count=2
info|2023-07-08 02:29:06.789210|[EVENT][SUB][doLoop]event sub tasks report,working event sub count=0,suspend event sub count=0
info|2023-07-08 02:29:26.730034|[SDK][WS][SERVICE]connected nodes,count=2
info|2023-07-08 02:29:26.789658|[EVENT][SUB][doLoop]event sub tasks report,working event sub count=0,suspend event sub count=0
info|2023-07-08 02:29:46.730549|[SDK][WS][SERVICE]connected nodes,count=2
info|2023-07-08 02:29:46.790200|[EVENT][SUB][doLoop]event sub tasks report,working event sub count=0,suspend event sub count=0
info|2023-07-08 02:30:06.730799|[SDK][WS][SERVICE]connected nodes,count=2
info|2023-07-08 02:30:06.790428|[EVENT][SUB][doLoop]event sub tasks report,working event sub count=0,suspend event sub count=0
info|2023-07-08 02:30:26.731036|[SDK][WS][SERVICE]connected nodes,count=2
info|2023-07-08 02:30:26.790523|[EVENT][SUB][doLoop]event sub tasks report,working event sub count=0,suspend event sub count=0
info|2023-07-08 02:30:46.731325|[SDK][WS][SERVICE]connected nodes,count=2
info|2023-07-08 02:30:46.791312|[EVENT][SUB][doLoop]event sub tasks report,working event sub count=0,suspend event sub count=0
info|2023-07-08 02:31:06.731479|[SDK][WS][SERVICE]connected nodes,count=2
info|2023-07-08 02:31:06.791775|[EVENT][SUB][doLoop]event sub tasks report,working event sub count=0,suspend event sub count=0
info|2023-07-08 02:31:26.731734|[SDK][WS][SERVICE]connected nodes,count=2
info|2023-07-08 02:31:26.792412|[EVENT][SUB][doLoop]event sub tasks report,working event sub count=0,suspend event sub count=0
info|2023-07-08 02:31:46.732330|[SDK][WS][SERVICE]connected nodes,count=2
info|2023-07-08 02:31:46.792962|[EVENT][SUB][doLoop]event sub tasks report,working event sub count=0,suspend event sub count=0
info|2023-07-08 02:32:06.734170|[SDK][WS][SERVICE]connected nodes,count=2
info|2023-07-08 02:32:06.793027|[EVENT][SUB][doLoop]event sub tasks report,working event sub count=0,suspend event sub count=0
info|2023-07-08 02:32:26.734330|[SDK][WS][SERVICE]connected nodes,count=2
info|2023-07-08 02:32:26.793487|[EVENT][SUB][doLoop]event sub tasks report,working event sub count=0,suspend event sub count=0
info|2023-07-08 02:32:46.734518|[SDK][WS][SERVICE]connected nodes,count=2
info|2023-07-08 02:32:46.793991|[EVENT][SUB][doLoop]event sub tasks report,working event sub count=0,suspend event sub count=0
info|2023-07-08 02:33:06.734810|[SDK][WS][SERVICE]connected nodes,count=2
info|2023-07-08 02:33:06.794605|[EVENT][SUB][doLoop]event sub tasks report,working event sub count=0,suspend event sub count=0
info|2023-07-08 02:33:26.735152|[SDK][WS][SERVICE]connected nodes,count=2
info|2023-07-08 02:33:26.795173|[EVENT][SUB][doLoop]event sub tasks report,working event sub count=0,suspend event sub count=0
info|2023-07-08 02:33:46.735679|[SDK][WS][SERVICE]connected nodes,count=2
info|2023-07-08 02:33:46.795603|[EVENT][SUB][doLoop]event sub tasks report,working event sub count=0,suspend event sub count=0
info|2023-07-08 02:34:06.736047|[SDK][WS][SERVICE]connected nodes,count=2
info|2023-07-08 02:34:06.796177|[EVENT][SUB][doLoop]event sub tasks report,working event sub count=0,suspend event sub count=0
info|2023-07-08 02:34:26.736248|[SDK][WS][SERVICE]connected nodes,count=2
info|2023-07-08 02:34:26.796325|[EVENT][SUB][doLoop]event sub tasks report,working event sub count=0,suspend event sub count=0
info|2023-07-08 02:34:46.736791|[SDK][WS][SERVICE]connected nodes,count=2
info|2023-07-08 02:34:46.796532|[EVENT][SUB][doLoop]event sub tasks report,working event sub count=0,suspend event sub count=0
info|2023-07-08 02:35:06.737281|[SDK][WS][SERVICE]connected nodes,count=2
info|2023-07-08 02:35:06.796817|[EVENT][SUB][doLoop]event sub tasks report,working event sub count=0,suspend event sub count=0
info|2023-07-08 02:35:26.737807|[SDK][WS][SERVICE]connected nodes,count=2
info|2023-07-08 02:35:26.796932|[EVENT][SUB][doLoop]event sub tasks report,working event sub count=0,suspend event sub count=0
info|2023-07-08 02:35:46.738143|[SDK][WS][SERVICE]connected nodes,count=2
info|2023-07-08 02:35:46.797118|[EVENT][SUB][doLoop]event sub tasks report,working event sub count=0,suspend event sub count=0
info|2023-07-08 02:36:06.738963|[SDK][WS][SERVICE]connected nodes,count=2
info|2023-07-08 02:36:06.797497|[EVENT][SUB][doLoop]event sub tasks report,working event sub count=0,suspend event sub count=0
info|2023-07-08 02:36:26.739250|[SDK][WS][SERVICE]connected nodes,count=2
info|2023-07-08 02:36:26.797620|[EVENT][SUB][doLoop]event sub tasks report,working event sub count=0,suspend event sub count=0
info|2023-07-08 02:36:46.739994|[SDK][WS][SERVICE]connected nodes,count=2
info|2023-07-08 02:36:46.797881|[EVENT][SUB][doLoop]event sub tasks report,working event sub count=0,suspend event sub count=0
info|2023-07-08 02:37:06.740325|[SDK][WS][SERVICE]connected nodes,count=2
info|2023-07-08 02:37:06.798063|[EVENT][SUB][doLoop]event sub tasks report,working event sub count=0,suspend event sub count=0
info|2023-07-08 02:37:26.740470|[SDK][WS][SERVICE]connected nodes,count=2
info|2023-07-08 02:37:26.798261|[EVENT][SUB][doLoop]event sub tasks report,working event sub count=0,suspend event sub count=0
info|2023-07-08 02:37:46.740660|[SDK][WS][SERVICE]connected nodes,count=2
info|2023-07-08 02:37:46.798671|[EVENT][SUB][doLoop]event sub tasks report,working event sub count=0,suspend event sub count=0
info|2023-07-08 02:38:06.741027|[SDK][WS][SERVICE]connected nodes,count=2
info|2023-07-08 02:38:06.798707|[EVENT][SUB][doLoop]event sub tasks report,working event sub count=0,suspend event sub count=0
info|2023-07-08 02:38:26.741177|[SDK][WS][SERVICE]connected nodes,count=2
info|2023-07-08 02:38:26.799157|[EVENT][SUB][doLoop]event sub tasks report,working event sub count=0,suspend event sub count=0
info|2023-07-08 02:38:46.741372|[SDK][WS][SERVICE]connected nodes,count=2
info|2023-07-08 02:38:46.799220|[EVENT][SUB][doLoop]event sub tasks report,working event sub count=0,suspend event sub count=0
info|2023-07-08 02:39:06.741508|[SDK][WS][SERVICE]connected nodes,count=2
info|2023-07-08 02:39:06.799601|[EVENT][SUB][doLoop]event sub tasks report,working event sub count=0,suspend event sub count=0
info|2023-07-08 02:39:26.741751|[SDK][WS][SERVICE]connected nodes,count=2
info|2023-07-08 02:39:26.800193|[EVENT][SUB][doLoop]event sub tasks report,working event sub count=0,suspend event sub count=0
info|2023-07-08 02:39:46.742144|[SDK][WS][SERVICE]connected nodes,count=2
info|2023-07-08 02:39:46.800397|[EVENT][SUB][doLoop]event sub tasks report,working event sub count=0,suspend event sub count=0
info|2023-07-08 02:40:06.742485|[SDK][WS][SERVICE]connected nodes,count=2
info|2023-07-08 02:40:06.800489|[EVENT][SUB][doLoop]event sub tasks report,working event sub count=0,suspend event sub count=0
info|2023-07-08 02:40:26.742626|[SDK][WS][SERVICE]connected nodes,count=2
info|2023-07-08 02:40:26.800732|[EVENT][SUB][doLoop]event sub tasks report,working event sub count=0,suspend event sub count=0
info|2023-07-08 02:40:46.743289|[SDK][WS][SERVICE]connected nodes,count=2
info|2023-07-08 02:40:46.801379|[EVENT][SUB][doLoop]event sub tasks report,working event sub count=0,suspend event sub count=0
info|2023-07-08 02:41:06.743464|[SDK][WS][SERVICE]connected nodes,count=2
info|2023-07-08 02:41:06.801964|[EVENT][SUB][doLoop]event sub tasks report,working event sub count=0,suspend event sub count=0
info|2023-07-08 02:41:26.743819|[SDK][WS][SERVICE]connected nodes,count=2
info|2023-07-08 02:41:26.802135|[EVENT][SUB][doLoop]event sub tasks report,working event sub count=0,suspend event sub count=0
info|2023-07-08 02:41:46.744387|[SDK][WS][SERVICE]connected nodes,count=2
info|2023-07-08 02:41:46.802583|[EVENT][SUB][doLoop]event sub tasks report,working event sub count=0,suspend event sub count=0
info|2023-07-08 02:42:06.744730|[SDK][WS][SERVICE]connected nodes,count=2
info|2023-07-08 02:42:06.802756|[EVENT][SUB][doLoop]event sub tasks report,working event sub count=0,suspend event sub count=0
info|2023-07-08 02:42:26.745030|[SDK][WS][SERVICE]connected nodes,count=2
info|2023-07-08 02:42:26.803253|[EVENT][SUB][doLoop]event sub tasks report,working event sub count=0,suspend event sub count=0
info|2023-07-08 02:42:46.745578|[SDK][WS][SERVICE]connected nodes,count=2
info|2023-07-08 02:42:46.803704|[EVENT][SUB][doLoop]event sub tasks report,working event sub count=0,suspend event sub count=0
info|2023-07-08 02:43:06.746059|[SDK][WS][SERVICE]connected nodes,count=2
info|2023-07-08 02:43:06.804139|[EVENT][SUB][doLoop]event sub tasks report,working event sub count=0,suspend event sub count=0
info|2023-07-08 02:43:26.746479|[SDK][WS][SERVICE]connected nodes,count=2
info|2023-07-08 02:43:26.804688|[EVENT][SUB][doLoop]event sub tasks report,working event sub count=0,suspend event sub count=0
info|2023-07-08 02:43:46.746831|[SDK][WS][SERVICE]connected nodes,count=2
info|2023-07-08 02:43:46.805044|[EVENT][SUB][doLoop]event sub tasks report,working event sub count=0,suspend event sub count=0
info|2023-07-08 02:44:06.747506|[SDK][WS][SERVICE]connected nodes,count=2
info|2023-07-08 02:44:06.805450|[EVENT][SUB][doLoop]event sub tasks report,working event sub count=0,suspend event sub count=0
info|2023-07-08 02:44:26.748176|[SDK][WS][SERVICE]connected nodes,count=2
info|2023-07-08 02:44:26.805709|[EVENT][SUB][doLoop]event sub tasks report,working event sub count=0,suspend event sub count=0
info|2023-07-08 02:44:46.748588|[SDK][WS][SERVICE]connected nodes,count=2
info|2023-07-08 02:44:46.806075|[EVENT][SUB][doLoop]event sub tasks report,working event sub count=0,suspend event sub count=0
info|2023-07-08 02:45:06.748923|[SDK][WS][SERVICE]connected nodes,count=2
info|2023-07-08 02:45:06.806447|[EVENT][SUB][doLoop]event sub tasks report,working event sub count=0,suspend event sub count=0
info|2023-07-08 02:45:26.749146|[SDK][WS][SERVICE]connected nodes,count=2
info|2023-07-08 02:45:26.806514|[EVENT][SUB][doLoop]event sub tasks report,working event sub count=0,suspend event sub count=0
info|2023-07-08 02:45:46.749598|[SDK][WS][SERVICE]connected nodes,count=2
info|2023-07-08 02:45:46.806565|[EVENT][SUB][doLoop]event sub tasks report,working event sub count=0,suspend event sub count=0
info|2023-07-08 02:46:06.749821|[SDK][WS][SERVICE]connected nodes,count=2
info|2023-07-08 02:46:06.806615|[EVENT][SUB][doLoop]event sub tasks report,working event sub count=0,suspend event sub count=0
info|2023-07-08 02:46:26.750119|[SDK][WS][SERVICE]connected nodes,count=2
info|2023-07-08 02:46:26.806792|[EVENT][SUB][doLoop]event sub tasks report,working event sub count=0,suspend event sub count=0
info|2023-07-08 02:46:46.750516|[SDK][WS][SERVICE]connected nodes,count=2
info|2023-07-08 02:46:46.807501|[EVENT][SUB][doLoop]event sub tasks report,working event sub count=0,suspend event sub count=0
info|2023-07-08 02:47:06.752166|[SDK][WS][SERVICE]connected nodes,count=2
info|2023-07-08 02:47:06.807598|[EVENT][SUB][doLoop]event sub tasks report,working event sub count=0,suspend event sub count=0
info|2023-07-08 02:47:26.752384|[SDK][WS][SERVICE]connected nodes,count=2
info|2023-07-08 02:47:26.808120|[EVENT][SUB][doLoop]event sub tasks report,working event sub count=0,suspend event sub count=0
info|2023-07-08 02:47:46.752501|[SDK][WS][SERVICE]connected nodes,count=2
info|2023-07-08 02:47:46.808558|[EVENT][SUB][doLoop]event sub tasks report,working event sub count=0,suspend event sub count=0
info|2023-07-08 02:48:06.753166|[SDK][WS][SERVICE]connected nodes,count=2
info|2023-07-08 02:48:06.808815|[EVENT][SUB][doLoop]event sub tasks report,working event sub count=0,suspend event sub count=0
info|2023-07-08 02:48:26.753384|[SDK][WS][SERVICE]connected nodes,count=2
info|2023-07-08 02:48:26.809142|[EVENT][SUB][doLoop]event sub tasks report,working event sub count=0,suspend event sub count=0
info|2023-07-08 02:48:46.754019|[SDK][WS][SERVICE]connected nodes,count=2
info|2023-07-08 02:48:46.809429|[EVENT][SUB][doLoop]event sub tasks report,working event sub count=0,suspend event sub count=0
info|2023-07-08 02:49:06.754361|[SDK][WS][SERVICE]connected nodes,count=2
info|2023-07-08 02:49:06.809473|[EVENT][SUB][doLoop]event sub tasks report,working event sub count=0,suspend event sub count=0
info|2023-07-08 02:49:26.754581|[SDK][WS][SERVICE]connected nodes,count=2
info|2023-07-08 02:49:26.809739|[EVENT][SUB][doLoop]event sub tasks report,working event sub count=0,suspend event sub count=0
info|2023-07-08 02:49:46.754860|[SDK][WS][SERVICE]connected nodes,count=2
info|2023-07-08 02:49:46.809997|[EVENT][SUB][doLoop]event sub tasks report,working event sub count=0,suspend event sub count=0
info|2023-07-08 02:50:06.755156|[SDK][WS][SERVICE]connected nodes,count=2
info|2023-07-08 02:50:06.810241|[EVENT][SUB][doLoop]event sub tasks report,working event sub count=0,suspend event sub count=0
info|2023-07-08 02:50:26.755645|[SDK][WS][SERVICE]connected nodes,count=2
info|2023-07-08 02:50:26.810346|[EVENT][SUB][doLoop]event sub tasks report,working event sub count=0,suspend event sub count=0
info|2023-07-08 02:50:46.755770|[SDK][WS][SERVICE]connected nodes,count=2
info|2023-07-08 02:50:46.810703|[EVENT][SUB][doLoop]event sub tasks report,working event sub count=0,suspend event sub count=0
info|2023-07-08 02:51:06.756256|[SDK][WS][SERVICE]connected nodes,count=2
info|2023-07-08 02:51:06.810767|[EVENT][SUB][doLoop]event sub tasks report,working event sub count=0,suspend event sub count=0
info|2023-07-08 02:51:26.756452|[SDK][WS][SERVICE]connected nodes,count=2
info|2023-07-08 02:51:26.811409|[EVENT][SUB][doLoop]event sub tasks report,working event sub count=0,suspend event sub count=0
info|2023-07-08 02:51:46.756628|[SDK][WS][SERVICE]connected nodes,count=2
info|2023-07-08 02:51:46.811796|[EVENT][SUB][doLoop]event sub tasks report,working event sub count=0,suspend event sub count=0
info|2023-07-08 02:52:06.757207|[SDK][WS][SERVICE]connected nodes,count=2
info|2023-07-08 02:52:06.811981|[EVENT][SUB][doLoop]event sub tasks report,working event sub count=0,suspend event sub count=0
info|2023-07-08 02:52:26.757918|[SDK][WS][SERVICE]connected nodes,count=2
info|2023-07-08 02:52:26.812676|[EVENT][SUB][doLoop]event sub tasks report,working event sub count=0,suspend event sub count=0
info|2023-07-08 02:52:46.758313|[SDK][WS][SERVICE]connected nodes,count=2
info|2023-07-08 02:52:46.813321|[EVENT][SUB][doLoop]event sub tasks report,working event sub count=0,suspend event sub count=0
info|2023-07-08 02:53:06.758567|[SDK][WS][SERVICE]connected nodes,count=2
info|2023-07-08 02:53:06.814052|[EVENT][SUB][doLoop]event sub tasks report,working event sub count=0,suspend event sub count=0
info|2023-07-08 02:53:26.758990|[SDK][WS][SERVICE]connected nodes,count=2
info|2023-07-08 02:53:26.814624|[EVENT][SUB][doLoop]event sub tasks report,working event sub count=0,suspend event sub count=0
info|2023-07-08 02:53:46.760683|[SDK][WS][SERVICE]connected nodes,count=2
info|2023-07-08 02:53:46.814893|[EVENT][SUB][doLoop]event sub tasks report,working event sub count=0,suspend event sub count=0
info|2023-07-08 02:54:06.761214|[SDK][WS][SERVICE]connected nodes,count=2
info|2023-07-08 02:54:06.815299|[EVENT][SUB][doLoop]event sub tasks report,working event sub count=0,suspend event sub count=0
info|2023-07-08 02:54:26.761641|[SDK][WS][SERVICE]connected nodes,count=2
info|2023-07-08 02:54:26.815743|[EVENT][SUB][doLoop]event sub tasks report,working event sub count=0,suspend event sub count=0
info|2023-07-08 02:54:46.761862|[SDK][WS][SERVICE]connected nodes,count=2
info|2023-07-08 02:54:46.816059|[EVENT][SUB][doLoop]event sub tasks report,working event sub count=0,suspend event sub count=0
info|2023-07-08 02:55:06.762253|[SDK][WS][SERVICE]connected nodes,count=2
info|2023-07-08 02:55:06.816287|[EVENT][SUB][doLoop]event sub tasks report,working event sub count=0,suspend event sub count=0
info|2023-07-08 02:55:26.763348|[SDK][WS][SERVICE]connected nodes,count=2
info|2023-07-08 02:55:26.816473|[EVENT][SUB][doLoop]event sub tasks report,working event sub count=0,suspend event sub count=0
info|2023-07-08 02:55:46.763707|[SDK][WS][SERVICE]connected nodes,count=2
info|2023-07-08 02:55:46.816785|[EVENT][SUB][doLoop]event sub tasks report,working event sub count=0,suspend event sub count=0
info|2023-07-08 02:56:06.763811|[SDK][WS][SERVICE]connected nodes,count=2
info|2023-07-08 02:56:06.817280|[EVENT][SUB][doLoop]event sub tasks report,working event sub count=0,suspend event sub count=0
info|2023-07-08 02:56:26.764011|[SDK][WS][SERVICE]connected nodes,count=2
info|2023-07-08 02:56:26.817317|[EVENT][SUB][doLoop]event sub tasks report,working event sub count=0,suspend event sub count=0
info|2023-07-08 02:56:46.764165|[SDK][WS][SERVICE]connected nodes,count=2
info|2023-07-08 02:56:46.817453|[EVENT][SUB][doLoop]event sub tasks report,working event sub count=0,suspend event sub count=0
info|2023-07-08 02:57:06.764447|[SDK][WS][SERVICE]connected nodes,count=2
info|2023-07-08 02:57:06.817860|[EVENT][SUB][doLoop]event sub tasks report,working event sub count=0,suspend event sub count=0
info|2023-07-08 02:57:13.873924|[RPC][BLOCK][NUMBER][fromJson],group=group0,node=98a7f70ec883a722219d92253cf073a72605f4087aa3443c8e4aadc0af2dc3ac647d0fa1b5ac99cd6987abafe6d690ae71cd5fd2aeeabe7589bfb4748aabdfba,blockNumber=1695
info|2023-07-08 02:57:13.873947|[RPCWS][SERVICE][onRecvBlockNotifier]receive block number notifier,group=group0,node=98a7f70ec883a722219d92253cf073a72605f4087aa3443c8e4aadc0af2dc3ac647d0fa1b5ac99cd6987abafe6d690ae71cd5fd2aeeabe7589bfb4748aabdfba,blockNumber=1695
info|2023-07-08 02:57:13.873952|[RPCWS][SERVICE][updateGroupBlockNumber],groupID=group0,_blockNumber=1695
info|2023-07-08 02:57:13.873957|[RPCWS][SERVICE][onRecvBlockNotifier]block notifier callback,group=group0,node=98a7f70ec883a722219d92253cf073a72605f4087aa3443c8e4aadc0af2dc3ac647d0fa1b5ac99cd6987abafe6d690ae71cd5fd2aeeabe7589bfb4748aabdfba,blockNumber=1695
info|2023-07-08 02:57:13.873960|[WS]receive block notify,endpoint=127.0.0.1:20200,blk={
	"blockNumber" : 1695,
	"group" : "group0",
	"nodeName" : "98a7f70ec883a722219d92253cf073a72605f4087aa3443c8e4aadc0af2dc3ac647d0fa1b5ac99cd6987abafe6d690ae71cd5fd2aeeabe7589bfb4748aabdfba"
}
info|2023-07-08 02:57:13.887154|[RPC][BLOCK][NUMBER][fromJson],group=group0,node=2f993327933ad58672518b6d4f63920cbc68b80f78f4d81192552ee6362f5cc81ee13bdc678ad65f06e76444cadb53b33694cfb3fc7679b8000411975fedd28a,blockNumber=1695
info|2023-07-08 02:57:13.887173|[RPCWS][SERVICE][onRecvBlockNotifier]receive block number notifier,group=group0,node=2f993327933ad58672518b6d4f63920cbc68b80f78f4d81192552ee6362f5cc81ee13bdc678ad65f06e76444cadb53b33694cfb3fc7679b8000411975fedd28a,blockNumber=1695
info|2023-07-08 02:57:13.887180|[WS]receive block notify,endpoint=127.0.0.1:20201,blk={
	"blockNumber" : 1695,
	"group" : "group0",
	"nodeName" : "2f993327933ad58672518b6d4f63920cbc68b80f78f4d81192552ee6362f5cc81ee13bdc678ad65f06e76444cadb53b33694cfb3fc7679b8000411975fedd28a"
}
info|2023-07-08 02:57:14.454963|[RPC][BLOCK][NUMBER][fromJson],group=group0,node=98a7f70ec883a722219d92253cf073a72605f4087aa3443c8e4aadc0af2dc3ac647d0fa1b5ac99cd6987abafe6d690ae71cd5fd2aeeabe7589bfb4748aabdfba,blockNumber=1696
info|2023-07-08 02:57:14.454995|[RPCWS][SERVICE][onRecvBlockNotifier]receive block number notifier,group=group0,node=98a7f70ec883a722219d92253cf073a72605f4087aa3443c8e4aadc0af2dc3ac647d0fa1b5ac99cd6987abafe6d690ae71cd5fd2aeeabe7589bfb4748aabdfba,blockNumber=1696
info|2023-07-08 02:57:14.455001|[RPCWS][SERVICE][updateGroupBlockNumber],groupID=group0,_blockNumber=1696
info|2023-07-08 02:57:14.455006|[RPCWS][SERVICE][onRecvBlockNotifier]block notifier callback,group=group0,node=98a7f70ec883a722219d92253cf073a72605f4087aa3443c8e4aadc0af2dc3ac647d0fa1b5ac99cd6987abafe6d690ae71cd5fd2aeeabe7589bfb4748aabdfba,blockNumber=1696
info|2023-07-08 02:57:14.455010|[WS]receive block notify,endpoint=127.0.0.1:20200,blk={
	"blockNumber" : 1696,
	"group" : "group0",
	"nodeName" : "98a7f70ec883a722219d92253cf073a72605f4087aa3443c8e4aadc0af2dc3ac647d0fa1b5ac99cd6987abafe6d690ae71cd5fd2aeeabe7589bfb4748aabdfba"
}
info|2023-07-08 02:57:14.483216|[RPC][BLOCK][NUMBER][fromJson],group=group0,node=2f993327933ad58672518b6d4f63920cbc68b80f78f4d81192552ee6362f5cc81ee13bdc678ad65f06e76444cadb53b33694cfb3fc7679b8000411975fedd28a,blockNumber=1696
info|2023-07-08 02:57:14.483253|[RPCWS][SERVICE][onRecvBlockNotifier]receive block number notifier,group=group0,node=2f993327933ad58672518b6d4f63920cbc68b80f78f4d81192552ee6362f5cc81ee13bdc678ad65f06e76444cadb53b33694cfb3fc7679b8000411975fedd28a,blockNumber=1696
info|2023-07-08 02:57:14.483261|[WS]receive block notify,endpoint=127.0.0.1:20201,blk={
	"blockNumber" : 1696,
	"group" : "group0",
	"nodeName" : "2f993327933ad58672518b6d4f63920cbc68b80f78f4d81192552ee6362f5cc81ee13bdc678ad65f06e76444cadb53b33694cfb3fc7679b8000411975fedd28a"
}
info|2023-07-08 02:57:14.959873|[RPC][BLOCK][NUMBER][fromJson],group=group0,node=98a7f70ec883a722219d92253cf073a72605f4087aa3443c8e4aadc0af2dc3ac647d0fa1b5ac99cd6987abafe6d690ae71cd5fd2aeeabe7589bfb4748aabdfba,blockNumber=1697
info|2023-07-08 02:57:14.959895|[RPCWS][SERVICE][onRecvBlockNotifier]receive block number notifier,group=group0,node=98a7f70ec883a722219d92253cf073a72605f4087aa3443c8e4aadc0af2dc3ac647d0fa1b5ac99cd6987abafe6d690ae71cd5fd2aeeabe7589bfb4748aabdfba,blockNumber=1697
info|2023-07-08 02:57:14.959900|[RPCWS][SERVICE][updateGroupBlockNumber],groupID=group0,_blockNumber=1697
info|2023-07-08 02:57:14.959904|[RPCWS][SERVICE][onRecvBlockNotifier]block notifier callback,group=group0,node=98a7f70ec883a722219d92253cf073a72605f4087aa3443c8e4aadc0af2dc3ac647d0fa1b5ac99cd6987abafe6d690ae71cd5fd2aeeabe7589bfb4748aabdfba,blockNumber=1697
info|2023-07-08 02:57:14.959908|[WS]receive block notify,endpoint=127.0.0.1:20200,blk={
	"blockNumber" : 1697,
	"group" : "group0",
	"nodeName" : "98a7f70ec883a722219d92253cf073a72605f4087aa3443c8e4aadc0af2dc3ac647d0fa1b5ac99cd6987abafe6d690ae71cd5fd2aeeabe7589bfb4748aabdfba"
}
info|2023-07-08 02:57:15.005841|[RPC][BLOCK][NUMBER][fromJson],group=group0,node=2f993327933ad58672518b6d4f63920cbc68b80f78f4d81192552ee6362f5cc81ee13bdc678ad65f06e76444cadb53b33694cfb3fc7679b8000411975fedd28a,blockNumber=1697
info|2023-07-08 02:57:15.005862|[RPCWS][SERVICE][onRecvBlockNotifier]receive block number notifier,group=group0,node=2f993327933ad58672518b6d4f63920cbc68b80f78f4d81192552ee6362f5cc81ee13bdc678ad65f06e76444cadb53b33694cfb3fc7679b8000411975fedd28a,blockNumber=1697
info|2023-07-08 02:57:15.005869|[WS]receive block notify,endpoint=127.0.0.1:20201,blk={
	"blockNumber" : 1697,
	"group" : "group0",
	"nodeName" : "2f993327933ad58672518b6d4f63920cbc68b80f78f4d81192552ee6362f5cc81ee13bdc678ad65f06e76444cadb53b33694cfb3fc7679b8000411975fedd28a"
}
info|2023-07-08 02:57:15.557948|[RPC][BLOCK][NUMBER][fromJson],group=group0,node=98a7f70ec883a722219d92253cf073a72605f4087aa3443c8e4aadc0af2dc3ac647d0fa1b5ac99cd6987abafe6d690ae71cd5fd2aeeabe7589bfb4748aabdfba,blockNumber=1698
info|2023-07-08 02:57:15.557984|[RPCWS][SERVICE][onRecvBlockNotifier]receive block number notifier,group=group0,node=98a7f70ec883a722219d92253cf073a72605f4087aa3443c8e4aadc0af2dc3ac647d0fa1b5ac99cd6987abafe6d690ae71cd5fd2aeeabe7589bfb4748aabdfba,blockNumber=1698
info|2023-07-08 02:57:15.557991|[RPCWS][SERVICE][updateGroupBlockNumber],groupID=group0,_blockNumber=1698
info|2023-07-08 02:57:15.557996|[RPCWS][SERVICE][onRecvBlockNotifier]block notifier callback,group=group0,node=98a7f70ec883a722219d92253cf073a72605f4087aa3443c8e4aadc0af2dc3ac647d0fa1b5ac99cd6987abafe6d690ae71cd5fd2aeeabe7589bfb4748aabdfba,blockNumber=1698
info|2023-07-08 02:57:15.558000|[WS]receive block notify,endpoint=127.0.0.1:20200,blk={
	"blockNumber" : 1698,
	"group" : "group0",
	"nodeName" : "98a7f70ec883a722219d92253cf073a72605f4087aa3443c8e4aadc0af2dc3ac647d0fa1b5ac99cd6987abafe6d690ae71cd5fd2aeeabe7589bfb4748aabdfba"
}
info|2023-07-08 02:57:15.643818|[RPC][BLOCK][NUMBER][fromJson],group=group0,node=2f993327933ad58672518b6d4f63920cbc68b80f78f4d81192552ee6362f5cc81ee13bdc678ad65f06e76444cadb53b33694cfb3fc7679b8000411975fedd28a,blockNumber=1698
info|2023-07-08 02:57:15.643854|[RPCWS][SERVICE][onRecvBlockNotifier]receive block number notifier,group=group0,node=2f993327933ad58672518b6d4f63920cbc68b80f78f4d81192552ee6362f5cc81ee13bdc678ad65f06e76444cadb53b33694cfb3fc7679b8000411975fedd28a,blockNumber=1698
info|2023-07-08 02:57:15.643862|[WS]receive block notify,endpoint=127.0.0.1:20201,blk={
	"blockNumber" : 1698,
	"group" : "group0",
	"nodeName" : "2f993327933ad58672518b6d4f63920cbc68b80f78f4d81192552ee6362f5cc81ee13bdc678ad65f06e76444cadb53b33694cfb3fc7679b8000411975fedd28a"
}
info|2023-07-08 02:57:16.107025|[RPC][BLOCK][NUMBER][fromJson],group=group0,node=98a7f70ec883a722219d92253cf073a72605f4087aa3443c8e4aadc0af2dc3ac647d0fa1b5ac99cd6987abafe6d690ae71cd5fd2aeeabe7589bfb4748aabdfba,blockNumber=1699
info|2023-07-08 02:57:16.107046|[RPCWS][SERVICE][onRecvBlockNotifier]receive block number notifier,group=group0,node=98a7f70ec883a722219d92253cf073a72605f4087aa3443c8e4aadc0af2dc3ac647d0fa1b5ac99cd6987abafe6d690ae71cd5fd2aeeabe7589bfb4748aabdfba,blockNumber=1699
info|2023-07-08 02:57:16.107051|[RPCWS][SERVICE][updateGroupBlockNumber],groupID=group0,_blockNumber=1699
info|2023-07-08 02:57:16.107056|[RPCWS][SERVICE][onRecvBlockNotifier]block notifier callback,group=group0,node=98a7f70ec883a722219d92253cf073a72605f4087aa3443c8e4aadc0af2dc3ac647d0fa1b5ac99cd6987abafe6d690ae71cd5fd2aeeabe7589bfb4748aabdfba,blockNumber=1699
info|2023-07-08 02:57:16.107059|[WS]receive block notify,endpoint=127.0.0.1:20200,blk={
	"blockNumber" : 1699,
	"group" : "group0",
	"nodeName" : "98a7f70ec883a722219d92253cf073a72605f4087aa3443c8e4aadc0af2dc3ac647d0fa1b5ac99cd6987abafe6d690ae71cd5fd2aeeabe7589bfb4748aabdfba"
}
info|2023-07-08 02:57:16.227186|[RPC][BLOCK][NUMBER][fromJson],group=group0,node=2f993327933ad58672518b6d4f63920cbc68b80f78f4d81192552ee6362f5cc81ee13bdc678ad65f06e76444cadb53b33694cfb3fc7679b8000411975fedd28a,blockNumber=1699
info|2023-07-08 02:57:16.227207|[RPCWS][SERVICE][onRecvBlockNotifier]receive block number notifier,group=group0,node=2f993327933ad58672518b6d4f63920cbc68b80f78f4d81192552ee6362f5cc81ee13bdc678ad65f06e76444cadb53b33694cfb3fc7679b8000411975fedd28a,blockNumber=1699
info|2023-07-08 02:57:16.227213|[WS]receive block notify,endpoint=127.0.0.1:20201,blk={
	"blockNumber" : 1699,
	"group" : "group0",
	"nodeName" : "2f993327933ad58672518b6d4f63920cbc68b80f78f4d81192552ee6362f5cc81ee13bdc678ad65f06e76444cadb53b33694cfb3fc7679b8000411975fedd28a"
}
info|2023-07-08 02:57:16.665601|[RPC][BLOCK][NUMBER][fromJson],group=group0,node=98a7f70ec883a722219d92253cf073a72605f4087aa3443c8e4aadc0af2dc3ac647d0fa1b5ac99cd6987abafe6d690ae71cd5fd2aeeabe7589bfb4748aabdfba,blockNumber=1700
info|2023-07-08 02:57:16.665649|[RPCWS][SERVICE][onRecvBlockNotifier]receive block number notifier,group=group0,node=98a7f70ec883a722219d92253cf073a72605f4087aa3443c8e4aadc0af2dc3ac647d0fa1b5ac99cd6987abafe6d690ae71cd5fd2aeeabe7589bfb4748aabdfba,blockNumber=1700
info|2023-07-08 02:57:16.665655|[RPCWS][SERVICE][updateGroupBlockNumber],groupID=group0,_blockNumber=1700
info|2023-07-08 02:57:16.665659|[RPCWS][SERVICE][onRecvBlockNotifier]block notifier callback,group=group0,node=98a7f70ec883a722219d92253cf073a72605f4087aa3443c8e4aadc0af2dc3ac647d0fa1b5ac99cd6987abafe6d690ae71cd5fd2aeeabe7589bfb4748aabdfba,blockNumber=1700
info|2023-07-08 02:57:16.665663|[WS]receive block notify,endpoint=127.0.0.1:20200,blk={
	"blockNumber" : 1700,
	"group" : "group0",
	"nodeName" : "98a7f70ec883a722219d92253cf073a72605f4087aa3443c8e4aadc0af2dc3ac647d0fa1b5ac99cd6987abafe6d690ae71cd5fd2aeeabe7589bfb4748aabdfba"
}
info|2023-07-08 02:57:16.739780|[RPC][BLOCK][NUMBER][fromJson],group=group0,node=2f993327933ad58672518b6d4f63920cbc68b80f78f4d81192552ee6362f5cc81ee13bdc678ad65f06e76444cadb53b33694cfb3fc7679b8000411975fedd28a,blockNumber=1700
info|2023-07-08 02:57:16.739839|[RPCWS][SERVICE][onRecvBlockNotifier]receive block number notifier,group=group0,node=2f993327933ad58672518b6d4f63920cbc68b80f78f4d81192552ee6362f5cc81ee13bdc678ad65f06e76444cadb53b33694cfb3fc7679b8000411975fedd28a,blockNumber=1700
info|2023-07-08 02:57:16.739850|[WS]receive block notify,endpoint=127.0.0.1:20201,blk={
	"blockNumber" : 1700,
	"group" : "group0",
	"nodeName" : "2f993327933ad58672518b6d4f63920cbc68b80f78f4d81192552ee6362f5cc81ee13bdc678ad65f06e76444cadb53b33694cfb3fc7679b8000411975fedd28a"
}
info|2023-07-08 02:57:17.250514|[RPC][BLOCK][NUMBER][fromJson],group=group0,node=98a7f70ec883a722219d92253cf073a72605f4087aa3443c8e4aadc0af2dc3ac647d0fa1b5ac99cd6987abafe6d690ae71cd5fd2aeeabe7589bfb4748aabdfba,blockNumber=1701
info|2023-07-08 02:57:17.250551|[RPCWS][SERVICE][onRecvBlockNotifier]receive block number notifier,group=group0,node=98a7f70ec883a722219d92253cf073a72605f4087aa3443c8e4aadc0af2dc3ac647d0fa1b5ac99cd6987abafe6d690ae71cd5fd2aeeabe7589bfb4748aabdfba,blockNumber=1701
info|2023-07-08 02:57:17.250558|[RPCWS][SERVICE][updateGroupBlockNumber],groupID=group0,_blockNumber=1701
info|2023-07-08 02:57:17.250562|[RPCWS][SERVICE][onRecvBlockNotifier]block notifier callback,group=group0,node=98a7f70ec883a722219d92253cf073a72605f4087aa3443c8e4aadc0af2dc3ac647d0fa1b5ac99cd6987abafe6d690ae71cd5fd2aeeabe7589bfb4748aabdfba,blockNumber=1701
info|2023-07-08 02:57:17.250565|[WS]receive block notify,endpoint=127.0.0.1:20200,blk={
	"blockNumber" : 1701,
	"group" : "group0",
	"nodeName" : "98a7f70ec883a722219d92253cf073a72605f4087aa3443c8e4aadc0af2dc3ac647d0fa1b5ac99cd6987abafe6d690ae71cd5fd2aeeabe7589bfb4748aabdfba"
}
info|2023-07-08 02:57:17.292138|[RPC][BLOCK][NUMBER][fromJson],group=group0,node=2f993327933ad58672518b6d4f63920cbc68b80f78f4d81192552ee6362f5cc81ee13bdc678ad65f06e76444cadb53b33694cfb3fc7679b8000411975fedd28a,blockNumber=1701
info|2023-07-08 02:57:17.292159|[RPCWS][SERVICE][onRecvBlockNotifier]receive block number notifier,group=group0,node=2f993327933ad58672518b6d4f63920cbc68b80f78f4d81192552ee6362f5cc81ee13bdc678ad65f06e76444cadb53b33694cfb3fc7679b8000411975fedd28a,blockNumber=1701
info|2023-07-08 02:57:17.292165|[WS]receive block notify,endpoint=127.0.0.1:20201,blk={
	"blockNumber" : 1701,
	"group" : "group0",
	"nodeName" : "2f993327933ad58672518b6d4f63920cbc68b80f78f4d81192552ee6362f5cc81ee13bdc678ad65f06e76444cadb53b33694cfb3fc7679b8000411975fedd28a"
}
info|2023-07-08 02:57:17.843116|[RPC][BLOCK][NUMBER][fromJson],group=group0,node=98a7f70ec883a722219d92253cf073a72605f4087aa3443c8e4aadc0af2dc3ac647d0fa1b5ac99cd6987abafe6d690ae71cd5fd2aeeabe7589bfb4748aabdfba,blockNumber=1702
info|2023-07-08 02:57:17.843150|[RPCWS][SERVICE][onRecvBlockNotifier]receive block number notifier,group=group0,node=98a7f70ec883a722219d92253cf073a72605f4087aa3443c8e4aadc0af2dc3ac647d0fa1b5ac99cd6987abafe6d690ae71cd5fd2aeeabe7589bfb4748aabdfba,blockNumber=1702
info|2023-07-08 02:57:17.843156|[RPCWS][SERVICE][updateGroupBlockNumber],groupID=group0,_blockNumber=1702
info|2023-07-08 02:57:17.843161|[RPCWS][SERVICE][onRecvBlockNotifier]block notifier callback,group=group0,node=98a7f70ec883a722219d92253cf073a72605f4087aa3443c8e4aadc0af2dc3ac647d0fa1b5ac99cd6987abafe6d690ae71cd5fd2aeeabe7589bfb4748aabdfba,blockNumber=1702
info|2023-07-08 02:57:17.843164|[WS]receive block notify,endpoint=127.0.0.1:20200,blk={
	"blockNumber" : 1702,
	"group" : "group0",
	"nodeName" : "98a7f70ec883a722219d92253cf073a72605f4087aa3443c8e4aadc0af2dc3ac647d0fa1b5ac99cd6987abafe6d690ae71cd5fd2aeeabe7589bfb4748aabdfba"
}
info|2023-07-08 02:57:17.898742|[RPC][BLOCK][NUMBER][fromJson],group=group0,node=2f993327933ad58672518b6d4f63920cbc68b80f78f4d81192552ee6362f5cc81ee13bdc678ad65f06e76444cadb53b33694cfb3fc7679b8000411975fedd28a,blockNumber=1702
info|2023-07-08 02:57:17.898777|[RPCWS][SERVICE][onRecvBlockNotifier]receive block number notifier,group=group0,node=2f993327933ad58672518b6d4f63920cbc68b80f78f4d81192552ee6362f5cc81ee13bdc678ad65f06e76444cadb53b33694cfb3fc7679b8000411975fedd28a,blockNumber=1702
info|2023-07-08 02:57:17.898785|[WS]receive block notify,endpoint=127.0.0.1:20201,blk={
	"blockNumber" : 1702,
	"group" : "group0",
	"nodeName" : "2f993327933ad58672518b6d4f63920cbc68b80f78f4d81192552ee6362f5cc81ee13bdc678ad65f06e76444cadb53b33694cfb3fc7679b8000411975fedd28a"
}
info|2023-07-08 02:57:18.439124|[RPC][BLOCK][NUMBER][fromJson],group=group0,node=98a7f70ec883a722219d92253cf073a72605f4087aa3443c8e4aadc0af2dc3ac647d0fa1b5ac99cd6987abafe6d690ae71cd5fd2aeeabe7589bfb4748aabdfba,blockNumber=1703
info|2023-07-08 02:57:18.439145|[RPCWS][SERVICE][onRecvBlockNotifier]receive block number notifier,group=group0,node=98a7f70ec883a722219d92253cf073a72605f4087aa3443c8e4aadc0af2dc3ac647d0fa1b5ac99cd6987abafe6d690ae71cd5fd2aeeabe7589bfb4748aabdfba,blockNumber=1703
info|2023-07-08 02:57:18.439150|[RPCWS][SERVICE][updateGroupBlockNumber],groupID=group0,_blockNumber=1703
info|2023-07-08 02:57:18.439155|[RPCWS][SERVICE][onRecvBlockNotifier]block notifier callback,group=group0,node=98a7f70ec883a722219d92253cf073a72605f4087aa3443c8e4aadc0af2dc3ac647d0fa1b5ac99cd6987abafe6d690ae71cd5fd2aeeabe7589bfb4748aabdfba,blockNumber=1703
info|2023-07-08 02:57:18.439158|[WS]receive block notify,endpoint=127.0.0.1:20200,blk={
	"blockNumber" : 1703,
	"group" : "group0",
	"nodeName" : "98a7f70ec883a722219d92253cf073a72605f4087aa3443c8e4aadc0af2dc3ac647d0fa1b5ac99cd6987abafe6d690ae71cd5fd2aeeabe7589bfb4748aabdfba"
}
info|2023-07-08 02:57:18.471552|[RPC][BLOCK][NUMBER][fromJson],group=group0,node=2f993327933ad58672518b6d4f63920cbc68b80f78f4d81192552ee6362f5cc81ee13bdc678ad65f06e76444cadb53b33694cfb3fc7679b8000411975fedd28a,blockNumber=1703
info|2023-07-08 02:57:18.471610|[RPCWS][SERVICE][onRecvBlockNotifier]receive block number notifier,group=group0,node=2f993327933ad58672518b6d4f63920cbc68b80f78f4d81192552ee6362f5cc81ee13bdc678ad65f06e76444cadb53b33694cfb3fc7679b8000411975fedd28a,blockNumber=1703
info|2023-07-08 02:57:18.471620|[WS]receive block notify,endpoint=127.0.0.1:20201,blk={
	"blockNumber" : 1703,
	"group" : "group0",
	"nodeName" : "2f993327933ad58672518b6d4f63920cbc68b80f78f4d81192552ee6362f5cc81ee13bdc678ad65f06e76444cadb53b33694cfb3fc7679b8000411975fedd28a"
}
info|2023-07-08 02:57:18.908207|[RPC][BLOCK][NUMBER][fromJson],group=group0,node=98a7f70ec883a722219d92253cf073a72605f4087aa3443c8e4aadc0af2dc3ac647d0fa1b5ac99cd6987abafe6d690ae71cd5fd2aeeabe7589bfb4748aabdfba,blockNumber=1704
info|2023-07-08 02:57:18.908228|[RPCWS][SERVICE][onRecvBlockNotifier]receive block number notifier,group=group0,node=98a7f70ec883a722219d92253cf073a72605f4087aa3443c8e4aadc0af2dc3ac647d0fa1b5ac99cd6987abafe6d690ae71cd5fd2aeeabe7589bfb4748aabdfba,blockNumber=1704
info|2023-07-08 02:57:18.908233|[RPCWS][SERVICE][updateGroupBlockNumber],groupID=group0,_blockNumber=1704
info|2023-07-08 02:57:18.908237|[RPCWS][SERVICE][onRecvBlockNotifier]block notifier callback,group=group0,node=98a7f70ec883a722219d92253cf073a72605f4087aa3443c8e4aadc0af2dc3ac647d0fa1b5ac99cd6987abafe6d690ae71cd5fd2aeeabe7589bfb4748aabdfba,blockNumber=1704
info|2023-07-08 02:57:18.908240|[WS]receive block notify,endpoint=127.0.0.1:20200,blk={
	"blockNumber" : 1704,
	"group" : "group0",
	"nodeName" : "98a7f70ec883a722219d92253cf073a72605f4087aa3443c8e4aadc0af2dc3ac647d0fa1b5ac99cd6987abafe6d690ae71cd5fd2aeeabe7589bfb4748aabdfba"
}
info|2023-07-08 02:57:19.030702|[RPC][BLOCK][NUMBER][fromJson],group=group0,node=2f993327933ad58672518b6d4f63920cbc68b80f78f4d81192552ee6362f5cc81ee13bdc678ad65f06e76444cadb53b33694cfb3fc7679b8000411975fedd28a,blockNumber=1704
info|2023-07-08 02:57:19.030739|[RPCWS][SERVICE][onRecvBlockNotifier]receive block number notifier,group=group0,node=2f993327933ad58672518b6d4f63920cbc68b80f78f4d81192552ee6362f5cc81ee13bdc678ad65f06e76444cadb53b33694cfb3fc7679b8000411975fedd28a,blockNumber=1704
info|2023-07-08 02:57:19.030746|[WS]receive block notify,endpoint=127.0.0.1:20201,blk={
	"blockNumber" : 1704,
	"group" : "group0",
	"nodeName" : "2f993327933ad58672518b6d4f63920cbc68b80f78f4d81192552ee6362f5cc81ee13bdc678ad65f06e76444cadb53b33694cfb3fc7679b8000411975fedd28a"
}
info|2023-07-08 02:57:19.495862|[RPC][BLOCK][NUMBER][fromJson],group=group0,node=98a7f70ec883a722219d92253cf073a72605f4087aa3443c8e4aadc0af2dc3ac647d0fa1b5ac99cd6987abafe6d690ae71cd5fd2aeeabe7589bfb4748aabdfba,blockNumber=1705
info|2023-07-08 02:57:19.495884|[RPCWS][SERVICE][onRecvBlockNotifier]receive block number notifier,group=group0,node=98a7f70ec883a722219d92253cf073a72605f4087aa3443c8e4aadc0af2dc3ac647d0fa1b5ac99cd6987abafe6d690ae71cd5fd2aeeabe7589bfb4748aabdfba,blockNumber=1705
info|2023-07-08 02:57:19.495889|[RPCWS][SERVICE][updateGroupBlockNumber],groupID=group0,_blockNumber=1705
info|2023-07-08 02:57:19.495893|[RPCWS][SERVICE][onRecvBlockNotifier]block notifier callback,group=group0,node=98a7f70ec883a722219d92253cf073a72605f4087aa3443c8e4aadc0af2dc3ac647d0fa1b5ac99cd6987abafe6d690ae71cd5fd2aeeabe7589bfb4748aabdfba,blockNumber=1705
info|2023-07-08 02:57:19.495896|[WS]receive block notify,endpoint=127.0.0.1:20200,blk={
	"blockNumber" : 1705,
	"group" : "group0",
	"nodeName" : "98a7f70ec883a722219d92253cf073a72605f4087aa3443c8e4aadc0af2dc3ac647d0fa1b5ac99cd6987abafe6d690ae71cd5fd2aeeabe7589bfb4748aabdfba"
}
info|2023-07-08 02:57:19.532464|[RPC][BLOCK][NUMBER][fromJson],group=group0,node=2f993327933ad58672518b6d4f63920cbc68b80f78f4d81192552ee6362f5cc81ee13bdc678ad65f06e76444cadb53b33694cfb3fc7679b8000411975fedd28a,blockNumber=1705
info|2023-07-08 02:57:19.532484|[RPCWS][SERVICE][onRecvBlockNotifier]receive block number notifier,group=group0,node=2f993327933ad58672518b6d4f63920cbc68b80f78f4d81192552ee6362f5cc81ee13bdc678ad65f06e76444cadb53b33694cfb3fc7679b8000411975fedd28a,blockNumber=1705
info|2023-07-08 02:57:19.532491|[WS]receive block notify,endpoint=127.0.0.1:20201,blk={
	"blockNumber" : 1705,
	"group" : "group0",
	"nodeName" : "2f993327933ad58672518b6d4f63920cbc68b80f78f4d81192552ee6362f5cc81ee13bdc678ad65f06e76444cadb53b33694cfb3fc7679b8000411975fedd28a"
}
info|2023-07-08 02:57:20.045844|[RPC][BLOCK][NUMBER][fromJson],group=group0,node=98a7f70ec883a722219d92253cf073a72605f4087aa3443c8e4aadc0af2dc3ac647d0fa1b5ac99cd6987abafe6d690ae71cd5fd2aeeabe7589bfb4748aabdfba,blockNumber=1706
info|2023-07-08 02:57:20.045878|[RPCWS][SERVICE][onRecvBlockNotifier]receive block number notifier,group=group0,node=98a7f70ec883a722219d92253cf073a72605f4087aa3443c8e4aadc0af2dc3ac647d0fa1b5ac99cd6987abafe6d690ae71cd5fd2aeeabe7589bfb4748aabdfba,blockNumber=1706
info|2023-07-08 02:57:20.045885|[RPCWS][SERVICE][updateGroupBlockNumber],groupID=group0,_blockNumber=1706
info|2023-07-08 02:57:20.045889|[RPCWS][SERVICE][onRecvBlockNotifier]block notifier callback,group=group0,node=98a7f70ec883a722219d92253cf073a72605f4087aa3443c8e4aadc0af2dc3ac647d0fa1b5ac99cd6987abafe6d690ae71cd5fd2aeeabe7589bfb4748aabdfba,blockNumber=1706
info|2023-07-08 02:57:20.045893|[WS]receive block notify,endpoint=127.0.0.1:20200,blk={
	"blockNumber" : 1706,
	"group" : "group0",
	"nodeName" : "98a7f70ec883a722219d92253cf073a72605f4087aa3443c8e4aadc0af2dc3ac647d0fa1b5ac99cd6987abafe6d690ae71cd5fd2aeeabe7589bfb4748aabdfba"
}
info|2023-07-08 02:57:20.112127|[RPC][BLOCK][NUMBER][fromJson],group=group0,node=2f993327933ad58672518b6d4f63920cbc68b80f78f4d81192552ee6362f5cc81ee13bdc678ad65f06e76444cadb53b33694cfb3fc7679b8000411975fedd28a,blockNumber=1706
info|2023-07-08 02:57:20.112161|[RPCWS][SERVICE][onRecvBlockNotifier]receive block number notifier,group=group0,node=2f993327933ad58672518b6d4f63920cbc68b80f78f4d81192552ee6362f5cc81ee13bdc678ad65f06e76444cadb53b33694cfb3fc7679b8000411975fedd28a,blockNumber=1706
info|2023-07-08 02:57:20.112169|[WS]receive block notify,endpoint=127.0.0.1:20201,blk={
	"blockNumber" : 1706,
	"group" : "group0",
	"nodeName" : "2f993327933ad58672518b6d4f63920cbc68b80f78f4d81192552ee6362f5cc81ee13bdc678ad65f06e76444cadb53b33694cfb3fc7679b8000411975fedd28a"
}
info|2023-07-08 02:57:20.603340|[RPC][BLOCK][NUMBER][fromJson],group=group0,node=98a7f70ec883a722219d92253cf073a72605f4087aa3443c8e4aadc0af2dc3ac647d0fa1b5ac99cd6987abafe6d690ae71cd5fd2aeeabe7589bfb4748aabdfba,blockNumber=1707
info|2023-07-08 02:57:20.603361|[RPCWS][SERVICE][onRecvBlockNotifier]receive block number notifier,group=group0,node=98a7f70ec883a722219d92253cf073a72605f4087aa3443c8e4aadc0af2dc3ac647d0fa1b5ac99cd6987abafe6d690ae71cd5fd2aeeabe7589bfb4748aabdfba,blockNumber=1707
info|2023-07-08 02:57:20.603367|[RPCWS][SERVICE][updateGroupBlockNumber],groupID=group0,_blockNumber=1707
info|2023-07-08 02:57:20.603371|[RPCWS][SERVICE][onRecvBlockNotifier]block notifier callback,group=group0,node=98a7f70ec883a722219d92253cf073a72605f4087aa3443c8e4aadc0af2dc3ac647d0fa1b5ac99cd6987abafe6d690ae71cd5fd2aeeabe7589bfb4748aabdfba,blockNumber=1707
info|2023-07-08 02:57:20.603374|[WS]receive block notify,endpoint=127.0.0.1:20200,blk={
	"blockNumber" : 1707,
	"group" : "group0",
	"nodeName" : "98a7f70ec883a722219d92253cf073a72605f4087aa3443c8e4aadc0af2dc3ac647d0fa1b5ac99cd6987abafe6d690ae71cd5fd2aeeabe7589bfb4748aabdfba"
}
info|2023-07-08 02:57:20.639755|[RPC][BLOCK][NUMBER][fromJson],group=group0,node=2f993327933ad58672518b6d4f63920cbc68b80f78f4d81192552ee6362f5cc81ee13bdc678ad65f06e76444cadb53b33694cfb3fc7679b8000411975fedd28a,blockNumber=1707
info|2023-07-08 02:57:20.639783|[RPCWS][SERVICE][onRecvBlockNotifier]receive block number notifier,group=group0,node=2f993327933ad58672518b6d4f63920cbc68b80f78f4d81192552ee6362f5cc81ee13bdc678ad65f06e76444cadb53b33694cfb3fc7679b8000411975fedd28a,blockNumber=1707
info|2023-07-08 02:57:20.639790|[WS]receive block notify,endpoint=127.0.0.1:20201,blk={
	"blockNumber" : 1707,
	"group" : "group0",
	"nodeName" : "2f993327933ad58672518b6d4f63920cbc68b80f78f4d81192552ee6362f5cc81ee13bdc678ad65f06e76444cadb53b33694cfb3fc7679b8000411975fedd28a"
}
info|2023-07-08 02:57:21.174013|[RPC][BLOCK][NUMBER][fromJson],group=group0,node=98a7f70ec883a722219d92253cf073a72605f4087aa3443c8e4aadc0af2dc3ac647d0fa1b5ac99cd6987abafe6d690ae71cd5fd2aeeabe7589bfb4748aabdfba,blockNumber=1708
info|2023-07-08 02:57:21.174047|[RPCWS][SERVICE][onRecvBlockNotifier]receive block number notifier,group=group0,node=98a7f70ec883a722219d92253cf073a72605f4087aa3443c8e4aadc0af2dc3ac647d0fa1b5ac99cd6987abafe6d690ae71cd5fd2aeeabe7589bfb4748aabdfba,blockNumber=1708
info|2023-07-08 02:57:21.174053|[RPCWS][SERVICE][updateGroupBlockNumber],groupID=group0,_blockNumber=1708
info|2023-07-08 02:57:21.174057|[RPCWS][SERVICE][onRecvBlockNotifier]block notifier callback,group=group0,node=98a7f70ec883a722219d92253cf073a72605f4087aa3443c8e4aadc0af2dc3ac647d0fa1b5ac99cd6987abafe6d690ae71cd5fd2aeeabe7589bfb4748aabdfba,blockNumber=1708
info|2023-07-08 02:57:21.174061|[WS]receive block notify,endpoint=127.0.0.1:20200,blk={
	"blockNumber" : 1708,
	"group" : "group0",
	"nodeName" : "98a7f70ec883a722219d92253cf073a72605f4087aa3443c8e4aadc0af2dc3ac647d0fa1b5ac99cd6987abafe6d690ae71cd5fd2aeeabe7589bfb4748aabdfba"
}
info|2023-07-08 02:57:21.188546|[RPC][BLOCK][NUMBER][fromJson],group=group0,node=2f993327933ad58672518b6d4f63920cbc68b80f78f4d81192552ee6362f5cc81ee13bdc678ad65f06e76444cadb53b33694cfb3fc7679b8000411975fedd28a,blockNumber=1708
info|2023-07-08 02:57:21.188578|[RPCWS][SERVICE][onRecvBlockNotifier]receive block number notifier,group=group0,node=2f993327933ad58672518b6d4f63920cbc68b80f78f4d81192552ee6362f5cc81ee13bdc678ad65f06e76444cadb53b33694cfb3fc7679b8000411975fedd28a,blockNumber=1708
info|2023-07-08 02:57:21.188587|[WS]receive block notify,endpoint=127.0.0.1:20201,blk={
	"blockNumber" : 1708,
	"group" : "group0",
	"nodeName" : "2f993327933ad58672518b6d4f63920cbc68b80f78f4d81192552ee6362f5cc81ee13bdc678ad65f06e76444cadb53b33694cfb3fc7679b8000411975fedd28a"
}
info|2023-07-08 02:57:21.779223|[RPC][BLOCK][NUMBER][fromJson],group=group0,node=2f993327933ad58672518b6d4f63920cbc68b80f78f4d81192552ee6362f5cc81ee13bdc678ad65f06e76444cadb53b33694cfb3fc7679b8000411975fedd28a,blockNumber=1709
info|2023-07-08 02:57:21.779265|[RPCWS][SERVICE][onRecvBlockNotifier]receive block number notifier,group=group0,node=2f993327933ad58672518b6d4f63920cbc68b80f78f4d81192552ee6362f5cc81ee13bdc678ad65f06e76444cadb53b33694cfb3fc7679b8000411975fedd28a,blockNumber=1709
info|2023-07-08 02:57:21.779271|[RPCWS][SERVICE][updateGroupBlockNumber],groupID=group0,_blockNumber=1709
info|2023-07-08 02:57:21.779275|[RPCWS][SERVICE][onRecvBlockNotifier]block notifier callback,group=group0,node=2f993327933ad58672518b6d4f63920cbc68b80f78f4d81192552ee6362f5cc81ee13bdc678ad65f06e76444cadb53b33694cfb3fc7679b8000411975fedd28a,blockNumber=1709
info|2023-07-08 02:57:21.779278|[WS]receive block notify,endpoint=127.0.0.1:20201,blk={
	"blockNumber" : 1709,
	"group" : "group0",
	"nodeName" : "2f993327933ad58672518b6d4f63920cbc68b80f78f4d81192552ee6362f5cc81ee13bdc678ad65f06e76444cadb53b33694cfb3fc7679b8000411975fedd28a"
}
info|2023-07-08 02:57:21.796997|[RPC][BLOCK][NUMBER][fromJson],group=group0,node=98a7f70ec883a722219d92253cf073a72605f4087aa3443c8e4aadc0af2dc3ac647d0fa1b5ac99cd6987abafe6d690ae71cd5fd2aeeabe7589bfb4748aabdfba,blockNumber=1709
info|2023-07-08 02:57:21.797044|[RPCWS][SERVICE][onRecvBlockNotifier]receive block number notifier,group=group0,node=98a7f70ec883a722219d92253cf073a72605f4087aa3443c8e4aadc0af2dc3ac647d0fa1b5ac99cd6987abafe6d690ae71cd5fd2aeeabe7589bfb4748aabdfba,blockNumber=1709
info|2023-07-08 02:57:21.797053|[WS]receive block notify,endpoint=127.0.0.1:20200,blk={
	"blockNumber" : 1709,
	"group" : "group0",
	"nodeName" : "98a7f70ec883a722219d92253cf073a72605f4087aa3443c8e4aadc0af2dc3ac647d0fa1b5ac99cd6987abafe6d690ae71cd5fd2aeeabe7589bfb4748aabdfba"
}
info|2023-07-08 02:57:22.337252|[RPC][BLOCK][NUMBER][fromJson],group=group0,node=2f993327933ad58672518b6d4f63920cbc68b80f78f4d81192552ee6362f5cc81ee13bdc678ad65f06e76444cadb53b33694cfb3fc7679b8000411975fedd28a,blockNumber=1710
info|2023-07-08 02:57:22.337285|[RPCWS][SERVICE][onRecvBlockNotifier]receive block number notifier,group=group0,node=2f993327933ad58672518b6d4f63920cbc68b80f78f4d81192552ee6362f5cc81ee13bdc678ad65f06e76444cadb53b33694cfb3fc7679b8000411975fedd28a,blockNumber=1710
info|2023-07-08 02:57:22.337291|[RPCWS][SERVICE][updateGroupBlockNumber],groupID=group0,_blockNumber=1710
info|2023-07-08 02:57:22.337295|[RPCWS][SERVICE][onRecvBlockNotifier]block notifier callback,group=group0,node=2f993327933ad58672518b6d4f63920cbc68b80f78f4d81192552ee6362f5cc81ee13bdc678ad65f06e76444cadb53b33694cfb3fc7679b8000411975fedd28a,blockNumber=1710
info|2023-07-08 02:57:22.337298|[WS]receive block notify,endpoint=127.0.0.1:20201,blk={
	"blockNumber" : 1710,
	"group" : "group0",
	"nodeName" : "2f993327933ad58672518b6d4f63920cbc68b80f78f4d81192552ee6362f5cc81ee13bdc678ad65f06e76444cadb53b33694cfb3fc7679b8000411975fedd28a"
}
info|2023-07-08 02:57:22.341001|[RPC][BLOCK][NUMBER][fromJson],group=group0,node=98a7f70ec883a722219d92253cf073a72605f4087aa3443c8e4aadc0af2dc3ac647d0fa1b5ac99cd6987abafe6d690ae71cd5fd2aeeabe7589bfb4748aabdfba,blockNumber=1710
info|2023-07-08 02:57:22.341023|[RPCWS][SERVICE][onRecvBlockNotifier]receive block number notifier,group=group0,node=98a7f70ec883a722219d92253cf073a72605f4087aa3443c8e4aadc0af2dc3ac647d0fa1b5ac99cd6987abafe6d690ae71cd5fd2aeeabe7589bfb4748aabdfba,blockNumber=1710
info|2023-07-08 02:57:22.341028|[WS]receive block notify,endpoint=127.0.0.1:20200,blk={
	"blockNumber" : 1710,
	"group" : "group0",
	"nodeName" : "98a7f70ec883a722219d92253cf073a72605f4087aa3443c8e4aadc0af2dc3ac647d0fa1b5ac99cd6987abafe6d690ae71cd5fd2aeeabe7589bfb4748aabdfba"
}
info|2023-07-08 02:57:26.765227|[SDK][WS][SERVICE]connected nodes,count=2
info|2023-07-08 02:57:26.818007|[EVENT][SUB][doLoop]event sub tasks report,working event sub count=0,suspend event sub count=0
info|2023-07-08 02:57:46.765668|[SDK][WS][SERVICE]connected nodes,count=2
info|2023-07-08 02:57:46.818883|[EVENT][SUB][doLoop]event sub tasks report,working event sub count=0,suspend event sub count=0
info|2023-07-08 02:58:06.766023|[SDK][WS][SERVICE]connected nodes,count=2
info|2023-07-08 02:58:06.819441|[EVENT][SUB][doLoop]event sub tasks report,working event sub count=0,suspend event sub count=0
info|2023-07-08 02:58:26.766524|[SDK][WS][SERVICE]connected nodes,count=2
info|2023-07-08 02:58:26.820092|[EVENT][SUB][doLoop]event sub tasks report,working event sub count=0,suspend event sub count=0
info|2023-07-08 02:58:46.767155|[SDK][WS][SERVICE]connected nodes,count=2
info|2023-07-08 02:58:46.820619|[EVENT][SUB][doLoop]event sub tasks report,working event sub count=0,suspend event sub count=0
info|2023-07-08 02:59:06.767516|[SDK][WS][SERVICE]connected nodes,count=2
info|2023-07-08 02:59:06.821030|[EVENT][SUB][doLoop]event sub tasks report,working event sub count=0,suspend event sub count=0
info|2023-07-08 02:59:26.767698|[SDK][WS][SERVICE]connected nodes,count=2
info|2023-07-08 02:59:26.821623|[EVENT][SUB][doLoop]event sub tasks report,working event sub count=0,suspend event sub count=0
info|2023-07-08 02:59:46.768055|[SDK][WS][SERVICE]connected nodes,count=2
info|2023-07-08 02:59:46.822266|[EVENT][SUB][doLoop]event sub tasks report,working event sub count=0,suspend event sub count=0
